[2026-01-09 17:41:53] [process_single_sorry] Starting for sorry 5faf41fd740a6d40cc2fc7e64b1402bcf4206f6a9c4b779d8da7b2625e4a7e44
[2026-01-09 17:41:53] [process_single_sorry] Using snapshot: snapshot_th621e8y
[2026-01-09 17:41:53] [process_single_sorry] Repository: https://github.com/jsm28/IMOLean@a63bb319da8d9a74c8eba2e0c2637f8a5683cb0c
[2026-01-09 17:41:53] [process_single_sorry] Instance name: IMOLean_a63bb319da8d_multi_tactic_5faf41fd740a6d40cc2fc7e64b1402bcf4206f6a9c4b779d8da7b2625e4a7e44
[2026-01-09 17:41:53] [process_single_sorry] Starting attempt 1/3
[2026-01-09 17:41:53] [process_single_sorry] Starting instance from snapshot...
[2026-01-09 17:41:59] [process_single_sorry] Instance started successfully: morphvm_yp408hct
[2026-01-09 17:41:59] [process_single_sorry] Creating .env file...
[2026-01-09 17:42:25] [process_single_sorry] .env file created (exit_code: 0)
[2026-01-09 17:42:25] [process_single_sorry] Executing agent command...
[2026-01-09 17:48:34] [process_single_sorry] Agent command completed (exit_code: 0)
[2026-01-09 17:48:34] [process_single_sorry] STDOUT:

Results JSON:
[
  {
    "sorry": {
      "repo": {
        "remote": "https://github.com/jsm28/IMOLean",
        "branch": "main",
        "commit": "a63bb319da8d9a74c8eba2e0c2637f8a5683cb0c",
        "lean_version": "v4.27.0-rc1"
      },
      "location": {
        "path": "IMO/IMO2025P6.lean",
        "start_line": 34,
        "start_column": 2,
        "end_line": 34,
        "end_column": 7
      },
      "debug_info": {
        "goal": "⊢ failed to pretty print expression (use 'set_option pp.rawOnError true' for raw representation)",
        "url": "https://github.com/jsm28/IMOLean/blob/a63bb319da8d9a74c8eba2e0c2637f8a5683cb0c/IMO/IMO2025P6.lean#L34"
      },
      "metadata": {
        "blame_email_hash": "ed3275e1c874",
        "blame_date": "2025-07-16T03:31:12+00:00",
        "inclusion_date": "2025-12-30T07:11:02.273696+00:00"
      },
      "id": "5faf41fd740a6d40cc2fc7e64b1402bcf4206f6a9c4b779d8da7b2625e4a7e44"
    },
    "proof": null,
    "proof_verified": false,
    "feedback": null,
    "verification_message": "All 11 attempts failed (11 strategies x 1 attempts each)",
    "success": true,
    "error_type": null,
    "error_message": null,
    "strategy_name": "all_failed_k=1",
    "proof_attempts": [
      "rfl",
      "simp",
      "simp_all",
      "exact?",
      "grind",
      "ring",
      "norm_num",
      "omega",
      "linarith",
      "nlinarith",
      "aesop"
    ]
  }
]

[2026-01-09 17:48:34] [process_single_sorry] STDERR:
None of PyTorch, TensorFlow >= 2.0, or Flax have been found. Models won't be available and only tokenizers, configuration and file/data utilities can be used.
[2026-01-09 17:42:54] [INFO] ================================================================================
[2026-01-09 17:42:54] [INFO] Starting run_morphcloud_local.py
[2026-01-09 17:42:54] [INFO] ================================================================================
[2026-01-09 17:42:54] [INFO] Environment loaded
[2026-01-09 17:42:54] [INFO] Full command: /root/SorryDB/sorrydb/cli/run_morphcloud_local.py --repo-path /root/repo --sorry-json {"repo": {"remote": "https://github.com/jsm28/IMOLean", "branch": "main", "commit": "a63bb319da8d9a74c8eba2e0c2637f8a5683cb0c", "lean_version": "v4.27.0-rc1"}, "location": {"path": "IMO/IMO2025P6.lean", "start_line": 34, "start_column": 2, "end_line": 34, "end_column": 7}, "debug_info": {"goal": "\u22a2 failed to pretty print expression (use 'set_option pp.rawOnError true' for raw representation)", "url": "https://github.com/jsm28/IMOLean/blob/a63bb319da8d9a74c8eba2e0c2637f8a5683cb0c/IMO/IMO2025P6.lean#L34"}, "metadata": {"blame_email_hash": "ed3275e1c874", "blame_date": "2025-07-16T03:31:12+00:00", "inclusion_date": "2025-12-30T07:11:02.273696+00:00"}, "id": "5faf41fd740a6d40cc2fc7e64b1402bcf4206f6a9c4b779d8da7b2625e4a7e44"} --agent-strategy {"name": "multi_tactic", "args": {}}
[2026-01-09 17:42:54] [INFO] Arguments parsed: repo_path=/root/repo, output_path=/root/repo/result.json
[2026-01-09 17:42:54] [INFO] Strategy spec: {"name": "multi_tactic", "args": {}}...
[2026-01-09 17:42:54] [INFO] Loading sorry data...
[2026-01-09 17:42:54] [INFO] Parsing sorry from JSON string...
[2026-01-09 17:42:54] [INFO] Sorry data parsed from JSON string
[2026-01-09 17:42:54] [INFO] Creating strategy from spec...
[2026-01-09 17:42:54] [INFO] Parsing strategy spec (length: 36 chars)
[2026-01-09 17:42:54] [INFO] Strategy name: multi_tactic
[2026-01-09 17:42:54] [INFO] Strategy args: {}
[2026-01-09 17:42:54] [INFO] Pass@k value: 1
[2026-01-09 17:42:54] [INFO] Creating strategy: multi_tactic
[2026-01-09 17:42:54] [INFO] Creating multi_tactic strategy with tactics: ['rfl', 'simp', 'simp_all', 'exact?', 'grind', 'ring', 'norm_num', 'omega', 'linarith', 'nlinarith', 'aesop']
[2026-01-09 17:42:54] [INFO] Strategies created: ['rfl', 'simp', 'simp_all', 'exact?', 'grind', 'ring', 'norm_num', 'omega', 'linarith', 'nlinarith', 'aesop']
[2026-01-09 17:42:54] [INFO] Pass@k value: 1
[2026-01-09 17:42:54] [INFO] Creating Sorry object...
[2026-01-09 17:42:54] [INFO] Sorry object created: id=5faf41fd740a6d40cc2fc7e64b1402bcf4206f6a9c4b779d8da7b2625e4a7e44
[2026-01-09 17:42:54] [INFO] Sorry location: IMO/IMO2025P6.lean:34
[2026-01-09 17:42:54] [INFO] Context before sorry (lines 29-34):
[2026-01-09 17:42:54] [INFO]   29: 
[2026-01-09 17:42:54] [INFO]   30: theorem result :
[2026-01-09 17:42:54] [INFO]   31:     IsLeast {k : ℕ | ∃ tiles : Fin k → Tile,
[2026-01-09 17:42:54] [INFO]   32:       Pairwise (Disjoint on (fun i ↦ (tiles i).cells)) ∧
[2026-01-09 17:42:54] [INFO]   33:       ∃ e : Fin 2025 ≃ Fin 2025, (⋃ i, (tiles i).cells)ᶜ = Set.range fun i ↦ (i, e i)} answer := by
[2026-01-09 17:42:54] [INFO]   34:   sorry
[2026-01-09 17:42:54] [INFO] Sorry line:   sorry
[2026-01-09 17:42:54] [INFO] Sorry goal: ⊢ failed to pretty print expression (use 'set_option pp.rawOnError true' for raw representation)...
[2026-01-09 17:42:54] [INFO] ========================================
[2026-01-09 17:42:54] [INFO] Trying strategy: rfl (up to 1 attempts)
[2026-01-09 17:42:54] [INFO] --------------------
[2026-01-09 17:42:54] [INFO] Strategy rfl, attempt 1/1
[2026-01-09 17:42:54] [INFO] Starting proof generation...
[2026-01-09 17:42:54] [INFO] Repository path: /root/repo
[2026-01-09 17:42:54] [INFO] Proof generation completed
[2026-01-09 17:42:54] [INFO] Generated proof:
[2026-01-09 17:42:54] [INFO] rfl
[2026-01-09 17:42:54] [INFO] Proof length: 3 chars
[2026-01-09 17:42:54] [INFO] Starting proof verification...
[2026-01-09 17:42:54] [INFO] Verifying at: IMO/IMO2025P6.lean:34
[2026-01-09 17:42:54] [INFO] Using LEAN INTERACT verify
[2026-01-09 17:42:54] [INFO] Checking file
[2026-01-09 17:45:24] [INFO] Cannot build modified file <error line="34" column="2">
<code_line>  rfl</code_line>
<message>error: Tactic `rfl` failed: The left-hand side</message>
</error>
  {k |
    ∃ tiles,
      Pairwise (Disjoint on fun i => (tiles i).cells) ∧ ∃ e, (⋃ i, (tiles i).cells)ᶜ = Set.range fun i => (i, e i)}
is not definitionally equal to the right-hand side
  answer

⊢ IsLeast
    {k |
      ∃ tiles,
        Pairwise (Disjoint on fun i => (tiles i).cells) ∧ ∃ e, (⋃ i, (tiles i).cells)ᶜ = Set.range fun i => (i, e i)}
    answer
[2026-01-09 17:45:24] [INFO] Proof verification completed
[2026-01-09 17:45:24] [INFO] Strategy rfl attempt 1: verified=False
[2026-01-09 17:45:24] [INFO] Verification message: Cannot build modified file: <error line="34" column="2">
<code_line>  rfl</code_line>
<message>error: Tactic `rfl` failed: The left-hand side</message>
</error>
  {k |
    ∃ tiles,
      Pairwise (Disjoint on fun i => (tiles i).cells) ∧ ∃ e, (⋃ i, (tiles i).cells)ᶜ = Set.range fun i => (i, e i)}
is not definitionally equal to the right-hand side
  answer

⊢ IsLeast
    {k |
      ∃ tiles,
        Pairwise (Disjoint on fun i => (tiles i).cells) ∧ ∃ e, (⋃ i, (tiles i).cells)ᶜ = Set.range fun i => (i, e i)}
    answer

[2026-01-09 17:45:24] [INFO] Attempt 1 failed verification, continuing...
[2026-01-09 17:45:24] [INFO] ========================================
[2026-01-09 17:45:24] [INFO] Trying strategy: simp (up to 1 attempts)
[2026-01-09 17:45:24] [INFO] --------------------
[2026-01-09 17:45:24] [INFO] Strategy simp, attempt 1/1
[2026-01-09 17:45:24] [INFO] Starting proof generation...
[2026-01-09 17:45:24] [INFO] Repository path: /root/repo
[2026-01-09 17:45:24] [INFO] Proof generation completed
[2026-01-09 17:45:24] [INFO] Generated proof:
[2026-01-09 17:45:24] [INFO] simp
[2026-01-09 17:45:24] [INFO] Proof length: 4 chars
[2026-01-09 17:45:24] [INFO] Starting proof verification...
[2026-01-09 17:45:24] [INFO] Verifying at: IMO/IMO2025P6.lean:34
[2026-01-09 17:45:24] [INFO] Using LEAN INTERACT verify
[2026-01-09 17:45:24] [INFO] Checking file
[2026-01-09 17:45:41] [INFO] Cannot build modified file <error line="33" column="97">
<code_line>      ∃ e : Fin 2025 ≃ Fin 2025, (⋃ i, (tiles i).cells)ᶜ = Set.range fun i ↦ (i, e i)} answer := by</code_line>
<message>error: unsolved goals</message>
</error>
⊢ IsLeast
    {k |
      ∃ tiles,
        Pairwise (Disjoint on fun i => (tiles i).cells) ∧ ∃ e, ⋂ i, (tiles i).cellsᶜ = Set.range fun i => (i, e i)}
    answer
[2026-01-09 17:45:41] [INFO] Proof verification completed
[2026-01-09 17:45:41] [INFO] Strategy simp attempt 1: verified=False
[2026-01-09 17:45:41] [INFO] Verification message: Cannot build modified file: <error line="33" column="97">
<code_line>      ∃ e : Fin 2025 ≃ Fin 2025, (⋃ i, (tiles i).cells)ᶜ = Set.range fun i ↦ (i, e i)} answer := by</code_line>
<message>error: unsolved goals</message>
</error>
⊢ IsLeast
    {k |
      ∃ tiles,
        Pairwise (Disjoint on fun i => (tiles i).cells) ∧ ∃ e, ⋂ i, (tiles i).cellsᶜ = Set.range fun i => (i, e i)}
    answer

[2026-01-09 17:45:41] [INFO] Attempt 1 failed verification, continuing...
[2026-01-09 17:45:41] [INFO] ========================================
[2026-01-09 17:45:41] [INFO] Trying strategy: simp_all (up to 1 attempts)
[2026-01-09 17:45:41] [INFO] --------------------
[2026-01-09 17:45:41] [INFO] Strategy simp_all, attempt 1/1
[2026-01-09 17:45:41] [INFO] Starting proof generation...
[2026-01-09 17:45:41] [INFO] Repository path: /root/repo
[2026-01-09 17:45:41] [INFO] Proof generation completed
[2026-01-09 17:45:41] [INFO] Generated proof:
[2026-01-09 17:45:41] [INFO] simp_all
[2026-01-09 17:45:41] [INFO] Proof length: 8 chars
[2026-01-09 17:45:41] [INFO] Starting proof verification...
[2026-01-09 17:45:41] [INFO] Verifying at: IMO/IMO2025P6.lean:34
[2026-01-09 17:45:41] [INFO] Using LEAN INTERACT verify
[2026-01-09 17:45:41] [INFO] Checking file
[2026-01-09 17:45:56] [INFO] Cannot build modified file <error line="33" column="97">
<code_line>      ∃ e : Fin 2025 ≃ Fin 2025, (⋃ i, (tiles i).cells)ᶜ = Set.range fun i ↦ (i, e i)} answer := by</code_line>
<message>error: unsolved goals</message>
</error>
⊢ IsLeast
    {k |
      ∃ tiles,
        Pairwise (Disjoint on fun i => (tiles i).cells) ∧ ∃ e, ⋂ i, (tiles i).cellsᶜ = Set.range fun i => (i, e i)}
    answer
[2026-01-09 17:45:56] [INFO] Proof verification completed
[2026-01-09 17:45:56] [INFO] Strategy simp_all attempt 1: verified=False
[2026-01-09 17:45:56] [INFO] Verification message: Cannot build modified file: <error line="33" column="97">
<code_line>      ∃ e : Fin 2025 ≃ Fin 2025, (⋃ i, (tiles i).cells)ᶜ = Set.range fun i ↦ (i, e i)} answer := by</code_line>
<message>error: unsolved goals</message>
</error>
⊢ IsLeast
    {k |
      ∃ tiles,
        Pairwise (Disjoint on fun i => (tiles i).cells) ∧ ∃ e, ⋂ i, (tiles i).cellsᶜ = Set.range fun i => (i, e i)}
    answer

[2026-01-09 17:45:56] [INFO] Attempt 1 failed verification, continuing...
[2026-01-09 17:45:56] [INFO] ========================================
[2026-01-09 17:45:56] [INFO] Trying strategy: exact? (up to 1 attempts)
[2026-01-09 17:45:56] [INFO] --------------------
[2026-01-09 17:45:56] [INFO] Strategy exact?, attempt 1/1
[2026-01-09 17:45:56] [INFO] Starting proof generation...
[2026-01-09 17:45:56] [INFO] Repository path: /root/repo
[2026-01-09 17:45:56] [INFO] Proof generation completed
[2026-01-09 17:45:56] [INFO] Generated proof:
[2026-01-09 17:45:56] [INFO] exact?
[2026-01-09 17:45:56] [INFO] Proof length: 6 chars
[2026-01-09 17:45:56] [INFO] Starting proof verification...
[2026-01-09 17:45:56] [INFO] Verifying at: IMO/IMO2025P6.lean:34
[2026-01-09 17:45:56] [INFO] Using LEAN INTERACT verify
[2026-01-09 17:45:56] [INFO] Checking file
[2026-01-09 17:47:05] [INFO] Cannot build modified file <error line="34" column="2">
<code_line>  exact?</code_line>
<message>error: `exact?` could not close the goal. Try `apply?` to see partial suggestions.</message>
</error>
[2026-01-09 17:47:05] [INFO] Proof verification completed
[2026-01-09 17:47:05] [INFO] Strategy exact? attempt 1: verified=False
[2026-01-09 17:47:05] [INFO] Verification message: Cannot build modified file: <error line="34" column="2">
<code_line>  exact?</code_line>
<message>error: `exact?` could not close the goal. Try `apply?` to see partial suggestions.</message>
</error>

[2026-01-09 17:47:05] [INFO] Attempt 1 failed verification, continuing...
[2026-01-09 17:47:05] [INFO] ========================================
[2026-01-09 17:47:05] [INFO] Trying strategy: grind (up to 1 attempts)
[2026-01-09 17:47:05] [INFO] --------------------
[2026-01-09 17:47:05] [INFO] Strategy grind, attempt 1/1
[2026-01-09 17:47:05] [INFO] Starting proof generation...
[2026-01-09 17:47:05] [INFO] Repository path: /root/repo
[2026-01-09 17:47:05] [INFO] Proof generation completed
[2026-01-09 17:47:05] [INFO] Generated proof:
[2026-01-09 17:47:05] [INFO] grind
[2026-01-09 17:47:05] [INFO] Proof length: 5 chars
[2026-01-09 17:47:05] [INFO] Starting proof verification...
[2026-01-09 17:47:05] [INFO] Verifying at: IMO/IMO2025P6.lean:34
[2026-01-09 17:47:05] [INFO] Using LEAN INTERACT verify
[2026-01-09 17:47:05] [INFO] Checking file
[2026-01-09 17:47:19] [INFO] Cannot build modified file <error line="34" column="2">
<code_line>  grind</code_line>
<message>error: `grind` failed</message>
</error>
case grind.1.1.1
h :
  ¬IsLeast
      {k |
        ∃ tiles,
          (Pairwise fun x y => Disjoint (tiles x).cells (tiles y).cells) ∧
            ∃ e, (⋃ i, (tiles i).cells)ᶜ = Set.range fun i => (i, e i)}
      answer
h_1 :
  {_a | False} = fun k =>
    ∃ tiles,
      (Pairwise fun x y => Disjoint (tiles x).cells (tiles y).cells) ∧
        ∃ e, (⋃ i, (tiles i).cells)ᶜ = Set.range fun i => (i, e i)
h_2 : {_a | False} = Set.univ
h_3 :
  {_x | True} = fun k =>
    ∃ tiles,
      (Pairwise fun x y => Disjoint (tiles x).cells (tiles y).cells) ∧
        ∃ e, (⋃ i, (tiles i).cells)ᶜ = Set.range fun i => (i, e i)
⊢ False
[grind] Goal diagnostics
  [facts] Asserted facts
    [prop] ¬IsLeast
            {k |
              ∃ tiles,
                (Pairwise fun x y => Disjoint (tiles x).cells (tiles y).cells) ∧
                  ∃ e, (⋃ i, (tiles i).cells)ᶜ = Set.range fun i => (i, e i)}
            answer
    [prop] {_x | True} = Set.univ
    [prop] {_a | False} = ∅
    [prop] {_a | False} = fun k =>
          ∃ tiles,
            (Pairwise fun x y => Disjoint (tiles x).cells (tiles y).cells) ∧
              ∃ e, (⋃ i, (tiles i).cells)ᶜ = Set.range fun i => (i, e i)
    [prop] {_a | False} = Set.univ
    [prop] {_x | True} = fun k =>
          ∃ tiles,
            (Pairwise fun x y => Disjoint (tiles x).cells (tiles y).cells) ∧
              ∃ e, (⋃ i, (tiles i).cells)ᶜ = Set.range fun i => (i, e i)
  [eqc] False propositions
    [prop] IsLeast
          {k |
            ∃ tiles,
              (Pairwise fun x y => Disjoint (tiles x).cells (tiles y).cells) ∧
                ∃ e, (⋃ i, (tiles i).cells)ᶜ = Set.range fun i => (i, e i)}
          answer
  [eqc] Equivalence classes
    [eqc] {fun k =>
          ∃ tiles,
            (Pairwise fun x y => Disjoint (tiles x).cells (tiles y).cells) ∧
              ∃ e, (⋃ i, (tiles i).cells)ᶜ = Set.range fun i => (i, e i),
        Set.univ,
        ∅,
        {_a | False},
        {_x | True}}
  [cases] Case analyses
    [cases] [1/2]: (fun _a => False) = fun k =>
          ∃ tiles,
            (Pairwise fun x y => Disjoint (tiles x).cells (tiles y).cells) ∧
              ∃ e, (⋃ i, (tiles i).cells)ᶜ = Set.range fun i => (i, e i)
      [cases] source: E-matching `Set.setOf_false`
    [cases] [1/2]: (fun _a => False) = fun _x => True
      [cases] source: E-matching `Set.setOf_false`
    [cases] [1/2]: (fun _x => True) = fun k =>
          ∃ tiles,
            (Pairwise fun x y => Disjoint (tiles x).cells (tiles y).cells) ∧
              ∃ e, (⋃ i, (tiles i).cells)ᶜ = Set.range fun i => (i, e i)
      [cases] source: E-matching `Set.setOf_true`
  [ematch] E-matching patterns
    [thm] Set.setOf_true: [@setOf #0 _]
    [thm] Set.setOf_false: [@setOf #0 _]
[grind] Diagnostics
  [thm] E-Matching instances
    [thm] Set.setOf_false ↦ 1
    [thm] Set.setOf_true ↦ 1
[2026-01-09 17:47:19] [INFO] Proof verification completed
[2026-01-09 17:47:19] [INFO] Strategy grind attempt 1: verified=False
[2026-01-09 17:47:19] [INFO] Verification message: Cannot build modified file: <error line="34" column="2">
<code_line>  grind</code_line>
<message>error: `grind` failed</message>
</error>
case grind.1.1.1
h :
  ¬IsLeast
      {k |
        ∃ tiles,
          (Pairwise fun x y => Disjoint (tiles x).cells (tiles y).cells) ∧
            ∃ e, (⋃ i, (tiles i).cells)ᶜ = Set.range fun i => (i, e i)}
      answer
h_1 :
  {_a | False} = fun k =>
    ∃ tiles,
      (Pairwise fun x y => Disjoint (tiles x).cells (tiles y).cells) ∧
        ∃ e, (⋃ i, (tiles i).cells)ᶜ = Set.range fun i => (i, e i)
h_2 : {_a | False} = Set.univ
h_3 :
  {_x | True} = fun k =>
    ∃ tiles,
      (Pairwise fun x y => Disjoint (tiles x).cells (tiles y).cells) ∧
        ∃ e, (⋃ i, (tiles i).cells)ᶜ = Set.range fun i => (i, e i)
⊢ False
[grind] Goal diagnostics
  [facts] Asserted facts
    [prop] ¬IsLeast
            {k |
              ∃ tiles,
                (Pairwise fun x y => Disjoint (tiles x).cells (tiles y).cells) ∧
                  ∃ e, (⋃ i, (tiles i).cells)ᶜ = Set.range fun i => (i, e i)}
            answer
    [prop] {_x | True} = Set.univ
    [prop] {_a | False} = ∅
    [prop] {_a | False} = fun k =>
          ∃ tiles,
            (Pairwise fun x y => Disjoint (tiles x).cells (tiles y).cells) ∧
              ∃ e, (⋃ i, (tiles i).cells)ᶜ = Set.range fun i => (i, e i)
    [prop] {_a | False} = Set.univ
    [prop] {_x | True} = fun k =>
          ∃ tiles,
            (Pairwise fun x y => Disjoint (tiles x).cells (tiles y).cells) ∧
              ∃ e, (⋃ i, (tiles i).cells)ᶜ = Set.range fun i => (i, e i)
  [eqc] False propositions
    [prop] IsLeast
          {k |
            ∃ tiles,
              (Pairwise fun x y => Disjoint (tiles x).cells (tiles y).cells) ∧
                ∃ e, (⋃ i, (tiles i).cells)ᶜ = Set.range fun i => (i, e i)}
          answer
  [eqc] Equivalence classes
    [eqc] {fun k =>
          ∃ tiles,
            (Pairwise fun x y => Disjoint (tiles x).cells (tiles y).cells) ∧
              ∃ e, (⋃ i, (tiles i).cells)ᶜ = Set.range fun i => (i, e i),
        Set.univ,
        ∅,
        {_a | False},
        {_x | True}}
  [cases] Case analyses
    [cases] [1/2]: (fun _a => False) = fun k =>
          ∃ tiles,
            (Pairwise fun x y => Disjoint (tiles x).cells (tiles y).cells) ∧
              ∃ e, (⋃ i, (tiles i).cells)ᶜ = Set.range fun i => (i, e i)
      [cases] source: E-matching `Set.setOf_false`
    [cases] [1/2]: (fun _a => False) = fun _x => True
      [cases] source: E-matching `Set.setOf_false`
    [cases] [1/2]: (fun _x => True) = fun k =>
          ∃ tiles,
            (Pairwise fun x y => Disjoint (tiles x).cells (tiles y).cells) ∧
              ∃ e, (⋃ i, (tiles i).cells)ᶜ = Set.range fun i => (i, e i)
      [cases] source: E-matching `Set.setOf_true`
  [ematch] E-matching patterns
    [thm] Set.setOf_true: [@setOf #0 _]
    [thm] Set.setOf_false: [@setOf #0 _]
[grind] Diagnostics
  [thm] E-Matching instances
    [thm] Set.setOf_false ↦ 1
    [thm] Set.setOf_true ↦ 1

[2026-01-09 17:47:19] [INFO] Attempt 1 failed verification, continuing...
[2026-01-09 17:47:19] [INFO] ========================================
[2026-01-09 17:47:19] [INFO] Trying strategy: ring (up to 1 attempts)
[2026-01-09 17:47:19] [INFO] --------------------
[2026-01-09 17:47:19] [INFO] Strategy ring, attempt 1/1
[2026-01-09 17:47:19] [INFO] Starting proof generation...
[2026-01-09 17:47:19] [INFO] Repository path: /root/repo
[2026-01-09 17:47:19] [INFO] Proof generation completed
[2026-01-09 17:47:19] [INFO] Generated proof:
[2026-01-09 17:47:19] [INFO] ring
[2026-01-09 17:47:19] [INFO] Proof length: 4 chars
[2026-01-09 17:47:19] [INFO] Starting proof verification...
[2026-01-09 17:47:19] [INFO] Verifying at: IMO/IMO2025P6.lean:34
[2026-01-09 17:47:19] [INFO] Using LEAN INTERACT verify
[2026-01-09 17:47:19] [INFO] Checking file
[2026-01-09 17:47:30] [INFO] Cannot build modified file <error line="34" column="2">
<code_line>  ring</code_line>
<message>error: ring_nf made no progress on goal</message>
</error>
[2026-01-09 17:47:30] [INFO] Proof verification completed
[2026-01-09 17:47:30] [INFO] Strategy ring attempt 1: verified=False
[2026-01-09 17:47:30] [INFO] Verification message: Cannot build modified file: <error line="34" column="2">
<code_line>  ring</code_line>
<message>error: ring_nf made no progress on goal</message>
</error>

[2026-01-09 17:47:30] [INFO] Attempt 1 failed verification, continuing...
[2026-01-09 17:47:30] [INFO] ========================================
[2026-01-09 17:47:30] [INFO] Trying strategy: norm_num (up to 1 attempts)
[2026-01-09 17:47:30] [INFO] --------------------
[2026-01-09 17:47:30] [INFO] Strategy norm_num, attempt 1/1
[2026-01-09 17:47:30] [INFO] Starting proof generation...
[2026-01-09 17:47:30] [INFO] Repository path: /root/repo
[2026-01-09 17:47:30] [INFO] Proof generation completed
[2026-01-09 17:47:30] [INFO] Generated proof:
[2026-01-09 17:47:30] [INFO] norm_num
[2026-01-09 17:47:30] [INFO] Proof length: 8 chars
[2026-01-09 17:47:30] [INFO] Starting proof verification...
[2026-01-09 17:47:30] [INFO] Verifying at: IMO/IMO2025P6.lean:34
[2026-01-09 17:47:30] [INFO] Using LEAN INTERACT verify
[2026-01-09 17:47:30] [INFO] Checking file
[2026-01-09 17:47:46] [INFO] Cannot build modified file <error line="33" column="97">
<code_line>      ∃ e : Fin 2025 ≃ Fin 2025, (⋃ i, (tiles i).cells)ᶜ = Set.range fun i ↦ (i, e i)} answer := by</code_line>
<message>error: unsolved goals</message>
</error>
⊢ IsLeast
    {k |
      ∃ tiles,
        Pairwise (Disjoint on fun i => (tiles i).cells) ∧ ∃ e, ⋂ i, (tiles i).cellsᶜ = Set.range fun i => (i, e i)}
    answer
[2026-01-09 17:47:46] [INFO] Proof verification completed
[2026-01-09 17:47:46] [INFO] Strategy norm_num attempt 1: verified=False
[2026-01-09 17:47:46] [INFO] Verification message: Cannot build modified file: <error line="33" column="97">
<code_line>      ∃ e : Fin 2025 ≃ Fin 2025, (⋃ i, (tiles i).cells)ᶜ = Set.range fun i ↦ (i, e i)} answer := by</code_line>
<message>error: unsolved goals</message>
</error>
⊢ IsLeast
    {k |
      ∃ tiles,
        Pairwise (Disjoint on fun i => (tiles i).cells) ∧ ∃ e, ⋂ i, (tiles i).cellsᶜ = Set.range fun i => (i, e i)}
    answer

[2026-01-09 17:47:46] [INFO] Attempt 1 failed verification, continuing...
[2026-01-09 17:47:46] [INFO] ========================================
[2026-01-09 17:47:46] [INFO] Trying strategy: omega (up to 1 attempts)
[2026-01-09 17:47:46] [INFO] --------------------
[2026-01-09 17:47:46] [INFO] Strategy omega, attempt 1/1
[2026-01-09 17:47:46] [INFO] Starting proof generation...
[2026-01-09 17:47:46] [INFO] Repository path: /root/repo
[2026-01-09 17:47:46] [INFO] Proof generation completed
[2026-01-09 17:47:46] [INFO] Generated proof:
[2026-01-09 17:47:46] [INFO] omega
[2026-01-09 17:47:46] [INFO] Proof length: 5 chars
[2026-01-09 17:47:46] [INFO] Starting proof verification...
[2026-01-09 17:47:46] [INFO] Verifying at: IMO/IMO2025P6.lean:34
[2026-01-09 17:47:46] [INFO] Using LEAN INTERACT verify
[2026-01-09 17:47:46] [INFO] Checking file
[2026-01-09 17:47:58] [INFO] Cannot build modified file <error line="34" column="2">
<code_line>  omega</code_line>
<message>error: omega could not prove the goal:</message>
</error>
No usable constraints found. You may need to unfold definitions so `omega` can see linear arithmetic facts about `Nat` and `Int`, which may also involve multiplication, division, and modular remainder by constants.
[2026-01-09 17:47:58] [INFO] Proof verification completed
[2026-01-09 17:47:58] [INFO] Strategy omega attempt 1: verified=False
[2026-01-09 17:47:58] [INFO] Verification message: Cannot build modified file: <error line="34" column="2">
<code_line>  omega</code_line>
<message>error: omega could not prove the goal:</message>
</error>
No usable constraints found. You may need to unfold definitions so `omega` can see linear arithmetic facts about `Nat` and `Int`, which may also involve multiplication, division, and modular remainder by constants.

[2026-01-09 17:47:58] [INFO] Attempt 1 failed verification, continuing...
[2026-01-09 17:47:58] [INFO] ========================================
[2026-01-09 17:47:58] [INFO] Trying strategy: linarith (up to 1 attempts)
[2026-01-09 17:47:58] [INFO] --------------------
[2026-01-09 17:47:58] [INFO] Strategy linarith, attempt 1/1
[2026-01-09 17:47:58] [INFO] Starting proof generation...
[2026-01-09 17:47:58] [INFO] Repository path: /root/repo
[2026-01-09 17:47:58] [INFO] Proof generation completed
[2026-01-09 17:47:58] [INFO] Generated proof:
[2026-01-09 17:47:58] [INFO] linarith
[2026-01-09 17:47:58] [INFO] Proof length: 8 chars
[2026-01-09 17:47:58] [INFO] Starting proof verification...
[2026-01-09 17:47:58] [INFO] Verifying at: IMO/IMO2025P6.lean:34
[2026-01-09 17:47:58] [INFO] Using LEAN INTERACT verify
[2026-01-09 17:47:58] [INFO] Checking file
[2026-01-09 17:48:10] [INFO] Cannot build modified file <error line="34" column="2">
<code_line>  linarith</code_line>
<message>error: linarith failed to find a contradiction</message>
</error>
⊢ False
failed
[2026-01-09 17:48:10] [INFO] Proof verification completed
[2026-01-09 17:48:10] [INFO] Strategy linarith attempt 1: verified=False
[2026-01-09 17:48:10] [INFO] Verification message: Cannot build modified file: <error line="34" column="2">
<code_line>  linarith</code_line>
<message>error: linarith failed to find a contradiction</message>
</error>
⊢ False
failed

[2026-01-09 17:48:10] [INFO] Attempt 1 failed verification, continuing...
[2026-01-09 17:48:10] [INFO] ========================================
[2026-01-09 17:48:10] [INFO] Trying strategy: nlinarith (up to 1 attempts)
[2026-01-09 17:48:10] [INFO] --------------------
[2026-01-09 17:48:10] [INFO] Strategy nlinarith, attempt 1/1
[2026-01-09 17:48:10] [INFO] Starting proof generation...
[2026-01-09 17:48:10] [INFO] Repository path: /root/repo
[2026-01-09 17:48:10] [INFO] Proof generation completed
[2026-01-09 17:48:10] [INFO] Generated proof:
[2026-01-09 17:48:10] [INFO] nlinarith
[2026-01-09 17:48:10] [INFO] Proof length: 9 chars
[2026-01-09 17:48:10] [INFO] Starting proof verification...
[2026-01-09 17:48:10] [INFO] Verifying at: IMO/IMO2025P6.lean:34
[2026-01-09 17:48:10] [INFO] Using LEAN INTERACT verify
[2026-01-09 17:48:10] [INFO] Checking file
[2026-01-09 17:48:20] [INFO] Cannot build modified file <error line="34" column="2">
<code_line>  nlinarith</code_line>
<message>error: linarith failed to find a contradiction</message>
</error>
⊢ False
failed
[2026-01-09 17:48:20] [INFO] Proof verification completed
[2026-01-09 17:48:20] [INFO] Strategy nlinarith attempt 1: verified=False
[2026-01-09 17:48:20] [INFO] Verification message: Cannot build modified file: <error line="34" column="2">
<code_line>  nlinarith</code_line>
<message>error: linarith failed to find a contradiction</message>
</error>
⊢ False
failed

[2026-01-09 17:48:20] [INFO] Attempt 1 failed verification, continuing...
[2026-01-09 17:48:20] [INFO] ========================================
[2026-01-09 17:48:20] [INFO] Trying strategy: aesop (up to 1 attempts)
[2026-01-09 17:48:20] [INFO] --------------------
[2026-01-09 17:48:20] [INFO] Strategy aesop, attempt 1/1
[2026-01-09 17:48:20] [INFO] Starting proof generation...
[2026-01-09 17:48:20] [INFO] Repository path: /root/repo
[2026-01-09 17:48:20] [INFO] Proof generation completed
[2026-01-09 17:48:20] [INFO] Generated proof:
[2026-01-09 17:48:20] [INFO] aesop
[2026-01-09 17:48:20] [INFO] Proof length: 5 chars
[2026-01-09 17:48:20] [INFO] Starting proof verification...
[2026-01-09 17:48:20] [INFO] Verifying at: IMO/IMO2025P6.lean:34
[2026-01-09 17:48:20] [INFO] Using LEAN INTERACT verify
[2026-01-09 17:48:20] [INFO] Checking file
[2026-01-09 17:48:33] [INFO] Cannot build modified file <error line="33" column="97">
<code_line>      ∃ e : Fin 2025 ≃ Fin 2025, (⋃ i, (tiles i).cells)ᶜ = Set.range fun i ↦ (i, e i)} answer := by</code_line>
<message>error: unsolved goals</message>
</error>
⊢ IsLeast
    {k |
      ∃ tiles,
        Pairwise (Disjoint on fun i => (tiles i).cells) ∧ ∃ e, ⋂ i, (tiles i).cellsᶜ = Set.range fun i => (i, e i)}
    answer
[2026-01-09 17:48:33] [INFO] Proof verification completed
[2026-01-09 17:48:33] [INFO] Strategy aesop attempt 1: verified=False
[2026-01-09 17:48:33] [INFO] Verification message: Cannot build modified file: <error line="33" column="97">
<code_line>      ∃ e : Fin 2025 ≃ Fin 2025, (⋃ i, (tiles i).cells)ᶜ = Set.range fun i ↦ (i, e i)} answer := by</code_line>
<message>error: unsolved goals</message>
</error>
⊢ IsLeast
    {k |
      ∃ tiles,
        Pairwise (Disjoint on fun i => (tiles i).cells) ∧ ∃ e, ⋂ i, (tiles i).cellsᶜ = Set.range fun i => (i, e i)}
    answer

[2026-01-09 17:48:33] [INFO] Attempt 1 failed verification, continuing...
[2026-01-09 17:48:33] [INFO] ========================================
[2026-01-09 17:48:33] [INFO] Pass@k completed. Total results: 1
[2026-01-09 17:48:33] [INFO] FAILED: All 11 strategies x 1 attempts
[2026-01-09 17:48:33] [INFO] Writing results to file: /root/repo/result.json
[2026-01-09 17:48:33] [INFO] Result file written successfully
[2026-01-09 17:48:33] [INFO] Results exported to: /root/repo/result.json
[2026-01-09 17:48:33] [INFO] run_morphcloud_local.py completed successfully

[2026-01-09 17:48:34] [process_single_sorry] Downloading result file...
[2026-01-09 17:48:35] [process_single_sorry] Downloaded result to intermediate_experiment_outputs_full_reservoir/multi_tactic/2026-01-09_17-21-28_multi_tactic/individual/5faf41fd740a6d40cc2fc7e64b1402bcf4206f6a9c4b779d8da7b2625e4a7e44.json
[2026-01-09 17:48:38] [process_single_sorry] Instance context closed successfully
[2026-01-09 17:48:38] [process_single_sorry] Parsing result file...
[2026-01-09 17:48:38] [process_single_sorry] Successfully parsed result (list format, 1 results)
