[2026-01-09 17:32:31] [process_single_sorry] Starting for sorry 7279319fd93495430ca2fd47d8b061ea5b5c2e8ae6a4b54588261d7deb3065b2
[2026-01-09 17:32:31] [process_single_sorry] Using snapshot: snapshot_6y072xib
[2026-01-09 17:32:31] [process_single_sorry] Repository: https://github.com/Beneficial-AI-Foundation/curve25519-dalek-lean-verify@4c18ecf91b898d45f48ca6cb615a549e781a7b27
[2026-01-09 17:32:31] [process_single_sorry] Instance name: curve25519-dalek-lean-verify_4c18ecf91b89_multi_tactic_7279319fd93495430ca2fd47d8b061ea5b5c2e8ae6a4b54588261d7deb3065b2
[2026-01-09 17:32:31] [process_single_sorry] Starting attempt 1/3
[2026-01-09 17:32:31] [process_single_sorry] Starting instance from snapshot...
[2026-01-09 17:32:41] [process_single_sorry] Instance started successfully: morphvm_2mgdu19x
[2026-01-09 17:32:41] [process_single_sorry] Creating .env file...
[2026-01-09 17:33:44] [process_single_sorry] .env file created (exit_code: 0)
[2026-01-09 17:33:44] [process_single_sorry] Executing agent command...
[2026-01-09 17:36:27] [process_single_sorry] Agent command completed (exit_code: 0)
[2026-01-09 17:36:27] [process_single_sorry] STDOUT:

Results JSON:
[
  {
    "sorry": {
      "repo": {
        "remote": "https://github.com/Beneficial-AI-Foundation/curve25519-dalek-lean-verify",
        "branch": "quark_scripts",
        "commit": "4c18ecf91b898d45f48ca6cb615a549e781a7b27",
        "lean_version": "v4.24.0"
      },
      "location": {
        "path": "Curve25519Dalek/Specs/Field/FieldElement51/Invert.lean",
        "start_line": 58,
        "start_column": 4,
        "end_line": 58,
        "end_column": 9
      },
      "debug_info": {
        "goal": "r : backend.serial.u64.field.FieldElement51\nh_bounds : ∀ i < 5, ↑r[i]! < 2 ^ 54\n⊢ ∃ r',\n    invert r = ok r' ∧\n      let r_nat := Field51_as_Nat r % p;\n      let r'_nat := Field51_as_Nat r' % p;\n      (r_nat ≠ 0 → r'_nat * r_nat % p = 1) ∧ (r_nat = 0 → r'_nat = 0) ∧ ∀ i < 5, ↑r'[i]! < 2 ^ 52",
        "url": "https://github.com/Beneficial-AI-Foundation/curve25519-dalek-lean-verify/blob/4c18ecf91b898d45f48ca6cb615a549e781a7b27/Curve25519Dalek/Specs/Field/FieldElement51/Invert.lean#L58"
      },
      "metadata": {
        "blame_email_hash": "c435eb4d84c1",
        "blame_date": "2025-11-27T14:53:09+01:00",
        "inclusion_date": "2025-12-29T14:59:15.333426+00:00"
      },
      "id": "7279319fd93495430ca2fd47d8b061ea5b5c2e8ae6a4b54588261d7deb3065b2"
    },
    "proof": null,
    "proof_verified": false,
    "feedback": null,
    "verification_message": "All 11 attempts failed (11 strategies x 1 attempts each)",
    "success": true,
    "error_type": null,
    "error_message": null,
    "strategy_name": "all_failed_k=1",
    "proof_attempts": [
      "rfl",
      "simp",
      "simp_all",
      "exact?",
      "grind",
      "ring",
      "norm_num",
      "omega",
      "linarith",
      "nlinarith",
      "aesop"
    ]
  }
]

[2026-01-09 17:36:27] [process_single_sorry] STDERR:
None of PyTorch, TensorFlow >= 2.0, or Flax have been found. Models won't be available and only tokenizers, configuration and file/data utilities can be used.
[2026-01-09 17:34:02] [INFO] ================================================================================
[2026-01-09 17:34:02] [INFO] Starting run_morphcloud_local.py
[2026-01-09 17:34:02] [INFO] ================================================================================
[2026-01-09 17:34:02] [INFO] Environment loaded
[2026-01-09 17:34:02] [INFO] Full command: /root/SorryDB/sorrydb/cli/run_morphcloud_local.py --repo-path /root/repo --sorry-json {"repo": {"remote": "https://github.com/Beneficial-AI-Foundation/curve25519-dalek-lean-verify", "branch": "quark_scripts", "commit": "4c18ecf91b898d45f48ca6cb615a549e781a7b27", "lean_version": "v4.24.0"}, "location": {"path": "Curve25519Dalek/Specs/Field/FieldElement51/Invert.lean", "start_line": 58, "start_column": 4, "end_line": 58, "end_column": 9}, "debug_info": {"goal": "r : backend.serial.u64.field.FieldElement51\nh_bounds : \u2200 i < 5, \u2191r[i]! < 2 ^ 54\n\u22a2 \u2203 r',\n    invert r = ok r' \u2227\n      let r_nat := Field51_as_Nat r % p;\n      let r'_nat := Field51_as_Nat r' % p;\n      (r_nat \u2260 0 \u2192 r'_nat * r_nat % p = 1) \u2227 (r_nat = 0 \u2192 r'_nat = 0) \u2227 \u2200 i < 5, \u2191r'[i]! < 2 ^ 52", "url": "https://github.com/Beneficial-AI-Foundation/curve25519-dalek-lean-verify/blob/4c18ecf91b898d45f48ca6cb615a549e781a7b27/Curve25519Dalek/Specs/Field/FieldElement51/Invert.lean#L58"}, "metadata": {"blame_email_hash": "c435eb4d84c1", "blame_date": "2025-11-27T14:53:09+01:00", "inclusion_date": "2025-12-29T14:59:15.333426+00:00"}, "id": "7279319fd93495430ca2fd47d8b061ea5b5c2e8ae6a4b54588261d7deb3065b2"} --agent-strategy {"name": "multi_tactic", "args": {}}
[2026-01-09 17:34:02] [INFO] Arguments parsed: repo_path=/root/repo, output_path=/root/repo/result.json
[2026-01-09 17:34:02] [INFO] Strategy spec: {"name": "multi_tactic", "args": {}}...
[2026-01-09 17:34:02] [INFO] Loading sorry data...
[2026-01-09 17:34:02] [INFO] Parsing sorry from JSON string...
[2026-01-09 17:34:02] [INFO] Sorry data parsed from JSON string
[2026-01-09 17:34:02] [INFO] Creating strategy from spec...
[2026-01-09 17:34:02] [INFO] Parsing strategy spec (length: 36 chars)
[2026-01-09 17:34:02] [INFO] Strategy name: multi_tactic
[2026-01-09 17:34:02] [INFO] Strategy args: {}
[2026-01-09 17:34:02] [INFO] Pass@k value: 1
[2026-01-09 17:34:02] [INFO] Creating strategy: multi_tactic
[2026-01-09 17:34:02] [INFO] Creating multi_tactic strategy with tactics: ['rfl', 'simp', 'simp_all', 'exact?', 'grind', 'ring', 'norm_num', 'omega', 'linarith', 'nlinarith', 'aesop']
[2026-01-09 17:34:02] [INFO] Strategies created: ['rfl', 'simp', 'simp_all', 'exact?', 'grind', 'ring', 'norm_num', 'omega', 'linarith', 'nlinarith', 'aesop']
[2026-01-09 17:34:02] [INFO] Pass@k value: 1
[2026-01-09 17:34:02] [INFO] Creating Sorry object...
[2026-01-09 17:34:02] [INFO] Sorry object created: id=7279319fd93495430ca2fd47d8b061ea5b5c2e8ae6a4b54588261d7deb3065b2
[2026-01-09 17:34:02] [INFO] Sorry location: Curve25519Dalek/Specs/Field/FieldElement51/Invert.lean:58
[2026-01-09 17:34:02] [INFO] Context before sorry (lines 53-58):
[2026-01-09 17:34:02] [INFO]   53:     let r'_nat := Field51_as_Nat r' % p
[2026-01-09 17:34:02] [INFO]   54:     (r_nat ≠ 0 → (r'_nat * r_nat) % p = 1) ∧
[2026-01-09 17:34:02] [INFO]   55:     (r_nat = 0 → r'_nat = 0) ∧
[2026-01-09 17:34:02] [INFO]   56:     (∀ i, i < 5 → (r'[i]!).val < 2 ^ 52)
[2026-01-09 17:34:02] [INFO]   57:     := by
[2026-01-09 17:34:02] [INFO]   58:     sorry
[2026-01-09 17:34:02] [INFO] Sorry line:     sorry
[2026-01-09 17:34:02] [INFO] Sorry goal: r : backend.serial.u64.field.FieldElement51
h_bounds : ∀ i < 5, ↑r[i]! < 2 ^ 54
⊢ ∃ r',
    invert r...
[2026-01-09 17:34:02] [INFO] ========================================
[2026-01-09 17:34:02] [INFO] Trying strategy: rfl (up to 1 attempts)
[2026-01-09 17:34:02] [INFO] --------------------
[2026-01-09 17:34:02] [INFO] Strategy rfl, attempt 1/1
[2026-01-09 17:34:02] [INFO] Starting proof generation...
[2026-01-09 17:34:02] [INFO] Repository path: /root/repo
[2026-01-09 17:34:02] [INFO] Proof generation completed
[2026-01-09 17:34:02] [INFO] Generated proof:
[2026-01-09 17:34:02] [INFO] rfl
[2026-01-09 17:34:02] [INFO] Proof length: 3 chars
[2026-01-09 17:34:02] [INFO] Starting proof verification...
[2026-01-09 17:34:02] [INFO] Verifying at: Curve25519Dalek/Specs/Field/FieldElement51/Invert.lean:58
[2026-01-09 17:34:02] [INFO] Using LEAN INTERACT verify
[2026-01-09 17:34:02] [INFO] Checking file
[2026-01-09 17:34:48] [INFO] Cannot build modified file <error line="58" column="4">
<code_line>    rfl</code_line>
<message>error: Tactic `rfl` failed: The left-hand side</message>
</error>
  backend.serial.u64.field.FieldElement51
is not definitionally equal to the right-hand side
  fun r' =>
    invert r = ok r' ∧
      let r_nat := Field51_as_Nat r % p;
      let r'_nat := Field51_as_Nat r' % p;
      (r_nat ≠ 0 → r'_nat * r_nat % p = 1) ∧ (r_nat = 0 → r'_nat = 0) ∧ ∀ i < 5, ↑r'[i]! < 2 ^ 52

r : backend.serial.u64.field.FieldElement51
h_bounds : ∀ i < 5, ↑r[i]! < 2 ^ 54
⊢ ∃ r',
    invert r = ok r' ∧
      let r_nat := Field51_as_Nat r % p;
      let r'_nat := Field51_as_Nat r' % p;
      (r_nat ≠ 0 → r'_nat * r_nat % p = 1) ∧ (r_nat = 0 → r'_nat = 0) ∧ ∀ i < 5, ↑r'[i]! < 2 ^ 52
[2026-01-09 17:34:48] [INFO] Proof verification completed
[2026-01-09 17:34:48] [INFO] Strategy rfl attempt 1: verified=False
[2026-01-09 17:34:48] [INFO] Verification message: Cannot build modified file: <error line="58" column="4">
<code_line>    rfl</code_line>
<message>error: Tactic `rfl` failed: The left-hand side</message>
</error>
  backend.serial.u64.field.FieldElement51
is not definitionally equal to the right-hand side
  fun r' =>
    invert r = ok r' ∧
      let r_nat := Field51_as_Nat r % p;
      let r'_nat := Field51_as_Nat r' % p;
      (r_nat ≠ 0 → r'_nat * r_nat % p = 1) ∧ (r_nat = 0 → r'_nat = 0) ∧ ∀ i < 5, ↑r'[i]! < 2 ^ 52

r : backend.serial.u64.field.FieldElement51
h_bounds : ∀ i < 5, ↑r[i]! < 2 ^ 54
⊢ ∃ r',
    invert r = ok r' ∧
      let r_nat := Field51_as_Nat r % p;
      let r'_nat := Field51_as_Nat r' % p;
      (r_nat ≠ 0 → r'_nat * r_nat % p = 1) ∧ (r_nat = 0 → r'_nat = 0) ∧ ∀ i < 5, ↑r'[i]! < 2 ^ 52

[2026-01-09 17:34:48] [INFO] Attempt 1 failed verification, continuing...
[2026-01-09 17:34:48] [INFO] ========================================
[2026-01-09 17:34:48] [INFO] Trying strategy: simp (up to 1 attempts)
[2026-01-09 17:34:48] [INFO] --------------------
[2026-01-09 17:34:48] [INFO] Strategy simp, attempt 1/1
[2026-01-09 17:34:48] [INFO] Starting proof generation...
[2026-01-09 17:34:48] [INFO] Repository path: /root/repo
[2026-01-09 17:34:48] [INFO] Proof generation completed
[2026-01-09 17:34:48] [INFO] Generated proof:
[2026-01-09 17:34:48] [INFO] simp
[2026-01-09 17:34:48] [INFO] Proof length: 4 chars
[2026-01-09 17:34:48] [INFO] Starting proof verification...
[2026-01-09 17:34:48] [INFO] Verifying at: Curve25519Dalek/Specs/Field/FieldElement51/Invert.lean:58
[2026-01-09 17:34:48] [INFO] Using LEAN INTERACT verify
[2026-01-09 17:34:48] [INFO] Checking file
[2026-01-09 17:34:56] [INFO] Cannot build modified file <error line="57" column="7">
<code_line>    := by</code_line>
<message>error: unsolved goals</message>
</error>
r : backend.serial.u64.field.FieldElement51
h_bounds : ∀ i < 5, ↑r[i]! < 2 ^ 54
⊢ ∃ r',
    invert r = ok r' ∧
      (¬Field51_as_Nat r % p = 0 → Field51_as_Nat r' * Field51_as_Nat r % p = 1) ∧
        (Field51_as_Nat r % p = 0 → Field51_as_Nat r' % p = 0) ∧ ∀ i < 5, ↑((↑r')[i]?.getD default) < 4503599627370496
[2026-01-09 17:34:56] [INFO] Proof verification completed
[2026-01-09 17:34:56] [INFO] Strategy simp attempt 1: verified=False
[2026-01-09 17:34:56] [INFO] Verification message: Cannot build modified file: <error line="57" column="7">
<code_line>    := by</code_line>
<message>error: unsolved goals</message>
</error>
r : backend.serial.u64.field.FieldElement51
h_bounds : ∀ i < 5, ↑r[i]! < 2 ^ 54
⊢ ∃ r',
    invert r = ok r' ∧
      (¬Field51_as_Nat r % p = 0 → Field51_as_Nat r' * Field51_as_Nat r % p = 1) ∧
        (Field51_as_Nat r % p = 0 → Field51_as_Nat r' % p = 0) ∧ ∀ i < 5, ↑((↑r')[i]?.getD default) < 4503599627370496

[2026-01-09 17:34:56] [INFO] Attempt 1 failed verification, continuing...
[2026-01-09 17:34:56] [INFO] ========================================
[2026-01-09 17:34:56] [INFO] Trying strategy: simp_all (up to 1 attempts)
[2026-01-09 17:34:56] [INFO] --------------------
[2026-01-09 17:34:56] [INFO] Strategy simp_all, attempt 1/1
[2026-01-09 17:34:56] [INFO] Starting proof generation...
[2026-01-09 17:34:56] [INFO] Repository path: /root/repo
[2026-01-09 17:34:56] [INFO] Proof generation completed
[2026-01-09 17:34:56] [INFO] Generated proof:
[2026-01-09 17:34:56] [INFO] simp_all
[2026-01-09 17:34:56] [INFO] Proof length: 8 chars
[2026-01-09 17:34:56] [INFO] Starting proof verification...
[2026-01-09 17:34:56] [INFO] Verifying at: Curve25519Dalek/Specs/Field/FieldElement51/Invert.lean:58
[2026-01-09 17:34:56] [INFO] Using LEAN INTERACT verify
[2026-01-09 17:34:56] [INFO] Checking file
[2026-01-09 17:35:04] [INFO] Cannot build modified file <error line="57" column="7">
<code_line>    := by</code_line>
<message>error: unsolved goals</message>
</error>
r : backend.serial.u64.field.FieldElement51
h_bounds : ∀ (i : ℕ) (a : i < 5), ↑(↑r)[i] < 18014398509481984
⊢ ∃ r',
    invert r = ok r' ∧
      (¬Field51_as_Nat r % p = 0 → Field51_as_Nat r' * Field51_as_Nat r % p = 1) ∧
        (Field51_as_Nat r % p = 0 → Field51_as_Nat r' % p = 0) ∧ ∀ (i : ℕ) (a : i < 5), ↑(↑r')[i] < 4503599627370496
[2026-01-09 17:35:04] [INFO] Proof verification completed
[2026-01-09 17:35:04] [INFO] Strategy simp_all attempt 1: verified=False
[2026-01-09 17:35:04] [INFO] Verification message: Cannot build modified file: <error line="57" column="7">
<code_line>    := by</code_line>
<message>error: unsolved goals</message>
</error>
r : backend.serial.u64.field.FieldElement51
h_bounds : ∀ (i : ℕ) (a : i < 5), ↑(↑r)[i] < 18014398509481984
⊢ ∃ r',
    invert r = ok r' ∧
      (¬Field51_as_Nat r % p = 0 → Field51_as_Nat r' * Field51_as_Nat r % p = 1) ∧
        (Field51_as_Nat r % p = 0 → Field51_as_Nat r' % p = 0) ∧ ∀ (i : ℕ) (a : i < 5), ↑(↑r')[i] < 4503599627370496

[2026-01-09 17:35:04] [INFO] Attempt 1 failed verification, continuing...
[2026-01-09 17:35:04] [INFO] ========================================
[2026-01-09 17:35:04] [INFO] Trying strategy: exact? (up to 1 attempts)
[2026-01-09 17:35:04] [INFO] --------------------
[2026-01-09 17:35:04] [INFO] Strategy exact?, attempt 1/1
[2026-01-09 17:35:04] [INFO] Starting proof generation...
[2026-01-09 17:35:04] [INFO] Repository path: /root/repo
[2026-01-09 17:35:04] [INFO] Proof generation completed
[2026-01-09 17:35:04] [INFO] Generated proof:
[2026-01-09 17:35:04] [INFO] exact?
[2026-01-09 17:35:04] [INFO] Proof length: 6 chars
[2026-01-09 17:35:04] [INFO] Starting proof verification...
[2026-01-09 17:35:04] [INFO] Verifying at: Curve25519Dalek/Specs/Field/FieldElement51/Invert.lean:58
[2026-01-09 17:35:04] [INFO] Using LEAN INTERACT verify
[2026-01-09 17:35:04] [INFO] Checking file
[2026-01-09 17:35:37] [INFO] Cannot build modified file <error line="58" column="4">
<code_line>    exact?</code_line>
<message>error: `exact?` could not close the goal. Try `apply?` to see partial suggestions.</message>
</error>
[2026-01-09 17:35:37] [INFO] Proof verification completed
[2026-01-09 17:35:37] [INFO] Strategy exact? attempt 1: verified=False
[2026-01-09 17:35:37] [INFO] Verification message: Cannot build modified file: <error line="58" column="4">
<code_line>    exact?</code_line>
<message>error: `exact?` could not close the goal. Try `apply?` to see partial suggestions.</message>
</error>

[2026-01-09 17:35:37] [INFO] Attempt 1 failed verification, continuing...
[2026-01-09 17:35:37] [INFO] ========================================
[2026-01-09 17:35:37] [INFO] Trying strategy: grind (up to 1 attempts)
[2026-01-09 17:35:37] [INFO] --------------------
[2026-01-09 17:35:37] [INFO] Strategy grind, attempt 1/1
[2026-01-09 17:35:37] [INFO] Starting proof generation...
[2026-01-09 17:35:37] [INFO] Repository path: /root/repo
[2026-01-09 17:35:37] [INFO] Proof generation completed
[2026-01-09 17:35:37] [INFO] Generated proof:
[2026-01-09 17:35:37] [INFO] grind
[2026-01-09 17:35:37] [INFO] Proof length: 5 chars
[2026-01-09 17:35:37] [INFO] Starting proof verification...
[2026-01-09 17:35:37] [INFO] Verifying at: Curve25519Dalek/Specs/Field/FieldElement51/Invert.lean:58
[2026-01-09 17:35:37] [INFO] Using LEAN INTERACT verify
[2026-01-09 17:35:37] [INFO] Checking file
[2026-01-09 17:35:46] [INFO] Cannot build modified file <error line="58" column="4">
<code_line>    grind</code_line>
<message>error: `grind` failed</message>
</error>
case grind
r : Aeneas.Std.Array (UScalar UScalarTy.U64) (UScalar.ofNatCore 5 ⋯)
h_bounds :
  ∀ i ≤ 4,
    ↑(match (↑r)[i]? with
        | some e => e
        | none => outOfBounds) ≤
      18014398509481983
h :
  ∀ (a : Aeneas.Std.Array (UScalar UScalarTy.U64) (UScalar.ofNatCore 5 ⋯)),
    invert r = ok a →
      (¬Field51_as_Nat r % p = 0 → Field51_as_Nat a % p * (Field51_as_Nat r % p) % p = 1) →
        (Field51_as_Nat r % p = 0 → Field51_as_Nat a % p = 0) →
          ¬∀ i ≤ 4,
              ↑(match (↑a)[i]? with
                  | some e => e
                  | none => outOfBounds) ≤
                4503599627370495
⊢ False
[grind] Goal diagnostics
  [facts] Asserted facts
    [prop] ∀ i ≤ 4,
          ↑(match (↑r)[i]? with
              | some e => e
              | none => outOfBounds) ≤
            18014398509481983
    [prop] ∀ (a : Aeneas.Std.Array (UScalar UScalarTy.U64) (UScalar.ofNatCore 5 ⋯)),
          invert r = ok a →
            (¬Field51_as_Nat r % p = 0 → Field51_as_Nat a % p * (Field51_as_Nat r % p) % p = 1) →
              (Field51_as_Nat r % p = 0 → Field51_as_Nat a % p = 0) →
                ¬∀ i ≤ 4,
                    ↑(match (↑a)[i]? with
                        | some e => e
                        | none => outOfBounds) ≤
                      4503599627370495
  [eqc] True propositions
    [prop] 5 < 2 ^ UScalarTy.Usize.numBits
    [prop] ∀ i ≤ 4,
          ↑(match (↑r)[i]? with
              | some e => e
              | none => outOfBounds) ≤
            18014398509481983
    [prop] ∀ (a : Aeneas.Std.Array (UScalar UScalarTy.U64) (UScalar.ofNatCore 5 ⋯)),
          invert r = ok a →
            (¬Field51_as_Nat r % p = 0 → Field51_as_Nat a % p * (Field51_as_Nat r % p) % p = 1) →
              (Field51_as_Nat r % p = 0 → Field51_as_Nat a % p = 0) →
                ¬∀ i ≤ 4,
                    ↑(match (↑a)[i]? with
                        | some e => e
                        | none => outOfBounds) ≤
                      4503599627370495
  [ematch] E-matching patterns
    [thm] h_bounds: [@LE.le `[ℕ] `[instLENat] #1 `[4]]
    [thm] h_bounds: [@LE.le `[ℕ] `[instLENat] (@UScalar.val `[UScalarTy.U64] (GetElem?.match_1 `[UScalar
             UScalarTy.U64] `[fun x =>
             UScalar
               UScalarTy.U64] (@getElem? `[List
              (UScalar
                UScalarTy.U64)] `[ℕ] `[UScalar
              UScalarTy.U64] `[fun «as» i =>
              i <
                «as».length] `[List.instGetElem?NatLtLength] `[↑r] #1) `[fun e =>
             e] `[fun _ => outOfBounds])) `[18014398509481983]]
    [thm] h_bounds: [@UScalar.val `[UScalarTy.U64] (GetElem?.match_1 `[UScalar
            UScalarTy.U64] `[fun x =>
            UScalar
              UScalarTy.U64] (@getElem? `[List
             (UScalar
               UScalarTy.U64)] `[ℕ] `[UScalar
             UScalarTy.U64] `[fun «as» i =>
             i < «as».length] `[List.instGetElem?NatLtLength] `[↑r] #1) `[fun e => e] `[fun _ => outOfBounds])]
    [thm] h_bounds: [GetElem?.match_1 `[UScalar
           UScalarTy.U64] `[fun x =>
           UScalar
             UScalarTy.U64] (@getElem? `[List
            (UScalar
              UScalarTy.U64)] `[ℕ] `[UScalar
            UScalarTy.U64] `[fun «as» i =>
            i < «as».length] `[List.instGetElem?NatLtLength] `[↑r] #1) `[fun e => e] `[fun _ => outOfBounds]]
    [thm] h_bounds: [@getElem? `[List
           (UScalar
             UScalarTy.U64)] `[ℕ] `[UScalar
           UScalarTy.U64] `[fun «as» i => i < «as».length] `[List.instGetElem?NatLtLength] `[↑r] #1]
    [thm] h: [@ok `[Aeneas.Std.Array (UScalar UScalarTy.U64) (UScalar.ofNatCore 5 ⋯)] #3]
    [thm] h: [Field51_as_Nat #3]
  [cutsat] Assignment satisfying linear constraints
    [assign] UScalarTy.Usize.numBits := 1
    [assign] 「2 ^ UScalarTy.Usize.numBits」 := 0
[2026-01-09 17:35:46] [INFO] Proof verification completed
[2026-01-09 17:35:46] [INFO] Strategy grind attempt 1: verified=False
[2026-01-09 17:35:46] [INFO] Verification message: Cannot build modified file: <error line="58" column="4">
<code_line>    grind</code_line>
<message>error: `grind` failed</message>
</error>
case grind
r : Aeneas.Std.Array (UScalar UScalarTy.U64) (UScalar.ofNatCore 5 ⋯)
h_bounds :
  ∀ i ≤ 4,
    ↑(match (↑r)[i]? with
        | some e => e
        | none => outOfBounds) ≤
      18014398509481983
h :
  ∀ (a : Aeneas.Std.Array (UScalar UScalarTy.U64) (UScalar.ofNatCore 5 ⋯)),
    invert r = ok a →
      (¬Field51_as_Nat r % p = 0 → Field51_as_Nat a % p * (Field51_as_Nat r % p) % p = 1) →
        (Field51_as_Nat r % p = 0 → Field51_as_Nat a % p = 0) →
          ¬∀ i ≤ 4,
              ↑(match (↑a)[i]? with
                  | some e => e
                  | none => outOfBounds) ≤
                4503599627370495
⊢ False
[grind] Goal diagnostics
  [facts] Asserted facts
    [prop] ∀ i ≤ 4,
          ↑(match (↑r)[i]? with
              | some e => e
              | none => outOfBounds) ≤
            18014398509481983
    [prop] ∀ (a : Aeneas.Std.Array (UScalar UScalarTy.U64) (UScalar.ofNatCore 5 ⋯)),
          invert r = ok a →
            (¬Field51_as_Nat r % p = 0 → Field51_as_Nat a % p * (Field51_as_Nat r % p) % p = 1) →
              (Field51_as_Nat r % p = 0 → Field51_as_Nat a % p = 0) →
                ¬∀ i ≤ 4,
                    ↑(match (↑a)[i]? with
                        | some e => e
                        | none => outOfBounds) ≤
                      4503599627370495
  [eqc] True propositions
    [prop] 5 < 2 ^ UScalarTy.Usize.numBits
    [prop] ∀ i ≤ 4,
          ↑(match (↑r)[i]? with
              | some e => e
              | none => outOfBounds) ≤
            18014398509481983
    [prop] ∀ (a : Aeneas.Std.Array (UScalar UScalarTy.U64) (UScalar.ofNatCore 5 ⋯)),
          invert r = ok a →
            (¬Field51_as_Nat r % p = 0 → Field51_as_Nat a % p * (Field51_as_Nat r % p) % p = 1) →
              (Field51_as_Nat r % p = 0 → Field51_as_Nat a % p = 0) →
                ¬∀ i ≤ 4,
                    ↑(match (↑a)[i]? with
                        | some e => e
                        | none => outOfBounds) ≤
                      4503599627370495
  [ematch] E-matching patterns
    [thm] h_bounds: [@LE.le `[ℕ] `[instLENat] #1 `[4]]
    [thm] h_bounds: [@LE.le `[ℕ] `[instLENat] (@UScalar.val `[UScalarTy.U64] (GetElem?.match_1 `[UScalar
             UScalarTy.U64] `[fun x =>
             UScalar
               UScalarTy.U64] (@getElem? `[List
              (UScalar
                UScalarTy.U64)] `[ℕ] `[UScalar
              UScalarTy.U64] `[fun «as» i =>
              i <
                «as».length] `[List.instGetElem?NatLtLength] `[↑r] #1) `[fun e =>
             e] `[fun _ => outOfBounds])) `[18014398509481983]]
    [thm] h_bounds: [@UScalar.val `[UScalarTy.U64] (GetElem?.match_1 `[UScalar
            UScalarTy.U64] `[fun x =>
            UScalar
              UScalarTy.U64] (@getElem? `[List
             (UScalar
               UScalarTy.U64)] `[ℕ] `[UScalar
             UScalarTy.U64] `[fun «as» i =>
             i < «as».length] `[List.instGetElem?NatLtLength] `[↑r] #1) `[fun e => e] `[fun _ => outOfBounds])]
    [thm] h_bounds: [GetElem?.match_1 `[UScalar
           UScalarTy.U64] `[fun x =>
           UScalar
             UScalarTy.U64] (@getElem? `[List
            (UScalar
              UScalarTy.U64)] `[ℕ] `[UScalar
            UScalarTy.U64] `[fun «as» i =>
            i < «as».length] `[List.instGetElem?NatLtLength] `[↑r] #1) `[fun e => e] `[fun _ => outOfBounds]]
    [thm] h_bounds: [@getElem? `[List
           (UScalar
             UScalarTy.U64)] `[ℕ] `[UScalar
           UScalarTy.U64] `[fun «as» i => i < «as».length] `[List.instGetElem?NatLtLength] `[↑r] #1]
    [thm] h: [@ok `[Aeneas.Std.Array (UScalar UScalarTy.U64) (UScalar.ofNatCore 5 ⋯)] #3]
    [thm] h: [Field51_as_Nat #3]
  [cutsat] Assignment satisfying linear constraints
    [assign] UScalarTy.Usize.numBits := 1
    [assign] 「2 ^ UScalarTy.Usize.numBits」 := 0

[2026-01-09 17:35:46] [INFO] Attempt 1 failed verification, continuing...
[2026-01-09 17:35:46] [INFO] ========================================
[2026-01-09 17:35:46] [INFO] Trying strategy: ring (up to 1 attempts)
[2026-01-09 17:35:46] [INFO] --------------------
[2026-01-09 17:35:46] [INFO] Strategy ring, attempt 1/1
[2026-01-09 17:35:46] [INFO] Starting proof generation...
[2026-01-09 17:35:46] [INFO] Repository path: /root/repo
[2026-01-09 17:35:46] [INFO] Proof generation completed
[2026-01-09 17:35:46] [INFO] Generated proof:
[2026-01-09 17:35:46] [INFO] ring
[2026-01-09 17:35:46] [INFO] Proof length: 4 chars
[2026-01-09 17:35:46] [INFO] Starting proof verification...
[2026-01-09 17:35:46] [INFO] Verifying at: Curve25519Dalek/Specs/Field/FieldElement51/Invert.lean:58
[2026-01-09 17:35:46] [INFO] Using LEAN INTERACT verify
[2026-01-09 17:35:46] [INFO] Checking file
[2026-01-09 17:35:52] [INFO] Cannot build modified file Try this:
  ring_nf
  
  The `ring` tactic failed to close the goal. Use `ring_nf` to obtain a normal form.
    
  Note that `ring` works primarily in *commutative* rings. If you have a noncommutative ring, abelian group or module, consider using `noncomm_ring`, `abel` or `module` instead.
<error line="57" column="7">
<code_line>    := by</code_line>
<message>error: unsolved goals</message>
</error>
r : backend.serial.u64.field.FieldElement51
h_bounds : ∀ i < 5, ↑r[i]! < 2 ^ 54
⊢ ∃ r',
    invert r = ok r' ∧
      (Field51_as_Nat r % p ≠ 0 → Field51_as_Nat r' % p * (Field51_as_Nat r % p) % p = 1) ∧
        (Field51_as_Nat r % p = 0 → Field51_as_Nat r' % p = 0) ∧ ∀ i < 5, ↑r'[i]! < 4503599627370496
[2026-01-09 17:35:52] [INFO] Proof verification completed
[2026-01-09 17:35:52] [INFO] Strategy ring attempt 1: verified=False
[2026-01-09 17:35:52] [INFO] Verification message: Cannot build modified file: Try this:
  ring_nf
  
  The `ring` tactic failed to close the goal. Use `ring_nf` to obtain a normal form.
    
  Note that `ring` works primarily in *commutative* rings. If you have a noncommutative ring, abelian group or module, consider using `noncomm_ring`, `abel` or `module` instead.
<error line="57" column="7">
<code_line>    := by</code_line>
<message>error: unsolved goals</message>
</error>
r : backend.serial.u64.field.FieldElement51
h_bounds : ∀ i < 5, ↑r[i]! < 2 ^ 54
⊢ ∃ r',
    invert r = ok r' ∧
      (Field51_as_Nat r % p ≠ 0 → Field51_as_Nat r' % p * (Field51_as_Nat r % p) % p = 1) ∧
        (Field51_as_Nat r % p = 0 → Field51_as_Nat r' % p = 0) ∧ ∀ i < 5, ↑r'[i]! < 4503599627370496

[2026-01-09 17:35:52] [INFO] Attempt 1 failed verification, continuing...
[2026-01-09 17:35:52] [INFO] ========================================
[2026-01-09 17:35:52] [INFO] Trying strategy: norm_num (up to 1 attempts)
[2026-01-09 17:35:52] [INFO] --------------------
[2026-01-09 17:35:52] [INFO] Strategy norm_num, attempt 1/1
[2026-01-09 17:35:52] [INFO] Starting proof generation...
[2026-01-09 17:35:52] [INFO] Repository path: /root/repo
[2026-01-09 17:35:52] [INFO] Proof generation completed
[2026-01-09 17:35:52] [INFO] Generated proof:
[2026-01-09 17:35:52] [INFO] norm_num
[2026-01-09 17:35:52] [INFO] Proof length: 8 chars
[2026-01-09 17:35:52] [INFO] Starting proof verification...
[2026-01-09 17:35:52] [INFO] Verifying at: Curve25519Dalek/Specs/Field/FieldElement51/Invert.lean:58
[2026-01-09 17:35:52] [INFO] Using LEAN INTERACT verify
[2026-01-09 17:35:52] [INFO] Checking file
[2026-01-09 17:36:00] [INFO] Cannot build modified file <error line="57" column="7">
<code_line>    := by</code_line>
<message>error: unsolved goals</message>
</error>
r : backend.serial.u64.field.FieldElement51
h_bounds : ∀ i < 5, ↑r[i]! < 2 ^ 54
⊢ ∃ r',
    invert r = ok r' ∧
      (¬Field51_as_Nat r % p = 0 → Field51_as_Nat r' * Field51_as_Nat r % p = 1) ∧
        (Field51_as_Nat r % p = 0 → Field51_as_Nat r' % p = 0) ∧ ∀ i < 5, ↑((↑r')[i]?.getD default) < 4503599627370496
[2026-01-09 17:36:00] [INFO] Proof verification completed
[2026-01-09 17:36:00] [INFO] Strategy norm_num attempt 1: verified=False
[2026-01-09 17:36:00] [INFO] Verification message: Cannot build modified file: <error line="57" column="7">
<code_line>    := by</code_line>
<message>error: unsolved goals</message>
</error>
r : backend.serial.u64.field.FieldElement51
h_bounds : ∀ i < 5, ↑r[i]! < 2 ^ 54
⊢ ∃ r',
    invert r = ok r' ∧
      (¬Field51_as_Nat r % p = 0 → Field51_as_Nat r' * Field51_as_Nat r % p = 1) ∧
        (Field51_as_Nat r % p = 0 → Field51_as_Nat r' % p = 0) ∧ ∀ i < 5, ↑((↑r')[i]?.getD default) < 4503599627370496

[2026-01-09 17:36:00] [INFO] Attempt 1 failed verification, continuing...
[2026-01-09 17:36:00] [INFO] ========================================
[2026-01-09 17:36:00] [INFO] Trying strategy: omega (up to 1 attempts)
[2026-01-09 17:36:00] [INFO] --------------------
[2026-01-09 17:36:00] [INFO] Strategy omega, attempt 1/1
[2026-01-09 17:36:00] [INFO] Starting proof generation...
[2026-01-09 17:36:00] [INFO] Repository path: /root/repo
[2026-01-09 17:36:00] [INFO] Proof generation completed
[2026-01-09 17:36:00] [INFO] Generated proof:
[2026-01-09 17:36:00] [INFO] omega
[2026-01-09 17:36:00] [INFO] Proof length: 5 chars
[2026-01-09 17:36:00] [INFO] Starting proof verification...
[2026-01-09 17:36:00] [INFO] Verifying at: Curve25519Dalek/Specs/Field/FieldElement51/Invert.lean:58
[2026-01-09 17:36:00] [INFO] Using LEAN INTERACT verify
[2026-01-09 17:36:00] [INFO] Checking file
[2026-01-09 17:36:06] [INFO] Cannot build modified file <error line="58" column="4">
<code_line>    omega</code_line>
<message>error: omega could not prove the goal:</message>
</error>
No usable constraints found. You may need to unfold definitions so `omega` can see linear arithmetic facts about `Nat` and `Int`, which may also involve multiplication, division, and modular remainder by constants.
[2026-01-09 17:36:06] [INFO] Proof verification completed
[2026-01-09 17:36:06] [INFO] Strategy omega attempt 1: verified=False
[2026-01-09 17:36:06] [INFO] Verification message: Cannot build modified file: <error line="58" column="4">
<code_line>    omega</code_line>
<message>error: omega could not prove the goal:</message>
</error>
No usable constraints found. You may need to unfold definitions so `omega` can see linear arithmetic facts about `Nat` and `Int`, which may also involve multiplication, division, and modular remainder by constants.

[2026-01-09 17:36:06] [INFO] Attempt 1 failed verification, continuing...
[2026-01-09 17:36:06] [INFO] ========================================
[2026-01-09 17:36:06] [INFO] Trying strategy: linarith (up to 1 attempts)
[2026-01-09 17:36:06] [INFO] --------------------
[2026-01-09 17:36:06] [INFO] Strategy linarith, attempt 1/1
[2026-01-09 17:36:06] [INFO] Starting proof generation...
[2026-01-09 17:36:06] [INFO] Repository path: /root/repo
[2026-01-09 17:36:06] [INFO] Proof generation completed
[2026-01-09 17:36:06] [INFO] Generated proof:
[2026-01-09 17:36:06] [INFO] linarith
[2026-01-09 17:36:06] [INFO] Proof length: 8 chars
[2026-01-09 17:36:06] [INFO] Starting proof verification...
[2026-01-09 17:36:06] [INFO] Verifying at: Curve25519Dalek/Specs/Field/FieldElement51/Invert.lean:58
[2026-01-09 17:36:06] [INFO] Using LEAN INTERACT verify
[2026-01-09 17:36:06] [INFO] Checking file
[2026-01-09 17:36:12] [INFO] Cannot build modified file <error line="58" column="4">
<code_line>    linarith</code_line>
<message>error: linarith failed to find a contradiction</message>
</error>
r : backend.serial.u64.field.FieldElement51
h_bounds : ∀ i < 5, ↑r[i]! < 2 ^ 54
⊢ False
failed
[2026-01-09 17:36:12] [INFO] Proof verification completed
[2026-01-09 17:36:12] [INFO] Strategy linarith attempt 1: verified=False
[2026-01-09 17:36:12] [INFO] Verification message: Cannot build modified file: <error line="58" column="4">
<code_line>    linarith</code_line>
<message>error: linarith failed to find a contradiction</message>
</error>
r : backend.serial.u64.field.FieldElement51
h_bounds : ∀ i < 5, ↑r[i]! < 2 ^ 54
⊢ False
failed

[2026-01-09 17:36:12] [INFO] Attempt 1 failed verification, continuing...
[2026-01-09 17:36:12] [INFO] ========================================
[2026-01-09 17:36:12] [INFO] Trying strategy: nlinarith (up to 1 attempts)
[2026-01-09 17:36:12] [INFO] --------------------
[2026-01-09 17:36:12] [INFO] Strategy nlinarith, attempt 1/1
[2026-01-09 17:36:12] [INFO] Starting proof generation...
[2026-01-09 17:36:12] [INFO] Repository path: /root/repo
[2026-01-09 17:36:12] [INFO] Proof generation completed
[2026-01-09 17:36:12] [INFO] Generated proof:
[2026-01-09 17:36:12] [INFO] nlinarith
[2026-01-09 17:36:12] [INFO] Proof length: 9 chars
[2026-01-09 17:36:12] [INFO] Starting proof verification...
[2026-01-09 17:36:12] [INFO] Verifying at: Curve25519Dalek/Specs/Field/FieldElement51/Invert.lean:58
[2026-01-09 17:36:12] [INFO] Using LEAN INTERACT verify
[2026-01-09 17:36:12] [INFO] Checking file
[2026-01-09 17:36:18] [INFO] Cannot build modified file <error line="58" column="4">
<code_line>    nlinarith</code_line>
<message>error: linarith failed to find a contradiction</message>
</error>
r : backend.serial.u64.field.FieldElement51
h_bounds : ∀ i < 5, ↑r[i]! < 2 ^ 54
⊢ False
failed
[2026-01-09 17:36:18] [INFO] Proof verification completed
[2026-01-09 17:36:18] [INFO] Strategy nlinarith attempt 1: verified=False
[2026-01-09 17:36:18] [INFO] Verification message: Cannot build modified file: <error line="58" column="4">
<code_line>    nlinarith</code_line>
<message>error: linarith failed to find a contradiction</message>
</error>
r : backend.serial.u64.field.FieldElement51
h_bounds : ∀ i < 5, ↑r[i]! < 2 ^ 54
⊢ False
failed

[2026-01-09 17:36:18] [INFO] Attempt 1 failed verification, continuing...
[2026-01-09 17:36:18] [INFO] ========================================
[2026-01-09 17:36:18] [INFO] Trying strategy: aesop (up to 1 attempts)
[2026-01-09 17:36:18] [INFO] --------------------
[2026-01-09 17:36:18] [INFO] Strategy aesop, attempt 1/1
[2026-01-09 17:36:18] [INFO] Starting proof generation...
[2026-01-09 17:36:18] [INFO] Repository path: /root/repo
[2026-01-09 17:36:18] [INFO] Proof generation completed
[2026-01-09 17:36:18] [INFO] Generated proof:
[2026-01-09 17:36:18] [INFO] aesop
[2026-01-09 17:36:18] [INFO] Proof length: 5 chars
[2026-01-09 17:36:18] [INFO] Starting proof verification...
[2026-01-09 17:36:18] [INFO] Verifying at: Curve25519Dalek/Specs/Field/FieldElement51/Invert.lean:58
[2026-01-09 17:36:18] [INFO] Using LEAN INTERACT verify
[2026-01-09 17:36:18] [INFO] Checking file
[2026-01-09 17:36:26] [INFO] Cannot build modified file <error line="57" column="7">
<code_line>    := by</code_line>
<message>error: unsolved goals</message>
</error>
r : backend.serial.u64.field.FieldElement51
h_bounds : ∀ (i : ℕ) (a : i < 5), ↑(↑r)[i] < 18014398509481984
⊢ ∃ r',
    invert r = ok r' ∧
      (¬Field51_as_Nat r % p = 0 → Field51_as_Nat r' * Field51_as_Nat r % p = 1) ∧
        (Field51_as_Nat r % p = 0 → Field51_as_Nat r' % p = 0) ∧ ∀ (i : ℕ) (a : i < 5), ↑(↑r')[i] < 4503599627370496
[2026-01-09 17:36:26] [INFO] Proof verification completed
[2026-01-09 17:36:26] [INFO] Strategy aesop attempt 1: verified=False
[2026-01-09 17:36:26] [INFO] Verification message: Cannot build modified file: <error line="57" column="7">
<code_line>    := by</code_line>
<message>error: unsolved goals</message>
</error>
r : backend.serial.u64.field.FieldElement51
h_bounds : ∀ (i : ℕ) (a : i < 5), ↑(↑r)[i] < 18014398509481984
⊢ ∃ r',
    invert r = ok r' ∧
      (¬Field51_as_Nat r % p = 0 → Field51_as_Nat r' * Field51_as_Nat r % p = 1) ∧
        (Field51_as_Nat r % p = 0 → Field51_as_Nat r' % p = 0) ∧ ∀ (i : ℕ) (a : i < 5), ↑(↑r')[i] < 4503599627370496

[2026-01-09 17:36:26] [INFO] Attempt 1 failed verification, continuing...
[2026-01-09 17:36:26] [INFO] ========================================
[2026-01-09 17:36:26] [INFO] Pass@k completed. Total results: 1
[2026-01-09 17:36:26] [INFO] FAILED: All 11 strategies x 1 attempts
[2026-01-09 17:36:26] [INFO] Writing results to file: /root/repo/result.json
[2026-01-09 17:36:26] [INFO] Result file written successfully
[2026-01-09 17:36:26] [INFO] Results exported to: /root/repo/result.json
[2026-01-09 17:36:26] [INFO] run_morphcloud_local.py completed successfully

[2026-01-09 17:36:27] [process_single_sorry] Downloading result file...
[2026-01-09 17:36:27] [process_single_sorry] Downloaded result to intermediate_experiment_outputs_full_reservoir/multi_tactic/2026-01-09_17-21-28_multi_tactic/individual/7279319fd93495430ca2fd47d8b061ea5b5c2e8ae6a4b54588261d7deb3065b2.json
[2026-01-09 17:36:30] [process_single_sorry] Instance context closed successfully
[2026-01-09 17:36:30] [process_single_sorry] Parsing result file...
[2026-01-09 17:36:30] [process_single_sorry] Successfully parsed result (list format, 1 results)
