[2026-01-09 17:36:22] [process_single_sorry] Starting for sorry 74051e6296650c6109057c3c2d6457e8a02f77077f4c90e81ba8680d84fa3071
[2026-01-09 17:36:22] [process_single_sorry] Using snapshot: snapshot_kkfamv2o
[2026-01-09 17:36:22] [process_single_sorry] Repository: https://github.com/Verified-zkEVM/VCV-io@eee7f23d73a113216fcca26bbedd25e658dd8a2f
[2026-01-09 17:36:22] [process_single_sorry] Instance name: VCV-io_eee7f23d73a1_multi_tactic_74051e6296650c6109057c3c2d6457e8a02f77077f4c90e81ba8680d84fa3071
[2026-01-09 17:36:22] [process_single_sorry] Starting attempt 1/3
[2026-01-09 17:36:22] [process_single_sorry] Starting instance from snapshot...
[2026-01-09 17:36:23] [process_single_sorry] Instance started successfully: morphvm_vy5ybiox
[2026-01-09 17:36:23] [process_single_sorry] Creating .env file...
[2026-01-09 17:36:41] [process_single_sorry] .env file created (exit_code: 0)
[2026-01-09 17:36:41] [process_single_sorry] Executing agent command...
[2026-01-09 17:38:00] [process_single_sorry] Agent command completed (exit_code: 0)
[2026-01-09 17:38:00] [process_single_sorry] STDOUT:

Results JSON:
[
  {
    "sorry": {
      "repo": {
        "remote": "https://github.com/Verified-zkEVM/VCV-io",
        "branch": "upstream-pfun",
        "commit": "eee7f23d73a113216fcca26bbedd25e658dd8a2f",
        "lean_version": "v4.24.0"
      },
      "location": {
        "path": "VCVio/EvalDist/OptionT.lean",
        "start_line": 53,
        "start_column": 16,
        "end_line": 53,
        "end_column": 21
      },
      "debug_info": {
        "goal": "m✝ : Type u → Type v\ninst✝² : Monad m✝\nα β γ : Type u\nm : Type u → Type v\ninst✝¹ : Monad m\ninst✝ : HasEvalSPMF m\nα✝ : Type u\n⊢ ∀ (mx : OptionT m α✝),\n    support mx = (fun {α} x => SPMF.support.toFun α x) ((fun {α} x => (OptionT.mapM' HasEvalSPMF.toSPMF).toFun α x) mx)",
        "url": "https://github.com/Verified-zkEVM/VCV-io/blob/eee7f23d73a113216fcca26bbedd25e658dd8a2f/VCVio/EvalDist/OptionT.lean#L53"
      },
      "metadata": {
        "blame_email_hash": "0c5d39c5ece3",
        "blame_date": "2025-12-17T09:13:44-06:00",
        "inclusion_date": "2025-12-29T23:26:34.423297+00:00"
      },
      "id": "74051e6296650c6109057c3c2d6457e8a02f77077f4c90e81ba8680d84fa3071"
    },
    "proof": null,
    "proof_verified": false,
    "feedback": null,
    "verification_message": "All 11 attempts failed (11 strategies x 1 attempts each)",
    "success": true,
    "error_type": null,
    "error_message": null,
    "strategy_name": "all_failed_k=1",
    "proof_attempts": [
      "rfl",
      "simp",
      "simp_all",
      "exact?",
      "grind",
      "ring",
      "norm_num",
      "omega",
      "linarith",
      "nlinarith",
      "aesop"
    ]
  }
]

[2026-01-09 17:38:00] [process_single_sorry] STDERR:
None of PyTorch, TensorFlow >= 2.0, or Flax have been found. Models won't be available and only tokenizers, configuration and file/data utilities can be used.
[2026-01-09 17:37:00] [INFO] ================================================================================
[2026-01-09 17:37:00] [INFO] Starting run_morphcloud_local.py
[2026-01-09 17:37:00] [INFO] ================================================================================
[2026-01-09 17:37:00] [INFO] Environment loaded
[2026-01-09 17:37:00] [INFO] Full command: /root/SorryDB/sorrydb/cli/run_morphcloud_local.py --repo-path /root/repo --sorry-json {"repo": {"remote": "https://github.com/Verified-zkEVM/VCV-io", "branch": "upstream-pfun", "commit": "eee7f23d73a113216fcca26bbedd25e658dd8a2f", "lean_version": "v4.24.0"}, "location": {"path": "VCVio/EvalDist/OptionT.lean", "start_line": 53, "start_column": 16, "end_line": 53, "end_column": 21}, "debug_info": {"goal": "m\u271d : Type u \u2192 Type v\ninst\u271d\u00b2 : Monad m\u271d\n\u03b1 \u03b2 \u03b3 : Type u\nm : Type u \u2192 Type v\ninst\u271d\u00b9 : Monad m\ninst\u271d : HasEvalSPMF m\n\u03b1\u271d : Type u\n\u22a2 \u2200 (mx : OptionT m \u03b1\u271d),\n    support mx = (fun {\u03b1} x => SPMF.support.toFun \u03b1 x) ((fun {\u03b1} x => (OptionT.mapM' HasEvalSPMF.toSPMF).toFun \u03b1 x) mx)", "url": "https://github.com/Verified-zkEVM/VCV-io/blob/eee7f23d73a113216fcca26bbedd25e658dd8a2f/VCVio/EvalDist/OptionT.lean#L53"}, "metadata": {"blame_email_hash": "0c5d39c5ece3", "blame_date": "2025-12-17T09:13:44-06:00", "inclusion_date": "2025-12-29T23:26:34.423297+00:00"}, "id": "74051e6296650c6109057c3c2d6457e8a02f77077f4c90e81ba8680d84fa3071"} --agent-strategy {"name": "multi_tactic", "args": {}}
[2026-01-09 17:37:00] [INFO] Arguments parsed: repo_path=/root/repo, output_path=/root/repo/result.json
[2026-01-09 17:37:00] [INFO] Strategy spec: {"name": "multi_tactic", "args": {}}...
[2026-01-09 17:37:00] [INFO] Loading sorry data...
[2026-01-09 17:37:00] [INFO] Parsing sorry from JSON string...
[2026-01-09 17:37:00] [INFO] Sorry data parsed from JSON string
[2026-01-09 17:37:00] [INFO] Creating strategy from spec...
[2026-01-09 17:37:00] [INFO] Parsing strategy spec (length: 36 chars)
[2026-01-09 17:37:00] [INFO] Strategy name: multi_tactic
[2026-01-09 17:37:00] [INFO] Strategy args: {}
[2026-01-09 17:37:00] [INFO] Pass@k value: 1
[2026-01-09 17:37:00] [INFO] Creating strategy: multi_tactic
[2026-01-09 17:37:00] [INFO] Creating multi_tactic strategy with tactics: ['rfl', 'simp', 'simp_all', 'exact?', 'grind', 'ring', 'norm_num', 'omega', 'linarith', 'nlinarith', 'aesop']
[2026-01-09 17:37:00] [INFO] Strategies created: ['rfl', 'simp', 'simp_all', 'exact?', 'grind', 'ring', 'norm_num', 'omega', 'linarith', 'nlinarith', 'aesop']
[2026-01-09 17:37:00] [INFO] Pass@k value: 1
[2026-01-09 17:37:00] [INFO] Creating Sorry object...
[2026-01-09 17:37:00] [INFO] Sorry object created: id=74051e6296650c6109057c3c2d6457e8a02f77077f4c90e81ba8680d84fa3071
[2026-01-09 17:37:00] [INFO] Sorry location: VCVio/EvalDist/OptionT.lean:53
[2026-01-09 17:37:00] [INFO] Context before sorry (lines 48-53):
[2026-01-09 17:37:00] [INFO]   48: 
[2026-01-09 17:37:00] [INFO]   49: -- NOTE: we do _not_ want to lift `HasEvalSPMF` to itself (wrapped in `OptionT`). This means we only support one layer of failure (i.e. `OracleComp` satisfies `HasEvalPMF`, and so `OptionT OracleComp` satisfies `HasEvalSPMF`). This suffices for all known purposes. -/
[2026-01-09 17:37:00] [INFO]   50: noncomputable instance (m : Type u → Type v) [Monad m] [HasEvalSPMF m] :
[2026-01-09 17:37:00] [INFO]   51:     HasEvalSPMF (OptionT m) where
[2026-01-09 17:37:00] [INFO]   52:   toSPMF := OptionT.mapM' HasEvalSPMF.toSPMF
[2026-01-09 17:37:00] [INFO]   53:   support_eq := sorry
[2026-01-09 17:37:00] [INFO] Sorry line:   support_eq := sorry
[2026-01-09 17:37:00] [INFO] Sorry goal: m✝ : Type u → Type v
inst✝² : Monad m✝
α β γ : Type u
m : Type u → Type v
inst✝¹ : Monad m
inst✝ : H...
[2026-01-09 17:37:00] [INFO] ========================================
[2026-01-09 17:37:00] [INFO] Trying strategy: rfl (up to 1 attempts)
[2026-01-09 17:37:00] [INFO] --------------------
[2026-01-09 17:37:00] [INFO] Strategy rfl, attempt 1/1
[2026-01-09 17:37:00] [INFO] Starting proof generation...
[2026-01-09 17:37:00] [INFO] Repository path: /root/repo
[2026-01-09 17:37:00] [INFO] Proof generation completed
[2026-01-09 17:37:00] [INFO] Generated proof:
[2026-01-09 17:37:00] [INFO] rfl
[2026-01-09 17:37:00] [INFO] Proof length: 3 chars
[2026-01-09 17:37:00] [INFO] Starting proof verification...
[2026-01-09 17:37:00] [INFO] Verifying at: VCVio/EvalDist/OptionT.lean:53
[2026-01-09 17:37:00] [INFO] Using LEAN INTERACT verify
[2026-01-09 17:37:00] [INFO] Checking file
[2026-01-09 17:37:20] [INFO] Cannot build modified file <error line="53" column="16">
<code_line>  support_eq := rfl</code_line>
<message>error: Type mismatch</message>
</error>
  rfl
has type
  ?m.16 = ?m.16
but is expected to have type
  ∀ (mx : OptionT m α✝),
    support mx = (fun {α} x => SPMF.support.toFun α x) ((fun {α} x => (OptionT.mapM' HasEvalSPMF.toSPMF).toFun α x) mx)
the following variables have been introduced by the implicit lambda feature
  α✝ : Type u
you can disable implicit lambdas using `@` or writing a lambda expression with `{}` or `[]` binder annotations.
<error line="55" column="0">
<code_line>@[simp] lemma evalDist_eq [HasEvalPMF m] (mx : OptionT m α) :</code_line>
<message>error: Not a definitional equality: the left-hand side</message>
</error>
  evalDist mx
is not definitionally equal to the right-hand side
  (fun {α} x => (OptionT.mapM' HasEvalSPMF.toSPMF).toFun α x) mx
<error line="56" column="57">
<code_line>    evalDist mx = OptionT.mapM' HasEvalSPMF.toSPMF mx := rfl</code_line>
<message>error: Type mismatch</message>
</error>
  rfl
has type
  ?m.19 = ?m.19
but is expected to have type
  evalDist mx = (fun {α} x => (OptionT.mapM' HasEvalSPMF.toSPMF).toFun α x) mx
[2026-01-09 17:37:20] [INFO] Proof verification completed
[2026-01-09 17:37:20] [INFO] Strategy rfl attempt 1: verified=False
[2026-01-09 17:37:20] [INFO] Verification message: Cannot build modified file: <error line="53" column="16">
<code_line>  support_eq := rfl</code_line>
<message>error: Type mismatch</message>
</error>
  rfl
has type
  ?m.16 = ?m.16
but is expected to have type
  ∀ (mx : OptionT m α✝),
    support mx = (fun {α} x => SPMF.support.toFun α x) ((fun {α} x => (OptionT.mapM' HasEvalSPMF.toSPMF).toFun α x) mx)
the following variables have been introduced by the implicit lambda feature
  α✝ : Type u
you can disable implicit lambdas using `@` or writing a lambda expression with `{}` or `[]` binder annotations.
<error line="55" column="0">
<code_line>@[simp] lemma evalDist_eq [HasEvalPMF m] (mx : OptionT m α) :</code_line>
<message>error: Not a definitional equality: the left-hand side</message>
</error>
  evalDist mx
is not definitionally equal to the right-hand side
  (fun {α} x => (OptionT.mapM' HasEvalSPMF.toSPMF).toFun α x) mx
<error line="56" column="57">
<code_line>    evalDist mx = OptionT.mapM' HasEvalSPMF.toSPMF mx := rfl</code_line>
<message>error: Type mismatch</message>
</error>
  rfl
has type
  ?m.19 = ?m.19
but is expected to have type
  evalDist mx = (fun {α} x => (OptionT.mapM' HasEvalSPMF.toSPMF).toFun α x) mx

[2026-01-09 17:37:20] [INFO] Attempt 1 failed verification, continuing...
[2026-01-09 17:37:20] [INFO] ========================================
[2026-01-09 17:37:20] [INFO] Trying strategy: simp (up to 1 attempts)
[2026-01-09 17:37:20] [INFO] --------------------
[2026-01-09 17:37:20] [INFO] Strategy simp, attempt 1/1
[2026-01-09 17:37:20] [INFO] Starting proof generation...
[2026-01-09 17:37:20] [INFO] Repository path: /root/repo
[2026-01-09 17:37:20] [INFO] Proof generation completed
[2026-01-09 17:37:20] [INFO] Generated proof:
[2026-01-09 17:37:20] [INFO] simp
[2026-01-09 17:37:20] [INFO] Proof length: 4 chars
[2026-01-09 17:37:20] [INFO] Starting proof verification...
[2026-01-09 17:37:20] [INFO] Verifying at: VCVio/EvalDist/OptionT.lean:53
[2026-01-09 17:37:20] [INFO] Using LEAN INTERACT verify
[2026-01-09 17:37:20] [INFO] Checking file
[2026-01-09 17:37:23] [INFO] Cannot build modified file VCVio/EvalDist/tmpjymbm16o.lean:53:16: error(lean.unknownIdentifier): Unknown identifier `simp`
[2026-01-09 17:37:23] [INFO] Proof verification completed
[2026-01-09 17:37:23] [INFO] Strategy simp attempt 1: verified=False
[2026-01-09 17:37:23] [INFO] Verification message: Cannot build modified file: VCVio/EvalDist/tmpjymbm16o.lean:53:16: error(lean.unknownIdentifier): Unknown identifier `simp`

[2026-01-09 17:37:23] [INFO] Attempt 1 failed verification, continuing...
[2026-01-09 17:37:23] [INFO] ========================================
[2026-01-09 17:37:23] [INFO] Trying strategy: simp_all (up to 1 attempts)
[2026-01-09 17:37:23] [INFO] --------------------
[2026-01-09 17:37:23] [INFO] Strategy simp_all, attempt 1/1
[2026-01-09 17:37:23] [INFO] Starting proof generation...
[2026-01-09 17:37:23] [INFO] Repository path: /root/repo
[2026-01-09 17:37:23] [INFO] Proof generation completed
[2026-01-09 17:37:23] [INFO] Generated proof:
[2026-01-09 17:37:23] [INFO] simp_all
[2026-01-09 17:37:23] [INFO] Proof length: 8 chars
[2026-01-09 17:37:23] [INFO] Starting proof verification...
[2026-01-09 17:37:23] [INFO] Verifying at: VCVio/EvalDist/OptionT.lean:53
[2026-01-09 17:37:23] [INFO] Using LEAN INTERACT verify
[2026-01-09 17:37:23] [INFO] Checking file
[2026-01-09 17:37:27] [INFO] Cannot build modified file VCVio/EvalDist/tmpoz9goefs.lean:53:16: error(lean.unknownIdentifier): Unknown identifier `simp_all`
[2026-01-09 17:37:27] [INFO] Proof verification completed
[2026-01-09 17:37:27] [INFO] Strategy simp_all attempt 1: verified=False
[2026-01-09 17:37:27] [INFO] Verification message: Cannot build modified file: VCVio/EvalDist/tmpoz9goefs.lean:53:16: error(lean.unknownIdentifier): Unknown identifier `simp_all`

[2026-01-09 17:37:27] [INFO] Attempt 1 failed verification, continuing...
[2026-01-09 17:37:27] [INFO] ========================================
[2026-01-09 17:37:27] [INFO] Trying strategy: exact? (up to 1 attempts)
[2026-01-09 17:37:27] [INFO] --------------------
[2026-01-09 17:37:27] [INFO] Strategy exact?, attempt 1/1
[2026-01-09 17:37:27] [INFO] Starting proof generation...
[2026-01-09 17:37:27] [INFO] Repository path: /root/repo
[2026-01-09 17:37:27] [INFO] Proof generation completed
[2026-01-09 17:37:27] [INFO] Generated proof:
[2026-01-09 17:37:27] [INFO] exact?
[2026-01-09 17:37:27] [INFO] Proof length: 6 chars
[2026-01-09 17:37:27] [INFO] Starting proof verification...
[2026-01-09 17:37:27] [INFO] Verifying at: VCVio/EvalDist/OptionT.lean:53
[2026-01-09 17:37:27] [INFO] Using LEAN INTERACT verify
[2026-01-09 17:37:27] [INFO] Checking file
[2026-01-09 17:37:31] [INFO] Cannot build modified file VCVio/EvalDist/tmpg88wil2b.lean:53:16: error(lean.unknownIdentifier): Unknown identifier `exact?`
[2026-01-09 17:37:31] [INFO] Proof verification completed
[2026-01-09 17:37:31] [INFO] Strategy exact? attempt 1: verified=False
[2026-01-09 17:37:31] [INFO] Verification message: Cannot build modified file: VCVio/EvalDist/tmpg88wil2b.lean:53:16: error(lean.unknownIdentifier): Unknown identifier `exact?`

[2026-01-09 17:37:31] [INFO] Attempt 1 failed verification, continuing...
[2026-01-09 17:37:31] [INFO] ========================================
[2026-01-09 17:37:31] [INFO] Trying strategy: grind (up to 1 attempts)
[2026-01-09 17:37:31] [INFO] --------------------
[2026-01-09 17:37:31] [INFO] Strategy grind, attempt 1/1
[2026-01-09 17:37:31] [INFO] Starting proof generation...
[2026-01-09 17:37:31] [INFO] Repository path: /root/repo
[2026-01-09 17:37:31] [INFO] Proof generation completed
[2026-01-09 17:37:31] [INFO] Generated proof:
[2026-01-09 17:37:31] [INFO] grind
[2026-01-09 17:37:31] [INFO] Proof length: 5 chars
[2026-01-09 17:37:31] [INFO] Starting proof verification...
[2026-01-09 17:37:31] [INFO] Verifying at: VCVio/EvalDist/OptionT.lean:53
[2026-01-09 17:37:31] [INFO] Using LEAN INTERACT verify
[2026-01-09 17:37:31] [INFO] Checking file
[2026-01-09 17:37:35] [INFO] Cannot build modified file VCVio/EvalDist/tmp6tciq687.lean:53:16: error(lean.unknownIdentifier): Unknown identifier `grind`
[2026-01-09 17:37:35] [INFO] Proof verification completed
[2026-01-09 17:37:35] [INFO] Strategy grind attempt 1: verified=False
[2026-01-09 17:37:35] [INFO] Verification message: Cannot build modified file: VCVio/EvalDist/tmp6tciq687.lean:53:16: error(lean.unknownIdentifier): Unknown identifier `grind`

[2026-01-09 17:37:35] [INFO] Attempt 1 failed verification, continuing...
[2026-01-09 17:37:35] [INFO] ========================================
[2026-01-09 17:37:35] [INFO] Trying strategy: ring (up to 1 attempts)
[2026-01-09 17:37:35] [INFO] --------------------
[2026-01-09 17:37:35] [INFO] Strategy ring, attempt 1/1
[2026-01-09 17:37:35] [INFO] Starting proof generation...
[2026-01-09 17:37:35] [INFO] Repository path: /root/repo
[2026-01-09 17:37:35] [INFO] Proof generation completed
[2026-01-09 17:37:35] [INFO] Generated proof:
[2026-01-09 17:37:35] [INFO] ring
[2026-01-09 17:37:35] [INFO] Proof length: 4 chars
[2026-01-09 17:37:35] [INFO] Starting proof verification...
[2026-01-09 17:37:35] [INFO] Verifying at: VCVio/EvalDist/OptionT.lean:53
[2026-01-09 17:37:35] [INFO] Using LEAN INTERACT verify
[2026-01-09 17:37:35] [INFO] Checking file
[2026-01-09 17:37:40] [INFO] Cannot build modified file VCVio/EvalDist/tmpoud4wqm1.lean:53:16: error(lean.unknownIdentifier): Unknown identifier `ring`
[2026-01-09 17:37:40] [INFO] Proof verification completed
[2026-01-09 17:37:40] [INFO] Strategy ring attempt 1: verified=False
[2026-01-09 17:37:40] [INFO] Verification message: Cannot build modified file: VCVio/EvalDist/tmpoud4wqm1.lean:53:16: error(lean.unknownIdentifier): Unknown identifier `ring`

[2026-01-09 17:37:40] [INFO] Attempt 1 failed verification, continuing...
[2026-01-09 17:37:40] [INFO] ========================================
[2026-01-09 17:37:40] [INFO] Trying strategy: norm_num (up to 1 attempts)
[2026-01-09 17:37:40] [INFO] --------------------
[2026-01-09 17:37:40] [INFO] Strategy norm_num, attempt 1/1
[2026-01-09 17:37:40] [INFO] Starting proof generation...
[2026-01-09 17:37:40] [INFO] Repository path: /root/repo
[2026-01-09 17:37:40] [INFO] Proof generation completed
[2026-01-09 17:37:40] [INFO] Generated proof:
[2026-01-09 17:37:40] [INFO] norm_num
[2026-01-09 17:37:40] [INFO] Proof length: 8 chars
[2026-01-09 17:37:40] [INFO] Starting proof verification...
[2026-01-09 17:37:40] [INFO] Verifying at: VCVio/EvalDist/OptionT.lean:53
[2026-01-09 17:37:40] [INFO] Using LEAN INTERACT verify
[2026-01-09 17:37:40] [INFO] Checking file
[2026-01-09 17:37:43] [INFO] Cannot build modified file <error line="53" column="16">
<code_line>  support_eq := norm_num</code_line>
<message>error: Type mismatch</message>
</error>
  norm_num
has type
  Lean.ParserDescr
of sort `Type` but is expected to have type
  ∀ (mx : OptionT m α✝),
    support mx = (fun {α} x => SPMF.support.toFun α x) ((fun {α} x => (OptionT.mapM' HasEvalSPMF.toSPMF).toFun α x) mx)
of sort `Prop`
the following variables have been introduced by the implicit lambda feature
  α✝ : Type u
you can disable implicit lambdas using `@` or writing a lambda expression with `{}` or `[]` binder annotations.
<error line="55" column="0">
<code_line>@[simp] lemma evalDist_eq [HasEvalPMF m] (mx : OptionT m α) :</code_line>
<message>error: Not a definitional equality: the left-hand side</message>
</error>
  evalDist mx
is not definitionally equal to the right-hand side
  (fun {α} x => (OptionT.mapM' HasEvalSPMF.toSPMF).toFun α x) mx
<error line="56" column="57">
<code_line>    evalDist mx = OptionT.mapM' HasEvalSPMF.toSPMF mx := rfl</code_line>
<message>error: Type mismatch</message>
</error>
  rfl
has type
  ?m.19 = ?m.19
but is expected to have type
  evalDist mx = (fun {α} x => (OptionT.mapM' HasEvalSPMF.toSPMF).toFun α x) mx
[2026-01-09 17:37:43] [INFO] Proof verification completed
[2026-01-09 17:37:43] [INFO] Strategy norm_num attempt 1: verified=False
[2026-01-09 17:37:43] [INFO] Verification message: Cannot build modified file: <error line="53" column="16">
<code_line>  support_eq := norm_num</code_line>
<message>error: Type mismatch</message>
</error>
  norm_num
has type
  Lean.ParserDescr
of sort `Type` but is expected to have type
  ∀ (mx : OptionT m α✝),
    support mx = (fun {α} x => SPMF.support.toFun α x) ((fun {α} x => (OptionT.mapM' HasEvalSPMF.toSPMF).toFun α x) mx)
of sort `Prop`
the following variables have been introduced by the implicit lambda feature
  α✝ : Type u
you can disable implicit lambdas using `@` or writing a lambda expression with `{}` or `[]` binder annotations.
<error line="55" column="0">
<code_line>@[simp] lemma evalDist_eq [HasEvalPMF m] (mx : OptionT m α) :</code_line>
<message>error: Not a definitional equality: the left-hand side</message>
</error>
  evalDist mx
is not definitionally equal to the right-hand side
  (fun {α} x => (OptionT.mapM' HasEvalSPMF.toSPMF).toFun α x) mx
<error line="56" column="57">
<code_line>    evalDist mx = OptionT.mapM' HasEvalSPMF.toSPMF mx := rfl</code_line>
<message>error: Type mismatch</message>
</error>
  rfl
has type
  ?m.19 = ?m.19
but is expected to have type
  evalDist mx = (fun {α} x => (OptionT.mapM' HasEvalSPMF.toSPMF).toFun α x) mx

[2026-01-09 17:37:43] [INFO] Attempt 1 failed verification, continuing...
[2026-01-09 17:37:43] [INFO] ========================================
[2026-01-09 17:37:43] [INFO] Trying strategy: omega (up to 1 attempts)
[2026-01-09 17:37:43] [INFO] --------------------
[2026-01-09 17:37:43] [INFO] Strategy omega, attempt 1/1
[2026-01-09 17:37:43] [INFO] Starting proof generation...
[2026-01-09 17:37:43] [INFO] Repository path: /root/repo
[2026-01-09 17:37:43] [INFO] Proof generation completed
[2026-01-09 17:37:43] [INFO] Generated proof:
[2026-01-09 17:37:43] [INFO] omega
[2026-01-09 17:37:43] [INFO] Proof length: 5 chars
[2026-01-09 17:37:43] [INFO] Starting proof verification...
[2026-01-09 17:37:43] [INFO] Verifying at: VCVio/EvalDist/OptionT.lean:53
[2026-01-09 17:37:43] [INFO] Using LEAN INTERACT verify
[2026-01-09 17:37:43] [INFO] Checking file
[2026-01-09 17:37:46] [INFO] Cannot build modified file VCVio/EvalDist/tmpd2sqlup_.lean:53:16: error(lean.unknownIdentifier): Unknown identifier `omega`
[2026-01-09 17:37:46] [INFO] Proof verification completed
[2026-01-09 17:37:46] [INFO] Strategy omega attempt 1: verified=False
[2026-01-09 17:37:46] [INFO] Verification message: Cannot build modified file: VCVio/EvalDist/tmpd2sqlup_.lean:53:16: error(lean.unknownIdentifier): Unknown identifier `omega`

[2026-01-09 17:37:46] [INFO] Attempt 1 failed verification, continuing...
[2026-01-09 17:37:46] [INFO] ========================================
[2026-01-09 17:37:46] [INFO] Trying strategy: linarith (up to 1 attempts)
[2026-01-09 17:37:46] [INFO] --------------------
[2026-01-09 17:37:46] [INFO] Strategy linarith, attempt 1/1
[2026-01-09 17:37:46] [INFO] Starting proof generation...
[2026-01-09 17:37:46] [INFO] Repository path: /root/repo
[2026-01-09 17:37:46] [INFO] Proof generation completed
[2026-01-09 17:37:46] [INFO] Generated proof:
[2026-01-09 17:37:46] [INFO] linarith
[2026-01-09 17:37:46] [INFO] Proof length: 8 chars
[2026-01-09 17:37:46] [INFO] Starting proof verification...
[2026-01-09 17:37:46] [INFO] Verifying at: VCVio/EvalDist/OptionT.lean:53
[2026-01-09 17:37:46] [INFO] Using LEAN INTERACT verify
[2026-01-09 17:37:46] [INFO] Checking file
[2026-01-09 17:37:51] [INFO] Cannot build modified file VCVio/EvalDist/tmpx1f54fzr.lean:53:16: error(lean.unknownIdentifier): Unknown identifier `linarith`
[2026-01-09 17:37:51] [INFO] Proof verification completed
[2026-01-09 17:37:51] [INFO] Strategy linarith attempt 1: verified=False
[2026-01-09 17:37:51] [INFO] Verification message: Cannot build modified file: VCVio/EvalDist/tmpx1f54fzr.lean:53:16: error(lean.unknownIdentifier): Unknown identifier `linarith`

[2026-01-09 17:37:51] [INFO] Attempt 1 failed verification, continuing...
[2026-01-09 17:37:51] [INFO] ========================================
[2026-01-09 17:37:51] [INFO] Trying strategy: nlinarith (up to 1 attempts)
[2026-01-09 17:37:51] [INFO] --------------------
[2026-01-09 17:37:51] [INFO] Strategy nlinarith, attempt 1/1
[2026-01-09 17:37:51] [INFO] Starting proof generation...
[2026-01-09 17:37:51] [INFO] Repository path: /root/repo
[2026-01-09 17:37:51] [INFO] Proof generation completed
[2026-01-09 17:37:51] [INFO] Generated proof:
[2026-01-09 17:37:51] [INFO] nlinarith
[2026-01-09 17:37:51] [INFO] Proof length: 9 chars
[2026-01-09 17:37:51] [INFO] Starting proof verification...
[2026-01-09 17:37:51] [INFO] Verifying at: VCVio/EvalDist/OptionT.lean:53
[2026-01-09 17:37:51] [INFO] Using LEAN INTERACT verify
[2026-01-09 17:37:51] [INFO] Checking file
[2026-01-09 17:37:55] [INFO] Cannot build modified file VCVio/EvalDist/tmpepil7twa.lean:53:16: error(lean.unknownIdentifier): Unknown identifier `nlinarith`
[2026-01-09 17:37:55] [INFO] Proof verification completed
[2026-01-09 17:37:55] [INFO] Strategy nlinarith attempt 1: verified=False
[2026-01-09 17:37:55] [INFO] Verification message: Cannot build modified file: VCVio/EvalDist/tmpepil7twa.lean:53:16: error(lean.unknownIdentifier): Unknown identifier `nlinarith`

[2026-01-09 17:37:55] [INFO] Attempt 1 failed verification, continuing...
[2026-01-09 17:37:55] [INFO] ========================================
[2026-01-09 17:37:55] [INFO] Trying strategy: aesop (up to 1 attempts)
[2026-01-09 17:37:55] [INFO] --------------------
[2026-01-09 17:37:55] [INFO] Strategy aesop, attempt 1/1
[2026-01-09 17:37:55] [INFO] Starting proof generation...
[2026-01-09 17:37:55] [INFO] Repository path: /root/repo
[2026-01-09 17:37:55] [INFO] Proof generation completed
[2026-01-09 17:37:55] [INFO] Generated proof:
[2026-01-09 17:37:55] [INFO] aesop
[2026-01-09 17:37:55] [INFO] Proof length: 5 chars
[2026-01-09 17:37:55] [INFO] Starting proof verification...
[2026-01-09 17:37:55] [INFO] Verifying at: VCVio/EvalDist/OptionT.lean:53
[2026-01-09 17:37:55] [INFO] Using LEAN INTERACT verify
[2026-01-09 17:37:55] [INFO] Checking file
[2026-01-09 17:37:59] [INFO] Cannot build modified file VCVio/EvalDist/tmpbb7yx8m3.lean:53:16: error(lean.unknownIdentifier): Unknown identifier `aesop`
[2026-01-09 17:37:59] [INFO] Proof verification completed
[2026-01-09 17:37:59] [INFO] Strategy aesop attempt 1: verified=False
[2026-01-09 17:37:59] [INFO] Verification message: Cannot build modified file: VCVio/EvalDist/tmpbb7yx8m3.lean:53:16: error(lean.unknownIdentifier): Unknown identifier `aesop`

[2026-01-09 17:37:59] [INFO] Attempt 1 failed verification, continuing...
[2026-01-09 17:37:59] [INFO] ========================================
[2026-01-09 17:37:59] [INFO] Pass@k completed. Total results: 1
[2026-01-09 17:37:59] [INFO] FAILED: All 11 strategies x 1 attempts
[2026-01-09 17:37:59] [INFO] Writing results to file: /root/repo/result.json
[2026-01-09 17:37:59] [INFO] Result file written successfully
[2026-01-09 17:37:59] [INFO] Results exported to: /root/repo/result.json
[2026-01-09 17:37:59] [INFO] run_morphcloud_local.py completed successfully

[2026-01-09 17:38:00] [process_single_sorry] Downloading result file...
[2026-01-09 17:38:00] [process_single_sorry] Downloaded result to intermediate_experiment_outputs_full_reservoir/multi_tactic/2026-01-09_17-21-28_multi_tactic/individual/74051e6296650c6109057c3c2d6457e8a02f77077f4c90e81ba8680d84fa3071.json
[2026-01-09 17:38:02] [process_single_sorry] Instance context closed successfully
[2026-01-09 17:38:02] [process_single_sorry] Parsing result file...
[2026-01-09 17:38:02] [process_single_sorry] Successfully parsed result (list format, 1 results)
