[2026-01-12 17:40:53] [process_single_sorry] Starting for sorry 15074347e03d274c7c097488140293e4265680ae07e94202d3259fbea1b8164a
[2026-01-12 17:40:53] [process_single_sorry] Using snapshot: snapshot_geqfca8f
[2026-01-12 17:40:53] [process_single_sorry] Repository: https://github.com/Timeroot/Lean-QuantumInfo@6099da24305d6ca71df680ccada8f91d026cb604
[2026-01-12 17:40:53] [process_single_sorry] Instance name: Lean-QuantumInfo_6099da24305d_rfl_15074347e03d274c7c097488140293e4265680ae07e94202d3259fbea1b8164a
[2026-01-12 17:40:53] [process_single_sorry] Starting attempt 1/3
[2026-01-12 17:40:53] [process_single_sorry] Starting instance from snapshot...
[2026-01-12 17:40:56] [process_single_sorry] Instance started successfully: morphvm_d5ukypgr
[2026-01-12 17:40:56] [process_single_sorry] Creating .env file...
[2026-01-12 17:41:08] [process_single_sorry] .env file created (exit_code: 0)
[2026-01-12 17:41:08] [process_single_sorry] Executing agent command...
[2026-01-12 17:42:22] [process_single_sorry] Agent command completed (exit_code: 0)
[2026-01-12 17:42:22] [process_single_sorry] STDOUT:

Results JSON:
[
  {
    "sorry": {
      "repo": {
        "remote": "https://github.com/Timeroot/Lean-QuantumInfo",
        "branch": "main",
        "commit": "6099da24305d6ca71df680ccada8f91d026cb604",
        "lean_version": "v4.24.0"
      },
      "location": {
        "path": "QuantumInfo/Finite/Capacity.lean",
        "start_line": 130,
        "start_column": 29,
        "end_line": 130,
        "end_column": 34
      },
      "debug_info": {
        "goal": "d₁ : Type u_1\nd₂ : Type u_2\ninst✝³ : Fintype d₁\ninst✝² : Fintype d₂\ninst✝¹ : DecidableEq d₁\ninst✝ : DecidableEq d₂\nΛ : CPTPMap d₁ d₂ ℂ\nε : ℝ\nhε : ε > 0\n⊢ Nonempty d₁",
        "url": "https://github.com/Timeroot/Lean-QuantumInfo/blob/6099da24305d6ca71df680ccada8f91d026cb604/QuantumInfo/Finite/Capacity.lean#L130"
      },
      "metadata": {
        "blame_email_hash": "0cbf03e06ade",
        "blame_date": "2025-12-21T11:21:03-05:00",
        "inclusion_date": "2026-01-09T11:23:07.817261+00:00"
      },
      "id": "15074347e03d274c7c097488140293e4265680ae07e94202d3259fbea1b8164a"
    },
    "proof": null,
    "proof_verified": false,
    "feedback": null,
    "verification_message": "All 1 attempts failed (1 strategies x 1 attempts each)",
    "success": true,
    "error_type": null,
    "error_message": null,
    "strategy_name": "all_failed_k=1",
    "proof_attempts": [
      "rfl"
    ]
  }
]

[2026-01-12 17:42:22] [process_single_sorry] STDERR:
None of PyTorch, TensorFlow >= 2.0, or Flax have been found. Models won't be available and only tokenizers, configuration and file/data utilities can be used.
[2026-01-12 17:41:30] [INFO] ================================================================================
[2026-01-12 17:41:30] [INFO] Starting run_morphcloud_local.py
[2026-01-12 17:41:30] [INFO] ================================================================================
[2026-01-12 17:41:30] [INFO] Environment loaded
[2026-01-12 17:41:30] [INFO] Full command: /root/SorryDB/sorrydb/cli/run_morphcloud_local.py --repo-path /root/repo --sorry-json {"repo": {"remote": "https://github.com/Timeroot/Lean-QuantumInfo", "branch": "main", "commit": "6099da24305d6ca71df680ccada8f91d026cb604", "lean_version": "v4.24.0"}, "location": {"path": "QuantumInfo/Finite/Capacity.lean", "start_line": 130, "start_column": 29, "end_line": 130, "end_column": 34}, "debug_info": {"goal": "d\u2081 : Type u_1\nd\u2082 : Type u_2\ninst\u271d\u00b3 : Fintype d\u2081\ninst\u271d\u00b2 : Fintype d\u2082\ninst\u271d\u00b9 : DecidableEq d\u2081\ninst\u271d : DecidableEq d\u2082\n\u039b : CPTPMap d\u2081 d\u2082 \u2102\n\u03b5 : \u211d\nh\u03b5 : \u03b5 > 0\n\u22a2 Nonempty d\u2081", "url": "https://github.com/Timeroot/Lean-QuantumInfo/blob/6099da24305d6ca71df680ccada8f91d026cb604/QuantumInfo/Finite/Capacity.lean#L130"}, "metadata": {"blame_email_hash": "0cbf03e06ade", "blame_date": "2025-12-21T11:21:03-05:00", "inclusion_date": "2026-01-09T11:23:07.817261+00:00"}, "id": "15074347e03d274c7c097488140293e4265680ae07e94202d3259fbea1b8164a"} --agent-strategy {"name": "rfl", "args": {}}
[2026-01-12 17:41:30] [INFO] Arguments parsed: repo_path=/root/repo, output_path=/root/repo/result.json
[2026-01-12 17:41:30] [INFO] Strategy spec: {"name": "rfl", "args": {}}...
[2026-01-12 17:41:30] [INFO] Loading sorry data...
[2026-01-12 17:41:30] [INFO] Parsing sorry from JSON string...
[2026-01-12 17:41:30] [INFO] Sorry data parsed from JSON string
[2026-01-12 17:41:30] [INFO] Creating strategy from spec...
[2026-01-12 17:41:30] [INFO] Parsing strategy spec (length: 27 chars)
[2026-01-12 17:41:30] [INFO] Strategy name: rfl
[2026-01-12 17:41:30] [INFO] Strategy args: {}
[2026-01-12 17:41:30] [INFO] Pass@k value: 1
[2026-01-12 17:41:30] [INFO] Creating strategy: rfl
[2026-01-12 17:41:30] [INFO] Strategies created: ['RflStrategy']
[2026-01-12 17:41:30] [INFO] Pass@k value: 1
[2026-01-12 17:41:30] [INFO] Creating Sorry object...
[2026-01-12 17:41:30] [INFO] Sorry object created: id=15074347e03d274c7c097488140293e4265680ae07e94202d3259fbea1b8164a
[2026-01-12 17:41:30] [INFO] Sorry location: QuantumInfo/Finite/Capacity.lean:130
[2026-01-12 17:41:30] [INFO] Context before sorry (lines 125-130):
[2026-01-12 17:41:30] [INFO]   125: /-- Every quantum channel achieves a rate of zero. -/
[2026-01-12 17:41:30] [INFO]   126: theorem achievesRate_0 (Λ : CPTPMap d₁ d₂) : Λ.AchievesRate 0 := by
[2026-01-12 17:41:30] [INFO]   127:   intro ε hε
[2026-01-12 17:41:30] [INFO]   128:   use 1, zero_lt_one, 1, default
[2026-01-12 17:41:30] [INFO]   129:   constructor
[2026-01-12 17:41:30] [INFO]   130:   · have : Nonempty d₁ := by sorry--having a CPTPMap should be enough to conclude in- and out-spaces are nonempty
[2026-01-12 17:41:30] [INFO] Sorry line:   · have : Nonempty d₁ := by sorry--having a CPTPMap should be enough to conclude in- and out-spaces are nonempty
[2026-01-12 17:41:30] [INFO] Sorry goal: d₁ : Type u_1
d₂ : Type u_2
inst✝³ : Fintype d₁
inst✝² : Fintype d₂
inst✝¹ : DecidableEq d₁
inst✝ : ...
[2026-01-12 17:41:30] [INFO] ========================================
[2026-01-12 17:41:30] [INFO] Trying strategy: RflStrategy (up to 1 attempts)
[2026-01-12 17:41:30] [INFO] --------------------
[2026-01-12 17:41:30] [INFO] Strategy RflStrategy, attempt 1/1
[2026-01-12 17:41:30] [INFO] Starting proof generation...
[2026-01-12 17:41:30] [INFO] Repository path: /root/repo
[2026-01-12 17:41:30] [INFO] Proof generation completed
[2026-01-12 17:41:30] [INFO] Generated proof:
[2026-01-12 17:41:30] [INFO] rfl
[2026-01-12 17:41:30] [INFO] Proof length: 3 chars
[2026-01-12 17:41:30] [INFO] Starting proof verification...
[2026-01-12 17:41:30] [INFO] Verifying at: QuantumInfo/Finite/Capacity.lean:130
[2026-01-12 17:41:30] [INFO] Using LEAN INTERACT verify
[2026-01-12 17:41:30] [INFO] Checking file
[2026-01-12 17:42:21] [INFO] Cannot build modified file <error line="130" column="29">
<code_line>  · have : Nonempty d₁ := by rfl--having a CPTPMap should be enough to conclude in- and out-spaces are nonempty</code_line>
<message>error: Tactic `rfl` failed: Expected the goal to be a binary relation</message>
</error>

Hint: Reflexivity tactics can only be used on goals of the form `x ~ x` or `R x x`

d₁ : Type u_1
d₂ : Type u_2
inst✝³ : Fintype d₁
inst✝² : Fintype d₂
inst✝¹ : DecidableEq d₁
inst✝ : DecidableEq d₂
Λ : CPTPMap d₁ d₂ ℂ
ε : ℝ
hε : ε > 0
⊢ Nonempty d₁
[2026-01-12 17:42:21] [INFO] Proof verification completed
[2026-01-12 17:42:21] [INFO] Strategy RflStrategy attempt 1: verified=False
[2026-01-12 17:42:21] [INFO] Verification message: Cannot build modified file: <error line="130" column="29">
<code_line>  · have : Nonempty d₁ := by rfl--having a CPTPMap should be enough to conclude in- and out-spaces are nonempty</code_line>
<message>error: Tactic `rfl` failed: Expected the goal to be a binary relation</message>
</error>

Hint: Reflexivity tactics can only be used on goals of the form `x ~ x` or `R x x`

d₁ : Type u_1
d₂ : Type u_2
inst✝³ : Fintype d₁
inst✝² : Fintype d₂
inst✝¹ : DecidableEq d₁
inst✝ : DecidableEq d₂
Λ : CPTPMap d₁ d₂ ℂ
ε : ℝ
hε : ε > 0
⊢ Nonempty d₁

[2026-01-12 17:42:21] [INFO] Attempt 1 failed verification, continuing...
[2026-01-12 17:42:21] [INFO] ========================================
[2026-01-12 17:42:21] [INFO] Pass@k completed. Total results: 1
[2026-01-12 17:42:21] [INFO] FAILED: All 1 strategies x 1 attempts
[2026-01-12 17:42:21] [INFO] Writing results to file: /root/repo/result.json
[2026-01-12 17:42:21] [INFO] Result file written successfully
[2026-01-12 17:42:21] [INFO] Results exported to: /root/repo/result.json
[2026-01-12 17:42:21] [INFO] run_morphcloud_local.py completed successfully

[2026-01-12 17:42:22] [process_single_sorry] Downloading result file...
[2026-01-12 17:42:22] [process_single_sorry] Downloaded result to intermediate_experiment_outputs_full_reservoir_3_months/rfl/2026-01-12_15-54-17_rfl/individual/15074347e03d274c7c097488140293e4265680ae07e94202d3259fbea1b8164a.json
[2026-01-12 17:42:24] [process_single_sorry] Instance context closed successfully
[2026-01-12 17:42:24] [process_single_sorry] Parsing result file...
[2026-01-12 17:42:24] [process_single_sorry] Successfully parsed result (list format, 1 results)
