[2026-01-12 17:33:11] [process_single_sorry] Starting for sorry 2bac88baee9f079ef3248df92ff852f099a81fc83589a0e88abd7b9518a009d4
[2026-01-12 17:33:11] [process_single_sorry] Using snapshot: snapshot_mpkhxmvp
[2026-01-12 17:33:11] [process_single_sorry] Repository: https://github.com/FredRaj3/SemicircleLaw@ab1c284c23cf71d13f2967ff4730e99e97a96839
[2026-01-12 17:33:11] [process_single_sorry] Instance name: SemicircleLaw_ab1c284c23cf_rfl_2bac88baee9f079ef3248df92ff852f099a81fc83589a0e88abd7b9518a009d4
[2026-01-12 17:33:11] [process_single_sorry] Starting attempt 1/3
[2026-01-12 17:33:11] [process_single_sorry] Starting instance from snapshot...
[2026-01-12 17:33:11] [process_single_sorry] Instance started successfully: morphvm_yvlwrn9t
[2026-01-12 17:33:11] [process_single_sorry] Creating .env file...
[2026-01-12 17:33:17] [process_single_sorry] .env file created (exit_code: 0)
[2026-01-12 17:33:17] [process_single_sorry] Executing agent command...
[2026-01-12 17:36:35] [process_single_sorry] Agent command completed (exit_code: 0)
[2026-01-12 17:36:35] [process_single_sorry] STDOUT:

Results JSON:
[
  {
    "sorry": {
      "repo": {
        "remote": "https://github.com/FredRaj3/SemicircleLaw",
        "branch": "feat/feature-laytonandluke",
        "commit": "ab1c284c23cf71d13f2967ff4730e99e97a96839",
        "lean_version": "v4.22.0"
      },
      "location": {
        "path": "SemicircleLaw/SemicircleDistribution/SemicircleDistribution.lean",
        "start_line": 1586,
        "start_column": 50,
        "end_line": 1586,
        "end_column": 55
      },
      "debug_info": {
        "goal": "μ : ℝ\nv : NNReal\nn : ℕ\nh1 : ¬v = 0\nh2 : v > 0\nf : ℝ → ℝ := fun x => x ^ (2 * n + 1) * √(4 * ↑v - x ^ 2)\n⊢ ∀ (x : ℝ), f (-1 * x) = -f x",
        "url": "https://github.com/FredRaj3/SemicircleLaw/blob/ab1c284c23cf71d13f2967ff4730e99e97a96839/SemicircleLaw/SemicircleDistribution/SemicircleDistribution.lean#L1586"
      },
      "metadata": {
        "blame_email_hash": "8a35473559da",
        "blame_date": "2025-12-03T12:54:52-08:00",
        "inclusion_date": "2026-01-09T01:52:20.373794+00:00"
      },
      "id": "2bac88baee9f079ef3248df92ff852f099a81fc83589a0e88abd7b9518a009d4"
    },
    "proof": null,
    "proof_verified": false,
    "feedback": null,
    "verification_message": "All 1 attempts failed (1 strategies x 1 attempts each)",
    "success": true,
    "error_type": null,
    "error_message": null,
    "strategy_name": "all_failed_k=1",
    "proof_attempts": [
      "rfl"
    ]
  }
]

[2026-01-12 17:36:35] [process_single_sorry] STDERR:
None of PyTorch, TensorFlow >= 2.0, or Flax have been found. Models won't be available and only tokenizers, configuration and file/data utilities can be used.
[2026-01-12 17:33:32] [INFO] ================================================================================
[2026-01-12 17:33:32] [INFO] Starting run_morphcloud_local.py
[2026-01-12 17:33:32] [INFO] ================================================================================
[2026-01-12 17:33:32] [INFO] Environment loaded
[2026-01-12 17:33:32] [INFO] Full command: /root/SorryDB/sorrydb/cli/run_morphcloud_local.py --repo-path /root/repo --sorry-json {"repo": {"remote": "https://github.com/FredRaj3/SemicircleLaw", "branch": "feat/feature-laytonandluke", "commit": "ab1c284c23cf71d13f2967ff4730e99e97a96839", "lean_version": "v4.22.0"}, "location": {"path": "SemicircleLaw/SemicircleDistribution/SemicircleDistribution.lean", "start_line": 1586, "start_column": 50, "end_line": 1586, "end_column": 55}, "debug_info": {"goal": "\u03bc : \u211d\nv : NNReal\nn : \u2115\nh1 : \u00acv = 0\nh2 : v > 0\nf : \u211d \u2192 \u211d := fun x => x ^ (2 * n + 1) * \u221a(4 * \u2191v - x ^ 2)\n\u22a2 \u2200 (x : \u211d), f (-1 * x) = -f x", "url": "https://github.com/FredRaj3/SemicircleLaw/blob/ab1c284c23cf71d13f2967ff4730e99e97a96839/SemicircleLaw/SemicircleDistribution/SemicircleDistribution.lean#L1586"}, "metadata": {"blame_email_hash": "8a35473559da", "blame_date": "2025-12-03T12:54:52-08:00", "inclusion_date": "2026-01-09T01:52:20.373794+00:00"}, "id": "2bac88baee9f079ef3248df92ff852f099a81fc83589a0e88abd7b9518a009d4"} --agent-strategy {"name": "rfl", "args": {}}
[2026-01-12 17:33:32] [INFO] Arguments parsed: repo_path=/root/repo, output_path=/root/repo/result.json
[2026-01-12 17:33:32] [INFO] Strategy spec: {"name": "rfl", "args": {}}...
[2026-01-12 17:33:32] [INFO] Loading sorry data...
[2026-01-12 17:33:32] [INFO] Parsing sorry from JSON string...
[2026-01-12 17:33:32] [INFO] Sorry data parsed from JSON string
[2026-01-12 17:33:32] [INFO] Creating strategy from spec...
[2026-01-12 17:33:32] [INFO] Parsing strategy spec (length: 27 chars)
[2026-01-12 17:33:32] [INFO] Strategy name: rfl
[2026-01-12 17:33:32] [INFO] Strategy args: {}
[2026-01-12 17:33:32] [INFO] Pass@k value: 1
[2026-01-12 17:33:32] [INFO] Creating strategy: rfl
[2026-01-12 17:33:32] [INFO] Strategies created: ['RflStrategy']
[2026-01-12 17:33:32] [INFO] Pass@k value: 1
[2026-01-12 17:33:32] [INFO] Creating Sorry object...
[2026-01-12 17:33:32] [INFO] Sorry object created: id=2bac88baee9f079ef3248df92ff852f099a81fc83589a0e88abd7b9518a009d4
[2026-01-12 17:33:32] [INFO] Sorry location: SemicircleLaw/SemicircleDistribution/SemicircleDistribution.lean:1586
[2026-01-12 17:33:32] [INFO] Context before sorry (lines 1581-1586):
[2026-01-12 17:33:32] [INFO]   1581:     · simp_all only [ne_eq, not_false_eq_true]
[2026-01-12 17:33:32] [INFO]   1582: 
[2026-01-12 17:33:32] [INFO]   1583:   rw [semicircleReal]
[2026-01-12 17:33:32] [INFO]   1584:   simp [h1]
[2026-01-12 17:33:32] [INFO]   1585:   set f := fun (x : ℝ) ↦ x ^ (2 * n + 1) * √(4 * v - x ^ 2)
[2026-01-12 17:33:32] [INFO]   1586:   have c0 : ∀ (x : ℝ), f ((-1) * x) = - f x := by sorry
[2026-01-12 17:33:32] [INFO] Sorry line:   have c0 : ∀ (x : ℝ), f ((-1) * x) = - f x := by sorry
[2026-01-12 17:33:32] [INFO] Sorry goal: μ : ℝ
v : NNReal
n : ℕ
h1 : ¬v = 0
h2 : v > 0
f : ℝ → ℝ := fun x => x ^ (2 * n + 1) * √(4 * ↑v - x ^...
[2026-01-12 17:33:32] [INFO] ========================================
[2026-01-12 17:33:32] [INFO] Trying strategy: RflStrategy (up to 1 attempts)
[2026-01-12 17:33:32] [INFO] --------------------
[2026-01-12 17:33:32] [INFO] Strategy RflStrategy, attempt 1/1
[2026-01-12 17:33:32] [INFO] Starting proof generation...
[2026-01-12 17:33:32] [INFO] Repository path: /root/repo
[2026-01-12 17:33:32] [INFO] Proof generation completed
[2026-01-12 17:33:32] [INFO] Generated proof:
[2026-01-12 17:33:32] [INFO] rfl
[2026-01-12 17:33:32] [INFO] Proof length: 3 chars
[2026-01-12 17:33:32] [INFO] Starting proof verification...
[2026-01-12 17:33:32] [INFO] Verifying at: SemicircleLaw/SemicircleDistribution/SemicircleDistribution.lean:1586
[2026-01-12 17:33:32] [INFO] Using LEAN INTERACT verify
[2026-01-12 17:33:32] [INFO] Checking file
[2026-01-12 17:36:34] [INFO] Cannot build modified file Note: This linter can be disabled with `set_option linter.unusedVariables false`
Try this: ring_nf
<error line="1586" column="50">
<code_line>  have c0 : ∀ (x : ℝ), f ((-1) * x) = - f x := by rfl</code_line>
<message>error: tactic 'rfl' failed, expected goal to be a binary relation</message>
</error>
μ : ℝ
v : ℝ≥0
n : ℕ
h1 : ¬v = 0
h2 : v > 0
f : ℝ → ℝ := fun x => x ^ (2 * n + 1) * √(4 * ↑v - x ^ 2)
⊢ ∀ (x : ℝ), f (-1 * x) = -f x
[2026-01-12 17:36:34] [INFO] Proof verification completed
[2026-01-12 17:36:34] [INFO] Strategy RflStrategy attempt 1: verified=False
[2026-01-12 17:36:34] [INFO] Verification message: Cannot build modified file: Note: This linter can be disabled with `set_option linter.unusedVariables false`
Try this: ring_nf
<error line="1586" column="50">
<code_line>  have c0 : ∀ (x : ℝ), f ((-1) * x) = - f x := by rfl</code_line>
<message>error: tactic 'rfl' failed, expected goal to be a binary relation</message>
</error>
μ : ℝ
v : ℝ≥0
n : ℕ
h1 : ¬v = 0
h2 : v > 0
f : ℝ → ℝ := fun x => x ^ (2 * n + 1) * √(4 * ↑v - x ^ 2)
⊢ ∀ (x : ℝ), f (-1 * x) = -f x

[2026-01-12 17:36:34] [INFO] Attempt 1 failed verification, continuing...
[2026-01-12 17:36:34] [INFO] ========================================
[2026-01-12 17:36:34] [INFO] Pass@k completed. Total results: 1
[2026-01-12 17:36:34] [INFO] FAILED: All 1 strategies x 1 attempts
[2026-01-12 17:36:34] [INFO] Writing results to file: /root/repo/result.json
[2026-01-12 17:36:34] [INFO] Result file written successfully
[2026-01-12 17:36:34] [INFO] Results exported to: /root/repo/result.json
[2026-01-12 17:36:34] [INFO] run_morphcloud_local.py completed successfully

[2026-01-12 17:36:35] [process_single_sorry] Downloading result file...
[2026-01-12 17:36:37] [process_single_sorry] Downloaded result to intermediate_experiment_outputs_full_reservoir_3_months/rfl/2026-01-12_15-54-17_rfl/individual/2bac88baee9f079ef3248df92ff852f099a81fc83589a0e88abd7b9518a009d4.json
[2026-01-12 17:36:39] [process_single_sorry] Instance context closed successfully
[2026-01-12 17:36:39] [process_single_sorry] Parsing result file...
[2026-01-12 17:36:39] [process_single_sorry] Successfully parsed result (list format, 1 results)
