[2026-01-12 18:22:11] [process_single_sorry] Starting for sorry 3f4ef9e3cfcb5ab03b7b0e0387a4f687a6c7f5c0a8570e52e0d8e8b42e24c8c3
[2026-01-12 18:22:11] [process_single_sorry] Using snapshot: snapshot_ygwxe95e
[2026-01-12 18:22:11] [process_single_sorry] Repository: https://github.com/mo271/FormalBook@865934361ca7005e0a874efb39f5809117052e85
[2026-01-12 18:22:11] [process_single_sorry] Instance name: FormalBook_865934361ca7_rfl_3f4ef9e3cfcb5ab03b7b0e0387a4f687a6c7f5c0a8570e52e0d8e8b42e24c8c3
[2026-01-12 18:22:11] [process_single_sorry] Starting attempt 1/3
[2026-01-12 18:22:11] [process_single_sorry] Starting instance from snapshot...
[2026-01-12 18:22:12] [process_single_sorry] Instance started successfully: morphvm_vce8bxh6
[2026-01-12 18:22:12] [process_single_sorry] Creating .env file...
[2026-01-12 18:22:28] [process_single_sorry] .env file created (exit_code: 0)
[2026-01-12 18:22:28] [process_single_sorry] Executing agent command...
[2026-01-12 18:23:22] [process_single_sorry] Agent command completed (exit_code: 0)
[2026-01-12 18:23:22] [process_single_sorry] STDOUT:

Results JSON:
[
  {
    "sorry": {
      "repo": {
        "remote": "https://github.com/mo271/FormalBook",
        "branch": "main",
        "commit": "865934361ca7005e0a874efb39f5809117052e85",
        "lean_version": "v4.27.0-rc1"
      },
      "location": {
        "path": "FormalBook/Chapter_04.lean",
        "start_line": 287,
        "start_column": 79,
        "end_line": 287,
        "end_column": 84
      },
      "debug_info": {
        "goal": "k : ℕ\nhk : Fact (Nat.Prime (4 * k + 1))\n⊢ (fixedPoints (ch04.trivialInvo k)).Nonempty",
        "url": "https://github.com/mo271/FormalBook/blob/865934361ca7005e0a874efb39f5809117052e85/FormalBook/Chapter_04.lean#L287"
      },
      "metadata": {
        "blame_email_hash": "ef3bc37f67e8",
        "blame_date": "2024-10-20T20:48:44+02:00",
        "inclusion_date": "2026-01-10T23:51:38.906486+00:00"
      },
      "id": "3f4ef9e3cfcb5ab03b7b0e0387a4f687a6c7f5c0a8570e52e0d8e8b42e24c8c3"
    },
    "proof": null,
    "proof_verified": false,
    "feedback": null,
    "verification_message": "All 1 attempts failed (1 strategies x 1 attempts each)",
    "success": true,
    "error_type": null,
    "error_message": null,
    "strategy_name": "all_failed_k=1",
    "proof_attempts": [
      "rfl"
    ]
  }
]

[2026-01-12 18:23:22] [process_single_sorry] STDERR:
None of PyTorch, TensorFlow >= 2.0, or Flax have been found. Models won't be available and only tokenizers, configuration and file/data utilities can be used.
[2026-01-12 18:22:41] [INFO] ================================================================================
[2026-01-12 18:22:41] [INFO] Starting run_morphcloud_local.py
[2026-01-12 18:22:41] [INFO] ================================================================================
[2026-01-12 18:22:41] [INFO] Environment loaded
[2026-01-12 18:22:41] [INFO] Full command: /root/SorryDB/sorrydb/cli/run_morphcloud_local.py --repo-path /root/repo --sorry-json {"repo": {"remote": "https://github.com/mo271/FormalBook", "branch": "main", "commit": "865934361ca7005e0a874efb39f5809117052e85", "lean_version": "v4.27.0-rc1"}, "location": {"path": "FormalBook/Chapter_04.lean", "start_line": 287, "start_column": 79, "end_line": 287, "end_column": 84}, "debug_info": {"goal": "k : \u2115\nhk : Fact (Nat.Prime (4 * k + 1))\n\u22a2 (fixedPoints (ch04.trivialInvo k)).Nonempty", "url": "https://github.com/mo271/FormalBook/blob/865934361ca7005e0a874efb39f5809117052e85/FormalBook/Chapter_04.lean#L287"}, "metadata": {"blame_email_hash": "ef3bc37f67e8", "blame_date": "2024-10-20T20:48:44+02:00", "inclusion_date": "2026-01-10T23:51:38.906486+00:00"}, "id": "3f4ef9e3cfcb5ab03b7b0e0387a4f687a6c7f5c0a8570e52e0d8e8b42e24c8c3"} --agent-strategy {"name": "rfl", "args": {}}
[2026-01-12 18:22:41] [INFO] Arguments parsed: repo_path=/root/repo, output_path=/root/repo/result.json
[2026-01-12 18:22:41] [INFO] Strategy spec: {"name": "rfl", "args": {}}...
[2026-01-12 18:22:41] [INFO] Loading sorry data...
[2026-01-12 18:22:41] [INFO] Parsing sorry from JSON string...
[2026-01-12 18:22:41] [INFO] Sorry data parsed from JSON string
[2026-01-12 18:22:41] [INFO] Creating strategy from spec...
[2026-01-12 18:22:41] [INFO] Parsing strategy spec (length: 27 chars)
[2026-01-12 18:22:41] [INFO] Strategy name: rfl
[2026-01-12 18:22:41] [INFO] Strategy args: {}
[2026-01-12 18:22:41] [INFO] Pass@k value: 1
[2026-01-12 18:22:41] [INFO] Creating strategy: rfl
[2026-01-12 18:22:41] [INFO] Strategies created: ['RflStrategy']
[2026-01-12 18:22:41] [INFO] Pass@k value: 1
[2026-01-12 18:22:41] [INFO] Creating Sorry object...
[2026-01-12 18:22:41] [INFO] Sorry object created: id=3f4ef9e3cfcb5ab03b7b0e0387a4f687a6c7f5c0a8570e52e0d8e8b42e24c8c3
[2026-01-12 18:22:41] [INFO] Sorry location: FormalBook/Chapter_04.lean:287
[2026-01-12 18:22:41] [INFO] Context before sorry (lines 282-287):
[2026-01-12 18:22:41] [INFO]   282:   · exact ⟨by rw [← hS.1,Int.mul_assoc, Int.mul_comm y x, Int.mul_assoc], hS.2.2, hS.2.1⟩
[2026-01-12 18:22:41] [INFO]   283:   · exact hT
[2026-01-12 18:22:41] [INFO]   284: 
[2026-01-12 18:22:41] [INFO]   285: 
[2026-01-12 18:22:41] [INFO]   286: 
[2026-01-12 18:22:41] [INFO]   287: theorem trivialInvo_fixedPoints : (fixedPoints (trivialInvo k)).Nonempty := by sorry
[2026-01-12 18:22:41] [INFO] Sorry line: theorem trivialInvo_fixedPoints : (fixedPoints (trivialInvo k)).Nonempty := by sorry
[2026-01-12 18:22:41] [INFO] Sorry goal: k : ℕ
hk : Fact (Nat.Prime (4 * k + 1))
⊢ (fixedPoints (ch04.trivialInvo k)).Nonempty...
[2026-01-12 18:22:41] [INFO] ========================================
[2026-01-12 18:22:41] [INFO] Trying strategy: RflStrategy (up to 1 attempts)
[2026-01-12 18:22:41] [INFO] --------------------
[2026-01-12 18:22:41] [INFO] Strategy RflStrategy, attempt 1/1
[2026-01-12 18:22:41] [INFO] Starting proof generation...
[2026-01-12 18:22:41] [INFO] Repository path: /root/repo
[2026-01-12 18:22:41] [INFO] Proof generation completed
[2026-01-12 18:22:41] [INFO] Generated proof:
[2026-01-12 18:22:41] [INFO] rfl
[2026-01-12 18:22:41] [INFO] Proof length: 3 chars
[2026-01-12 18:22:41] [INFO] Starting proof verification...
[2026-01-12 18:22:41] [INFO] Verifying at: FormalBook/Chapter_04.lean:287
[2026-01-12 18:22:41] [INFO] Using LEAN INTERACT verify
[2026-01-12 18:22:41] [INFO] Checking file
[2026-01-12 18:23:21] [INFO] Cannot build modified file Prod.mk.injEq

Hint: Omit it from the simp argument list.
  simp only [secondInvo, secondInvo_fun, sub_sub_cancel, id_eq, Subtype.mk.injEq, P̵r̵o̵d̵.̵m̵k̵.̵i̵n̵j̵E̵q̵,̵
  ̵ ̵ ̵ ̵ ̵and_true]

Note: This linter can be disabled with `set_option linter.unusedSimpArgs false`
  and_true

Hint: Omit it from the simp argument list.
  simp only [secondInvo, secondInvo_fun, sub_sub_cancel, id_eq, Subtype.mk.injEq, Prod.mk.injEq,̵
  ̵ ̵ ̵ ̵ ̵a̵n̵d̵_̵t̵r̵u̵e̵]

Note: This linter can be disabled with `set_option linter.unusedSimpArgs false`
  Subtype.mk.injEq

Hint: Omit it from the simp argument list.
  simp only [ ̵S̵u̵b̵t̵y̵p̵e̵.̵m̵k̵.̵i̵n̵j̵E̵q̵,̵ ̵Prod.mk.injEq, true_and] at hf

Note: This linter can be disabled with `set_option linter.unusedSimpArgs false`
  Prod.mk.injEq

Hint: Omit it from the simp argument list.
  simp only [̵ ̵S̵u̵b̵t̵y̵p̵e̵.̵m̵k̵.̵i̵n̵j̵E̵q̵,̵ ̵P̵r̵o̵d̵.̵m̵k̵.̵i̵n̵j̵E̵q̵,̵[̲S̲u̲b̲t̲y̲p̲e̲.̲m̲k̲.̲i̲n̲j̲E̲q̲,̲ true_and] at hf

Note: This linter can be disabled with `set_option linter.unusedSimpArgs false`
  true_and

Hint: Omit it from the simp argument list.
  simp only [̵ ̵S̵u̵b̵t̵y̵p̵e̵.̵m̵k̵.̵i̵n̵j̵E̵q̵,̵ ̵P̵r̵o̵d̵.̵m̵k̵.̵i̵n̵j̵E̵q̵,̵ ̵t̵r̵u̵e̵_̵a̵n̵d̵]̵[̲S̲u̲b̲t̲y̲p̲e̲.̲m̲k̲.̲i̲n̲j̲E̲q̲,̲ ̲P̲r̲o̲d̲.̲m̲k̲.̲i̲n̲j̲E̲q̲]̲ at hf

Note: This linter can be disabled with `set_option linter.unusedSimpArgs false`
<error line="287" column="79">
<code_line>theorem trivialInvo_fixedPoints : (fixedPoints (trivialInvo k)).Nonempty := by rfl</code_line>
<message>error: Tactic `rfl` failed: The left-hand side</message>
</error>
  ↑(T k)
is not definitionally equal to the right-hand side
  fixedPoints (trivialInvo k)

k : ℕ
hk : Fact (Nat.Prime (4 * k + 1))
⊢ (fixedPoints (trivialInvo k)).Nonempty
(2, 5, 6)
[2026-01-12 18:23:21] [INFO] Proof verification completed
[2026-01-12 18:23:21] [INFO] Strategy RflStrategy attempt 1: verified=False
[2026-01-12 18:23:21] [INFO] Verification message: Cannot build modified file: Prod.mk.injEq

Hint: Omit it from the simp argument list.
  simp only [secondInvo, secondInvo_fun, sub_sub_cancel, id_eq, Subtype.mk.injEq, P̵r̵o̵d̵.̵m̵k̵.̵i̵n̵j̵E̵q̵,̵
  ̵ ̵ ̵ ̵ ̵and_true]

Note: This linter can be disabled with `set_option linter.unusedSimpArgs false`
  and_true

Hint: Omit it from the simp argument list.
  simp only [secondInvo, secondInvo_fun, sub_sub_cancel, id_eq, Subtype.mk.injEq, Prod.mk.injEq,̵
  ̵ ̵ ̵ ̵ ̵a̵n̵d̵_̵t̵r̵u̵e̵]

Note: This linter can be disabled with `set_option linter.unusedSimpArgs false`
  Subtype.mk.injEq

Hint: Omit it from the simp argument list.
  simp only [ ̵S̵u̵b̵t̵y̵p̵e̵.̵m̵k̵.̵i̵n̵j̵E̵q̵,̵ ̵Prod.mk.injEq, true_and] at hf

Note: This linter can be disabled with `set_option linter.unusedSimpArgs false`
  Prod.mk.injEq

Hint: Omit it from the simp argument list.
  simp only [̵ ̵S̵u̵b̵t̵y̵p̵e̵.̵m̵k̵.̵i̵n̵j̵E̵q̵,̵ ̵P̵r̵o̵d̵.̵m̵k̵.̵i̵n̵j̵E̵q̵,̵[̲S̲u̲b̲t̲y̲p̲e̲.̲m̲k̲.̲i̲n̲j̲E̲q̲,̲ true_and] at hf

Note: This linter can be disabled with `set_option linter.unusedSimpArgs false`
  true_and

Hint: Omit it from the simp argument list.
  simp only [̵ ̵S̵u̵b̵t̵y̵p̵e̵.̵m̵k̵.̵i̵n̵j̵E̵q̵,̵ ̵P̵r̵o̵d̵.̵m̵k̵.̵i̵n̵j̵E̵q̵,̵ ̵t̵r̵u̵e̵_̵a̵n̵d̵]̵[̲S̲u̲b̲t̲y̲p̲e̲.̲m̲k̲.̲i̲n̲j̲E̲q̲,̲ ̲P̲r̲o̲d̲.̲m̲k̲.̲i̲n̲j̲E̲q̲]̲ at hf

Note: This linter can be disabled with `set_option linter.unusedSimpArgs false`
<error line="287" column="79">
<code_line>theorem trivialInvo_fixedPoints : (fixedPoints (trivialInvo k)).Nonempty := by rfl</code_line>
<message>error: Tactic `rfl` failed: The left-hand side</message>
</error>
  ↑(T k)
is not definitionally equal to the right-hand side
  fixedPoints (trivialInvo k)

k : ℕ
hk : Fact (Nat.Prime (4 * k + 1))
⊢ (fixedPoints (trivialInvo k)).Nonempty
(2, 5, 6)

[2026-01-12 18:23:21] [INFO] Attempt 1 failed verification, continuing...
[2026-01-12 18:23:21] [INFO] ========================================
[2026-01-12 18:23:21] [INFO] Pass@k completed. Total results: 1
[2026-01-12 18:23:21] [INFO] FAILED: All 1 strategies x 1 attempts
[2026-01-12 18:23:21] [INFO] Writing results to file: /root/repo/result.json
[2026-01-12 18:23:21] [INFO] Result file written successfully
[2026-01-12 18:23:21] [INFO] Results exported to: /root/repo/result.json
[2026-01-12 18:23:21] [INFO] run_morphcloud_local.py completed successfully

[2026-01-12 18:23:22] [process_single_sorry] Downloading result file...
[2026-01-12 18:23:23] [process_single_sorry] Downloaded result to intermediate_experiment_outputs_full_reservoir_3_months/rfl/2026-01-12_15-54-17_rfl/individual/3f4ef9e3cfcb5ab03b7b0e0387a4f687a6c7f5c0a8570e52e0d8e8b42e24c8c3.json
[2026-01-12 18:23:25] [process_single_sorry] Instance context closed successfully
[2026-01-12 18:23:25] [process_single_sorry] Parsing result file...
[2026-01-12 18:23:25] [process_single_sorry] Successfully parsed result (list format, 1 results)
