[2026-01-12 18:34:55] [process_single_sorry] Starting for sorry 4766a510e20c1a92603f4e3190d609dc0382045bba2596e3d0ac2c98d04048f5
[2026-01-12 18:34:55] [process_single_sorry] Using snapshot: snapshot_iyr4mfj4
[2026-01-12 18:34:55] [process_single_sorry] Repository: https://github.com/kbuzzard/ClassFieldTheory@d5afa813a4bb4d159ffeaf468f2b6a6821ed3827
[2026-01-12 18:34:55] [process_single_sorry] Instance name: ClassFieldTheory_d5afa813a4bb_rfl_4766a510e20c1a92603f4e3190d609dc0382045bba2596e3d0ac2c98d04048f5
[2026-01-12 18:34:55] [process_single_sorry] Starting attempt 1/3
[2026-01-12 18:34:55] [process_single_sorry] Starting instance from snapshot...
[2026-01-12 18:35:03] [process_single_sorry] Instance started successfully: morphvm_l79kg9pn
[2026-01-12 18:35:03] [process_single_sorry] Creating .env file...
[2026-01-12 18:35:24] [process_single_sorry] .env file created (exit_code: 0)
[2026-01-12 18:35:24] [process_single_sorry] Executing agent command...
[2026-01-12 18:36:20] [process_single_sorry] Agent command completed (exit_code: 0)
[2026-01-12 18:36:20] [process_single_sorry] STDOUT:

Results JSON:
[
  {
    "sorry": {
      "repo": {
        "remote": "https://github.com/kbuzzard/ClassFieldTheory",
        "branch": "kbuzzard-bump",
        "commit": "d5afa813a4bb4d159ffeaf468f2b6a6821ed3827",
        "lean_version": "v4.26.0-rc2"
      },
      "location": {
        "path": "ClassFieldTheory/IsNonarchimedeanLocalField/Valuation.lean",
        "start_line": 25,
        "start_column": 59,
        "end_line": 25,
        "end_column": 64
      },
      "debug_info": {
        "goal": "K : Type u_1\ninst✝¹ : Field K\ninst✝ : ValuativeRel K\nx : K\n⊢ (valuation K) x = 1 ↔ ∃ r, x = ↑↑r",
        "url": "https://github.com/kbuzzard/ClassFieldTheory/blob/d5afa813a4bb4d159ffeaf468f2b6a6821ed3827/ClassFieldTheory/IsNonarchimedeanLocalField/Valuation.lean#L25"
      },
      "metadata": {
        "blame_email_hash": "c7989443bd81",
        "blame_date": "2025-11-14T14:32:37+00:00",
        "inclusion_date": "2026-01-10T07:14:41.703639+00:00"
      },
      "id": "4766a510e20c1a92603f4e3190d609dc0382045bba2596e3d0ac2c98d04048f5"
    },
    "proof": null,
    "proof_verified": false,
    "feedback": null,
    "verification_message": "All 1 attempts failed (1 strategies x 1 attempts each)",
    "success": true,
    "error_type": null,
    "error_message": null,
    "strategy_name": "all_failed_k=1",
    "proof_attempts": [
      "rfl"
    ]
  }
]

[2026-01-12 18:36:20] [process_single_sorry] STDERR:
None of PyTorch, TensorFlow >= 2.0, or Flax have been found. Models won't be available and only tokenizers, configuration and file/data utilities can be used.
[2026-01-12 18:35:42] [INFO] ================================================================================
[2026-01-12 18:35:42] [INFO] Starting run_morphcloud_local.py
[2026-01-12 18:35:42] [INFO] ================================================================================
[2026-01-12 18:35:42] [INFO] Environment loaded
[2026-01-12 18:35:42] [INFO] Full command: /root/SorryDB/sorrydb/cli/run_morphcloud_local.py --repo-path /root/repo --sorry-json {"repo": {"remote": "https://github.com/kbuzzard/ClassFieldTheory", "branch": "kbuzzard-bump", "commit": "d5afa813a4bb4d159ffeaf468f2b6a6821ed3827", "lean_version": "v4.26.0-rc2"}, "location": {"path": "ClassFieldTheory/IsNonarchimedeanLocalField/Valuation.lean", "start_line": 25, "start_column": 59, "end_line": 25, "end_column": 64}, "debug_info": {"goal": "K : Type u_1\ninst\u271d\u00b9 : Field K\ninst\u271d : ValuativeRel K\nx : K\n\u22a2 (valuation K) x = 1 \u2194 \u2203 r, x = \u2191\u2191r", "url": "https://github.com/kbuzzard/ClassFieldTheory/blob/d5afa813a4bb4d159ffeaf468f2b6a6821ed3827/ClassFieldTheory/IsNonarchimedeanLocalField/Valuation.lean#L25"}, "metadata": {"blame_email_hash": "c7989443bd81", "blame_date": "2025-11-14T14:32:37+00:00", "inclusion_date": "2026-01-10T07:14:41.703639+00:00"}, "id": "4766a510e20c1a92603f4e3190d609dc0382045bba2596e3d0ac2c98d04048f5"} --agent-strategy {"name": "rfl", "args": {}}
[2026-01-12 18:35:42] [INFO] Arguments parsed: repo_path=/root/repo, output_path=/root/repo/result.json
[2026-01-12 18:35:42] [INFO] Strategy spec: {"name": "rfl", "args": {}}...
[2026-01-12 18:35:42] [INFO] Loading sorry data...
[2026-01-12 18:35:42] [INFO] Parsing sorry from JSON string...
[2026-01-12 18:35:42] [INFO] Sorry data parsed from JSON string
[2026-01-12 18:35:42] [INFO] Creating strategy from spec...
[2026-01-12 18:35:42] [INFO] Parsing strategy spec (length: 27 chars)
[2026-01-12 18:35:42] [INFO] Strategy name: rfl
[2026-01-12 18:35:42] [INFO] Strategy args: {}
[2026-01-12 18:35:42] [INFO] Pass@k value: 1
[2026-01-12 18:35:42] [INFO] Creating strategy: rfl
[2026-01-12 18:35:42] [INFO] Strategies created: ['RflStrategy']
[2026-01-12 18:35:42] [INFO] Pass@k value: 1
[2026-01-12 18:35:42] [INFO] Creating Sorry object...
[2026-01-12 18:35:42] [INFO] Sorry object created: id=4766a510e20c1a92603f4e3190d609dc0382045bba2596e3d0ac2c98d04048f5
[2026-01-12 18:35:42] [INFO] Sorry location: ClassFieldTheory/IsNonarchimedeanLocalField/Valuation.lean:25
[2026-01-12 18:35:42] [INFO] Context before sorry (lines 20-25):
[2026-01-12 18:35:42] [INFO]   20: 
[2026-01-12 18:35:42] [INFO]   21: section proofWanted
[2026-01-12 18:35:42] [INFO]   22: 
[2026-01-12 18:35:42] [INFO]   23: -- I only need it for IsNonarchimedeanLocalField but it should be true in this generality
[2026-01-12 18:35:43] [INFO]   24: lemma valuation_eq_one_iff (K : Type*) [Field K] [ValuativeRel K] (x : K) :
[2026-01-12 18:35:43] [INFO]   25:   (ValuativeRel.valuation K) x = 1 ↔ ∃ r : 𝒪[K]ˣ, x = r := sorry
[2026-01-12 18:35:43] [INFO] Sorry line:   (ValuativeRel.valuation K) x = 1 ↔ ∃ r : 𝒪[K]ˣ, x = r := sorry
[2026-01-12 18:35:43] [INFO] Sorry goal: K : Type u_1
inst✝¹ : Field K
inst✝ : ValuativeRel K
x : K
⊢ (valuation K) x = 1 ↔ ∃ r, x = ↑↑r...
[2026-01-12 18:35:43] [INFO] ========================================
[2026-01-12 18:35:43] [INFO] Trying strategy: RflStrategy (up to 1 attempts)
[2026-01-12 18:35:43] [INFO] --------------------
[2026-01-12 18:35:43] [INFO] Strategy RflStrategy, attempt 1/1
[2026-01-12 18:35:43] [INFO] Starting proof generation...
[2026-01-12 18:35:43] [INFO] Repository path: /root/repo
[2026-01-12 18:35:43] [INFO] Proof generation completed
[2026-01-12 18:35:43] [INFO] Generated proof:
[2026-01-12 18:35:43] [INFO] rfl
[2026-01-12 18:35:43] [INFO] Proof length: 3 chars
[2026-01-12 18:35:43] [INFO] Starting proof verification...
[2026-01-12 18:35:43] [INFO] Verifying at: ClassFieldTheory/IsNonarchimedeanLocalField/Valuation.lean:25
[2026-01-12 18:35:43] [INFO] Using LEAN INTERACT verify
[2026-01-12 18:35:43] [INFO] Checking file
[2026-01-12 18:36:19] [INFO] Cannot build modified file <error line="24" column="0">
<code_line>lemma valuation_eq_one_iff (K : Type*) [Field K] [ValuativeRel K] (x : K) :</code_line>
<message>error: Not a definitional equality: the conclusion should be an equality, but is</message>
</error>
  (valuation K) x = 1 ↔ ∃ r, x = ↑↑r
<error line="25" column="59">
<code_line>  (ValuativeRel.valuation K) x = 1 ↔ ∃ r : 𝒪[K]ˣ, x = r := rfl</code_line>
<message>error: Type mismatch</message>
</error>
  rfl
has type
  ?m.18 = ?m.18
but is expected to have type
  (valuation K) x = 1 ↔ ∃ r, x = ↑↑r
[2026-01-12 18:36:19] [INFO] Proof verification completed
[2026-01-12 18:36:19] [INFO] Strategy RflStrategy attempt 1: verified=False
[2026-01-12 18:36:19] [INFO] Verification message: Cannot build modified file: <error line="24" column="0">
<code_line>lemma valuation_eq_one_iff (K : Type*) [Field K] [ValuativeRel K] (x : K) :</code_line>
<message>error: Not a definitional equality: the conclusion should be an equality, but is</message>
</error>
  (valuation K) x = 1 ↔ ∃ r, x = ↑↑r
<error line="25" column="59">
<code_line>  (ValuativeRel.valuation K) x = 1 ↔ ∃ r : 𝒪[K]ˣ, x = r := rfl</code_line>
<message>error: Type mismatch</message>
</error>
  rfl
has type
  ?m.18 = ?m.18
but is expected to have type
  (valuation K) x = 1 ↔ ∃ r, x = ↑↑r

[2026-01-12 18:36:19] [INFO] Attempt 1 failed verification, continuing...
[2026-01-12 18:36:19] [INFO] ========================================
[2026-01-12 18:36:19] [INFO] Pass@k completed. Total results: 1
[2026-01-12 18:36:19] [INFO] FAILED: All 1 strategies x 1 attempts
[2026-01-12 18:36:19] [INFO] Writing results to file: /root/repo/result.json
[2026-01-12 18:36:19] [INFO] Result file written successfully
[2026-01-12 18:36:19] [INFO] Results exported to: /root/repo/result.json
[2026-01-12 18:36:19] [INFO] run_morphcloud_local.py completed successfully

[2026-01-12 18:36:20] [process_single_sorry] Downloading result file...
[2026-01-12 18:36:21] [process_single_sorry] Downloaded result to intermediate_experiment_outputs_full_reservoir_3_months/rfl/2026-01-12_15-54-17_rfl/individual/4766a510e20c1a92603f4e3190d609dc0382045bba2596e3d0ac2c98d04048f5.json
[2026-01-12 18:36:23] [process_single_sorry] Instance context closed successfully
[2026-01-12 18:36:23] [process_single_sorry] Parsing result file...
[2026-01-12 18:36:23] [process_single_sorry] Successfully parsed result (list format, 1 results)
