[2026-01-12 18:27:37] [process_single_sorry] Starting for sorry 487083a0bf23b66f31976c63d0a363f3d6974c59efa1016bcabe09910e46bb51
[2026-01-12 18:27:37] [process_single_sorry] Using snapshot: snapshot_cphh6iqs
[2026-01-12 18:27:37] [process_single_sorry] Repository: https://github.com/powdr-labs/leanr@e1aaac55d4e4a0390321682da1ed9922a867c8e5
[2026-01-12 18:27:37] [process_single_sorry] Instance name: leanr_e1aaac55d4e4_rfl_487083a0bf23b66f31976c63d0a363f3d6974c59efa1016bcabe09910e46bb51
[2026-01-12 18:27:37] [process_single_sorry] Starting attempt 1/3
[2026-01-12 18:27:37] [process_single_sorry] Starting instance from snapshot...
[2026-01-12 18:27:40] [process_single_sorry] Instance started successfully: morphvm_pnki2eov
[2026-01-12 18:27:40] [process_single_sorry] Creating .env file...
[2026-01-12 18:27:51] [process_single_sorry] .env file created (exit_code: 0)
[2026-01-12 18:27:51] [process_single_sorry] Executing agent command...
[2026-01-12 18:28:41] [process_single_sorry] Agent command completed (exit_code: 0)
[2026-01-12 18:28:41] [process_single_sorry] STDOUT:

Results JSON:
[
  {
    "sorry": {
      "repo": {
        "remote": "https://github.com/powdr-labs/leanr",
        "branch": "string_parser",
        "commit": "e1aaac55d4e4a0390321682da1ed9922a867c8e5",
        "lean_version": "v4.24.0-rc1"
      },
      "location": {
        "path": "Leanr/AffineExpression.lean",
        "start_line": 53,
        "start_column": 27,
        "end_line": 53,
        "end_column": 32
      },
      "debug_info": {
        "goal": "p : ℕ\ne : Expression p\nae : AffineExpression p\n⊢ some ae = AffineExpression.ofExpression? p e → AffineExpression.eval p ae = e.eval",
        "url": "https://github.com/powdr-labs/leanr/blob/e1aaac55d4e4a0390321682da1ed9922a867c8e5/Leanr/AffineExpression.lean#L53"
      },
      "metadata": {
        "blame_email_hash": "6e2697f63738",
        "blame_date": "2025-10-02T15:51:30+00:00",
        "inclusion_date": "2026-01-11T01:22:09.011860+00:00"
      },
      "id": "487083a0bf23b66f31976c63d0a363f3d6974c59efa1016bcabe09910e46bb51"
    },
    "proof": null,
    "proof_verified": false,
    "feedback": null,
    "verification_message": "All 1 attempts failed (1 strategies x 1 attempts each)",
    "success": true,
    "error_type": null,
    "error_message": null,
    "strategy_name": "all_failed_k=1",
    "proof_attempts": [
      "rfl"
    ]
  }
]

[2026-01-12 18:28:41] [process_single_sorry] STDERR:
None of PyTorch, TensorFlow >= 2.0, or Flax have been found. Models won't be available and only tokenizers, configuration and file/data utilities can be used.
[2026-01-12 18:28:17] [INFO] ================================================================================
[2026-01-12 18:28:17] [INFO] Starting run_morphcloud_local.py
[2026-01-12 18:28:17] [INFO] ================================================================================
[2026-01-12 18:28:17] [INFO] Environment loaded
[2026-01-12 18:28:17] [INFO] Full command: /root/SorryDB/sorrydb/cli/run_morphcloud_local.py --repo-path /root/repo --sorry-json {"repo": {"remote": "https://github.com/powdr-labs/leanr", "branch": "string_parser", "commit": "e1aaac55d4e4a0390321682da1ed9922a867c8e5", "lean_version": "v4.24.0-rc1"}, "location": {"path": "Leanr/AffineExpression.lean", "start_line": 53, "start_column": 27, "end_line": 53, "end_column": 32}, "debug_info": {"goal": "p : \u2115\ne : Expression p\nae : AffineExpression p\n\u22a2 some ae = AffineExpression.ofExpression? p e \u2192 AffineExpression.eval p ae = e.eval", "url": "https://github.com/powdr-labs/leanr/blob/e1aaac55d4e4a0390321682da1ed9922a867c8e5/Leanr/AffineExpression.lean#L53"}, "metadata": {"blame_email_hash": "6e2697f63738", "blame_date": "2025-10-02T15:51:30+00:00", "inclusion_date": "2026-01-11T01:22:09.011860+00:00"}, "id": "487083a0bf23b66f31976c63d0a363f3d6974c59efa1016bcabe09910e46bb51"} --agent-strategy {"name": "rfl", "args": {}}
[2026-01-12 18:28:17] [INFO] Arguments parsed: repo_path=/root/repo, output_path=/root/repo/result.json
[2026-01-12 18:28:17] [INFO] Strategy spec: {"name": "rfl", "args": {}}...
[2026-01-12 18:28:17] [INFO] Loading sorry data...
[2026-01-12 18:28:17] [INFO] Parsing sorry from JSON string...
[2026-01-12 18:28:17] [INFO] Sorry data parsed from JSON string
[2026-01-12 18:28:17] [INFO] Creating strategy from spec...
[2026-01-12 18:28:17] [INFO] Parsing strategy spec (length: 27 chars)
[2026-01-12 18:28:17] [INFO] Strategy name: rfl
[2026-01-12 18:28:17] [INFO] Strategy args: {}
[2026-01-12 18:28:17] [INFO] Pass@k value: 1
[2026-01-12 18:28:17] [INFO] Creating strategy: rfl
[2026-01-12 18:28:17] [INFO] Strategies created: ['RflStrategy']
[2026-01-12 18:28:17] [INFO] Pass@k value: 1
[2026-01-12 18:28:17] [INFO] Creating Sorry object...
[2026-01-12 18:28:17] [INFO] Sorry object created: id=487083a0bf23b66f31976c63d0a363f3d6974c59efa1016bcabe09910e46bb51
[2026-01-12 18:28:17] [INFO] Sorry location: Leanr/AffineExpression.lean:53
[2026-01-12 18:28:18] [INFO] Context before sorry (lines 48-53):
[2026-01-12 18:28:18] [INFO]   48:   e.affine.foldl (fun acc k v => acc + v * env k) 0
[2026-01-12 18:28:18] [INFO]   49: 
[2026-01-12 18:28:18] [INFO]   50: --- If an expression can be converted to an affine expression, then their evaluations are the same.
[2026-01-12 18:28:18] [INFO]   51: theorem ofExpression_correct (p : ℕ) (e : Expression p) (ae : AffineExpression p) :
[2026-01-12 18:28:18] [INFO]   52:   some ae = AffineExpression.ofExpression? e
[2026-01-12 18:28:18] [INFO]   53:   → ae.eval = e.eval := by sorry
[2026-01-12 18:28:18] [INFO] Sorry line:   → ae.eval = e.eval := by sorry
[2026-01-12 18:28:18] [INFO] Sorry goal: p : ℕ
e : Expression p
ae : AffineExpression p
⊢ some ae = AffineExpression.ofExpression? p e → Affi...
[2026-01-12 18:28:18] [INFO] ========================================
[2026-01-12 18:28:18] [INFO] Trying strategy: RflStrategy (up to 1 attempts)
[2026-01-12 18:28:18] [INFO] --------------------
[2026-01-12 18:28:18] [INFO] Strategy RflStrategy, attempt 1/1
[2026-01-12 18:28:18] [INFO] Starting proof generation...
[2026-01-12 18:28:18] [INFO] Repository path: /root/repo
[2026-01-12 18:28:18] [INFO] Proof generation completed
[2026-01-12 18:28:18] [INFO] Generated proof:
[2026-01-12 18:28:18] [INFO] rfl
[2026-01-12 18:28:18] [INFO] Proof length: 3 chars
[2026-01-12 18:28:18] [INFO] Starting proof verification...
[2026-01-12 18:28:18] [INFO] Verifying at: Leanr/AffineExpression.lean:53
[2026-01-12 18:28:18] [INFO] Using LEAN INTERACT verify
[2026-01-12 18:28:18] [INFO] Checking file
[2026-01-12 18:28:40] [INFO] Cannot build modified file <error line="1" column="0">
<code_line>import Mathlib.Data.ZMod.Basic</code_line>
<message>error: object file '/root/repo/.lake/build/lib/lean/Leanr/Expression.olean' of module Leanr.Expression does not exist</message>
</error>
[2026-01-12 18:28:40] [INFO] Proof verification completed
[2026-01-12 18:28:40] [INFO] Strategy RflStrategy attempt 1: verified=False
[2026-01-12 18:28:40] [INFO] Verification message: Cannot build modified file: <error line="1" column="0">
<code_line>import Mathlib.Data.ZMod.Basic</code_line>
<message>error: object file '/root/repo/.lake/build/lib/lean/Leanr/Expression.olean' of module Leanr.Expression does not exist</message>
</error>

[2026-01-12 18:28:40] [INFO] Attempt 1 failed verification, continuing...
[2026-01-12 18:28:40] [INFO] ========================================
[2026-01-12 18:28:40] [INFO] Pass@k completed. Total results: 1
[2026-01-12 18:28:40] [INFO] FAILED: All 1 strategies x 1 attempts
[2026-01-12 18:28:40] [INFO] Writing results to file: /root/repo/result.json
[2026-01-12 18:28:40] [INFO] Result file written successfully
[2026-01-12 18:28:40] [INFO] Results exported to: /root/repo/result.json
[2026-01-12 18:28:40] [INFO] run_morphcloud_local.py completed successfully

[2026-01-12 18:28:41] [process_single_sorry] Downloading result file...
[2026-01-12 18:28:42] [process_single_sorry] Downloaded result to intermediate_experiment_outputs_full_reservoir_3_months/rfl/2026-01-12_15-54-17_rfl/individual/487083a0bf23b66f31976c63d0a363f3d6974c59efa1016bcabe09910e46bb51.json
[2026-01-12 18:28:44] [process_single_sorry] Instance context closed successfully
[2026-01-12 18:28:44] [process_single_sorry] Parsing result file...
[2026-01-12 18:28:44] [process_single_sorry] Successfully parsed result (list format, 1 results)
