[2026-01-12 18:21:24] [process_single_sorry] Starting for sorry 589ac7b645ccf7c434f7686051ee627a04704b3141a80debcd2d2ed4358562b3
[2026-01-12 18:21:24] [process_single_sorry] Using snapshot: snapshot_ygwxe95e
[2026-01-12 18:21:24] [process_single_sorry] Repository: https://github.com/mo271/FormalBook@865934361ca7005e0a874efb39f5809117052e85
[2026-01-12 18:21:24] [process_single_sorry] Instance name: FormalBook_865934361ca7_rfl_589ac7b645ccf7c434f7686051ee627a04704b3141a80debcd2d2ed4358562b3
[2026-01-12 18:21:24] [process_single_sorry] Starting attempt 1/3
[2026-01-12 18:21:24] [process_single_sorry] Starting instance from snapshot...
[2026-01-12 18:21:32] [process_single_sorry] Instance started successfully: morphvm_guuyx9nw
[2026-01-12 18:21:32] [process_single_sorry] Creating .env file...
[2026-01-12 18:21:50] [process_single_sorry] .env file created (exit_code: 0)
[2026-01-12 18:21:50] [process_single_sorry] Executing agent command...
[2026-01-12 18:23:57] [process_single_sorry] Agent command completed (exit_code: 0)
[2026-01-12 18:23:57] [process_single_sorry] STDOUT:

Results JSON:
[
  {
    "sorry": {
      "repo": {
        "remote": "https://github.com/mo271/FormalBook",
        "branch": "main",
        "commit": "865934361ca7005e0a874efb39f5809117052e85",
        "lean_version": "v4.27.0-rc1"
      },
      "location": {
        "path": "FormalBook/Chapter_28.lean",
        "start_line": 64,
        "start_column": 65,
        "end_line": 64,
        "end_column": 70
      },
      "debug_info": {
        "goal": "α : Type u_1\ninst✝² : Fintype α\ninst✝¹ : DecidableEq α\nG : SimpleGraph α\ninst✝ : DecidableRel G.Adj\ne : Sym2 α\nhe : e ∈ G.edgeFinset\n⊢ {v | v ∈ e}.card = 2",
        "url": "https://github.com/mo271/FormalBook/blob/865934361ca7005e0a874efb39f5809117052e85/FormalBook/Chapter_28.lean#L64"
      },
      "metadata": {
        "blame_email_hash": "ef3bc37f67e8",
        "blame_date": "2025-08-31T10:16:06+02:00",
        "inclusion_date": "2026-01-10T23:51:38.906486+00:00"
      },
      "id": "589ac7b645ccf7c434f7686051ee627a04704b3141a80debcd2d2ed4358562b3"
    },
    "proof": null,
    "proof_verified": false,
    "feedback": null,
    "verification_message": "All 1 attempts failed (1 strategies x 1 attempts each)",
    "success": true,
    "error_type": null,
    "error_message": null,
    "strategy_name": "all_failed_k=1",
    "proof_attempts": [
      "rfl"
    ]
  }
]

[2026-01-12 18:23:57] [process_single_sorry] STDERR:
None of PyTorch, TensorFlow >= 2.0, or Flax have been found. Models won't be available and only tokenizers, configuration and file/data utilities can be used.
[2026-01-12 18:22:18] [INFO] ================================================================================
[2026-01-12 18:22:18] [INFO] Starting run_morphcloud_local.py
[2026-01-12 18:22:18] [INFO] ================================================================================
[2026-01-12 18:22:18] [INFO] Environment loaded
[2026-01-12 18:22:18] [INFO] Full command: /root/SorryDB/sorrydb/cli/run_morphcloud_local.py --repo-path /root/repo --sorry-json {"repo": {"remote": "https://github.com/mo271/FormalBook", "branch": "main", "commit": "865934361ca7005e0a874efb39f5809117052e85", "lean_version": "v4.27.0-rc1"}, "location": {"path": "FormalBook/Chapter_28.lean", "start_line": 64, "start_column": 65, "end_line": 64, "end_column": 70}, "debug_info": {"goal": "\u03b1 : Type u_1\ninst\u271d\u00b2 : Fintype \u03b1\ninst\u271d\u00b9 : DecidableEq \u03b1\nG : SimpleGraph \u03b1\ninst\u271d : DecidableRel G.Adj\ne : Sym2 \u03b1\nhe : e \u2208 G.edgeFinset\n\u22a2 {v | v \u2208 e}.card = 2", "url": "https://github.com/mo271/FormalBook/blob/865934361ca7005e0a874efb39f5809117052e85/FormalBook/Chapter_28.lean#L64"}, "metadata": {"blame_email_hash": "ef3bc37f67e8", "blame_date": "2025-08-31T10:16:06+02:00", "inclusion_date": "2026-01-10T23:51:38.906486+00:00"}, "id": "589ac7b645ccf7c434f7686051ee627a04704b3141a80debcd2d2ed4358562b3"} --agent-strategy {"name": "rfl", "args": {}}
[2026-01-12 18:22:18] [INFO] Arguments parsed: repo_path=/root/repo, output_path=/root/repo/result.json
[2026-01-12 18:22:18] [INFO] Strategy spec: {"name": "rfl", "args": {}}...
[2026-01-12 18:22:18] [INFO] Loading sorry data...
[2026-01-12 18:22:18] [INFO] Parsing sorry from JSON string...
[2026-01-12 18:22:18] [INFO] Sorry data parsed from JSON string
[2026-01-12 18:22:18] [INFO] Creating strategy from spec...
[2026-01-12 18:22:18] [INFO] Parsing strategy spec (length: 27 chars)
[2026-01-12 18:22:18] [INFO] Strategy name: rfl
[2026-01-12 18:22:18] [INFO] Strategy args: {}
[2026-01-12 18:22:18] [INFO] Pass@k value: 1
[2026-01-12 18:22:18] [INFO] Creating strategy: rfl
[2026-01-12 18:22:18] [INFO] Strategies created: ['RflStrategy']
[2026-01-12 18:22:18] [INFO] Pass@k value: 1
[2026-01-12 18:22:18] [INFO] Creating Sorry object...
[2026-01-12 18:22:18] [INFO] Sorry object created: id=589ac7b645ccf7c434f7686051ee627a04704b3141a80debcd2d2ed4358562b3
[2026-01-12 18:22:18] [INFO] Sorry location: FormalBook/Chapter_28.lean:64
[2026-01-12 18:22:18] [INFO] Context before sorry (lines 59-64):
[2026-01-12 18:22:18] [INFO]   59:   calc  ∑ v, d(v)
[2026-01-12 18:22:18] [INFO]   60:     _ = ∑ v, #I(v)             := by simp [G.card_incidenceFinset_eq_degree]
[2026-01-12 18:22:18] [INFO]   61:     _ = ∑ v, #{e ∈ E | v ∈ e}  := by simp [G.incidenceFinset_eq_filter]
[2026-01-12 18:22:18] [INFO]   62:     _ = ∑ e ∈ E, #{v | v ∈ e}  := Finset.sum_card_bipartiteAbove_eq_sum_card_bipartiteBelow _
[2026-01-12 18:22:18] [INFO]   63:     -- FIXME: was (G.card_filter_mem_of_mem_edgeFinset e he)) but is commented out currently in Mathlib.EdgeFinset
[2026-01-12 18:22:18] [INFO]   64:     _ = ∑ e ∈ E, 2             := Finset.sum_congr rfl (λ e he ↦ sorry)
[2026-01-12 18:22:18] [INFO] Sorry line:     _ = ∑ e ∈ E, 2             := Finset.sum_congr rfl (λ e he ↦ sorry)
[2026-01-12 18:22:18] [INFO] Sorry goal: α : Type u_1
inst✝² : Fintype α
inst✝¹ : DecidableEq α
G : SimpleGraph α
inst✝ : DecidableRel G.Adj
...
[2026-01-12 18:22:18] [INFO] ========================================
[2026-01-12 18:22:18] [INFO] Trying strategy: RflStrategy (up to 1 attempts)
[2026-01-12 18:22:18] [INFO] --------------------
[2026-01-12 18:22:18] [INFO] Strategy RflStrategy, attempt 1/1
[2026-01-12 18:22:18] [INFO] Starting proof generation...
[2026-01-12 18:22:18] [INFO] Repository path: /root/repo
[2026-01-12 18:22:18] [INFO] Proof generation completed
[2026-01-12 18:22:18] [INFO] Generated proof:
[2026-01-12 18:22:18] [INFO] rfl
[2026-01-12 18:22:18] [INFO] Proof length: 3 chars
[2026-01-12 18:22:18] [INFO] Starting proof verification...
[2026-01-12 18:22:18] [INFO] Verifying at: FormalBook/Chapter_28.lean:64
[2026-01-12 18:22:18] [INFO] Using LEAN INTERACT verify
[2026-01-12 18:22:18] [INFO] Checking file
[2026-01-12 18:23:55] [INFO] Cannot build modified file <error line="64" column="65">
<code_line>    _ = ∑ e ∈ E, 2             := Finset.sum_congr rfl (λ e he ↦ rfl)</code_line>
<message>error: Type mismatch</message>
</error>
  rfl
has type
  ?m.126 = ?m.126
but is expected to have type
  #{v | v ∈ e} = 2
[2026-01-12 18:23:55] [INFO] Proof verification completed
[2026-01-12 18:23:55] [INFO] Strategy RflStrategy attempt 1: verified=False
[2026-01-12 18:23:55] [INFO] Verification message: Cannot build modified file: <error line="64" column="65">
<code_line>    _ = ∑ e ∈ E, 2             := Finset.sum_congr rfl (λ e he ↦ rfl)</code_line>
<message>error: Type mismatch</message>
</error>
  rfl
has type
  ?m.126 = ?m.126
but is expected to have type
  #{v | v ∈ e} = 2

[2026-01-12 18:23:55] [INFO] Attempt 1 failed verification, continuing...
[2026-01-12 18:23:55] [INFO] ========================================
[2026-01-12 18:23:55] [INFO] Pass@k completed. Total results: 1
[2026-01-12 18:23:55] [INFO] FAILED: All 1 strategies x 1 attempts
[2026-01-12 18:23:55] [INFO] Writing results to file: /root/repo/result.json
[2026-01-12 18:23:55] [INFO] Result file written successfully
[2026-01-12 18:23:55] [INFO] Results exported to: /root/repo/result.json
[2026-01-12 18:23:55] [INFO] run_morphcloud_local.py completed successfully

[2026-01-12 18:23:57] [process_single_sorry] Downloading result file...
[2026-01-12 18:24:01] [process_single_sorry] Downloaded result to intermediate_experiment_outputs_full_reservoir_3_months/rfl/2026-01-12_15-54-17_rfl/individual/589ac7b645ccf7c434f7686051ee627a04704b3141a80debcd2d2ed4358562b3.json
[2026-01-12 18:24:04] [process_single_sorry] Instance context closed successfully
[2026-01-12 18:24:04] [process_single_sorry] Parsing result file...
[2026-01-12 18:24:04] [process_single_sorry] Successfully parsed result (list format, 1 results)
