[2026-01-12 18:11:47] [process_single_sorry] Starting for sorry 5ea165c12684af5b16f5258fd864bb5847302a32d698e7aff708b232cc66e1b2
[2026-01-12 18:11:47] [process_single_sorry] Using snapshot: snapshot_yd7hakuj
[2026-01-12 18:11:47] [process_single_sorry] Repository: https://github.com/kebekus/ProjectVD@91a239351a488168b0d0881e5117ecffefb9e6de
[2026-01-12 18:11:47] [process_single_sorry] Instance name: ProjectVD_91a239351a48_rfl_5ea165c12684af5b16f5258fd864bb5847302a32d698e7aff708b232cc66e1b2
[2026-01-12 18:11:47] [process_single_sorry] Starting attempt 1/3
[2026-01-12 18:11:47] [process_single_sorry] Starting instance from snapshot...
[2026-01-12 18:11:47] [process_single_sorry] Instance started successfully: morphvm_lievgrfj
[2026-01-12 18:11:47] [process_single_sorry] Creating .env file...
[2026-01-12 18:12:03] [process_single_sorry] .env file created (exit_code: 0)
[2026-01-12 18:12:03] [process_single_sorry] Executing agent command...
[2026-01-12 18:13:46] [process_single_sorry] Agent command completed (exit_code: 0)
[2026-01-12 18:13:46] [process_single_sorry] STDOUT:

Results JSON:
[
  {
    "sorry": {
      "repo": {
        "remote": "https://github.com/kebekus/ProjectVD",
        "branch": "main",
        "commit": "91a239351a488168b0d0881e5117ecffefb9e6de",
        "lean_version": "v4.27.0-rc1"
      },
      "location": {
        "path": "VD/CartanExperimentation.lean",
        "start_line": 130,
        "start_column": 6,
        "end_line": 130,
        "end_column": 11
      },
      "debug_info": {
        "goal": "r : ℝ\nf : ℂ → ℂ\nh : MeromorphicOn f ⊤\na : ℝ\n⊢ MeromorphicOn (fun x => f (circleMap 0 r a) - circleMap 0 1 x) (uIcc 0 (2 * Real.pi))",
        "url": "https://github.com/kebekus/ProjectVD/blob/91a239351a488168b0d0881e5117ecffefb9e6de/VD/CartanExperimentation.lean#L130"
      },
      "metadata": {
        "blame_email_hash": "1bb494938f16",
        "blame_date": "2026-01-09T09:02:52+01:00",
        "inclusion_date": "2026-01-10T08:57:28.485491+00:00"
      },
      "id": "5ea165c12684af5b16f5258fd864bb5847302a32d698e7aff708b232cc66e1b2"
    },
    "proof": null,
    "proof_verified": false,
    "feedback": null,
    "verification_message": "All 1 attempts failed (1 strategies x 1 attempts each)",
    "success": true,
    "error_type": null,
    "error_message": null,
    "strategy_name": "all_failed_k=1",
    "proof_attempts": [
      "rfl"
    ]
  }
]

[2026-01-12 18:13:46] [process_single_sorry] STDERR:
None of PyTorch, TensorFlow >= 2.0, or Flax have been found. Models won't be available and only tokenizers, configuration and file/data utilities can be used.
[2026-01-12 18:12:21] [INFO] ================================================================================
[2026-01-12 18:12:21] [INFO] Starting run_morphcloud_local.py
[2026-01-12 18:12:21] [INFO] ================================================================================
[2026-01-12 18:12:21] [INFO] Environment loaded
[2026-01-12 18:12:21] [INFO] Full command: /root/SorryDB/sorrydb/cli/run_morphcloud_local.py --repo-path /root/repo --sorry-json {"repo": {"remote": "https://github.com/kebekus/ProjectVD", "branch": "main", "commit": "91a239351a488168b0d0881e5117ecffefb9e6de", "lean_version": "v4.27.0-rc1"}, "location": {"path": "VD/CartanExperimentation.lean", "start_line": 130, "start_column": 6, "end_line": 130, "end_column": 11}, "debug_info": {"goal": "r : \u211d\nf : \u2102 \u2192 \u2102\nh : MeromorphicOn f \u22a4\na : \u211d\n\u22a2 MeromorphicOn (fun x => f (circleMap 0 r a) - circleMap 0 1 x) (uIcc 0 (2 * Real.pi))", "url": "https://github.com/kebekus/ProjectVD/blob/91a239351a488168b0d0881e5117ecffefb9e6de/VD/CartanExperimentation.lean#L130"}, "metadata": {"blame_email_hash": "1bb494938f16", "blame_date": "2026-01-09T09:02:52+01:00", "inclusion_date": "2026-01-10T08:57:28.485491+00:00"}, "id": "5ea165c12684af5b16f5258fd864bb5847302a32d698e7aff708b232cc66e1b2"} --agent-strategy {"name": "rfl", "args": {}}
[2026-01-12 18:12:21] [INFO] Arguments parsed: repo_path=/root/repo, output_path=/root/repo/result.json
[2026-01-12 18:12:21] [INFO] Strategy spec: {"name": "rfl", "args": {}}...
[2026-01-12 18:12:21] [INFO] Loading sorry data...
[2026-01-12 18:12:21] [INFO] Parsing sorry from JSON string...
[2026-01-12 18:12:21] [INFO] Sorry data parsed from JSON string
[2026-01-12 18:12:21] [INFO] Creating strategy from spec...
[2026-01-12 18:12:21] [INFO] Parsing strategy spec (length: 27 chars)
[2026-01-12 18:12:21] [INFO] Strategy name: rfl
[2026-01-12 18:12:21] [INFO] Strategy args: {}
[2026-01-12 18:12:21] [INFO] Pass@k value: 1
[2026-01-12 18:12:21] [INFO] Creating strategy: rfl
[2026-01-12 18:12:21] [INFO] Strategies created: ['RflStrategy']
[2026-01-12 18:12:21] [INFO] Pass@k value: 1
[2026-01-12 18:12:21] [INFO] Creating Sorry object...
[2026-01-12 18:12:21] [INFO] Sorry object created: id=5ea165c12684af5b16f5258fd864bb5847302a32d698e7aff708b232cc66e1b2
[2026-01-12 18:12:21] [INFO] Sorry location: VD/CartanExperimentation.lean:130
[2026-01-12 18:12:21] [INFO] Context before sorry (lines 125-130):
[2026-01-12 18:12:21] [INFO]   125:       ((MeasureTheory.volume.restrict (Ioc 0 (2 * π))).prod (MeasureTheory.volume.restrict (Ioc 0 (2 * π)))) := by
[2026-01-12 18:12:21] [INFO]   126:   rw [MeasureTheory.integrable_prod_iff (ρ₃' h)]
[2026-01-12 18:12:21] [INFO]   127:   constructor
[2026-01-12 18:12:21] [INFO]   128:   · filter_upwards with a
[2026-01-12 18:12:21] [INFO]   129:     have z₀ : MeromorphicOn (fun x ↦ f (circleMap 0 r a) - circleMap 0 1 x) (uIcc 0 (2 * π)) := by
[2026-01-12 18:12:21] [INFO]   130:       sorry
[2026-01-12 18:12:21] [INFO] Sorry line:       sorry
[2026-01-12 18:12:21] [INFO] Sorry goal: r : ℝ
f : ℂ → ℂ
h : MeromorphicOn f ⊤
a : ℝ
⊢ MeromorphicOn (fun x => f (circleMap 0 r a) - circleMa...
[2026-01-12 18:12:21] [INFO] ========================================
[2026-01-12 18:12:21] [INFO] Trying strategy: RflStrategy (up to 1 attempts)
[2026-01-12 18:12:21] [INFO] --------------------
[2026-01-12 18:12:21] [INFO] Strategy RflStrategy, attempt 1/1
[2026-01-12 18:12:21] [INFO] Starting proof generation...
[2026-01-12 18:12:21] [INFO] Repository path: /root/repo
[2026-01-12 18:12:21] [INFO] Proof generation completed
[2026-01-12 18:12:21] [INFO] Generated proof:
[2026-01-12 18:12:21] [INFO] rfl
[2026-01-12 18:12:21] [INFO] Proof length: 3 chars
[2026-01-12 18:12:21] [INFO] Starting proof verification...
[2026-01-12 18:12:21] [INFO] Verifying at: VD/CartanExperimentation.lean:130
[2026-01-12 18:12:21] [INFO] Using LEAN INTERACT verify
[2026-01-12 18:12:21] [INFO] Checking file
[2026-01-12 18:13:45] [INFO] Cannot build modified file <error line="130" column="6">
<code_line>      rfl</code_line>
<message>error: Tactic `rfl` failed: The left-hand side</message>
</error>
  fun x => f (circleMap 0 r a) - circleMap 0 1 x
is not definitionally equal to the right-hand side
  uIcc 0 (2 * π)

r : ℝ
f : ℂ → ℂ
h : MeromorphicOn f ⊤
a : ℝ
⊢ MeromorphicOn (fun x => f (circleMap 0 r a) - circleMap 0 1 x) (uIcc 0 (2 * π))
[2026-01-12 18:13:45] [INFO] Proof verification completed
[2026-01-12 18:13:45] [INFO] Strategy RflStrategy attempt 1: verified=False
[2026-01-12 18:13:45] [INFO] Verification message: Cannot build modified file: <error line="130" column="6">
<code_line>      rfl</code_line>
<message>error: Tactic `rfl` failed: The left-hand side</message>
</error>
  fun x => f (circleMap 0 r a) - circleMap 0 1 x
is not definitionally equal to the right-hand side
  uIcc 0 (2 * π)

r : ℝ
f : ℂ → ℂ
h : MeromorphicOn f ⊤
a : ℝ
⊢ MeromorphicOn (fun x => f (circleMap 0 r a) - circleMap 0 1 x) (uIcc 0 (2 * π))

[2026-01-12 18:13:45] [INFO] Attempt 1 failed verification, continuing...
[2026-01-12 18:13:45] [INFO] ========================================
[2026-01-12 18:13:45] [INFO] Pass@k completed. Total results: 1
[2026-01-12 18:13:45] [INFO] FAILED: All 1 strategies x 1 attempts
[2026-01-12 18:13:45] [INFO] Writing results to file: /root/repo/result.json
[2026-01-12 18:13:45] [INFO] Result file written successfully
[2026-01-12 18:13:45] [INFO] Results exported to: /root/repo/result.json
[2026-01-12 18:13:45] [INFO] run_morphcloud_local.py completed successfully

[2026-01-12 18:13:46] [process_single_sorry] Downloading result file...
[2026-01-12 18:13:46] [process_single_sorry] Downloaded result to intermediate_experiment_outputs_full_reservoir_3_months/rfl/2026-01-12_15-54-17_rfl/individual/5ea165c12684af5b16f5258fd864bb5847302a32d698e7aff708b232cc66e1b2.json
[2026-01-12 18:13:49] [process_single_sorry] Instance context closed successfully
[2026-01-12 18:13:49] [process_single_sorry] Parsing result file...
[2026-01-12 18:13:49] [process_single_sorry] Successfully parsed result (list format, 1 results)
