[2026-01-12 17:37:25] [process_single_sorry] Starting for sorry 62d03ed24af6e4542bc7d233b99ca3dca30310bad1f7de1a56540bbdaa23e973
[2026-01-12 17:37:25] [process_single_sorry] Using snapshot: snapshot_uybdor9b
[2026-01-12 17:37:25] [process_single_sorry] Repository: https://github.com/fpvandoorn/LeanCourse25@cd0f32f5b07311e08a9e89733a1375f54eb790c0
[2026-01-12 17:37:25] [process_single_sorry] Instance name: LeanCourse25_cd0f32f5b073_rfl_62d03ed24af6e4542bc7d233b99ca3dca30310bad1f7de1a56540bbdaa23e973
[2026-01-12 17:37:25] [process_single_sorry] Starting attempt 1/3
[2026-01-12 17:37:25] [process_single_sorry] Starting instance from snapshot...
[2026-01-12 17:37:28] [process_single_sorry] Instance started successfully: morphvm_zfuazknw
[2026-01-12 17:37:28] [process_single_sorry] Creating .env file...
[2026-01-12 17:37:31] [process_single_sorry] .env file created (exit_code: 0)
[2026-01-12 17:37:31] [process_single_sorry] Executing agent command...
[2026-01-12 17:38:19] [process_single_sorry] Agent command completed (exit_code: 0)
[2026-01-12 17:38:19] [process_single_sorry] STDOUT:

Results JSON:
[
  {
    "sorry": {
      "repo": {
        "remote": "https://github.com/fpvandoorn/LeanCourse25",
        "branch": "master",
        "commit": "cd0f32f5b07311e08a9e89733a1375f54eb790c0",
        "lean_version": "v4.24.0"
      },
      "location": {
        "path": "LeanCourse25/Lectures/Lecture18Before.lean",
        "start_line": 82,
        "start_column": 2,
        "end_line": 82,
        "end_column": 7
      },
      "debug_info": {
        "goal": "X : Type u_1\ninst✝¹ : MeasurableSpace X\nμ : Measure X\nY : Type u_2\ninst✝ : MeasurableSpace Y\nν : Measure Y\nf : X → Y\n⊢ ¬Integrable (fun x => 1) volume",
        "url": "https://github.com/fpvandoorn/LeanCourse25/blob/cd0f32f5b07311e08a9e89733a1375f54eb790c0/LeanCourse25/Lectures/Lecture18Before.lean#L82"
      },
      "metadata": {
        "blame_email_hash": "0a77110e33df",
        "blame_date": "2025-12-11T09:53:54+01:00",
        "inclusion_date": "2026-01-10T00:19:36.813828+00:00"
      },
      "id": "62d03ed24af6e4542bc7d233b99ca3dca30310bad1f7de1a56540bbdaa23e973"
    },
    "proof": null,
    "proof_verified": false,
    "feedback": null,
    "verification_message": "All 1 attempts failed (1 strategies x 1 attempts each)",
    "success": true,
    "error_type": null,
    "error_message": null,
    "strategy_name": "all_failed_k=1",
    "proof_attempts": [
      "rfl"
    ]
  }
]

[2026-01-12 17:38:19] [process_single_sorry] STDERR:
None of PyTorch, TensorFlow >= 2.0, or Flax have been found. Models won't be available and only tokenizers, configuration and file/data utilities can be used.
[2026-01-12 17:37:45] [INFO] ================================================================================
[2026-01-12 17:37:45] [INFO] Starting run_morphcloud_local.py
[2026-01-12 17:37:45] [INFO] ================================================================================
[2026-01-12 17:37:45] [INFO] Environment loaded
[2026-01-12 17:37:45] [INFO] Full command: /root/SorryDB/sorrydb/cli/run_morphcloud_local.py --repo-path /root/repo --sorry-json {"repo": {"remote": "https://github.com/fpvandoorn/LeanCourse25", "branch": "master", "commit": "cd0f32f5b07311e08a9e89733a1375f54eb790c0", "lean_version": "v4.24.0"}, "location": {"path": "LeanCourse25/Lectures/Lecture18Before.lean", "start_line": 82, "start_column": 2, "end_line": 82, "end_column": 7}, "debug_info": {"goal": "X : Type u_1\ninst\u271d\u00b9 : MeasurableSpace X\n\u03bc : Measure X\nY : Type u_2\ninst\u271d : MeasurableSpace Y\n\u03bd : Measure Y\nf : X \u2192 Y\n\u22a2 \u00acIntegrable (fun x => 1) volume", "url": "https://github.com/fpvandoorn/LeanCourse25/blob/cd0f32f5b07311e08a9e89733a1375f54eb790c0/LeanCourse25/Lectures/Lecture18Before.lean#L82"}, "metadata": {"blame_email_hash": "0a77110e33df", "blame_date": "2025-12-11T09:53:54+01:00", "inclusion_date": "2026-01-10T00:19:36.813828+00:00"}, "id": "62d03ed24af6e4542bc7d233b99ca3dca30310bad1f7de1a56540bbdaa23e973"} --agent-strategy {"name": "rfl", "args": {}}
[2026-01-12 17:37:45] [INFO] Arguments parsed: repo_path=/root/repo, output_path=/root/repo/result.json
[2026-01-12 17:37:45] [INFO] Strategy spec: {"name": "rfl", "args": {}}...
[2026-01-12 17:37:45] [INFO] Loading sorry data...
[2026-01-12 17:37:45] [INFO] Parsing sorry from JSON string...
[2026-01-12 17:37:45] [INFO] Sorry data parsed from JSON string
[2026-01-12 17:37:45] [INFO] Creating strategy from spec...
[2026-01-12 17:37:45] [INFO] Parsing strategy spec (length: 27 chars)
[2026-01-12 17:37:45] [INFO] Strategy name: rfl
[2026-01-12 17:37:45] [INFO] Strategy args: {}
[2026-01-12 17:37:45] [INFO] Pass@k value: 1
[2026-01-12 17:37:45] [INFO] Creating strategy: rfl
[2026-01-12 17:37:45] [INFO] Strategies created: ['RflStrategy']
[2026-01-12 17:37:45] [INFO] Pass@k value: 1
[2026-01-12 17:37:45] [INFO] Creating Sorry object...
[2026-01-12 17:37:45] [INFO] Sorry object created: id=62d03ed24af6e4542bc7d233b99ca3dca30310bad1f7de1a56540bbdaa23e973
[2026-01-12 17:37:45] [INFO] Sorry location: LeanCourse25/Lectures/Lecture18Before.lean:82
[2026-01-12 17:37:45] [INFO] Context before sorry (lines 77-82):
[2026-01-12 17:37:45] [INFO]   77: only integrable on some set. -/
[2026-01-12 17:37:45] [INFO]   78: 
[2026-01-12 17:37:45] [INFO]   79: #check IntegrableOn
[2026-01-12 17:37:45] [INFO]   80: 
[2026-01-12 17:37:45] [INFO]   81: example : ¬ Integrable (fun _ ↦ 1 : ℝ → ℝ) := by
[2026-01-12 17:37:45] [INFO]   82:   sorry
[2026-01-12 17:37:45] [INFO] Sorry line:   sorry
[2026-01-12 17:37:45] [INFO] Sorry goal: X : Type u_1
inst✝¹ : MeasurableSpace X
μ : Measure X
Y : Type u_2
inst✝ : MeasurableSpace Y
ν : Mea...
[2026-01-12 17:37:45] [INFO] ========================================
[2026-01-12 17:37:45] [INFO] Trying strategy: RflStrategy (up to 1 attempts)
[2026-01-12 17:37:45] [INFO] --------------------
[2026-01-12 17:37:45] [INFO] Strategy RflStrategy, attempt 1/1
[2026-01-12 17:37:45] [INFO] Starting proof generation...
[2026-01-12 17:37:45] [INFO] Repository path: /root/repo
[2026-01-12 17:37:45] [INFO] Proof generation completed
[2026-01-12 17:37:45] [INFO] Generated proof:
[2026-01-12 17:37:45] [INFO] rfl
[2026-01-12 17:37:45] [INFO] Proof length: 3 chars
[2026-01-12 17:37:45] [INFO] Starting proof verification...
[2026-01-12 17:37:45] [INFO] Verifying at: LeanCourse25/Lectures/Lecture18Before.lean:82
[2026-01-12 17:37:45] [INFO] Using LEAN INTERACT verify
[2026-01-12 17:37:45] [INFO] Checking file
[2026-01-12 17:38:17] [INFO] Cannot build modified file Note: This linter can be disabled with `set_option linter.unusedTactic false`
Continuous.measurable.{u_1, u_3} {α : Type u_1} {γ : Type u_3} [TopologicalSpace α] [MeasurableSpace α]
  [OpensMeasurableSpace α] [TopologicalSpace γ] [MeasurableSpace γ] [BorelSpace γ] {f : α → γ} (hf : Continuous f) :
  Measurable f
MeasureTheory.MeasurePreserving.{u_1, u_2} {α : Type u_1} {β : Type u_2} [MeasurableSpace α] [MeasurableSpace β]
  (f : α → β) (μa : Measure α := by volume_tac) (μb : Measure β := by volume_tac) : Prop
MeasureTheory.Integrable.{u_5, u_8} {ε : Type u_5} [TopologicalSpace ε] [ContinuousENorm ε] {α : Type u_8}
  {x✝ : MeasurableSpace α} (f : α → ε) (μ : Measure α := by volume_tac) : Prop
MeasureTheory.IntegrableOn.{u_1, u_3} {α : Type u_1} {ε : Type u_3} {mα : MeasurableSpace α} [TopologicalSpace ε]
  [ContinuousENorm ε] (f : α → ε) (s : Set α) (μ : Measure α := by volume_tac) : Prop
<error line="82" column="2">
<code_line>  rfl</code_line>
<message>error: Tactic `rfl` failed: Expected the goal to be a binary relation</message>
</error>

Hint: Reflexivity tactics can only be used on goals of the form `x ~ x` or `R x x`

X : Type u_1
inst✝¹ : MeasurableSpace X
μ : Measure X
Y : Type u_2
inst✝ : MeasurableSpace Y
ν : Measure Y
f : X → Y
⊢ ¬Integrable (fun x => 1) volume
Lp E 1 μ : AddSubgroup (X →ₘ[μ] E)
intervalIntegral.integral_comp_smul_deriv''.{u_1} {a b : ℝ} {E : Type u_1} [NormedAddCommGroup E] [NormedSpace ℝ E]
  {f f' : ℝ → ℝ} {g : ℝ → E} (hf : ContinuousOn f [[a, b]])
  (hff' : ∀ x ∈ Ioo (min a b) (max a b), HasDerivWithinAt f (f' x) (Ioi x) x) (hf' : ContinuousOn f' [[a, b]])
  (hg : ContinuousOn g (f '' [[a, b]])) : ∫ (x : ℝ) in a..b, f' x • (g ∘ f) x = ∫ (u : ℝ) in f a..f b, g u
NaturalNumber : Type
NaturalNumber.zero : NaturalNumber
NaturalNumber.succ (n : NaturalNumber) : NaturalNumber
zero.succ.succ.succ : NaturalNumber
[] : List ℕ
[5, 3] : List ℕ
[5, 3] : List ℕ
[5, 3] : List ℕ

Note: This linter can be disabled with `set_option linter.unusedTactic false`

Note: This linter can be disabled with `set_option linter.unusedTactic false`

Note: This linter can be disabled with `set_option linter.unusedTactic false`
Nat.rec.{u} {motive : ℕ → Sort u} (zero : motive Nat.zero) (succ : (n : ℕ) → motive n → motive n.succ) (t : ℕ) :
  motive t

Note: This linter can be disabled with `set_option linter.unusedTactic false`
WellFounded.{u} {α : Sort u} (r : α → α → Prop) : Prop
Acc.{u} {α : Sort u} (r : α → α → Prop) : α → Prop
Conjunction.rec.{u} {A B : Prop} {motive : Conjunction A B → Sort u} (and_intro : (a : A) → (a_1 : B) → motive ⋯)
  (t : Conjunction A B) : motive t
Disjunction.rec {A B : Prop} {motive : Disjunction A B → Prop} (left : ∀ (a : A), motive ⋯)
  (right : ∀ (a : B), motive ⋯) (t : Disjunction A B) : motive t
Nonempty.rec.{u} {α : Sort u} {motive : Nonempty α → Prop} (intro : ∀ (val : α), motive ⋯) (t : Nonempty α) : motive t
Equality.rec.{u, u_1} {A : Type u_1} {a✝ : A} {motive : (a : A) → Equality A a✝ a → Sort u} (reflexivity : motive a✝ ⋯)
  {a✝¹ : A} (t : Equality A a✝ a✝¹) : motive a✝¹ t
[2026-01-12 17:38:17] [INFO] Proof verification completed
[2026-01-12 17:38:17] [INFO] Strategy RflStrategy attempt 1: verified=False
[2026-01-12 17:38:17] [INFO] Verification message: Cannot build modified file: Note: This linter can be disabled with `set_option linter.unusedTactic false`
Continuous.measurable.{u_1, u_3} {α : Type u_1} {γ : Type u_3} [TopologicalSpace α] [MeasurableSpace α]
  [OpensMeasurableSpace α] [TopologicalSpace γ] [MeasurableSpace γ] [BorelSpace γ] {f : α → γ} (hf : Continuous f) :
  Measurable f
MeasureTheory.MeasurePreserving.{u_1, u_2} {α : Type u_1} {β : Type u_2} [MeasurableSpace α] [MeasurableSpace β]
  (f : α → β) (μa : Measure α := by volume_tac) (μb : Measure β := by volume_tac) : Prop
MeasureTheory.Integrable.{u_5, u_8} {ε : Type u_5} [TopologicalSpace ε] [ContinuousENorm ε] {α : Type u_8}
  {x✝ : MeasurableSpace α} (f : α → ε) (μ : Measure α := by volume_tac) : Prop
MeasureTheory.IntegrableOn.{u_1, u_3} {α : Type u_1} {ε : Type u_3} {mα : MeasurableSpace α} [TopologicalSpace ε]
  [ContinuousENorm ε] (f : α → ε) (s : Set α) (μ : Measure α := by volume_tac) : Prop
<error line="82" column="2">
<code_line>  rfl</code_line>
<message>error: Tactic `rfl` failed: Expected the goal to be a binary relation</message>
</error>

Hint: Reflexivity tactics can only be used on goals of the form `x ~ x` or `R x x`

X : Type u_1
inst✝¹ : MeasurableSpace X
μ : Measure X
Y : Type u_2
inst✝ : MeasurableSpace Y
ν : Measure Y
f : X → Y
⊢ ¬Integrable (fun x => 1) volume
Lp E 1 μ : AddSubgroup (X →ₘ[μ] E)
intervalIntegral.integral_comp_smul_deriv''.{u_1} {a b : ℝ} {E : Type u_1} [NormedAddCommGroup E] [NormedSpace ℝ E]
  {f f' : ℝ → ℝ} {g : ℝ → E} (hf : ContinuousOn f [[a, b]])
  (hff' : ∀ x ∈ Ioo (min a b) (max a b), HasDerivWithinAt f (f' x) (Ioi x) x) (hf' : ContinuousOn f' [[a, b]])
  (hg : ContinuousOn g (f '' [[a, b]])) : ∫ (x : ℝ) in a..b, f' x • (g ∘ f) x = ∫ (u : ℝ) in f a..f b, g u
NaturalNumber : Type
NaturalNumber.zero : NaturalNumber
NaturalNumber.succ (n : NaturalNumber) : NaturalNumber
zero.succ.succ.succ : NaturalNumber
[] : List ℕ
[5, 3] : List ℕ
[5, 3] : List ℕ
[5, 3] : List ℕ

Note: This linter can be disabled with `set_option linter.unusedTactic false`

Note: This linter can be disabled with `set_option linter.unusedTactic false`

Note: This linter can be disabled with `set_option linter.unusedTactic false`
Nat.rec.{u} {motive : ℕ → Sort u} (zero : motive Nat.zero) (succ : (n : ℕ) → motive n → motive n.succ) (t : ℕ) :
  motive t

Note: This linter can be disabled with `set_option linter.unusedTactic false`
WellFounded.{u} {α : Sort u} (r : α → α → Prop) : Prop
Acc.{u} {α : Sort u} (r : α → α → Prop) : α → Prop
Conjunction.rec.{u} {A B : Prop} {motive : Conjunction A B → Sort u} (and_intro : (a : A) → (a_1 : B) → motive ⋯)
  (t : Conjunction A B) : motive t
Disjunction.rec {A B : Prop} {motive : Disjunction A B → Prop} (left : ∀ (a : A), motive ⋯)
  (right : ∀ (a : B), motive ⋯) (t : Disjunction A B) : motive t
Nonempty.rec.{u} {α : Sort u} {motive : Nonempty α → Prop} (intro : ∀ (val : α), motive ⋯) (t : Nonempty α) : motive t
Equality.rec.{u, u_1} {A : Type u_1} {a✝ : A} {motive : (a : A) → Equality A a✝ a → Sort u} (reflexivity : motive a✝ ⋯)
  {a✝¹ : A} (t : Equality A a✝ a✝¹) : motive a✝¹ t

[2026-01-12 17:38:17] [INFO] Attempt 1 failed verification, continuing...
[2026-01-12 17:38:17] [INFO] ========================================
[2026-01-12 17:38:17] [INFO] Pass@k completed. Total results: 1
[2026-01-12 17:38:17] [INFO] FAILED: All 1 strategies x 1 attempts
[2026-01-12 17:38:17] [INFO] Writing results to file: /root/repo/result.json
[2026-01-12 17:38:17] [INFO] Result file written successfully
[2026-01-12 17:38:17] [INFO] Results exported to: /root/repo/result.json
[2026-01-12 17:38:17] [INFO] run_morphcloud_local.py completed successfully

[2026-01-12 17:38:19] [process_single_sorry] Downloading result file...
[2026-01-12 17:38:20] [process_single_sorry] Downloaded result to intermediate_experiment_outputs_full_reservoir_3_months/rfl/2026-01-12_15-54-17_rfl/individual/62d03ed24af6e4542bc7d233b99ca3dca30310bad1f7de1a56540bbdaa23e973.json
[2026-01-12 17:38:22] [process_single_sorry] Instance context closed successfully
[2026-01-12 17:38:22] [process_single_sorry] Parsing result file...
[2026-01-12 17:38:22] [process_single_sorry] Successfully parsed result (list format, 1 results)
