[2026-01-12 18:13:59] [process_single_sorry] Starting for sorry 722f5015c1d5db391d843d2adda5408ad197ecab8e5d3b020e7ceb7752f73f39
[2026-01-12 18:13:59] [process_single_sorry] Using snapshot: snapshot_vgom4ltq
[2026-01-12 18:13:59] [process_single_sorry] Repository: https://github.com/knowsys/Formale-Systeme-in-LEAN@ba05b7c08b42f31c9886795e9462fd5f82628bb7
[2026-01-12 18:13:59] [process_single_sorry] Instance name: Formale-Systeme-in-LEAN_ba05b7c08b42_rfl_722f5015c1d5db391d843d2adda5408ad197ecab8e5d3b020e7ceb7752f73f39
[2026-01-12 18:13:59] [process_single_sorry] Starting attempt 1/3
[2026-01-12 18:13:59] [process_single_sorry] Starting instance from snapshot...
[2026-01-12 18:14:00] [process_single_sorry] Instance started successfully: morphvm_s3sbbsln
[2026-01-12 18:14:00] [process_single_sorry] Creating .env file...
[2026-01-12 18:14:09] [process_single_sorry] .env file created (exit_code: 0)
[2026-01-12 18:14:09] [process_single_sorry] Executing agent command...
[2026-01-12 18:14:51] [process_single_sorry] Agent command completed (exit_code: 0)
[2026-01-12 18:14:51] [process_single_sorry] STDOUT:

Results JSON:
[
  {
    "sorry": {
      "repo": {
        "remote": "https://github.com/knowsys/Formale-Systeme-in-LEAN",
        "branch": "main",
        "commit": "ba05b7c08b42f31c9886795e9462fd5f82628bb7",
        "lean_version": "v4.24.0"
      },
      "location": {
        "path": "FormaleSystemeInLean/Chomsky/ContextFree/ContextFreeDerivation.lean",
        "start_line": 496,
        "start_column": 20,
        "end_line": 496,
        "end_column": 25
      },
      "debug_info": {
        "goal": "α nt : Type\nG : ContextFreeGrammar α nt\nu v : Word ({ x // x ∈ G.V } ⊕ { x // x ∈ G.Z })\ncfd : ContextFreeGrammar.ContextFreeDerivation α nt G u v\nh_not_same : u ≠ v\nu' : Word ({ x // x ∈ G.V } ⊕ { x // x ∈ G.Z })\ndstep : G.ContextFreeDerivationStep u\nderivation : ContextFreeGrammar.ContextFreeDerivation α nt G u' v\nsound : dstep.result = u'\nh_exhaustive :\n  ContextFreeGrammar.ContextFreeDerivation.exhaustiveCondition α nt G u v\n    (ContextFreeGrammar.ContextFreeDerivation.step α nt G u u' v dstep derivation sound)\nh_constructor_cfd : cfd = ContextFreeGrammar.ContextFreeDerivation.step α nt G u u' v dstep derivation sound\nrightSide : Word ({ x // x ∈ G.V } ⊕ { x // x ∈ G.Z }) := (↑dstep.prod).rhs\nallChildren : List (G.DerivationTree × { x // x ∈ Finset.range u'.len }) :=\n  @ContextFreeGrammar.ContextFreeDerivation.collectDerivationTreeNodes.match_2 α nt G u v cfd u' dstep sound\n    (fun derivation h_exhaustive h_constructor_cfd => List (G.DerivationTree × { x // x ∈ Finset.range u'.len }))\n    derivation h_exhaustive h_constructor_cfd (fun h_same h_exhaustive h_constructor_cfd h_constructor => [])\n    fun u'' dstep' derivation' sound' h_exhaustive h_constructor_cfd h_constructor =>\n    have u'_comp := ⋯;\n    have derivation_exhaustive :=\n      ContextFreeGrammar.ContextFreeDerivation.exhaustive_imp_child_exhaustive α nt G u v cfd h_exhaustive u' dstep\n        derivation sound ⋯;\n    collectDerivationTreeNodes derivation derivation_exhaustive ⋯\nu_comp✝ : dstep.pre.len + (Word.mk [Sum.inl (↑dstep.prod).lhs]).len + dstep.suf.len = u.len\nvar_len_1 : (Word.mk [Sum.inl (↑dstep.prod).lhs]).len = 1\npre_len_less_u_len : dstep.pre.len < u.len\nu_comp : dstep.pre.len + (Word.mk [Sum.inl (↑dstep.prod).lhs]).len + dstep.suf.len = u.len\nsuf_len_less_u_len : dstep.suf.len < u.len\nleftOfVarCount : { x // x ∈ Finset.range u.len } := ⟨dstep.pre.len, ⋯⟩\nrightOfVarCount : { x // x ∈ Finset.range u.len } := ⟨dstep.suf.len, ⋯⟩\nrhs_symbol_count : ℕ := (↑dstep.prod).rhs.len\nu'_eq_result : dstep.result = u'\nn : ℕ\nh_num_vars_rhs : (↑dstep.prod).rhs.len = n + 1\nh_rhs_non_empty : 1 ≤ (↑dstep.prod).rhs.len\nh_u_vs_u'_len : u'.len = u.len + (rhs_symbol_count - 1)\nh_u_vs_u'_len₂ : u.len ≤ u'.len\nu_range_subset_u'_range : Finset.range u.len ⊆ Finset.range u'.len\nleftOfVarCount₂ : { x // x ∈ Finset.range u'.len } := ⟨↑leftOfVarCount, ⋯⟩\nindex₁ : { x // x ∈ Finset.range u'.len }\nh_index_valid : ∃ location ∈ allChildren, location.2 = index₁\nafunc : List (G.DerivationTree × { x // x ∈ Finset.range u'.len }) →\n  G.DerivationTree × { x // x ∈ Finset.range u'.len } → List (G.DerivationTree × { x // x ∈ Finset.range u'.len }) :=\n  fun prev x =>\n    @ContextFreeGrammar.ContextFreeDerivation.collectDerivationTreeNodes.match_3 α nt G u'\n      (fun x => List (G.DerivationTree × { x // x ∈ Finset.range u'.len })) x fun DT index₂ =>\n      if h_is : index₁ = index₂ then prev ++ [(DT, index₂)] else prev\nafuncDef :\n  afunc = fun prev x =>\n    @ContextFreeGrammar.ContextFreeDerivation.collectDerivationTreeNodes.match_3 α nt G u'\n      (fun x => List (G.DerivationTree × { x // x ∈ Finset.range u'.len })) x fun DT index₂ =>\n      if h_is : index₁ = index₂ then prev ++ [(DT, index₂)] else prev\na : List (G.DerivationTree × { x // x ∈ Finset.range u'.len }) := List.foldl afunc [] allChildren\naDef : a = List.foldl afunc [] allChildren\nafunc_monotone :\n  ∀ (list₁ list₂ : List (G.DerivationTree × { x // x ∈ Finset.range u'.len })),\n    list₁ ≠ [] → List.foldl afunc list₁ list₂ ≠ []\nhead : G.DerivationTree × { x // x ∈ Finset.range u'.len }\ntail : List (G.DerivationTree × { x // x ∈ Finset.range u'.len })\nind_hyp : List.foldl afunc [] tail = [] ↔ ¬∃ location ∈ tail, location.2 = index₁\nh_is : index₁ = head.2\nh_nil : List.foldl (fun prev x => if head.2 = x.2 then prev ++ [x] else prev) [head] tail = []\n⊢ ¬List.foldl (fun prev x => if head.2 = x.2 then prev ++ [x] else prev) [head] tail = []",
        "url": "https://github.com/knowsys/Formale-Systeme-in-LEAN/blob/ba05b7c08b42f31c9886795e9462fd5f82628bb7/FormaleSystemeInLean/Chomsky/ContextFree/ContextFreeDerivation.lean#L496"
      },
      "metadata": {
        "blame_email_hash": "aec9bd29b56a",
        "blame_date": "2024-07-11T15:19:22+02:00",
        "inclusion_date": "2026-01-10T14:08:07.173266+00:00"
      },
      "id": "722f5015c1d5db391d843d2adda5408ad197ecab8e5d3b020e7ceb7752f73f39"
    },
    "proof": null,
    "proof_verified": false,
    "feedback": null,
    "verification_message": "All 1 attempts failed (1 strategies x 1 attempts each)",
    "success": true,
    "error_type": null,
    "error_message": null,
    "strategy_name": "all_failed_k=1",
    "proof_attempts": [
      "rfl"
    ]
  }
]

[2026-01-12 18:14:51] [process_single_sorry] STDERR:
None of PyTorch, TensorFlow >= 2.0, or Flax have been found. Models won't be available and only tokenizers, configuration and file/data utilities can be used.
[2026-01-12 18:14:25] [INFO] ================================================================================
[2026-01-12 18:14:25] [INFO] Starting run_morphcloud_local.py
[2026-01-12 18:14:25] [INFO] ================================================================================
[2026-01-12 18:14:25] [INFO] Environment loaded
[2026-01-12 18:14:25] [INFO] Full command: /root/SorryDB/sorrydb/cli/run_morphcloud_local.py --repo-path /root/repo --sorry-json {"repo": {"remote": "https://github.com/knowsys/Formale-Systeme-in-LEAN", "branch": "main", "commit": "ba05b7c08b42f31c9886795e9462fd5f82628bb7", "lean_version": "v4.24.0"}, "location": {"path": "FormaleSystemeInLean/Chomsky/ContextFree/ContextFreeDerivation.lean", "start_line": 496, "start_column": 20, "end_line": 496, "end_column": 25}, "debug_info": {"goal": "\u03b1 nt : Type\nG : ContextFreeGrammar \u03b1 nt\nu v : Word ({ x // x \u2208 G.V } \u2295 { x // x \u2208 G.Z })\ncfd : ContextFreeGrammar.ContextFreeDerivation \u03b1 nt G u v\nh_not_same : u \u2260 v\nu' : Word ({ x // x \u2208 G.V } \u2295 { x // x \u2208 G.Z })\ndstep : G.ContextFreeDerivationStep u\nderivation : ContextFreeGrammar.ContextFreeDerivation \u03b1 nt G u' v\nsound : dstep.result = u'\nh_exhaustive :\n  ContextFreeGrammar.ContextFreeDerivation.exhaustiveCondition \u03b1 nt G u v\n    (ContextFreeGrammar.ContextFreeDerivation.step \u03b1 nt G u u' v dstep derivation sound)\nh_constructor_cfd : cfd = ContextFreeGrammar.ContextFreeDerivation.step \u03b1 nt G u u' v dstep derivation sound\nrightSide : Word ({ x // x \u2208 G.V } \u2295 { x // x \u2208 G.Z }) := (\u2191dstep.prod).rhs\nallChildren : List (G.DerivationTree \u00d7 { x // x \u2208 Finset.range u'.len }) :=\n  @ContextFreeGrammar.ContextFreeDerivation.collectDerivationTreeNodes.match_2 \u03b1 nt G u v cfd u' dstep sound\n    (fun derivation h_exhaustive h_constructor_cfd => List (G.DerivationTree \u00d7 { x // x \u2208 Finset.range u'.len }))\n    derivation h_exhaustive h_constructor_cfd (fun h_same h_exhaustive h_constructor_cfd h_constructor => [])\n    fun u'' dstep' derivation' sound' h_exhaustive h_constructor_cfd h_constructor =>\n    have u'_comp := \u22ef;\n    have derivation_exhaustive :=\n      ContextFreeGrammar.ContextFreeDerivation.exhaustive_imp_child_exhaustive \u03b1 nt G u v cfd h_exhaustive u' dstep\n        derivation sound \u22ef;\n    collectDerivationTreeNodes derivation derivation_exhaustive \u22ef\nu_comp\u271d : dstep.pre.len + (Word.mk [Sum.inl (\u2191dstep.prod).lhs]).len + dstep.suf.len = u.len\nvar_len_1 : (Word.mk [Sum.inl (\u2191dstep.prod).lhs]).len = 1\npre_len_less_u_len : dstep.pre.len < u.len\nu_comp : dstep.pre.len + (Word.mk [Sum.inl (\u2191dstep.prod).lhs]).len + dstep.suf.len = u.len\nsuf_len_less_u_len : dstep.suf.len < u.len\nleftOfVarCount : { x // x \u2208 Finset.range u.len } := \u27e8dstep.pre.len, \u22ef\u27e9\nrightOfVarCount : { x // x \u2208 Finset.range u.len } := \u27e8dstep.suf.len, \u22ef\u27e9\nrhs_symbol_count : \u2115 := (\u2191dstep.prod).rhs.len\nu'_eq_result : dstep.result = u'\nn : \u2115\nh_num_vars_rhs : (\u2191dstep.prod).rhs.len = n + 1\nh_rhs_non_empty : 1 \u2264 (\u2191dstep.prod).rhs.len\nh_u_vs_u'_len : u'.len = u.len + (rhs_symbol_count - 1)\nh_u_vs_u'_len\u2082 : u.len \u2264 u'.len\nu_range_subset_u'_range : Finset.range u.len \u2286 Finset.range u'.len\nleftOfVarCount\u2082 : { x // x \u2208 Finset.range u'.len } := \u27e8\u2191leftOfVarCount, \u22ef\u27e9\nindex\u2081 : { x // x \u2208 Finset.range u'.len }\nh_index_valid : \u2203 location \u2208 allChildren, location.2 = index\u2081\nafunc : List (G.DerivationTree \u00d7 { x // x \u2208 Finset.range u'.len }) \u2192\n  G.DerivationTree \u00d7 { x // x \u2208 Finset.range u'.len } \u2192 List (G.DerivationTree \u00d7 { x // x \u2208 Finset.range u'.len }) :=\n  fun prev x =>\n    @ContextFreeGrammar.ContextFreeDerivation.collectDerivationTreeNodes.match_3 \u03b1 nt G u'\n      (fun x => List (G.DerivationTree \u00d7 { x // x \u2208 Finset.range u'.len })) x fun DT index\u2082 =>\n      if h_is : index\u2081 = index\u2082 then prev ++ [(DT, index\u2082)] else prev\nafuncDef :\n  afunc = fun prev x =>\n    @ContextFreeGrammar.ContextFreeDerivation.collectDerivationTreeNodes.match_3 \u03b1 nt G u'\n      (fun x => List (G.DerivationTree \u00d7 { x // x \u2208 Finset.range u'.len })) x fun DT index\u2082 =>\n      if h_is : index\u2081 = index\u2082 then prev ++ [(DT, index\u2082)] else prev\na : List (G.DerivationTree \u00d7 { x // x \u2208 Finset.range u'.len }) := List.foldl afunc [] allChildren\naDef : a = List.foldl afunc [] allChildren\nafunc_monotone :\n  \u2200 (list\u2081 list\u2082 : List (G.DerivationTree \u00d7 { x // x \u2208 Finset.range u'.len })),\n    list\u2081 \u2260 [] \u2192 List.foldl afunc list\u2081 list\u2082 \u2260 []\nhead : G.DerivationTree \u00d7 { x // x \u2208 Finset.range u'.len }\ntail : List (G.DerivationTree \u00d7 { x // x \u2208 Finset.range u'.len })\nind_hyp : List.foldl afunc [] tail = [] \u2194 \u00ac\u2203 location \u2208 tail, location.2 = index\u2081\nh_is : index\u2081 = head.2\nh_nil : List.foldl (fun prev x => if head.2 = x.2 then prev ++ [x] else prev) [head] tail = []\n\u22a2 \u00acList.foldl (fun prev x => if head.2 = x.2 then prev ++ [x] else prev) [head] tail = []", "url": "https://github.com/knowsys/Formale-Systeme-in-LEAN/blob/ba05b7c08b42f31c9886795e9462fd5f82628bb7/FormaleSystemeInLean/Chomsky/ContextFree/ContextFreeDerivation.lean#L496"}, "metadata": {"blame_email_hash": "aec9bd29b56a", "blame_date": "2024-07-11T15:19:22+02:00", "inclusion_date": "2026-01-10T14:08:07.173266+00:00"}, "id": "722f5015c1d5db391d843d2adda5408ad197ecab8e5d3b020e7ceb7752f73f39"} --agent-strategy {"name": "rfl", "args": {}}
[2026-01-12 18:14:25] [INFO] Arguments parsed: repo_path=/root/repo, output_path=/root/repo/result.json
[2026-01-12 18:14:25] [INFO] Strategy spec: {"name": "rfl", "args": {}}...
[2026-01-12 18:14:25] [INFO] Loading sorry data...
[2026-01-12 18:14:25] [INFO] Parsing sorry from JSON string...
[2026-01-12 18:14:25] [INFO] Sorry data parsed from JSON string
[2026-01-12 18:14:25] [INFO] Creating strategy from spec...
[2026-01-12 18:14:25] [INFO] Parsing strategy spec (length: 27 chars)
[2026-01-12 18:14:25] [INFO] Strategy name: rfl
[2026-01-12 18:14:25] [INFO] Strategy args: {}
[2026-01-12 18:14:25] [INFO] Pass@k value: 1
[2026-01-12 18:14:25] [INFO] Creating strategy: rfl
[2026-01-12 18:14:25] [INFO] Strategies created: ['RflStrategy']
[2026-01-12 18:14:25] [INFO] Pass@k value: 1
[2026-01-12 18:14:25] [INFO] Creating Sorry object...
[2026-01-12 18:14:25] [INFO] Sorry object created: id=722f5015c1d5db391d843d2adda5408ad197ecab8e5d3b020e7ceb7752f73f39
[2026-01-12 18:14:25] [INFO] Sorry location: FormaleSystemeInLean/Chomsky/ContextFree/ContextFreeDerivation.lean:496
[2026-01-12 18:14:25] [INFO] Context before sorry (lines 491-496):
[2026-01-12 18:14:25] [INFO]   491:                   simp [afuncDef] at h_nil
[2026-01-12 18:14:25] [INFO]   492:                   by_cases index₁ = head.2
[2026-01-12 18:14:25] [INFO]   493:                   case pos h_is =>
[2026-01-12 18:14:25] [INFO]   494:                     simp [h_is] at h_nil
[2026-01-12 18:14:25] [INFO]   495:                     absurd h_nil
[2026-01-12 18:14:25] [INFO]   496:                     sorry
[2026-01-12 18:14:25] [INFO] Sorry line:                     sorry
[2026-01-12 18:14:25] [INFO] Sorry goal: α nt : Type
G : ContextFreeGrammar α nt
u v : Word ({ x // x ∈ G.V } ⊕ { x // x ∈ G.Z })
cfd : Conte...
[2026-01-12 18:14:25] [INFO] ========================================
[2026-01-12 18:14:25] [INFO] Trying strategy: RflStrategy (up to 1 attempts)
[2026-01-12 18:14:25] [INFO] --------------------
[2026-01-12 18:14:25] [INFO] Strategy RflStrategy, attempt 1/1
[2026-01-12 18:14:25] [INFO] Starting proof generation...
[2026-01-12 18:14:25] [INFO] Repository path: /root/repo
[2026-01-12 18:14:25] [INFO] Proof generation completed
[2026-01-12 18:14:25] [INFO] Generated proof:
[2026-01-12 18:14:25] [INFO] rfl
[2026-01-12 18:14:25] [INFO] Proof length: 3 chars
[2026-01-12 18:14:25] [INFO] Starting proof verification...
[2026-01-12 18:14:25] [INFO] Verifying at: FormaleSystemeInLean/Chomsky/ContextFree/ContextFreeDerivation.lean:496
[2026-01-12 18:14:25] [INFO] Using LEAN INTERACT verify
[2026-01-12 18:14:25] [INFO] Checking file
[2026-01-12 18:14:49] [INFO] Cannot build modified file <error line="496" column="20">
<code_line>                    rfl</code_line>
<message>error: Tactic `rfl` failed: Expected the goal to be a binary relation</message>
</error>

Hint: Reflexivity tactics can only be used on goals of the form `x ~ x` or `R x x`

α nt : Type
G : ContextFreeGrammar α nt
u v : Word ({ x // x ∈ G.V } ⊕ { x // x ∈ G.Z })
cfd : G.ContextFreeDerivation u v
h_not_same : u ≠ v
u' : Word ({ x // x ∈ G.V } ⊕ { x // x ∈ G.Z })
dstep : G.ContextFreeDerivationStep u
derivation : G.ContextFreeDerivation u' v
sound : dstep.result = u'
h_exhaustive : (step dstep derivation sound).exhaustiveCondition
h_constructor_cfd : cfd = step dstep derivation sound
rightSide : Word ({ x // x ∈ G.V } ⊕ { x // x ∈ G.Z }) := (↑dstep.prod).rhs
allChildren : List (G.DerivationTree × { x // x ∈ Finset.range u'.len }) :=
  match h_constructor : derivation, h_exhaustive, h_constructor_cfd with
  | same h_same, h_exhaustive, h_constructor_cfd => []
  | step dstep' derivation' sound', h_exhaustive, h_constructor_cfd =>
    have u'_comp := ⋯;
    have derivation_exhaustive := ⋯;
    collectDerivationTreeNodes derivation derivation_exhaustive ⋯
u_comp✝ : dstep.pre.len + (Word.mk [Sum.inl (↑dstep.prod).lhs]).len + dstep.suf.len = u.len
var_len_1 : (Word.mk [Sum.inl (↑dstep.prod).lhs]).len = 1
pre_len_less_u_len : dstep.pre.len < u.len
u_comp : dstep.pre.len + (Word.mk [Sum.inl (↑dstep.prod).lhs]).len + dstep.suf.len = u.len
suf_len_less_u_len : dstep.suf.len < u.len
leftOfVarCount : { x // x ∈ Finset.range u.len } := ⟨dstep.pre.len, ⋯⟩
rightOfVarCount : { x // x ∈ Finset.range u.len } := ⟨dstep.suf.len, ⋯⟩
rhs_symbol_count : ℕ := (↑dstep.prod).rhs.len
u'_eq_result : dstep.result = u'
n : ℕ
h_num_vars_rhs : (↑dstep.prod).rhs.len = n + 1
h_rhs_non_empty : 1 ≤ (↑dstep.prod).rhs.len
h_u_vs_u'_len : u'.len = u.len + (rhs_symbol_count - 1)
h_u_vs_u'_len₂ : u.len ≤ u'.len
u_range_subset_u'_range : Finset.range u.len ⊆ Finset.range u'.len
leftOfVarCount₂ : { x // x ∈ Finset.range u'.len } := ⟨↑leftOfVarCount, ⋯⟩
index₁ : { x // x ∈ Finset.range u'.len }
h_index_valid : ∃ location ∈ allChildren, location.2 = index₁
afunc : List (G.DerivationTree × { x // x ∈ Finset.range u'.len }) →
  G.DerivationTree × { x // x ∈ Finset.range u'.len } → List (G.DerivationTree × { x // x ∈ Finset.range u'.len }) :=
  fun prev x =>
    match x with
    | (DT, index₂) => if h_is : index₁ = index₂ then prev ++ [(DT, index₂)] else prev
afuncDef :
  afunc = fun prev x =>
    match x with
    | (DT, index₂) => if h_is : index₁ = index₂ then prev ++ [(DT, index₂)] else prev
a : List (G.DerivationTree × { x // x ∈ Finset.range u'.len }) := List.foldl afunc [] allChildren
aDef : a = List.foldl afunc [] allChildren
afunc_monotone :
  ∀ (list₁ list₂ : List (G.DerivationTree × { x // x ∈ Finset.range u'.len })),
    list₁ ≠ [] → List.foldl afunc list₁ list₂ ≠ []
head : G.DerivationTree × { x // x ∈ Finset.range u'.len }
tail : List (G.DerivationTree × { x // x ∈ Finset.range u'.len })
ind_hyp : List.foldl afunc [] tail = [] ↔ ¬∃ location ∈ tail, location.2 = index₁
h_is : index₁ = head.2
h_nil : List.foldl (fun prev x => if head.2 = x.2 then prev ++ [x] else prev) [head] tail = []
⊢ ¬List.foldl (fun prev x => if head.2 = x.2 then prev ++ [x] else prev) [head] tail = []
[2026-01-12 18:14:49] [INFO] Proof verification completed
[2026-01-12 18:14:49] [INFO] Strategy RflStrategy attempt 1: verified=False
[2026-01-12 18:14:49] [INFO] Verification message: Cannot build modified file: <error line="496" column="20">
<code_line>                    rfl</code_line>
<message>error: Tactic `rfl` failed: Expected the goal to be a binary relation</message>
</error>

Hint: Reflexivity tactics can only be used on goals of the form `x ~ x` or `R x x`

α nt : Type
G : ContextFreeGrammar α nt
u v : Word ({ x // x ∈ G.V } ⊕ { x // x ∈ G.Z })
cfd : G.ContextFreeDerivation u v
h_not_same : u ≠ v
u' : Word ({ x // x ∈ G.V } ⊕ { x // x ∈ G.Z })
dstep : G.ContextFreeDerivationStep u
derivation : G.ContextFreeDerivation u' v
sound : dstep.result = u'
h_exhaustive : (step dstep derivation sound).exhaustiveCondition
h_constructor_cfd : cfd = step dstep derivation sound
rightSide : Word ({ x // x ∈ G.V } ⊕ { x // x ∈ G.Z }) := (↑dstep.prod).rhs
allChildren : List (G.DerivationTree × { x // x ∈ Finset.range u'.len }) :=
  match h_constructor : derivation, h_exhaustive, h_constructor_cfd with
  | same h_same, h_exhaustive, h_constructor_cfd => []
  | step dstep' derivation' sound', h_exhaustive, h_constructor_cfd =>
    have u'_comp := ⋯;
    have derivation_exhaustive := ⋯;
    collectDerivationTreeNodes derivation derivation_exhaustive ⋯
u_comp✝ : dstep.pre.len + (Word.mk [Sum.inl (↑dstep.prod).lhs]).len + dstep.suf.len = u.len
var_len_1 : (Word.mk [Sum.inl (↑dstep.prod).lhs]).len = 1
pre_len_less_u_len : dstep.pre.len < u.len
u_comp : dstep.pre.len + (Word.mk [Sum.inl (↑dstep.prod).lhs]).len + dstep.suf.len = u.len
suf_len_less_u_len : dstep.suf.len < u.len
leftOfVarCount : { x // x ∈ Finset.range u.len } := ⟨dstep.pre.len, ⋯⟩
rightOfVarCount : { x // x ∈ Finset.range u.len } := ⟨dstep.suf.len, ⋯⟩
rhs_symbol_count : ℕ := (↑dstep.prod).rhs.len
u'_eq_result : dstep.result = u'
n : ℕ
h_num_vars_rhs : (↑dstep.prod).rhs.len = n + 1
h_rhs_non_empty : 1 ≤ (↑dstep.prod).rhs.len
h_u_vs_u'_len : u'.len = u.len + (rhs_symbol_count - 1)
h_u_vs_u'_len₂ : u.len ≤ u'.len
u_range_subset_u'_range : Finset.range u.len ⊆ Finset.range u'.len
leftOfVarCount₂ : { x // x ∈ Finset.range u'.len } := ⟨↑leftOfVarCount, ⋯⟩
index₁ : { x // x ∈ Finset.range u'.len }
h_index_valid : ∃ location ∈ allChildren, location.2 = index₁
afunc : List (G.DerivationTree × { x // x ∈ Finset.range u'.len }) →
  G.DerivationTree × { x // x ∈ Finset.range u'.len } → List (G.DerivationTree × { x // x ∈ Finset.range u'.len }) :=
  fun prev x =>
    match x with
    | (DT, index₂) => if h_is : index₁ = index₂ then prev ++ [(DT, index₂)] else prev
afuncDef :
  afunc = fun prev x =>
    match x with
    | (DT, index₂) => if h_is : index₁ = index₂ then prev ++ [(DT, index₂)] else prev
a : List (G.DerivationTree × { x // x ∈ Finset.range u'.len }) := List.foldl afunc [] allChildren
aDef : a = List.foldl afunc [] allChildren
afunc_monotone :
  ∀ (list₁ list₂ : List (G.DerivationTree × { x // x ∈ Finset.range u'.len })),
    list₁ ≠ [] → List.foldl afunc list₁ list₂ ≠ []
head : G.DerivationTree × { x // x ∈ Finset.range u'.len }
tail : List (G.DerivationTree × { x // x ∈ Finset.range u'.len })
ind_hyp : List.foldl afunc [] tail = [] ↔ ¬∃ location ∈ tail, location.2 = index₁
h_is : index₁ = head.2
h_nil : List.foldl (fun prev x => if head.2 = x.2 then prev ++ [x] else prev) [head] tail = []
⊢ ¬List.foldl (fun prev x => if head.2 = x.2 then prev ++ [x] else prev) [head] tail = []

[2026-01-12 18:14:49] [INFO] Attempt 1 failed verification, continuing...
[2026-01-12 18:14:49] [INFO] ========================================
[2026-01-12 18:14:49] [INFO] Pass@k completed. Total results: 1
[2026-01-12 18:14:49] [INFO] FAILED: All 1 strategies x 1 attempts
[2026-01-12 18:14:49] [INFO] Writing results to file: /root/repo/result.json
[2026-01-12 18:14:49] [INFO] Result file written successfully
[2026-01-12 18:14:49] [INFO] Results exported to: /root/repo/result.json
[2026-01-12 18:14:49] [INFO] run_morphcloud_local.py completed successfully

[2026-01-12 18:14:51] [process_single_sorry] Downloading result file...
[2026-01-12 18:14:53] [process_single_sorry] Downloaded result to intermediate_experiment_outputs_full_reservoir_3_months/rfl/2026-01-12_15-54-17_rfl/individual/722f5015c1d5db391d843d2adda5408ad197ecab8e5d3b020e7ceb7752f73f39.json
[2026-01-12 18:14:55] [process_single_sorry] Instance context closed successfully
[2026-01-12 18:14:55] [process_single_sorry] Parsing result file...
[2026-01-12 18:14:55] [process_single_sorry] Successfully parsed result (list format, 1 results)
