[2026-01-12 18:10:13] [process_single_sorry] Starting for sorry ab0f9cc0c1b9a018443931750dee70b9de36d6c671c23577f8c452bdb739f675
[2026-01-12 18:10:13] [process_single_sorry] Using snapshot: snapshot_nerdzuh9
[2026-01-12 18:10:13] [process_single_sorry] Repository: https://github.com/kbuzzard/ClassFieldTheory@0c58039684da5f50b937f288501fa0ff877ddb7a
[2026-01-12 18:10:13] [process_single_sorry] Instance name: ClassFieldTheory_0c58039684da_rfl_ab0f9cc0c1b9a018443931750dee70b9de36d6c671c23577f8c452bdb739f675
[2026-01-12 18:10:13] [process_single_sorry] Starting attempt 1/3
[2026-01-12 18:10:13] [process_single_sorry] Starting instance from snapshot...
[2026-01-12 18:10:18] [process_single_sorry] Instance started successfully: morphvm_s77v70y1
[2026-01-12 18:10:18] [process_single_sorry] Creating .env file...
[2026-01-12 18:10:25] [process_single_sorry] .env file created (exit_code: 0)
[2026-01-12 18:10:25] [process_single_sorry] Executing agent command...
[2026-01-12 18:12:47] [process_single_sorry] Agent command completed (exit_code: 0)
[2026-01-12 18:12:47] [process_single_sorry] STDOUT:

Results JSON:
[
  {
    "sorry": {
      "repo": {
        "remote": "https://github.com/kbuzzard/ClassFieldTheory",
        "branch": "main",
        "commit": "0c58039684da5f50b937f288501fa0ff877ddb7a",
        "lean_version": "v4.27.0-rc1"
      },
      "location": {
        "path": "ClassFieldTheory/IsNonarchimedeanLocalField/Instances.lean",
        "start_line": 16,
        "start_column": 41,
        "end_line": 16,
        "end_column": 46
      },
      "debug_info": {
        "goal": "L : Type u_1\ninst✝³ : Field L\ninst✝² : ValuativeRel L\ninst✝¹ : TopologicalSpace L\ninst✝ : IsNonarchimedeanLocalField L\ne : L ≃+* L\nx : L\n⊢ (valuation L) (e x) = (valuation L) x",
        "url": "https://github.com/kbuzzard/ClassFieldTheory/blob/0c58039684da5f50b937f288501fa0ff877ddb7a/ClassFieldTheory/IsNonarchimedeanLocalField/Instances.lean#L16"
      },
      "metadata": {
        "blame_email_hash": "c7989443bd81",
        "blame_date": "2025-11-14T14:32:37+00:00",
        "inclusion_date": "2026-01-10T08:30:29.773482+00:00"
      },
      "id": "ab0f9cc0c1b9a018443931750dee70b9de36d6c671c23577f8c452bdb739f675"
    },
    "proof": null,
    "proof_verified": false,
    "feedback": null,
    "verification_message": "All 1 attempts failed (1 strategies x 1 attempts each)",
    "success": true,
    "error_type": null,
    "error_message": null,
    "strategy_name": "all_failed_k=1",
    "proof_attempts": [
      "rfl"
    ]
  }
]

[2026-01-12 18:12:47] [process_single_sorry] STDERR:
None of PyTorch, TensorFlow >= 2.0, or Flax have been found. Models won't be available and only tokenizers, configuration and file/data utilities can be used.
[2026-01-12 18:10:59] [INFO] ================================================================================
[2026-01-12 18:10:59] [INFO] Starting run_morphcloud_local.py
[2026-01-12 18:10:59] [INFO] ================================================================================
[2026-01-12 18:10:59] [INFO] Environment loaded
[2026-01-12 18:10:59] [INFO] Full command: /root/SorryDB/sorrydb/cli/run_morphcloud_local.py --repo-path /root/repo --sorry-json {"repo": {"remote": "https://github.com/kbuzzard/ClassFieldTheory", "branch": "main", "commit": "0c58039684da5f50b937f288501fa0ff877ddb7a", "lean_version": "v4.27.0-rc1"}, "location": {"path": "ClassFieldTheory/IsNonarchimedeanLocalField/Instances.lean", "start_line": 16, "start_column": 41, "end_line": 16, "end_column": 46}, "debug_info": {"goal": "L : Type u_1\ninst\u271d\u00b3 : Field L\ninst\u271d\u00b2 : ValuativeRel L\ninst\u271d\u00b9 : TopologicalSpace L\ninst\u271d : IsNonarchimedeanLocalField L\ne : L \u2243+* L\nx : L\n\u22a2 (valuation L) (e x) = (valuation L) x", "url": "https://github.com/kbuzzard/ClassFieldTheory/blob/0c58039684da5f50b937f288501fa0ff877ddb7a/ClassFieldTheory/IsNonarchimedeanLocalField/Instances.lean#L16"}, "metadata": {"blame_email_hash": "c7989443bd81", "blame_date": "2025-11-14T14:32:37+00:00", "inclusion_date": "2026-01-10T08:30:29.773482+00:00"}, "id": "ab0f9cc0c1b9a018443931750dee70b9de36d6c671c23577f8c452bdb739f675"} --agent-strategy {"name": "rfl", "args": {}}
[2026-01-12 18:10:59] [INFO] Arguments parsed: repo_path=/root/repo, output_path=/root/repo/result.json
[2026-01-12 18:10:59] [INFO] Strategy spec: {"name": "rfl", "args": {}}...
[2026-01-12 18:10:59] [INFO] Loading sorry data...
[2026-01-12 18:10:59] [INFO] Parsing sorry from JSON string...
[2026-01-12 18:10:59] [INFO] Sorry data parsed from JSON string
[2026-01-12 18:10:59] [INFO] Creating strategy from spec...
[2026-01-12 18:10:59] [INFO] Parsing strategy spec (length: 27 chars)
[2026-01-12 18:10:59] [INFO] Strategy name: rfl
[2026-01-12 18:10:59] [INFO] Strategy args: {}
[2026-01-12 18:10:59] [INFO] Pass@k value: 1
[2026-01-12 18:10:59] [INFO] Creating strategy: rfl
[2026-01-12 18:10:59] [INFO] Strategies created: ['RflStrategy']
[2026-01-12 18:10:59] [INFO] Pass@k value: 1
[2026-01-12 18:10:59] [INFO] Creating Sorry object...
[2026-01-12 18:10:59] [INFO] Sorry object created: id=ab0f9cc0c1b9a018443931750dee70b9de36d6c671c23577f8c452bdb739f675
[2026-01-12 18:10:59] [INFO] Sorry location: ClassFieldTheory/IsNonarchimedeanLocalField/Instances.lean:16
[2026-01-12 18:10:59] [INFO] Context before sorry (lines 11-16):
[2026-01-12 18:10:59] [INFO]   11: open ValuativeRel
[2026-01-12 18:10:59] [INFO]   12: 
[2026-01-12 18:10:59] [INFO]   13: -- Andrew Yang says he has a sorry-free proof of this:
[2026-01-12 18:10:59] [INFO]   14: lemma valuation_ringEquiv {L : Type*} [Field L] [ValuativeRel L] [TopologicalSpace L]
[2026-01-12 18:10:59] [INFO]   15:     [IsNonarchimedeanLocalField L] (e : L ≃+* L) (x : L) :
[2026-01-12 18:10:59] [INFO]   16:     valuation L (e x) = valuation L x := sorry
[2026-01-12 18:10:59] [INFO] Sorry line:     valuation L (e x) = valuation L x := sorry
[2026-01-12 18:10:59] [INFO] Sorry goal: L : Type u_1
inst✝³ : Field L
inst✝² : ValuativeRel L
inst✝¹ : TopologicalSpace L
inst✝ : IsNonarchi...
[2026-01-12 18:10:59] [INFO] ========================================
[2026-01-12 18:10:59] [INFO] Trying strategy: RflStrategy (up to 1 attempts)
[2026-01-12 18:10:59] [INFO] --------------------
[2026-01-12 18:10:59] [INFO] Strategy RflStrategy, attempt 1/1
[2026-01-12 18:10:59] [INFO] Starting proof generation...
[2026-01-12 18:10:59] [INFO] Repository path: /root/repo
[2026-01-12 18:10:59] [INFO] Proof generation completed
[2026-01-12 18:10:59] [INFO] Generated proof:
[2026-01-12 18:10:59] [INFO] rfl
[2026-01-12 18:10:59] [INFO] Proof length: 3 chars
[2026-01-12 18:10:59] [INFO] Starting proof verification...
[2026-01-12 18:10:59] [INFO] Verifying at: ClassFieldTheory/IsNonarchimedeanLocalField/Instances.lean:16
[2026-01-12 18:10:59] [INFO] Using LEAN INTERACT verify
[2026-01-12 18:10:59] [INFO] Checking file
[2026-01-12 18:12:43] [INFO] Cannot build modified file <error line="14" column="0">
<code_line>lemma valuation_ringEquiv {L : Type*} [Field L] [ValuativeRel L] [TopologicalSpace L]</code_line>
<message>error: Not a definitional equality: the left-hand side</message>
</error>
  (valuation L) (e x)
is not definitionally equal to the right-hand side
  (valuation L) x
<error line="16" column="41">
<code_line>    valuation L (e x) = valuation L x := rfl</code_line>
<message>error: Type mismatch</message>
</error>
  rfl
has type
  ?m.18 = ?m.18
but is expected to have type
  (valuation L) (e x) = (valuation L) x
[2026-01-12 18:12:43] [INFO] Proof verification completed
[2026-01-12 18:12:43] [INFO] Strategy RflStrategy attempt 1: verified=False
[2026-01-12 18:12:43] [INFO] Verification message: Cannot build modified file: <error line="14" column="0">
<code_line>lemma valuation_ringEquiv {L : Type*} [Field L] [ValuativeRel L] [TopologicalSpace L]</code_line>
<message>error: Not a definitional equality: the left-hand side</message>
</error>
  (valuation L) (e x)
is not definitionally equal to the right-hand side
  (valuation L) x
<error line="16" column="41">
<code_line>    valuation L (e x) = valuation L x := rfl</code_line>
<message>error: Type mismatch</message>
</error>
  rfl
has type
  ?m.18 = ?m.18
but is expected to have type
  (valuation L) (e x) = (valuation L) x

[2026-01-12 18:12:43] [INFO] Attempt 1 failed verification, continuing...
[2026-01-12 18:12:43] [INFO] ========================================
[2026-01-12 18:12:43] [INFO] Pass@k completed. Total results: 1
[2026-01-12 18:12:43] [INFO] FAILED: All 1 strategies x 1 attempts
[2026-01-12 18:12:43] [INFO] Writing results to file: /root/repo/result.json
[2026-01-12 18:12:43] [INFO] Result file written successfully
[2026-01-12 18:12:43] [INFO] Results exported to: /root/repo/result.json
[2026-01-12 18:12:43] [INFO] run_morphcloud_local.py completed successfully

[2026-01-12 18:12:47] [process_single_sorry] Downloading result file...
[2026-01-12 18:12:49] [process_single_sorry] Downloaded result to intermediate_experiment_outputs_full_reservoir_3_months/rfl/2026-01-12_15-54-17_rfl/individual/ab0f9cc0c1b9a018443931750dee70b9de36d6c671c23577f8c452bdb739f675.json
[2026-01-12 18:12:52] [process_single_sorry] Instance context closed successfully
[2026-01-12 18:12:52] [process_single_sorry] Parsing result file...
[2026-01-12 18:12:52] [process_single_sorry] Successfully parsed result (list format, 1 results)
