[2026-01-12 17:49:38] [process_single_sorry] Starting for sorry b0917dbe1fa1f4e65d4d76cb710bb067841509e864d1b61a5132cba77c793f16
[2026-01-12 17:49:38] [process_single_sorry] Using snapshot: snapshot_3oblj90a
[2026-01-12 17:49:38] [process_single_sorry] Repository: https://github.com/YaelDillies/LeanCamCombi@34daaaac92e24dcedf36f3d059764534daa7999d
[2026-01-12 17:49:38] [process_single_sorry] Instance name: LeanCamCombi_34daaaac92e2_rfl_b0917dbe1fa1f4e65d4d76cb710bb067841509e864d1b61a5132cba77c793f16
[2026-01-12 17:49:38] [process_single_sorry] Starting attempt 1/3
[2026-01-12 17:49:38] [process_single_sorry] Starting instance from snapshot...
[2026-01-12 17:49:39] [process_single_sorry] Instance started successfully: morphvm_6d9hyoty
[2026-01-12 17:49:39] [process_single_sorry] Creating .env file...
[2026-01-12 17:49:43] [process_single_sorry] .env file created (exit_code: 0)
[2026-01-12 17:49:43] [process_single_sorry] Executing agent command...
[2026-01-12 17:50:36] [process_single_sorry] Agent command completed (exit_code: 0)
[2026-01-12 17:50:36] [process_single_sorry] STDOUT:

Results JSON:
[
  {
    "sorry": {
      "repo": {
        "remote": "https://github.com/YaelDillies/LeanCamCombi",
        "branch": "master",
        "commit": "34daaaac92e24dcedf36f3d059764534daa7999d",
        "lean_version": "v4.26.0"
      },
      "location": {
        "path": "LeanCamCombi/Mathlib/Combinatorics/Additive/ApproximateSubgroup.lean",
        "start_line": 46,
        "start_column": 22,
        "end_line": 46,
        "end_column": 27
      },
      "debug_info": {
        "goal": "G : Type u_1\ninst‚úĚ¬Ļ : Group G\nK : ‚ĄĚ\ninst‚úĚ : DecidableEq G\nA : Finset G\nhA‚āÄ : A.Nonempty\nhA : ‚ÜĎ(A ^ 2).card ‚Č§ K * ‚ÜĎA.card\nhK : 1 ‚Č§ K\nS : Finset G := ‚čĮ\nhS‚āĀ : 1 ‚ąą S\nhS‚āÄ : S.Nonempty\nhSA : S ‚äÜ A‚ĀĽ¬Ļ * A\nhSsymm : S‚ĀĽ¬Ļ = S\n‚äĘ ‚ÜĎ(A‚ĀĽ¬Ļ * A).card ‚Č§ K ^ 2 * ‚ÜĎA.card",
        "url": "https://github.com/YaelDillies/LeanCamCombi/blob/34daaaac92e24dcedf36f3d059764534daa7999d/LeanCamCombi/Mathlib/Combinatorics/Additive/ApproximateSubgroup.lean#L46"
      },
      "metadata": {
        "blame_email_hash": "97e8591fe714",
        "blame_date": "2025-01-24T23:15:34+00:00",
        "inclusion_date": "2026-01-09T19:54:28.458891+00:00"
      },
      "id": "b0917dbe1fa1f4e65d4d76cb710bb067841509e864d1b61a5132cba77c793f16"
    },
    "proof": null,
    "proof_verified": false,
    "feedback": null,
    "verification_message": "All 1 attempts failed (1 strategies x 1 attempts each)",
    "success": true,
    "error_type": null,
    "error_message": null,
    "strategy_name": "all_failed_k=1",
    "proof_attempts": [
      "rfl"
    ]
  }
]

[2026-01-12 17:50:36] [process_single_sorry] STDERR:
None of PyTorch, TensorFlow >= 2.0, or Flax have been found. Models won't be available and only tokenizers, configuration and file/data utilities can be used.
[2026-01-12 17:49:59] [INFO] ================================================================================
[2026-01-12 17:49:59] [INFO] Starting run_morphcloud_local.py
[2026-01-12 17:49:59] [INFO] ================================================================================
[2026-01-12 17:49:59] [INFO] Environment loaded
[2026-01-12 17:49:59] [INFO] Full command: /root/SorryDB/sorrydb/cli/run_morphcloud_local.py --repo-path /root/repo --sorry-json {"repo": {"remote": "https://github.com/YaelDillies/LeanCamCombi", "branch": "master", "commit": "34daaaac92e24dcedf36f3d059764534daa7999d", "lean_version": "v4.26.0"}, "location": {"path": "LeanCamCombi/Mathlib/Combinatorics/Additive/ApproximateSubgroup.lean", "start_line": 46, "start_column": 22, "end_line": 46, "end_column": 27}, "debug_info": {"goal": "G : Type u_1\ninst\u271d\u00b9 : Group G\nK : \u211d\ninst\u271d : DecidableEq G\nA : Finset G\nhA\u2080 : A.Nonempty\nhA : \u2191(A ^ 2).card \u2264 K * \u2191A.card\nhK : 1 \u2264 K\nS : Finset G := \u22ef\nhS\u2081 : 1 \u2208 S\nhS\u2080 : S.Nonempty\nhSA : S \u2286 A\u207b\u00b9 * A\nhSsymm : S\u207b\u00b9 = S\n\u22a2 \u2191(A\u207b\u00b9 * A).card \u2264 K ^ 2 * \u2191A.card", "url": "https://github.com/YaelDillies/LeanCamCombi/blob/34daaaac92e24dcedf36f3d059764534daa7999d/LeanCamCombi/Mathlib/Combinatorics/Additive/ApproximateSubgroup.lean#L46"}, "metadata": {"blame_email_hash": "97e8591fe714", "blame_date": "2025-01-24T23:15:34+00:00", "inclusion_date": "2026-01-09T19:54:28.458891+00:00"}, "id": "b0917dbe1fa1f4e65d4d76cb710bb067841509e864d1b61a5132cba77c793f16"} --agent-strategy {"name": "rfl", "args": {}}
[2026-01-12 17:49:59] [INFO] Arguments parsed: repo_path=/root/repo, output_path=/root/repo/result.json
[2026-01-12 17:49:59] [INFO] Strategy spec: {"name": "rfl", "args": {}}...
[2026-01-12 17:49:59] [INFO] Loading sorry data...
[2026-01-12 17:49:59] [INFO] Parsing sorry from JSON string...
[2026-01-12 17:49:59] [INFO] Sorry data parsed from JSON string
[2026-01-12 17:49:59] [INFO] Creating strategy from spec...
[2026-01-12 17:49:59] [INFO] Parsing strategy spec (length: 27 chars)
[2026-01-12 17:49:59] [INFO] Strategy name: rfl
[2026-01-12 17:49:59] [INFO] Strategy args: {}
[2026-01-12 17:49:59] [INFO] Pass@k value: 1
[2026-01-12 17:49:59] [INFO] Creating strategy: rfl
[2026-01-12 17:49:59] [INFO] Strategies created: ['RflStrategy']
[2026-01-12 17:49:59] [INFO] Pass@k value: 1
[2026-01-12 17:49:59] [INFO] Creating Sorry object...
[2026-01-12 17:49:59] [INFO] Sorry object created: id=b0917dbe1fa1f4e65d4d76cb710bb067841509e864d1b61a5132cba77c793f16
[2026-01-12 17:49:59] [INFO] Sorry location: LeanCamCombi/Mathlib/Combinatorics/Additive/ApproximateSubgroup.lean:46
[2026-01-12 17:49:59] [INFO] Context before sorry (lines 41-46):
[2026-01-12 17:49:59] [INFO]   41:   have hS‚āÄ : S.Nonempty := ‚ü®1, hS‚āĀ‚ü©
[2026-01-12 17:49:59] [INFO]   42:   have hSA : S ‚äÜ A‚ĀĽ¬Ļ * A := filter_subset ..
[2026-01-12 17:49:59] [INFO]   43:   have hSsymm : S‚ĀĽ¬Ļ = S := by ext; simp [S]; sorry
[2026-01-12 17:49:59] [INFO]   44:   have hScard := calc
[2026-01-12 17:49:59] [INFO]   45:     (#S : ‚ĄĚ) ‚Č§ #(A‚ĀĽ¬Ļ * A) := by gcongr
[2026-01-12 17:49:59] [INFO]   46:     _ ‚Č§ K ^ 2 * #A := sorry
[2026-01-12 17:49:59] [INFO] Sorry line:     _ ‚Č§ K ^ 2 * #A := sorry
[2026-01-12 17:49:59] [INFO] Sorry goal: G : Type u_1
inst‚úĚ¬Ļ : Group G
K : ‚ĄĚ
inst‚úĚ : DecidableEq G
A : Finset G
hA‚āÄ : A.Nonempty
hA : ‚ÜĎ(A ^ 2...
[2026-01-12 17:49:59] [INFO] ========================================
[2026-01-12 17:49:59] [INFO] Trying strategy: RflStrategy (up to 1 attempts)
[2026-01-12 17:49:59] [INFO] --------------------
[2026-01-12 17:49:59] [INFO] Strategy RflStrategy, attempt 1/1
[2026-01-12 17:49:59] [INFO] Starting proof generation...
[2026-01-12 17:49:59] [INFO] Repository path: /root/repo
[2026-01-12 17:49:59] [INFO] Proof generation completed
[2026-01-12 17:49:59] [INFO] Generated proof:
[2026-01-12 17:49:59] [INFO] rfl
[2026-01-12 17:49:59] [INFO] Proof length: 3 chars
[2026-01-12 17:49:59] [INFO] Starting proof verification...
[2026-01-12 17:49:59] [INFO] Verifying at: LeanCamCombi/Mathlib/Combinatorics/Additive/ApproximateSubgroup.lean:46
[2026-01-12 17:49:59] [INFO] Using LEAN INTERACT verify
[2026-01-12 17:49:59] [INFO] Checking file
[2026-01-12 17:50:35] [INFO] Cannot build modified file <error line="46" column="22">
<code_line>    _ ‚Č§ K ^ 2 * #A := rfl</code_line>
<message>error: Type mismatch</message>
</error>
  rfl
has type
  ?m.312 = ?m.312
but is expected to have type
  ‚ÜĎ(#(A‚ĀĽ¬Ļ * A)) ‚Č§ K ^ 2 * ‚ÜĎ(#A)
[2026-01-12 17:50:35] [INFO] Proof verification completed
[2026-01-12 17:50:35] [INFO] Strategy RflStrategy attempt 1: verified=False
[2026-01-12 17:50:35] [INFO] Verification message: Cannot build modified file: <error line="46" column="22">
<code_line>    _ ‚Č§ K ^ 2 * #A := rfl</code_line>
<message>error: Type mismatch</message>
</error>
  rfl
has type
  ?m.312 = ?m.312
but is expected to have type
  ‚ÜĎ(#(A‚ĀĽ¬Ļ * A)) ‚Č§ K ^ 2 * ‚ÜĎ(#A)

[2026-01-12 17:50:35] [INFO] Attempt 1 failed verification, continuing...
[2026-01-12 17:50:35] [INFO] ========================================
[2026-01-12 17:50:35] [INFO] Pass@k completed. Total results: 1
[2026-01-12 17:50:35] [INFO] FAILED: All 1 strategies x 1 attempts
[2026-01-12 17:50:35] [INFO] Writing results to file: /root/repo/result.json
[2026-01-12 17:50:35] [INFO] Result file written successfully
[2026-01-12 17:50:35] [INFO] Results exported to: /root/repo/result.json
[2026-01-12 17:50:35] [INFO] run_morphcloud_local.py completed successfully

[2026-01-12 17:50:36] [process_single_sorry] Downloading result file...
[2026-01-12 17:50:36] [process_single_sorry] Downloaded result to intermediate_experiment_outputs_full_reservoir_3_months/rfl/2026-01-12_15-54-17_rfl/individual/b0917dbe1fa1f4e65d4d76cb710bb067841509e864d1b61a5132cba77c793f16.json
[2026-01-12 17:50:39] [process_single_sorry] Instance context closed successfully
[2026-01-12 17:50:39] [process_single_sorry] Parsing result file...
[2026-01-12 17:50:39] [process_single_sorry] Successfully parsed result (list format, 1 results)
