[2026-01-12 18:14:33] [process_single_sorry] Starting for sorry badb22ec4f6da8d82418b698df8a5ca54cfce0adaa093b6930801583bc5e4cd6
[2026-01-12 18:14:33] [process_single_sorry] Using snapshot: snapshot_ninosyj6
[2026-01-12 18:14:33] [process_single_sorry] Repository: https://github.com/lean-dojo/LeanMillenniumPrizeProblems@aca048ef73ce1156156cce5845945b902aa66698
[2026-01-12 18:14:33] [process_single_sorry] Instance name: LeanMillenniumPrizeProblems_aca048ef73ce_rfl_badb22ec4f6da8d82418b698df8a5ca54cfce0adaa093b6930801583bc5e4cd6
[2026-01-12 18:14:33] [process_single_sorry] Starting attempt 1/3
[2026-01-12 18:14:33] [process_single_sorry] Starting instance from snapshot...
[2026-01-12 18:14:36] [process_single_sorry] Instance started successfully: morphvm_ppb6wff7
[2026-01-12 18:14:36] [process_single_sorry] Creating .env file...
[2026-01-12 18:14:44] [process_single_sorry] .env file created (exit_code: 0)
[2026-01-12 18:14:44] [process_single_sorry] Executing agent command...
[2026-01-12 18:15:31] [process_single_sorry] Agent command completed (exit_code: 0)
[2026-01-12 18:15:31] [process_single_sorry] STDOUT:

Results JSON:
[
  {
    "sorry": {
      "repo": {
        "remote": "https://github.com/lean-dojo/LeanMillenniumPrizeProblems",
        "branch": "main",
        "commit": "aca048ef73ce1156156cce5845945b902aa66698",
        "lean_version": "v4.18.0-rc1"
      },
      "location": {
        "path": "Problems/NavierStokes/Torus.lean",
        "start_line": 19,
        "start_column": 32,
        "end_line": 19,
        "end_column": 37
      },
      "debug_info": {
        "goal": "⊢ BorelSpace Torus3",
        "url": "https://github.com/lean-dojo/LeanMillenniumPrizeProblems/blob/aca048ef73ce1156156cce5845945b902aa66698/Problems/NavierStokes/Torus.lean#L19"
      },
      "metadata": {
        "blame_email_hash": "91e2e741ca6f",
        "blame_date": "2025-03-15T14:36:52-07:00",
        "inclusion_date": "2026-01-10T14:16:40.616571+00:00"
      },
      "id": "badb22ec4f6da8d82418b698df8a5ca54cfce0adaa093b6930801583bc5e4cd6"
    },
    "proof": null,
    "proof_verified": false,
    "feedback": null,
    "verification_message": "All 1 attempts failed (1 strategies x 1 attempts each)",
    "success": true,
    "error_type": null,
    "error_message": null,
    "strategy_name": "all_failed_k=1",
    "proof_attempts": [
      "rfl"
    ]
  }
]

[2026-01-12 18:15:31] [process_single_sorry] STDERR:
None of PyTorch, TensorFlow >= 2.0, or Flax have been found. Models won't be available and only tokenizers, configuration and file/data utilities can be used.
[2026-01-12 18:15:01] [INFO] ================================================================================
[2026-01-12 18:15:01] [INFO] Starting run_morphcloud_local.py
[2026-01-12 18:15:01] [INFO] ================================================================================
[2026-01-12 18:15:01] [INFO] Environment loaded
[2026-01-12 18:15:01] [INFO] Full command: /root/SorryDB/sorrydb/cli/run_morphcloud_local.py --repo-path /root/repo --sorry-json {"repo": {"remote": "https://github.com/lean-dojo/LeanMillenniumPrizeProblems", "branch": "main", "commit": "aca048ef73ce1156156cce5845945b902aa66698", "lean_version": "v4.18.0-rc1"}, "location": {"path": "Problems/NavierStokes/Torus.lean", "start_line": 19, "start_column": 32, "end_line": 19, "end_column": 37}, "debug_info": {"goal": "\u22a2 BorelSpace Torus3", "url": "https://github.com/lean-dojo/LeanMillenniumPrizeProblems/blob/aca048ef73ce1156156cce5845945b902aa66698/Problems/NavierStokes/Torus.lean#L19"}, "metadata": {"blame_email_hash": "91e2e741ca6f", "blame_date": "2025-03-15T14:36:52-07:00", "inclusion_date": "2026-01-10T14:16:40.616571+00:00"}, "id": "badb22ec4f6da8d82418b698df8a5ca54cfce0adaa093b6930801583bc5e4cd6"} --agent-strategy {"name": "rfl", "args": {}}
[2026-01-12 18:15:01] [INFO] Arguments parsed: repo_path=/root/repo, output_path=/root/repo/result.json
[2026-01-12 18:15:01] [INFO] Strategy spec: {"name": "rfl", "args": {}}...
[2026-01-12 18:15:01] [INFO] Loading sorry data...
[2026-01-12 18:15:01] [INFO] Parsing sorry from JSON string...
[2026-01-12 18:15:01] [INFO] Sorry data parsed from JSON string
[2026-01-12 18:15:01] [INFO] Creating strategy from spec...
[2026-01-12 18:15:01] [INFO] Parsing strategy spec (length: 27 chars)
[2026-01-12 18:15:01] [INFO] Strategy name: rfl
[2026-01-12 18:15:01] [INFO] Strategy args: {}
[2026-01-12 18:15:01] [INFO] Pass@k value: 1
[2026-01-12 18:15:01] [INFO] Creating strategy: rfl
[2026-01-12 18:15:01] [INFO] Strategies created: ['RflStrategy']
[2026-01-12 18:15:01] [INFO] Pass@k value: 1
[2026-01-12 18:15:01] [INFO] Creating Sorry object...
[2026-01-12 18:15:01] [INFO] Sorry object created: id=badb22ec4f6da8d82418b698df8a5ca54cfce0adaa093b6930801583bc5e4cd6
[2026-01-12 18:15:01] [INFO] Sorry location: Problems/NavierStokes/Torus.lean:19
[2026-01-12 18:15:01] [INFO] Context before sorry (lines 14-19):
[2026-01-12 18:15:01] [INFO]   14: -- So we just define Torus3 as Euc R 3 and add the necessary instances for it but added sorries for now
[2026-01-12 18:15:01] [INFO]   15: instance : AddCommGroup Torus3 := sorry
[2026-01-12 18:15:01] [INFO]   16: instance : NormedAddCommGroup Torus3 := sorry
[2026-01-12 18:15:01] [INFO]   17: instance : InnerProductSpace ℝ Torus3 := sorry
[2026-01-12 18:15:01] [INFO]   18: instance : MeasurableSpace Torus3 := sorry
[2026-01-12 18:15:01] [INFO]   19: instance : BorelSpace Torus3 := sorry
[2026-01-12 18:15:01] [INFO] Sorry line: instance : BorelSpace Torus3 := sorry
[2026-01-12 18:15:01] [INFO] Sorry goal: ⊢ BorelSpace Torus3...
[2026-01-12 18:15:01] [INFO] ========================================
[2026-01-12 18:15:01] [INFO] Trying strategy: RflStrategy (up to 1 attempts)
[2026-01-12 18:15:01] [INFO] --------------------
[2026-01-12 18:15:01] [INFO] Strategy RflStrategy, attempt 1/1
[2026-01-12 18:15:01] [INFO] Starting proof generation...
[2026-01-12 18:15:01] [INFO] Repository path: /root/repo
[2026-01-12 18:15:01] [INFO] Proof generation completed
[2026-01-12 18:15:01] [INFO] Generated proof:
[2026-01-12 18:15:01] [INFO] rfl
[2026-01-12 18:15:01] [INFO] Proof length: 3 chars
[2026-01-12 18:15:01] [INFO] Starting proof verification...
[2026-01-12 18:15:01] [INFO] Verifying at: Problems/NavierStokes/Torus.lean:19
[2026-01-12 18:15:01] [INFO] Using LEAN INTERACT verify
[2026-01-12 18:15:01] [INFO] Checking file
[2026-01-12 18:15:28] [INFO] Cannot build modified file <error line="19" column="32">
<code_line>instance : BorelSpace Torus3 := rfl</code_line>
<message>error: type mismatch</message>
</error>
  rfl
has type
  ?m.303 = ?m.303 : Prop
but is expected to have type
  BorelSpace Torus3 : Prop
[2026-01-12 18:15:28] [INFO] Proof verification completed
[2026-01-12 18:15:28] [INFO] Strategy RflStrategy attempt 1: verified=False
[2026-01-12 18:15:28] [INFO] Verification message: Cannot build modified file: <error line="19" column="32">
<code_line>instance : BorelSpace Torus3 := rfl</code_line>
<message>error: type mismatch</message>
</error>
  rfl
has type
  ?m.303 = ?m.303 : Prop
but is expected to have type
  BorelSpace Torus3 : Prop

[2026-01-12 18:15:28] [INFO] Attempt 1 failed verification, continuing...
[2026-01-12 18:15:28] [INFO] ========================================
[2026-01-12 18:15:28] [INFO] Pass@k completed. Total results: 1
[2026-01-12 18:15:28] [INFO] FAILED: All 1 strategies x 1 attempts
[2026-01-12 18:15:28] [INFO] Writing results to file: /root/repo/result.json
[2026-01-12 18:15:28] [INFO] Result file written successfully
[2026-01-12 18:15:28] [INFO] Results exported to: /root/repo/result.json
[2026-01-12 18:15:28] [INFO] run_morphcloud_local.py completed successfully

[2026-01-12 18:15:31] [process_single_sorry] Downloading result file...
[2026-01-12 18:15:31] [process_single_sorry] Downloaded result to intermediate_experiment_outputs_full_reservoir_3_months/rfl/2026-01-12_15-54-17_rfl/individual/badb22ec4f6da8d82418b698df8a5ca54cfce0adaa093b6930801583bc5e4cd6.json
[2026-01-12 18:15:33] [process_single_sorry] Instance context closed successfully
[2026-01-12 18:15:33] [process_single_sorry] Parsing result file...
[2026-01-12 18:15:33] [process_single_sorry] Successfully parsed result (list format, 1 results)
