[2026-01-12 18:31:42] [process_single_sorry] Starting for sorry e5ab2f1cd0f6dfb1df78b7f35620618c89938303671793201d0c66ae4186a8b1
[2026-01-12 18:31:42] [process_single_sorry] Using snapshot: snapshot_quwll3t8
[2026-01-12 18:31:42] [process_single_sorry] Repository: https://github.com/thefundamentaltheor3m/Sphere-Packing-Lean@c51fb6a165e3faf4def1861304d5ba2904ef99f8
[2026-01-12 18:31:42] [process_single_sorry] Instance name: Sphere-Packing-Lean_c51fb6a165e3_rfl_e5ab2f1cd0f6dfb1df78b7f35620618c89938303671793201d0c66ae4186a8b1
[2026-01-12 18:31:42] [process_single_sorry] Starting attempt 1/3
[2026-01-12 18:31:42] [process_single_sorry] Starting instance from snapshot...
[2026-01-12 18:31:52] [process_single_sorry] Instance started successfully: morphvm_z8xkheu1
[2026-01-12 18:31:52] [process_single_sorry] Creating .env file...
[2026-01-12 18:31:59] [process_single_sorry] .env file created (exit_code: 0)
[2026-01-12 18:31:59] [process_single_sorry] Executing agent command...
[2026-01-12 18:34:33] [process_single_sorry] Agent command completed (exit_code: 0)
[2026-01-12 18:34:33] [process_single_sorry] STDOUT:

Results JSON:
[
  {
    "sorry": {
      "repo": {
        "remote": "https://github.com/thefundamentaltheor3m/Sphere-Packing-Lean",
        "branch": "theta-mdiff",
        "commit": "c51fb6a165e3faf4def1861304d5ba2904ef99f8",
        "lean_version": "v4.27.0-rc1"
      },
      "location": {
        "path": "SpherePacking/ModularForms/FG.lean",
        "start_line": 48,
        "start_column": 2,
        "end_line": 48,
        "end_column": 7
      },
      "debug_info": {
        "goal": "⊢ MDifferentiable (modelWithCornersSelf ℂ ℂ) (modelWithCornersSelf ℂ ℂ) G",
        "url": "https://github.com/thefundamentaltheor3m/Sphere-Packing-Lean/blob/c51fb6a165e3faf4def1861304d5ba2904ef99f8/SpherePacking/ModularForms/FG.lean#L48"
      },
      "metadata": {
        "blame_email_hash": "27aa337c76c6",
        "blame_date": "2026-01-04T21:52:22+09:00",
        "inclusion_date": "2026-01-11T05:35:44.866548+00:00"
      },
      "id": "e5ab2f1cd0f6dfb1df78b7f35620618c89938303671793201d0c66ae4186a8b1"
    },
    "proof": null,
    "proof_verified": false,
    "feedback": null,
    "verification_message": "All 1 attempts failed (1 strategies x 1 attempts each)",
    "success": true,
    "error_type": null,
    "error_message": null,
    "strategy_name": "all_failed_k=1",
    "proof_attempts": [
      "rfl"
    ]
  }
]

[2026-01-12 18:34:33] [process_single_sorry] STDERR:
None of PyTorch, TensorFlow >= 2.0, or Flax have been found. Models won't be available and only tokenizers, configuration and file/data utilities can be used.
[2026-01-12 18:32:31] [INFO] ================================================================================
[2026-01-12 18:32:31] [INFO] Starting run_morphcloud_local.py
[2026-01-12 18:32:31] [INFO] ================================================================================
[2026-01-12 18:32:31] [INFO] Environment loaded
[2026-01-12 18:32:31] [INFO] Full command: /root/SorryDB/sorrydb/cli/run_morphcloud_local.py --repo-path /root/repo --sorry-json {"repo": {"remote": "https://github.com/thefundamentaltheor3m/Sphere-Packing-Lean", "branch": "theta-mdiff", "commit": "c51fb6a165e3faf4def1861304d5ba2904ef99f8", "lean_version": "v4.27.0-rc1"}, "location": {"path": "SpherePacking/ModularForms/FG.lean", "start_line": 48, "start_column": 2, "end_line": 48, "end_column": 7}, "debug_info": {"goal": "\u22a2 MDifferentiable (modelWithCornersSelf \u2102 \u2102) (modelWithCornersSelf \u2102 \u2102) G", "url": "https://github.com/thefundamentaltheor3m/Sphere-Packing-Lean/blob/c51fb6a165e3faf4def1861304d5ba2904ef99f8/SpherePacking/ModularForms/FG.lean#L48"}, "metadata": {"blame_email_hash": "27aa337c76c6", "blame_date": "2026-01-04T21:52:22+09:00", "inclusion_date": "2026-01-11T05:35:44.866548+00:00"}, "id": "e5ab2f1cd0f6dfb1df78b7f35620618c89938303671793201d0c66ae4186a8b1"} --agent-strategy {"name": "rfl", "args": {}}
[2026-01-12 18:32:31] [INFO] Arguments parsed: repo_path=/root/repo, output_path=/root/repo/result.json
[2026-01-12 18:32:31] [INFO] Strategy spec: {"name": "rfl", "args": {}}...
[2026-01-12 18:32:31] [INFO] Loading sorry data...
[2026-01-12 18:32:31] [INFO] Parsing sorry from JSON string...
[2026-01-12 18:32:31] [INFO] Sorry data parsed from JSON string
[2026-01-12 18:32:31] [INFO] Creating strategy from spec...
[2026-01-12 18:32:31] [INFO] Parsing strategy spec (length: 27 chars)
[2026-01-12 18:32:31] [INFO] Strategy name: rfl
[2026-01-12 18:32:31] [INFO] Strategy args: {}
[2026-01-12 18:32:31] [INFO] Pass@k value: 1
[2026-01-12 18:32:31] [INFO] Creating strategy: rfl
[2026-01-12 18:32:31] [INFO] Strategies created: ['RflStrategy']
[2026-01-12 18:32:31] [INFO] Pass@k value: 1
[2026-01-12 18:32:31] [INFO] Creating Sorry object...
[2026-01-12 18:32:31] [INFO] Sorry object created: id=e5ab2f1cd0f6dfb1df78b7f35620618c89938303671793201d0c66ae4186a8b1
[2026-01-12 18:32:31] [INFO] Sorry location: SpherePacking/ModularForms/FG.lean:48
[2026-01-12 18:32:31] [INFO] Context before sorry (lines 43-48):
[2026-01-12 18:32:31] [INFO]   43:     exact MDifferentiable.sub (MDifferentiable.mul E₂_holo' E₄.holo') E₆.holo'
[2026-01-12 18:32:31] [INFO]   44:   rw [F, pow_two]
[2026-01-12 18:32:31] [INFO]   45:   exact MDifferentiable.mul h h
[2026-01-12 18:32:31] [INFO]   46: 
[2026-01-12 18:32:31] [INFO]   47: theorem G_holo : MDifferentiable 𝓘(ℂ) 𝓘(ℂ) G := by
[2026-01-12 18:32:31] [INFO]   48:   sorry
[2026-01-12 18:32:31] [INFO] Sorry line:   sorry
[2026-01-12 18:32:31] [INFO] Sorry goal: ⊢ MDifferentiable (modelWithCornersSelf ℂ ℂ) (modelWithCornersSelf ℂ ℂ) G...
[2026-01-12 18:32:31] [INFO] ========================================
[2026-01-12 18:32:31] [INFO] Trying strategy: RflStrategy (up to 1 attempts)
[2026-01-12 18:32:31] [INFO] --------------------
[2026-01-12 18:32:31] [INFO] Strategy RflStrategy, attempt 1/1
[2026-01-12 18:32:31] [INFO] Starting proof generation...
[2026-01-12 18:32:31] [INFO] Repository path: /root/repo
[2026-01-12 18:32:31] [INFO] Proof generation completed
[2026-01-12 18:32:31] [INFO] Generated proof:
[2026-01-12 18:32:31] [INFO] rfl
[2026-01-12 18:32:31] [INFO] Proof length: 3 chars
[2026-01-12 18:32:31] [INFO] Starting proof verification...
[2026-01-12 18:32:31] [INFO] Verifying at: SpherePacking/ModularForms/FG.lean:48
[2026-01-12 18:32:31] [INFO] Using LEAN INTERACT verify
[2026-01-12 18:32:31] [INFO] Checking file
[2026-01-12 18:34:32] [INFO] Cannot build modified file <error line="48" column="2">
<code_line>  rfl</code_line>
<message>error: Tactic `rfl` failed: The left-hand side</message>
</error>
  chartedSpaceSelf ℂ
is not definitionally equal to the right-hand side
  G

⊢ MDifferentiable 𝓘(ℂ, ℂ) 𝓘(ℂ, ℂ) G
[2026-01-12 18:34:32] [INFO] Proof verification completed
[2026-01-12 18:34:32] [INFO] Strategy RflStrategy attempt 1: verified=False
[2026-01-12 18:34:32] [INFO] Verification message: Cannot build modified file: <error line="48" column="2">
<code_line>  rfl</code_line>
<message>error: Tactic `rfl` failed: The left-hand side</message>
</error>
  chartedSpaceSelf ℂ
is not definitionally equal to the right-hand side
  G

⊢ MDifferentiable 𝓘(ℂ, ℂ) 𝓘(ℂ, ℂ) G

[2026-01-12 18:34:32] [INFO] Attempt 1 failed verification, continuing...
[2026-01-12 18:34:32] [INFO] ========================================
[2026-01-12 18:34:32] [INFO] Pass@k completed. Total results: 1
[2026-01-12 18:34:32] [INFO] FAILED: All 1 strategies x 1 attempts
[2026-01-12 18:34:32] [INFO] Writing results to file: /root/repo/result.json
[2026-01-12 18:34:32] [INFO] Result file written successfully
[2026-01-12 18:34:32] [INFO] Results exported to: /root/repo/result.json
[2026-01-12 18:34:32] [INFO] run_morphcloud_local.py completed successfully

[2026-01-12 18:34:33] [process_single_sorry] Downloading result file...
[2026-01-12 18:34:34] [process_single_sorry] Downloaded result to intermediate_experiment_outputs_full_reservoir_3_months/rfl/2026-01-12_15-54-17_rfl/individual/e5ab2f1cd0f6dfb1df78b7f35620618c89938303671793201d0c66ae4186a8b1.json
[2026-01-12 18:34:36] [process_single_sorry] Instance context closed successfully
[2026-01-12 18:34:36] [process_single_sorry] Parsing result file...
[2026-01-12 18:34:36] [process_single_sorry] Successfully parsed result (list format, 1 results)
