[2026-01-12 17:30:30] [process_single_sorry] Starting for sorry f1bf22300472ea6beb549bb2f1fbf9e02a4df67c287f7ba41bfbf8444fe7ee3c
[2026-01-12 17:30:30] [process_single_sorry] Using snapshot: snapshot_2b23ppje
[2026-01-12 17:30:30] [process_single_sorry] Repository: https://github.com/Clap-lang/clap-lean@326f55435f91295d95a6166b060cace7ef92e6e4
[2026-01-12 17:30:30] [process_single_sorry] Instance name: clap-lean_326f55435f91_rfl_f1bf22300472ea6beb549bb2f1fbf9e02a4df67c287f7ba41bfbf8444fe7ee3c
[2026-01-12 17:30:30] [process_single_sorry] Starting attempt 1/3
[2026-01-12 17:30:30] [process_single_sorry] Starting instance from snapshot...
[2026-01-12 17:30:32] [process_single_sorry] Instance started successfully: morphvm_u6cyxq8u
[2026-01-12 17:30:32] [process_single_sorry] Creating .env file...
[2026-01-12 17:30:34] [process_single_sorry] .env file created (exit_code: 0)
[2026-01-12 17:30:34] [process_single_sorry] Executing agent command...
[2026-01-12 17:31:14] [process_single_sorry] Agent command completed (exit_code: 0)
[2026-01-12 17:31:14] [process_single_sorry] STDOUT:

Results JSON:
[
  {
    "sorry": {
      "repo": {
        "remote": "https://github.com/Clap-lang/clap-lean",
        "branch": "assert_range2",
        "commit": "326f55435f91295d95a6166b060cace7ef92e6e4",
        "lean_version": "v4.26.0-rc2"
      },
      "location": {
        "path": "Clap/Spec.lean",
        "start_line": 203,
        "start_column": 4,
        "end_line": 203,
        "end_column": 9
      },
      "debug_info": {
        "goal": "p : ℕ\ninst✝ : Fact (Nat.Prime p)\n⊢ Simulation.s_bisim\n    (fun i =>\n      Option.bind (Clap.Spec.eq0 p i) fun a =>\n        (some (Clap.Spec.share p i)).bind fun a =>\n          Option.bind (Clap.Spec.eq0 p (a + i)) fun a_1 =>\n            Option.bind (Clap.Spec.assert_range p 2 a) fun x => some (Clap.Spec.accept ()))\n    (Circuit.eval ?c)",
        "url": "https://github.com/Clap-lang/clap-lean/blob/326f55435f91295d95a6166b060cace7ef92e6e4/Clap/Spec.lean#L203"
      },
      "metadata": {
        "blame_email_hash": "f97ff5f0ac04",
        "blame_date": "2025-12-09T17:24:45+01:00",
        "inclusion_date": "2026-01-08T22:26:21.439472+00:00"
      },
      "id": "f1bf22300472ea6beb549bb2f1fbf9e02a4df67c287f7ba41bfbf8444fe7ee3c"
    },
    "proof": null,
    "proof_verified": false,
    "feedback": null,
    "verification_message": "All 1 attempts failed (1 strategies x 1 attempts each)",
    "success": true,
    "error_type": null,
    "error_message": null,
    "strategy_name": "all_failed_k=1",
    "proof_attempts": [
      "rfl"
    ]
  }
]

[2026-01-12 17:31:14] [process_single_sorry] STDERR:
None of PyTorch, TensorFlow >= 2.0, or Flax have been found. Models won't be available and only tokenizers, configuration and file/data utilities can be used.
[2026-01-12 17:30:48] [INFO] ================================================================================
[2026-01-12 17:30:48] [INFO] Starting run_morphcloud_local.py
[2026-01-12 17:30:48] [INFO] ================================================================================
[2026-01-12 17:30:48] [INFO] Environment loaded
[2026-01-12 17:30:48] [INFO] Full command: /root/SorryDB/sorrydb/cli/run_morphcloud_local.py --repo-path /root/repo --sorry-json {"repo": {"remote": "https://github.com/Clap-lang/clap-lean", "branch": "assert_range2", "commit": "326f55435f91295d95a6166b060cace7ef92e6e4", "lean_version": "v4.26.0-rc2"}, "location": {"path": "Clap/Spec.lean", "start_line": 203, "start_column": 4, "end_line": 203, "end_column": 9}, "debug_info": {"goal": "p : \u2115\ninst\u271d : Fact (Nat.Prime p)\n\u22a2 Simulation.s_bisim\n    (fun i =>\n      Option.bind (Clap.Spec.eq0 p i) fun a =>\n        (some (Clap.Spec.share p i)).bind fun a =>\n          Option.bind (Clap.Spec.eq0 p (a + i)) fun a_1 =>\n            Option.bind (Clap.Spec.assert_range p 2 a) fun x => some (Clap.Spec.accept ()))\n    (Circuit.eval ?c)", "url": "https://github.com/Clap-lang/clap-lean/blob/326f55435f91295d95a6166b060cace7ef92e6e4/Clap/Spec.lean#L203"}, "metadata": {"blame_email_hash": "f97ff5f0ac04", "blame_date": "2025-12-09T17:24:45+01:00", "inclusion_date": "2026-01-08T22:26:21.439472+00:00"}, "id": "f1bf22300472ea6beb549bb2f1fbf9e02a4df67c287f7ba41bfbf8444fe7ee3c"} --agent-strategy {"name": "rfl", "args": {}}
[2026-01-12 17:30:48] [INFO] Arguments parsed: repo_path=/root/repo, output_path=/root/repo/result.json
[2026-01-12 17:30:48] [INFO] Strategy spec: {"name": "rfl", "args": {}}...
[2026-01-12 17:30:48] [INFO] Loading sorry data...
[2026-01-12 17:30:48] [INFO] Parsing sorry from JSON string...
[2026-01-12 17:30:48] [INFO] Sorry data parsed from JSON string
[2026-01-12 17:30:48] [INFO] Creating strategy from spec...
[2026-01-12 17:30:48] [INFO] Parsing strategy spec (length: 27 chars)
[2026-01-12 17:30:48] [INFO] Strategy name: rfl
[2026-01-12 17:30:48] [INFO] Strategy args: {}
[2026-01-12 17:30:48] [INFO] Pass@k value: 1
[2026-01-12 17:30:48] [INFO] Creating strategy: rfl
[2026-01-12 17:30:48] [INFO] Strategies created: ['RflStrategy']
[2026-01-12 17:30:48] [INFO] Pass@k value: 1
[2026-01-12 17:30:48] [INFO] Creating Sorry object...
[2026-01-12 17:30:48] [INFO] Sorry object created: id=f1bf22300472ea6beb549bb2f1fbf9e02a4df67c287f7ba41bfbf8444fe7ee3c
[2026-01-12 17:30:48] [INFO] Sorry location: Clap/Spec.lean:203
[2026-01-12 17:30:48] [INFO] Context before sorry (lines 198-203):
[2026-01-12 17:30:48] [INFO]   198:   unfold ex
[2026-01-12 17:30:48] [INFO]   199:   simp only [bind]
[2026-01-12 17:30:48] [INFO]   200:   refine ⟨?c,?p⟩
[2026-01-12 17:30:48] [INFO]   201:   case p =>
[2026-01-12 17:30:48] [INFO]   202: --  apply Simulation.s_bisim.lam (F:=(ZMod p)) (fun x => ?kl) (fun x => (Circuit.eval ?kr))
[2026-01-12 17:30:48] [INFO]   203:     sorry
[2026-01-12 17:30:48] [INFO] Sorry line:     sorry
[2026-01-12 17:30:48] [INFO] Sorry goal: p : ℕ
inst✝ : Fact (Nat.Prime p)
⊢ Simulation.s_bisim
    (fun i =>
      Option.bind (Clap.Spec.eq0...
[2026-01-12 17:30:48] [INFO] ========================================
[2026-01-12 17:30:48] [INFO] Trying strategy: RflStrategy (up to 1 attempts)
[2026-01-12 17:30:48] [INFO] --------------------
[2026-01-12 17:30:48] [INFO] Strategy RflStrategy, attempt 1/1
[2026-01-12 17:30:48] [INFO] Starting proof generation...
[2026-01-12 17:30:48] [INFO] Repository path: /root/repo
[2026-01-12 17:30:48] [INFO] Proof generation completed
[2026-01-12 17:30:48] [INFO] Generated proof:
[2026-01-12 17:30:48] [INFO] rfl
[2026-01-12 17:30:48] [INFO] Proof length: 3 chars
[2026-01-12 17:30:48] [INFO] Starting proof verification...
[2026-01-12 17:30:48] [INFO] Verifying at: Clap/Spec.lean:203
[2026-01-12 17:30:48] [INFO] Using LEAN INTERACT verify
[2026-01-12 17:30:48] [INFO] Checking file
[2026-01-12 17:31:13] [INFO] Cannot build modified file <error line="203" column="4">
<code_line>    rfl</code_line>
<message>error: Tactic `rfl` failed: The left-hand side</message>
</error>
  fun i =>
    (eq0 i).bind fun a =>
      (some (share i)).bind fun a => (eq0 (a + i)).bind fun a_1 => (assert_range 2 a).bind fun x => some (accept ())
is not definitionally equal to the right-hand side
  Circuit.eval ?c

p : ℕ
inst✝ : Fact (Nat.Prime p)
⊢ Simulation.s_bisim
    (fun i =>
      (eq0 i).bind fun a =>
        (some (share i)).bind fun a => (eq0 (a + i)).bind fun a_1 => (assert_range 2 a).bind fun x => some (accept ()))
    (Circuit.eval ?c)
[2026-01-12 17:31:13] [INFO] Proof verification completed
[2026-01-12 17:31:13] [INFO] Strategy RflStrategy attempt 1: verified=False
[2026-01-12 17:31:13] [INFO] Verification message: Cannot build modified file: <error line="203" column="4">
<code_line>    rfl</code_line>
<message>error: Tactic `rfl` failed: The left-hand side</message>
</error>
  fun i =>
    (eq0 i).bind fun a =>
      (some (share i)).bind fun a => (eq0 (a + i)).bind fun a_1 => (assert_range 2 a).bind fun x => some (accept ())
is not definitionally equal to the right-hand side
  Circuit.eval ?c

p : ℕ
inst✝ : Fact (Nat.Prime p)
⊢ Simulation.s_bisim
    (fun i =>
      (eq0 i).bind fun a =>
        (some (share i)).bind fun a => (eq0 (a + i)).bind fun a_1 => (assert_range 2 a).bind fun x => some (accept ()))
    (Circuit.eval ?c)

[2026-01-12 17:31:13] [INFO] Attempt 1 failed verification, continuing...
[2026-01-12 17:31:13] [INFO] ========================================
[2026-01-12 17:31:13] [INFO] Pass@k completed. Total results: 1
[2026-01-12 17:31:13] [INFO] FAILED: All 1 strategies x 1 attempts
[2026-01-12 17:31:13] [INFO] Writing results to file: /root/repo/result.json
[2026-01-12 17:31:13] [INFO] Result file written successfully
[2026-01-12 17:31:13] [INFO] Results exported to: /root/repo/result.json
[2026-01-12 17:31:13] [INFO] run_morphcloud_local.py completed successfully

[2026-01-12 17:31:14] [process_single_sorry] Downloading result file...
[2026-01-12 17:31:15] [process_single_sorry] Downloaded result to intermediate_experiment_outputs_full_reservoir_3_months/rfl/2026-01-12_15-54-17_rfl/individual/f1bf22300472ea6beb549bb2f1fbf9e02a4df67c287f7ba41bfbf8444fe7ee3c.json
[2026-01-12 17:31:17] [process_single_sorry] Instance context closed successfully
[2026-01-12 17:31:17] [process_single_sorry] Parsing result file...
[2026-01-12 17:31:17] [process_single_sorry] Successfully parsed result (list format, 1 results)
