[2026-01-12 18:40:33] [process_single_sorry] Starting for sorry f643690538aac1678696f0fc856fff0297a59782b16f8aeed03cc47713b813be
[2026-01-12 18:40:33] [process_single_sorry] Using snapshot: snapshot_ujyplu2m
[2026-01-12 18:40:33] [process_single_sorry] Repository: https://github.com/ImperialCollegeLondon/FLT@5150d6da6af292a826f46b22f4ba962252394b56
[2026-01-12 18:40:33] [process_single_sorry] Instance name: FLT_5150d6da6af2_rfl_f643690538aac1678696f0fc856fff0297a59782b16f8aeed03cc47713b813be
[2026-01-12 18:40:33] [process_single_sorry] Starting attempt 1/3
[2026-01-12 18:40:33] [process_single_sorry] Starting instance from snapshot...
[2026-01-12 18:40:37] [process_single_sorry] Instance started successfully: morphvm_gufsvq4z
[2026-01-12 18:40:37] [process_single_sorry] Creating .env file...
[2026-01-12 18:41:15] [process_single_sorry] .env file created (exit_code: 0)
[2026-01-12 18:41:15] [process_single_sorry] Executing agent command...
[2026-01-12 18:43:54] [process_single_sorry] Agent command completed (exit_code: 0)
[2026-01-12 18:43:54] [process_single_sorry] STDOUT:

Results JSON:
[
  {
    "sorry": {
      "repo": {
        "remote": "https://github.com/ImperialCollegeLondon/FLT",
        "branch": "kbuzzard-more-addHaarScalarFactor_tensor_adeles_rat_eq_one",
        "commit": "5150d6da6af292a826f46b22f4ba962252394b56",
        "lean_version": "v4.27.0-rc1"
      },
      "location": {
        "path": "FLT/HaarMeasure/HaarChar/AdeleRing.lean",
        "start_line": 178,
        "start_column": 23,
        "end_line": 178,
        "end_column": 28
      },
      "debug_info": {
        "goal": "K : Type u_1\nL : Type u_2\ninst✝¹⁵ : Field K\ninst✝¹⁴ : Field L\ninst✝¹³ : Algebra K L\ninst✝¹² : NumberField K\ninst✝¹¹ : NumberField L\nV : Type u_3\ninst✝¹⁰ : AddCommGroup V\ninst✝⁹ : Module L V\ninst✝⁸ : Module K V\ninst✝⁷ : IsScalarTower K L V\ninst✝⁶ : FiniteDimensional L V\ninst✝⁵ : FiniteDimensional K V\nB : Type u_4\ninst✝⁴ : Ring B\ninst✝³ : Algebra K B\ninst✝² : FiniteDimensional K B\ninst✝¹ : Module ℚ V\ninst✝ : FiniteDimensional ℚ V\n⊢ failed to pretty print expression (use 'set_option pp.rawOnError true' for raw representation)",
        "url": "https://github.com/ImperialCollegeLondon/FLT/blob/5150d6da6af292a826f46b22f4ba962252394b56/FLT/HaarMeasure/HaarChar/AdeleRing.lean#L178"
      },
      "metadata": {
        "blame_email_hash": "c7989443bd81",
        "blame_date": "2025-12-31T00:39:37+00:00",
        "inclusion_date": "2026-01-09T05:11:56.376255+00:00"
      },
      "id": "f643690538aac1678696f0fc856fff0297a59782b16f8aeed03cc47713b813be"
    },
    "proof": null,
    "proof_verified": false,
    "feedback": null,
    "verification_message": "All 1 attempts failed (1 strategies x 1 attempts each)",
    "success": true,
    "error_type": null,
    "error_message": null,
    "strategy_name": "all_failed_k=1",
    "proof_attempts": [
      "rfl"
    ]
  }
]

[2026-01-12 18:43:54] [process_single_sorry] STDERR:
None of PyTorch, TensorFlow >= 2.0, or Flax have been found. Models won't be available and only tokenizers, configuration and file/data utilities can be used.
[2026-01-12 18:41:43] [INFO] ================================================================================
[2026-01-12 18:41:43] [INFO] Starting run_morphcloud_local.py
[2026-01-12 18:41:43] [INFO] ================================================================================
[2026-01-12 18:41:43] [INFO] Environment loaded
[2026-01-12 18:41:43] [INFO] Full command: /root/SorryDB/sorrydb/cli/run_morphcloud_local.py --repo-path /root/repo --sorry-json {"repo": {"remote": "https://github.com/ImperialCollegeLondon/FLT", "branch": "kbuzzard-more-addHaarScalarFactor_tensor_adeles_rat_eq_one", "commit": "5150d6da6af292a826f46b22f4ba962252394b56", "lean_version": "v4.27.0-rc1"}, "location": {"path": "FLT/HaarMeasure/HaarChar/AdeleRing.lean", "start_line": 178, "start_column": 23, "end_line": 178, "end_column": 28}, "debug_info": {"goal": "K : Type u_1\nL : Type u_2\ninst\u271d\u00b9\u2075 : Field K\ninst\u271d\u00b9\u2074 : Field L\ninst\u271d\u00b9\u00b3 : Algebra K L\ninst\u271d\u00b9\u00b2 : NumberField K\ninst\u271d\u00b9\u00b9 : NumberField L\nV : Type u_3\ninst\u271d\u00b9\u2070 : AddCommGroup V\ninst\u271d\u2079 : Module L V\ninst\u271d\u2078 : Module K V\ninst\u271d\u2077 : IsScalarTower K L V\ninst\u271d\u2076 : FiniteDimensional L V\ninst\u271d\u2075 : FiniteDimensional K V\nB : Type u_4\ninst\u271d\u2074 : Ring B\ninst\u271d\u00b3 : Algebra K B\ninst\u271d\u00b2 : FiniteDimensional K B\ninst\u271d\u00b9 : Module \u211a V\ninst\u271d : FiniteDimensional \u211a V\n\u22a2 failed to pretty print expression (use 'set_option pp.rawOnError true' for raw representation)", "url": "https://github.com/ImperialCollegeLondon/FLT/blob/5150d6da6af292a826f46b22f4ba962252394b56/FLT/HaarMeasure/HaarChar/AdeleRing.lean#L178"}, "metadata": {"blame_email_hash": "c7989443bd81", "blame_date": "2025-12-31T00:39:37+00:00", "inclusion_date": "2026-01-09T05:11:56.376255+00:00"}, "id": "f643690538aac1678696f0fc856fff0297a59782b16f8aeed03cc47713b813be"} --agent-strategy {"name": "rfl", "args": {}}
[2026-01-12 18:41:43] [INFO] Arguments parsed: repo_path=/root/repo, output_path=/root/repo/result.json
[2026-01-12 18:41:43] [INFO] Strategy spec: {"name": "rfl", "args": {}}...
[2026-01-12 18:41:43] [INFO] Loading sorry data...
[2026-01-12 18:41:43] [INFO] Parsing sorry from JSON string...
[2026-01-12 18:41:43] [INFO] Sorry data parsed from JSON string
[2026-01-12 18:41:43] [INFO] Creating strategy from spec...
[2026-01-12 18:41:43] [INFO] Parsing strategy spec (length: 27 chars)
[2026-01-12 18:41:43] [INFO] Strategy name: rfl
[2026-01-12 18:41:43] [INFO] Strategy args: {}
[2026-01-12 18:41:43] [INFO] Pass@k value: 1
[2026-01-12 18:41:43] [INFO] Creating strategy: rfl
[2026-01-12 18:41:43] [INFO] Strategies created: ['RflStrategy']
[2026-01-12 18:41:43] [INFO] Pass@k value: 1
[2026-01-12 18:41:43] [INFO] Creating Sorry object...
[2026-01-12 18:41:43] [INFO] Sorry object created: id=f643690538aac1678696f0fc856fff0297a59782b16f8aeed03cc47713b813be
[2026-01-12 18:41:43] [INFO] Sorry location: FLT/HaarMeasure/HaarChar/AdeleRing.lean:178
[2026-01-12 18:41:43] [INFO] Context before sorry (lines 173-178):
[2026-01-12 18:41:43] [INFO]   173:   Continuity will follow from the fact that
[2026-01-12 18:41:43] [INFO]   174:   (restricted product of V_i)^n = restricted product of (V_i^n)
[2026-01-12 18:41:43] [INFO]   175:   is a homeo -- do we have this?
[2026-01-12 18:41:43] [INFO]   176:   -/
[2026-01-12 18:41:43] [INFO]   177:   continuous_toFun := sorry -- this might be hard
[2026-01-12 18:41:43] [INFO]   178:   continuous_invFun := sorry -- this might be hard
[2026-01-12 18:41:43] [INFO] Sorry line:   continuous_invFun := sorry -- this might be hard
[2026-01-12 18:41:43] [INFO] Sorry goal: K : Type u_1
L : Type u_2
inst✝¹⁵ : Field K
inst✝¹⁴ : Field L
inst✝¹³ : Algebra K L
inst✝¹² : Number...
[2026-01-12 18:41:43] [INFO] ========================================
[2026-01-12 18:41:43] [INFO] Trying strategy: RflStrategy (up to 1 attempts)
[2026-01-12 18:41:43] [INFO] --------------------
[2026-01-12 18:41:43] [INFO] Strategy RflStrategy, attempt 1/1
[2026-01-12 18:41:43] [INFO] Starting proof generation...
[2026-01-12 18:41:43] [INFO] Repository path: /root/repo
[2026-01-12 18:41:43] [INFO] Proof generation completed
[2026-01-12 18:41:43] [INFO] Generated proof:
[2026-01-12 18:41:43] [INFO] rfl
[2026-01-12 18:41:43] [INFO] Proof length: 3 chars
[2026-01-12 18:41:43] [INFO] Starting proof verification...
[2026-01-12 18:41:43] [INFO] Verifying at: FLT/HaarMeasure/HaarChar/AdeleRing.lean:178
[2026-01-12 18:41:43] [INFO] Using LEAN INTERACT verify
[2026-01-12 18:41:43] [INFO] Checking file
[2026-01-12 18:43:53] [INFO] Cannot build modified file <error line="178" column="23">
<code_line>  continuous_invFun := rfl -- this might be hard</code_line>
<message>error: Type mismatch</message>
</error>
  rfl
has type
  ?m.156 = ?m.156
but is expected to have type
  Continuous (tensorAdelesEquivRestrictedProduct V).invFun
[2026-01-12 18:43:53] [INFO] Proof verification completed
[2026-01-12 18:43:53] [INFO] Strategy RflStrategy attempt 1: verified=False
[2026-01-12 18:43:53] [INFO] Verification message: Cannot build modified file: <error line="178" column="23">
<code_line>  continuous_invFun := rfl -- this might be hard</code_line>
<message>error: Type mismatch</message>
</error>
  rfl
has type
  ?m.156 = ?m.156
but is expected to have type
  Continuous (tensorAdelesEquivRestrictedProduct V).invFun

[2026-01-12 18:43:53] [INFO] Attempt 1 failed verification, continuing...
[2026-01-12 18:43:53] [INFO] ========================================
[2026-01-12 18:43:53] [INFO] Pass@k completed. Total results: 1
[2026-01-12 18:43:53] [INFO] FAILED: All 1 strategies x 1 attempts
[2026-01-12 18:43:53] [INFO] Writing results to file: /root/repo/result.json
[2026-01-12 18:43:53] [INFO] Result file written successfully
[2026-01-12 18:43:53] [INFO] Results exported to: /root/repo/result.json
[2026-01-12 18:43:53] [INFO] run_morphcloud_local.py completed successfully

[2026-01-12 18:43:54] [process_single_sorry] Downloading result file...
[2026-01-12 18:43:54] [process_single_sorry] Downloaded result to intermediate_experiment_outputs_full_reservoir_3_months/rfl/2026-01-12_15-54-17_rfl/individual/f643690538aac1678696f0fc856fff0297a59782b16f8aeed03cc47713b813be.json
[2026-01-12 18:43:56] [process_single_sorry] Instance context closed successfully
[2026-01-12 18:43:56] [process_single_sorry] Parsing result file...
[2026-01-12 18:43:56] [process_single_sorry] Successfully parsed result (list format, 1 results)
