[2025-12-18 21:54:27] [process_single_sorry] Starting for sorry 5fa7dbf9891f06a811113a4c400beb6455bc61900c24d1d17805701c6ce03e6c
[2025-12-18 21:54:27] [process_single_sorry] Using snapshot: snapshot_xpeazrs2
[2025-12-18 21:54:27] [process_single_sorry] Repository: https://github.com/leanprover-community/mathlib4@df98409817547fdb6b54dab7643a9557437c0462
[2025-12-18 21:54:27] [process_single_sorry] Instance name: mathlib4_df9840981754_supersimple_5fa7dbf9891f06a811113a4c400beb6455bc61900c24d1d17805701c6ce03e6c
[2025-12-18 21:54:27] [process_single_sorry] Starting attempt 1/3
[2025-12-18 21:54:27] [process_single_sorry] Starting instance from snapshot...
[2025-12-18 21:54:28] [process_single_sorry] Instance started successfully: morphvm_7rjs6by2
[2025-12-18 21:54:28] [process_single_sorry] Creating .env file...
[2025-12-18 21:54:37] [process_single_sorry] .env file created (exit_code: 0)
[2025-12-18 21:54:37] [process_single_sorry] Executing agent command...
[2025-12-18 22:01:46] [process_single_sorry] Agent command completed (exit_code: 0)
[2025-12-18 22:01:46] [process_single_sorry] STDOUT:
Lake version 5.0.0-6741444 (Lean version 4.21.0)
Mathlib repository: leanprover-community/mathlib4
No files to download
Decompressing 6847 file(s)
Unpacked in 682 ms
Completed successfully!
⚠ [5864/6209] Replayed Mathlib.LinearAlgebra.RootSystem.Finite.G2
warning: Mathlib/LinearAlgebra/RootSystem/Finite/G2.lean:579:4: declaration uses 'sorry'
warning: Mathlib/LinearAlgebra/RootSystem/Finite/G2.lean:579:4: declaration uses 'sorry'
warning: Mathlib/LinearAlgebra/RootSystem/Finite/G2.lean:604:0: declaration uses 'sorry'
Build completed successfully.
sorry
[22:00:20] INFO     Updated version-specific REPL cache to commit  config.py:388
                    e89a57357e0345a7e87cf990795ab82d23c8ffae                    

Result JSON:
{
  "sorry": {
    "repo": {
      "remote": "https://github.com/leanprover-community/mathlib4",
      "branch": "ocfnash/concrete_g2",
      "commit": "df98409817547fdb6b54dab7643a9557437c0462",
      "lean_version": "v4.21.0-rc3"
    },
    "location": {
      "path": "Mathlib/LinearAlgebra/RootSystem/Finite/G2.lean",
      "start_line": 600,
      "start_column": 4,
      "end_line": 600,
      "end_column": 9
    },
    "debug_info": {
      "goal": "\u03b9 : Type u_1\nR : Type u_2\nM : Type u_3\nN : Type u_4\ninst\u271d\u2075 : CommRing R\ninst\u271d\u2074 : AddCommGroup M\ninst\u271d\u00b3 : Module R M\ninst\u271d\u00b2 : AddCommGroup N\ninst\u271d\u00b9 : Module R N\nP : RootPairing \u03b9 R M N\ninst\u271d : CharZero R\n\u22a2 Submodule.span R\n      (Set.range\n        \u21d1({ toFun := List.get RootPairing.EmbeddedG2.allCoeffs, inj' := \u22ef }.trans\n            { toFun := fun x => Int.cast \u2218 x, inj' := \u22ef })) =\n    \u22a4",
      "url": "https://github.com/leanprover-community/mathlib4/blob/df98409817547fdb6b54dab7643a9557437c0462/Mathlib/LinearAlgebra/RootSystem/Finite/G2.lean#L600"
    },
    "metadata": {
      "blame_email_hash": "1b004c50e78f",
      "blame_date": "2025-06-18T13:01:58+01:00",
      "inclusion_date": "2025-06-19T03:05:54.574593+00:00"
    },
    "id": "5fa7dbf9891f06a811113a4c400beb6455bc61900c24d1d17805701c6ce03e6c"
  },
  "proof": "sorry",
  "proof_verified": false,
  "feedback": null,
  "verification_message": "Failed to analyze original file: The Lean server did not respond in time (timeout=60) and is now killed.",
  "success": true,
  "error_type": null,
  "error_message": null
}

[2025-12-18 22:01:46] [process_single_sorry] STDERR:
None of PyTorch, TensorFlow >= 2.0, or Flax have been found. Models won't be available and only tokenizers, configuration and file/data utilities can be used.
[2025-12-18 21:54:56] [INFO] ================================================================================
[2025-12-18 21:54:56] [INFO] Starting run_morphcloud_local.py
[2025-12-18 21:54:56] [INFO] ================================================================================
[2025-12-18 21:54:56] [INFO] Environment loaded
[2025-12-18 21:54:56] [INFO] Arguments parsed: repo_path=/root/repo, output_path=/root/repo/result.json
[2025-12-18 21:54:56] [INFO] Strategy spec: {"name": "supersimple", "args": {}}...
[2025-12-18 21:54:56] [INFO] Loading sorry data...
[2025-12-18 21:54:56] [INFO] Parsing sorry from JSON string...
[2025-12-18 21:54:56] [INFO] Sorry data parsed from JSON string
[2025-12-18 21:54:56] [INFO] Creating strategy from spec...
[2025-12-18 21:54:56] [INFO] Parsing strategy spec (length: 35 chars)
[2025-12-18 21:54:56] [INFO] Strategy name: supersimple
[2025-12-18 21:54:56] [INFO] Strategy args: {}
[2025-12-18 21:54:56] [INFO] Creating strategy: supersimple
[2025-12-18 21:54:56] [INFO] Strategy created: ProveAllStrategy
[2025-12-18 21:54:56] [INFO] Creating Sorry object...
[2025-12-18 21:54:56] [INFO] Sorry object created: id=5fa7dbf9891f06a811113a4c400beb6455bc61900c24d1d17805701c6ce03e6c
[2025-12-18 21:54:56] [INFO] Sorry location: Mathlib/LinearAlgebra/RootSystem/Finite/G2.lean:600
[2025-12-18 21:54:56] [INFO] Sorry goal: ι : Type u_1
R : Type u_2
M : Type u_3
N : Type u_4
inst✝⁵ : CommRing R
inst✝⁴ : AddCommGroup M
inst...
[2025-12-18 21:54:56] [INFO] Starting agent proof generation...
[2025-12-18 21:54:56] [INFO] Repository path: /root/repo
[2025-12-18 21:54:56] [INFO] Using LEAN INTERACT verify
[2025-12-18 21:54:56] [INFO] Checking file
[2025-12-18 21:56:36] [INFO] Cannot build modified file ╭─ Error at line 599:22
│    span_root_eq_top := by
│                       ^^^
╰─ error: unsolved goals
ι : Type u_1
R : Type u_2
M : Type u_3
N : Type u_4
inst✝⁵ : CommRing R
inst✝⁴ : AddCommGroup M
inst✝³ : Module R M
inst✝² : AddCommGroup N
inst✝¹ : Module R N
P : RootPairing ι R M N
inst✝ : CharZero R
⊢ Submodule.span R (Set.range ((fun x => Int.cast ∘ x) ∘ allCoeffs.get)) = ⊤
[2025-12-18 21:56:36] [INFO] Failed to prove with tactic list: ['rfl', 'simp_all', 'exact?'], with error: Cannot build modified file: ╭─ Error at line 599:22
│    span_root_eq_top := by
│                       ^^^
╰─ error: unsolved goals
ι : Type u_1
R : Type u_2
M : Type u_3
N : Type u_4
inst✝⁵ : CommRing R
inst✝⁴ : AddCommGroup M
inst✝³ : Module R M
inst✝² : AddCommGroup N
inst✝¹ : Module R N
P : RootPairing ι R M N
inst✝ : CharZero R
⊢ Submodule.span R (Set.range ((fun x => Int.cast ∘ x) ∘ allCoeffs.get)) = ⊤

[2025-12-18 21:56:36] [INFO] Using LEAN INTERACT verify
[2025-12-18 21:56:36] [INFO] Checking file
[2025-12-18 21:57:39] [INFO] Cannot build modified file ╭─ Error at line 599:22
│    span_root_eq_top := by
│                       ^^^
╰─ error: unsolved goals
ι : Type u_1
R : Type u_2
M : Type u_3
N : Type u_4
inst✝⁵ : CommRing R
inst✝⁴ : AddCommGroup M
inst✝³ : Module R M
inst✝² : AddCommGroup N
inst✝¹ : Module R N
P : RootPairing ι R M N
inst✝ : CharZero R
⊢ Submodule.span R
      (Set.range ⇑({ toFun := allCoeffs.get, inj' := ⋯ }.trans { toFun := fun x => Int.cast ∘ x, inj' := ⋯ })) =
    ⊤
[2025-12-18 21:57:39] [INFO] Failed to prove with tactic list: ['grind'], with error: Cannot build modified file: ╭─ Error at line 599:22
│    span_root_eq_top := by
│                       ^^^
╰─ error: unsolved goals
ι : Type u_1
R : Type u_2
M : Type u_3
N : Type u_4
inst✝⁵ : CommRing R
inst✝⁴ : AddCommGroup M
inst✝³ : Module R M
inst✝² : AddCommGroup N
inst✝¹ : Module R N
P : RootPairing ι R M N
inst✝ : CharZero R
⊢ Submodule.span R
      (Set.range ⇑({ toFun := allCoeffs.get, inj' := ⋯ }.trans { toFun := fun x => Int.cast ∘ x, inj' := ⋯ })) =
    ⊤

[2025-12-18 21:57:39] [INFO] Using LEAN INTERACT verify
[2025-12-18 21:57:39] [INFO] Checking file
[2025-12-18 21:58:52] [INFO] Cannot build modified file ╭─ Error at line 600:175
│      all_goals intros; first | ((all_goals try ring) ; (all_goals try norm_num) ; (all_goals try omega) ; (all_goals try linarith) ; (all_goals try nlinarith) ; (all_goals try aesop)) | (all_goals ((try ring) ; (try norm_num) ; (try omega) ; (try linarith) ; (try nlinarith) ; (try aesop)))
│                                                                                                                                                                                ^^^
╰─ error: (deterministic) timeout at `aesop`, maximum number of heartbeats (200000) has been reached
Use `set_option maxHeartbeats <num>` to set the limit.

Additional diagnostic information may be available using the `set_option diagnostics true` command.

╭─ Error at line 602:4
│      sorry
│     ^^^
╰─ error: (deterministic) timeout at `«tactic execution»`, maximum number of heartbeats (200000) has been reached
Use `set_option maxHeartbeats <num>` to set the limit.

Additional diagnostic information may be available using the `set_option diagnostics true` command.
[2025-12-18 21:58:52] [INFO] Failed to prove with tactic list: ['ring', 'norm_num', 'omega', 'linarith', 'nlinarith', 'aesop'], with error: Cannot build modified file: ╭─ Error at line 600:175
│      all_goals intros; first | ((all_goals try ring) ; (all_goals try norm_num) ; (all_goals try omega) ; (all_goals try linarith) ; (all_goals try nlinarith) ; (all_goals try aesop)) | (all_goals ((try ring) ; (try norm_num) ; (try omega) ; (try linarith) ; (try nlinarith) ; (try aesop)))
│                                                                                                                                                                                ^^^
╰─ error: (deterministic) timeout at `aesop`, maximum number of heartbeats (200000) has been reached
Use `set_option maxHeartbeats <num>` to set the limit.

Additional diagnostic information may be available using the `set_option diagnostics true` command.

╭─ Error at line 602:4
│      sorry
│     ^^^
╰─ error: (deterministic) timeout at `«tactic execution»`, maximum number of heartbeats (200000) has been reached
Use `set_option maxHeartbeats <num>` to set the limit.

Additional diagnostic information may be available using the `set_option diagnostics true` command.

[2025-12-18 21:58:52] [INFO] Agent proof generation completed
[2025-12-18 21:58:52] [INFO] Generated proof:
[2025-12-18 21:58:52] [INFO] Proof length: 5 chars
[2025-12-18 21:58:52] [INFO] Starting proof verification...
[2025-12-18 21:58:52] [INFO] Verifying at: Mathlib/LinearAlgebra/RootSystem/Finite/G2.lean:600
[2025-12-18 21:58:52] [INFO] Using LEAN INTERACT verify
[2025-12-18 21:58:52] [INFO] Checking file
[2025-12-18 21:59:50] [INFO] Building REPL config
info: downloading https://releases.lean-lang.org/lean4/v4.21.0/lean-4.21.0-linux.tar.zst
info: installing /root/.elan/toolchains/leanprover--lean4---v4.21.0
[2025-12-18 22:00:20] [INFO] Updated version-specific REPL cache to commit e89a57357e0345a7e87cf990795ab82d23c8ffae
[2025-12-18 22:00:42] [INFO] Creating Lean server
[2025-12-18 22:00:42] [INFO] Reading original file with timeout 60
[2025-12-18 22:01:44] [WARNING] Failed to analyze original file: The Lean server did not respond in time (timeout=60) and is now killed.
[2025-12-18 22:01:44] [INFO] Proof verification completed
[2025-12-18 22:01:44] [INFO] Proof verified: False
[2025-12-18 22:01:44] [INFO] Verification message: Failed to analyze original file: The Lean server did not respond in time (timeout=60) and is now killed.
[2025-12-18 22:01:44] [INFO] Creating result object...
[2025-12-18 22:01:44] [INFO] Result object created
[2025-12-18 22:01:44] [INFO] Serializing result to JSON...
[2025-12-18 22:01:44] [INFO] Result JSON size: 1654 chars
[2025-12-18 22:01:44] [INFO] Writing result to file: /root/repo/result.json
[2025-12-18 22:01:44] [INFO] Result file written successfully
[2025-12-18 22:01:44] [INFO] Result exported to: /root/repo/result.json
[2025-12-18 22:01:44] [INFO] run_morphcloud_local.py completed successfully

[2025-12-18 22:01:46] [process_single_sorry] Downloading result file...
[2025-12-18 22:01:46] [process_single_sorry] Downloaded result to intermediate_experiment_outputs/simple/2025-12-18_21-35-42_supersimple/individual/5fa7dbf9891f06a811113a4c400beb6455bc61900c24d1d17805701c6ce03e6c.json
[2025-12-18 22:01:48] [process_single_sorry] Instance context closed successfully
[2025-12-18 22:01:48] [process_single_sorry] Parsing result file...
[2025-12-18 22:01:48] [process_single_sorry] Successfully parsed result (dict format)
