[2026-03-26 18:19:31] [process_single_sorry] Starting for sorry 2ac37f0b27fae89848971c5a1da031cbd6ccca498c952be9b61403153c20dec3
[2026-03-26 18:19:31] [process_single_sorry] Using snapshot: snapshot_bq1pg9oy
[2026-03-26 18:19:31] [process_single_sorry] Repository: https://github.com/AlexKontorovich/PrimeNumberTheoremAnd@713c442c94e38fe5fdf96320af2718e635b37d08
[2026-03-26 18:19:31] [process_single_sorry] Instance name: PrimeNumberTheoremAnd_713c442c94e3_aristotle_collect_2ac37f0b27fae89848971c5a1da031cbd6ccca498c952be9b61403153c20dec3
[2026-03-26 18:19:31] [process_single_sorry] Starting attempt 1/4
[2026-03-26 18:19:31] [process_single_sorry] Starting instance from snapshot...
[2026-03-26 18:19:35] [process_single_sorry] Instance started successfully: morphvm_bd2hw9hh
[2026-03-26 18:19:35] [process_single_sorry] Creating .env file...
[2026-03-26 18:19:51] [process_single_sorry] .env file created (exit_code: 0)
[2026-03-26 18:19:51] [process_single_sorry] Copying projects file from outputs/aristotle_v2/2026-03-26_11-28-12_aristotle_submit/aristotle_projects.json...
[2026-03-26 18:19:56] [process_single_sorry] Projects file uploaded successfully
[2026-03-26 18:19:56] [process_single_sorry] Executing agent command with concurrent polling...
[2026-03-26 18:25:58] [poll] Result file detected at /root/repo/result.json
[2026-03-26 18:25:58] [process_single_sorry] Result file detected via polling (aexec still running)
[2026-03-26 18:25:58] [process_single_sorry] Downloaded run.log to intermediate_experiment_outputs_full_reservoir_3_months/aristotle/2026-03-26_16-30-44_aristotle_collect/logs/remote_morph_logs/2ac37f0b27fae89848971c5a1da031cbd6ccca498c952be9b61403153c20dec3_attempt_1_run.log
[2026-03-26 18:25:58] [process_single_sorry] Downloading result file...
[2026-03-26 18:25:59] [process_single_sorry] Downloaded result to intermediate_experiment_outputs_full_reservoir_3_months/aristotle/2026-03-26_16-30-44_aristotle_collect/individual/2ac37f0b27fae89848971c5a1da031cbd6ccca498c952be9b61403153c20dec3.json
[2026-03-26 18:26:04] [process_single_sorry] Instance context closed successfully
[2026-03-26 18:26:04] [process_single_sorry] Parsing result file...
[2026-03-26 18:26:04] [process_single_sorry] Successfully parsed result (list format, 1 results)
