[2026-03-26 18:00:32] [process_single_sorry] Starting for sorry 2d3f22b72703894392d36d4b883464a839e20cd3e055614d7d42dd8a0d6d197e
[2026-03-26 18:00:32] [process_single_sorry] Using snapshot: snapshot_3r1o6jui
[2026-03-26 18:00:32] [process_single_sorry] Repository: https://github.com/Paul-Lez/PersistentDecomp@c36471055817ef5332e27b4f99654257f45c68d1
[2026-03-26 18:00:32] [process_single_sorry] Instance name: PersistentDecomp_c36471055817_aristotle_collect_2d3f22b72703894392d36d4b883464a839e20cd3e055614d7d42dd8a0d6d197e
[2026-03-26 18:00:32] [process_single_sorry] Starting attempt 1/4
[2026-03-26 18:00:32] [process_single_sorry] Starting instance from snapshot...
[2026-03-26 18:00:33] [process_single_sorry] Instance started successfully: morphvm_veob1mod
[2026-03-26 18:00:33] [process_single_sorry] Creating .env file...
[2026-03-26 18:00:35] [process_single_sorry] .env file created (exit_code: 0)
[2026-03-26 18:00:35] [process_single_sorry] Copying projects file from outputs/aristotle_v2/2026-03-26_11-28-12_aristotle_submit/aristotle_projects.json...
[2026-03-26 18:00:36] [process_single_sorry] Projects file uploaded successfully
[2026-03-26 18:00:36] [process_single_sorry] Executing agent command with concurrent polling...
[2026-03-26 18:12:53] [poll] Result file detected at /root/repo/result.json
[2026-03-26 18:12:53] [process_single_sorry] Result file detected via polling (aexec still running)
[2026-03-26 18:12:53] [process_single_sorry] Downloaded run.log to intermediate_experiment_outputs_full_reservoir_3_months/aristotle/2026-03-26_16-30-44_aristotle_collect/logs/remote_morph_logs/2d3f22b72703894392d36d4b883464a839e20cd3e055614d7d42dd8a0d6d197e_attempt_1_run.log
[2026-03-26 18:12:53] [process_single_sorry] Downloading result file...
[2026-03-26 18:12:53] [process_single_sorry] Downloaded result to intermediate_experiment_outputs_full_reservoir_3_months/aristotle/2026-03-26_16-30-44_aristotle_collect/individual/2d3f22b72703894392d36d4b883464a839e20cd3e055614d7d42dd8a0d6d197e.json
[2026-03-26 18:12:57] [process_single_sorry] Instance context closed successfully
[2026-03-26 18:12:57] [process_single_sorry] Parsing result file...
[2026-03-26 18:12:57] [process_single_sorry] Successfully parsed result (list format, 1 results)
