[2026-03-26 17:28:14] [process_single_sorry] Starting for sorry 8e4d0dda7ce84a0e6322993be8b1bbd3d0586aa402a75e62395ad31e74a91241
[2026-03-26 17:28:14] [process_single_sorry] Using snapshot: snapshot_p27b9x1k
[2026-03-26 17:28:14] [process_single_sorry] Repository: https://github.com/m4lvin/lean4-pdl@6f9009d2561a5d7528f84992efbffb948820719c
[2026-03-26 17:28:14] [process_single_sorry] Instance name: lean4-pdl_6f9009d2561a_aristotle_collect_8e4d0dda7ce84a0e6322993be8b1bbd3d0586aa402a75e62395ad31e74a91241
[2026-03-26 17:28:14] [process_single_sorry] Starting attempt 1/4
[2026-03-26 17:28:14] [process_single_sorry] Starting instance from snapshot...
[2026-03-26 17:28:14] [process_single_sorry] Instance started successfully: morphvm_9b8h01am
[2026-03-26 17:28:14] [process_single_sorry] Creating .env file...
[2026-03-26 17:28:18] [process_single_sorry] .env file created (exit_code: 0)
[2026-03-26 17:28:18] [process_single_sorry] Copying projects file from outputs/aristotle_v2/2026-03-26_11-28-12_aristotle_submit/aristotle_projects.json...
[2026-03-26 17:28:19] [process_single_sorry] Projects file uploaded successfully
[2026-03-26 17:28:19] [process_single_sorry] Executing agent command with concurrent polling...
[2026-03-26 17:40:47] [poll] Result file detected at /root/repo/result.json
[2026-03-26 17:40:47] [process_single_sorry] Result file detected via polling (aexec still running)
[2026-03-26 17:40:47] [process_single_sorry] Downloaded run.log to intermediate_experiment_outputs_full_reservoir_3_months/aristotle/2026-03-26_16-30-44_aristotle_collect/logs/remote_morph_logs/8e4d0dda7ce84a0e6322993be8b1bbd3d0586aa402a75e62395ad31e74a91241_attempt_1_run.log
[2026-03-26 17:40:47] [process_single_sorry] Downloading result file...
[2026-03-26 17:40:48] [process_single_sorry] Downloaded result to intermediate_experiment_outputs_full_reservoir_3_months/aristotle/2026-03-26_16-30-44_aristotle_collect/individual/8e4d0dda7ce84a0e6322993be8b1bbd3d0586aa402a75e62395ad31e74a91241.json
[2026-03-26 17:40:51] [process_single_sorry] Instance context closed successfully
[2026-03-26 17:40:51] [process_single_sorry] Parsing result file...
[2026-03-26 17:40:51] [process_single_sorry] Successfully parsed result (list format, 1 results)
