[2026-03-26 17:28:27] [process_single_sorry] Starting for sorry ee10e5bf67a2eb58ce207086ee3755a2d683c8806b3f6e59fd2f1ae6ad0752b5
[2026-03-26 17:28:27] [process_single_sorry] Using snapshot: snapshot_p27b9x1k
[2026-03-26 17:28:27] [process_single_sorry] Repository: https://github.com/m4lvin/lean4-pdl@6f9009d2561a5d7528f84992efbffb948820719c
[2026-03-26 17:28:27] [process_single_sorry] Instance name: lean4-pdl_6f9009d2561a_aristotle_collect_ee10e5bf67a2eb58ce207086ee3755a2d683c8806b3f6e59fd2f1ae6ad0752b5
[2026-03-26 17:28:27] [process_single_sorry] Starting attempt 1/4
[2026-03-26 17:28:27] [process_single_sorry] Starting instance from snapshot...
[2026-03-26 17:28:30] [process_single_sorry] Instance started successfully: morphvm_2koz7x1u
[2026-03-26 17:28:30] [process_single_sorry] Creating .env file...
[2026-03-26 17:28:37] [process_single_sorry] .env file created (exit_code: 0)
[2026-03-26 17:28:37] [process_single_sorry] Copying projects file from outputs/aristotle_v2/2026-03-26_11-28-12_aristotle_submit/aristotle_projects.json...
[2026-03-26 17:28:41] [process_single_sorry] Projects file uploaded successfully
[2026-03-26 17:28:41] [process_single_sorry] Executing agent command with concurrent polling...
[2026-03-26 17:36:55] [poll] Result file detected at /root/repo/result.json
[2026-03-26 17:36:55] [process_single_sorry] Result file detected via polling (aexec still running)
[2026-03-26 17:36:56] [process_single_sorry] Downloaded run.log to intermediate_experiment_outputs_full_reservoir_3_months/aristotle/2026-03-26_16-30-44_aristotle_collect/logs/remote_morph_logs/ee10e5bf67a2eb58ce207086ee3755a2d683c8806b3f6e59fd2f1ae6ad0752b5_attempt_1_run.log
[2026-03-26 17:36:56] [process_single_sorry] Downloading result file...
[2026-03-26 17:36:56] [process_single_sorry] Downloaded result to intermediate_experiment_outputs_full_reservoir_3_months/aristotle/2026-03-26_16-30-44_aristotle_collect/individual/ee10e5bf67a2eb58ce207086ee3755a2d683c8806b3f6e59fd2f1ae6ad0752b5.json
[2026-03-26 17:37:01] [process_single_sorry] Instance context closed successfully
[2026-03-26 17:37:01] [process_single_sorry] Parsing result file...
[2026-03-26 17:37:01] [process_single_sorry] Successfully parsed result (list format, 1 results)
