[2026-01-06 16:07:29] [process_single_sorry] Starting for sorry 42bb4201c646b88b5dfcf474342d8a88555f54027411c4ab8ef34d47442faffb
[2026-01-06 16:07:29] [process_single_sorry] Using snapshot: snapshot_7zfrb9eo
[2026-01-06 16:07:29] [process_single_sorry] Repository: https://github.com/YellPika/quasi-borel-spaces@e4a6c0c11c41985368f6ad710fd05ef70e29e235
[2026-01-06 16:07:29] [process_single_sorry] Instance name: quasi-borel-spaces_e4a6c0c11c41_rfl_42bb4201c646b88b5dfcf474342d8a88555f54027411c4ab8ef34d47442faffb
[2026-01-06 16:07:29] [process_single_sorry] Starting attempt 1/3
[2026-01-06 16:07:29] [process_single_sorry] Starting instance from snapshot...
[2026-01-06 16:07:30] [process_single_sorry] Instance started successfully: morphvm_jgnuaxyj
[2026-01-06 16:07:30] [process_single_sorry] Creating .env file...
[2026-01-06 16:07:37] [process_single_sorry] .env file created (exit_code: 0)
[2026-01-06 16:07:37] [process_single_sorry] Executing agent command...
[2026-01-06 16:08:25] [process_single_sorry] Agent command completed (exit_code: 0)
[2026-01-06 16:08:25] [process_single_sorry] STDOUT:

Result JSON:
{
  "sorry": {
    "repo": {
      "remote": "https://github.com/YellPika/quasi-borel-spaces",
      "branch": "main",
      "commit": "e4a6c0c11c41985368f6ad710fd05ef70e29e235",
      "lean_version": "v4.26.0-rc2"
    },
    "location": {
      "path": "QuasiBorelSpaces/ProbabilisticPowerdomain.lean",
      "start_line": 161,
      "start_column": 4,
      "end_line": 161,
      "end_column": 9
    },
    "debug_info": {
      "goal": "X : Type u_1\ninst✝ : OmegaQuasiBorelSpace X\nc : Chain (ℝ → Option X)\nhc : ∀ (n : ℕ), IsHom (c n)\n⊢ IsHom (ωSup c)",
      "url": "https://github.com/YellPika/quasi-borel-spaces/blob/e4a6c0c11c41985368f6ad710fd05ef70e29e235/QuasiBorelSpaces/ProbabilisticPowerdomain.lean#L161"
    },
    "metadata": {
      "blame_email_hash": "bc4725fde93b",
      "blame_date": "2025-11-25T12:47:03-05:00",
      "inclusion_date": "2025-12-30T00:40:45.352315+00:00"
    },
    "id": "42bb4201c646b88b5dfcf474342d8a88555f54027411c4ab8ef34d47442faffb"
  },
  "proof": "rfl",
  "proof_verified": false,
  "feedback": null,
  "verification_message": "Cannot build modified file: <error line=\"161\" column=\"4\">\n<code_line>    rfl</code_line>\n<message>error: Tactic `rfl` failed: The left-hand side</message>\n</error>\n  Option.instOption\nis not definitionally equal to the right-hand side\n  ωSup c\n\nX : Type u_1\ninst✝ : OmegaQuasiBorelSpace X\nc : Chain (ℝ → Option X)\nhc : ∀ (n : ℕ), IsHom (c n)\n⊢ IsHom (ωSup c)\n",
  "success": true,
  "error_type": null,
  "error_message": null
}

[2026-01-06 16:08:25] [process_single_sorry] STDERR:
None of PyTorch, TensorFlow >= 2.0, or Flax have been found. Models won't be available and only tokenizers, configuration and file/data utilities can be used.
[2026-01-06 16:07:50] [INFO] ================================================================================
[2026-01-06 16:07:50] [INFO] Starting run_morphcloud_local.py
[2026-01-06 16:07:50] [INFO] ================================================================================
[2026-01-06 16:07:50] [INFO] Environment loaded
[2026-01-06 16:07:50] [INFO] Full command: /root/SorryDB/sorrydb/cli/run_morphcloud_local.py --repo-path /root/repo --sorry-json {"repo": {"remote": "https://github.com/YellPika/quasi-borel-spaces", "branch": "main", "commit": "e4a6c0c11c41985368f6ad710fd05ef70e29e235", "lean_version": "v4.26.0-rc2"}, "location": {"path": "QuasiBorelSpaces/ProbabilisticPowerdomain.lean", "start_line": 161, "start_column": 4, "end_line": 161, "end_column": 9}, "debug_info": {"goal": "X : Type u_1\ninst\u271d : OmegaQuasiBorelSpace X\nc : Chain (\u211d \u2192 Option X)\nhc : \u2200 (n : \u2115), IsHom (c n)\n\u22a2 IsHom (\u03c9Sup c)", "url": "https://github.com/YellPika/quasi-borel-spaces/blob/e4a6c0c11c41985368f6ad710fd05ef70e29e235/QuasiBorelSpaces/ProbabilisticPowerdomain.lean#L161"}, "metadata": {"blame_email_hash": "bc4725fde93b", "blame_date": "2025-11-25T12:47:03-05:00", "inclusion_date": "2025-12-30T00:40:45.352315+00:00"}, "id": "42bb4201c646b88b5dfcf474342d8a88555f54027411c4ab8ef34d47442faffb"} --agent-strategy {"name": "rfl", "args": {}}
[2026-01-06 16:07:50] [INFO] Arguments parsed: repo_path=/root/repo, output_path=/root/repo/result.json
[2026-01-06 16:07:50] [INFO] Strategy spec: {"name": "rfl", "args": {}}...
[2026-01-06 16:07:50] [INFO] Loading sorry data...
[2026-01-06 16:07:50] [INFO] Parsing sorry from JSON string...
[2026-01-06 16:07:50] [INFO] Sorry data parsed from JSON string
[2026-01-06 16:07:50] [INFO] Creating strategy from spec...
[2026-01-06 16:07:50] [INFO] Parsing strategy spec (length: 27 chars)
[2026-01-06 16:07:50] [INFO] Strategy name: rfl
[2026-01-06 16:07:50] [INFO] Strategy args: {}
[2026-01-06 16:07:50] [INFO] Creating strategy: rfl
[2026-01-06 16:07:50] [INFO] Strategy created: RflStrategy
[2026-01-06 16:07:50] [INFO] Creating Sorry object...
[2026-01-06 16:07:50] [INFO] Sorry object created: id=42bb4201c646b88b5dfcf474342d8a88555f54027411c4ab8ef34d47442faffb
[2026-01-06 16:07:50] [INFO] Sorry location: QuasiBorelSpaces/ProbabilisticPowerdomain.lean:161
[2026-01-06 16:07:50] [INFO] Context before sorry (lines 156-161):
[2026-01-06 16:07:50] [INFO]   156: /-- ωQBS structure on lifted values -/
[2026-01-06 16:07:50] [INFO]   157: noncomputable instance instOmegaQuasiBorelSpaceOption :
[2026-01-06 16:07:50] [INFO]   158:     OmegaQuasiBorelSpace (Option X) where
[2026-01-06 16:07:50] [INFO]   159:   isHom_ωSup := by
[2026-01-06 16:07:50] [INFO]   160:     intro c hc
[2026-01-06 16:07:50] [INFO]   161:     sorry
[2026-01-06 16:07:50] [INFO] Sorry line:     sorry
[2026-01-06 16:07:50] [INFO] Sorry goal: X : Type u_1
inst✝ : OmegaQuasiBorelSpace X
c : Chain (ℝ → Option X)
hc : ∀ (n : ℕ), IsHom (c n)
⊢ I...
[2026-01-06 16:07:50] [INFO] Starting agent proof generation...
[2026-01-06 16:07:50] [INFO] Repository path: /root/repo
[2026-01-06 16:07:50] [INFO] Agent proof generation completed
[2026-01-06 16:07:50] [INFO] Generated proof:
[2026-01-06 16:07:50] [INFO] rfl
[2026-01-06 16:07:50] [INFO] Proof length: 3 chars
[2026-01-06 16:07:50] [INFO] Starting proof verification...
[2026-01-06 16:07:50] [INFO] Verifying at: QuasiBorelSpaces/ProbabilisticPowerdomain.lean:161
[2026-01-06 16:07:50] [INFO] Using LEAN INTERACT verify
[2026-01-06 16:07:50] [INFO] Checking file
[2026-01-06 16:08:22] [INFO] Cannot build modified file <error line="161" column="4">
<code_line>    rfl</code_line>
<message>error: Tactic `rfl` failed: The left-hand side</message>
</error>
  Option.instOption
is not definitionally equal to the right-hand side
  ωSup c

X : Type u_1
inst✝ : OmegaQuasiBorelSpace X
c : Chain (ℝ → Option X)
hc : ∀ (n : ℕ), IsHom (c n)
⊢ IsHom (ωSup c)
[2026-01-06 16:08:22] [INFO] Proof verification completed
[2026-01-06 16:08:22] [INFO] Proof verified: False
[2026-01-06 16:08:22] [INFO] Verification message: Cannot build modified file: <error line="161" column="4">
<code_line>    rfl</code_line>
<message>error: Tactic `rfl` failed: The left-hand side</message>
</error>
  Option.instOption
is not definitionally equal to the right-hand side
  ωSup c

X : Type u_1
inst✝ : OmegaQuasiBorelSpace X
c : Chain (ℝ → Option X)
hc : ∀ (n : ℕ), IsHom (c n)
⊢ IsHom (ωSup c)

[2026-01-06 16:08:22] [INFO] Creating result object...
[2026-01-06 16:08:22] [INFO] Result object created
[2026-01-06 16:08:22] [INFO] Writing result to file: /root/repo/result.json
[2026-01-06 16:08:22] [INFO] Result file written successfully
[2026-01-06 16:08:22] [INFO] Result exported to: /root/repo/result.json
[2026-01-06 16:08:22] [INFO] run_morphcloud_local.py completed successfully

[2026-01-06 16:08:25] [process_single_sorry] Downloading result file...
[2026-01-06 16:08:25] [process_single_sorry] Downloaded result to intermediate_experiment_outputs_full_reservoir/rfl/2026-01-06_15-47-28_rfl/individual/42bb4201c646b88b5dfcf474342d8a88555f54027411c4ab8ef34d47442faffb.json
[2026-01-06 16:08:27] [process_single_sorry] Instance context closed successfully
[2026-01-06 16:08:27] [process_single_sorry] Parsing result file...
[2026-01-06 16:08:27] [process_single_sorry] Successfully parsed result (dict format)
