[2026-01-10 17:08:18] [process_single_sorry] Starting for sorry e1da1704d99212c58218244206a11df842c8e2f91575a630cb11336ba31f4b87
[2026-01-10 17:08:18] [process_single_sorry] Using snapshot: snapshot_3y0ic4ai
[2026-01-10 17:08:18] [process_single_sorry] Repository: https://github.com/leanprover/verso@2f95678da15b0705a97645f07b239d01ab8f8598
[2026-01-10 17:08:18] [process_single_sorry] Instance name: verso_2f95678da15b_multi_tactic_e1da1704d99212c58218244206a11df842c8e2f91575a630cb11336ba31f4b87
[2026-01-10 17:08:18] [process_single_sorry] Starting attempt 1/3
[2026-01-10 17:08:18] [process_single_sorry] Starting instance from snapshot...
[2026-01-10 17:08:19] [process_single_sorry] Instance started successfully: morphvm_7nu04kc0
[2026-01-10 17:08:19] [process_single_sorry] Creating .env file...
[2026-01-10 17:08:38] [process_single_sorry] .env file created (exit_code: 0)
[2026-01-10 17:08:38] [process_single_sorry] Executing agent command...
[2026-01-10 17:13:26] [process_single_sorry] Agent command completed (exit_code: 0)
[2026-01-10 17:13:26] [process_single_sorry] STDOUT:
Lake version 5.0.0-6741444 (Lean version 4.21.0)
[17:11:25] INFO     Getting 'error: unknown executable cache' is   project.py:87
                    expected if the project doesn't depend on                   
                    Mathlib                                                     
✔ [445/451] Built Main (2.4s)
✔ [446/451] Built Main:c.o (4.8s)
✔ [451/451] Built «verso-literate»:exe (34s)
Build completed successfully (451 jobs).
[17:12:11] INFO     Updated version-specific REPL cache to commit  config.py:388
                    f3b8542861a0a65e18a2ce337527fa7f779f8a01                    

Results JSON:
[
  {
    "sorry": {
      "repo": {
        "remote": "https://github.com/leanprover/verso",
        "branch": "tutorials",
        "commit": "2f95678da15b0705a97645f07b239d01ab8f8598",
        "lean_version": "v4.27.0-rc1"
      },
      "location": {
        "path": "test-projects/website/DemoSite/Blog/Conditionals.lean",
        "start_line": 177,
        "start_column": 12,
        "end_line": 177,
        "end_column": 17
      },
      "debug_info": {
        "goal": "α : Sort u_1\n⊢ (have f1 :=\n      have f1 :=\n        have f1 := fun x => x;\n        have f2 := fun x => x;\n        f1 f2;\n      have f2 :=\n        have f1 := fun x => x;\n        have f2 :=\n          have f1 := fun x => x;\n          have f2 := fun x => x;\n          f1 f2;\n        f1 f2;\n      f1 f2;\n    have f2 :=\n      have f1 :=\n        have f1 := fun x => x;\n        have f2 :=\n          have f1 := fun x => x;\n          have f2 := fun x => x;\n          f1 f2;\n        f1 f2;\n      have f2 :=\n        have f1 :=\n          have f1 := fun x => x;\n          have f2 := fun x => x;\n          f1 f2;\n        have f2 :=\n          have f1 := fun x => x;\n          have f2 :=\n            have f1 := fun x => x;\n            have f2 := fun x => x;\n            f1 f2;\n          f1 f2;\n        f1 f2;\n      f1 f2;\n    f1 f2) =\n    id",
        "url": "https://github.com/leanprover/verso/blob/2f95678da15b0705a97645f07b239d01ab8f8598/test-projects/website/DemoSite/Blog/Conditionals.lean#L177"
      },
      "metadata": {
        "blame_email_hash": "547368f08c0f",
        "blame_date": "2024-02-09T11:08:25+01:00",
        "inclusion_date": "2025-12-30T15:55:54.416711+00:00"
      },
      "id": "e1da1704d99212c58218244206a11df842c8e2f91575a630cb11336ba31f4b87"
    },
    "proof": "rfl",
    "proof_verified": true,
    "feedback": null,
    "verification_message": "Proof verified successfully",
    "success": true,
    "error_type": null,
    "error_message": null,
    "strategy_name": "rfl",
    "proof_attempts": null
  }
]

[2026-01-10 17:13:26] [process_single_sorry] STDERR:
None of PyTorch, TensorFlow >= 2.0, or Flax have been found. Models won't be available and only tokenizers, configuration and file/data utilities can be used.
[2026-01-10 17:09:39] [INFO] ================================================================================
[2026-01-10 17:09:39] [INFO] Starting run_morphcloud_local.py
[2026-01-10 17:09:39] [INFO] ================================================================================
[2026-01-10 17:09:39] [INFO] Environment loaded
[2026-01-10 17:09:39] [INFO] Full command: /root/SorryDB/sorrydb/cli/run_morphcloud_local.py --repo-path /root/repo --sorry-json {"repo": {"remote": "https://github.com/leanprover/verso", "branch": "tutorials", "commit": "2f95678da15b0705a97645f07b239d01ab8f8598", "lean_version": "v4.27.0-rc1"}, "location": {"path": "test-projects/website/DemoSite/Blog/Conditionals.lean", "start_line": 177, "start_column": 12, "end_line": 177, "end_column": 17}, "debug_info": {"goal": "\u03b1 : Sort u_1\n\u22a2 (have f1 :=\n      have f1 :=\n        have f1 := fun x => x;\n        have f2 := fun x => x;\n        f1 f2;\n      have f2 :=\n        have f1 := fun x => x;\n        have f2 :=\n          have f1 := fun x => x;\n          have f2 := fun x => x;\n          f1 f2;\n        f1 f2;\n      f1 f2;\n    have f2 :=\n      have f1 :=\n        have f1 := fun x => x;\n        have f2 :=\n          have f1 := fun x => x;\n          have f2 := fun x => x;\n          f1 f2;\n        f1 f2;\n      have f2 :=\n        have f1 :=\n          have f1 := fun x => x;\n          have f2 := fun x => x;\n          f1 f2;\n        have f2 :=\n          have f1 := fun x => x;\n          have f2 :=\n            have f1 := fun x => x;\n            have f2 := fun x => x;\n            f1 f2;\n          f1 f2;\n        f1 f2;\n      f1 f2;\n    f1 f2) =\n    id", "url": "https://github.com/leanprover/verso/blob/2f95678da15b0705a97645f07b239d01ab8f8598/test-projects/website/DemoSite/Blog/Conditionals.lean#L177"}, "metadata": {"blame_email_hash": "547368f08c0f", "blame_date": "2024-02-09T11:08:25+01:00", "inclusion_date": "2025-12-30T15:55:54.416711+00:00"}, "id": "e1da1704d99212c58218244206a11df842c8e2f91575a630cb11336ba31f4b87"} --agent-strategy {"name": "multi_tactic", "args": {}}
[2026-01-10 17:09:39] [INFO] Arguments parsed: repo_path=/root/repo, output_path=/root/repo/result.json
[2026-01-10 17:09:39] [INFO] Strategy spec: {"name": "multi_tactic", "args": {}}...
[2026-01-10 17:09:39] [INFO] Loading sorry data...
[2026-01-10 17:09:39] [INFO] Parsing sorry from JSON string...
[2026-01-10 17:09:39] [INFO] Sorry data parsed from JSON string
[2026-01-10 17:09:39] [INFO] Creating strategy from spec...
[2026-01-10 17:09:39] [INFO] Parsing strategy spec (length: 36 chars)
[2026-01-10 17:09:39] [INFO] Strategy name: multi_tactic
[2026-01-10 17:09:39] [INFO] Strategy args: {}
[2026-01-10 17:09:39] [INFO] Pass@k value: 1
[2026-01-10 17:09:39] [INFO] Creating strategy: multi_tactic
[2026-01-10 17:09:39] [INFO] Creating multi_tactic strategy with tactics: ['rfl', 'simp', 'simp_all', 'exact?', 'grind', 'ring', 'norm_num', 'omega', 'linarith', 'nlinarith', 'aesop']
[2026-01-10 17:09:39] [INFO] Strategies created: ['rfl', 'simp', 'simp_all', 'exact?', 'grind', 'ring', 'norm_num', 'omega', 'linarith', 'nlinarith', 'aesop']
[2026-01-10 17:09:39] [INFO] Pass@k value: 1
[2026-01-10 17:09:39] [INFO] Creating Sorry object...
[2026-01-10 17:09:39] [INFO] Sorry object created: id=e1da1704d99212c58218244206a11df842c8e2f91575a630cb11336ba31f4b87
[2026-01-10 17:09:39] [INFO] Sorry location: test-projects/website/DemoSite/Blog/Conditionals.lean:177
[2026-01-10 17:09:39] [INFO] Context before sorry (lines 172-177):
[2026-01-10 17:09:39] [INFO]   172:     f1 f2
[2026-01-10 17:09:39] [INFO]   173: 
[2026-01-10 17:09:39] [INFO]   174: theorem grow_10_id {α} : grow (α := α) 6 = id := by
[2026-01-10 17:09:39] [INFO]   175:   repeat unfold grow
[2026-01-10 17:09:39] [INFO]   176:   sleep 10
[2026-01-10 17:09:39] [INFO]   177:   all_goals sorry
[2026-01-10 17:09:39] [INFO] Sorry line:   all_goals sorry
[2026-01-10 17:09:39] [INFO] Sorry goal: α : Sort u_1
⊢ (have f1 :=
      have f1 :=
        have f1 := fun x => x;
        have f2 := fun x ...
[2026-01-10 17:09:39] [INFO] ========================================
[2026-01-10 17:09:39] [INFO] Trying strategy: rfl (up to 1 attempts)
[2026-01-10 17:09:39] [INFO] --------------------
[2026-01-10 17:09:39] [INFO] Strategy rfl, attempt 1/1
[2026-01-10 17:09:39] [INFO] Starting proof generation...
[2026-01-10 17:09:39] [INFO] Repository path: /root/repo
[2026-01-10 17:09:39] [INFO] Proof generation completed
[2026-01-10 17:09:39] [INFO] Generated proof:
[2026-01-10 17:09:39] [INFO] rfl
[2026-01-10 17:09:39] [INFO] Proof length: 3 chars
[2026-01-10 17:09:39] [INFO] Starting proof verification...
[2026-01-10 17:09:39] [INFO] Verifying at: test-projects/website/DemoSite/Blog/Conditionals.lean:177
[2026-01-10 17:09:39] [INFO] Using LEAN INTERACT verify
[2026-01-10 17:09:39] [INFO] Checking file
[2026-01-10 17:11:21] [INFO] Building REPL config
error: unknown executable cache
[2026-01-10 17:11:25] [INFO] Getting 'error: unknown executable cache' is expected if the project doesn't depend on Mathlib
[2026-01-10 17:12:11] [INFO] Updated version-specific REPL cache to commit f3b8542861a0a65e18a2ce337527fa7f779f8a01
[2026-01-10 17:12:58] [INFO] Creating Lean server
[2026-01-10 17:12:58] [INFO] Reading original file with timeout 180
[2026-01-10 17:13:14] [INFO] Received response from original file
[2026-01-10 17:13:14] [INFO] Reading modified file
[2026-01-10 17:13:25] [INFO] Proof verified (using LeanInteract)
[2026-01-10 17:13:25] [INFO] Proof verification completed
[2026-01-10 17:13:25] [INFO] Strategy rfl attempt 1: verified=True
[2026-01-10 17:13:25] [INFO] Verification message: Proof verified successfully
[2026-01-10 17:13:25] [INFO] SUCCESS! Proof verified on attempt 1
[2026-01-10 17:13:25] [INFO] ========================================
[2026-01-10 17:13:25] [INFO] Pass@k completed. Total results: 1
[2026-01-10 17:13:25] [INFO] SUCCESS: rfl
[2026-01-10 17:13:25] [INFO] Writing results to file: /root/repo/result.json
[2026-01-10 17:13:25] [INFO] Result file written successfully
[2026-01-10 17:13:25] [INFO] Results exported to: /root/repo/result.json
[2026-01-10 17:13:25] [INFO] run_morphcloud_local.py completed successfully

[2026-01-10 17:13:26] [process_single_sorry] Downloading result file...
[2026-01-10 17:13:26] [process_single_sorry] Downloaded result to intermediate_experiment_outputs_full_reservoir/multi_tactic/2026-01-10_16-41-27_multi_tactic/individual/e1da1704d99212c58218244206a11df842c8e2f91575a630cb11336ba31f4b87.json
[2026-01-10 17:13:28] [process_single_sorry] Instance context closed successfully
[2026-01-10 17:13:28] [process_single_sorry] Parsing result file...
[2026-01-10 17:13:28] [process_single_sorry] Successfully parsed result (list format, 1 results)
