[2026-03-23 12:42:02] [process_single_sorry] Starting for sorry 14231e34297dd1e27e0341ef62b95d3de7f0ec10c8ac1c9aff19a69a1ccd5ad4
[2026-03-23 12:42:02] [process_single_sorry] Using snapshot: snapshot_r2nruqzt
[2026-03-23 12:42:02] [process_single_sorry] Repository: https://github.com/yangky11/miniF2F-lean4@edd17c9b99619066db24769d91b56672f338e9c9
[2026-03-23 12:42:02] [process_single_sorry] Instance name: miniF2F-lean4_edd17c9b9961_aristotle_collect_14231e34297dd1e27e0341ef62b95d3de7f0ec10c8ac1c9aff19a69a1ccd5ad4
[2026-03-23 12:42:02] [process_single_sorry] Starting attempt 1/4
[2026-03-23 12:42:02] [process_single_sorry] Starting instance from snapshot...
[2026-03-23 12:42:03] [process_single_sorry] Instance started successfully: morphvm_vc3rdb9c
[2026-03-23 12:42:03] [process_single_sorry] Creating .env file...
[2026-03-23 12:42:18] [process_single_sorry] .env file created (exit_code: 0)
[2026-03-23 12:42:18] [process_single_sorry] Copying projects file from intermediate_experiment_outputs_full_reservoir_3_months/aristotle/2026-03-17_16-07-51_aristotle_submit/aristotle_projects.json...
[2026-03-23 12:42:19] [process_single_sorry] Projects file uploaded successfully
[2026-03-23 12:42:19] [process_single_sorry] Executing agent command with concurrent polling...
[2026-03-23 12:55:52] [poll] Result file detected at /root/repo/result.json
[2026-03-23 12:55:52] [process_single_sorry] Result file detected via polling (aexec still running)
[2026-03-23 12:56:08] [process_single_sorry] Downloaded run.log to intermediate_experiment_outputs_full_reservoir_3_months/aristotle/2026-03-23_10-20-11_aristotle_collect/logs/remote_morph_logs/14231e34297dd1e27e0341ef62b95d3de7f0ec10c8ac1c9aff19a69a1ccd5ad4_attempt_1_run.log
[2026-03-23 12:56:08] [process_single_sorry] Downloading result file...
[2026-03-23 12:56:13] [process_single_sorry] Downloaded result to intermediate_experiment_outputs_full_reservoir_3_months/aristotle/2026-03-23_10-20-11_aristotle_collect/individual/14231e34297dd1e27e0341ef62b95d3de7f0ec10c8ac1c9aff19a69a1ccd5ad4.json
[2026-03-23 12:56:17] [process_single_sorry] Instance context closed successfully
[2026-03-23 12:56:17] [process_single_sorry] Parsing result file...
[2026-03-23 12:56:17] [process_single_sorry] Successfully parsed result (list format, 1 results)
