[2026-03-23 10:52:41] [process_single_sorry] Starting for sorry 45ae223e1c197fb34e6c7aa46a706d0b8f5fd7f59910096b682f97f16cc94ec4
[2026-03-23 10:52:41] [process_single_sorry] Using snapshot: snapshot_mbcnoy4q
[2026-03-23 10:52:41] [process_single_sorry] Repository: https://github.com/FredRaj3/SemicircleLaw@ab1c284c23cf71d13f2967ff4730e99e97a96839
[2026-03-23 10:52:41] [process_single_sorry] Instance name: SemicircleLaw_ab1c284c23cf_aristotle_collect_45ae223e1c197fb34e6c7aa46a706d0b8f5fd7f59910096b682f97f16cc94ec4
[2026-03-23 10:52:41] [process_single_sorry] Starting attempt 1/4
[2026-03-23 10:52:41] [process_single_sorry] Starting instance from snapshot...
[2026-03-23 10:52:42] [process_single_sorry] Instance started successfully: morphvm_984yx6er
[2026-03-23 10:52:42] [process_single_sorry] Creating .env file...
[2026-03-23 10:52:54] [process_single_sorry] .env file created (exit_code: 0)
[2026-03-23 10:52:54] [process_single_sorry] Copying projects file from intermediate_experiment_outputs_full_reservoir_3_months/aristotle/2026-03-17_16-07-51_aristotle_submit/aristotle_projects.json...
[2026-03-23 10:52:54] [process_single_sorry] Projects file uploaded successfully
[2026-03-23 10:52:54] [process_single_sorry] Executing agent command with concurrent polling...
[2026-03-23 11:10:35] [poll] Result file detected at /root/repo/result.json
[2026-03-23 11:10:35] [process_single_sorry] Result file detected via polling (aexec still running)
[2026-03-23 11:10:36] [process_single_sorry] Downloaded run.log to intermediate_experiment_outputs_full_reservoir_3_months/aristotle/2026-03-23_10-20-11_aristotle_collect/logs/remote_morph_logs/45ae223e1c197fb34e6c7aa46a706d0b8f5fd7f59910096b682f97f16cc94ec4_attempt_1_run.log
[2026-03-23 11:10:36] [process_single_sorry] Downloading result file...
[2026-03-23 11:10:36] [process_single_sorry] Downloaded result to intermediate_experiment_outputs_full_reservoir_3_months/aristotle/2026-03-23_10-20-11_aristotle_collect/individual/45ae223e1c197fb34e6c7aa46a706d0b8f5fd7f59910096b682f97f16cc94ec4.json
[2026-03-23 11:10:40] [process_single_sorry] Instance context closed successfully
[2026-03-23 11:10:40] [process_single_sorry] Parsing result file...
[2026-03-23 11:10:40] [process_single_sorry] Successfully parsed result (list format, 1 results)
