[2026-03-23 12:46:19] [process_single_sorry] Starting for sorry 6d4577c372eb8b2e24a91be6dd63e10e4235af408e4c33a88a966f3fcf8b81c4
[2026-03-23 12:46:19] [process_single_sorry] Using snapshot: snapshot_vhk1owlg
[2026-03-23 12:46:19] [process_single_sorry] Repository: https://github.com/jcreedcmu/Noperthedron@05eb814bfe42f2d8ca0ef0c3e35be9e24761ddac
[2026-03-23 12:46:19] [process_single_sorry] Instance name: Noperthedron_05eb814bfe42_aristotle_collect_6d4577c372eb8b2e24a91be6dd63e10e4235af408e4c33a88a966f3fcf8b81c4
[2026-03-23 12:46:19] [process_single_sorry] Starting attempt 1/4
[2026-03-23 12:46:19] [process_single_sorry] Starting instance from snapshot...
[2026-03-23 12:46:22] [process_single_sorry] Instance started successfully: morphvm_vg7ijvbj
[2026-03-23 12:46:22] [process_single_sorry] Creating .env file...
[2026-03-23 12:46:37] [process_single_sorry] .env file created (exit_code: 0)
[2026-03-23 12:46:37] [process_single_sorry] Copying projects file from intermediate_experiment_outputs_full_reservoir_3_months/aristotle/2026-03-17_16-07-51_aristotle_submit/aristotle_projects.json...
[2026-03-23 12:46:42] [process_single_sorry] Projects file uploaded successfully
[2026-03-23 12:46:42] [process_single_sorry] Executing agent command with concurrent polling...
[2026-03-23 13:01:24] [poll] Result file detected at /root/repo/result.json
[2026-03-23 13:01:24] [process_single_sorry] Result file detected via polling (aexec still running)
[2026-03-23 13:01:25] [process_single_sorry] Downloaded run.log to intermediate_experiment_outputs_full_reservoir_3_months/aristotle/2026-03-23_10-20-11_aristotle_collect/logs/remote_morph_logs/6d4577c372eb8b2e24a91be6dd63e10e4235af408e4c33a88a966f3fcf8b81c4_attempt_1_run.log
[2026-03-23 13:01:25] [process_single_sorry] Downloading result file...
[2026-03-23 13:01:25] [process_single_sorry] Downloaded result to intermediate_experiment_outputs_full_reservoir_3_months/aristotle/2026-03-23_10-20-11_aristotle_collect/individual/6d4577c372eb8b2e24a91be6dd63e10e4235af408e4c33a88a966f3fcf8b81c4.json
[2026-03-23 13:01:29] [process_single_sorry] Instance context closed successfully
[2026-03-23 13:01:29] [process_single_sorry] Parsing result file...
[2026-03-23 13:01:29] [process_single_sorry] Successfully parsed result (list format, 1 results)
