[2026-03-23 11:25:01] [process_single_sorry] Starting for sorry 9d23edb4b7cf1966839d8d4f396f9213cd64641218bb99acb1ab9fd24d079fa2
[2026-03-23 11:25:01] [process_single_sorry] Using snapshot: snapshot_0hlm6dvr
[2026-03-23 11:25:01] [process_single_sorry] Repository: https://github.com/Verified-zkEVM/ArkLib@f04465d1faac1b46505a53fa5af90cfa223ad823
[2026-03-23 11:25:01] [process_single_sorry] Instance name: ArkLib_f04465d1faac_aristotle_collect_9d23edb4b7cf1966839d8d4f396f9213cd64641218bb99acb1ab9fd24d079fa2
[2026-03-23 11:25:01] [process_single_sorry] Starting attempt 1/4
[2026-03-23 11:25:01] [process_single_sorry] Starting instance from snapshot...
[2026-03-23 11:25:07] [process_single_sorry] Instance started successfully: morphvm_0w8yz1d8
[2026-03-23 11:25:07] [process_single_sorry] Creating .env file...
[2026-03-23 11:25:16] [process_single_sorry] .env file created (exit_code: 0)
[2026-03-23 11:25:16] [process_single_sorry] Copying projects file from intermediate_experiment_outputs_full_reservoir_3_months/aristotle/2026-03-17_16-07-51_aristotle_submit/aristotle_projects.json...
[2026-03-23 11:25:21] [process_single_sorry] Projects file uploaded successfully
[2026-03-23 11:25:21] [process_single_sorry] Executing agent command with concurrent polling...
[2026-03-23 11:46:10] [poll] Result file detected at /root/repo/result.json
[2026-03-23 11:46:10] [process_single_sorry] Result file detected via polling (aexec still running)
[2026-03-23 11:46:11] [process_single_sorry] Downloaded run.log to intermediate_experiment_outputs_full_reservoir_3_months/aristotle/2026-03-23_10-20-11_aristotle_collect/logs/remote_morph_logs/9d23edb4b7cf1966839d8d4f396f9213cd64641218bb99acb1ab9fd24d079fa2_attempt_1_run.log
[2026-03-23 11:46:11] [process_single_sorry] Downloading result file...
[2026-03-23 11:46:11] [process_single_sorry] Downloaded result to intermediate_experiment_outputs_full_reservoir_3_months/aristotle/2026-03-23_10-20-11_aristotle_collect/individual/9d23edb4b7cf1966839d8d4f396f9213cd64641218bb99acb1ab9fd24d079fa2.json
[2026-03-23 11:46:16] [process_single_sorry] Instance context closed successfully
[2026-03-23 11:46:16] [process_single_sorry] Parsing result file...
[2026-03-23 11:46:16] [process_single_sorry] Successfully parsed result (list format, 1 results)
