[2026-03-23 13:07:49] [process_single_sorry] Starting for sorry b845cee9712d43e48dbaca84aca65a34907f932d791e612c5bdbef8fc380cce6
[2026-03-23 13:07:49] [process_single_sorry] Using snapshot: snapshot_lyfy4a5s
[2026-03-23 13:07:49] [process_single_sorry] Repository: https://github.com/m4lvin/Gossip-in-Lean@96a4997e423f3abf5e430d1dfc64dcd861ea5b65
[2026-03-23 13:07:49] [process_single_sorry] Instance name: Gossip-in-Lean_96a4997e423f_aristotle_collect_b845cee9712d43e48dbaca84aca65a34907f932d791e612c5bdbef8fc380cce6
[2026-03-23 13:07:49] [process_single_sorry] Starting attempt 1/4
[2026-03-23 13:07:49] [process_single_sorry] Starting instance from snapshot...
[2026-03-23 13:07:49] [process_single_sorry] Instance started successfully: morphvm_uzjg8guu
[2026-03-23 13:07:49] [process_single_sorry] Creating .env file...
[2026-03-23 13:07:53] [process_single_sorry] .env file created (exit_code: 0)
[2026-03-23 13:07:53] [process_single_sorry] Copying projects file from intermediate_experiment_outputs_full_reservoir_3_months/aristotle/2026-03-17_16-07-51_aristotle_submit/aristotle_projects.json...
[2026-03-23 13:07:56] [process_single_sorry] Projects file uploaded successfully
[2026-03-23 13:07:56] [process_single_sorry] Executing agent command with concurrent polling...
[2026-03-23 13:23:07] [poll] Result file detected at /root/repo/result.json
[2026-03-23 13:23:07] [process_single_sorry] Result file detected via polling (aexec still running)
[2026-03-23 13:23:08] [process_single_sorry] Downloaded run.log to intermediate_experiment_outputs_full_reservoir_3_months/aristotle/2026-03-23_10-20-11_aristotle_collect/logs/remote_morph_logs/b845cee9712d43e48dbaca84aca65a34907f932d791e612c5bdbef8fc380cce6_attempt_1_run.log
[2026-03-23 13:23:08] [process_single_sorry] Downloading result file...
[2026-03-23 13:23:08] [process_single_sorry] Downloaded result to intermediate_experiment_outputs_full_reservoir_3_months/aristotle/2026-03-23_10-20-11_aristotle_collect/individual/b845cee9712d43e48dbaca84aca65a34907f932d791e612c5bdbef8fc380cce6.json
[2026-03-23 13:23:13] [process_single_sorry] Instance context closed successfully
[2026-03-23 13:23:13] [process_single_sorry] Parsing result file...
[2026-03-23 13:23:13] [process_single_sorry] Successfully parsed result (list format, 1 results)
