[2026-03-23 13:19:47] [process_single_sorry] Starting for sorry ca4a5d8256fb5bd3104fcfd32887a170fb933a093273c74530c869b781e977a6
[2026-03-23 13:19:47] [process_single_sorry] Using snapshot: snapshot_axkp3woy
[2026-03-23 13:19:47] [process_single_sorry] Repository: https://github.com/mo271/FormalBook@865934361ca7005e0a874efb39f5809117052e85
[2026-03-23 13:19:47] [process_single_sorry] Instance name: FormalBook_865934361ca7_aristotle_collect_ca4a5d8256fb5bd3104fcfd32887a170fb933a093273c74530c869b781e977a6
[2026-03-23 13:19:47] [process_single_sorry] Starting attempt 1/4
[2026-03-23 13:19:47] [process_single_sorry] Starting instance from snapshot...
[2026-03-23 13:19:48] [process_single_sorry] Instance started successfully: morphvm_qy4fa3x4
[2026-03-23 13:19:48] [process_single_sorry] Creating .env file...
[2026-03-23 13:19:56] [process_single_sorry] .env file created (exit_code: 0)
[2026-03-23 13:19:56] [process_single_sorry] Copying projects file from intermediate_experiment_outputs_full_reservoir_3_months/aristotle/2026-03-17_16-07-51_aristotle_submit/aristotle_projects.json...
[2026-03-23 13:19:57] [process_single_sorry] Projects file uploaded successfully
[2026-03-23 13:19:57] [process_single_sorry] Executing agent command with concurrent polling...
[2026-03-23 13:26:08] [poll] Result file detected at /root/repo/result.json
[2026-03-23 13:26:08] [process_single_sorry] Result file detected via polling (aexec still running)
[2026-03-23 13:26:08] [process_single_sorry] Downloaded run.log to intermediate_experiment_outputs_full_reservoir_3_months/aristotle/2026-03-23_10-20-11_aristotle_collect/logs/remote_morph_logs/ca4a5d8256fb5bd3104fcfd32887a170fb933a093273c74530c869b781e977a6_attempt_1_run.log
[2026-03-23 13:26:08] [process_single_sorry] Downloading result file...
[2026-03-23 13:26:08] [process_single_sorry] Downloaded result to intermediate_experiment_outputs_full_reservoir_3_months/aristotle/2026-03-23_10-20-11_aristotle_collect/individual/ca4a5d8256fb5bd3104fcfd32887a170fb933a093273c74530c869b781e977a6.json
[2026-03-23 13:26:12] [process_single_sorry] Instance context closed successfully
[2026-03-23 13:26:12] [process_single_sorry] Parsing result file...
[2026-03-23 13:26:12] [process_single_sorry] Successfully parsed result (list format, 1 results)
