[2026-03-23 13:07:29] [process_single_sorry] Starting for sorry d627c4e7836387bd9ba665182ed8b5a290a4c57d235a16f28ba1c2900b425364
[2026-03-23 13:07:29] [process_single_sorry] Using snapshot: snapshot_lyfy4a5s
[2026-03-23 13:07:29] [process_single_sorry] Repository: https://github.com/m4lvin/Gossip-in-Lean@96a4997e423f3abf5e430d1dfc64dcd861ea5b65
[2026-03-23 13:07:29] [process_single_sorry] Instance name: Gossip-in-Lean_96a4997e423f_aristotle_collect_d627c4e7836387bd9ba665182ed8b5a290a4c57d235a16f28ba1c2900b425364
[2026-03-23 13:07:29] [process_single_sorry] Starting attempt 1/4
[2026-03-23 13:07:29] [process_single_sorry] Starting instance from snapshot...
[2026-03-23 13:07:33] [process_single_sorry] Instance started successfully: morphvm_aa4s8bwd
[2026-03-23 13:07:33] [process_single_sorry] Creating .env file...
[2026-03-23 13:07:37] [process_single_sorry] .env file created (exit_code: 0)
[2026-03-23 13:07:37] [process_single_sorry] Copying projects file from intermediate_experiment_outputs_full_reservoir_3_months/aristotle/2026-03-17_16-07-51_aristotle_submit/aristotle_projects.json...
[2026-03-23 13:07:38] [process_single_sorry] Projects file uploaded successfully
[2026-03-23 13:07:38] [process_single_sorry] Executing agent command with concurrent polling...
[2026-03-23 13:21:50] [poll] Result file detected at /root/repo/result.json
[2026-03-23 13:21:50] [process_single_sorry] Result file detected via polling (aexec still running)
[2026-03-23 13:21:50] [process_single_sorry] Downloaded run.log to intermediate_experiment_outputs_full_reservoir_3_months/aristotle/2026-03-23_10-20-11_aristotle_collect/logs/remote_morph_logs/d627c4e7836387bd9ba665182ed8b5a290a4c57d235a16f28ba1c2900b425364_attempt_1_run.log
[2026-03-23 13:21:50] [process_single_sorry] Downloading result file...
[2026-03-23 13:21:51] [process_single_sorry] Downloaded result to intermediate_experiment_outputs_full_reservoir_3_months/aristotle/2026-03-23_10-20-11_aristotle_collect/individual/d627c4e7836387bd9ba665182ed8b5a290a4c57d235a16f28ba1c2900b425364.json
[2026-03-23 13:21:54] [process_single_sorry] Instance context closed successfully
[2026-03-23 13:21:54] [process_single_sorry] Parsing result file...
[2026-03-23 13:21:54] [process_single_sorry] Successfully parsed result (list format, 1 results)
