[2026-03-23 12:28:02] [process_single_sorry] Starting for sorry db07956db695a2483cdc18da487663315154f7d3b3591e2c794c3e4c9632f820
[2026-03-23 12:28:02] [process_single_sorry] Using snapshot: snapshot_t5s1vkkg
[2026-03-23 12:28:02] [process_single_sorry] Repository: https://github.com/jsm28/IMOLean@265ae0e596f743accb299efa89e265ff2b69aae1
[2026-03-23 12:28:02] [process_single_sorry] Instance name: IMOLean_265ae0e596f7_aristotle_collect_db07956db695a2483cdc18da487663315154f7d3b3591e2c794c3e4c9632f820
[2026-03-23 12:28:02] [process_single_sorry] Starting attempt 1/4
[2026-03-23 12:28:02] [process_single_sorry] Starting instance from snapshot...
[2026-03-23 12:28:07] [process_single_sorry] Instance started successfully: morphvm_qrzcgin0
[2026-03-23 12:28:07] [process_single_sorry] Creating .env file...
[2026-03-23 12:28:12] [process_single_sorry] .env file created (exit_code: 0)
[2026-03-23 12:28:12] [process_single_sorry] Copying projects file from intermediate_experiment_outputs_full_reservoir_3_months/aristotle/2026-03-17_16-07-51_aristotle_submit/aristotle_projects.json...
[2026-03-23 12:28:13] [process_single_sorry] Projects file uploaded successfully
[2026-03-23 12:28:13] [process_single_sorry] Executing agent command with concurrent polling...
[2026-03-23 12:44:03] [poll] Result file detected at /root/repo/result.json
[2026-03-23 12:44:03] [process_single_sorry] Result file detected via polling (aexec still running)
[2026-03-23 12:44:03] [process_single_sorry] Downloaded run.log to intermediate_experiment_outputs_full_reservoir_3_months/aristotle/2026-03-23_10-20-11_aristotle_collect/logs/remote_morph_logs/db07956db695a2483cdc18da487663315154f7d3b3591e2c794c3e4c9632f820_attempt_1_run.log
[2026-03-23 12:44:03] [process_single_sorry] Downloading result file...
[2026-03-23 12:44:03] [process_single_sorry] Downloaded result to intermediate_experiment_outputs_full_reservoir_3_months/aristotle/2026-03-23_10-20-11_aristotle_collect/individual/db07956db695a2483cdc18da487663315154f7d3b3591e2c794c3e4c9632f820.json
[2026-03-23 12:44:09] [process_single_sorry] Instance context closed successfully
[2026-03-23 12:44:09] [process_single_sorry] Parsing result file...
[2026-03-23 12:44:09] [process_single_sorry] Successfully parsed result (list format, 1 results)
