[2026-03-23 13:31:24] [process_single_sorry] Starting for sorry dbdd73aa3fa5dd953aa206bd62f7c09dced838ae5934116ab21c8b0fb89f9e6c
[2026-03-23 13:31:24] [process_single_sorry] Using snapshot: snapshot_eskn8auh
[2026-03-23 13:31:24] [process_single_sorry] Repository: https://github.com/oliver-butterley/SpectralThm@02099b8e7d2e117fc62cc41d81b5cbda35eb9808
[2026-03-23 13:31:24] [process_single_sorry] Instance name: SpectralThm_02099b8e7d2e_aristotle_collect_dbdd73aa3fa5dd953aa206bd62f7c09dced838ae5934116ab21c8b0fb89f9e6c
[2026-03-23 13:31:24] [process_single_sorry] Starting attempt 1/4
[2026-03-23 13:31:24] [process_single_sorry] Starting instance from snapshot...
[2026-03-23 13:31:25] [process_single_sorry] Instance started successfully: morphvm_p1cnjwqe
[2026-03-23 13:31:25] [process_single_sorry] Creating .env file...
[2026-03-23 13:31:36] [process_single_sorry] .env file created (exit_code: 0)
[2026-03-23 13:31:36] [process_single_sorry] Copying projects file from intermediate_experiment_outputs_full_reservoir_3_months/aristotle/2026-03-17_16-07-51_aristotle_submit/aristotle_projects.json...
[2026-03-23 13:31:37] [process_single_sorry] Projects file uploaded successfully
[2026-03-23 13:31:37] [process_single_sorry] Executing agent command with concurrent polling...
[2026-03-23 13:48:56] [poll] Result file detected at /root/repo/result.json
[2026-03-23 13:48:56] [process_single_sorry] Result file detected via polling (aexec still running)
[2026-03-23 13:48:57] [process_single_sorry] Downloaded run.log to intermediate_experiment_outputs_full_reservoir_3_months/aristotle/2026-03-23_10-20-11_aristotle_collect/logs/remote_morph_logs/dbdd73aa3fa5dd953aa206bd62f7c09dced838ae5934116ab21c8b0fb89f9e6c_attempt_1_run.log
[2026-03-23 13:48:57] [process_single_sorry] Downloading result file...
[2026-03-23 13:48:57] [process_single_sorry] Downloaded result to intermediate_experiment_outputs_full_reservoir_3_months/aristotle/2026-03-23_10-20-11_aristotle_collect/individual/dbdd73aa3fa5dd953aa206bd62f7c09dced838ae5934116ab21c8b0fb89f9e6c.json
[2026-03-23 13:49:03] [process_single_sorry] Instance context closed successfully
[2026-03-23 13:49:03] [process_single_sorry] Parsing result file...
[2026-03-23 13:49:03] [process_single_sorry] Successfully parsed result (list format, 1 results)
