[2026-03-23 13:40:27] [process_single_sorry] Starting for sorry e465f0fad957aa7ebb1a7c5d8ad3f4bad138cb883232d1edd69c737db9a12793
[2026-03-23 13:40:27] [process_single_sorry] Using snapshot: snapshot_vij8ewcz
[2026-03-23 13:40:27] [process_single_sorry] Repository: https://github.com/pitmonticone/ItaLean2025@4ee9104bc4b3d6d3623b6115653f6a8a04239215
[2026-03-23 13:40:27] [process_single_sorry] Instance name: ItaLean2025_4ee9104bc4b3_aristotle_collect_e465f0fad957aa7ebb1a7c5d8ad3f4bad138cb883232d1edd69c737db9a12793
[2026-03-23 13:40:27] [process_single_sorry] Starting attempt 1/4
[2026-03-23 13:40:27] [process_single_sorry] Starting instance from snapshot...
[2026-03-23 13:40:27] [process_single_sorry] Instance started successfully: morphvm_0qvovati
[2026-03-23 13:40:27] [process_single_sorry] Creating .env file...
[2026-03-23 13:40:36] [process_single_sorry] .env file created (exit_code: 0)
[2026-03-23 13:40:36] [process_single_sorry] Copying projects file from intermediate_experiment_outputs_full_reservoir_3_months/aristotle/2026-03-17_16-07-51_aristotle_submit/aristotle_projects.json...
[2026-03-23 13:40:37] [process_single_sorry] Projects file uploaded successfully
[2026-03-23 13:40:37] [process_single_sorry] Executing agent command with concurrent polling...
[2026-03-23 13:52:55] [poll] Result file detected at /root/repo/result.json
[2026-03-23 13:52:55] [process_single_sorry] Result file detected via polling (aexec still running)
[2026-03-23 13:52:55] [process_single_sorry] Downloaded run.log to intermediate_experiment_outputs_full_reservoir_3_months/aristotle/2026-03-23_10-20-11_aristotle_collect/logs/remote_morph_logs/e465f0fad957aa7ebb1a7c5d8ad3f4bad138cb883232d1edd69c737db9a12793_attempt_1_run.log
[2026-03-23 13:52:55] [process_single_sorry] Downloading result file...
[2026-03-23 13:52:55] [process_single_sorry] Downloaded result to intermediate_experiment_outputs_full_reservoir_3_months/aristotle/2026-03-23_10-20-11_aristotle_collect/individual/e465f0fad957aa7ebb1a7c5d8ad3f4bad138cb883232d1edd69c737db9a12793.json
[2026-03-23 13:53:00] [process_single_sorry] Instance context closed successfully
[2026-03-23 13:53:00] [process_single_sorry] Parsing result file...
[2026-03-23 13:53:00] [process_single_sorry] Successfully parsed result (list format, 1 results)
