[2026-01-10 22:27:54] [process_single_sorry] Starting for sorry 04b922b33e4d36440431bbee16fa94027aeecb84258a0eece00fb21b0e22b95b
[2026-01-10 22:27:54] [process_single_sorry] Using snapshot: snapshot_aqzwlhjg
[2026-01-10 22:27:54] [process_single_sorry] Repository: https://github.com/Verified-zkEVM/VCV-io@eee7f23d73a113216fcca26bbedd25e658dd8a2f
[2026-01-10 22:27:54] [process_single_sorry] Instance name: VCV-io_eee7f23d73a1_multi_tactic_04b922b33e4d36440431bbee16fa94027aeecb84258a0eece00fb21b0e22b95b
[2026-01-10 22:27:54] [process_single_sorry] Starting attempt 1/3
[2026-01-10 22:27:54] [process_single_sorry] Starting instance from snapshot...
[2026-01-10 22:27:55] [process_single_sorry] Instance started successfully: morphvm_eku1h6jw
[2026-01-10 22:27:55] [process_single_sorry] Creating .env file...
[2026-01-10 22:28:02] [process_single_sorry] .env file created (exit_code: 0)
[2026-01-10 22:28:02] [process_single_sorry] Executing agent command...
[2026-01-10 22:29:09] [process_single_sorry] Agent command completed (exit_code: 0)
[2026-01-10 22:29:09] [process_single_sorry] STDOUT:

Results JSON:
[
  {
    "sorry": {
      "repo": {
        "remote": "https://github.com/Verified-zkEVM/VCV-io",
        "branch": "upstream-pfun",
        "commit": "eee7f23d73a113216fcca26bbedd25e658dd8a2f",
        "lean_version": "v4.24.0"
      },
      "location": {
        "path": "VCVio/OracleComp/EvalDist.lean",
        "start_line": 52,
        "start_column": 15,
        "end_line": 52,
        "end_column": 20
      },
      "debug_info": {
        "goal": "ι : Type u_1\nι' : Type ?u.2200\nspec : OracleSpec ι\nspec' : OracleSpec ι'\nα β γ : Type w\ninst✝¹ : spec.Fintype\ninst✝ : spec.Inhabited\nα✝ : Type u_2\n⊢ ∀ (mx : OracleComp spec α✝),\n    (fun {α} x => (PMF.toSPMF' ∘ₘ simulateQ fun t => PMF.uniformOfFintype (spec.Range t)).toFun α x) mx =\n      OptionT.lift ((fun {α} x => (simulateQ fun t => PMF.uniformOfFintype (spec.Range t)).toFun α x) mx)",
        "url": "https://github.com/Verified-zkEVM/VCV-io/blob/eee7f23d73a113216fcca26bbedd25e658dd8a2f/VCVio/OracleComp/EvalDist.lean#L52"
      },
      "metadata": {
        "blame_email_hash": "0c5d39c5ece3",
        "blame_date": "2025-12-17T09:13:44-06:00",
        "inclusion_date": "2025-12-29T23:26:34.423297+00:00"
      },
      "id": "04b922b33e4d36440431bbee16fa94027aeecb84258a0eece00fb21b0e22b95b"
    },
    "proof": null,
    "proof_verified": false,
    "feedback": null,
    "verification_message": "All 11 attempts failed (11 strategies x 1 attempts each)",
    "success": true,
    "error_type": null,
    "error_message": null,
    "strategy_name": "all_failed_k=1",
    "proof_attempts": [
      "rfl",
      "simp",
      "simp_all",
      "exact?",
      "grind",
      "ring",
      "norm_num",
      "omega",
      "linarith",
      "nlinarith",
      "aesop"
    ]
  }
]

[2026-01-10 22:29:09] [process_single_sorry] STDERR:
None of PyTorch, TensorFlow >= 2.0, or Flax have been found. Models won't be available and only tokenizers, configuration and file/data utilities can be used.
[2026-01-10 22:28:13] [INFO] ================================================================================
[2026-01-10 22:28:13] [INFO] Starting run_morphcloud_local.py
[2026-01-10 22:28:13] [INFO] ================================================================================
[2026-01-10 22:28:13] [INFO] Environment loaded
[2026-01-10 22:28:13] [INFO] Full command: /root/SorryDB/sorrydb/cli/run_morphcloud_local.py --repo-path /root/repo --sorry-json {"repo": {"remote": "https://github.com/Verified-zkEVM/VCV-io", "branch": "upstream-pfun", "commit": "eee7f23d73a113216fcca26bbedd25e658dd8a2f", "lean_version": "v4.24.0"}, "location": {"path": "VCVio/OracleComp/EvalDist.lean", "start_line": 52, "start_column": 15, "end_line": 52, "end_column": 20}, "debug_info": {"goal": "\u03b9 : Type u_1\n\u03b9' : Type ?u.2200\nspec : OracleSpec \u03b9\nspec' : OracleSpec \u03b9'\n\u03b1 \u03b2 \u03b3 : Type w\ninst\u271d\u00b9 : spec.Fintype\ninst\u271d : spec.Inhabited\n\u03b1\u271d : Type u_2\n\u22a2 \u2200 (mx : OracleComp spec \u03b1\u271d),\n    (fun {\u03b1} x => (PMF.toSPMF' \u2218\u2098 simulateQ fun t => PMF.uniformOfFintype (spec.Range t)).toFun \u03b1 x) mx =\n      OptionT.lift ((fun {\u03b1} x => (simulateQ fun t => PMF.uniformOfFintype (spec.Range t)).toFun \u03b1 x) mx)", "url": "https://github.com/Verified-zkEVM/VCV-io/blob/eee7f23d73a113216fcca26bbedd25e658dd8a2f/VCVio/OracleComp/EvalDist.lean#L52"}, "metadata": {"blame_email_hash": "0c5d39c5ece3", "blame_date": "2025-12-17T09:13:44-06:00", "inclusion_date": "2025-12-29T23:26:34.423297+00:00"}, "id": "04b922b33e4d36440431bbee16fa94027aeecb84258a0eece00fb21b0e22b95b"} --agent-strategy {"name": "multi_tactic", "args": {}}
[2026-01-10 22:28:13] [INFO] Arguments parsed: repo_path=/root/repo, output_path=/root/repo/result.json
[2026-01-10 22:28:13] [INFO] Strategy spec: {"name": "multi_tactic", "args": {}}...
[2026-01-10 22:28:13] [INFO] Loading sorry data...
[2026-01-10 22:28:13] [INFO] Parsing sorry from JSON string...
[2026-01-10 22:28:13] [INFO] Sorry data parsed from JSON string
[2026-01-10 22:28:13] [INFO] Creating strategy from spec...
[2026-01-10 22:28:13] [INFO] Parsing strategy spec (length: 36 chars)
[2026-01-10 22:28:13] [INFO] Strategy name: multi_tactic
[2026-01-10 22:28:13] [INFO] Strategy args: {}
[2026-01-10 22:28:13] [INFO] Pass@k value: 1
[2026-01-10 22:28:13] [INFO] Creating strategy: multi_tactic
[2026-01-10 22:28:13] [INFO] Creating multi_tactic strategy with tactics: ['rfl', 'simp', 'simp_all', 'exact?', 'grind', 'ring', 'norm_num', 'omega', 'linarith', 'nlinarith', 'aesop']
[2026-01-10 22:28:13] [INFO] Strategies created: ['rfl', 'simp', 'simp_all', 'exact?', 'grind', 'ring', 'norm_num', 'omega', 'linarith', 'nlinarith', 'aesop']
[2026-01-10 22:28:13] [INFO] Pass@k value: 1
[2026-01-10 22:28:13] [INFO] Creating Sorry object...
[2026-01-10 22:28:13] [INFO] Sorry object created: id=04b922b33e4d36440431bbee16fa94027aeecb84258a0eece00fb21b0e22b95b
[2026-01-10 22:28:13] [INFO] Sorry location: VCVio/OracleComp/EvalDist.lean:52
[2026-01-10 22:28:13] [INFO] Context before sorry (lines 47-52):
[2026-01-10 22:28:13] [INFO]   47:   simulateQ (r := SPMF) d mx
[2026-01-10 22:28:13] [INFO]   48: 
[2026-01-10 22:28:13] [INFO]   49: noncomputable instance [spec.Fintype] [spec.Inhabited] : HasEvalPMF (OracleComp spec) where
[2026-01-10 22:28:13] [INFO]   50:   toPMF := simulateQ fun t => PMF.uniformOfFintype (spec.Range t)
[2026-01-10 22:28:13] [INFO]   51:   support_eq := sorry
[2026-01-10 22:28:13] [INFO]   52:   toSPMF_eq := sorry
[2026-01-10 22:28:13] [INFO] Sorry line:   toSPMF_eq := sorry
[2026-01-10 22:28:13] [INFO] Sorry goal: ι : Type u_1
ι' : Type ?u.2200
spec : OracleSpec ι
spec' : OracleSpec ι'
α β γ : Type w
inst✝¹ : spe...
[2026-01-10 22:28:13] [INFO] ========================================
[2026-01-10 22:28:13] [INFO] Trying strategy: rfl (up to 1 attempts)
[2026-01-10 22:28:13] [INFO] --------------------
[2026-01-10 22:28:13] [INFO] Strategy rfl, attempt 1/1
[2026-01-10 22:28:13] [INFO] Starting proof generation...
[2026-01-10 22:28:13] [INFO] Repository path: /root/repo
[2026-01-10 22:28:13] [INFO] Proof generation completed
[2026-01-10 22:28:13] [INFO] Generated proof:
[2026-01-10 22:28:13] [INFO] rfl
[2026-01-10 22:28:13] [INFO] Proof length: 3 chars
[2026-01-10 22:28:13] [INFO] Starting proof verification...
[2026-01-10 22:28:13] [INFO] Verifying at: VCVio/OracleComp/EvalDist.lean:52
[2026-01-10 22:28:13] [INFO] Using LEAN INTERACT verify
[2026-01-10 22:28:13] [INFO] Checking file
[2026-01-10 22:28:28] [INFO] Cannot build modified file <error line="52" column="15">
<code_line>  toSPMF_eq := rfl</code_line>
<message>error: Type mismatch</message>
</error>
  rfl
has type
  ?m.25 = ?m.25
but is expected to have type
  ∀ (mx : OracleComp spec α✝),
    (fun {α} x => (MonadHom.toNatHom ?m.9).toFun α x) mx =
      OptionT.lift ((fun {α} x => (simulateQ fun t => PMF.uniformOfFintype (spec.Range t)).toFun α x) mx)
the following variables have been introduced by the implicit lambda feature
  α✝ : Type ?u.1778
you can disable implicit lambdas using `@` or writing a lambda expression with `{}` or `[]` binder annotations.
<error line="54" column="0">
<code_line>lemma evalDist_eq_simulateQ [spec.Fintype] [spec.Inhabited] (mx : OracleComp spec α) :</code_line>
<message>error: Not a definitional equality: the left-hand side</message>
</error>
  evalDist mx
is not definitionally equal to the right-hand side
  liftM ((fun {α} x => (simulateQ fun t => PMF.uniformOfFintype (spec.Range t)).toFun α x) mx)
<error line="55" column="81">
<code_line>    evalDist mx = simulateQ (fun t => PMF.uniformOfFintype (spec.Range t)) mx := rfl</code_line>
<message>error: Type mismatch</message>
</error>
  rfl
has type
  ?m.28 = ?m.28
but is expected to have type
  evalDist mx = liftM ((fun {α} x => (simulateQ fun t => PMF.uniformOfFintype (spec.Range t)).toFun α x) mx)
[2026-01-10 22:28:28] [INFO] Proof verification completed
[2026-01-10 22:28:28] [INFO] Strategy rfl attempt 1: verified=False
[2026-01-10 22:28:28] [INFO] Verification message: Cannot build modified file: <error line="52" column="15">
<code_line>  toSPMF_eq := rfl</code_line>
<message>error: Type mismatch</message>
</error>
  rfl
has type
  ?m.25 = ?m.25
but is expected to have type
  ∀ (mx : OracleComp spec α✝),
    (fun {α} x => (MonadHom.toNatHom ?m.9).toFun α x) mx =
      OptionT.lift ((fun {α} x => (simulateQ fun t => PMF.uniformOfFintype (spec.Range t)).toFun α x) mx)
the following variables have been introduced by the implicit lambda feature
  α✝ : Type ?u.1778
you can disable implicit lambdas using `@` or writing a lambda expression with `{}` or `[]` binder annotations.
<error line="54" column="0">
<code_line>lemma evalDist_eq_simulateQ [spec.Fintype] [spec.Inhabited] (mx : OracleComp spec α) :</code_line>
<message>error: Not a definitional equality: the left-hand side</message>
</error>
  evalDist mx
is not definitionally equal to the right-hand side
  liftM ((fun {α} x => (simulateQ fun t => PMF.uniformOfFintype (spec.Range t)).toFun α x) mx)
<error line="55" column="81">
<code_line>    evalDist mx = simulateQ (fun t => PMF.uniformOfFintype (spec.Range t)) mx := rfl</code_line>
<message>error: Type mismatch</message>
</error>
  rfl
has type
  ?m.28 = ?m.28
but is expected to have type
  evalDist mx = liftM ((fun {α} x => (simulateQ fun t => PMF.uniformOfFintype (spec.Range t)).toFun α x) mx)

[2026-01-10 22:28:28] [INFO] Attempt 1 failed verification, continuing...
[2026-01-10 22:28:28] [INFO] ========================================
[2026-01-10 22:28:28] [INFO] Trying strategy: simp (up to 1 attempts)
[2026-01-10 22:28:28] [INFO] --------------------
[2026-01-10 22:28:28] [INFO] Strategy simp, attempt 1/1
[2026-01-10 22:28:28] [INFO] Starting proof generation...
[2026-01-10 22:28:28] [INFO] Repository path: /root/repo
[2026-01-10 22:28:28] [INFO] Proof generation completed
[2026-01-10 22:28:28] [INFO] Generated proof:
[2026-01-10 22:28:28] [INFO] simp
[2026-01-10 22:28:28] [INFO] Proof length: 4 chars
[2026-01-10 22:28:28] [INFO] Starting proof verification...
[2026-01-10 22:28:28] [INFO] Verifying at: VCVio/OracleComp/EvalDist.lean:52
[2026-01-10 22:28:28] [INFO] Using LEAN INTERACT verify
[2026-01-10 22:28:28] [INFO] Checking file
[2026-01-10 22:28:32] [INFO] Cannot build modified file VCVio/OracleComp/tmp_y2qdmqn.lean:52:15: error(lean.unknownIdentifier): Unknown identifier `simp`
[2026-01-10 22:28:32] [INFO] Proof verification completed
[2026-01-10 22:28:32] [INFO] Strategy simp attempt 1: verified=False
[2026-01-10 22:28:32] [INFO] Verification message: Cannot build modified file: VCVio/OracleComp/tmp_y2qdmqn.lean:52:15: error(lean.unknownIdentifier): Unknown identifier `simp`

[2026-01-10 22:28:32] [INFO] Attempt 1 failed verification, continuing...
[2026-01-10 22:28:32] [INFO] ========================================
[2026-01-10 22:28:32] [INFO] Trying strategy: simp_all (up to 1 attempts)
[2026-01-10 22:28:32] [INFO] --------------------
[2026-01-10 22:28:32] [INFO] Strategy simp_all, attempt 1/1
[2026-01-10 22:28:32] [INFO] Starting proof generation...
[2026-01-10 22:28:32] [INFO] Repository path: /root/repo
[2026-01-10 22:28:32] [INFO] Proof generation completed
[2026-01-10 22:28:32] [INFO] Generated proof:
[2026-01-10 22:28:32] [INFO] simp_all
[2026-01-10 22:28:32] [INFO] Proof length: 8 chars
[2026-01-10 22:28:32] [INFO] Starting proof verification...
[2026-01-10 22:28:32] [INFO] Verifying at: VCVio/OracleComp/EvalDist.lean:52
[2026-01-10 22:28:32] [INFO] Using LEAN INTERACT verify
[2026-01-10 22:28:32] [INFO] Checking file
[2026-01-10 22:28:35] [INFO] Cannot build modified file VCVio/OracleComp/tmp18p3oyc9.lean:52:15: error(lean.unknownIdentifier): Unknown identifier `simp_all`
[2026-01-10 22:28:35] [INFO] Proof verification completed
[2026-01-10 22:28:35] [INFO] Strategy simp_all attempt 1: verified=False
[2026-01-10 22:28:35] [INFO] Verification message: Cannot build modified file: VCVio/OracleComp/tmp18p3oyc9.lean:52:15: error(lean.unknownIdentifier): Unknown identifier `simp_all`

[2026-01-10 22:28:35] [INFO] Attempt 1 failed verification, continuing...
[2026-01-10 22:28:35] [INFO] ========================================
[2026-01-10 22:28:35] [INFO] Trying strategy: exact? (up to 1 attempts)
[2026-01-10 22:28:35] [INFO] --------------------
[2026-01-10 22:28:35] [INFO] Strategy exact?, attempt 1/1
[2026-01-10 22:28:35] [INFO] Starting proof generation...
[2026-01-10 22:28:35] [INFO] Repository path: /root/repo
[2026-01-10 22:28:35] [INFO] Proof generation completed
[2026-01-10 22:28:35] [INFO] Generated proof:
[2026-01-10 22:28:35] [INFO] exact?
[2026-01-10 22:28:35] [INFO] Proof length: 6 chars
[2026-01-10 22:28:35] [INFO] Starting proof verification...
[2026-01-10 22:28:35] [INFO] Verifying at: VCVio/OracleComp/EvalDist.lean:52
[2026-01-10 22:28:35] [INFO] Using LEAN INTERACT verify
[2026-01-10 22:28:35] [INFO] Checking file
[2026-01-10 22:28:39] [INFO] Cannot build modified file VCVio/OracleComp/tmpmlmh79kt.lean:52:15: error(lean.unknownIdentifier): Unknown identifier `exact?`
[2026-01-10 22:28:39] [INFO] Proof verification completed
[2026-01-10 22:28:39] [INFO] Strategy exact? attempt 1: verified=False
[2026-01-10 22:28:39] [INFO] Verification message: Cannot build modified file: VCVio/OracleComp/tmpmlmh79kt.lean:52:15: error(lean.unknownIdentifier): Unknown identifier `exact?`

[2026-01-10 22:28:39] [INFO] Attempt 1 failed verification, continuing...
[2026-01-10 22:28:39] [INFO] ========================================
[2026-01-10 22:28:39] [INFO] Trying strategy: grind (up to 1 attempts)
[2026-01-10 22:28:39] [INFO] --------------------
[2026-01-10 22:28:39] [INFO] Strategy grind, attempt 1/1
[2026-01-10 22:28:39] [INFO] Starting proof generation...
[2026-01-10 22:28:39] [INFO] Repository path: /root/repo
[2026-01-10 22:28:39] [INFO] Proof generation completed
[2026-01-10 22:28:39] [INFO] Generated proof:
[2026-01-10 22:28:39] [INFO] grind
[2026-01-10 22:28:39] [INFO] Proof length: 5 chars
[2026-01-10 22:28:39] [INFO] Starting proof verification...
[2026-01-10 22:28:39] [INFO] Verifying at: VCVio/OracleComp/EvalDist.lean:52
[2026-01-10 22:28:39] [INFO] Using LEAN INTERACT verify
[2026-01-10 22:28:39] [INFO] Checking file
[2026-01-10 22:28:43] [INFO] Cannot build modified file VCVio/OracleComp/tmp5_8pm1jl.lean:52:15: error(lean.unknownIdentifier): Unknown identifier `grind`
[2026-01-10 22:28:43] [INFO] Proof verification completed
[2026-01-10 22:28:43] [INFO] Strategy grind attempt 1: verified=False
[2026-01-10 22:28:43] [INFO] Verification message: Cannot build modified file: VCVio/OracleComp/tmp5_8pm1jl.lean:52:15: error(lean.unknownIdentifier): Unknown identifier `grind`

[2026-01-10 22:28:43] [INFO] Attempt 1 failed verification, continuing...
[2026-01-10 22:28:43] [INFO] ========================================
[2026-01-10 22:28:43] [INFO] Trying strategy: ring (up to 1 attempts)
[2026-01-10 22:28:43] [INFO] --------------------
[2026-01-10 22:28:43] [INFO] Strategy ring, attempt 1/1
[2026-01-10 22:28:43] [INFO] Starting proof generation...
[2026-01-10 22:28:43] [INFO] Repository path: /root/repo
[2026-01-10 22:28:43] [INFO] Proof generation completed
[2026-01-10 22:28:43] [INFO] Generated proof:
[2026-01-10 22:28:43] [INFO] ring
[2026-01-10 22:28:43] [INFO] Proof length: 4 chars
[2026-01-10 22:28:43] [INFO] Starting proof verification...
[2026-01-10 22:28:43] [INFO] Verifying at: VCVio/OracleComp/EvalDist.lean:52
[2026-01-10 22:28:43] [INFO] Using LEAN INTERACT verify
[2026-01-10 22:28:43] [INFO] Checking file
[2026-01-10 22:28:48] [INFO] Cannot build modified file VCVio/OracleComp/tmpp5jf5smf.lean:52:15: error(lean.unknownIdentifier): Unknown identifier `ring`
[2026-01-10 22:28:48] [INFO] Proof verification completed
[2026-01-10 22:28:48] [INFO] Strategy ring attempt 1: verified=False
[2026-01-10 22:28:48] [INFO] Verification message: Cannot build modified file: VCVio/OracleComp/tmpp5jf5smf.lean:52:15: error(lean.unknownIdentifier): Unknown identifier `ring`

[2026-01-10 22:28:48] [INFO] Attempt 1 failed verification, continuing...
[2026-01-10 22:28:48] [INFO] ========================================
[2026-01-10 22:28:48] [INFO] Trying strategy: norm_num (up to 1 attempts)
[2026-01-10 22:28:48] [INFO] --------------------
[2026-01-10 22:28:48] [INFO] Strategy norm_num, attempt 1/1
[2026-01-10 22:28:48] [INFO] Starting proof generation...
[2026-01-10 22:28:48] [INFO] Repository path: /root/repo
[2026-01-10 22:28:48] [INFO] Proof generation completed
[2026-01-10 22:28:48] [INFO] Generated proof:
[2026-01-10 22:28:48] [INFO] norm_num
[2026-01-10 22:28:48] [INFO] Proof length: 8 chars
[2026-01-10 22:28:48] [INFO] Starting proof verification...
[2026-01-10 22:28:48] [INFO] Verifying at: VCVio/OracleComp/EvalDist.lean:52
[2026-01-10 22:28:48] [INFO] Using LEAN INTERACT verify
[2026-01-10 22:28:48] [INFO] Checking file
[2026-01-10 22:28:53] [INFO] Cannot build modified file <error line="52" column="15">
<code_line>  toSPMF_eq := norm_num</code_line>
<message>error: Type mismatch</message>
</error>
  norm_num
has type
  Lean.ParserDescr
of sort `Type` but is expected to have type
  ∀ (mx : OracleComp spec α✝),
    (fun {α} x => (MonadHom.toNatHom ?m.9).toFun α x) mx =
      OptionT.lift ((fun {α} x => (simulateQ fun t => PMF.uniformOfFintype (spec.Range t)).toFun α x) mx)
of sort `Prop`
the following variables have been introduced by the implicit lambda feature
  α✝ : Type ?u.1778
you can disable implicit lambdas using `@` or writing a lambda expression with `{}` or `[]` binder annotations.
<error line="54" column="0">
<code_line>lemma evalDist_eq_simulateQ [spec.Fintype] [spec.Inhabited] (mx : OracleComp spec α) :</code_line>
<message>error: Not a definitional equality: the left-hand side</message>
</error>
  evalDist mx
is not definitionally equal to the right-hand side
  liftM ((fun {α} x => (simulateQ fun t => PMF.uniformOfFintype (spec.Range t)).toFun α x) mx)
<error line="55" column="81">
<code_line>    evalDist mx = simulateQ (fun t => PMF.uniformOfFintype (spec.Range t)) mx := rfl</code_line>
<message>error: Type mismatch</message>
</error>
  rfl
has type
  ?m.28 = ?m.28
but is expected to have type
  evalDist mx = liftM ((fun {α} x => (simulateQ fun t => PMF.uniformOfFintype (spec.Range t)).toFun α x) mx)
[2026-01-10 22:28:53] [INFO] Proof verification completed
[2026-01-10 22:28:53] [INFO] Strategy norm_num attempt 1: verified=False
[2026-01-10 22:28:53] [INFO] Verification message: Cannot build modified file: <error line="52" column="15">
<code_line>  toSPMF_eq := norm_num</code_line>
<message>error: Type mismatch</message>
</error>
  norm_num
has type
  Lean.ParserDescr
of sort `Type` but is expected to have type
  ∀ (mx : OracleComp spec α✝),
    (fun {α} x => (MonadHom.toNatHom ?m.9).toFun α x) mx =
      OptionT.lift ((fun {α} x => (simulateQ fun t => PMF.uniformOfFintype (spec.Range t)).toFun α x) mx)
of sort `Prop`
the following variables have been introduced by the implicit lambda feature
  α✝ : Type ?u.1778
you can disable implicit lambdas using `@` or writing a lambda expression with `{}` or `[]` binder annotations.
<error line="54" column="0">
<code_line>lemma evalDist_eq_simulateQ [spec.Fintype] [spec.Inhabited] (mx : OracleComp spec α) :</code_line>
<message>error: Not a definitional equality: the left-hand side</message>
</error>
  evalDist mx
is not definitionally equal to the right-hand side
  liftM ((fun {α} x => (simulateQ fun t => PMF.uniformOfFintype (spec.Range t)).toFun α x) mx)
<error line="55" column="81">
<code_line>    evalDist mx = simulateQ (fun t => PMF.uniformOfFintype (spec.Range t)) mx := rfl</code_line>
<message>error: Type mismatch</message>
</error>
  rfl
has type
  ?m.28 = ?m.28
but is expected to have type
  evalDist mx = liftM ((fun {α} x => (simulateQ fun t => PMF.uniformOfFintype (spec.Range t)).toFun α x) mx)

[2026-01-10 22:28:53] [INFO] Attempt 1 failed verification, continuing...
[2026-01-10 22:28:53] [INFO] ========================================
[2026-01-10 22:28:53] [INFO] Trying strategy: omega (up to 1 attempts)
[2026-01-10 22:28:53] [INFO] --------------------
[2026-01-10 22:28:53] [INFO] Strategy omega, attempt 1/1
[2026-01-10 22:28:53] [INFO] Starting proof generation...
[2026-01-10 22:28:53] [INFO] Repository path: /root/repo
[2026-01-10 22:28:53] [INFO] Proof generation completed
[2026-01-10 22:28:53] [INFO] Generated proof:
[2026-01-10 22:28:53] [INFO] omega
[2026-01-10 22:28:53] [INFO] Proof length: 5 chars
[2026-01-10 22:28:53] [INFO] Starting proof verification...
[2026-01-10 22:28:53] [INFO] Verifying at: VCVio/OracleComp/EvalDist.lean:52
[2026-01-10 22:28:53] [INFO] Using LEAN INTERACT verify
[2026-01-10 22:28:53] [INFO] Checking file
[2026-01-10 22:28:57] [INFO] Cannot build modified file VCVio/OracleComp/tmpvcnlnhvq.lean:52:15: error(lean.unknownIdentifier): Unknown identifier `omega`
[2026-01-10 22:28:57] [INFO] Proof verification completed
[2026-01-10 22:28:57] [INFO] Strategy omega attempt 1: verified=False
[2026-01-10 22:28:57] [INFO] Verification message: Cannot build modified file: VCVio/OracleComp/tmpvcnlnhvq.lean:52:15: error(lean.unknownIdentifier): Unknown identifier `omega`

[2026-01-10 22:28:57] [INFO] Attempt 1 failed verification, continuing...
[2026-01-10 22:28:57] [INFO] ========================================
[2026-01-10 22:28:57] [INFO] Trying strategy: linarith (up to 1 attempts)
[2026-01-10 22:28:57] [INFO] --------------------
[2026-01-10 22:28:57] [INFO] Strategy linarith, attempt 1/1
[2026-01-10 22:28:57] [INFO] Starting proof generation...
[2026-01-10 22:28:57] [INFO] Repository path: /root/repo
[2026-01-10 22:28:57] [INFO] Proof generation completed
[2026-01-10 22:28:57] [INFO] Generated proof:
[2026-01-10 22:28:57] [INFO] linarith
[2026-01-10 22:28:57] [INFO] Proof length: 8 chars
[2026-01-10 22:28:57] [INFO] Starting proof verification...
[2026-01-10 22:28:57] [INFO] Verifying at: VCVio/OracleComp/EvalDist.lean:52
[2026-01-10 22:28:57] [INFO] Using LEAN INTERACT verify
[2026-01-10 22:28:57] [INFO] Checking file
[2026-01-10 22:29:00] [INFO] Cannot build modified file VCVio/OracleComp/tmpws3py0xd.lean:52:15: error(lean.unknownIdentifier): Unknown identifier `linarith`
[2026-01-10 22:29:00] [INFO] Proof verification completed
[2026-01-10 22:29:00] [INFO] Strategy linarith attempt 1: verified=False
[2026-01-10 22:29:00] [INFO] Verification message: Cannot build modified file: VCVio/OracleComp/tmpws3py0xd.lean:52:15: error(lean.unknownIdentifier): Unknown identifier `linarith`

[2026-01-10 22:29:00] [INFO] Attempt 1 failed verification, continuing...
[2026-01-10 22:29:00] [INFO] ========================================
[2026-01-10 22:29:00] [INFO] Trying strategy: nlinarith (up to 1 attempts)
[2026-01-10 22:29:00] [INFO] --------------------
[2026-01-10 22:29:00] [INFO] Strategy nlinarith, attempt 1/1
[2026-01-10 22:29:00] [INFO] Starting proof generation...
[2026-01-10 22:29:00] [INFO] Repository path: /root/repo
[2026-01-10 22:29:00] [INFO] Proof generation completed
[2026-01-10 22:29:00] [INFO] Generated proof:
[2026-01-10 22:29:00] [INFO] nlinarith
[2026-01-10 22:29:00] [INFO] Proof length: 9 chars
[2026-01-10 22:29:00] [INFO] Starting proof verification...
[2026-01-10 22:29:00] [INFO] Verifying at: VCVio/OracleComp/EvalDist.lean:52
[2026-01-10 22:29:00] [INFO] Using LEAN INTERACT verify
[2026-01-10 22:29:00] [INFO] Checking file
[2026-01-10 22:29:04] [INFO] Cannot build modified file VCVio/OracleComp/tmp3m4_grse.lean:52:15: error(lean.unknownIdentifier): Unknown identifier `nlinarith`
[2026-01-10 22:29:04] [INFO] Proof verification completed
[2026-01-10 22:29:04] [INFO] Strategy nlinarith attempt 1: verified=False
[2026-01-10 22:29:04] [INFO] Verification message: Cannot build modified file: VCVio/OracleComp/tmp3m4_grse.lean:52:15: error(lean.unknownIdentifier): Unknown identifier `nlinarith`

[2026-01-10 22:29:04] [INFO] Attempt 1 failed verification, continuing...
[2026-01-10 22:29:04] [INFO] ========================================
[2026-01-10 22:29:04] [INFO] Trying strategy: aesop (up to 1 attempts)
[2026-01-10 22:29:04] [INFO] --------------------
[2026-01-10 22:29:04] [INFO] Strategy aesop, attempt 1/1
[2026-01-10 22:29:04] [INFO] Starting proof generation...
[2026-01-10 22:29:04] [INFO] Repository path: /root/repo
[2026-01-10 22:29:04] [INFO] Proof generation completed
[2026-01-10 22:29:04] [INFO] Generated proof:
[2026-01-10 22:29:04] [INFO] aesop
[2026-01-10 22:29:04] [INFO] Proof length: 5 chars
[2026-01-10 22:29:04] [INFO] Starting proof verification...
[2026-01-10 22:29:04] [INFO] Verifying at: VCVio/OracleComp/EvalDist.lean:52
[2026-01-10 22:29:04] [INFO] Using LEAN INTERACT verify
[2026-01-10 22:29:04] [INFO] Checking file
[2026-01-10 22:29:07] [INFO] Cannot build modified file VCVio/OracleComp/tmpn1146tqc.lean:52:15: error(lean.unknownIdentifier): Unknown identifier `aesop`
[2026-01-10 22:29:07] [INFO] Proof verification completed
[2026-01-10 22:29:07] [INFO] Strategy aesop attempt 1: verified=False
[2026-01-10 22:29:07] [INFO] Verification message: Cannot build modified file: VCVio/OracleComp/tmpn1146tqc.lean:52:15: error(lean.unknownIdentifier): Unknown identifier `aesop`

[2026-01-10 22:29:07] [INFO] Attempt 1 failed verification, continuing...
[2026-01-10 22:29:07] [INFO] ========================================
[2026-01-10 22:29:07] [INFO] Pass@k completed. Total results: 1
[2026-01-10 22:29:07] [INFO] FAILED: All 11 strategies x 1 attempts
[2026-01-10 22:29:07] [INFO] Writing results to file: /root/repo/result.json
[2026-01-10 22:29:07] [INFO] Result file written successfully
[2026-01-10 22:29:07] [INFO] Results exported to: /root/repo/result.json
[2026-01-10 22:29:07] [INFO] run_morphcloud_local.py completed successfully

[2026-01-10 22:29:09] [process_single_sorry] Downloading result file...
[2026-01-10 22:29:09] [process_single_sorry] Downloaded result to intermediate_experiment_outputs_full_reservoir/multi_tactic/2026-01-10_20-46-34_multi_tactic/individual/04b922b33e4d36440431bbee16fa94027aeecb84258a0eece00fb21b0e22b95b.json
[2026-01-10 22:29:11] [process_single_sorry] Instance context closed successfully
[2026-01-10 22:29:11] [process_single_sorry] Parsing result file...
[2026-01-10 22:29:11] [process_single_sorry] Successfully parsed result (list format, 1 results)
