[2026-01-10 23:00:44] [process_single_sorry] Starting for sorry 1c9d0e9c0cda121b5a9e84a1ef3ba5f1553b6e148199bf3592067faa1867b5b5
[2026-01-10 23:00:44] [process_single_sorry] Using snapshot: snapshot_lqvw8j7y
[2026-01-10 23:00:44] [process_single_sorry] Repository: https://github.com/djvelleman/HTPILeanPackage@12ca2d2d0f0d12e6c2a158cf01268df350a7c884
[2026-01-10 23:00:44] [process_single_sorry] Instance name: HTPILeanPackage_12ca2d2d0f0d_multi_tactic_1c9d0e9c0cda121b5a9e84a1ef3ba5f1553b6e148199bf3592067faa1867b5b5
[2026-01-10 23:00:44] [process_single_sorry] Starting attempt 1/3
[2026-01-10 23:00:44] [process_single_sorry] Starting instance from snapshot...
[2026-01-10 23:00:44] [process_single_sorry] Instance started successfully: morphvm_q23y4d20
[2026-01-10 23:00:44] [process_single_sorry] Creating .env file...
[2026-01-10 23:00:52] [process_single_sorry] .env file created (exit_code: 0)
[2026-01-10 23:00:52] [process_single_sorry] Executing agent command...
[2026-01-10 23:02:15] [process_single_sorry] Agent command completed (exit_code: 0)
[2026-01-10 23:02:15] [process_single_sorry] STDOUT:

Results JSON:
[
  {
    "sorry": {
      "repo": {
        "remote": "https://github.com/djvelleman/HTPILeanPackage",
        "branch": "master",
        "commit": "12ca2d2d0f0d12e6c2a158cf01268df350a7c884",
        "lean_version": "v4.26.0"
      },
      "location": {
        "path": "Chap8Ex.lean",
        "start_line": 116,
        "start_column": 60,
        "end_line": 116,
        "end_column": 65
      },
      "debug_info": {
        "goal": "m : ℕ\n⊢ ∀ ⦃k : ℕ⦄, k ≤ m → num_elts_below (set_rp_below m) k = num_rp_below m k",
        "url": "https://github.com/djvelleman/HTPILeanPackage/blob/12ca2d2d0f0d12e6c2a158cf01268df350a7c884/Chap8Ex.lean#L116"
      },
      "metadata": {
        "blame_email_hash": "915d100f01e6",
        "blame_date": "2025-05-12T09:44:57-04:00",
        "inclusion_date": "2025-12-30T01:27:38.194327+00:00"
      },
      "id": "1c9d0e9c0cda121b5a9e84a1ef3ba5f1553b6e148199bf3592067faa1867b5b5"
    },
    "proof": null,
    "proof_verified": false,
    "feedback": null,
    "verification_message": "All 11 attempts failed (11 strategies x 1 attempts each)",
    "success": true,
    "error_type": null,
    "error_message": null,
    "strategy_name": "all_failed_k=1",
    "proof_attempts": [
      "rfl",
      "simp",
      "simp_all",
      "exact?",
      "grind",
      "ring",
      "norm_num",
      "omega",
      "linarith",
      "nlinarith",
      "aesop"
    ]
  }
]

[2026-01-10 23:02:15] [process_single_sorry] STDERR:
None of PyTorch, TensorFlow >= 2.0, or Flax have been found. Models won't be available and only tokenizers, configuration and file/data utilities can be used.
[2026-01-10 23:01:01] [INFO] ================================================================================
[2026-01-10 23:01:01] [INFO] Starting run_morphcloud_local.py
[2026-01-10 23:01:01] [INFO] ================================================================================
[2026-01-10 23:01:01] [INFO] Environment loaded
[2026-01-10 23:01:01] [INFO] Full command: /root/SorryDB/sorrydb/cli/run_morphcloud_local.py --repo-path /root/repo --sorry-json {"repo": {"remote": "https://github.com/djvelleman/HTPILeanPackage", "branch": "master", "commit": "12ca2d2d0f0d12e6c2a158cf01268df350a7c884", "lean_version": "v4.26.0"}, "location": {"path": "Chap8Ex.lean", "start_line": 116, "start_column": 60, "end_line": 116, "end_column": 65}, "debug_info": {"goal": "m : \u2115\n\u22a2 \u2200 \u2983k : \u2115\u2984, k \u2264 m \u2192 num_elts_below (set_rp_below m) k = num_rp_below m k", "url": "https://github.com/djvelleman/HTPILeanPackage/blob/12ca2d2d0f0d12e6c2a158cf01268df350a7c884/Chap8Ex.lean#L116"}, "metadata": {"blame_email_hash": "915d100f01e6", "blame_date": "2025-05-12T09:44:57-04:00", "inclusion_date": "2025-12-30T01:27:38.194327+00:00"}, "id": "1c9d0e9c0cda121b5a9e84a1ef3ba5f1553b6e148199bf3592067faa1867b5b5"} --agent-strategy {"name": "multi_tactic", "args": {}}
[2026-01-10 23:01:01] [INFO] Arguments parsed: repo_path=/root/repo, output_path=/root/repo/result.json
[2026-01-10 23:01:01] [INFO] Strategy spec: {"name": "multi_tactic", "args": {}}...
[2026-01-10 23:01:01] [INFO] Loading sorry data...
[2026-01-10 23:01:01] [INFO] Parsing sorry from JSON string...
[2026-01-10 23:01:01] [INFO] Sorry data parsed from JSON string
[2026-01-10 23:01:01] [INFO] Creating strategy from spec...
[2026-01-10 23:01:01] [INFO] Parsing strategy spec (length: 36 chars)
[2026-01-10 23:01:01] [INFO] Strategy name: multi_tactic
[2026-01-10 23:01:01] [INFO] Strategy args: {}
[2026-01-10 23:01:01] [INFO] Pass@k value: 1
[2026-01-10 23:01:01] [INFO] Creating strategy: multi_tactic
[2026-01-10 23:01:01] [INFO] Creating multi_tactic strategy with tactics: ['rfl', 'simp', 'simp_all', 'exact?', 'grind', 'ring', 'norm_num', 'omega', 'linarith', 'nlinarith', 'aesop']
[2026-01-10 23:01:01] [INFO] Strategies created: ['rfl', 'simp', 'simp_all', 'exact?', 'grind', 'ring', 'norm_num', 'omega', 'linarith', 'nlinarith', 'aesop']
[2026-01-10 23:01:01] [INFO] Pass@k value: 1
[2026-01-10 23:01:01] [INFO] Creating Sorry object...
[2026-01-10 23:01:01] [INFO] Sorry object created: id=1c9d0e9c0cda121b5a9e84a1ef3ba5f1553b6e148199bf3592067faa1867b5b5
[2026-01-10 23:01:01] [INFO] Sorry location: Chap8Ex.lean:116
[2026-01-10 23:01:01] [INFO] Context before sorry (lines 111-116):
[2026-01-10 23:01:01] [INFO]   111: theorem Exercise_8_1_6b {U : Type} {A : Set U} {m n : Nat}
[2026-01-10 23:01:01] [INFO]   112:     (h1 : numElts A m) (h2 : numElts A n) : m = n := sorry
[2026-01-10 23:01:01] [INFO]   113: 
[2026-01-10 23:01:01] [INFO]   114: -- 7.
[2026-01-10 23:01:01] [INFO]   115: lemma neb_nrpb (m : Nat) : ∀ ⦃k : Nat⦄, k ≤ m →
[2026-01-10 23:01:01] [INFO]   116:     num_elts_below (set_rp_below m) k = num_rp_below m k := sorry
[2026-01-10 23:01:01] [INFO] Sorry line:     num_elts_below (set_rp_below m) k = num_rp_below m k := sorry
[2026-01-10 23:01:01] [INFO] Sorry goal: m : ℕ
⊢ ∀ ⦃k : ℕ⦄, k ≤ m → num_elts_below (set_rp_below m) k = num_rp_below m k...
[2026-01-10 23:01:01] [INFO] ========================================
[2026-01-10 23:01:01] [INFO] Trying strategy: rfl (up to 1 attempts)
[2026-01-10 23:01:01] [INFO] --------------------
[2026-01-10 23:01:01] [INFO] Strategy rfl, attempt 1/1
[2026-01-10 23:01:01] [INFO] Starting proof generation...
[2026-01-10 23:01:01] [INFO] Repository path: /root/repo
[2026-01-10 23:01:01] [INFO] Proof generation completed
[2026-01-10 23:01:01] [INFO] Generated proof:
[2026-01-10 23:01:01] [INFO] rfl
[2026-01-10 23:01:01] [INFO] Proof length: 3 chars
[2026-01-10 23:01:01] [INFO] Starting proof verification...
[2026-01-10 23:01:01] [INFO] Verifying at: Chap8Ex.lean:116
[2026-01-10 23:01:01] [INFO] Using LEAN INTERACT verify
[2026-01-10 23:01:01] [INFO] Checking file
[2026-01-10 23:01:23] [INFO] Cannot build modified file <error line="115" column="0">
<code_line>lemma neb_nrpb (m : Nat) : ∀ ⦃k : Nat⦄, k ≤ m →</code_line>
<message>error: Not a definitional equality: the left-hand side</message>
</error>
  num_elts_below (set_rp_below m) k
is not definitionally equal to the right-hand side
  num_rp_below m k
<error line="116" column="60">
<code_line>    num_elts_below (set_rp_below m) k = num_rp_below m k := rfl</code_line>
<message>error: Type mismatch</message>
</error>
  rfl
has type
  ?m.5 = ?m.5
but is expected to have type
  ∀ ⦃k : ℕ⦄, k ≤ m → num_elts_below (set_rp_below m) k = num_rp_below m k

Note: This linter can be disabled with `set_option linter.unusedTactic false`
[2026-01-10 23:01:23] [INFO] Proof verification completed
[2026-01-10 23:01:23] [INFO] Strategy rfl attempt 1: verified=False
[2026-01-10 23:01:23] [INFO] Verification message: Cannot build modified file: <error line="115" column="0">
<code_line>lemma neb_nrpb (m : Nat) : ∀ ⦃k : Nat⦄, k ≤ m →</code_line>
<message>error: Not a definitional equality: the left-hand side</message>
</error>
  num_elts_below (set_rp_below m) k
is not definitionally equal to the right-hand side
  num_rp_below m k
<error line="116" column="60">
<code_line>    num_elts_below (set_rp_below m) k = num_rp_below m k := rfl</code_line>
<message>error: Type mismatch</message>
</error>
  rfl
has type
  ?m.5 = ?m.5
but is expected to have type
  ∀ ⦃k : ℕ⦄, k ≤ m → num_elts_below (set_rp_below m) k = num_rp_below m k

Note: This linter can be disabled with `set_option linter.unusedTactic false`

[2026-01-10 23:01:23] [INFO] Attempt 1 failed verification, continuing...
[2026-01-10 23:01:23] [INFO] ========================================
[2026-01-10 23:01:23] [INFO] Trying strategy: simp (up to 1 attempts)
[2026-01-10 23:01:23] [INFO] --------------------
[2026-01-10 23:01:23] [INFO] Strategy simp, attempt 1/1
[2026-01-10 23:01:23] [INFO] Starting proof generation...
[2026-01-10 23:01:23] [INFO] Repository path: /root/repo
[2026-01-10 23:01:23] [INFO] Proof generation completed
[2026-01-10 23:01:23] [INFO] Generated proof:
[2026-01-10 23:01:23] [INFO] simp
[2026-01-10 23:01:23] [INFO] Proof length: 4 chars
[2026-01-10 23:01:23] [INFO] Starting proof verification...
[2026-01-10 23:01:23] [INFO] Verifying at: Chap8Ex.lean:116
[2026-01-10 23:01:23] [INFO] Using LEAN INTERACT verify
[2026-01-10 23:01:23] [INFO] Checking file
[2026-01-10 23:01:28] [INFO] Cannot build modified file tmpgi3125yz.lean:116:60: error(lean.unknownIdentifier): Unknown identifier `simp`

Note: This linter can be disabled with `set_option linter.unusedTactic false`
[2026-01-10 23:01:28] [INFO] Proof verification completed
[2026-01-10 23:01:28] [INFO] Strategy simp attempt 1: verified=False
[2026-01-10 23:01:28] [INFO] Verification message: Cannot build modified file: tmpgi3125yz.lean:116:60: error(lean.unknownIdentifier): Unknown identifier `simp`

Note: This linter can be disabled with `set_option linter.unusedTactic false`

[2026-01-10 23:01:28] [INFO] Attempt 1 failed verification, continuing...
[2026-01-10 23:01:28] [INFO] ========================================
[2026-01-10 23:01:28] [INFO] Trying strategy: simp_all (up to 1 attempts)
[2026-01-10 23:01:28] [INFO] --------------------
[2026-01-10 23:01:28] [INFO] Strategy simp_all, attempt 1/1
[2026-01-10 23:01:28] [INFO] Starting proof generation...
[2026-01-10 23:01:28] [INFO] Repository path: /root/repo
[2026-01-10 23:01:28] [INFO] Proof generation completed
[2026-01-10 23:01:28] [INFO] Generated proof:
[2026-01-10 23:01:28] [INFO] simp_all
[2026-01-10 23:01:28] [INFO] Proof length: 8 chars
[2026-01-10 23:01:28] [INFO] Starting proof verification...
[2026-01-10 23:01:28] [INFO] Verifying at: Chap8Ex.lean:116
[2026-01-10 23:01:28] [INFO] Using LEAN INTERACT verify
[2026-01-10 23:01:28] [INFO] Checking file
[2026-01-10 23:01:33] [INFO] Cannot build modified file tmpn69sj5me.lean:116:60: error(lean.unknownIdentifier): Unknown identifier `simp_all`

Note: This linter can be disabled with `set_option linter.unusedTactic false`
[2026-01-10 23:01:33] [INFO] Proof verification completed
[2026-01-10 23:01:33] [INFO] Strategy simp_all attempt 1: verified=False
[2026-01-10 23:01:33] [INFO] Verification message: Cannot build modified file: tmpn69sj5me.lean:116:60: error(lean.unknownIdentifier): Unknown identifier `simp_all`

Note: This linter can be disabled with `set_option linter.unusedTactic false`

[2026-01-10 23:01:33] [INFO] Attempt 1 failed verification, continuing...
[2026-01-10 23:01:33] [INFO] ========================================
[2026-01-10 23:01:33] [INFO] Trying strategy: exact? (up to 1 attempts)
[2026-01-10 23:01:33] [INFO] --------------------
[2026-01-10 23:01:33] [INFO] Strategy exact?, attempt 1/1
[2026-01-10 23:01:33] [INFO] Starting proof generation...
[2026-01-10 23:01:33] [INFO] Repository path: /root/repo
[2026-01-10 23:01:33] [INFO] Proof generation completed
[2026-01-10 23:01:33] [INFO] Generated proof:
[2026-01-10 23:01:33] [INFO] exact?
[2026-01-10 23:01:33] [INFO] Proof length: 6 chars
[2026-01-10 23:01:33] [INFO] Starting proof verification...
[2026-01-10 23:01:33] [INFO] Verifying at: Chap8Ex.lean:116
[2026-01-10 23:01:33] [INFO] Using LEAN INTERACT verify
[2026-01-10 23:01:33] [INFO] Checking file
[2026-01-10 23:01:40] [INFO] Cannot build modified file tmpu2rzo18i.lean:116:60: error(lean.unknownIdentifier): Unknown identifier `exact?`

Note: This linter can be disabled with `set_option linter.unusedTactic false`
[2026-01-10 23:01:40] [INFO] Proof verification completed
[2026-01-10 23:01:40] [INFO] Strategy exact? attempt 1: verified=False
[2026-01-10 23:01:40] [INFO] Verification message: Cannot build modified file: tmpu2rzo18i.lean:116:60: error(lean.unknownIdentifier): Unknown identifier `exact?`

Note: This linter can be disabled with `set_option linter.unusedTactic false`

[2026-01-10 23:01:40] [INFO] Attempt 1 failed verification, continuing...
[2026-01-10 23:01:40] [INFO] ========================================
[2026-01-10 23:01:40] [INFO] Trying strategy: grind (up to 1 attempts)
[2026-01-10 23:01:40] [INFO] --------------------
[2026-01-10 23:01:40] [INFO] Strategy grind, attempt 1/1
[2026-01-10 23:01:40] [INFO] Starting proof generation...
[2026-01-10 23:01:40] [INFO] Repository path: /root/repo
[2026-01-10 23:01:40] [INFO] Proof generation completed
[2026-01-10 23:01:40] [INFO] Generated proof:
[2026-01-10 23:01:40] [INFO] grind
[2026-01-10 23:01:40] [INFO] Proof length: 5 chars
[2026-01-10 23:01:40] [INFO] Starting proof verification...
[2026-01-10 23:01:40] [INFO] Verifying at: Chap8Ex.lean:116
[2026-01-10 23:01:40] [INFO] Using LEAN INTERACT verify
[2026-01-10 23:01:40] [INFO] Checking file
[2026-01-10 23:01:45] [INFO] Cannot build modified file tmp2xf82e_t.lean:116:60: error(lean.unknownIdentifier): Unknown identifier `grind`

Note: This linter can be disabled with `set_option linter.unusedTactic false`
[2026-01-10 23:01:45] [INFO] Proof verification completed
[2026-01-10 23:01:45] [INFO] Strategy grind attempt 1: verified=False
[2026-01-10 23:01:45] [INFO] Verification message: Cannot build modified file: tmp2xf82e_t.lean:116:60: error(lean.unknownIdentifier): Unknown identifier `grind`

Note: This linter can be disabled with `set_option linter.unusedTactic false`

[2026-01-10 23:01:45] [INFO] Attempt 1 failed verification, continuing...
[2026-01-10 23:01:45] [INFO] ========================================
[2026-01-10 23:01:45] [INFO] Trying strategy: ring (up to 1 attempts)
[2026-01-10 23:01:45] [INFO] --------------------
[2026-01-10 23:01:45] [INFO] Strategy ring, attempt 1/1
[2026-01-10 23:01:45] [INFO] Starting proof generation...
[2026-01-10 23:01:45] [INFO] Repository path: /root/repo
[2026-01-10 23:01:45] [INFO] Proof generation completed
[2026-01-10 23:01:45] [INFO] Generated proof:
[2026-01-10 23:01:45] [INFO] ring
[2026-01-10 23:01:45] [INFO] Proof length: 4 chars
[2026-01-10 23:01:45] [INFO] Starting proof verification...
[2026-01-10 23:01:45] [INFO] Verifying at: Chap8Ex.lean:116
[2026-01-10 23:01:45] [INFO] Using LEAN INTERACT verify
[2026-01-10 23:01:45] [INFO] Checking file
[2026-01-10 23:01:50] [INFO] Cannot build modified file tmpt3yvmc_c.lean:116:60: error(lean.unknownIdentifier): Unknown identifier `ring`

Note: This linter can be disabled with `set_option linter.unusedTactic false`
[2026-01-10 23:01:50] [INFO] Proof verification completed
[2026-01-10 23:01:50] [INFO] Strategy ring attempt 1: verified=False
[2026-01-10 23:01:50] [INFO] Verification message: Cannot build modified file: tmpt3yvmc_c.lean:116:60: error(lean.unknownIdentifier): Unknown identifier `ring`

Note: This linter can be disabled with `set_option linter.unusedTactic false`

[2026-01-10 23:01:50] [INFO] Attempt 1 failed verification, continuing...
[2026-01-10 23:01:50] [INFO] ========================================
[2026-01-10 23:01:50] [INFO] Trying strategy: norm_num (up to 1 attempts)
[2026-01-10 23:01:50] [INFO] --------------------
[2026-01-10 23:01:50] [INFO] Strategy norm_num, attempt 1/1
[2026-01-10 23:01:50] [INFO] Starting proof generation...
[2026-01-10 23:01:50] [INFO] Repository path: /root/repo
[2026-01-10 23:01:50] [INFO] Proof generation completed
[2026-01-10 23:01:50] [INFO] Generated proof:
[2026-01-10 23:01:50] [INFO] norm_num
[2026-01-10 23:01:50] [INFO] Proof length: 8 chars
[2026-01-10 23:01:50] [INFO] Starting proof verification...
[2026-01-10 23:01:50] [INFO] Verifying at: Chap8Ex.lean:116
[2026-01-10 23:01:50] [INFO] Using LEAN INTERACT verify
[2026-01-10 23:01:50] [INFO] Checking file
[2026-01-10 23:01:54] [INFO] Cannot build modified file <error line="116" column="60">
<code_line>    num_elts_below (set_rp_below m) k = num_rp_below m k := norm_num</code_line>
<message>error: Type mismatch</message>
</error>
  norm_num
has type
  Lean.ParserDescr
of sort `Type` but is expected to have type
  ∀ ⦃k : ℕ⦄, k ≤ m → num_elts_below (set_rp_below m) k = num_rp_below m k
of sort `Prop`

Note: This linter can be disabled with `set_option linter.unusedTactic false`
[2026-01-10 23:01:54] [INFO] Proof verification completed
[2026-01-10 23:01:54] [INFO] Strategy norm_num attempt 1: verified=False
[2026-01-10 23:01:54] [INFO] Verification message: Cannot build modified file: <error line="116" column="60">
<code_line>    num_elts_below (set_rp_below m) k = num_rp_below m k := norm_num</code_line>
<message>error: Type mismatch</message>
</error>
  norm_num
has type
  Lean.ParserDescr
of sort `Type` but is expected to have type
  ∀ ⦃k : ℕ⦄, k ≤ m → num_elts_below (set_rp_below m) k = num_rp_below m k
of sort `Prop`

Note: This linter can be disabled with `set_option linter.unusedTactic false`

[2026-01-10 23:01:54] [INFO] Attempt 1 failed verification, continuing...
[2026-01-10 23:01:54] [INFO] ========================================
[2026-01-10 23:01:54] [INFO] Trying strategy: omega (up to 1 attempts)
[2026-01-10 23:01:54] [INFO] --------------------
[2026-01-10 23:01:54] [INFO] Strategy omega, attempt 1/1
[2026-01-10 23:01:54] [INFO] Starting proof generation...
[2026-01-10 23:01:54] [INFO] Repository path: /root/repo
[2026-01-10 23:01:54] [INFO] Proof generation completed
[2026-01-10 23:01:54] [INFO] Generated proof:
[2026-01-10 23:01:54] [INFO] omega
[2026-01-10 23:01:54] [INFO] Proof length: 5 chars
[2026-01-10 23:01:54] [INFO] Starting proof verification...
[2026-01-10 23:01:54] [INFO] Verifying at: Chap8Ex.lean:116
[2026-01-10 23:01:54] [INFO] Using LEAN INTERACT verify
[2026-01-10 23:01:54] [INFO] Checking file
[2026-01-10 23:02:00] [INFO] Cannot build modified file tmpuzcox3vv.lean:116:60: error(lean.unknownIdentifier): Unknown identifier `omega`

Note: This linter can be disabled with `set_option linter.unusedTactic false`
[2026-01-10 23:02:00] [INFO] Proof verification completed
[2026-01-10 23:02:00] [INFO] Strategy omega attempt 1: verified=False
[2026-01-10 23:02:00] [INFO] Verification message: Cannot build modified file: tmpuzcox3vv.lean:116:60: error(lean.unknownIdentifier): Unknown identifier `omega`

Note: This linter can be disabled with `set_option linter.unusedTactic false`

[2026-01-10 23:02:00] [INFO] Attempt 1 failed verification, continuing...
[2026-01-10 23:02:00] [INFO] ========================================
[2026-01-10 23:02:00] [INFO] Trying strategy: linarith (up to 1 attempts)
[2026-01-10 23:02:00] [INFO] --------------------
[2026-01-10 23:02:00] [INFO] Strategy linarith, attempt 1/1
[2026-01-10 23:02:00] [INFO] Starting proof generation...
[2026-01-10 23:02:00] [INFO] Repository path: /root/repo
[2026-01-10 23:02:00] [INFO] Proof generation completed
[2026-01-10 23:02:00] [INFO] Generated proof:
[2026-01-10 23:02:00] [INFO] linarith
[2026-01-10 23:02:00] [INFO] Proof length: 8 chars
[2026-01-10 23:02:00] [INFO] Starting proof verification...
[2026-01-10 23:02:00] [INFO] Verifying at: Chap8Ex.lean:116
[2026-01-10 23:02:00] [INFO] Using LEAN INTERACT verify
[2026-01-10 23:02:00] [INFO] Checking file
[2026-01-10 23:02:05] [INFO] Cannot build modified file tmpcqbo98j3.lean:116:60: error(lean.unknownIdentifier): Unknown identifier `linarith`

Note: This linter can be disabled with `set_option linter.unusedTactic false`
[2026-01-10 23:02:05] [INFO] Proof verification completed
[2026-01-10 23:02:05] [INFO] Strategy linarith attempt 1: verified=False
[2026-01-10 23:02:05] [INFO] Verification message: Cannot build modified file: tmpcqbo98j3.lean:116:60: error(lean.unknownIdentifier): Unknown identifier `linarith`

Note: This linter can be disabled with `set_option linter.unusedTactic false`

[2026-01-10 23:02:05] [INFO] Attempt 1 failed verification, continuing...
[2026-01-10 23:02:05] [INFO] ========================================
[2026-01-10 23:02:05] [INFO] Trying strategy: nlinarith (up to 1 attempts)
[2026-01-10 23:02:05] [INFO] --------------------
[2026-01-10 23:02:05] [INFO] Strategy nlinarith, attempt 1/1
[2026-01-10 23:02:05] [INFO] Starting proof generation...
[2026-01-10 23:02:05] [INFO] Repository path: /root/repo
[2026-01-10 23:02:05] [INFO] Proof generation completed
[2026-01-10 23:02:05] [INFO] Generated proof:
[2026-01-10 23:02:05] [INFO] nlinarith
[2026-01-10 23:02:05] [INFO] Proof length: 9 chars
[2026-01-10 23:02:05] [INFO] Starting proof verification...
[2026-01-10 23:02:05] [INFO] Verifying at: Chap8Ex.lean:116
[2026-01-10 23:02:05] [INFO] Using LEAN INTERACT verify
[2026-01-10 23:02:05] [INFO] Checking file
[2026-01-10 23:02:09] [INFO] Cannot build modified file tmpjbb9_6ia.lean:116:60: error(lean.unknownIdentifier): Unknown identifier `nlinarith`

Note: This linter can be disabled with `set_option linter.unusedTactic false`
[2026-01-10 23:02:09] [INFO] Proof verification completed
[2026-01-10 23:02:09] [INFO] Strategy nlinarith attempt 1: verified=False
[2026-01-10 23:02:09] [INFO] Verification message: Cannot build modified file: tmpjbb9_6ia.lean:116:60: error(lean.unknownIdentifier): Unknown identifier `nlinarith`

Note: This linter can be disabled with `set_option linter.unusedTactic false`

[2026-01-10 23:02:09] [INFO] Attempt 1 failed verification, continuing...
[2026-01-10 23:02:09] [INFO] ========================================
[2026-01-10 23:02:09] [INFO] Trying strategy: aesop (up to 1 attempts)
[2026-01-10 23:02:09] [INFO] --------------------
[2026-01-10 23:02:09] [INFO] Strategy aesop, attempt 1/1
[2026-01-10 23:02:09] [INFO] Starting proof generation...
[2026-01-10 23:02:09] [INFO] Repository path: /root/repo
[2026-01-10 23:02:09] [INFO] Proof generation completed
[2026-01-10 23:02:09] [INFO] Generated proof:
[2026-01-10 23:02:09] [INFO] aesop
[2026-01-10 23:02:09] [INFO] Proof length: 5 chars
[2026-01-10 23:02:09] [INFO] Starting proof verification...
[2026-01-10 23:02:09] [INFO] Verifying at: Chap8Ex.lean:116
[2026-01-10 23:02:09] [INFO] Using LEAN INTERACT verify
[2026-01-10 23:02:09] [INFO] Checking file
[2026-01-10 23:02:14] [INFO] Cannot build modified file tmp9gsg8w5w.lean:116:60: error(lean.unknownIdentifier): Unknown identifier `aesop`

Note: This linter can be disabled with `set_option linter.unusedTactic false`
[2026-01-10 23:02:14] [INFO] Proof verification completed
[2026-01-10 23:02:14] [INFO] Strategy aesop attempt 1: verified=False
[2026-01-10 23:02:14] [INFO] Verification message: Cannot build modified file: tmp9gsg8w5w.lean:116:60: error(lean.unknownIdentifier): Unknown identifier `aesop`

Note: This linter can be disabled with `set_option linter.unusedTactic false`

[2026-01-10 23:02:14] [INFO] Attempt 1 failed verification, continuing...
[2026-01-10 23:02:14] [INFO] ========================================
[2026-01-10 23:02:14] [INFO] Pass@k completed. Total results: 1
[2026-01-10 23:02:14] [INFO] FAILED: All 11 strategies x 1 attempts
[2026-01-10 23:02:14] [INFO] Writing results to file: /root/repo/result.json
[2026-01-10 23:02:14] [INFO] Result file written successfully
[2026-01-10 23:02:14] [INFO] Results exported to: /root/repo/result.json
[2026-01-10 23:02:14] [INFO] run_morphcloud_local.py completed successfully

[2026-01-10 23:02:15] [process_single_sorry] Downloading result file...
[2026-01-10 23:02:15] [process_single_sorry] Downloaded result to intermediate_experiment_outputs_full_reservoir/multi_tactic/2026-01-10_20-46-34_multi_tactic/individual/1c9d0e9c0cda121b5a9e84a1ef3ba5f1553b6e148199bf3592067faa1867b5b5.json
[2026-01-10 23:02:17] [process_single_sorry] Instance context closed successfully
[2026-01-10 23:02:17] [process_single_sorry] Parsing result file...
[2026-01-10 23:02:17] [process_single_sorry] Successfully parsed result (list format, 1 results)
