[2026-01-11 00:07:30] [process_single_sorry] Starting for sorry 1fbdc3ba8083b1ff7524abdf9529e50954d1d2a0a2028ff9cdfdfb3ec9253f47
[2026-01-11 00:07:30] [process_single_sorry] Using snapshot: snapshot_uwhxvy2f
[2026-01-11 00:07:30] [process_single_sorry] Repository: https://github.com/RemyDegenne/brownian-motion@b0b7e11d4d90cc07aa198d440acf05e21ec9bde1
[2026-01-11 00:07:30] [process_single_sorry] Instance name: brownian-motion_b0b7e11d4d90_multi_tactic_1fbdc3ba8083b1ff7524abdf9529e50954d1d2a0a2028ff9cdfdfb3ec9253f47
[2026-01-11 00:07:30] [process_single_sorry] Starting attempt 1/3
[2026-01-11 00:07:30] [process_single_sorry] Starting instance from snapshot...
[2026-01-11 00:07:33] [process_single_sorry] Instance started successfully: morphvm_4unn0d06
[2026-01-11 00:07:33] [process_single_sorry] Creating .env file...
[2026-01-11 00:07:37] [process_single_sorry] .env file created (exit_code: 0)
[2026-01-11 00:07:37] [process_single_sorry] Executing agent command...
[2026-01-11 00:10:11] [process_single_sorry] Agent command completed (exit_code: 0)
[2026-01-11 00:10:11] [process_single_sorry] STDOUT:

Results JSON:
[
  {
    "sorry": {
      "repo": {
        "remote": "https://github.com/RemyDegenne/brownian-motion",
        "branch": "blueprint",
        "commit": "b0b7e11d4d90cc07aa198d440acf05e21ec9bde1",
        "lean_version": "v4.25.0"
      },
      "location": {
        "path": "BrownianMotion/StochasticIntegral/Locally.lean",
        "start_line": 442,
        "start_column": 2,
        "end_line": 442,
        "end_column": 7
      },
      "debug_info": {
        "goal": "ι : Type u_1\nΩ : Type u_2\nE : Type u_3\nmΩ : MeasurableSpace Ω\nP : Measure Ω\ninst✝⁷ : LinearOrder ι\ninst✝⁶ : OrderBot ι\n𝓕 : Filtration ι mΩ\nX : ι → Ω → E\ninst✝⁵ : TopologicalSpace ι\ninst✝⁴ : OrderTopology ι\ninst✝³ : NormedAddCommGroup E\ninst✝² : 𝓕.HasUsualConditions P\ninst✝¹ : NormedSpace ℝ E\ninst✝ : CompleteSpace E\nhX :\n  @ProbabilityTheory.Locally ι Ω E mΩ inst✝⁷ inst✝⁶ inst✝⁵ inst✝⁴\n    SubtractionMonoid.toSubNegZeroMonoid.toNegZeroClass.toZero\n    (fun X => ∀ (ω : Ω), Function.RightContinuous fun x => X x ω) 𝓕 X P\n⊢ ∀ᵐ (ω : Ω) ∂P, Function.RightContinuous fun x => X x ω",
        "url": "https://github.com/RemyDegenne/brownian-motion/blob/b0b7e11d4d90cc07aa198d440acf05e21ec9bde1/BrownianMotion/StochasticIntegral/Locally.lean#L442"
      },
      "metadata": {
        "blame_email_hash": "155b39eac968",
        "blame_date": "2025-11-20T11:39:18+01:00",
        "inclusion_date": "2025-12-29T17:52:56.436853+00:00"
      },
      "id": "1fbdc3ba8083b1ff7524abdf9529e50954d1d2a0a2028ff9cdfdfb3ec9253f47"
    },
    "proof": null,
    "proof_verified": false,
    "feedback": null,
    "verification_message": "All 11 attempts failed (11 strategies x 1 attempts each)",
    "success": true,
    "error_type": null,
    "error_message": null,
    "strategy_name": "all_failed_k=1",
    "proof_attempts": [
      "rfl",
      "simp",
      "simp_all",
      "exact?",
      "grind",
      "ring",
      "norm_num",
      "omega",
      "linarith",
      "nlinarith",
      "aesop"
    ]
  }
]

[2026-01-11 00:10:11] [process_single_sorry] STDERR:
None of PyTorch, TensorFlow >= 2.0, or Flax have been found. Models won't be available and only tokenizers, configuration and file/data utilities can be used.
[2026-01-11 00:07:54] [INFO] ================================================================================
[2026-01-11 00:07:54] [INFO] Starting run_morphcloud_local.py
[2026-01-11 00:07:54] [INFO] ================================================================================
[2026-01-11 00:07:54] [INFO] Environment loaded
[2026-01-11 00:07:54] [INFO] Full command: /root/SorryDB/sorrydb/cli/run_morphcloud_local.py --repo-path /root/repo --sorry-json {"repo": {"remote": "https://github.com/RemyDegenne/brownian-motion", "branch": "blueprint", "commit": "b0b7e11d4d90cc07aa198d440acf05e21ec9bde1", "lean_version": "v4.25.0"}, "location": {"path": "BrownianMotion/StochasticIntegral/Locally.lean", "start_line": 442, "start_column": 2, "end_line": 442, "end_column": 7}, "debug_info": {"goal": "\u03b9 : Type u_1\n\u03a9 : Type u_2\nE : Type u_3\nm\u03a9 : MeasurableSpace \u03a9\nP : Measure \u03a9\ninst\u271d\u2077 : LinearOrder \u03b9\ninst\u271d\u2076 : OrderBot \u03b9\n\ud835\udcd5 : Filtration \u03b9 m\u03a9\nX : \u03b9 \u2192 \u03a9 \u2192 E\ninst\u271d\u2075 : TopologicalSpace \u03b9\ninst\u271d\u2074 : OrderTopology \u03b9\ninst\u271d\u00b3 : NormedAddCommGroup E\ninst\u271d\u00b2 : \ud835\udcd5.HasUsualConditions P\ninst\u271d\u00b9 : NormedSpace \u211d E\ninst\u271d : CompleteSpace E\nhX :\n  @ProbabilityTheory.Locally \u03b9 \u03a9 E m\u03a9 inst\u271d\u2077 inst\u271d\u2076 inst\u271d\u2075 inst\u271d\u2074\n    SubtractionMonoid.toSubNegZeroMonoid.toNegZeroClass.toZero\n    (fun X => \u2200 (\u03c9 : \u03a9), Function.RightContinuous fun x => X x \u03c9) \ud835\udcd5 X P\n\u22a2 \u2200\u1d50 (\u03c9 : \u03a9) \u2202P, Function.RightContinuous fun x => X x \u03c9", "url": "https://github.com/RemyDegenne/brownian-motion/blob/b0b7e11d4d90cc07aa198d440acf05e21ec9bde1/BrownianMotion/StochasticIntegral/Locally.lean#L442"}, "metadata": {"blame_email_hash": "155b39eac968", "blame_date": "2025-11-20T11:39:18+01:00", "inclusion_date": "2025-12-29T17:52:56.436853+00:00"}, "id": "1fbdc3ba8083b1ff7524abdf9529e50954d1d2a0a2028ff9cdfdfb3ec9253f47"} --agent-strategy {"name": "multi_tactic", "args": {}}
[2026-01-11 00:07:54] [INFO] Arguments parsed: repo_path=/root/repo, output_path=/root/repo/result.json
[2026-01-11 00:07:54] [INFO] Strategy spec: {"name": "multi_tactic", "args": {}}...
[2026-01-11 00:07:54] [INFO] Loading sorry data...
[2026-01-11 00:07:54] [INFO] Parsing sorry from JSON string...
[2026-01-11 00:07:54] [INFO] Sorry data parsed from JSON string
[2026-01-11 00:07:54] [INFO] Creating strategy from spec...
[2026-01-11 00:07:54] [INFO] Parsing strategy spec (length: 36 chars)
[2026-01-11 00:07:54] [INFO] Strategy name: multi_tactic
[2026-01-11 00:07:54] [INFO] Strategy args: {}
[2026-01-11 00:07:54] [INFO] Pass@k value: 1
[2026-01-11 00:07:54] [INFO] Creating strategy: multi_tactic
[2026-01-11 00:07:54] [INFO] Creating multi_tactic strategy with tactics: ['rfl', 'simp', 'simp_all', 'exact?', 'grind', 'ring', 'norm_num', 'omega', 'linarith', 'nlinarith', 'aesop']
[2026-01-11 00:07:54] [INFO] Strategies created: ['rfl', 'simp', 'simp_all', 'exact?', 'grind', 'ring', 'norm_num', 'omega', 'linarith', 'nlinarith', 'aesop']
[2026-01-11 00:07:54] [INFO] Pass@k value: 1
[2026-01-11 00:07:54] [INFO] Creating Sorry object...
[2026-01-11 00:07:54] [INFO] Sorry object created: id=1fbdc3ba8083b1ff7524abdf9529e50954d1d2a0a2028ff9cdfdfb3ec9253f47
[2026-01-11 00:07:54] [INFO] Sorry location: BrownianMotion/StochasticIntegral/Locally.lean:442
[2026-01-11 00:07:54] [INFO] Context before sorry (lines 437-442):
[2026-01-11 00:07:54] [INFO]   437: variable [NormedSpace ℝ E] [CompleteSpace E]
[2026-01-11 00:07:54] [INFO]   438: 
[2026-01-11 00:07:54] [INFO]   439: lemma Locally.rightContinuous
[2026-01-11 00:07:54] [INFO]   440:     (hX : Locally (fun X ↦ ∀ ω, Function.RightContinuous (X · ω)) 𝓕 X P) :
[2026-01-11 00:07:54] [INFO]   441:     ∀ᵐ ω ∂P, Function.RightContinuous (X · ω) := by
[2026-01-11 00:07:54] [INFO]   442:   sorry
[2026-01-11 00:07:54] [INFO] Sorry line:   sorry
[2026-01-11 00:07:54] [INFO] Sorry goal: ι : Type u_1
Ω : Type u_2
E : Type u_3
mΩ : MeasurableSpace Ω
P : Measure Ω
inst✝⁷ : LinearOrder ι
i...
[2026-01-11 00:07:54] [INFO] ========================================
[2026-01-11 00:07:54] [INFO] Trying strategy: rfl (up to 1 attempts)
[2026-01-11 00:07:54] [INFO] --------------------
[2026-01-11 00:07:54] [INFO] Strategy rfl, attempt 1/1
[2026-01-11 00:07:54] [INFO] Starting proof generation...
[2026-01-11 00:07:54] [INFO] Repository path: /root/repo
[2026-01-11 00:07:54] [INFO] Proof generation completed
[2026-01-11 00:07:54] [INFO] Generated proof:
[2026-01-11 00:07:54] [INFO] rfl
[2026-01-11 00:07:54] [INFO] Proof length: 3 chars
[2026-01-11 00:07:54] [INFO] Starting proof verification...
[2026-01-11 00:07:54] [INFO] Verifying at: BrownianMotion/StochasticIntegral/Locally.lean:442
[2026-01-11 00:07:54] [INFO] Using LEAN INTERACT verify
[2026-01-11 00:07:54] [INFO] Checking file
[2026-01-11 00:08:18] [INFO] Cannot build modified file <error line="442" column="2">
<code_line>  rfl</code_line>
<message>error: Tactic `rfl` failed: The left-hand side</message>
</error>
  fun ω => Function.RightContinuous fun x => X x ω
is not definitionally equal to the right-hand side
  ae P

ι : Type u_1
Ω : Type u_2
E : Type u_3
mΩ : MeasurableSpace Ω
P : Measure Ω
inst✝⁷ : LinearOrder ι
inst✝⁶ : OrderBot ι
𝓕 : Filtration ι mΩ
X : ι → Ω → E
inst✝⁵ : TopologicalSpace ι
inst✝⁴ : OrderTopology ι
inst✝³ : NormedAddCommGroup E
inst✝² : 𝓕.HasUsualConditions P
inst✝¹ : NormedSpace ℝ E
inst✝ : CompleteSpace E
hX : Locally (fun X => ∀ (ω : Ω), Function.RightContinuous fun x => X x ω) 𝓕 X P
⊢ ∀ᵐ (ω : Ω) ∂P, Function.RightContinuous fun x => X x ω
[2026-01-11 00:08:18] [INFO] Proof verification completed
[2026-01-11 00:08:18] [INFO] Strategy rfl attempt 1: verified=False
[2026-01-11 00:08:18] [INFO] Verification message: Cannot build modified file: <error line="442" column="2">
<code_line>  rfl</code_line>
<message>error: Tactic `rfl` failed: The left-hand side</message>
</error>
  fun ω => Function.RightContinuous fun x => X x ω
is not definitionally equal to the right-hand side
  ae P

ι : Type u_1
Ω : Type u_2
E : Type u_3
mΩ : MeasurableSpace Ω
P : Measure Ω
inst✝⁷ : LinearOrder ι
inst✝⁶ : OrderBot ι
𝓕 : Filtration ι mΩ
X : ι → Ω → E
inst✝⁵ : TopologicalSpace ι
inst✝⁴ : OrderTopology ι
inst✝³ : NormedAddCommGroup E
inst✝² : 𝓕.HasUsualConditions P
inst✝¹ : NormedSpace ℝ E
inst✝ : CompleteSpace E
hX : Locally (fun X => ∀ (ω : Ω), Function.RightContinuous fun x => X x ω) 𝓕 X P
⊢ ∀ᵐ (ω : Ω) ∂P, Function.RightContinuous fun x => X x ω

[2026-01-11 00:08:18] [INFO] Attempt 1 failed verification, continuing...
[2026-01-11 00:08:18] [INFO] ========================================
[2026-01-11 00:08:18] [INFO] Trying strategy: simp (up to 1 attempts)
[2026-01-11 00:08:18] [INFO] --------------------
[2026-01-11 00:08:18] [INFO] Strategy simp, attempt 1/1
[2026-01-11 00:08:18] [INFO] Starting proof generation...
[2026-01-11 00:08:18] [INFO] Repository path: /root/repo
[2026-01-11 00:08:18] [INFO] Proof generation completed
[2026-01-11 00:08:18] [INFO] Generated proof:
[2026-01-11 00:08:18] [INFO] simp
[2026-01-11 00:08:18] [INFO] Proof length: 4 chars
[2026-01-11 00:08:18] [INFO] Starting proof verification...
[2026-01-11 00:08:18] [INFO] Verifying at: BrownianMotion/StochasticIntegral/Locally.lean:442
[2026-01-11 00:08:18] [INFO] Using LEAN INTERACT verify
[2026-01-11 00:08:18] [INFO] Checking file
[2026-01-11 00:08:28] [INFO] Cannot build modified file <error line="442" column="2">
<code_line>  simp</code_line>
<message>error: `simp` made no progress</message>
</error>
[2026-01-11 00:08:28] [INFO] Proof verification completed
[2026-01-11 00:08:28] [INFO] Strategy simp attempt 1: verified=False
[2026-01-11 00:08:28] [INFO] Verification message: Cannot build modified file: <error line="442" column="2">
<code_line>  simp</code_line>
<message>error: `simp` made no progress</message>
</error>

[2026-01-11 00:08:28] [INFO] Attempt 1 failed verification, continuing...
[2026-01-11 00:08:28] [INFO] ========================================
[2026-01-11 00:08:28] [INFO] Trying strategy: simp_all (up to 1 attempts)
[2026-01-11 00:08:28] [INFO] --------------------
[2026-01-11 00:08:28] [INFO] Strategy simp_all, attempt 1/1
[2026-01-11 00:08:28] [INFO] Starting proof generation...
[2026-01-11 00:08:28] [INFO] Repository path: /root/repo
[2026-01-11 00:08:28] [INFO] Proof generation completed
[2026-01-11 00:08:28] [INFO] Generated proof:
[2026-01-11 00:08:28] [INFO] simp_all
[2026-01-11 00:08:28] [INFO] Proof length: 8 chars
[2026-01-11 00:08:28] [INFO] Starting proof verification...
[2026-01-11 00:08:28] [INFO] Verifying at: BrownianMotion/StochasticIntegral/Locally.lean:442
[2026-01-11 00:08:28] [INFO] Using LEAN INTERACT verify
[2026-01-11 00:08:28] [INFO] Checking file
[2026-01-11 00:08:40] [INFO] Cannot build modified file <error line="442" column="2">
<code_line>  simp_all</code_line>
<message>error: simp_all made no progress</message>
</error>
[2026-01-11 00:08:40] [INFO] Proof verification completed
[2026-01-11 00:08:40] [INFO] Strategy simp_all attempt 1: verified=False
[2026-01-11 00:08:40] [INFO] Verification message: Cannot build modified file: <error line="442" column="2">
<code_line>  simp_all</code_line>
<message>error: simp_all made no progress</message>
</error>

[2026-01-11 00:08:40] [INFO] Attempt 1 failed verification, continuing...
[2026-01-11 00:08:40] [INFO] ========================================
[2026-01-11 00:08:40] [INFO] Trying strategy: exact? (up to 1 attempts)
[2026-01-11 00:08:40] [INFO] --------------------
[2026-01-11 00:08:40] [INFO] Strategy exact?, attempt 1/1
[2026-01-11 00:08:40] [INFO] Starting proof generation...
[2026-01-11 00:08:40] [INFO] Repository path: /root/repo
[2026-01-11 00:08:40] [INFO] Proof generation completed
[2026-01-11 00:08:40] [INFO] Generated proof:
[2026-01-11 00:08:40] [INFO] exact?
[2026-01-11 00:08:40] [INFO] Proof length: 6 chars
[2026-01-11 00:08:40] [INFO] Starting proof verification...
[2026-01-11 00:08:40] [INFO] Verifying at: BrownianMotion/StochasticIntegral/Locally.lean:442
[2026-01-11 00:08:40] [INFO] Using LEAN INTERACT verify
[2026-01-11 00:08:40] [INFO] Checking file
[2026-01-11 00:09:06] [INFO] Cannot build modified file <error line="442" column="2">
<code_line>  exact?</code_line>
<message>error: `exact?` could not close the goal. Try `apply?` to see partial suggestions.</message>
</error>
[2026-01-11 00:09:06] [INFO] Proof verification completed
[2026-01-11 00:09:06] [INFO] Strategy exact? attempt 1: verified=False
[2026-01-11 00:09:06] [INFO] Verification message: Cannot build modified file: <error line="442" column="2">
<code_line>  exact?</code_line>
<message>error: `exact?` could not close the goal. Try `apply?` to see partial suggestions.</message>
</error>

[2026-01-11 00:09:06] [INFO] Attempt 1 failed verification, continuing...
[2026-01-11 00:09:06] [INFO] ========================================
[2026-01-11 00:09:06] [INFO] Trying strategy: grind (up to 1 attempts)
[2026-01-11 00:09:06] [INFO] --------------------
[2026-01-11 00:09:06] [INFO] Strategy grind, attempt 1/1
[2026-01-11 00:09:06] [INFO] Starting proof generation...
[2026-01-11 00:09:06] [INFO] Repository path: /root/repo
[2026-01-11 00:09:06] [INFO] Proof generation completed
[2026-01-11 00:09:06] [INFO] Generated proof:
[2026-01-11 00:09:06] [INFO] grind
[2026-01-11 00:09:06] [INFO] Proof length: 5 chars
[2026-01-11 00:09:06] [INFO] Starting proof verification...
[2026-01-11 00:09:06] [INFO] Verifying at: BrownianMotion/StochasticIntegral/Locally.lean:442
[2026-01-11 00:09:06] [INFO] Using LEAN INTERACT verify
[2026-01-11 00:09:06] [INFO] Checking file
[2026-01-11 00:09:15] [INFO] Cannot build modified file <error line="442" column="2">
<code_line>  grind</code_line>
<message>error: `grind` failed</message>
</error>
case grind
ι : Type u_1
Ω : Type u_2
E : Type u_3
mΩ : MeasurableSpace Ω
P : Measure Ω
inst : LinearOrder ι
inst_1 : OrderBot ι
𝓕 : Filtration ι mΩ
X : ι → Ω → E
inst_2 : TopologicalSpace ι
inst_3 : OrderTopology ι
inst_4 : NormedAddCommGroup E
inst_5 : 𝓕.HasUsualConditions P
inst_6 : NormedSpace ℝ E
inst_7 : CompleteSpace E
hX : Locally (fun X => ∀ (ω : Ω) (a : ι), ContinuousWithinAt (fun x => X x ω) (Set.Ioi a) a) 𝓕 X P
h : ¬∀ᵐ (ω : Ω) ∂P, ∀ (a : ι), ContinuousWithinAt (fun x => X x ω) (Set.Ioi a) a
⊢ False
[grind] Goal diagnostics
  [facts] Asserted facts
    [prop] OrderTopology ι
    [prop] 𝓕.HasUsualConditions P
    [prop] CompleteSpace E
    [prop] Locally (fun X => ∀ (ω : Ω) (a : ι), ContinuousWithinAt (fun x => X x ω) (Set.Ioi a) a) 𝓕 X P
    [prop] ¬∀ᵐ (ω : Ω) ∂P, ∀ (a : ι), ContinuousWithinAt (fun x => X x ω) (Set.Ioi a) a
  [eqc] True propositions
    [prop] CompleteSpace E
    [prop] OuterMeasureClass (Measure Ω) Ω
    [prop] OrderTopology ι
    [prop] 𝓕.HasUsualConditions P
    [prop] Locally (fun X => ∀ (ω : Ω) (a : ι), ContinuousWithinAt (fun x => X x ω) (Set.Ioi a) a) 𝓕 X P
  [eqc] False propositions
    [prop] ∀ᵐ (ω : Ω) ∂P, ∀ (a : ι), ContinuousWithinAt (fun x => X x ω) (Set.Ioi a) a
[2026-01-11 00:09:15] [INFO] Proof verification completed
[2026-01-11 00:09:15] [INFO] Strategy grind attempt 1: verified=False
[2026-01-11 00:09:15] [INFO] Verification message: Cannot build modified file: <error line="442" column="2">
<code_line>  grind</code_line>
<message>error: `grind` failed</message>
</error>
case grind
ι : Type u_1
Ω : Type u_2
E : Type u_3
mΩ : MeasurableSpace Ω
P : Measure Ω
inst : LinearOrder ι
inst_1 : OrderBot ι
𝓕 : Filtration ι mΩ
X : ι → Ω → E
inst_2 : TopologicalSpace ι
inst_3 : OrderTopology ι
inst_4 : NormedAddCommGroup E
inst_5 : 𝓕.HasUsualConditions P
inst_6 : NormedSpace ℝ E
inst_7 : CompleteSpace E
hX : Locally (fun X => ∀ (ω : Ω) (a : ι), ContinuousWithinAt (fun x => X x ω) (Set.Ioi a) a) 𝓕 X P
h : ¬∀ᵐ (ω : Ω) ∂P, ∀ (a : ι), ContinuousWithinAt (fun x => X x ω) (Set.Ioi a) a
⊢ False
[grind] Goal diagnostics
  [facts] Asserted facts
    [prop] OrderTopology ι
    [prop] 𝓕.HasUsualConditions P
    [prop] CompleteSpace E
    [prop] Locally (fun X => ∀ (ω : Ω) (a : ι), ContinuousWithinAt (fun x => X x ω) (Set.Ioi a) a) 𝓕 X P
    [prop] ¬∀ᵐ (ω : Ω) ∂P, ∀ (a : ι), ContinuousWithinAt (fun x => X x ω) (Set.Ioi a) a
  [eqc] True propositions
    [prop] CompleteSpace E
    [prop] OuterMeasureClass (Measure Ω) Ω
    [prop] OrderTopology ι
    [prop] 𝓕.HasUsualConditions P
    [prop] Locally (fun X => ∀ (ω : Ω) (a : ι), ContinuousWithinAt (fun x => X x ω) (Set.Ioi a) a) 𝓕 X P
  [eqc] False propositions
    [prop] ∀ᵐ (ω : Ω) ∂P, ∀ (a : ι), ContinuousWithinAt (fun x => X x ω) (Set.Ioi a) a

[2026-01-11 00:09:15] [INFO] Attempt 1 failed verification, continuing...
[2026-01-11 00:09:15] [INFO] ========================================
[2026-01-11 00:09:15] [INFO] Trying strategy: ring (up to 1 attempts)
[2026-01-11 00:09:15] [INFO] --------------------
[2026-01-11 00:09:15] [INFO] Strategy ring, attempt 1/1
[2026-01-11 00:09:15] [INFO] Starting proof generation...
[2026-01-11 00:09:15] [INFO] Repository path: /root/repo
[2026-01-11 00:09:15] [INFO] Proof generation completed
[2026-01-11 00:09:15] [INFO] Generated proof:
[2026-01-11 00:09:15] [INFO] ring
[2026-01-11 00:09:15] [INFO] Proof length: 4 chars
[2026-01-11 00:09:15] [INFO] Starting proof verification...
[2026-01-11 00:09:15] [INFO] Verifying at: BrownianMotion/StochasticIntegral/Locally.lean:442
[2026-01-11 00:09:15] [INFO] Using LEAN INTERACT verify
[2026-01-11 00:09:15] [INFO] Checking file
[2026-01-11 00:09:24] [INFO] Cannot build modified file <error line="442" column="2">
<code_line>  ring</code_line>
<message>error: ring_nf made no progress on goal</message>
</error>
[2026-01-11 00:09:24] [INFO] Proof verification completed
[2026-01-11 00:09:24] [INFO] Strategy ring attempt 1: verified=False
[2026-01-11 00:09:24] [INFO] Verification message: Cannot build modified file: <error line="442" column="2">
<code_line>  ring</code_line>
<message>error: ring_nf made no progress on goal</message>
</error>

[2026-01-11 00:09:24] [INFO] Attempt 1 failed verification, continuing...
[2026-01-11 00:09:24] [INFO] ========================================
[2026-01-11 00:09:24] [INFO] Trying strategy: norm_num (up to 1 attempts)
[2026-01-11 00:09:24] [INFO] --------------------
[2026-01-11 00:09:24] [INFO] Strategy norm_num, attempt 1/1
[2026-01-11 00:09:24] [INFO] Starting proof generation...
[2026-01-11 00:09:24] [INFO] Repository path: /root/repo
[2026-01-11 00:09:24] [INFO] Proof generation completed
[2026-01-11 00:09:24] [INFO] Generated proof:
[2026-01-11 00:09:24] [INFO] norm_num
[2026-01-11 00:09:24] [INFO] Proof length: 8 chars
[2026-01-11 00:09:24] [INFO] Starting proof verification...
[2026-01-11 00:09:24] [INFO] Verifying at: BrownianMotion/StochasticIntegral/Locally.lean:442
[2026-01-11 00:09:24] [INFO] Using LEAN INTERACT verify
[2026-01-11 00:09:24] [INFO] Checking file
[2026-01-11 00:09:33] [INFO] Cannot build modified file <error line="441" column="49">
<code_line>    ∀ᵐ ω ∂P, Function.RightContinuous (X · ω) := by</code_line>
<message>error: unsolved goals</message>
</error>
ι : Type u_1
Ω : Type u_2
E : Type u_3
mΩ : MeasurableSpace Ω
P : Measure Ω
inst✝⁷ : LinearOrder ι
inst✝⁶ : OrderBot ι
𝓕 : Filtration ι mΩ
X : ι → Ω → E
inst✝⁵ : TopologicalSpace ι
inst✝⁴ : OrderTopology ι
inst✝³ : NormedAddCommGroup E
inst✝² : 𝓕.HasUsualConditions P
inst✝¹ : NormedSpace ℝ E
inst✝ : CompleteSpace E
hX : Locally (fun X => ∀ (ω : Ω), Function.RightContinuous fun x => X x ω) 𝓕 X P
⊢ ∀ᵐ (ω : Ω) ∂P, Function.RightContinuous fun x => X x ω
[2026-01-11 00:09:33] [INFO] Proof verification completed
[2026-01-11 00:09:33] [INFO] Strategy norm_num attempt 1: verified=False
[2026-01-11 00:09:33] [INFO] Verification message: Cannot build modified file: <error line="441" column="49">
<code_line>    ∀ᵐ ω ∂P, Function.RightContinuous (X · ω) := by</code_line>
<message>error: unsolved goals</message>
</error>
ι : Type u_1
Ω : Type u_2
E : Type u_3
mΩ : MeasurableSpace Ω
P : Measure Ω
inst✝⁷ : LinearOrder ι
inst✝⁶ : OrderBot ι
𝓕 : Filtration ι mΩ
X : ι → Ω → E
inst✝⁵ : TopologicalSpace ι
inst✝⁴ : OrderTopology ι
inst✝³ : NormedAddCommGroup E
inst✝² : 𝓕.HasUsualConditions P
inst✝¹ : NormedSpace ℝ E
inst✝ : CompleteSpace E
hX : Locally (fun X => ∀ (ω : Ω), Function.RightContinuous fun x => X x ω) 𝓕 X P
⊢ ∀ᵐ (ω : Ω) ∂P, Function.RightContinuous fun x => X x ω

[2026-01-11 00:09:33] [INFO] Attempt 1 failed verification, continuing...
[2026-01-11 00:09:33] [INFO] ========================================
[2026-01-11 00:09:33] [INFO] Trying strategy: omega (up to 1 attempts)
[2026-01-11 00:09:33] [INFO] --------------------
[2026-01-11 00:09:33] [INFO] Strategy omega, attempt 1/1
[2026-01-11 00:09:33] [INFO] Starting proof generation...
[2026-01-11 00:09:33] [INFO] Repository path: /root/repo
[2026-01-11 00:09:33] [INFO] Proof generation completed
[2026-01-11 00:09:33] [INFO] Generated proof:
[2026-01-11 00:09:33] [INFO] omega
[2026-01-11 00:09:33] [INFO] Proof length: 5 chars
[2026-01-11 00:09:33] [INFO] Starting proof verification...
[2026-01-11 00:09:33] [INFO] Verifying at: BrownianMotion/StochasticIntegral/Locally.lean:442
[2026-01-11 00:09:33] [INFO] Using LEAN INTERACT verify
[2026-01-11 00:09:33] [INFO] Checking file
[2026-01-11 00:09:42] [INFO] Cannot build modified file <error line="442" column="2">
<code_line>  omega</code_line>
<message>error: omega could not prove the goal:</message>
</error>
No usable constraints found. You may need to unfold definitions so `omega` can see linear arithmetic facts about `Nat` and `Int`, which may also involve multiplication, division, and modular remainder by constants.
[2026-01-11 00:09:42] [INFO] Proof verification completed
[2026-01-11 00:09:42] [INFO] Strategy omega attempt 1: verified=False
[2026-01-11 00:09:42] [INFO] Verification message: Cannot build modified file: <error line="442" column="2">
<code_line>  omega</code_line>
<message>error: omega could not prove the goal:</message>
</error>
No usable constraints found. You may need to unfold definitions so `omega` can see linear arithmetic facts about `Nat` and `Int`, which may also involve multiplication, division, and modular remainder by constants.

[2026-01-11 00:09:42] [INFO] Attempt 1 failed verification, continuing...
[2026-01-11 00:09:42] [INFO] ========================================
[2026-01-11 00:09:42] [INFO] Trying strategy: linarith (up to 1 attempts)
[2026-01-11 00:09:42] [INFO] --------------------
[2026-01-11 00:09:42] [INFO] Strategy linarith, attempt 1/1
[2026-01-11 00:09:42] [INFO] Starting proof generation...
[2026-01-11 00:09:42] [INFO] Repository path: /root/repo
[2026-01-11 00:09:42] [INFO] Proof generation completed
[2026-01-11 00:09:42] [INFO] Generated proof:
[2026-01-11 00:09:42] [INFO] linarith
[2026-01-11 00:09:42] [INFO] Proof length: 8 chars
[2026-01-11 00:09:42] [INFO] Starting proof verification...
[2026-01-11 00:09:42] [INFO] Verifying at: BrownianMotion/StochasticIntegral/Locally.lean:442
[2026-01-11 00:09:42] [INFO] Using LEAN INTERACT verify
[2026-01-11 00:09:42] [INFO] Checking file
[2026-01-11 00:09:50] [INFO] Cannot build modified file <error line="442" column="2">
<code_line>  linarith</code_line>
<message>error: linarith failed to find a contradiction</message>
</error>
ι : Type u_1
Ω : Type u_2
E : Type u_3
mΩ : MeasurableSpace Ω
P : Measure Ω
inst✝⁷ : LinearOrder ι
inst✝⁶ : OrderBot ι
𝓕 : Filtration ι mΩ
X : ι → Ω → E
inst✝⁵ : TopologicalSpace ι
inst✝⁴ : OrderTopology ι
inst✝³ : NormedAddCommGroup E
inst✝² : 𝓕.HasUsualConditions P
inst✝¹ : NormedSpace ℝ E
inst✝ : CompleteSpace E
hX : Locally (fun X => ∀ (ω : Ω), Function.RightContinuous fun x => X x ω) 𝓕 X P
⊢ False
failed
[2026-01-11 00:09:50] [INFO] Proof verification completed
[2026-01-11 00:09:50] [INFO] Strategy linarith attempt 1: verified=False
[2026-01-11 00:09:50] [INFO] Verification message: Cannot build modified file: <error line="442" column="2">
<code_line>  linarith</code_line>
<message>error: linarith failed to find a contradiction</message>
</error>
ι : Type u_1
Ω : Type u_2
E : Type u_3
mΩ : MeasurableSpace Ω
P : Measure Ω
inst✝⁷ : LinearOrder ι
inst✝⁶ : OrderBot ι
𝓕 : Filtration ι mΩ
X : ι → Ω → E
inst✝⁵ : TopologicalSpace ι
inst✝⁴ : OrderTopology ι
inst✝³ : NormedAddCommGroup E
inst✝² : 𝓕.HasUsualConditions P
inst✝¹ : NormedSpace ℝ E
inst✝ : CompleteSpace E
hX : Locally (fun X => ∀ (ω : Ω), Function.RightContinuous fun x => X x ω) 𝓕 X P
⊢ False
failed

[2026-01-11 00:09:50] [INFO] Attempt 1 failed verification, continuing...
[2026-01-11 00:09:50] [INFO] ========================================
[2026-01-11 00:09:50] [INFO] Trying strategy: nlinarith (up to 1 attempts)
[2026-01-11 00:09:50] [INFO] --------------------
[2026-01-11 00:09:50] [INFO] Strategy nlinarith, attempt 1/1
[2026-01-11 00:09:50] [INFO] Starting proof generation...
[2026-01-11 00:09:50] [INFO] Repository path: /root/repo
[2026-01-11 00:09:50] [INFO] Proof generation completed
[2026-01-11 00:09:50] [INFO] Generated proof:
[2026-01-11 00:09:50] [INFO] nlinarith
[2026-01-11 00:09:50] [INFO] Proof length: 9 chars
[2026-01-11 00:09:50] [INFO] Starting proof verification...
[2026-01-11 00:09:50] [INFO] Verifying at: BrownianMotion/StochasticIntegral/Locally.lean:442
[2026-01-11 00:09:50] [INFO] Using LEAN INTERACT verify
[2026-01-11 00:09:50] [INFO] Checking file
[2026-01-11 00:09:59] [INFO] Cannot build modified file <error line="442" column="2">
<code_line>  nlinarith</code_line>
<message>error: linarith failed to find a contradiction</message>
</error>
ι : Type u_1
Ω : Type u_2
E : Type u_3
mΩ : MeasurableSpace Ω
P : Measure Ω
inst✝⁷ : LinearOrder ι
inst✝⁶ : OrderBot ι
𝓕 : Filtration ι mΩ
X : ι → Ω → E
inst✝⁵ : TopologicalSpace ι
inst✝⁴ : OrderTopology ι
inst✝³ : NormedAddCommGroup E
inst✝² : 𝓕.HasUsualConditions P
inst✝¹ : NormedSpace ℝ E
inst✝ : CompleteSpace E
hX : Locally (fun X => ∀ (ω : Ω), Function.RightContinuous fun x => X x ω) 𝓕 X P
⊢ False
failed
[2026-01-11 00:09:59] [INFO] Proof verification completed
[2026-01-11 00:09:59] [INFO] Strategy nlinarith attempt 1: verified=False
[2026-01-11 00:09:59] [INFO] Verification message: Cannot build modified file: <error line="442" column="2">
<code_line>  nlinarith</code_line>
<message>error: linarith failed to find a contradiction</message>
</error>
ι : Type u_1
Ω : Type u_2
E : Type u_3
mΩ : MeasurableSpace Ω
P : Measure Ω
inst✝⁷ : LinearOrder ι
inst✝⁶ : OrderBot ι
𝓕 : Filtration ι mΩ
X : ι → Ω → E
inst✝⁵ : TopologicalSpace ι
inst✝⁴ : OrderTopology ι
inst✝³ : NormedAddCommGroup E
inst✝² : 𝓕.HasUsualConditions P
inst✝¹ : NormedSpace ℝ E
inst✝ : CompleteSpace E
hX : Locally (fun X => ∀ (ω : Ω), Function.RightContinuous fun x => X x ω) 𝓕 X P
⊢ False
failed

[2026-01-11 00:09:59] [INFO] Attempt 1 failed verification, continuing...
[2026-01-11 00:09:59] [INFO] ========================================
[2026-01-11 00:09:59] [INFO] Trying strategy: aesop (up to 1 attempts)
[2026-01-11 00:09:59] [INFO] --------------------
[2026-01-11 00:09:59] [INFO] Strategy aesop, attempt 1/1
[2026-01-11 00:09:59] [INFO] Starting proof generation...
[2026-01-11 00:09:59] [INFO] Repository path: /root/repo
[2026-01-11 00:09:59] [INFO] Proof generation completed
[2026-01-11 00:09:59] [INFO] Generated proof:
[2026-01-11 00:09:59] [INFO] aesop
[2026-01-11 00:09:59] [INFO] Proof length: 5 chars
[2026-01-11 00:09:59] [INFO] Starting proof verification...
[2026-01-11 00:09:59] [INFO] Verifying at: BrownianMotion/StochasticIntegral/Locally.lean:442
[2026-01-11 00:09:59] [INFO] Using LEAN INTERACT verify
[2026-01-11 00:09:59] [INFO] Checking file
[2026-01-11 00:10:08] [INFO] Cannot build modified file <error line="442" column="2">
<code_line>  aesop</code_line>
<message>error: tactic 'aesop' failed, made no progress</message>
</error>
Initial goal:
  ι : Type u_1
  Ω : Type u_2
  E : Type u_3
  mΩ : MeasurableSpace Ω
  P : Measure Ω
  inst✝⁷ : LinearOrder ι
  inst✝⁶ : OrderBot ι
  𝓕 : Filtration ι mΩ
  X : ι → Ω → E
  inst✝⁵ : TopologicalSpace ι
  inst✝⁴ : OrderTopology ι
  inst✝³ : NormedAddCommGroup E
  inst✝² : 𝓕.HasUsualConditions P
  inst✝¹ : NormedSpace ℝ E
  inst✝ : CompleteSpace E
  hX : Locally (fun X => ∀ (ω : Ω), Function.RightContinuous fun x => X x ω) 𝓕 X P
  ⊢ ∀ᵐ (ω : Ω) ∂P, Function.RightContinuous fun x => X x ω
[2026-01-11 00:10:08] [INFO] Proof verification completed
[2026-01-11 00:10:08] [INFO] Strategy aesop attempt 1: verified=False
[2026-01-11 00:10:08] [INFO] Verification message: Cannot build modified file: <error line="442" column="2">
<code_line>  aesop</code_line>
<message>error: tactic 'aesop' failed, made no progress</message>
</error>
Initial goal:
  ι : Type u_1
  Ω : Type u_2
  E : Type u_3
  mΩ : MeasurableSpace Ω
  P : Measure Ω
  inst✝⁷ : LinearOrder ι
  inst✝⁶ : OrderBot ι
  𝓕 : Filtration ι mΩ
  X : ι → Ω → E
  inst✝⁵ : TopologicalSpace ι
  inst✝⁴ : OrderTopology ι
  inst✝³ : NormedAddCommGroup E
  inst✝² : 𝓕.HasUsualConditions P
  inst✝¹ : NormedSpace ℝ E
  inst✝ : CompleteSpace E
  hX : Locally (fun X => ∀ (ω : Ω), Function.RightContinuous fun x => X x ω) 𝓕 X P
  ⊢ ∀ᵐ (ω : Ω) ∂P, Function.RightContinuous fun x => X x ω

[2026-01-11 00:10:08] [INFO] Attempt 1 failed verification, continuing...
[2026-01-11 00:10:08] [INFO] ========================================
[2026-01-11 00:10:08] [INFO] Pass@k completed. Total results: 1
[2026-01-11 00:10:08] [INFO] FAILED: All 11 strategies x 1 attempts
[2026-01-11 00:10:08] [INFO] Writing results to file: /root/repo/result.json
[2026-01-11 00:10:08] [INFO] Result file written successfully
[2026-01-11 00:10:08] [INFO] Results exported to: /root/repo/result.json
[2026-01-11 00:10:08] [INFO] run_morphcloud_local.py completed successfully

[2026-01-11 00:10:11] [process_single_sorry] Downloading result file...
[2026-01-11 00:10:11] [process_single_sorry] Downloaded result to intermediate_experiment_outputs_full_reservoir/multi_tactic/2026-01-10_20-46-34_multi_tactic/individual/1fbdc3ba8083b1ff7524abdf9529e50954d1d2a0a2028ff9cdfdfb3ec9253f47.json
[2026-01-11 00:10:15] [process_single_sorry] Instance context closed successfully
[2026-01-11 00:10:15] [process_single_sorry] Parsing result file...
[2026-01-11 00:10:15] [process_single_sorry] Successfully parsed result (list format, 1 results)
