[2026-01-10 21:54:28] [process_single_sorry] Starting for sorry 2c9e6775488ebaad542b75985a355299fb8320efd3fd081dc8f1ebd6c35d6877
[2026-01-10 21:54:28] [process_single_sorry] Using snapshot: snapshot_gx8g2pit
[2026-01-10 21:54:28] [process_single_sorry] Repository: https://github.com/Paul-Lez/PersistentDecomp@c36471055817ef5332e27b4f99654257f45c68d1
[2026-01-10 21:54:28] [process_single_sorry] Instance name: PersistentDecomp_c36471055817_multi_tactic_2c9e6775488ebaad542b75985a355299fb8320efd3fd081dc8f1ebd6c35d6877
[2026-01-10 21:54:28] [process_single_sorry] Starting attempt 1/3
[2026-01-10 21:54:28] [process_single_sorry] Starting instance from snapshot...
[2026-01-10 21:54:28] [process_single_sorry] Instance started successfully: morphvm_qg2o98ou
[2026-01-10 21:54:28] [process_single_sorry] Creating .env file...
[2026-01-10 21:54:31] [process_single_sorry] .env file created (exit_code: 0)
[2026-01-10 21:54:31] [process_single_sorry] Executing agent command...
[2026-01-10 21:57:11] [process_single_sorry] Agent command completed (exit_code: 0)
[2026-01-10 21:57:11] [process_single_sorry] STDOUT:

Results JSON:
[
  {
    "sorry": {
      "repo": {
        "remote": "https://github.com/Paul-Lez/PersistentDecomp",
        "branch": "master",
        "commit": "c36471055817ef5332e27b4f99654257f45c68d1",
        "lean_version": "v4.26.0"
      },
      "location": {
        "path": "PersistentDecomp/DirectSumDecompositionDual.lean",
        "start_line": 48,
        "start_column": 89,
        "end_line": 48,
        "end_column": 94
      },
      "debug_info": {
        "goal": "C : Type\ninst✝¹ : Category.{0, 0} C\nK : Type\ninst✝ : DivisionRing K\nM : CategoryTheory.Functor C (ModuleCat K)\nD : @Dual.DirectSumDecomposition C inst✝¹ K inst✝ M\nx : C\n⊢ ⨆ p ∈ D, p x = ⊤",
        "url": "https://github.com/Paul-Lez/PersistentDecomp/blob/c36471055817ef5332e27b4f99654257f45c68d1/PersistentDecomp/DirectSumDecompositionDual.lean#L48"
      },
      "metadata": {
        "blame_email_hash": "721f194e21be",
        "blame_date": "2024-11-13T00:24:08+01:00",
        "inclusion_date": "2025-12-29T17:41:25.889359+00:00"
      },
      "id": "2c9e6775488ebaad542b75985a355299fb8320efd3fd081dc8f1ebd6c35d6877"
    },
    "proof": null,
    "proof_verified": false,
    "feedback": null,
    "verification_message": "All 11 attempts failed (11 strategies x 1 attempts each)",
    "success": true,
    "error_type": null,
    "error_message": null,
    "strategy_name": "all_failed_k=1",
    "proof_attempts": [
      "rfl",
      "simp",
      "simp_all",
      "exact?",
      "grind",
      "ring",
      "norm_num",
      "omega",
      "linarith",
      "nlinarith",
      "aesop"
    ]
  }
]

[2026-01-10 21:57:11] [process_single_sorry] STDERR:
None of PyTorch, TensorFlow >= 2.0, or Flax have been found. Models won't be available and only tokenizers, configuration and file/data utilities can be used.
[2026-01-10 21:54:53] [INFO] ================================================================================
[2026-01-10 21:54:53] [INFO] Starting run_morphcloud_local.py
[2026-01-10 21:54:53] [INFO] ================================================================================
[2026-01-10 21:54:53] [INFO] Environment loaded
[2026-01-10 21:54:53] [INFO] Full command: /root/SorryDB/sorrydb/cli/run_morphcloud_local.py --repo-path /root/repo --sorry-json {"repo": {"remote": "https://github.com/Paul-Lez/PersistentDecomp", "branch": "master", "commit": "c36471055817ef5332e27b4f99654257f45c68d1", "lean_version": "v4.26.0"}, "location": {"path": "PersistentDecomp/DirectSumDecompositionDual.lean", "start_line": 48, "start_column": 89, "end_line": 48, "end_column": 94}, "debug_info": {"goal": "C : Type\ninst\u271d\u00b9 : Category.{0, 0} C\nK : Type\ninst\u271d : DivisionRing K\nM : CategoryTheory.Functor C (ModuleCat K)\nD : @Dual.DirectSumDecomposition C inst\u271d\u00b9 K inst\u271d M\nx : C\n\u22a2 \u2a06 p \u2208 D, p x = \u22a4", "url": "https://github.com/Paul-Lez/PersistentDecomp/blob/c36471055817ef5332e27b4f99654257f45c68d1/PersistentDecomp/DirectSumDecompositionDual.lean#L48"}, "metadata": {"blame_email_hash": "721f194e21be", "blame_date": "2024-11-13T00:24:08+01:00", "inclusion_date": "2025-12-29T17:41:25.889359+00:00"}, "id": "2c9e6775488ebaad542b75985a355299fb8320efd3fd081dc8f1ebd6c35d6877"} --agent-strategy {"name": "multi_tactic", "args": {}}
[2026-01-10 21:54:53] [INFO] Arguments parsed: repo_path=/root/repo, output_path=/root/repo/result.json
[2026-01-10 21:54:53] [INFO] Strategy spec: {"name": "multi_tactic", "args": {}}...
[2026-01-10 21:54:53] [INFO] Loading sorry data...
[2026-01-10 21:54:53] [INFO] Parsing sorry from JSON string...
[2026-01-10 21:54:53] [INFO] Sorry data parsed from JSON string
[2026-01-10 21:54:53] [INFO] Creating strategy from spec...
[2026-01-10 21:54:53] [INFO] Parsing strategy spec (length: 36 chars)
[2026-01-10 21:54:53] [INFO] Strategy name: multi_tactic
[2026-01-10 21:54:53] [INFO] Strategy args: {}
[2026-01-10 21:54:53] [INFO] Pass@k value: 1
[2026-01-10 21:54:53] [INFO] Creating strategy: multi_tactic
[2026-01-10 21:54:53] [INFO] Creating multi_tactic strategy with tactics: ['rfl', 'simp', 'simp_all', 'exact?', 'grind', 'ring', 'norm_num', 'omega', 'linarith', 'nlinarith', 'aesop']
[2026-01-10 21:54:53] [INFO] Strategies created: ['rfl', 'simp', 'simp_all', 'exact?', 'grind', 'ring', 'norm_num', 'omega', 'linarith', 'nlinarith', 'aesop']
[2026-01-10 21:54:53] [INFO] Pass@k value: 1
[2026-01-10 21:54:53] [INFO] Creating Sorry object...
[2026-01-10 21:54:53] [INFO] Sorry object created: id=2c9e6775488ebaad542b75985a355299fb8320efd3fd081dc8f1ebd6c35d6877
[2026-01-10 21:54:53] [INFO] Sorry location: PersistentDecomp/DirectSumDecompositionDual.lean:48
[2026-01-10 21:54:53] [INFO] Context before sorry (lines 43-48):
[2026-01-10 21:54:53] [INFO]   43: protected lemma sSupIndep (D : DirectSumDecomposition M) : sSupIndep (SetLike.coe D) := D.sSupIndep'
[2026-01-10 21:54:53] [INFO]   44: 
[2026-01-10 21:54:53] [INFO]   45: lemma sSup_eq_top (D : DirectSumDecomposition M) : sSup (SetLike.coe D) = ⊤ := D.sSup_eq_top'
[2026-01-10 21:54:53] [INFO]   46: lemma not_bot_mem (D : DirectSumDecomposition M) : ⊥ ∉ D := D.not_bot_mem'
[2026-01-10 21:54:53] [INFO]   47: 
[2026-01-10 21:54:53] [INFO]   48: lemma pointwise_iSup_eq_top (D : DirectSumDecomposition M) (x : C) : ⨆ p ∈ D, p x = ⊤ := sorry
[2026-01-10 21:54:53] [INFO] Sorry line: lemma pointwise_iSup_eq_top (D : DirectSumDecomposition M) (x : C) : ⨆ p ∈ D, p x = ⊤ := sorry
[2026-01-10 21:54:53] [INFO] Sorry goal: C : Type
inst✝¹ : Category.{0, 0} C
K : Type
inst✝ : DivisionRing K
M : CategoryTheory.Functor C (Mo...
[2026-01-10 21:54:53] [INFO] ========================================
[2026-01-10 21:54:53] [INFO] Trying strategy: rfl (up to 1 attempts)
[2026-01-10 21:54:53] [INFO] --------------------
[2026-01-10 21:54:53] [INFO] Strategy rfl, attempt 1/1
[2026-01-10 21:54:53] [INFO] Starting proof generation...
[2026-01-10 21:54:53] [INFO] Repository path: /root/repo
[2026-01-10 21:54:53] [INFO] Proof generation completed
[2026-01-10 21:54:53] [INFO] Generated proof:
[2026-01-10 21:54:53] [INFO] rfl
[2026-01-10 21:54:53] [INFO] Proof length: 3 chars
[2026-01-10 21:54:53] [INFO] Starting proof verification...
[2026-01-10 21:54:53] [INFO] Verifying at: PersistentDecomp/DirectSumDecompositionDual.lean:48
[2026-01-10 21:54:53] [INFO] Using LEAN INTERACT verify
[2026-01-10 21:54:53] [INFO] Checking file
[2026-01-10 21:55:30] [INFO] Cannot build modified file <error line="48" column="0">
<code_line>lemma pointwise_iSup_eq_top (D : DirectSumDecomposition M) (x : C) : ⨆ p ∈ D, p x = ⊤ := rfl</code_line>
<message>error: Not a definitional equality: the left-hand side</message>
</error>
  ⨆ p ∈ D, p x
is not definitionally equal to the right-hand side
  ⊤
<error line="48" column="89">
<code_line>lemma pointwise_iSup_eq_top (D : DirectSumDecomposition M) (x : C) : ⨆ p ∈ D, p x = ⊤ := rfl</code_line>
<message>error: Type mismatch</message>
</error>
  rfl
has type
  ?m.24 = ?m.24
but is expected to have type
  ⨆ p ∈ D, p x = ⊤
[2026-01-10 21:55:30] [INFO] Proof verification completed
[2026-01-10 21:55:30] [INFO] Strategy rfl attempt 1: verified=False
[2026-01-10 21:55:30] [INFO] Verification message: Cannot build modified file: <error line="48" column="0">
<code_line>lemma pointwise_iSup_eq_top (D : DirectSumDecomposition M) (x : C) : ⨆ p ∈ D, p x = ⊤ := rfl</code_line>
<message>error: Not a definitional equality: the left-hand side</message>
</error>
  ⨆ p ∈ D, p x
is not definitionally equal to the right-hand side
  ⊤
<error line="48" column="89">
<code_line>lemma pointwise_iSup_eq_top (D : DirectSumDecomposition M) (x : C) : ⨆ p ∈ D, p x = ⊤ := rfl</code_line>
<message>error: Type mismatch</message>
</error>
  rfl
has type
  ?m.24 = ?m.24
but is expected to have type
  ⨆ p ∈ D, p x = ⊤

[2026-01-10 21:55:30] [INFO] Attempt 1 failed verification, continuing...
[2026-01-10 21:55:30] [INFO] ========================================
[2026-01-10 21:55:30] [INFO] Trying strategy: simp (up to 1 attempts)
[2026-01-10 21:55:30] [INFO] --------------------
[2026-01-10 21:55:30] [INFO] Strategy simp, attempt 1/1
[2026-01-10 21:55:30] [INFO] Starting proof generation...
[2026-01-10 21:55:30] [INFO] Repository path: /root/repo
[2026-01-10 21:55:30] [INFO] Proof generation completed
[2026-01-10 21:55:30] [INFO] Generated proof:
[2026-01-10 21:55:30] [INFO] simp
[2026-01-10 21:55:30] [INFO] Proof length: 4 chars
[2026-01-10 21:55:30] [INFO] Starting proof verification...
[2026-01-10 21:55:30] [INFO] Verifying at: PersistentDecomp/DirectSumDecompositionDual.lean:48
[2026-01-10 21:55:30] [INFO] Using LEAN INTERACT verify
[2026-01-10 21:55:30] [INFO] Checking file
[2026-01-10 21:55:41] [INFO] Cannot build modified file PersistentDecomp/tmpo4zvpjdq.lean:48:89: error(lean.unknownIdentifier): Unknown identifier `simp`
[2026-01-10 21:55:41] [INFO] Proof verification completed
[2026-01-10 21:55:41] [INFO] Strategy simp attempt 1: verified=False
[2026-01-10 21:55:41] [INFO] Verification message: Cannot build modified file: PersistentDecomp/tmpo4zvpjdq.lean:48:89: error(lean.unknownIdentifier): Unknown identifier `simp`

[2026-01-10 21:55:41] [INFO] Attempt 1 failed verification, continuing...
[2026-01-10 21:55:41] [INFO] ========================================
[2026-01-10 21:55:41] [INFO] Trying strategy: simp_all (up to 1 attempts)
[2026-01-10 21:55:41] [INFO] --------------------
[2026-01-10 21:55:41] [INFO] Strategy simp_all, attempt 1/1
[2026-01-10 21:55:41] [INFO] Starting proof generation...
[2026-01-10 21:55:41] [INFO] Repository path: /root/repo
[2026-01-10 21:55:41] [INFO] Proof generation completed
[2026-01-10 21:55:41] [INFO] Generated proof:
[2026-01-10 21:55:41] [INFO] simp_all
[2026-01-10 21:55:41] [INFO] Proof length: 8 chars
[2026-01-10 21:55:41] [INFO] Starting proof verification...
[2026-01-10 21:55:41] [INFO] Verifying at: PersistentDecomp/DirectSumDecompositionDual.lean:48
[2026-01-10 21:55:41] [INFO] Using LEAN INTERACT verify
[2026-01-10 21:55:41] [INFO] Checking file
[2026-01-10 21:55:53] [INFO] Cannot build modified file PersistentDecomp/tmptrw04v6z.lean:48:89: error(lean.unknownIdentifier): Unknown identifier `simp_all`
[2026-01-10 21:55:53] [INFO] Proof verification completed
[2026-01-10 21:55:53] [INFO] Strategy simp_all attempt 1: verified=False
[2026-01-10 21:55:53] [INFO] Verification message: Cannot build modified file: PersistentDecomp/tmptrw04v6z.lean:48:89: error(lean.unknownIdentifier): Unknown identifier `simp_all`

[2026-01-10 21:55:53] [INFO] Attempt 1 failed verification, continuing...
[2026-01-10 21:55:53] [INFO] ========================================
[2026-01-10 21:55:53] [INFO] Trying strategy: exact? (up to 1 attempts)
[2026-01-10 21:55:53] [INFO] --------------------
[2026-01-10 21:55:53] [INFO] Strategy exact?, attempt 1/1
[2026-01-10 21:55:53] [INFO] Starting proof generation...
[2026-01-10 21:55:53] [INFO] Repository path: /root/repo
[2026-01-10 21:55:53] [INFO] Proof generation completed
[2026-01-10 21:55:53] [INFO] Generated proof:
[2026-01-10 21:55:53] [INFO] exact?
[2026-01-10 21:55:53] [INFO] Proof length: 6 chars
[2026-01-10 21:55:53] [INFO] Starting proof verification...
[2026-01-10 21:55:53] [INFO] Verifying at: PersistentDecomp/DirectSumDecompositionDual.lean:48
[2026-01-10 21:55:53] [INFO] Using LEAN INTERACT verify
[2026-01-10 21:55:53] [INFO] Checking file
[2026-01-10 21:56:03] [INFO] Cannot build modified file PersistentDecomp/tmpbg_lwz91.lean:48:89: error(lean.unknownIdentifier): Unknown identifier `exact?`
[2026-01-10 21:56:03] [INFO] Proof verification completed
[2026-01-10 21:56:03] [INFO] Strategy exact? attempt 1: verified=False
[2026-01-10 21:56:03] [INFO] Verification message: Cannot build modified file: PersistentDecomp/tmpbg_lwz91.lean:48:89: error(lean.unknownIdentifier): Unknown identifier `exact?`

[2026-01-10 21:56:03] [INFO] Attempt 1 failed verification, continuing...
[2026-01-10 21:56:03] [INFO] ========================================
[2026-01-10 21:56:03] [INFO] Trying strategy: grind (up to 1 attempts)
[2026-01-10 21:56:03] [INFO] --------------------
[2026-01-10 21:56:03] [INFO] Strategy grind, attempt 1/1
[2026-01-10 21:56:03] [INFO] Starting proof generation...
[2026-01-10 21:56:03] [INFO] Repository path: /root/repo
[2026-01-10 21:56:03] [INFO] Proof generation completed
[2026-01-10 21:56:03] [INFO] Generated proof:
[2026-01-10 21:56:03] [INFO] grind
[2026-01-10 21:56:03] [INFO] Proof length: 5 chars
[2026-01-10 21:56:03] [INFO] Starting proof verification...
[2026-01-10 21:56:03] [INFO] Verifying at: PersistentDecomp/DirectSumDecompositionDual.lean:48
[2026-01-10 21:56:03] [INFO] Using LEAN INTERACT verify
[2026-01-10 21:56:03] [INFO] Checking file
[2026-01-10 21:56:13] [INFO] Cannot build modified file PersistentDecomp/tmpga7ipzou.lean:48:89: error(lean.unknownIdentifier): Unknown identifier `grind`
[2026-01-10 21:56:13] [INFO] Proof verification completed
[2026-01-10 21:56:13] [INFO] Strategy grind attempt 1: verified=False
[2026-01-10 21:56:13] [INFO] Verification message: Cannot build modified file: PersistentDecomp/tmpga7ipzou.lean:48:89: error(lean.unknownIdentifier): Unknown identifier `grind`

[2026-01-10 21:56:13] [INFO] Attempt 1 failed verification, continuing...
[2026-01-10 21:56:13] [INFO] ========================================
[2026-01-10 21:56:13] [INFO] Trying strategy: ring (up to 1 attempts)
[2026-01-10 21:56:13] [INFO] --------------------
[2026-01-10 21:56:13] [INFO] Strategy ring, attempt 1/1
[2026-01-10 21:56:13] [INFO] Starting proof generation...
[2026-01-10 21:56:13] [INFO] Repository path: /root/repo
[2026-01-10 21:56:13] [INFO] Proof generation completed
[2026-01-10 21:56:13] [INFO] Generated proof:
[2026-01-10 21:56:13] [INFO] ring
[2026-01-10 21:56:13] [INFO] Proof length: 4 chars
[2026-01-10 21:56:13] [INFO] Starting proof verification...
[2026-01-10 21:56:13] [INFO] Verifying at: PersistentDecomp/DirectSumDecompositionDual.lean:48
[2026-01-10 21:56:13] [INFO] Using LEAN INTERACT verify
[2026-01-10 21:56:13] [INFO] Checking file
[2026-01-10 21:56:23] [INFO] Cannot build modified file PersistentDecomp/tmp_xpk8an6.lean:48:89: error(lean.unknownIdentifier): Unknown identifier `ring`
[2026-01-10 21:56:23] [INFO] Proof verification completed
[2026-01-10 21:56:23] [INFO] Strategy ring attempt 1: verified=False
[2026-01-10 21:56:23] [INFO] Verification message: Cannot build modified file: PersistentDecomp/tmp_xpk8an6.lean:48:89: error(lean.unknownIdentifier): Unknown identifier `ring`

[2026-01-10 21:56:23] [INFO] Attempt 1 failed verification, continuing...
[2026-01-10 21:56:23] [INFO] ========================================
[2026-01-10 21:56:23] [INFO] Trying strategy: norm_num (up to 1 attempts)
[2026-01-10 21:56:23] [INFO] --------------------
[2026-01-10 21:56:23] [INFO] Strategy norm_num, attempt 1/1
[2026-01-10 21:56:23] [INFO] Starting proof generation...
[2026-01-10 21:56:23] [INFO] Repository path: /root/repo
[2026-01-10 21:56:23] [INFO] Proof generation completed
[2026-01-10 21:56:23] [INFO] Generated proof:
[2026-01-10 21:56:23] [INFO] norm_num
[2026-01-10 21:56:23] [INFO] Proof length: 8 chars
[2026-01-10 21:56:23] [INFO] Starting proof verification...
[2026-01-10 21:56:23] [INFO] Verifying at: PersistentDecomp/DirectSumDecompositionDual.lean:48
[2026-01-10 21:56:23] [INFO] Using LEAN INTERACT verify
[2026-01-10 21:56:23] [INFO] Checking file
[2026-01-10 21:56:34] [INFO] Cannot build modified file <error line="48" column="89">
<code_line>lemma pointwise_iSup_eq_top (D : DirectSumDecomposition M) (x : C) : ⨆ p ∈ D, p x = ⊤ := norm_num</code_line>
<message>error: Type mismatch</message>
</error>
  norm_num
has type
  Lean.ParserDescr
of sort `Type` but is expected to have type
  ⨆ p ∈ D, p x = ⊤
of sort `Prop`
[2026-01-10 21:56:34] [INFO] Proof verification completed
[2026-01-10 21:56:34] [INFO] Strategy norm_num attempt 1: verified=False
[2026-01-10 21:56:34] [INFO] Verification message: Cannot build modified file: <error line="48" column="89">
<code_line>lemma pointwise_iSup_eq_top (D : DirectSumDecomposition M) (x : C) : ⨆ p ∈ D, p x = ⊤ := norm_num</code_line>
<message>error: Type mismatch</message>
</error>
  norm_num
has type
  Lean.ParserDescr
of sort `Type` but is expected to have type
  ⨆ p ∈ D, p x = ⊤
of sort `Prop`

[2026-01-10 21:56:34] [INFO] Attempt 1 failed verification, continuing...
[2026-01-10 21:56:34] [INFO] ========================================
[2026-01-10 21:56:34] [INFO] Trying strategy: omega (up to 1 attempts)
[2026-01-10 21:56:34] [INFO] --------------------
[2026-01-10 21:56:34] [INFO] Strategy omega, attempt 1/1
[2026-01-10 21:56:34] [INFO] Starting proof generation...
[2026-01-10 21:56:34] [INFO] Repository path: /root/repo
[2026-01-10 21:56:34] [INFO] Proof generation completed
[2026-01-10 21:56:34] [INFO] Generated proof:
[2026-01-10 21:56:34] [INFO] omega
[2026-01-10 21:56:34] [INFO] Proof length: 5 chars
[2026-01-10 21:56:34] [INFO] Starting proof verification...
[2026-01-10 21:56:34] [INFO] Verifying at: PersistentDecomp/DirectSumDecompositionDual.lean:48
[2026-01-10 21:56:34] [INFO] Using LEAN INTERACT verify
[2026-01-10 21:56:34] [INFO] Checking file
[2026-01-10 21:56:43] [INFO] Cannot build modified file PersistentDecomp/tmpr3ktvr_8.lean:48:89: error(lean.unknownIdentifier): Unknown identifier `omega`
[2026-01-10 21:56:43] [INFO] Proof verification completed
[2026-01-10 21:56:43] [INFO] Strategy omega attempt 1: verified=False
[2026-01-10 21:56:43] [INFO] Verification message: Cannot build modified file: PersistentDecomp/tmpr3ktvr_8.lean:48:89: error(lean.unknownIdentifier): Unknown identifier `omega`

[2026-01-10 21:56:43] [INFO] Attempt 1 failed verification, continuing...
[2026-01-10 21:56:43] [INFO] ========================================
[2026-01-10 21:56:43] [INFO] Trying strategy: linarith (up to 1 attempts)
[2026-01-10 21:56:43] [INFO] --------------------
[2026-01-10 21:56:43] [INFO] Strategy linarith, attempt 1/1
[2026-01-10 21:56:43] [INFO] Starting proof generation...
[2026-01-10 21:56:43] [INFO] Repository path: /root/repo
[2026-01-10 21:56:43] [INFO] Proof generation completed
[2026-01-10 21:56:43] [INFO] Generated proof:
[2026-01-10 21:56:43] [INFO] linarith
[2026-01-10 21:56:43] [INFO] Proof length: 8 chars
[2026-01-10 21:56:43] [INFO] Starting proof verification...
[2026-01-10 21:56:43] [INFO] Verifying at: PersistentDecomp/DirectSumDecompositionDual.lean:48
[2026-01-10 21:56:43] [INFO] Using LEAN INTERACT verify
[2026-01-10 21:56:43] [INFO] Checking file
[2026-01-10 21:56:53] [INFO] Cannot build modified file PersistentDecomp/tmp7fhdu59u.lean:48:89: error(lean.unknownIdentifier): Unknown identifier `linarith`
[2026-01-10 21:56:53] [INFO] Proof verification completed
[2026-01-10 21:56:53] [INFO] Strategy linarith attempt 1: verified=False
[2026-01-10 21:56:53] [INFO] Verification message: Cannot build modified file: PersistentDecomp/tmp7fhdu59u.lean:48:89: error(lean.unknownIdentifier): Unknown identifier `linarith`

[2026-01-10 21:56:53] [INFO] Attempt 1 failed verification, continuing...
[2026-01-10 21:56:53] [INFO] ========================================
[2026-01-10 21:56:53] [INFO] Trying strategy: nlinarith (up to 1 attempts)
[2026-01-10 21:56:53] [INFO] --------------------
[2026-01-10 21:56:53] [INFO] Strategy nlinarith, attempt 1/1
[2026-01-10 21:56:53] [INFO] Starting proof generation...
[2026-01-10 21:56:53] [INFO] Repository path: /root/repo
[2026-01-10 21:56:53] [INFO] Proof generation completed
[2026-01-10 21:56:53] [INFO] Generated proof:
[2026-01-10 21:56:53] [INFO] nlinarith
[2026-01-10 21:56:53] [INFO] Proof length: 9 chars
[2026-01-10 21:56:53] [INFO] Starting proof verification...
[2026-01-10 21:56:53] [INFO] Verifying at: PersistentDecomp/DirectSumDecompositionDual.lean:48
[2026-01-10 21:56:53] [INFO] Using LEAN INTERACT verify
[2026-01-10 21:56:53] [INFO] Checking file
[2026-01-10 21:57:02] [INFO] Cannot build modified file PersistentDecomp/tmpl3zs3h56.lean:48:89: error(lean.unknownIdentifier): Unknown identifier `nlinarith`
[2026-01-10 21:57:02] [INFO] Proof verification completed
[2026-01-10 21:57:02] [INFO] Strategy nlinarith attempt 1: verified=False
[2026-01-10 21:57:02] [INFO] Verification message: Cannot build modified file: PersistentDecomp/tmpl3zs3h56.lean:48:89: error(lean.unknownIdentifier): Unknown identifier `nlinarith`

[2026-01-10 21:57:02] [INFO] Attempt 1 failed verification, continuing...
[2026-01-10 21:57:02] [INFO] ========================================
[2026-01-10 21:57:02] [INFO] Trying strategy: aesop (up to 1 attempts)
[2026-01-10 21:57:02] [INFO] --------------------
[2026-01-10 21:57:02] [INFO] Strategy aesop, attempt 1/1
[2026-01-10 21:57:02] [INFO] Starting proof generation...
[2026-01-10 21:57:02] [INFO] Repository path: /root/repo
[2026-01-10 21:57:02] [INFO] Proof generation completed
[2026-01-10 21:57:02] [INFO] Generated proof:
[2026-01-10 21:57:02] [INFO] aesop
[2026-01-10 21:57:02] [INFO] Proof length: 5 chars
[2026-01-10 21:57:02] [INFO] Starting proof verification...
[2026-01-10 21:57:02] [INFO] Verifying at: PersistentDecomp/DirectSumDecompositionDual.lean:48
[2026-01-10 21:57:02] [INFO] Using LEAN INTERACT verify
[2026-01-10 21:57:02] [INFO] Checking file
[2026-01-10 21:57:10] [INFO] Cannot build modified file PersistentDecomp/tmpt0hflkhc.lean:48:89: error(lean.unknownIdentifier): Unknown identifier `aesop`
[2026-01-10 21:57:10] [INFO] Proof verification completed
[2026-01-10 21:57:10] [INFO] Strategy aesop attempt 1: verified=False
[2026-01-10 21:57:10] [INFO] Verification message: Cannot build modified file: PersistentDecomp/tmpt0hflkhc.lean:48:89: error(lean.unknownIdentifier): Unknown identifier `aesop`

[2026-01-10 21:57:10] [INFO] Attempt 1 failed verification, continuing...
[2026-01-10 21:57:10] [INFO] ========================================
[2026-01-10 21:57:10] [INFO] Pass@k completed. Total results: 1
[2026-01-10 21:57:10] [INFO] FAILED: All 11 strategies x 1 attempts
[2026-01-10 21:57:10] [INFO] Writing results to file: /root/repo/result.json
[2026-01-10 21:57:10] [INFO] Result file written successfully
[2026-01-10 21:57:10] [INFO] Results exported to: /root/repo/result.json
[2026-01-10 21:57:10] [INFO] run_morphcloud_local.py completed successfully

[2026-01-10 21:57:11] [process_single_sorry] Downloading result file...
[2026-01-10 21:57:12] [process_single_sorry] Downloaded result to intermediate_experiment_outputs_full_reservoir/multi_tactic/2026-01-10_20-46-34_multi_tactic/individual/2c9e6775488ebaad542b75985a355299fb8320efd3fd081dc8f1ebd6c35d6877.json
[2026-01-10 21:57:15] [process_single_sorry] Instance context closed successfully
[2026-01-10 21:57:15] [process_single_sorry] Parsing result file...
[2026-01-10 21:57:15] [process_single_sorry] Successfully parsed result (list format, 1 results)
