[2026-01-10 21:45:43] [process_single_sorry] Starting for sorry 44a832ece8008bd1395f1b6769225bbf05e1a101efc5e245df262aceb52ff97e
[2026-01-10 21:45:43] [process_single_sorry] Using snapshot: snapshot_0bd6gn81
[2026-01-10 21:45:43] [process_single_sorry] Repository: https://github.com/PatrickMassot/GlimpseOfLean@38ee6e4afd371b18d831ae09244fcd223a1bc535
[2026-01-10 21:45:43] [process_single_sorry] Instance name: GlimpseOfLean_38ee6e4afd37_multi_tactic_44a832ece8008bd1395f1b6769225bbf05e1a101efc5e245df262aceb52ff97e
[2026-01-10 21:45:43] [process_single_sorry] Starting attempt 1/3
[2026-01-10 21:45:43] [process_single_sorry] Starting instance from snapshot...
[2026-01-10 21:45:43] [process_single_sorry] Instance started successfully: morphvm_vz29zl12
[2026-01-10 21:45:43] [process_single_sorry] Creating .env file...
[2026-01-10 21:45:46] [process_single_sorry] .env file created (exit_code: 0)
[2026-01-10 21:45:46] [process_single_sorry] Executing agent command...
[2026-01-10 21:47:10] [process_single_sorry] Agent command completed (exit_code: 0)
[2026-01-10 21:47:10] [process_single_sorry] STDOUT:

Results JSON:
[
  {
    "sorry": {
      "repo": {
        "remote": "https://github.com/PatrickMassot/GlimpseOfLean",
        "branch": "master",
        "commit": "38ee6e4afd371b18d831ae09244fcd223a1bc535",
        "lean_version": "v4.22.0"
      },
      "location": {
        "path": "GlimpseOfLean/Exercises/Topics/RingTheory.lean",
        "start_line": 293,
        "start_column": 8,
        "end_line": 293,
        "end_column": 13
      },
      "debug_info": {
        "goal": "R : Type ?u.30509\ninst✝ : CommRing R\nι : Type\nI : ι → Ideal R\n⊢ ∀ a ∈ ⨅ i, I i, (Pi.ringHom fun i => Quotient.mk (I i)) a = 0",
        "url": "https://github.com/PatrickMassot/GlimpseOfLean/blob/38ee6e4afd371b18d831ae09244fcd223a1bc535/GlimpseOfLean/Exercises/Topics/RingTheory.lean#L293"
      },
      "metadata": {
        "blame_email_hash": "c28576c1d1dd",
        "blame_date": "2025-04-20T11:35:58+02:00",
        "inclusion_date": "2025-12-29T17:37:45.814119+00:00"
      },
      "id": "44a832ece8008bd1395f1b6769225bbf05e1a101efc5e245df262aceb52ff97e"
    },
    "proof": null,
    "proof_verified": false,
    "feedback": null,
    "verification_message": "All 11 attempts failed (11 strategies x 1 attempts each)",
    "success": true,
    "error_type": null,
    "error_message": null,
    "strategy_name": "all_failed_k=1",
    "proof_attempts": [
      "rfl",
      "simp",
      "simp_all",
      "exact?",
      "grind",
      "ring",
      "norm_num",
      "omega",
      "linarith",
      "nlinarith",
      "aesop"
    ]
  }
]

[2026-01-10 21:47:10] [process_single_sorry] STDERR:
None of PyTorch, TensorFlow >= 2.0, or Flax have been found. Models won't be available and only tokenizers, configuration and file/data utilities can be used.
[2026-01-10 21:45:58] [INFO] ================================================================================
[2026-01-10 21:45:58] [INFO] Starting run_morphcloud_local.py
[2026-01-10 21:45:58] [INFO] ================================================================================
[2026-01-10 21:45:58] [INFO] Environment loaded
[2026-01-10 21:45:58] [INFO] Full command: /root/SorryDB/sorrydb/cli/run_morphcloud_local.py --repo-path /root/repo --sorry-json {"repo": {"remote": "https://github.com/PatrickMassot/GlimpseOfLean", "branch": "master", "commit": "38ee6e4afd371b18d831ae09244fcd223a1bc535", "lean_version": "v4.22.0"}, "location": {"path": "GlimpseOfLean/Exercises/Topics/RingTheory.lean", "start_line": 293, "start_column": 8, "end_line": 293, "end_column": 13}, "debug_info": {"goal": "R : Type ?u.30509\ninst\u271d : CommRing R\n\u03b9 : Type\nI : \u03b9 \u2192 Ideal R\n\u22a2 \u2200 a \u2208 \u2a05 i, I i, (Pi.ringHom fun i => Quotient.mk (I i)) a = 0", "url": "https://github.com/PatrickMassot/GlimpseOfLean/blob/38ee6e4afd371b18d831ae09244fcd223a1bc535/GlimpseOfLean/Exercises/Topics/RingTheory.lean#L293"}, "metadata": {"blame_email_hash": "c28576c1d1dd", "blame_date": "2025-04-20T11:35:58+02:00", "inclusion_date": "2025-12-29T17:37:45.814119+00:00"}, "id": "44a832ece8008bd1395f1b6769225bbf05e1a101efc5e245df262aceb52ff97e"} --agent-strategy {"name": "multi_tactic", "args": {}}
[2026-01-10 21:45:58] [INFO] Arguments parsed: repo_path=/root/repo, output_path=/root/repo/result.json
[2026-01-10 21:45:58] [INFO] Strategy spec: {"name": "multi_tactic", "args": {}}...
[2026-01-10 21:45:58] [INFO] Loading sorry data...
[2026-01-10 21:45:58] [INFO] Parsing sorry from JSON string...
[2026-01-10 21:45:58] [INFO] Sorry data parsed from JSON string
[2026-01-10 21:45:58] [INFO] Creating strategy from spec...
[2026-01-10 21:45:58] [INFO] Parsing strategy spec (length: 36 chars)
[2026-01-10 21:45:58] [INFO] Strategy name: multi_tactic
[2026-01-10 21:45:58] [INFO] Strategy args: {}
[2026-01-10 21:45:58] [INFO] Pass@k value: 1
[2026-01-10 21:45:58] [INFO] Creating strategy: multi_tactic
[2026-01-10 21:45:58] [INFO] Creating multi_tactic strategy with tactics: ['rfl', 'simp', 'simp_all', 'exact?', 'grind', 'ring', 'norm_num', 'omega', 'linarith', 'nlinarith', 'aesop']
[2026-01-10 21:45:58] [INFO] Strategies created: ['rfl', 'simp', 'simp_all', 'exact?', 'grind', 'ring', 'norm_num', 'omega', 'linarith', 'nlinarith', 'aesop']
[2026-01-10 21:45:58] [INFO] Pass@k value: 1
[2026-01-10 21:45:58] [INFO] Creating Sorry object...
[2026-01-10 21:45:58] [INFO] Sorry object created: id=44a832ece8008bd1395f1b6769225bbf05e1a101efc5e245df262aceb52ff97e
[2026-01-10 21:45:58] [INFO] Sorry location: GlimpseOfLean/Exercises/Topics/RingTheory.lean:293
[2026-01-10 21:45:58] [INFO] Context before sorry (lines 288-293):
[2026-01-10 21:45:58] [INFO]   288: product `Π` could be tricky to distinguish.
[2026-01-10 21:45:58] [INFO]   289: -/
[2026-01-10 21:45:58] [INFO]   290: 
[2026-01-10 21:45:58] [INFO]   291: def chineseMap  : (R ⧸ ⨅ i, I i) →+* Π i, R ⧸ I i :=
[2026-01-10 21:45:58] [INFO]   292:   Quotient.lift (⨅ i, I i) (Pi.ringHom fun i : ι ↦ Quotient.mk (I i))
[2026-01-10 21:45:58] [INFO]   293:     (by sorry)
[2026-01-10 21:45:58] [INFO] Sorry line:     (by sorry)
[2026-01-10 21:45:58] [INFO] Sorry goal: R : Type ?u.30509
inst✝ : CommRing R
ι : Type
I : ι → Ideal R
⊢ ∀ a ∈ ⨅ i, I i, (Pi.ringHom fun i =>...
[2026-01-10 21:45:58] [INFO] ========================================
[2026-01-10 21:45:58] [INFO] Trying strategy: rfl (up to 1 attempts)
[2026-01-10 21:45:58] [INFO] --------------------
[2026-01-10 21:45:58] [INFO] Strategy rfl, attempt 1/1
[2026-01-10 21:45:58] [INFO] Starting proof generation...
[2026-01-10 21:45:58] [INFO] Repository path: /root/repo
[2026-01-10 21:45:58] [INFO] Proof generation completed
[2026-01-10 21:45:58] [INFO] Generated proof:
[2026-01-10 21:45:58] [INFO] rfl
[2026-01-10 21:45:58] [INFO] Proof length: 3 chars
[2026-01-10 21:45:58] [INFO] Starting proof verification...
[2026-01-10 21:45:58] [INFO] Verifying at: GlimpseOfLean/Exercises/Topics/RingTheory.lean:293
[2026-01-10 21:45:58] [INFO] Using LEAN INTERACT verify
[2026-01-10 21:45:58] [INFO] Checking file
[2026-01-10 21:46:08] [INFO] Cannot build modified file <error line="293" column="8">
<code_line>    (by rfl)</code_line>
<message>error: tactic 'rfl' failed, expected goal to be a binary relation</message>
</error>
R : Type ?u.25567
inst✝ : CommRing R
ι : Type
I : ι → Ideal R
⊢ ∀ a ∈ ⨅ i, I i, (Pi.ringHom fun i => Quotient.mk (I i)) a = 0
Finset.mem_insert_of_mem.{u_1} {α : Type u_1} [DecidableEq α] {s : Finset α} {a b : α} (h : a ∈ s) : a ∈ insert b s
Finset.mem_insert_self.{u_1} {α : Type u_1} [DecidableEq α] (a : α) (s : Finset α) : a ∈ insert a s
[2026-01-10 21:46:08] [INFO] Proof verification completed
[2026-01-10 21:46:08] [INFO] Strategy rfl attempt 1: verified=False
[2026-01-10 21:46:08] [INFO] Verification message: Cannot build modified file: <error line="293" column="8">
<code_line>    (by rfl)</code_line>
<message>error: tactic 'rfl' failed, expected goal to be a binary relation</message>
</error>
R : Type ?u.25567
inst✝ : CommRing R
ι : Type
I : ι → Ideal R
⊢ ∀ a ∈ ⨅ i, I i, (Pi.ringHom fun i => Quotient.mk (I i)) a = 0
Finset.mem_insert_of_mem.{u_1} {α : Type u_1} [DecidableEq α] {s : Finset α} {a b : α} (h : a ∈ s) : a ∈ insert b s
Finset.mem_insert_self.{u_1} {α : Type u_1} [DecidableEq α] (a : α) (s : Finset α) : a ∈ insert a s

[2026-01-10 21:46:08] [INFO] Attempt 1 failed verification, continuing...
[2026-01-10 21:46:08] [INFO] ========================================
[2026-01-10 21:46:08] [INFO] Trying strategy: simp (up to 1 attempts)
[2026-01-10 21:46:08] [INFO] --------------------
[2026-01-10 21:46:08] [INFO] Strategy simp, attempt 1/1
[2026-01-10 21:46:08] [INFO] Starting proof generation...
[2026-01-10 21:46:08] [INFO] Repository path: /root/repo
[2026-01-10 21:46:08] [INFO] Proof generation completed
[2026-01-10 21:46:08] [INFO] Generated proof:
[2026-01-10 21:46:08] [INFO] simp
[2026-01-10 21:46:08] [INFO] Proof length: 4 chars
[2026-01-10 21:46:08] [INFO] Starting proof verification...
[2026-01-10 21:46:08] [INFO] Verifying at: GlimpseOfLean/Exercises/Topics/RingTheory.lean:293
[2026-01-10 21:46:08] [INFO] Using LEAN INTERACT verify
[2026-01-10 21:46:08] [INFO] Checking file
[2026-01-10 21:46:12] [INFO] Cannot build modified file <error line="293" column="5">
<code_line>    (by simp)</code_line>
<message>error: unsolved goals</message>
</error>
R : Type ?u.25567
inst✝ : CommRing R
ι : Type
I : ι → Ideal R
⊢ ∀ (a : R), (∀ (i : ι), a ∈ I i) → (Pi.ringHom fun i => Quotient.mk (I i)) a = 0
Finset.mem_insert_of_mem.{u_1} {α : Type u_1} [DecidableEq α] {s : Finset α} {a b : α} (h : a ∈ s) : a ∈ insert b s
Finset.mem_insert_self.{u_1} {α : Type u_1} [DecidableEq α] (a : α) (s : Finset α) : a ∈ insert a s
[2026-01-10 21:46:12] [INFO] Proof verification completed
[2026-01-10 21:46:12] [INFO] Strategy simp attempt 1: verified=False
[2026-01-10 21:46:12] [INFO] Verification message: Cannot build modified file: <error line="293" column="5">
<code_line>    (by simp)</code_line>
<message>error: unsolved goals</message>
</error>
R : Type ?u.25567
inst✝ : CommRing R
ι : Type
I : ι → Ideal R
⊢ ∀ (a : R), (∀ (i : ι), a ∈ I i) → (Pi.ringHom fun i => Quotient.mk (I i)) a = 0
Finset.mem_insert_of_mem.{u_1} {α : Type u_1} [DecidableEq α] {s : Finset α} {a b : α} (h : a ∈ s) : a ∈ insert b s
Finset.mem_insert_self.{u_1} {α : Type u_1} [DecidableEq α] (a : α) (s : Finset α) : a ∈ insert a s

[2026-01-10 21:46:12] [INFO] Attempt 1 failed verification, continuing...
[2026-01-10 21:46:12] [INFO] ========================================
[2026-01-10 21:46:12] [INFO] Trying strategy: simp_all (up to 1 attempts)
[2026-01-10 21:46:12] [INFO] --------------------
[2026-01-10 21:46:12] [INFO] Strategy simp_all, attempt 1/1
[2026-01-10 21:46:12] [INFO] Starting proof generation...
[2026-01-10 21:46:12] [INFO] Repository path: /root/repo
[2026-01-10 21:46:12] [INFO] Proof generation completed
[2026-01-10 21:46:12] [INFO] Generated proof:
[2026-01-10 21:46:12] [INFO] simp_all
[2026-01-10 21:46:12] [INFO] Proof length: 8 chars
[2026-01-10 21:46:12] [INFO] Starting proof verification...
[2026-01-10 21:46:12] [INFO] Verifying at: GlimpseOfLean/Exercises/Topics/RingTheory.lean:293
[2026-01-10 21:46:12] [INFO] Using LEAN INTERACT verify
[2026-01-10 21:46:12] [INFO] Checking file
[2026-01-10 21:46:17] [INFO] Cannot build modified file <error line="293" column="5">
<code_line>    (by simp_all)</code_line>
<message>error: unsolved goals</message>
</error>
R : Type ?u.25567
inst✝ : CommRing R
ι : Type
I : ι → Ideal R
⊢ ∀ (a : R), (∀ (i : ι), a ∈ I i) → (Pi.ringHom fun i => Quotient.mk (I i)) a = 0
Finset.mem_insert_of_mem.{u_1} {α : Type u_1} [DecidableEq α] {s : Finset α} {a b : α} (h : a ∈ s) : a ∈ insert b s
Finset.mem_insert_self.{u_1} {α : Type u_1} [DecidableEq α] (a : α) (s : Finset α) : a ∈ insert a s
[2026-01-10 21:46:17] [INFO] Proof verification completed
[2026-01-10 21:46:17] [INFO] Strategy simp_all attempt 1: verified=False
[2026-01-10 21:46:17] [INFO] Verification message: Cannot build modified file: <error line="293" column="5">
<code_line>    (by simp_all)</code_line>
<message>error: unsolved goals</message>
</error>
R : Type ?u.25567
inst✝ : CommRing R
ι : Type
I : ι → Ideal R
⊢ ∀ (a : R), (∀ (i : ι), a ∈ I i) → (Pi.ringHom fun i => Quotient.mk (I i)) a = 0
Finset.mem_insert_of_mem.{u_1} {α : Type u_1} [DecidableEq α] {s : Finset α} {a b : α} (h : a ∈ s) : a ∈ insert b s
Finset.mem_insert_self.{u_1} {α : Type u_1} [DecidableEq α] (a : α) (s : Finset α) : a ∈ insert a s

[2026-01-10 21:46:17] [INFO] Attempt 1 failed verification, continuing...
[2026-01-10 21:46:17] [INFO] ========================================
[2026-01-10 21:46:17] [INFO] Trying strategy: exact? (up to 1 attempts)
[2026-01-10 21:46:17] [INFO] --------------------
[2026-01-10 21:46:17] [INFO] Strategy exact?, attempt 1/1
[2026-01-10 21:46:17] [INFO] Starting proof generation...
[2026-01-10 21:46:17] [INFO] Repository path: /root/repo
[2026-01-10 21:46:17] [INFO] Proof generation completed
[2026-01-10 21:46:17] [INFO] Generated proof:
[2026-01-10 21:46:17] [INFO] exact?
[2026-01-10 21:46:17] [INFO] Proof length: 6 chars
[2026-01-10 21:46:17] [INFO] Starting proof verification...
[2026-01-10 21:46:17] [INFO] Verifying at: GlimpseOfLean/Exercises/Topics/RingTheory.lean:293
[2026-01-10 21:46:17] [INFO] Using LEAN INTERACT verify
[2026-01-10 21:46:17] [INFO] Checking file
[2026-01-10 21:46:38] [INFO] Cannot build modified file <error line="293" column="8">
<code_line>    (by exact?)</code_line>
<message>error: `exact?` could not close the goal. Try `apply?` to see partial suggestions.</message>
</error>
Finset.mem_insert_of_mem.{u_1} {α : Type u_1} [DecidableEq α] {s : Finset α} {a b : α} (h : a ∈ s) : a ∈ insert b s
Finset.mem_insert_self.{u_1} {α : Type u_1} [DecidableEq α] (a : α) (s : Finset α) : a ∈ insert a s
[2026-01-10 21:46:38] [INFO] Proof verification completed
[2026-01-10 21:46:38] [INFO] Strategy exact? attempt 1: verified=False
[2026-01-10 21:46:38] [INFO] Verification message: Cannot build modified file: <error line="293" column="8">
<code_line>    (by exact?)</code_line>
<message>error: `exact?` could not close the goal. Try `apply?` to see partial suggestions.</message>
</error>
Finset.mem_insert_of_mem.{u_1} {α : Type u_1} [DecidableEq α] {s : Finset α} {a b : α} (h : a ∈ s) : a ∈ insert b s
Finset.mem_insert_self.{u_1} {α : Type u_1} [DecidableEq α] (a : α) (s : Finset α) : a ∈ insert a s

[2026-01-10 21:46:38] [INFO] Attempt 1 failed verification, continuing...
[2026-01-10 21:46:38] [INFO] ========================================
[2026-01-10 21:46:38] [INFO] Trying strategy: grind (up to 1 attempts)
[2026-01-10 21:46:38] [INFO] --------------------
[2026-01-10 21:46:38] [INFO] Strategy grind, attempt 1/1
[2026-01-10 21:46:38] [INFO] Starting proof generation...
[2026-01-10 21:46:38] [INFO] Repository path: /root/repo
[2026-01-10 21:46:38] [INFO] Proof generation completed
[2026-01-10 21:46:38] [INFO] Generated proof:
[2026-01-10 21:46:38] [INFO] grind
[2026-01-10 21:46:38] [INFO] Proof length: 5 chars
[2026-01-10 21:46:38] [INFO] Starting proof verification...
[2026-01-10 21:46:38] [INFO] Verifying at: GlimpseOfLean/Exercises/Topics/RingTheory.lean:293
[2026-01-10 21:46:38] [INFO] Using LEAN INTERACT verify
[2026-01-10 21:46:38] [INFO] Checking file
[2026-01-10 21:46:44] [INFO] Cannot build modified file <error line="293" column="8">
<code_line>    (by grind)</code_line>
<message>error: `grind` failed</message>
</error>
case grind
R : Type ?u.25567
inst : CommRing R
ι : Type
I : ι → Submodule R R
a : R
h : a ∈ ⨅ i, I i
h_1 : ¬(Pi.ringHom fun i => Quotient.mk (I i)) a = 0
⊢ False
[grind] Goal diagnostics
  [facts] Asserted facts
    [prop] a ∈ ⨅ i, I i
    [prop] ¬(Pi.ringHom fun i => Quotient.mk (I i)) a = 0
  [eqc] True propositions
    [prop] a ∈ ⨅ i, I i
  [eqc] False propositions
    [prop] (Pi.ringHom fun i => Quotient.mk (I i)) a = 0
  [eqc] Equivalence classes
    [eqc] {I, fun i => I i}
  [ematch] E-matching patterns
    [thm] Multiset.notMem_zero: [@Membership.mem #1 _ _ (@OfNat.ofNat _ `[0] _) #0]
    [thm] one_eq_top: [@OfNat.ofNat (Submodule #1 _ #0 _ _) `[1] _]
  [linarith] Linarith assignment for `Π (i : ι), HasQuotient.quotient' (I i)`
    [assign] (Pi.ringHom fun i => Quotient.mk (I i)) a := 0
[grind] Issues
  [issue] failed to apply extensionality theorem `funext` for 
        (Pi.ringHom fun i => Quotient.mk (I i)) a = 0
      resulting terms contain metavariables
Finset.mem_insert_of_mem.{u_1} {α : Type u_1} [DecidableEq α] {s : Finset α} {a b : α} (h : a ∈ s) : a ∈ insert b s
Finset.mem_insert_self.{u_1} {α : Type u_1} [DecidableEq α] (a : α) (s : Finset α) : a ∈ insert a s
[2026-01-10 21:46:44] [INFO] Proof verification completed
[2026-01-10 21:46:44] [INFO] Strategy grind attempt 1: verified=False
[2026-01-10 21:46:44] [INFO] Verification message: Cannot build modified file: <error line="293" column="8">
<code_line>    (by grind)</code_line>
<message>error: `grind` failed</message>
</error>
case grind
R : Type ?u.25567
inst : CommRing R
ι : Type
I : ι → Submodule R R
a : R
h : a ∈ ⨅ i, I i
h_1 : ¬(Pi.ringHom fun i => Quotient.mk (I i)) a = 0
⊢ False
[grind] Goal diagnostics
  [facts] Asserted facts
    [prop] a ∈ ⨅ i, I i
    [prop] ¬(Pi.ringHom fun i => Quotient.mk (I i)) a = 0
  [eqc] True propositions
    [prop] a ∈ ⨅ i, I i
  [eqc] False propositions
    [prop] (Pi.ringHom fun i => Quotient.mk (I i)) a = 0
  [eqc] Equivalence classes
    [eqc] {I, fun i => I i}
  [ematch] E-matching patterns
    [thm] Multiset.notMem_zero: [@Membership.mem #1 _ _ (@OfNat.ofNat _ `[0] _) #0]
    [thm] one_eq_top: [@OfNat.ofNat (Submodule #1 _ #0 _ _) `[1] _]
  [linarith] Linarith assignment for `Π (i : ι), HasQuotient.quotient' (I i)`
    [assign] (Pi.ringHom fun i => Quotient.mk (I i)) a := 0
[grind] Issues
  [issue] failed to apply extensionality theorem `funext` for 
        (Pi.ringHom fun i => Quotient.mk (I i)) a = 0
      resulting terms contain metavariables
Finset.mem_insert_of_mem.{u_1} {α : Type u_1} [DecidableEq α] {s : Finset α} {a b : α} (h : a ∈ s) : a ∈ insert b s
Finset.mem_insert_self.{u_1} {α : Type u_1} [DecidableEq α] (a : α) (s : Finset α) : a ∈ insert a s

[2026-01-10 21:46:44] [INFO] Attempt 1 failed verification, continuing...
[2026-01-10 21:46:44] [INFO] ========================================
[2026-01-10 21:46:44] [INFO] Trying strategy: ring (up to 1 attempts)
[2026-01-10 21:46:44] [INFO] --------------------
[2026-01-10 21:46:44] [INFO] Strategy ring, attempt 1/1
[2026-01-10 21:46:44] [INFO] Starting proof generation...
[2026-01-10 21:46:44] [INFO] Repository path: /root/repo
[2026-01-10 21:46:44] [INFO] Proof generation completed
[2026-01-10 21:46:44] [INFO] Generated proof:
[2026-01-10 21:46:44] [INFO] ring
[2026-01-10 21:46:44] [INFO] Proof length: 4 chars
[2026-01-10 21:46:44] [INFO] Starting proof verification...
[2026-01-10 21:46:44] [INFO] Verifying at: GlimpseOfLean/Exercises/Topics/RingTheory.lean:293
[2026-01-10 21:46:44] [INFO] Using LEAN INTERACT verify
[2026-01-10 21:46:44] [INFO] Checking file
[2026-01-10 21:46:49] [INFO] Cannot build modified file <error line="293" column="5">
<code_line>    (by ring)</code_line>
<message>error: unsolved goals</message>
</error>
R : Type ?u.25567
inst✝ : CommRing R
ι : Type
I : ι → Ideal R
⊢ ∀ a ∈ ⨅ i, I i, (Pi.ringHom fun i => Quotient.mk (I i)) a = 0
Finset.mem_insert_of_mem.{u_1} {α : Type u_1} [DecidableEq α] {s : Finset α} {a b : α} (h : a ∈ s) : a ∈ insert b s
Finset.mem_insert_self.{u_1} {α : Type u_1} [DecidableEq α] (a : α) (s : Finset α) : a ∈ insert a s
[2026-01-10 21:46:49] [INFO] Proof verification completed
[2026-01-10 21:46:49] [INFO] Strategy ring attempt 1: verified=False
[2026-01-10 21:46:49] [INFO] Verification message: Cannot build modified file: <error line="293" column="5">
<code_line>    (by ring)</code_line>
<message>error: unsolved goals</message>
</error>
R : Type ?u.25567
inst✝ : CommRing R
ι : Type
I : ι → Ideal R
⊢ ∀ a ∈ ⨅ i, I i, (Pi.ringHom fun i => Quotient.mk (I i)) a = 0
Finset.mem_insert_of_mem.{u_1} {α : Type u_1} [DecidableEq α] {s : Finset α} {a b : α} (h : a ∈ s) : a ∈ insert b s
Finset.mem_insert_self.{u_1} {α : Type u_1} [DecidableEq α] (a : α) (s : Finset α) : a ∈ insert a s

[2026-01-10 21:46:49] [INFO] Attempt 1 failed verification, continuing...
[2026-01-10 21:46:49] [INFO] ========================================
[2026-01-10 21:46:49] [INFO] Trying strategy: norm_num (up to 1 attempts)
[2026-01-10 21:46:49] [INFO] --------------------
[2026-01-10 21:46:49] [INFO] Strategy norm_num, attempt 1/1
[2026-01-10 21:46:49] [INFO] Starting proof generation...
[2026-01-10 21:46:49] [INFO] Repository path: /root/repo
[2026-01-10 21:46:49] [INFO] Proof generation completed
[2026-01-10 21:46:49] [INFO] Generated proof:
[2026-01-10 21:46:49] [INFO] norm_num
[2026-01-10 21:46:49] [INFO] Proof length: 8 chars
[2026-01-10 21:46:49] [INFO] Starting proof verification...
[2026-01-10 21:46:49] [INFO] Verifying at: GlimpseOfLean/Exercises/Topics/RingTheory.lean:293
[2026-01-10 21:46:49] [INFO] Using LEAN INTERACT verify
[2026-01-10 21:46:49] [INFO] Checking file
[2026-01-10 21:46:53] [INFO] Cannot build modified file <error line="293" column="5">
<code_line>    (by norm_num)</code_line>
<message>error: unsolved goals</message>
</error>
R : Type ?u.25567
inst✝ : CommRing R
ι : Type
I : ι → Ideal R
⊢ ∀ (a : R), (∀ (i : ι), a ∈ I i) → (Pi.ringHom fun i => Quotient.mk (I i)) a = 0
Finset.mem_insert_of_mem.{u_1} {α : Type u_1} [DecidableEq α] {s : Finset α} {a b : α} (h : a ∈ s) : a ∈ insert b s
Finset.mem_insert_self.{u_1} {α : Type u_1} [DecidableEq α] (a : α) (s : Finset α) : a ∈ insert a s
[2026-01-10 21:46:53] [INFO] Proof verification completed
[2026-01-10 21:46:53] [INFO] Strategy norm_num attempt 1: verified=False
[2026-01-10 21:46:53] [INFO] Verification message: Cannot build modified file: <error line="293" column="5">
<code_line>    (by norm_num)</code_line>
<message>error: unsolved goals</message>
</error>
R : Type ?u.25567
inst✝ : CommRing R
ι : Type
I : ι → Ideal R
⊢ ∀ (a : R), (∀ (i : ι), a ∈ I i) → (Pi.ringHom fun i => Quotient.mk (I i)) a = 0
Finset.mem_insert_of_mem.{u_1} {α : Type u_1} [DecidableEq α] {s : Finset α} {a b : α} (h : a ∈ s) : a ∈ insert b s
Finset.mem_insert_self.{u_1} {α : Type u_1} [DecidableEq α] (a : α) (s : Finset α) : a ∈ insert a s

[2026-01-10 21:46:53] [INFO] Attempt 1 failed verification, continuing...
[2026-01-10 21:46:53] [INFO] ========================================
[2026-01-10 21:46:53] [INFO] Trying strategy: omega (up to 1 attempts)
[2026-01-10 21:46:53] [INFO] --------------------
[2026-01-10 21:46:53] [INFO] Strategy omega, attempt 1/1
[2026-01-10 21:46:53] [INFO] Starting proof generation...
[2026-01-10 21:46:53] [INFO] Repository path: /root/repo
[2026-01-10 21:46:53] [INFO] Proof generation completed
[2026-01-10 21:46:53] [INFO] Generated proof:
[2026-01-10 21:46:53] [INFO] omega
[2026-01-10 21:46:53] [INFO] Proof length: 5 chars
[2026-01-10 21:46:53] [INFO] Starting proof verification...
[2026-01-10 21:46:53] [INFO] Verifying at: GlimpseOfLean/Exercises/Topics/RingTheory.lean:293
[2026-01-10 21:46:53] [INFO] Using LEAN INTERACT verify
[2026-01-10 21:46:53] [INFO] Checking file
[2026-01-10 21:46:57] [INFO] Cannot build modified file <error line="293" column="8">
<code_line>    (by omega)</code_line>
<message>error: omega could not prove the goal:</message>
</error>
No usable constraints found. You may need to unfold definitions so `omega` can see linear arithmetic facts about `Nat` and `Int`, which may also involve multiplication, division, and modular remainder by constants.
Finset.mem_insert_of_mem.{u_1} {α : Type u_1} [DecidableEq α] {s : Finset α} {a b : α} (h : a ∈ s) : a ∈ insert b s
Finset.mem_insert_self.{u_1} {α : Type u_1} [DecidableEq α] (a : α) (s : Finset α) : a ∈ insert a s
[2026-01-10 21:46:57] [INFO] Proof verification completed
[2026-01-10 21:46:57] [INFO] Strategy omega attempt 1: verified=False
[2026-01-10 21:46:57] [INFO] Verification message: Cannot build modified file: <error line="293" column="8">
<code_line>    (by omega)</code_line>
<message>error: omega could not prove the goal:</message>
</error>
No usable constraints found. You may need to unfold definitions so `omega` can see linear arithmetic facts about `Nat` and `Int`, which may also involve multiplication, division, and modular remainder by constants.
Finset.mem_insert_of_mem.{u_1} {α : Type u_1} [DecidableEq α] {s : Finset α} {a b : α} (h : a ∈ s) : a ∈ insert b s
Finset.mem_insert_self.{u_1} {α : Type u_1} [DecidableEq α] (a : α) (s : Finset α) : a ∈ insert a s

[2026-01-10 21:46:57] [INFO] Attempt 1 failed verification, continuing...
[2026-01-10 21:46:57] [INFO] ========================================
[2026-01-10 21:46:57] [INFO] Trying strategy: linarith (up to 1 attempts)
[2026-01-10 21:46:57] [INFO] --------------------
[2026-01-10 21:46:57] [INFO] Strategy linarith, attempt 1/1
[2026-01-10 21:46:57] [INFO] Starting proof generation...
[2026-01-10 21:46:57] [INFO] Repository path: /root/repo
[2026-01-10 21:46:57] [INFO] Proof generation completed
[2026-01-10 21:46:57] [INFO] Generated proof:
[2026-01-10 21:46:57] [INFO] linarith
[2026-01-10 21:46:57] [INFO] Proof length: 8 chars
[2026-01-10 21:46:57] [INFO] Starting proof verification...
[2026-01-10 21:46:57] [INFO] Verifying at: GlimpseOfLean/Exercises/Topics/RingTheory.lean:293
[2026-01-10 21:46:57] [INFO] Using LEAN INTERACT verify
[2026-01-10 21:46:57] [INFO] Checking file
[2026-01-10 21:47:00] [INFO] Cannot build modified file <error line="293" column="8">
<code_line>    (by linarith)</code_line>
<message>error: linarith failed to find a contradiction</message>
</error>
R : Type ?u.25567
inst✝ : CommRing R
ι : Type
I : ι → Ideal R
⊢ False
failed
Finset.mem_insert_of_mem.{u_1} {α : Type u_1} [DecidableEq α] {s : Finset α} {a b : α} (h : a ∈ s) : a ∈ insert b s
Finset.mem_insert_self.{u_1} {α : Type u_1} [DecidableEq α] (a : α) (s : Finset α) : a ∈ insert a s
[2026-01-10 21:47:00] [INFO] Proof verification completed
[2026-01-10 21:47:00] [INFO] Strategy linarith attempt 1: verified=False
[2026-01-10 21:47:00] [INFO] Verification message: Cannot build modified file: <error line="293" column="8">
<code_line>    (by linarith)</code_line>
<message>error: linarith failed to find a contradiction</message>
</error>
R : Type ?u.25567
inst✝ : CommRing R
ι : Type
I : ι → Ideal R
⊢ False
failed
Finset.mem_insert_of_mem.{u_1} {α : Type u_1} [DecidableEq α] {s : Finset α} {a b : α} (h : a ∈ s) : a ∈ insert b s
Finset.mem_insert_self.{u_1} {α : Type u_1} [DecidableEq α] (a : α) (s : Finset α) : a ∈ insert a s

[2026-01-10 21:47:00] [INFO] Attempt 1 failed verification, continuing...
[2026-01-10 21:47:00] [INFO] ========================================
[2026-01-10 21:47:00] [INFO] Trying strategy: nlinarith (up to 1 attempts)
[2026-01-10 21:47:00] [INFO] --------------------
[2026-01-10 21:47:00] [INFO] Strategy nlinarith, attempt 1/1
[2026-01-10 21:47:00] [INFO] Starting proof generation...
[2026-01-10 21:47:00] [INFO] Repository path: /root/repo
[2026-01-10 21:47:00] [INFO] Proof generation completed
[2026-01-10 21:47:00] [INFO] Generated proof:
[2026-01-10 21:47:00] [INFO] nlinarith
[2026-01-10 21:47:00] [INFO] Proof length: 9 chars
[2026-01-10 21:47:00] [INFO] Starting proof verification...
[2026-01-10 21:47:00] [INFO] Verifying at: GlimpseOfLean/Exercises/Topics/RingTheory.lean:293
[2026-01-10 21:47:00] [INFO] Using LEAN INTERACT verify
[2026-01-10 21:47:00] [INFO] Checking file
[2026-01-10 21:47:04] [INFO] Cannot build modified file <error line="293" column="8">
<code_line>    (by nlinarith)</code_line>
<message>error: linarith failed to find a contradiction</message>
</error>
R : Type ?u.25567
inst✝ : CommRing R
ι : Type
I : ι → Ideal R
⊢ False
failed
Finset.mem_insert_of_mem.{u_1} {α : Type u_1} [DecidableEq α] {s : Finset α} {a b : α} (h : a ∈ s) : a ∈ insert b s
Finset.mem_insert_self.{u_1} {α : Type u_1} [DecidableEq α] (a : α) (s : Finset α) : a ∈ insert a s
[2026-01-10 21:47:04] [INFO] Proof verification completed
[2026-01-10 21:47:04] [INFO] Strategy nlinarith attempt 1: verified=False
[2026-01-10 21:47:04] [INFO] Verification message: Cannot build modified file: <error line="293" column="8">
<code_line>    (by nlinarith)</code_line>
<message>error: linarith failed to find a contradiction</message>
</error>
R : Type ?u.25567
inst✝ : CommRing R
ι : Type
I : ι → Ideal R
⊢ False
failed
Finset.mem_insert_of_mem.{u_1} {α : Type u_1} [DecidableEq α] {s : Finset α} {a b : α} (h : a ∈ s) : a ∈ insert b s
Finset.mem_insert_self.{u_1} {α : Type u_1} [DecidableEq α] (a : α) (s : Finset α) : a ∈ insert a s

[2026-01-10 21:47:04] [INFO] Attempt 1 failed verification, continuing...
[2026-01-10 21:47:04] [INFO] ========================================
[2026-01-10 21:47:04] [INFO] Trying strategy: aesop (up to 1 attempts)
[2026-01-10 21:47:04] [INFO] --------------------
[2026-01-10 21:47:04] [INFO] Strategy aesop, attempt 1/1
[2026-01-10 21:47:04] [INFO] Starting proof generation...
[2026-01-10 21:47:04] [INFO] Repository path: /root/repo
[2026-01-10 21:47:04] [INFO] Proof generation completed
[2026-01-10 21:47:04] [INFO] Generated proof:
[2026-01-10 21:47:04] [INFO] aesop
[2026-01-10 21:47:04] [INFO] Proof length: 5 chars
[2026-01-10 21:47:04] [INFO] Starting proof verification...
[2026-01-10 21:47:04] [INFO] Verifying at: GlimpseOfLean/Exercises/Topics/RingTheory.lean:293
[2026-01-10 21:47:04] [INFO] Using LEAN INTERACT verify
[2026-01-10 21:47:04] [INFO] Checking file
[2026-01-10 21:47:09] [INFO] Cannot build modified file <error line="293" column="5">
<code_line>    (by aesop)</code_line>
<message>error: unsolved goals</message>
</error>
R : Type ?u.25567
inst : CommRing R
ι : Type
I : ι → Ideal R
a : R
a_1 : ∀ (i : ι), a ∈ I i
⊢ (Pi.ringHom fun i => Quotient.mk (I i)) a = 0
Finset.mem_insert_of_mem.{u_1} {α : Type u_1} [DecidableEq α] {s : Finset α} {a b : α} (h : a ∈ s) : a ∈ insert b s
Finset.mem_insert_self.{u_1} {α : Type u_1} [DecidableEq α] (a : α) (s : Finset α) : a ∈ insert a s
[2026-01-10 21:47:09] [INFO] Proof verification completed
[2026-01-10 21:47:09] [INFO] Strategy aesop attempt 1: verified=False
[2026-01-10 21:47:09] [INFO] Verification message: Cannot build modified file: <error line="293" column="5">
<code_line>    (by aesop)</code_line>
<message>error: unsolved goals</message>
</error>
R : Type ?u.25567
inst : CommRing R
ι : Type
I : ι → Ideal R
a : R
a_1 : ∀ (i : ι), a ∈ I i
⊢ (Pi.ringHom fun i => Quotient.mk (I i)) a = 0
Finset.mem_insert_of_mem.{u_1} {α : Type u_1} [DecidableEq α] {s : Finset α} {a b : α} (h : a ∈ s) : a ∈ insert b s
Finset.mem_insert_self.{u_1} {α : Type u_1} [DecidableEq α] (a : α) (s : Finset α) : a ∈ insert a s

[2026-01-10 21:47:09] [INFO] Attempt 1 failed verification, continuing...
[2026-01-10 21:47:09] [INFO] ========================================
[2026-01-10 21:47:09] [INFO] Pass@k completed. Total results: 1
[2026-01-10 21:47:09] [INFO] FAILED: All 11 strategies x 1 attempts
[2026-01-10 21:47:09] [INFO] Writing results to file: /root/repo/result.json
[2026-01-10 21:47:09] [INFO] Result file written successfully
[2026-01-10 21:47:09] [INFO] Results exported to: /root/repo/result.json
[2026-01-10 21:47:09] [INFO] run_morphcloud_local.py completed successfully

[2026-01-10 21:47:10] [process_single_sorry] Downloading result file...
[2026-01-10 21:47:10] [process_single_sorry] Downloaded result to intermediate_experiment_outputs_full_reservoir/multi_tactic/2026-01-10_20-46-34_multi_tactic/individual/44a832ece8008bd1395f1b6769225bbf05e1a101efc5e245df262aceb52ff97e.json
[2026-01-10 21:47:12] [process_single_sorry] Instance context closed successfully
[2026-01-10 21:47:12] [process_single_sorry] Parsing result file...
[2026-01-10 21:47:12] [process_single_sorry] Successfully parsed result (list format, 1 results)
