[2026-01-10 23:23:20] [process_single_sorry] Starting for sorry 4c9b630e2ca128cfe2484e07a57de6c612f3b7315ad3311d0612b7be9bd5396b
[2026-01-10 23:23:20] [process_single_sorry] Using snapshot: snapshot_0k62eugh
[2026-01-10 23:23:20] [process_single_sorry] Repository: https://github.com/leanprover-community/batteries@43154d6025d58ffe466dd5d8670e31b7f4b4d2a9
[2026-01-10 23:23:20] [process_single_sorry] Instance name: batteries_43154d6025d5_multi_tactic_4c9b630e2ca128cfe2484e07a57de6c612f3b7315ad3311d0612b7be9bd5396b
[2026-01-10 23:23:20] [process_single_sorry] Starting attempt 1/3
[2026-01-10 23:23:20] [process_single_sorry] Starting instance from snapshot...
[2026-01-10 23:23:21] [process_single_sorry] Instance started successfully: morphvm_kgbgwnn0
[2026-01-10 23:23:21] [process_single_sorry] Creating .env file...
[2026-01-10 23:23:23] [process_single_sorry] .env file created (exit_code: 0)
[2026-01-10 23:23:23] [process_single_sorry] Executing agent command...
[2026-01-10 23:23:45] [process_single_sorry] Agent command completed (exit_code: 0)
[2026-01-10 23:23:45] [process_single_sorry] STDOUT:

Results JSON:
[
  {
    "sorry": {
      "repo": {
        "remote": "https://github.com/leanprover-community/batteries",
        "branch": "upstream-list-finrange",
        "commit": "43154d6025d58ffe466dd5d8670e31b7f4b4d2a9",
        "lean_version": "v4.26.0-rc2"
      },
      "location": {
        "path": "BatteriesTest/conv_equals.lean",
        "start_line": 22,
        "start_column": 2,
        "end_line": 22,
        "end_column": 7
      },
      "debug_info": {
        "goal": "P : (Nat → Nat) → Prop\n⊢ P fun n => 0",
        "url": "https://github.com/leanprover-community/batteries/blob/43154d6025d58ffe466dd5d8670e31b7f4b4d2a9/BatteriesTest/conv_equals.lean#L22"
      },
      "metadata": {
        "blame_email_hash": "1e9dd229978a",
        "blame_date": "2023-08-19T05:19:41+02:00",
        "inclusion_date": "2025-12-30T13:20:54.748949+00:00"
      },
      "id": "4c9b630e2ca128cfe2484e07a57de6c612f3b7315ad3311d0612b7be9bd5396b"
    },
    "proof": null,
    "proof_verified": false,
    "feedback": null,
    "verification_message": "All 11 attempts failed (11 strategies x 1 attempts each)",
    "success": true,
    "error_type": null,
    "error_message": null,
    "strategy_name": "all_failed_k=1",
    "proof_attempts": [
      "rfl",
      "simp",
      "simp_all",
      "exact?",
      "grind",
      "ring",
      "norm_num",
      "omega",
      "linarith",
      "nlinarith",
      "aesop"
    ]
  }
]

[2026-01-10 23:23:45] [process_single_sorry] STDERR:
None of PyTorch, TensorFlow >= 2.0, or Flax have been found. Models won't be available and only tokenizers, configuration and file/data utilities can be used.
[2026-01-10 23:23:32] [INFO] ================================================================================
[2026-01-10 23:23:32] [INFO] Starting run_morphcloud_local.py
[2026-01-10 23:23:32] [INFO] ================================================================================
[2026-01-10 23:23:32] [INFO] Environment loaded
[2026-01-10 23:23:32] [INFO] Full command: /root/SorryDB/sorrydb/cli/run_morphcloud_local.py --repo-path /root/repo --sorry-json {"repo": {"remote": "https://github.com/leanprover-community/batteries", "branch": "upstream-list-finrange", "commit": "43154d6025d58ffe466dd5d8670e31b7f4b4d2a9", "lean_version": "v4.26.0-rc2"}, "location": {"path": "BatteriesTest/conv_equals.lean", "start_line": 22, "start_column": 2, "end_line": 22, "end_column": 7}, "debug_info": {"goal": "P : (Nat \u2192 Nat) \u2192 Prop\n\u22a2 P fun n => 0", "url": "https://github.com/leanprover-community/batteries/blob/43154d6025d58ffe466dd5d8670e31b7f4b4d2a9/BatteriesTest/conv_equals.lean#L22"}, "metadata": {"blame_email_hash": "1e9dd229978a", "blame_date": "2023-08-19T05:19:41+02:00", "inclusion_date": "2025-12-30T13:20:54.748949+00:00"}, "id": "4c9b630e2ca128cfe2484e07a57de6c612f3b7315ad3311d0612b7be9bd5396b"} --agent-strategy {"name": "multi_tactic", "args": {}}
[2026-01-10 23:23:32] [INFO] Arguments parsed: repo_path=/root/repo, output_path=/root/repo/result.json
[2026-01-10 23:23:32] [INFO] Strategy spec: {"name": "multi_tactic", "args": {}}...
[2026-01-10 23:23:32] [INFO] Loading sorry data...
[2026-01-10 23:23:32] [INFO] Parsing sorry from JSON string...
[2026-01-10 23:23:32] [INFO] Sorry data parsed from JSON string
[2026-01-10 23:23:32] [INFO] Creating strategy from spec...
[2026-01-10 23:23:32] [INFO] Parsing strategy spec (length: 36 chars)
[2026-01-10 23:23:32] [INFO] Strategy name: multi_tactic
[2026-01-10 23:23:32] [INFO] Strategy args: {}
[2026-01-10 23:23:32] [INFO] Pass@k value: 1
[2026-01-10 23:23:32] [INFO] Creating strategy: multi_tactic
[2026-01-10 23:23:32] [INFO] Creating multi_tactic strategy with tactics: ['rfl', 'simp', 'simp_all', 'exact?', 'grind', 'ring', 'norm_num', 'omega', 'linarith', 'nlinarith', 'aesop']
[2026-01-10 23:23:32] [INFO] Strategies created: ['rfl', 'simp', 'simp_all', 'exact?', 'grind', 'ring', 'norm_num', 'omega', 'linarith', 'nlinarith', 'aesop']
[2026-01-10 23:23:32] [INFO] Pass@k value: 1
[2026-01-10 23:23:32] [INFO] Creating Sorry object...
[2026-01-10 23:23:32] [INFO] Sorry object created: id=4c9b630e2ca128cfe2484e07a57de6c612f3b7315ad3311d0612b7be9bd5396b
[2026-01-10 23:23:32] [INFO] Sorry location: BatteriesTest/conv_equals.lean:22
[2026-01-10 23:23:32] [INFO] Context before sorry (lines 17-22):
[2026-01-10 23:23:32] [INFO]   17:     -- current goal: ⊢ n - n = 0
[2026-01-10 23:23:32] [INFO]   18:     guard_target =ₛ n - n = 0
[2026-01-10 23:23:32] [INFO]   19:     apply Nat.sub_self
[2026-01-10 23:23:32] [INFO]   20:   guard_target =ₛ P (fun n => 0)
[2026-01-10 23:23:32] [INFO]   21:   -- current goal: P (fun n => 0)
[2026-01-10 23:23:32] [INFO]   22:   sorry
[2026-01-10 23:23:32] [INFO] Sorry line:   sorry
[2026-01-10 23:23:32] [INFO] Sorry goal: P : (Nat → Nat) → Prop
⊢ P fun n => 0...
[2026-01-10 23:23:32] [INFO] ========================================
[2026-01-10 23:23:32] [INFO] Trying strategy: rfl (up to 1 attempts)
[2026-01-10 23:23:32] [INFO] --------------------
[2026-01-10 23:23:32] [INFO] Strategy rfl, attempt 1/1
[2026-01-10 23:23:32] [INFO] Starting proof generation...
[2026-01-10 23:23:32] [INFO] Repository path: /root/repo
[2026-01-10 23:23:32] [INFO] Proof generation completed
[2026-01-10 23:23:32] [INFO] Generated proof:
[2026-01-10 23:23:32] [INFO] rfl
[2026-01-10 23:23:32] [INFO] Proof length: 3 chars
[2026-01-10 23:23:32] [INFO] Starting proof verification...
[2026-01-10 23:23:32] [INFO] Verifying at: BatteriesTest/conv_equals.lean:22
[2026-01-10 23:23:32] [INFO] Using LEAN INTERACT verify
[2026-01-10 23:23:32] [INFO] Checking file
[2026-01-10 23:23:35] [INFO] Cannot build modified file <error line="22" column="2">
<code_line>  rfl</code_line>
<message>error: Tactic `rfl` failed: Expected the goal to be a binary relation</message>
</error>

Hint: Reflexivity tactics can only be used on goals of the form `x ~ x` or `R x x`

P : (Nat → Nat) → Prop
⊢ P fun n => 0
<error line="14" column="0">
<code_line>#guard_msgs in</code_line>
<message>error: ❌️ Docstring on `#guard_msgs` does not match generated message:</message>
</error>

+ error: Tactic `rfl` failed: Expected the goal to be a binary relation
+
+ Hint: Reflexivity tactics can only be used on goals of the form `x ~ x` or `R x x`
+
+ P : (Nat → Nat) → Prop
+ ⊢ P fun n => 0
[2026-01-10 23:23:35] [INFO] Proof verification completed
[2026-01-10 23:23:35] [INFO] Strategy rfl attempt 1: verified=False
[2026-01-10 23:23:35] [INFO] Verification message: Cannot build modified file: <error line="22" column="2">
<code_line>  rfl</code_line>
<message>error: Tactic `rfl` failed: Expected the goal to be a binary relation</message>
</error>

Hint: Reflexivity tactics can only be used on goals of the form `x ~ x` or `R x x`

P : (Nat → Nat) → Prop
⊢ P fun n => 0
<error line="14" column="0">
<code_line>#guard_msgs in</code_line>
<message>error: ❌️ Docstring on `#guard_msgs` does not match generated message:</message>
</error>

+ error: Tactic `rfl` failed: Expected the goal to be a binary relation
+
+ Hint: Reflexivity tactics can only be used on goals of the form `x ~ x` or `R x x`
+
+ P : (Nat → Nat) → Prop
+ ⊢ P fun n => 0

[2026-01-10 23:23:35] [INFO] Attempt 1 failed verification, continuing...
[2026-01-10 23:23:35] [INFO] ========================================
[2026-01-10 23:23:35] [INFO] Trying strategy: simp (up to 1 attempts)
[2026-01-10 23:23:35] [INFO] --------------------
[2026-01-10 23:23:35] [INFO] Strategy simp, attempt 1/1
[2026-01-10 23:23:35] [INFO] Starting proof generation...
[2026-01-10 23:23:35] [INFO] Repository path: /root/repo
[2026-01-10 23:23:35] [INFO] Proof generation completed
[2026-01-10 23:23:35] [INFO] Generated proof:
[2026-01-10 23:23:35] [INFO] simp
[2026-01-10 23:23:35] [INFO] Proof length: 4 chars
[2026-01-10 23:23:35] [INFO] Starting proof verification...
[2026-01-10 23:23:35] [INFO] Verifying at: BatteriesTest/conv_equals.lean:22
[2026-01-10 23:23:35] [INFO] Using LEAN INTERACT verify
[2026-01-10 23:23:35] [INFO] Checking file
[2026-01-10 23:23:36] [INFO] Cannot build modified file <error line="22" column="2">
<code_line>  simp</code_line>
<message>error: `simp` made no progress</message>
</error>
<error line="14" column="0">
<code_line>#guard_msgs in</code_line>
<message>error: ❌️ Docstring on `#guard_msgs` does not match generated message:</message>
</error>

+ error: `simp` made no progress
[2026-01-10 23:23:36] [INFO] Proof verification completed
[2026-01-10 23:23:36] [INFO] Strategy simp attempt 1: verified=False
[2026-01-10 23:23:36] [INFO] Verification message: Cannot build modified file: <error line="22" column="2">
<code_line>  simp</code_line>
<message>error: `simp` made no progress</message>
</error>
<error line="14" column="0">
<code_line>#guard_msgs in</code_line>
<message>error: ❌️ Docstring on `#guard_msgs` does not match generated message:</message>
</error>

+ error: `simp` made no progress

[2026-01-10 23:23:36] [INFO] Attempt 1 failed verification, continuing...
[2026-01-10 23:23:36] [INFO] ========================================
[2026-01-10 23:23:36] [INFO] Trying strategy: simp_all (up to 1 attempts)
[2026-01-10 23:23:36] [INFO] --------------------
[2026-01-10 23:23:36] [INFO] Strategy simp_all, attempt 1/1
[2026-01-10 23:23:36] [INFO] Starting proof generation...
[2026-01-10 23:23:36] [INFO] Repository path: /root/repo
[2026-01-10 23:23:36] [INFO] Proof generation completed
[2026-01-10 23:23:36] [INFO] Generated proof:
[2026-01-10 23:23:36] [INFO] simp_all
[2026-01-10 23:23:36] [INFO] Proof length: 8 chars
[2026-01-10 23:23:36] [INFO] Starting proof verification...
[2026-01-10 23:23:36] [INFO] Verifying at: BatteriesTest/conv_equals.lean:22
[2026-01-10 23:23:36] [INFO] Using LEAN INTERACT verify
[2026-01-10 23:23:36] [INFO] Checking file
[2026-01-10 23:23:36] [INFO] Cannot build modified file <error line="22" column="2">
<code_line>  simp_all</code_line>
<message>error: simp_all made no progress</message>
</error>
<error line="14" column="0">
<code_line>#guard_msgs in</code_line>
<message>error: ❌️ Docstring on `#guard_msgs` does not match generated message:</message>
</error>

+ error: simp_all made no progress
[2026-01-10 23:23:36] [INFO] Proof verification completed
[2026-01-10 23:23:36] [INFO] Strategy simp_all attempt 1: verified=False
[2026-01-10 23:23:36] [INFO] Verification message: Cannot build modified file: <error line="22" column="2">
<code_line>  simp_all</code_line>
<message>error: simp_all made no progress</message>
</error>
<error line="14" column="0">
<code_line>#guard_msgs in</code_line>
<message>error: ❌️ Docstring on `#guard_msgs` does not match generated message:</message>
</error>

+ error: simp_all made no progress

[2026-01-10 23:23:36] [INFO] Attempt 1 failed verification, continuing...
[2026-01-10 23:23:36] [INFO] ========================================
[2026-01-10 23:23:36] [INFO] Trying strategy: exact? (up to 1 attempts)
[2026-01-10 23:23:36] [INFO] --------------------
[2026-01-10 23:23:36] [INFO] Strategy exact?, attempt 1/1
[2026-01-10 23:23:36] [INFO] Starting proof generation...
[2026-01-10 23:23:36] [INFO] Repository path: /root/repo
[2026-01-10 23:23:36] [INFO] Proof generation completed
[2026-01-10 23:23:36] [INFO] Generated proof:
[2026-01-10 23:23:36] [INFO] exact?
[2026-01-10 23:23:36] [INFO] Proof length: 6 chars
[2026-01-10 23:23:36] [INFO] Starting proof verification...
[2026-01-10 23:23:36] [INFO] Verifying at: BatteriesTest/conv_equals.lean:22
[2026-01-10 23:23:36] [INFO] Using LEAN INTERACT verify
[2026-01-10 23:23:36] [INFO] Checking file
[2026-01-10 23:23:38] [INFO] Cannot build modified file <error line="22" column="2">
<code_line>  exact?</code_line>
<message>error: `exact?` could not close the goal.</message>
</error>
<error line="14" column="0">
<code_line>#guard_msgs in</code_line>
<message>error: ❌️ Docstring on `#guard_msgs` does not match generated message:</message>
</error>

+ error: `exact?` could not close the goal.
[2026-01-10 23:23:38] [INFO] Proof verification completed
[2026-01-10 23:23:38] [INFO] Strategy exact? attempt 1: verified=False
[2026-01-10 23:23:38] [INFO] Verification message: Cannot build modified file: <error line="22" column="2">
<code_line>  exact?</code_line>
<message>error: `exact?` could not close the goal.</message>
</error>
<error line="14" column="0">
<code_line>#guard_msgs in</code_line>
<message>error: ❌️ Docstring on `#guard_msgs` does not match generated message:</message>
</error>

+ error: `exact?` could not close the goal.

[2026-01-10 23:23:38] [INFO] Attempt 1 failed verification, continuing...
[2026-01-10 23:23:38] [INFO] ========================================
[2026-01-10 23:23:38] [INFO] Trying strategy: grind (up to 1 attempts)
[2026-01-10 23:23:38] [INFO] --------------------
[2026-01-10 23:23:38] [INFO] Strategy grind, attempt 1/1
[2026-01-10 23:23:38] [INFO] Starting proof generation...
[2026-01-10 23:23:38] [INFO] Repository path: /root/repo
[2026-01-10 23:23:38] [INFO] Proof generation completed
[2026-01-10 23:23:38] [INFO] Generated proof:
[2026-01-10 23:23:38] [INFO] grind
[2026-01-10 23:23:38] [INFO] Proof length: 5 chars
[2026-01-10 23:23:38] [INFO] Starting proof verification...
[2026-01-10 23:23:38] [INFO] Verifying at: BatteriesTest/conv_equals.lean:22
[2026-01-10 23:23:38] [INFO] Using LEAN INTERACT verify
[2026-01-10 23:23:38] [INFO] Checking file
[2026-01-10 23:23:38] [INFO] Cannot build modified file <error line="22" column="2">
<code_line>  grind</code_line>
<message>error: `grind` failed</message>
</error>
case grind
P : (Nat → Nat) → Prop
h : ¬P fun n => 0
⊢ False
[grind] Goal diagnostics
  [facts] Asserted facts
    [prop] ¬P fun n => 0
  [eqc] False propositions
    [prop] P fun n => 0
<error line="14" column="0">
<code_line>#guard_msgs in</code_line>
<message>error: ❌️ Docstring on `#guard_msgs` does not match generated message:</message>
</error>

+ error: `grind` failed
+ case grind
+ P : (Nat → Nat) → Prop
+ h : ¬P fun n => 0
+ ⊢ False
+ [grind] Goal diagnostics
+   [facts] Asserted facts
+     [prop] ¬P fun n => 0
+   [eqc] False propositions
+     [prop] P fun n => 0
[2026-01-10 23:23:38] [INFO] Proof verification completed
[2026-01-10 23:23:38] [INFO] Strategy grind attempt 1: verified=False
[2026-01-10 23:23:38] [INFO] Verification message: Cannot build modified file: <error line="22" column="2">
<code_line>  grind</code_line>
<message>error: `grind` failed</message>
</error>
case grind
P : (Nat → Nat) → Prop
h : ¬P fun n => 0
⊢ False
[grind] Goal diagnostics
  [facts] Asserted facts
    [prop] ¬P fun n => 0
  [eqc] False propositions
    [prop] P fun n => 0
<error line="14" column="0">
<code_line>#guard_msgs in</code_line>
<message>error: ❌️ Docstring on `#guard_msgs` does not match generated message:</message>
</error>

+ error: `grind` failed
+ case grind
+ P : (Nat → Nat) → Prop
+ h : ¬P fun n => 0
+ ⊢ False
+ [grind] Goal diagnostics
+   [facts] Asserted facts
+     [prop] ¬P fun n => 0
+   [eqc] False propositions
+     [prop] P fun n => 0

[2026-01-10 23:23:38] [INFO] Attempt 1 failed verification, continuing...
[2026-01-10 23:23:38] [INFO] ========================================
[2026-01-10 23:23:38] [INFO] Trying strategy: ring (up to 1 attempts)
[2026-01-10 23:23:38] [INFO] --------------------
[2026-01-10 23:23:38] [INFO] Strategy ring, attempt 1/1
[2026-01-10 23:23:38] [INFO] Starting proof generation...
[2026-01-10 23:23:38] [INFO] Repository path: /root/repo
[2026-01-10 23:23:38] [INFO] Proof generation completed
[2026-01-10 23:23:38] [INFO] Generated proof:
[2026-01-10 23:23:38] [INFO] ring
[2026-01-10 23:23:38] [INFO] Proof length: 4 chars
[2026-01-10 23:23:38] [INFO] Starting proof verification...
[2026-01-10 23:23:38] [INFO] Verifying at: BatteriesTest/conv_equals.lean:22
[2026-01-10 23:23:38] [INFO] Using LEAN INTERACT verify
[2026-01-10 23:23:38] [INFO] Checking file
[2026-01-10 23:23:39] [INFO] Cannot build modified file <error line="22" column="3">
<code_line>  ring</code_line>
<message>error: unknown tactic</message>
</error>
<error line="15" column="57">
<code_line>example (P : (Nat → Nat) → Prop) : P (fun n => n - n) := by</code_line>
<message>error: unsolved goals</message>
</error>
P : (Nat → Nat) → Prop
⊢ P fun n => 0
[2026-01-10 23:23:39] [INFO] Proof verification completed
[2026-01-10 23:23:39] [INFO] Strategy ring attempt 1: verified=False
[2026-01-10 23:23:39] [INFO] Verification message: Cannot build modified file: <error line="22" column="3">
<code_line>  ring</code_line>
<message>error: unknown tactic</message>
</error>
<error line="15" column="57">
<code_line>example (P : (Nat → Nat) → Prop) : P (fun n => n - n) := by</code_line>
<message>error: unsolved goals</message>
</error>
P : (Nat → Nat) → Prop
⊢ P fun n => 0

[2026-01-10 23:23:39] [INFO] Attempt 1 failed verification, continuing...
[2026-01-10 23:23:39] [INFO] ========================================
[2026-01-10 23:23:39] [INFO] Trying strategy: norm_num (up to 1 attempts)
[2026-01-10 23:23:39] [INFO] --------------------
[2026-01-10 23:23:39] [INFO] Strategy norm_num, attempt 1/1
[2026-01-10 23:23:39] [INFO] Starting proof generation...
[2026-01-10 23:23:39] [INFO] Repository path: /root/repo
[2026-01-10 23:23:39] [INFO] Proof generation completed
[2026-01-10 23:23:39] [INFO] Generated proof:
[2026-01-10 23:23:39] [INFO] norm_num
[2026-01-10 23:23:39] [INFO] Proof length: 8 chars
[2026-01-10 23:23:39] [INFO] Starting proof verification...
[2026-01-10 23:23:39] [INFO] Verifying at: BatteriesTest/conv_equals.lean:22
[2026-01-10 23:23:39] [INFO] Using LEAN INTERACT verify
[2026-01-10 23:23:39] [INFO] Checking file
[2026-01-10 23:23:40] [INFO] Cannot build modified file <error line="22" column="3">
<code_line>  norm_num</code_line>
<message>error: unknown tactic</message>
</error>
<error line="15" column="57">
<code_line>example (P : (Nat → Nat) → Prop) : P (fun n => n - n) := by</code_line>
<message>error: unsolved goals</message>
</error>
P : (Nat → Nat) → Prop
⊢ P fun n => 0
[2026-01-10 23:23:40] [INFO] Proof verification completed
[2026-01-10 23:23:40] [INFO] Strategy norm_num attempt 1: verified=False
[2026-01-10 23:23:40] [INFO] Verification message: Cannot build modified file: <error line="22" column="3">
<code_line>  norm_num</code_line>
<message>error: unknown tactic</message>
</error>
<error line="15" column="57">
<code_line>example (P : (Nat → Nat) → Prop) : P (fun n => n - n) := by</code_line>
<message>error: unsolved goals</message>
</error>
P : (Nat → Nat) → Prop
⊢ P fun n => 0

[2026-01-10 23:23:40] [INFO] Attempt 1 failed verification, continuing...
[2026-01-10 23:23:40] [INFO] ========================================
[2026-01-10 23:23:40] [INFO] Trying strategy: omega (up to 1 attempts)
[2026-01-10 23:23:40] [INFO] --------------------
[2026-01-10 23:23:40] [INFO] Strategy omega, attempt 1/1
[2026-01-10 23:23:40] [INFO] Starting proof generation...
[2026-01-10 23:23:40] [INFO] Repository path: /root/repo
[2026-01-10 23:23:40] [INFO] Proof generation completed
[2026-01-10 23:23:40] [INFO] Generated proof:
[2026-01-10 23:23:40] [INFO] omega
[2026-01-10 23:23:40] [INFO] Proof length: 5 chars
[2026-01-10 23:23:40] [INFO] Starting proof verification...
[2026-01-10 23:23:40] [INFO] Verifying at: BatteriesTest/conv_equals.lean:22
[2026-01-10 23:23:40] [INFO] Using LEAN INTERACT verify
[2026-01-10 23:23:40] [INFO] Checking file
[2026-01-10 23:23:40] [INFO] Cannot build modified file <error line="22" column="2">
<code_line>  omega</code_line>
<message>error: omega could not prove the goal:</message>
</error>
No usable constraints found. You may need to unfold definitions so `omega` can see linear arithmetic facts about `Nat` and `Int`, which may also involve multiplication, division, and modular remainder by constants.
<error line="14" column="0">
<code_line>#guard_msgs in</code_line>
<message>error: ❌️ Docstring on `#guard_msgs` does not match generated message:</message>
</error>

+ error: omega could not prove the goal:
+ No usable constraints found. You may need to unfold definitions so `omega` can see linear arithmetic facts about `Nat` and `Int`, which may also involve multiplication, division, and modular remainder by constants.
[2026-01-10 23:23:40] [INFO] Proof verification completed
[2026-01-10 23:23:40] [INFO] Strategy omega attempt 1: verified=False
[2026-01-10 23:23:40] [INFO] Verification message: Cannot build modified file: <error line="22" column="2">
<code_line>  omega</code_line>
<message>error: omega could not prove the goal:</message>
</error>
No usable constraints found. You may need to unfold definitions so `omega` can see linear arithmetic facts about `Nat` and `Int`, which may also involve multiplication, division, and modular remainder by constants.
<error line="14" column="0">
<code_line>#guard_msgs in</code_line>
<message>error: ❌️ Docstring on `#guard_msgs` does not match generated message:</message>
</error>

+ error: omega could not prove the goal:
+ No usable constraints found. You may need to unfold definitions so `omega` can see linear arithmetic facts about `Nat` and `Int`, which may also involve multiplication, division, and modular remainder by constants.

[2026-01-10 23:23:40] [INFO] Attempt 1 failed verification, continuing...
[2026-01-10 23:23:40] [INFO] ========================================
[2026-01-10 23:23:40] [INFO] Trying strategy: linarith (up to 1 attempts)
[2026-01-10 23:23:40] [INFO] --------------------
[2026-01-10 23:23:40] [INFO] Strategy linarith, attempt 1/1
[2026-01-10 23:23:40] [INFO] Starting proof generation...
[2026-01-10 23:23:40] [INFO] Repository path: /root/repo
[2026-01-10 23:23:40] [INFO] Proof generation completed
[2026-01-10 23:23:40] [INFO] Generated proof:
[2026-01-10 23:23:40] [INFO] linarith
[2026-01-10 23:23:40] [INFO] Proof length: 8 chars
[2026-01-10 23:23:40] [INFO] Starting proof verification...
[2026-01-10 23:23:40] [INFO] Verifying at: BatteriesTest/conv_equals.lean:22
[2026-01-10 23:23:40] [INFO] Using LEAN INTERACT verify
[2026-01-10 23:23:40] [INFO] Checking file
[2026-01-10 23:23:41] [INFO] Cannot build modified file <error line="22" column="3">
<code_line>  linarith</code_line>
<message>error: unknown tactic</message>
</error>
<error line="15" column="57">
<code_line>example (P : (Nat → Nat) → Prop) : P (fun n => n - n) := by</code_line>
<message>error: unsolved goals</message>
</error>
P : (Nat → Nat) → Prop
⊢ P fun n => 0
[2026-01-10 23:23:41] [INFO] Proof verification completed
[2026-01-10 23:23:41] [INFO] Strategy linarith attempt 1: verified=False
[2026-01-10 23:23:41] [INFO] Verification message: Cannot build modified file: <error line="22" column="3">
<code_line>  linarith</code_line>
<message>error: unknown tactic</message>
</error>
<error line="15" column="57">
<code_line>example (P : (Nat → Nat) → Prop) : P (fun n => n - n) := by</code_line>
<message>error: unsolved goals</message>
</error>
P : (Nat → Nat) → Prop
⊢ P fun n => 0

[2026-01-10 23:23:41] [INFO] Attempt 1 failed verification, continuing...
[2026-01-10 23:23:41] [INFO] ========================================
[2026-01-10 23:23:41] [INFO] Trying strategy: nlinarith (up to 1 attempts)
[2026-01-10 23:23:41] [INFO] --------------------
[2026-01-10 23:23:41] [INFO] Strategy nlinarith, attempt 1/1
[2026-01-10 23:23:41] [INFO] Starting proof generation...
[2026-01-10 23:23:41] [INFO] Repository path: /root/repo
[2026-01-10 23:23:41] [INFO] Proof generation completed
[2026-01-10 23:23:41] [INFO] Generated proof:
[2026-01-10 23:23:41] [INFO] nlinarith
[2026-01-10 23:23:41] [INFO] Proof length: 9 chars
[2026-01-10 23:23:41] [INFO] Starting proof verification...
[2026-01-10 23:23:41] [INFO] Verifying at: BatteriesTest/conv_equals.lean:22
[2026-01-10 23:23:41] [INFO] Using LEAN INTERACT verify
[2026-01-10 23:23:41] [INFO] Checking file
[2026-01-10 23:23:41] [INFO] Cannot build modified file <error line="22" column="3">
<code_line>  nlinarith</code_line>
<message>error: unknown tactic</message>
</error>
<error line="15" column="57">
<code_line>example (P : (Nat → Nat) → Prop) : P (fun n => n - n) := by</code_line>
<message>error: unsolved goals</message>
</error>
P : (Nat → Nat) → Prop
⊢ P fun n => 0
[2026-01-10 23:23:41] [INFO] Proof verification completed
[2026-01-10 23:23:41] [INFO] Strategy nlinarith attempt 1: verified=False
[2026-01-10 23:23:41] [INFO] Verification message: Cannot build modified file: <error line="22" column="3">
<code_line>  nlinarith</code_line>
<message>error: unknown tactic</message>
</error>
<error line="15" column="57">
<code_line>example (P : (Nat → Nat) → Prop) : P (fun n => n - n) := by</code_line>
<message>error: unsolved goals</message>
</error>
P : (Nat → Nat) → Prop
⊢ P fun n => 0

[2026-01-10 23:23:41] [INFO] Attempt 1 failed verification, continuing...
[2026-01-10 23:23:41] [INFO] ========================================
[2026-01-10 23:23:41] [INFO] Trying strategy: aesop (up to 1 attempts)
[2026-01-10 23:23:41] [INFO] --------------------
[2026-01-10 23:23:41] [INFO] Strategy aesop, attempt 1/1
[2026-01-10 23:23:41] [INFO] Starting proof generation...
[2026-01-10 23:23:41] [INFO] Repository path: /root/repo
[2026-01-10 23:23:41] [INFO] Proof generation completed
[2026-01-10 23:23:41] [INFO] Generated proof:
[2026-01-10 23:23:41] [INFO] aesop
[2026-01-10 23:23:41] [INFO] Proof length: 5 chars
[2026-01-10 23:23:41] [INFO] Starting proof verification...
[2026-01-10 23:23:41] [INFO] Verifying at: BatteriesTest/conv_equals.lean:22
[2026-01-10 23:23:41] [INFO] Using LEAN INTERACT verify
[2026-01-10 23:23:41] [INFO] Checking file
[2026-01-10 23:23:42] [INFO] Cannot build modified file <error line="22" column="3">
<code_line>  aesop</code_line>
<message>error: unknown tactic</message>
</error>
<error line="15" column="57">
<code_line>example (P : (Nat → Nat) → Prop) : P (fun n => n - n) := by</code_line>
<message>error: unsolved goals</message>
</error>
P : (Nat → Nat) → Prop
⊢ P fun n => 0
[2026-01-10 23:23:42] [INFO] Proof verification completed
[2026-01-10 23:23:42] [INFO] Strategy aesop attempt 1: verified=False
[2026-01-10 23:23:42] [INFO] Verification message: Cannot build modified file: <error line="22" column="3">
<code_line>  aesop</code_line>
<message>error: unknown tactic</message>
</error>
<error line="15" column="57">
<code_line>example (P : (Nat → Nat) → Prop) : P (fun n => n - n) := by</code_line>
<message>error: unsolved goals</message>
</error>
P : (Nat → Nat) → Prop
⊢ P fun n => 0

[2026-01-10 23:23:42] [INFO] Attempt 1 failed verification, continuing...
[2026-01-10 23:23:42] [INFO] ========================================
[2026-01-10 23:23:42] [INFO] Pass@k completed. Total results: 1
[2026-01-10 23:23:42] [INFO] FAILED: All 11 strategies x 1 attempts
[2026-01-10 23:23:42] [INFO] Writing results to file: /root/repo/result.json
[2026-01-10 23:23:42] [INFO] Result file written successfully
[2026-01-10 23:23:42] [INFO] Results exported to: /root/repo/result.json
[2026-01-10 23:23:42] [INFO] run_morphcloud_local.py completed successfully

[2026-01-10 23:23:45] [process_single_sorry] Downloading result file...
[2026-01-10 23:23:45] [process_single_sorry] Downloaded result to intermediate_experiment_outputs_full_reservoir/multi_tactic/2026-01-10_20-46-34_multi_tactic/individual/4c9b630e2ca128cfe2484e07a57de6c612f3b7315ad3311d0612b7be9bd5396b.json
[2026-01-10 23:23:46] [process_single_sorry] Instance context closed successfully
[2026-01-10 23:23:46] [process_single_sorry] Parsing result file...
[2026-01-10 23:23:46] [process_single_sorry] Successfully parsed result (list format, 1 results)
