[2026-01-10 22:24:28] [process_single_sorry] Starting for sorry 5147dc163419a71d858b6cfcb6373fb200146a6f6030395ba2558be13b536dcc
[2026-01-10 22:24:28] [process_single_sorry] Using snapshot: snapshot_11r0a1ns
[2026-01-10 22:24:28] [process_single_sorry] Repository: https://github.com/VCA-EPFL/graphiti@e2c8c3d6b29d196aaf032a2f0aa7ec5adb1793aa
[2026-01-10 22:24:28] [process_single_sorry] Instance name: graphiti_e2c8c3d6b29d_multi_tactic_5147dc163419a71d858b6cfcb6373fb200146a6f6030395ba2558be13b536dcc
[2026-01-10 22:24:28] [process_single_sorry] Starting attempt 1/3
[2026-01-10 22:24:28] [process_single_sorry] Starting instance from snapshot...
[2026-01-10 22:24:28] [process_single_sorry] Instance started successfully: morphvm_ff68v1ac
[2026-01-10 22:24:28] [process_single_sorry] Creating .env file...
[2026-01-10 22:24:32] [process_single_sorry] .env file created (exit_code: 0)
[2026-01-10 22:24:32] [process_single_sorry] Executing agent command...
[2026-01-10 22:27:57] [process_single_sorry] Agent command completed (exit_code: 0)
[2026-01-10 22:27:57] [process_single_sorry] STDOUT:
Lake version 5.0.0-6741444 (Lean version 4.21.0)
Current branch: HEAD
Using cache (Azure) from origin: leanprover-community/mathlib4
No files to download
Decompressing 7572 file(s)
Unpacked in 90116 ms
Completed successfully!
⚠ [40/192] Replayed Graphiti.Core.Module
warning: Graphiti/Core/Module.lean:176:4: declaration uses 'sorry'
warning: Graphiti/Core/Module.lean:175:2: declaration uses 'sorry'
warning: Graphiti/Core/Module.lean:185:4: declaration uses 'sorry'
warning: Graphiti/Core/Module.lean:184:2: declaration uses 'sorry'
⚠ [73/192] Replayed Graphiti.Core.Rewrites.JoinRewrite
warning: Graphiti/Core/Rewrites/JoinRewrite.lean:14:4: declaration uses 'sorry'
⚠ [156/192] Replayed Graphiti.Core.ModuleLemmas
warning: Graphiti/Core/ModuleLemmas.lean:1801:8: declaration uses 'sorry'
⚠ [157/192] Replayed Graphiti.Core.Environment
warning: Graphiti/Core/Environment.lean:150:8: declaration uses 'sorry'
⚠ [3089/3096] Replayed Graphiti.Core.ExprLowLemmas
warning: Graphiti/Core/ExprLowLemmas.lean:3069:8: declaration uses 'sorry'
warning: Graphiti/Core/ExprLowLemmas.lean:3153:8: declaration uses 'sorry'
Build completed successfully (3096 jobs).
[22:27:28] INFO     Updated version-specific REPL cache to commit  config.py:388
                    3ecc010bc9b893bd2672bb36d1b1da8205933664                    

Results JSON:
[
  {
    "sorry": {
      "repo": {
        "remote": "https://github.com/VCA-EPFL/graphiti",
        "branch": "faster-commuting",
        "commit": "e2c8c3d6b29d196aaf032a2f0aa7ec5adb1793aa",
        "lean_version": "v4.26.0-rc2"
      },
      "location": {
        "path": "Graphiti/Projects/Noc/Utils.lean",
        "start_line": 431,
        "start_column": 8,
        "end_line": 431,
        "end_column": 13
      },
      "debug_info": {
        "goal": "α : Type u_1\nl1 l2 : List α\nhPerm : l1.Perm l2\n⊢ ∀ (x : α), x ∈ l1 → x ∈ l2",
        "url": "https://github.com/VCA-EPFL/graphiti/blob/e2c8c3d6b29d196aaf032a2f0aa7ec5adb1793aa/Graphiti/Projects/Noc/Utils.lean#L431"
      },
      "metadata": {
        "blame_email_hash": "62ce473b4890",
        "blame_date": "2025-07-29T13:44:08+02:00",
        "inclusion_date": "2025-12-29T18:50:25.458860+00:00"
      },
      "id": "5147dc163419a71d858b6cfcb6373fb200146a6f6030395ba2558be13b536dcc"
    },
    "proof": "grind",
    "proof_verified": true,
    "feedback": null,
    "verification_message": "Proof verified successfully",
    "success": true,
    "error_type": null,
    "error_message": null,
    "strategy_name": "grind",
    "proof_attempts": null
  }
]

[2026-01-10 22:27:57] [process_single_sorry] STDERR:
None of PyTorch, TensorFlow >= 2.0, or Flax have been found. Models won't be available and only tokenizers, configuration and file/data utilities can be used.
[2026-01-10 22:24:41] [INFO] ================================================================================
[2026-01-10 22:24:41] [INFO] Starting run_morphcloud_local.py
[2026-01-10 22:24:41] [INFO] ================================================================================
[2026-01-10 22:24:42] [INFO] Environment loaded
[2026-01-10 22:24:42] [INFO] Full command: /root/SorryDB/sorrydb/cli/run_morphcloud_local.py --repo-path /root/repo --sorry-json {"repo": {"remote": "https://github.com/VCA-EPFL/graphiti", "branch": "faster-commuting", "commit": "e2c8c3d6b29d196aaf032a2f0aa7ec5adb1793aa", "lean_version": "v4.26.0-rc2"}, "location": {"path": "Graphiti/Projects/Noc/Utils.lean", "start_line": 431, "start_column": 8, "end_line": 431, "end_column": 13}, "debug_info": {"goal": "\u03b1 : Type u_1\nl1 l2 : List \u03b1\nhPerm : l1.Perm l2\n\u22a2 \u2200 (x : \u03b1), x \u2208 l1 \u2192 x \u2208 l2", "url": "https://github.com/VCA-EPFL/graphiti/blob/e2c8c3d6b29d196aaf032a2f0aa7ec5adb1793aa/Graphiti/Projects/Noc/Utils.lean#L431"}, "metadata": {"blame_email_hash": "62ce473b4890", "blame_date": "2025-07-29T13:44:08+02:00", "inclusion_date": "2025-12-29T18:50:25.458860+00:00"}, "id": "5147dc163419a71d858b6cfcb6373fb200146a6f6030395ba2558be13b536dcc"} --agent-strategy {"name": "multi_tactic", "args": {}}
[2026-01-10 22:24:42] [INFO] Arguments parsed: repo_path=/root/repo, output_path=/root/repo/result.json
[2026-01-10 22:24:42] [INFO] Strategy spec: {"name": "multi_tactic", "args": {}}...
[2026-01-10 22:24:42] [INFO] Loading sorry data...
[2026-01-10 22:24:42] [INFO] Parsing sorry from JSON string...
[2026-01-10 22:24:42] [INFO] Sorry data parsed from JSON string
[2026-01-10 22:24:42] [INFO] Creating strategy from spec...
[2026-01-10 22:24:42] [INFO] Parsing strategy spec (length: 36 chars)
[2026-01-10 22:24:42] [INFO] Strategy name: multi_tactic
[2026-01-10 22:24:42] [INFO] Strategy args: {}
[2026-01-10 22:24:42] [INFO] Pass@k value: 1
[2026-01-10 22:24:42] [INFO] Creating strategy: multi_tactic
[2026-01-10 22:24:42] [INFO] Creating multi_tactic strategy with tactics: ['rfl', 'simp', 'simp_all', 'exact?', 'grind', 'ring', 'norm_num', 'omega', 'linarith', 'nlinarith', 'aesop']
[2026-01-10 22:24:42] [INFO] Strategies created: ['rfl', 'simp', 'simp_all', 'exact?', 'grind', 'ring', 'norm_num', 'omega', 'linarith', 'nlinarith', 'aesop']
[2026-01-10 22:24:42] [INFO] Pass@k value: 1
[2026-01-10 22:24:42] [INFO] Creating Sorry object...
[2026-01-10 22:24:42] [INFO] Sorry object created: id=5147dc163419a71d858b6cfcb6373fb200146a6f6030395ba2558be13b536dcc
[2026-01-10 22:24:42] [INFO] Sorry location: Graphiti/Projects/Noc/Utils.lean:431
[2026-01-10 22:24:42] [INFO] Context before sorry (lines 426-431):
[2026-01-10 22:24:42] [INFO]   426:             apply heq
[2026-01-10 22:24:42] [INFO]   427:             cases idx; cases idx'; simp at heq h <;> simp [h]
[2026-01-10 22:24:42] [INFO]   428: 
[2026-01-10 22:24:42] [INFO]   429:     theorem list_perm_in {l1 l2 : List α} (hPerm : l1.Perm l2) :
[2026-01-10 22:24:42] [INFO]   430:       ∀ x, x ∈ l1 → x ∈ l2 := by
[2026-01-10 22:24:42] [INFO]   431:         sorry
[2026-01-10 22:24:42] [INFO] Sorry line:         sorry
[2026-01-10 22:24:42] [INFO] Sorry goal: α : Type u_1
l1 l2 : List α
hPerm : l1.Perm l2
⊢ ∀ (x : α), x ∈ l1 → x ∈ l2...
[2026-01-10 22:24:42] [INFO] ========================================
[2026-01-10 22:24:42] [INFO] Trying strategy: rfl (up to 1 attempts)
[2026-01-10 22:24:42] [INFO] --------------------
[2026-01-10 22:24:42] [INFO] Strategy rfl, attempt 1/1
[2026-01-10 22:24:42] [INFO] Starting proof generation...
[2026-01-10 22:24:42] [INFO] Repository path: /root/repo
[2026-01-10 22:24:42] [INFO] Proof generation completed
[2026-01-10 22:24:42] [INFO] Generated proof:
[2026-01-10 22:24:42] [INFO] rfl
[2026-01-10 22:24:42] [INFO] Proof length: 3 chars
[2026-01-10 22:24:42] [INFO] Starting proof verification...
[2026-01-10 22:24:42] [INFO] Verifying at: Graphiti/Projects/Noc/Utils.lean:431
[2026-01-10 22:24:42] [INFO] Using LEAN INTERACT verify
[2026-01-10 22:24:42] [INFO] Checking file
[2026-01-10 22:24:55] [INFO] Cannot build modified file Note: This linter can be disabled with `set_option linter.unnecessarySimpa false`

Note: This linter can be disabled with `set_option linter.unnecessarySimpa false`

Note: This linter can be disabled with `set_option linter.unnecessarySimpa false`

Note: This linter can be disabled with `set_option linter.unnecessarySimpa false`

Note: This linter can be disabled with `set_option linter.unnecessarySimpa false`

Note: This linter can be disabled with `set_option linter.unnecessarySimpa false`

Note: This linter can be disabled with `set_option linter.unnecessarySimpa false`

Note: This linter can be disabled with `set_option linter.unnecessarySimpa false`

Note: This linter can be disabled with `set_option linter.unnecessarySimpa false`

Note: This linter can be disabled with `set_option linter.unnecessarySimpa false`

Note: This linter can be disabled with `set_option linter.unnecessarySimpa false`

Note: This linter can be disabled with `set_option linter.unnecessarySimpa false`

Note: This linter can be disabled with `set_option linter.unnecessarySimpa false`

Note: This linter can be disabled with `set_option linter.unnecessarySimpa false`

Note: This linter can be disabled with `set_option linter.unnecessarySeqFocus false`
<error line="431" column="8">
<code_line>        rfl</code_line>
<message>error: Tactic `rfl` failed: Expected the goal to be a binary relation</message>
</error>

Hint: Reflexivity tactics can only be used on goals of the form `x ~ x` or `R x x`

α : Type u_1
l1 l2 : List α
hPerm : l1.Perm l2
⊢ ∀ (x : α), x ∈ l1 → x ∈ l2

Note: This linter can be disabled with `set_option linter.unnecessarySimpa false`

Note: This linter can be disabled with `set_option linter.unnecessarySimpa false`
[2026-01-10 22:24:55] [INFO] Proof verification completed
[2026-01-10 22:24:55] [INFO] Strategy rfl attempt 1: verified=False
[2026-01-10 22:24:55] [INFO] Verification message: Cannot build modified file: Note: This linter can be disabled with `set_option linter.unnecessarySimpa false`

Note: This linter can be disabled with `set_option linter.unnecessarySimpa false`

Note: This linter can be disabled with `set_option linter.unnecessarySimpa false`

Note: This linter can be disabled with `set_option linter.unnecessarySimpa false`

Note: This linter can be disabled with `set_option linter.unnecessarySimpa false`

Note: This linter can be disabled with `set_option linter.unnecessarySimpa false`

Note: This linter can be disabled with `set_option linter.unnecessarySimpa false`

Note: This linter can be disabled with `set_option linter.unnecessarySimpa false`

Note: This linter can be disabled with `set_option linter.unnecessarySimpa false`

Note: This linter can be disabled with `set_option linter.unnecessarySimpa false`

Note: This linter can be disabled with `set_option linter.unnecessarySimpa false`

Note: This linter can be disabled with `set_option linter.unnecessarySimpa false`

Note: This linter can be disabled with `set_option linter.unnecessarySimpa false`

Note: This linter can be disabled with `set_option linter.unnecessarySimpa false`

Note: This linter can be disabled with `set_option linter.unnecessarySeqFocus false`
<error line="431" column="8">
<code_line>        rfl</code_line>
<message>error: Tactic `rfl` failed: Expected the goal to be a binary relation</message>
</error>

Hint: Reflexivity tactics can only be used on goals of the form `x ~ x` or `R x x`

α : Type u_1
l1 l2 : List α
hPerm : l1.Perm l2
⊢ ∀ (x : α), x ∈ l1 → x ∈ l2

Note: This linter can be disabled with `set_option linter.unnecessarySimpa false`

Note: This linter can be disabled with `set_option linter.unnecessarySimpa false`

[2026-01-10 22:24:55] [INFO] Attempt 1 failed verification, continuing...
[2026-01-10 22:24:55] [INFO] ========================================
[2026-01-10 22:24:55] [INFO] Trying strategy: simp (up to 1 attempts)
[2026-01-10 22:24:55] [INFO] --------------------
[2026-01-10 22:24:55] [INFO] Strategy simp, attempt 1/1
[2026-01-10 22:24:55] [INFO] Starting proof generation...
[2026-01-10 22:24:55] [INFO] Repository path: /root/repo
[2026-01-10 22:24:55] [INFO] Proof generation completed
[2026-01-10 22:24:55] [INFO] Generated proof:
[2026-01-10 22:24:55] [INFO] simp
[2026-01-10 22:24:55] [INFO] Proof length: 4 chars
[2026-01-10 22:24:55] [INFO] Starting proof verification...
[2026-01-10 22:24:55] [INFO] Verifying at: Graphiti/Projects/Noc/Utils.lean:431
[2026-01-10 22:24:55] [INFO] Using LEAN INTERACT verify
[2026-01-10 22:24:55] [INFO] Checking file
[2026-01-10 22:25:02] [INFO] Cannot build modified file Note: This linter can be disabled with `set_option linter.unnecessarySimpa false`

Note: This linter can be disabled with `set_option linter.unnecessarySimpa false`

Note: This linter can be disabled with `set_option linter.unnecessarySimpa false`

Note: This linter can be disabled with `set_option linter.unnecessarySimpa false`

Note: This linter can be disabled with `set_option linter.unnecessarySimpa false`

Note: This linter can be disabled with `set_option linter.unnecessarySimpa false`

Note: This linter can be disabled with `set_option linter.unnecessarySimpa false`

Note: This linter can be disabled with `set_option linter.unnecessarySimpa false`

Note: This linter can be disabled with `set_option linter.unnecessarySimpa false`

Note: This linter can be disabled with `set_option linter.unnecessarySimpa false`

Note: This linter can be disabled with `set_option linter.unnecessarySimpa false`

Note: This linter can be disabled with `set_option linter.unnecessarySimpa false`

Note: This linter can be disabled with `set_option linter.unnecessarySimpa false`

Note: This linter can be disabled with `set_option linter.unnecessarySimpa false`

Note: This linter can be disabled with `set_option linter.unnecessarySeqFocus false`
<error line="431" column="8">
<code_line>        simp</code_line>
<message>error: `simp` made no progress</message>
</error>

Note: This linter can be disabled with `set_option linter.unnecessarySimpa false`

Note: This linter can be disabled with `set_option linter.unnecessarySimpa false`
[2026-01-10 22:25:02] [INFO] Proof verification completed
[2026-01-10 22:25:02] [INFO] Strategy simp attempt 1: verified=False
[2026-01-10 22:25:02] [INFO] Verification message: Cannot build modified file: Note: This linter can be disabled with `set_option linter.unnecessarySimpa false`

Note: This linter can be disabled with `set_option linter.unnecessarySimpa false`

Note: This linter can be disabled with `set_option linter.unnecessarySimpa false`

Note: This linter can be disabled with `set_option linter.unnecessarySimpa false`

Note: This linter can be disabled with `set_option linter.unnecessarySimpa false`

Note: This linter can be disabled with `set_option linter.unnecessarySimpa false`

Note: This linter can be disabled with `set_option linter.unnecessarySimpa false`

Note: This linter can be disabled with `set_option linter.unnecessarySimpa false`

Note: This linter can be disabled with `set_option linter.unnecessarySimpa false`

Note: This linter can be disabled with `set_option linter.unnecessarySimpa false`

Note: This linter can be disabled with `set_option linter.unnecessarySimpa false`

Note: This linter can be disabled with `set_option linter.unnecessarySimpa false`

Note: This linter can be disabled with `set_option linter.unnecessarySimpa false`

Note: This linter can be disabled with `set_option linter.unnecessarySimpa false`

Note: This linter can be disabled with `set_option linter.unnecessarySeqFocus false`
<error line="431" column="8">
<code_line>        simp</code_line>
<message>error: `simp` made no progress</message>
</error>

Note: This linter can be disabled with `set_option linter.unnecessarySimpa false`

Note: This linter can be disabled with `set_option linter.unnecessarySimpa false`

[2026-01-10 22:25:02] [INFO] Attempt 1 failed verification, continuing...
[2026-01-10 22:25:02] [INFO] ========================================
[2026-01-10 22:25:02] [INFO] Trying strategy: simp_all (up to 1 attempts)
[2026-01-10 22:25:02] [INFO] --------------------
[2026-01-10 22:25:02] [INFO] Strategy simp_all, attempt 1/1
[2026-01-10 22:25:02] [INFO] Starting proof generation...
[2026-01-10 22:25:02] [INFO] Repository path: /root/repo
[2026-01-10 22:25:02] [INFO] Proof generation completed
[2026-01-10 22:25:02] [INFO] Generated proof:
[2026-01-10 22:25:02] [INFO] simp_all
[2026-01-10 22:25:02] [INFO] Proof length: 8 chars
[2026-01-10 22:25:02] [INFO] Starting proof verification...
[2026-01-10 22:25:02] [INFO] Verifying at: Graphiti/Projects/Noc/Utils.lean:431
[2026-01-10 22:25:02] [INFO] Using LEAN INTERACT verify
[2026-01-10 22:25:02] [INFO] Checking file
[2026-01-10 22:25:08] [INFO] Cannot build modified file Note: This linter can be disabled with `set_option linter.unnecessarySimpa false`

Note: This linter can be disabled with `set_option linter.unnecessarySimpa false`

Note: This linter can be disabled with `set_option linter.unnecessarySimpa false`

Note: This linter can be disabled with `set_option linter.unnecessarySimpa false`

Note: This linter can be disabled with `set_option linter.unnecessarySimpa false`

Note: This linter can be disabled with `set_option linter.unnecessarySimpa false`

Note: This linter can be disabled with `set_option linter.unnecessarySimpa false`

Note: This linter can be disabled with `set_option linter.unnecessarySimpa false`

Note: This linter can be disabled with `set_option linter.unnecessarySimpa false`

Note: This linter can be disabled with `set_option linter.unnecessarySimpa false`

Note: This linter can be disabled with `set_option linter.unnecessarySimpa false`

Note: This linter can be disabled with `set_option linter.unnecessarySimpa false`

Note: This linter can be disabled with `set_option linter.unnecessarySimpa false`

Note: This linter can be disabled with `set_option linter.unnecessarySimpa false`

Note: This linter can be disabled with `set_option linter.unnecessarySeqFocus false`
<error line="431" column="8">
<code_line>        simp_all</code_line>
<message>error: simp_all made no progress</message>
</error>

Note: This linter can be disabled with `set_option linter.unnecessarySimpa false`

Note: This linter can be disabled with `set_option linter.unnecessarySimpa false`
[2026-01-10 22:25:08] [INFO] Proof verification completed
[2026-01-10 22:25:08] [INFO] Strategy simp_all attempt 1: verified=False
[2026-01-10 22:25:08] [INFO] Verification message: Cannot build modified file: Note: This linter can be disabled with `set_option linter.unnecessarySimpa false`

Note: This linter can be disabled with `set_option linter.unnecessarySimpa false`

Note: This linter can be disabled with `set_option linter.unnecessarySimpa false`

Note: This linter can be disabled with `set_option linter.unnecessarySimpa false`

Note: This linter can be disabled with `set_option linter.unnecessarySimpa false`

Note: This linter can be disabled with `set_option linter.unnecessarySimpa false`

Note: This linter can be disabled with `set_option linter.unnecessarySimpa false`

Note: This linter can be disabled with `set_option linter.unnecessarySimpa false`

Note: This linter can be disabled with `set_option linter.unnecessarySimpa false`

Note: This linter can be disabled with `set_option linter.unnecessarySimpa false`

Note: This linter can be disabled with `set_option linter.unnecessarySimpa false`

Note: This linter can be disabled with `set_option linter.unnecessarySimpa false`

Note: This linter can be disabled with `set_option linter.unnecessarySimpa false`

Note: This linter can be disabled with `set_option linter.unnecessarySimpa false`

Note: This linter can be disabled with `set_option linter.unnecessarySeqFocus false`
<error line="431" column="8">
<code_line>        simp_all</code_line>
<message>error: simp_all made no progress</message>
</error>

Note: This linter can be disabled with `set_option linter.unnecessarySimpa false`

Note: This linter can be disabled with `set_option linter.unnecessarySimpa false`

[2026-01-10 22:25:08] [INFO] Attempt 1 failed verification, continuing...
[2026-01-10 22:25:08] [INFO] ========================================
[2026-01-10 22:25:08] [INFO] Trying strategy: exact? (up to 1 attempts)
[2026-01-10 22:25:08] [INFO] --------------------
[2026-01-10 22:25:08] [INFO] Strategy exact?, attempt 1/1
[2026-01-10 22:25:08] [INFO] Starting proof generation...
[2026-01-10 22:25:08] [INFO] Repository path: /root/repo
[2026-01-10 22:25:08] [INFO] Proof generation completed
[2026-01-10 22:25:08] [INFO] Generated proof:
[2026-01-10 22:25:08] [INFO] exact?
[2026-01-10 22:25:08] [INFO] Proof length: 6 chars
[2026-01-10 22:25:08] [INFO] Starting proof verification...
[2026-01-10 22:25:08] [INFO] Verifying at: Graphiti/Projects/Noc/Utils.lean:431
[2026-01-10 22:25:08] [INFO] Using LEAN INTERACT verify
[2026-01-10 22:25:08] [INFO] Checking file
[2026-01-10 22:25:15] [INFO] Cannot build modified file Note: This linter can be disabled with `set_option linter.unnecessarySimpa false`

Note: This linter can be disabled with `set_option linter.unnecessarySimpa false`

Note: This linter can be disabled with `set_option linter.unnecessarySimpa false`

Note: This linter can be disabled with `set_option linter.unnecessarySimpa false`

Note: This linter can be disabled with `set_option linter.unnecessarySimpa false`

Note: This linter can be disabled with `set_option linter.unnecessarySimpa false`

Note: This linter can be disabled with `set_option linter.unnecessarySimpa false`

Note: This linter can be disabled with `set_option linter.unnecessarySimpa false`

Note: This linter can be disabled with `set_option linter.unnecessarySimpa false`

Note: This linter can be disabled with `set_option linter.unnecessarySimpa false`

Note: This linter can be disabled with `set_option linter.unnecessarySimpa false`

Note: This linter can be disabled with `set_option linter.unnecessarySimpa false`

Note: This linter can be disabled with `set_option linter.unnecessarySimpa false`

Note: This linter can be disabled with `set_option linter.unnecessarySimpa false`

Note: This linter can be disabled with `set_option linter.unnecessarySeqFocus false`
<error line="431" column="8">
<code_line>        exact?</code_line>
<message>error: found a proof, but the corresponding tactic failed:</message>
</error>
  (expose_names; exact fun x a => (fun {α} {a} {l₁ l₂} p => (List.Perm.mem_iff p).mp) hPerm a)

It may be possible to correct this proof by adding type annotations, explicitly specifying implicit arguments, or eliminating unnecessary function abstractions.

Note: This linter can be disabled with `set_option linter.unnecessarySimpa false`

Note: This linter can be disabled with `set_option linter.unnecessarySimpa false`
[2026-01-10 22:25:15] [INFO] Proof verification completed
[2026-01-10 22:25:15] [INFO] Strategy exact? attempt 1: verified=False
[2026-01-10 22:25:15] [INFO] Verification message: Cannot build modified file: Note: This linter can be disabled with `set_option linter.unnecessarySimpa false`

Note: This linter can be disabled with `set_option linter.unnecessarySimpa false`

Note: This linter can be disabled with `set_option linter.unnecessarySimpa false`

Note: This linter can be disabled with `set_option linter.unnecessarySimpa false`

Note: This linter can be disabled with `set_option linter.unnecessarySimpa false`

Note: This linter can be disabled with `set_option linter.unnecessarySimpa false`

Note: This linter can be disabled with `set_option linter.unnecessarySimpa false`

Note: This linter can be disabled with `set_option linter.unnecessarySimpa false`

Note: This linter can be disabled with `set_option linter.unnecessarySimpa false`

Note: This linter can be disabled with `set_option linter.unnecessarySimpa false`

Note: This linter can be disabled with `set_option linter.unnecessarySimpa false`

Note: This linter can be disabled with `set_option linter.unnecessarySimpa false`

Note: This linter can be disabled with `set_option linter.unnecessarySimpa false`

Note: This linter can be disabled with `set_option linter.unnecessarySimpa false`

Note: This linter can be disabled with `set_option linter.unnecessarySeqFocus false`
<error line="431" column="8">
<code_line>        exact?</code_line>
<message>error: found a proof, but the corresponding tactic failed:</message>
</error>
  (expose_names; exact fun x a => (fun {α} {a} {l₁ l₂} p => (List.Perm.mem_iff p).mp) hPerm a)

It may be possible to correct this proof by adding type annotations, explicitly specifying implicit arguments, or eliminating unnecessary function abstractions.

Note: This linter can be disabled with `set_option linter.unnecessarySimpa false`

Note: This linter can be disabled with `set_option linter.unnecessarySimpa false`

[2026-01-10 22:25:15] [INFO] Attempt 1 failed verification, continuing...
[2026-01-10 22:25:15] [INFO] ========================================
[2026-01-10 22:25:15] [INFO] Trying strategy: grind (up to 1 attempts)
[2026-01-10 22:25:15] [INFO] --------------------
[2026-01-10 22:25:15] [INFO] Strategy grind, attempt 1/1
[2026-01-10 22:25:15] [INFO] Starting proof generation...
[2026-01-10 22:25:15] [INFO] Repository path: /root/repo
[2026-01-10 22:25:15] [INFO] Proof generation completed
[2026-01-10 22:25:15] [INFO] Generated proof:
[2026-01-10 22:25:15] [INFO] grind
[2026-01-10 22:25:15] [INFO] Proof length: 5 chars
[2026-01-10 22:25:15] [INFO] Starting proof verification...
[2026-01-10 22:25:15] [INFO] Verifying at: Graphiti/Projects/Noc/Utils.lean:431
[2026-01-10 22:25:15] [INFO] Using LEAN INTERACT verify
[2026-01-10 22:25:15] [INFO] Checking file
[2026-01-10 22:25:21] [INFO] Building REPL config
info: downloading https://releases.lean-lang.org/lean4/v4.21.0/lean-4.21.0-linux.tar.zst
info: installing /root/.elan/toolchains/leanprover--lean4---v4.21.0
[2026-01-10 22:27:28] [INFO] Updated version-specific REPL cache to commit 3ecc010bc9b893bd2672bb36d1b1da8205933664
[2026-01-10 22:27:48] [INFO] Creating Lean server
[2026-01-10 22:27:48] [INFO] Reading original file with timeout 180
[2026-01-10 22:27:54] [INFO] Received response from original file
[2026-01-10 22:27:54] [INFO] Reading modified file
[2026-01-10 22:27:55] [INFO] Proof verified (using LeanInteract)
[2026-01-10 22:27:56] [INFO] Proof verification completed
[2026-01-10 22:27:56] [INFO] Strategy grind attempt 1: verified=True
[2026-01-10 22:27:56] [INFO] Verification message: Proof verified successfully
[2026-01-10 22:27:56] [INFO] SUCCESS! Proof verified on attempt 1
[2026-01-10 22:27:56] [INFO] ========================================
[2026-01-10 22:27:56] [INFO] Pass@k completed. Total results: 1
[2026-01-10 22:27:56] [INFO] SUCCESS: grind
[2026-01-10 22:27:56] [INFO] Writing results to file: /root/repo/result.json
[2026-01-10 22:27:56] [INFO] Result file written successfully
[2026-01-10 22:27:56] [INFO] Results exported to: /root/repo/result.json
[2026-01-10 22:27:56] [INFO] run_morphcloud_local.py completed successfully

[2026-01-10 22:27:57] [process_single_sorry] Downloading result file...
[2026-01-10 22:27:57] [process_single_sorry] Downloaded result to intermediate_experiment_outputs_full_reservoir/multi_tactic/2026-01-10_20-46-34_multi_tactic/individual/5147dc163419a71d858b6cfcb6373fb200146a6f6030395ba2558be13b536dcc.json
[2026-01-10 22:28:02] [process_single_sorry] Instance context closed successfully
[2026-01-10 22:28:02] [process_single_sorry] Parsing result file...
[2026-01-10 22:28:02] [process_single_sorry] Successfully parsed result (list format, 1 results)
