[2026-01-10 23:09:36] [process_single_sorry] Starting for sorry 58dd8c81a8b87946f78f79e7c82fbc8724ea7825ec8a6af07eef92970aba8a33
[2026-01-10 23:09:36] [process_single_sorry] Using snapshot: snapshot_e24o9c99
[2026-01-10 23:09:36] [process_single_sorry] Repository: https://github.com/jsm28/IMOLean@a63bb319da8d9a74c8eba2e0c2637f8a5683cb0c
[2026-01-10 23:09:36] [process_single_sorry] Instance name: IMOLean_a63bb319da8d_multi_tactic_58dd8c81a8b87946f78f79e7c82fbc8724ea7825ec8a6af07eef92970aba8a33
[2026-01-10 23:09:36] [process_single_sorry] Starting attempt 1/3
[2026-01-10 23:09:36] [process_single_sorry] Starting instance from snapshot...
[2026-01-10 23:09:36] [process_single_sorry] Instance started successfully: morphvm_6e9ht5n8
[2026-01-10 23:09:36] [process_single_sorry] Creating .env file...
[2026-01-10 23:09:48] [process_single_sorry] .env file created (exit_code: 0)
[2026-01-10 23:09:48] [process_single_sorry] Executing agent command...
[2026-01-10 23:16:07] [process_single_sorry] Agent command completed (exit_code: 0)
[2026-01-10 23:16:07] [process_single_sorry] STDOUT:

Results JSON:
[
  {
    "sorry": {
      "repo": {
        "remote": "https://github.com/jsm28/IMOLean",
        "branch": "main",
        "commit": "a63bb319da8d9a74c8eba2e0c2637f8a5683cb0c",
        "lean_version": "v4.27.0-rc1"
      },
      "location": {
        "path": "IMO/IMO2020P6.lean",
        "start_line": 22,
        "start_column": 2,
        "end_line": 22,
        "end_column": 7
      },
      "debug_info": {
        "goal": "V : Type u_1\nP : Type u_2\ninst✝⁴ : NormedAddCommGroup V\ninst✝³ : InnerProductSpace ℝ V\ninst✝² : MetricSpace P\ninst✝¹ : NormedAddTorsor V P\ninst✝ : Fact (finrank ℝ V = 2)\n⊢ ∃ c,\n    0 < c ∧\n      ∀ {n : ℕ},\n        1 < n →\n          ∀ {S : Finset P},\n            S.card = n →\n              ((↑S).Pairwise fun x y => 1 ≤ dist x y) →\n                ∃ l,\n                  finrank ℝ ↥l.direction = 1 ∧\n                    (∃ p₁ p₂, p₁ ∈ S ∧ p₂ ∈ S ∧ l.SOppSide p₁ p₂) ∧ ∀ p ∈ S, c * ↑n ^ (-1 / 3) ≤ Metric.infDist p ↑l",
        "url": "https://github.com/jsm28/IMOLean/blob/a63bb319da8d9a74c8eba2e0c2637f8a5683cb0c/IMO/IMO2020P6.lean#L22"
      },
      "metadata": {
        "blame_email_hash": "ed3275e1c874",
        "blame_date": "2025-02-11T23:48:16+00:00",
        "inclusion_date": "2025-12-30T07:11:02.273696+00:00"
      },
      "id": "58dd8c81a8b87946f78f79e7c82fbc8724ea7825ec8a6af07eef92970aba8a33"
    },
    "proof": null,
    "proof_verified": false,
    "feedback": null,
    "verification_message": "All 11 attempts failed (11 strategies x 1 attempts each)",
    "success": true,
    "error_type": null,
    "error_message": null,
    "strategy_name": "all_failed_k=1",
    "proof_attempts": [
      "rfl",
      "simp",
      "simp_all",
      "exact?",
      "grind",
      "ring",
      "norm_num",
      "omega",
      "linarith",
      "nlinarith",
      "aesop"
    ]
  }
]

[2026-01-10 23:16:07] [process_single_sorry] STDERR:
None of PyTorch, TensorFlow >= 2.0, or Flax have been found. Models won't be available and only tokenizers, configuration and file/data utilities can be used.
[2026-01-10 23:10:14] [INFO] ================================================================================
[2026-01-10 23:10:14] [INFO] Starting run_morphcloud_local.py
[2026-01-10 23:10:14] [INFO] ================================================================================
[2026-01-10 23:10:14] [INFO] Environment loaded
[2026-01-10 23:10:14] [INFO] Full command: /root/SorryDB/sorrydb/cli/run_morphcloud_local.py --repo-path /root/repo --sorry-json {"repo": {"remote": "https://github.com/jsm28/IMOLean", "branch": "main", "commit": "a63bb319da8d9a74c8eba2e0c2637f8a5683cb0c", "lean_version": "v4.27.0-rc1"}, "location": {"path": "IMO/IMO2020P6.lean", "start_line": 22, "start_column": 2, "end_line": 22, "end_column": 7}, "debug_info": {"goal": "V : Type u_1\nP : Type u_2\ninst\u271d\u2074 : NormedAddCommGroup V\ninst\u271d\u00b3 : InnerProductSpace \u211d V\ninst\u271d\u00b2 : MetricSpace P\ninst\u271d\u00b9 : NormedAddTorsor V P\ninst\u271d : Fact (finrank \u211d V = 2)\n\u22a2 \u2203 c,\n    0 < c \u2227\n      \u2200 {n : \u2115},\n        1 < n \u2192\n          \u2200 {S : Finset P},\n            S.card = n \u2192\n              ((\u2191S).Pairwise fun x y => 1 \u2264 dist x y) \u2192\n                \u2203 l,\n                  finrank \u211d \u21a5l.direction = 1 \u2227\n                    (\u2203 p\u2081 p\u2082, p\u2081 \u2208 S \u2227 p\u2082 \u2208 S \u2227 l.SOppSide p\u2081 p\u2082) \u2227 \u2200 p \u2208 S, c * \u2191n ^ (-1 / 3) \u2264 Metric.infDist p \u2191l", "url": "https://github.com/jsm28/IMOLean/blob/a63bb319da8d9a74c8eba2e0c2637f8a5683cb0c/IMO/IMO2020P6.lean#L22"}, "metadata": {"blame_email_hash": "ed3275e1c874", "blame_date": "2025-02-11T23:48:16+00:00", "inclusion_date": "2025-12-30T07:11:02.273696+00:00"}, "id": "58dd8c81a8b87946f78f79e7c82fbc8724ea7825ec8a6af07eef92970aba8a33"} --agent-strategy {"name": "multi_tactic", "args": {}}
[2026-01-10 23:10:14] [INFO] Arguments parsed: repo_path=/root/repo, output_path=/root/repo/result.json
[2026-01-10 23:10:14] [INFO] Strategy spec: {"name": "multi_tactic", "args": {}}...
[2026-01-10 23:10:14] [INFO] Loading sorry data...
[2026-01-10 23:10:14] [INFO] Parsing sorry from JSON string...
[2026-01-10 23:10:14] [INFO] Sorry data parsed from JSON string
[2026-01-10 23:10:14] [INFO] Creating strategy from spec...
[2026-01-10 23:10:14] [INFO] Parsing strategy spec (length: 36 chars)
[2026-01-10 23:10:14] [INFO] Strategy name: multi_tactic
[2026-01-10 23:10:14] [INFO] Strategy args: {}
[2026-01-10 23:10:14] [INFO] Pass@k value: 1
[2026-01-10 23:10:14] [INFO] Creating strategy: multi_tactic
[2026-01-10 23:10:14] [INFO] Creating multi_tactic strategy with tactics: ['rfl', 'simp', 'simp_all', 'exact?', 'grind', 'ring', 'norm_num', 'omega', 'linarith', 'nlinarith', 'aesop']
[2026-01-10 23:10:14] [INFO] Strategies created: ['rfl', 'simp', 'simp_all', 'exact?', 'grind', 'ring', 'norm_num', 'omega', 'linarith', 'nlinarith', 'aesop']
[2026-01-10 23:10:14] [INFO] Pass@k value: 1
[2026-01-10 23:10:14] [INFO] Creating Sorry object...
[2026-01-10 23:10:14] [INFO] Sorry object created: id=58dd8c81a8b87946f78f79e7c82fbc8724ea7825ec8a6af07eef92970aba8a33
[2026-01-10 23:10:14] [INFO] Sorry location: IMO/IMO2020P6.lean:22
[2026-01-10 23:10:14] [INFO] Context before sorry (lines 17-22):
[2026-01-10 23:10:14] [INFO]   17: theorem result : ∃ c : ℝ, 0 < c ∧ ∀ {n : ℕ}, 1 < n → ∀ {S : Finset P}, #S = n →
[2026-01-10 23:10:14] [INFO]   18:     ((S : Set P).Pairwise fun x y ↦ 1 ≤ dist x y) →
[2026-01-10 23:10:14] [INFO]   19:     ∃ l : AffineSubspace ℝ P, finrank ℝ l.direction = 1 ∧
[2026-01-10 23:10:14] [INFO]   20:       (∃ p₁ p₂, p₁ ∈ S ∧ p₂ ∈ S ∧ l.SOppSide p₁ p₂) ∧
[2026-01-10 23:10:14] [INFO]   21:       ∀ p ∈ S, c * (n : ℝ) ^ (-1 / 3 : ℝ) ≤ Metric.infDist p l := by
[2026-01-10 23:10:14] [INFO]   22:   sorry
[2026-01-10 23:10:14] [INFO] Sorry line:   sorry
[2026-01-10 23:10:14] [INFO] Sorry goal: V : Type u_1
P : Type u_2
inst✝⁴ : NormedAddCommGroup V
inst✝³ : InnerProductSpace ℝ V
inst✝² : Metr...
[2026-01-10 23:10:14] [INFO] ========================================
[2026-01-10 23:10:14] [INFO] Trying strategy: rfl (up to 1 attempts)
[2026-01-10 23:10:14] [INFO] --------------------
[2026-01-10 23:10:14] [INFO] Strategy rfl, attempt 1/1
[2026-01-10 23:10:14] [INFO] Starting proof generation...
[2026-01-10 23:10:14] [INFO] Repository path: /root/repo
[2026-01-10 23:10:14] [INFO] Proof generation completed
[2026-01-10 23:10:14] [INFO] Generated proof:
[2026-01-10 23:10:14] [INFO] rfl
[2026-01-10 23:10:14] [INFO] Proof length: 3 chars
[2026-01-10 23:10:14] [INFO] Starting proof verification...
[2026-01-10 23:10:14] [INFO] Verifying at: IMO/IMO2020P6.lean:22
[2026-01-10 23:10:14] [INFO] Using LEAN INTERACT verify
[2026-01-10 23:10:14] [INFO] Checking file
[2026-01-10 23:12:58] [INFO] Cannot build modified file <error line="22" column="2">
<code_line>  rfl</code_line>
<message>error: Tactic `rfl` failed: The left-hand side</message>
</error>
  ℝ
is not definitionally equal to the right-hand side
  fun c =>
    0 < c ∧
      ∀ {n : ℕ},
        1 < n →
          ∀ {S : Finset P},
            #S = n →
              ((↑S).Pairwise fun x y => 1 ≤ dist x y) →
                ∃ l,
                  finrank ℝ ↥l.direction = 1 ∧
                    (∃ p₁ p₂, p₁ ∈ S ∧ p₂ ∈ S ∧ l.SOppSide p₁ p₂) ∧ ∀ p ∈ S, c * ↑n ^ (-1 / 3) ≤ Metric.infDist p ↑l

V : Type u_1
P : Type u_2
inst✝⁴ : NormedAddCommGroup V
inst✝³ : InnerProductSpace ℝ V
inst✝² : MetricSpace P
inst✝¹ : NormedAddTorsor V P
inst✝ : Fact (finrank ℝ V = 2)
⊢ ∃ c,
    0 < c ∧
      ∀ {n : ℕ},
        1 < n →
          ∀ {S : Finset P},
            #S = n →
              ((↑S).Pairwise fun x y => 1 ≤ dist x y) →
                ∃ l,
                  finrank ℝ ↥l.direction = 1 ∧
                    (∃ p₁ p₂, p₁ ∈ S ∧ p₂ ∈ S ∧ l.SOppSide p₁ p₂) ∧ ∀ p ∈ S, c * ↑n ^ (-1 / 3) ≤ Metric.infDist p ↑l
[2026-01-10 23:12:58] [INFO] Proof verification completed
[2026-01-10 23:12:58] [INFO] Strategy rfl attempt 1: verified=False
[2026-01-10 23:12:58] [INFO] Verification message: Cannot build modified file: <error line="22" column="2">
<code_line>  rfl</code_line>
<message>error: Tactic `rfl` failed: The left-hand side</message>
</error>
  ℝ
is not definitionally equal to the right-hand side
  fun c =>
    0 < c ∧
      ∀ {n : ℕ},
        1 < n →
          ∀ {S : Finset P},
            #S = n →
              ((↑S).Pairwise fun x y => 1 ≤ dist x y) →
                ∃ l,
                  finrank ℝ ↥l.direction = 1 ∧
                    (∃ p₁ p₂, p₁ ∈ S ∧ p₂ ∈ S ∧ l.SOppSide p₁ p₂) ∧ ∀ p ∈ S, c * ↑n ^ (-1 / 3) ≤ Metric.infDist p ↑l

V : Type u_1
P : Type u_2
inst✝⁴ : NormedAddCommGroup V
inst✝³ : InnerProductSpace ℝ V
inst✝² : MetricSpace P
inst✝¹ : NormedAddTorsor V P
inst✝ : Fact (finrank ℝ V = 2)
⊢ ∃ c,
    0 < c ∧
      ∀ {n : ℕ},
        1 < n →
          ∀ {S : Finset P},
            #S = n →
              ((↑S).Pairwise fun x y => 1 ≤ dist x y) →
                ∃ l,
                  finrank ℝ ↥l.direction = 1 ∧
                    (∃ p₁ p₂, p₁ ∈ S ∧ p₂ ∈ S ∧ l.SOppSide p₁ p₂) ∧ ∀ p ∈ S, c * ↑n ^ (-1 / 3) ≤ Metric.infDist p ↑l

[2026-01-10 23:12:58] [INFO] Attempt 1 failed verification, continuing...
[2026-01-10 23:12:58] [INFO] ========================================
[2026-01-10 23:12:58] [INFO] Trying strategy: simp (up to 1 attempts)
[2026-01-10 23:12:58] [INFO] --------------------
[2026-01-10 23:12:58] [INFO] Strategy simp, attempt 1/1
[2026-01-10 23:12:58] [INFO] Starting proof generation...
[2026-01-10 23:12:58] [INFO] Repository path: /root/repo
[2026-01-10 23:12:58] [INFO] Proof generation completed
[2026-01-10 23:12:58] [INFO] Generated proof:
[2026-01-10 23:12:58] [INFO] simp
[2026-01-10 23:12:58] [INFO] Proof length: 4 chars
[2026-01-10 23:12:58] [INFO] Starting proof verification...
[2026-01-10 23:12:58] [INFO] Verifying at: IMO/IMO2020P6.lean:22
[2026-01-10 23:12:58] [INFO] Using LEAN INTERACT verify
[2026-01-10 23:12:58] [INFO] Checking file
[2026-01-10 23:13:11] [INFO] Cannot build modified file <error line="21" column="66">
<code_line>      ∀ p ∈ S, c * (n : ℝ) ^ (-1 / 3 : ℝ) ≤ Metric.infDist p l := by</code_line>
<message>error: unsolved goals</message>
</error>
V : Type u_1
P : Type u_2
inst✝⁴ : NormedAddCommGroup V
inst✝³ : InnerProductSpace ℝ V
inst✝² : MetricSpace P
inst✝¹ : NormedAddTorsor V P
inst✝ : Fact (finrank ℝ V = 2)
⊢ ∃ c,
    0 < c ∧
      ∀ {n : ℕ},
        1 < n →
          ∀ {S : Finset P},
            #S = n →
              ((↑S).Pairwise fun x y => 1 ≤ dist x y) →
                ∃ l,
                  finrank ℝ ↥l.direction = 1 ∧
                    (∃ p₁ ∈ S, ∃ x ∈ S, l.SOppSide p₁ x) ∧ ∀ p ∈ S, c * ↑n ^ (-1 / 3) ≤ Metric.infDist p ↑l
[2026-01-10 23:13:11] [INFO] Proof verification completed
[2026-01-10 23:13:11] [INFO] Strategy simp attempt 1: verified=False
[2026-01-10 23:13:11] [INFO] Verification message: Cannot build modified file: <error line="21" column="66">
<code_line>      ∀ p ∈ S, c * (n : ℝ) ^ (-1 / 3 : ℝ) ≤ Metric.infDist p l := by</code_line>
<message>error: unsolved goals</message>
</error>
V : Type u_1
P : Type u_2
inst✝⁴ : NormedAddCommGroup V
inst✝³ : InnerProductSpace ℝ V
inst✝² : MetricSpace P
inst✝¹ : NormedAddTorsor V P
inst✝ : Fact (finrank ℝ V = 2)
⊢ ∃ c,
    0 < c ∧
      ∀ {n : ℕ},
        1 < n →
          ∀ {S : Finset P},
            #S = n →
              ((↑S).Pairwise fun x y => 1 ≤ dist x y) →
                ∃ l,
                  finrank ℝ ↥l.direction = 1 ∧
                    (∃ p₁ ∈ S, ∃ x ∈ S, l.SOppSide p₁ x) ∧ ∀ p ∈ S, c * ↑n ^ (-1 / 3) ≤ Metric.infDist p ↑l

[2026-01-10 23:13:11] [INFO] Attempt 1 failed verification, continuing...
[2026-01-10 23:13:11] [INFO] ========================================
[2026-01-10 23:13:11] [INFO] Trying strategy: simp_all (up to 1 attempts)
[2026-01-10 23:13:11] [INFO] --------------------
[2026-01-10 23:13:11] [INFO] Strategy simp_all, attempt 1/1
[2026-01-10 23:13:11] [INFO] Starting proof generation...
[2026-01-10 23:13:11] [INFO] Repository path: /root/repo
[2026-01-10 23:13:11] [INFO] Proof generation completed
[2026-01-10 23:13:11] [INFO] Generated proof:
[2026-01-10 23:13:11] [INFO] simp_all
[2026-01-10 23:13:11] [INFO] Proof length: 8 chars
[2026-01-10 23:13:11] [INFO] Starting proof verification...
[2026-01-10 23:13:11] [INFO] Verifying at: IMO/IMO2020P6.lean:22
[2026-01-10 23:13:11] [INFO] Using LEAN INTERACT verify
[2026-01-10 23:13:11] [INFO] Checking file
[2026-01-10 23:13:25] [INFO] Cannot build modified file <error line="21" column="66">
<code_line>      ∀ p ∈ S, c * (n : ℝ) ^ (-1 / 3 : ℝ) ≤ Metric.infDist p l := by</code_line>
<message>error: unsolved goals</message>
</error>
V : Type u_1
P : Type u_2
inst✝⁴ : NormedAddCommGroup V
inst✝³ : InnerProductSpace ℝ V
inst✝² : MetricSpace P
inst✝¹ : NormedAddTorsor V P
inst✝ : Fact (finrank ℝ V = 2)
⊢ ∃ c,
    0 < c ∧
      ∀ {n : ℕ},
        1 < n →
          ∀ {S : Finset P},
            #S = n →
              ((↑S).Pairwise fun x y => 1 ≤ dist x y) →
                ∃ l,
                  finrank ℝ ↥l.direction = 1 ∧
                    (∃ p₁ ∈ S, ∃ x ∈ S, l.SOppSide p₁ x) ∧ ∀ p ∈ S, c * ↑n ^ (-1 / 3) ≤ Metric.infDist p ↑l
[2026-01-10 23:13:25] [INFO] Proof verification completed
[2026-01-10 23:13:25] [INFO] Strategy simp_all attempt 1: verified=False
[2026-01-10 23:13:25] [INFO] Verification message: Cannot build modified file: <error line="21" column="66">
<code_line>      ∀ p ∈ S, c * (n : ℝ) ^ (-1 / 3 : ℝ) ≤ Metric.infDist p l := by</code_line>
<message>error: unsolved goals</message>
</error>
V : Type u_1
P : Type u_2
inst✝⁴ : NormedAddCommGroup V
inst✝³ : InnerProductSpace ℝ V
inst✝² : MetricSpace P
inst✝¹ : NormedAddTorsor V P
inst✝ : Fact (finrank ℝ V = 2)
⊢ ∃ c,
    0 < c ∧
      ∀ {n : ℕ},
        1 < n →
          ∀ {S : Finset P},
            #S = n →
              ((↑S).Pairwise fun x y => 1 ≤ dist x y) →
                ∃ l,
                  finrank ℝ ↥l.direction = 1 ∧
                    (∃ p₁ ∈ S, ∃ x ∈ S, l.SOppSide p₁ x) ∧ ∀ p ∈ S, c * ↑n ^ (-1 / 3) ≤ Metric.infDist p ↑l

[2026-01-10 23:13:25] [INFO] Attempt 1 failed verification, continuing...
[2026-01-10 23:13:25] [INFO] ========================================
[2026-01-10 23:13:25] [INFO] Trying strategy: exact? (up to 1 attempts)
[2026-01-10 23:13:25] [INFO] --------------------
[2026-01-10 23:13:25] [INFO] Strategy exact?, attempt 1/1
[2026-01-10 23:13:25] [INFO] Starting proof generation...
[2026-01-10 23:13:25] [INFO] Repository path: /root/repo
[2026-01-10 23:13:25] [INFO] Proof generation completed
[2026-01-10 23:13:25] [INFO] Generated proof:
[2026-01-10 23:13:25] [INFO] exact?
[2026-01-10 23:13:25] [INFO] Proof length: 6 chars
[2026-01-10 23:13:25] [INFO] Starting proof verification...
[2026-01-10 23:13:25] [INFO] Verifying at: IMO/IMO2020P6.lean:22
[2026-01-10 23:13:25] [INFO] Using LEAN INTERACT verify
[2026-01-10 23:13:25] [INFO] Checking file
[2026-01-10 23:14:47] [INFO] Cannot build modified file <error line="22" column="2">
<code_line>  exact?</code_line>
<message>error: `exact?` could not close the goal. Try `apply?` to see partial suggestions.</message>
</error>
[2026-01-10 23:14:47] [INFO] Proof verification completed
[2026-01-10 23:14:47] [INFO] Strategy exact? attempt 1: verified=False
[2026-01-10 23:14:47] [INFO] Verification message: Cannot build modified file: <error line="22" column="2">
<code_line>  exact?</code_line>
<message>error: `exact?` could not close the goal. Try `apply?` to see partial suggestions.</message>
</error>

[2026-01-10 23:14:47] [INFO] Attempt 1 failed verification, continuing...
[2026-01-10 23:14:47] [INFO] ========================================
[2026-01-10 23:14:47] [INFO] Trying strategy: grind (up to 1 attempts)
[2026-01-10 23:14:47] [INFO] --------------------
[2026-01-10 23:14:47] [INFO] Strategy grind, attempt 1/1
[2026-01-10 23:14:47] [INFO] Starting proof generation...
[2026-01-10 23:14:47] [INFO] Repository path: /root/repo
[2026-01-10 23:14:47] [INFO] Proof generation completed
[2026-01-10 23:14:47] [INFO] Generated proof:
[2026-01-10 23:14:47] [INFO] grind
[2026-01-10 23:14:47] [INFO] Proof length: 5 chars
[2026-01-10 23:14:47] [INFO] Starting proof verification...
[2026-01-10 23:14:47] [INFO] Verifying at: IMO/IMO2020P6.lean:22
[2026-01-10 23:14:47] [INFO] Using LEAN INTERACT verify
[2026-01-10 23:14:47] [INFO] Checking file
[2026-01-10 23:14:57] [INFO] Cannot build modified file <error line="22" column="2">
<code_line>  grind</code_line>
<message>error: `grind` failed</message>
</error>
case grind
V : Type u_1
P : Type u_2
inst : NormedAddCommGroup V
inst_1 : InnerProductSpace ℝ V
inst_2 : MetricSpace P
inst_3 : NormedAddTorsor V P
inst_4 : Fact (finrank ℝ V = 2)
h :
  ∀ (a : ℝ),
    0 < a →
      ¬∀ {n : ℕ},
          2 ≤ n →
            ∀ {S : Finset P},
              #S = n →
                ((↑S).Pairwise fun x y => 1 ≤ dist x y) →
                  ∃ l,
                    finrank ℝ ↥l.direction = 1 ∧
                      (∃ p₁ ∈ S, ∃ p₂ ∈ S, l.SOppSide p₁ p₂) ∧ ∀ p ∈ S, a * ↑n ^ (-1 * 3⁻¹) ≤ Metric.infDist p ↑l
⊢ False
[grind] Goal diagnostics
  [facts] Asserted facts
    [prop] Fact (finrank ℝ V = 2)
    [prop] ∀ (a : ℝ),
          0 < a →
            ¬∀ {n : ℕ},
                2 ≤ n →
                  ∀ {S : Finset P},
                    #S = n →
                      ((↑S).Pairwise fun x y => 1 ≤ dist x y) →
                        ∃ l,
                          finrank ℝ ↥l.direction = 1 ∧
                            (∃ p₁ ∈ S, ∃ p₂ ∈ S, l.SOppSide p₁ p₂) ∧ ∀ p ∈ S, a * ↑n ^ (-1 * 3⁻¹) ≤ Metric.infDist p ↑l
  [eqc] True propositions
    [prop] Fact (finrank ℝ V = 2)
    [prop] ∀ (a : ℝ),
          0 < a →
            ¬∀ {n : ℕ},
                2 ≤ n →
                  ∀ {S : Finset P},
                    #S = n →
                      ((↑S).Pairwise fun x y => 1 ≤ dist x y) →
                        ∃ l,
                          finrank ℝ ↥l.direction = 1 ∧
                            (∃ p₁ ∈ S, ∃ p₂ ∈ S, l.SOppSide p₁ p₂) ∧ ∀ p ∈ S, a * ↑n ^ (-1 * 3⁻¹) ≤ Metric.infDist p ↑l
  [ematch] E-matching patterns
    [thm] h: [@LT.lt `[ℝ] `[Real.instLT] `[0] #1]
  [cutsat] Assignment satisfying linear constraints
    [assign] finrank ℝ V := 1
[2026-01-10 23:14:57] [INFO] Proof verification completed
[2026-01-10 23:14:57] [INFO] Strategy grind attempt 1: verified=False
[2026-01-10 23:14:57] [INFO] Verification message: Cannot build modified file: <error line="22" column="2">
<code_line>  grind</code_line>
<message>error: `grind` failed</message>
</error>
case grind
V : Type u_1
P : Type u_2
inst : NormedAddCommGroup V
inst_1 : InnerProductSpace ℝ V
inst_2 : MetricSpace P
inst_3 : NormedAddTorsor V P
inst_4 : Fact (finrank ℝ V = 2)
h :
  ∀ (a : ℝ),
    0 < a →
      ¬∀ {n : ℕ},
          2 ≤ n →
            ∀ {S : Finset P},
              #S = n →
                ((↑S).Pairwise fun x y => 1 ≤ dist x y) →
                  ∃ l,
                    finrank ℝ ↥l.direction = 1 ∧
                      (∃ p₁ ∈ S, ∃ p₂ ∈ S, l.SOppSide p₁ p₂) ∧ ∀ p ∈ S, a * ↑n ^ (-1 * 3⁻¹) ≤ Metric.infDist p ↑l
⊢ False
[grind] Goal diagnostics
  [facts] Asserted facts
    [prop] Fact (finrank ℝ V = 2)
    [prop] ∀ (a : ℝ),
          0 < a →
            ¬∀ {n : ℕ},
                2 ≤ n →
                  ∀ {S : Finset P},
                    #S = n →
                      ((↑S).Pairwise fun x y => 1 ≤ dist x y) →
                        ∃ l,
                          finrank ℝ ↥l.direction = 1 ∧
                            (∃ p₁ ∈ S, ∃ p₂ ∈ S, l.SOppSide p₁ p₂) ∧ ∀ p ∈ S, a * ↑n ^ (-1 * 3⁻¹) ≤ Metric.infDist p ↑l
  [eqc] True propositions
    [prop] Fact (finrank ℝ V = 2)
    [prop] ∀ (a : ℝ),
          0 < a →
            ¬∀ {n : ℕ},
                2 ≤ n →
                  ∀ {S : Finset P},
                    #S = n →
                      ((↑S).Pairwise fun x y => 1 ≤ dist x y) →
                        ∃ l,
                          finrank ℝ ↥l.direction = 1 ∧
                            (∃ p₁ ∈ S, ∃ p₂ ∈ S, l.SOppSide p₁ p₂) ∧ ∀ p ∈ S, a * ↑n ^ (-1 * 3⁻¹) ≤ Metric.infDist p ↑l
  [ematch] E-matching patterns
    [thm] h: [@LT.lt `[ℝ] `[Real.instLT] `[0] #1]
  [cutsat] Assignment satisfying linear constraints
    [assign] finrank ℝ V := 1

[2026-01-10 23:14:57] [INFO] Attempt 1 failed verification, continuing...
[2026-01-10 23:14:57] [INFO] ========================================
[2026-01-10 23:14:57] [INFO] Trying strategy: ring (up to 1 attempts)
[2026-01-10 23:14:57] [INFO] --------------------
[2026-01-10 23:14:57] [INFO] Strategy ring, attempt 1/1
[2026-01-10 23:14:57] [INFO] Starting proof generation...
[2026-01-10 23:14:57] [INFO] Repository path: /root/repo
[2026-01-10 23:14:57] [INFO] Proof generation completed
[2026-01-10 23:14:57] [INFO] Generated proof:
[2026-01-10 23:14:57] [INFO] ring
[2026-01-10 23:14:57] [INFO] Proof length: 4 chars
[2026-01-10 23:14:57] [INFO] Starting proof verification...
[2026-01-10 23:14:57] [INFO] Verifying at: IMO/IMO2020P6.lean:22
[2026-01-10 23:14:57] [INFO] Using LEAN INTERACT verify
[2026-01-10 23:14:57] [INFO] Checking file
[2026-01-10 23:15:10] [INFO] Cannot build modified file Try this:
  [apply] ring_nf
  
  The `ring` tactic failed to close the goal. Use `ring_nf` to obtain a normal form.
    
  Note that `ring` works primarily in *commutative* rings. If you have a noncommutative ring, abelian group or module, consider using `noncomm_ring`, `abel` or `module` instead.
<error line="21" column="66">
<code_line>      ∀ p ∈ S, c * (n : ℝ) ^ (-1 / 3 : ℝ) ≤ Metric.infDist p l := by</code_line>
<message>error: unsolved goals</message>
</error>
V : Type u_1
P : Type u_2
inst✝⁴ : NormedAddCommGroup V
inst✝³ : InnerProductSpace ℝ V
inst✝² : MetricSpace P
inst✝¹ : NormedAddTorsor V P
inst✝ : Fact (finrank ℝ V = 2)
⊢ ∃ c,
    0 < c ∧
      ∀ {n : ℕ},
        1 < n →
          ∀ {S : Finset P},
            #S = n →
              ((↑S).Pairwise fun x y => 1 ≤ dist x y) →
                ∃ l,
                  finrank ℝ ↥l.direction = 1 ∧
                    (∃ p₁ p₂, p₁ ∈ S ∧ p₂ ∈ S ∧ l.SOppSide p₁ p₂) ∧ ∀ p ∈ S, c * ↑n ^ (-1 / 3) ≤ Metric.infDist p ↑l
[2026-01-10 23:15:10] [INFO] Proof verification completed
[2026-01-10 23:15:10] [INFO] Strategy ring attempt 1: verified=False
[2026-01-10 23:15:10] [INFO] Verification message: Cannot build modified file: Try this:
  [apply] ring_nf
  
  The `ring` tactic failed to close the goal. Use `ring_nf` to obtain a normal form.
    
  Note that `ring` works primarily in *commutative* rings. If you have a noncommutative ring, abelian group or module, consider using `noncomm_ring`, `abel` or `module` instead.
<error line="21" column="66">
<code_line>      ∀ p ∈ S, c * (n : ℝ) ^ (-1 / 3 : ℝ) ≤ Metric.infDist p l := by</code_line>
<message>error: unsolved goals</message>
</error>
V : Type u_1
P : Type u_2
inst✝⁴ : NormedAddCommGroup V
inst✝³ : InnerProductSpace ℝ V
inst✝² : MetricSpace P
inst✝¹ : NormedAddTorsor V P
inst✝ : Fact (finrank ℝ V = 2)
⊢ ∃ c,
    0 < c ∧
      ∀ {n : ℕ},
        1 < n →
          ∀ {S : Finset P},
            #S = n →
              ((↑S).Pairwise fun x y => 1 ≤ dist x y) →
                ∃ l,
                  finrank ℝ ↥l.direction = 1 ∧
                    (∃ p₁ p₂, p₁ ∈ S ∧ p₂ ∈ S ∧ l.SOppSide p₁ p₂) ∧ ∀ p ∈ S, c * ↑n ^ (-1 / 3) ≤ Metric.infDist p ↑l

[2026-01-10 23:15:10] [INFO] Attempt 1 failed verification, continuing...
[2026-01-10 23:15:10] [INFO] ========================================
[2026-01-10 23:15:10] [INFO] Trying strategy: norm_num (up to 1 attempts)
[2026-01-10 23:15:10] [INFO] --------------------
[2026-01-10 23:15:10] [INFO] Strategy norm_num, attempt 1/1
[2026-01-10 23:15:10] [INFO] Starting proof generation...
[2026-01-10 23:15:10] [INFO] Repository path: /root/repo
[2026-01-10 23:15:10] [INFO] Proof generation completed
[2026-01-10 23:15:10] [INFO] Generated proof:
[2026-01-10 23:15:10] [INFO] norm_num
[2026-01-10 23:15:10] [INFO] Proof length: 8 chars
[2026-01-10 23:15:10] [INFO] Starting proof verification...
[2026-01-10 23:15:10] [INFO] Verifying at: IMO/IMO2020P6.lean:22
[2026-01-10 23:15:10] [INFO] Using LEAN INTERACT verify
[2026-01-10 23:15:10] [INFO] Checking file
[2026-01-10 23:15:22] [INFO] Cannot build modified file <error line="21" column="66">
<code_line>      ∀ p ∈ S, c * (n : ℝ) ^ (-1 / 3 : ℝ) ≤ Metric.infDist p l := by</code_line>
<message>error: unsolved goals</message>
</error>
V : Type u_1
P : Type u_2
inst✝⁴ : NormedAddCommGroup V
inst✝³ : InnerProductSpace ℝ V
inst✝² : MetricSpace P
inst✝¹ : NormedAddTorsor V P
inst✝ : Fact (finrank ℝ V = 2)
⊢ ∃ c,
    0 < c ∧
      ∀ {n : ℕ},
        1 < n →
          ∀ {S : Finset P},
            #S = n →
              ((↑S).Pairwise fun x y => 1 ≤ dist x y) →
                ∃ l,
                  finrank ℝ ↥l.direction = 1 ∧
                    (∃ p₁ ∈ S, ∃ x ∈ S, l.SOppSide p₁ x) ∧ ∀ p ∈ S, c * ↑n ^ (-(1 / 3)) ≤ Metric.infDist p ↑l
[2026-01-10 23:15:22] [INFO] Proof verification completed
[2026-01-10 23:15:22] [INFO] Strategy norm_num attempt 1: verified=False
[2026-01-10 23:15:22] [INFO] Verification message: Cannot build modified file: <error line="21" column="66">
<code_line>      ∀ p ∈ S, c * (n : ℝ) ^ (-1 / 3 : ℝ) ≤ Metric.infDist p l := by</code_line>
<message>error: unsolved goals</message>
</error>
V : Type u_1
P : Type u_2
inst✝⁴ : NormedAddCommGroup V
inst✝³ : InnerProductSpace ℝ V
inst✝² : MetricSpace P
inst✝¹ : NormedAddTorsor V P
inst✝ : Fact (finrank ℝ V = 2)
⊢ ∃ c,
    0 < c ∧
      ∀ {n : ℕ},
        1 < n →
          ∀ {S : Finset P},
            #S = n →
              ((↑S).Pairwise fun x y => 1 ≤ dist x y) →
                ∃ l,
                  finrank ℝ ↥l.direction = 1 ∧
                    (∃ p₁ ∈ S, ∃ x ∈ S, l.SOppSide p₁ x) ∧ ∀ p ∈ S, c * ↑n ^ (-(1 / 3)) ≤ Metric.infDist p ↑l

[2026-01-10 23:15:22] [INFO] Attempt 1 failed verification, continuing...
[2026-01-10 23:15:22] [INFO] ========================================
[2026-01-10 23:15:22] [INFO] Trying strategy: omega (up to 1 attempts)
[2026-01-10 23:15:22] [INFO] --------------------
[2026-01-10 23:15:22] [INFO] Strategy omega, attempt 1/1
[2026-01-10 23:15:22] [INFO] Starting proof generation...
[2026-01-10 23:15:22] [INFO] Repository path: /root/repo
[2026-01-10 23:15:22] [INFO] Proof generation completed
[2026-01-10 23:15:22] [INFO] Generated proof:
[2026-01-10 23:15:22] [INFO] omega
[2026-01-10 23:15:22] [INFO] Proof length: 5 chars
[2026-01-10 23:15:22] [INFO] Starting proof verification...
[2026-01-10 23:15:22] [INFO] Verifying at: IMO/IMO2020P6.lean:22
[2026-01-10 23:15:22] [INFO] Using LEAN INTERACT verify
[2026-01-10 23:15:22] [INFO] Checking file
[2026-01-10 23:15:30] [INFO] Cannot build modified file <error line="22" column="2">
<code_line>  omega</code_line>
<message>error: omega could not prove the goal:</message>
</error>
No usable constraints found. You may need to unfold definitions so `omega` can see linear arithmetic facts about `Nat` and `Int`, which may also involve multiplication, division, and modular remainder by constants.
[2026-01-10 23:15:30] [INFO] Proof verification completed
[2026-01-10 23:15:30] [INFO] Strategy omega attempt 1: verified=False
[2026-01-10 23:15:30] [INFO] Verification message: Cannot build modified file: <error line="22" column="2">
<code_line>  omega</code_line>
<message>error: omega could not prove the goal:</message>
</error>
No usable constraints found. You may need to unfold definitions so `omega` can see linear arithmetic facts about `Nat` and `Int`, which may also involve multiplication, division, and modular remainder by constants.

[2026-01-10 23:15:30] [INFO] Attempt 1 failed verification, continuing...
[2026-01-10 23:15:30] [INFO] ========================================
[2026-01-10 23:15:30] [INFO] Trying strategy: linarith (up to 1 attempts)
[2026-01-10 23:15:30] [INFO] --------------------
[2026-01-10 23:15:30] [INFO] Strategy linarith, attempt 1/1
[2026-01-10 23:15:30] [INFO] Starting proof generation...
[2026-01-10 23:15:30] [INFO] Repository path: /root/repo
[2026-01-10 23:15:30] [INFO] Proof generation completed
[2026-01-10 23:15:30] [INFO] Generated proof:
[2026-01-10 23:15:30] [INFO] linarith
[2026-01-10 23:15:30] [INFO] Proof length: 8 chars
[2026-01-10 23:15:30] [INFO] Starting proof verification...
[2026-01-10 23:15:30] [INFO] Verifying at: IMO/IMO2020P6.lean:22
[2026-01-10 23:15:30] [INFO] Using LEAN INTERACT verify
[2026-01-10 23:15:30] [INFO] Checking file
[2026-01-10 23:15:41] [INFO] Cannot build modified file <error line="22" column="2">
<code_line>  linarith</code_line>
<message>error: linarith failed to find a contradiction</message>
</error>
V : Type u_1
P : Type u_2
inst✝⁴ : NormedAddCommGroup V
inst✝³ : InnerProductSpace ℝ V
inst✝² : MetricSpace P
inst✝¹ : NormedAddTorsor V P
inst✝ : Fact (finrank ℝ V = 2)
⊢ False
failed
[2026-01-10 23:15:41] [INFO] Proof verification completed
[2026-01-10 23:15:41] [INFO] Strategy linarith attempt 1: verified=False
[2026-01-10 23:15:41] [INFO] Verification message: Cannot build modified file: <error line="22" column="2">
<code_line>  linarith</code_line>
<message>error: linarith failed to find a contradiction</message>
</error>
V : Type u_1
P : Type u_2
inst✝⁴ : NormedAddCommGroup V
inst✝³ : InnerProductSpace ℝ V
inst✝² : MetricSpace P
inst✝¹ : NormedAddTorsor V P
inst✝ : Fact (finrank ℝ V = 2)
⊢ False
failed

[2026-01-10 23:15:41] [INFO] Attempt 1 failed verification, continuing...
[2026-01-10 23:15:41] [INFO] ========================================
[2026-01-10 23:15:41] [INFO] Trying strategy: nlinarith (up to 1 attempts)
[2026-01-10 23:15:41] [INFO] --------------------
[2026-01-10 23:15:41] [INFO] Strategy nlinarith, attempt 1/1
[2026-01-10 23:15:41] [INFO] Starting proof generation...
[2026-01-10 23:15:41] [INFO] Repository path: /root/repo
[2026-01-10 23:15:41] [INFO] Proof generation completed
[2026-01-10 23:15:41] [INFO] Generated proof:
[2026-01-10 23:15:41] [INFO] nlinarith
[2026-01-10 23:15:41] [INFO] Proof length: 9 chars
[2026-01-10 23:15:41] [INFO] Starting proof verification...
[2026-01-10 23:15:41] [INFO] Verifying at: IMO/IMO2020P6.lean:22
[2026-01-10 23:15:41] [INFO] Using LEAN INTERACT verify
[2026-01-10 23:15:41] [INFO] Checking file
[2026-01-10 23:15:51] [INFO] Cannot build modified file <error line="22" column="2">
<code_line>  nlinarith</code_line>
<message>error: linarith failed to find a contradiction</message>
</error>
V : Type u_1
P : Type u_2
inst✝⁴ : NormedAddCommGroup V
inst✝³ : InnerProductSpace ℝ V
inst✝² : MetricSpace P
inst✝¹ : NormedAddTorsor V P
inst✝ : Fact (finrank ℝ V = 2)
⊢ False
failed
[2026-01-10 23:15:51] [INFO] Proof verification completed
[2026-01-10 23:15:51] [INFO] Strategy nlinarith attempt 1: verified=False
[2026-01-10 23:15:51] [INFO] Verification message: Cannot build modified file: <error line="22" column="2">
<code_line>  nlinarith</code_line>
<message>error: linarith failed to find a contradiction</message>
</error>
V : Type u_1
P : Type u_2
inst✝⁴ : NormedAddCommGroup V
inst✝³ : InnerProductSpace ℝ V
inst✝² : MetricSpace P
inst✝¹ : NormedAddTorsor V P
inst✝ : Fact (finrank ℝ V = 2)
⊢ False
failed

[2026-01-10 23:15:51] [INFO] Attempt 1 failed verification, continuing...
[2026-01-10 23:15:51] [INFO] ========================================
[2026-01-10 23:15:51] [INFO] Trying strategy: aesop (up to 1 attempts)
[2026-01-10 23:15:51] [INFO] --------------------
[2026-01-10 23:15:51] [INFO] Strategy aesop, attempt 1/1
[2026-01-10 23:15:51] [INFO] Starting proof generation...
[2026-01-10 23:15:51] [INFO] Repository path: /root/repo
[2026-01-10 23:15:51] [INFO] Proof generation completed
[2026-01-10 23:15:51] [INFO] Generated proof:
[2026-01-10 23:15:51] [INFO] aesop
[2026-01-10 23:15:51] [INFO] Proof length: 5 chars
[2026-01-10 23:15:51] [INFO] Starting proof verification...
[2026-01-10 23:15:51] [INFO] Verifying at: IMO/IMO2020P6.lean:22
[2026-01-10 23:15:51] [INFO] Using LEAN INTERACT verify
[2026-01-10 23:15:51] [INFO] Checking file
[2026-01-10 23:16:06] [INFO] Cannot build modified file <error line="21" column="66">
<code_line>      ∀ p ∈ S, c * (n : ℝ) ^ (-1 / 3 : ℝ) ≤ Metric.infDist p l := by</code_line>
<message>error: unsolved goals</message>
</error>
V : Type u_1
P : Type u_2
inst : NormedAddCommGroup V
inst_1 : InnerProductSpace ℝ V
inst_2 : MetricSpace P
inst_3 : NormedAddTorsor V P
inst_4 : Fact (finrank ℝ V = 2)
⊢ ∃ c,
    0 < c ∧
      ∀ {n : ℕ},
        1 < n →
          ∀ {S : Finset P},
            #S = n →
              ((↑S).Pairwise fun x y => 1 ≤ dist x y) →
                ∃ l,
                  finrank ℝ ↥l.direction = 1 ∧
                    (∃ p₁ ∈ S, ∃ x ∈ S, l.SOppSide p₁ x) ∧ ∀ p ∈ S, c * ↑n ^ (-1 / 3) ≤ Metric.infDist p ↑l
[2026-01-10 23:16:06] [INFO] Proof verification completed
[2026-01-10 23:16:06] [INFO] Strategy aesop attempt 1: verified=False
[2026-01-10 23:16:06] [INFO] Verification message: Cannot build modified file: <error line="21" column="66">
<code_line>      ∀ p ∈ S, c * (n : ℝ) ^ (-1 / 3 : ℝ) ≤ Metric.infDist p l := by</code_line>
<message>error: unsolved goals</message>
</error>
V : Type u_1
P : Type u_2
inst : NormedAddCommGroup V
inst_1 : InnerProductSpace ℝ V
inst_2 : MetricSpace P
inst_3 : NormedAddTorsor V P
inst_4 : Fact (finrank ℝ V = 2)
⊢ ∃ c,
    0 < c ∧
      ∀ {n : ℕ},
        1 < n →
          ∀ {S : Finset P},
            #S = n →
              ((↑S).Pairwise fun x y => 1 ≤ dist x y) →
                ∃ l,
                  finrank ℝ ↥l.direction = 1 ∧
                    (∃ p₁ ∈ S, ∃ x ∈ S, l.SOppSide p₁ x) ∧ ∀ p ∈ S, c * ↑n ^ (-1 / 3) ≤ Metric.infDist p ↑l

[2026-01-10 23:16:06] [INFO] Attempt 1 failed verification, continuing...
[2026-01-10 23:16:06] [INFO] ========================================
[2026-01-10 23:16:06] [INFO] Pass@k completed. Total results: 1
[2026-01-10 23:16:06] [INFO] FAILED: All 11 strategies x 1 attempts
[2026-01-10 23:16:06] [INFO] Writing results to file: /root/repo/result.json
[2026-01-10 23:16:06] [INFO] Result file written successfully
[2026-01-10 23:16:06] [INFO] Results exported to: /root/repo/result.json
[2026-01-10 23:16:06] [INFO] run_morphcloud_local.py completed successfully

[2026-01-10 23:16:07] [process_single_sorry] Downloading result file...
[2026-01-10 23:16:07] [process_single_sorry] Downloaded result to intermediate_experiment_outputs_full_reservoir/multi_tactic/2026-01-10_20-46-34_multi_tactic/individual/58dd8c81a8b87946f78f79e7c82fbc8724ea7825ec8a6af07eef92970aba8a33.json
[2026-01-10 23:16:10] [process_single_sorry] Instance context closed successfully
[2026-01-10 23:16:10] [process_single_sorry] Parsing result file...
[2026-01-10 23:16:10] [process_single_sorry] Successfully parsed result (list format, 1 results)
