[2026-01-10 23:23:52] [process_single_sorry] Starting for sorry 637e021775eb898daa80c7e2f4c9a259ae743d7a4fb1ac0989905d5257fac609
[2026-01-10 23:23:52] [process_single_sorry] Using snapshot: snapshot_tqr0sxey
[2026-01-10 23:23:52] [process_single_sorry] Repository: https://github.com/leanprover-community/mathlib4@3553b46195d3457be68d016ea3b14b2aab5e53ad
[2026-01-10 23:23:52] [process_single_sorry] Instance name: mathlib4_3553b46195d3_multi_tactic_637e021775eb898daa80c7e2f4c9a259ae743d7a4fb1ac0989905d5257fac609
[2026-01-10 23:23:52] [process_single_sorry] Starting attempt 1/3
[2026-01-10 23:23:52] [process_single_sorry] Starting instance from snapshot...
[2026-01-10 23:23:54] [process_single_sorry] Instance started successfully: morphvm_nxzomeew
[2026-01-10 23:23:54] [process_single_sorry] Creating .env file...
[2026-01-10 23:24:00] [process_single_sorry] .env file created (exit_code: 0)
[2026-01-10 23:24:00] [process_single_sorry] Executing agent command...
[2026-01-10 23:26:44] [process_single_sorry] Agent command completed (exit_code: 0)
[2026-01-10 23:26:44] [process_single_sorry] STDOUT:

Results JSON:
[
  {
    "sorry": {
      "repo": {
        "remote": "https://github.com/leanprover-community/mathlib4",
        "branch": "MR_fae_WeakDeriv",
        "commit": "3553b46195d3457be68d016ea3b14b2aab5e53ad",
        "lean_version": "v4.27.0-rc1"
      },
      "location": {
        "path": "Mathlib/Analysis/Distribution/Distribution.lean",
        "start_line": 358,
        "start_column": 17,
        "end_line": 358,
        "end_column": 22
      },
      "debug_info": {
        "goal": "E : Type u_1\ninst✝¹² : NormedAddCommGroup E\ninst✝¹¹ : NormedSpace ℝ E\nΩ : Opens E\nF : Type u_2\ninst✝¹⁰ : AddCommGroup F\ninst✝⁹ : Module ℝ F\ninst✝⁸ : TopologicalSpace F\nF' : Type u_3\ninst✝⁷ : AddCommGroup F'\ninst✝⁶ : Module ℝ F'\ninst✝⁵ : TopologicalSpace F'\nn k : ℕ∞\ninst✝⁴ : IsTopologicalAddGroup F\ninst✝³ : ContinuousSMul ℝ F\ninst✝² : IsTopologicalAddGroup F'\ninst✝¹ : ContinuousSMul ℝ F'\ninst✝ : FiniteDimensional ℝ E\nT : @Distribution E inst✝¹² inst✝¹¹ Ω F inst✝¹⁰ inst✝⁹ inst✝⁸ ⊤\n⊢ ∀ (m : ℝ) (x : TestFunction Ω ℝ ⊤),\n    {\n        toFun := fun v =>\n          (@DFunLike.coe\n              (@Distribution E inst✝¹² inst✝¹¹ Ω F inst✝¹⁰ inst✝⁹ inst✝⁸ ⊤ →L[ℝ]\n                @Distribution E inst✝¹² inst✝¹¹ Ω F inst✝¹⁰ inst✝⁹ inst✝⁸ ⊤)\n              (@Distribution E inst✝¹² inst✝¹¹ Ω F inst✝¹⁰ inst✝⁹ inst✝⁸ ⊤)\n              (fun x => @Distribution E inst✝¹² inst✝¹¹ Ω F inst✝¹⁰ inst✝⁹ inst✝⁸ ⊤) ContinuousLinearMap.funLike\n              (@Distribution.lineDerivCLM E inst✝¹² inst✝¹¹ Ω F inst✝¹⁰ inst✝⁹ inst✝⁸ inst✝⁴ inst✝³ v) T)\n            (m • x),\n        map_add' := ⋯, map_smul' := ⋯, cont := ⋯ } =\n      (RingHom.id ℝ) m •\n        {\n          toFun := fun v =>\n            (@DFunLike.coe\n                (@Distribution E inst✝¹² inst✝¹¹ Ω F inst✝¹⁰ inst✝⁹ inst✝⁸ ⊤ →L[ℝ]\n                  @Distribution E inst✝¹² inst✝¹¹ Ω F inst✝¹⁰ inst✝⁹ inst✝⁸ ⊤)\n                (@Distribution E inst✝¹² inst✝¹¹ Ω F inst✝¹⁰ inst✝⁹ inst✝⁸ ⊤)\n                (fun x => @Distribution E inst✝¹² inst✝¹¹ Ω F inst✝¹⁰ inst✝⁹ inst✝⁸ ⊤) ContinuousLinearMap.funLike\n                (@Distribution.lineDerivCLM E inst✝¹² inst✝¹¹ Ω F inst✝¹⁰ inst✝⁹ inst✝⁸ inst✝⁴ inst✝³ v) T)\n              x,\n          map_add' := ⋯, map_smul' := ⋯, cont := ⋯ }",
        "url": "https://github.com/leanprover-community/mathlib4/blob/3553b46195d3457be68d016ea3b14b2aab5e53ad/Mathlib/Analysis/Distribution/Distribution.lean#L358"
      },
      "metadata": {
        "blame_email_hash": "0a3759cf16cc",
        "blame_date": "2025-12-10T18:42:45+01:00",
        "inclusion_date": "2025-12-30T13:48:26.925530+00:00"
      },
      "id": "637e021775eb898daa80c7e2f4c9a259ae743d7a4fb1ac0989905d5257fac609"
    },
    "proof": null,
    "proof_verified": false,
    "feedback": null,
    "verification_message": "All 11 attempts failed (11 strategies x 1 attempts each)",
    "success": true,
    "error_type": null,
    "error_message": null,
    "strategy_name": "all_failed_k=1",
    "proof_attempts": [
      "rfl",
      "simp",
      "simp_all",
      "exact?",
      "grind",
      "ring",
      "norm_num",
      "omega",
      "linarith",
      "nlinarith",
      "aesop"
    ]
  }
]

[2026-01-10 23:26:44] [process_single_sorry] STDERR:
None of PyTorch, TensorFlow >= 2.0, or Flax have been found. Models won't be available and only tokenizers, configuration and file/data utilities can be used.
[2026-01-10 23:24:10] [INFO] ================================================================================
[2026-01-10 23:24:10] [INFO] Starting run_morphcloud_local.py
[2026-01-10 23:24:10] [INFO] ================================================================================
[2026-01-10 23:24:10] [INFO] Environment loaded
[2026-01-10 23:24:10] [INFO] Full command: /root/SorryDB/sorrydb/cli/run_morphcloud_local.py --repo-path /root/repo --sorry-json {"repo": {"remote": "https://github.com/leanprover-community/mathlib4", "branch": "MR_fae_WeakDeriv", "commit": "3553b46195d3457be68d016ea3b14b2aab5e53ad", "lean_version": "v4.27.0-rc1"}, "location": {"path": "Mathlib/Analysis/Distribution/Distribution.lean", "start_line": 358, "start_column": 17, "end_line": 358, "end_column": 22}, "debug_info": {"goal": "E : Type u_1\ninst\u271d\u00b9\u00b2 : NormedAddCommGroup E\ninst\u271d\u00b9\u00b9 : NormedSpace \u211d E\n\u03a9 : Opens E\nF : Type u_2\ninst\u271d\u00b9\u2070 : AddCommGroup F\ninst\u271d\u2079 : Module \u211d F\ninst\u271d\u2078 : TopologicalSpace F\nF' : Type u_3\ninst\u271d\u2077 : AddCommGroup F'\ninst\u271d\u2076 : Module \u211d F'\ninst\u271d\u2075 : TopologicalSpace F'\nn k : \u2115\u221e\ninst\u271d\u2074 : IsTopologicalAddGroup F\ninst\u271d\u00b3 : ContinuousSMul \u211d F\ninst\u271d\u00b2 : IsTopologicalAddGroup F'\ninst\u271d\u00b9 : ContinuousSMul \u211d F'\ninst\u271d : FiniteDimensional \u211d E\nT : @Distribution E inst\u271d\u00b9\u00b2 inst\u271d\u00b9\u00b9 \u03a9 F inst\u271d\u00b9\u2070 inst\u271d\u2079 inst\u271d\u2078 \u22a4\n\u22a2 \u2200 (m : \u211d) (x : TestFunction \u03a9 \u211d \u22a4),\n    {\n        toFun := fun v =>\n          (@DFunLike.coe\n              (@Distribution E inst\u271d\u00b9\u00b2 inst\u271d\u00b9\u00b9 \u03a9 F inst\u271d\u00b9\u2070 inst\u271d\u2079 inst\u271d\u2078 \u22a4 \u2192L[\u211d]\n                @Distribution E inst\u271d\u00b9\u00b2 inst\u271d\u00b9\u00b9 \u03a9 F inst\u271d\u00b9\u2070 inst\u271d\u2079 inst\u271d\u2078 \u22a4)\n              (@Distribution E inst\u271d\u00b9\u00b2 inst\u271d\u00b9\u00b9 \u03a9 F inst\u271d\u00b9\u2070 inst\u271d\u2079 inst\u271d\u2078 \u22a4)\n              (fun x => @Distribution E inst\u271d\u00b9\u00b2 inst\u271d\u00b9\u00b9 \u03a9 F inst\u271d\u00b9\u2070 inst\u271d\u2079 inst\u271d\u2078 \u22a4) ContinuousLinearMap.funLike\n              (@Distribution.lineDerivCLM E inst\u271d\u00b9\u00b2 inst\u271d\u00b9\u00b9 \u03a9 F inst\u271d\u00b9\u2070 inst\u271d\u2079 inst\u271d\u2078 inst\u271d\u2074 inst\u271d\u00b3 v) T)\n            (m \u2022 x),\n        map_add' := \u22ef, map_smul' := \u22ef, cont := \u22ef } =\n      (RingHom.id \u211d) m \u2022\n        {\n          toFun := fun v =>\n            (@DFunLike.coe\n                (@Distribution E inst\u271d\u00b9\u00b2 inst\u271d\u00b9\u00b9 \u03a9 F inst\u271d\u00b9\u2070 inst\u271d\u2079 inst\u271d\u2078 \u22a4 \u2192L[\u211d]\n                  @Distribution E inst\u271d\u00b9\u00b2 inst\u271d\u00b9\u00b9 \u03a9 F inst\u271d\u00b9\u2070 inst\u271d\u2079 inst\u271d\u2078 \u22a4)\n                (@Distribution E inst\u271d\u00b9\u00b2 inst\u271d\u00b9\u00b9 \u03a9 F inst\u271d\u00b9\u2070 inst\u271d\u2079 inst\u271d\u2078 \u22a4)\n                (fun x => @Distribution E inst\u271d\u00b9\u00b2 inst\u271d\u00b9\u00b9 \u03a9 F inst\u271d\u00b9\u2070 inst\u271d\u2079 inst\u271d\u2078 \u22a4) ContinuousLinearMap.funLike\n                (@Distribution.lineDerivCLM E inst\u271d\u00b9\u00b2 inst\u271d\u00b9\u00b9 \u03a9 F inst\u271d\u00b9\u2070 inst\u271d\u2079 inst\u271d\u2078 inst\u271d\u2074 inst\u271d\u00b3 v) T)\n              x,\n          map_add' := \u22ef, map_smul' := \u22ef, cont := \u22ef }", "url": "https://github.com/leanprover-community/mathlib4/blob/3553b46195d3457be68d016ea3b14b2aab5e53ad/Mathlib/Analysis/Distribution/Distribution.lean#L358"}, "metadata": {"blame_email_hash": "0a3759cf16cc", "blame_date": "2025-12-10T18:42:45+01:00", "inclusion_date": "2025-12-30T13:48:26.925530+00:00"}, "id": "637e021775eb898daa80c7e2f4c9a259ae743d7a4fb1ac0989905d5257fac609"} --agent-strategy {"name": "multi_tactic", "args": {}}
[2026-01-10 23:24:10] [INFO] Arguments parsed: repo_path=/root/repo, output_path=/root/repo/result.json
[2026-01-10 23:24:10] [INFO] Strategy spec: {"name": "multi_tactic", "args": {}}...
[2026-01-10 23:24:10] [INFO] Loading sorry data...
[2026-01-10 23:24:10] [INFO] Parsing sorry from JSON string...
[2026-01-10 23:24:10] [INFO] Sorry data parsed from JSON string
[2026-01-10 23:24:10] [INFO] Creating strategy from spec...
[2026-01-10 23:24:10] [INFO] Parsing strategy spec (length: 36 chars)
[2026-01-10 23:24:10] [INFO] Strategy name: multi_tactic
[2026-01-10 23:24:10] [INFO] Strategy args: {}
[2026-01-10 23:24:10] [INFO] Pass@k value: 1
[2026-01-10 23:24:10] [INFO] Creating strategy: multi_tactic
[2026-01-10 23:24:10] [INFO] Creating multi_tactic strategy with tactics: ['rfl', 'simp', 'simp_all', 'exact?', 'grind', 'ring', 'norm_num', 'omega', 'linarith', 'nlinarith', 'aesop']
[2026-01-10 23:24:10] [INFO] Strategies created: ['rfl', 'simp', 'simp_all', 'exact?', 'grind', 'ring', 'norm_num', 'omega', 'linarith', 'nlinarith', 'aesop']
[2026-01-10 23:24:10] [INFO] Pass@k value: 1
[2026-01-10 23:24:10] [INFO] Creating Sorry object...
[2026-01-10 23:24:10] [INFO] Sorry object created: id=637e021775eb898daa80c7e2f4c9a259ae743d7a4fb1ac0989905d5257fac609
[2026-01-10 23:24:10] [INFO] Sorry location: Mathlib/Analysis/Distribution/Distribution.lean:358
[2026-01-10 23:24:10] [INFO] Context before sorry (lines 353-358):
[2026-01-10 23:24:10] [INFO]   353:     { toFun v := lineDerivCLM v T f
[2026-01-10 23:24:10] [INFO]   354:       map_add' := sorry
[2026-01-10 23:24:10] [INFO]   355:       map_smul' := sorry
[2026-01-10 23:24:10] [INFO]   356:       cont := have : FiniteDimensional ℝ E := inferInstance; sorry }
[2026-01-10 23:24:10] [INFO]   357:     map_add' := sorry
[2026-01-10 23:24:10] [INFO]   358:     map_smul' := sorry
[2026-01-10 23:24:10] [INFO] Sorry line:     map_smul' := sorry
[2026-01-10 23:24:10] [INFO] Sorry goal: E : Type u_1
inst✝¹² : NormedAddCommGroup E
inst✝¹¹ : NormedSpace ℝ E
Ω : Opens E
F : Type u_2
inst✝...
[2026-01-10 23:24:10] [INFO] ========================================
[2026-01-10 23:24:10] [INFO] Trying strategy: rfl (up to 1 attempts)
[2026-01-10 23:24:10] [INFO] --------------------
[2026-01-10 23:24:10] [INFO] Strategy rfl, attempt 1/1
[2026-01-10 23:24:10] [INFO] Starting proof generation...
[2026-01-10 23:24:10] [INFO] Repository path: /root/repo
[2026-01-10 23:24:10] [INFO] Proof generation completed
[2026-01-10 23:24:10] [INFO] Generated proof:
[2026-01-10 23:24:10] [INFO] rfl
[2026-01-10 23:24:10] [INFO] Proof length: 3 chars
[2026-01-10 23:24:10] [INFO] Starting proof verification...
[2026-01-10 23:24:10] [INFO] Verifying at: Mathlib/Analysis/Distribution/Distribution.lean:358
[2026-01-10 23:24:10] [INFO] Using LEAN INTERACT verify
[2026-01-10 23:24:10] [INFO] Checking file
[2026-01-10 23:24:35] [INFO] Cannot build modified file <error line="358" column="17">
<code_line>    map_smul' := rfl</code_line>
<message>error: Type mismatch</message>
</error>
  rfl
has type
  ?m.119 = ?m.119
but is expected to have type
  ∀ (m : ℝ) (x : 𝓓(Ω, ℝ)),
    { toFun := fun v => ((lineDerivCLM v) T) (m • x), map_add' := ⋯, map_smul' := ⋯, cont := ⋯ } =
      (RingHom.id ℝ) m • { toFun := fun v => ((lineDerivCLM v) T) x, map_add' := ⋯, map_smul' := ⋯, cont := ⋯ }
[2026-01-10 23:24:35] [INFO] Proof verification completed
[2026-01-10 23:24:35] [INFO] Strategy rfl attempt 1: verified=False
[2026-01-10 23:24:35] [INFO] Verification message: Cannot build modified file: <error line="358" column="17">
<code_line>    map_smul' := rfl</code_line>
<message>error: Type mismatch</message>
</error>
  rfl
has type
  ?m.119 = ?m.119
but is expected to have type
  ∀ (m : ℝ) (x : 𝓓(Ω, ℝ)),
    { toFun := fun v => ((lineDerivCLM v) T) (m • x), map_add' := ⋯, map_smul' := ⋯, cont := ⋯ } =
      (RingHom.id ℝ) m • { toFun := fun v => ((lineDerivCLM v) T) x, map_add' := ⋯, map_smul' := ⋯, cont := ⋯ }

[2026-01-10 23:24:35] [INFO] Attempt 1 failed verification, continuing...
[2026-01-10 23:24:35] [INFO] ========================================
[2026-01-10 23:24:35] [INFO] Trying strategy: simp (up to 1 attempts)
[2026-01-10 23:24:35] [INFO] --------------------
[2026-01-10 23:24:35] [INFO] Strategy simp, attempt 1/1
[2026-01-10 23:24:35] [INFO] Starting proof generation...
[2026-01-10 23:24:35] [INFO] Repository path: /root/repo
[2026-01-10 23:24:35] [INFO] Proof generation completed
[2026-01-10 23:24:35] [INFO] Generated proof:
[2026-01-10 23:24:35] [INFO] simp
[2026-01-10 23:24:35] [INFO] Proof length: 4 chars
[2026-01-10 23:24:35] [INFO] Starting proof verification...
[2026-01-10 23:24:35] [INFO] Verifying at: Mathlib/Analysis/Distribution/Distribution.lean:358
[2026-01-10 23:24:35] [INFO] Using LEAN INTERACT verify
[2026-01-10 23:24:35] [INFO] Checking file
[2026-01-10 23:24:48] [INFO] Cannot build modified file Mathlib/Analysis/Distribution/tmppiijlf3t.lean:358:17: error(lean.unknownIdentifier): Unknown identifier `simp`
[2026-01-10 23:24:48] [INFO] Proof verification completed
[2026-01-10 23:24:48] [INFO] Strategy simp attempt 1: verified=False
[2026-01-10 23:24:48] [INFO] Verification message: Cannot build modified file: Mathlib/Analysis/Distribution/tmppiijlf3t.lean:358:17: error(lean.unknownIdentifier): Unknown identifier `simp`

[2026-01-10 23:24:48] [INFO] Attempt 1 failed verification, continuing...
[2026-01-10 23:24:48] [INFO] ========================================
[2026-01-10 23:24:48] [INFO] Trying strategy: simp_all (up to 1 attempts)
[2026-01-10 23:24:48] [INFO] --------------------
[2026-01-10 23:24:48] [INFO] Strategy simp_all, attempt 1/1
[2026-01-10 23:24:48] [INFO] Starting proof generation...
[2026-01-10 23:24:48] [INFO] Repository path: /root/repo
[2026-01-10 23:24:48] [INFO] Proof generation completed
[2026-01-10 23:24:48] [INFO] Generated proof:
[2026-01-10 23:24:48] [INFO] simp_all
[2026-01-10 23:24:48] [INFO] Proof length: 8 chars
[2026-01-10 23:24:48] [INFO] Starting proof verification...
[2026-01-10 23:24:48] [INFO] Verifying at: Mathlib/Analysis/Distribution/Distribution.lean:358
[2026-01-10 23:24:48] [INFO] Using LEAN INTERACT verify
[2026-01-10 23:24:48] [INFO] Checking file
[2026-01-10 23:25:01] [INFO] Cannot build modified file Mathlib/Analysis/Distribution/tmp4c62sxqi.lean:358:17: error(lean.unknownIdentifier): Unknown identifier `simp_all`
[2026-01-10 23:25:01] [INFO] Proof verification completed
[2026-01-10 23:25:01] [INFO] Strategy simp_all attempt 1: verified=False
[2026-01-10 23:25:01] [INFO] Verification message: Cannot build modified file: Mathlib/Analysis/Distribution/tmp4c62sxqi.lean:358:17: error(lean.unknownIdentifier): Unknown identifier `simp_all`

[2026-01-10 23:25:01] [INFO] Attempt 1 failed verification, continuing...
[2026-01-10 23:25:01] [INFO] ========================================
[2026-01-10 23:25:01] [INFO] Trying strategy: exact? (up to 1 attempts)
[2026-01-10 23:25:01] [INFO] --------------------
[2026-01-10 23:25:01] [INFO] Strategy exact?, attempt 1/1
[2026-01-10 23:25:01] [INFO] Starting proof generation...
[2026-01-10 23:25:01] [INFO] Repository path: /root/repo
[2026-01-10 23:25:01] [INFO] Proof generation completed
[2026-01-10 23:25:01] [INFO] Generated proof:
[2026-01-10 23:25:01] [INFO] exact?
[2026-01-10 23:25:01] [INFO] Proof length: 6 chars
[2026-01-10 23:25:01] [INFO] Starting proof verification...
[2026-01-10 23:25:01] [INFO] Verifying at: Mathlib/Analysis/Distribution/Distribution.lean:358
[2026-01-10 23:25:01] [INFO] Using LEAN INTERACT verify
[2026-01-10 23:25:01] [INFO] Checking file
[2026-01-10 23:25:14] [INFO] Cannot build modified file Mathlib/Analysis/Distribution/tmpx_w49yes.lean:358:17: error(lean.unknownIdentifier): Unknown identifier `exact?`
[2026-01-10 23:25:14] [INFO] Proof verification completed
[2026-01-10 23:25:14] [INFO] Strategy exact? attempt 1: verified=False
[2026-01-10 23:25:14] [INFO] Verification message: Cannot build modified file: Mathlib/Analysis/Distribution/tmpx_w49yes.lean:358:17: error(lean.unknownIdentifier): Unknown identifier `exact?`

[2026-01-10 23:25:14] [INFO] Attempt 1 failed verification, continuing...
[2026-01-10 23:25:14] [INFO] ========================================
[2026-01-10 23:25:14] [INFO] Trying strategy: grind (up to 1 attempts)
[2026-01-10 23:25:14] [INFO] --------------------
[2026-01-10 23:25:14] [INFO] Strategy grind, attempt 1/1
[2026-01-10 23:25:14] [INFO] Starting proof generation...
[2026-01-10 23:25:14] [INFO] Repository path: /root/repo
[2026-01-10 23:25:14] [INFO] Proof generation completed
[2026-01-10 23:25:14] [INFO] Generated proof:
[2026-01-10 23:25:14] [INFO] grind
[2026-01-10 23:25:14] [INFO] Proof length: 5 chars
[2026-01-10 23:25:14] [INFO] Starting proof verification...
[2026-01-10 23:25:14] [INFO] Verifying at: Mathlib/Analysis/Distribution/Distribution.lean:358
[2026-01-10 23:25:14] [INFO] Using LEAN INTERACT verify
[2026-01-10 23:25:14] [INFO] Checking file
[2026-01-10 23:25:27] [INFO] Cannot build modified file Mathlib/Analysis/Distribution/tmpg5_12qlm.lean:358:17: error(lean.unknownIdentifier): Unknown identifier `grind`
[2026-01-10 23:25:27] [INFO] Proof verification completed
[2026-01-10 23:25:27] [INFO] Strategy grind attempt 1: verified=False
[2026-01-10 23:25:27] [INFO] Verification message: Cannot build modified file: Mathlib/Analysis/Distribution/tmpg5_12qlm.lean:358:17: error(lean.unknownIdentifier): Unknown identifier `grind`

[2026-01-10 23:25:27] [INFO] Attempt 1 failed verification, continuing...
[2026-01-10 23:25:27] [INFO] ========================================
[2026-01-10 23:25:27] [INFO] Trying strategy: ring (up to 1 attempts)
[2026-01-10 23:25:27] [INFO] --------------------
[2026-01-10 23:25:27] [INFO] Strategy ring, attempt 1/1
[2026-01-10 23:25:27] [INFO] Starting proof generation...
[2026-01-10 23:25:27] [INFO] Repository path: /root/repo
[2026-01-10 23:25:27] [INFO] Proof generation completed
[2026-01-10 23:25:27] [INFO] Generated proof:
[2026-01-10 23:25:27] [INFO] ring
[2026-01-10 23:25:27] [INFO] Proof length: 4 chars
[2026-01-10 23:25:27] [INFO] Starting proof verification...
[2026-01-10 23:25:27] [INFO] Verifying at: Mathlib/Analysis/Distribution/Distribution.lean:358
[2026-01-10 23:25:27] [INFO] Using LEAN INTERACT verify
[2026-01-10 23:25:27] [INFO] Checking file
[2026-01-10 23:25:40] [INFO] Cannot build modified file Mathlib/Analysis/Distribution/tmpqn9up9x6.lean:358:17: error(lean.unknownIdentifier): Unknown identifier `ring`
[2026-01-10 23:25:40] [INFO] Proof verification completed
[2026-01-10 23:25:40] [INFO] Strategy ring attempt 1: verified=False
[2026-01-10 23:25:40] [INFO] Verification message: Cannot build modified file: Mathlib/Analysis/Distribution/tmpqn9up9x6.lean:358:17: error(lean.unknownIdentifier): Unknown identifier `ring`

[2026-01-10 23:25:40] [INFO] Attempt 1 failed verification, continuing...
[2026-01-10 23:25:40] [INFO] ========================================
[2026-01-10 23:25:40] [INFO] Trying strategy: norm_num (up to 1 attempts)
[2026-01-10 23:25:40] [INFO] --------------------
[2026-01-10 23:25:40] [INFO] Strategy norm_num, attempt 1/1
[2026-01-10 23:25:40] [INFO] Starting proof generation...
[2026-01-10 23:25:40] [INFO] Repository path: /root/repo
[2026-01-10 23:25:40] [INFO] Proof generation completed
[2026-01-10 23:25:40] [INFO] Generated proof:
[2026-01-10 23:25:40] [INFO] norm_num
[2026-01-10 23:25:40] [INFO] Proof length: 8 chars
[2026-01-10 23:25:40] [INFO] Starting proof verification...
[2026-01-10 23:25:40] [INFO] Verifying at: Mathlib/Analysis/Distribution/Distribution.lean:358
[2026-01-10 23:25:40] [INFO] Using LEAN INTERACT verify
[2026-01-10 23:25:40] [INFO] Checking file
[2026-01-10 23:25:53] [INFO] Cannot build modified file <error line="358" column="17">
<code_line>    map_smul' := norm_num</code_line>
<message>error: Type mismatch</message>
</error>
  norm_num
has type
  Lean.ParserDescr
of sort `Type` but is expected to have type
  ∀ (m : ℝ) (x : 𝓓(Ω, ℝ)),
    { toFun := fun v => ((lineDerivCLM v) T) (m • x), map_add' := ⋯, map_smul' := ⋯, cont := ⋯ } =
      (RingHom.id ℝ) m • { toFun := fun v => ((lineDerivCLM v) T) x, map_add' := ⋯, map_smul' := ⋯, cont := ⋯ }
of sort `Prop`
[2026-01-10 23:25:53] [INFO] Proof verification completed
[2026-01-10 23:25:53] [INFO] Strategy norm_num attempt 1: verified=False
[2026-01-10 23:25:53] [INFO] Verification message: Cannot build modified file: <error line="358" column="17">
<code_line>    map_smul' := norm_num</code_line>
<message>error: Type mismatch</message>
</error>
  norm_num
has type
  Lean.ParserDescr
of sort `Type` but is expected to have type
  ∀ (m : ℝ) (x : 𝓓(Ω, ℝ)),
    { toFun := fun v => ((lineDerivCLM v) T) (m • x), map_add' := ⋯, map_smul' := ⋯, cont := ⋯ } =
      (RingHom.id ℝ) m • { toFun := fun v => ((lineDerivCLM v) T) x, map_add' := ⋯, map_smul' := ⋯, cont := ⋯ }
of sort `Prop`

[2026-01-10 23:25:53] [INFO] Attempt 1 failed verification, continuing...
[2026-01-10 23:25:53] [INFO] ========================================
[2026-01-10 23:25:53] [INFO] Trying strategy: omega (up to 1 attempts)
[2026-01-10 23:25:53] [INFO] --------------------
[2026-01-10 23:25:53] [INFO] Strategy omega, attempt 1/1
[2026-01-10 23:25:53] [INFO] Starting proof generation...
[2026-01-10 23:25:53] [INFO] Repository path: /root/repo
[2026-01-10 23:25:53] [INFO] Proof generation completed
[2026-01-10 23:25:53] [INFO] Generated proof:
[2026-01-10 23:25:53] [INFO] omega
[2026-01-10 23:25:53] [INFO] Proof length: 5 chars
[2026-01-10 23:25:53] [INFO] Starting proof verification...
[2026-01-10 23:25:53] [INFO] Verifying at: Mathlib/Analysis/Distribution/Distribution.lean:358
[2026-01-10 23:25:53] [INFO] Using LEAN INTERACT verify
[2026-01-10 23:25:53] [INFO] Checking file
[2026-01-10 23:26:05] [INFO] Cannot build modified file Mathlib/Analysis/Distribution/tmptj2u1too.lean:358:17: error(lean.unknownIdentifier): Unknown identifier `omega`
[2026-01-10 23:26:05] [INFO] Proof verification completed
[2026-01-10 23:26:05] [INFO] Strategy omega attempt 1: verified=False
[2026-01-10 23:26:05] [INFO] Verification message: Cannot build modified file: Mathlib/Analysis/Distribution/tmptj2u1too.lean:358:17: error(lean.unknownIdentifier): Unknown identifier `omega`

[2026-01-10 23:26:05] [INFO] Attempt 1 failed verification, continuing...
[2026-01-10 23:26:05] [INFO] ========================================
[2026-01-10 23:26:05] [INFO] Trying strategy: linarith (up to 1 attempts)
[2026-01-10 23:26:05] [INFO] --------------------
[2026-01-10 23:26:05] [INFO] Strategy linarith, attempt 1/1
[2026-01-10 23:26:05] [INFO] Starting proof generation...
[2026-01-10 23:26:05] [INFO] Repository path: /root/repo
[2026-01-10 23:26:05] [INFO] Proof generation completed
[2026-01-10 23:26:05] [INFO] Generated proof:
[2026-01-10 23:26:05] [INFO] linarith
[2026-01-10 23:26:05] [INFO] Proof length: 8 chars
[2026-01-10 23:26:05] [INFO] Starting proof verification...
[2026-01-10 23:26:05] [INFO] Verifying at: Mathlib/Analysis/Distribution/Distribution.lean:358
[2026-01-10 23:26:05] [INFO] Using LEAN INTERACT verify
[2026-01-10 23:26:05] [INFO] Checking file
[2026-01-10 23:26:18] [INFO] Cannot build modified file Mathlib/Analysis/Distribution/tmp2rsp1bt3.lean:358:17: error(lean.unknownIdentifier): Unknown identifier `linarith`
[2026-01-10 23:26:18] [INFO] Proof verification completed
[2026-01-10 23:26:18] [INFO] Strategy linarith attempt 1: verified=False
[2026-01-10 23:26:18] [INFO] Verification message: Cannot build modified file: Mathlib/Analysis/Distribution/tmp2rsp1bt3.lean:358:17: error(lean.unknownIdentifier): Unknown identifier `linarith`

[2026-01-10 23:26:18] [INFO] Attempt 1 failed verification, continuing...
[2026-01-10 23:26:18] [INFO] ========================================
[2026-01-10 23:26:18] [INFO] Trying strategy: nlinarith (up to 1 attempts)
[2026-01-10 23:26:18] [INFO] --------------------
[2026-01-10 23:26:18] [INFO] Strategy nlinarith, attempt 1/1
[2026-01-10 23:26:18] [INFO] Starting proof generation...
[2026-01-10 23:26:18] [INFO] Repository path: /root/repo
[2026-01-10 23:26:18] [INFO] Proof generation completed
[2026-01-10 23:26:18] [INFO] Generated proof:
[2026-01-10 23:26:18] [INFO] nlinarith
[2026-01-10 23:26:18] [INFO] Proof length: 9 chars
[2026-01-10 23:26:18] [INFO] Starting proof verification...
[2026-01-10 23:26:18] [INFO] Verifying at: Mathlib/Analysis/Distribution/Distribution.lean:358
[2026-01-10 23:26:18] [INFO] Using LEAN INTERACT verify
[2026-01-10 23:26:18] [INFO] Checking file
[2026-01-10 23:26:30] [INFO] Cannot build modified file Mathlib/Analysis/Distribution/tmpu5nngj75.lean:358:17: error(lean.unknownIdentifier): Unknown identifier `nlinarith`
[2026-01-10 23:26:30] [INFO] Proof verification completed
[2026-01-10 23:26:30] [INFO] Strategy nlinarith attempt 1: verified=False
[2026-01-10 23:26:30] [INFO] Verification message: Cannot build modified file: Mathlib/Analysis/Distribution/tmpu5nngj75.lean:358:17: error(lean.unknownIdentifier): Unknown identifier `nlinarith`

[2026-01-10 23:26:30] [INFO] Attempt 1 failed verification, continuing...
[2026-01-10 23:26:30] [INFO] ========================================
[2026-01-10 23:26:30] [INFO] Trying strategy: aesop (up to 1 attempts)
[2026-01-10 23:26:30] [INFO] --------------------
[2026-01-10 23:26:30] [INFO] Strategy aesop, attempt 1/1
[2026-01-10 23:26:30] [INFO] Starting proof generation...
[2026-01-10 23:26:30] [INFO] Repository path: /root/repo
[2026-01-10 23:26:30] [INFO] Proof generation completed
[2026-01-10 23:26:30] [INFO] Generated proof:
[2026-01-10 23:26:30] [INFO] aesop
[2026-01-10 23:26:30] [INFO] Proof length: 5 chars
[2026-01-10 23:26:30] [INFO] Starting proof verification...
[2026-01-10 23:26:30] [INFO] Verifying at: Mathlib/Analysis/Distribution/Distribution.lean:358
[2026-01-10 23:26:30] [INFO] Using LEAN INTERACT verify
[2026-01-10 23:26:30] [INFO] Checking file
[2026-01-10 23:26:43] [INFO] Cannot build modified file Mathlib/Analysis/Distribution/tmp9ybt5zfo.lean:358:17: error(lean.unknownIdentifier): Unknown identifier `aesop`
[2026-01-10 23:26:43] [INFO] Proof verification completed
[2026-01-10 23:26:43] [INFO] Strategy aesop attempt 1: verified=False
[2026-01-10 23:26:43] [INFO] Verification message: Cannot build modified file: Mathlib/Analysis/Distribution/tmp9ybt5zfo.lean:358:17: error(lean.unknownIdentifier): Unknown identifier `aesop`

[2026-01-10 23:26:43] [INFO] Attempt 1 failed verification, continuing...
[2026-01-10 23:26:43] [INFO] ========================================
[2026-01-10 23:26:43] [INFO] Pass@k completed. Total results: 1
[2026-01-10 23:26:43] [INFO] FAILED: All 11 strategies x 1 attempts
[2026-01-10 23:26:43] [INFO] Writing results to file: /root/repo/result.json
[2026-01-10 23:26:43] [INFO] Result file written successfully
[2026-01-10 23:26:43] [INFO] Results exported to: /root/repo/result.json
[2026-01-10 23:26:43] [INFO] run_morphcloud_local.py completed successfully

[2026-01-10 23:26:44] [process_single_sorry] Downloading result file...
[2026-01-10 23:26:44] [process_single_sorry] Downloaded result to intermediate_experiment_outputs_full_reservoir/multi_tactic/2026-01-10_20-46-34_multi_tactic/individual/637e021775eb898daa80c7e2f4c9a259ae743d7a4fb1ac0989905d5257fac609.json
[2026-01-10 23:26:46] [process_single_sorry] Instance context closed successfully
[2026-01-10 23:26:46] [process_single_sorry] Parsing result file...
[2026-01-10 23:26:46] [process_single_sorry] Successfully parsed result (list format, 1 results)
