[2026-01-11 00:12:06] [process_single_sorry] Starting for sorry 6a02bf1f9162cf36a8c20f091a76e8718be65da847131e1419f17f74c080cb69
[2026-01-11 00:12:06] [process_single_sorry] Using snapshot: snapshot_vkb3fxe4
[2026-01-11 00:12:06] [process_single_sorry] Repository: https://github.com/Verified-zkEVM/clean@66631c4e4bd37ba3bf3acb5fcc125fc2558f6c70
[2026-01-11 00:12:06] [process_single_sorry] Instance name: clean_66631c4e4bd3_multi_tactic_6a02bf1f9162cf36a8c20f091a76e8718be65da847131e1419f17f74c080cb69
[2026-01-11 00:12:06] [process_single_sorry] Starting attempt 1/3
[2026-01-11 00:12:06] [process_single_sorry] Starting instance from snapshot...
[2026-01-11 00:12:06] [process_single_sorry] Instance started successfully: morphvm_cc5v0i3u
[2026-01-11 00:12:06] [process_single_sorry] Creating .env file...
[2026-01-11 00:12:11] [process_single_sorry] .env file created (exit_code: 0)
[2026-01-11 00:12:11] [process_single_sorry] Executing agent command...
[2026-01-11 00:17:03] [process_single_sorry] Agent command completed (exit_code: 0)
[2026-01-11 00:17:03] [process_single_sorry] STDOUT:

Results JSON:
[
  {
    "sorry": {
      "repo": {
        "remote": "https://github.com/Verified-zkEVM/clean",
        "branch": "if-else",
        "commit": "66631c4e4bd37ba3bf3acb5fcc125fc2558f6c70",
        "lean_version": "v4.24.0"
      },
      "location": {
        "path": "Clean/Circomlib/Comparators.lean",
        "start_line": 455,
        "start_column": 4,
        "end_line": 455,
        "end_column": 9
      },
      "debug_info": {
        "goal": "p : ‚Ąē\ninst‚úĚ¬Ļ : Fact (Nat.Prime p)\ninst‚úĚ : Fact (p > 2)\nn : ‚Ąē\nhn : 2 ^ (n + 1) < p\ni : ‚Ąē\nenv : Environment (F p)\ninput : Var fieldPair (F p)\nx y : F p\nh_input : Expression.eval env input.1 = x ‚ąß Expression.eval env input.2 = y\nassumptions : ZMod.val x < 2 ^ n ‚ąß ZMod.val y < 2 ^ n\n‚äĘ ZMod.val (y + 1) < 2 ^ n",
        "url": "https://github.com/Verified-zkEVM/clean/blob/66631c4e4bd37ba3bf3acb5fcc125fc2558f6c70/Clean/Circomlib/Comparators.lean#L455"
      },
      "metadata": {
        "blame_email_hash": "0130f16e5d6d",
        "blame_date": "2025-07-02T00:23:09+02:00",
        "inclusion_date": "2025-12-29T23:45:18.901876+00:00"
      },
      "id": "6a02bf1f9162cf36a8c20f091a76e8718be65da847131e1419f17f74c080cb69"
    },
    "proof": null,
    "proof_verified": false,
    "feedback": null,
    "verification_message": "All 11 attempts failed (11 strategies x 1 attempts each)",
    "success": true,
    "error_type": null,
    "error_message": null,
    "strategy_name": "all_failed_k=1",
    "proof_attempts": [
      "rfl",
      "simp",
      "simp_all",
      "exact?",
      "grind",
      "ring",
      "norm_num",
      "omega",
      "linarith",
      "nlinarith",
      "aesop"
    ]
  }
]

[2026-01-11 00:17:03] [process_single_sorry] STDERR:
None of PyTorch, TensorFlow >= 2.0, or Flax have been found. Models won't be available and only tokenizers, configuration and file/data utilities can be used.
[2026-01-11 00:12:33] [INFO] ================================================================================
[2026-01-11 00:12:33] [INFO] Starting run_morphcloud_local.py
[2026-01-11 00:12:33] [INFO] ================================================================================
[2026-01-11 00:12:33] [INFO] Environment loaded
[2026-01-11 00:12:33] [INFO] Full command: /root/SorryDB/sorrydb/cli/run_morphcloud_local.py --repo-path /root/repo --sorry-json {"repo": {"remote": "https://github.com/Verified-zkEVM/clean", "branch": "if-else", "commit": "66631c4e4bd37ba3bf3acb5fcc125fc2558f6c70", "lean_version": "v4.24.0"}, "location": {"path": "Clean/Circomlib/Comparators.lean", "start_line": 455, "start_column": 4, "end_line": 455, "end_column": 9}, "debug_info": {"goal": "p : \u2115\ninst\u271d\u00b9 : Fact (Nat.Prime p)\ninst\u271d : Fact (p > 2)\nn : \u2115\nhn : 2 ^ (n + 1) < p\ni : \u2115\nenv : Environment (F p)\ninput : Var fieldPair (F p)\nx y : F p\nh_input : Expression.eval env input.1 = x \u2227 Expression.eval env input.2 = y\nassumptions : ZMod.val x < 2 ^ n \u2227 ZMod.val y < 2 ^ n\n\u22a2 ZMod.val (y + 1) < 2 ^ n", "url": "https://github.com/Verified-zkEVM/clean/blob/66631c4e4bd37ba3bf3acb5fcc125fc2558f6c70/Clean/Circomlib/Comparators.lean#L455"}, "metadata": {"blame_email_hash": "0130f16e5d6d", "blame_date": "2025-07-02T00:23:09+02:00", "inclusion_date": "2025-12-29T23:45:18.901876+00:00"}, "id": "6a02bf1f9162cf36a8c20f091a76e8718be65da847131e1419f17f74c080cb69"} --agent-strategy {"name": "multi_tactic", "args": {}}
[2026-01-11 00:12:33] [INFO] Arguments parsed: repo_path=/root/repo, output_path=/root/repo/result.json
[2026-01-11 00:12:33] [INFO] Strategy spec: {"name": "multi_tactic", "args": {}}...
[2026-01-11 00:12:33] [INFO] Loading sorry data...
[2026-01-11 00:12:33] [INFO] Parsing sorry from JSON string...
[2026-01-11 00:12:33] [INFO] Sorry data parsed from JSON string
[2026-01-11 00:12:33] [INFO] Creating strategy from spec...
[2026-01-11 00:12:33] [INFO] Parsing strategy spec (length: 36 chars)
[2026-01-11 00:12:33] [INFO] Strategy name: multi_tactic
[2026-01-11 00:12:33] [INFO] Strategy args: {}
[2026-01-11 00:12:33] [INFO] Pass@k value: 1
[2026-01-11 00:12:33] [INFO] Creating strategy: multi_tactic
[2026-01-11 00:12:33] [INFO] Creating multi_tactic strategy with tactics: ['rfl', 'simp', 'simp_all', 'exact?', 'grind', 'ring', 'norm_num', 'omega', 'linarith', 'nlinarith', 'aesop']
[2026-01-11 00:12:33] [INFO] Strategies created: ['rfl', 'simp', 'simp_all', 'exact?', 'grind', 'ring', 'norm_num', 'omega', 'linarith', 'nlinarith', 'aesop']
[2026-01-11 00:12:33] [INFO] Pass@k value: 1
[2026-01-11 00:12:33] [INFO] Creating Sorry object...
[2026-01-11 00:12:33] [INFO] Sorry object created: id=6a02bf1f9162cf36a8c20f091a76e8718be65da847131e1419f17f74c080cb69
[2026-01-11 00:12:33] [INFO] Sorry location: Clean/Circomlib/Comparators.lean:455
[2026-01-11 00:12:33] [INFO] Context before sorry (lines 450-455):
[2026-01-11 00:12:33] [INFO]   450: 
[2026-01-11 00:12:33] [INFO]   451:   completeness := by
[2026-01-11 00:12:33] [INFO]   452:     intro i env input h_env (x, y) h_input assumptions
[2026-01-11 00:12:33] [INFO]   453:     simp_all only [circuit_norm, LessThan.circuit, Prod.mk.injEq]
[2026-01-11 00:12:33] [INFO]   454:     -- TODO impossible to prove
[2026-01-11 00:12:33] [INFO]   455:     sorry
[2026-01-11 00:12:33] [INFO] Sorry line:     sorry
[2026-01-11 00:12:33] [INFO] Sorry goal: p : ‚Ąē
inst‚úĚ¬Ļ : Fact (Nat.Prime p)
inst‚úĚ : Fact (p > 2)
n : ‚Ąē
hn : 2 ^ (n + 1) < p
i : ‚Ąē
env : Enviro...
[2026-01-11 00:12:33] [INFO] ========================================
[2026-01-11 00:12:33] [INFO] Trying strategy: rfl (up to 1 attempts)
[2026-01-11 00:12:33] [INFO] --------------------
[2026-01-11 00:12:33] [INFO] Strategy rfl, attempt 1/1
[2026-01-11 00:12:33] [INFO] Starting proof generation...
[2026-01-11 00:12:33] [INFO] Repository path: /root/repo
[2026-01-11 00:12:33] [INFO] Proof generation completed
[2026-01-11 00:12:33] [INFO] Generated proof:
[2026-01-11 00:12:33] [INFO] rfl
[2026-01-11 00:12:33] [INFO] Proof length: 3 chars
[2026-01-11 00:12:33] [INFO] Starting proof verification...
[2026-01-11 00:12:33] [INFO] Verifying at: Clean/Circomlib/Comparators.lean:455
[2026-01-11 00:12:33] [INFO] Using LEAN INTERACT verify
[2026-01-11 00:12:33] [INFO] Checking file
[2026-01-11 00:13:14] [INFO] Cannot build modified file <error line="455" column="4">
<code_line>    rfl</code_line>
<message>error: Tactic `rfl` failed: The left-hand side</message>
</error>
  ZMod.val (y + 1)
is not definitionally equal to the right-hand side
  2 ^ n

p : ‚Ąē
inst‚úĚ¬Ļ : Fact (Nat.Prime p)
inst‚úĚ : Fact (p > 2)
n : ‚Ąē
hn : 2 ^ (n + 1) < p
i : ‚Ąē
env : Environment (F p)
input : Var fieldPair (F p)
x y : F p
h_input : Expression.eval env input.1 = x ‚ąß Expression.eval env input.2 = y
assumptions : ZMod.val x < 2 ^ n ‚ąß ZMod.val y < 2 ^ n
‚äĘ ZMod.val (y + 1) < 2 ^ n
[2026-01-11 00:13:14] [INFO] Proof verification completed
[2026-01-11 00:13:14] [INFO] Strategy rfl attempt 1: verified=False
[2026-01-11 00:13:14] [INFO] Verification message: Cannot build modified file: <error line="455" column="4">
<code_line>    rfl</code_line>
<message>error: Tactic `rfl` failed: The left-hand side</message>
</error>
  ZMod.val (y + 1)
is not definitionally equal to the right-hand side
  2 ^ n

p : ‚Ąē
inst‚úĚ¬Ļ : Fact (Nat.Prime p)
inst‚úĚ : Fact (p > 2)
n : ‚Ąē
hn : 2 ^ (n + 1) < p
i : ‚Ąē
env : Environment (F p)
input : Var fieldPair (F p)
x y : F p
h_input : Expression.eval env input.1 = x ‚ąß Expression.eval env input.2 = y
assumptions : ZMod.val x < 2 ^ n ‚ąß ZMod.val y < 2 ^ n
‚äĘ ZMod.val (y + 1) < 2 ^ n

[2026-01-11 00:13:14] [INFO] Attempt 1 failed verification, continuing...
[2026-01-11 00:13:14] [INFO] ========================================
[2026-01-11 00:13:14] [INFO] Trying strategy: simp (up to 1 attempts)
[2026-01-11 00:13:14] [INFO] --------------------
[2026-01-11 00:13:14] [INFO] Strategy simp, attempt 1/1
[2026-01-11 00:13:14] [INFO] Starting proof generation...
[2026-01-11 00:13:14] [INFO] Repository path: /root/repo
[2026-01-11 00:13:14] [INFO] Proof generation completed
[2026-01-11 00:13:14] [INFO] Generated proof:
[2026-01-11 00:13:14] [INFO] simp
[2026-01-11 00:13:14] [INFO] Proof length: 4 chars
[2026-01-11 00:13:14] [INFO] Starting proof verification...
[2026-01-11 00:13:14] [INFO] Verifying at: Clean/Circomlib/Comparators.lean:455
[2026-01-11 00:13:14] [INFO] Using LEAN INTERACT verify
[2026-01-11 00:13:14] [INFO] Checking file
[2026-01-11 00:13:33] [INFO] Cannot build modified file <error line="455" column="4">
<code_line>    simp</code_line>
<message>error: `simp` made no progress</message>
</error>
[2026-01-11 00:13:33] [INFO] Proof verification completed
[2026-01-11 00:13:33] [INFO] Strategy simp attempt 1: verified=False
[2026-01-11 00:13:33] [INFO] Verification message: Cannot build modified file: <error line="455" column="4">
<code_line>    simp</code_line>
<message>error: `simp` made no progress</message>
</error>

[2026-01-11 00:13:33] [INFO] Attempt 1 failed verification, continuing...
[2026-01-11 00:13:33] [INFO] ========================================
[2026-01-11 00:13:33] [INFO] Trying strategy: simp_all (up to 1 attempts)
[2026-01-11 00:13:33] [INFO] --------------------
[2026-01-11 00:13:33] [INFO] Strategy simp_all, attempt 1/1
[2026-01-11 00:13:33] [INFO] Starting proof generation...
[2026-01-11 00:13:33] [INFO] Repository path: /root/repo
[2026-01-11 00:13:33] [INFO] Proof generation completed
[2026-01-11 00:13:33] [INFO] Generated proof:
[2026-01-11 00:13:33] [INFO] simp_all
[2026-01-11 00:13:33] [INFO] Proof length: 8 chars
[2026-01-11 00:13:33] [INFO] Starting proof verification...
[2026-01-11 00:13:33] [INFO] Verifying at: Clean/Circomlib/Comparators.lean:455
[2026-01-11 00:13:33] [INFO] Using LEAN INTERACT verify
[2026-01-11 00:13:33] [INFO] Checking file
[2026-01-11 00:13:57] [INFO] Cannot build modified file <error line="451" column="18">
<code_line>  completeness := by</code_line>
<message>error: unsolved goals</message>
</error>
p : ‚Ąē
inst‚úĚ¬Ļ : Fact (Nat.Prime p)
n i : ‚Ąē
env : Environment (F p)
input : Var fieldPair (F p)
x y : F p
inst‚úĚ : Fact (2 < p)
hn : 2 ^ (n + 1) < p
h_input : Expression.eval env input.1 = x ‚ąß Expression.eval env input.2 = y
assumptions : ZMod.val x < 2 ^ n ‚ąß ZMod.val y < 2 ^ n
‚äĘ ZMod.val (y + 1) < 2 ^ n
[2026-01-11 00:13:57] [INFO] Proof verification completed
[2026-01-11 00:13:57] [INFO] Strategy simp_all attempt 1: verified=False
[2026-01-11 00:13:57] [INFO] Verification message: Cannot build modified file: <error line="451" column="18">
<code_line>  completeness := by</code_line>
<message>error: unsolved goals</message>
</error>
p : ‚Ąē
inst‚úĚ¬Ļ : Fact (Nat.Prime p)
n i : ‚Ąē
env : Environment (F p)
input : Var fieldPair (F p)
x y : F p
inst‚úĚ : Fact (2 < p)
hn : 2 ^ (n + 1) < p
h_input : Expression.eval env input.1 = x ‚ąß Expression.eval env input.2 = y
assumptions : ZMod.val x < 2 ^ n ‚ąß ZMod.val y < 2 ^ n
‚äĘ ZMod.val (y + 1) < 2 ^ n

[2026-01-11 00:13:57] [INFO] Attempt 1 failed verification, continuing...
[2026-01-11 00:13:57] [INFO] ========================================
[2026-01-11 00:13:57] [INFO] Trying strategy: exact? (up to 1 attempts)
[2026-01-11 00:13:57] [INFO] --------------------
[2026-01-11 00:13:57] [INFO] Strategy exact?, attempt 1/1
[2026-01-11 00:13:57] [INFO] Starting proof generation...
[2026-01-11 00:13:57] [INFO] Repository path: /root/repo
[2026-01-11 00:13:57] [INFO] Proof generation completed
[2026-01-11 00:13:57] [INFO] Generated proof:
[2026-01-11 00:13:57] [INFO] exact?
[2026-01-11 00:13:57] [INFO] Proof length: 6 chars
[2026-01-11 00:13:57] [INFO] Starting proof verification...
[2026-01-11 00:13:57] [INFO] Verifying at: Clean/Circomlib/Comparators.lean:455
[2026-01-11 00:13:57] [INFO] Using LEAN INTERACT verify
[2026-01-11 00:13:57] [INFO] Checking file
[2026-01-11 00:14:25] [INFO] Cannot build modified file <error line="455" column="4">
<code_line>    exact?</code_line>
<message>error: `exact?` could not close the goal. Try `apply?` to see partial suggestions.</message>
</error>
[2026-01-11 00:14:25] [INFO] Proof verification completed
[2026-01-11 00:14:25] [INFO] Strategy exact? attempt 1: verified=False
[2026-01-11 00:14:25] [INFO] Verification message: Cannot build modified file: <error line="455" column="4">
<code_line>    exact?</code_line>
<message>error: `exact?` could not close the goal. Try `apply?` to see partial suggestions.</message>
</error>

[2026-01-11 00:14:25] [INFO] Attempt 1 failed verification, continuing...
[2026-01-11 00:14:25] [INFO] ========================================
[2026-01-11 00:14:25] [INFO] Trying strategy: grind (up to 1 attempts)
[2026-01-11 00:14:25] [INFO] --------------------
[2026-01-11 00:14:25] [INFO] Strategy grind, attempt 1/1
[2026-01-11 00:14:25] [INFO] Starting proof generation...
[2026-01-11 00:14:25] [INFO] Repository path: /root/repo
[2026-01-11 00:14:25] [INFO] Proof generation completed
[2026-01-11 00:14:25] [INFO] Generated proof:
[2026-01-11 00:14:25] [INFO] grind
[2026-01-11 00:14:25] [INFO] Proof length: 5 chars
[2026-01-11 00:14:25] [INFO] Starting proof verification...
[2026-01-11 00:14:25] [INFO] Verifying at: Clean/Circomlib/Comparators.lean:455
[2026-01-11 00:14:25] [INFO] Using LEAN INTERACT verify
[2026-01-11 00:14:25] [INFO] Checking file
[2026-01-11 00:14:40] [INFO] Cannot build modified file <error line="455" column="4">
<code_line>    grind</code_line>
<message>error: `grind` failed</message>
</error>
case grind
p : ‚Ąē
inst : Fact (Nat.Prime p)
inst_1 : Fact (3 ‚Č§ p)
n : ‚Ąē
hn : 2 * 2 ^ n + 1 ‚Č§ p
i : ‚Ąē
env : Environment (F p)
fst snd : Expression (F p)
x y : F p
left : Expression.eval env fst = x
right : Expression.eval env snd = y
left_1 : ZMod.val x + 1 ‚Č§ 2 ^ n
right_1 : ZMod.val y + 1 ‚Č§ 2 ^ n
h : 2 ^ n ‚Č§ ZMod.val (y + 1)
‚äĘ False
[grind] Goal diagnostics
  [facts] Asserted facts
    [prop] Fact (Nat.Prime p)
    [prop] Fact (3 ‚Č§ p)
    [prop] 2 * 2 ^ n + 1 ‚Č§ p
    [prop] Expression.eval env fst = x
    [prop] Expression.eval env snd = y
    [prop] ZMod.val x + 1 ‚Č§ 2 ^ n
    [prop] ZMod.val y + 1 ‚Č§ 2 ^ n
    [prop] 2 ^ n ‚Č§ ZMod.val (y + 1)
  [eqc] True propositions
    [prop] Fact (Nat.Prime p)
    [prop] Fact (3 ‚Č§ p)
    [prop] ZMod.val x + 1 ‚Č§ 2 ^ n
    [prop] ZMod.val y + 1 ‚Č§ 2 ^ n
    [prop] 2 * 2 ^ n + 1 ‚Č§ p
    [prop] 2 ^ n ‚Č§ ZMod.val (y + 1)
  [eqc] Equivalence classes
    [eqc] {x, Expression.eval env fst}
    [eqc] {y, Expression.eval env snd}
  [cutsat] Assignment satisfying linear constraints
    [assign] p := 3
    [assign] n := 0
    [assign] ZMod.val x := 0
    [assign] ZMod.val y := 0
    [assign] ZMod.val (y + 1) := 1
    [assign] „ÄĆ2 ^ n„Äć := 1
    [assign] „ÄĆ2 ^ n„Äć := 1
[grind] Diagnostics
  [cases] Cases instances
    [cases] Prod ‚Ü¶ 1
[2026-01-11 00:14:40] [INFO] Proof verification completed
[2026-01-11 00:14:40] [INFO] Strategy grind attempt 1: verified=False
[2026-01-11 00:14:40] [INFO] Verification message: Cannot build modified file: <error line="455" column="4">
<code_line>    grind</code_line>
<message>error: `grind` failed</message>
</error>
case grind
p : ‚Ąē
inst : Fact (Nat.Prime p)
inst_1 : Fact (3 ‚Č§ p)
n : ‚Ąē
hn : 2 * 2 ^ n + 1 ‚Č§ p
i : ‚Ąē
env : Environment (F p)
fst snd : Expression (F p)
x y : F p
left : Expression.eval env fst = x
right : Expression.eval env snd = y
left_1 : ZMod.val x + 1 ‚Č§ 2 ^ n
right_1 : ZMod.val y + 1 ‚Č§ 2 ^ n
h : 2 ^ n ‚Č§ ZMod.val (y + 1)
‚äĘ False
[grind] Goal diagnostics
  [facts] Asserted facts
    [prop] Fact (Nat.Prime p)
    [prop] Fact (3 ‚Č§ p)
    [prop] 2 * 2 ^ n + 1 ‚Č§ p
    [prop] Expression.eval env fst = x
    [prop] Expression.eval env snd = y
    [prop] ZMod.val x + 1 ‚Č§ 2 ^ n
    [prop] ZMod.val y + 1 ‚Č§ 2 ^ n
    [prop] 2 ^ n ‚Č§ ZMod.val (y + 1)
  [eqc] True propositions
    [prop] Fact (Nat.Prime p)
    [prop] Fact (3 ‚Č§ p)
    [prop] ZMod.val x + 1 ‚Č§ 2 ^ n
    [prop] ZMod.val y + 1 ‚Č§ 2 ^ n
    [prop] 2 * 2 ^ n + 1 ‚Č§ p
    [prop] 2 ^ n ‚Č§ ZMod.val (y + 1)
  [eqc] Equivalence classes
    [eqc] {x, Expression.eval env fst}
    [eqc] {y, Expression.eval env snd}
  [cutsat] Assignment satisfying linear constraints
    [assign] p := 3
    [assign] n := 0
    [assign] ZMod.val x := 0
    [assign] ZMod.val y := 0
    [assign] ZMod.val (y + 1) := 1
    [assign] „ÄĆ2 ^ n„Äć := 1
    [assign] „ÄĆ2 ^ n„Äć := 1
[grind] Diagnostics
  [cases] Cases instances
    [cases] Prod ‚Ü¶ 1

[2026-01-11 00:14:40] [INFO] Attempt 1 failed verification, continuing...
[2026-01-11 00:14:40] [INFO] ========================================
[2026-01-11 00:14:40] [INFO] Trying strategy: ring (up to 1 attempts)
[2026-01-11 00:14:40] [INFO] --------------------
[2026-01-11 00:14:40] [INFO] Strategy ring, attempt 1/1
[2026-01-11 00:14:40] [INFO] Starting proof generation...
[2026-01-11 00:14:40] [INFO] Repository path: /root/repo
[2026-01-11 00:14:40] [INFO] Proof generation completed
[2026-01-11 00:14:40] [INFO] Generated proof:
[2026-01-11 00:14:40] [INFO] ring
[2026-01-11 00:14:40] [INFO] Proof length: 4 chars
[2026-01-11 00:14:40] [INFO] Starting proof verification...
[2026-01-11 00:14:40] [INFO] Verifying at: Clean/Circomlib/Comparators.lean:455
[2026-01-11 00:14:40] [INFO] Using LEAN INTERACT verify
[2026-01-11 00:14:40] [INFO] Checking file
[2026-01-11 00:14:58] [INFO] Cannot build modified file Try this:
  ring_nf
  
  The `ring` tactic failed to close the goal. Use `ring_nf` to obtain a normal form.
    
  Note that `ring` works primarily in *commutative* rings. If you have a noncommutative ring, abelian group or module, consider using `noncomm_ring`, `abel` or `module` instead.
<error line="451" column="18">
<code_line>  completeness := by</code_line>
<message>error: unsolved goals</message>
</error>
p : ‚Ąē
inst‚úĚ¬Ļ : Fact (Nat.Prime p)
inst‚úĚ : Fact (p > 2)
n : ‚Ąē
hn : 2 ^ (n + 1) < p
i : ‚Ąē
env : Environment (F p)
input : Var fieldPair (F p)
x y : F p
h_input : Expression.eval env input.1 = x ‚ąß Expression.eval env input.2 = y
assumptions : ZMod.val x < 2 ^ n ‚ąß ZMod.val y < 2 ^ n
‚äĘ ZMod.val (1 + y) < 2 ^ n
[2026-01-11 00:14:58] [INFO] Proof verification completed
[2026-01-11 00:14:58] [INFO] Strategy ring attempt 1: verified=False
[2026-01-11 00:14:58] [INFO] Verification message: Cannot build modified file: Try this:
  ring_nf
  
  The `ring` tactic failed to close the goal. Use `ring_nf` to obtain a normal form.
    
  Note that `ring` works primarily in *commutative* rings. If you have a noncommutative ring, abelian group or module, consider using `noncomm_ring`, `abel` or `module` instead.
<error line="451" column="18">
<code_line>  completeness := by</code_line>
<message>error: unsolved goals</message>
</error>
p : ‚Ąē
inst‚úĚ¬Ļ : Fact (Nat.Prime p)
inst‚úĚ : Fact (p > 2)
n : ‚Ąē
hn : 2 ^ (n + 1) < p
i : ‚Ąē
env : Environment (F p)
input : Var fieldPair (F p)
x y : F p
h_input : Expression.eval env input.1 = x ‚ąß Expression.eval env input.2 = y
assumptions : ZMod.val x < 2 ^ n ‚ąß ZMod.val y < 2 ^ n
‚äĘ ZMod.val (1 + y) < 2 ^ n

[2026-01-11 00:14:58] [INFO] Attempt 1 failed verification, continuing...
[2026-01-11 00:14:58] [INFO] ========================================
[2026-01-11 00:14:58] [INFO] Trying strategy: norm_num (up to 1 attempts)
[2026-01-11 00:14:58] [INFO] --------------------
[2026-01-11 00:14:58] [INFO] Strategy norm_num, attempt 1/1
[2026-01-11 00:14:58] [INFO] Starting proof generation...
[2026-01-11 00:14:58] [INFO] Repository path: /root/repo
[2026-01-11 00:14:58] [INFO] Proof generation completed
[2026-01-11 00:14:58] [INFO] Generated proof:
[2026-01-11 00:14:58] [INFO] norm_num
[2026-01-11 00:14:58] [INFO] Proof length: 8 chars
[2026-01-11 00:14:58] [INFO] Starting proof verification...
[2026-01-11 00:14:58] [INFO] Verifying at: Clean/Circomlib/Comparators.lean:455
[2026-01-11 00:14:58] [INFO] Using LEAN INTERACT verify
[2026-01-11 00:14:58] [INFO] Checking file
[2026-01-11 00:15:28] [INFO] Cannot build modified file <error line="451" column="18">
<code_line>  completeness := by</code_line>
<message>error: unsolved goals</message>
</error>
p : ‚Ąē
inst‚úĚ¬Ļ : Fact (Nat.Prime p)
inst‚úĚ : Fact (p > 2)
n : ‚Ąē
hn : 2 ^ (n + 1) < p
i : ‚Ąē
env : Environment (F p)
input : Var fieldPair (F p)
x y : F p
h_input : Expression.eval env input.1 = x ‚ąß Expression.eval env input.2 = y
assumptions : ZMod.val x < 2 ^ n ‚ąß ZMod.val y < 2 ^ n
‚äĘ ZMod.val (y + 1) < 2 ^ n
[2026-01-11 00:15:28] [INFO] Proof verification completed
[2026-01-11 00:15:28] [INFO] Strategy norm_num attempt 1: verified=False
[2026-01-11 00:15:28] [INFO] Verification message: Cannot build modified file: <error line="451" column="18">
<code_line>  completeness := by</code_line>
<message>error: unsolved goals</message>
</error>
p : ‚Ąē
inst‚úĚ¬Ļ : Fact (Nat.Prime p)
inst‚úĚ : Fact (p > 2)
n : ‚Ąē
hn : 2 ^ (n + 1) < p
i : ‚Ąē
env : Environment (F p)
input : Var fieldPair (F p)
x y : F p
h_input : Expression.eval env input.1 = x ‚ąß Expression.eval env input.2 = y
assumptions : ZMod.val x < 2 ^ n ‚ąß ZMod.val y < 2 ^ n
‚äĘ ZMod.val (y + 1) < 2 ^ n

[2026-01-11 00:15:28] [INFO] Attempt 1 failed verification, continuing...
[2026-01-11 00:15:28] [INFO] ========================================
[2026-01-11 00:15:28] [INFO] Trying strategy: omega (up to 1 attempts)
[2026-01-11 00:15:28] [INFO] --------------------
[2026-01-11 00:15:28] [INFO] Strategy omega, attempt 1/1
[2026-01-11 00:15:28] [INFO] Starting proof generation...
[2026-01-11 00:15:28] [INFO] Repository path: /root/repo
[2026-01-11 00:15:28] [INFO] Proof generation completed
[2026-01-11 00:15:28] [INFO] Generated proof:
[2026-01-11 00:15:28] [INFO] omega
[2026-01-11 00:15:28] [INFO] Proof length: 5 chars
[2026-01-11 00:15:28] [INFO] Starting proof verification...
[2026-01-11 00:15:28] [INFO] Verifying at: Clean/Circomlib/Comparators.lean:455
[2026-01-11 00:15:28] [INFO] Using LEAN INTERACT verify
[2026-01-11 00:15:28] [INFO] Checking file
[2026-01-11 00:15:52] [INFO] Cannot build modified file <error line="455" column="4">
<code_line>    omega</code_line>
<message>error: omega could not prove the goal:</message>
</error>
a possible counterexample may satisfy the constraints
  e ‚Č• 0
  d ‚Č• 0
  c ‚Č• 0
  b - c ‚Č• 1
  b - d ‚Č• 1
  b - e ‚Č§ 0
  a ‚Č• 0
  a - 2*b ‚Č• 1
where
 a := ‚ÜĎp
 b := ‚ÜĎ2 ^ n
 c := ‚ÜĎ(ZMod.val x)
 d := ‚ÜĎ(ZMod.val y)
 e := ‚ÜĎ(ZMod.val (y + 1))
[2026-01-11 00:15:52] [INFO] Proof verification completed
[2026-01-11 00:15:52] [INFO] Strategy omega attempt 1: verified=False
[2026-01-11 00:15:52] [INFO] Verification message: Cannot build modified file: <error line="455" column="4">
<code_line>    omega</code_line>
<message>error: omega could not prove the goal:</message>
</error>
a possible counterexample may satisfy the constraints
  e ‚Č• 0
  d ‚Č• 0
  c ‚Č• 0
  b - c ‚Č• 1
  b - d ‚Č• 1
  b - e ‚Č§ 0
  a ‚Č• 0
  a - 2*b ‚Č• 1
where
 a := ‚ÜĎp
 b := ‚ÜĎ2 ^ n
 c := ‚ÜĎ(ZMod.val x)
 d := ‚ÜĎ(ZMod.val y)
 e := ‚ÜĎ(ZMod.val (y + 1))

[2026-01-11 00:15:52] [INFO] Attempt 1 failed verification, continuing...
[2026-01-11 00:15:52] [INFO] ========================================
[2026-01-11 00:15:52] [INFO] Trying strategy: linarith (up to 1 attempts)
[2026-01-11 00:15:52] [INFO] --------------------
[2026-01-11 00:15:52] [INFO] Strategy linarith, attempt 1/1
[2026-01-11 00:15:52] [INFO] Starting proof generation...
[2026-01-11 00:15:52] [INFO] Repository path: /root/repo
[2026-01-11 00:15:52] [INFO] Proof generation completed
[2026-01-11 00:15:52] [INFO] Generated proof:
[2026-01-11 00:15:52] [INFO] linarith
[2026-01-11 00:15:52] [INFO] Proof length: 8 chars
[2026-01-11 00:15:52] [INFO] Starting proof verification...
[2026-01-11 00:15:52] [INFO] Verifying at: Clean/Circomlib/Comparators.lean:455
[2026-01-11 00:15:52] [INFO] Using LEAN INTERACT verify
[2026-01-11 00:15:52] [INFO] Checking file
[2026-01-11 00:16:16] [INFO] Cannot build modified file <error line="455" column="4">
<code_line>    linarith</code_line>
<message>error: linarith failed to find a contradiction</message>
</error>
case h
p : ‚Ąē
inst‚úĚ¬Ļ : Fact (Nat.Prime p)
inst‚úĚ : Fact (p > 2)
n : ‚Ąē
hn : 2 ^ (n + 1) < p
i : ‚Ąē
env : Environment (F p)
input : Var fieldPair (F p)
x y : F p
h_input : Expression.eval env input.1 = x ‚ąß Expression.eval env input.2 = y
assumptions : ZMod.val x < 2 ^ n ‚ąß ZMod.val y < 2 ^ n
a‚úĚ : 2 ^ n ‚Č§ ZMod.val (y + 1)
‚äĘ False
failed
[2026-01-11 00:16:16] [INFO] Proof verification completed
[2026-01-11 00:16:16] [INFO] Strategy linarith attempt 1: verified=False
[2026-01-11 00:16:16] [INFO] Verification message: Cannot build modified file: <error line="455" column="4">
<code_line>    linarith</code_line>
<message>error: linarith failed to find a contradiction</message>
</error>
case h
p : ‚Ąē
inst‚úĚ¬Ļ : Fact (Nat.Prime p)
inst‚úĚ : Fact (p > 2)
n : ‚Ąē
hn : 2 ^ (n + 1) < p
i : ‚Ąē
env : Environment (F p)
input : Var fieldPair (F p)
x y : F p
h_input : Expression.eval env input.1 = x ‚ąß Expression.eval env input.2 = y
assumptions : ZMod.val x < 2 ^ n ‚ąß ZMod.val y < 2 ^ n
a‚úĚ : 2 ^ n ‚Č§ ZMod.val (y + 1)
‚äĘ False
failed

[2026-01-11 00:16:16] [INFO] Attempt 1 failed verification, continuing...
[2026-01-11 00:16:16] [INFO] ========================================
[2026-01-11 00:16:16] [INFO] Trying strategy: nlinarith (up to 1 attempts)
[2026-01-11 00:16:16] [INFO] --------------------
[2026-01-11 00:16:16] [INFO] Strategy nlinarith, attempt 1/1
[2026-01-11 00:16:16] [INFO] Starting proof generation...
[2026-01-11 00:16:16] [INFO] Repository path: /root/repo
[2026-01-11 00:16:16] [INFO] Proof generation completed
[2026-01-11 00:16:16] [INFO] Generated proof:
[2026-01-11 00:16:16] [INFO] nlinarith
[2026-01-11 00:16:16] [INFO] Proof length: 9 chars
[2026-01-11 00:16:16] [INFO] Starting proof verification...
[2026-01-11 00:16:16] [INFO] Verifying at: Clean/Circomlib/Comparators.lean:455
[2026-01-11 00:16:16] [INFO] Using LEAN INTERACT verify
[2026-01-11 00:16:16] [INFO] Checking file
[2026-01-11 00:16:39] [INFO] Cannot build modified file <error line="455" column="4">
<code_line>    nlinarith</code_line>
<message>error: linarith failed to find a contradiction</message>
</error>
case h
p : ‚Ąē
inst‚úĚ¬Ļ : Fact (Nat.Prime p)
inst‚úĚ : Fact (p > 2)
n : ‚Ąē
hn : 2 ^ (n + 1) < p
i : ‚Ąē
env : Environment (F p)
input : Var fieldPair (F p)
x y : F p
h_input : Expression.eval env input.1 = x ‚ąß Expression.eval env input.2 = y
assumptions : ZMod.val x < 2 ^ n ‚ąß ZMod.val y < 2 ^ n
a‚úĚ : 2 ^ n ‚Č§ ZMod.val (y + 1)
‚äĘ False
failed
[2026-01-11 00:16:39] [INFO] Proof verification completed
[2026-01-11 00:16:39] [INFO] Strategy nlinarith attempt 1: verified=False
[2026-01-11 00:16:39] [INFO] Verification message: Cannot build modified file: <error line="455" column="4">
<code_line>    nlinarith</code_line>
<message>error: linarith failed to find a contradiction</message>
</error>
case h
p : ‚Ąē
inst‚úĚ¬Ļ : Fact (Nat.Prime p)
inst‚úĚ : Fact (p > 2)
n : ‚Ąē
hn : 2 ^ (n + 1) < p
i : ‚Ąē
env : Environment (F p)
input : Var fieldPair (F p)
x y : F p
h_input : Expression.eval env input.1 = x ‚ąß Expression.eval env input.2 = y
assumptions : ZMod.val x < 2 ^ n ‚ąß ZMod.val y < 2 ^ n
a‚úĚ : 2 ^ n ‚Č§ ZMod.val (y + 1)
‚äĘ False
failed

[2026-01-11 00:16:39] [INFO] Attempt 1 failed verification, continuing...
[2026-01-11 00:16:39] [INFO] ========================================
[2026-01-11 00:16:39] [INFO] Trying strategy: aesop (up to 1 attempts)
[2026-01-11 00:16:39] [INFO] --------------------
[2026-01-11 00:16:39] [INFO] Strategy aesop, attempt 1/1
[2026-01-11 00:16:39] [INFO] Starting proof generation...
[2026-01-11 00:16:39] [INFO] Repository path: /root/repo
[2026-01-11 00:16:39] [INFO] Proof generation completed
[2026-01-11 00:16:39] [INFO] Generated proof:
[2026-01-11 00:16:39] [INFO] aesop
[2026-01-11 00:16:39] [INFO] Proof length: 5 chars
[2026-01-11 00:16:39] [INFO] Starting proof verification...
[2026-01-11 00:16:39] [INFO] Verifying at: Clean/Circomlib/Comparators.lean:455
[2026-01-11 00:16:39] [INFO] Using LEAN INTERACT verify
[2026-01-11 00:16:39] [INFO] Checking file
[2026-01-11 00:17:01] [INFO] Cannot build modified file <error line="451" column="18">
<code_line>  completeness := by</code_line>
<message>error: unsolved goals</message>
</error>
p : ‚Ąē
inst : Fact (Nat.Prime p)
n i : ‚Ąē
env : Environment (F p)
inst_1 : Fact (2 < p)
hn : 2 ^ (n + 1) < p
fst snd : Expression (F p)
left : ZMod.val (Expression.eval env fst) < 2 ^ n
right : ZMod.val (Expression.eval env snd) < 2 ^ n
‚äĘ ZMod.val (Expression.eval env snd + 1) < 2 ^ n
[2026-01-11 00:17:01] [INFO] Proof verification completed
[2026-01-11 00:17:01] [INFO] Strategy aesop attempt 1: verified=False
[2026-01-11 00:17:01] [INFO] Verification message: Cannot build modified file: <error line="451" column="18">
<code_line>  completeness := by</code_line>
<message>error: unsolved goals</message>
</error>
p : ‚Ąē
inst : Fact (Nat.Prime p)
n i : ‚Ąē
env : Environment (F p)
inst_1 : Fact (2 < p)
hn : 2 ^ (n + 1) < p
fst snd : Expression (F p)
left : ZMod.val (Expression.eval env fst) < 2 ^ n
right : ZMod.val (Expression.eval env snd) < 2 ^ n
‚äĘ ZMod.val (Expression.eval env snd + 1) < 2 ^ n

[2026-01-11 00:17:01] [INFO] Attempt 1 failed verification, continuing...
[2026-01-11 00:17:01] [INFO] ========================================
[2026-01-11 00:17:01] [INFO] Pass@k completed. Total results: 1
[2026-01-11 00:17:01] [INFO] FAILED: All 11 strategies x 1 attempts
[2026-01-11 00:17:01] [INFO] Writing results to file: /root/repo/result.json
[2026-01-11 00:17:01] [INFO] Result file written successfully
[2026-01-11 00:17:01] [INFO] Results exported to: /root/repo/result.json
[2026-01-11 00:17:01] [INFO] run_morphcloud_local.py completed successfully

[2026-01-11 00:17:03] [process_single_sorry] Downloading result file...
[2026-01-11 00:17:03] [process_single_sorry] Downloaded result to intermediate_experiment_outputs_full_reservoir/multi_tactic/2026-01-10_20-46-34_multi_tactic/individual/6a02bf1f9162cf36a8c20f091a76e8718be65da847131e1419f17f74c080cb69.json
[2026-01-11 00:17:05] [process_single_sorry] Instance context closed successfully
[2026-01-11 00:17:05] [process_single_sorry] Parsing result file...
[2026-01-11 00:17:05] [process_single_sorry] Successfully parsed result (list format, 1 results)
