[2026-01-11 00:01:55] [process_single_sorry] Starting for sorry 7229fc4dd0983229818513e9ef9ba3a1fa384390bd81580715ec404e3e46911c
[2026-01-11 00:01:55] [process_single_sorry] Using snapshot: snapshot_0k73bsu6
[2026-01-11 00:01:55] [process_single_sorry] Repository: https://github.com/Verified-zkEVM/ArkLib@03ac771b032666272d0cb61f52ab5a03298f7318
[2026-01-11 00:01:55] [process_single_sorry] Instance name: ArkLib_03ac771b0326_multi_tactic_7229fc4dd0983229818513e9ef9ba3a1fa384390bd81580715ec404e3e46911c
[2026-01-11 00:01:55] [process_single_sorry] Starting attempt 1/3
[2026-01-11 00:01:55] [process_single_sorry] Starting instance from snapshot...
[2026-01-11 00:01:55] [process_single_sorry] Instance started successfully: morphvm_xa1rhfmd
[2026-01-11 00:01:55] [process_single_sorry] Creating .env file...
[2026-01-11 00:02:01] [process_single_sorry] .env file created (exit_code: 0)
[2026-01-11 00:02:01] [process_single_sorry] Executing agent command...
[2026-01-11 00:05:05] [process_single_sorry] Agent command completed (exit_code: 0)
[2026-01-11 00:05:05] [process_single_sorry] STDOUT:

Results JSON:
[
  {
    "sorry": {
      "repo": {
        "remote": "https://github.com/Verified-zkEVM/ArkLib",
        "branch": "workflows",
        "commit": "03ac771b032666272d0cb61f52ab5a03298f7318",
        "lean_version": "v4.22.0"
      },
      "location": {
        "path": "ArkLib/ProofSystem/Binius/RingSwitching/SumcheckPhase.lean",
        "start_line": 631,
        "start_column": 2,
        "end_line": 631,
        "end_column": 7
      },
      "debug_info": {
        "goal": "κ : ℕ\ninst✝¹¹ : NeZero κ\nL : Type\ninst✝¹⁰ : Field L\ninst✝⁹ : Fintype L\ninst✝⁸ : DecidableEq L\ninst✝⁷ : CharP L 2\ninst✝⁶ : SelectableType L\nK : Type\ninst✝⁵ : Field K\ninst✝⁴ : Fintype K\ninst✝³ : DecidableEq K\ninst✝² : Algebra K L\nβ : Basis (Fin κ → Fin 2) K L\nℓ ℓ' : ℕ\ninst✝¹ : NeZero ℓ\ninst✝ : NeZero ℓ'\nh_l : ℓ = ℓ' + κ\n𝓑 : Fin 2 ↪ L\naOStmtIn : AbstractOStmtIn L ℓ'\nσ : Type\ninit : ProbComp σ\nimpl : QueryImpl []ₒ (StateT σ ProbComp)\n⊢ OracleVerifier.rbrKnowledgeSoundness init impl (sumcheckRoundRelation κ L K β ℓ ℓ' h_l aOStmtIn 0)\n    (AbstractOStmtIn.toRelInput L ℓ' aOStmtIn)\n    (Binius.RingSwitching.SumcheckPhase.coreInteractionOracleVerifier κ L inst✝¹⁰ inst✝⁸ K inst✝⁵ inst✝² β ℓ ℓ' h_l\n      aOStmtIn)\n    (Binius.RingSwitching.SumcheckPhase.coreInteractionRbrKnowledgeError L inst✝¹⁰ inst✝⁹ ℓ')",
        "url": "https://github.com/Verified-zkEVM/ArkLib/blob/03ac771b032666272d0cb61f52ab5a03298f7318/ArkLib/ProofSystem/Binius/RingSwitching/SumcheckPhase.lean#L631"
      },
      "metadata": {
        "blame_email_hash": "17f52712dc49",
        "blame_date": "2025-12-17T19:55:49+07:00",
        "inclusion_date": "2025-12-29T22:57:42.767417+00:00"
      },
      "id": "7229fc4dd0983229818513e9ef9ba3a1fa384390bd81580715ec404e3e46911c"
    },
    "proof": null,
    "proof_verified": false,
    "feedback": null,
    "verification_message": "All 11 attempts failed (11 strategies x 1 attempts each)",
    "success": true,
    "error_type": null,
    "error_message": null,
    "strategy_name": "all_failed_k=1",
    "proof_attempts": [
      "rfl",
      "simp",
      "simp_all",
      "exact?",
      "grind",
      "ring",
      "norm_num",
      "omega",
      "linarith",
      "nlinarith",
      "aesop"
    ]
  }
]

[2026-01-11 00:05:05] [process_single_sorry] STDERR:
None of PyTorch, TensorFlow >= 2.0, or Flax have been found. Models won't be available and only tokenizers, configuration and file/data utilities can be used.
[2026-01-11 00:02:10] [INFO] ================================================================================
[2026-01-11 00:02:10] [INFO] Starting run_morphcloud_local.py
[2026-01-11 00:02:10] [INFO] ================================================================================
[2026-01-11 00:02:10] [INFO] Environment loaded
[2026-01-11 00:02:10] [INFO] Full command: /root/SorryDB/sorrydb/cli/run_morphcloud_local.py --repo-path /root/repo --sorry-json {"repo": {"remote": "https://github.com/Verified-zkEVM/ArkLib", "branch": "workflows", "commit": "03ac771b032666272d0cb61f52ab5a03298f7318", "lean_version": "v4.22.0"}, "location": {"path": "ArkLib/ProofSystem/Binius/RingSwitching/SumcheckPhase.lean", "start_line": 631, "start_column": 2, "end_line": 631, "end_column": 7}, "debug_info": {"goal": "\u03ba : \u2115\ninst\u271d\u00b9\u00b9 : NeZero \u03ba\nL : Type\ninst\u271d\u00b9\u2070 : Field L\ninst\u271d\u2079 : Fintype L\ninst\u271d\u2078 : DecidableEq L\ninst\u271d\u2077 : CharP L 2\ninst\u271d\u2076 : SelectableType L\nK : Type\ninst\u271d\u2075 : Field K\ninst\u271d\u2074 : Fintype K\ninst\u271d\u00b3 : DecidableEq K\ninst\u271d\u00b2 : Algebra K L\n\u03b2 : Basis (Fin \u03ba \u2192 Fin 2) K L\n\u2113 \u2113' : \u2115\ninst\u271d\u00b9 : NeZero \u2113\ninst\u271d : NeZero \u2113'\nh_l : \u2113 = \u2113' + \u03ba\n\ud835\udcd1 : Fin 2 \u21aa L\naOStmtIn : AbstractOStmtIn L \u2113'\n\u03c3 : Type\ninit : ProbComp \u03c3\nimpl : QueryImpl []\u2092 (StateT \u03c3 ProbComp)\n\u22a2 OracleVerifier.rbrKnowledgeSoundness init impl (sumcheckRoundRelation \u03ba L K \u03b2 \u2113 \u2113' h_l aOStmtIn 0)\n    (AbstractOStmtIn.toRelInput L \u2113' aOStmtIn)\n    (Binius.RingSwitching.SumcheckPhase.coreInteractionOracleVerifier \u03ba L inst\u271d\u00b9\u2070 inst\u271d\u2078 K inst\u271d\u2075 inst\u271d\u00b2 \u03b2 \u2113 \u2113' h_l\n      aOStmtIn)\n    (Binius.RingSwitching.SumcheckPhase.coreInteractionRbrKnowledgeError L inst\u271d\u00b9\u2070 inst\u271d\u2079 \u2113')", "url": "https://github.com/Verified-zkEVM/ArkLib/blob/03ac771b032666272d0cb61f52ab5a03298f7318/ArkLib/ProofSystem/Binius/RingSwitching/SumcheckPhase.lean#L631"}, "metadata": {"blame_email_hash": "17f52712dc49", "blame_date": "2025-12-17T19:55:49+07:00", "inclusion_date": "2025-12-29T22:57:42.767417+00:00"}, "id": "7229fc4dd0983229818513e9ef9ba3a1fa384390bd81580715ec404e3e46911c"} --agent-strategy {"name": "multi_tactic", "args": {}}
[2026-01-11 00:02:10] [INFO] Arguments parsed: repo_path=/root/repo, output_path=/root/repo/result.json
[2026-01-11 00:02:10] [INFO] Strategy spec: {"name": "multi_tactic", "args": {}}...
[2026-01-11 00:02:10] [INFO] Loading sorry data...
[2026-01-11 00:02:10] [INFO] Parsing sorry from JSON string...
[2026-01-11 00:02:10] [INFO] Sorry data parsed from JSON string
[2026-01-11 00:02:10] [INFO] Creating strategy from spec...
[2026-01-11 00:02:10] [INFO] Parsing strategy spec (length: 36 chars)
[2026-01-11 00:02:10] [INFO] Strategy name: multi_tactic
[2026-01-11 00:02:10] [INFO] Strategy args: {}
[2026-01-11 00:02:10] [INFO] Pass@k value: 1
[2026-01-11 00:02:10] [INFO] Creating strategy: multi_tactic
[2026-01-11 00:02:10] [INFO] Creating multi_tactic strategy with tactics: ['rfl', 'simp', 'simp_all', 'exact?', 'grind', 'ring', 'norm_num', 'omega', 'linarith', 'nlinarith', 'aesop']
[2026-01-11 00:02:10] [INFO] Strategies created: ['rfl', 'simp', 'simp_all', 'exact?', 'grind', 'ring', 'norm_num', 'omega', 'linarith', 'nlinarith', 'aesop']
[2026-01-11 00:02:10] [INFO] Pass@k value: 1
[2026-01-11 00:02:10] [INFO] Creating Sorry object...
[2026-01-11 00:02:10] [INFO] Sorry object created: id=7229fc4dd0983229818513e9ef9ba3a1fa384390bd81580715ec404e3e46911c
[2026-01-11 00:02:10] [INFO] Sorry location: ArkLib/ProofSystem/Binius/RingSwitching/SumcheckPhase.lean:631
[2026-01-11 00:02:10] [INFO] Context before sorry (lines 626-631):
[2026-01-11 00:02:10] [INFO]   626:     (init := init)
[2026-01-11 00:02:10] [INFO]   627:     (impl := impl)
[2026-01-11 00:02:10] [INFO]   628:     (relIn := sumcheckRoundRelation κ L K β ℓ ℓ' h_l (𝓑:=𝓑) aOStmtIn 0)
[2026-01-11 00:02:10] [INFO]   629:     (relOut := aOStmtIn.toRelInput)
[2026-01-11 00:02:10] [INFO]   630:     (rbrKnowledgeError := coreInteractionRbrKnowledgeError (L:=L) (ℓ':=ℓ')) := by
[2026-01-11 00:02:10] [INFO]   631:   sorry
[2026-01-11 00:02:10] [INFO] Sorry line:   sorry
[2026-01-11 00:02:10] [INFO] Sorry goal: κ : ℕ
inst✝¹¹ : NeZero κ
L : Type
inst✝¹⁰ : Field L
inst✝⁹ : Fintype L
inst✝⁸ : DecidableEq L
inst✝⁷...
[2026-01-11 00:02:10] [INFO] ========================================
[2026-01-11 00:02:10] [INFO] Trying strategy: rfl (up to 1 attempts)
[2026-01-11 00:02:10] [INFO] --------------------
[2026-01-11 00:02:10] [INFO] Strategy rfl, attempt 1/1
[2026-01-11 00:02:10] [INFO] Starting proof generation...
[2026-01-11 00:02:10] [INFO] Repository path: /root/repo
[2026-01-11 00:02:10] [INFO] Proof generation completed
[2026-01-11 00:02:10] [INFO] Generated proof:
[2026-01-11 00:02:10] [INFO] rfl
[2026-01-11 00:02:10] [INFO] Proof length: 3 chars
[2026-01-11 00:02:10] [INFO] Starting proof verification...
[2026-01-11 00:02:10] [INFO] Verifying at: ArkLib/ProofSystem/Binius/RingSwitching/SumcheckPhase.lean:631
[2026-01-11 00:02:10] [INFO] Using LEAN INTERACT verify
[2026-01-11 00:02:10] [INFO] Checking file
[2026-01-11 00:02:40] [INFO] Cannot build modified file <error line="631" column="2">
<code_line>  rfl</code_line>
<message>error: tactic 'rfl' failed, the left-hand side</message>
</error>
  coreInteractionOracleVerifier κ L K β ℓ ℓ' h_l aOStmtIn
is not definitionally equal to the right-hand side
  coreInteractionRbrKnowledgeError L ℓ'
κ : ℕ
inst✝¹¹ : NeZero κ
L : Type
inst✝¹⁰ : Field L
inst✝⁹ : Fintype L
inst✝⁸ : DecidableEq L
inst✝⁷ : CharP L 2
inst✝⁶ : SelectableType L
K : Type
inst✝⁵ : Field K
inst✝⁴ : Fintype K
inst✝³ : DecidableEq K
inst✝² : Algebra K L
β : Basis (Fin κ → Fin 2) K L
ℓ ℓ' : ℕ
inst✝¹ : NeZero ℓ
inst✝ : NeZero ℓ'
h_l : ℓ = ℓ' + κ
𝓑 : Fin 2 ↪ L
aOStmtIn : AbstractOStmtIn L ℓ'
σ : Type
init : ProbComp σ
impl : QueryImpl []ₒ (StateT σ ProbComp)
⊢ OracleVerifier.rbrKnowledgeSoundness init impl (sumcheckRoundRelation κ L K β ℓ ℓ' h_l aOStmtIn 0)
    (AbstractOStmtIn.toRelInput L ℓ' aOStmtIn) (coreInteractionOracleVerifier κ L K β ℓ ℓ' h_l aOStmtIn)
    (coreInteractionRbrKnowledgeError L ℓ')
[2026-01-11 00:02:40] [INFO] Proof verification completed
[2026-01-11 00:02:40] [INFO] Strategy rfl attempt 1: verified=False
[2026-01-11 00:02:40] [INFO] Verification message: Cannot build modified file: <error line="631" column="2">
<code_line>  rfl</code_line>
<message>error: tactic 'rfl' failed, the left-hand side</message>
</error>
  coreInteractionOracleVerifier κ L K β ℓ ℓ' h_l aOStmtIn
is not definitionally equal to the right-hand side
  coreInteractionRbrKnowledgeError L ℓ'
κ : ℕ
inst✝¹¹ : NeZero κ
L : Type
inst✝¹⁰ : Field L
inst✝⁹ : Fintype L
inst✝⁸ : DecidableEq L
inst✝⁷ : CharP L 2
inst✝⁶ : SelectableType L
K : Type
inst✝⁵ : Field K
inst✝⁴ : Fintype K
inst✝³ : DecidableEq K
inst✝² : Algebra K L
β : Basis (Fin κ → Fin 2) K L
ℓ ℓ' : ℕ
inst✝¹ : NeZero ℓ
inst✝ : NeZero ℓ'
h_l : ℓ = ℓ' + κ
𝓑 : Fin 2 ↪ L
aOStmtIn : AbstractOStmtIn L ℓ'
σ : Type
init : ProbComp σ
impl : QueryImpl []ₒ (StateT σ ProbComp)
⊢ OracleVerifier.rbrKnowledgeSoundness init impl (sumcheckRoundRelation κ L K β ℓ ℓ' h_l aOStmtIn 0)
    (AbstractOStmtIn.toRelInput L ℓ' aOStmtIn) (coreInteractionOracleVerifier κ L K β ℓ ℓ' h_l aOStmtIn)
    (coreInteractionRbrKnowledgeError L ℓ')

[2026-01-11 00:02:40] [INFO] Attempt 1 failed verification, continuing...
[2026-01-11 00:02:40] [INFO] ========================================
[2026-01-11 00:02:40] [INFO] Trying strategy: simp (up to 1 attempts)
[2026-01-11 00:02:40] [INFO] --------------------
[2026-01-11 00:02:40] [INFO] Strategy simp, attempt 1/1
[2026-01-11 00:02:40] [INFO] Starting proof generation...
[2026-01-11 00:02:40] [INFO] Repository path: /root/repo
[2026-01-11 00:02:40] [INFO] Proof generation completed
[2026-01-11 00:02:40] [INFO] Generated proof:
[2026-01-11 00:02:40] [INFO] simp
[2026-01-11 00:02:40] [INFO] Proof length: 4 chars
[2026-01-11 00:02:40] [INFO] Starting proof verification...
[2026-01-11 00:02:40] [INFO] Verifying at: ArkLib/ProofSystem/Binius/RingSwitching/SumcheckPhase.lean:631
[2026-01-11 00:02:40] [INFO] Using LEAN INTERACT verify
[2026-01-11 00:02:40] [INFO] Checking file
[2026-01-11 00:02:52] [INFO] Cannot build modified file <error line="630" column="79">
<code_line>    (rbrKnowledgeError := coreInteractionRbrKnowledgeError (L:=L) (ℓ':=ℓ')) := by</code_line>
<message>error: unsolved goals</message>
</error>
κ : ℕ
inst✝¹¹ : NeZero κ
L : Type
inst✝¹⁰ : Field L
inst✝⁹ : Fintype L
inst✝⁸ : DecidableEq L
inst✝⁷ : CharP L 2
inst✝⁶ : SelectableType L
K : Type
inst✝⁵ : Field K
inst✝⁴ : Fintype K
inst✝³ : DecidableEq K
inst✝² : Algebra K L
β : Basis (Fin κ → Fin 2) K L
ℓ ℓ' : ℕ
inst✝¹ : NeZero ℓ
inst✝ : NeZero ℓ'
h_l : ℓ = ℓ' + κ
𝓑 : Fin 2 ↪ L
aOStmtIn : AbstractOStmtIn L ℓ'
σ : Type
init : ProbComp σ
impl : QueryImpl []ₒ (StateT σ ProbComp)
⊢ OracleVerifier.rbrKnowledgeSoundness init impl (sumcheckRoundRelation κ L K β ℓ ℓ' h_l aOStmtIn 0)
    (AbstractOStmtIn.toRelInput L ℓ' aOStmtIn) (coreInteractionOracleVerifier κ L K β ℓ ℓ' h_l aOStmtIn)
    (coreInteractionRbrKnowledgeError L ℓ')
[2026-01-11 00:02:52] [INFO] Proof verification completed
[2026-01-11 00:02:52] [INFO] Strategy simp attempt 1: verified=False
[2026-01-11 00:02:52] [INFO] Verification message: Cannot build modified file: <error line="630" column="79">
<code_line>    (rbrKnowledgeError := coreInteractionRbrKnowledgeError (L:=L) (ℓ':=ℓ')) := by</code_line>
<message>error: unsolved goals</message>
</error>
κ : ℕ
inst✝¹¹ : NeZero κ
L : Type
inst✝¹⁰ : Field L
inst✝⁹ : Fintype L
inst✝⁸ : DecidableEq L
inst✝⁷ : CharP L 2
inst✝⁶ : SelectableType L
K : Type
inst✝⁵ : Field K
inst✝⁴ : Fintype K
inst✝³ : DecidableEq K
inst✝² : Algebra K L
β : Basis (Fin κ → Fin 2) K L
ℓ ℓ' : ℕ
inst✝¹ : NeZero ℓ
inst✝ : NeZero ℓ'
h_l : ℓ = ℓ' + κ
𝓑 : Fin 2 ↪ L
aOStmtIn : AbstractOStmtIn L ℓ'
σ : Type
init : ProbComp σ
impl : QueryImpl []ₒ (StateT σ ProbComp)
⊢ OracleVerifier.rbrKnowledgeSoundness init impl (sumcheckRoundRelation κ L K β ℓ ℓ' h_l aOStmtIn 0)
    (AbstractOStmtIn.toRelInput L ℓ' aOStmtIn) (coreInteractionOracleVerifier κ L K β ℓ ℓ' h_l aOStmtIn)
    (coreInteractionRbrKnowledgeError L ℓ')

[2026-01-11 00:02:52] [INFO] Attempt 1 failed verification, continuing...
[2026-01-11 00:02:52] [INFO] ========================================
[2026-01-11 00:02:52] [INFO] Trying strategy: simp_all (up to 1 attempts)
[2026-01-11 00:02:52] [INFO] --------------------
[2026-01-11 00:02:52] [INFO] Strategy simp_all, attempt 1/1
[2026-01-11 00:02:52] [INFO] Starting proof generation...
[2026-01-11 00:02:52] [INFO] Repository path: /root/repo
[2026-01-11 00:02:52] [INFO] Proof generation completed
[2026-01-11 00:02:52] [INFO] Generated proof:
[2026-01-11 00:02:52] [INFO] simp_all
[2026-01-11 00:02:52] [INFO] Proof length: 8 chars
[2026-01-11 00:02:52] [INFO] Starting proof verification...
[2026-01-11 00:02:52] [INFO] Verifying at: ArkLib/ProofSystem/Binius/RingSwitching/SumcheckPhase.lean:631
[2026-01-11 00:02:52] [INFO] Using LEAN INTERACT verify
[2026-01-11 00:02:52] [INFO] Checking file
[2026-01-11 00:03:08] [INFO] Cannot build modified file <error line="630" column="79">
<code_line>    (rbrKnowledgeError := coreInteractionRbrKnowledgeError (L:=L) (ℓ':=ℓ')) := by</code_line>
<message>error: unsolved goals</message>
</error>
κ : ℕ
inst✝¹¹ : NeZero κ
L : Type
inst✝¹⁰ : Field L
inst✝⁹ : Fintype L
inst✝⁸ : DecidableEq L
inst✝⁷ : CharP L 2
inst✝⁶ : SelectableType L
K : Type
inst✝⁵ : Field K
inst✝⁴ : Fintype K
inst✝³ : DecidableEq K
inst✝² : Algebra K L
β : Basis (Fin κ → Fin 2) K L
ℓ ℓ' : ℕ
h_l : ℓ = ℓ' + κ
𝓑 : Fin 2 ↪ L
aOStmtIn : AbstractOStmtIn L ℓ'
σ : Type
init : ProbComp σ
impl : QueryImpl []ₒ (StateT σ ProbComp)
inst✝¹ : NeZero (ℓ' + κ)
inst✝ : NeZero ℓ'
⊢ OracleVerifier.rbrKnowledgeSoundness init impl (sumcheckRoundRelation κ L K β ℓ ℓ' h_l aOStmtIn 0)
    (AbstractOStmtIn.toRelInput L ℓ' aOStmtIn) (coreInteractionOracleVerifier κ L K β ℓ ℓ' h_l aOStmtIn)
    (coreInteractionRbrKnowledgeError L ℓ')
[2026-01-11 00:03:08] [INFO] Proof verification completed
[2026-01-11 00:03:08] [INFO] Strategy simp_all attempt 1: verified=False
[2026-01-11 00:03:08] [INFO] Verification message: Cannot build modified file: <error line="630" column="79">
<code_line>    (rbrKnowledgeError := coreInteractionRbrKnowledgeError (L:=L) (ℓ':=ℓ')) := by</code_line>
<message>error: unsolved goals</message>
</error>
κ : ℕ
inst✝¹¹ : NeZero κ
L : Type
inst✝¹⁰ : Field L
inst✝⁹ : Fintype L
inst✝⁸ : DecidableEq L
inst✝⁷ : CharP L 2
inst✝⁶ : SelectableType L
K : Type
inst✝⁵ : Field K
inst✝⁴ : Fintype K
inst✝³ : DecidableEq K
inst✝² : Algebra K L
β : Basis (Fin κ → Fin 2) K L
ℓ ℓ' : ℕ
h_l : ℓ = ℓ' + κ
𝓑 : Fin 2 ↪ L
aOStmtIn : AbstractOStmtIn L ℓ'
σ : Type
init : ProbComp σ
impl : QueryImpl []ₒ (StateT σ ProbComp)
inst✝¹ : NeZero (ℓ' + κ)
inst✝ : NeZero ℓ'
⊢ OracleVerifier.rbrKnowledgeSoundness init impl (sumcheckRoundRelation κ L K β ℓ ℓ' h_l aOStmtIn 0)
    (AbstractOStmtIn.toRelInput L ℓ' aOStmtIn) (coreInteractionOracleVerifier κ L K β ℓ ℓ' h_l aOStmtIn)
    (coreInteractionRbrKnowledgeError L ℓ')

[2026-01-11 00:03:08] [INFO] Attempt 1 failed verification, continuing...
[2026-01-11 00:03:08] [INFO] ========================================
[2026-01-11 00:03:08] [INFO] Trying strategy: exact? (up to 1 attempts)
[2026-01-11 00:03:08] [INFO] --------------------
[2026-01-11 00:03:08] [INFO] Strategy exact?, attempt 1/1
[2026-01-11 00:03:08] [INFO] Starting proof generation...
[2026-01-11 00:03:08] [INFO] Repository path: /root/repo
[2026-01-11 00:03:08] [INFO] Proof generation completed
[2026-01-11 00:03:08] [INFO] Generated proof:
[2026-01-11 00:03:08] [INFO] exact?
[2026-01-11 00:03:08] [INFO] Proof length: 6 chars
[2026-01-11 00:03:08] [INFO] Starting proof verification...
[2026-01-11 00:03:08] [INFO] Verifying at: ArkLib/ProofSystem/Binius/RingSwitching/SumcheckPhase.lean:631
[2026-01-11 00:03:08] [INFO] Using LEAN INTERACT verify
[2026-01-11 00:03:08] [INFO] Checking file
[2026-01-11 00:03:42] [INFO] Cannot build modified file <error line="631" column="2">
<code_line>  exact?</code_line>
<message>error: `exact?` could not close the goal.</message>
</error>
[2026-01-11 00:03:42] [INFO] Proof verification completed
[2026-01-11 00:03:42] [INFO] Strategy exact? attempt 1: verified=False
[2026-01-11 00:03:42] [INFO] Verification message: Cannot build modified file: <error line="631" column="2">
<code_line>  exact?</code_line>
<message>error: `exact?` could not close the goal.</message>
</error>

[2026-01-11 00:03:42] [INFO] Attempt 1 failed verification, continuing...
[2026-01-11 00:03:42] [INFO] ========================================
[2026-01-11 00:03:42] [INFO] Trying strategy: grind (up to 1 attempts)
[2026-01-11 00:03:42] [INFO] --------------------
[2026-01-11 00:03:42] [INFO] Strategy grind, attempt 1/1
[2026-01-11 00:03:42] [INFO] Starting proof generation...
[2026-01-11 00:03:42] [INFO] Repository path: /root/repo
[2026-01-11 00:03:42] [INFO] Proof generation completed
[2026-01-11 00:03:42] [INFO] Generated proof:
[2026-01-11 00:03:42] [INFO] grind
[2026-01-11 00:03:42] [INFO] Proof length: 5 chars
[2026-01-11 00:03:42] [INFO] Starting proof verification...
[2026-01-11 00:03:42] [INFO] Verifying at: ArkLib/ProofSystem/Binius/RingSwitching/SumcheckPhase.lean:631
[2026-01-11 00:03:42] [INFO] Using LEAN INTERACT verify
[2026-01-11 00:03:42] [INFO] Checking file
[2026-01-11 00:03:53] [INFO] Cannot build modified file <error line="631" column="2">
<code_line>  grind</code_line>
<message>error: `grind` failed</message>
</error>
case grind.1.1
κ : ℕ
inst : NeZero κ
L : Type
inst_1 : Field L
inst_2 : Fintype L
inst_3 : (a b : L) → Decidable (a = b)
inst_4 : CharP L 2
inst_5 : SelectableType L
K : Type
inst_6 : Field K
inst_7 : Fintype K
inst_8 : (a b : K) → Decidable (a = b)
inst_9 : Algebra K L
β : Basis (Fin κ → Fin 2) K L
ℓ ℓ' : ℕ
inst_10 : NeZero ℓ
inst_11 : NeZero ℓ'
h_l : ℓ = κ + ℓ'
𝓑 : Fin 2 ↪ L
aOStmtIn : AbstractOStmtIn L ℓ'
σ : Type
init : OracleComp (fun n => (PUnit.{1}, Fin (n + 1))) σ
impl : QueryImpl (fun x => (PUnit.{1}, PUnit.{1})) (StateT σ (OracleComp fun n => (PUnit.{1}, Fin (n + 1))))
h :
  ¬OracleVerifier.rbrKnowledgeSoundness init impl (sumcheckRoundRelation κ L K β ℓ ℓ' ⋯ aOStmtIn 0)
      (AbstractOStmtIn.toRelInput L ℓ' aOStmtIn)
      ((OracleVerifier.seqCompose (Statement (RingSwitchingBaseContext κ L K ℓ)) (fun x => aOStmtIn.OStmtIn) fun i =>
            iteratedSumcheckOracleVerifier κ L K ℓ ℓ' aOStmtIn i).append
        (finalSumcheckVerifier κ L K β ℓ ℓ' ⋯ aOStmtIn))
      (coreInteractionRbrKnowledgeError L ℓ')
h_1 : ℓ' = κ + ℓ'
h_2 : κ = κ + ℓ'
⊢ False
[grind] Goal diagnostics
  [facts] Asserted facts
    [prop] NeZero κ
    [prop] CharP L 2
    [prop] NeZero ℓ
    [prop] NeZero ℓ'
    [prop] ℓ = κ + ℓ'
    [prop] ¬OracleVerifier.rbrKnowledgeSoundness init impl (sumcheckRoundRelation κ L K β ℓ ℓ' ⋯ aOStmtIn 0)
            (AbstractOStmtIn.toRelInput L ℓ' aOStmtIn)
            ((OracleVerifier.seqCompose (Statement (RingSwitchingBaseContext κ L K ℓ)) (fun x => aOStmtIn.OStmtIn)
                  fun i => iteratedSumcheckOracleVerifier κ L K ℓ ℓ' aOStmtIn i).append
              (finalSumcheckVerifier κ L K β ℓ ℓ' ⋯ aOStmtIn))
            (coreInteractionRbrKnowledgeError L ℓ')
    [prop] ℓ' = κ + ℓ'
    [prop] κ = κ + ℓ'
  [eqc] True propositions
    [prop] CharP L 2
    [prop] κ = ℓ'
    [prop] κ = κ + ℓ'
    [prop] ℓ = ℓ' + κ
    [prop] ℓ' = κ + ℓ'
    [prop] NeZero κ
    [prop] NeZero ℓ
    [prop] NeZero ℓ'
    [prop] NeZero (ℓ' + 1)
  [eqc] False propositions
    [prop] OracleVerifier.rbrKnowledgeSoundness init impl (sumcheckRoundRelation κ L K β ℓ ℓ' ⋯ aOStmtIn 0)
          (AbstractOStmtIn.toRelInput L ℓ' aOStmtIn)
          ((OracleVerifier.seqCompose (Statement (RingSwitchingBaseContext κ L K ℓ)) (fun x => aOStmtIn.OStmtIn)
                fun i => iteratedSumcheckOracleVerifier κ L K ℓ ℓ' aOStmtIn i).append
            (finalSumcheckVerifier κ L K β ℓ ℓ' ⋯ aOStmtIn))
          (coreInteractionRbrKnowledgeError L ℓ')
  [eqc] Equivalence classes
    [eqc] {κ, ℓ, ℓ', κ + ℓ', ℓ' + κ}
    [eqc] {↑κ, ↑ℓ'}
    [eqc] {↑κ, ↑ℓ', ↑(κ + ℓ'), ↑(ℓ' + κ)}
    [eqc] {instSelectableTypeChallengePSpecCoreInteraction L ℓ',
        fun i => instSelectableTypeChallengePSpecCoreInteraction L ℓ' i}
    [eqc] {instOracleInterfaceMessageAppend, fun i => instOracleInterfaceMessageAppend i}
    [eqc] {iteratedSumcheckOracleVerifier κ L K ℓ ℓ' aOStmtIn,
        fun i => iteratedSumcheckOracleVerifier κ L K ℓ ℓ' aOStmtIn i}
  [cases] Case analyses
    [cases] [1/2]: ℓ' = κ + ℓ'
      [cases] source: Model-based theory combination at argument #2 of
            NeZero ℓ'
          and
            NeZero ℓ
    [cases] [1/2]: κ = κ + ℓ'
      [cases] source: Model-based theory combination at argument #2 of
            NeZero ℓ
          and
            NeZero κ
  [cutsat] Assignment satisfying linear constraints
    [assign] κ := 0
    [assign] ℓ := 0
    [assign] ℓ' := 0
    [assign] Fin.vsum fun x => 2 := 0
  [linarith] Linarith assignment for `Fin (ℓ' + 1)`
    [assign] Fin.last ℓ' := 4
  [ring] Ring `Lean.Grind.Ring.OfSemiring.Q ℕ`
    [basis] Basis
      [_] ↑ℓ' = 0
      [_] ↑κ = 0
[2026-01-11 00:03:53] [INFO] Proof verification completed
[2026-01-11 00:03:53] [INFO] Strategy grind attempt 1: verified=False
[2026-01-11 00:03:53] [INFO] Verification message: Cannot build modified file: <error line="631" column="2">
<code_line>  grind</code_line>
<message>error: `grind` failed</message>
</error>
case grind.1.1
κ : ℕ
inst : NeZero κ
L : Type
inst_1 : Field L
inst_2 : Fintype L
inst_3 : (a b : L) → Decidable (a = b)
inst_4 : CharP L 2
inst_5 : SelectableType L
K : Type
inst_6 : Field K
inst_7 : Fintype K
inst_8 : (a b : K) → Decidable (a = b)
inst_9 : Algebra K L
β : Basis (Fin κ → Fin 2) K L
ℓ ℓ' : ℕ
inst_10 : NeZero ℓ
inst_11 : NeZero ℓ'
h_l : ℓ = κ + ℓ'
𝓑 : Fin 2 ↪ L
aOStmtIn : AbstractOStmtIn L ℓ'
σ : Type
init : OracleComp (fun n => (PUnit.{1}, Fin (n + 1))) σ
impl : QueryImpl (fun x => (PUnit.{1}, PUnit.{1})) (StateT σ (OracleComp fun n => (PUnit.{1}, Fin (n + 1))))
h :
  ¬OracleVerifier.rbrKnowledgeSoundness init impl (sumcheckRoundRelation κ L K β ℓ ℓ' ⋯ aOStmtIn 0)
      (AbstractOStmtIn.toRelInput L ℓ' aOStmtIn)
      ((OracleVerifier.seqCompose (Statement (RingSwitchingBaseContext κ L K ℓ)) (fun x => aOStmtIn.OStmtIn) fun i =>
            iteratedSumcheckOracleVerifier κ L K ℓ ℓ' aOStmtIn i).append
        (finalSumcheckVerifier κ L K β ℓ ℓ' ⋯ aOStmtIn))
      (coreInteractionRbrKnowledgeError L ℓ')
h_1 : ℓ' = κ + ℓ'
h_2 : κ = κ + ℓ'
⊢ False
[grind] Goal diagnostics
  [facts] Asserted facts
    [prop] NeZero κ
    [prop] CharP L 2
    [prop] NeZero ℓ
    [prop] NeZero ℓ'
    [prop] ℓ = κ + ℓ'
    [prop] ¬OracleVerifier.rbrKnowledgeSoundness init impl (sumcheckRoundRelation κ L K β ℓ ℓ' ⋯ aOStmtIn 0)
            (AbstractOStmtIn.toRelInput L ℓ' aOStmtIn)
            ((OracleVerifier.seqCompose (Statement (RingSwitchingBaseContext κ L K ℓ)) (fun x => aOStmtIn.OStmtIn)
                  fun i => iteratedSumcheckOracleVerifier κ L K ℓ ℓ' aOStmtIn i).append
              (finalSumcheckVerifier κ L K β ℓ ℓ' ⋯ aOStmtIn))
            (coreInteractionRbrKnowledgeError L ℓ')
    [prop] ℓ' = κ + ℓ'
    [prop] κ = κ + ℓ'
  [eqc] True propositions
    [prop] CharP L 2
    [prop] κ = ℓ'
    [prop] κ = κ + ℓ'
    [prop] ℓ = ℓ' + κ
    [prop] ℓ' = κ + ℓ'
    [prop] NeZero κ
    [prop] NeZero ℓ
    [prop] NeZero ℓ'
    [prop] NeZero (ℓ' + 1)
  [eqc] False propositions
    [prop] OracleVerifier.rbrKnowledgeSoundness init impl (sumcheckRoundRelation κ L K β ℓ ℓ' ⋯ aOStmtIn 0)
          (AbstractOStmtIn.toRelInput L ℓ' aOStmtIn)
          ((OracleVerifier.seqCompose (Statement (RingSwitchingBaseContext κ L K ℓ)) (fun x => aOStmtIn.OStmtIn)
                fun i => iteratedSumcheckOracleVerifier κ L K ℓ ℓ' aOStmtIn i).append
            (finalSumcheckVerifier κ L K β ℓ ℓ' ⋯ aOStmtIn))
          (coreInteractionRbrKnowledgeError L ℓ')
  [eqc] Equivalence classes
    [eqc] {κ, ℓ, ℓ', κ + ℓ', ℓ' + κ}
    [eqc] {↑κ, ↑ℓ'}
    [eqc] {↑κ, ↑ℓ', ↑(κ + ℓ'), ↑(ℓ' + κ)}
    [eqc] {instSelectableTypeChallengePSpecCoreInteraction L ℓ',
        fun i => instSelectableTypeChallengePSpecCoreInteraction L ℓ' i}
    [eqc] {instOracleInterfaceMessageAppend, fun i => instOracleInterfaceMessageAppend i}
    [eqc] {iteratedSumcheckOracleVerifier κ L K ℓ ℓ' aOStmtIn,
        fun i => iteratedSumcheckOracleVerifier κ L K ℓ ℓ' aOStmtIn i}
  [cases] Case analyses
    [cases] [1/2]: ℓ' = κ + ℓ'
      [cases] source: Model-based theory combination at argument #2 of
            NeZero ℓ'
          and
            NeZero ℓ
    [cases] [1/2]: κ = κ + ℓ'
      [cases] source: Model-based theory combination at argument #2 of
            NeZero ℓ
          and
            NeZero κ
  [cutsat] Assignment satisfying linear constraints
    [assign] κ := 0
    [assign] ℓ := 0
    [assign] ℓ' := 0
    [assign] Fin.vsum fun x => 2 := 0
  [linarith] Linarith assignment for `Fin (ℓ' + 1)`
    [assign] Fin.last ℓ' := 4
  [ring] Ring `Lean.Grind.Ring.OfSemiring.Q ℕ`
    [basis] Basis
      [_] ↑ℓ' = 0
      [_] ↑κ = 0

[2026-01-11 00:03:53] [INFO] Attempt 1 failed verification, continuing...
[2026-01-11 00:03:53] [INFO] ========================================
[2026-01-11 00:03:53] [INFO] Trying strategy: ring (up to 1 attempts)
[2026-01-11 00:03:53] [INFO] --------------------
[2026-01-11 00:03:53] [INFO] Strategy ring, attempt 1/1
[2026-01-11 00:03:53] [INFO] Starting proof generation...
[2026-01-11 00:03:53] [INFO] Repository path: /root/repo
[2026-01-11 00:03:53] [INFO] Proof generation completed
[2026-01-11 00:03:53] [INFO] Generated proof:
[2026-01-11 00:03:53] [INFO] ring
[2026-01-11 00:03:53] [INFO] Proof length: 4 chars
[2026-01-11 00:03:53] [INFO] Starting proof verification...
[2026-01-11 00:03:53] [INFO] Verifying at: ArkLib/ProofSystem/Binius/RingSwitching/SumcheckPhase.lean:631
[2026-01-11 00:03:53] [INFO] Using LEAN INTERACT verify
[2026-01-11 00:03:53] [INFO] Checking file
[2026-01-11 00:04:04] [INFO] Cannot build modified file <error line="631" column="2">
<code_line>  ring</code_line>
<message>error: ring_nf made no progress</message>
</error>
[2026-01-11 00:04:04] [INFO] Proof verification completed
[2026-01-11 00:04:04] [INFO] Strategy ring attempt 1: verified=False
[2026-01-11 00:04:04] [INFO] Verification message: Cannot build modified file: <error line="631" column="2">
<code_line>  ring</code_line>
<message>error: ring_nf made no progress</message>
</error>

[2026-01-11 00:04:04] [INFO] Attempt 1 failed verification, continuing...
[2026-01-11 00:04:04] [INFO] ========================================
[2026-01-11 00:04:04] [INFO] Trying strategy: norm_num (up to 1 attempts)
[2026-01-11 00:04:04] [INFO] --------------------
[2026-01-11 00:04:04] [INFO] Strategy norm_num, attempt 1/1
[2026-01-11 00:04:04] [INFO] Starting proof generation...
[2026-01-11 00:04:04] [INFO] Repository path: /root/repo
[2026-01-11 00:04:04] [INFO] Proof generation completed
[2026-01-11 00:04:04] [INFO] Generated proof:
[2026-01-11 00:04:04] [INFO] norm_num
[2026-01-11 00:04:04] [INFO] Proof length: 8 chars
[2026-01-11 00:04:04] [INFO] Starting proof verification...
[2026-01-11 00:04:04] [INFO] Verifying at: ArkLib/ProofSystem/Binius/RingSwitching/SumcheckPhase.lean:631
[2026-01-11 00:04:04] [INFO] Using LEAN INTERACT verify
[2026-01-11 00:04:04] [INFO] Checking file
[2026-01-11 00:04:16] [INFO] Cannot build modified file <error line="630" column="79">
<code_line>    (rbrKnowledgeError := coreInteractionRbrKnowledgeError (L:=L) (ℓ':=ℓ')) := by</code_line>
<message>error: unsolved goals</message>
</error>
κ : ℕ
inst✝¹¹ : NeZero κ
L : Type
inst✝¹⁰ : Field L
inst✝⁹ : Fintype L
inst✝⁸ : DecidableEq L
inst✝⁷ : CharP L 2
inst✝⁶ : SelectableType L
K : Type
inst✝⁵ : Field K
inst✝⁴ : Fintype K
inst✝³ : DecidableEq K
inst✝² : Algebra K L
β : Basis (Fin κ → Fin 2) K L
ℓ ℓ' : ℕ
inst✝¹ : NeZero ℓ
inst✝ : NeZero ℓ'
h_l : ℓ = ℓ' + κ
𝓑 : Fin 2 ↪ L
aOStmtIn : AbstractOStmtIn L ℓ'
σ : Type
init : ProbComp σ
impl : QueryImpl []ₒ (StateT σ ProbComp)
⊢ OracleVerifier.rbrKnowledgeSoundness init impl (sumcheckRoundRelation κ L K β ℓ ℓ' h_l aOStmtIn 0)
    (AbstractOStmtIn.toRelInput L ℓ' aOStmtIn) (coreInteractionOracleVerifier κ L K β ℓ ℓ' h_l aOStmtIn)
    (coreInteractionRbrKnowledgeError L ℓ')
[2026-01-11 00:04:16] [INFO] Proof verification completed
[2026-01-11 00:04:16] [INFO] Strategy norm_num attempt 1: verified=False
[2026-01-11 00:04:16] [INFO] Verification message: Cannot build modified file: <error line="630" column="79">
<code_line>    (rbrKnowledgeError := coreInteractionRbrKnowledgeError (L:=L) (ℓ':=ℓ')) := by</code_line>
<message>error: unsolved goals</message>
</error>
κ : ℕ
inst✝¹¹ : NeZero κ
L : Type
inst✝¹⁰ : Field L
inst✝⁹ : Fintype L
inst✝⁸ : DecidableEq L
inst✝⁷ : CharP L 2
inst✝⁶ : SelectableType L
K : Type
inst✝⁵ : Field K
inst✝⁴ : Fintype K
inst✝³ : DecidableEq K
inst✝² : Algebra K L
β : Basis (Fin κ → Fin 2) K L
ℓ ℓ' : ℕ
inst✝¹ : NeZero ℓ
inst✝ : NeZero ℓ'
h_l : ℓ = ℓ' + κ
𝓑 : Fin 2 ↪ L
aOStmtIn : AbstractOStmtIn L ℓ'
σ : Type
init : ProbComp σ
impl : QueryImpl []ₒ (StateT σ ProbComp)
⊢ OracleVerifier.rbrKnowledgeSoundness init impl (sumcheckRoundRelation κ L K β ℓ ℓ' h_l aOStmtIn 0)
    (AbstractOStmtIn.toRelInput L ℓ' aOStmtIn) (coreInteractionOracleVerifier κ L K β ℓ ℓ' h_l aOStmtIn)
    (coreInteractionRbrKnowledgeError L ℓ')

[2026-01-11 00:04:16] [INFO] Attempt 1 failed verification, continuing...
[2026-01-11 00:04:16] [INFO] ========================================
[2026-01-11 00:04:16] [INFO] Trying strategy: omega (up to 1 attempts)
[2026-01-11 00:04:16] [INFO] --------------------
[2026-01-11 00:04:16] [INFO] Strategy omega, attempt 1/1
[2026-01-11 00:04:16] [INFO] Starting proof generation...
[2026-01-11 00:04:16] [INFO] Repository path: /root/repo
[2026-01-11 00:04:16] [INFO] Proof generation completed
[2026-01-11 00:04:16] [INFO] Generated proof:
[2026-01-11 00:04:16] [INFO] omega
[2026-01-11 00:04:16] [INFO] Proof length: 5 chars
[2026-01-11 00:04:16] [INFO] Starting proof verification...
[2026-01-11 00:04:16] [INFO] Verifying at: ArkLib/ProofSystem/Binius/RingSwitching/SumcheckPhase.lean:631
[2026-01-11 00:04:16] [INFO] Using LEAN INTERACT verify
[2026-01-11 00:04:16] [INFO] Checking file
[2026-01-11 00:04:26] [INFO] Cannot build modified file <error line="631" column="2">
<code_line>  omega</code_line>
<message>error: omega could not prove the goal:</message>
</error>
a possible counterexample may satisfy the constraints
  b ≥ 0
  a ≥ 0
  a + b ≥ 0
where
 a := ↑ℓ'
 b := ↑κ
[2026-01-11 00:04:26] [INFO] Proof verification completed
[2026-01-11 00:04:26] [INFO] Strategy omega attempt 1: verified=False
[2026-01-11 00:04:26] [INFO] Verification message: Cannot build modified file: <error line="631" column="2">
<code_line>  omega</code_line>
<message>error: omega could not prove the goal:</message>
</error>
a possible counterexample may satisfy the constraints
  b ≥ 0
  a ≥ 0
  a + b ≥ 0
where
 a := ↑ℓ'
 b := ↑κ

[2026-01-11 00:04:26] [INFO] Attempt 1 failed verification, continuing...
[2026-01-11 00:04:26] [INFO] ========================================
[2026-01-11 00:04:26] [INFO] Trying strategy: linarith (up to 1 attempts)
[2026-01-11 00:04:26] [INFO] --------------------
[2026-01-11 00:04:26] [INFO] Strategy linarith, attempt 1/1
[2026-01-11 00:04:26] [INFO] Starting proof generation...
[2026-01-11 00:04:26] [INFO] Repository path: /root/repo
[2026-01-11 00:04:26] [INFO] Proof generation completed
[2026-01-11 00:04:26] [INFO] Generated proof:
[2026-01-11 00:04:26] [INFO] linarith
[2026-01-11 00:04:26] [INFO] Proof length: 8 chars
[2026-01-11 00:04:26] [INFO] Starting proof verification...
[2026-01-11 00:04:26] [INFO] Verifying at: ArkLib/ProofSystem/Binius/RingSwitching/SumcheckPhase.lean:631
[2026-01-11 00:04:26] [INFO] Using LEAN INTERACT verify
[2026-01-11 00:04:26] [INFO] Checking file
[2026-01-11 00:04:37] [INFO] Cannot build modified file <error line="631" column="2">
<code_line>  linarith</code_line>
<message>error: linarith failed to find a contradiction</message>
</error>
κ : ℕ
inst✝¹¹ : NeZero κ
L : Type
inst✝¹⁰ : Field L
inst✝⁹ : Fintype L
inst✝⁸ : DecidableEq L
inst✝⁷ : CharP L 2
inst✝⁶ : SelectableType L
K : Type
inst✝⁵ : Field K
inst✝⁴ : Fintype K
inst✝³ : DecidableEq K
inst✝² : Algebra K L
β : Basis (Fin κ → Fin 2) K L
ℓ ℓ' : ℕ
inst✝¹ : NeZero ℓ
inst✝ : NeZero ℓ'
h_l : ℓ = ℓ' + κ
𝓑 : Fin 2 ↪ L
aOStmtIn : AbstractOStmtIn L ℓ'
σ : Type
init : ProbComp σ
impl : QueryImpl []ₒ (StateT σ ProbComp)
⊢ False
failed
[2026-01-11 00:04:37] [INFO] Proof verification completed
[2026-01-11 00:04:37] [INFO] Strategy linarith attempt 1: verified=False
[2026-01-11 00:04:37] [INFO] Verification message: Cannot build modified file: <error line="631" column="2">
<code_line>  linarith</code_line>
<message>error: linarith failed to find a contradiction</message>
</error>
κ : ℕ
inst✝¹¹ : NeZero κ
L : Type
inst✝¹⁰ : Field L
inst✝⁹ : Fintype L
inst✝⁸ : DecidableEq L
inst✝⁷ : CharP L 2
inst✝⁶ : SelectableType L
K : Type
inst✝⁵ : Field K
inst✝⁴ : Fintype K
inst✝³ : DecidableEq K
inst✝² : Algebra K L
β : Basis (Fin κ → Fin 2) K L
ℓ ℓ' : ℕ
inst✝¹ : NeZero ℓ
inst✝ : NeZero ℓ'
h_l : ℓ = ℓ' + κ
𝓑 : Fin 2 ↪ L
aOStmtIn : AbstractOStmtIn L ℓ'
σ : Type
init : ProbComp σ
impl : QueryImpl []ₒ (StateT σ ProbComp)
⊢ False
failed

[2026-01-11 00:04:37] [INFO] Attempt 1 failed verification, continuing...
[2026-01-11 00:04:37] [INFO] ========================================
[2026-01-11 00:04:37] [INFO] Trying strategy: nlinarith (up to 1 attempts)
[2026-01-11 00:04:37] [INFO] --------------------
[2026-01-11 00:04:37] [INFO] Strategy nlinarith, attempt 1/1
[2026-01-11 00:04:37] [INFO] Starting proof generation...
[2026-01-11 00:04:37] [INFO] Repository path: /root/repo
[2026-01-11 00:04:37] [INFO] Proof generation completed
[2026-01-11 00:04:37] [INFO] Generated proof:
[2026-01-11 00:04:37] [INFO] nlinarith
[2026-01-11 00:04:37] [INFO] Proof length: 9 chars
[2026-01-11 00:04:37] [INFO] Starting proof verification...
[2026-01-11 00:04:37] [INFO] Verifying at: ArkLib/ProofSystem/Binius/RingSwitching/SumcheckPhase.lean:631
[2026-01-11 00:04:37] [INFO] Using LEAN INTERACT verify
[2026-01-11 00:04:37] [INFO] Checking file
[2026-01-11 00:04:48] [INFO] Cannot build modified file <error line="631" column="2">
<code_line>  nlinarith</code_line>
<message>error: linarith failed to find a contradiction</message>
</error>
κ : ℕ
inst✝¹¹ : NeZero κ
L : Type
inst✝¹⁰ : Field L
inst✝⁹ : Fintype L
inst✝⁸ : DecidableEq L
inst✝⁷ : CharP L 2
inst✝⁶ : SelectableType L
K : Type
inst✝⁵ : Field K
inst✝⁴ : Fintype K
inst✝³ : DecidableEq K
inst✝² : Algebra K L
β : Basis (Fin κ → Fin 2) K L
ℓ ℓ' : ℕ
inst✝¹ : NeZero ℓ
inst✝ : NeZero ℓ'
h_l : ℓ = ℓ' + κ
𝓑 : Fin 2 ↪ L
aOStmtIn : AbstractOStmtIn L ℓ'
σ : Type
init : ProbComp σ
impl : QueryImpl []ₒ (StateT σ ProbComp)
⊢ False
failed
[2026-01-11 00:04:48] [INFO] Proof verification completed
[2026-01-11 00:04:48] [INFO] Strategy nlinarith attempt 1: verified=False
[2026-01-11 00:04:48] [INFO] Verification message: Cannot build modified file: <error line="631" column="2">
<code_line>  nlinarith</code_line>
<message>error: linarith failed to find a contradiction</message>
</error>
κ : ℕ
inst✝¹¹ : NeZero κ
L : Type
inst✝¹⁰ : Field L
inst✝⁹ : Fintype L
inst✝⁸ : DecidableEq L
inst✝⁷ : CharP L 2
inst✝⁶ : SelectableType L
K : Type
inst✝⁵ : Field K
inst✝⁴ : Fintype K
inst✝³ : DecidableEq K
inst✝² : Algebra K L
β : Basis (Fin κ → Fin 2) K L
ℓ ℓ' : ℕ
inst✝¹ : NeZero ℓ
inst✝ : NeZero ℓ'
h_l : ℓ = ℓ' + κ
𝓑 : Fin 2 ↪ L
aOStmtIn : AbstractOStmtIn L ℓ'
σ : Type
init : ProbComp σ
impl : QueryImpl []ₒ (StateT σ ProbComp)
⊢ False
failed

[2026-01-11 00:04:48] [INFO] Attempt 1 failed verification, continuing...
[2026-01-11 00:04:48] [INFO] ========================================
[2026-01-11 00:04:48] [INFO] Trying strategy: aesop (up to 1 attempts)
[2026-01-11 00:04:48] [INFO] --------------------
[2026-01-11 00:04:48] [INFO] Strategy aesop, attempt 1/1
[2026-01-11 00:04:48] [INFO] Starting proof generation...
[2026-01-11 00:04:48] [INFO] Repository path: /root/repo
[2026-01-11 00:04:48] [INFO] Proof generation completed
[2026-01-11 00:04:48] [INFO] Generated proof:
[2026-01-11 00:04:48] [INFO] aesop
[2026-01-11 00:04:48] [INFO] Proof length: 5 chars
[2026-01-11 00:04:48] [INFO] Starting proof verification...
[2026-01-11 00:04:48] [INFO] Verifying at: ArkLib/ProofSystem/Binius/RingSwitching/SumcheckPhase.lean:631
[2026-01-11 00:04:48] [INFO] Using LEAN INTERACT verify
[2026-01-11 00:04:48] [INFO] Checking file
[2026-01-11 00:05:05] [INFO] Cannot build modified file <error line="630" column="79">
<code_line>    (rbrKnowledgeError := coreInteractionRbrKnowledgeError (L:=L) (ℓ':=ℓ')) := by</code_line>
<message>error: unsolved goals</message>
</error>
κ : ℕ
inst : NeZero κ
L : Type
inst_1 : Field L
inst_2 : Fintype L
inst_3 : DecidableEq L
inst_4 : CharP L 2
inst_5 : SelectableType L
K : Type
inst_6 : Field K
inst_7 : Fintype K
inst_8 : DecidableEq K
inst_9 : Algebra K L
β : Basis (Fin κ → Fin 2) K L
ℓ' : ℕ
inst_11 : NeZero ℓ'
𝓑 : Fin 2 ↪ L
aOStmtIn : AbstractOStmtIn L ℓ'
σ : Type
init : ProbComp σ
impl : QueryImpl []ₒ (StateT σ ProbComp)
inst_10 : NeZero (ℓ' + κ)
⊢ OracleVerifier.rbrKnowledgeSoundness init impl (sumcheckRoundRelation κ L K β (ℓ' + κ) ℓ' ⋯ aOStmtIn 0)
    (AbstractOStmtIn.toRelInput L ℓ' aOStmtIn) (coreInteractionOracleVerifier κ L K β (ℓ' + κ) ℓ' ⋯ aOStmtIn)
    (coreInteractionRbrKnowledgeError L ℓ')
[2026-01-11 00:05:05] [INFO] Proof verification completed
[2026-01-11 00:05:05] [INFO] Strategy aesop attempt 1: verified=False
[2026-01-11 00:05:05] [INFO] Verification message: Cannot build modified file: <error line="630" column="79">
<code_line>    (rbrKnowledgeError := coreInteractionRbrKnowledgeError (L:=L) (ℓ':=ℓ')) := by</code_line>
<message>error: unsolved goals</message>
</error>
κ : ℕ
inst : NeZero κ
L : Type
inst_1 : Field L
inst_2 : Fintype L
inst_3 : DecidableEq L
inst_4 : CharP L 2
inst_5 : SelectableType L
K : Type
inst_6 : Field K
inst_7 : Fintype K
inst_8 : DecidableEq K
inst_9 : Algebra K L
β : Basis (Fin κ → Fin 2) K L
ℓ' : ℕ
inst_11 : NeZero ℓ'
𝓑 : Fin 2 ↪ L
aOStmtIn : AbstractOStmtIn L ℓ'
σ : Type
init : ProbComp σ
impl : QueryImpl []ₒ (StateT σ ProbComp)
inst_10 : NeZero (ℓ' + κ)
⊢ OracleVerifier.rbrKnowledgeSoundness init impl (sumcheckRoundRelation κ L K β (ℓ' + κ) ℓ' ⋯ aOStmtIn 0)
    (AbstractOStmtIn.toRelInput L ℓ' aOStmtIn) (coreInteractionOracleVerifier κ L K β (ℓ' + κ) ℓ' ⋯ aOStmtIn)
    (coreInteractionRbrKnowledgeError L ℓ')

[2026-01-11 00:05:05] [INFO] Attempt 1 failed verification, continuing...
[2026-01-11 00:05:05] [INFO] ========================================
[2026-01-11 00:05:05] [INFO] Pass@k completed. Total results: 1
[2026-01-11 00:05:05] [INFO] FAILED: All 11 strategies x 1 attempts
[2026-01-11 00:05:05] [INFO] Writing results to file: /root/repo/result.json
[2026-01-11 00:05:05] [INFO] Result file written successfully
[2026-01-11 00:05:05] [INFO] Results exported to: /root/repo/result.json
[2026-01-11 00:05:05] [INFO] run_morphcloud_local.py completed successfully

[2026-01-11 00:05:05] [process_single_sorry] Downloading result file...
[2026-01-11 00:05:06] [process_single_sorry] Downloaded result to intermediate_experiment_outputs_full_reservoir/multi_tactic/2026-01-10_20-46-34_multi_tactic/individual/7229fc4dd0983229818513e9ef9ba3a1fa384390bd81580715ec404e3e46911c.json
[2026-01-11 00:05:07] [process_single_sorry] Instance context closed successfully
[2026-01-11 00:05:07] [process_single_sorry] Parsing result file...
[2026-01-11 00:05:07] [process_single_sorry] Successfully parsed result (list format, 1 results)
