[2026-01-11 00:14:43] [process_single_sorry] Starting for sorry 91f62036c35cb8024e7ece1bfdac6c60ed2dfca433d87755e616921da7d16c82
[2026-01-11 00:14:43] [process_single_sorry] Using snapshot: snapshot_k6se43oa
[2026-01-11 00:14:43] [process_single_sorry] Repository: https://github.com/google-deepmind/formal-conjectures@a9131a023c26564cacf3e4c78ee7ab8401cf7aab
[2026-01-11 00:14:43] [process_single_sorry] Instance name: formal-conjectures_a9131a023c26_multi_tactic_91f62036c35cb8024e7ece1bfdac6c60ed2dfca433d87755e616921da7d16c82
[2026-01-11 00:14:43] [process_single_sorry] Starting attempt 1/3
[2026-01-11 00:14:43] [process_single_sorry] Starting instance from snapshot...
[2026-01-11 00:14:43] [process_single_sorry] Instance started successfully: morphvm_36ibzieg
[2026-01-11 00:14:43] [process_single_sorry] Creating .env file...
[2026-01-11 00:14:47] [process_single_sorry] .env file created (exit_code: 0)
[2026-01-11 00:14:47] [process_single_sorry] Executing agent command...
[2026-01-11 00:16:13] [process_single_sorry] Agent command completed (exit_code: 0)
[2026-01-11 00:16:13] [process_single_sorry] STDOUT:

Results JSON:
[
  {
    "sorry": {
      "repo": {
        "remote": "https://github.com/google-deepmind/formal-conjectures",
        "branch": "vc_dim_rn",
        "commit": "a9131a023c26564cacf3e4c78ee7ab8401cf7aab",
        "lean_version": "v4.22.0"
      },
      "location": {
        "path": "FormalConjectures/Other/VCDimConvex.lean",
        "start_line": 56,
        "start_column": 32,
        "end_line": 56,
        "end_column": 37
      },
      "debug_info": {
        "goal": "C : Set (EuclideanSpace ℝ (Fin 3))\nhC : Convex ℝ C\n⊢ HasAddVCNDimAtMost C 2 1",
        "url": "https://github.com/google-deepmind/formal-conjectures/blob/a9131a023c26564cacf3e4c78ee7ab8401cf7aab/FormalConjectures/Other/VCDimConvex.lean#L56"
      },
      "metadata": {
        "blame_email_hash": "97e8591fe714",
        "blame_date": "2025-12-23T15:44:23+00:00",
        "inclusion_date": "2025-12-30T06:09:31.010352+00:00"
      },
      "id": "91f62036c35cb8024e7ece1bfdac6c60ed2dfca433d87755e616921da7d16c82"
    },
    "proof": null,
    "proof_verified": false,
    "feedback": null,
    "verification_message": "All 11 attempts failed (11 strategies x 1 attempts each)",
    "success": true,
    "error_type": null,
    "error_message": null,
    "strategy_name": "all_failed_k=1",
    "proof_attempts": [
      "rfl",
      "simp",
      "simp_all",
      "exact?",
      "grind",
      "ring",
      "norm_num",
      "omega",
      "linarith",
      "nlinarith",
      "aesop"
    ]
  }
]

[2026-01-11 00:16:13] [process_single_sorry] STDERR:
None of PyTorch, TensorFlow >= 2.0, or Flax have been found. Models won't be available and only tokenizers, configuration and file/data utilities can be used.
[2026-01-11 00:14:57] [INFO] ================================================================================
[2026-01-11 00:14:57] [INFO] Starting run_morphcloud_local.py
[2026-01-11 00:14:57] [INFO] ================================================================================
[2026-01-11 00:14:57] [INFO] Environment loaded
[2026-01-11 00:14:57] [INFO] Full command: /root/SorryDB/sorrydb/cli/run_morphcloud_local.py --repo-path /root/repo --sorry-json {"repo": {"remote": "https://github.com/google-deepmind/formal-conjectures", "branch": "vc_dim_rn", "commit": "a9131a023c26564cacf3e4c78ee7ab8401cf7aab", "lean_version": "v4.22.0"}, "location": {"path": "FormalConjectures/Other/VCDimConvex.lean", "start_line": 56, "start_column": 32, "end_line": 56, "end_column": 37}, "debug_info": {"goal": "C : Set (EuclideanSpace \u211d (Fin 3))\nhC : Convex \u211d C\n\u22a2 HasAddVCNDimAtMost C 2 1", "url": "https://github.com/google-deepmind/formal-conjectures/blob/a9131a023c26564cacf3e4c78ee7ab8401cf7aab/FormalConjectures/Other/VCDimConvex.lean#L56"}, "metadata": {"blame_email_hash": "97e8591fe714", "blame_date": "2025-12-23T15:44:23+00:00", "inclusion_date": "2025-12-30T06:09:31.010352+00:00"}, "id": "91f62036c35cb8024e7ece1bfdac6c60ed2dfca433d87755e616921da7d16c82"} --agent-strategy {"name": "multi_tactic", "args": {}}
[2026-01-11 00:14:57] [INFO] Arguments parsed: repo_path=/root/repo, output_path=/root/repo/result.json
[2026-01-11 00:14:57] [INFO] Strategy spec: {"name": "multi_tactic", "args": {}}...
[2026-01-11 00:14:57] [INFO] Loading sorry data...
[2026-01-11 00:14:57] [INFO] Parsing sorry from JSON string...
[2026-01-11 00:14:57] [INFO] Sorry data parsed from JSON string
[2026-01-11 00:14:57] [INFO] Creating strategy from spec...
[2026-01-11 00:14:57] [INFO] Parsing strategy spec (length: 36 chars)
[2026-01-11 00:14:57] [INFO] Strategy name: multi_tactic
[2026-01-11 00:14:57] [INFO] Strategy args: {}
[2026-01-11 00:14:57] [INFO] Pass@k value: 1
[2026-01-11 00:14:57] [INFO] Creating strategy: multi_tactic
[2026-01-11 00:14:57] [INFO] Creating multi_tactic strategy with tactics: ['rfl', 'simp', 'simp_all', 'exact?', 'grind', 'ring', 'norm_num', 'omega', 'linarith', 'nlinarith', 'aesop']
[2026-01-11 00:14:57] [INFO] Strategies created: ['rfl', 'simp', 'simp_all', 'exact?', 'grind', 'ring', 'norm_num', 'omega', 'linarith', 'nlinarith', 'aesop']
[2026-01-11 00:14:57] [INFO] Pass@k value: 1
[2026-01-11 00:14:57] [INFO] Creating Sorry object...
[2026-01-11 00:14:57] [INFO] Sorry object created: id=91f62036c35cb8024e7ece1bfdac6c60ed2dfca433d87755e616921da7d16c82
[2026-01-11 00:14:57] [INFO] Sorry location: FormalConjectures/Other/VCDimConvex.lean:56
[2026-01-11 00:14:57] [INFO] Context before sorry (lines 51-56):
[2026-01-11 00:14:57] [INFO]   51: /-! ### Conjectures -/
[2026-01-11 00:14:57] [INFO]   52: 
[2026-01-11 00:14:57] [INFO]   53: /-- Every convex set in ℝ³ has VC₂ dimension at most 1. -/
[2026-01-11 00:14:57] [INFO]   54: @[category research open, AMS 5 52]
[2026-01-11 00:14:57] [INFO]   55: lemma hasAddVCNDimAtMost_two_one_of_convex_r3 {C : Set ℝ³} (hC : Convex ℝ C) :
[2026-01-11 00:14:57] [INFO]   56:     HasAddVCNDimAtMost C 2 1 := sorry
[2026-01-11 00:14:57] [INFO] Sorry line:     HasAddVCNDimAtMost C 2 1 := sorry
[2026-01-11 00:14:57] [INFO] Sorry goal: C : Set (EuclideanSpace ℝ (Fin 3))
hC : Convex ℝ C
⊢ HasAddVCNDimAtMost C 2 1...
[2026-01-11 00:14:57] [INFO] ========================================
[2026-01-11 00:14:57] [INFO] Trying strategy: rfl (up to 1 attempts)
[2026-01-11 00:14:57] [INFO] --------------------
[2026-01-11 00:14:57] [INFO] Strategy rfl, attempt 1/1
[2026-01-11 00:14:57] [INFO] Starting proof generation...
[2026-01-11 00:14:57] [INFO] Repository path: /root/repo
[2026-01-11 00:14:57] [INFO] Proof generation completed
[2026-01-11 00:14:57] [INFO] Generated proof:
[2026-01-11 00:14:57] [INFO] rfl
[2026-01-11 00:14:57] [INFO] Proof length: 3 chars
[2026-01-11 00:14:57] [INFO] Starting proof verification...
[2026-01-11 00:14:57] [INFO] Verifying at: FormalConjectures/Other/VCDimConvex.lean:56
[2026-01-11 00:14:57] [INFO] Using LEAN INTERACT verify
[2026-01-11 00:14:57] [INFO] Checking file
[2026-01-11 00:15:23] [INFO] Cannot build modified file <error line="53" column="0">
<code_line>/-- Every convex set in ℝ³ has VC₂ dimension at most 1. -/</code_line>
<message>error: Not a definitional equality: the conclusion should be an equality, but is `False` </message>
</error>
<error line="56" column="32">
<code_line>    HasAddVCNDimAtMost C 2 1 := rfl</code_line>
<message>error: type mismatch</message>
</error>
  rfl
has type
  ?m.3018 = ?m.3018 : Prop
but is expected to have type
  HasAddVCNDimAtMost C 2 1 : Prop
[2026-01-11 00:15:23] [INFO] Proof verification completed
[2026-01-11 00:15:23] [INFO] Strategy rfl attempt 1: verified=False
[2026-01-11 00:15:23] [INFO] Verification message: Cannot build modified file: <error line="53" column="0">
<code_line>/-- Every convex set in ℝ³ has VC₂ dimension at most 1. -/</code_line>
<message>error: Not a definitional equality: the conclusion should be an equality, but is `False` </message>
</error>
<error line="56" column="32">
<code_line>    HasAddVCNDimAtMost C 2 1 := rfl</code_line>
<message>error: type mismatch</message>
</error>
  rfl
has type
  ?m.3018 = ?m.3018 : Prop
but is expected to have type
  HasAddVCNDimAtMost C 2 1 : Prop

[2026-01-11 00:15:23] [INFO] Attempt 1 failed verification, continuing...
[2026-01-11 00:15:23] [INFO] ========================================
[2026-01-11 00:15:23] [INFO] Trying strategy: simp (up to 1 attempts)
[2026-01-11 00:15:23] [INFO] --------------------
[2026-01-11 00:15:23] [INFO] Strategy simp, attempt 1/1
[2026-01-11 00:15:23] [INFO] Starting proof generation...
[2026-01-11 00:15:23] [INFO] Repository path: /root/repo
[2026-01-11 00:15:23] [INFO] Proof generation completed
[2026-01-11 00:15:23] [INFO] Generated proof:
[2026-01-11 00:15:23] [INFO] simp
[2026-01-11 00:15:23] [INFO] Proof length: 4 chars
[2026-01-11 00:15:23] [INFO] Starting proof verification...
[2026-01-11 00:15:23] [INFO] Verifying at: FormalConjectures/Other/VCDimConvex.lean:56
[2026-01-11 00:15:23] [INFO] Using LEAN INTERACT verify
[2026-01-11 00:15:23] [INFO] Checking file
[2026-01-11 00:15:28] [INFO] Cannot build modified file <error line="56" column="32">
<code_line>    HasAddVCNDimAtMost C 2 1 := simp</code_line>
<message>error: unknown identifier 'simp'</message>
</error>
[2026-01-11 00:15:28] [INFO] Proof verification completed
[2026-01-11 00:15:28] [INFO] Strategy simp attempt 1: verified=False
[2026-01-11 00:15:28] [INFO] Verification message: Cannot build modified file: <error line="56" column="32">
<code_line>    HasAddVCNDimAtMost C 2 1 := simp</code_line>
<message>error: unknown identifier 'simp'</message>
</error>

[2026-01-11 00:15:28] [INFO] Attempt 1 failed verification, continuing...
[2026-01-11 00:15:28] [INFO] ========================================
[2026-01-11 00:15:28] [INFO] Trying strategy: simp_all (up to 1 attempts)
[2026-01-11 00:15:28] [INFO] --------------------
[2026-01-11 00:15:28] [INFO] Strategy simp_all, attempt 1/1
[2026-01-11 00:15:28] [INFO] Starting proof generation...
[2026-01-11 00:15:28] [INFO] Repository path: /root/repo
[2026-01-11 00:15:28] [INFO] Proof generation completed
[2026-01-11 00:15:28] [INFO] Generated proof:
[2026-01-11 00:15:28] [INFO] simp_all
[2026-01-11 00:15:28] [INFO] Proof length: 8 chars
[2026-01-11 00:15:28] [INFO] Starting proof verification...
[2026-01-11 00:15:28] [INFO] Verifying at: FormalConjectures/Other/VCDimConvex.lean:56
[2026-01-11 00:15:28] [INFO] Using LEAN INTERACT verify
[2026-01-11 00:15:28] [INFO] Checking file
[2026-01-11 00:15:33] [INFO] Cannot build modified file <error line="56" column="32">
<code_line>    HasAddVCNDimAtMost C 2 1 := simp_all</code_line>
<message>error: unknown identifier 'simp_all'</message>
</error>
[2026-01-11 00:15:33] [INFO] Proof verification completed
[2026-01-11 00:15:33] [INFO] Strategy simp_all attempt 1: verified=False
[2026-01-11 00:15:33] [INFO] Verification message: Cannot build modified file: <error line="56" column="32">
<code_line>    HasAddVCNDimAtMost C 2 1 := simp_all</code_line>
<message>error: unknown identifier 'simp_all'</message>
</error>

[2026-01-11 00:15:33] [INFO] Attempt 1 failed verification, continuing...
[2026-01-11 00:15:33] [INFO] ========================================
[2026-01-11 00:15:33] [INFO] Trying strategy: exact? (up to 1 attempts)
[2026-01-11 00:15:33] [INFO] --------------------
[2026-01-11 00:15:33] [INFO] Strategy exact?, attempt 1/1
[2026-01-11 00:15:33] [INFO] Starting proof generation...
[2026-01-11 00:15:33] [INFO] Repository path: /root/repo
[2026-01-11 00:15:33] [INFO] Proof generation completed
[2026-01-11 00:15:33] [INFO] Generated proof:
[2026-01-11 00:15:33] [INFO] exact?
[2026-01-11 00:15:33] [INFO] Proof length: 6 chars
[2026-01-11 00:15:33] [INFO] Starting proof verification...
[2026-01-11 00:15:33] [INFO] Verifying at: FormalConjectures/Other/VCDimConvex.lean:56
[2026-01-11 00:15:33] [INFO] Using LEAN INTERACT verify
[2026-01-11 00:15:33] [INFO] Checking file
[2026-01-11 00:15:37] [INFO] Cannot build modified file <error line="56" column="32">
<code_line>    HasAddVCNDimAtMost C 2 1 := exact?</code_line>
<message>error: unknown identifier 'exact?'</message>
</error>
[2026-01-11 00:15:37] [INFO] Proof verification completed
[2026-01-11 00:15:37] [INFO] Strategy exact? attempt 1: verified=False
[2026-01-11 00:15:37] [INFO] Verification message: Cannot build modified file: <error line="56" column="32">
<code_line>    HasAddVCNDimAtMost C 2 1 := exact?</code_line>
<message>error: unknown identifier 'exact?'</message>
</error>

[2026-01-11 00:15:37] [INFO] Attempt 1 failed verification, continuing...
[2026-01-11 00:15:37] [INFO] ========================================
[2026-01-11 00:15:37] [INFO] Trying strategy: grind (up to 1 attempts)
[2026-01-11 00:15:37] [INFO] --------------------
[2026-01-11 00:15:37] [INFO] Strategy grind, attempt 1/1
[2026-01-11 00:15:37] [INFO] Starting proof generation...
[2026-01-11 00:15:37] [INFO] Repository path: /root/repo
[2026-01-11 00:15:37] [INFO] Proof generation completed
[2026-01-11 00:15:37] [INFO] Generated proof:
[2026-01-11 00:15:37] [INFO] grind
[2026-01-11 00:15:37] [INFO] Proof length: 5 chars
[2026-01-11 00:15:37] [INFO] Starting proof verification...
[2026-01-11 00:15:37] [INFO] Verifying at: FormalConjectures/Other/VCDimConvex.lean:56
[2026-01-11 00:15:37] [INFO] Using LEAN INTERACT verify
[2026-01-11 00:15:37] [INFO] Checking file
[2026-01-11 00:15:42] [INFO] Cannot build modified file <error line="56" column="32">
<code_line>    HasAddVCNDimAtMost C 2 1 := grind</code_line>
<message>error: unknown identifier 'grind'</message>
</error>
[2026-01-11 00:15:42] [INFO] Proof verification completed
[2026-01-11 00:15:42] [INFO] Strategy grind attempt 1: verified=False
[2026-01-11 00:15:42] [INFO] Verification message: Cannot build modified file: <error line="56" column="32">
<code_line>    HasAddVCNDimAtMost C 2 1 := grind</code_line>
<message>error: unknown identifier 'grind'</message>
</error>

[2026-01-11 00:15:42] [INFO] Attempt 1 failed verification, continuing...
[2026-01-11 00:15:42] [INFO] ========================================
[2026-01-11 00:15:42] [INFO] Trying strategy: ring (up to 1 attempts)
[2026-01-11 00:15:42] [INFO] --------------------
[2026-01-11 00:15:42] [INFO] Strategy ring, attempt 1/1
[2026-01-11 00:15:42] [INFO] Starting proof generation...
[2026-01-11 00:15:42] [INFO] Repository path: /root/repo
[2026-01-11 00:15:42] [INFO] Proof generation completed
[2026-01-11 00:15:42] [INFO] Generated proof:
[2026-01-11 00:15:42] [INFO] ring
[2026-01-11 00:15:42] [INFO] Proof length: 4 chars
[2026-01-11 00:15:42] [INFO] Starting proof verification...
[2026-01-11 00:15:42] [INFO] Verifying at: FormalConjectures/Other/VCDimConvex.lean:56
[2026-01-11 00:15:42] [INFO] Using LEAN INTERACT verify
[2026-01-11 00:15:42] [INFO] Checking file
[2026-01-11 00:15:47] [INFO] Cannot build modified file <error line="56" column="32">
<code_line>    HasAddVCNDimAtMost C 2 1 := ring</code_line>
<message>error: unknown identifier 'ring'</message>
</error>
[2026-01-11 00:15:47] [INFO] Proof verification completed
[2026-01-11 00:15:47] [INFO] Strategy ring attempt 1: verified=False
[2026-01-11 00:15:47] [INFO] Verification message: Cannot build modified file: <error line="56" column="32">
<code_line>    HasAddVCNDimAtMost C 2 1 := ring</code_line>
<message>error: unknown identifier 'ring'</message>
</error>

[2026-01-11 00:15:47] [INFO] Attempt 1 failed verification, continuing...
[2026-01-11 00:15:47] [INFO] ========================================
[2026-01-11 00:15:47] [INFO] Trying strategy: norm_num (up to 1 attempts)
[2026-01-11 00:15:47] [INFO] --------------------
[2026-01-11 00:15:47] [INFO] Strategy norm_num, attempt 1/1
[2026-01-11 00:15:47] [INFO] Starting proof generation...
[2026-01-11 00:15:47] [INFO] Repository path: /root/repo
[2026-01-11 00:15:47] [INFO] Proof generation completed
[2026-01-11 00:15:47] [INFO] Generated proof:
[2026-01-11 00:15:47] [INFO] norm_num
[2026-01-11 00:15:47] [INFO] Proof length: 8 chars
[2026-01-11 00:15:47] [INFO] Starting proof verification...
[2026-01-11 00:15:47] [INFO] Verifying at: FormalConjectures/Other/VCDimConvex.lean:56
[2026-01-11 00:15:47] [INFO] Using LEAN INTERACT verify
[2026-01-11 00:15:47] [INFO] Checking file
[2026-01-11 00:15:52] [INFO] Cannot build modified file <error line="56" column="32">
<code_line>    HasAddVCNDimAtMost C 2 1 := norm_num</code_line>
<message>error: type mismatch</message>
</error>
  norm_num
has type
  Lean.ParserDescr : Type
but is expected to have type
  HasAddVCNDimAtMost C 2 1 : Prop
[2026-01-11 00:15:52] [INFO] Proof verification completed
[2026-01-11 00:15:52] [INFO] Strategy norm_num attempt 1: verified=False
[2026-01-11 00:15:52] [INFO] Verification message: Cannot build modified file: <error line="56" column="32">
<code_line>    HasAddVCNDimAtMost C 2 1 := norm_num</code_line>
<message>error: type mismatch</message>
</error>
  norm_num
has type
  Lean.ParserDescr : Type
but is expected to have type
  HasAddVCNDimAtMost C 2 1 : Prop

[2026-01-11 00:15:52] [INFO] Attempt 1 failed verification, continuing...
[2026-01-11 00:15:52] [INFO] ========================================
[2026-01-11 00:15:52] [INFO] Trying strategy: omega (up to 1 attempts)
[2026-01-11 00:15:52] [INFO] --------------------
[2026-01-11 00:15:52] [INFO] Strategy omega, attempt 1/1
[2026-01-11 00:15:52] [INFO] Starting proof generation...
[2026-01-11 00:15:52] [INFO] Repository path: /root/repo
[2026-01-11 00:15:52] [INFO] Proof generation completed
[2026-01-11 00:15:52] [INFO] Generated proof:
[2026-01-11 00:15:52] [INFO] omega
[2026-01-11 00:15:52] [INFO] Proof length: 5 chars
[2026-01-11 00:15:52] [INFO] Starting proof verification...
[2026-01-11 00:15:52] [INFO] Verifying at: FormalConjectures/Other/VCDimConvex.lean:56
[2026-01-11 00:15:52] [INFO] Using LEAN INTERACT verify
[2026-01-11 00:15:52] [INFO] Checking file
[2026-01-11 00:15:56] [INFO] Cannot build modified file <error line="56" column="32">
<code_line>    HasAddVCNDimAtMost C 2 1 := omega</code_line>
<message>error: unknown identifier 'omega'</message>
</error>
[2026-01-11 00:15:56] [INFO] Proof verification completed
[2026-01-11 00:15:56] [INFO] Strategy omega attempt 1: verified=False
[2026-01-11 00:15:56] [INFO] Verification message: Cannot build modified file: <error line="56" column="32">
<code_line>    HasAddVCNDimAtMost C 2 1 := omega</code_line>
<message>error: unknown identifier 'omega'</message>
</error>

[2026-01-11 00:15:56] [INFO] Attempt 1 failed verification, continuing...
[2026-01-11 00:15:56] [INFO] ========================================
[2026-01-11 00:15:56] [INFO] Trying strategy: linarith (up to 1 attempts)
[2026-01-11 00:15:56] [INFO] --------------------
[2026-01-11 00:15:56] [INFO] Strategy linarith, attempt 1/1
[2026-01-11 00:15:56] [INFO] Starting proof generation...
[2026-01-11 00:15:56] [INFO] Repository path: /root/repo
[2026-01-11 00:15:56] [INFO] Proof generation completed
[2026-01-11 00:15:56] [INFO] Generated proof:
[2026-01-11 00:15:56] [INFO] linarith
[2026-01-11 00:15:56] [INFO] Proof length: 8 chars
[2026-01-11 00:15:56] [INFO] Starting proof verification...
[2026-01-11 00:15:56] [INFO] Verifying at: FormalConjectures/Other/VCDimConvex.lean:56
[2026-01-11 00:15:56] [INFO] Using LEAN INTERACT verify
[2026-01-11 00:15:56] [INFO] Checking file
[2026-01-11 00:16:01] [INFO] Cannot build modified file <error line="56" column="32">
<code_line>    HasAddVCNDimAtMost C 2 1 := linarith</code_line>
<message>error: unknown identifier 'linarith'</message>
</error>
[2026-01-11 00:16:01] [INFO] Proof verification completed
[2026-01-11 00:16:01] [INFO] Strategy linarith attempt 1: verified=False
[2026-01-11 00:16:01] [INFO] Verification message: Cannot build modified file: <error line="56" column="32">
<code_line>    HasAddVCNDimAtMost C 2 1 := linarith</code_line>
<message>error: unknown identifier 'linarith'</message>
</error>

[2026-01-11 00:16:01] [INFO] Attempt 1 failed verification, continuing...
[2026-01-11 00:16:01] [INFO] ========================================
[2026-01-11 00:16:01] [INFO] Trying strategy: nlinarith (up to 1 attempts)
[2026-01-11 00:16:01] [INFO] --------------------
[2026-01-11 00:16:01] [INFO] Strategy nlinarith, attempt 1/1
[2026-01-11 00:16:01] [INFO] Starting proof generation...
[2026-01-11 00:16:01] [INFO] Repository path: /root/repo
[2026-01-11 00:16:01] [INFO] Proof generation completed
[2026-01-11 00:16:01] [INFO] Generated proof:
[2026-01-11 00:16:01] [INFO] nlinarith
[2026-01-11 00:16:01] [INFO] Proof length: 9 chars
[2026-01-11 00:16:01] [INFO] Starting proof verification...
[2026-01-11 00:16:01] [INFO] Verifying at: FormalConjectures/Other/VCDimConvex.lean:56
[2026-01-11 00:16:01] [INFO] Using LEAN INTERACT verify
[2026-01-11 00:16:01] [INFO] Checking file
[2026-01-11 00:16:06] [INFO] Cannot build modified file <error line="56" column="32">
<code_line>    HasAddVCNDimAtMost C 2 1 := nlinarith</code_line>
<message>error: unknown identifier 'nlinarith'</message>
</error>
[2026-01-11 00:16:06] [INFO] Proof verification completed
[2026-01-11 00:16:06] [INFO] Strategy nlinarith attempt 1: verified=False
[2026-01-11 00:16:06] [INFO] Verification message: Cannot build modified file: <error line="56" column="32">
<code_line>    HasAddVCNDimAtMost C 2 1 := nlinarith</code_line>
<message>error: unknown identifier 'nlinarith'</message>
</error>

[2026-01-11 00:16:06] [INFO] Attempt 1 failed verification, continuing...
[2026-01-11 00:16:06] [INFO] ========================================
[2026-01-11 00:16:06] [INFO] Trying strategy: aesop (up to 1 attempts)
[2026-01-11 00:16:06] [INFO] --------------------
[2026-01-11 00:16:06] [INFO] Strategy aesop, attempt 1/1
[2026-01-11 00:16:06] [INFO] Starting proof generation...
[2026-01-11 00:16:06] [INFO] Repository path: /root/repo
[2026-01-11 00:16:06] [INFO] Proof generation completed
[2026-01-11 00:16:06] [INFO] Generated proof:
[2026-01-11 00:16:06] [INFO] aesop
[2026-01-11 00:16:06] [INFO] Proof length: 5 chars
[2026-01-11 00:16:06] [INFO] Starting proof verification...
[2026-01-11 00:16:06] [INFO] Verifying at: FormalConjectures/Other/VCDimConvex.lean:56
[2026-01-11 00:16:06] [INFO] Using LEAN INTERACT verify
[2026-01-11 00:16:06] [INFO] Checking file
[2026-01-11 00:16:11] [INFO] Cannot build modified file <error line="56" column="32">
<code_line>    HasAddVCNDimAtMost C 2 1 := aesop</code_line>
<message>error: unknown identifier 'aesop'</message>
</error>
[2026-01-11 00:16:11] [INFO] Proof verification completed
[2026-01-11 00:16:11] [INFO] Strategy aesop attempt 1: verified=False
[2026-01-11 00:16:11] [INFO] Verification message: Cannot build modified file: <error line="56" column="32">
<code_line>    HasAddVCNDimAtMost C 2 1 := aesop</code_line>
<message>error: unknown identifier 'aesop'</message>
</error>

[2026-01-11 00:16:11] [INFO] Attempt 1 failed verification, continuing...
[2026-01-11 00:16:11] [INFO] ========================================
[2026-01-11 00:16:11] [INFO] Pass@k completed. Total results: 1
[2026-01-11 00:16:11] [INFO] FAILED: All 11 strategies x 1 attempts
[2026-01-11 00:16:11] [INFO] Writing results to file: /root/repo/result.json
[2026-01-11 00:16:11] [INFO] Result file written successfully
[2026-01-11 00:16:11] [INFO] Results exported to: /root/repo/result.json
[2026-01-11 00:16:11] [INFO] run_morphcloud_local.py completed successfully

[2026-01-11 00:16:13] [process_single_sorry] Downloading result file...
[2026-01-11 00:16:13] [process_single_sorry] Downloaded result to intermediate_experiment_outputs_full_reservoir/multi_tactic/2026-01-10_20-46-34_multi_tactic/individual/91f62036c35cb8024e7ece1bfdac6c60ed2dfca433d87755e616921da7d16c82.json
[2026-01-11 00:16:15] [process_single_sorry] Instance context closed successfully
[2026-01-11 00:16:15] [process_single_sorry] Parsing result file...
[2026-01-11 00:16:15] [process_single_sorry] Successfully parsed result (list format, 1 results)
