[2026-01-10 22:03:01] [process_single_sorry] Starting for sorry a39996a7440f3095791a7729932aeb8eadcfe98a0c378307086c79ff51e8e593
[2026-01-10 22:03:01] [process_single_sorry] Using snapshot: snapshot_6j9ano5h
[2026-01-10 22:03:01] [process_single_sorry] Repository: https://github.com/Timeroot/Lean-QuantumInfo@65341c7f9ca9496adec7d061cf82822210e3eb74
[2026-01-10 22:03:01] [process_single_sorry] Instance name: Lean-QuantumInfo_65341c7f9ca9_multi_tactic_a39996a7440f3095791a7729932aeb8eadcfe98a0c378307086c79ff51e8e593
[2026-01-10 22:03:01] [process_single_sorry] Starting attempt 1/3
[2026-01-10 22:03:01] [process_single_sorry] Starting instance from snapshot...
[2026-01-10 22:03:03] [process_single_sorry] Instance started successfully: morphvm_9a10evam
[2026-01-10 22:03:03] [process_single_sorry] Creating .env file...
[2026-01-10 22:03:09] [process_single_sorry] .env file created (exit_code: 0)
[2026-01-10 22:03:09] [process_single_sorry] Executing agent command...
[2026-01-10 22:18:12] [process_single_sorry] Retryable error on attempt 1/3: TimeoutError: Command execution timed out after 900 seconds
[2026-01-10 22:18:12] [process_single_sorry] Waiting 2 seconds before retry...
[2026-01-10 22:18:16] [process_single_sorry] Starting attempt 2/3
[2026-01-10 22:18:16] [process_single_sorry] Starting instance from snapshot...
[2026-01-10 22:18:16] [process_single_sorry] Instance started successfully: morphvm_ps0ntiul
[2026-01-10 22:18:16] [process_single_sorry] Creating .env file...
[2026-01-10 22:18:25] [process_single_sorry] .env file created (exit_code: 0)
[2026-01-10 22:18:25] [process_single_sorry] Executing agent command...
[2026-01-10 22:33:29] [process_single_sorry] Retryable error on attempt 2/3: TimeoutError: Command execution timed out after 900 seconds
[2026-01-10 22:33:29] [process_single_sorry] Waiting 2 seconds before retry...
[2026-01-10 22:33:32] [process_single_sorry] Starting attempt 3/3
[2026-01-10 22:33:32] [process_single_sorry] Starting instance from snapshot...
[2026-01-10 22:33:32] [process_single_sorry] Instance started successfully: morphvm_35ddhmek
[2026-01-10 22:33:32] [process_single_sorry] Creating .env file...
[2026-01-10 22:33:38] [process_single_sorry] .env file created (exit_code: 0)
[2026-01-10 22:33:38] [process_single_sorry] Executing agent command...
[2026-01-10 22:48:41] [process_single_sorry] Retryable error on attempt 3/3: TimeoutError: 
[2026-01-10 22:48:41] [process_single_sorry] All 3 attempts exhausted
