[2026-01-10 20:53:34] [process_single_sorry] Starting for sorry ab3a1faf7edcff9a8bd48c343884f33f9b588a8cc0a1f2f06598f9fc5e68aa53
[2026-01-10 20:53:34] [process_single_sorry] Using snapshot: snapshot_chlyv6ap
[2026-01-10 20:53:34] [process_single_sorry] Repository: https://github.com/AlexKontorovich/PrimeNumberTheoremAnd@653f1fd8f4ccbf3fc22f7933a51fca5fea0a93cf
[2026-01-10 20:53:34] [process_single_sorry] Instance name: PrimeNumberTheoremAnd_653f1fd8f4cc_multi_tactic_ab3a1faf7edcff9a8bd48c343884f33f9b588a8cc0a1f2f06598f9fc5e68aa53
[2026-01-10 20:53:34] [process_single_sorry] Starting attempt 1/3
[2026-01-10 20:53:34] [process_single_sorry] Starting instance from snapshot...
[2026-01-10 20:53:35] [process_single_sorry] Instance started successfully: morphvm_8byrh8ie
[2026-01-10 20:53:35] [process_single_sorry] Creating .env file...
[2026-01-10 20:53:55] [process_single_sorry] .env file created (exit_code: 0)
[2026-01-10 20:53:55] [process_single_sorry] Executing agent command...
[2026-01-10 20:59:27] [process_single_sorry] Agent command completed (exit_code: 0)
[2026-01-10 20:59:27] [process_single_sorry] STDOUT:
Error(Download(Msg("error during download")), State { next_error: Some(Error { description: "Could not resolve hostname", code: 6, extra: Some("Could not resolve host: releases.lean-lang.org") }), backtrace: InternalBacktrace { backtrace: None } })

Results JSON:
[
  {
    "sorry": {
      "repo": {
        "remote": "https://github.com/AlexKontorovich/PrimeNumberTheoremAnd",
        "branch": "main",
        "commit": "653f1fd8f4ccbf3fc22f7933a51fca5fea0a93cf",
        "lean_version": "v4.26.0"
      },
      "location": {
        "path": "PrimeNumberTheoremAnd/Lcm.lean",
        "start_line": 651,
        "start_column": 153,
        "end_line": 651,
        "end_column": 158
      },
      "debug_info": {
        "goal": "ε : ℝ\nhε : 0 ≤ ε ∧ ε ≤ 1 / 89693 ^ 2\n⊢ 1 + 3.01 * ε + 3.01 * ε ^ 2 + 1.01 * ε ^ 3 ≤ 1 + 3.37 * ε - 1e-2 * ε ^ 2",
        "url": "https://github.com/AlexKontorovich/PrimeNumberTheoremAnd/blob/653f1fd8f4ccbf3fc22f7933a51fca5fea0a93cf/PrimeNumberTheoremAnd/Lcm.lean#L651"
      },
      "metadata": {
        "blame_email_hash": "d7f0e4a42bbb",
        "blame_date": "2025-11-29T20:11:59-08:00",
        "inclusion_date": "2025-12-29T14:36:34.379527+00:00"
      },
      "id": "ab3a1faf7edcff9a8bd48c343884f33f9b588a8cc0a1f2f06598f9fc5e68aa53"
    },
    "proof": null,
    "proof_verified": false,
    "feedback": null,
    "verification_message": "Error occurred during execution: Lean 4 build system (`lake`) failed with exit code 1.\nstdout:\nNone\n\nstderr:\nNone",
    "success": false,
    "error_type": "RuntimeError",
    "error_message": "Lean 4 build system (`lake`) failed with exit code 1.\nstdout:\nNone\n\nstderr:\nNone\n\nTraceback:\nTraceback (most recent call last):\n  File \"/root/SorryDB/sorrydb/cli/run_morphcloud_local.py\", line 324, in <module>\n    proof_verified, error_msg = verify_lean_interact(\n                                ^^^^^^^^^^^^^^^^^^^^^\n  File \"/root/SorryDB/sorrydb/utils/verify_lean_interact.py\", line 88, in verify_lean_interact\n    project = LocalProject(directory=str(repo_dir.resolve()))\n              ^^^^^^^^^^^^^^^^^^^^^^^^^^^^^^^^^^^^^^^^^^^^^^^\n  File \"<string>\", line 6, in __init__\n  File \"/root/.cache/pypoetry/virtualenvs/sorrydb-K-1wbk_P-py3.11/lib/python3.11/site-packages/lean_interact/project.py\", line 128, in __post_init__\n    super().__post_init__()\n  File \"/root/.cache/pypoetry/virtualenvs/sorrydb-K-1wbk_P-py3.11/lib/python3.11/site-packages/lean_interact/project.py\", line 43, in __post_init__\n    self.build()\n  File \"/root/.cache/pypoetry/virtualenvs/sorrydb-K-1wbk_P-py3.11/lib/python3.11/site-packages/lean_interact/project.py\", line 66, in build\n    check_lake(self.lake_path, verbose=verbose)\n  File \"/root/.cache/pypoetry/virtualenvs/sorrydb-K-1wbk_P-py3.11/lib/python3.11/site-packages/lean_interact/utils.py\", line 108, in check_lake\n    raise RuntimeError(\nRuntimeError: Lean 4 build system (`lake`) failed with exit code 1.\nstdout:\nNone\n\nstderr:\nNone\n",
    "strategy_name": "error",
    "proof_attempts": null
  }
]

[2026-01-10 20:59:27] [process_single_sorry] STDERR:
None of PyTorch, TensorFlow >= 2.0, or Flax have been found. Models won't be available and only tokenizers, configuration and file/data utilities can be used.
[2026-01-10 20:54:30] [INFO] ================================================================================
[2026-01-10 20:54:30] [INFO] Starting run_morphcloud_local.py
[2026-01-10 20:54:30] [INFO] ================================================================================
[2026-01-10 20:54:30] [INFO] Environment loaded
[2026-01-10 20:54:30] [INFO] Full command: /root/SorryDB/sorrydb/cli/run_morphcloud_local.py --repo-path /root/repo --sorry-json {"repo": {"remote": "https://github.com/AlexKontorovich/PrimeNumberTheoremAnd", "branch": "main", "commit": "653f1fd8f4ccbf3fc22f7933a51fca5fea0a93cf", "lean_version": "v4.26.0"}, "location": {"path": "PrimeNumberTheoremAnd/Lcm.lean", "start_line": 651, "start_column": 153, "end_line": 651, "end_column": 158}, "debug_info": {"goal": "\u03b5 : \u211d\nh\u03b5 : 0 \u2264 \u03b5 \u2227 \u03b5 \u2264 1 / 89693 ^ 2\n\u22a2 1 + 3.01 * \u03b5 + 3.01 * \u03b5 ^ 2 + 1.01 * \u03b5 ^ 3 \u2264 1 + 3.37 * \u03b5 - 1e-2 * \u03b5 ^ 2", "url": "https://github.com/AlexKontorovich/PrimeNumberTheoremAnd/blob/653f1fd8f4ccbf3fc22f7933a51fca5fea0a93cf/PrimeNumberTheoremAnd/Lcm.lean#L651"}, "metadata": {"blame_email_hash": "d7f0e4a42bbb", "blame_date": "2025-11-29T20:11:59-08:00", "inclusion_date": "2025-12-29T14:36:34.379527+00:00"}, "id": "ab3a1faf7edcff9a8bd48c343884f33f9b588a8cc0a1f2f06598f9fc5e68aa53"} --agent-strategy {"name": "multi_tactic", "args": {}}
[2026-01-10 20:54:30] [INFO] Arguments parsed: repo_path=/root/repo, output_path=/root/repo/result.json
[2026-01-10 20:54:30] [INFO] Strategy spec: {"name": "multi_tactic", "args": {}}...
[2026-01-10 20:54:30] [INFO] Loading sorry data...
[2026-01-10 20:54:30] [INFO] Parsing sorry from JSON string...
[2026-01-10 20:54:30] [INFO] Sorry data parsed from JSON string
[2026-01-10 20:54:30] [INFO] Creating strategy from spec...
[2026-01-10 20:54:30] [INFO] Parsing strategy spec (length: 36 chars)
[2026-01-10 20:54:30] [INFO] Strategy name: multi_tactic
[2026-01-10 20:54:30] [INFO] Strategy args: {}
[2026-01-10 20:54:30] [INFO] Pass@k value: 1
[2026-01-10 20:54:30] [INFO] Creating strategy: multi_tactic
[2026-01-10 20:54:30] [INFO] Creating multi_tactic strategy with tactics: ['rfl', 'simp', 'simp_all', 'exact?', 'grind', 'ring', 'norm_num', 'omega', 'linarith', 'nlinarith', 'aesop']
[2026-01-10 20:54:30] [INFO] Strategies created: ['rfl', 'simp', 'simp_all', 'exact?', 'grind', 'ring', 'norm_num', 'omega', 'linarith', 'nlinarith', 'aesop']
[2026-01-10 20:54:30] [INFO] Pass@k value: 1
[2026-01-10 20:54:30] [INFO] Creating Sorry object...
[2026-01-10 20:54:30] [INFO] Sorry object created: id=ab3a1faf7edcff9a8bd48c343884f33f9b588a8cc0a1f2f06598f9fc5e68aa53
[2026-01-10 20:54:30] [INFO] Sorry location: PrimeNumberTheoremAnd/Lcm.lean:651
[2026-01-10 20:54:30] [INFO] Context before sorry (lines 646-651):
[2026-01-10 20:54:30] [INFO]   646:   \le 1 + 3.37\varepsilon - 0.01\varepsilon^2.
[2026-01-10 20:54:30] [INFO]   647: \]
[2026-01-10 20:54:30] [INFO]   648: \end{lemma}
[2026-01-10 20:54:30] [INFO]   649: %%-/
[2026-01-10 20:54:30] [INFO]   650: 
[2026-01-10 20:54:30] [INFO]   651: theorem final_comparison (ε : ℝ) (hε : 0 ≤ ε ∧ ε ≤ 1 / (89693 ^ 2 : ℝ)) : 1 + 3.01 * ε + 3.01 * ε ^ 2 + 1.01 * ε ^ 3 ≤ 1 + 3.37 * ε - 0.01 * ε ^ 2 := by sorry
[2026-01-10 20:54:30] [INFO] Sorry line: theorem final_comparison (ε : ℝ) (hε : 0 ≤ ε ∧ ε ≤ 1 / (89693 ^ 2 : ℝ)) : 1 + 3.01 * ε + 3.01 * ε ^ 2 + 1.01 * ε ^ 3 ≤ 1 + 3.37 * ε - 0.01 * ε ^ 2 := by sorry
[2026-01-10 20:54:30] [INFO] Sorry goal: ε : ℝ
hε : 0 ≤ ε ∧ ε ≤ 1 / 89693 ^ 2
⊢ 1 + 3.01 * ε + 3.01 * ε ^ 2 + 1.01 * ε ^ 3 ≤ 1 + 3.37 * ε - 1...
[2026-01-10 20:54:30] [INFO] ========================================
[2026-01-10 20:54:30] [INFO] Trying strategy: rfl (up to 1 attempts)
[2026-01-10 20:54:30] [INFO] --------------------
[2026-01-10 20:54:30] [INFO] Strategy rfl, attempt 1/1
[2026-01-10 20:54:30] [INFO] Starting proof generation...
[2026-01-10 20:54:30] [INFO] Repository path: /root/repo
[2026-01-10 20:54:30] [INFO] Proof generation completed
[2026-01-10 20:54:30] [INFO] Generated proof:
[2026-01-10 20:54:30] [INFO] rfl
[2026-01-10 20:54:30] [INFO] Proof length: 3 chars
[2026-01-10 20:54:30] [INFO] Starting proof verification...
[2026-01-10 20:54:30] [INFO] Verifying at: PrimeNumberTheoremAnd/Lcm.lean:651
[2026-01-10 20:54:30] [INFO] Using LEAN INTERACT verify
[2026-01-10 20:54:30] [INFO] Checking file
[2026-01-10 20:57:30] [INFO] Cannot build modified file <error line="651" column="153">
<code_line>theorem final_comparison (ε : ℝ) (hε : 0 ≤ ε ∧ ε ≤ 1 / (89693 ^ 2 : ℝ)) : 1 + 3.01 * ε + 3.01 * ε ^ 2 + 1.01 * ε ^ 3 ≤ 1 + 3.37 * ε - 0.01 * ε ^ 2 := by rfl</code_line>
<message>error: Tactic `rfl` failed: The left-hand side</message>
</error>
  1 + 3.01 * ε + 3.01 * ε ^ 2 + 1.01 * ε ^ 3
is not definitionally equal to the right-hand side
  1 + 3.37 * ε - 1e-2 * ε ^ 2

ε : ℝ
hε : 0 ≤ ε ∧ ε ≤ 1 / 89693 ^ 2
⊢ 1 + 3.01 * ε + 3.01 * ε ^ 2 + 1.01 * ε ^ 3 ≤ 1 + 3.37 * ε - 1e-2 * ε ^ 2
[2026-01-10 20:57:30] [INFO] Proof verification completed
[2026-01-10 20:57:30] [INFO] Strategy rfl attempt 1: verified=False
[2026-01-10 20:57:30] [INFO] Verification message: Cannot build modified file: <error line="651" column="153">
<code_line>theorem final_comparison (ε : ℝ) (hε : 0 ≤ ε ∧ ε ≤ 1 / (89693 ^ 2 : ℝ)) : 1 + 3.01 * ε + 3.01 * ε ^ 2 + 1.01 * ε ^ 3 ≤ 1 + 3.37 * ε - 0.01 * ε ^ 2 := by rfl</code_line>
<message>error: Tactic `rfl` failed: The left-hand side</message>
</error>
  1 + 3.01 * ε + 3.01 * ε ^ 2 + 1.01 * ε ^ 3
is not definitionally equal to the right-hand side
  1 + 3.37 * ε - 1e-2 * ε ^ 2

ε : ℝ
hε : 0 ≤ ε ∧ ε ≤ 1 / 89693 ^ 2
⊢ 1 + 3.01 * ε + 3.01 * ε ^ 2 + 1.01 * ε ^ 3 ≤ 1 + 3.37 * ε - 1e-2 * ε ^ 2

[2026-01-10 20:57:30] [INFO] Attempt 1 failed verification, continuing...
[2026-01-10 20:57:30] [INFO] ========================================
[2026-01-10 20:57:30] [INFO] Trying strategy: simp (up to 1 attempts)
[2026-01-10 20:57:30] [INFO] --------------------
[2026-01-10 20:57:30] [INFO] Strategy simp, attempt 1/1
[2026-01-10 20:57:30] [INFO] Starting proof generation...
[2026-01-10 20:57:30] [INFO] Repository path: /root/repo
[2026-01-10 20:57:30] [INFO] Proof generation completed
[2026-01-10 20:57:30] [INFO] Generated proof:
[2026-01-10 20:57:30] [INFO] simp
[2026-01-10 20:57:30] [INFO] Proof length: 4 chars
[2026-01-10 20:57:30] [INFO] Starting proof verification...
[2026-01-10 20:57:30] [INFO] Verifying at: PrimeNumberTheoremAnd/Lcm.lean:651
[2026-01-10 20:57:30] [INFO] Using LEAN INTERACT verify
[2026-01-10 20:57:30] [INFO] Checking file
[2026-01-10 20:57:39] [INFO] Cannot build modified file <error line="651" column="153">
<code_line>theorem final_comparison (ε : ℝ) (hε : 0 ≤ ε ∧ ε ≤ 1 / (89693 ^ 2 : ℝ)) : 1 + 3.01 * ε + 3.01 * ε ^ 2 + 1.01 * ε ^ 3 ≤ 1 + 3.37 * ε - 0.01 * ε ^ 2 := by simp</code_line>
<message>error: `simp` made no progress</message>
</error>
[2026-01-10 20:57:39] [INFO] Proof verification completed
[2026-01-10 20:57:39] [INFO] Strategy simp attempt 1: verified=False
[2026-01-10 20:57:39] [INFO] Verification message: Cannot build modified file: <error line="651" column="153">
<code_line>theorem final_comparison (ε : ℝ) (hε : 0 ≤ ε ∧ ε ≤ 1 / (89693 ^ 2 : ℝ)) : 1 + 3.01 * ε + 3.01 * ε ^ 2 + 1.01 * ε ^ 3 ≤ 1 + 3.37 * ε - 0.01 * ε ^ 2 := by simp</code_line>
<message>error: `simp` made no progress</message>
</error>

[2026-01-10 20:57:39] [INFO] Attempt 1 failed verification, continuing...
[2026-01-10 20:57:39] [INFO] ========================================
[2026-01-10 20:57:39] [INFO] Trying strategy: simp_all (up to 1 attempts)
[2026-01-10 20:57:39] [INFO] --------------------
[2026-01-10 20:57:39] [INFO] Strategy simp_all, attempt 1/1
[2026-01-10 20:57:39] [INFO] Starting proof generation...
[2026-01-10 20:57:39] [INFO] Repository path: /root/repo
[2026-01-10 20:57:39] [INFO] Proof generation completed
[2026-01-10 20:57:39] [INFO] Generated proof:
[2026-01-10 20:57:39] [INFO] simp_all
[2026-01-10 20:57:39] [INFO] Proof length: 8 chars
[2026-01-10 20:57:39] [INFO] Starting proof verification...
[2026-01-10 20:57:39] [INFO] Verifying at: PrimeNumberTheoremAnd/Lcm.lean:651
[2026-01-10 20:57:39] [INFO] Using LEAN INTERACT verify
[2026-01-10 20:57:39] [INFO] Checking file
[2026-01-10 20:57:46] [INFO] Cannot build modified file <error line="651" column="150">
<code_line>theorem final_comparison (ε : ℝ) (hε : 0 ≤ ε ∧ ε ≤ 1 / (89693 ^ 2 : ℝ)) : 1 + 3.01 * ε + 3.01 * ε ^ 2 + 1.01 * ε ^ 3 ≤ 1 + 3.37 * ε - 0.01 * ε ^ 2 := by simp_all</code_line>
<message>error: unsolved goals</message>
</error>
ε : ℝ
hε : 0 ≤ ε ∧ ε ≤ (89693 ^ 2)⁻¹
⊢ 1 + 3.01 * ε + 3.01 * ε ^ 2 + 1.01 * ε ^ 3 ≤ 1 + 3.37 * ε - 1e-2 * ε ^ 2
[2026-01-10 20:57:46] [INFO] Proof verification completed
[2026-01-10 20:57:46] [INFO] Strategy simp_all attempt 1: verified=False
[2026-01-10 20:57:46] [INFO] Verification message: Cannot build modified file: <error line="651" column="150">
<code_line>theorem final_comparison (ε : ℝ) (hε : 0 ≤ ε ∧ ε ≤ 1 / (89693 ^ 2 : ℝ)) : 1 + 3.01 * ε + 3.01 * ε ^ 2 + 1.01 * ε ^ 3 ≤ 1 + 3.37 * ε - 0.01 * ε ^ 2 := by simp_all</code_line>
<message>error: unsolved goals</message>
</error>
ε : ℝ
hε : 0 ≤ ε ∧ ε ≤ (89693 ^ 2)⁻¹
⊢ 1 + 3.01 * ε + 3.01 * ε ^ 2 + 1.01 * ε ^ 3 ≤ 1 + 3.37 * ε - 1e-2 * ε ^ 2

[2026-01-10 20:57:46] [INFO] Attempt 1 failed verification, continuing...
[2026-01-10 20:57:46] [INFO] ========================================
[2026-01-10 20:57:46] [INFO] Trying strategy: exact? (up to 1 attempts)
[2026-01-10 20:57:46] [INFO] --------------------
[2026-01-10 20:57:46] [INFO] Strategy exact?, attempt 1/1
[2026-01-10 20:57:46] [INFO] Starting proof generation...
[2026-01-10 20:57:46] [INFO] Repository path: /root/repo
[2026-01-10 20:57:46] [INFO] Proof generation completed
[2026-01-10 20:57:46] [INFO] Generated proof:
[2026-01-10 20:57:46] [INFO] exact?
[2026-01-10 20:57:46] [INFO] Proof length: 6 chars
[2026-01-10 20:57:46] [INFO] Starting proof verification...
[2026-01-10 20:57:46] [INFO] Verifying at: PrimeNumberTheoremAnd/Lcm.lean:651
[2026-01-10 20:57:46] [INFO] Using LEAN INTERACT verify
[2026-01-10 20:57:46] [INFO] Checking file
[2026-01-10 20:58:35] [INFO] Cannot build modified file <error line="651" column="153">
<code_line>theorem final_comparison (ε : ℝ) (hε : 0 ≤ ε ∧ ε ≤ 1 / (89693 ^ 2 : ℝ)) : 1 + 3.01 * ε + 3.01 * ε ^ 2 + 1.01 * ε ^ 3 ≤ 1 + 3.37 * ε - 0.01 * ε ^ 2 := by exact?</code_line>
<message>error: `exact?` could not close the goal. Try `apply?` to see partial suggestions.</message>
</error>
[2026-01-10 20:58:35] [INFO] Proof verification completed
[2026-01-10 20:58:35] [INFO] Strategy exact? attempt 1: verified=False
[2026-01-10 20:58:35] [INFO] Verification message: Cannot build modified file: <error line="651" column="153">
<code_line>theorem final_comparison (ε : ℝ) (hε : 0 ≤ ε ∧ ε ≤ 1 / (89693 ^ 2 : ℝ)) : 1 + 3.01 * ε + 3.01 * ε ^ 2 + 1.01 * ε ^ 3 ≤ 1 + 3.37 * ε - 0.01 * ε ^ 2 := by exact?</code_line>
<message>error: `exact?` could not close the goal. Try `apply?` to see partial suggestions.</message>
</error>

[2026-01-10 20:58:35] [INFO] Attempt 1 failed verification, continuing...
[2026-01-10 20:58:35] [INFO] ========================================
[2026-01-10 20:58:35] [INFO] Trying strategy: grind (up to 1 attempts)
[2026-01-10 20:58:35] [INFO] --------------------
[2026-01-10 20:58:35] [INFO] Strategy grind, attempt 1/1
[2026-01-10 20:58:35] [INFO] Starting proof generation...
[2026-01-10 20:58:35] [INFO] Repository path: /root/repo
[2026-01-10 20:58:35] [INFO] Proof generation completed
[2026-01-10 20:58:35] [INFO] Generated proof:
[2026-01-10 20:58:35] [INFO] grind
[2026-01-10 20:58:35] [INFO] Proof length: 5 chars
[2026-01-10 20:58:35] [INFO] Starting proof verification...
[2026-01-10 20:58:35] [INFO] Verifying at: PrimeNumberTheoremAnd/Lcm.lean:651
[2026-01-10 20:58:35] [INFO] Using LEAN INTERACT verify
[2026-01-10 20:58:35] [INFO] Checking file
[2026-01-10 20:58:44] [INFO] Cannot build modified file <error line="651" column="153">
<code_line>theorem final_comparison (ε : ℝ) (hε : 0 ≤ ε ∧ ε ≤ 1 / (89693 ^ 2 : ℝ)) : 1 + 3.01 * ε + 3.01 * ε ^ 2 + 1.01 * ε ^ 3 ≤ 1 + 3.37 * ε - 0.01 * ε ^ 2 := by grind</code_line>
<message>error: `grind` failed</message>
</error>
case grind.2
ε : ℝ
left : 0 ≤ ε
right : ε ≤ 1 * (89693 ^ 2)⁻¹
h : ¬1 + 3.01 * ε + 3.01 * ε ^ 2 + 1.01 * ε ^ 3 ≤ 1 + 3.37 * ε - 1e-2 * ε ^ 2
h_1 : ¬89693 ^ 2 = 0
⊢ False
[grind] Goal diagnostics
  [facts] Asserted facts
    [prop] 0 ≤ ε
    [prop] ε ≤ 1 * (89693 ^ 2)⁻¹
    [prop] if 89693 ^ 2 = 0 then (89693 ^ 2)⁻¹ = 0 else 89693 ^ 2 * (89693 ^ 2)⁻¹ = 1
    [prop] ¬1 + 3.01 * ε + 3.01 * ε ^ 2 + 1.01 * ε ^ 3 ≤ 1 + 3.37 * ε - 1e-2 * ε ^ 2
    [prop] ¬89693 ^ 2 = 0
  [eqc] True propositions
    [prop] (89692 + 1).AtLeastTwo
    [prop] 89693 ^ 2 * (89693 ^ 2)⁻¹ = 1
    [prop] ε ≤ 1 * (89693 ^ 2)⁻¹
    [prop] 0 ≤ ε
    [prop] if 89693 ^ 2 = 0 then (89693 ^ 2)⁻¹ = 0 else 89693 ^ 2 * (89693 ^ 2)⁻¹ = 1
  [eqc] False propositions
    [prop] 89693 ^ 2 = 0
    [prop] 1 + 3.01 * ε + 3.01 * ε ^ 2 + 1.01 * ε ^ 3 ≤ 1 + 3.37 * ε - 1e-2 * ε ^ 2
  [eqc] Equivalence classes
    [eqc] {1, 89693 ^ 2 * (89693 ^ 2)⁻¹}
  [cases] Case analyses
    [cases] [2/2]: if 89693 ^ 2 = 0 then (89693 ^ 2)⁻¹ = 0 else 89693 ^ 2 * (89693 ^ 2)⁻¹ = 1
      [cases] source: Initial goal
  [ematch] E-matching patterns
    [thm] Angle.coe_pi_add_coe_pi: [@HAdd.hAdd `[Angle] `[Angle] `[Angle] `[instHAdd] `[↑π] `[↑π]]
  [linarith] Linarith assignment for `ℝ`
    [assign] ε := 0
    [assign] π := 4
    [assign] 1e-2 := 28
    [assign] 1.01 := 21
    [assign] 3.01 := 17
    [assign] 3.37 := 26
    [assign] 「ε ^ 2」 := 19
    [assign] 「ε ^ 3」 := 22
    [assign] 「89693 ^ 2」 := 8
  [ring] Ring `ℝ`
    [basis] Basis
      [_] 8044834249 * (89693 ^ 2)⁻¹ + -1 = 0
[2026-01-10 20:58:44] [INFO] Proof verification completed
[2026-01-10 20:58:44] [INFO] Strategy grind attempt 1: verified=False
[2026-01-10 20:58:44] [INFO] Verification message: Cannot build modified file: <error line="651" column="153">
<code_line>theorem final_comparison (ε : ℝ) (hε : 0 ≤ ε ∧ ε ≤ 1 / (89693 ^ 2 : ℝ)) : 1 + 3.01 * ε + 3.01 * ε ^ 2 + 1.01 * ε ^ 3 ≤ 1 + 3.37 * ε - 0.01 * ε ^ 2 := by grind</code_line>
<message>error: `grind` failed</message>
</error>
case grind.2
ε : ℝ
left : 0 ≤ ε
right : ε ≤ 1 * (89693 ^ 2)⁻¹
h : ¬1 + 3.01 * ε + 3.01 * ε ^ 2 + 1.01 * ε ^ 3 ≤ 1 + 3.37 * ε - 1e-2 * ε ^ 2
h_1 : ¬89693 ^ 2 = 0
⊢ False
[grind] Goal diagnostics
  [facts] Asserted facts
    [prop] 0 ≤ ε
    [prop] ε ≤ 1 * (89693 ^ 2)⁻¹
    [prop] if 89693 ^ 2 = 0 then (89693 ^ 2)⁻¹ = 0 else 89693 ^ 2 * (89693 ^ 2)⁻¹ = 1
    [prop] ¬1 + 3.01 * ε + 3.01 * ε ^ 2 + 1.01 * ε ^ 3 ≤ 1 + 3.37 * ε - 1e-2 * ε ^ 2
    [prop] ¬89693 ^ 2 = 0
  [eqc] True propositions
    [prop] (89692 + 1).AtLeastTwo
    [prop] 89693 ^ 2 * (89693 ^ 2)⁻¹ = 1
    [prop] ε ≤ 1 * (89693 ^ 2)⁻¹
    [prop] 0 ≤ ε
    [prop] if 89693 ^ 2 = 0 then (89693 ^ 2)⁻¹ = 0 else 89693 ^ 2 * (89693 ^ 2)⁻¹ = 1
  [eqc] False propositions
    [prop] 89693 ^ 2 = 0
    [prop] 1 + 3.01 * ε + 3.01 * ε ^ 2 + 1.01 * ε ^ 3 ≤ 1 + 3.37 * ε - 1e-2 * ε ^ 2
  [eqc] Equivalence classes
    [eqc] {1, 89693 ^ 2 * (89693 ^ 2)⁻¹}
  [cases] Case analyses
    [cases] [2/2]: if 89693 ^ 2 = 0 then (89693 ^ 2)⁻¹ = 0 else 89693 ^ 2 * (89693 ^ 2)⁻¹ = 1
      [cases] source: Initial goal
  [ematch] E-matching patterns
    [thm] Angle.coe_pi_add_coe_pi: [@HAdd.hAdd `[Angle] `[Angle] `[Angle] `[instHAdd] `[↑π] `[↑π]]
  [linarith] Linarith assignment for `ℝ`
    [assign] ε := 0
    [assign] π := 4
    [assign] 1e-2 := 28
    [assign] 1.01 := 21
    [assign] 3.01 := 17
    [assign] 3.37 := 26
    [assign] 「ε ^ 2」 := 19
    [assign] 「ε ^ 3」 := 22
    [assign] 「89693 ^ 2」 := 8
  [ring] Ring `ℝ`
    [basis] Basis
      [_] 8044834249 * (89693 ^ 2)⁻¹ + -1 = 0

[2026-01-10 20:58:44] [INFO] Attempt 1 failed verification, continuing...
[2026-01-10 20:58:44] [INFO] ========================================
[2026-01-10 20:58:44] [INFO] Trying strategy: ring (up to 1 attempts)
[2026-01-10 20:58:44] [INFO] --------------------
[2026-01-10 20:58:44] [INFO] Strategy ring, attempt 1/1
[2026-01-10 20:58:44] [INFO] Starting proof generation...
[2026-01-10 20:58:44] [INFO] Repository path: /root/repo
[2026-01-10 20:58:44] [INFO] Proof generation completed
[2026-01-10 20:58:44] [INFO] Generated proof:
[2026-01-10 20:58:44] [INFO] ring
[2026-01-10 20:58:44] [INFO] Proof length: 4 chars
[2026-01-10 20:58:44] [INFO] Starting proof verification...
[2026-01-10 20:58:44] [INFO] Verifying at: PrimeNumberTheoremAnd/Lcm.lean:651
[2026-01-10 20:58:44] [INFO] Using LEAN INTERACT verify
[2026-01-10 20:58:44] [INFO] Checking file
[2026-01-10 20:58:52] [INFO] Cannot build modified file Try this:
  [apply] ring_nf
  
  The `ring` tactic failed to close the goal. Use `ring_nf` to obtain a normal form.
    
  Note that `ring` works primarily in *commutative* rings. If you have a noncommutative ring, abelian group or module, consider using `noncomm_ring`, `abel` or `module` instead.
<error line="651" column="150">
<code_line>theorem final_comparison (ε : ℝ) (hε : 0 ≤ ε ∧ ε ≤ 1 / (89693 ^ 2 : ℝ)) : 1 + 3.01 * ε + 3.01 * ε ^ 2 + 1.01 * ε ^ 3 ≤ 1 + 3.37 * ε - 0.01 * ε ^ 2 := by ring</code_line>
<message>error: unsolved goals</message>
</error>
ε : ℝ
hε : 0 ≤ ε ∧ ε ≤ 1 / 89693 ^ 2
⊢ 1 + ε * (301 / 100) + ε ^ 2 * (301 / 100) + ε ^ 3 * (101 / 100) ≤ 1 + ε * (337 / 100) + ε ^ 2 * (-1 / 100)
[2026-01-10 20:58:52] [INFO] Proof verification completed
[2026-01-10 20:58:52] [INFO] Strategy ring attempt 1: verified=False
[2026-01-10 20:58:52] [INFO] Verification message: Cannot build modified file: Try this:
  [apply] ring_nf
  
  The `ring` tactic failed to close the goal. Use `ring_nf` to obtain a normal form.
    
  Note that `ring` works primarily in *commutative* rings. If you have a noncommutative ring, abelian group or module, consider using `noncomm_ring`, `abel` or `module` instead.
<error line="651" column="150">
<code_line>theorem final_comparison (ε : ℝ) (hε : 0 ≤ ε ∧ ε ≤ 1 / (89693 ^ 2 : ℝ)) : 1 + 3.01 * ε + 3.01 * ε ^ 2 + 1.01 * ε ^ 3 ≤ 1 + 3.37 * ε - 0.01 * ε ^ 2 := by ring</code_line>
<message>error: unsolved goals</message>
</error>
ε : ℝ
hε : 0 ≤ ε ∧ ε ≤ 1 / 89693 ^ 2
⊢ 1 + ε * (301 / 100) + ε ^ 2 * (301 / 100) + ε ^ 3 * (101 / 100) ≤ 1 + ε * (337 / 100) + ε ^ 2 * (-1 / 100)

[2026-01-10 20:58:52] [INFO] Attempt 1 failed verification, continuing...
[2026-01-10 20:58:52] [INFO] ========================================
[2026-01-10 20:58:52] [INFO] Trying strategy: norm_num (up to 1 attempts)
[2026-01-10 20:58:52] [INFO] --------------------
[2026-01-10 20:58:52] [INFO] Strategy norm_num, attempt 1/1
[2026-01-10 20:58:52] [INFO] Starting proof generation...
[2026-01-10 20:58:52] [INFO] Repository path: /root/repo
[2026-01-10 20:58:52] [INFO] Proof generation completed
[2026-01-10 20:58:52] [INFO] Generated proof:
[2026-01-10 20:58:52] [INFO] norm_num
[2026-01-10 20:58:52] [INFO] Proof length: 8 chars
[2026-01-10 20:58:52] [INFO] Starting proof verification...
[2026-01-10 20:58:52] [INFO] Verifying at: PrimeNumberTheoremAnd/Lcm.lean:651
[2026-01-10 20:58:52] [INFO] Using LEAN INTERACT verify
[2026-01-10 20:58:52] [INFO] Checking file
[2026-01-10 20:59:01] [INFO] Cannot build modified file <error line="651" column="150">
<code_line>theorem final_comparison (ε : ℝ) (hε : 0 ≤ ε ∧ ε ≤ 1 / (89693 ^ 2 : ℝ)) : 1 + 3.01 * ε + 3.01 * ε ^ 2 + 1.01 * ε ^ 3 ≤ 1 + 3.37 * ε - 0.01 * ε ^ 2 := by norm_num</code_line>
<message>error: unsolved goals</message>
</error>
ε : ℝ
hε : 0 ≤ ε ∧ ε ≤ 1 / 89693 ^ 2
⊢ 1 + 301 / 100 * ε + 301 / 100 * ε ^ 2 + 101 / 100 * ε ^ 3 ≤ 1 + 337 / 100 * ε - 1 / 100 * ε ^ 2
[2026-01-10 20:59:01] [INFO] Proof verification completed
[2026-01-10 20:59:01] [INFO] Strategy norm_num attempt 1: verified=False
[2026-01-10 20:59:01] [INFO] Verification message: Cannot build modified file: <error line="651" column="150">
<code_line>theorem final_comparison (ε : ℝ) (hε : 0 ≤ ε ∧ ε ≤ 1 / (89693 ^ 2 : ℝ)) : 1 + 3.01 * ε + 3.01 * ε ^ 2 + 1.01 * ε ^ 3 ≤ 1 + 3.37 * ε - 0.01 * ε ^ 2 := by norm_num</code_line>
<message>error: unsolved goals</message>
</error>
ε : ℝ
hε : 0 ≤ ε ∧ ε ≤ 1 / 89693 ^ 2
⊢ 1 + 301 / 100 * ε + 301 / 100 * ε ^ 2 + 101 / 100 * ε ^ 3 ≤ 1 + 337 / 100 * ε - 1 / 100 * ε ^ 2

[2026-01-10 20:59:01] [INFO] Attempt 1 failed verification, continuing...
[2026-01-10 20:59:01] [INFO] ========================================
[2026-01-10 20:59:01] [INFO] Trying strategy: omega (up to 1 attempts)
[2026-01-10 20:59:01] [INFO] --------------------
[2026-01-10 20:59:01] [INFO] Strategy omega, attempt 1/1
[2026-01-10 20:59:01] [INFO] Starting proof generation...
[2026-01-10 20:59:01] [INFO] Repository path: /root/repo
[2026-01-10 20:59:01] [INFO] Proof generation completed
[2026-01-10 20:59:01] [INFO] Generated proof:
[2026-01-10 20:59:01] [INFO] omega
[2026-01-10 20:59:01] [INFO] Proof length: 5 chars
[2026-01-10 20:59:01] [INFO] Starting proof verification...
[2026-01-10 20:59:01] [INFO] Verifying at: PrimeNumberTheoremAnd/Lcm.lean:651
[2026-01-10 20:59:01] [INFO] Using LEAN INTERACT verify
[2026-01-10 20:59:01] [INFO] Checking file
[2026-01-10 20:59:07] [INFO] Cannot build modified file <error line="651" column="153">
<code_line>theorem final_comparison (ε : ℝ) (hε : 0 ≤ ε ∧ ε ≤ 1 / (89693 ^ 2 : ℝ)) : 1 + 3.01 * ε + 3.01 * ε ^ 2 + 1.01 * ε ^ 3 ≤ 1 + 3.37 * ε - 0.01 * ε ^ 2 := by omega</code_line>
<message>error: omega could not prove the goal:</message>
</error>
No usable constraints found. You may need to unfold definitions so `omega` can see linear arithmetic facts about `Nat` and `Int`, which may also involve multiplication, division, and modular remainder by constants.
[2026-01-10 20:59:07] [INFO] Proof verification completed
[2026-01-10 20:59:07] [INFO] Strategy omega attempt 1: verified=False
[2026-01-10 20:59:07] [INFO] Verification message: Cannot build modified file: <error line="651" column="153">
<code_line>theorem final_comparison (ε : ℝ) (hε : 0 ≤ ε ∧ ε ≤ 1 / (89693 ^ 2 : ℝ)) : 1 + 3.01 * ε + 3.01 * ε ^ 2 + 1.01 * ε ^ 3 ≤ 1 + 3.37 * ε - 0.01 * ε ^ 2 := by omega</code_line>
<message>error: omega could not prove the goal:</message>
</error>
No usable constraints found. You may need to unfold definitions so `omega` can see linear arithmetic facts about `Nat` and `Int`, which may also involve multiplication, division, and modular remainder by constants.

[2026-01-10 20:59:07] [INFO] Attempt 1 failed verification, continuing...
[2026-01-10 20:59:07] [INFO] ========================================
[2026-01-10 20:59:07] [INFO] Trying strategy: linarith (up to 1 attempts)
[2026-01-10 20:59:07] [INFO] --------------------
[2026-01-10 20:59:07] [INFO] Strategy linarith, attempt 1/1
[2026-01-10 20:59:07] [INFO] Starting proof generation...
[2026-01-10 20:59:07] [INFO] Repository path: /root/repo
[2026-01-10 20:59:07] [INFO] Proof generation completed
[2026-01-10 20:59:07] [INFO] Generated proof:
[2026-01-10 20:59:07] [INFO] linarith
[2026-01-10 20:59:07] [INFO] Proof length: 8 chars
[2026-01-10 20:59:07] [INFO] Starting proof verification...
[2026-01-10 20:59:07] [INFO] Verifying at: PrimeNumberTheoremAnd/Lcm.lean:651
[2026-01-10 20:59:07] [INFO] Using LEAN INTERACT verify
[2026-01-10 20:59:07] [INFO] Checking file
[2026-01-10 20:59:15] [INFO] Cannot build modified file <error line="651" column="153">
<code_line>theorem final_comparison (ε : ℝ) (hε : 0 ≤ ε ∧ ε ≤ 1 / (89693 ^ 2 : ℝ)) : 1 + 3.01 * ε + 3.01 * ε ^ 2 + 1.01 * ε ^ 3 ≤ 1 + 3.37 * ε - 0.01 * ε ^ 2 := by linarith</code_line>
<message>error: linarith failed to find a contradiction</message>
</error>
case h
ε : ℝ
hε : 0 ≤ ε ∧ ε ≤ 1 / 89693 ^ 2
a✝ : 1 + 3.37 * ε - 1e-2 * ε ^ 2 < 1 + 3.01 * ε + 3.01 * ε ^ 2 + 1.01 * ε ^ 3
⊢ False
failed
[2026-01-10 20:59:15] [INFO] Proof verification completed
[2026-01-10 20:59:15] [INFO] Strategy linarith attempt 1: verified=False
[2026-01-10 20:59:15] [INFO] Verification message: Cannot build modified file: <error line="651" column="153">
<code_line>theorem final_comparison (ε : ℝ) (hε : 0 ≤ ε ∧ ε ≤ 1 / (89693 ^ 2 : ℝ)) : 1 + 3.01 * ε + 3.01 * ε ^ 2 + 1.01 * ε ^ 3 ≤ 1 + 3.37 * ε - 0.01 * ε ^ 2 := by linarith</code_line>
<message>error: linarith failed to find a contradiction</message>
</error>
case h
ε : ℝ
hε : 0 ≤ ε ∧ ε ≤ 1 / 89693 ^ 2
a✝ : 1 + 3.37 * ε - 1e-2 * ε ^ 2 < 1 + 3.01 * ε + 3.01 * ε ^ 2 + 1.01 * ε ^ 3
⊢ False
failed

[2026-01-10 20:59:15] [INFO] Attempt 1 failed verification, continuing...
[2026-01-10 20:59:15] [INFO] ========================================
[2026-01-10 20:59:15] [INFO] Trying strategy: nlinarith (up to 1 attempts)
[2026-01-10 20:59:15] [INFO] --------------------
[2026-01-10 20:59:15] [INFO] Strategy nlinarith, attempt 1/1
[2026-01-10 20:59:15] [INFO] Starting proof generation...
[2026-01-10 20:59:15] [INFO] Repository path: /root/repo
[2026-01-10 20:59:15] [INFO] Proof generation completed
[2026-01-10 20:59:15] [INFO] Generated proof:
[2026-01-10 20:59:15] [INFO] nlinarith
[2026-01-10 20:59:15] [INFO] Proof length: 9 chars
[2026-01-10 20:59:15] [INFO] Starting proof verification...
[2026-01-10 20:59:15] [INFO] Verifying at: PrimeNumberTheoremAnd/Lcm.lean:651
[2026-01-10 20:59:15] [INFO] Using LEAN INTERACT verify
[2026-01-10 20:59:15] [INFO] Checking file
[2026-01-10 20:59:23] [INFO] Building REPL config
info: downloading https://releases.lean-lang.org/lean4/v4.21.0/lean-4.21.0-linux.tar.zst
error: could not download file from 'https://releases.lean-lang.org/lean4/v4.21.0/lean-4.21.0-linux.tar.zst' to '/root/.elan/tmp/s0rivzahyro4aynn_file'
info: caused by: error during download
info: caused by: [6] Could not resolve hostname (Could not resolve host: releases.lean-lang.org)
[2026-01-10 20:59:26] [ERROR] Error during execution: RuntimeError: Lean 4 build system (`lake`) failed with exit code 1.
stdout:
None

stderr:
None
[2026-01-10 20:59:26] [ERROR] Full traceback:
[2026-01-10 20:59:26] [ERROR] Traceback (most recent call last):
  File "/root/SorryDB/sorrydb/cli/run_morphcloud_local.py", line 324, in <module>
    proof_verified, error_msg = verify_lean_interact(
                                ^^^^^^^^^^^^^^^^^^^^^
  File "/root/SorryDB/sorrydb/utils/verify_lean_interact.py", line 88, in verify_lean_interact
    project = LocalProject(directory=str(repo_dir.resolve()))
              ^^^^^^^^^^^^^^^^^^^^^^^^^^^^^^^^^^^^^^^^^^^^^^^
  File "<string>", line 6, in __init__
  File "/root/.cache/pypoetry/virtualenvs/sorrydb-K-1wbk_P-py3.11/lib/python3.11/site-packages/lean_interact/project.py", line 128, in __post_init__
    super().__post_init__()
  File "/root/.cache/pypoetry/virtualenvs/sorrydb-K-1wbk_P-py3.11/lib/python3.11/site-packages/lean_interact/project.py", line 43, in __post_init__
    self.build()
  File "/root/.cache/pypoetry/virtualenvs/sorrydb-K-1wbk_P-py3.11/lib/python3.11/site-packages/lean_interact/project.py", line 66, in build
    check_lake(self.lake_path, verbose=verbose)
  File "/root/.cache/pypoetry/virtualenvs/sorrydb-K-1wbk_P-py3.11/lib/python3.11/site-packages/lean_interact/utils.py", line 108, in check_lake
    raise RuntimeError(
RuntimeError: Lean 4 build system (`lake`) failed with exit code 1.
stdout:
None

stderr:
None

[2026-01-10 20:59:26] [INFO] Error result created
[2026-01-10 20:59:26] [INFO] Writing results to file: /root/repo/result.json
[2026-01-10 20:59:26] [INFO] Result file written successfully
[2026-01-10 20:59:26] [INFO] Results exported to: /root/repo/result.json
[2026-01-10 20:59:26] [INFO] run_morphcloud_local.py completed successfully

[2026-01-10 20:59:27] [process_single_sorry] Downloading result file...
[2026-01-10 20:59:28] [process_single_sorry] Downloaded result to intermediate_experiment_outputs_full_reservoir/multi_tactic/2026-01-10_20-46-34_multi_tactic/individual/ab3a1faf7edcff9a8bd48c343884f33f9b588a8cc0a1f2f06598f9fc5e68aa53.json
[2026-01-10 20:59:31] [process_single_sorry] Instance context closed successfully
[2026-01-10 20:59:31] [process_single_sorry] Parsing result file...
[2026-01-10 20:59:31] [process_single_sorry] Successfully parsed result (list format, 1 results)
