[2026-01-10 21:46:09] [process_single_sorry] Starting for sorry b0f442b7436c4af097c4324aa2711ac9a06311c324e2e743e01749a6bfb809c7
[2026-01-10 21:46:09] [process_single_sorry] Using snapshot: snapshot_0bd6gn81
[2026-01-10 21:46:09] [process_single_sorry] Repository: https://github.com/PatrickMassot/GlimpseOfLean@38ee6e4afd371b18d831ae09244fcd223a1bc535
[2026-01-10 21:46:09] [process_single_sorry] Instance name: GlimpseOfLean_38ee6e4afd37_multi_tactic_b0f442b7436c4af097c4324aa2711ac9a06311c324e2e743e01749a6bfb809c7
[2026-01-10 21:46:09] [process_single_sorry] Starting attempt 1/3
[2026-01-10 21:46:09] [process_single_sorry] Starting instance from snapshot...
[2026-01-10 21:46:09] [process_single_sorry] Instance started successfully: morphvm_6weu8wer
[2026-01-10 21:46:09] [process_single_sorry] Creating .env file...
[2026-01-10 21:46:14] [process_single_sorry] .env file created (exit_code: 0)
[2026-01-10 21:46:14] [process_single_sorry] Executing agent command...
[2026-01-10 21:47:39] [process_single_sorry] Agent command completed (exit_code: 0)
[2026-01-10 21:47:39] [process_single_sorry] STDOUT:
Lake version 5.0.0-6741444 (Lean version 4.21.0)
Current branch: HEAD
Using cache from origin: leanprover-community/mathlib4
No files to download
Decompressing 7067 file(s)
Unpacked in 1324 ms
Completed successfully!
ℹ [3053/3086] Replayed GlimpseOfLean.Solutions.Shorter
info: GlimpseOfLean/Solutions/Shorter.lean:529:33: Try this: exact le_of_lt ε_pos
info: GlimpseOfLean/Solutions/Shorter.lean:551:22: Try this: exact half_pos ε_pos
info: GlimpseOfLean/Solutions/Shorter.lean:552:22: Try this: exact half_pos ε_pos
info: GlimpseOfLean/Solutions/Shorter.lean:561:60: Try this: exact abs_add_le (u n - l) (v n - l')
info: GlimpseOfLean/Solutions/Shorter.lean:606:22: Try this: exact half_pos ε_pos
info: GlimpseOfLean/Solutions/Shorter.lean:607:23: Try this: exact half_pos ε_pos
info: GlimpseOfLean/Solutions/Shorter.lean:609:62: Try this: exact abs_sub_le l (u (max N N')) l'
info: GlimpseOfLean/Solutions/Shorter.lean:610:71: Try this: exact abs_sub_comm l (u (max N N'))
info: GlimpseOfLean/Solutions/Shorter.lean:611:49: Try this: exact Nat.le_max_left N N'
info: GlimpseOfLean/Solutions/Shorter.lean:611:68: Try this: exact Nat.le_max_right N N'
info: GlimpseOfLean/Solutions/Shorter.lean:639:13: Try this: exact Nat.zero_le (φ 0)
info: GlimpseOfLean/Solutions/Shorter.lean:642:42: Try this: exact lt_add_one n
info: GlimpseOfLean/Solutions/Shorter.lean:658:2: Try this: exact Nat.le_max_right N N'
info: GlimpseOfLean/Solutions/Shorter.lean:660:23: Try this: exact Nat.le_max_left N N'
info: GlimpseOfLean/Solutions/Shorter.lean:661:27: Try this: exact id_le_extraction' h (max N N')
info: GlimpseOfLean/Solutions/Shorter.lean:694:16: Try this: exact hn
info: GlimpseOfLean/Solutions/Shorter.lean:704:2: Try this: exact subseq_tendsto_of_tendsto' hl φ_extr
info: GlimpseOfLean/Solutions/Shorter.lean:717:24: Try this: exact half_pos ε_pos
info: GlimpseOfLean/Solutions/Shorter.lean:722:36: Try this: exact abs_add_le (u p - l) (l - u q)
info: GlimpseOfLean/Solutions/Shorter.lean:723:45: Try this: exact abs_sub_comm l (u q)
info: GlimpseOfLean/Solutions/Shorter.lean:724:32: Try this: exact hN p hp
info: GlimpseOfLean/Solutions/Shorter.lean:724:40: Try this: exact hN q hq
ℹ [3060/3086] Replayed GlimpseOfLean.Solutions.Topics.RingTheory
info: GlimpseOfLean/Solutions/Topics/RingTheory.lean:389:0: Finset.mem_insert_of_mem.{u_1} {α : Type u_1} [DecidableEq α] {s : Finset α} {a b : α} (h : a ∈ s) : a ∈ insert b s
info: GlimpseOfLean/Solutions/Topics/RingTheory.lean:391:0: Finset.mem_insert_self.{u_1} {α : Type u_1} [DecidableEq α] (a : α) (s : Finset α) : a ∈ insert a s
Build completed successfully.
[21:47:15] INFO     Updated version-specific REPL cache to commit  config.py:388
                    01f47235d43c9e04251ab0ecf3312a28c267b438                    

Results JSON:
[
  {
    "sorry": {
      "repo": {
        "remote": "https://github.com/PatrickMassot/GlimpseOfLean",
        "branch": "master",
        "commit": "38ee6e4afd371b18d831ae09244fcd223a1bc535",
        "lean_version": "v4.22.0"
      },
      "location": {
        "path": "GlimpseOfLean/Exercises/Topics/RingTheory.lean",
        "start_line": 346,
        "start_column": 6,
        "end_line": 346,
        "end_column": 11
      },
      "debug_info": {
        "goal": "case empty\nR : Type u_1\ninst✝ : CommRing R\nι : Type\nI : Ideal R\nJ : ι → Ideal R\n⊢ (∀ j ∈ ∅, I + J j = 1) → I + ⨅ j ∈ ∅, J j = 1",
        "url": "https://github.com/PatrickMassot/GlimpseOfLean/blob/38ee6e4afd371b18d831ae09244fcd223a1bc535/GlimpseOfLean/Exercises/Topics/RingTheory.lean#L346"
      },
      "metadata": {
        "blame_email_hash": "c28576c1d1dd",
        "blame_date": "2025-04-20T11:35:58+02:00",
        "inclusion_date": "2025-12-29T17:37:45.814119+00:00"
      },
      "id": "b0f442b7436c4af097c4324aa2711ac9a06311c324e2e743e01749a6bfb809c7"
    },
    "proof": "simp",
    "proof_verified": true,
    "feedback": null,
    "verification_message": "Proof verified successfully",
    "success": true,
    "error_type": null,
    "error_message": null,
    "strategy_name": "simp",
    "proof_attempts": null
  }
]

[2026-01-10 21:47:39] [process_single_sorry] STDERR:
None of PyTorch, TensorFlow >= 2.0, or Flax have been found. Models won't be available and only tokenizers, configuration and file/data utilities can be used.
[2026-01-10 21:46:24] [INFO] ================================================================================
[2026-01-10 21:46:24] [INFO] Starting run_morphcloud_local.py
[2026-01-10 21:46:24] [INFO] ================================================================================
[2026-01-10 21:46:24] [INFO] Environment loaded
[2026-01-10 21:46:24] [INFO] Full command: /root/SorryDB/sorrydb/cli/run_morphcloud_local.py --repo-path /root/repo --sorry-json {"repo": {"remote": "https://github.com/PatrickMassot/GlimpseOfLean", "branch": "master", "commit": "38ee6e4afd371b18d831ae09244fcd223a1bc535", "lean_version": "v4.22.0"}, "location": {"path": "GlimpseOfLean/Exercises/Topics/RingTheory.lean", "start_line": 346, "start_column": 6, "end_line": 346, "end_column": 11}, "debug_info": {"goal": "case empty\nR : Type u_1\ninst\u271d : CommRing R\n\u03b9 : Type\nI : Ideal R\nJ : \u03b9 \u2192 Ideal R\n\u22a2 (\u2200 j \u2208 \u2205, I + J j = 1) \u2192 I + \u2a05 j \u2208 \u2205, J j = 1", "url": "https://github.com/PatrickMassot/GlimpseOfLean/blob/38ee6e4afd371b18d831ae09244fcd223a1bc535/GlimpseOfLean/Exercises/Topics/RingTheory.lean#L346"}, "metadata": {"blame_email_hash": "c28576c1d1dd", "blame_date": "2025-04-20T11:35:58+02:00", "inclusion_date": "2025-12-29T17:37:45.814119+00:00"}, "id": "b0f442b7436c4af097c4324aa2711ac9a06311c324e2e743e01749a6bfb809c7"} --agent-strategy {"name": "multi_tactic", "args": {}}
[2026-01-10 21:46:24] [INFO] Arguments parsed: repo_path=/root/repo, output_path=/root/repo/result.json
[2026-01-10 21:46:24] [INFO] Strategy spec: {"name": "multi_tactic", "args": {}}...
[2026-01-10 21:46:24] [INFO] Loading sorry data...
[2026-01-10 21:46:24] [INFO] Parsing sorry from JSON string...
[2026-01-10 21:46:24] [INFO] Sorry data parsed from JSON string
[2026-01-10 21:46:24] [INFO] Creating strategy from spec...
[2026-01-10 21:46:24] [INFO] Parsing strategy spec (length: 36 chars)
[2026-01-10 21:46:24] [INFO] Strategy name: multi_tactic
[2026-01-10 21:46:24] [INFO] Strategy args: {}
[2026-01-10 21:46:24] [INFO] Pass@k value: 1
[2026-01-10 21:46:24] [INFO] Creating strategy: multi_tactic
[2026-01-10 21:46:24] [INFO] Creating multi_tactic strategy with tactics: ['rfl', 'simp', 'simp_all', 'exact?', 'grind', 'ring', 'norm_num', 'omega', 'linarith', 'nlinarith', 'aesop']
[2026-01-10 21:46:24] [INFO] Strategies created: ['rfl', 'simp', 'simp_all', 'exact?', 'grind', 'ring', 'norm_num', 'omega', 'linarith', 'nlinarith', 'aesop']
[2026-01-10 21:46:24] [INFO] Pass@k value: 1
[2026-01-10 21:46:24] [INFO] Creating Sorry object...
[2026-01-10 21:46:24] [INFO] Sorry object created: id=b0f442b7436c4af097c4324aa2711ac9a06311c324e2e743e01749a6bfb809c7
[2026-01-10 21:46:24] [INFO] Sorry location: GlimpseOfLean/Exercises/Topics/RingTheory.lean:346
[2026-01-10 21:46:24] [INFO] Context before sorry (lines 341-346):
[2026-01-10 21:46:24] [INFO]   341: 
[2026-01-10 21:46:24] [INFO]   342: lemma coprime_iInf_of_coprime {I : Ideal R} {J : ι → Ideal R} {s : Finset ι} :
[2026-01-10 21:46:24] [INFO]   343:     (∀ j ∈ s, I + J j = 1) → I + (⨅ j ∈ s, J j) = 1 := by
[2026-01-10 21:46:24] [INFO]   344:   induction s using Finset.induction with
[2026-01-10 21:46:24] [INFO]   345:   | empty =>
[2026-01-10 21:46:24] [INFO]   346:       sorry
[2026-01-10 21:46:24] [INFO] Sorry line:       sorry
[2026-01-10 21:46:24] [INFO] Sorry goal: case empty
R : Type u_1
inst✝ : CommRing R
ι : Type
I : Ideal R
J : ι → Ideal R
⊢ (∀ j ∈ ∅, I + J j ...
[2026-01-10 21:46:24] [INFO] ========================================
[2026-01-10 21:46:24] [INFO] Trying strategy: rfl (up to 1 attempts)
[2026-01-10 21:46:24] [INFO] --------------------
[2026-01-10 21:46:24] [INFO] Strategy rfl, attempt 1/1
[2026-01-10 21:46:24] [INFO] Starting proof generation...
[2026-01-10 21:46:24] [INFO] Repository path: /root/repo
[2026-01-10 21:46:24] [INFO] Proof generation completed
[2026-01-10 21:46:24] [INFO] Generated proof:
[2026-01-10 21:46:24] [INFO] rfl
[2026-01-10 21:46:24] [INFO] Proof length: 3 chars
[2026-01-10 21:46:24] [INFO] Starting proof verification...
[2026-01-10 21:46:24] [INFO] Verifying at: GlimpseOfLean/Exercises/Topics/RingTheory.lean:346
[2026-01-10 21:46:24] [INFO] Using LEAN INTERACT verify
[2026-01-10 21:46:24] [INFO] Checking file
[2026-01-10 21:46:33] [INFO] Cannot build modified file Finset.mem_insert_of_mem.{u_1} {α : Type u_1} [DecidableEq α] {s : Finset α} {a b : α} (h : a ∈ s) : a ∈ insert b s
Finset.mem_insert_self.{u_1} {α : Type u_1} [DecidableEq α] (a : α) (s : Finset α) : a ∈ insert a s
<error line="346" column="6">
<code_line>      rfl</code_line>
<message>error: tactic 'rfl' failed, expected goal to be a binary relation</message>
</error>
case empty
R : Type u_1
inst✝ : CommRing R
ι : Type
I : Ideal R
J : ι → Ideal R
⊢ (∀ j ∈ ∅, I + J j = 1) → I + ⨅ j ∈ ∅, J j = 1
[2026-01-10 21:46:33] [INFO] Proof verification completed
[2026-01-10 21:46:33] [INFO] Strategy rfl attempt 1: verified=False
[2026-01-10 21:46:33] [INFO] Verification message: Cannot build modified file: Finset.mem_insert_of_mem.{u_1} {α : Type u_1} [DecidableEq α] {s : Finset α} {a b : α} (h : a ∈ s) : a ∈ insert b s
Finset.mem_insert_self.{u_1} {α : Type u_1} [DecidableEq α] (a : α) (s : Finset α) : a ∈ insert a s
<error line="346" column="6">
<code_line>      rfl</code_line>
<message>error: tactic 'rfl' failed, expected goal to be a binary relation</message>
</error>
case empty
R : Type u_1
inst✝ : CommRing R
ι : Type
I : Ideal R
J : ι → Ideal R
⊢ (∀ j ∈ ∅, I + J j = 1) → I + ⨅ j ∈ ∅, J j = 1

[2026-01-10 21:46:33] [INFO] Attempt 1 failed verification, continuing...
[2026-01-10 21:46:33] [INFO] ========================================
[2026-01-10 21:46:33] [INFO] Trying strategy: simp (up to 1 attempts)
[2026-01-10 21:46:33] [INFO] --------------------
[2026-01-10 21:46:33] [INFO] Strategy simp, attempt 1/1
[2026-01-10 21:46:33] [INFO] Starting proof generation...
[2026-01-10 21:46:33] [INFO] Repository path: /root/repo
[2026-01-10 21:46:33] [INFO] Proof generation completed
[2026-01-10 21:46:33] [INFO] Generated proof:
[2026-01-10 21:46:33] [INFO] simp
[2026-01-10 21:46:33] [INFO] Proof length: 4 chars
[2026-01-10 21:46:33] [INFO] Starting proof verification...
[2026-01-10 21:46:33] [INFO] Verifying at: GlimpseOfLean/Exercises/Topics/RingTheory.lean:346
[2026-01-10 21:46:33] [INFO] Using LEAN INTERACT verify
[2026-01-10 21:46:33] [INFO] Checking file
[2026-01-10 21:46:36] [INFO] Building REPL config
info: downloading https://releases.lean-lang.org/lean4/v4.21.0/lean-4.21.0-linux.tar.zst
info: installing /root/.elan/toolchains/leanprover--lean4---v4.21.0
[2026-01-10 21:47:15] [INFO] Updated version-specific REPL cache to commit 01f47235d43c9e04251ab0ecf3312a28c267b438
[2026-01-10 21:47:33] [INFO] Creating Lean server
[2026-01-10 21:47:33] [INFO] Reading original file with timeout 180
[2026-01-10 21:47:38] [INFO] Received response from original file
[2026-01-10 21:47:38] [INFO] Reading modified file
[2026-01-10 21:47:38] [INFO] Proof verified (using LeanInteract)
[2026-01-10 21:47:39] [INFO] Proof verification completed
[2026-01-10 21:47:39] [INFO] Strategy simp attempt 1: verified=True
[2026-01-10 21:47:39] [INFO] Verification message: Proof verified successfully
[2026-01-10 21:47:39] [INFO] SUCCESS! Proof verified on attempt 1
[2026-01-10 21:47:39] [INFO] ========================================
[2026-01-10 21:47:39] [INFO] Pass@k completed. Total results: 1
[2026-01-10 21:47:39] [INFO] SUCCESS: simp
[2026-01-10 21:47:39] [INFO] Writing results to file: /root/repo/result.json
[2026-01-10 21:47:39] [INFO] Result file written successfully
[2026-01-10 21:47:39] [INFO] Results exported to: /root/repo/result.json
[2026-01-10 21:47:39] [INFO] run_morphcloud_local.py completed successfully

[2026-01-10 21:47:39] [process_single_sorry] Downloading result file...
[2026-01-10 21:47:40] [process_single_sorry] Downloaded result to intermediate_experiment_outputs_full_reservoir/multi_tactic/2026-01-10_20-46-34_multi_tactic/individual/b0f442b7436c4af097c4324aa2711ac9a06311c324e2e743e01749a6bfb809c7.json
[2026-01-10 21:47:42] [process_single_sorry] Instance context closed successfully
[2026-01-10 21:47:42] [process_single_sorry] Parsing result file...
[2026-01-10 21:47:42] [process_single_sorry] Successfully parsed result (list format, 1 results)
