[2026-01-10 23:31:34] [process_single_sorry] Starting for sorry b7e4598424a0cfeb7c163bed94165a5c0e31a18d671eafe3d067b86ffee6b2fc
[2026-01-10 23:31:34] [process_single_sorry] Using snapshot: snapshot_36f1rk14
[2026-01-10 23:31:34] [process_single_sorry] Repository: https://github.com/m4lvin/lean4-pdl@6f9009d2561a5d7528f84992efbffb948820719c
[2026-01-10 23:31:34] [process_single_sorry] Instance name: lean4-pdl_6f9009d2561a_multi_tactic_b7e4598424a0cfeb7c163bed94165a5c0e31a18d671eafe3d067b86ffee6b2fc
[2026-01-10 23:31:34] [process_single_sorry] Starting attempt 1/3
[2026-01-10 23:31:34] [process_single_sorry] Starting instance from snapshot...
[2026-01-10 23:31:34] [process_single_sorry] Instance started successfully: morphvm_xljaswwl
[2026-01-10 23:31:34] [process_single_sorry] Creating .env file...
[2026-01-10 23:31:38] [process_single_sorry] .env file created (exit_code: 0)
[2026-01-10 23:31:38] [process_single_sorry] Executing agent command...
[2026-01-10 23:36:45] [process_single_sorry] Agent command completed (exit_code: 0)
[2026-01-10 23:36:45] [process_single_sorry] STDOUT:

Results JSON:
[
  {
    "sorry": {
      "repo": {
        "remote": "https://github.com/m4lvin/lean4-pdl",
        "branch": "simp-suggestion-incomplete",
        "commit": "6f9009d2561a5d7528f84992efbffb948820719c",
        "lean_version": "v4.27.0-rc1"
      },
      "location": {
        "path": "Pdl/PartInterpolation.lean",
        "start_line": 717,
        "start_column": 10,
        "end_line": 717,
        "end_column": 15
      },
      "debug_info": {
        "goal": "case some.inl\nHist : History\nL R : List Formula\nnlf : NegLoadFormula\nnbas : ¬Sequent.basic (L, R, some (Sum.inl nlf))\nlt : LocalTableau (L, R, some (Sum.inl nlf))\nnrep : ¬rep Hist (L, R, some (Sum.inl nlf))\nnext : (Y : Sequent) → Y ∈ endNodesOf lt → Tableau ((L, R, some (Sum.inl nlf)) :: Hist) Y\nLY RY : List Formula\nnlfY : NegLoadFormula\nY_in : (LY, RY, some (Sum.inl nlfY)) ∈ endNodesOf lt.flip.flip\nYf_in : Sequent.flip (LY, RY, some (Sum.inl nlfY)) ∈ endNodesOf lt.flip\ne :\n  PathIn\n    (⋯ ▸\n      (next\n          (match Sequent.flip (LY, RY, some (Sum.inl nlfY)) with\n          | (L, R, O) => (R, L, Option.map Sum.swap O))\n          ⋯).flip)\ne_in :\n  e ∈\n    exitsOf ((R, L, some (Sum.inr nlf)) :: List.map Sequent.flip Hist) (Sequent.flip (LY, RY, some (Sum.inl nlfY)))\n      (⋯ ▸\n        (next\n            (match Sequent.flip (LY, RY, some (Sum.inl nlfY)) with\n            | (L, R, O) => (R, L, Option.map Sum.swap O))\n            ⋯).flip)\n⊢ ∃ a,\n    ∃ (h : a ∈ endNodesOf lt),\n      ∃ a_1 ∈ exitsOf ((L, R, some (Sum.inl nlf)) :: Hist) a (next a ⋯), PathIn.loc ⋯ a_1 = ⋯ ▸ (PathIn.loc ⋯ e).flip",
        "url": "https://github.com/m4lvin/lean4-pdl/blob/6f9009d2561a5d7528f84992efbffb948820719c/Pdl/PartInterpolation.lean#L717"
      },
      "metadata": {
        "blame_email_hash": "f9cc4b9ec8ec",
        "blame_date": "2025-11-18T21:48:45+01:00",
        "inclusion_date": "2025-12-30T16:27:55.182108+00:00"
      },
      "id": "b7e4598424a0cfeb7c163bed94165a5c0e31a18d671eafe3d067b86ffee6b2fc"
    },
    "proof": null,
    "proof_verified": false,
    "feedback": null,
    "verification_message": "All 11 attempts failed (11 strategies x 1 attempts each)",
    "success": true,
    "error_type": null,
    "error_message": null,
    "strategy_name": "all_failed_k=1",
    "proof_attempts": [
      "rfl",
      "simp",
      "simp_all",
      "exact?",
      "grind",
      "ring",
      "norm_num",
      "omega",
      "linarith",
      "nlinarith",
      "aesop"
    ]
  }
]

[2026-01-10 23:36:45] [process_single_sorry] STDERR:
None of PyTorch, TensorFlow >= 2.0, or Flax have been found. Models won't be available and only tokenizers, configuration and file/data utilities can be used.
[2026-01-10 23:31:51] [INFO] ================================================================================
[2026-01-10 23:31:51] [INFO] Starting run_morphcloud_local.py
[2026-01-10 23:31:51] [INFO] ================================================================================
[2026-01-10 23:31:51] [INFO] Environment loaded
[2026-01-10 23:31:51] [INFO] Full command: /root/SorryDB/sorrydb/cli/run_morphcloud_local.py --repo-path /root/repo --sorry-json {"repo": {"remote": "https://github.com/m4lvin/lean4-pdl", "branch": "simp-suggestion-incomplete", "commit": "6f9009d2561a5d7528f84992efbffb948820719c", "lean_version": "v4.27.0-rc1"}, "location": {"path": "Pdl/PartInterpolation.lean", "start_line": 717, "start_column": 10, "end_line": 717, "end_column": 15}, "debug_info": {"goal": "case some.inl\nHist : History\nL R : List Formula\nnlf : NegLoadFormula\nnbas : \u00acSequent.basic (L, R, some (Sum.inl nlf))\nlt : LocalTableau (L, R, some (Sum.inl nlf))\nnrep : \u00acrep Hist (L, R, some (Sum.inl nlf))\nnext : (Y : Sequent) \u2192 Y \u2208 endNodesOf lt \u2192 Tableau ((L, R, some (Sum.inl nlf)) :: Hist) Y\nLY RY : List Formula\nnlfY : NegLoadFormula\nY_in : (LY, RY, some (Sum.inl nlfY)) \u2208 endNodesOf lt.flip.flip\nYf_in : Sequent.flip (LY, RY, some (Sum.inl nlfY)) \u2208 endNodesOf lt.flip\ne :\n  PathIn\n    (\u22ef \u25b8\n      (next\n          (match Sequent.flip (LY, RY, some (Sum.inl nlfY)) with\n          | (L, R, O) => (R, L, Option.map Sum.swap O))\n          \u22ef).flip)\ne_in :\n  e \u2208\n    exitsOf ((R, L, some (Sum.inr nlf)) :: List.map Sequent.flip Hist) (Sequent.flip (LY, RY, some (Sum.inl nlfY)))\n      (\u22ef \u25b8\n        (next\n            (match Sequent.flip (LY, RY, some (Sum.inl nlfY)) with\n            | (L, R, O) => (R, L, Option.map Sum.swap O))\n            \u22ef).flip)\n\u22a2 \u2203 a,\n    \u2203 (h : a \u2208 endNodesOf lt),\n      \u2203 a_1 \u2208 exitsOf ((L, R, some (Sum.inl nlf)) :: Hist) a (next a \u22ef), PathIn.loc \u22ef a_1 = \u22ef \u25b8 (PathIn.loc \u22ef e).flip", "url": "https://github.com/m4lvin/lean4-pdl/blob/6f9009d2561a5d7528f84992efbffb948820719c/Pdl/PartInterpolation.lean#L717"}, "metadata": {"blame_email_hash": "f9cc4b9ec8ec", "blame_date": "2025-11-18T21:48:45+01:00", "inclusion_date": "2025-12-30T16:27:55.182108+00:00"}, "id": "b7e4598424a0cfeb7c163bed94165a5c0e31a18d671eafe3d067b86ffee6b2fc"} --agent-strategy {"name": "multi_tactic", "args": {}}
[2026-01-10 23:31:51] [INFO] Arguments parsed: repo_path=/root/repo, output_path=/root/repo/result.json
[2026-01-10 23:31:51] [INFO] Strategy spec: {"name": "multi_tactic", "args": {}}...
[2026-01-10 23:31:51] [INFO] Loading sorry data...
[2026-01-10 23:31:51] [INFO] Parsing sorry from JSON string...
[2026-01-10 23:31:51] [INFO] Sorry data parsed from JSON string
[2026-01-10 23:31:51] [INFO] Creating strategy from spec...
[2026-01-10 23:31:51] [INFO] Parsing strategy spec (length: 36 chars)
[2026-01-10 23:31:51] [INFO] Strategy name: multi_tactic
[2026-01-10 23:31:51] [INFO] Strategy args: {}
[2026-01-10 23:31:51] [INFO] Pass@k value: 1
[2026-01-10 23:31:51] [INFO] Creating strategy: multi_tactic
[2026-01-10 23:31:51] [INFO] Creating multi_tactic strategy with tactics: ['rfl', 'simp', 'simp_all', 'exact?', 'grind', 'ring', 'norm_num', 'omega', 'linarith', 'nlinarith', 'aesop']
[2026-01-10 23:31:51] [INFO] Strategies created: ['rfl', 'simp', 'simp_all', 'exact?', 'grind', 'ring', 'norm_num', 'omega', 'linarith', 'nlinarith', 'aesop']
[2026-01-10 23:31:51] [INFO] Pass@k value: 1
[2026-01-10 23:31:51] [INFO] Creating Sorry object...
[2026-01-10 23:31:51] [INFO] Sorry object created: id=b7e4598424a0cfeb7c163bed94165a5c0e31a18d671eafe3d067b86ffee6b2fc
[2026-01-10 23:31:51] [INFO] Sorry location: Pdl/PartInterpolation.lean:717
[2026-01-10 23:31:51] [INFO] Context before sorry (lines 712-717):
[2026-01-10 23:31:51] [INFO]   712:           unfold PathIn.flip; simp
[2026-01-10 23:31:51] [INFO]   713:           unfold PathIn.flip; simp
[2026-01-10 23:31:51] [INFO]   714:           -- TODO: Lemma about .loc .nil and cast?
[2026-01-10 23:31:51] [INFO]   715:           sorry
[2026-01-10 23:31:51] [INFO]   716:       · rcases lr_nlf_Y with (nlfY|nlfY)
[2026-01-10 23:31:51] [INFO]   717:         · sorry -- analogous later?
[2026-01-10 23:31:51] [INFO] Sorry line:         · sorry -- analogous later?
[2026-01-10 23:31:51] [INFO] Sorry goal: case some.inl
Hist : History
L R : List Formula
nlf : NegLoadFormula
nbas : ¬Sequent.basic (L, R, so...
[2026-01-10 23:31:51] [INFO] ========================================
[2026-01-10 23:31:51] [INFO] Trying strategy: rfl (up to 1 attempts)
[2026-01-10 23:31:51] [INFO] --------------------
[2026-01-10 23:31:51] [INFO] Strategy rfl, attempt 1/1
[2026-01-10 23:31:51] [INFO] Starting proof generation...
[2026-01-10 23:31:51] [INFO] Repository path: /root/repo
[2026-01-10 23:31:51] [INFO] Proof generation completed
[2026-01-10 23:31:51] [INFO] Generated proof:
[2026-01-10 23:31:51] [INFO] rfl
[2026-01-10 23:31:51] [INFO] Proof length: 3 chars
[2026-01-10 23:31:51] [INFO] Starting proof verification...
[2026-01-10 23:31:51] [INFO] Verifying at: Pdl/PartInterpolation.lean:717
[2026-01-10 23:31:51] [INFO] Using LEAN INTERACT verify
[2026-01-10 23:31:51] [INFO] Checking file
[2026-01-10 23:32:29] [INFO] Cannot build modified file <error line="717" column="10">
<code_line>        · rfl -- analogous later?</code_line>
<message>error: Tactic `rfl` failed: The left-hand side</message>
</error>
  Sequent
is not definitionally equal to the right-hand side
  fun a => ∃ (h : a ∈ endNodesOf lt), ∃ a_1 ∈ exitsOf (next a ⋯), PathIn.loc ⋯ a_1 = ⋯ ▸ (PathIn.loc ⋯ e).flip

case some.inl
Hist : History
L R : List Formula
nlf : NegLoadFormula
nbas : ¬Sequent.basic (L, R, some (Sum.inl nlf))
lt : LocalTableau (L, R, some (Sum.inl nlf))
nrep : ¬rep Hist (L, R, some (Sum.inl nlf))
next : (Y : Sequent) → Y ∈ endNodesOf lt → Tableau ((L, R, some (Sum.inl nlf)) :: Hist) Y
LY RY : List Formula
nlfY : NegLoadFormula
Y_in : (LY, RY, some (Sum.inl nlfY)) ∈ endNodesOf lt.flip.flip
Yf_in : Sequent.flip (LY, RY, some (Sum.inl nlfY)) ∈ endNodesOf lt.flip
e :
  PathIn
    (⋯ ▸
      (next
          (match Sequent.flip (LY, RY, some (Sum.inl nlfY)) with
          | (L, R, O) => (R, L, Option.map Sum.swap O))
          ⋯).flip)
e_in :
  e ∈
    exitsOf
      (⋯ ▸
        (next
            (match Sequent.flip (LY, RY, some (Sum.inl nlfY)) with
            | (L, R, O) => (R, L, Option.map Sum.swap O))
            ⋯).flip)
⊢ ∃ a, ∃ (h : a ∈ endNodesOf lt), ∃ a_1 ∈ exitsOf (next a ⋯), PathIn.loc ⋯ a_1 = ⋯ ▸ (PathIn.loc ⋯ e).flip
[2026-01-10 23:32:29] [INFO] Proof verification completed
[2026-01-10 23:32:29] [INFO] Strategy rfl attempt 1: verified=False
[2026-01-10 23:32:29] [INFO] Verification message: Cannot build modified file: <error line="717" column="10">
<code_line>        · rfl -- analogous later?</code_line>
<message>error: Tactic `rfl` failed: The left-hand side</message>
</error>
  Sequent
is not definitionally equal to the right-hand side
  fun a => ∃ (h : a ∈ endNodesOf lt), ∃ a_1 ∈ exitsOf (next a ⋯), PathIn.loc ⋯ a_1 = ⋯ ▸ (PathIn.loc ⋯ e).flip

case some.inl
Hist : History
L R : List Formula
nlf : NegLoadFormula
nbas : ¬Sequent.basic (L, R, some (Sum.inl nlf))
lt : LocalTableau (L, R, some (Sum.inl nlf))
nrep : ¬rep Hist (L, R, some (Sum.inl nlf))
next : (Y : Sequent) → Y ∈ endNodesOf lt → Tableau ((L, R, some (Sum.inl nlf)) :: Hist) Y
LY RY : List Formula
nlfY : NegLoadFormula
Y_in : (LY, RY, some (Sum.inl nlfY)) ∈ endNodesOf lt.flip.flip
Yf_in : Sequent.flip (LY, RY, some (Sum.inl nlfY)) ∈ endNodesOf lt.flip
e :
  PathIn
    (⋯ ▸
      (next
          (match Sequent.flip (LY, RY, some (Sum.inl nlfY)) with
          | (L, R, O) => (R, L, Option.map Sum.swap O))
          ⋯).flip)
e_in :
  e ∈
    exitsOf
      (⋯ ▸
        (next
            (match Sequent.flip (LY, RY, some (Sum.inl nlfY)) with
            | (L, R, O) => (R, L, Option.map Sum.swap O))
            ⋯).flip)
⊢ ∃ a, ∃ (h : a ∈ endNodesOf lt), ∃ a_1 ∈ exitsOf (next a ⋯), PathIn.loc ⋯ a_1 = ⋯ ▸ (PathIn.loc ⋯ e).flip

[2026-01-10 23:32:29] [INFO] Attempt 1 failed verification, continuing...
[2026-01-10 23:32:29] [INFO] ========================================
[2026-01-10 23:32:29] [INFO] Trying strategy: simp (up to 1 attempts)
[2026-01-10 23:32:29] [INFO] --------------------
[2026-01-10 23:32:29] [INFO] Strategy simp, attempt 1/1
[2026-01-10 23:32:29] [INFO] Starting proof generation...
[2026-01-10 23:32:29] [INFO] Repository path: /root/repo
[2026-01-10 23:32:29] [INFO] Proof generation completed
[2026-01-10 23:32:29] [INFO] Generated proof:
[2026-01-10 23:32:29] [INFO] simp
[2026-01-10 23:32:29] [INFO] Proof length: 4 chars
[2026-01-10 23:32:29] [INFO] Starting proof verification...
[2026-01-10 23:32:29] [INFO] Verifying at: Pdl/PartInterpolation.lean:717
[2026-01-10 23:32:29] [INFO] Using LEAN INTERACT verify
[2026-01-10 23:32:29] [INFO] Checking file
[2026-01-10 23:32:58] [INFO] Cannot build modified file <error line="717" column="10">
<code_line>        · simp -- analogous later?</code_line>
<message>error: `simp` made no progress</message>
</error>
[2026-01-10 23:32:58] [INFO] Proof verification completed
[2026-01-10 23:32:58] [INFO] Strategy simp attempt 1: verified=False
[2026-01-10 23:32:58] [INFO] Verification message: Cannot build modified file: <error line="717" column="10">
<code_line>        · simp -- analogous later?</code_line>
<message>error: `simp` made no progress</message>
</error>

[2026-01-10 23:32:58] [INFO] Attempt 1 failed verification, continuing...
[2026-01-10 23:32:58] [INFO] ========================================
[2026-01-10 23:32:58] [INFO] Trying strategy: simp_all (up to 1 attempts)
[2026-01-10 23:32:58] [INFO] --------------------
[2026-01-10 23:32:58] [INFO] Strategy simp_all, attempt 1/1
[2026-01-10 23:32:58] [INFO] Starting proof generation...
[2026-01-10 23:32:58] [INFO] Repository path: /root/repo
[2026-01-10 23:32:58] [INFO] Proof generation completed
[2026-01-10 23:32:58] [INFO] Generated proof:
[2026-01-10 23:32:58] [INFO] simp_all
[2026-01-10 23:32:58] [INFO] Proof length: 8 chars
[2026-01-10 23:32:58] [INFO] Starting proof verification...
[2026-01-10 23:32:58] [INFO] Verifying at: Pdl/PartInterpolation.lean:717
[2026-01-10 23:32:58] [INFO] Using LEAN INTERACT verify
[2026-01-10 23:32:58] [INFO] Checking file
[2026-01-10 23:33:23] [INFO] Cannot build modified file <error line="717" column="8">
<code_line>        · simp_all -- analogous later?</code_line>
<message>error: unsolved goals</message>
</error>
case some.inl
Hist : History
L R : List Formula
nlf : NegLoadFormula
nbas : ¬Sequent.basic (L, R, some (Sum.inl nlf))
lt : LocalTableau (L, R, some (Sum.inl nlf))
nrep : ¬rep Hist (L, R, some (Sum.inl nlf))
next : (Y : Sequent) → Y ∈ endNodesOf lt → Tableau ((L, R, some (Sum.inl nlf)) :: Hist) Y
LY RY : List Formula
nlfY : NegLoadFormula
Y_in : (LY, RY, some (Sum.inl nlfY)) ∈ endNodesOf lt.flip.flip
Yf_in : Sequent.flip (LY, RY, some (Sum.inl nlfY)) ∈ endNodesOf lt.flip
e :
  PathIn
    (⋯ ▸
      (next
          (match Sequent.flip (LY, RY, some (Sum.inl nlfY)) with
          | (L, R, O) => (R, L, Option.map Sum.swap O))
          ⋯).flip)
e_in :
  e ∈
    exitsOf
      (next
          (match Sequent.flip (LY, RY, some (Sum.inl nlfY)) with
          | (L, R, O) => (R, L, Option.map Sum.swap O))
          ⋯).flip
⊢ ∃ a, ∃ (h : a ∈ endNodesOf lt), ∃ a_1 ∈ exitsOf (next a ⋯), PathIn.loc ⋯ a_1 = ⋯ ▸ (PathIn.loc ⋯ e).flip
[2026-01-10 23:33:23] [INFO] Proof verification completed
[2026-01-10 23:33:23] [INFO] Strategy simp_all attempt 1: verified=False
[2026-01-10 23:33:23] [INFO] Verification message: Cannot build modified file: <error line="717" column="8">
<code_line>        · simp_all -- analogous later?</code_line>
<message>error: unsolved goals</message>
</error>
case some.inl
Hist : History
L R : List Formula
nlf : NegLoadFormula
nbas : ¬Sequent.basic (L, R, some (Sum.inl nlf))
lt : LocalTableau (L, R, some (Sum.inl nlf))
nrep : ¬rep Hist (L, R, some (Sum.inl nlf))
next : (Y : Sequent) → Y ∈ endNodesOf lt → Tableau ((L, R, some (Sum.inl nlf)) :: Hist) Y
LY RY : List Formula
nlfY : NegLoadFormula
Y_in : (LY, RY, some (Sum.inl nlfY)) ∈ endNodesOf lt.flip.flip
Yf_in : Sequent.flip (LY, RY, some (Sum.inl nlfY)) ∈ endNodesOf lt.flip
e :
  PathIn
    (⋯ ▸
      (next
          (match Sequent.flip (LY, RY, some (Sum.inl nlfY)) with
          | (L, R, O) => (R, L, Option.map Sum.swap O))
          ⋯).flip)
e_in :
  e ∈
    exitsOf
      (next
          (match Sequent.flip (LY, RY, some (Sum.inl nlfY)) with
          | (L, R, O) => (R, L, Option.map Sum.swap O))
          ⋯).flip
⊢ ∃ a, ∃ (h : a ∈ endNodesOf lt), ∃ a_1 ∈ exitsOf (next a ⋯), PathIn.loc ⋯ a_1 = ⋯ ▸ (PathIn.loc ⋯ e).flip

[2026-01-10 23:33:23] [INFO] Attempt 1 failed verification, continuing...
[2026-01-10 23:33:23] [INFO] ========================================
[2026-01-10 23:33:23] [INFO] Trying strategy: exact? (up to 1 attempts)
[2026-01-10 23:33:23] [INFO] --------------------
[2026-01-10 23:33:23] [INFO] Strategy exact?, attempt 1/1
[2026-01-10 23:33:23] [INFO] Starting proof generation...
[2026-01-10 23:33:23] [INFO] Repository path: /root/repo
[2026-01-10 23:33:23] [INFO] Proof generation completed
[2026-01-10 23:33:23] [INFO] Generated proof:
[2026-01-10 23:33:23] [INFO] exact?
[2026-01-10 23:33:23] [INFO] Proof length: 6 chars
[2026-01-10 23:33:23] [INFO] Starting proof verification...
[2026-01-10 23:33:23] [INFO] Verifying at: Pdl/PartInterpolation.lean:717
[2026-01-10 23:33:23] [INFO] Using LEAN INTERACT verify
[2026-01-10 23:33:23] [INFO] Checking file
[2026-01-10 23:33:49] [INFO] Cannot build modified file <error line="717" column="10">
<code_line>        · exact? -- analogous later?</code_line>
<message>error: `exact?` could not close the goal. Try `apply?` to see partial suggestions.</message>
</error>
[2026-01-10 23:33:49] [INFO] Proof verification completed
[2026-01-10 23:33:49] [INFO] Strategy exact? attempt 1: verified=False
[2026-01-10 23:33:49] [INFO] Verification message: Cannot build modified file: <error line="717" column="10">
<code_line>        · exact? -- analogous later?</code_line>
<message>error: `exact?` could not close the goal. Try `apply?` to see partial suggestions.</message>
</error>

[2026-01-10 23:33:49] [INFO] Attempt 1 failed verification, continuing...
[2026-01-10 23:33:49] [INFO] ========================================
[2026-01-10 23:33:49] [INFO] Trying strategy: grind (up to 1 attempts)
[2026-01-10 23:33:49] [INFO] --------------------
[2026-01-10 23:33:49] [INFO] Strategy grind, attempt 1/1
[2026-01-10 23:33:49] [INFO] Starting proof generation...
[2026-01-10 23:33:49] [INFO] Repository path: /root/repo
[2026-01-10 23:33:49] [INFO] Proof generation completed
[2026-01-10 23:33:49] [INFO] Generated proof:
[2026-01-10 23:33:49] [INFO] grind
[2026-01-10 23:33:49] [INFO] Proof length: 5 chars
[2026-01-10 23:33:49] [INFO] Starting proof verification...
[2026-01-10 23:33:49] [INFO] Verifying at: Pdl/PartInterpolation.lean:717
[2026-01-10 23:33:49] [INFO] Using LEAN INTERACT verify
[2026-01-10 23:33:49] [INFO] Checking file
[2026-01-10 23:34:12] [INFO] Cannot build modified file <error line="717" column="10">
<code_line>        · grind -- analogous later?</code_line>
<message>error: `grind` failed</message>
</error>
case grind
Hist : History
L R : List Formula
nlf : NegLoadFormula
nbas : ¬Sequent.basic (L, R, some (Sum.inl nlf))
lt : LocalTableau (L, R, some (Sum.inl nlf))
nrep : ¬rep Hist (L, R, some (Sum.inl nlf))
next : (Y : Sequent) → Y ∈ endNodesOf lt → Tableau ((L, R, some (Sum.inl nlf)) :: Hist) Y
LY RY : List Formula
nlfY : NegLoadFormula
Y_in : (LY, RY, some (Sum.inl nlfY)) ∈ endNodesOf lt.flip.flip
Yf_in : Sequent.flip (LY, RY, some (Sum.inl nlfY)) ∈ endNodesOf lt.flip
e :
  PathIn
    (⋯ ▸
      (next
          (match Sequent.flip (LY, RY, some (Sum.inl nlfY)) with
          | (L, R, O) => (R, L, Option.map Sum.swap O))
          ⋯).flip)
e_in :
  e ∈
    exitsOf
      (⋯ ▸
        (next
            (match Sequent.flip (LY, RY, some (Sum.inl nlfY)) with
            | (L, R, O) => (R, L, Option.map Sum.swap O))
            ⋯).flip)
h : ∀ (a : Sequent) (a_1 : a ∈ endNodesOf lt), ∀ a_2 ∈ exitsOf (next a ⋯), ¬PathIn.loc ⋯ a_2 = ⋯ ▸ (PathIn.loc ⋯ e).flip
L_1 R_1 : List Formula
O : Olf
h_1 : Sequent.flip (LY, RY, some (Sum.inl nlfY)) = (L_1, R_1, O)
⊢ False
[grind] Goal diagnostics
  [facts] Asserted facts
    [prop] ¬Sequent.basic (L, R, some (Sum.inl nlf))
    [prop] ¬rep Hist (L, R, some (Sum.inl nlf))
    [prop] (LY, RY, some (Sum.inl nlfY)) ∈ endNodesOf lt.flip.flip
    [prop] Sequent.flip (LY, RY, some (Sum.inl nlfY)) ∈ endNodesOf lt.flip
    [prop] e ∈
          exitsOf
            (next
                (match Sequent.flip (LY, RY, some (Sum.inl nlfY)) with
                | (L, R, O) => (R, L, Option.map Sum.swap O))
                ⋯).flip
    [prop] ∀ (a : Sequent) (a_1 : a ∈ endNodesOf lt),
          ∀ a_2 ∈ exitsOf (next a ⋯), ¬PathIn.loc ⋯ a_2 = ⋯ ▸ (PathIn.loc ⋯ e).flip
    [prop] Sequent.flip (LY, RY, some (Sum.inl nlfY)) ∈ endNodesOf lt.flip
    [prop] Sequent.flip (LY, RY, some (Sum.inl nlfY)) = (L_1, R_1, O)
    [prop] (match Sequent.flip (LY, RY, some (Sum.inl nlfY)) with
          | (L, R, O) => (R, L, Option.map Sum.swap O)) =
          (R_1, L_1, Option.map Sum.swap O)
  [eqc] True propositions
    [prop] (↑⟨Sequent.flip (LY, RY, some (Sum.inl nlfY)), ⋯⟩).flip ∈ endNodesOf lt
    [prop] (LY, RY, some (Sum.inl nlfY)) ∈ endNodesOf lt.flip.flip
    [prop] (↑⟨Sequent.flip (LY, RY, some (Sum.inl nlfY)), ⋯⟩).flip ∈ endNodesOf lt
    [prop] Sequent.flip (LY, RY, some (Sum.inl nlfY)) ∈ endNodesOf lt.flip
    [prop] e ∈
          exitsOf
            (next
                (match Sequent.flip (LY, RY, some (Sum.inl nlfY)) with
                | (L, R, O) => (R, L, Option.map Sum.swap O))
                ⋯).flip
    [prop] ∀ (a : Sequent) (a_1 : a ∈ endNodesOf lt),
          ∀ a_2 ∈ exitsOf (next a ⋯), ¬PathIn.loc ⋯ a_2 = ⋯ ▸ (PathIn.loc ⋯ e).flip
  [eqc] False propositions
    [prop] Sequent.basic (L, R, some (Sum.inl nlf))
    [prop] rep Hist (L, R, some (Sum.inl nlf))
  [eqc] Equivalence classes
    [eqc] {Sequent.flip (LY, RY, some (Sum.inl nlfY)), (L_1, R_1, O)}
      [eqc] {↑⟨Sequent.flip (LY, RY, some (Sum.inl nlfY)), ⋯⟩}
    [eqc] {next
          (match Sequent.flip (LY, RY, some (Sum.inl nlfY)) with
          | (L, R, O) => (R, L, Option.map Sum.swap O))
          ⋯,
        next
          (match Sequent.flip (LY, RY, some (Sum.inl nlfY)) with
          | (L, R, O) => (R, L, Option.map Sum.swap O))
          ⋯}
    [eqc] {PathIn
          (next
              (match Sequent.flip (LY, RY, some (Sum.inl nlfY)) with
              | (L, R, O) => (R, L, Option.map Sum.swap O))
              ⋯).flip,
        PathIn
          (next
              (match Sequent.flip (LY, RY, some (Sum.inl nlfY)) with
              | (L, R, O) => (R, L, Option.map Sum.swap O))
              ⋯).flip}
    [eqc] {(next
            (match Sequent.flip (LY, RY, some (Sum.inl nlfY)) with
            | (L, R, O) => (R, L, Option.map Sum.swap O))
            ⋯).flip,
        (next
            (match Sequent.flip (LY, RY, some (Sum.inl nlfY)) with
            | (L, R, O) => (R, L, Option.map Sum.swap O))
            ⋯).flip}
    [eqc] {Membership.mem (endNodesOf lt.flip), fun x => x ∈ endNodesOf lt.flip}
    [eqc] others
      [eqc] {match Sequent.flip (LY, RY, some (Sum.inl nlfY)) with
          | (L, R, O) => (R, L, Option.map Sum.swap O),
          (R_1, L_1, Option.map Sum.swap O)}
  [cases] Case analyses
    [cases] [1/1]: match Sequent.flip (LY, RY, some (Sum.inl nlfY)) with
        | (L, R, O) => (R, L, Option.map Sum.swap O)
      [cases] source: Initial goal
  [ematch] E-matching patterns
    [thm] Option.mem_some: [@Membership.mem #2 (Option _) _ (@some _ #0) #1]
    [thm] List.mem_cons: [@Membership.mem #3 (List _) _ (@List.cons _ #2 #1) #0]
    [thm] List.eq_or_mem_of_mem_cons: [@List.cons #4 #2 #1, @Membership.mem _ (List _) _ #1 #3]
    [thm] List.mem_map: [@Membership.mem #3 (List _) _ (@List.map #4 _ #1 #0) #2]
    [thm] List.map_map: [@List.map #5 #4 #2 (@List.map #3 _ #1 #0)]
    [thm] List.map_cons: [@List.map #4 #3 #2 (@List.cons _ #1 #0)]
    [thm] Sequent.flip.match_1.congr_eq_1: [Sequent.flip.match_1 #6 (@Lean.Grind.genPattern `[Sequent] #0 #5 (@Prod.mk `[List
             Formula] `[List Formula ×
             Option
               (NegLoadFormula ⊕
                 NegLoadFormula)] #3 (@Prod.mk `[List Formula] `[Option (NegLoadFormula ⊕ NegLoadFormula)] #2 #1))) #4]
    [thm] Subtype.property: [@Subtype.val #2 #1 #0]
    [thm] h: [@Membership.mem (@PathIn `[(L, R, some (Sum.inl nlf)) ::
            Hist] #3 _) (List (@PathIn `[(L, R, some (Sum.inl nlf)) ::
             Hist] _ _)) _ (@exitsOf `[(L, R, some (Sum.inl nlf)) :: Hist] #3 (next #3 _)) #1]
    [thm] h: [@PathIn.loc `[Hist] `[(L, R, some (Sum.inl nlf))] _ _ `[lt] `[next] #3 _ #1]
    [thm] h: [@Membership.mem `[Sequent] `[List Sequent] `[List.instMembership] `[endNodesOf lt] #3,
         @Membership.mem (@PathIn `[(L, R, some (Sum.inl nlf)) ::
            Hist] _ _) (List (@PathIn `[(L, R, some (Sum.inl nlf)) ::
             Hist] _ _)) _ (@exitsOf `[(L, R, some (Sum.inl nlf)) :: Hist] #3 (next #3 _)) #1]
    [thm] Option.map_some: [@Option.map #3 #2 #0 (@some _ #1)]
    [thm] Sum.swap_swap: [@Sum.swap #1 #2 (@Sum.swap _ _ #0)]
    [thm] Sum.swap_inr: [@Sum.swap #2 #1 (@Sum.inr _ _ #0)]
    [thm] Sum.swap_inl: [@Sum.swap #2 #1 (@Sum.inl _ _ #0)]
[grind] Diagnostics
  [thm] E-Matching instances
    [thm] Subtype.property ↦ 1
    [thm] Sequent.flip.match_1.congr_eq_1 ↦ 1
[2026-01-10 23:34:12] [INFO] Proof verification completed
[2026-01-10 23:34:12] [INFO] Strategy grind attempt 1: verified=False
[2026-01-10 23:34:12] [INFO] Verification message: Cannot build modified file: <error line="717" column="10">
<code_line>        · grind -- analogous later?</code_line>
<message>error: `grind` failed</message>
</error>
case grind
Hist : History
L R : List Formula
nlf : NegLoadFormula
nbas : ¬Sequent.basic (L, R, some (Sum.inl nlf))
lt : LocalTableau (L, R, some (Sum.inl nlf))
nrep : ¬rep Hist (L, R, some (Sum.inl nlf))
next : (Y : Sequent) → Y ∈ endNodesOf lt → Tableau ((L, R, some (Sum.inl nlf)) :: Hist) Y
LY RY : List Formula
nlfY : NegLoadFormula
Y_in : (LY, RY, some (Sum.inl nlfY)) ∈ endNodesOf lt.flip.flip
Yf_in : Sequent.flip (LY, RY, some (Sum.inl nlfY)) ∈ endNodesOf lt.flip
e :
  PathIn
    (⋯ ▸
      (next
          (match Sequent.flip (LY, RY, some (Sum.inl nlfY)) with
          | (L, R, O) => (R, L, Option.map Sum.swap O))
          ⋯).flip)
e_in :
  e ∈
    exitsOf
      (⋯ ▸
        (next
            (match Sequent.flip (LY, RY, some (Sum.inl nlfY)) with
            | (L, R, O) => (R, L, Option.map Sum.swap O))
            ⋯).flip)
h : ∀ (a : Sequent) (a_1 : a ∈ endNodesOf lt), ∀ a_2 ∈ exitsOf (next a ⋯), ¬PathIn.loc ⋯ a_2 = ⋯ ▸ (PathIn.loc ⋯ e).flip
L_1 R_1 : List Formula
O : Olf
h_1 : Sequent.flip (LY, RY, some (Sum.inl nlfY)) = (L_1, R_1, O)
⊢ False
[grind] Goal diagnostics
  [facts] Asserted facts
    [prop] ¬Sequent.basic (L, R, some (Sum.inl nlf))
    [prop] ¬rep Hist (L, R, some (Sum.inl nlf))
    [prop] (LY, RY, some (Sum.inl nlfY)) ∈ endNodesOf lt.flip.flip
    [prop] Sequent.flip (LY, RY, some (Sum.inl nlfY)) ∈ endNodesOf lt.flip
    [prop] e ∈
          exitsOf
            (next
                (match Sequent.flip (LY, RY, some (Sum.inl nlfY)) with
                | (L, R, O) => (R, L, Option.map Sum.swap O))
                ⋯).flip
    [prop] ∀ (a : Sequent) (a_1 : a ∈ endNodesOf lt),
          ∀ a_2 ∈ exitsOf (next a ⋯), ¬PathIn.loc ⋯ a_2 = ⋯ ▸ (PathIn.loc ⋯ e).flip
    [prop] Sequent.flip (LY, RY, some (Sum.inl nlfY)) ∈ endNodesOf lt.flip
    [prop] Sequent.flip (LY, RY, some (Sum.inl nlfY)) = (L_1, R_1, O)
    [prop] (match Sequent.flip (LY, RY, some (Sum.inl nlfY)) with
          | (L, R, O) => (R, L, Option.map Sum.swap O)) =
          (R_1, L_1, Option.map Sum.swap O)
  [eqc] True propositions
    [prop] (↑⟨Sequent.flip (LY, RY, some (Sum.inl nlfY)), ⋯⟩).flip ∈ endNodesOf lt
    [prop] (LY, RY, some (Sum.inl nlfY)) ∈ endNodesOf lt.flip.flip
    [prop] (↑⟨Sequent.flip (LY, RY, some (Sum.inl nlfY)), ⋯⟩).flip ∈ endNodesOf lt
    [prop] Sequent.flip (LY, RY, some (Sum.inl nlfY)) ∈ endNodesOf lt.flip
    [prop] e ∈
          exitsOf
            (next
                (match Sequent.flip (LY, RY, some (Sum.inl nlfY)) with
                | (L, R, O) => (R, L, Option.map Sum.swap O))
                ⋯).flip
    [prop] ∀ (a : Sequent) (a_1 : a ∈ endNodesOf lt),
          ∀ a_2 ∈ exitsOf (next a ⋯), ¬PathIn.loc ⋯ a_2 = ⋯ ▸ (PathIn.loc ⋯ e).flip
  [eqc] False propositions
    [prop] Sequent.basic (L, R, some (Sum.inl nlf))
    [prop] rep Hist (L, R, some (Sum.inl nlf))
  [eqc] Equivalence classes
    [eqc] {Sequent.flip (LY, RY, some (Sum.inl nlfY)), (L_1, R_1, O)}
      [eqc] {↑⟨Sequent.flip (LY, RY, some (Sum.inl nlfY)), ⋯⟩}
    [eqc] {next
          (match Sequent.flip (LY, RY, some (Sum.inl nlfY)) with
          | (L, R, O) => (R, L, Option.map Sum.swap O))
          ⋯,
        next
          (match Sequent.flip (LY, RY, some (Sum.inl nlfY)) with
          | (L, R, O) => (R, L, Option.map Sum.swap O))
          ⋯}
    [eqc] {PathIn
          (next
              (match Sequent.flip (LY, RY, some (Sum.inl nlfY)) with
              | (L, R, O) => (R, L, Option.map Sum.swap O))
              ⋯).flip,
        PathIn
          (next
              (match Sequent.flip (LY, RY, some (Sum.inl nlfY)) with
              | (L, R, O) => (R, L, Option.map Sum.swap O))
              ⋯).flip}
    [eqc] {(next
            (match Sequent.flip (LY, RY, some (Sum.inl nlfY)) with
            | (L, R, O) => (R, L, Option.map Sum.swap O))
            ⋯).flip,
        (next
            (match Sequent.flip (LY, RY, some (Sum.inl nlfY)) with
            | (L, R, O) => (R, L, Option.map Sum.swap O))
            ⋯).flip}
    [eqc] {Membership.mem (endNodesOf lt.flip), fun x => x ∈ endNodesOf lt.flip}
    [eqc] others
      [eqc] {match Sequent.flip (LY, RY, some (Sum.inl nlfY)) with
          | (L, R, O) => (R, L, Option.map Sum.swap O),
          (R_1, L_1, Option.map Sum.swap O)}
  [cases] Case analyses
    [cases] [1/1]: match Sequent.flip (LY, RY, some (Sum.inl nlfY)) with
        | (L, R, O) => (R, L, Option.map Sum.swap O)
      [cases] source: Initial goal
  [ematch] E-matching patterns
    [thm] Option.mem_some: [@Membership.mem #2 (Option _) _ (@some _ #0) #1]
    [thm] List.mem_cons: [@Membership.mem #3 (List _) _ (@List.cons _ #2 #1) #0]
    [thm] List.eq_or_mem_of_mem_cons: [@List.cons #4 #2 #1, @Membership.mem _ (List _) _ #1 #3]
    [thm] List.mem_map: [@Membership.mem #3 (List _) _ (@List.map #4 _ #1 #0) #2]
    [thm] List.map_map: [@List.map #5 #4 #2 (@List.map #3 _ #1 #0)]
    [thm] List.map_cons: [@List.map #4 #3 #2 (@List.cons _ #1 #0)]
    [thm] Sequent.flip.match_1.congr_eq_1: [Sequent.flip.match_1 #6 (@Lean.Grind.genPattern `[Sequent] #0 #5 (@Prod.mk `[List
             Formula] `[List Formula ×
             Option
               (NegLoadFormula ⊕
                 NegLoadFormula)] #3 (@Prod.mk `[List Formula] `[Option (NegLoadFormula ⊕ NegLoadFormula)] #2 #1))) #4]
    [thm] Subtype.property: [@Subtype.val #2 #1 #0]
    [thm] h: [@Membership.mem (@PathIn `[(L, R, some (Sum.inl nlf)) ::
            Hist] #3 _) (List (@PathIn `[(L, R, some (Sum.inl nlf)) ::
             Hist] _ _)) _ (@exitsOf `[(L, R, some (Sum.inl nlf)) :: Hist] #3 (next #3 _)) #1]
    [thm] h: [@PathIn.loc `[Hist] `[(L, R, some (Sum.inl nlf))] _ _ `[lt] `[next] #3 _ #1]
    [thm] h: [@Membership.mem `[Sequent] `[List Sequent] `[List.instMembership] `[endNodesOf lt] #3,
         @Membership.mem (@PathIn `[(L, R, some (Sum.inl nlf)) ::
            Hist] _ _) (List (@PathIn `[(L, R, some (Sum.inl nlf)) ::
             Hist] _ _)) _ (@exitsOf `[(L, R, some (Sum.inl nlf)) :: Hist] #3 (next #3 _)) #1]
    [thm] Option.map_some: [@Option.map #3 #2 #0 (@some _ #1)]
    [thm] Sum.swap_swap: [@Sum.swap #1 #2 (@Sum.swap _ _ #0)]
    [thm] Sum.swap_inr: [@Sum.swap #2 #1 (@Sum.inr _ _ #0)]
    [thm] Sum.swap_inl: [@Sum.swap #2 #1 (@Sum.inl _ _ #0)]
[grind] Diagnostics
  [thm] E-Matching instances
    [thm] Subtype.property ↦ 1
    [thm] Sequent.flip.match_1.congr_eq_1 ↦ 1

[2026-01-10 23:34:12] [INFO] Attempt 1 failed verification, continuing...
[2026-01-10 23:34:12] [INFO] ========================================
[2026-01-10 23:34:12] [INFO] Trying strategy: ring (up to 1 attempts)
[2026-01-10 23:34:12] [INFO] --------------------
[2026-01-10 23:34:12] [INFO] Strategy ring, attempt 1/1
[2026-01-10 23:34:12] [INFO] Starting proof generation...
[2026-01-10 23:34:12] [INFO] Repository path: /root/repo
[2026-01-10 23:34:12] [INFO] Proof generation completed
[2026-01-10 23:34:12] [INFO] Generated proof:
[2026-01-10 23:34:12] [INFO] ring
[2026-01-10 23:34:12] [INFO] Proof length: 4 chars
[2026-01-10 23:34:12] [INFO] Starting proof verification...
[2026-01-10 23:34:12] [INFO] Verifying at: Pdl/PartInterpolation.lean:717
[2026-01-10 23:34:12] [INFO] Using LEAN INTERACT verify
[2026-01-10 23:34:12] [INFO] Checking file
[2026-01-10 23:34:37] [INFO] Cannot build modified file <error line="717" column="10">
<code_line>        · ring -- analogous later?</code_line>
<message>error: ring_nf made no progress on goal</message>
</error>
[2026-01-10 23:34:37] [INFO] Proof verification completed
[2026-01-10 23:34:37] [INFO] Strategy ring attempt 1: verified=False
[2026-01-10 23:34:37] [INFO] Verification message: Cannot build modified file: <error line="717" column="10">
<code_line>        · ring -- analogous later?</code_line>
<message>error: ring_nf made no progress on goal</message>
</error>

[2026-01-10 23:34:37] [INFO] Attempt 1 failed verification, continuing...
[2026-01-10 23:34:37] [INFO] ========================================
[2026-01-10 23:34:37] [INFO] Trying strategy: norm_num (up to 1 attempts)
[2026-01-10 23:34:37] [INFO] --------------------
[2026-01-10 23:34:37] [INFO] Strategy norm_num, attempt 1/1
[2026-01-10 23:34:37] [INFO] Starting proof generation...
[2026-01-10 23:34:37] [INFO] Repository path: /root/repo
[2026-01-10 23:34:37] [INFO] Proof generation completed
[2026-01-10 23:34:37] [INFO] Generated proof:
[2026-01-10 23:34:37] [INFO] norm_num
[2026-01-10 23:34:37] [INFO] Proof length: 8 chars
[2026-01-10 23:34:37] [INFO] Starting proof verification...
[2026-01-10 23:34:37] [INFO] Verifying at: Pdl/PartInterpolation.lean:717
[2026-01-10 23:34:37] [INFO] Using LEAN INTERACT verify
[2026-01-10 23:34:37] [INFO] Checking file
[2026-01-10 23:35:07] [INFO] Cannot build modified file <error line="717" column="8">
<code_line>        · norm_num -- analogous later?</code_line>
<message>error: unsolved goals</message>
</error>
case some.inl
Hist : History
L R : List Formula
nlf : NegLoadFormula
nbas : ¬Sequent.basic (L, R, some (Sum.inl nlf))
lt : LocalTableau (L, R, some (Sum.inl nlf))
nrep : ¬rep Hist (L, R, some (Sum.inl nlf))
next : (Y : Sequent) → Y ∈ endNodesOf lt → Tableau ((L, R, some (Sum.inl nlf)) :: Hist) Y
LY RY : List Formula
nlfY : NegLoadFormula
Y_in : (LY, RY, some (Sum.inl nlfY)) ∈ endNodesOf lt.flip.flip
Yf_in : Sequent.flip (LY, RY, some (Sum.inl nlfY)) ∈ endNodesOf lt.flip
e :
  PathIn
    (⋯ ▸
      (next
          (match Sequent.flip (LY, RY, some (Sum.inl nlfY)) with
          | (L, R, O) => (R, L, Option.map Sum.swap O))
          ⋯).flip)
e_in :
  e ∈
    exitsOf
      (⋯ ▸
        (next
            (match Sequent.flip (LY, RY, some (Sum.inl nlfY)) with
            | (L, R, O) => (R, L, Option.map Sum.swap O))
            ⋯).flip)
⊢ ∃ a, ∃ (h : a ∈ endNodesOf lt), ∃ a_1 ∈ exitsOf (next a ⋯), PathIn.loc ⋯ a_1 = ⋯ ▸ (PathIn.loc ⋯ e).flip
[2026-01-10 23:35:07] [INFO] Proof verification completed
[2026-01-10 23:35:07] [INFO] Strategy norm_num attempt 1: verified=False
[2026-01-10 23:35:07] [INFO] Verification message: Cannot build modified file: <error line="717" column="8">
<code_line>        · norm_num -- analogous later?</code_line>
<message>error: unsolved goals</message>
</error>
case some.inl
Hist : History
L R : List Formula
nlf : NegLoadFormula
nbas : ¬Sequent.basic (L, R, some (Sum.inl nlf))
lt : LocalTableau (L, R, some (Sum.inl nlf))
nrep : ¬rep Hist (L, R, some (Sum.inl nlf))
next : (Y : Sequent) → Y ∈ endNodesOf lt → Tableau ((L, R, some (Sum.inl nlf)) :: Hist) Y
LY RY : List Formula
nlfY : NegLoadFormula
Y_in : (LY, RY, some (Sum.inl nlfY)) ∈ endNodesOf lt.flip.flip
Yf_in : Sequent.flip (LY, RY, some (Sum.inl nlfY)) ∈ endNodesOf lt.flip
e :
  PathIn
    (⋯ ▸
      (next
          (match Sequent.flip (LY, RY, some (Sum.inl nlfY)) with
          | (L, R, O) => (R, L, Option.map Sum.swap O))
          ⋯).flip)
e_in :
  e ∈
    exitsOf
      (⋯ ▸
        (next
            (match Sequent.flip (LY, RY, some (Sum.inl nlfY)) with
            | (L, R, O) => (R, L, Option.map Sum.swap O))
            ⋯).flip)
⊢ ∃ a, ∃ (h : a ∈ endNodesOf lt), ∃ a_1 ∈ exitsOf (next a ⋯), PathIn.loc ⋯ a_1 = ⋯ ▸ (PathIn.loc ⋯ e).flip

[2026-01-10 23:35:07] [INFO] Attempt 1 failed verification, continuing...
[2026-01-10 23:35:07] [INFO] ========================================
[2026-01-10 23:35:07] [INFO] Trying strategy: omega (up to 1 attempts)
[2026-01-10 23:35:07] [INFO] --------------------
[2026-01-10 23:35:07] [INFO] Strategy omega, attempt 1/1
[2026-01-10 23:35:07] [INFO] Starting proof generation...
[2026-01-10 23:35:07] [INFO] Repository path: /root/repo
[2026-01-10 23:35:07] [INFO] Proof generation completed
[2026-01-10 23:35:07] [INFO] Generated proof:
[2026-01-10 23:35:07] [INFO] omega
[2026-01-10 23:35:07] [INFO] Proof length: 5 chars
[2026-01-10 23:35:07] [INFO] Starting proof verification...
[2026-01-10 23:35:07] [INFO] Verifying at: Pdl/PartInterpolation.lean:717
[2026-01-10 23:35:07] [INFO] Using LEAN INTERACT verify
[2026-01-10 23:35:07] [INFO] Checking file
[2026-01-10 23:35:34] [INFO] Cannot build modified file <error line="717" column="10">
<code_line>        · omega -- analogous later?</code_line>
<message>error: omega could not prove the goal:</message>
</error>
No usable constraints found. You may need to unfold definitions so `omega` can see linear arithmetic facts about `Nat` and `Int`, which may also involve multiplication, division, and modular remainder by constants.
[2026-01-10 23:35:34] [INFO] Proof verification completed
[2026-01-10 23:35:34] [INFO] Strategy omega attempt 1: verified=False
[2026-01-10 23:35:34] [INFO] Verification message: Cannot build modified file: <error line="717" column="10">
<code_line>        · omega -- analogous later?</code_line>
<message>error: omega could not prove the goal:</message>
</error>
No usable constraints found. You may need to unfold definitions so `omega` can see linear arithmetic facts about `Nat` and `Int`, which may also involve multiplication, division, and modular remainder by constants.

[2026-01-10 23:35:34] [INFO] Attempt 1 failed verification, continuing...
[2026-01-10 23:35:34] [INFO] ========================================
[2026-01-10 23:35:34] [INFO] Trying strategy: linarith (up to 1 attempts)
[2026-01-10 23:35:34] [INFO] --------------------
[2026-01-10 23:35:34] [INFO] Strategy linarith, attempt 1/1
[2026-01-10 23:35:34] [INFO] Starting proof generation...
[2026-01-10 23:35:34] [INFO] Repository path: /root/repo
[2026-01-10 23:35:34] [INFO] Proof generation completed
[2026-01-10 23:35:34] [INFO] Generated proof:
[2026-01-10 23:35:34] [INFO] linarith
[2026-01-10 23:35:34] [INFO] Proof length: 8 chars
[2026-01-10 23:35:34] [INFO] Starting proof verification...
[2026-01-10 23:35:34] [INFO] Verifying at: Pdl/PartInterpolation.lean:717
[2026-01-10 23:35:34] [INFO] Using LEAN INTERACT verify
[2026-01-10 23:35:34] [INFO] Checking file
[2026-01-10 23:35:57] [INFO] Cannot build modified file <error line="717" column="10">
<code_line>        · linarith -- analogous later?</code_line>
<message>error: linarith failed to find a contradiction</message>
</error>
case some.inl
Hist : History
L R : List Formula
nlf : NegLoadFormula
nbas : ¬Sequent.basic (L, R, some (Sum.inl nlf))
lt : LocalTableau (L, R, some (Sum.inl nlf))
nrep : ¬rep Hist (L, R, some (Sum.inl nlf))
next : (Y : Sequent) → Y ∈ endNodesOf lt → Tableau ((L, R, some (Sum.inl nlf)) :: Hist) Y
LY RY : List Formula
nlfY : NegLoadFormula
Y_in : (LY, RY, some (Sum.inl nlfY)) ∈ endNodesOf lt.flip.flip
Yf_in : Sequent.flip (LY, RY, some (Sum.inl nlfY)) ∈ endNodesOf lt.flip
e :
  PathIn
    (⋯ ▸
      (next
          (match Sequent.flip (LY, RY, some (Sum.inl nlfY)) with
          | (L, R, O) => (R, L, Option.map Sum.swap O))
          ⋯).flip)
e_in :
  e ∈
    exitsOf
      (⋯ ▸
        (next
            (match Sequent.flip (LY, RY, some (Sum.inl nlfY)) with
            | (L, R, O) => (R, L, Option.map Sum.swap O))
            ⋯).flip)
⊢ False
failed
[2026-01-10 23:35:57] [INFO] Proof verification completed
[2026-01-10 23:35:57] [INFO] Strategy linarith attempt 1: verified=False
[2026-01-10 23:35:57] [INFO] Verification message: Cannot build modified file: <error line="717" column="10">
<code_line>        · linarith -- analogous later?</code_line>
<message>error: linarith failed to find a contradiction</message>
</error>
case some.inl
Hist : History
L R : List Formula
nlf : NegLoadFormula
nbas : ¬Sequent.basic (L, R, some (Sum.inl nlf))
lt : LocalTableau (L, R, some (Sum.inl nlf))
nrep : ¬rep Hist (L, R, some (Sum.inl nlf))
next : (Y : Sequent) → Y ∈ endNodesOf lt → Tableau ((L, R, some (Sum.inl nlf)) :: Hist) Y
LY RY : List Formula
nlfY : NegLoadFormula
Y_in : (LY, RY, some (Sum.inl nlfY)) ∈ endNodesOf lt.flip.flip
Yf_in : Sequent.flip (LY, RY, some (Sum.inl nlfY)) ∈ endNodesOf lt.flip
e :
  PathIn
    (⋯ ▸
      (next
          (match Sequent.flip (LY, RY, some (Sum.inl nlfY)) with
          | (L, R, O) => (R, L, Option.map Sum.swap O))
          ⋯).flip)
e_in :
  e ∈
    exitsOf
      (⋯ ▸
        (next
            (match Sequent.flip (LY, RY, some (Sum.inl nlfY)) with
            | (L, R, O) => (R, L, Option.map Sum.swap O))
            ⋯).flip)
⊢ False
failed

[2026-01-10 23:35:57] [INFO] Attempt 1 failed verification, continuing...
[2026-01-10 23:35:57] [INFO] ========================================
[2026-01-10 23:35:57] [INFO] Trying strategy: nlinarith (up to 1 attempts)
[2026-01-10 23:35:57] [INFO] --------------------
[2026-01-10 23:35:57] [INFO] Strategy nlinarith, attempt 1/1
[2026-01-10 23:35:57] [INFO] Starting proof generation...
[2026-01-10 23:35:57] [INFO] Repository path: /root/repo
[2026-01-10 23:35:57] [INFO] Proof generation completed
[2026-01-10 23:35:57] [INFO] Generated proof:
[2026-01-10 23:35:57] [INFO] nlinarith
[2026-01-10 23:35:57] [INFO] Proof length: 9 chars
[2026-01-10 23:35:57] [INFO] Starting proof verification...
[2026-01-10 23:35:57] [INFO] Verifying at: Pdl/PartInterpolation.lean:717
[2026-01-10 23:35:57] [INFO] Using LEAN INTERACT verify
[2026-01-10 23:35:57] [INFO] Checking file
[2026-01-10 23:36:20] [INFO] Cannot build modified file <error line="717" column="10">
<code_line>        · nlinarith -- analogous later?</code_line>
<message>error: linarith failed to find a contradiction</message>
</error>
case some.inl
Hist : History
L R : List Formula
nlf : NegLoadFormula
nbas : ¬Sequent.basic (L, R, some (Sum.inl nlf))
lt : LocalTableau (L, R, some (Sum.inl nlf))
nrep : ¬rep Hist (L, R, some (Sum.inl nlf))
next : (Y : Sequent) → Y ∈ endNodesOf lt → Tableau ((L, R, some (Sum.inl nlf)) :: Hist) Y
LY RY : List Formula
nlfY : NegLoadFormula
Y_in : (LY, RY, some (Sum.inl nlfY)) ∈ endNodesOf lt.flip.flip
Yf_in : Sequent.flip (LY, RY, some (Sum.inl nlfY)) ∈ endNodesOf lt.flip
e :
  PathIn
    (⋯ ▸
      (next
          (match Sequent.flip (LY, RY, some (Sum.inl nlfY)) with
          | (L, R, O) => (R, L, Option.map Sum.swap O))
          ⋯).flip)
e_in :
  e ∈
    exitsOf
      (⋯ ▸
        (next
            (match Sequent.flip (LY, RY, some (Sum.inl nlfY)) with
            | (L, R, O) => (R, L, Option.map Sum.swap O))
            ⋯).flip)
⊢ False
failed
[2026-01-10 23:36:20] [INFO] Proof verification completed
[2026-01-10 23:36:20] [INFO] Strategy nlinarith attempt 1: verified=False
[2026-01-10 23:36:20] [INFO] Verification message: Cannot build modified file: <error line="717" column="10">
<code_line>        · nlinarith -- analogous later?</code_line>
<message>error: linarith failed to find a contradiction</message>
</error>
case some.inl
Hist : History
L R : List Formula
nlf : NegLoadFormula
nbas : ¬Sequent.basic (L, R, some (Sum.inl nlf))
lt : LocalTableau (L, R, some (Sum.inl nlf))
nrep : ¬rep Hist (L, R, some (Sum.inl nlf))
next : (Y : Sequent) → Y ∈ endNodesOf lt → Tableau ((L, R, some (Sum.inl nlf)) :: Hist) Y
LY RY : List Formula
nlfY : NegLoadFormula
Y_in : (LY, RY, some (Sum.inl nlfY)) ∈ endNodesOf lt.flip.flip
Yf_in : Sequent.flip (LY, RY, some (Sum.inl nlfY)) ∈ endNodesOf lt.flip
e :
  PathIn
    (⋯ ▸
      (next
          (match Sequent.flip (LY, RY, some (Sum.inl nlfY)) with
          | (L, R, O) => (R, L, Option.map Sum.swap O))
          ⋯).flip)
e_in :
  e ∈
    exitsOf
      (⋯ ▸
        (next
            (match Sequent.flip (LY, RY, some (Sum.inl nlfY)) with
            | (L, R, O) => (R, L, Option.map Sum.swap O))
            ⋯).flip)
⊢ False
failed

[2026-01-10 23:36:20] [INFO] Attempt 1 failed verification, continuing...
[2026-01-10 23:36:20] [INFO] ========================================
[2026-01-10 23:36:20] [INFO] Trying strategy: aesop (up to 1 attempts)
[2026-01-10 23:36:20] [INFO] --------------------
[2026-01-10 23:36:20] [INFO] Strategy aesop, attempt 1/1
[2026-01-10 23:36:20] [INFO] Starting proof generation...
[2026-01-10 23:36:20] [INFO] Repository path: /root/repo
[2026-01-10 23:36:20] [INFO] Proof generation completed
[2026-01-10 23:36:20] [INFO] Generated proof:
[2026-01-10 23:36:20] [INFO] aesop
[2026-01-10 23:36:20] [INFO] Proof length: 5 chars
[2026-01-10 23:36:20] [INFO] Starting proof verification...
[2026-01-10 23:36:20] [INFO] Verifying at: Pdl/PartInterpolation.lean:717
[2026-01-10 23:36:20] [INFO] Using LEAN INTERACT verify
[2026-01-10 23:36:20] [INFO] Checking file
[2026-01-10 23:36:45] [INFO] Cannot build modified file <error line="717" column="8">
<code_line>        · aesop -- analogous later?</code_line>
<message>error: unsolved goals</message>
</error>
case some.inl
Hist : History
L R : List Formula
nlf : NegLoadFormula
nbas : ¬Sequent.basic (L, R, some (Sum.inl nlf))
lt : LocalTableau (L, R, some (Sum.inl nlf))
nrep : ¬rep Hist (L, R, some (Sum.inl nlf))
next : (Y : Sequent) → Y ∈ endNodesOf lt → Tableau ((L, R, some (Sum.inl nlf)) :: Hist) Y
LY RY : List Formula
nlfY : NegLoadFormula
Y_in : (LY, RY, some (Sum.inl nlfY)) ∈ endNodesOf lt.flip.flip
Yf_in : Sequent.flip (LY, RY, some (Sum.inl nlfY)) ∈ endNodesOf lt.flip
e :
  PathIn
    (⋯ ▸
      (next
          (match Sequent.flip (LY, RY, some (Sum.inl nlfY)) with
          | (L, R, O) => (R, L, Option.map Sum.swap O))
          ⋯).flip)
e_in :
  e ∈
    exitsOf
      (next
          (match Sequent.flip (LY, RY, some (Sum.inl nlfY)) with
          | (L, R, O) => (R, L, Option.map Sum.swap O))
          ⋯).flip
⊢ ∃ a, ∃ (h : a ∈ endNodesOf lt), ∃ a_1 ∈ exitsOf (next a ⋯), PathIn.loc ⋯ a_1 = ⋯ ▸ (PathIn.loc ⋯ e).flip
[2026-01-10 23:36:45] [INFO] Proof verification completed
[2026-01-10 23:36:45] [INFO] Strategy aesop attempt 1: verified=False
[2026-01-10 23:36:45] [INFO] Verification message: Cannot build modified file: <error line="717" column="8">
<code_line>        · aesop -- analogous later?</code_line>
<message>error: unsolved goals</message>
</error>
case some.inl
Hist : History
L R : List Formula
nlf : NegLoadFormula
nbas : ¬Sequent.basic (L, R, some (Sum.inl nlf))
lt : LocalTableau (L, R, some (Sum.inl nlf))
nrep : ¬rep Hist (L, R, some (Sum.inl nlf))
next : (Y : Sequent) → Y ∈ endNodesOf lt → Tableau ((L, R, some (Sum.inl nlf)) :: Hist) Y
LY RY : List Formula
nlfY : NegLoadFormula
Y_in : (LY, RY, some (Sum.inl nlfY)) ∈ endNodesOf lt.flip.flip
Yf_in : Sequent.flip (LY, RY, some (Sum.inl nlfY)) ∈ endNodesOf lt.flip
e :
  PathIn
    (⋯ ▸
      (next
          (match Sequent.flip (LY, RY, some (Sum.inl nlfY)) with
          | (L, R, O) => (R, L, Option.map Sum.swap O))
          ⋯).flip)
e_in :
  e ∈
    exitsOf
      (next
          (match Sequent.flip (LY, RY, some (Sum.inl nlfY)) with
          | (L, R, O) => (R, L, Option.map Sum.swap O))
          ⋯).flip
⊢ ∃ a, ∃ (h : a ∈ endNodesOf lt), ∃ a_1 ∈ exitsOf (next a ⋯), PathIn.loc ⋯ a_1 = ⋯ ▸ (PathIn.loc ⋯ e).flip

[2026-01-10 23:36:45] [INFO] Attempt 1 failed verification, continuing...
[2026-01-10 23:36:45] [INFO] ========================================
[2026-01-10 23:36:45] [INFO] Pass@k completed. Total results: 1
[2026-01-10 23:36:45] [INFO] FAILED: All 11 strategies x 1 attempts
[2026-01-10 23:36:45] [INFO] Writing results to file: /root/repo/result.json
[2026-01-10 23:36:45] [INFO] Result file written successfully
[2026-01-10 23:36:45] [INFO] Results exported to: /root/repo/result.json
[2026-01-10 23:36:45] [INFO] run_morphcloud_local.py completed successfully

[2026-01-10 23:36:45] [process_single_sorry] Downloading result file...
[2026-01-10 23:36:46] [process_single_sorry] Downloaded result to intermediate_experiment_outputs_full_reservoir/multi_tactic/2026-01-10_20-46-34_multi_tactic/individual/b7e4598424a0cfeb7c163bed94165a5c0e31a18d671eafe3d067b86ffee6b2fc.json
[2026-01-10 23:36:48] [process_single_sorry] Instance context closed successfully
[2026-01-10 23:36:48] [process_single_sorry] Parsing result file...
[2026-01-10 23:36:48] [process_single_sorry] Successfully parsed result (list format, 1 results)
