[2026-01-10 21:35:29] [process_single_sorry] Starting for sorry c8654b1b4e147f05a88b2e45190362786de988ebb8d883f64b2409a245b7fe7e
[2026-01-10 21:35:29] [process_single_sorry] Using snapshot: snapshot_woytwcao
[2026-01-10 21:35:29] [process_single_sorry] Repository: https://github.com/ImperialCollegeLondon/FLT@03ad046f3be75e71332fcfae02c06ec717e054b1
[2026-01-10 21:35:29] [process_single_sorry] Instance name: FLT_03ad046f3be7_multi_tactic_c8654b1b4e147f05a88b2e45190362786de988ebb8d883f64b2409a245b7fe7e
[2026-01-10 21:35:29] [process_single_sorry] Starting attempt 1/3
[2026-01-10 21:35:29] [process_single_sorry] Starting instance from snapshot...
[2026-01-10 21:35:29] [process_single_sorry] Instance started successfully: morphvm_ievos9w6
[2026-01-10 21:35:29] [process_single_sorry] Creating .env file...
[2026-01-10 21:35:34] [process_single_sorry] .env file created (exit_code: 0)
[2026-01-10 21:35:34] [process_single_sorry] Executing agent command...
[2026-01-10 21:40:57] [process_single_sorry] Agent command completed (exit_code: 0)
[2026-01-10 21:40:57] [process_single_sorry] STDOUT:

Results JSON:
[
  {
    "sorry": {
      "repo": {
        "remote": "https://github.com/ImperialCollegeLondon/FLT",
        "branch": "auto-update-lean/patch-master",
        "commit": "03ad046f3be75e71332fcfae02c06ec717e054b1",
        "lean_version": "v4.27.0-rc1"
      },
      "location": {
        "path": "FLT/HaarMeasure/HaarChar/AdeleRing.lean",
        "start_line": 42,
        "start_column": 2,
        "end_line": 42,
        "end_column": 7
      },
      "debug_info": {
        "goal": "K : Type u_1\ninst✝⁸ : Field K\ninst✝⁷ : NumberField K\nB : Type u_4\ninst✝⁶ : Ring B\ninst✝⁵ : Algebra K B\ninst✝⁴ : FiniteDimensional K B\ninst✝³ : MeasurableSpace (TensorProduct K B (AdeleRing (RingOfIntegers K) K))\ninst✝² : BorelSpace (TensorProduct K B (AdeleRing (RingOfIntegers K) K))\ninst✝¹ : IsSimpleRing B\ninst✝ : Algebra.IsCentral K B\nu : (TensorProduct K B (AdeleRing (RingOfIntegers K) K))ˣ\n⊢ addEquivAddHaarChar (ContinuousAddEquiv.mulLeft u) = addEquivAddHaarChar (ContinuousAddEquiv.mulRight u)",
        "url": "https://github.com/ImperialCollegeLondon/FLT/blob/03ad046f3be75e71332fcfae02c06ec717e054b1/FLT/HaarMeasure/HaarChar/AdeleRing.lean#L42"
      },
      "metadata": {
        "blame_email_hash": "c7989443bd81",
        "blame_date": "2025-06-07T23:01:07+01:00",
        "inclusion_date": "2025-12-29T16:49:04.297460+00:00"
      },
      "id": "c8654b1b4e147f05a88b2e45190362786de988ebb8d883f64b2409a245b7fe7e"
    },
    "proof": null,
    "proof_verified": false,
    "feedback": null,
    "verification_message": "All 11 attempts failed (11 strategies x 1 attempts each)",
    "success": true,
    "error_type": null,
    "error_message": null,
    "strategy_name": "all_failed_k=1",
    "proof_attempts": [
      "rfl",
      "simp",
      "simp_all",
      "exact?",
      "grind",
      "ring",
      "norm_num",
      "omega",
      "linarith",
      "nlinarith",
      "aesop"
    ]
  }
]

[2026-01-10 21:40:57] [process_single_sorry] STDERR:
None of PyTorch, TensorFlow >= 2.0, or Flax have been found. Models won't be available and only tokenizers, configuration and file/data utilities can be used.
[2026-01-10 21:36:03] [INFO] ================================================================================
[2026-01-10 21:36:03] [INFO] Starting run_morphcloud_local.py
[2026-01-10 21:36:03] [INFO] ================================================================================
[2026-01-10 21:36:03] [INFO] Environment loaded
[2026-01-10 21:36:03] [INFO] Full command: /root/SorryDB/sorrydb/cli/run_morphcloud_local.py --repo-path /root/repo --sorry-json {"repo": {"remote": "https://github.com/ImperialCollegeLondon/FLT", "branch": "auto-update-lean/patch-master", "commit": "03ad046f3be75e71332fcfae02c06ec717e054b1", "lean_version": "v4.27.0-rc1"}, "location": {"path": "FLT/HaarMeasure/HaarChar/AdeleRing.lean", "start_line": 42, "start_column": 2, "end_line": 42, "end_column": 7}, "debug_info": {"goal": "K : Type u_1\ninst\u271d\u2078 : Field K\ninst\u271d\u2077 : NumberField K\nB : Type u_4\ninst\u271d\u2076 : Ring B\ninst\u271d\u2075 : Algebra K B\ninst\u271d\u2074 : FiniteDimensional K B\ninst\u271d\u00b3 : MeasurableSpace (TensorProduct K B (AdeleRing (RingOfIntegers K) K))\ninst\u271d\u00b2 : BorelSpace (TensorProduct K B (AdeleRing (RingOfIntegers K) K))\ninst\u271d\u00b9 : IsSimpleRing B\ninst\u271d : Algebra.IsCentral K B\nu : (TensorProduct K B (AdeleRing (RingOfIntegers K) K))\u02e3\n\u22a2 addEquivAddHaarChar (ContinuousAddEquiv.mulLeft u) = addEquivAddHaarChar (ContinuousAddEquiv.mulRight u)", "url": "https://github.com/ImperialCollegeLondon/FLT/blob/03ad046f3be75e71332fcfae02c06ec717e054b1/FLT/HaarMeasure/HaarChar/AdeleRing.lean#L42"}, "metadata": {"blame_email_hash": "c7989443bd81", "blame_date": "2025-06-07T23:01:07+01:00", "inclusion_date": "2025-12-29T16:49:04.297460+00:00"}, "id": "c8654b1b4e147f05a88b2e45190362786de988ebb8d883f64b2409a245b7fe7e"} --agent-strategy {"name": "multi_tactic", "args": {}}
[2026-01-10 21:36:03] [INFO] Arguments parsed: repo_path=/root/repo, output_path=/root/repo/result.json
[2026-01-10 21:36:03] [INFO] Strategy spec: {"name": "multi_tactic", "args": {}}...
[2026-01-10 21:36:03] [INFO] Loading sorry data...
[2026-01-10 21:36:03] [INFO] Parsing sorry from JSON string...
[2026-01-10 21:36:03] [INFO] Sorry data parsed from JSON string
[2026-01-10 21:36:03] [INFO] Creating strategy from spec...
[2026-01-10 21:36:03] [INFO] Parsing strategy spec (length: 36 chars)
[2026-01-10 21:36:03] [INFO] Strategy name: multi_tactic
[2026-01-10 21:36:03] [INFO] Strategy args: {}
[2026-01-10 21:36:03] [INFO] Pass@k value: 1
[2026-01-10 21:36:03] [INFO] Creating strategy: multi_tactic
[2026-01-10 21:36:03] [INFO] Creating multi_tactic strategy with tactics: ['rfl', 'simp', 'simp_all', 'exact?', 'grind', 'ring', 'norm_num', 'omega', 'linarith', 'nlinarith', 'aesop']
[2026-01-10 21:36:03] [INFO] Strategies created: ['rfl', 'simp', 'simp_all', 'exact?', 'grind', 'ring', 'norm_num', 'omega', 'linarith', 'nlinarith', 'aesop']
[2026-01-10 21:36:03] [INFO] Pass@k value: 1
[2026-01-10 21:36:03] [INFO] Creating Sorry object...
[2026-01-10 21:36:03] [INFO] Sorry object created: id=c8654b1b4e147f05a88b2e45190362786de988ebb8d883f64b2409a245b7fe7e
[2026-01-10 21:36:03] [INFO] Sorry location: FLT/HaarMeasure/HaarChar/AdeleRing.lean:42
[2026-01-10 21:36:03] [INFO] Context before sorry (lines 37-42):
[2026-01-10 21:36:03] [INFO]   37:   [BorelSpace (B ⊗[K] 𝔸 K)] in
[2026-01-10 21:36:03] [INFO]   38: lemma NumberField.AdeleRing.isCentralSimple_addHaarScalarFactor_left_mul_eq_right_mul
[2026-01-10 21:36:03] [INFO]   39:     [IsSimpleRing B] [Algebra.IsCentral K B] (u : (B ⊗[K] (𝔸 K))ˣ) :
[2026-01-10 21:36:03] [INFO]   40:     addEquivAddHaarChar (ContinuousAddEquiv.mulLeft u) =
[2026-01-10 21:36:03] [INFO]   41:     addEquivAddHaarChar (ContinuousAddEquiv.mulRight u) := by
[2026-01-10 21:36:03] [INFO]   42:   sorry
[2026-01-10 21:36:03] [INFO] Sorry line:   sorry
[2026-01-10 21:36:03] [INFO] Sorry goal: K : Type u_1
inst✝⁸ : Field K
inst✝⁷ : NumberField K
B : Type u_4
inst✝⁶ : Ring B
inst✝⁵ : Algebra K...
[2026-01-10 21:36:03] [INFO] ========================================
[2026-01-10 21:36:03] [INFO] Trying strategy: rfl (up to 1 attempts)
[2026-01-10 21:36:03] [INFO] --------------------
[2026-01-10 21:36:03] [INFO] Strategy rfl, attempt 1/1
[2026-01-10 21:36:03] [INFO] Starting proof generation...
[2026-01-10 21:36:03] [INFO] Repository path: /root/repo
[2026-01-10 21:36:03] [INFO] Proof generation completed
[2026-01-10 21:36:03] [INFO] Generated proof:
[2026-01-10 21:36:03] [INFO] rfl
[2026-01-10 21:36:03] [INFO] Proof length: 3 chars
[2026-01-10 21:36:03] [INFO] Starting proof verification...
[2026-01-10 21:36:03] [INFO] Verifying at: FLT/HaarMeasure/HaarChar/AdeleRing.lean:42
[2026-01-10 21:36:03] [INFO] Using LEAN INTERACT verify
[2026-01-10 21:36:03] [INFO] Checking file
[2026-01-10 21:38:07] [INFO] Cannot build modified file <error line="42" column="2">
<code_line>  rfl</code_line>
<message>error: Tactic `rfl` failed: The left-hand side</message>
</error>
  addEquivAddHaarChar (ContinuousAddEquiv.mulLeft u)
is not definitionally equal to the right-hand side
  addEquivAddHaarChar (ContinuousAddEquiv.mulRight u)

K : Type u_1
inst✝⁸ : Field K
inst✝⁷ : NumberField K
B : Type u_4
inst✝⁶ : Ring B
inst✝⁵ : Algebra K B
inst✝⁴ : FiniteDimensional K B
inst✝³ : MeasurableSpace (B ⊗[K] AdeleRing (𝓞 K) K)
inst✝² : BorelSpace (B ⊗[K] AdeleRing (𝓞 K) K)
inst✝¹ : IsSimpleRing B
inst✝ : Algebra.IsCentral K B
u : (B ⊗[K] AdeleRing (𝓞 K) K)ˣ
⊢ addEquivAddHaarChar (ContinuousAddEquiv.mulLeft u) = addEquivAddHaarChar (ContinuousAddEquiv.mulRight u)
[2026-01-10 21:38:07] [INFO] Proof verification completed
[2026-01-10 21:38:07] [INFO] Strategy rfl attempt 1: verified=False
[2026-01-10 21:38:07] [INFO] Verification message: Cannot build modified file: <error line="42" column="2">
<code_line>  rfl</code_line>
<message>error: Tactic `rfl` failed: The left-hand side</message>
</error>
  addEquivAddHaarChar (ContinuousAddEquiv.mulLeft u)
is not definitionally equal to the right-hand side
  addEquivAddHaarChar (ContinuousAddEquiv.mulRight u)

K : Type u_1
inst✝⁸ : Field K
inst✝⁷ : NumberField K
B : Type u_4
inst✝⁶ : Ring B
inst✝⁵ : Algebra K B
inst✝⁴ : FiniteDimensional K B
inst✝³ : MeasurableSpace (B ⊗[K] AdeleRing (𝓞 K) K)
inst✝² : BorelSpace (B ⊗[K] AdeleRing (𝓞 K) K)
inst✝¹ : IsSimpleRing B
inst✝ : Algebra.IsCentral K B
u : (B ⊗[K] AdeleRing (𝓞 K) K)ˣ
⊢ addEquivAddHaarChar (ContinuousAddEquiv.mulLeft u) = addEquivAddHaarChar (ContinuousAddEquiv.mulRight u)

[2026-01-10 21:38:07] [INFO] Attempt 1 failed verification, continuing...
[2026-01-10 21:38:07] [INFO] ========================================
[2026-01-10 21:38:07] [INFO] Trying strategy: simp (up to 1 attempts)
[2026-01-10 21:38:07] [INFO] --------------------
[2026-01-10 21:38:07] [INFO] Strategy simp, attempt 1/1
[2026-01-10 21:38:07] [INFO] Starting proof generation...
[2026-01-10 21:38:07] [INFO] Repository path: /root/repo
[2026-01-10 21:38:07] [INFO] Proof generation completed
[2026-01-10 21:38:07] [INFO] Generated proof:
[2026-01-10 21:38:07] [INFO] simp
[2026-01-10 21:38:07] [INFO] Proof length: 4 chars
[2026-01-10 21:38:07] [INFO] Starting proof verification...
[2026-01-10 21:38:07] [INFO] Verifying at: FLT/HaarMeasure/HaarChar/AdeleRing.lean:42
[2026-01-10 21:38:07] [INFO] Using LEAN INTERACT verify
[2026-01-10 21:38:07] [INFO] Checking file
[2026-01-10 21:38:22] [INFO] Cannot build modified file <error line="42" column="2">
<code_line>  simp</code_line>
<message>error: `simp` made no progress</message>
</error>
[2026-01-10 21:38:22] [INFO] Proof verification completed
[2026-01-10 21:38:22] [INFO] Strategy simp attempt 1: verified=False
[2026-01-10 21:38:22] [INFO] Verification message: Cannot build modified file: <error line="42" column="2">
<code_line>  simp</code_line>
<message>error: `simp` made no progress</message>
</error>

[2026-01-10 21:38:22] [INFO] Attempt 1 failed verification, continuing...
[2026-01-10 21:38:22] [INFO] ========================================
[2026-01-10 21:38:22] [INFO] Trying strategy: simp_all (up to 1 attempts)
[2026-01-10 21:38:22] [INFO] --------------------
[2026-01-10 21:38:22] [INFO] Strategy simp_all, attempt 1/1
[2026-01-10 21:38:22] [INFO] Starting proof generation...
[2026-01-10 21:38:22] [INFO] Repository path: /root/repo
[2026-01-10 21:38:22] [INFO] Proof generation completed
[2026-01-10 21:38:22] [INFO] Generated proof:
[2026-01-10 21:38:22] [INFO] simp_all
[2026-01-10 21:38:22] [INFO] Proof length: 8 chars
[2026-01-10 21:38:22] [INFO] Starting proof verification...
[2026-01-10 21:38:22] [INFO] Verifying at: FLT/HaarMeasure/HaarChar/AdeleRing.lean:42
[2026-01-10 21:38:22] [INFO] Using LEAN INTERACT verify
[2026-01-10 21:38:22] [INFO] Checking file
[2026-01-10 21:38:38] [INFO] Cannot build modified file <error line="42" column="2">
<code_line>  simp_all</code_line>
<message>error: simp_all made no progress</message>
</error>
[2026-01-10 21:38:38] [INFO] Proof verification completed
[2026-01-10 21:38:38] [INFO] Strategy simp_all attempt 1: verified=False
[2026-01-10 21:38:38] [INFO] Verification message: Cannot build modified file: <error line="42" column="2">
<code_line>  simp_all</code_line>
<message>error: simp_all made no progress</message>
</error>

[2026-01-10 21:38:38] [INFO] Attempt 1 failed verification, continuing...
[2026-01-10 21:38:38] [INFO] ========================================
[2026-01-10 21:38:38] [INFO] Trying strategy: exact? (up to 1 attempts)
[2026-01-10 21:38:38] [INFO] --------------------
[2026-01-10 21:38:38] [INFO] Strategy exact?, attempt 1/1
[2026-01-10 21:38:38] [INFO] Starting proof generation...
[2026-01-10 21:38:38] [INFO] Repository path: /root/repo
[2026-01-10 21:38:38] [INFO] Proof generation completed
[2026-01-10 21:38:38] [INFO] Generated proof:
[2026-01-10 21:38:38] [INFO] exact?
[2026-01-10 21:38:38] [INFO] Proof length: 6 chars
[2026-01-10 21:38:38] [INFO] Starting proof verification...
[2026-01-10 21:38:38] [INFO] Verifying at: FLT/HaarMeasure/HaarChar/AdeleRing.lean:42
[2026-01-10 21:38:38] [INFO] Using LEAN INTERACT verify
[2026-01-10 21:38:38] [INFO] Checking file
[2026-01-10 21:39:22] [INFO] Cannot build modified file <error line="42" column="2">
<code_line>  exact?</code_line>
<message>error: `exact?` could not close the goal. Try `apply?` to see partial suggestions.</message>
</error>
[2026-01-10 21:39:22] [INFO] Proof verification completed
[2026-01-10 21:39:22] [INFO] Strategy exact? attempt 1: verified=False
[2026-01-10 21:39:22] [INFO] Verification message: Cannot build modified file: <error line="42" column="2">
<code_line>  exact?</code_line>
<message>error: `exact?` could not close the goal. Try `apply?` to see partial suggestions.</message>
</error>

[2026-01-10 21:39:22] [INFO] Attempt 1 failed verification, continuing...
[2026-01-10 21:39:22] [INFO] ========================================
[2026-01-10 21:39:22] [INFO] Trying strategy: grind (up to 1 attempts)
[2026-01-10 21:39:22] [INFO] --------------------
[2026-01-10 21:39:22] [INFO] Strategy grind, attempt 1/1
[2026-01-10 21:39:22] [INFO] Starting proof generation...
[2026-01-10 21:39:22] [INFO] Repository path: /root/repo
[2026-01-10 21:39:22] [INFO] Proof generation completed
[2026-01-10 21:39:22] [INFO] Generated proof:
[2026-01-10 21:39:22] [INFO] grind
[2026-01-10 21:39:22] [INFO] Proof length: 5 chars
[2026-01-10 21:39:22] [INFO] Starting proof verification...
[2026-01-10 21:39:22] [INFO] Verifying at: FLT/HaarMeasure/HaarChar/AdeleRing.lean:42
[2026-01-10 21:39:22] [INFO] Using LEAN INTERACT verify
[2026-01-10 21:39:22] [INFO] Checking file
[2026-01-10 21:39:37] [INFO] Cannot build modified file <error line="42" column="2">
<code_line>  grind</code_line>
<message>error: `grind` failed</message>
</error>
case grind
K : Type u_1
inst : Field K
inst_1 : NumberField K
B : Type u_4
inst_2 : Ring B
inst_3 : Algebra K B
inst_4 : FiniteDimensional K B
inst_5 : MeasurableSpace (B ⊗[K] AdeleRing (𝓞 K) K)
inst_6 : BorelSpace (B ⊗[K] AdeleRing (𝓞 K) K)
inst_7 : IsSimpleRing B
inst_8 : Algebra.IsCentral K B
u : (B ⊗[K] AdeleRing (𝓞 K) K)ˣ
h : ¬addEquivAddHaarChar (ContinuousAddEquiv.mulLeft u) = addEquivAddHaarChar (ContinuousAddEquiv.mulRight u)
⊢ False
[grind] Goal diagnostics
  [facts] Asserted facts
    [prop] NumberField K
    [prop] Module.Finite K B
    [prop] BorelSpace (B ⊗[K] AdeleRing (𝓞 K) K)
    [prop] IsSimpleRing B
    [prop] Algebra.IsCentral K B
    [prop] ¬addEquivAddHaarChar (ContinuousAddEquiv.mulLeft u) = addEquivAddHaarChar (ContinuousAddEquiv.mulRight u)
  [eqc] True propositions
    [prop] IsDedekindDomain (𝓞 K)
    [prop] IsSimpleRing B
    [prop] LocallyCompactSpace (B ⊗[K] AdeleRing (𝓞 K) K)
    [prop] NumberField K
    [prop] BorelSpace (B ⊗[K] AdeleRing (𝓞 K) K)
    [prop] IsTopologicalAddGroup (B ⊗[K] AdeleRing (𝓞 K) K)
    [prop] IsTopologicalRing (B ⊗[K] AdeleRing (𝓞 K) K)
    [prop] Algebra.IsCentral K B
    [prop] Module.Finite K B
    [prop] SMulCommClass K (AdeleRing (𝓞 K) K) (AdeleRing (𝓞 K) K)
    [prop] SMulCommClass K B B
    [prop] IsLocalization' (nonZeroDivisors (𝓞 K)) K
    [prop] IsScalarTower K (AdeleRing (𝓞 K) K) (AdeleRing (𝓞 K) K)
    [prop] IsScalarTower K B B
  [eqc] False propositions
    [prop] addEquivAddHaarChar (ContinuousAddEquiv.mulLeft u) = addEquivAddHaarChar (ContinuousAddEquiv.mulRight u)
[2026-01-10 21:39:37] [INFO] Proof verification completed
[2026-01-10 21:39:37] [INFO] Strategy grind attempt 1: verified=False
[2026-01-10 21:39:37] [INFO] Verification message: Cannot build modified file: <error line="42" column="2">
<code_line>  grind</code_line>
<message>error: `grind` failed</message>
</error>
case grind
K : Type u_1
inst : Field K
inst_1 : NumberField K
B : Type u_4
inst_2 : Ring B
inst_3 : Algebra K B
inst_4 : FiniteDimensional K B
inst_5 : MeasurableSpace (B ⊗[K] AdeleRing (𝓞 K) K)
inst_6 : BorelSpace (B ⊗[K] AdeleRing (𝓞 K) K)
inst_7 : IsSimpleRing B
inst_8 : Algebra.IsCentral K B
u : (B ⊗[K] AdeleRing (𝓞 K) K)ˣ
h : ¬addEquivAddHaarChar (ContinuousAddEquiv.mulLeft u) = addEquivAddHaarChar (ContinuousAddEquiv.mulRight u)
⊢ False
[grind] Goal diagnostics
  [facts] Asserted facts
    [prop] NumberField K
    [prop] Module.Finite K B
    [prop] BorelSpace (B ⊗[K] AdeleRing (𝓞 K) K)
    [prop] IsSimpleRing B
    [prop] Algebra.IsCentral K B
    [prop] ¬addEquivAddHaarChar (ContinuousAddEquiv.mulLeft u) = addEquivAddHaarChar (ContinuousAddEquiv.mulRight u)
  [eqc] True propositions
    [prop] IsDedekindDomain (𝓞 K)
    [prop] IsSimpleRing B
    [prop] LocallyCompactSpace (B ⊗[K] AdeleRing (𝓞 K) K)
    [prop] NumberField K
    [prop] BorelSpace (B ⊗[K] AdeleRing (𝓞 K) K)
    [prop] IsTopologicalAddGroup (B ⊗[K] AdeleRing (𝓞 K) K)
    [prop] IsTopologicalRing (B ⊗[K] AdeleRing (𝓞 K) K)
    [prop] Algebra.IsCentral K B
    [prop] Module.Finite K B
    [prop] SMulCommClass K (AdeleRing (𝓞 K) K) (AdeleRing (𝓞 K) K)
    [prop] SMulCommClass K B B
    [prop] IsLocalization' (nonZeroDivisors (𝓞 K)) K
    [prop] IsScalarTower K (AdeleRing (𝓞 K) K) (AdeleRing (𝓞 K) K)
    [prop] IsScalarTower K B B
  [eqc] False propositions
    [prop] addEquivAddHaarChar (ContinuousAddEquiv.mulLeft u) = addEquivAddHaarChar (ContinuousAddEquiv.mulRight u)

[2026-01-10 21:39:37] [INFO] Attempt 1 failed verification, continuing...
[2026-01-10 21:39:37] [INFO] ========================================
[2026-01-10 21:39:37] [INFO] Trying strategy: ring (up to 1 attempts)
[2026-01-10 21:39:37] [INFO] --------------------
[2026-01-10 21:39:37] [INFO] Strategy ring, attempt 1/1
[2026-01-10 21:39:37] [INFO] Starting proof generation...
[2026-01-10 21:39:37] [INFO] Repository path: /root/repo
[2026-01-10 21:39:37] [INFO] Proof generation completed
[2026-01-10 21:39:37] [INFO] Generated proof:
[2026-01-10 21:39:37] [INFO] ring
[2026-01-10 21:39:37] [INFO] Proof length: 4 chars
[2026-01-10 21:39:37] [INFO] Starting proof verification...
[2026-01-10 21:39:37] [INFO] Verifying at: FLT/HaarMeasure/HaarChar/AdeleRing.lean:42
[2026-01-10 21:39:37] [INFO] Using LEAN INTERACT verify
[2026-01-10 21:39:37] [INFO] Checking file
[2026-01-10 21:39:51] [INFO] Cannot build modified file <error line="42" column="2">
<code_line>  ring</code_line>
<message>error: ring_nf made no progress on goal</message>
</error>
[2026-01-10 21:39:51] [INFO] Proof verification completed
[2026-01-10 21:39:51] [INFO] Strategy ring attempt 1: verified=False
[2026-01-10 21:39:51] [INFO] Verification message: Cannot build modified file: <error line="42" column="2">
<code_line>  ring</code_line>
<message>error: ring_nf made no progress on goal</message>
</error>

[2026-01-10 21:39:51] [INFO] Attempt 1 failed verification, continuing...
[2026-01-10 21:39:51] [INFO] ========================================
[2026-01-10 21:39:51] [INFO] Trying strategy: norm_num (up to 1 attempts)
[2026-01-10 21:39:51] [INFO] --------------------
[2026-01-10 21:39:51] [INFO] Strategy norm_num, attempt 1/1
[2026-01-10 21:39:51] [INFO] Starting proof generation...
[2026-01-10 21:39:51] [INFO] Repository path: /root/repo
[2026-01-10 21:39:51] [INFO] Proof generation completed
[2026-01-10 21:39:51] [INFO] Generated proof:
[2026-01-10 21:39:51] [INFO] norm_num
[2026-01-10 21:39:51] [INFO] Proof length: 8 chars
[2026-01-10 21:39:51] [INFO] Starting proof verification...
[2026-01-10 21:39:51] [INFO] Verifying at: FLT/HaarMeasure/HaarChar/AdeleRing.lean:42
[2026-01-10 21:39:51] [INFO] Using LEAN INTERACT verify
[2026-01-10 21:39:51] [INFO] Checking file
[2026-01-10 21:40:04] [INFO] Cannot build modified file <error line="41" column="59">
<code_line>    addEquivAddHaarChar (ContinuousAddEquiv.mulRight u) := by</code_line>
<message>error: unsolved goals</message>
</error>
K : Type u_1
inst✝⁸ : Field K
inst✝⁷ : NumberField K
B : Type u_4
inst✝⁶ : Ring B
inst✝⁵ : Algebra K B
inst✝⁴ : FiniteDimensional K B
inst✝³ : MeasurableSpace (B ⊗[K] AdeleRing (𝓞 K) K)
inst✝² : BorelSpace (B ⊗[K] AdeleRing (𝓞 K) K)
inst✝¹ : IsSimpleRing B
inst✝ : Algebra.IsCentral K B
u : (B ⊗[K] AdeleRing (𝓞 K) K)ˣ
⊢ addEquivAddHaarChar (ContinuousAddEquiv.mulLeft u) = addEquivAddHaarChar (ContinuousAddEquiv.mulRight u)
[2026-01-10 21:40:04] [INFO] Proof verification completed
[2026-01-10 21:40:04] [INFO] Strategy norm_num attempt 1: verified=False
[2026-01-10 21:40:04] [INFO] Verification message: Cannot build modified file: <error line="41" column="59">
<code_line>    addEquivAddHaarChar (ContinuousAddEquiv.mulRight u) := by</code_line>
<message>error: unsolved goals</message>
</error>
K : Type u_1
inst✝⁸ : Field K
inst✝⁷ : NumberField K
B : Type u_4
inst✝⁶ : Ring B
inst✝⁵ : Algebra K B
inst✝⁴ : FiniteDimensional K B
inst✝³ : MeasurableSpace (B ⊗[K] AdeleRing (𝓞 K) K)
inst✝² : BorelSpace (B ⊗[K] AdeleRing (𝓞 K) K)
inst✝¹ : IsSimpleRing B
inst✝ : Algebra.IsCentral K B
u : (B ⊗[K] AdeleRing (𝓞 K) K)ˣ
⊢ addEquivAddHaarChar (ContinuousAddEquiv.mulLeft u) = addEquivAddHaarChar (ContinuousAddEquiv.mulRight u)

[2026-01-10 21:40:04] [INFO] Attempt 1 failed verification, continuing...
[2026-01-10 21:40:04] [INFO] ========================================
[2026-01-10 21:40:04] [INFO] Trying strategy: omega (up to 1 attempts)
[2026-01-10 21:40:04] [INFO] --------------------
[2026-01-10 21:40:04] [INFO] Strategy omega, attempt 1/1
[2026-01-10 21:40:04] [INFO] Starting proof generation...
[2026-01-10 21:40:04] [INFO] Repository path: /root/repo
[2026-01-10 21:40:04] [INFO] Proof generation completed
[2026-01-10 21:40:04] [INFO] Generated proof:
[2026-01-10 21:40:04] [INFO] omega
[2026-01-10 21:40:04] [INFO] Proof length: 5 chars
[2026-01-10 21:40:04] [INFO] Starting proof verification...
[2026-01-10 21:40:04] [INFO] Verifying at: FLT/HaarMeasure/HaarChar/AdeleRing.lean:42
[2026-01-10 21:40:04] [INFO] Using LEAN INTERACT verify
[2026-01-10 21:40:04] [INFO] Checking file
[2026-01-10 21:40:16] [INFO] Cannot build modified file <error line="42" column="2">
<code_line>  omega</code_line>
<message>error: omega could not prove the goal:</message>
</error>
No usable constraints found. You may need to unfold definitions so `omega` can see linear arithmetic facts about `Nat` and `Int`, which may also involve multiplication, division, and modular remainder by constants.
[2026-01-10 21:40:16] [INFO] Proof verification completed
[2026-01-10 21:40:16] [INFO] Strategy omega attempt 1: verified=False
[2026-01-10 21:40:16] [INFO] Verification message: Cannot build modified file: <error line="42" column="2">
<code_line>  omega</code_line>
<message>error: omega could not prove the goal:</message>
</error>
No usable constraints found. You may need to unfold definitions so `omega` can see linear arithmetic facts about `Nat` and `Int`, which may also involve multiplication, division, and modular remainder by constants.

[2026-01-10 21:40:16] [INFO] Attempt 1 failed verification, continuing...
[2026-01-10 21:40:16] [INFO] ========================================
[2026-01-10 21:40:16] [INFO] Trying strategy: linarith (up to 1 attempts)
[2026-01-10 21:40:16] [INFO] --------------------
[2026-01-10 21:40:16] [INFO] Strategy linarith, attempt 1/1
[2026-01-10 21:40:16] [INFO] Starting proof generation...
[2026-01-10 21:40:16] [INFO] Repository path: /root/repo
[2026-01-10 21:40:16] [INFO] Proof generation completed
[2026-01-10 21:40:16] [INFO] Generated proof:
[2026-01-10 21:40:16] [INFO] linarith
[2026-01-10 21:40:16] [INFO] Proof length: 8 chars
[2026-01-10 21:40:16] [INFO] Starting proof verification...
[2026-01-10 21:40:16] [INFO] Verifying at: FLT/HaarMeasure/HaarChar/AdeleRing.lean:42
[2026-01-10 21:40:16] [INFO] Using LEAN INTERACT verify
[2026-01-10 21:40:16] [INFO] Checking file
[2026-01-10 21:40:29] [INFO] Cannot build modified file <error line="42" column="2">
<code_line>  linarith</code_line>
<message>error: linarith failed to find a contradiction</message>
</error>
case h1.h
K : Type u_1
inst✝⁸ : Field K
inst✝⁷ : NumberField K
B : Type u_4
inst✝⁶ : Ring B
inst✝⁵ : Algebra K B
inst✝⁴ : FiniteDimensional K B
inst✝³ : MeasurableSpace (B ⊗[K] AdeleRing (𝓞 K) K)
inst✝² : BorelSpace (B ⊗[K] AdeleRing (𝓞 K) K)
inst✝¹ : IsSimpleRing B
inst✝ : Algebra.IsCentral K B
u : (B ⊗[K] AdeleRing (𝓞 K) K)ˣ
a✝ : addEquivAddHaarChar (ContinuousAddEquiv.mulLeft u) < addEquivAddHaarChar (ContinuousAddEquiv.mulRight u)
⊢ False
failed
[2026-01-10 21:40:29] [INFO] Proof verification completed
[2026-01-10 21:40:29] [INFO] Strategy linarith attempt 1: verified=False
[2026-01-10 21:40:29] [INFO] Verification message: Cannot build modified file: <error line="42" column="2">
<code_line>  linarith</code_line>
<message>error: linarith failed to find a contradiction</message>
</error>
case h1.h
K : Type u_1
inst✝⁸ : Field K
inst✝⁷ : NumberField K
B : Type u_4
inst✝⁶ : Ring B
inst✝⁵ : Algebra K B
inst✝⁴ : FiniteDimensional K B
inst✝³ : MeasurableSpace (B ⊗[K] AdeleRing (𝓞 K) K)
inst✝² : BorelSpace (B ⊗[K] AdeleRing (𝓞 K) K)
inst✝¹ : IsSimpleRing B
inst✝ : Algebra.IsCentral K B
u : (B ⊗[K] AdeleRing (𝓞 K) K)ˣ
a✝ : addEquivAddHaarChar (ContinuousAddEquiv.mulLeft u) < addEquivAddHaarChar (ContinuousAddEquiv.mulRight u)
⊢ False
failed

[2026-01-10 21:40:29] [INFO] Attempt 1 failed verification, continuing...
[2026-01-10 21:40:29] [INFO] ========================================
[2026-01-10 21:40:29] [INFO] Trying strategy: nlinarith (up to 1 attempts)
[2026-01-10 21:40:29] [INFO] --------------------
[2026-01-10 21:40:29] [INFO] Strategy nlinarith, attempt 1/1
[2026-01-10 21:40:29] [INFO] Starting proof generation...
[2026-01-10 21:40:29] [INFO] Repository path: /root/repo
[2026-01-10 21:40:29] [INFO] Proof generation completed
[2026-01-10 21:40:29] [INFO] Generated proof:
[2026-01-10 21:40:29] [INFO] nlinarith
[2026-01-10 21:40:29] [INFO] Proof length: 9 chars
[2026-01-10 21:40:29] [INFO] Starting proof verification...
[2026-01-10 21:40:29] [INFO] Verifying at: FLT/HaarMeasure/HaarChar/AdeleRing.lean:42
[2026-01-10 21:40:29] [INFO] Using LEAN INTERACT verify
[2026-01-10 21:40:29] [INFO] Checking file
[2026-01-10 21:40:41] [INFO] Cannot build modified file <error line="42" column="2">
<code_line>  nlinarith</code_line>
<message>error: linarith failed to find a contradiction</message>
</error>
case h1.h
K : Type u_1
inst✝⁸ : Field K
inst✝⁷ : NumberField K
B : Type u_4
inst✝⁶ : Ring B
inst✝⁵ : Algebra K B
inst✝⁴ : FiniteDimensional K B
inst✝³ : MeasurableSpace (B ⊗[K] AdeleRing (𝓞 K) K)
inst✝² : BorelSpace (B ⊗[K] AdeleRing (𝓞 K) K)
inst✝¹ : IsSimpleRing B
inst✝ : Algebra.IsCentral K B
u : (B ⊗[K] AdeleRing (𝓞 K) K)ˣ
a✝ : addEquivAddHaarChar (ContinuousAddEquiv.mulLeft u) < addEquivAddHaarChar (ContinuousAddEquiv.mulRight u)
⊢ False
failed
[2026-01-10 21:40:41] [INFO] Proof verification completed
[2026-01-10 21:40:41] [INFO] Strategy nlinarith attempt 1: verified=False
[2026-01-10 21:40:41] [INFO] Verification message: Cannot build modified file: <error line="42" column="2">
<code_line>  nlinarith</code_line>
<message>error: linarith failed to find a contradiction</message>
</error>
case h1.h
K : Type u_1
inst✝⁸ : Field K
inst✝⁷ : NumberField K
B : Type u_4
inst✝⁶ : Ring B
inst✝⁵ : Algebra K B
inst✝⁴ : FiniteDimensional K B
inst✝³ : MeasurableSpace (B ⊗[K] AdeleRing (𝓞 K) K)
inst✝² : BorelSpace (B ⊗[K] AdeleRing (𝓞 K) K)
inst✝¹ : IsSimpleRing B
inst✝ : Algebra.IsCentral K B
u : (B ⊗[K] AdeleRing (𝓞 K) K)ˣ
a✝ : addEquivAddHaarChar (ContinuousAddEquiv.mulLeft u) < addEquivAddHaarChar (ContinuousAddEquiv.mulRight u)
⊢ False
failed

[2026-01-10 21:40:41] [INFO] Attempt 1 failed verification, continuing...
[2026-01-10 21:40:41] [INFO] ========================================
[2026-01-10 21:40:41] [INFO] Trying strategy: aesop (up to 1 attempts)
[2026-01-10 21:40:41] [INFO] --------------------
[2026-01-10 21:40:41] [INFO] Strategy aesop, attempt 1/1
[2026-01-10 21:40:41] [INFO] Starting proof generation...
[2026-01-10 21:40:41] [INFO] Repository path: /root/repo
[2026-01-10 21:40:41] [INFO] Proof generation completed
[2026-01-10 21:40:41] [INFO] Generated proof:
[2026-01-10 21:40:41] [INFO] aesop
[2026-01-10 21:40:41] [INFO] Proof length: 5 chars
[2026-01-10 21:40:41] [INFO] Starting proof verification...
[2026-01-10 21:40:41] [INFO] Verifying at: FLT/HaarMeasure/HaarChar/AdeleRing.lean:42
[2026-01-10 21:40:41] [INFO] Using LEAN INTERACT verify
[2026-01-10 21:40:41] [INFO] Checking file
[2026-01-10 21:40:55] [INFO] Cannot build modified file <error line="42" column="2">
<code_line>  aesop</code_line>
<message>error: tactic 'aesop' failed, made no progress</message>
</error>
Initial goal:
  K : Type u_1
  inst✝⁸ : Field K
  inst✝⁷ : NumberField K
  B : Type u_4
  inst✝⁶ : Ring B
  inst✝⁵ : Algebra K B
  inst✝⁴ : FiniteDimensional K B
  inst✝³ : MeasurableSpace (B ⊗[K] AdeleRing (𝓞 K) K)
  inst✝² : BorelSpace (B ⊗[K] AdeleRing (𝓞 K) K)
  inst✝¹ : IsSimpleRing B
  inst✝ : Algebra.IsCentral K B
  u : (B ⊗[K] AdeleRing (𝓞 K) K)ˣ
  ⊢ addEquivAddHaarChar (ContinuousAddEquiv.mulLeft u) = addEquivAddHaarChar (ContinuousAddEquiv.mulRight u)
[2026-01-10 21:40:55] [INFO] Proof verification completed
[2026-01-10 21:40:55] [INFO] Strategy aesop attempt 1: verified=False
[2026-01-10 21:40:55] [INFO] Verification message: Cannot build modified file: <error line="42" column="2">
<code_line>  aesop</code_line>
<message>error: tactic 'aesop' failed, made no progress</message>
</error>
Initial goal:
  K : Type u_1
  inst✝⁸ : Field K
  inst✝⁷ : NumberField K
  B : Type u_4
  inst✝⁶ : Ring B
  inst✝⁵ : Algebra K B
  inst✝⁴ : FiniteDimensional K B
  inst✝³ : MeasurableSpace (B ⊗[K] AdeleRing (𝓞 K) K)
  inst✝² : BorelSpace (B ⊗[K] AdeleRing (𝓞 K) K)
  inst✝¹ : IsSimpleRing B
  inst✝ : Algebra.IsCentral K B
  u : (B ⊗[K] AdeleRing (𝓞 K) K)ˣ
  ⊢ addEquivAddHaarChar (ContinuousAddEquiv.mulLeft u) = addEquivAddHaarChar (ContinuousAddEquiv.mulRight u)

[2026-01-10 21:40:55] [INFO] Attempt 1 failed verification, continuing...
[2026-01-10 21:40:55] [INFO] ========================================
[2026-01-10 21:40:55] [INFO] Pass@k completed. Total results: 1
[2026-01-10 21:40:55] [INFO] FAILED: All 11 strategies x 1 attempts
[2026-01-10 21:40:55] [INFO] Writing results to file: /root/repo/result.json
[2026-01-10 21:40:55] [INFO] Result file written successfully
[2026-01-10 21:40:55] [INFO] Results exported to: /root/repo/result.json
[2026-01-10 21:40:55] [INFO] run_morphcloud_local.py completed successfully

[2026-01-10 21:40:57] [process_single_sorry] Downloading result file...
[2026-01-10 21:40:57] [process_single_sorry] Downloaded result to intermediate_experiment_outputs_full_reservoir/multi_tactic/2026-01-10_20-46-34_multi_tactic/individual/c8654b1b4e147f05a88b2e45190362786de988ebb8d883f64b2409a245b7fe7e.json
[2026-01-10 21:41:01] [process_single_sorry] Instance context closed successfully
[2026-01-10 21:41:01] [process_single_sorry] Parsing result file...
[2026-01-10 21:41:01] [process_single_sorry] Successfully parsed result (list format, 1 results)
