[2026-01-10 23:43:02] [process_single_sorry] Starting for sorry c8d6e569ec0a4a8fd462df3e76bc98c5e6c7174f550339220e7acbd10823d078
[2026-01-10 23:43:02] [process_single_sorry] Using snapshot: snapshot_ire6vwdr
[2026-01-10 23:43:02] [process_single_sorry] Repository: https://github.com/mo271/FormalBook@4acd53dd6e426c19498f1ea0bc58b758e8200340
[2026-01-10 23:43:02] [process_single_sorry] Instance name: FormalBook_4acd53dd6e42_multi_tactic_c8d6e569ec0a4a8fd462df3e76bc98c5e6c7174f550339220e7acbd10823d078
[2026-01-10 23:43:02] [process_single_sorry] Starting attempt 1/3
[2026-01-10 23:43:02] [process_single_sorry] Starting instance from snapshot...
[2026-01-10 23:43:02] [process_single_sorry] Instance started successfully: morphvm_d78pwfts
[2026-01-10 23:43:02] [process_single_sorry] Creating .env file...
[2026-01-10 23:43:06] [process_single_sorry] .env file created (exit_code: 0)
[2026-01-10 23:43:06] [process_single_sorry] Executing agent command...
[2026-01-10 23:45:16] [process_single_sorry] Agent command completed (exit_code: 0)
[2026-01-10 23:45:16] [process_single_sorry] STDOUT:

Results JSON:
[
  {
    "sorry": {
      "repo": {
        "remote": "https://github.com/mo271/FormalBook",
        "branch": "main",
        "commit": "4acd53dd6e426c19498f1ea0bc58b758e8200340",
        "lean_version": "v4.27.0-rc1"
      },
      "location": {
        "path": "FormalBook/Chapter_44.lean",
        "start_line": 47,
        "start_column": 4,
        "end_line": 47,
        "end_column": 9
      },
      "debug_info": {
        "goal": "V : Type u\ninst✝¹ : Fintype V\nG : SimpleGraph V\ninst✝ : Nonempty V\nh : ∀ ⦃v w : V⦄, v ≠ w → Fintype.card ↑(G.commonNeighbors v w) = 1\nno_politician : ¬∃ v, ∀ (w : V), v ≠ w → G.Adj v w\n⊢ ∃ k, G.IsRegularOfDegree k",
        "url": "https://github.com/mo271/FormalBook/blob/4acd53dd6e426c19498f1ea0bc58b758e8200340/FormalBook/Chapter_44.lean#L47"
      },
      "metadata": {
        "blame_email_hash": "ef3bc37f67e8",
        "blame_date": "2024-01-04T23:14:13+01:00",
        "inclusion_date": "2025-12-30T16:55:59.176214+00:00"
      },
      "id": "c8d6e569ec0a4a8fd462df3e76bc98c5e6c7174f550339220e7acbd10823d078"
    },
    "proof": null,
    "proof_verified": false,
    "feedback": null,
    "verification_message": "All 11 attempts failed (11 strategies x 1 attempts each)",
    "success": true,
    "error_type": null,
    "error_message": null,
    "strategy_name": "all_failed_k=1",
    "proof_attempts": [
      "rfl",
      "simp",
      "simp_all",
      "exact?",
      "grind",
      "ring",
      "norm_num",
      "omega",
      "linarith",
      "nlinarith",
      "aesop"
    ]
  }
]

[2026-01-10 23:45:16] [process_single_sorry] STDERR:
None of PyTorch, TensorFlow >= 2.0, or Flax have been found. Models won't be available and only tokenizers, configuration and file/data utilities can be used.
[2026-01-10 23:43:23] [INFO] ================================================================================
[2026-01-10 23:43:23] [INFO] Starting run_morphcloud_local.py
[2026-01-10 23:43:23] [INFO] ================================================================================
[2026-01-10 23:43:23] [INFO] Environment loaded
[2026-01-10 23:43:23] [INFO] Full command: /root/SorryDB/sorrydb/cli/run_morphcloud_local.py --repo-path /root/repo --sorry-json {"repo": {"remote": "https://github.com/mo271/FormalBook", "branch": "main", "commit": "4acd53dd6e426c19498f1ea0bc58b758e8200340", "lean_version": "v4.27.0-rc1"}, "location": {"path": "FormalBook/Chapter_44.lean", "start_line": 47, "start_column": 4, "end_line": 47, "end_column": 9}, "debug_info": {"goal": "V : Type u\ninst\u271d\u00b9 : Fintype V\nG : SimpleGraph V\ninst\u271d : Nonempty V\nh : \u2200 \u2983v w : V\u2984, v \u2260 w \u2192 Fintype.card \u2191(G.commonNeighbors v w) = 1\nno_politician : \u00ac\u2203 v, \u2200 (w : V), v \u2260 w \u2192 G.Adj v w\n\u22a2 \u2203 k, G.IsRegularOfDegree k", "url": "https://github.com/mo271/FormalBook/blob/4acd53dd6e426c19498f1ea0bc58b758e8200340/FormalBook/Chapter_44.lean#L47"}, "metadata": {"blame_email_hash": "ef3bc37f67e8", "blame_date": "2024-01-04T23:14:13+01:00", "inclusion_date": "2025-12-30T16:55:59.176214+00:00"}, "id": "c8d6e569ec0a4a8fd462df3e76bc98c5e6c7174f550339220e7acbd10823d078"} --agent-strategy {"name": "multi_tactic", "args": {}}
[2026-01-10 23:43:23] [INFO] Arguments parsed: repo_path=/root/repo, output_path=/root/repo/result.json
[2026-01-10 23:43:23] [INFO] Strategy spec: {"name": "multi_tactic", "args": {}}...
[2026-01-10 23:43:23] [INFO] Loading sorry data...
[2026-01-10 23:43:23] [INFO] Parsing sorry from JSON string...
[2026-01-10 23:43:23] [INFO] Sorry data parsed from JSON string
[2026-01-10 23:43:23] [INFO] Creating strategy from spec...
[2026-01-10 23:43:23] [INFO] Parsing strategy spec (length: 36 chars)
[2026-01-10 23:43:23] [INFO] Strategy name: multi_tactic
[2026-01-10 23:43:23] [INFO] Strategy args: {}
[2026-01-10 23:43:23] [INFO] Pass@k value: 1
[2026-01-10 23:43:23] [INFO] Creating strategy: multi_tactic
[2026-01-10 23:43:23] [INFO] Creating multi_tactic strategy with tactics: ['rfl', 'simp', 'simp_all', 'exact?', 'grind', 'ring', 'norm_num', 'omega', 'linarith', 'nlinarith', 'aesop']
[2026-01-10 23:43:23] [INFO] Strategies created: ['rfl', 'simp', 'simp_all', 'exact?', 'grind', 'ring', 'norm_num', 'omega', 'linarith', 'nlinarith', 'aesop']
[2026-01-10 23:43:23] [INFO] Pass@k value: 1
[2026-01-10 23:43:23] [INFO] Creating Sorry object...
[2026-01-10 23:43:23] [INFO] Sorry object created: id=c8d6e569ec0a4a8fd462df3e76bc98c5e6c7174f550339220e7acbd10823d078
[2026-01-10 23:43:23] [INFO] Sorry location: FormalBook/Chapter_44.lean:47
[2026-01-10 23:43:23] [INFO] Context before sorry (lines 42-47):
[2026-01-10 23:43:23] [INFO]   42:   -- Suppose the assertion is false, and `G` is a counterexample.
[2026-01-10 23:43:23] [INFO]   43:   by_contra no_politician
[2026-01-10 23:43:23] [INFO]   44:   -- We proceed in two steps
[2026-01-10 23:43:23] [INFO]   45:   -- (1) We claim that G is a regular graph
[2026-01-10 23:43:23] [INFO]   46:   have lemma₁ :  ∃ k : ℕ, G.IsRegularOfDegree k := by
[2026-01-10 23:43:23] [INFO]   47:     sorry
[2026-01-10 23:43:23] [INFO] Sorry line:     sorry
[2026-01-10 23:43:23] [INFO] Sorry goal: V : Type u
inst✝¹ : Fintype V
G : SimpleGraph V
inst✝ : Nonempty V
h : ∀ ⦃v w : V⦄, v ≠ w → Fintype....
[2026-01-10 23:43:23] [INFO] ========================================
[2026-01-10 23:43:23] [INFO] Trying strategy: rfl (up to 1 attempts)
[2026-01-10 23:43:23] [INFO] --------------------
[2026-01-10 23:43:23] [INFO] Strategy rfl, attempt 1/1
[2026-01-10 23:43:23] [INFO] Starting proof generation...
[2026-01-10 23:43:23] [INFO] Repository path: /root/repo
[2026-01-10 23:43:23] [INFO] Proof generation completed
[2026-01-10 23:43:23] [INFO] Generated proof:
[2026-01-10 23:43:23] [INFO] rfl
[2026-01-10 23:43:23] [INFO] Proof length: 3 chars
[2026-01-10 23:43:23] [INFO] Starting proof verification...
[2026-01-10 23:43:23] [INFO] Verifying at: FormalBook/Chapter_44.lean:47
[2026-01-10 23:43:23] [INFO] Using LEAN INTERACT verify
[2026-01-10 23:43:23] [INFO] Checking file
[2026-01-10 23:43:55] [INFO] Cannot build modified file <error line="47" column="4">
<code_line>    rfl</code_line>
<message>error: Tactic `rfl` failed: The left-hand side</message>
</error>
  ℕ
is not definitionally equal to the right-hand side
  fun k => G.IsRegularOfDegree k

V : Type u
inst✝¹ : Fintype V
G : SimpleGraph V
inst✝ : Nonempty V
h : ∀ ⦃v w : V⦄, v ≠ w → Fintype.card ↑(G.commonNeighbors v w) = 1
no_politician : ¬∃ v, ∀ (w : V), v ≠ w → G.Adj v w
⊢ ∃ k, G.IsRegularOfDegree k
[2026-01-10 23:43:55] [INFO] Proof verification completed
[2026-01-10 23:43:55] [INFO] Strategy rfl attempt 1: verified=False
[2026-01-10 23:43:55] [INFO] Verification message: Cannot build modified file: <error line="47" column="4">
<code_line>    rfl</code_line>
<message>error: Tactic `rfl` failed: The left-hand side</message>
</error>
  ℕ
is not definitionally equal to the right-hand side
  fun k => G.IsRegularOfDegree k

V : Type u
inst✝¹ : Fintype V
G : SimpleGraph V
inst✝ : Nonempty V
h : ∀ ⦃v w : V⦄, v ≠ w → Fintype.card ↑(G.commonNeighbors v w) = 1
no_politician : ¬∃ v, ∀ (w : V), v ≠ w → G.Adj v w
⊢ ∃ k, G.IsRegularOfDegree k

[2026-01-10 23:43:55] [INFO] Attempt 1 failed verification, continuing...
[2026-01-10 23:43:55] [INFO] ========================================
[2026-01-10 23:43:55] [INFO] Trying strategy: simp (up to 1 attempts)
[2026-01-10 23:43:55] [INFO] --------------------
[2026-01-10 23:43:55] [INFO] Strategy simp, attempt 1/1
[2026-01-10 23:43:55] [INFO] Starting proof generation...
[2026-01-10 23:43:55] [INFO] Repository path: /root/repo
[2026-01-10 23:43:55] [INFO] Proof generation completed
[2026-01-10 23:43:55] [INFO] Generated proof:
[2026-01-10 23:43:55] [INFO] simp
[2026-01-10 23:43:55] [INFO] Proof length: 4 chars
[2026-01-10 23:43:55] [INFO] Starting proof verification...
[2026-01-10 23:43:55] [INFO] Verifying at: FormalBook/Chapter_44.lean:47
[2026-01-10 23:43:55] [INFO] Using LEAN INTERACT verify
[2026-01-10 23:43:55] [INFO] Checking file
[2026-01-10 23:44:02] [INFO] Cannot build modified file <error line="47" column="4">
<code_line>    simp</code_line>
<message>error: `simp` made no progress</message>
</error>
[2026-01-10 23:44:02] [INFO] Proof verification completed
[2026-01-10 23:44:02] [INFO] Strategy simp attempt 1: verified=False
[2026-01-10 23:44:02] [INFO] Verification message: Cannot build modified file: <error line="47" column="4">
<code_line>    simp</code_line>
<message>error: `simp` made no progress</message>
</error>

[2026-01-10 23:44:02] [INFO] Attempt 1 failed verification, continuing...
[2026-01-10 23:44:02] [INFO] ========================================
[2026-01-10 23:44:02] [INFO] Trying strategy: simp_all (up to 1 attempts)
[2026-01-10 23:44:02] [INFO] --------------------
[2026-01-10 23:44:02] [INFO] Strategy simp_all, attempt 1/1
[2026-01-10 23:44:02] [INFO] Starting proof generation...
[2026-01-10 23:44:02] [INFO] Repository path: /root/repo
[2026-01-10 23:44:02] [INFO] Proof generation completed
[2026-01-10 23:44:02] [INFO] Generated proof:
[2026-01-10 23:44:02] [INFO] simp_all
[2026-01-10 23:44:02] [INFO] Proof length: 8 chars
[2026-01-10 23:44:02] [INFO] Starting proof verification...
[2026-01-10 23:44:02] [INFO] Verifying at: FormalBook/Chapter_44.lean:47
[2026-01-10 23:44:02] [INFO] Using LEAN INTERACT verify
[2026-01-10 23:44:02] [INFO] Checking file
[2026-01-10 23:44:10] [INFO] Cannot build modified file <error line="46" column="51">
<code_line>  have lemma₁ :  ∃ k : ℕ, G.IsRegularOfDegree k := by</code_line>
<message>error: unsolved goals</message>
</error>
V : Type u
inst✝¹ : Fintype V
G : SimpleGraph V
inst✝ : Nonempty V
h : ∀ ⦃v w : V⦄, ¬v = w → #(filter (Membership.mem (G.commonNeighbors v w)) univ) = 1
no_politician : ∀ (x : V), ∃ x_1, ¬x = x_1 ∧ ¬G.Adj x x_1
⊢ ∃ k, G.IsRegularOfDegree k
[2026-01-10 23:44:10] [INFO] Proof verification completed
[2026-01-10 23:44:10] [INFO] Strategy simp_all attempt 1: verified=False
[2026-01-10 23:44:10] [INFO] Verification message: Cannot build modified file: <error line="46" column="51">
<code_line>  have lemma₁ :  ∃ k : ℕ, G.IsRegularOfDegree k := by</code_line>
<message>error: unsolved goals</message>
</error>
V : Type u
inst✝¹ : Fintype V
G : SimpleGraph V
inst✝ : Nonempty V
h : ∀ ⦃v w : V⦄, ¬v = w → #(filter (Membership.mem (G.commonNeighbors v w)) univ) = 1
no_politician : ∀ (x : V), ∃ x_1, ¬x = x_1 ∧ ¬G.Adj x x_1
⊢ ∃ k, G.IsRegularOfDegree k

[2026-01-10 23:44:10] [INFO] Attempt 1 failed verification, continuing...
[2026-01-10 23:44:10] [INFO] ========================================
[2026-01-10 23:44:10] [INFO] Trying strategy: exact? (up to 1 attempts)
[2026-01-10 23:44:10] [INFO] --------------------
[2026-01-10 23:44:10] [INFO] Strategy exact?, attempt 1/1
[2026-01-10 23:44:10] [INFO] Starting proof generation...
[2026-01-10 23:44:10] [INFO] Repository path: /root/repo
[2026-01-10 23:44:10] [INFO] Proof generation completed
[2026-01-10 23:44:10] [INFO] Generated proof:
[2026-01-10 23:44:10] [INFO] exact?
[2026-01-10 23:44:10] [INFO] Proof length: 6 chars
[2026-01-10 23:44:10] [INFO] Starting proof verification...
[2026-01-10 23:44:10] [INFO] Verifying at: FormalBook/Chapter_44.lean:47
[2026-01-10 23:44:10] [INFO] Using LEAN INTERACT verify
[2026-01-10 23:44:10] [INFO] Checking file
[2026-01-10 23:44:30] [INFO] Cannot build modified file <error line="47" column="4">
<code_line>    exact?</code_line>
<message>error: `exact?` could not close the goal. Try `apply?` to see partial suggestions.</message>
</error>
[2026-01-10 23:44:30] [INFO] Proof verification completed
[2026-01-10 23:44:30] [INFO] Strategy exact? attempt 1: verified=False
[2026-01-10 23:44:30] [INFO] Verification message: Cannot build modified file: <error line="47" column="4">
<code_line>    exact?</code_line>
<message>error: `exact?` could not close the goal. Try `apply?` to see partial suggestions.</message>
</error>

[2026-01-10 23:44:30] [INFO] Attempt 1 failed verification, continuing...
[2026-01-10 23:44:30] [INFO] ========================================
[2026-01-10 23:44:30] [INFO] Trying strategy: grind (up to 1 attempts)
[2026-01-10 23:44:30] [INFO] --------------------
[2026-01-10 23:44:30] [INFO] Strategy grind, attempt 1/1
[2026-01-10 23:44:30] [INFO] Starting proof generation...
[2026-01-10 23:44:30] [INFO] Repository path: /root/repo
[2026-01-10 23:44:30] [INFO] Proof generation completed
[2026-01-10 23:44:30] [INFO] Generated proof:
[2026-01-10 23:44:30] [INFO] grind
[2026-01-10 23:44:30] [INFO] Proof length: 5 chars
[2026-01-10 23:44:30] [INFO] Starting proof verification...
[2026-01-10 23:44:30] [INFO] Verifying at: FormalBook/Chapter_44.lean:47
[2026-01-10 23:44:30] [INFO] Using LEAN INTERACT verify
[2026-01-10 23:44:30] [INFO] Checking file
[2026-01-10 23:44:38] [INFO] Cannot build modified file <error line="47" column="4">
<code_line>    grind</code_line>
<message>error: `grind` failed</message>
</error>
case grind
V : Type u
inst : Fintype V
G : SimpleGraph V
inst_1 : Nonempty V
h : ∀ ⦃v w : V⦄, v ≠ w → Fintype.card ↑(G.commonNeighbors v w) = 1
no_politician : ¬∃ v, ∀ (w : V), v ≠ w → G.Adj v w
h_1 : ∀ (a : ℕ), ¬G.IsRegularOfDegree a
⊢ False
[grind] Goal diagnostics
  [facts] Asserted facts
    [prop] Nonempty V
    [prop] ∀ ⦃v w : V⦄, ¬v = w → Fintype.card { x // x ∈ G.commonNeighbors v w } = 1
    [prop] ∀ (a : V), ¬∀ (w : V), ¬a = w → G.Adj a w
    [prop] ∀ (a : ℕ), ¬G.IsRegularOfDegree a
  [eqc] True propositions
    [prop] Nonempty V
    [prop] ∀ (a : V), ¬∀ (w : V), ¬a = w → G.Adj a w
    [prop] ∀ ⦃v w : V⦄, ¬v = w → Fintype.card { x // x ∈ G.commonNeighbors v w } = 1
    [prop] ∀ (a : ℕ), ¬G.IsRegularOfDegree a
  [eqc] Equivalence classes
    [eqc] {G.neighborSetFintype, fun v => G.neighborSetFintype v}
  [ematch] E-matching patterns
    [thm] h: [@Ne `[V] #2 #1]
    [thm] h_1: [@IsRegularOfDegree `[V] `[G] `[fun v => G.neighborSetFintype v] #0]
[grind] Issues
  [issue] failed to create E-match local theorem for
        ∀ (a : V), ¬∀ (w : V), ¬a = w → G.Adj a w
[2026-01-10 23:44:38] [INFO] Proof verification completed
[2026-01-10 23:44:38] [INFO] Strategy grind attempt 1: verified=False
[2026-01-10 23:44:38] [INFO] Verification message: Cannot build modified file: <error line="47" column="4">
<code_line>    grind</code_line>
<message>error: `grind` failed</message>
</error>
case grind
V : Type u
inst : Fintype V
G : SimpleGraph V
inst_1 : Nonempty V
h : ∀ ⦃v w : V⦄, v ≠ w → Fintype.card ↑(G.commonNeighbors v w) = 1
no_politician : ¬∃ v, ∀ (w : V), v ≠ w → G.Adj v w
h_1 : ∀ (a : ℕ), ¬G.IsRegularOfDegree a
⊢ False
[grind] Goal diagnostics
  [facts] Asserted facts
    [prop] Nonempty V
    [prop] ∀ ⦃v w : V⦄, ¬v = w → Fintype.card { x // x ∈ G.commonNeighbors v w } = 1
    [prop] ∀ (a : V), ¬∀ (w : V), ¬a = w → G.Adj a w
    [prop] ∀ (a : ℕ), ¬G.IsRegularOfDegree a
  [eqc] True propositions
    [prop] Nonempty V
    [prop] ∀ (a : V), ¬∀ (w : V), ¬a = w → G.Adj a w
    [prop] ∀ ⦃v w : V⦄, ¬v = w → Fintype.card { x // x ∈ G.commonNeighbors v w } = 1
    [prop] ∀ (a : ℕ), ¬G.IsRegularOfDegree a
  [eqc] Equivalence classes
    [eqc] {G.neighborSetFintype, fun v => G.neighborSetFintype v}
  [ematch] E-matching patterns
    [thm] h: [@Ne `[V] #2 #1]
    [thm] h_1: [@IsRegularOfDegree `[V] `[G] `[fun v => G.neighborSetFintype v] #0]
[grind] Issues
  [issue] failed to create E-match local theorem for
        ∀ (a : V), ¬∀ (w : V), ¬a = w → G.Adj a w

[2026-01-10 23:44:38] [INFO] Attempt 1 failed verification, continuing...
[2026-01-10 23:44:38] [INFO] ========================================
[2026-01-10 23:44:38] [INFO] Trying strategy: ring (up to 1 attempts)
[2026-01-10 23:44:38] [INFO] --------------------
[2026-01-10 23:44:38] [INFO] Strategy ring, attempt 1/1
[2026-01-10 23:44:38] [INFO] Starting proof generation...
[2026-01-10 23:44:38] [INFO] Repository path: /root/repo
[2026-01-10 23:44:38] [INFO] Proof generation completed
[2026-01-10 23:44:38] [INFO] Generated proof:
[2026-01-10 23:44:38] [INFO] ring
[2026-01-10 23:44:38] [INFO] Proof length: 4 chars
[2026-01-10 23:44:38] [INFO] Starting proof verification...
[2026-01-10 23:44:38] [INFO] Verifying at: FormalBook/Chapter_44.lean:47
[2026-01-10 23:44:38] [INFO] Using LEAN INTERACT verify
[2026-01-10 23:44:38] [INFO] Checking file
[2026-01-10 23:44:45] [INFO] Cannot build modified file <error line="47" column="4">
<code_line>    ring</code_line>
<message>error: ring_nf made no progress on goal</message>
</error>
[2026-01-10 23:44:45] [INFO] Proof verification completed
[2026-01-10 23:44:45] [INFO] Strategy ring attempt 1: verified=False
[2026-01-10 23:44:45] [INFO] Verification message: Cannot build modified file: <error line="47" column="4">
<code_line>    ring</code_line>
<message>error: ring_nf made no progress on goal</message>
</error>

[2026-01-10 23:44:45] [INFO] Attempt 1 failed verification, continuing...
[2026-01-10 23:44:45] [INFO] ========================================
[2026-01-10 23:44:45] [INFO] Trying strategy: norm_num (up to 1 attempts)
[2026-01-10 23:44:45] [INFO] --------------------
[2026-01-10 23:44:45] [INFO] Strategy norm_num, attempt 1/1
[2026-01-10 23:44:45] [INFO] Starting proof generation...
[2026-01-10 23:44:45] [INFO] Repository path: /root/repo
[2026-01-10 23:44:45] [INFO] Proof generation completed
[2026-01-10 23:44:45] [INFO] Generated proof:
[2026-01-10 23:44:45] [INFO] norm_num
[2026-01-10 23:44:45] [INFO] Proof length: 8 chars
[2026-01-10 23:44:45] [INFO] Starting proof verification...
[2026-01-10 23:44:45] [INFO] Verifying at: FormalBook/Chapter_44.lean:47
[2026-01-10 23:44:45] [INFO] Using LEAN INTERACT verify
[2026-01-10 23:44:45] [INFO] Checking file
[2026-01-10 23:44:51] [INFO] Cannot build modified file <error line="46" column="51">
<code_line>  have lemma₁ :  ∃ k : ℕ, G.IsRegularOfDegree k := by</code_line>
<message>error: unsolved goals</message>
</error>
V : Type u
inst✝¹ : Fintype V
G : SimpleGraph V
inst✝ : Nonempty V
h : ∀ ⦃v w : V⦄, v ≠ w → Fintype.card ↑(G.commonNeighbors v w) = 1
no_politician : ¬∃ v, ∀ (w : V), v ≠ w → G.Adj v w
⊢ ∃ k, G.IsRegularOfDegree k
[2026-01-10 23:44:51] [INFO] Proof verification completed
[2026-01-10 23:44:51] [INFO] Strategy norm_num attempt 1: verified=False
[2026-01-10 23:44:51] [INFO] Verification message: Cannot build modified file: <error line="46" column="51">
<code_line>  have lemma₁ :  ∃ k : ℕ, G.IsRegularOfDegree k := by</code_line>
<message>error: unsolved goals</message>
</error>
V : Type u
inst✝¹ : Fintype V
G : SimpleGraph V
inst✝ : Nonempty V
h : ∀ ⦃v w : V⦄, v ≠ w → Fintype.card ↑(G.commonNeighbors v w) = 1
no_politician : ¬∃ v, ∀ (w : V), v ≠ w → G.Adj v w
⊢ ∃ k, G.IsRegularOfDegree k

[2026-01-10 23:44:51] [INFO] Attempt 1 failed verification, continuing...
[2026-01-10 23:44:51] [INFO] ========================================
[2026-01-10 23:44:51] [INFO] Trying strategy: omega (up to 1 attempts)
[2026-01-10 23:44:51] [INFO] --------------------
[2026-01-10 23:44:51] [INFO] Strategy omega, attempt 1/1
[2026-01-10 23:44:51] [INFO] Starting proof generation...
[2026-01-10 23:44:51] [INFO] Repository path: /root/repo
[2026-01-10 23:44:51] [INFO] Proof generation completed
[2026-01-10 23:44:51] [INFO] Generated proof:
[2026-01-10 23:44:51] [INFO] omega
[2026-01-10 23:44:51] [INFO] Proof length: 5 chars
[2026-01-10 23:44:51] [INFO] Starting proof verification...
[2026-01-10 23:44:51] [INFO] Verifying at: FormalBook/Chapter_44.lean:47
[2026-01-10 23:44:51] [INFO] Using LEAN INTERACT verify
[2026-01-10 23:44:51] [INFO] Checking file
[2026-01-10 23:44:57] [INFO] Cannot build modified file <error line="47" column="4">
<code_line>    omega</code_line>
<message>error: omega could not prove the goal:</message>
</error>
No usable constraints found. You may need to unfold definitions so `omega` can see linear arithmetic facts about `Nat` and `Int`, which may also involve multiplication, division, and modular remainder by constants.
[2026-01-10 23:44:57] [INFO] Proof verification completed
[2026-01-10 23:44:57] [INFO] Strategy omega attempt 1: verified=False
[2026-01-10 23:44:57] [INFO] Verification message: Cannot build modified file: <error line="47" column="4">
<code_line>    omega</code_line>
<message>error: omega could not prove the goal:</message>
</error>
No usable constraints found. You may need to unfold definitions so `omega` can see linear arithmetic facts about `Nat` and `Int`, which may also involve multiplication, division, and modular remainder by constants.

[2026-01-10 23:44:57] [INFO] Attempt 1 failed verification, continuing...
[2026-01-10 23:44:57] [INFO] ========================================
[2026-01-10 23:44:57] [INFO] Trying strategy: linarith (up to 1 attempts)
[2026-01-10 23:44:57] [INFO] --------------------
[2026-01-10 23:44:57] [INFO] Strategy linarith, attempt 1/1
[2026-01-10 23:44:57] [INFO] Starting proof generation...
[2026-01-10 23:44:57] [INFO] Repository path: /root/repo
[2026-01-10 23:44:57] [INFO] Proof generation completed
[2026-01-10 23:44:57] [INFO] Generated proof:
[2026-01-10 23:44:57] [INFO] linarith
[2026-01-10 23:44:57] [INFO] Proof length: 8 chars
[2026-01-10 23:44:57] [INFO] Starting proof verification...
[2026-01-10 23:44:57] [INFO] Verifying at: FormalBook/Chapter_44.lean:47
[2026-01-10 23:44:57] [INFO] Using LEAN INTERACT verify
[2026-01-10 23:44:57] [INFO] Checking file
[2026-01-10 23:45:04] [INFO] Cannot build modified file <error line="47" column="4">
<code_line>    linarith</code_line>
<message>error: linarith failed to find a contradiction</message>
</error>
V : Type u
inst✝¹ : Fintype V
G : SimpleGraph V
inst✝ : Nonempty V
h : ∀ ⦃v w : V⦄, v ≠ w → Fintype.card ↑(G.commonNeighbors v w) = 1
no_politician : ¬∃ v, ∀ (w : V), v ≠ w → G.Adj v w
⊢ False
failed
[2026-01-10 23:45:04] [INFO] Proof verification completed
[2026-01-10 23:45:04] [INFO] Strategy linarith attempt 1: verified=False
[2026-01-10 23:45:04] [INFO] Verification message: Cannot build modified file: <error line="47" column="4">
<code_line>    linarith</code_line>
<message>error: linarith failed to find a contradiction</message>
</error>
V : Type u
inst✝¹ : Fintype V
G : SimpleGraph V
inst✝ : Nonempty V
h : ∀ ⦃v w : V⦄, v ≠ w → Fintype.card ↑(G.commonNeighbors v w) = 1
no_politician : ¬∃ v, ∀ (w : V), v ≠ w → G.Adj v w
⊢ False
failed

[2026-01-10 23:45:04] [INFO] Attempt 1 failed verification, continuing...
[2026-01-10 23:45:04] [INFO] ========================================
[2026-01-10 23:45:04] [INFO] Trying strategy: nlinarith (up to 1 attempts)
[2026-01-10 23:45:04] [INFO] --------------------
[2026-01-10 23:45:04] [INFO] Strategy nlinarith, attempt 1/1
[2026-01-10 23:45:04] [INFO] Starting proof generation...
[2026-01-10 23:45:04] [INFO] Repository path: /root/repo
[2026-01-10 23:45:04] [INFO] Proof generation completed
[2026-01-10 23:45:04] [INFO] Generated proof:
[2026-01-10 23:45:04] [INFO] nlinarith
[2026-01-10 23:45:04] [INFO] Proof length: 9 chars
[2026-01-10 23:45:04] [INFO] Starting proof verification...
[2026-01-10 23:45:04] [INFO] Verifying at: FormalBook/Chapter_44.lean:47
[2026-01-10 23:45:04] [INFO] Using LEAN INTERACT verify
[2026-01-10 23:45:04] [INFO] Checking file
[2026-01-10 23:45:09] [INFO] Cannot build modified file <error line="47" column="4">
<code_line>    nlinarith</code_line>
<message>error: linarith failed to find a contradiction</message>
</error>
V : Type u
inst✝¹ : Fintype V
G : SimpleGraph V
inst✝ : Nonempty V
h : ∀ ⦃v w : V⦄, v ≠ w → Fintype.card ↑(G.commonNeighbors v w) = 1
no_politician : ¬∃ v, ∀ (w : V), v ≠ w → G.Adj v w
⊢ False
failed
[2026-01-10 23:45:09] [INFO] Proof verification completed
[2026-01-10 23:45:09] [INFO] Strategy nlinarith attempt 1: verified=False
[2026-01-10 23:45:09] [INFO] Verification message: Cannot build modified file: <error line="47" column="4">
<code_line>    nlinarith</code_line>
<message>error: linarith failed to find a contradiction</message>
</error>
V : Type u
inst✝¹ : Fintype V
G : SimpleGraph V
inst✝ : Nonempty V
h : ∀ ⦃v w : V⦄, v ≠ w → Fintype.card ↑(G.commonNeighbors v w) = 1
no_politician : ¬∃ v, ∀ (w : V), v ≠ w → G.Adj v w
⊢ False
failed

[2026-01-10 23:45:09] [INFO] Attempt 1 failed verification, continuing...
[2026-01-10 23:45:09] [INFO] ========================================
[2026-01-10 23:45:09] [INFO] Trying strategy: aesop (up to 1 attempts)
[2026-01-10 23:45:09] [INFO] --------------------
[2026-01-10 23:45:09] [INFO] Strategy aesop, attempt 1/1
[2026-01-10 23:45:09] [INFO] Starting proof generation...
[2026-01-10 23:45:09] [INFO] Repository path: /root/repo
[2026-01-10 23:45:09] [INFO] Proof generation completed
[2026-01-10 23:45:09] [INFO] Generated proof:
[2026-01-10 23:45:09] [INFO] aesop
[2026-01-10 23:45:09] [INFO] Proof length: 5 chars
[2026-01-10 23:45:09] [INFO] Starting proof verification...
[2026-01-10 23:45:09] [INFO] Verifying at: FormalBook/Chapter_44.lean:47
[2026-01-10 23:45:09] [INFO] Using LEAN INTERACT verify
[2026-01-10 23:45:09] [INFO] Checking file
[2026-01-10 23:45:15] [INFO] Cannot build modified file <error line="46" column="51">
<code_line>  have lemma₁ :  ∃ k : ℕ, G.IsRegularOfDegree k := by</code_line>
<message>error: unsolved goals</message>
</error>
V : Type u
inst : Fintype V
G : SimpleGraph V
inst_1 : Nonempty V
h : ∀ ⦃v w : V⦄, ¬v = w → #(filter (Membership.mem (G.commonNeighbors v w)) univ) = 1
no_politician : ∀ (x : V), ∃ x_1, ¬x = x_1 ∧ ¬G.Adj x x_1
⊢ ∃ k, G.IsRegularOfDegree k
[2026-01-10 23:45:15] [INFO] Proof verification completed
[2026-01-10 23:45:15] [INFO] Strategy aesop attempt 1: verified=False
[2026-01-10 23:45:15] [INFO] Verification message: Cannot build modified file: <error line="46" column="51">
<code_line>  have lemma₁ :  ∃ k : ℕ, G.IsRegularOfDegree k := by</code_line>
<message>error: unsolved goals</message>
</error>
V : Type u
inst : Fintype V
G : SimpleGraph V
inst_1 : Nonempty V
h : ∀ ⦃v w : V⦄, ¬v = w → #(filter (Membership.mem (G.commonNeighbors v w)) univ) = 1
no_politician : ∀ (x : V), ∃ x_1, ¬x = x_1 ∧ ¬G.Adj x x_1
⊢ ∃ k, G.IsRegularOfDegree k

[2026-01-10 23:45:15] [INFO] Attempt 1 failed verification, continuing...
[2026-01-10 23:45:15] [INFO] ========================================
[2026-01-10 23:45:15] [INFO] Pass@k completed. Total results: 1
[2026-01-10 23:45:15] [INFO] FAILED: All 11 strategies x 1 attempts
[2026-01-10 23:45:15] [INFO] Writing results to file: /root/repo/result.json
[2026-01-10 23:45:15] [INFO] Result file written successfully
[2026-01-10 23:45:15] [INFO] Results exported to: /root/repo/result.json
[2026-01-10 23:45:15] [INFO] run_morphcloud_local.py completed successfully

[2026-01-10 23:45:16] [process_single_sorry] Downloading result file...
[2026-01-10 23:45:17] [process_single_sorry] Downloaded result to intermediate_experiment_outputs_full_reservoir/multi_tactic/2026-01-10_20-46-34_multi_tactic/individual/c8d6e569ec0a4a8fd462df3e76bc98c5e6c7174f550339220e7acbd10823d078.json
[2026-01-10 23:45:20] [process_single_sorry] Instance context closed successfully
[2026-01-10 23:45:20] [process_single_sorry] Parsing result file...
[2026-01-10 23:45:20] [process_single_sorry] Successfully parsed result (list format, 1 results)
