[2026-01-10 23:19:36] [process_single_sorry] Starting for sorry d71b59d315ec0bda4c8ead1372cd0307013cb70063e6eec891719a8888fa14df
[2026-01-10 23:19:36] [process_single_sorry] Using snapshot: snapshot_pfi3xoqy
[2026-01-10 23:19:36] [process_single_sorry] Repository: https://github.com/jcreedcmu/Noperthedron@a8c1562a4a0f56335e61c4ecacbd0069f0bba443
[2026-01-10 23:19:36] [process_single_sorry] Instance name: Noperthedron_a8c1562a4a0f_multi_tactic_d71b59d315ec0bda4c8ead1372cd0307013cb70063e6eec891719a8888fa14df
[2026-01-10 23:19:36] [process_single_sorry] Starting attempt 1/3
[2026-01-10 23:19:36] [process_single_sorry] Starting instance from snapshot...
[2026-01-10 23:19:38] [process_single_sorry] Instance started successfully: morphvm_eczm4j2v
[2026-01-10 23:19:38] [process_single_sorry] Creating .env file...
[2026-01-10 23:19:41] [process_single_sorry] .env file created (exit_code: 0)
[2026-01-10 23:19:41] [process_single_sorry] Executing agent command...
[2026-01-10 23:21:13] [process_single_sorry] Agent command completed (exit_code: 0)
[2026-01-10 23:21:13] [process_single_sorry] STDOUT:

Results JSON:
[
  {
    "sorry": {
      "repo": {
        "remote": "https://github.com/jcreedcmu/Noperthedron",
        "branch": "main",
        "commit": "a8c1562a4a0f56335e61c4ecacbd0069f0bba443",
        "lean_version": "v4.27.0-rc1"
      },
      "location": {
        "path": "Noperthedron/Local.lean",
        "start_line": 33,
        "start_column": 2,
        "end_line": 33,
        "end_column": 7
      },
      "debug_info": {
        "goal": "ε θ θ_ φ φ_ : ℝ\nP : Local.Triangle\nhθ : |θ - θ_| ≤ ε\nhφ : |φ - φ_| ≤ ε\nhSpanning : Local.Triangle.Spanning P θ_ φ_ ε\nhX : ∀ (i : Fin 3), 0 < inner ℝ (vecX θ φ) (@P i)\n⊢ vecX θ φ ∈ Spanp P",
        "url": "https://github.com/jcreedcmu/Noperthedron/blob/a8c1562a4a0f56335e61c4ecacbd0069f0bba443/Noperthedron/Local.lean#L33"
      },
      "metadata": {
        "blame_email_hash": "acdd9d7e744e",
        "blame_date": "2025-11-21T15:20:06-05:00",
        "inclusion_date": "2025-12-30T07:04:50.666467+00:00"
      },
      "id": "d71b59d315ec0bda4c8ead1372cd0307013cb70063e6eec891719a8888fa14df"
    },
    "proof": null,
    "proof_verified": false,
    "feedback": null,
    "verification_message": "All 11 attempts failed (11 strategies x 1 attempts each)",
    "success": true,
    "error_type": null,
    "error_message": null,
    "strategy_name": "all_failed_k=1",
    "proof_attempts": [
      "rfl",
      "simp",
      "simp_all",
      "exact?",
      "grind",
      "ring",
      "norm_num",
      "omega",
      "linarith",
      "nlinarith",
      "aesop"
    ]
  }
]

[2026-01-10 23:21:13] [process_single_sorry] STDERR:
None of PyTorch, TensorFlow >= 2.0, or Flax have been found. Models won't be available and only tokenizers, configuration and file/data utilities can be used.
[2026-01-10 23:19:54] [INFO] ================================================================================
[2026-01-10 23:19:54] [INFO] Starting run_morphcloud_local.py
[2026-01-10 23:19:54] [INFO] ================================================================================
[2026-01-10 23:19:54] [INFO] Environment loaded
[2026-01-10 23:19:54] [INFO] Full command: /root/SorryDB/sorrydb/cli/run_morphcloud_local.py --repo-path /root/repo --sorry-json {"repo": {"remote": "https://github.com/jcreedcmu/Noperthedron", "branch": "main", "commit": "a8c1562a4a0f56335e61c4ecacbd0069f0bba443", "lean_version": "v4.27.0-rc1"}, "location": {"path": "Noperthedron/Local.lean", "start_line": 33, "start_column": 2, "end_line": 33, "end_column": 7}, "debug_info": {"goal": "\u03b5 \u03b8 \u03b8_ \u03c6 \u03c6_ : \u211d\nP : Local.Triangle\nh\u03b8 : |\u03b8 - \u03b8_| \u2264 \u03b5\nh\u03c6 : |\u03c6 - \u03c6_| \u2264 \u03b5\nhSpanning : Local.Triangle.Spanning P \u03b8_ \u03c6_ \u03b5\nhX : \u2200 (i : Fin 3), 0 < inner \u211d (vecX \u03b8 \u03c6) (@P i)\n\u22a2 vecX \u03b8 \u03c6 \u2208 Spanp P", "url": "https://github.com/jcreedcmu/Noperthedron/blob/a8c1562a4a0f56335e61c4ecacbd0069f0bba443/Noperthedron/Local.lean#L33"}, "metadata": {"blame_email_hash": "acdd9d7e744e", "blame_date": "2025-11-21T15:20:06-05:00", "inclusion_date": "2025-12-30T07:04:50.666467+00:00"}, "id": "d71b59d315ec0bda4c8ead1372cd0307013cb70063e6eec891719a8888fa14df"} --agent-strategy {"name": "multi_tactic", "args": {}}
[2026-01-10 23:19:54] [INFO] Arguments parsed: repo_path=/root/repo, output_path=/root/repo/result.json
[2026-01-10 23:19:54] [INFO] Strategy spec: {"name": "multi_tactic", "args": {}}...
[2026-01-10 23:19:54] [INFO] Loading sorry data...
[2026-01-10 23:19:54] [INFO] Parsing sorry from JSON string...
[2026-01-10 23:19:54] [INFO] Sorry data parsed from JSON string
[2026-01-10 23:19:54] [INFO] Creating strategy from spec...
[2026-01-10 23:19:54] [INFO] Parsing strategy spec (length: 36 chars)
[2026-01-10 23:19:54] [INFO] Strategy name: multi_tactic
[2026-01-10 23:19:54] [INFO] Strategy args: {}
[2026-01-10 23:19:54] [INFO] Pass@k value: 1
[2026-01-10 23:19:54] [INFO] Creating strategy: multi_tactic
[2026-01-10 23:19:54] [INFO] Creating multi_tactic strategy with tactics: ['rfl', 'simp', 'simp_all', 'exact?', 'grind', 'ring', 'norm_num', 'omega', 'linarith', 'nlinarith', 'aesop']
[2026-01-10 23:19:54] [INFO] Strategies created: ['rfl', 'simp', 'simp_all', 'exact?', 'grind', 'ring', 'norm_num', 'omega', 'linarith', 'nlinarith', 'aesop']
[2026-01-10 23:19:54] [INFO] Pass@k value: 1
[2026-01-10 23:19:54] [INFO] Creating Sorry object...
[2026-01-10 23:19:54] [INFO] Sorry object created: id=d71b59d315ec0bda4c8ead1372cd0307013cb70063e6eec891719a8888fa14df
[2026-01-10 23:19:54] [INFO] Sorry location: Noperthedron/Local.lean:33
[2026-01-10 23:19:54] [INFO] Context before sorry (lines 28-33):
[2026-01-10 23:19:54] [INFO]   28: theorem vecX_spanning {ε θ θ_ φ φ_ : ℝ} (P : Triangle)
[2026-01-10 23:19:54] [INFO]   29:     (hθ : |θ - θ_| ≤ ε) (hφ : |φ - φ_| ≤ ε)
[2026-01-10 23:19:54] [INFO]   30:     (hSpanning: P.Spanning θ_ φ_ ε)
[2026-01-10 23:19:54] [INFO]   31:     (hX : ∀ i, 0 < ⟪vecX θ φ, P i⟫) :
[2026-01-10 23:19:54] [INFO]   32:     vecX θ φ ∈ Spanp P := by
[2026-01-10 23:19:54] [INFO]   33:   sorry
[2026-01-10 23:19:54] [INFO] Sorry line:   sorry
[2026-01-10 23:19:54] [INFO] Sorry goal: ε θ θ_ φ φ_ : ℝ
P : Local.Triangle
hθ : |θ - θ_| ≤ ε
hφ : |φ - φ_| ≤ ε
hSpanning : Local.Triangle.Sp...
[2026-01-10 23:19:54] [INFO] ========================================
[2026-01-10 23:19:54] [INFO] Trying strategy: rfl (up to 1 attempts)
[2026-01-10 23:19:54] [INFO] --------------------
[2026-01-10 23:19:54] [INFO] Strategy rfl, attempt 1/1
[2026-01-10 23:19:54] [INFO] Starting proof generation...
[2026-01-10 23:19:54] [INFO] Repository path: /root/repo
[2026-01-10 23:19:54] [INFO] Proof generation completed
[2026-01-10 23:19:54] [INFO] Generated proof:
[2026-01-10 23:19:54] [INFO] rfl
[2026-01-10 23:19:54] [INFO] Proof length: 3 chars
[2026-01-10 23:19:54] [INFO] Starting proof verification...
[2026-01-10 23:19:54] [INFO] Verifying at: Noperthedron/Local.lean:33
[2026-01-10 23:19:54] [INFO] Using LEAN INTERACT verify
[2026-01-10 23:19:54] [INFO] Checking file
[2026-01-10 23:20:14] [INFO] Cannot build modified file <error line="33" column="2">
<code_line>  rfl</code_line>
<message>error: Tactic `rfl` failed: The left-hand side</message>
</error>
  Spanp P
is not definitionally equal to the right-hand side
  vecX θ φ

ε θ θ_ φ φ_ : ℝ
P : Triangle
hθ : |θ - θ_| ≤ ε
hφ : |φ - φ_| ≤ ε
hSpanning : P.Spanning θ_ φ_ ε
hX : ∀ (i : Fin 3), 0 < ⟪vecX θ φ, P i⟫
⊢ vecX θ φ ∈ Spanp P
[2026-01-10 23:20:14] [INFO] Proof verification completed
[2026-01-10 23:20:14] [INFO] Strategy rfl attempt 1: verified=False
[2026-01-10 23:20:14] [INFO] Verification message: Cannot build modified file: <error line="33" column="2">
<code_line>  rfl</code_line>
<message>error: Tactic `rfl` failed: The left-hand side</message>
</error>
  Spanp P
is not definitionally equal to the right-hand side
  vecX θ φ

ε θ θ_ φ φ_ : ℝ
P : Triangle
hθ : |θ - θ_| ≤ ε
hφ : |φ - φ_| ≤ ε
hSpanning : P.Spanning θ_ φ_ ε
hX : ∀ (i : Fin 3), 0 < ⟪vecX θ φ, P i⟫
⊢ vecX θ φ ∈ Spanp P

[2026-01-10 23:20:14] [INFO] Attempt 1 failed verification, continuing...
[2026-01-10 23:20:14] [INFO] ========================================
[2026-01-10 23:20:14] [INFO] Trying strategy: simp (up to 1 attempts)
[2026-01-10 23:20:14] [INFO] --------------------
[2026-01-10 23:20:14] [INFO] Strategy simp, attempt 1/1
[2026-01-10 23:20:14] [INFO] Starting proof generation...
[2026-01-10 23:20:14] [INFO] Repository path: /root/repo
[2026-01-10 23:20:14] [INFO] Proof generation completed
[2026-01-10 23:20:14] [INFO] Generated proof:
[2026-01-10 23:20:14] [INFO] simp
[2026-01-10 23:20:14] [INFO] Proof length: 4 chars
[2026-01-10 23:20:14] [INFO] Starting proof verification...
[2026-01-10 23:20:14] [INFO] Verifying at: Noperthedron/Local.lean:33
[2026-01-10 23:20:14] [INFO] Using LEAN INTERACT verify
[2026-01-10 23:20:14] [INFO] Checking file
[2026-01-10 23:20:18] [INFO] Cannot build modified file <error line="33" column="2">
<code_line>  simp</code_line>
<message>error: `simp` made no progress</message>
</error>
[2026-01-10 23:20:18] [INFO] Proof verification completed
[2026-01-10 23:20:18] [INFO] Strategy simp attempt 1: verified=False
[2026-01-10 23:20:18] [INFO] Verification message: Cannot build modified file: <error line="33" column="2">
<code_line>  simp</code_line>
<message>error: `simp` made no progress</message>
</error>

[2026-01-10 23:20:18] [INFO] Attempt 1 failed verification, continuing...
[2026-01-10 23:20:18] [INFO] ========================================
[2026-01-10 23:20:18] [INFO] Trying strategy: simp_all (up to 1 attempts)
[2026-01-10 23:20:18] [INFO] --------------------
[2026-01-10 23:20:18] [INFO] Strategy simp_all, attempt 1/1
[2026-01-10 23:20:18] [INFO] Starting proof generation...
[2026-01-10 23:20:18] [INFO] Repository path: /root/repo
[2026-01-10 23:20:18] [INFO] Proof generation completed
[2026-01-10 23:20:18] [INFO] Generated proof:
[2026-01-10 23:20:18] [INFO] simp_all
[2026-01-10 23:20:18] [INFO] Proof length: 8 chars
[2026-01-10 23:20:18] [INFO] Starting proof verification...
[2026-01-10 23:20:18] [INFO] Verifying at: Noperthedron/Local.lean:33
[2026-01-10 23:20:18] [INFO] Using LEAN INTERACT verify
[2026-01-10 23:20:18] [INFO] Checking file
[2026-01-10 23:20:23] [INFO] Cannot build modified file <error line="33" column="2">
<code_line>  simp_all</code_line>
<message>error: simp_all made no progress</message>
</error>
[2026-01-10 23:20:23] [INFO] Proof verification completed
[2026-01-10 23:20:23] [INFO] Strategy simp_all attempt 1: verified=False
[2026-01-10 23:20:23] [INFO] Verification message: Cannot build modified file: <error line="33" column="2">
<code_line>  simp_all</code_line>
<message>error: simp_all made no progress</message>
</error>

[2026-01-10 23:20:23] [INFO] Attempt 1 failed verification, continuing...
[2026-01-10 23:20:23] [INFO] ========================================
[2026-01-10 23:20:23] [INFO] Trying strategy: exact? (up to 1 attempts)
[2026-01-10 23:20:23] [INFO] --------------------
[2026-01-10 23:20:23] [INFO] Strategy exact?, attempt 1/1
[2026-01-10 23:20:23] [INFO] Starting proof generation...
[2026-01-10 23:20:23] [INFO] Repository path: /root/repo
[2026-01-10 23:20:23] [INFO] Proof generation completed
[2026-01-10 23:20:23] [INFO] Generated proof:
[2026-01-10 23:20:23] [INFO] exact?
[2026-01-10 23:20:23] [INFO] Proof length: 6 chars
[2026-01-10 23:20:23] [INFO] Starting proof verification...
[2026-01-10 23:20:23] [INFO] Verifying at: Noperthedron/Local.lean:33
[2026-01-10 23:20:23] [INFO] Using LEAN INTERACT verify
[2026-01-10 23:20:23] [INFO] Checking file
[2026-01-10 23:20:41] [INFO] Cannot build modified file <error line="33" column="2">
<code_line>  exact?</code_line>
<message>error: `exact?` could not close the goal. Try `apply?` to see partial suggestions.</message>
</error>
[2026-01-10 23:20:41] [INFO] Proof verification completed
[2026-01-10 23:20:41] [INFO] Strategy exact? attempt 1: verified=False
[2026-01-10 23:20:41] [INFO] Verification message: Cannot build modified file: <error line="33" column="2">
<code_line>  exact?</code_line>
<message>error: `exact?` could not close the goal. Try `apply?` to see partial suggestions.</message>
</error>

[2026-01-10 23:20:41] [INFO] Attempt 1 failed verification, continuing...
[2026-01-10 23:20:41] [INFO] ========================================
[2026-01-10 23:20:41] [INFO] Trying strategy: grind (up to 1 attempts)
[2026-01-10 23:20:41] [INFO] --------------------
[2026-01-10 23:20:41] [INFO] Strategy grind, attempt 1/1
[2026-01-10 23:20:41] [INFO] Starting proof generation...
[2026-01-10 23:20:41] [INFO] Repository path: /root/repo
[2026-01-10 23:20:41] [INFO] Proof generation completed
[2026-01-10 23:20:41] [INFO] Generated proof:
[2026-01-10 23:20:41] [INFO] grind
[2026-01-10 23:20:41] [INFO] Proof length: 5 chars
[2026-01-10 23:20:41] [INFO] Starting proof verification...
[2026-01-10 23:20:41] [INFO] Verifying at: Noperthedron/Local.lean:33
[2026-01-10 23:20:41] [INFO] Using LEAN INTERACT verify
[2026-01-10 23:20:41] [INFO] Checking file
[2026-01-10 23:20:46] [INFO] Cannot build modified file <error line="33" column="2">
<code_line>  grind</code_line>
<message>error: `grind` failed</message>
</error>
case grind.1.1
ε θ θ_ φ φ_ : ℝ
P : Triangle
hθ : |θ - θ_| ≤ ε
hφ : |φ - φ_| ≤ ε
hSpanning : P.Spanning θ_ φ_ ε
hX : ∀ (i : Fin 3), 0 < ⟪vecX θ φ, P i⟫
h : vecX θ φ ∉ Spanp P
h_1 : φ - φ_ ≤ -(φ - φ_)
h_2 : θ - θ_ ≤ -(θ - θ_)
⊢ False
[grind] Goal diagnostics
  [facts] Asserted facts
    [prop] |θ - θ_| ≤ ε
    [prop] |φ - φ_| ≤ ε
    [prop] P.Spanning θ_ φ_ ε
    [prop] ∀ (i : Fin 3), 0 < ⟪vecX θ φ, P i⟫
    [prop] vecX θ φ ∉ Spanp P
    [prop] |φ - φ_| = max (φ - φ_) (-(φ - φ_))
    [prop] |θ - θ_| = max (θ - θ_) (-(θ - θ_))
    [prop] max (θ - θ_) (-(θ - θ_)) = if θ - θ_ ≤ -(θ - θ_) then -(θ - θ_) else θ - θ_
    [prop] max (φ - φ_) (-(φ - φ_)) = if φ - φ_ ≤ -(φ - φ_) then -(φ - φ_) else φ - φ_
    [prop] φ - φ_ ≤ -(φ - φ_)
    [prop] θ - θ_ ≤ -(θ - θ_)
  [eqc] True propositions
    [prop] Fact (1 ≤ 2)
    [prop] (1 + 1).AtLeastTwo
    [prop] |θ - θ_| ≤ ε
    [prop] |φ - φ_| ≤ ε
    [prop] P.Spanning θ_ φ_ ε
    [prop] ∀ (i : Fin 3), 0 < ⟪vecX θ φ, P i⟫
    [prop] θ - θ_ ≤ -(θ - θ_)
    [prop] φ - φ_ ≤ -(φ - φ_)
  [eqc] False propositions
    [prop] vecX θ φ ∈ Spanp P
  [eqc] Equivalence classes
    [eqc] {2, 2}
    [eqc] {|θ - θ_|, -(θ - θ_), max (θ - θ_) (-(θ - θ_))}
      [eqc] {if θ - θ_ ≤ -(θ - θ_) then -(θ - θ_) else θ - θ_}
    [eqc] {|φ - φ_|, -(φ - φ_), max (φ - φ_) (-(φ - φ_))}
      [eqc] {if φ - φ_ ≤ -(φ - φ_) then -(φ - φ_) else φ - φ_}
    [eqc] {instOfNatAtLeastTwo, instOfNatAtLeastTwo}
  [cases] Case analyses
    [cases] [1/2]: if φ - φ_ ≤ -(φ - φ_) then -(φ - φ_) else φ - φ_
      [cases] source: E-matching `max_def`
    [cases] [1/2]: if θ - θ_ ≤ -(θ - θ_) then -(θ - θ_) else θ - θ_
      [cases] source: E-matching `max_def`
  [ematch] E-matching patterns
    [thm] abs.eq_1: [@abs #3 #2 #1 #0]
    [thm] hX: [@LT.lt `[ℝ] `[Real.instLT] `[0] (inner `[ℝ] `[WithLp 2
            ((i : Fin 3) → (fun x => ℝ) i)] `[(PiLp.innerProductSpace fun x => ℝ).toInner] `[vecX θ φ] (P #0))]
    [thm] hX: [inner `[ℝ] `[WithLp 2
           ((i : Fin 3) → (fun x => ℝ) i)] `[(PiLp.innerProductSpace fun x => ℝ).toInner] `[vecX θ φ] (P #0)]
    [thm] hX: [P #0]
    [thm] Multiset.mem_add: [@Membership.mem #3 _ _ (@HAdd.hAdd _ _ _ _ #1 #0) #2]
    [thm] Multiset.notMem_zero: [@Membership.mem #1 _ _ (@OfNat.ofNat _ `[0] _) #0]
    [thm] max_def: [@max #3 _ #1 #0]
    [thm] Rat.max_def: [@max `[ℚ] `[Rat.instMax] #1 #0]
    [thm] Int.max_def: [@max `[ℤ] `[Int.instMax] #1 #0]
    [thm] Nat.max_def: [@max `[ℕ] `[Nat.instMax] #1 #0]
  [linarith] Linarith assignment for `ℝ`
    [assign] ε := 1
    [assign] θ := 0
    [assign] θ_ := 0
    [assign] φ := 0
    [assign] φ_ := 0
    [assign] |θ - θ_| := 0
    [assign] |φ - φ_| := 0
    [assign] max (θ - θ_) (-(θ - θ_)) := 0
    [assign] max (φ - φ_) (-(φ - φ_)) := 0
  [ring] Ring `ℝ`
    [basis] Basis
      [_] θ + -1 * θ_ + |θ - θ_| = 0
      [_] φ + -1 * φ_ + |φ - φ_| = 0
  [assoc] Operator `max`
    [basis] Basis
      [_] max (θ - θ_) (-(θ - θ_)) = -(θ - θ_)
      [_] max (φ - φ_) (-(φ - φ_)) = -(φ - φ_)
    [properties] Properties
      [_] commutative
      [_] idempotent
[grind] Diagnostics
  [thm] E-Matching instances
    [thm] max_def ↦ 2
    [thm] abs.eq_1 ↦ 2
[2026-01-10 23:20:46] [INFO] Proof verification completed
[2026-01-10 23:20:46] [INFO] Strategy grind attempt 1: verified=False
[2026-01-10 23:20:46] [INFO] Verification message: Cannot build modified file: <error line="33" column="2">
<code_line>  grind</code_line>
<message>error: `grind` failed</message>
</error>
case grind.1.1
ε θ θ_ φ φ_ : ℝ
P : Triangle
hθ : |θ - θ_| ≤ ε
hφ : |φ - φ_| ≤ ε
hSpanning : P.Spanning θ_ φ_ ε
hX : ∀ (i : Fin 3), 0 < ⟪vecX θ φ, P i⟫
h : vecX θ φ ∉ Spanp P
h_1 : φ - φ_ ≤ -(φ - φ_)
h_2 : θ - θ_ ≤ -(θ - θ_)
⊢ False
[grind] Goal diagnostics
  [facts] Asserted facts
    [prop] |θ - θ_| ≤ ε
    [prop] |φ - φ_| ≤ ε
    [prop] P.Spanning θ_ φ_ ε
    [prop] ∀ (i : Fin 3), 0 < ⟪vecX θ φ, P i⟫
    [prop] vecX θ φ ∉ Spanp P
    [prop] |φ - φ_| = max (φ - φ_) (-(φ - φ_))
    [prop] |θ - θ_| = max (θ - θ_) (-(θ - θ_))
    [prop] max (θ - θ_) (-(θ - θ_)) = if θ - θ_ ≤ -(θ - θ_) then -(θ - θ_) else θ - θ_
    [prop] max (φ - φ_) (-(φ - φ_)) = if φ - φ_ ≤ -(φ - φ_) then -(φ - φ_) else φ - φ_
    [prop] φ - φ_ ≤ -(φ - φ_)
    [prop] θ - θ_ ≤ -(θ - θ_)
  [eqc] True propositions
    [prop] Fact (1 ≤ 2)
    [prop] (1 + 1).AtLeastTwo
    [prop] |θ - θ_| ≤ ε
    [prop] |φ - φ_| ≤ ε
    [prop] P.Spanning θ_ φ_ ε
    [prop] ∀ (i : Fin 3), 0 < ⟪vecX θ φ, P i⟫
    [prop] θ - θ_ ≤ -(θ - θ_)
    [prop] φ - φ_ ≤ -(φ - φ_)
  [eqc] False propositions
    [prop] vecX θ φ ∈ Spanp P
  [eqc] Equivalence classes
    [eqc] {2, 2}
    [eqc] {|θ - θ_|, -(θ - θ_), max (θ - θ_) (-(θ - θ_))}
      [eqc] {if θ - θ_ ≤ -(θ - θ_) then -(θ - θ_) else θ - θ_}
    [eqc] {|φ - φ_|, -(φ - φ_), max (φ - φ_) (-(φ - φ_))}
      [eqc] {if φ - φ_ ≤ -(φ - φ_) then -(φ - φ_) else φ - φ_}
    [eqc] {instOfNatAtLeastTwo, instOfNatAtLeastTwo}
  [cases] Case analyses
    [cases] [1/2]: if φ - φ_ ≤ -(φ - φ_) then -(φ - φ_) else φ - φ_
      [cases] source: E-matching `max_def`
    [cases] [1/2]: if θ - θ_ ≤ -(θ - θ_) then -(θ - θ_) else θ - θ_
      [cases] source: E-matching `max_def`
  [ematch] E-matching patterns
    [thm] abs.eq_1: [@abs #3 #2 #1 #0]
    [thm] hX: [@LT.lt `[ℝ] `[Real.instLT] `[0] (inner `[ℝ] `[WithLp 2
            ((i : Fin 3) → (fun x => ℝ) i)] `[(PiLp.innerProductSpace fun x => ℝ).toInner] `[vecX θ φ] (P #0))]
    [thm] hX: [inner `[ℝ] `[WithLp 2
           ((i : Fin 3) → (fun x => ℝ) i)] `[(PiLp.innerProductSpace fun x => ℝ).toInner] `[vecX θ φ] (P #0)]
    [thm] hX: [P #0]
    [thm] Multiset.mem_add: [@Membership.mem #3 _ _ (@HAdd.hAdd _ _ _ _ #1 #0) #2]
    [thm] Multiset.notMem_zero: [@Membership.mem #1 _ _ (@OfNat.ofNat _ `[0] _) #0]
    [thm] max_def: [@max #3 _ #1 #0]
    [thm] Rat.max_def: [@max `[ℚ] `[Rat.instMax] #1 #0]
    [thm] Int.max_def: [@max `[ℤ] `[Int.instMax] #1 #0]
    [thm] Nat.max_def: [@max `[ℕ] `[Nat.instMax] #1 #0]
  [linarith] Linarith assignment for `ℝ`
    [assign] ε := 1
    [assign] θ := 0
    [assign] θ_ := 0
    [assign] φ := 0
    [assign] φ_ := 0
    [assign] |θ - θ_| := 0
    [assign] |φ - φ_| := 0
    [assign] max (θ - θ_) (-(θ - θ_)) := 0
    [assign] max (φ - φ_) (-(φ - φ_)) := 0
  [ring] Ring `ℝ`
    [basis] Basis
      [_] θ + -1 * θ_ + |θ - θ_| = 0
      [_] φ + -1 * φ_ + |φ - φ_| = 0
  [assoc] Operator `max`
    [basis] Basis
      [_] max (θ - θ_) (-(θ - θ_)) = -(θ - θ_)
      [_] max (φ - φ_) (-(φ - φ_)) = -(φ - φ_)
    [properties] Properties
      [_] commutative
      [_] idempotent
[grind] Diagnostics
  [thm] E-Matching instances
    [thm] max_def ↦ 2
    [thm] abs.eq_1 ↦ 2

[2026-01-10 23:20:46] [INFO] Attempt 1 failed verification, continuing...
[2026-01-10 23:20:46] [INFO] ========================================
[2026-01-10 23:20:46] [INFO] Trying strategy: ring (up to 1 attempts)
[2026-01-10 23:20:46] [INFO] --------------------
[2026-01-10 23:20:46] [INFO] Strategy ring, attempt 1/1
[2026-01-10 23:20:46] [INFO] Starting proof generation...
[2026-01-10 23:20:46] [INFO] Repository path: /root/repo
[2026-01-10 23:20:46] [INFO] Proof generation completed
[2026-01-10 23:20:46] [INFO] Generated proof:
[2026-01-10 23:20:46] [INFO] ring
[2026-01-10 23:20:46] [INFO] Proof length: 4 chars
[2026-01-10 23:20:46] [INFO] Starting proof verification...
[2026-01-10 23:20:46] [INFO] Verifying at: Noperthedron/Local.lean:33
[2026-01-10 23:20:46] [INFO] Using LEAN INTERACT verify
[2026-01-10 23:20:46] [INFO] Checking file
[2026-01-10 23:20:51] [INFO] Cannot build modified file <error line="33" column="2">
<code_line>  ring</code_line>
<message>error: ring_nf made no progress on goal</message>
</error>
[2026-01-10 23:20:51] [INFO] Proof verification completed
[2026-01-10 23:20:51] [INFO] Strategy ring attempt 1: verified=False
[2026-01-10 23:20:51] [INFO] Verification message: Cannot build modified file: <error line="33" column="2">
<code_line>  ring</code_line>
<message>error: ring_nf made no progress on goal</message>
</error>

[2026-01-10 23:20:51] [INFO] Attempt 1 failed verification, continuing...
[2026-01-10 23:20:51] [INFO] ========================================
[2026-01-10 23:20:51] [INFO] Trying strategy: norm_num (up to 1 attempts)
[2026-01-10 23:20:51] [INFO] --------------------
[2026-01-10 23:20:51] [INFO] Strategy norm_num, attempt 1/1
[2026-01-10 23:20:51] [INFO] Starting proof generation...
[2026-01-10 23:20:51] [INFO] Repository path: /root/repo
[2026-01-10 23:20:51] [INFO] Proof generation completed
[2026-01-10 23:20:51] [INFO] Generated proof:
[2026-01-10 23:20:51] [INFO] norm_num
[2026-01-10 23:20:51] [INFO] Proof length: 8 chars
[2026-01-10 23:20:51] [INFO] Starting proof verification...
[2026-01-10 23:20:51] [INFO] Verifying at: Noperthedron/Local.lean:33
[2026-01-10 23:20:51] [INFO] Using LEAN INTERACT verify
[2026-01-10 23:20:51] [INFO] Checking file
[2026-01-10 23:20:55] [INFO] Cannot build modified file <error line="32" column="26">
<code_line>    vecX θ φ ∈ Spanp P := by</code_line>
<message>error: unsolved goals</message>
</error>
ε θ θ_ φ φ_ : ℝ
P : Triangle
hθ : |θ - θ_| ≤ ε
hφ : |φ - φ_| ≤ ε
hSpanning : P.Spanning θ_ φ_ ε
hX : ∀ (i : Fin 3), 0 < ⟪vecX θ φ, P i⟫
⊢ vecX θ φ ∈ Spanp P
[2026-01-10 23:20:55] [INFO] Proof verification completed
[2026-01-10 23:20:55] [INFO] Strategy norm_num attempt 1: verified=False
[2026-01-10 23:20:55] [INFO] Verification message: Cannot build modified file: <error line="32" column="26">
<code_line>    vecX θ φ ∈ Spanp P := by</code_line>
<message>error: unsolved goals</message>
</error>
ε θ θ_ φ φ_ : ℝ
P : Triangle
hθ : |θ - θ_| ≤ ε
hφ : |φ - φ_| ≤ ε
hSpanning : P.Spanning θ_ φ_ ε
hX : ∀ (i : Fin 3), 0 < ⟪vecX θ φ, P i⟫
⊢ vecX θ φ ∈ Spanp P

[2026-01-10 23:20:55] [INFO] Attempt 1 failed verification, continuing...
[2026-01-10 23:20:55] [INFO] ========================================
[2026-01-10 23:20:55] [INFO] Trying strategy: omega (up to 1 attempts)
[2026-01-10 23:20:55] [INFO] --------------------
[2026-01-10 23:20:55] [INFO] Strategy omega, attempt 1/1
[2026-01-10 23:20:55] [INFO] Starting proof generation...
[2026-01-10 23:20:55] [INFO] Repository path: /root/repo
[2026-01-10 23:20:55] [INFO] Proof generation completed
[2026-01-10 23:20:55] [INFO] Generated proof:
[2026-01-10 23:20:55] [INFO] omega
[2026-01-10 23:20:55] [INFO] Proof length: 5 chars
[2026-01-10 23:20:55] [INFO] Starting proof verification...
[2026-01-10 23:20:55] [INFO] Verifying at: Noperthedron/Local.lean:33
[2026-01-10 23:20:55] [INFO] Using LEAN INTERACT verify
[2026-01-10 23:20:55] [INFO] Checking file
[2026-01-10 23:20:59] [INFO] Cannot build modified file <error line="33" column="2">
<code_line>  omega</code_line>
<message>error: omega could not prove the goal:</message>
</error>
No usable constraints found. You may need to unfold definitions so `omega` can see linear arithmetic facts about `Nat` and `Int`, which may also involve multiplication, division, and modular remainder by constants.
[2026-01-10 23:20:59] [INFO] Proof verification completed
[2026-01-10 23:20:59] [INFO] Strategy omega attempt 1: verified=False
[2026-01-10 23:20:59] [INFO] Verification message: Cannot build modified file: <error line="33" column="2">
<code_line>  omega</code_line>
<message>error: omega could not prove the goal:</message>
</error>
No usable constraints found. You may need to unfold definitions so `omega` can see linear arithmetic facts about `Nat` and `Int`, which may also involve multiplication, division, and modular remainder by constants.

[2026-01-10 23:20:59] [INFO] Attempt 1 failed verification, continuing...
[2026-01-10 23:20:59] [INFO] ========================================
[2026-01-10 23:20:59] [INFO] Trying strategy: linarith (up to 1 attempts)
[2026-01-10 23:20:59] [INFO] --------------------
[2026-01-10 23:20:59] [INFO] Strategy linarith, attempt 1/1
[2026-01-10 23:20:59] [INFO] Starting proof generation...
[2026-01-10 23:20:59] [INFO] Repository path: /root/repo
[2026-01-10 23:20:59] [INFO] Proof generation completed
[2026-01-10 23:20:59] [INFO] Generated proof:
[2026-01-10 23:20:59] [INFO] linarith
[2026-01-10 23:20:59] [INFO] Proof length: 8 chars
[2026-01-10 23:20:59] [INFO] Starting proof verification...
[2026-01-10 23:20:59] [INFO] Verifying at: Noperthedron/Local.lean:33
[2026-01-10 23:20:59] [INFO] Using LEAN INTERACT verify
[2026-01-10 23:20:59] [INFO] Checking file
[2026-01-10 23:21:04] [INFO] Cannot build modified file <error line="33" column="2">
<code_line>  linarith</code_line>
<message>error: linarith failed to find a contradiction</message>
</error>
ε θ θ_ φ φ_ : ℝ
P : Triangle
hθ : |θ - θ_| ≤ ε
hφ : |φ - φ_| ≤ ε
hSpanning : P.Spanning θ_ φ_ ε
hX : ∀ (i : Fin 3), 0 < ⟪vecX θ φ, P i⟫
⊢ False
failed
[2026-01-10 23:21:04] [INFO] Proof verification completed
[2026-01-10 23:21:04] [INFO] Strategy linarith attempt 1: verified=False
[2026-01-10 23:21:04] [INFO] Verification message: Cannot build modified file: <error line="33" column="2">
<code_line>  linarith</code_line>
<message>error: linarith failed to find a contradiction</message>
</error>
ε θ θ_ φ φ_ : ℝ
P : Triangle
hθ : |θ - θ_| ≤ ε
hφ : |φ - φ_| ≤ ε
hSpanning : P.Spanning θ_ φ_ ε
hX : ∀ (i : Fin 3), 0 < ⟪vecX θ φ, P i⟫
⊢ False
failed

[2026-01-10 23:21:04] [INFO] Attempt 1 failed verification, continuing...
[2026-01-10 23:21:04] [INFO] ========================================
[2026-01-10 23:21:04] [INFO] Trying strategy: nlinarith (up to 1 attempts)
[2026-01-10 23:21:04] [INFO] --------------------
[2026-01-10 23:21:04] [INFO] Strategy nlinarith, attempt 1/1
[2026-01-10 23:21:04] [INFO] Starting proof generation...
[2026-01-10 23:21:04] [INFO] Repository path: /root/repo
[2026-01-10 23:21:04] [INFO] Proof generation completed
[2026-01-10 23:21:04] [INFO] Generated proof:
[2026-01-10 23:21:04] [INFO] nlinarith
[2026-01-10 23:21:04] [INFO] Proof length: 9 chars
[2026-01-10 23:21:04] [INFO] Starting proof verification...
[2026-01-10 23:21:04] [INFO] Verifying at: Noperthedron/Local.lean:33
[2026-01-10 23:21:04] [INFO] Using LEAN INTERACT verify
[2026-01-10 23:21:04] [INFO] Checking file
[2026-01-10 23:21:08] [INFO] Cannot build modified file <error line="33" column="2">
<code_line>  nlinarith</code_line>
<message>error: linarith failed to find a contradiction</message>
</error>
ε θ θ_ φ φ_ : ℝ
P : Triangle
hθ : |θ - θ_| ≤ ε
hφ : |φ - φ_| ≤ ε
hSpanning : P.Spanning θ_ φ_ ε
hX : ∀ (i : Fin 3), 0 < ⟪vecX θ φ, P i⟫
⊢ False
failed
[2026-01-10 23:21:08] [INFO] Proof verification completed
[2026-01-10 23:21:08] [INFO] Strategy nlinarith attempt 1: verified=False
[2026-01-10 23:21:08] [INFO] Verification message: Cannot build modified file: <error line="33" column="2">
<code_line>  nlinarith</code_line>
<message>error: linarith failed to find a contradiction</message>
</error>
ε θ θ_ φ φ_ : ℝ
P : Triangle
hθ : |θ - θ_| ≤ ε
hφ : |φ - φ_| ≤ ε
hSpanning : P.Spanning θ_ φ_ ε
hX : ∀ (i : Fin 3), 0 < ⟪vecX θ φ, P i⟫
⊢ False
failed

[2026-01-10 23:21:08] [INFO] Attempt 1 failed verification, continuing...
[2026-01-10 23:21:08] [INFO] ========================================
[2026-01-10 23:21:08] [INFO] Trying strategy: aesop (up to 1 attempts)
[2026-01-10 23:21:08] [INFO] --------------------
[2026-01-10 23:21:08] [INFO] Strategy aesop, attempt 1/1
[2026-01-10 23:21:08] [INFO] Starting proof generation...
[2026-01-10 23:21:08] [INFO] Repository path: /root/repo
[2026-01-10 23:21:08] [INFO] Proof generation completed
[2026-01-10 23:21:08] [INFO] Generated proof:
[2026-01-10 23:21:08] [INFO] aesop
[2026-01-10 23:21:08] [INFO] Proof length: 5 chars
[2026-01-10 23:21:08] [INFO] Starting proof verification...
[2026-01-10 23:21:08] [INFO] Verifying at: Noperthedron/Local.lean:33
[2026-01-10 23:21:08] [INFO] Using LEAN INTERACT verify
[2026-01-10 23:21:08] [INFO] Checking file
[2026-01-10 23:21:13] [INFO] Cannot build modified file <error line="33" column="2">
<code_line>  aesop</code_line>
<message>error: tactic 'aesop' failed, made no progress</message>
</error>
Initial goal:
  ε θ θ_ φ φ_ : ℝ
  P : Triangle
  hθ : |θ - θ_| ≤ ε
  hφ : |φ - φ_| ≤ ε
  hSpanning : P.Spanning θ_ φ_ ε
  hX : ∀ (i : Fin 3), 0 < ⟪vecX θ φ, P i⟫
  ⊢ vecX θ φ ∈ Spanp P
[2026-01-10 23:21:13] [INFO] Proof verification completed
[2026-01-10 23:21:13] [INFO] Strategy aesop attempt 1: verified=False
[2026-01-10 23:21:13] [INFO] Verification message: Cannot build modified file: <error line="33" column="2">
<code_line>  aesop</code_line>
<message>error: tactic 'aesop' failed, made no progress</message>
</error>
Initial goal:
  ε θ θ_ φ φ_ : ℝ
  P : Triangle
  hθ : |θ - θ_| ≤ ε
  hφ : |φ - φ_| ≤ ε
  hSpanning : P.Spanning θ_ φ_ ε
  hX : ∀ (i : Fin 3), 0 < ⟪vecX θ φ, P i⟫
  ⊢ vecX θ φ ∈ Spanp P

[2026-01-10 23:21:13] [INFO] Attempt 1 failed verification, continuing...
[2026-01-10 23:21:13] [INFO] ========================================
[2026-01-10 23:21:13] [INFO] Pass@k completed. Total results: 1
[2026-01-10 23:21:13] [INFO] FAILED: All 11 strategies x 1 attempts
[2026-01-10 23:21:13] [INFO] Writing results to file: /root/repo/result.json
[2026-01-10 23:21:13] [INFO] Result file written successfully
[2026-01-10 23:21:13] [INFO] Results exported to: /root/repo/result.json
[2026-01-10 23:21:13] [INFO] run_morphcloud_local.py completed successfully

[2026-01-10 23:21:13] [process_single_sorry] Downloading result file...
[2026-01-10 23:21:14] [process_single_sorry] Downloaded result to intermediate_experiment_outputs_full_reservoir/multi_tactic/2026-01-10_20-46-34_multi_tactic/individual/d71b59d315ec0bda4c8ead1372cd0307013cb70063e6eec891719a8888fa14df.json
[2026-01-10 23:21:16] [process_single_sorry] Instance context closed successfully
[2026-01-10 23:21:16] [process_single_sorry] Parsing result file...
[2026-01-10 23:21:16] [process_single_sorry] Successfully parsed result (list format, 1 results)
