[2026-01-10 21:58:29] [process_single_sorry] Starting for sorry daf3656688a83ea3f2bbc6c529c71e83729377e39e3bd613e5430499d131ab1c
[2026-01-10 21:58:29] [process_single_sorry] Using snapshot: snapshot_sg293urn
[2026-01-10 21:58:29] [process_single_sorry] Repository: https://github.com/RemyDegenne/brownian-motion@91267abd71bd32e9ef6c10c9359938f24a3e1f38
[2026-01-10 21:58:29] [process_single_sorry] Instance name: brownian-motion_91267abd71bd_multi_tactic_daf3656688a83ea3f2bbc6c529c71e83729377e39e3bd613e5430499d131ab1c
[2026-01-10 21:58:29] [process_single_sorry] Starting attempt 1/3
[2026-01-10 21:58:29] [process_single_sorry] Starting instance from snapshot...
[2026-01-10 21:58:29] [process_single_sorry] Instance started successfully: morphvm_03zj8ad2
[2026-01-10 21:58:29] [process_single_sorry] Creating .env file...
[2026-01-10 21:58:36] [process_single_sorry] .env file created (exit_code: 0)
[2026-01-10 21:58:36] [process_single_sorry] Executing agent command...
[2026-01-10 22:01:12] [process_single_sorry] Agent command completed (exit_code: 0)
[2026-01-10 22:01:12] [process_single_sorry] STDOUT:

Results JSON:
[
  {
    "sorry": {
      "repo": {
        "remote": "https://github.com/RemyDegenne/brownian-motion",
        "branch": "bump",
        "commit": "91267abd71bd32e9ef6c10c9359938f24a3e1f38",
        "lean_version": "v4.27.0-rc1"
      },
      "location": {
        "path": "BrownianMotion/StochasticIntegral/QuadraticVariation.lean",
        "start_line": 31,
        "start_column": 59,
        "end_line": 31,
        "end_column": 64
      },
      "debug_info": {
        "goal": "ι : Type u_1\nΩ : Type u_2\nE : Type u_3\ninst✝⁷ : LinearOrder ι\ninst✝⁶ : OrderBot ι\ninst✝⁵ : TopologicalSpace ι\ninst✝⁴ : OrderTopology ι\ninst✝³ : MeasurableSpace ι\ninst✝² : NormedAddCommGroup E\ninst✝¹ : NormedSpace ℝ E\ninst✝ : CompleteSpace E\nmΩ : MeasurableSpace Ω\nP : Measure Ω\nX : ι → Ω → E\n𝓕 : Filtration ι mΩ\nhX : IsLocalMartingale X 𝓕 P\nhX_cadlag : ∀ (ω : Ω), IsCadlag fun x => X x ω\n⊢ ∀ (ω : Ω), IsCadlag fun t => ‖X t ω‖ ^ 2",
        "url": "https://github.com/RemyDegenne/brownian-motion/blob/91267abd71bd32e9ef6c10c9359938f24a3e1f38/BrownianMotion/StochasticIntegral/QuadraticVariation.lean#L31"
      },
      "metadata": {
        "blame_email_hash": "79f017e03c8d",
        "blame_date": "2025-11-18T10:36:36+01:00",
        "inclusion_date": "2025-12-29T17:55:20.184240+00:00"
      },
      "id": "daf3656688a83ea3f2bbc6c529c71e83729377e39e3bd613e5430499d131ab1c"
    },
    "proof": null,
    "proof_verified": false,
    "feedback": null,
    "verification_message": "All 11 attempts failed (11 strategies x 1 attempts each)",
    "success": true,
    "error_type": null,
    "error_message": null,
    "strategy_name": "all_failed_k=1",
    "proof_attempts": [
      "rfl",
      "simp",
      "simp_all",
      "exact?",
      "grind",
      "ring",
      "norm_num",
      "omega",
      "linarith",
      "nlinarith",
      "aesop"
    ]
  }
]

[2026-01-10 22:01:12] [process_single_sorry] STDERR:
None of PyTorch, TensorFlow >= 2.0, or Flax have been found. Models won't be available and only tokenizers, configuration and file/data utilities can be used.
[2026-01-10 21:58:54] [INFO] ================================================================================
[2026-01-10 21:58:54] [INFO] Starting run_morphcloud_local.py
[2026-01-10 21:58:54] [INFO] ================================================================================
[2026-01-10 21:58:54] [INFO] Environment loaded
[2026-01-10 21:58:54] [INFO] Full command: /root/SorryDB/sorrydb/cli/run_morphcloud_local.py --repo-path /root/repo --sorry-json {"repo": {"remote": "https://github.com/RemyDegenne/brownian-motion", "branch": "bump", "commit": "91267abd71bd32e9ef6c10c9359938f24a3e1f38", "lean_version": "v4.27.0-rc1"}, "location": {"path": "BrownianMotion/StochasticIntegral/QuadraticVariation.lean", "start_line": 31, "start_column": 59, "end_line": 31, "end_column": 64}, "debug_info": {"goal": "\u03b9 : Type u_1\n\u03a9 : Type u_2\nE : Type u_3\ninst\u271d\u2077 : LinearOrder \u03b9\ninst\u271d\u2076 : OrderBot \u03b9\ninst\u271d\u2075 : TopologicalSpace \u03b9\ninst\u271d\u2074 : OrderTopology \u03b9\ninst\u271d\u00b3 : MeasurableSpace \u03b9\ninst\u271d\u00b2 : NormedAddCommGroup E\ninst\u271d\u00b9 : NormedSpace \u211d E\ninst\u271d : CompleteSpace E\nm\u03a9 : MeasurableSpace \u03a9\nP : Measure \u03a9\nX : \u03b9 \u2192 \u03a9 \u2192 E\n\ud835\udcd5 : Filtration \u03b9 m\u03a9\nhX : IsLocalMartingale X \ud835\udcd5 P\nhX_cadlag : \u2200 (\u03c9 : \u03a9), IsCadlag fun x => X x \u03c9\n\u22a2 \u2200 (\u03c9 : \u03a9), IsCadlag fun t => \u2016X t \u03c9\u2016 ^ 2", "url": "https://github.com/RemyDegenne/brownian-motion/blob/91267abd71bd32e9ef6c10c9359938f24a3e1f38/BrownianMotion/StochasticIntegral/QuadraticVariation.lean#L31"}, "metadata": {"blame_email_hash": "79f017e03c8d", "blame_date": "2025-11-18T10:36:36+01:00", "inclusion_date": "2025-12-29T17:55:20.184240+00:00"}, "id": "daf3656688a83ea3f2bbc6c529c71e83729377e39e3bd613e5430499d131ab1c"} --agent-strategy {"name": "multi_tactic", "args": {}}
[2026-01-10 21:58:54] [INFO] Arguments parsed: repo_path=/root/repo, output_path=/root/repo/result.json
[2026-01-10 21:58:54] [INFO] Strategy spec: {"name": "multi_tactic", "args": {}}...
[2026-01-10 21:58:54] [INFO] Loading sorry data...
[2026-01-10 21:58:54] [INFO] Parsing sorry from JSON string...
[2026-01-10 21:58:54] [INFO] Sorry data parsed from JSON string
[2026-01-10 21:58:54] [INFO] Creating strategy from spec...
[2026-01-10 21:58:54] [INFO] Parsing strategy spec (length: 36 chars)
[2026-01-10 21:58:54] [INFO] Strategy name: multi_tactic
[2026-01-10 21:58:54] [INFO] Strategy args: {}
[2026-01-10 21:58:54] [INFO] Pass@k value: 1
[2026-01-10 21:58:54] [INFO] Creating strategy: multi_tactic
[2026-01-10 21:58:54] [INFO] Creating multi_tactic strategy with tactics: ['rfl', 'simp', 'simp_all', 'exact?', 'grind', 'ring', 'norm_num', 'omega', 'linarith', 'nlinarith', 'aesop']
[2026-01-10 21:58:54] [INFO] Strategies created: ['rfl', 'simp', 'simp_all', 'exact?', 'grind', 'ring', 'norm_num', 'omega', 'linarith', 'nlinarith', 'aesop']
[2026-01-10 21:58:54] [INFO] Pass@k value: 1
[2026-01-10 21:58:54] [INFO] Creating Sorry object...
[2026-01-10 21:58:54] [INFO] Sorry object created: id=daf3656688a83ea3f2bbc6c529c71e83729377e39e3bd613e5430499d131ab1c
[2026-01-10 21:58:54] [INFO] Sorry location: BrownianMotion/StochasticIntegral/QuadraticVariation.lean:31
[2026-01-10 21:58:54] [INFO] Context before sorry (lines 26-31):
[2026-01-10 21:58:54] [INFO]   26: /-- The quadratic variation of a local martingale, defined as the predictable part of the Doob-Meyer
[2026-01-10 21:58:54] [INFO]   27: decomposition of its squared norm. -/
[2026-01-10 21:58:54] [INFO]   28: noncomputable
[2026-01-10 21:58:54] [INFO]   29: def quadraticVariation (hX : IsLocalMartingale X 𝓕 P) (hX_cadlag : ∀ ω, IsCadlag (X · ω)) :
[2026-01-10 21:58:54] [INFO]   30:     ι → Ω → ℝ :=
[2026-01-10 21:58:54] [INFO]   31:   have hX2_cadlag : ∀ ω, IsCadlag (fun t ↦ ‖X t ω‖ ^ 2) := sorry
[2026-01-10 21:58:54] [INFO] Sorry line:   have hX2_cadlag : ∀ ω, IsCadlag (fun t ↦ ‖X t ω‖ ^ 2) := sorry
[2026-01-10 21:58:54] [INFO] Sorry goal: ι : Type u_1
Ω : Type u_2
E : Type u_3
inst✝⁷ : LinearOrder ι
inst✝⁶ : OrderBot ι
inst✝⁵ : Topologic...
[2026-01-10 21:58:54] [INFO] ========================================
[2026-01-10 21:58:54] [INFO] Trying strategy: rfl (up to 1 attempts)
[2026-01-10 21:58:54] [INFO] --------------------
[2026-01-10 21:58:54] [INFO] Strategy rfl, attempt 1/1
[2026-01-10 21:58:54] [INFO] Starting proof generation...
[2026-01-10 21:58:54] [INFO] Repository path: /root/repo
[2026-01-10 21:58:54] [INFO] Proof generation completed
[2026-01-10 21:58:54] [INFO] Generated proof:
[2026-01-10 21:58:54] [INFO] rfl
[2026-01-10 21:58:54] [INFO] Proof length: 3 chars
[2026-01-10 21:58:54] [INFO] Starting proof verification...
[2026-01-10 21:58:54] [INFO] Verifying at: BrownianMotion/StochasticIntegral/QuadraticVariation.lean:31
[2026-01-10 21:58:54] [INFO] Using LEAN INTERACT verify
[2026-01-10 21:58:54] [INFO] Checking file
[2026-01-10 22:00:21] [INFO] Cannot build modified file <error line="31" column="59">
<code_line>  have hX2_cadlag : ∀ ω, IsCadlag (fun t ↦ ‖X t ω‖ ^ 2) := rfl</code_line>
<message>error: Type mismatch</message>
</error>
  rfl
has type
  ?m.60 = ?m.60
but is expected to have type
  ∀ (ω : Ω), IsCadlag fun t => ‖X t ω‖ ^ 2
[2026-01-10 22:00:21] [INFO] Proof verification completed
[2026-01-10 22:00:21] [INFO] Strategy rfl attempt 1: verified=False
[2026-01-10 22:00:21] [INFO] Verification message: Cannot build modified file: <error line="31" column="59">
<code_line>  have hX2_cadlag : ∀ ω, IsCadlag (fun t ↦ ‖X t ω‖ ^ 2) := rfl</code_line>
<message>error: Type mismatch</message>
</error>
  rfl
has type
  ?m.60 = ?m.60
but is expected to have type
  ∀ (ω : Ω), IsCadlag fun t => ‖X t ω‖ ^ 2

[2026-01-10 22:00:21] [INFO] Attempt 1 failed verification, continuing...
[2026-01-10 22:00:21] [INFO] ========================================
[2026-01-10 22:00:21] [INFO] Trying strategy: simp (up to 1 attempts)
[2026-01-10 22:00:21] [INFO] --------------------
[2026-01-10 22:00:21] [INFO] Strategy simp, attempt 1/1
[2026-01-10 22:00:21] [INFO] Starting proof generation...
[2026-01-10 22:00:21] [INFO] Repository path: /root/repo
[2026-01-10 22:00:21] [INFO] Proof generation completed
[2026-01-10 22:00:21] [INFO] Generated proof:
[2026-01-10 22:00:21] [INFO] simp
[2026-01-10 22:00:21] [INFO] Proof length: 4 chars
[2026-01-10 22:00:21] [INFO] Starting proof verification...
[2026-01-10 22:00:21] [INFO] Verifying at: BrownianMotion/StochasticIntegral/QuadraticVariation.lean:31
[2026-01-10 22:00:21] [INFO] Using LEAN INTERACT verify
[2026-01-10 22:00:21] [INFO] Checking file
[2026-01-10 22:00:26] [INFO] Cannot build modified file BrownianMotion/StochasticIntegral/tmpc_c7jn6z.lean:31:59: error(lean.unknownIdentifier): Unknown identifier `simp`
[2026-01-10 22:00:26] [INFO] Proof verification completed
[2026-01-10 22:00:26] [INFO] Strategy simp attempt 1: verified=False
[2026-01-10 22:00:26] [INFO] Verification message: Cannot build modified file: BrownianMotion/StochasticIntegral/tmpc_c7jn6z.lean:31:59: error(lean.unknownIdentifier): Unknown identifier `simp`

[2026-01-10 22:00:26] [INFO] Attempt 1 failed verification, continuing...
[2026-01-10 22:00:26] [INFO] ========================================
[2026-01-10 22:00:26] [INFO] Trying strategy: simp_all (up to 1 attempts)
[2026-01-10 22:00:26] [INFO] --------------------
[2026-01-10 22:00:26] [INFO] Strategy simp_all, attempt 1/1
[2026-01-10 22:00:26] [INFO] Starting proof generation...
[2026-01-10 22:00:26] [INFO] Repository path: /root/repo
[2026-01-10 22:00:26] [INFO] Proof generation completed
[2026-01-10 22:00:26] [INFO] Generated proof:
[2026-01-10 22:00:26] [INFO] simp_all
[2026-01-10 22:00:26] [INFO] Proof length: 8 chars
[2026-01-10 22:00:26] [INFO] Starting proof verification...
[2026-01-10 22:00:26] [INFO] Verifying at: BrownianMotion/StochasticIntegral/QuadraticVariation.lean:31
[2026-01-10 22:00:26] [INFO] Using LEAN INTERACT verify
[2026-01-10 22:00:26] [INFO] Checking file
[2026-01-10 22:00:32] [INFO] Cannot build modified file BrownianMotion/StochasticIntegral/tmp_mv28ub2.lean:31:59: error(lean.unknownIdentifier): Unknown identifier `simp_all`
[2026-01-10 22:00:32] [INFO] Proof verification completed
[2026-01-10 22:00:32] [INFO] Strategy simp_all attempt 1: verified=False
[2026-01-10 22:00:32] [INFO] Verification message: Cannot build modified file: BrownianMotion/StochasticIntegral/tmp_mv28ub2.lean:31:59: error(lean.unknownIdentifier): Unknown identifier `simp_all`

[2026-01-10 22:00:32] [INFO] Attempt 1 failed verification, continuing...
[2026-01-10 22:00:32] [INFO] ========================================
[2026-01-10 22:00:32] [INFO] Trying strategy: exact? (up to 1 attempts)
[2026-01-10 22:00:32] [INFO] --------------------
[2026-01-10 22:00:32] [INFO] Strategy exact?, attempt 1/1
[2026-01-10 22:00:32] [INFO] Starting proof generation...
[2026-01-10 22:00:32] [INFO] Repository path: /root/repo
[2026-01-10 22:00:32] [INFO] Proof generation completed
[2026-01-10 22:00:32] [INFO] Generated proof:
[2026-01-10 22:00:32] [INFO] exact?
[2026-01-10 22:00:32] [INFO] Proof length: 6 chars
[2026-01-10 22:00:32] [INFO] Starting proof verification...
[2026-01-10 22:00:32] [INFO] Verifying at: BrownianMotion/StochasticIntegral/QuadraticVariation.lean:31
[2026-01-10 22:00:32] [INFO] Using LEAN INTERACT verify
[2026-01-10 22:00:32] [INFO] Checking file
[2026-01-10 22:00:37] [INFO] Cannot build modified file BrownianMotion/StochasticIntegral/tmpyw7hnr4x.lean:31:59: error(lean.unknownIdentifier): Unknown identifier `exact?`
[2026-01-10 22:00:37] [INFO] Proof verification completed
[2026-01-10 22:00:37] [INFO] Strategy exact? attempt 1: verified=False
[2026-01-10 22:00:37] [INFO] Verification message: Cannot build modified file: BrownianMotion/StochasticIntegral/tmpyw7hnr4x.lean:31:59: error(lean.unknownIdentifier): Unknown identifier `exact?`

[2026-01-10 22:00:37] [INFO] Attempt 1 failed verification, continuing...
[2026-01-10 22:00:37] [INFO] ========================================
[2026-01-10 22:00:37] [INFO] Trying strategy: grind (up to 1 attempts)
[2026-01-10 22:00:37] [INFO] --------------------
[2026-01-10 22:00:37] [INFO] Strategy grind, attempt 1/1
[2026-01-10 22:00:37] [INFO] Starting proof generation...
[2026-01-10 22:00:37] [INFO] Repository path: /root/repo
[2026-01-10 22:00:37] [INFO] Proof generation completed
[2026-01-10 22:00:37] [INFO] Generated proof:
[2026-01-10 22:00:37] [INFO] grind
[2026-01-10 22:00:37] [INFO] Proof length: 5 chars
[2026-01-10 22:00:37] [INFO] Starting proof verification...
[2026-01-10 22:00:37] [INFO] Verifying at: BrownianMotion/StochasticIntegral/QuadraticVariation.lean:31
[2026-01-10 22:00:37] [INFO] Using LEAN INTERACT verify
[2026-01-10 22:00:37] [INFO] Checking file
[2026-01-10 22:00:42] [INFO] Cannot build modified file BrownianMotion/StochasticIntegral/tmpoc8gy0tp.lean:31:59: error(lean.unknownIdentifier): Unknown identifier `grind`
[2026-01-10 22:00:42] [INFO] Proof verification completed
[2026-01-10 22:00:42] [INFO] Strategy grind attempt 1: verified=False
[2026-01-10 22:00:42] [INFO] Verification message: Cannot build modified file: BrownianMotion/StochasticIntegral/tmpoc8gy0tp.lean:31:59: error(lean.unknownIdentifier): Unknown identifier `grind`

[2026-01-10 22:00:42] [INFO] Attempt 1 failed verification, continuing...
[2026-01-10 22:00:42] [INFO] ========================================
[2026-01-10 22:00:42] [INFO] Trying strategy: ring (up to 1 attempts)
[2026-01-10 22:00:42] [INFO] --------------------
[2026-01-10 22:00:42] [INFO] Strategy ring, attempt 1/1
[2026-01-10 22:00:42] [INFO] Starting proof generation...
[2026-01-10 22:00:42] [INFO] Repository path: /root/repo
[2026-01-10 22:00:42] [INFO] Proof generation completed
[2026-01-10 22:00:42] [INFO] Generated proof:
[2026-01-10 22:00:42] [INFO] ring
[2026-01-10 22:00:42] [INFO] Proof length: 4 chars
[2026-01-10 22:00:42] [INFO] Starting proof verification...
[2026-01-10 22:00:42] [INFO] Verifying at: BrownianMotion/StochasticIntegral/QuadraticVariation.lean:31
[2026-01-10 22:00:42] [INFO] Using LEAN INTERACT verify
[2026-01-10 22:00:42] [INFO] Checking file
[2026-01-10 22:00:46] [INFO] Cannot build modified file BrownianMotion/StochasticIntegral/tmpkl6uqb80.lean:31:59: error(lean.unknownIdentifier): Unknown identifier `ring`
[2026-01-10 22:00:46] [INFO] Proof verification completed
[2026-01-10 22:00:46] [INFO] Strategy ring attempt 1: verified=False
[2026-01-10 22:00:46] [INFO] Verification message: Cannot build modified file: BrownianMotion/StochasticIntegral/tmpkl6uqb80.lean:31:59: error(lean.unknownIdentifier): Unknown identifier `ring`

[2026-01-10 22:00:46] [INFO] Attempt 1 failed verification, continuing...
[2026-01-10 22:00:46] [INFO] ========================================
[2026-01-10 22:00:46] [INFO] Trying strategy: norm_num (up to 1 attempts)
[2026-01-10 22:00:46] [INFO] --------------------
[2026-01-10 22:00:46] [INFO] Strategy norm_num, attempt 1/1
[2026-01-10 22:00:46] [INFO] Starting proof generation...
[2026-01-10 22:00:46] [INFO] Repository path: /root/repo
[2026-01-10 22:00:46] [INFO] Proof generation completed
[2026-01-10 22:00:46] [INFO] Generated proof:
[2026-01-10 22:00:46] [INFO] norm_num
[2026-01-10 22:00:46] [INFO] Proof length: 8 chars
[2026-01-10 22:00:46] [INFO] Starting proof verification...
[2026-01-10 22:00:46] [INFO] Verifying at: BrownianMotion/StochasticIntegral/QuadraticVariation.lean:31
[2026-01-10 22:00:46] [INFO] Using LEAN INTERACT verify
[2026-01-10 22:00:46] [INFO] Checking file
[2026-01-10 22:00:52] [INFO] Cannot build modified file <error line="31" column="59">
<code_line>  have hX2_cadlag : ∀ ω, IsCadlag (fun t ↦ ‖X t ω‖ ^ 2) := norm_num</code_line>
<message>error: Type mismatch</message>
</error>
  norm_num
has type
  Lean.ParserDescr
of sort `Type` but is expected to have type
  ∀ (ω : Ω), IsCadlag fun t => ‖X t ω‖ ^ 2
of sort `Prop`
[2026-01-10 22:00:52] [INFO] Proof verification completed
[2026-01-10 22:00:52] [INFO] Strategy norm_num attempt 1: verified=False
[2026-01-10 22:00:52] [INFO] Verification message: Cannot build modified file: <error line="31" column="59">
<code_line>  have hX2_cadlag : ∀ ω, IsCadlag (fun t ↦ ‖X t ω‖ ^ 2) := norm_num</code_line>
<message>error: Type mismatch</message>
</error>
  norm_num
has type
  Lean.ParserDescr
of sort `Type` but is expected to have type
  ∀ (ω : Ω), IsCadlag fun t => ‖X t ω‖ ^ 2
of sort `Prop`

[2026-01-10 22:00:52] [INFO] Attempt 1 failed verification, continuing...
[2026-01-10 22:00:52] [INFO] ========================================
[2026-01-10 22:00:52] [INFO] Trying strategy: omega (up to 1 attempts)
[2026-01-10 22:00:52] [INFO] --------------------
[2026-01-10 22:00:52] [INFO] Strategy omega, attempt 1/1
[2026-01-10 22:00:52] [INFO] Starting proof generation...
[2026-01-10 22:00:52] [INFO] Repository path: /root/repo
[2026-01-10 22:00:52] [INFO] Proof generation completed
[2026-01-10 22:00:52] [INFO] Generated proof:
[2026-01-10 22:00:52] [INFO] omega
[2026-01-10 22:00:52] [INFO] Proof length: 5 chars
[2026-01-10 22:00:52] [INFO] Starting proof verification...
[2026-01-10 22:00:52] [INFO] Verifying at: BrownianMotion/StochasticIntegral/QuadraticVariation.lean:31
[2026-01-10 22:00:52] [INFO] Using LEAN INTERACT verify
[2026-01-10 22:00:52] [INFO] Checking file
[2026-01-10 22:00:57] [INFO] Cannot build modified file BrownianMotion/StochasticIntegral/tmpvbxtf70x.lean:31:59: error(lean.unknownIdentifier): Unknown identifier `omega`
[2026-01-10 22:00:57] [INFO] Proof verification completed
[2026-01-10 22:00:57] [INFO] Strategy omega attempt 1: verified=False
[2026-01-10 22:00:57] [INFO] Verification message: Cannot build modified file: BrownianMotion/StochasticIntegral/tmpvbxtf70x.lean:31:59: error(lean.unknownIdentifier): Unknown identifier `omega`

[2026-01-10 22:00:57] [INFO] Attempt 1 failed verification, continuing...
[2026-01-10 22:00:57] [INFO] ========================================
[2026-01-10 22:00:57] [INFO] Trying strategy: linarith (up to 1 attempts)
[2026-01-10 22:00:57] [INFO] --------------------
[2026-01-10 22:00:57] [INFO] Strategy linarith, attempt 1/1
[2026-01-10 22:00:57] [INFO] Starting proof generation...
[2026-01-10 22:00:57] [INFO] Repository path: /root/repo
[2026-01-10 22:00:57] [INFO] Proof generation completed
[2026-01-10 22:00:57] [INFO] Generated proof:
[2026-01-10 22:00:57] [INFO] linarith
[2026-01-10 22:00:57] [INFO] Proof length: 8 chars
[2026-01-10 22:00:57] [INFO] Starting proof verification...
[2026-01-10 22:00:57] [INFO] Verifying at: BrownianMotion/StochasticIntegral/QuadraticVariation.lean:31
[2026-01-10 22:00:57] [INFO] Using LEAN INTERACT verify
[2026-01-10 22:00:57] [INFO] Checking file
[2026-01-10 22:01:02] [INFO] Cannot build modified file BrownianMotion/StochasticIntegral/tmp3ga2xblb.lean:31:59: error(lean.unknownIdentifier): Unknown identifier `linarith`
[2026-01-10 22:01:02] [INFO] Proof verification completed
[2026-01-10 22:01:02] [INFO] Strategy linarith attempt 1: verified=False
[2026-01-10 22:01:02] [INFO] Verification message: Cannot build modified file: BrownianMotion/StochasticIntegral/tmp3ga2xblb.lean:31:59: error(lean.unknownIdentifier): Unknown identifier `linarith`

[2026-01-10 22:01:02] [INFO] Attempt 1 failed verification, continuing...
[2026-01-10 22:01:02] [INFO] ========================================
[2026-01-10 22:01:02] [INFO] Trying strategy: nlinarith (up to 1 attempts)
[2026-01-10 22:01:02] [INFO] --------------------
[2026-01-10 22:01:02] [INFO] Strategy nlinarith, attempt 1/1
[2026-01-10 22:01:02] [INFO] Starting proof generation...
[2026-01-10 22:01:02] [INFO] Repository path: /root/repo
[2026-01-10 22:01:02] [INFO] Proof generation completed
[2026-01-10 22:01:02] [INFO] Generated proof:
[2026-01-10 22:01:02] [INFO] nlinarith
[2026-01-10 22:01:02] [INFO] Proof length: 9 chars
[2026-01-10 22:01:02] [INFO] Starting proof verification...
[2026-01-10 22:01:02] [INFO] Verifying at: BrownianMotion/StochasticIntegral/QuadraticVariation.lean:31
[2026-01-10 22:01:02] [INFO] Using LEAN INTERACT verify
[2026-01-10 22:01:02] [INFO] Checking file
[2026-01-10 22:01:07] [INFO] Cannot build modified file BrownianMotion/StochasticIntegral/tmpc93swsbj.lean:31:59: error(lean.unknownIdentifier): Unknown identifier `nlinarith`
[2026-01-10 22:01:07] [INFO] Proof verification completed
[2026-01-10 22:01:07] [INFO] Strategy nlinarith attempt 1: verified=False
[2026-01-10 22:01:07] [INFO] Verification message: Cannot build modified file: BrownianMotion/StochasticIntegral/tmpc93swsbj.lean:31:59: error(lean.unknownIdentifier): Unknown identifier `nlinarith`

[2026-01-10 22:01:07] [INFO] Attempt 1 failed verification, continuing...
[2026-01-10 22:01:07] [INFO] ========================================
[2026-01-10 22:01:07] [INFO] Trying strategy: aesop (up to 1 attempts)
[2026-01-10 22:01:07] [INFO] --------------------
[2026-01-10 22:01:07] [INFO] Strategy aesop, attempt 1/1
[2026-01-10 22:01:07] [INFO] Starting proof generation...
[2026-01-10 22:01:07] [INFO] Repository path: /root/repo
[2026-01-10 22:01:07] [INFO] Proof generation completed
[2026-01-10 22:01:07] [INFO] Generated proof:
[2026-01-10 22:01:07] [INFO] aesop
[2026-01-10 22:01:07] [INFO] Proof length: 5 chars
[2026-01-10 22:01:07] [INFO] Starting proof verification...
[2026-01-10 22:01:07] [INFO] Verifying at: BrownianMotion/StochasticIntegral/QuadraticVariation.lean:31
[2026-01-10 22:01:07] [INFO] Using LEAN INTERACT verify
[2026-01-10 22:01:07] [INFO] Checking file
[2026-01-10 22:01:11] [INFO] Cannot build modified file BrownianMotion/StochasticIntegral/tmpx8mwxj0f.lean:31:59: error(lean.unknownIdentifier): Unknown identifier `aesop`
[2026-01-10 22:01:11] [INFO] Proof verification completed
[2026-01-10 22:01:11] [INFO] Strategy aesop attempt 1: verified=False
[2026-01-10 22:01:11] [INFO] Verification message: Cannot build modified file: BrownianMotion/StochasticIntegral/tmpx8mwxj0f.lean:31:59: error(lean.unknownIdentifier): Unknown identifier `aesop`

[2026-01-10 22:01:11] [INFO] Attempt 1 failed verification, continuing...
[2026-01-10 22:01:11] [INFO] ========================================
[2026-01-10 22:01:11] [INFO] Pass@k completed. Total results: 1
[2026-01-10 22:01:11] [INFO] FAILED: All 11 strategies x 1 attempts
[2026-01-10 22:01:11] [INFO] Writing results to file: /root/repo/result.json
[2026-01-10 22:01:11] [INFO] Result file written successfully
[2026-01-10 22:01:11] [INFO] Results exported to: /root/repo/result.json
[2026-01-10 22:01:11] [INFO] run_morphcloud_local.py completed successfully

[2026-01-10 22:01:12] [process_single_sorry] Downloading result file...
[2026-01-10 22:01:13] [process_single_sorry] Downloaded result to intermediate_experiment_outputs_full_reservoir/multi_tactic/2026-01-10_20-46-34_multi_tactic/individual/daf3656688a83ea3f2bbc6c529c71e83729377e39e3bd613e5430499d131ab1c.json
[2026-01-10 22:01:15] [process_single_sorry] Instance context closed successfully
[2026-01-10 22:01:15] [process_single_sorry] Parsing result file...
[2026-01-10 22:01:15] [process_single_sorry] Successfully parsed result (list format, 1 results)
