[2026-01-10 22:42:47] [process_single_sorry] Starting for sorry dd175f5df0f00dfe9ae6d9d1a149b80a1161b10fdc510eb7118f131281f8d046
[2026-01-10 22:42:47] [process_single_sorry] Using snapshot: snapshot_kyclktwu
[2026-01-10 22:42:47] [process_single_sorry] Repository: https://github.com/YaelDillies/LeanCamCombi@34daaaac92e24dcedf36f3d059764534daa7999d
[2026-01-10 22:42:47] [process_single_sorry] Instance name: LeanCamCombi_34daaaac92e2_multi_tactic_dd175f5df0f00dfe9ae6d9d1a149b80a1161b10fdc510eb7118f131281f8d046
[2026-01-10 22:42:47] [process_single_sorry] Starting attempt 1/3
[2026-01-10 22:42:47] [process_single_sorry] Starting instance from snapshot...
[2026-01-10 22:42:48] [process_single_sorry] Instance started successfully: morphvm_rywmmt9s
[2026-01-10 22:42:48] [process_single_sorry] Creating .env file...
[2026-01-10 22:42:53] [process_single_sorry] .env file created (exit_code: 0)
[2026-01-10 22:42:53] [process_single_sorry] Executing agent command...
[2026-01-10 22:45:01] [process_single_sorry] Agent command completed (exit_code: 0)
[2026-01-10 22:45:01] [process_single_sorry] STDOUT:

Results JSON:
[
  {
    "sorry": {
      "repo": {
        "remote": "https://github.com/YaelDillies/LeanCamCombi",
        "branch": "master",
        "commit": "34daaaac92e24dcedf36f3d059764534daa7999d",
        "lean_version": "v4.26.0"
      },
      "location": {
        "path": "LeanCamCombi/Mathlib/Probability/Combinatorics/BinomialRandomGraph/Defs.lean",
        "start_line": 159,
        "start_column": 12,
        "end_line": 159,
        "end_column": 17
      },
      "debug_info": {
        "goal": "V : Type u_1\nΩ : Type u_2\nm : MeasurableSpace Ω\nG : Ω → SimpleGraph V\np : ↑unitInterval\nP : Measure Ω\nhG : @SimpleGraph.IsBinomialRandom V Ω m G p P\n⊢ Measure.map (fun ω => (G ω)ᶜ) P = @SimpleGraph.binomialRandom V (unitInterval.symm p)",
        "url": "https://github.com/YaelDillies/LeanCamCombi/blob/34daaaac92e24dcedf36f3d059764534daa7999d/LeanCamCombi/Mathlib/Probability/Combinatorics/BinomialRandomGraph/Defs.lean#L159"
      },
      "metadata": {
        "blame_email_hash": "97e8591fe714",
        "blame_date": "2025-11-25T11:17:41+01:00",
        "inclusion_date": "2025-12-30T00:28:27.081519+00:00"
      },
      "id": "dd175f5df0f00dfe9ae6d9d1a149b80a1161b10fdc510eb7118f131281f8d046"
    },
    "proof": null,
    "proof_verified": false,
    "feedback": null,
    "verification_message": "All 11 attempts failed (11 strategies x 1 attempts each)",
    "success": true,
    "error_type": null,
    "error_message": null,
    "strategy_name": "all_failed_k=1",
    "proof_attempts": [
      "rfl",
      "simp",
      "simp_all",
      "exact?",
      "grind",
      "ring",
      "norm_num",
      "omega",
      "linarith",
      "nlinarith",
      "aesop"
    ]
  }
]

[2026-01-10 22:45:01] [process_single_sorry] STDERR:
None of PyTorch, TensorFlow >= 2.0, or Flax have been found. Models won't be available and only tokenizers, configuration and file/data utilities can be used.
[2026-01-10 22:43:18] [INFO] ================================================================================
[2026-01-10 22:43:18] [INFO] Starting run_morphcloud_local.py
[2026-01-10 22:43:18] [INFO] ================================================================================
[2026-01-10 22:43:18] [INFO] Environment loaded
[2026-01-10 22:43:18] [INFO] Full command: /root/SorryDB/sorrydb/cli/run_morphcloud_local.py --repo-path /root/repo --sorry-json {"repo": {"remote": "https://github.com/YaelDillies/LeanCamCombi", "branch": "master", "commit": "34daaaac92e24dcedf36f3d059764534daa7999d", "lean_version": "v4.26.0"}, "location": {"path": "LeanCamCombi/Mathlib/Probability/Combinatorics/BinomialRandomGraph/Defs.lean", "start_line": 159, "start_column": 12, "end_line": 159, "end_column": 17}, "debug_info": {"goal": "V : Type u_1\n\u03a9 : Type u_2\nm : MeasurableSpace \u03a9\nG : \u03a9 \u2192 SimpleGraph V\np : \u2191unitInterval\nP : Measure \u03a9\nhG : @SimpleGraph.IsBinomialRandom V \u03a9 m G p P\n\u22a2 Measure.map (fun \u03c9 => (G \u03c9)\u1d9c) P = @SimpleGraph.binomialRandom V (unitInterval.symm p)", "url": "https://github.com/YaelDillies/LeanCamCombi/blob/34daaaac92e24dcedf36f3d059764534daa7999d/LeanCamCombi/Mathlib/Probability/Combinatorics/BinomialRandomGraph/Defs.lean#L159"}, "metadata": {"blame_email_hash": "97e8591fe714", "blame_date": "2025-11-25T11:17:41+01:00", "inclusion_date": "2025-12-30T00:28:27.081519+00:00"}, "id": "dd175f5df0f00dfe9ae6d9d1a149b80a1161b10fdc510eb7118f131281f8d046"} --agent-strategy {"name": "multi_tactic", "args": {}}
[2026-01-10 22:43:18] [INFO] Arguments parsed: repo_path=/root/repo, output_path=/root/repo/result.json
[2026-01-10 22:43:18] [INFO] Strategy spec: {"name": "multi_tactic", "args": {}}...
[2026-01-10 22:43:18] [INFO] Loading sorry data...
[2026-01-10 22:43:18] [INFO] Parsing sorry from JSON string...
[2026-01-10 22:43:18] [INFO] Sorry data parsed from JSON string
[2026-01-10 22:43:18] [INFO] Creating strategy from spec...
[2026-01-10 22:43:18] [INFO] Parsing strategy spec (length: 36 chars)
[2026-01-10 22:43:18] [INFO] Strategy name: multi_tactic
[2026-01-10 22:43:18] [INFO] Strategy args: {}
[2026-01-10 22:43:18] [INFO] Pass@k value: 1
[2026-01-10 22:43:18] [INFO] Creating strategy: multi_tactic
[2026-01-10 22:43:18] [INFO] Creating multi_tactic strategy with tactics: ['rfl', 'simp', 'simp_all', 'exact?', 'grind', 'ring', 'norm_num', 'omega', 'linarith', 'nlinarith', 'aesop']
[2026-01-10 22:43:18] [INFO] Strategies created: ['rfl', 'simp', 'simp_all', 'exact?', 'grind', 'ring', 'norm_num', 'omega', 'linarith', 'nlinarith', 'aesop']
[2026-01-10 22:43:18] [INFO] Pass@k value: 1
[2026-01-10 22:43:18] [INFO] Creating Sorry object...
[2026-01-10 22:43:18] [INFO] Sorry object created: id=dd175f5df0f00dfe9ae6d9d1a149b80a1161b10fdc510eb7118f131281f8d046
[2026-01-10 22:43:18] [INFO] Sorry location: LeanCamCombi/Mathlib/Probability/Combinatorics/BinomialRandomGraph/Defs.lean:159
[2026-01-10 22:43:18] [INFO] Context before sorry (lines 154-159):
[2026-01-10 22:43:18] [INFO]   154: lemma IsBinomialRandom.iIndepFun_mem_edgeSet (hG : IsBinomialRandom G p P) :
[2026-01-10 22:43:18] [INFO]   155:     iIndepFun (fun e ω ↦ e ∈ (G ω).edgeSet) P := sorry
[2026-01-10 22:43:18] [INFO]   156: 
[2026-01-10 22:43:18] [INFO]   157: lemma IsBinomialRandom.compl (hG : IsBinomialRandom G p P) :
[2026-01-10 22:43:18] [INFO]   158:     IsBinomialRandom (fun ω ↦ (G ω)ᶜ) (σ p) P where
[2026-01-10 22:43:18] [INFO]   159:   map_eq := sorry
[2026-01-10 22:43:18] [INFO] Sorry line:   map_eq := sorry
[2026-01-10 22:43:18] [INFO] Sorry goal: V : Type u_1
Ω : Type u_2
m : MeasurableSpace Ω
G : Ω → SimpleGraph V
p : ↑unitInterval
P : Measure ...
[2026-01-10 22:43:18] [INFO] ========================================
[2026-01-10 22:43:18] [INFO] Trying strategy: rfl (up to 1 attempts)
[2026-01-10 22:43:18] [INFO] --------------------
[2026-01-10 22:43:18] [INFO] Strategy rfl, attempt 1/1
[2026-01-10 22:43:18] [INFO] Starting proof generation...
[2026-01-10 22:43:18] [INFO] Repository path: /root/repo
[2026-01-10 22:43:18] [INFO] Proof generation completed
[2026-01-10 22:43:18] [INFO] Generated proof:
[2026-01-10 22:43:18] [INFO] rfl
[2026-01-10 22:43:18] [INFO] Proof length: 3 chars
[2026-01-10 22:43:18] [INFO] Starting proof verification...
[2026-01-10 22:43:18] [INFO] Verifying at: LeanCamCombi/Mathlib/Probability/Combinatorics/BinomialRandomGraph/Defs.lean:159
[2026-01-10 22:43:18] [INFO] Using LEAN INTERACT verify
[2026-01-10 22:43:18] [INFO] Checking file
[2026-01-10 22:43:56] [INFO] Cannot build modified file <error line="159" column="12">
<code_line>  map_eq := rfl</code_line>
<message>error: Type mismatch</message>
</error>
  rfl
has type
  ?m.21 = ?m.21
but is expected to have type
  Measure.map (fun ω => (G ω)ᶜ) P = G(V, σ p)
[2026-01-10 22:43:56] [INFO] Proof verification completed
[2026-01-10 22:43:56] [INFO] Strategy rfl attempt 1: verified=False
[2026-01-10 22:43:56] [INFO] Verification message: Cannot build modified file: <error line="159" column="12">
<code_line>  map_eq := rfl</code_line>
<message>error: Type mismatch</message>
</error>
  rfl
has type
  ?m.21 = ?m.21
but is expected to have type
  Measure.map (fun ω => (G ω)ᶜ) P = G(V, σ p)

[2026-01-10 22:43:56] [INFO] Attempt 1 failed verification, continuing...
[2026-01-10 22:43:56] [INFO] ========================================
[2026-01-10 22:43:56] [INFO] Trying strategy: simp (up to 1 attempts)
[2026-01-10 22:43:56] [INFO] --------------------
[2026-01-10 22:43:56] [INFO] Strategy simp, attempt 1/1
[2026-01-10 22:43:56] [INFO] Starting proof generation...
[2026-01-10 22:43:56] [INFO] Repository path: /root/repo
[2026-01-10 22:43:56] [INFO] Proof generation completed
[2026-01-10 22:43:56] [INFO] Generated proof:
[2026-01-10 22:43:56] [INFO] simp
[2026-01-10 22:43:56] [INFO] Proof length: 4 chars
[2026-01-10 22:43:56] [INFO] Starting proof verification...
[2026-01-10 22:43:56] [INFO] Verifying at: LeanCamCombi/Mathlib/Probability/Combinatorics/BinomialRandomGraph/Defs.lean:159
[2026-01-10 22:43:56] [INFO] Using LEAN INTERACT verify
[2026-01-10 22:43:56] [INFO] Checking file
[2026-01-10 22:44:02] [INFO] Cannot build modified file LeanCamCombi/Mathlib/Probability/Combinatorics/BinomialRandomGraph/tmpkfrapabu.lean:159:12: error(lean.unknownIdentifier): Unknown identifier `simp`
[2026-01-10 22:44:02] [INFO] Proof verification completed
[2026-01-10 22:44:02] [INFO] Strategy simp attempt 1: verified=False
[2026-01-10 22:44:02] [INFO] Verification message: Cannot build modified file: LeanCamCombi/Mathlib/Probability/Combinatorics/BinomialRandomGraph/tmpkfrapabu.lean:159:12: error(lean.unknownIdentifier): Unknown identifier `simp`

[2026-01-10 22:44:02] [INFO] Attempt 1 failed verification, continuing...
[2026-01-10 22:44:02] [INFO] ========================================
[2026-01-10 22:44:02] [INFO] Trying strategy: simp_all (up to 1 attempts)
[2026-01-10 22:44:02] [INFO] --------------------
[2026-01-10 22:44:02] [INFO] Strategy simp_all, attempt 1/1
[2026-01-10 22:44:02] [INFO] Starting proof generation...
[2026-01-10 22:44:02] [INFO] Repository path: /root/repo
[2026-01-10 22:44:02] [INFO] Proof generation completed
[2026-01-10 22:44:02] [INFO] Generated proof:
[2026-01-10 22:44:02] [INFO] simp_all
[2026-01-10 22:44:02] [INFO] Proof length: 8 chars
[2026-01-10 22:44:02] [INFO] Starting proof verification...
[2026-01-10 22:44:02] [INFO] Verifying at: LeanCamCombi/Mathlib/Probability/Combinatorics/BinomialRandomGraph/Defs.lean:159
[2026-01-10 22:44:02] [INFO] Using LEAN INTERACT verify
[2026-01-10 22:44:02] [INFO] Checking file
[2026-01-10 22:44:08] [INFO] Cannot build modified file LeanCamCombi/Mathlib/Probability/Combinatorics/BinomialRandomGraph/tmpiqefqbis.lean:159:12: error(lean.unknownIdentifier): Unknown identifier `simp_all`
[2026-01-10 22:44:08] [INFO] Proof verification completed
[2026-01-10 22:44:08] [INFO] Strategy simp_all attempt 1: verified=False
[2026-01-10 22:44:08] [INFO] Verification message: Cannot build modified file: LeanCamCombi/Mathlib/Probability/Combinatorics/BinomialRandomGraph/tmpiqefqbis.lean:159:12: error(lean.unknownIdentifier): Unknown identifier `simp_all`

[2026-01-10 22:44:08] [INFO] Attempt 1 failed verification, continuing...
[2026-01-10 22:44:08] [INFO] ========================================
[2026-01-10 22:44:08] [INFO] Trying strategy: exact? (up to 1 attempts)
[2026-01-10 22:44:08] [INFO] --------------------
[2026-01-10 22:44:08] [INFO] Strategy exact?, attempt 1/1
[2026-01-10 22:44:08] [INFO] Starting proof generation...
[2026-01-10 22:44:08] [INFO] Repository path: /root/repo
[2026-01-10 22:44:08] [INFO] Proof generation completed
[2026-01-10 22:44:08] [INFO] Generated proof:
[2026-01-10 22:44:08] [INFO] exact?
[2026-01-10 22:44:08] [INFO] Proof length: 6 chars
[2026-01-10 22:44:08] [INFO] Starting proof verification...
[2026-01-10 22:44:08] [INFO] Verifying at: LeanCamCombi/Mathlib/Probability/Combinatorics/BinomialRandomGraph/Defs.lean:159
[2026-01-10 22:44:08] [INFO] Using LEAN INTERACT verify
[2026-01-10 22:44:08] [INFO] Checking file
[2026-01-10 22:44:15] [INFO] Cannot build modified file LeanCamCombi/Mathlib/Probability/Combinatorics/BinomialRandomGraph/tmp5s27if3d.lean:159:12: error(lean.unknownIdentifier): Unknown identifier `exact?`
[2026-01-10 22:44:15] [INFO] Proof verification completed
[2026-01-10 22:44:15] [INFO] Strategy exact? attempt 1: verified=False
[2026-01-10 22:44:15] [INFO] Verification message: Cannot build modified file: LeanCamCombi/Mathlib/Probability/Combinatorics/BinomialRandomGraph/tmp5s27if3d.lean:159:12: error(lean.unknownIdentifier): Unknown identifier `exact?`

[2026-01-10 22:44:15] [INFO] Attempt 1 failed verification, continuing...
[2026-01-10 22:44:15] [INFO] ========================================
[2026-01-10 22:44:15] [INFO] Trying strategy: grind (up to 1 attempts)
[2026-01-10 22:44:15] [INFO] --------------------
[2026-01-10 22:44:15] [INFO] Strategy grind, attempt 1/1
[2026-01-10 22:44:15] [INFO] Starting proof generation...
[2026-01-10 22:44:15] [INFO] Repository path: /root/repo
[2026-01-10 22:44:15] [INFO] Proof generation completed
[2026-01-10 22:44:15] [INFO] Generated proof:
[2026-01-10 22:44:15] [INFO] grind
[2026-01-10 22:44:15] [INFO] Proof length: 5 chars
[2026-01-10 22:44:15] [INFO] Starting proof verification...
[2026-01-10 22:44:15] [INFO] Verifying at: LeanCamCombi/Mathlib/Probability/Combinatorics/BinomialRandomGraph/Defs.lean:159
[2026-01-10 22:44:15] [INFO] Using LEAN INTERACT verify
[2026-01-10 22:44:15] [INFO] Checking file
[2026-01-10 22:44:21] [INFO] Cannot build modified file LeanCamCombi/Mathlib/Probability/Combinatorics/BinomialRandomGraph/tmpaj9p_581.lean:159:12: error(lean.unknownIdentifier): Unknown identifier `grind`
[2026-01-10 22:44:21] [INFO] Proof verification completed
[2026-01-10 22:44:21] [INFO] Strategy grind attempt 1: verified=False
[2026-01-10 22:44:21] [INFO] Verification message: Cannot build modified file: LeanCamCombi/Mathlib/Probability/Combinatorics/BinomialRandomGraph/tmpaj9p_581.lean:159:12: error(lean.unknownIdentifier): Unknown identifier `grind`

[2026-01-10 22:44:21] [INFO] Attempt 1 failed verification, continuing...
[2026-01-10 22:44:21] [INFO] ========================================
[2026-01-10 22:44:21] [INFO] Trying strategy: ring (up to 1 attempts)
[2026-01-10 22:44:21] [INFO] --------------------
[2026-01-10 22:44:21] [INFO] Strategy ring, attempt 1/1
[2026-01-10 22:44:21] [INFO] Starting proof generation...
[2026-01-10 22:44:21] [INFO] Repository path: /root/repo
[2026-01-10 22:44:21] [INFO] Proof generation completed
[2026-01-10 22:44:21] [INFO] Generated proof:
[2026-01-10 22:44:21] [INFO] ring
[2026-01-10 22:44:21] [INFO] Proof length: 4 chars
[2026-01-10 22:44:21] [INFO] Starting proof verification...
[2026-01-10 22:44:21] [INFO] Verifying at: LeanCamCombi/Mathlib/Probability/Combinatorics/BinomialRandomGraph/Defs.lean:159
[2026-01-10 22:44:21] [INFO] Using LEAN INTERACT verify
[2026-01-10 22:44:21] [INFO] Checking file
[2026-01-10 22:44:28] [INFO] Cannot build modified file LeanCamCombi/Mathlib/Probability/Combinatorics/BinomialRandomGraph/tmpkggm1t1i.lean:159:12: error(lean.unknownIdentifier): Unknown identifier `ring`
[2026-01-10 22:44:28] [INFO] Proof verification completed
[2026-01-10 22:44:28] [INFO] Strategy ring attempt 1: verified=False
[2026-01-10 22:44:28] [INFO] Verification message: Cannot build modified file: LeanCamCombi/Mathlib/Probability/Combinatorics/BinomialRandomGraph/tmpkggm1t1i.lean:159:12: error(lean.unknownIdentifier): Unknown identifier `ring`

[2026-01-10 22:44:28] [INFO] Attempt 1 failed verification, continuing...
[2026-01-10 22:44:28] [INFO] ========================================
[2026-01-10 22:44:28] [INFO] Trying strategy: norm_num (up to 1 attempts)
[2026-01-10 22:44:28] [INFO] --------------------
[2026-01-10 22:44:28] [INFO] Strategy norm_num, attempt 1/1
[2026-01-10 22:44:28] [INFO] Starting proof generation...
[2026-01-10 22:44:28] [INFO] Repository path: /root/repo
[2026-01-10 22:44:28] [INFO] Proof generation completed
[2026-01-10 22:44:28] [INFO] Generated proof:
[2026-01-10 22:44:28] [INFO] norm_num
[2026-01-10 22:44:28] [INFO] Proof length: 8 chars
[2026-01-10 22:44:28] [INFO] Starting proof verification...
[2026-01-10 22:44:28] [INFO] Verifying at: LeanCamCombi/Mathlib/Probability/Combinatorics/BinomialRandomGraph/Defs.lean:159
[2026-01-10 22:44:28] [INFO] Using LEAN INTERACT verify
[2026-01-10 22:44:28] [INFO] Checking file
[2026-01-10 22:44:34] [INFO] Cannot build modified file <error line="159" column="12">
<code_line>  map_eq := norm_num</code_line>
<message>error: Type mismatch</message>
</error>
  norm_num
has type
  Lean.ParserDescr
of sort `Type` but is expected to have type
  Measure.map (fun ω => (G ω)ᶜ) P = G(V, σ p)
of sort `Prop`
[2026-01-10 22:44:34] [INFO] Proof verification completed
[2026-01-10 22:44:34] [INFO] Strategy norm_num attempt 1: verified=False
[2026-01-10 22:44:34] [INFO] Verification message: Cannot build modified file: <error line="159" column="12">
<code_line>  map_eq := norm_num</code_line>
<message>error: Type mismatch</message>
</error>
  norm_num
has type
  Lean.ParserDescr
of sort `Type` but is expected to have type
  Measure.map (fun ω => (G ω)ᶜ) P = G(V, σ p)
of sort `Prop`

[2026-01-10 22:44:34] [INFO] Attempt 1 failed verification, continuing...
[2026-01-10 22:44:34] [INFO] ========================================
[2026-01-10 22:44:34] [INFO] Trying strategy: omega (up to 1 attempts)
[2026-01-10 22:44:34] [INFO] --------------------
[2026-01-10 22:44:34] [INFO] Strategy omega, attempt 1/1
[2026-01-10 22:44:34] [INFO] Starting proof generation...
[2026-01-10 22:44:34] [INFO] Repository path: /root/repo
[2026-01-10 22:44:34] [INFO] Proof generation completed
[2026-01-10 22:44:34] [INFO] Generated proof:
[2026-01-10 22:44:34] [INFO] omega
[2026-01-10 22:44:34] [INFO] Proof length: 5 chars
[2026-01-10 22:44:34] [INFO] Starting proof verification...
[2026-01-10 22:44:34] [INFO] Verifying at: LeanCamCombi/Mathlib/Probability/Combinatorics/BinomialRandomGraph/Defs.lean:159
[2026-01-10 22:44:34] [INFO] Using LEAN INTERACT verify
[2026-01-10 22:44:34] [INFO] Checking file
[2026-01-10 22:44:39] [INFO] Cannot build modified file LeanCamCombi/Mathlib/Probability/Combinatorics/BinomialRandomGraph/tmp1fw4s17i.lean:159:12: error(lean.unknownIdentifier): Unknown identifier `omega`
[2026-01-10 22:44:39] [INFO] Proof verification completed
[2026-01-10 22:44:39] [INFO] Strategy omega attempt 1: verified=False
[2026-01-10 22:44:39] [INFO] Verification message: Cannot build modified file: LeanCamCombi/Mathlib/Probability/Combinatorics/BinomialRandomGraph/tmp1fw4s17i.lean:159:12: error(lean.unknownIdentifier): Unknown identifier `omega`

[2026-01-10 22:44:39] [INFO] Attempt 1 failed verification, continuing...
[2026-01-10 22:44:39] [INFO] ========================================
[2026-01-10 22:44:39] [INFO] Trying strategy: linarith (up to 1 attempts)
[2026-01-10 22:44:39] [INFO] --------------------
[2026-01-10 22:44:39] [INFO] Strategy linarith, attempt 1/1
[2026-01-10 22:44:39] [INFO] Starting proof generation...
[2026-01-10 22:44:39] [INFO] Repository path: /root/repo
[2026-01-10 22:44:39] [INFO] Proof generation completed
[2026-01-10 22:44:39] [INFO] Generated proof:
[2026-01-10 22:44:39] [INFO] linarith
[2026-01-10 22:44:39] [INFO] Proof length: 8 chars
[2026-01-10 22:44:39] [INFO] Starting proof verification...
[2026-01-10 22:44:39] [INFO] Verifying at: LeanCamCombi/Mathlib/Probability/Combinatorics/BinomialRandomGraph/Defs.lean:159
[2026-01-10 22:44:39] [INFO] Using LEAN INTERACT verify
[2026-01-10 22:44:39] [INFO] Checking file
[2026-01-10 22:44:45] [INFO] Cannot build modified file LeanCamCombi/Mathlib/Probability/Combinatorics/BinomialRandomGraph/tmpf7xuebmt.lean:159:12: error(lean.unknownIdentifier): Unknown identifier `linarith`
[2026-01-10 22:44:45] [INFO] Proof verification completed
[2026-01-10 22:44:45] [INFO] Strategy linarith attempt 1: verified=False
[2026-01-10 22:44:45] [INFO] Verification message: Cannot build modified file: LeanCamCombi/Mathlib/Probability/Combinatorics/BinomialRandomGraph/tmpf7xuebmt.lean:159:12: error(lean.unknownIdentifier): Unknown identifier `linarith`

[2026-01-10 22:44:45] [INFO] Attempt 1 failed verification, continuing...
[2026-01-10 22:44:45] [INFO] ========================================
[2026-01-10 22:44:45] [INFO] Trying strategy: nlinarith (up to 1 attempts)
[2026-01-10 22:44:45] [INFO] --------------------
[2026-01-10 22:44:45] [INFO] Strategy nlinarith, attempt 1/1
[2026-01-10 22:44:45] [INFO] Starting proof generation...
[2026-01-10 22:44:45] [INFO] Repository path: /root/repo
[2026-01-10 22:44:45] [INFO] Proof generation completed
[2026-01-10 22:44:45] [INFO] Generated proof:
[2026-01-10 22:44:45] [INFO] nlinarith
[2026-01-10 22:44:45] [INFO] Proof length: 9 chars
[2026-01-10 22:44:45] [INFO] Starting proof verification...
[2026-01-10 22:44:45] [INFO] Verifying at: LeanCamCombi/Mathlib/Probability/Combinatorics/BinomialRandomGraph/Defs.lean:159
[2026-01-10 22:44:45] [INFO] Using LEAN INTERACT verify
[2026-01-10 22:44:45] [INFO] Checking file
[2026-01-10 22:44:53] [INFO] Cannot build modified file LeanCamCombi/Mathlib/Probability/Combinatorics/BinomialRandomGraph/tmp56i0vvk8.lean:159:12: error(lean.unknownIdentifier): Unknown identifier `nlinarith`
[2026-01-10 22:44:53] [INFO] Proof verification completed
[2026-01-10 22:44:53] [INFO] Strategy nlinarith attempt 1: verified=False
[2026-01-10 22:44:53] [INFO] Verification message: Cannot build modified file: LeanCamCombi/Mathlib/Probability/Combinatorics/BinomialRandomGraph/tmp56i0vvk8.lean:159:12: error(lean.unknownIdentifier): Unknown identifier `nlinarith`

[2026-01-10 22:44:53] [INFO] Attempt 1 failed verification, continuing...
[2026-01-10 22:44:53] [INFO] ========================================
[2026-01-10 22:44:53] [INFO] Trying strategy: aesop (up to 1 attempts)
[2026-01-10 22:44:53] [INFO] --------------------
[2026-01-10 22:44:53] [INFO] Strategy aesop, attempt 1/1
[2026-01-10 22:44:53] [INFO] Starting proof generation...
[2026-01-10 22:44:53] [INFO] Repository path: /root/repo
[2026-01-10 22:44:53] [INFO] Proof generation completed
[2026-01-10 22:44:53] [INFO] Generated proof:
[2026-01-10 22:44:53] [INFO] aesop
[2026-01-10 22:44:53] [INFO] Proof length: 5 chars
[2026-01-10 22:44:53] [INFO] Starting proof verification...
[2026-01-10 22:44:53] [INFO] Verifying at: LeanCamCombi/Mathlib/Probability/Combinatorics/BinomialRandomGraph/Defs.lean:159
[2026-01-10 22:44:53] [INFO] Using LEAN INTERACT verify
[2026-01-10 22:44:53] [INFO] Checking file
[2026-01-10 22:44:59] [INFO] Cannot build modified file LeanCamCombi/Mathlib/Probability/Combinatorics/BinomialRandomGraph/tmp9jl719ba.lean:159:12: error(lean.unknownIdentifier): Unknown identifier `aesop`
[2026-01-10 22:44:59] [INFO] Proof verification completed
[2026-01-10 22:44:59] [INFO] Strategy aesop attempt 1: verified=False
[2026-01-10 22:44:59] [INFO] Verification message: Cannot build modified file: LeanCamCombi/Mathlib/Probability/Combinatorics/BinomialRandomGraph/tmp9jl719ba.lean:159:12: error(lean.unknownIdentifier): Unknown identifier `aesop`

[2026-01-10 22:44:59] [INFO] Attempt 1 failed verification, continuing...
[2026-01-10 22:44:59] [INFO] ========================================
[2026-01-10 22:44:59] [INFO] Pass@k completed. Total results: 1
[2026-01-10 22:44:59] [INFO] FAILED: All 11 strategies x 1 attempts
[2026-01-10 22:44:59] [INFO] Writing results to file: /root/repo/result.json
[2026-01-10 22:44:59] [INFO] Result file written successfully
[2026-01-10 22:44:59] [INFO] Results exported to: /root/repo/result.json
[2026-01-10 22:44:59] [INFO] run_morphcloud_local.py completed successfully

[2026-01-10 22:45:01] [process_single_sorry] Downloading result file...
[2026-01-10 22:45:01] [process_single_sorry] Downloaded result to intermediate_experiment_outputs_full_reservoir/multi_tactic/2026-01-10_20-46-34_multi_tactic/individual/dd175f5df0f00dfe9ae6d9d1a149b80a1161b10fdc510eb7118f131281f8d046.json
[2026-01-10 22:45:04] [process_single_sorry] Instance context closed successfully
[2026-01-10 22:45:04] [process_single_sorry] Parsing result file...
[2026-01-10 22:45:04] [process_single_sorry] Successfully parsed result (list format, 1 results)
