[2026-01-10 23:35:48] [process_single_sorry] Starting for sorry df0e016c0992018087c91e315b7c32a445e8056dc54aebdbbd0028eb3d281e92
[2026-01-10 23:35:48] [process_single_sorry] Using snapshot: snapshot_36f1rk14
[2026-01-10 23:35:48] [process_single_sorry] Repository: https://github.com/m4lvin/lean4-pdl@6f9009d2561a5d7528f84992efbffb948820719c
[2026-01-10 23:35:48] [process_single_sorry] Instance name: lean4-pdl_6f9009d2561a_multi_tactic_df0e016c0992018087c91e315b7c32a445e8056dc54aebdbbd0028eb3d281e92
[2026-01-10 23:35:48] [process_single_sorry] Starting attempt 1/3
[2026-01-10 23:35:48] [process_single_sorry] Starting instance from snapshot...
[2026-01-10 23:35:49] [process_single_sorry] Instance started successfully: morphvm_fcpnyvsg
[2026-01-10 23:35:49] [process_single_sorry] Creating .env file...
[2026-01-10 23:35:52] [process_single_sorry] .env file created (exit_code: 0)
[2026-01-10 23:35:52] [process_single_sorry] Executing agent command...
[2026-01-10 23:43:00] [process_single_sorry] Agent command completed (exit_code: 0)
[2026-01-10 23:43:00] [process_single_sorry] STDOUT:

Results JSON:
[
  {
    "sorry": {
      "repo": {
        "remote": "https://github.com/m4lvin/lean4-pdl",
        "branch": "simp-suggestion-incomplete",
        "commit": "6f9009d2561a5d7528f84992efbffb948820719c",
        "lean_version": "v4.27.0-rc1"
      },
      "location": {
        "path": "Pdl/PartInterpolation.lean",
        "start_line": 620,
        "start_column": 4,
        "end_line": 620,
        "end_column": 9
      },
      "debug_info": {
        "goal": "C : List Sequent\nk : Typ\nHist✝ : List Sequent\nX✝ : Sequent\nHist : List Sequent\nX : Sequent\nh✝ : ¬(X ∈ Hist ∨ isExitIn X C)\n⊢ 1 < 1",
        "url": "https://github.com/m4lvin/lean4-pdl/blob/6f9009d2561a5d7528f84992efbffb948820719c/Pdl/PartInterpolation.lean#L620"
      },
      "metadata": {
        "blame_email_hash": "f9cc4b9ec8ec",
        "blame_date": "2025-09-28T19:12:45+02:00",
        "inclusion_date": "2025-12-30T16:27:55.182108+00:00"
      },
      "id": "df0e016c0992018087c91e315b7c32a445e8056dc54aebdbbd0028eb3d281e92"
    },
    "proof": null,
    "proof_verified": false,
    "feedback": null,
    "verification_message": "All 11 attempts failed (11 strategies x 1 attempts each)",
    "success": true,
    "error_type": null,
    "error_message": null,
    "strategy_name": "all_failed_k=1",
    "proof_attempts": [
      "rfl",
      "simp",
      "simp_all",
      "exact?",
      "grind",
      "ring",
      "norm_num",
      "omega",
      "linarith",
      "nlinarith",
      "aesop"
    ]
  }
]

[2026-01-10 23:43:00] [process_single_sorry] STDERR:
None of PyTorch, TensorFlow >= 2.0, or Flax have been found. Models won't be available and only tokenizers, configuration and file/data utilities can be used.
[2026-01-10 23:36:08] [INFO] ================================================================================
[2026-01-10 23:36:08] [INFO] Starting run_morphcloud_local.py
[2026-01-10 23:36:08] [INFO] ================================================================================
[2026-01-10 23:36:08] [INFO] Environment loaded
[2026-01-10 23:36:08] [INFO] Full command: /root/SorryDB/sorrydb/cli/run_morphcloud_local.py --repo-path /root/repo --sorry-json {"repo": {"remote": "https://github.com/m4lvin/lean4-pdl", "branch": "simp-suggestion-incomplete", "commit": "6f9009d2561a5d7528f84992efbffb948820719c", "lean_version": "v4.27.0-rc1"}, "location": {"path": "Pdl/PartInterpolation.lean", "start_line": 620, "start_column": 4, "end_line": 620, "end_column": 9}, "debug_info": {"goal": "C : List Sequent\nk : Typ\nHist\u271d : List Sequent\nX\u271d : Sequent\nHist : List Sequent\nX : Sequent\nh\u271d : \u00ac(X \u2208 Hist \u2228 isExitIn X C)\n\u22a2 1 < 1", "url": "https://github.com/m4lvin/lean4-pdl/blob/6f9009d2561a5d7528f84992efbffb948820719c/Pdl/PartInterpolation.lean#L620"}, "metadata": {"blame_email_hash": "f9cc4b9ec8ec", "blame_date": "2025-09-28T19:12:45+02:00", "inclusion_date": "2025-12-30T16:27:55.182108+00:00"}, "id": "df0e016c0992018087c91e315b7c32a445e8056dc54aebdbbd0028eb3d281e92"} --agent-strategy {"name": "multi_tactic", "args": {}}
[2026-01-10 23:36:08] [INFO] Arguments parsed: repo_path=/root/repo, output_path=/root/repo/result.json
[2026-01-10 23:36:08] [INFO] Strategy spec: {"name": "multi_tactic", "args": {}}...
[2026-01-10 23:36:08] [INFO] Loading sorry data...
[2026-01-10 23:36:08] [INFO] Parsing sorry from JSON string...
[2026-01-10 23:36:08] [INFO] Sorry data parsed from JSON string
[2026-01-10 23:36:08] [INFO] Creating strategy from spec...
[2026-01-10 23:36:08] [INFO] Parsing strategy spec (length: 36 chars)
[2026-01-10 23:36:08] [INFO] Strategy name: multi_tactic
[2026-01-10 23:36:08] [INFO] Strategy args: {}
[2026-01-10 23:36:08] [INFO] Pass@k value: 1
[2026-01-10 23:36:08] [INFO] Creating strategy: multi_tactic
[2026-01-10 23:36:08] [INFO] Creating multi_tactic strategy with tactics: ['rfl', 'simp', 'simp_all', 'exact?', 'grind', 'ring', 'norm_num', 'omega', 'linarith', 'nlinarith', 'aesop']
[2026-01-10 23:36:08] [INFO] Strategies created: ['rfl', 'simp', 'simp_all', 'exact?', 'grind', 'ring', 'norm_num', 'omega', 'linarith', 'nlinarith', 'aesop']
[2026-01-10 23:36:08] [INFO] Pass@k value: 1
[2026-01-10 23:36:08] [INFO] Creating Sorry object...
[2026-01-10 23:36:08] [INFO] Sorry object created: id=df0e016c0992018087c91e315b7c32a445e8056dc54aebdbbd0028eb3d281e92
[2026-01-10 23:36:08] [INFO] Sorry location: Pdl/PartInterpolation.lean:620
[2026-01-10 23:36:08] [INFO] Context before sorry (lines 615-620):
[2026-01-10 23:36:08] [INFO]   615:       -- create children based on local rule
[2026-01-10 23:36:08] [INFO]   616:       sorry
[2026-01-10 23:36:08] [INFO]   617: termination_by
[2026-01-10 23:36:08] [INFO]   618:   1 -- O.o ... see remark after Def 7.31 ;-)
[2026-01-10 23:36:08] [INFO]   619: decreasing_by
[2026-01-10 23:36:08] [INFO]   620:   · sorry
[2026-01-10 23:36:08] [INFO] Sorry line:   · sorry
[2026-01-10 23:36:08] [INFO] Sorry goal: C : List Sequent
k : Typ
Hist✝ : List Sequent
X✝ : Sequent
Hist : List Sequent
X : Sequent
h✝ : ¬(X ...
[2026-01-10 23:36:08] [INFO] ========================================
[2026-01-10 23:36:08] [INFO] Trying strategy: rfl (up to 1 attempts)
[2026-01-10 23:36:08] [INFO] --------------------
[2026-01-10 23:36:08] [INFO] Strategy rfl, attempt 1/1
[2026-01-10 23:36:08] [INFO] Starting proof generation...
[2026-01-10 23:36:08] [INFO] Repository path: /root/repo
[2026-01-10 23:36:08] [INFO] Proof generation completed
[2026-01-10 23:36:08] [INFO] Generated proof:
[2026-01-10 23:36:08] [INFO] rfl
[2026-01-10 23:36:08] [INFO] Proof length: 3 chars
[2026-01-10 23:36:08] [INFO] Starting proof verification...
[2026-01-10 23:36:08] [INFO] Verifying at: Pdl/PartInterpolation.lean:620
[2026-01-10 23:36:08] [INFO] Using LEAN INTERACT verify
[2026-01-10 23:36:08] [INFO] Checking file
[2026-01-10 23:37:05] [INFO] Cannot build modified file <error line="620" column="4">
<code_line>  · rfl</code_line>
<message>error: Tactic `rfl` failed: No `[refl]` lemma registered for relation</message>
</error>
  LT.lt

Hint: Add the `[refl]` attribute to reflexivity lemmas for `LT.lt` to use this tactic

C : List Sequent
k : Typ
Hist✝ : List Sequent
X✝ : Sequent
Hist : List Sequent
X : Sequent
h✝ : ¬(X ∈ Hist ∨ isExitIn X C)
⊢ 1 < 1
[2026-01-10 23:37:05] [INFO] Proof verification completed
[2026-01-10 23:37:05] [INFO] Strategy rfl attempt 1: verified=False
[2026-01-10 23:37:05] [INFO] Verification message: Cannot build modified file: <error line="620" column="4">
<code_line>  · rfl</code_line>
<message>error: Tactic `rfl` failed: No `[refl]` lemma registered for relation</message>
</error>
  LT.lt

Hint: Add the `[refl]` attribute to reflexivity lemmas for `LT.lt` to use this tactic

C : List Sequent
k : Typ
Hist✝ : List Sequent
X✝ : Sequent
Hist : List Sequent
X : Sequent
h✝ : ¬(X ∈ Hist ∨ isExitIn X C)
⊢ 1 < 1

[2026-01-10 23:37:05] [INFO] Attempt 1 failed verification, continuing...
[2026-01-10 23:37:05] [INFO] ========================================
[2026-01-10 23:37:05] [INFO] Trying strategy: simp (up to 1 attempts)
[2026-01-10 23:37:05] [INFO] --------------------
[2026-01-10 23:37:05] [INFO] Strategy simp, attempt 1/1
[2026-01-10 23:37:05] [INFO] Starting proof generation...
[2026-01-10 23:37:05] [INFO] Repository path: /root/repo
[2026-01-10 23:37:05] [INFO] Proof generation completed
[2026-01-10 23:37:05] [INFO] Generated proof:
[2026-01-10 23:37:05] [INFO] simp
[2026-01-10 23:37:05] [INFO] Proof length: 4 chars
[2026-01-10 23:37:05] [INFO] Starting proof verification...
[2026-01-10 23:37:05] [INFO] Verifying at: Pdl/PartInterpolation.lean:620
[2026-01-10 23:37:05] [INFO] Using LEAN INTERACT verify
[2026-01-10 23:37:05] [INFO] Checking file
[2026-01-10 23:37:37] [INFO] Cannot build modified file <error line="620" column="2">
<code_line>  · simp</code_line>
<message>error: unsolved goals</message>
</error>
C : List Sequent
k : Typ
Hist✝ : List Sequent
X✝ : Sequent
Hist : List Sequent
X : Sequent
h✝ : ¬(X ∈ Hist ∨ isExitIn X C)
⊢ False
[2026-01-10 23:37:37] [INFO] Proof verification completed
[2026-01-10 23:37:37] [INFO] Strategy simp attempt 1: verified=False
[2026-01-10 23:37:37] [INFO] Verification message: Cannot build modified file: <error line="620" column="2">
<code_line>  · simp</code_line>
<message>error: unsolved goals</message>
</error>
C : List Sequent
k : Typ
Hist✝ : List Sequent
X✝ : Sequent
Hist : List Sequent
X : Sequent
h✝ : ¬(X ∈ Hist ∨ isExitIn X C)
⊢ False

[2026-01-10 23:37:37] [INFO] Attempt 1 failed verification, continuing...
[2026-01-10 23:37:37] [INFO] ========================================
[2026-01-10 23:37:37] [INFO] Trying strategy: simp_all (up to 1 attempts)
[2026-01-10 23:37:37] [INFO] --------------------
[2026-01-10 23:37:37] [INFO] Strategy simp_all, attempt 1/1
[2026-01-10 23:37:37] [INFO] Starting proof generation...
[2026-01-10 23:37:37] [INFO] Repository path: /root/repo
[2026-01-10 23:37:37] [INFO] Proof generation completed
[2026-01-10 23:37:37] [INFO] Generated proof:
[2026-01-10 23:37:37] [INFO] simp_all
[2026-01-10 23:37:37] [INFO] Proof length: 8 chars
[2026-01-10 23:37:37] [INFO] Starting proof verification...
[2026-01-10 23:37:37] [INFO] Verifying at: Pdl/PartInterpolation.lean:620
[2026-01-10 23:37:37] [INFO] Using LEAN INTERACT verify
[2026-01-10 23:37:37] [INFO] Checking file
[2026-01-10 23:38:14] [INFO] Cannot build modified file <error line="620" column="2">
<code_line>  · simp_all</code_line>
<message>error: unsolved goals</message>
</error>
C : List Sequent
k : Typ
Hist✝ : List Sequent
X✝ : Sequent
Hist : List Sequent
X : Sequent
h✝ : X ∉ Hist ∧ ¬isExitIn X C
⊢ False
[2026-01-10 23:38:14] [INFO] Proof verification completed
[2026-01-10 23:38:14] [INFO] Strategy simp_all attempt 1: verified=False
[2026-01-10 23:38:14] [INFO] Verification message: Cannot build modified file: <error line="620" column="2">
<code_line>  · simp_all</code_line>
<message>error: unsolved goals</message>
</error>
C : List Sequent
k : Typ
Hist✝ : List Sequent
X✝ : Sequent
Hist : List Sequent
X : Sequent
h✝ : X ∉ Hist ∧ ¬isExitIn X C
⊢ False

[2026-01-10 23:38:14] [INFO] Attempt 1 failed verification, continuing...
[2026-01-10 23:38:14] [INFO] ========================================
[2026-01-10 23:38:14] [INFO] Trying strategy: exact? (up to 1 attempts)
[2026-01-10 23:38:14] [INFO] --------------------
[2026-01-10 23:38:14] [INFO] Strategy exact?, attempt 1/1
[2026-01-10 23:38:14] [INFO] Starting proof generation...
[2026-01-10 23:38:14] [INFO] Repository path: /root/repo
[2026-01-10 23:38:14] [INFO] Proof generation completed
[2026-01-10 23:38:14] [INFO] Generated proof:
[2026-01-10 23:38:14] [INFO] exact?
[2026-01-10 23:38:14] [INFO] Proof length: 6 chars
[2026-01-10 23:38:14] [INFO] Starting proof verification...
[2026-01-10 23:38:14] [INFO] Verifying at: Pdl/PartInterpolation.lean:620
[2026-01-10 23:38:14] [INFO] Using LEAN INTERACT verify
[2026-01-10 23:38:14] [INFO] Checking file
[2026-01-10 23:38:59] [INFO] Cannot build modified file <error line="620" column="4">
<code_line>  · exact?</code_line>
<message>error: `exact?` could not close the goal. Try `apply?` to see partial suggestions.</message>
</error>
[2026-01-10 23:38:59] [INFO] Proof verification completed
[2026-01-10 23:38:59] [INFO] Strategy exact? attempt 1: verified=False
[2026-01-10 23:38:59] [INFO] Verification message: Cannot build modified file: <error line="620" column="4">
<code_line>  · exact?</code_line>
<message>error: `exact?` could not close the goal. Try `apply?` to see partial suggestions.</message>
</error>

[2026-01-10 23:38:59] [INFO] Attempt 1 failed verification, continuing...
[2026-01-10 23:38:59] [INFO] ========================================
[2026-01-10 23:38:59] [INFO] Trying strategy: grind (up to 1 attempts)
[2026-01-10 23:38:59] [INFO] --------------------
[2026-01-10 23:38:59] [INFO] Strategy grind, attempt 1/1
[2026-01-10 23:38:59] [INFO] Starting proof generation...
[2026-01-10 23:38:59] [INFO] Repository path: /root/repo
[2026-01-10 23:38:59] [INFO] Proof generation completed
[2026-01-10 23:38:59] [INFO] Generated proof:
[2026-01-10 23:38:59] [INFO] grind
[2026-01-10 23:38:59] [INFO] Proof length: 5 chars
[2026-01-10 23:38:59] [INFO] Starting proof verification...
[2026-01-10 23:38:59] [INFO] Verifying at: Pdl/PartInterpolation.lean:620
[2026-01-10 23:38:59] [INFO] Using LEAN INTERACT verify
[2026-01-10 23:38:59] [INFO] Checking file
[2026-01-10 23:39:32] [INFO] Cannot build modified file <error line="620" column="4">
<code_line>  · grind</code_line>
<message>error: `grind` failed</message>
</error>
case grind
C : List Sequent
k : Typ
Hist_1 : List Sequent
X_1 : Sequent
Hist : List Sequent
X : Sequent
h : ¬(X ∈ Hist ∨ isExitIn X C)
⊢ False
[grind] Goal diagnostics
  [facts] Asserted facts
    [prop] X ∉ Hist ∧ ¬isExitIn X C
  [eqc] True propositions
    [prop] ¬isExitIn X C
    [prop] X ∉ Hist
    [prop] X ∉ Hist ∧ ¬isExitIn X C
  [eqc] False propositions
    [prop] isExitIn X C
    [prop] X ∈ Hist
[2026-01-10 23:39:32] [INFO] Proof verification completed
[2026-01-10 23:39:32] [INFO] Strategy grind attempt 1: verified=False
[2026-01-10 23:39:32] [INFO] Verification message: Cannot build modified file: <error line="620" column="4">
<code_line>  · grind</code_line>
<message>error: `grind` failed</message>
</error>
case grind
C : List Sequent
k : Typ
Hist_1 : List Sequent
X_1 : Sequent
Hist : List Sequent
X : Sequent
h : ¬(X ∈ Hist ∨ isExitIn X C)
⊢ False
[grind] Goal diagnostics
  [facts] Asserted facts
    [prop] X ∉ Hist ∧ ¬isExitIn X C
  [eqc] True propositions
    [prop] ¬isExitIn X C
    [prop] X ∉ Hist
    [prop] X ∉ Hist ∧ ¬isExitIn X C
  [eqc] False propositions
    [prop] isExitIn X C
    [prop] X ∈ Hist

[2026-01-10 23:39:32] [INFO] Attempt 1 failed verification, continuing...
[2026-01-10 23:39:32] [INFO] ========================================
[2026-01-10 23:39:32] [INFO] Trying strategy: ring (up to 1 attempts)
[2026-01-10 23:39:32] [INFO] --------------------
[2026-01-10 23:39:32] [INFO] Strategy ring, attempt 1/1
[2026-01-10 23:39:32] [INFO] Starting proof generation...
[2026-01-10 23:39:32] [INFO] Repository path: /root/repo
[2026-01-10 23:39:32] [INFO] Proof generation completed
[2026-01-10 23:39:32] [INFO] Generated proof:
[2026-01-10 23:39:32] [INFO] ring
[2026-01-10 23:39:32] [INFO] Proof length: 4 chars
[2026-01-10 23:39:32] [INFO] Starting proof verification...
[2026-01-10 23:39:32] [INFO] Verifying at: Pdl/PartInterpolation.lean:620
[2026-01-10 23:39:32] [INFO] Using LEAN INTERACT verify
[2026-01-10 23:39:32] [INFO] Checking file
[2026-01-10 23:40:04] [INFO] Cannot build modified file Try this:
  [apply] ring_nf
  
  The `ring` tactic failed to close the goal. Use `ring_nf` to obtain a normal form.
    
  Note that `ring` works primarily in *commutative* rings. If you have a noncommutative ring, abelian group or module, consider using `noncomm_ring`, `abel` or `module` instead.
<error line="620" column="2">
<code_line>  · ring</code_line>
<message>error: unsolved goals</message>
</error>
C : List Sequent
k : Typ
Hist✝ : List Sequent
X✝ : Sequent
Hist : List Sequent
X : Sequent
h✝ : ¬(X ∈ Hist ∨ isExitIn X C)
⊢ 1 < 1
[2026-01-10 23:40:04] [INFO] Proof verification completed
[2026-01-10 23:40:04] [INFO] Strategy ring attempt 1: verified=False
[2026-01-10 23:40:04] [INFO] Verification message: Cannot build modified file: Try this:
  [apply] ring_nf
  
  The `ring` tactic failed to close the goal. Use `ring_nf` to obtain a normal form.
    
  Note that `ring` works primarily in *commutative* rings. If you have a noncommutative ring, abelian group or module, consider using `noncomm_ring`, `abel` or `module` instead.
<error line="620" column="2">
<code_line>  · ring</code_line>
<message>error: unsolved goals</message>
</error>
C : List Sequent
k : Typ
Hist✝ : List Sequent
X✝ : Sequent
Hist : List Sequent
X : Sequent
h✝ : ¬(X ∈ Hist ∨ isExitIn X C)
⊢ 1 < 1

[2026-01-10 23:40:04] [INFO] Attempt 1 failed verification, continuing...
[2026-01-10 23:40:04] [INFO] ========================================
[2026-01-10 23:40:04] [INFO] Trying strategy: norm_num (up to 1 attempts)
[2026-01-10 23:40:04] [INFO] --------------------
[2026-01-10 23:40:04] [INFO] Strategy norm_num, attempt 1/1
[2026-01-10 23:40:04] [INFO] Starting proof generation...
[2026-01-10 23:40:04] [INFO] Repository path: /root/repo
[2026-01-10 23:40:04] [INFO] Proof generation completed
[2026-01-10 23:40:04] [INFO] Generated proof:
[2026-01-10 23:40:04] [INFO] norm_num
[2026-01-10 23:40:04] [INFO] Proof length: 8 chars
[2026-01-10 23:40:04] [INFO] Starting proof verification...
[2026-01-10 23:40:04] [INFO] Verifying at: Pdl/PartInterpolation.lean:620
[2026-01-10 23:40:04] [INFO] Using LEAN INTERACT verify
[2026-01-10 23:40:04] [INFO] Checking file
[2026-01-10 23:40:42] [INFO] Cannot build modified file <error line="620" column="2">
<code_line>  · norm_num</code_line>
<message>error: unsolved goals</message>
</error>
C : List Sequent
k : Typ
Hist✝ : List Sequent
X✝ : Sequent
Hist : List Sequent
X : Sequent
h✝ : ¬(X ∈ Hist ∨ isExitIn X C)
⊢ False
[2026-01-10 23:40:42] [INFO] Proof verification completed
[2026-01-10 23:40:42] [INFO] Strategy norm_num attempt 1: verified=False
[2026-01-10 23:40:42] [INFO] Verification message: Cannot build modified file: <error line="620" column="2">
<code_line>  · norm_num</code_line>
<message>error: unsolved goals</message>
</error>
C : List Sequent
k : Typ
Hist✝ : List Sequent
X✝ : Sequent
Hist : List Sequent
X : Sequent
h✝ : ¬(X ∈ Hist ∨ isExitIn X C)
⊢ False

[2026-01-10 23:40:42] [INFO] Attempt 1 failed verification, continuing...
[2026-01-10 23:40:42] [INFO] ========================================
[2026-01-10 23:40:42] [INFO] Trying strategy: omega (up to 1 attempts)
[2026-01-10 23:40:42] [INFO] --------------------
[2026-01-10 23:40:42] [INFO] Strategy omega, attempt 1/1
[2026-01-10 23:40:42] [INFO] Starting proof generation...
[2026-01-10 23:40:42] [INFO] Repository path: /root/repo
[2026-01-10 23:40:42] [INFO] Proof generation completed
[2026-01-10 23:40:42] [INFO] Generated proof:
[2026-01-10 23:40:42] [INFO] omega
[2026-01-10 23:40:42] [INFO] Proof length: 5 chars
[2026-01-10 23:40:42] [INFO] Starting proof verification...
[2026-01-10 23:40:42] [INFO] Verifying at: Pdl/PartInterpolation.lean:620
[2026-01-10 23:40:42] [INFO] Using LEAN INTERACT verify
[2026-01-10 23:40:42] [INFO] Checking file
[2026-01-10 23:41:12] [INFO] Cannot build modified file <error line="620" column="4">
<code_line>  · omega</code_line>
<message>error: omega could not prove the goal:</message>
</error>
No usable constraints found. You may need to unfold definitions so `omega` can see linear arithmetic facts about `Nat` and `Int`, which may also involve multiplication, division, and modular remainder by constants.
[2026-01-10 23:41:12] [INFO] Proof verification completed
[2026-01-10 23:41:12] [INFO] Strategy omega attempt 1: verified=False
[2026-01-10 23:41:12] [INFO] Verification message: Cannot build modified file: <error line="620" column="4">
<code_line>  · omega</code_line>
<message>error: omega could not prove the goal:</message>
</error>
No usable constraints found. You may need to unfold definitions so `omega` can see linear arithmetic facts about `Nat` and `Int`, which may also involve multiplication, division, and modular remainder by constants.

[2026-01-10 23:41:12] [INFO] Attempt 1 failed verification, continuing...
[2026-01-10 23:41:12] [INFO] ========================================
[2026-01-10 23:41:12] [INFO] Trying strategy: linarith (up to 1 attempts)
[2026-01-10 23:41:12] [INFO] --------------------
[2026-01-10 23:41:12] [INFO] Strategy linarith, attempt 1/1
[2026-01-10 23:41:12] [INFO] Starting proof generation...
[2026-01-10 23:41:12] [INFO] Repository path: /root/repo
[2026-01-10 23:41:12] [INFO] Proof generation completed
[2026-01-10 23:41:12] [INFO] Generated proof:
[2026-01-10 23:41:12] [INFO] linarith
[2026-01-10 23:41:12] [INFO] Proof length: 8 chars
[2026-01-10 23:41:12] [INFO] Starting proof verification...
[2026-01-10 23:41:12] [INFO] Verifying at: Pdl/PartInterpolation.lean:620
[2026-01-10 23:41:12] [INFO] Using LEAN INTERACT verify
[2026-01-10 23:41:12] [INFO] Checking file
[2026-01-10 23:41:44] [INFO] Cannot build modified file <error line="620" column="4">
<code_line>  · linarith</code_line>
<message>error: linarith failed to find a contradiction</message>
</error>
case h
C : List Sequent
k : Typ
Hist✝ : List Sequent
X✝ : Sequent
Hist : List Sequent
X : Sequent
h✝ : ¬(X ∈ Hist ∨ isExitIn X C)
a✝ : 1 ≤ 1
⊢ False
failed
[2026-01-10 23:41:44] [INFO] Proof verification completed
[2026-01-10 23:41:44] [INFO] Strategy linarith attempt 1: verified=False
[2026-01-10 23:41:44] [INFO] Verification message: Cannot build modified file: <error line="620" column="4">
<code_line>  · linarith</code_line>
<message>error: linarith failed to find a contradiction</message>
</error>
case h
C : List Sequent
k : Typ
Hist✝ : List Sequent
X✝ : Sequent
Hist : List Sequent
X : Sequent
h✝ : ¬(X ∈ Hist ∨ isExitIn X C)
a✝ : 1 ≤ 1
⊢ False
failed

[2026-01-10 23:41:44] [INFO] Attempt 1 failed verification, continuing...
[2026-01-10 23:41:44] [INFO] ========================================
[2026-01-10 23:41:44] [INFO] Trying strategy: nlinarith (up to 1 attempts)
[2026-01-10 23:41:44] [INFO] --------------------
[2026-01-10 23:41:44] [INFO] Strategy nlinarith, attempt 1/1
[2026-01-10 23:41:44] [INFO] Starting proof generation...
[2026-01-10 23:41:44] [INFO] Repository path: /root/repo
[2026-01-10 23:41:44] [INFO] Proof generation completed
[2026-01-10 23:41:44] [INFO] Generated proof:
[2026-01-10 23:41:44] [INFO] nlinarith
[2026-01-10 23:41:44] [INFO] Proof length: 9 chars
[2026-01-10 23:41:44] [INFO] Starting proof verification...
[2026-01-10 23:41:44] [INFO] Verifying at: Pdl/PartInterpolation.lean:620
[2026-01-10 23:41:44] [INFO] Using LEAN INTERACT verify
[2026-01-10 23:41:44] [INFO] Checking file
[2026-01-10 23:42:23] [INFO] Cannot build modified file <error line="620" column="4">
<code_line>  · nlinarith</code_line>
<message>error: linarith failed to find a contradiction</message>
</error>
case h
C : List Sequent
k : Typ
Hist✝ : List Sequent
X✝ : Sequent
Hist : List Sequent
X : Sequent
h✝ : ¬(X ∈ Hist ∨ isExitIn X C)
a✝ : 1 ≤ 1
⊢ False
failed
[2026-01-10 23:42:23] [INFO] Proof verification completed
[2026-01-10 23:42:23] [INFO] Strategy nlinarith attempt 1: verified=False
[2026-01-10 23:42:23] [INFO] Verification message: Cannot build modified file: <error line="620" column="4">
<code_line>  · nlinarith</code_line>
<message>error: linarith failed to find a contradiction</message>
</error>
case h
C : List Sequent
k : Typ
Hist✝ : List Sequent
X✝ : Sequent
Hist : List Sequent
X : Sequent
h✝ : ¬(X ∈ Hist ∨ isExitIn X C)
a✝ : 1 ≤ 1
⊢ False
failed

[2026-01-10 23:42:23] [INFO] Attempt 1 failed verification, continuing...
[2026-01-10 23:42:23] [INFO] ========================================
[2026-01-10 23:42:23] [INFO] Trying strategy: aesop (up to 1 attempts)
[2026-01-10 23:42:23] [INFO] --------------------
[2026-01-10 23:42:23] [INFO] Strategy aesop, attempt 1/1
[2026-01-10 23:42:23] [INFO] Starting proof generation...
[2026-01-10 23:42:23] [INFO] Repository path: /root/repo
[2026-01-10 23:42:23] [INFO] Proof generation completed
[2026-01-10 23:42:23] [INFO] Generated proof:
[2026-01-10 23:42:23] [INFO] aesop
[2026-01-10 23:42:23] [INFO] Proof length: 5 chars
[2026-01-10 23:42:23] [INFO] Starting proof verification...
[2026-01-10 23:42:23] [INFO] Verifying at: Pdl/PartInterpolation.lean:620
[2026-01-10 23:42:23] [INFO] Using LEAN INTERACT verify
[2026-01-10 23:42:23] [INFO] Checking file
[2026-01-10 23:42:59] [INFO] Cannot build modified file <error line="620" column="2">
<code_line>  · aesop</code_line>
<message>error: unsolved goals</message>
</error>
C : List Sequent
k : Typ
Hist_1 : List Sequent
X_1 : Sequent
Hist : List Sequent
X : Sequent
left : X ∉ Hist
right : ¬isExitIn X C
⊢ False
[2026-01-10 23:42:59] [INFO] Proof verification completed
[2026-01-10 23:42:59] [INFO] Strategy aesop attempt 1: verified=False
[2026-01-10 23:42:59] [INFO] Verification message: Cannot build modified file: <error line="620" column="2">
<code_line>  · aesop</code_line>
<message>error: unsolved goals</message>
</error>
C : List Sequent
k : Typ
Hist_1 : List Sequent
X_1 : Sequent
Hist : List Sequent
X : Sequent
left : X ∉ Hist
right : ¬isExitIn X C
⊢ False

[2026-01-10 23:42:59] [INFO] Attempt 1 failed verification, continuing...
[2026-01-10 23:42:59] [INFO] ========================================
[2026-01-10 23:42:59] [INFO] Pass@k completed. Total results: 1
[2026-01-10 23:42:59] [INFO] FAILED: All 11 strategies x 1 attempts
[2026-01-10 23:42:59] [INFO] Writing results to file: /root/repo/result.json
[2026-01-10 23:42:59] [INFO] Result file written successfully
[2026-01-10 23:42:59] [INFO] Results exported to: /root/repo/result.json
[2026-01-10 23:42:59] [INFO] run_morphcloud_local.py completed successfully

[2026-01-10 23:43:00] [process_single_sorry] Downloading result file...
[2026-01-10 23:43:00] [process_single_sorry] Downloaded result to intermediate_experiment_outputs_full_reservoir/multi_tactic/2026-01-10_20-46-34_multi_tactic/individual/df0e016c0992018087c91e315b7c32a445e8056dc54aebdbbd0028eb3d281e92.json
[2026-01-10 23:43:02] [process_single_sorry] Instance context closed successfully
[2026-01-10 23:43:02] [process_single_sorry] Parsing result file...
[2026-01-10 23:43:02] [process_single_sorry] Successfully parsed result (list format, 1 results)
