[2026-01-10 22:15:07] [process_single_sorry] Starting for sorry e5b50c0b40e9b0ebc97e11fafefadbe09a7ba5347a6513846a8fd9985693520c
[2026-01-10 22:15:07] [process_single_sorry] Using snapshot: snapshot_6j9ano5h
[2026-01-10 22:15:07] [process_single_sorry] Repository: https://github.com/Timeroot/Lean-QuantumInfo@65341c7f9ca9496adec7d061cf82822210e3eb74
[2026-01-10 22:15:07] [process_single_sorry] Instance name: Lean-QuantumInfo_65341c7f9ca9_multi_tactic_e5b50c0b40e9b0ebc97e11fafefadbe09a7ba5347a6513846a8fd9985693520c
[2026-01-10 22:15:07] [process_single_sorry] Starting attempt 1/3
[2026-01-10 22:15:07] [process_single_sorry] Starting instance from snapshot...
[2026-01-10 22:15:08] [process_single_sorry] Instance started successfully: morphvm_xjloiq1e
[2026-01-10 22:15:08] [process_single_sorry] Creating .env file...
[2026-01-10 22:15:11] [process_single_sorry] .env file created (exit_code: 0)
[2026-01-10 22:15:11] [process_single_sorry] Executing agent command...
[2026-01-10 22:30:14] [process_single_sorry] Retryable error on attempt 1/3: TimeoutError: 
[2026-01-10 22:30:14] [process_single_sorry] Waiting 2 seconds before retry...
[2026-01-10 22:30:17] [process_single_sorry] Starting attempt 2/3
[2026-01-10 22:30:17] [process_single_sorry] Starting instance from snapshot...
[2026-01-10 22:30:20] [process_single_sorry] Instance started successfully: morphvm_zmsa58i0
[2026-01-10 22:30:20] [process_single_sorry] Creating .env file...
[2026-01-10 22:30:29] [process_single_sorry] .env file created (exit_code: 0)
[2026-01-10 22:30:29] [process_single_sorry] Executing agent command...
[2026-01-10 22:36:09] [process_single_sorry] Agent command completed (exit_code: 0)
[2026-01-10 22:36:09] [process_single_sorry] STDOUT:

Results JSON:
[
  {
    "sorry": {
      "repo": {
        "remote": "https://github.com/Timeroot/Lean-QuantumInfo",
        "branch": "main",
        "commit": "65341c7f9ca9496adec7d061cf82822210e3eb74",
        "lean_version": "v4.24.0"
      },
      "location": {
        "path": "QuantumInfo/Finite/Unitary.lean",
        "start_line": 73,
        "start_column": 4,
        "end_line": 73,
        "end_column": 9
      },
      "debug_info": {
        "goal": "d : Type u_1\ninst✝¹ : Fintype d\ninst✝ : DecidableEq d\nρ : MState d\nU✝ : ↥(Matrix.unitaryGroup d ℂ)\nM : HermitianMat d ℂ\nU : ↥(Matrix.unitaryGroup d ℂ)\n⊢ ⋯.eigenvalues = ⋯.eigenvalues",
        "url": "https://github.com/Timeroot/Lean-QuantumInfo/blob/65341c7f9ca9496adec7d061cf82822210e3eb74/QuantumInfo/Finite/Unitary.lean#L73"
      },
      "metadata": {
        "blame_email_hash": "0cbf03e06ade",
        "blame_date": "2025-08-20T12:14:09-04:00",
        "inclusion_date": "2025-12-29T18:29:10.609484+00:00"
      },
      "id": "e5b50c0b40e9b0ebc97e11fafefadbe09a7ba5347a6513846a8fd9985693520c"
    },
    "proof": null,
    "proof_verified": false,
    "feedback": null,
    "verification_message": "All 11 attempts failed (11 strategies x 1 attempts each)",
    "success": true,
    "error_type": null,
    "error_message": null,
    "strategy_name": "all_failed_k=1",
    "proof_attempts": [
      "rfl",
      "simp",
      "simp_all",
      "exact?",
      "grind",
      "ring",
      "norm_num",
      "omega",
      "linarith",
      "nlinarith",
      "aesop"
    ]
  }
]

[2026-01-10 22:36:09] [process_single_sorry] STDERR:
None of PyTorch, TensorFlow >= 2.0, or Flax have been found. Models won't be available and only tokenizers, configuration and file/data utilities can be used.
[2026-01-10 22:30:49] [INFO] ================================================================================
[2026-01-10 22:30:49] [INFO] Starting run_morphcloud_local.py
[2026-01-10 22:30:49] [INFO] ================================================================================
[2026-01-10 22:30:49] [INFO] Environment loaded
[2026-01-10 22:30:49] [INFO] Full command: /root/SorryDB/sorrydb/cli/run_morphcloud_local.py --repo-path /root/repo --sorry-json {"repo": {"remote": "https://github.com/Timeroot/Lean-QuantumInfo", "branch": "main", "commit": "65341c7f9ca9496adec7d061cf82822210e3eb74", "lean_version": "v4.24.0"}, "location": {"path": "QuantumInfo/Finite/Unitary.lean", "start_line": 73, "start_column": 4, "end_line": 73, "end_column": 9}, "debug_info": {"goal": "d : Type u_1\ninst\u271d\u00b9 : Fintype d\ninst\u271d : DecidableEq d\n\u03c1 : MState d\nU\u271d : \u21a5(Matrix.unitaryGroup d \u2102)\nM : HermitianMat d \u2102\nU : \u21a5(Matrix.unitaryGroup d \u2102)\n\u22a2 \u22ef.eigenvalues = \u22ef.eigenvalues", "url": "https://github.com/Timeroot/Lean-QuantumInfo/blob/65341c7f9ca9496adec7d061cf82822210e3eb74/QuantumInfo/Finite/Unitary.lean#L73"}, "metadata": {"blame_email_hash": "0cbf03e06ade", "blame_date": "2025-08-20T12:14:09-04:00", "inclusion_date": "2025-12-29T18:29:10.609484+00:00"}, "id": "e5b50c0b40e9b0ebc97e11fafefadbe09a7ba5347a6513846a8fd9985693520c"} --agent-strategy {"name": "multi_tactic", "args": {}}
[2026-01-10 22:30:49] [INFO] Arguments parsed: repo_path=/root/repo, output_path=/root/repo/result.json
[2026-01-10 22:30:49] [INFO] Strategy spec: {"name": "multi_tactic", "args": {}}...
[2026-01-10 22:30:49] [INFO] Loading sorry data...
[2026-01-10 22:30:49] [INFO] Parsing sorry from JSON string...
[2026-01-10 22:30:49] [INFO] Sorry data parsed from JSON string
[2026-01-10 22:30:49] [INFO] Creating strategy from spec...
[2026-01-10 22:30:49] [INFO] Parsing strategy spec (length: 36 chars)
[2026-01-10 22:30:49] [INFO] Strategy name: multi_tactic
[2026-01-10 22:30:49] [INFO] Strategy args: {}
[2026-01-10 22:30:49] [INFO] Pass@k value: 1
[2026-01-10 22:30:49] [INFO] Creating strategy: multi_tactic
[2026-01-10 22:30:49] [INFO] Creating multi_tactic strategy with tactics: ['rfl', 'simp', 'simp_all', 'exact?', 'grind', 'ring', 'norm_num', 'omega', 'linarith', 'nlinarith', 'aesop']
[2026-01-10 22:30:49] [INFO] Strategies created: ['rfl', 'simp', 'simp_all', 'exact?', 'grind', 'ring', 'norm_num', 'omega', 'linarith', 'nlinarith', 'aesop']
[2026-01-10 22:30:49] [INFO] Pass@k value: 1
[2026-01-10 22:30:49] [INFO] Creating Sorry object...
[2026-01-10 22:30:49] [INFO] Sorry object created: id=e5b50c0b40e9b0ebc97e11fafefadbe09a7ba5347a6513846a8fd9985693520c
[2026-01-10 22:30:49] [INFO] Sorry location: QuantumInfo/Finite/Unitary.lean:73
[2026-01-10 22:30:49] [INFO] Context before sorry (lines 68-73):
[2026-01-10 22:30:49] [INFO]   68: @[simp]
[2026-01-10 22:30:49] [INFO]   69: theorem U_conj_spectrum_eq (ρ : MState d) (U : 𝐔[d]) :
[2026-01-10 22:30:49] [INFO]   70:     (ρ.U_conj U).spectrum = ρ.spectrum := by
[2026-01-10 22:30:49] [INFO]   71:   have (M : HermitianMat d ℂ) (U : 𝐔[d]) : (M.conj U).H.eigenvalues = M.H.eigenvalues := by
[2026-01-10 22:30:49] [INFO]   72:     --missing simp lemma
[2026-01-10 22:30:49] [INFO]   73:     sorry
[2026-01-10 22:30:49] [INFO] Sorry line:     sorry
[2026-01-10 22:30:49] [INFO] Sorry goal: d : Type u_1
inst✝¹ : Fintype d
inst✝ : DecidableEq d
ρ : MState d
U✝ : ↥(Matrix.unitaryGroup d ℂ)
M...
[2026-01-10 22:30:49] [INFO] ========================================
[2026-01-10 22:30:49] [INFO] Trying strategy: rfl (up to 1 attempts)
[2026-01-10 22:30:49] [INFO] --------------------
[2026-01-10 22:30:49] [INFO] Strategy rfl, attempt 1/1
[2026-01-10 22:30:49] [INFO] Starting proof generation...
[2026-01-10 22:30:49] [INFO] Repository path: /root/repo
[2026-01-10 22:30:49] [INFO] Proof generation completed
[2026-01-10 22:30:49] [INFO] Generated proof:
[2026-01-10 22:30:49] [INFO] rfl
[2026-01-10 22:30:49] [INFO] Proof length: 3 chars
[2026-01-10 22:30:49] [INFO] Starting proof verification...
[2026-01-10 22:30:49] [INFO] Verifying at: QuantumInfo/Finite/Unitary.lean:73
[2026-01-10 22:30:49] [INFO] Using LEAN INTERACT verify
[2026-01-10 22:30:49] [INFO] Checking file
[2026-01-10 22:31:52] [INFO] Cannot build modified file <error line="73" column="4">
<code_line>    rfl</code_line>
<message>error: Tactic `rfl` failed: The left-hand side</message>
</error>
  ⋯.eigenvalues
is not definitionally equal to the right-hand side
  ⋯.eigenvalues

d : Type u_1
inst✝¹ : Fintype d
inst✝ : DecidableEq d
ρ : MState d
U✝ : ↥𝐔[d]
M : HermitianMat d ℂ
U : ↥𝐔[d]
⊢ ⋯.eigenvalues = ⋯.eigenvalues
[2026-01-10 22:31:52] [INFO] Proof verification completed
[2026-01-10 22:31:52] [INFO] Strategy rfl attempt 1: verified=False
[2026-01-10 22:31:52] [INFO] Verification message: Cannot build modified file: <error line="73" column="4">
<code_line>    rfl</code_line>
<message>error: Tactic `rfl` failed: The left-hand side</message>
</error>
  ⋯.eigenvalues
is not definitionally equal to the right-hand side
  ⋯.eigenvalues

d : Type u_1
inst✝¹ : Fintype d
inst✝ : DecidableEq d
ρ : MState d
U✝ : ↥𝐔[d]
M : HermitianMat d ℂ
U : ↥𝐔[d]
⊢ ⋯.eigenvalues = ⋯.eigenvalues

[2026-01-10 22:31:52] [INFO] Attempt 1 failed verification, continuing...
[2026-01-10 22:31:52] [INFO] ========================================
[2026-01-10 22:31:52] [INFO] Trying strategy: simp (up to 1 attempts)
[2026-01-10 22:31:52] [INFO] --------------------
[2026-01-10 22:31:52] [INFO] Strategy simp, attempt 1/1
[2026-01-10 22:31:52] [INFO] Starting proof generation...
[2026-01-10 22:31:52] [INFO] Repository path: /root/repo
[2026-01-10 22:31:52] [INFO] Proof generation completed
[2026-01-10 22:31:52] [INFO] Generated proof:
[2026-01-10 22:31:52] [INFO] simp
[2026-01-10 22:31:52] [INFO] Proof length: 4 chars
[2026-01-10 22:31:52] [INFO] Starting proof verification...
[2026-01-10 22:31:52] [INFO] Verifying at: QuantumInfo/Finite/Unitary.lean:73
[2026-01-10 22:31:52] [INFO] Using LEAN INTERACT verify
[2026-01-10 22:31:52] [INFO] Checking file
[2026-01-10 22:32:15] [INFO] Cannot build modified file <error line="73" column="4">
<code_line>    simp</code_line>
<message>error: `simp` made no progress</message>
</error>
[2026-01-10 22:32:15] [INFO] Proof verification completed
[2026-01-10 22:32:15] [INFO] Strategy simp attempt 1: verified=False
[2026-01-10 22:32:15] [INFO] Verification message: Cannot build modified file: <error line="73" column="4">
<code_line>    simp</code_line>
<message>error: `simp` made no progress</message>
</error>

[2026-01-10 22:32:15] [INFO] Attempt 1 failed verification, continuing...
[2026-01-10 22:32:15] [INFO] ========================================
[2026-01-10 22:32:15] [INFO] Trying strategy: simp_all (up to 1 attempts)
[2026-01-10 22:32:15] [INFO] --------------------
[2026-01-10 22:32:15] [INFO] Strategy simp_all, attempt 1/1
[2026-01-10 22:32:15] [INFO] Starting proof generation...
[2026-01-10 22:32:15] [INFO] Repository path: /root/repo
[2026-01-10 22:32:15] [INFO] Proof generation completed
[2026-01-10 22:32:15] [INFO] Generated proof:
[2026-01-10 22:32:15] [INFO] simp_all
[2026-01-10 22:32:15] [INFO] Proof length: 8 chars
[2026-01-10 22:32:15] [INFO] Starting proof verification...
[2026-01-10 22:32:15] [INFO] Verifying at: QuantumInfo/Finite/Unitary.lean:73
[2026-01-10 22:32:15] [INFO] Using LEAN INTERACT verify
[2026-01-10 22:32:15] [INFO] Checking file
[2026-01-10 22:32:38] [INFO] Cannot build modified file <error line="73" column="4">
<code_line>    simp_all</code_line>
<message>error: simp_all made no progress</message>
</error>
[2026-01-10 22:32:38] [INFO] Proof verification completed
[2026-01-10 22:32:38] [INFO] Strategy simp_all attempt 1: verified=False
[2026-01-10 22:32:38] [INFO] Verification message: Cannot build modified file: <error line="73" column="4">
<code_line>    simp_all</code_line>
<message>error: simp_all made no progress</message>
</error>

[2026-01-10 22:32:38] [INFO] Attempt 1 failed verification, continuing...
[2026-01-10 22:32:38] [INFO] ========================================
[2026-01-10 22:32:38] [INFO] Trying strategy: exact? (up to 1 attempts)
[2026-01-10 22:32:38] [INFO] --------------------
[2026-01-10 22:32:38] [INFO] Strategy exact?, attempt 1/1
[2026-01-10 22:32:38] [INFO] Starting proof generation...
[2026-01-10 22:32:38] [INFO] Repository path: /root/repo
[2026-01-10 22:32:38] [INFO] Proof generation completed
[2026-01-10 22:32:38] [INFO] Generated proof:
[2026-01-10 22:32:38] [INFO] exact?
[2026-01-10 22:32:38] [INFO] Proof length: 6 chars
[2026-01-10 22:32:38] [INFO] Starting proof verification...
[2026-01-10 22:32:38] [INFO] Verifying at: QuantumInfo/Finite/Unitary.lean:73
[2026-01-10 22:32:38] [INFO] Using LEAN INTERACT verify
[2026-01-10 22:32:38] [INFO] Checking file
[2026-01-10 22:33:44] [INFO] Cannot build modified file <error line="73" column="4">
<code_line>    exact?</code_line>
<message>error: `exact?` could not close the goal. Try `apply?` to see partial suggestions.</message>
</error>
[2026-01-10 22:33:44] [INFO] Proof verification completed
[2026-01-10 22:33:44] [INFO] Strategy exact? attempt 1: verified=False
[2026-01-10 22:33:44] [INFO] Verification message: Cannot build modified file: <error line="73" column="4">
<code_line>    exact?</code_line>
<message>error: `exact?` could not close the goal. Try `apply?` to see partial suggestions.</message>
</error>

[2026-01-10 22:33:44] [INFO] Attempt 1 failed verification, continuing...
[2026-01-10 22:33:44] [INFO] ========================================
[2026-01-10 22:33:44] [INFO] Trying strategy: grind (up to 1 attempts)
[2026-01-10 22:33:44] [INFO] --------------------
[2026-01-10 22:33:44] [INFO] Strategy grind, attempt 1/1
[2026-01-10 22:33:44] [INFO] Starting proof generation...
[2026-01-10 22:33:44] [INFO] Repository path: /root/repo
[2026-01-10 22:33:44] [INFO] Proof generation completed
[2026-01-10 22:33:44] [INFO] Generated proof:
[2026-01-10 22:33:44] [INFO] grind
[2026-01-10 22:33:44] [INFO] Proof length: 5 chars
[2026-01-10 22:33:44] [INFO] Starting proof verification...
[2026-01-10 22:33:44] [INFO] Verifying at: QuantumInfo/Finite/Unitary.lean:73
[2026-01-10 22:33:44] [INFO] Using LEAN INTERACT verify
[2026-01-10 22:33:44] [INFO] Checking file
[2026-01-10 22:34:05] [INFO] Cannot build modified file <error line="73" column="4">
<code_line>    grind</code_line>
<message>error: `grind` failed</message>
</error>
case grind.1
d : Type u_1
inst : Fintype d
inst_1 : (a b : d) → Decidable (a = b)
ρ : MState d
val : Matrix d d ℂ
property : val ∈ unitary (Matrix d d ℂ)
val_1 : Matrix d d ℂ
property_1 : val_1 ∈ selfAdjoint (Matrix d d ℂ)
val_2 : Matrix d d ℂ
property_2 : val_2 ∈ unitary (Matrix d d ℂ)
h : ¬⋯.eigenvalues = ⋯.eigenvalues
w : d
h_1 : ¬⋯.eigenvalues w = ⋯.eigenvalues w
h_2 : (fun x => x ∈ unitary (Matrix d d ℂ)) = fun x => x ∈ selfAdjoint (Matrix d d ℂ)
⊢ False
[grind] Goal diagnostics
  [facts] Asserted facts
    [prop] val ∈ unitary (Matrix d d ℂ)
    [prop] val_1 ∈ selfAdjoint (Matrix d d ℂ)
    [prop] val_2 ∈ unitary (Matrix d d ℂ)
    [prop] ¬⋯.eigenvalues = ⋯.eigenvalues
    [prop] ∃ x, ¬⋯.eigenvalues x = ⋯.eigenvalues x
    [prop] ¬⋯.eigenvalues w = ⋯.eigenvalues w
    [prop] (fun x => x ∈ unitary (Matrix d d ℂ)) = fun x => x ∈ selfAdjoint (Matrix d d ℂ)
    [prop] (val ∈ unitary (Matrix d d ℂ)) = (val ∈ selfAdjoint (Matrix d d ℂ))
    [prop] (val_2 ∈ unitary (Matrix d d ℂ)) = (val_2 ∈ selfAdjoint (Matrix d d ℂ))
  [eqc] True propositions
    [prop] (fun x => x ∈ unitary (Matrix d d ℂ)) = fun x => x ∈ selfAdjoint (Matrix d d ℂ)
    [prop] (↑((HermitianMat.conj ↑⟨val_2, ⋯⟩) ⟨val_1, ⋯⟩)).IsHermitian
    [prop] (↑⟨val_1, ⋯⟩).IsHermitian
    [prop] val_1 ∈ selfAdjoint (Matrix d d ℂ)
    [prop] ↑((HermitianMat.conj val_2) ⟨val_1, ⋯⟩) ∈ selfAdjoint (Matrix d d ℂ)
    [prop] ↑((HermitianMat.conj ↑⟨val_2, ⋯⟩) ⟨val_1, ⋯⟩) ∈ selfAdjoint (Matrix d d ℂ)
    [prop] val ∈ unitary (Matrix d d ℂ)
    [prop] val_2 ∈ unitary (Matrix d d ℂ)
    [prop] ∃ x, ¬⋯.eigenvalues x = ⋯.eigenvalues x
    [prop] (val ∈ unitary (Matrix d d ℂ)) = (val ∈ selfAdjoint (Matrix d d ℂ))
    [prop] (val_2 ∈ unitary (Matrix d d ℂ)) = (val_2 ∈ selfAdjoint (Matrix d d ℂ))
    [prop] val ∈ selfAdjoint (Matrix d d ℂ)
    [prop] val_2 ∈ selfAdjoint (Matrix d d ℂ)
  [eqc] False propositions
    [prop] ⋯.eigenvalues = ⋯.eigenvalues
    [prop] ⋯.eigenvalues w = ⋯.eigenvalues w
  [eqc] Equivalence classes
    [eqc] {val_1, ↑⟨val_1, ⋯⟩}
    [eqc] {val_2, ↑⟨val_2, ⋯⟩}
    [eqc] {Subtype.mk, Subtype.mk}
    [eqc] {Subtype.val, Subtype.val}
    [eqc] {Subtype.mk ↑((HermitianMat.conj val_2) ⟨val_1, ⋯⟩), Subtype.mk ↑((HermitianMat.conj ↑⟨val_2, ⋯⟩) ⟨val_1, ⋯⟩)}
    [eqc] {↑⟨↑((HermitianMat.conj ↑⟨val_2, ⋯⟩) ⟨val_1, ⋯⟩), ⋯⟩,
        ↑((HermitianMat.conj val_2) ⟨val_1, ⋯⟩),
        ↑((HermitianMat.conj ↑⟨val_2, ⋯⟩) ⟨val_1, ⋯⟩)}
    [eqc] {Membership.mem (selfAdjoint (Matrix d d ℂ)),
        Membership.mem (unitary (Matrix d d ℂ)),
        fun x => x ∈ selfAdjoint (Matrix d d ℂ),
        fun x => x ∈ unitary (Matrix d d ℂ)}
    [eqc] {Membership.mem (selfAdjoint (Matrix d d ℂ)), fun x => x ∈ selfAdjoint (Matrix d d ℂ)}
    [eqc] {⟨↑((HermitianMat.conj val_2) ⟨val_1, ⋯⟩), ⋯⟩,
        ⟨↑((HermitianMat.conj ↑⟨val_2, ⋯⟩) ⟨val_1, ⋯⟩), ⋯⟩,
        (HermitianMat.conj val_2) ⟨val_1, ⋯⟩,
        (HermitianMat.conj ↑⟨val_2, ⋯⟩) ⟨val_1, ⋯⟩}
    [eqc] {HermitianMat.conj val_2, HermitianMat.conj ↑⟨val_2, ⋯⟩}
  [cases] Case analyses
    [cases] [1/1]: ∃ x, ¬⋯.eigenvalues x = ⋯.eigenvalues x
      [cases] source: Extensionality funext
    [cases] [1/2]: (fun x => x ∈ unitary (Matrix d d ℂ)) = fun x => x ∈ selfAdjoint (Matrix d d ℂ)
      [cases] source: Initial goal
[grind] Diagnostics
  [cases] Cases instances
    [cases] Subtype ↦ 3
[2026-01-10 22:34:05] [INFO] Proof verification completed
[2026-01-10 22:34:05] [INFO] Strategy grind attempt 1: verified=False
[2026-01-10 22:34:05] [INFO] Verification message: Cannot build modified file: <error line="73" column="4">
<code_line>    grind</code_line>
<message>error: `grind` failed</message>
</error>
case grind.1
d : Type u_1
inst : Fintype d
inst_1 : (a b : d) → Decidable (a = b)
ρ : MState d
val : Matrix d d ℂ
property : val ∈ unitary (Matrix d d ℂ)
val_1 : Matrix d d ℂ
property_1 : val_1 ∈ selfAdjoint (Matrix d d ℂ)
val_2 : Matrix d d ℂ
property_2 : val_2 ∈ unitary (Matrix d d ℂ)
h : ¬⋯.eigenvalues = ⋯.eigenvalues
w : d
h_1 : ¬⋯.eigenvalues w = ⋯.eigenvalues w
h_2 : (fun x => x ∈ unitary (Matrix d d ℂ)) = fun x => x ∈ selfAdjoint (Matrix d d ℂ)
⊢ False
[grind] Goal diagnostics
  [facts] Asserted facts
    [prop] val ∈ unitary (Matrix d d ℂ)
    [prop] val_1 ∈ selfAdjoint (Matrix d d ℂ)
    [prop] val_2 ∈ unitary (Matrix d d ℂ)
    [prop] ¬⋯.eigenvalues = ⋯.eigenvalues
    [prop] ∃ x, ¬⋯.eigenvalues x = ⋯.eigenvalues x
    [prop] ¬⋯.eigenvalues w = ⋯.eigenvalues w
    [prop] (fun x => x ∈ unitary (Matrix d d ℂ)) = fun x => x ∈ selfAdjoint (Matrix d d ℂ)
    [prop] (val ∈ unitary (Matrix d d ℂ)) = (val ∈ selfAdjoint (Matrix d d ℂ))
    [prop] (val_2 ∈ unitary (Matrix d d ℂ)) = (val_2 ∈ selfAdjoint (Matrix d d ℂ))
  [eqc] True propositions
    [prop] (fun x => x ∈ unitary (Matrix d d ℂ)) = fun x => x ∈ selfAdjoint (Matrix d d ℂ)
    [prop] (↑((HermitianMat.conj ↑⟨val_2, ⋯⟩) ⟨val_1, ⋯⟩)).IsHermitian
    [prop] (↑⟨val_1, ⋯⟩).IsHermitian
    [prop] val_1 ∈ selfAdjoint (Matrix d d ℂ)
    [prop] ↑((HermitianMat.conj val_2) ⟨val_1, ⋯⟩) ∈ selfAdjoint (Matrix d d ℂ)
    [prop] ↑((HermitianMat.conj ↑⟨val_2, ⋯⟩) ⟨val_1, ⋯⟩) ∈ selfAdjoint (Matrix d d ℂ)
    [prop] val ∈ unitary (Matrix d d ℂ)
    [prop] val_2 ∈ unitary (Matrix d d ℂ)
    [prop] ∃ x, ¬⋯.eigenvalues x = ⋯.eigenvalues x
    [prop] (val ∈ unitary (Matrix d d ℂ)) = (val ∈ selfAdjoint (Matrix d d ℂ))
    [prop] (val_2 ∈ unitary (Matrix d d ℂ)) = (val_2 ∈ selfAdjoint (Matrix d d ℂ))
    [prop] val ∈ selfAdjoint (Matrix d d ℂ)
    [prop] val_2 ∈ selfAdjoint (Matrix d d ℂ)
  [eqc] False propositions
    [prop] ⋯.eigenvalues = ⋯.eigenvalues
    [prop] ⋯.eigenvalues w = ⋯.eigenvalues w
  [eqc] Equivalence classes
    [eqc] {val_1, ↑⟨val_1, ⋯⟩}
    [eqc] {val_2, ↑⟨val_2, ⋯⟩}
    [eqc] {Subtype.mk, Subtype.mk}
    [eqc] {Subtype.val, Subtype.val}
    [eqc] {Subtype.mk ↑((HermitianMat.conj val_2) ⟨val_1, ⋯⟩), Subtype.mk ↑((HermitianMat.conj ↑⟨val_2, ⋯⟩) ⟨val_1, ⋯⟩)}
    [eqc] {↑⟨↑((HermitianMat.conj ↑⟨val_2, ⋯⟩) ⟨val_1, ⋯⟩), ⋯⟩,
        ↑((HermitianMat.conj val_2) ⟨val_1, ⋯⟩),
        ↑((HermitianMat.conj ↑⟨val_2, ⋯⟩) ⟨val_1, ⋯⟩)}
    [eqc] {Membership.mem (selfAdjoint (Matrix d d ℂ)),
        Membership.mem (unitary (Matrix d d ℂ)),
        fun x => x ∈ selfAdjoint (Matrix d d ℂ),
        fun x => x ∈ unitary (Matrix d d ℂ)}
    [eqc] {Membership.mem (selfAdjoint (Matrix d d ℂ)), fun x => x ∈ selfAdjoint (Matrix d d ℂ)}
    [eqc] {⟨↑((HermitianMat.conj val_2) ⟨val_1, ⋯⟩), ⋯⟩,
        ⟨↑((HermitianMat.conj ↑⟨val_2, ⋯⟩) ⟨val_1, ⋯⟩), ⋯⟩,
        (HermitianMat.conj val_2) ⟨val_1, ⋯⟩,
        (HermitianMat.conj ↑⟨val_2, ⋯⟩) ⟨val_1, ⋯⟩}
    [eqc] {HermitianMat.conj val_2, HermitianMat.conj ↑⟨val_2, ⋯⟩}
  [cases] Case analyses
    [cases] [1/1]: ∃ x, ¬⋯.eigenvalues x = ⋯.eigenvalues x
      [cases] source: Extensionality funext
    [cases] [1/2]: (fun x => x ∈ unitary (Matrix d d ℂ)) = fun x => x ∈ selfAdjoint (Matrix d d ℂ)
      [cases] source: Initial goal
[grind] Diagnostics
  [cases] Cases instances
    [cases] Subtype ↦ 3

[2026-01-10 22:34:05] [INFO] Attempt 1 failed verification, continuing...
[2026-01-10 22:34:05] [INFO] ========================================
[2026-01-10 22:34:05] [INFO] Trying strategy: ring (up to 1 attempts)
[2026-01-10 22:34:05] [INFO] --------------------
[2026-01-10 22:34:05] [INFO] Strategy ring, attempt 1/1
[2026-01-10 22:34:05] [INFO] Starting proof generation...
[2026-01-10 22:34:05] [INFO] Repository path: /root/repo
[2026-01-10 22:34:05] [INFO] Proof generation completed
[2026-01-10 22:34:05] [INFO] Generated proof:
[2026-01-10 22:34:05] [INFO] ring
[2026-01-10 22:34:05] [INFO] Proof length: 4 chars
[2026-01-10 22:34:05] [INFO] Starting proof verification...
[2026-01-10 22:34:05] [INFO] Verifying at: QuantumInfo/Finite/Unitary.lean:73
[2026-01-10 22:34:05] [INFO] Using LEAN INTERACT verify
[2026-01-10 22:34:05] [INFO] Checking file
[2026-01-10 22:34:25] [INFO] Cannot build modified file <error line="73" column="4">
<code_line>    ring</code_line>
<message>error: ring_nf made no progress on goal</message>
</error>
[2026-01-10 22:34:25] [INFO] Proof verification completed
[2026-01-10 22:34:25] [INFO] Strategy ring attempt 1: verified=False
[2026-01-10 22:34:25] [INFO] Verification message: Cannot build modified file: <error line="73" column="4">
<code_line>    ring</code_line>
<message>error: ring_nf made no progress on goal</message>
</error>

[2026-01-10 22:34:25] [INFO] Attempt 1 failed verification, continuing...
[2026-01-10 22:34:25] [INFO] ========================================
[2026-01-10 22:34:25] [INFO] Trying strategy: norm_num (up to 1 attempts)
[2026-01-10 22:34:25] [INFO] --------------------
[2026-01-10 22:34:25] [INFO] Strategy norm_num, attempt 1/1
[2026-01-10 22:34:25] [INFO] Starting proof generation...
[2026-01-10 22:34:25] [INFO] Repository path: /root/repo
[2026-01-10 22:34:25] [INFO] Proof generation completed
[2026-01-10 22:34:25] [INFO] Generated proof:
[2026-01-10 22:34:25] [INFO] norm_num
[2026-01-10 22:34:25] [INFO] Proof length: 8 chars
[2026-01-10 22:34:25] [INFO] Starting proof verification...
[2026-01-10 22:34:25] [INFO] Verifying at: QuantumInfo/Finite/Unitary.lean:73
[2026-01-10 22:34:25] [INFO] Using LEAN INTERACT verify
[2026-01-10 22:34:25] [INFO] Checking file
[2026-01-10 22:34:49] [INFO] Cannot build modified file <error line="71" column="89">
<code_line>  have (M : HermitianMat d ℂ) (U : 𝐔[d]) : (M.conj U).H.eigenvalues = M.H.eigenvalues := by</code_line>
<message>error: unsolved goals</message>
</error>
d : Type u_1
inst✝¹ : Fintype d
inst✝ : DecidableEq d
ρ : MState d
U✝ : ↥𝐔[d]
M : HermitianMat d ℂ
U : ↥𝐔[d]
⊢ ⋯.eigenvalues = ⋯.eigenvalues
[2026-01-10 22:34:49] [INFO] Proof verification completed
[2026-01-10 22:34:49] [INFO] Strategy norm_num attempt 1: verified=False
[2026-01-10 22:34:49] [INFO] Verification message: Cannot build modified file: <error line="71" column="89">
<code_line>  have (M : HermitianMat d ℂ) (U : 𝐔[d]) : (M.conj U).H.eigenvalues = M.H.eigenvalues := by</code_line>
<message>error: unsolved goals</message>
</error>
d : Type u_1
inst✝¹ : Fintype d
inst✝ : DecidableEq d
ρ : MState d
U✝ : ↥𝐔[d]
M : HermitianMat d ℂ
U : ↥𝐔[d]
⊢ ⋯.eigenvalues = ⋯.eigenvalues

[2026-01-10 22:34:49] [INFO] Attempt 1 failed verification, continuing...
[2026-01-10 22:34:49] [INFO] ========================================
[2026-01-10 22:34:49] [INFO] Trying strategy: omega (up to 1 attempts)
[2026-01-10 22:34:49] [INFO] --------------------
[2026-01-10 22:34:49] [INFO] Strategy omega, attempt 1/1
[2026-01-10 22:34:49] [INFO] Starting proof generation...
[2026-01-10 22:34:49] [INFO] Repository path: /root/repo
[2026-01-10 22:34:49] [INFO] Proof generation completed
[2026-01-10 22:34:49] [INFO] Generated proof:
[2026-01-10 22:34:49] [INFO] omega
[2026-01-10 22:34:49] [INFO] Proof length: 5 chars
[2026-01-10 22:34:49] [INFO] Starting proof verification...
[2026-01-10 22:34:49] [INFO] Verifying at: QuantumInfo/Finite/Unitary.lean:73
[2026-01-10 22:34:49] [INFO] Using LEAN INTERACT verify
[2026-01-10 22:34:49] [INFO] Checking file
[2026-01-10 22:35:08] [INFO] Cannot build modified file <error line="73" column="4">
<code_line>    omega</code_line>
<message>error: omega could not prove the goal:</message>
</error>
No usable constraints found. You may need to unfold definitions so `omega` can see linear arithmetic facts about `Nat` and `Int`, which may also involve multiplication, division, and modular remainder by constants.
[2026-01-10 22:35:08] [INFO] Proof verification completed
[2026-01-10 22:35:08] [INFO] Strategy omega attempt 1: verified=False
[2026-01-10 22:35:08] [INFO] Verification message: Cannot build modified file: <error line="73" column="4">
<code_line>    omega</code_line>
<message>error: omega could not prove the goal:</message>
</error>
No usable constraints found. You may need to unfold definitions so `omega` can see linear arithmetic facts about `Nat` and `Int`, which may also involve multiplication, division, and modular remainder by constants.

[2026-01-10 22:35:08] [INFO] Attempt 1 failed verification, continuing...
[2026-01-10 22:35:08] [INFO] ========================================
[2026-01-10 22:35:08] [INFO] Trying strategy: linarith (up to 1 attempts)
[2026-01-10 22:35:08] [INFO] --------------------
[2026-01-10 22:35:08] [INFO] Strategy linarith, attempt 1/1
[2026-01-10 22:35:08] [INFO] Starting proof generation...
[2026-01-10 22:35:08] [INFO] Repository path: /root/repo
[2026-01-10 22:35:08] [INFO] Proof generation completed
[2026-01-10 22:35:08] [INFO] Generated proof:
[2026-01-10 22:35:08] [INFO] linarith
[2026-01-10 22:35:08] [INFO] Proof length: 8 chars
[2026-01-10 22:35:08] [INFO] Starting proof verification...
[2026-01-10 22:35:08] [INFO] Verifying at: QuantumInfo/Finite/Unitary.lean:73
[2026-01-10 22:35:08] [INFO] Using LEAN INTERACT verify
[2026-01-10 22:35:08] [INFO] Checking file
[2026-01-10 22:35:30] [INFO] Cannot build modified file <error line="73" column="4">
<code_line>    linarith</code_line>
<message>error: linarith failed to find a contradiction</message>
</error>
d : Type u_1
inst✝¹ : Fintype d
inst✝ : DecidableEq d
ρ : MState d
U✝ : ↥𝐔[d]
M : HermitianMat d ℂ
U : ↥𝐔[d]
⊢ False
failed
[2026-01-10 22:35:30] [INFO] Proof verification completed
[2026-01-10 22:35:30] [INFO] Strategy linarith attempt 1: verified=False
[2026-01-10 22:35:30] [INFO] Verification message: Cannot build modified file: <error line="73" column="4">
<code_line>    linarith</code_line>
<message>error: linarith failed to find a contradiction</message>
</error>
d : Type u_1
inst✝¹ : Fintype d
inst✝ : DecidableEq d
ρ : MState d
U✝ : ↥𝐔[d]
M : HermitianMat d ℂ
U : ↥𝐔[d]
⊢ False
failed

[2026-01-10 22:35:30] [INFO] Attempt 1 failed verification, continuing...
[2026-01-10 22:35:30] [INFO] ========================================
[2026-01-10 22:35:30] [INFO] Trying strategy: nlinarith (up to 1 attempts)
[2026-01-10 22:35:30] [INFO] --------------------
[2026-01-10 22:35:30] [INFO] Strategy nlinarith, attempt 1/1
[2026-01-10 22:35:30] [INFO] Starting proof generation...
[2026-01-10 22:35:30] [INFO] Repository path: /root/repo
[2026-01-10 22:35:30] [INFO] Proof generation completed
[2026-01-10 22:35:30] [INFO] Generated proof:
[2026-01-10 22:35:30] [INFO] nlinarith
[2026-01-10 22:35:30] [INFO] Proof length: 9 chars
[2026-01-10 22:35:30] [INFO] Starting proof verification...
[2026-01-10 22:35:30] [INFO] Verifying at: QuantumInfo/Finite/Unitary.lean:73
[2026-01-10 22:35:30] [INFO] Using LEAN INTERACT verify
[2026-01-10 22:35:30] [INFO] Checking file
[2026-01-10 22:35:49] [INFO] Cannot build modified file <error line="73" column="4">
<code_line>    nlinarith</code_line>
<message>error: linarith failed to find a contradiction</message>
</error>
d : Type u_1
inst✝¹ : Fintype d
inst✝ : DecidableEq d
ρ : MState d
U✝ : ↥𝐔[d]
M : HermitianMat d ℂ
U : ↥𝐔[d]
⊢ False
failed
[2026-01-10 22:35:49] [INFO] Proof verification completed
[2026-01-10 22:35:49] [INFO] Strategy nlinarith attempt 1: verified=False
[2026-01-10 22:35:49] [INFO] Verification message: Cannot build modified file: <error line="73" column="4">
<code_line>    nlinarith</code_line>
<message>error: linarith failed to find a contradiction</message>
</error>
d : Type u_1
inst✝¹ : Fintype d
inst✝ : DecidableEq d
ρ : MState d
U✝ : ↥𝐔[d]
M : HermitianMat d ℂ
U : ↥𝐔[d]
⊢ False
failed

[2026-01-10 22:35:49] [INFO] Attempt 1 failed verification, continuing...
[2026-01-10 22:35:49] [INFO] ========================================
[2026-01-10 22:35:49] [INFO] Trying strategy: aesop (up to 1 attempts)
[2026-01-10 22:35:49] [INFO] --------------------
[2026-01-10 22:35:49] [INFO] Strategy aesop, attempt 1/1
[2026-01-10 22:35:49] [INFO] Starting proof generation...
[2026-01-10 22:35:49] [INFO] Repository path: /root/repo
[2026-01-10 22:35:49] [INFO] Proof generation completed
[2026-01-10 22:35:49] [INFO] Generated proof:
[2026-01-10 22:35:49] [INFO] aesop
[2026-01-10 22:35:49] [INFO] Proof length: 5 chars
[2026-01-10 22:35:49] [INFO] Starting proof verification...
[2026-01-10 22:35:49] [INFO] Verifying at: QuantumInfo/Finite/Unitary.lean:73
[2026-01-10 22:35:49] [INFO] Using LEAN INTERACT verify
[2026-01-10 22:35:49] [INFO] Checking file
[2026-01-10 22:36:08] [INFO] Cannot build modified file <error line="71" column="89">
<code_line>  have (M : HermitianMat d ℂ) (U : 𝐔[d]) : (M.conj U).H.eigenvalues = M.H.eigenvalues := by</code_line>
<message>error: unsolved goals</message>
</error>
d : Type u_1
inst : Fintype d
inst_1 : DecidableEq d
ρ : MState d
val : Matrix d d ℂ
property : val ∈ 𝐔[d]
val_1 : Matrix d d ℂ
property_1 : val_1 ∈ selfAdjoint (Matrix d d ℂ)
val_2 : Matrix d d ℂ
property_2 : val_2 ∈ 𝐔[d]
⊢ ⋯.eigenvalues = ⋯.eigenvalues
[2026-01-10 22:36:08] [INFO] Proof verification completed
[2026-01-10 22:36:08] [INFO] Strategy aesop attempt 1: verified=False
[2026-01-10 22:36:08] [INFO] Verification message: Cannot build modified file: <error line="71" column="89">
<code_line>  have (M : HermitianMat d ℂ) (U : 𝐔[d]) : (M.conj U).H.eigenvalues = M.H.eigenvalues := by</code_line>
<message>error: unsolved goals</message>
</error>
d : Type u_1
inst : Fintype d
inst_1 : DecidableEq d
ρ : MState d
val : Matrix d d ℂ
property : val ∈ 𝐔[d]
val_1 : Matrix d d ℂ
property_1 : val_1 ∈ selfAdjoint (Matrix d d ℂ)
val_2 : Matrix d d ℂ
property_2 : val_2 ∈ 𝐔[d]
⊢ ⋯.eigenvalues = ⋯.eigenvalues

[2026-01-10 22:36:08] [INFO] Attempt 1 failed verification, continuing...
[2026-01-10 22:36:08] [INFO] ========================================
[2026-01-10 22:36:08] [INFO] Pass@k completed. Total results: 1
[2026-01-10 22:36:08] [INFO] FAILED: All 11 strategies x 1 attempts
[2026-01-10 22:36:08] [INFO] Writing results to file: /root/repo/result.json
[2026-01-10 22:36:08] [INFO] Result file written successfully
[2026-01-10 22:36:08] [INFO] Results exported to: /root/repo/result.json
[2026-01-10 22:36:08] [INFO] run_morphcloud_local.py completed successfully

[2026-01-10 22:36:09] [process_single_sorry] Downloading result file...
[2026-01-10 22:36:09] [process_single_sorry] Downloaded result to intermediate_experiment_outputs_full_reservoir/multi_tactic/2026-01-10_20-46-34_multi_tactic/individual/e5b50c0b40e9b0ebc97e11fafefadbe09a7ba5347a6513846a8fd9985693520c.json
[2026-01-10 22:36:11] [process_single_sorry] Instance context closed successfully
[2026-01-10 22:36:11] [process_single_sorry] Parsing result file...
[2026-01-10 22:36:11] [process_single_sorry] Successfully parsed result (list format, 1 results)
