[2026-01-10 21:34:22] [process_single_sorry] Starting for sorry eb3ada622fbb079eeb694fd9250ca030befe537c34a8a30281f86dbc432f0721
[2026-01-10 21:34:22] [process_single_sorry] Using snapshot: snapshot_woytwcao
[2026-01-10 21:34:22] [process_single_sorry] Repository: https://github.com/ImperialCollegeLondon/FLT@03ad046f3be75e71332fcfae02c06ec717e054b1
[2026-01-10 21:34:22] [process_single_sorry] Instance name: FLT_03ad046f3be7_multi_tactic_eb3ada622fbb079eeb694fd9250ca030befe537c34a8a30281f86dbc432f0721
[2026-01-10 21:34:22] [process_single_sorry] Starting attempt 1/3
[2026-01-10 21:34:22] [process_single_sorry] Starting instance from snapshot...
[2026-01-10 21:34:23] [process_single_sorry] Instance started successfully: morphvm_vhxmuqhb
[2026-01-10 21:34:23] [process_single_sorry] Creating .env file...
[2026-01-10 21:34:26] [process_single_sorry] .env file created (exit_code: 0)
[2026-01-10 21:34:26] [process_single_sorry] Executing agent command...
[2026-01-10 21:36:11] [process_single_sorry] Agent command completed (exit_code: 0)
[2026-01-10 21:36:11] [process_single_sorry] STDOUT:

Results JSON:
[
  {
    "sorry": {
      "repo": {
        "remote": "https://github.com/ImperialCollegeLondon/FLT",
        "branch": "auto-update-lean/patch-master",
        "commit": "03ad046f3be75e71332fcfae02c06ec717e054b1",
        "lean_version": "v4.27.0-rc1"
      },
      "location": {
        "path": "FLT/Deformations/LiftFunctor.lean",
        "start_line": 99,
        "start_column": 9,
        "end_line": 99,
        "end_column": 14
      },
      "debug_info": {
        "goal": "n : Type\ninst✝⁷ : Fintype n\ninst✝⁶ : DecidableEq n\nG : Type u\ninst✝⁵ : Group G\ninst✝⁴ : TopologicalSpace G\n𝓞 : Type u\ninst✝³ : CommRing 𝓞\ninst✝² : IsLocalRing 𝓞\nK : Type u\ninst✝¹ : Field K\ninst✝ : NumberField K\nv : IsDedekindDomain.HeightOneSpectrum (NumberField.RingOfIntegers K)\nU✝ V✝ : ProartinianCat 𝓞\n⊢ failed to pretty print expression (use 'set_option pp.rawOnError true' for raw representation)",
        "url": "https://github.com/ImperialCollegeLondon/FLT/blob/03ad046f3be75e71332fcfae02c06ec717e054b1/FLT/Deformations/LiftFunctor.lean#L99"
      },
      "metadata": {
        "blame_email_hash": "a9aab1f797ea",
        "blame_date": "2025-07-31T17:27:22+01:00",
        "inclusion_date": "2025-12-29T16:49:04.297460+00:00"
      },
      "id": "eb3ada622fbb079eeb694fd9250ca030befe537c34a8a30281f86dbc432f0721"
    },
    "proof": null,
    "proof_verified": false,
    "feedback": null,
    "verification_message": "All 11 attempts failed (11 strategies x 1 attempts each)",
    "success": true,
    "error_type": null,
    "error_message": null,
    "strategy_name": "all_failed_k=1",
    "proof_attempts": [
      "rfl",
      "simp",
      "simp_all",
      "exact?",
      "grind",
      "ring",
      "norm_num",
      "omega",
      "linarith",
      "nlinarith",
      "aesop"
    ]
  }
]

[2026-01-10 21:36:11] [process_single_sorry] STDERR:
None of PyTorch, TensorFlow >= 2.0, or Flax have been found. Models won't be available and only tokenizers, configuration and file/data utilities can be used.
[2026-01-10 21:34:38] [INFO] ================================================================================
[2026-01-10 21:34:38] [INFO] Starting run_morphcloud_local.py
[2026-01-10 21:34:38] [INFO] ================================================================================
[2026-01-10 21:34:38] [INFO] Environment loaded
[2026-01-10 21:34:38] [INFO] Full command: /root/SorryDB/sorrydb/cli/run_morphcloud_local.py --repo-path /root/repo --sorry-json {"repo": {"remote": "https://github.com/ImperialCollegeLondon/FLT", "branch": "auto-update-lean/patch-master", "commit": "03ad046f3be75e71332fcfae02c06ec717e054b1", "lean_version": "v4.27.0-rc1"}, "location": {"path": "FLT/Deformations/LiftFunctor.lean", "start_line": 99, "start_column": 9, "end_line": 99, "end_column": 14}, "debug_info": {"goal": "n : Type\ninst\u271d\u2077 : Fintype n\ninst\u271d\u2076 : DecidableEq n\nG : Type u\ninst\u271d\u2075 : Group G\ninst\u271d\u2074 : TopologicalSpace G\n\ud835\udcde : Type u\ninst\u271d\u00b3 : CommRing \ud835\udcde\ninst\u271d\u00b2 : IsLocalRing \ud835\udcde\nK : Type u\ninst\u271d\u00b9 : Field K\ninst\u271d : NumberField K\nv : IsDedekindDomain.HeightOneSpectrum (NumberField.RingOfIntegers K)\nU\u271d V\u271d : ProartinianCat \ud835\udcde\n\u22a2 failed to pretty print expression (use 'set_option pp.rawOnError true' for raw representation)", "url": "https://github.com/ImperialCollegeLondon/FLT/blob/03ad046f3be75e71332fcfae02c06ec717e054b1/FLT/Deformations/LiftFunctor.lean#L99"}, "metadata": {"blame_email_hash": "a9aab1f797ea", "blame_date": "2025-07-31T17:27:22+01:00", "inclusion_date": "2025-12-29T16:49:04.297460+00:00"}, "id": "eb3ada622fbb079eeb694fd9250ca030befe537c34a8a30281f86dbc432f0721"} --agent-strategy {"name": "multi_tactic", "args": {}}
[2026-01-10 21:34:38] [INFO] Arguments parsed: repo_path=/root/repo, output_path=/root/repo/result.json
[2026-01-10 21:34:38] [INFO] Strategy spec: {"name": "multi_tactic", "args": {}}...
[2026-01-10 21:34:38] [INFO] Loading sorry data...
[2026-01-10 21:34:38] [INFO] Parsing sorry from JSON string...
[2026-01-10 21:34:38] [INFO] Sorry data parsed from JSON string
[2026-01-10 21:34:38] [INFO] Creating strategy from spec...
[2026-01-10 21:34:38] [INFO] Parsing strategy spec (length: 36 chars)
[2026-01-10 21:34:38] [INFO] Strategy name: multi_tactic
[2026-01-10 21:34:38] [INFO] Strategy args: {}
[2026-01-10 21:34:38] [INFO] Pass@k value: 1
[2026-01-10 21:34:38] [INFO] Creating strategy: multi_tactic
[2026-01-10 21:34:38] [INFO] Creating multi_tactic strategy with tactics: ['rfl', 'simp', 'simp_all', 'exact?', 'grind', 'ring', 'norm_num', 'omega', 'linarith', 'nlinarith', 'aesop']
[2026-01-10 21:34:38] [INFO] Strategies created: ['rfl', 'simp', 'simp_all', 'exact?', 'grind', 'ring', 'norm_num', 'omega', 'linarith', 'nlinarith', 'aesop']
[2026-01-10 21:34:38] [INFO] Pass@k value: 1
[2026-01-10 21:34:38] [INFO] Creating Sorry object...
[2026-01-10 21:34:38] [INFO] Sorry object created: id=eb3ada622fbb079eeb694fd9250ca030befe537c34a8a30281f86dbc432f0721
[2026-01-10 21:34:38] [INFO] Sorry location: FLT/Deformations/LiftFunctor.lean:99
[2026-01-10 21:34:38] [INFO] Context before sorry (lines 94-99):
[2026-01-10 21:34:38] [INFO]   94:   .ofIsTerminal _ ProartinianCat.isTerminalResidueField {(toRepnQuot n G 𝓞).app _ ρ}
[2026-01-10 21:34:38] [INFO]   95: 
[2026-01-10 21:34:38] [INFO]   96: /-- The subfunctor of flat lifts. This probably only makes sense when `𝓞` is `v`-adic. -/
[2026-01-10 21:34:38] [INFO]   97: def flatFunctor (v : Ω K) : Subfunctor (repnFunctor n (Γ K) 𝓞) where
[2026-01-10 21:34:38] [INFO]   98:   obj R := { ρ | (toFramedGaloisRep ρ).IsFlatAt v }
[2026-01-10 21:34:38] [INFO]   99:   map := sorry -- See e.g. Conrad Theorem 1.6 of CSS
[2026-01-10 21:34:38] [INFO] Sorry line:   map := sorry -- See e.g. Conrad Theorem 1.6 of CSS
[2026-01-10 21:34:38] [INFO] Sorry goal: n : Type
inst✝⁷ : Fintype n
inst✝⁶ : DecidableEq n
G : Type u
inst✝⁵ : Group G
inst✝⁴ : TopologicalS...
[2026-01-10 21:34:38] [INFO] ========================================
[2026-01-10 21:34:38] [INFO] Trying strategy: rfl (up to 1 attempts)
[2026-01-10 21:34:38] [INFO] --------------------
[2026-01-10 21:34:38] [INFO] Strategy rfl, attempt 1/1
[2026-01-10 21:34:38] [INFO] Starting proof generation...
[2026-01-10 21:34:38] [INFO] Repository path: /root/repo
[2026-01-10 21:34:38] [INFO] Proof generation completed
[2026-01-10 21:34:38] [INFO] Generated proof:
[2026-01-10 21:34:38] [INFO] rfl
[2026-01-10 21:34:38] [INFO] Proof length: 3 chars
[2026-01-10 21:34:38] [INFO] Starting proof verification...
[2026-01-10 21:34:38] [INFO] Verifying at: FLT/Deformations/LiftFunctor.lean:99
[2026-01-10 21:34:38] [INFO] Using LEAN INTERACT verify
[2026-01-10 21:34:38] [INFO] Checking file
[2026-01-10 21:35:00] [INFO] Cannot build modified file <error line="99" column="9">
<code_line>  map := rfl -- See e.g. Conrad Theorem 1.6 of CSS</code_line>
<message>error: Type mismatch</message>
</error>
  rfl
has type
  ?m.41 = ?m.41
but is expected to have type
  ∀ (i : U✝ ⟶ V✝),
    Set.MapsTo ((repnFunctor n (Γ K) 𝓞).map i) {ρ | GaloisRep.IsFlatAt v (toFramedGaloisRep ρ)}
      {ρ | GaloisRep.IsFlatAt v (toFramedGaloisRep ρ)}
the following variables have been introduced by the implicit lambda feature
  U✝ : ProartinianCat 𝓞
  V✝ : ProartinianCat 𝓞
you can disable implicit lambdas using `@` or writing a lambda expression with `{}` or `[]` binder annotations.
[2026-01-10 21:35:00] [INFO] Proof verification completed
[2026-01-10 21:35:00] [INFO] Strategy rfl attempt 1: verified=False
[2026-01-10 21:35:00] [INFO] Verification message: Cannot build modified file: <error line="99" column="9">
<code_line>  map := rfl -- See e.g. Conrad Theorem 1.6 of CSS</code_line>
<message>error: Type mismatch</message>
</error>
  rfl
has type
  ?m.41 = ?m.41
but is expected to have type
  ∀ (i : U✝ ⟶ V✝),
    Set.MapsTo ((repnFunctor n (Γ K) 𝓞).map i) {ρ | GaloisRep.IsFlatAt v (toFramedGaloisRep ρ)}
      {ρ | GaloisRep.IsFlatAt v (toFramedGaloisRep ρ)}
the following variables have been introduced by the implicit lambda feature
  U✝ : ProartinianCat 𝓞
  V✝ : ProartinianCat 𝓞
you can disable implicit lambdas using `@` or writing a lambda expression with `{}` or `[]` binder annotations.

[2026-01-10 21:35:00] [INFO] Attempt 1 failed verification, continuing...
[2026-01-10 21:35:00] [INFO] ========================================
[2026-01-10 21:35:00] [INFO] Trying strategy: simp (up to 1 attempts)
[2026-01-10 21:35:00] [INFO] --------------------
[2026-01-10 21:35:00] [INFO] Strategy simp, attempt 1/1
[2026-01-10 21:35:00] [INFO] Starting proof generation...
[2026-01-10 21:35:00] [INFO] Repository path: /root/repo
[2026-01-10 21:35:00] [INFO] Proof generation completed
[2026-01-10 21:35:00] [INFO] Generated proof:
[2026-01-10 21:35:00] [INFO] simp
[2026-01-10 21:35:00] [INFO] Proof length: 4 chars
[2026-01-10 21:35:00] [INFO] Starting proof verification...
[2026-01-10 21:35:00] [INFO] Verifying at: FLT/Deformations/LiftFunctor.lean:99
[2026-01-10 21:35:00] [INFO] Using LEAN INTERACT verify
[2026-01-10 21:35:00] [INFO] Checking file
[2026-01-10 21:35:07] [INFO] Cannot build modified file FLT/Deformations/tmpn297nyx_.lean:99:9: error(lean.unknownIdentifier): Unknown identifier `simp`
[2026-01-10 21:35:07] [INFO] Proof verification completed
[2026-01-10 21:35:07] [INFO] Strategy simp attempt 1: verified=False
[2026-01-10 21:35:07] [INFO] Verification message: Cannot build modified file: FLT/Deformations/tmpn297nyx_.lean:99:9: error(lean.unknownIdentifier): Unknown identifier `simp`

[2026-01-10 21:35:07] [INFO] Attempt 1 failed verification, continuing...
[2026-01-10 21:35:07] [INFO] ========================================
[2026-01-10 21:35:07] [INFO] Trying strategy: simp_all (up to 1 attempts)
[2026-01-10 21:35:07] [INFO] --------------------
[2026-01-10 21:35:07] [INFO] Strategy simp_all, attempt 1/1
[2026-01-10 21:35:07] [INFO] Starting proof generation...
[2026-01-10 21:35:07] [INFO] Repository path: /root/repo
[2026-01-10 21:35:07] [INFO] Proof generation completed
[2026-01-10 21:35:07] [INFO] Generated proof:
[2026-01-10 21:35:07] [INFO] simp_all
[2026-01-10 21:35:07] [INFO] Proof length: 8 chars
[2026-01-10 21:35:07] [INFO] Starting proof verification...
[2026-01-10 21:35:07] [INFO] Verifying at: FLT/Deformations/LiftFunctor.lean:99
[2026-01-10 21:35:07] [INFO] Using LEAN INTERACT verify
[2026-01-10 21:35:07] [INFO] Checking file
[2026-01-10 21:35:15] [INFO] Cannot build modified file FLT/Deformations/tmpg3s2jtj9.lean:99:9: error(lean.unknownIdentifier): Unknown identifier `simp_all`
[2026-01-10 21:35:15] [INFO] Proof verification completed
[2026-01-10 21:35:15] [INFO] Strategy simp_all attempt 1: verified=False
[2026-01-10 21:35:15] [INFO] Verification message: Cannot build modified file: FLT/Deformations/tmpg3s2jtj9.lean:99:9: error(lean.unknownIdentifier): Unknown identifier `simp_all`

[2026-01-10 21:35:15] [INFO] Attempt 1 failed verification, continuing...
[2026-01-10 21:35:15] [INFO] ========================================
[2026-01-10 21:35:15] [INFO] Trying strategy: exact? (up to 1 attempts)
[2026-01-10 21:35:15] [INFO] --------------------
[2026-01-10 21:35:15] [INFO] Strategy exact?, attempt 1/1
[2026-01-10 21:35:15] [INFO] Starting proof generation...
[2026-01-10 21:35:15] [INFO] Repository path: /root/repo
[2026-01-10 21:35:15] [INFO] Proof generation completed
[2026-01-10 21:35:15] [INFO] Generated proof:
[2026-01-10 21:35:15] [INFO] exact?
[2026-01-10 21:35:15] [INFO] Proof length: 6 chars
[2026-01-10 21:35:15] [INFO] Starting proof verification...
[2026-01-10 21:35:15] [INFO] Verifying at: FLT/Deformations/LiftFunctor.lean:99
[2026-01-10 21:35:15] [INFO] Using LEAN INTERACT verify
[2026-01-10 21:35:15] [INFO] Checking file
[2026-01-10 21:35:23] [INFO] Cannot build modified file FLT/Deformations/tmpzbr_88pv.lean:99:9: error(lean.unknownIdentifier): Unknown identifier `exact?`
[2026-01-10 21:35:23] [INFO] Proof verification completed
[2026-01-10 21:35:23] [INFO] Strategy exact? attempt 1: verified=False
[2026-01-10 21:35:23] [INFO] Verification message: Cannot build modified file: FLT/Deformations/tmpzbr_88pv.lean:99:9: error(lean.unknownIdentifier): Unknown identifier `exact?`

[2026-01-10 21:35:23] [INFO] Attempt 1 failed verification, continuing...
[2026-01-10 21:35:23] [INFO] ========================================
[2026-01-10 21:35:23] [INFO] Trying strategy: grind (up to 1 attempts)
[2026-01-10 21:35:23] [INFO] --------------------
[2026-01-10 21:35:23] [INFO] Strategy grind, attempt 1/1
[2026-01-10 21:35:23] [INFO] Starting proof generation...
[2026-01-10 21:35:23] [INFO] Repository path: /root/repo
[2026-01-10 21:35:23] [INFO] Proof generation completed
[2026-01-10 21:35:23] [INFO] Generated proof:
[2026-01-10 21:35:23] [INFO] grind
[2026-01-10 21:35:23] [INFO] Proof length: 5 chars
[2026-01-10 21:35:23] [INFO] Starting proof verification...
[2026-01-10 21:35:23] [INFO] Verifying at: FLT/Deformations/LiftFunctor.lean:99
[2026-01-10 21:35:23] [INFO] Using LEAN INTERACT verify
[2026-01-10 21:35:23] [INFO] Checking file
[2026-01-10 21:35:29] [INFO] Cannot build modified file FLT/Deformations/tmpwbvge10g.lean:99:9: error(lean.unknownIdentifier): Unknown identifier `grind`
[2026-01-10 21:35:29] [INFO] Proof verification completed
[2026-01-10 21:35:29] [INFO] Strategy grind attempt 1: verified=False
[2026-01-10 21:35:29] [INFO] Verification message: Cannot build modified file: FLT/Deformations/tmpwbvge10g.lean:99:9: error(lean.unknownIdentifier): Unknown identifier `grind`

[2026-01-10 21:35:29] [INFO] Attempt 1 failed verification, continuing...
[2026-01-10 21:35:29] [INFO] ========================================
[2026-01-10 21:35:29] [INFO] Trying strategy: ring (up to 1 attempts)
[2026-01-10 21:35:29] [INFO] --------------------
[2026-01-10 21:35:29] [INFO] Strategy ring, attempt 1/1
[2026-01-10 21:35:29] [INFO] Starting proof generation...
[2026-01-10 21:35:29] [INFO] Repository path: /root/repo
[2026-01-10 21:35:29] [INFO] Proof generation completed
[2026-01-10 21:35:29] [INFO] Generated proof:
[2026-01-10 21:35:29] [INFO] ring
[2026-01-10 21:35:29] [INFO] Proof length: 4 chars
[2026-01-10 21:35:29] [INFO] Starting proof verification...
[2026-01-10 21:35:29] [INFO] Verifying at: FLT/Deformations/LiftFunctor.lean:99
[2026-01-10 21:35:29] [INFO] Using LEAN INTERACT verify
[2026-01-10 21:35:29] [INFO] Checking file
[2026-01-10 21:35:36] [INFO] Cannot build modified file FLT/Deformations/tmpjbwixzrm.lean:99:9: error(lean.unknownIdentifier): Unknown identifier `ring`
[2026-01-10 21:35:36] [INFO] Proof verification completed
[2026-01-10 21:35:36] [INFO] Strategy ring attempt 1: verified=False
[2026-01-10 21:35:36] [INFO] Verification message: Cannot build modified file: FLT/Deformations/tmpjbwixzrm.lean:99:9: error(lean.unknownIdentifier): Unknown identifier `ring`

[2026-01-10 21:35:36] [INFO] Attempt 1 failed verification, continuing...
[2026-01-10 21:35:36] [INFO] ========================================
[2026-01-10 21:35:36] [INFO] Trying strategy: norm_num (up to 1 attempts)
[2026-01-10 21:35:36] [INFO] --------------------
[2026-01-10 21:35:36] [INFO] Strategy norm_num, attempt 1/1
[2026-01-10 21:35:36] [INFO] Starting proof generation...
[2026-01-10 21:35:36] [INFO] Repository path: /root/repo
[2026-01-10 21:35:36] [INFO] Proof generation completed
[2026-01-10 21:35:36] [INFO] Generated proof:
[2026-01-10 21:35:36] [INFO] norm_num
[2026-01-10 21:35:36] [INFO] Proof length: 8 chars
[2026-01-10 21:35:36] [INFO] Starting proof verification...
[2026-01-10 21:35:36] [INFO] Verifying at: FLT/Deformations/LiftFunctor.lean:99
[2026-01-10 21:35:36] [INFO] Using LEAN INTERACT verify
[2026-01-10 21:35:36] [INFO] Checking file
[2026-01-10 21:35:43] [INFO] Cannot build modified file <error line="99" column="9">
<code_line>  map := norm_num -- See e.g. Conrad Theorem 1.6 of CSS</code_line>
<message>error: Type mismatch</message>
</error>
  norm_num
has type
  Lean.ParserDescr
of sort `Type` but is expected to have type
  ∀ (i : U✝ ⟶ V✝),
    Set.MapsTo ((repnFunctor n (Γ K) 𝓞).map i) {ρ | GaloisRep.IsFlatAt v (toFramedGaloisRep ρ)}
      {ρ | GaloisRep.IsFlatAt v (toFramedGaloisRep ρ)}
of sort `Prop`
the following variables have been introduced by the implicit lambda feature
  U✝ : ProartinianCat 𝓞
  V✝ : ProartinianCat 𝓞
you can disable implicit lambdas using `@` or writing a lambda expression with `{}` or `[]` binder annotations.
[2026-01-10 21:35:43] [INFO] Proof verification completed
[2026-01-10 21:35:43] [INFO] Strategy norm_num attempt 1: verified=False
[2026-01-10 21:35:43] [INFO] Verification message: Cannot build modified file: <error line="99" column="9">
<code_line>  map := norm_num -- See e.g. Conrad Theorem 1.6 of CSS</code_line>
<message>error: Type mismatch</message>
</error>
  norm_num
has type
  Lean.ParserDescr
of sort `Type` but is expected to have type
  ∀ (i : U✝ ⟶ V✝),
    Set.MapsTo ((repnFunctor n (Γ K) 𝓞).map i) {ρ | GaloisRep.IsFlatAt v (toFramedGaloisRep ρ)}
      {ρ | GaloisRep.IsFlatAt v (toFramedGaloisRep ρ)}
of sort `Prop`
the following variables have been introduced by the implicit lambda feature
  U✝ : ProartinianCat 𝓞
  V✝ : ProartinianCat 𝓞
you can disable implicit lambdas using `@` or writing a lambda expression with `{}` or `[]` binder annotations.

[2026-01-10 21:35:43] [INFO] Attempt 1 failed verification, continuing...
[2026-01-10 21:35:43] [INFO] ========================================
[2026-01-10 21:35:43] [INFO] Trying strategy: omega (up to 1 attempts)
[2026-01-10 21:35:43] [INFO] --------------------
[2026-01-10 21:35:43] [INFO] Strategy omega, attempt 1/1
[2026-01-10 21:35:43] [INFO] Starting proof generation...
[2026-01-10 21:35:43] [INFO] Repository path: /root/repo
[2026-01-10 21:35:43] [INFO] Proof generation completed
[2026-01-10 21:35:43] [INFO] Generated proof:
[2026-01-10 21:35:43] [INFO] omega
[2026-01-10 21:35:43] [INFO] Proof length: 5 chars
[2026-01-10 21:35:43] [INFO] Starting proof verification...
[2026-01-10 21:35:43] [INFO] Verifying at: FLT/Deformations/LiftFunctor.lean:99
[2026-01-10 21:35:43] [INFO] Using LEAN INTERACT verify
[2026-01-10 21:35:43] [INFO] Checking file
[2026-01-10 21:35:50] [INFO] Cannot build modified file FLT/Deformations/tmpqbfzzq4w.lean:99:9: error(lean.unknownIdentifier): Unknown identifier `omega`
[2026-01-10 21:35:50] [INFO] Proof verification completed
[2026-01-10 21:35:50] [INFO] Strategy omega attempt 1: verified=False
[2026-01-10 21:35:50] [INFO] Verification message: Cannot build modified file: FLT/Deformations/tmpqbfzzq4w.lean:99:9: error(lean.unknownIdentifier): Unknown identifier `omega`

[2026-01-10 21:35:50] [INFO] Attempt 1 failed verification, continuing...
[2026-01-10 21:35:50] [INFO] ========================================
[2026-01-10 21:35:50] [INFO] Trying strategy: linarith (up to 1 attempts)
[2026-01-10 21:35:50] [INFO] --------------------
[2026-01-10 21:35:50] [INFO] Strategy linarith, attempt 1/1
[2026-01-10 21:35:50] [INFO] Starting proof generation...
[2026-01-10 21:35:50] [INFO] Repository path: /root/repo
[2026-01-10 21:35:50] [INFO] Proof generation completed
[2026-01-10 21:35:50] [INFO] Generated proof:
[2026-01-10 21:35:50] [INFO] linarith
[2026-01-10 21:35:50] [INFO] Proof length: 8 chars
[2026-01-10 21:35:50] [INFO] Starting proof verification...
[2026-01-10 21:35:50] [INFO] Verifying at: FLT/Deformations/LiftFunctor.lean:99
[2026-01-10 21:35:50] [INFO] Using LEAN INTERACT verify
[2026-01-10 21:35:50] [INFO] Checking file
[2026-01-10 21:35:57] [INFO] Cannot build modified file FLT/Deformations/tmpkw7mmafo.lean:99:9: error(lean.unknownIdentifier): Unknown identifier `linarith`
[2026-01-10 21:35:57] [INFO] Proof verification completed
[2026-01-10 21:35:57] [INFO] Strategy linarith attempt 1: verified=False
[2026-01-10 21:35:57] [INFO] Verification message: Cannot build modified file: FLT/Deformations/tmpkw7mmafo.lean:99:9: error(lean.unknownIdentifier): Unknown identifier `linarith`

[2026-01-10 21:35:57] [INFO] Attempt 1 failed verification, continuing...
[2026-01-10 21:35:57] [INFO] ========================================
[2026-01-10 21:35:57] [INFO] Trying strategy: nlinarith (up to 1 attempts)
[2026-01-10 21:35:57] [INFO] --------------------
[2026-01-10 21:35:57] [INFO] Strategy nlinarith, attempt 1/1
[2026-01-10 21:35:57] [INFO] Starting proof generation...
[2026-01-10 21:35:57] [INFO] Repository path: /root/repo
[2026-01-10 21:35:57] [INFO] Proof generation completed
[2026-01-10 21:35:57] [INFO] Generated proof:
[2026-01-10 21:35:57] [INFO] nlinarith
[2026-01-10 21:35:57] [INFO] Proof length: 9 chars
[2026-01-10 21:35:57] [INFO] Starting proof verification...
[2026-01-10 21:35:57] [INFO] Verifying at: FLT/Deformations/LiftFunctor.lean:99
[2026-01-10 21:35:57] [INFO] Using LEAN INTERACT verify
[2026-01-10 21:35:57] [INFO] Checking file
[2026-01-10 21:36:04] [INFO] Cannot build modified file FLT/Deformations/tmpg4vmrr3h.lean:99:9: error(lean.unknownIdentifier): Unknown identifier `nlinarith`
[2026-01-10 21:36:04] [INFO] Proof verification completed
[2026-01-10 21:36:04] [INFO] Strategy nlinarith attempt 1: verified=False
[2026-01-10 21:36:04] [INFO] Verification message: Cannot build modified file: FLT/Deformations/tmpg4vmrr3h.lean:99:9: error(lean.unknownIdentifier): Unknown identifier `nlinarith`

[2026-01-10 21:36:04] [INFO] Attempt 1 failed verification, continuing...
[2026-01-10 21:36:04] [INFO] ========================================
[2026-01-10 21:36:04] [INFO] Trying strategy: aesop (up to 1 attempts)
[2026-01-10 21:36:04] [INFO] --------------------
[2026-01-10 21:36:04] [INFO] Strategy aesop, attempt 1/1
[2026-01-10 21:36:04] [INFO] Starting proof generation...
[2026-01-10 21:36:04] [INFO] Repository path: /root/repo
[2026-01-10 21:36:04] [INFO] Proof generation completed
[2026-01-10 21:36:04] [INFO] Generated proof:
[2026-01-10 21:36:04] [INFO] aesop
[2026-01-10 21:36:04] [INFO] Proof length: 5 chars
[2026-01-10 21:36:04] [INFO] Starting proof verification...
[2026-01-10 21:36:04] [INFO] Verifying at: FLT/Deformations/LiftFunctor.lean:99
[2026-01-10 21:36:04] [INFO] Using LEAN INTERACT verify
[2026-01-10 21:36:04] [INFO] Checking file
[2026-01-10 21:36:10] [INFO] Cannot build modified file FLT/Deformations/tmp0za95htu.lean:99:9: error(lean.unknownIdentifier): Unknown identifier `aesop`
[2026-01-10 21:36:10] [INFO] Proof verification completed
[2026-01-10 21:36:10] [INFO] Strategy aesop attempt 1: verified=False
[2026-01-10 21:36:10] [INFO] Verification message: Cannot build modified file: FLT/Deformations/tmp0za95htu.lean:99:9: error(lean.unknownIdentifier): Unknown identifier `aesop`

[2026-01-10 21:36:10] [INFO] Attempt 1 failed verification, continuing...
[2026-01-10 21:36:10] [INFO] ========================================
[2026-01-10 21:36:10] [INFO] Pass@k completed. Total results: 1
[2026-01-10 21:36:10] [INFO] FAILED: All 11 strategies x 1 attempts
[2026-01-10 21:36:10] [INFO] Writing results to file: /root/repo/result.json
[2026-01-10 21:36:10] [INFO] Result file written successfully
[2026-01-10 21:36:10] [INFO] Results exported to: /root/repo/result.json
[2026-01-10 21:36:10] [INFO] run_morphcloud_local.py completed successfully

[2026-01-10 21:36:11] [process_single_sorry] Downloading result file...
[2026-01-10 21:36:11] [process_single_sorry] Downloaded result to intermediate_experiment_outputs_full_reservoir/multi_tactic/2026-01-10_20-46-34_multi_tactic/individual/eb3ada622fbb079eeb694fd9250ca030befe537c34a8a30281f86dbc432f0721.json
[2026-01-10 21:36:13] [process_single_sorry] Instance context closed successfully
[2026-01-10 21:36:13] [process_single_sorry] Parsing result file...
[2026-01-10 21:36:13] [process_single_sorry] Successfully parsed result (list format, 1 results)
