[2025-12-30 21:22:59] [process_single_sorry] Starting for sorry bd994f21bb18e29512047c96325fe358933ffac32616418331168efa44dee137
[2025-12-30 21:22:59] [process_single_sorry] Using snapshot: snapshot_bfmfh95w
[2025-12-30 21:22:59] [process_single_sorry] Repository: https://github.com/AlexKontorovich/PrimeNumberTheoremAnd@653f1fd8f4ccbf3fc22f7933a51fca5fea0a93cf
[2025-12-30 21:22:59] [process_single_sorry] Instance name: PrimeNumberTheoremAnd_653f1fd8f4cc_rfl_bd994f21bb18e29512047c96325fe358933ffac32616418331168efa44dee137
[2025-12-30 21:22:59] [process_single_sorry] Starting attempt 1/3
[2025-12-30 21:22:59] [process_single_sorry] Starting instance from snapshot...
[2025-12-30 21:23:16] [process_single_sorry] Instance started successfully: morphvm_n8gd5az7
[2025-12-30 21:23:16] [process_single_sorry] Creating .env file...
[2025-12-30 21:24:27] [process_single_sorry] .env file created (exit_code: 0)
[2025-12-30 21:24:27] [process_single_sorry] Executing agent command...
[2025-12-30 21:25:00] [process_single_sorry] Retryable error on attempt 1/3: ReadError: 
[2025-12-30 21:25:00] [process_single_sorry] Waiting 2 seconds before retry...
[2025-12-30 21:25:06] [process_single_sorry] Starting attempt 2/3
[2025-12-30 21:25:06] [process_single_sorry] Starting instance from snapshot...
[2025-12-30 21:25:26] [process_single_sorry] Instance started successfully: morphvm_2w15isrx
[2025-12-30 21:25:26] [process_single_sorry] Creating .env file...
[2025-12-30 21:26:10] [process_single_sorry] .env file created (exit_code: 0)
[2025-12-30 21:26:10] [process_single_sorry] Executing agent command...
[2025-12-30 21:27:01] [process_single_sorry] Agent command completed (exit_code: 0)
[2025-12-30 21:27:01] [process_single_sorry] STDOUT:

Result JSON:
{
  "sorry": {
    "repo": {
      "remote": "https://github.com/AlexKontorovich/PrimeNumberTheoremAnd",
      "branch": "main",
      "commit": "653f1fd8f4ccbf3fc22f7933a51fca5fea0a93cf",
      "lean_version": "v4.26.0"
    },
    "location": {
      "path": "PrimeNumberTheoremAnd/SecondarySummary.lean",
      "start_line": 36,
      "start_column": 64,
      "end_line": 36,
      "end_column": 69
    },
    "debug_info": {
      "goal": "⊢ Eπ.classicalBound 235 1.52 0.8 1 (exp 2000)",
      "url": "https://github.com/AlexKontorovich/PrimeNumberTheoremAnd/blob/653f1fd8f4ccbf3fc22f7933a51fca5fea0a93cf/PrimeNumberTheoremAnd/SecondarySummary.lean#L36"
    },
    "metadata": {
      "blame_email_hash": "d7f0e4a42bbb",
      "blame_date": "2025-11-30T12:46:56-08:00",
      "inclusion_date": "2025-12-29T14:36:34.379527+00:00"
    },
    "id": "bd994f21bb18e29512047c96325fe358933ffac32616418331168efa44dee137"
  },
  "proof": "rfl",
  "proof_verified": false,
  "feedback": null,
  "verification_message": "Cannot build modified file: <error line=\"36\" column=\"0\">\n<code_line>theorem PT_Cor2: Eπ.classicalBound 235 1.52 0.8 1 (exp 2000) := rfl</code_line>\n<message>error: Not a definitional equality: the conclusion should be an equality, but is</message>\n</error>\n  Real.wrapped✝.1 (Eπ x) (admissible_bound 235 1.52 0.8 1 x)\n<error line=\"36\" column=\"64\">\n<code_line>theorem PT_Cor2: Eπ.classicalBound 235 1.52 0.8 1 (exp 2000) := rfl</code_line>\n<message>error: Type mismatch</message>\n</error>\n  rfl\nhas type\n  ?m.12 = ?m.12\nbut is expected to have type\n  Eπ.classicalBound 235 1.52 0.8 1 (rexp 2000)\n",
  "success": true,
  "error_type": null,
  "error_message": null
}

[2025-12-30 21:27:01] [process_single_sorry] STDERR:
None of PyTorch, TensorFlow >= 2.0, or Flax have been found. Models won't be available and only tokenizers, configuration and file/data utilities can be used.
[2025-12-30 21:26:25] [INFO] ================================================================================
[2025-12-30 21:26:25] [INFO] Starting run_morphcloud_local.py
[2025-12-30 21:26:25] [INFO] ================================================================================
[2025-12-30 21:26:25] [INFO] Environment loaded
[2025-12-30 21:26:25] [INFO] Full command: /root/SorryDB/sorrydb/cli/run_morphcloud_local.py --repo-path /root/repo --sorry-json {"repo": {"remote": "https://github.com/AlexKontorovich/PrimeNumberTheoremAnd", "branch": "main", "commit": "653f1fd8f4ccbf3fc22f7933a51fca5fea0a93cf", "lean_version": "v4.26.0"}, "location": {"path": "PrimeNumberTheoremAnd/SecondarySummary.lean", "start_line": 36, "start_column": 64, "end_line": 36, "end_column": 69}, "debug_info": {"goal": "\u22a2 E\u03c0.classicalBound 235 1.52 0.8 1 (exp 2000)", "url": "https://github.com/AlexKontorovich/PrimeNumberTheoremAnd/blob/653f1fd8f4ccbf3fc22f7933a51fca5fea0a93cf/PrimeNumberTheoremAnd/SecondarySummary.lean#L36"}, "metadata": {"blame_email_hash": "d7f0e4a42bbb", "blame_date": "2025-11-30T12:46:56-08:00", "inclusion_date": "2025-12-29T14:36:34.379527+00:00"}, "id": "bd994f21bb18e29512047c96325fe358933ffac32616418331168efa44dee137"} --agent-strategy {"name": "rfl", "args": {}}
[2025-12-30 21:26:25] [INFO] Arguments parsed: repo_path=/root/repo, output_path=/root/repo/result.json
[2025-12-30 21:26:25] [INFO] Strategy spec: {"name": "rfl", "args": {}}...
[2025-12-30 21:26:25] [INFO] Loading sorry data...
[2025-12-30 21:26:25] [INFO] Parsing sorry from JSON string...
[2025-12-30 21:26:25] [INFO] Sorry data parsed from JSON string
[2025-12-30 21:26:25] [INFO] Creating strategy from spec...
[2025-12-30 21:26:25] [INFO] Parsing strategy spec (length: 27 chars)
[2025-12-30 21:26:25] [INFO] Strategy name: rfl
[2025-12-30 21:26:25] [INFO] Strategy args: {}
[2025-12-30 21:26:25] [INFO] Creating strategy: rfl
[2025-12-30 21:26:25] [INFO] Strategy created: RflStrategy
[2025-12-30 21:26:25] [INFO] Creating Sorry object...
[2025-12-30 21:26:25] [INFO] Sorry object created: id=bd994f21bb18e29512047c96325fe358933ffac32616418331168efa44dee137
[2025-12-30 21:26:25] [INFO] Sorry location: PrimeNumberTheoremAnd/SecondarySummary.lean:36
[2025-12-30 21:26:25] [INFO] Context before sorry (lines 31-36):
[2025-12-30 21:26:25] [INFO]   31: \]
[2025-12-30 21:26:25] [INFO]   32: for all $x \geq \exp(2000)$.
[2025-12-30 21:26:25] [INFO]   33: \end{theorem}
[2025-12-30 21:26:25] [INFO]   34: %%-/
[2025-12-30 21:26:25] [INFO]   35: 
[2025-12-30 21:26:25] [INFO]   36: theorem PT_Cor2: Eπ.classicalBound 235 1.52 0.8 1 (exp 2000) := sorry
[2025-12-30 21:26:25] [INFO] Sorry line: theorem PT_Cor2: Eπ.classicalBound 235 1.52 0.8 1 (exp 2000) := sorry
[2025-12-30 21:26:25] [INFO] Sorry goal: ⊢ Eπ.classicalBound 235 1.52 0.8 1 (exp 2000)...
[2025-12-30 21:26:25] [INFO] Starting agent proof generation...
[2025-12-30 21:26:25] [INFO] Repository path: /root/repo
[2025-12-30 21:26:25] [INFO] Agent proof generation completed
[2025-12-30 21:26:25] [INFO] Generated proof:
[2025-12-30 21:26:25] [INFO] rfl
[2025-12-30 21:26:25] [INFO] Proof length: 3 chars
[2025-12-30 21:26:25] [INFO] Starting proof verification...
[2025-12-30 21:26:25] [INFO] Verifying at: PrimeNumberTheoremAnd/SecondarySummary.lean:36
[2025-12-30 21:26:25] [INFO] Using LEAN INTERACT verify
[2025-12-30 21:26:25] [INFO] Checking file
[2025-12-30 21:27:01] [INFO] Cannot build modified file <error line="36" column="0">
<code_line>theorem PT_Cor2: Eπ.classicalBound 235 1.52 0.8 1 (exp 2000) := rfl</code_line>
<message>error: Not a definitional equality: the conclusion should be an equality, but is</message>
</error>
  Real.wrapped✝.1 (Eπ x) (admissible_bound 235 1.52 0.8 1 x)
<error line="36" column="64">
<code_line>theorem PT_Cor2: Eπ.classicalBound 235 1.52 0.8 1 (exp 2000) := rfl</code_line>
<message>error: Type mismatch</message>
</error>
  rfl
has type
  ?m.12 = ?m.12
but is expected to have type
  Eπ.classicalBound 235 1.52 0.8 1 (rexp 2000)
[2025-12-30 21:27:01] [INFO] Proof verification completed
[2025-12-30 21:27:01] [INFO] Proof verified: False
[2025-12-30 21:27:01] [INFO] Verification message: Cannot build modified file: <error line="36" column="0">
<code_line>theorem PT_Cor2: Eπ.classicalBound 235 1.52 0.8 1 (exp 2000) := rfl</code_line>
<message>error: Not a definitional equality: the conclusion should be an equality, but is</message>
</error>
  Real.wrapped✝.1 (Eπ x) (admissible_bound 235 1.52 0.8 1 x)
<error line="36" column="64">
<code_line>theorem PT_Cor2: Eπ.classicalBound 235 1.52 0.8 1 (exp 2000) := rfl</code_line>
<message>error: Type mismatch</message>
</error>
  rfl
has type
  ?m.12 = ?m.12
but is expected to have type
  Eπ.classicalBound 235 1.52 0.8 1 (rexp 2000)

[2025-12-30 21:27:01] [INFO] Creating result object...
[2025-12-30 21:27:01] [INFO] Result object created
[2025-12-30 21:27:01] [INFO] Writing result to file: /root/repo/result.json
[2025-12-30 21:27:01] [INFO] Result file written successfully
[2025-12-30 21:27:01] [INFO] Result exported to: /root/repo/result.json
[2025-12-30 21:27:01] [INFO] run_morphcloud_local.py completed successfully

[2025-12-30 21:27:01] [process_single_sorry] Downloading result file...
[2025-12-30 21:27:02] [process_single_sorry] Downloaded result to intermediate_experiment_outputs_full_reservoir/rfl/2025-12-30_20-25-17_rfl/individual/bd994f21bb18e29512047c96325fe358933ffac32616418331168efa44dee137.json
[2025-12-30 21:27:04] [process_single_sorry] Instance context closed successfully
[2025-12-30 21:27:04] [process_single_sorry] Parsing result file...
[2025-12-30 21:27:04] [process_single_sorry] Successfully parsed result (dict format)
