[2025-12-31 16:02:39] [process_single_sorry] Starting for sorry 29d5cecb32ea865f9e30d52b0f6615a7dbeb59b16ab802a933114f59cbdee6e3
[2025-12-31 16:02:39] [process_single_sorry] Using snapshot: snapshot_eo7t1jep
[2025-12-31 16:02:39] [process_single_sorry] Repository: https://github.com/VCA-EPFL/graphiti@e2c8c3d6b29d196aaf032a2f0aa7ec5adb1793aa
[2025-12-31 16:02:39] [process_single_sorry] Instance name: graphiti_e2c8c3d6b29d_rfl_29d5cecb32ea865f9e30d52b0f6615a7dbeb59b16ab802a933114f59cbdee6e3
[2025-12-31 16:02:39] [process_single_sorry] Starting attempt 1/3
[2025-12-31 16:02:39] [process_single_sorry] Starting instance from snapshot...
[2025-12-31 16:02:41] [process_single_sorry] Instance started successfully: morphvm_djr6yt0w
[2025-12-31 16:02:41] [process_single_sorry] Creating .env file...
[2025-12-31 16:02:50] [process_single_sorry] .env file created (exit_code: 0)
[2025-12-31 16:02:50] [process_single_sorry] Executing agent command...
[2025-12-31 16:03:11] [process_single_sorry] Agent command completed (exit_code: 0)
[2025-12-31 16:03:11] [process_single_sorry] STDOUT:

Result JSON:
{
  "sorry": {
    "repo": {
      "remote": "https://github.com/VCA-EPFL/graphiti",
      "branch": "faster-commuting",
      "commit": "e2c8c3d6b29d196aaf032a2f0aa7ec5adb1793aa",
      "lean_version": "v4.26.0-rc2"
    },
    "location": {
      "path": "Graphiti/Projects/Noc/Utils.lean",
      "start_line": 118,
      "start_column": 10,
      "end_line": 118,
      "end_column": 15
    },
    "debug_info": {
      "goal": "S : Type u_1\nident : InternalPort ℕ\nn : ℕ\nf : Fin n → RelIO S\n⊢ AssocList.contains ident (@Graphiti.Projects.Noc.RelIO.liftFinf (RelIO S) n f) = true →\n    ∃ i, ident = { inst := InstIdent.top, name := ↑i }",
      "url": "https://github.com/VCA-EPFL/graphiti/blob/e2c8c3d6b29d196aaf032a2f0aa7ec5adb1793aa/Graphiti/Projects/Noc/Utils.lean#L118"
    },
    "metadata": {
      "blame_email_hash": "62ce473b4890",
      "blame_date": "2025-09-23T16:48:17+02:00",
      "inclusion_date": "2025-12-29T18:50:25.458860+00:00"
    },
    "id": "29d5cecb32ea865f9e30d52b0f6615a7dbeb59b16ab802a933114f59cbdee6e3"
  },
  "proof": "rfl",
  "proof_verified": false,
  "feedback": null,
  "verification_message": "Cannot build modified file: Note: This linter can be disabled with `set_option linter.unnecessarySimpa false`\n\nNote: This linter can be disabled with `set_option linter.unnecessarySimpa false`\n\nNote: This linter can be disabled with `set_option linter.unnecessarySimpa false`\n<error line=\"118\" column=\"10\">\n<code_line>          rfl</code_line>\n<message>error: Tactic `rfl` failed: Expected the goal to be a binary relation</message>\n</error>\n\nHint: Reflexivity tactics can only be used on goals of the form `x ~ x` or `R x x`\n\nS : Type u_1\nident : InternalPort ℕ\nn : ℕ\nf : Fin n → RelIO S\n⊢ AssocList.contains ident (liftFinf n f) = true → ∃ i, ident = { inst := InstIdent.top, name := ↑i }\n\nNote: This linter can be disabled with `set_option linter.unnecessarySimpa false`\n\nNote: This linter can be disabled with `set_option linter.unnecessarySimpa false`\n\nNote: This linter can be disabled with `set_option linter.unnecessarySimpa false`\n\nNote: This linter can be disabled with `set_option linter.unnecessarySimpa false`\n\nNote: This linter can be disabled with `set_option linter.unnecessarySimpa false`\n\nNote: This linter can be disabled with `set_option linter.unnecessarySimpa false`\n\nNote: This linter can be disabled with `set_option linter.unnecessarySimpa false`\n\nNote: This linter can be disabled with `set_option linter.unnecessarySimpa false`\n\nNote: This linter can be disabled with `set_option linter.unnecessarySimpa false`\n\nNote: This linter can be disabled with `set_option linter.unnecessarySimpa false`\n\nNote: This linter can be disabled with `set_option linter.unnecessarySimpa false`\n\nNote: This linter can be disabled with `set_option linter.unnecessarySeqFocus false`\n\nNote: This linter can be disabled with `set_option linter.unnecessarySimpa false`\n\nNote: This linter can be disabled with `set_option linter.unnecessarySimpa false`\n",
  "success": true,
  "error_type": null,
  "error_message": null
}

[2025-12-31 16:03:11] [process_single_sorry] STDERR:
None of PyTorch, TensorFlow >= 2.0, or Flax have been found. Models won't be available and only tokenizers, configuration and file/data utilities can be used.
[2025-12-31 16:02:57] [INFO] ================================================================================
[2025-12-31 16:02:57] [INFO] Starting run_morphcloud_local.py
[2025-12-31 16:02:57] [INFO] ================================================================================
[2025-12-31 16:02:57] [INFO] Environment loaded
[2025-12-31 16:02:57] [INFO] Full command: /root/SorryDB/sorrydb/cli/run_morphcloud_local.py --repo-path /root/repo --sorry-json {"repo": {"remote": "https://github.com/VCA-EPFL/graphiti", "branch": "faster-commuting", "commit": "e2c8c3d6b29d196aaf032a2f0aa7ec5adb1793aa", "lean_version": "v4.26.0-rc2"}, "location": {"path": "Graphiti/Projects/Noc/Utils.lean", "start_line": 118, "start_column": 10, "end_line": 118, "end_column": 15}, "debug_info": {"goal": "S : Type u_1\nident : InternalPort \u2115\nn : \u2115\nf : Fin n \u2192 RelIO S\n\u22a2 AssocList.contains ident (@Graphiti.Projects.Noc.RelIO.liftFinf (RelIO S) n f) = true \u2192\n    \u2203 i, ident = { inst := InstIdent.top, name := \u2191i }", "url": "https://github.com/VCA-EPFL/graphiti/blob/e2c8c3d6b29d196aaf032a2f0aa7ec5adb1793aa/Graphiti/Projects/Noc/Utils.lean#L118"}, "metadata": {"blame_email_hash": "62ce473b4890", "blame_date": "2025-09-23T16:48:17+02:00", "inclusion_date": "2025-12-29T18:50:25.458860+00:00"}, "id": "29d5cecb32ea865f9e30d52b0f6615a7dbeb59b16ab802a933114f59cbdee6e3"} --agent-strategy {"name": "rfl", "args": {}}
[2025-12-31 16:02:57] [INFO] Arguments parsed: repo_path=/root/repo, output_path=/root/repo/result.json
[2025-12-31 16:02:57] [INFO] Strategy spec: {"name": "rfl", "args": {}}...
[2025-12-31 16:02:57] [INFO] Loading sorry data...
[2025-12-31 16:02:57] [INFO] Parsing sorry from JSON string...
[2025-12-31 16:02:57] [INFO] Sorry data parsed from JSON string
[2025-12-31 16:02:57] [INFO] Creating strategy from spec...
[2025-12-31 16:02:57] [INFO] Parsing strategy spec (length: 27 chars)
[2025-12-31 16:02:57] [INFO] Strategy name: rfl
[2025-12-31 16:02:57] [INFO] Strategy args: {}
[2025-12-31 16:02:57] [INFO] Creating strategy: rfl
[2025-12-31 16:02:57] [INFO] Strategy created: RflStrategy
[2025-12-31 16:02:57] [INFO] Creating Sorry object...
[2025-12-31 16:02:57] [INFO] Sorry object created: id=29d5cecb32ea865f9e30d52b0f6615a7dbeb59b16ab802a933114f59cbdee6e3
[2025-12-31 16:02:57] [INFO] Sorry location: Graphiti/Projects/Noc/Utils.lean:118
[2025-12-31 16:02:57] [INFO] Context before sorry (lines 113-118):
[2025-12-31 16:02:57] [INFO]   113:           --   Function.comp_apply, beq_iff_eq, forall_exists_index, and_imp
[2025-12-31 16:02:57] [INFO]   114:           -- ]
[2025-12-31 16:02:57] [INFO]   115:           -- intros x1 x2 H1 H2 H3
[2025-12-31 16:02:57] [INFO]   116:           -- subst ident
[2025-12-31 16:02:57] [INFO]   117:           -- exists x1
[2025-12-31 16:02:57] [INFO]   118:           sorry
[2025-12-31 16:02:57] [INFO] Sorry line:           sorry
[2025-12-31 16:02:57] [INFO] Sorry goal: S : Type u_1
ident : InternalPort ℕ
n : ℕ
f : Fin n → RelIO S
⊢ AssocList.contains ident (@Graphiti....
[2025-12-31 16:02:57] [INFO] Starting agent proof generation...
[2025-12-31 16:02:57] [INFO] Repository path: /root/repo
[2025-12-31 16:02:57] [INFO] Agent proof generation completed
[2025-12-31 16:02:57] [INFO] Generated proof:
[2025-12-31 16:02:57] [INFO] rfl
[2025-12-31 16:02:57] [INFO] Proof length: 3 chars
[2025-12-31 16:02:57] [INFO] Starting proof verification...
[2025-12-31 16:02:57] [INFO] Verifying at: Graphiti/Projects/Noc/Utils.lean:118
[2025-12-31 16:02:57] [INFO] Using LEAN INTERACT verify
[2025-12-31 16:02:57] [INFO] Checking file
[2025-12-31 16:03:10] [INFO] Cannot build modified file Note: This linter can be disabled with `set_option linter.unnecessarySimpa false`

Note: This linter can be disabled with `set_option linter.unnecessarySimpa false`

Note: This linter can be disabled with `set_option linter.unnecessarySimpa false`
<error line="118" column="10">
<code_line>          rfl</code_line>
<message>error: Tactic `rfl` failed: Expected the goal to be a binary relation</message>
</error>

Hint: Reflexivity tactics can only be used on goals of the form `x ~ x` or `R x x`

S : Type u_1
ident : InternalPort ℕ
n : ℕ
f : Fin n → RelIO S
⊢ AssocList.contains ident (liftFinf n f) = true → ∃ i, ident = { inst := InstIdent.top, name := ↑i }

Note: This linter can be disabled with `set_option linter.unnecessarySimpa false`

Note: This linter can be disabled with `set_option linter.unnecessarySimpa false`

Note: This linter can be disabled with `set_option linter.unnecessarySimpa false`

Note: This linter can be disabled with `set_option linter.unnecessarySimpa false`

Note: This linter can be disabled with `set_option linter.unnecessarySimpa false`

Note: This linter can be disabled with `set_option linter.unnecessarySimpa false`

Note: This linter can be disabled with `set_option linter.unnecessarySimpa false`

Note: This linter can be disabled with `set_option linter.unnecessarySimpa false`

Note: This linter can be disabled with `set_option linter.unnecessarySimpa false`

Note: This linter can be disabled with `set_option linter.unnecessarySimpa false`

Note: This linter can be disabled with `set_option linter.unnecessarySimpa false`

Note: This linter can be disabled with `set_option linter.unnecessarySeqFocus false`

Note: This linter can be disabled with `set_option linter.unnecessarySimpa false`

Note: This linter can be disabled with `set_option linter.unnecessarySimpa false`
[2025-12-31 16:03:10] [INFO] Proof verification completed
[2025-12-31 16:03:10] [INFO] Proof verified: False
[2025-12-31 16:03:10] [INFO] Verification message: Cannot build modified file: Note: This linter can be disabled with `set_option linter.unnecessarySimpa false`

Note: This linter can be disabled with `set_option linter.unnecessarySimpa false`

Note: This linter can be disabled with `set_option linter.unnecessarySimpa false`
<error line="118" column="10">
<code_line>          rfl</code_line>
<message>error: Tactic `rfl` failed: Expected the goal to be a binary relation</message>
</error>

Hint: Reflexivity tactics can only be used on goals of the form `x ~ x` or `R x x`

S : Type u_1
ident : InternalPort ℕ
n : ℕ
f : Fin n → RelIO S
⊢ AssocList.contains ident (liftFinf n f) = true → ∃ i, ident = { inst := InstIdent.top, name := ↑i }

Note: This linter can be disabled with `set_option linter.unnecessarySimpa false`

Note: This linter can be disabled with `set_option linter.unnecessarySimpa false`

Note: This linter can be disabled with `set_option linter.unnecessarySimpa false`

Note: This linter can be disabled with `set_option linter.unnecessarySimpa false`

Note: This linter can be disabled with `set_option linter.unnecessarySimpa false`

Note: This linter can be disabled with `set_option linter.unnecessarySimpa false`

Note: This linter can be disabled with `set_option linter.unnecessarySimpa false`

Note: This linter can be disabled with `set_option linter.unnecessarySimpa false`

Note: This linter can be disabled with `set_option linter.unnecessarySimpa false`

Note: This linter can be disabled with `set_option linter.unnecessarySimpa false`

Note: This linter can be disabled with `set_option linter.unnecessarySimpa false`

Note: This linter can be disabled with `set_option linter.unnecessarySeqFocus false`

Note: This linter can be disabled with `set_option linter.unnecessarySimpa false`

Note: This linter can be disabled with `set_option linter.unnecessarySimpa false`

[2025-12-31 16:03:10] [INFO] Creating result object...
[2025-12-31 16:03:10] [INFO] Result object created
[2025-12-31 16:03:10] [INFO] Writing result to file: /root/repo/result.json
[2025-12-31 16:03:10] [INFO] Result file written successfully
[2025-12-31 16:03:10] [INFO] Result exported to: /root/repo/result.json
[2025-12-31 16:03:10] [INFO] run_morphcloud_local.py completed successfully

[2025-12-31 16:03:11] [process_single_sorry] Downloading result file...
[2025-12-31 16:03:11] [process_single_sorry] Downloaded result to intermediate_experiment_outputs_full_reservoir/rfl/2025-12-31_15-56-17_rfl/individual/29d5cecb32ea865f9e30d52b0f6615a7dbeb59b16ab802a933114f59cbdee6e3.json
[2025-12-31 16:03:13] [process_single_sorry] Instance context closed successfully
[2025-12-31 16:03:13] [process_single_sorry] Parsing result file...
[2025-12-31 16:03:13] [process_single_sorry] Successfully parsed result (dict format)
