[2025-12-18 21:45:38] [process_single_sorry] Starting for sorry b38f5b0dafcde2cac1b1d9d70f0102f7aac726d9b58a4b1855b5051060d9298c
[2025-12-18 21:45:38] [process_single_sorry] Using snapshot: snapshot_gmjng0sh
[2025-12-18 21:45:38] [process_single_sorry] Repository: https://github.com/ufmg-smite/lean-smt@98b12d984f8c21a99abfb8b69f12fe243beaf7c6
[2025-12-18 21:45:38] [process_single_sorry] Instance name: lean-smt_98b12d984f8c_supersimple_b38f5b0dafcde2cac1b1d9d70f0102f7aac726d9b58a4b1855b5051060d9298c
[2025-12-18 21:45:38] [process_single_sorry] Starting attempt 1/3
[2025-12-18 21:45:38] [process_single_sorry] Starting instance from snapshot...
[2025-12-18 21:45:38] [process_single_sorry] Instance started successfully: morphvm_xha8jfly
[2025-12-18 21:45:38] [process_single_sorry] Creating .env file...
[2025-12-18 21:45:51] [process_single_sorry] .env file created (exit_code: 0)
[2025-12-18 21:45:51] [process_single_sorry] Executing agent command...
[2025-12-18 21:50:03] [process_single_sorry] Agent command completed (exit_code: 0)
[2025-12-18 21:50:03] [process_single_sorry] STDOUT:
Lake version 5.0.0-6741444 (Lean version 4.21.0)
No files to download
Decompressing 6014 file(s)
Unpacked in 5659 ms
Completed successfully!
⚠ [5/100] Replayed Smt.Reconstruct.BitVec.Bitblast
warning: ././././Smt/Reconstruct/BitVec/Bitblast.lean:36:4: declaration uses 'sorry'
Build completed successfully.
sorry
[21:49:23] INFO     Updated version-specific REPL cache to commit  config.py:388
                    7181a5599eedcd3550096bd4b4de36effb5f0718                    

Result JSON:
{
  "sorry": {
    "repo": {
      "remote": "https://github.com/ufmg-smite/lean-smt",
      "branch": "main",
      "commit": "98b12d984f8c21a99abfb8b69f12fe243beaf7c6",
      "lean_version": "v4.16.0"
    },
    "location": {
      "path": "Smt/Reconstruct/Rat/Core.lean",
      "start_line": 632,
      "start_column": 2,
      "end_line": 632,
      "end_column": 7
    },
    "debug_info": {
      "goal": "x : Rat\n\u22a2 0 \u2264 x.abs",
      "url": "https://github.com/ufmg-smite/lean-smt/blob/98b12d984f8c21a99abfb8b69f12fe243beaf7c6/Smt/Reconstruct/Rat/Core.lean#L632"
    },
    "metadata": {
      "blame_email_hash": "a29bc6f92c6c",
      "blame_date": "2025-05-03T21:48:26-07:00",
      "inclusion_date": "2025-05-05T00:05:16.483689+00:00"
    },
    "id": "b38f5b0dafcde2cac1b1d9d70f0102f7aac726d9b58a4b1855b5051060d9298c"
  },
  "proof": "sorry",
  "proof_verified": false,
  "feedback": null,
  "verification_message": "Expected one less sorry in modified file",
  "success": true,
  "error_type": null,
  "error_message": null
}

[2025-12-18 21:50:03] [process_single_sorry] STDERR:
None of PyTorch, TensorFlow >= 2.0, or Flax have been found. Models won't be available and only tokenizers, configuration and file/data utilities can be used.
[2025-12-18 21:46:43] [INFO] ================================================================================
[2025-12-18 21:46:43] [INFO] Starting run_morphcloud_local.py
[2025-12-18 21:46:43] [INFO] ================================================================================
[2025-12-18 21:46:43] [INFO] Environment loaded
[2025-12-18 21:46:43] [INFO] Arguments parsed: repo_path=/root/repo, output_path=/root/repo/result.json
[2025-12-18 21:46:43] [INFO] Strategy spec: {"name": "supersimple", "args": {}}...
[2025-12-18 21:46:43] [INFO] Loading sorry data...
[2025-12-18 21:46:43] [INFO] Parsing sorry from JSON string...
[2025-12-18 21:46:43] [INFO] Sorry data parsed from JSON string
[2025-12-18 21:46:43] [INFO] Creating strategy from spec...
[2025-12-18 21:46:43] [INFO] Parsing strategy spec (length: 35 chars)
[2025-12-18 21:46:43] [INFO] Strategy name: supersimple
[2025-12-18 21:46:43] [INFO] Strategy args: {}
[2025-12-18 21:46:43] [INFO] Creating strategy: supersimple
[2025-12-18 21:46:43] [INFO] Strategy created: ProveAllStrategy
[2025-12-18 21:46:43] [INFO] Creating Sorry object...
[2025-12-18 21:46:43] [INFO] Sorry object created: id=b38f5b0dafcde2cac1b1d9d70f0102f7aac726d9b58a4b1855b5051060d9298c
[2025-12-18 21:46:43] [INFO] Sorry location: Smt/Reconstruct/Rat/Core.lean:632
[2025-12-18 21:46:43] [INFO] Sorry goal: x : Rat
⊢ 0 ≤ x.abs...
[2025-12-18 21:46:43] [INFO] Starting agent proof generation...
[2025-12-18 21:46:43] [INFO] Repository path: /root/repo
[2025-12-18 21:46:43] [INFO] Using LEAN INTERACT verify
[2025-12-18 21:46:43] [INFO] Checking file
[2025-12-18 21:47:15] [INFO] Cannot build modified file ╭─ Error at line 631:44
│  theorem abs_nonneg (x : Rat) : 0 ≤ x.abs := by
│                                             ^^^
╰─ error: unsolved goals
x : Rat
⊢ 0 ≤ x.abs
[2025-12-18 21:47:15] [INFO] Failed to prove with tactic list: ['rfl', 'simp_all', 'exact?'], with error: Cannot build modified file: ╭─ Error at line 631:44
│  theorem abs_nonneg (x : Rat) : 0 ≤ x.abs := by
│                                             ^^^
╰─ error: unsolved goals
x : Rat
⊢ 0 ≤ x.abs

[2025-12-18 21:47:15] [INFO] Using LEAN INTERACT verify
[2025-12-18 21:47:15] [INFO] Checking file
[2025-12-18 21:47:20] [INFO] Cannot build modified file ╭─ Error at line 631:44
│  theorem abs_nonneg (x : Rat) : 0 ≤ x.abs := by
│                                             ^^^
╰─ error: unsolved goals
x : Rat
⊢ 0 ≤ x.abs
[2025-12-18 21:47:20] [INFO] Failed to prove with tactic list: ['grind'], with error: Cannot build modified file: ╭─ Error at line 631:44
│  theorem abs_nonneg (x : Rat) : 0 ≤ x.abs := by
│                                             ^^^
╰─ error: unsolved goals
x : Rat
⊢ 0 ≤ x.abs

[2025-12-18 21:47:20] [INFO] Using LEAN INTERACT verify
[2025-12-18 21:47:20] [INFO] Checking file
[2025-12-18 21:47:24] [INFO] Cannot build modified file ╭─ Error at line 632:45
│    all_goals intros; first | ((all_goals try ring) ; (all_goals try norm_num) ; (all_goals try omega) ; (all_goals try linarith) ; (all_goals try nlinarith) ; (all_goals try aesop)) | (all_goals ((try ring) ; (try norm_num) ; (try omega) ; (try linarith) ; (try nlinarith) ; (try aesop)))
│                                              ^^^
╰─ error: unknown tactic

╭─ Error at line 631:44
│  theorem abs_nonneg (x : Rat) : 0 ≤ x.abs := by
│                                             ^^^
╰─ error: unsolved goals
x : Rat
⊢ 0 ≤ x.abs
[2025-12-18 21:47:24] [INFO] Failed to prove with tactic list: ['ring', 'norm_num', 'omega', 'linarith', 'nlinarith', 'aesop'], with error: Cannot build modified file: ╭─ Error at line 632:45
│    all_goals intros; first | ((all_goals try ring) ; (all_goals try norm_num) ; (all_goals try omega) ; (all_goals try linarith) ; (all_goals try nlinarith) ; (all_goals try aesop)) | (all_goals ((try ring) ; (try norm_num) ; (try omega) ; (try linarith) ; (try nlinarith) ; (try aesop)))
│                                              ^^^
╰─ error: unknown tactic

╭─ Error at line 631:44
│  theorem abs_nonneg (x : Rat) : 0 ≤ x.abs := by
│                                             ^^^
╰─ error: unsolved goals
x : Rat
⊢ 0 ≤ x.abs

[2025-12-18 21:47:24] [INFO] Agent proof generation completed
[2025-12-18 21:47:24] [INFO] Generated proof:
[2025-12-18 21:47:24] [INFO] Proof length: 5 chars
[2025-12-18 21:47:24] [INFO] Starting proof verification...
[2025-12-18 21:47:24] [INFO] Verifying at: Smt/Reconstruct/Rat/Core.lean:632
[2025-12-18 21:47:24] [INFO] Using LEAN INTERACT verify
[2025-12-18 21:47:24] [INFO] Checking file
[2025-12-18 21:47:28] [INFO] Building REPL config
info: downloading https://releases.lean-lang.org/lean4/v4.21.0/lean-4.21.0-linux.tar.zst
info: installing /root/.elan/toolchains/leanprover--lean4---v4.21.0
[2025-12-18 21:49:23] [INFO] Updated version-specific REPL cache to commit 7181a5599eedcd3550096bd4b4de36effb5f0718
[2025-12-18 21:49:57] [INFO] Creating Lean server
[2025-12-18 21:49:57] [INFO] Reading original file with timeout 60
[2025-12-18 21:50:02] [INFO] Received response from original file
[2025-12-18 21:50:02] [INFO] Reading modified file
[2025-12-18 21:50:02] [INFO] Expected one less sorry in modified file
[2025-12-18 21:50:03] [INFO] Proof verification completed
[2025-12-18 21:50:03] [INFO] Proof verified: False
[2025-12-18 21:50:03] [INFO] Verification message: Expected one less sorry in modified file
[2025-12-18 21:50:03] [INFO] Creating result object...
[2025-12-18 21:50:03] [INFO] Result object created
[2025-12-18 21:50:03] [INFO] Serializing result to JSON...
[2025-12-18 21:50:03] [INFO] Result JSON size: 1047 chars
[2025-12-18 21:50:03] [INFO] Writing result to file: /root/repo/result.json
[2025-12-18 21:50:03] [INFO] Result file written successfully
[2025-12-18 21:50:03] [INFO] Result exported to: /root/repo/result.json
[2025-12-18 21:50:03] [INFO] run_morphcloud_local.py completed successfully

[2025-12-18 21:50:03] [process_single_sorry] Downloading result file...
[2025-12-18 21:50:04] [process_single_sorry] Downloaded result to intermediate_experiment_outputs/simple/2025-12-18_21-35-42_supersimple/individual/b38f5b0dafcde2cac1b1d9d70f0102f7aac726d9b58a4b1855b5051060d9298c.json
[2025-12-18 21:50:07] [process_single_sorry] Instance context closed successfully
[2025-12-18 21:50:07] [process_single_sorry] Parsing result file...
[2025-12-18 21:50:07] [process_single_sorry] Successfully parsed result (dict format)
