[2026-01-10 16:49:33] [process_single_sorry] Starting for sorry d919c5d0f5ba235d3f1a3bb86aa66562744f3cd280097952acb0ed540a3f60bd
[2026-01-10 16:49:33] [process_single_sorry] Using snapshot: snapshot_eav33dfj
[2026-01-10 16:49:33] [process_single_sorry] Repository: https://github.com/RemyDegenne/lean-bandits@c5a75a403f3e361e803359c50ab020c612d58aae
[2026-01-10 16:49:33] [process_single_sorry] Instance name: lean-bandits_c5a75a403f3e_multi_tactic_d919c5d0f5ba235d3f1a3bb86aa66562744f3cd280097952acb0ed540a3f60bd
[2026-01-10 16:49:33] [process_single_sorry] Starting attempt 1/3
[2026-01-10 16:49:33] [process_single_sorry] Starting instance from snapshot...
[2026-01-10 16:49:51] [process_single_sorry] Instance started successfully: morphvm_c7e7wxdi
[2026-01-10 16:49:51] [process_single_sorry] Creating .env file...
[2026-01-10 16:51:51] [process_single_sorry] Retryable error on attempt 1/3: TimeoutError: 
[2026-01-10 16:51:51] [process_single_sorry] Waiting 2 seconds before retry...
[2026-01-10 16:51:53] [process_single_sorry] Starting attempt 2/3
[2026-01-10 16:51:53] [process_single_sorry] Starting instance from snapshot...
[2026-01-10 16:51:58] [process_single_sorry] Instance started successfully: morphvm_r99kh69n
[2026-01-10 16:51:58] [process_single_sorry] Creating .env file...
[2026-01-10 16:53:50] [process_single_sorry] .env file created (exit_code: 0)
[2026-01-10 16:53:50] [process_single_sorry] Executing agent command...
[2026-01-10 17:00:29] [process_single_sorry] Agent command completed (exit_code: 0)
[2026-01-10 17:00:29] [process_single_sorry] STDOUT:

Results JSON:
[
  {
    "sorry": {
      "repo": {
        "remote": "https://github.com/RemyDegenne/lean-bandits",
        "branch": "main",
        "commit": "c5a75a403f3e361e803359c50ab020c612d58aae",
        "lean_version": "v4.27.0-rc1"
      },
      "location": {
        "path": "LeanBandits/SequentialLearning/FiniteActions.lean",
        "start_line": 159,
        "start_column": 2,
        "end_line": 159,
        "end_column": 7
      },
      "debug_info": {
        "goal": "α : Type u_1\ninst✝ : DecidableEq α\na : α\nm : ℕ\n⊢ @Learning.stepsUntil α ℝ inst✝ a m = leastGE (fun n h => ↑(@Learning.pullCount α ℝ inst✝ a (n + 1) h)) ↑m",
        "url": "https://github.com/RemyDegenne/lean-bandits/blob/c5a75a403f3e361e803359c50ab020c612d58aae/LeanBandits/SequentialLearning/FiniteActions.lean#L159"
      },
      "metadata": {
        "blame_email_hash": "d765cd676b3d",
        "blame_date": "2025-12-29T13:49:31+01:00",
        "inclusion_date": "2025-12-29T18:22:47.709512+00:00"
      },
      "id": "d919c5d0f5ba235d3f1a3bb86aa66562744f3cd280097952acb0ed540a3f60bd"
    },
    "proof": null,
    "proof_verified": false,
    "feedback": null,
    "verification_message": "All 11 attempts failed (11 strategies x 1 attempts each)",
    "success": true,
    "error_type": null,
    "error_message": null,
    "strategy_name": "all_failed_k=1",
    "proof_attempts": [
      "rfl",
      "simp",
      "simp_all",
      "exact?",
      "grind",
      "ring",
      "norm_num",
      "omega",
      "linarith",
      "nlinarith",
      "aesop"
    ]
  }
]

[2026-01-10 17:00:29] [process_single_sorry] STDERR:
None of PyTorch, TensorFlow >= 2.0, or Flax have been found. Models won't be available and only tokenizers, configuration and file/data utilities can be used.
[2026-01-10 16:54:45] [INFO] ================================================================================
[2026-01-10 16:54:45] [INFO] Starting run_morphcloud_local.py
[2026-01-10 16:54:45] [INFO] ================================================================================
[2026-01-10 16:54:45] [INFO] Environment loaded
[2026-01-10 16:54:45] [INFO] Full command: /root/SorryDB/sorrydb/cli/run_morphcloud_local.py --repo-path /root/repo --sorry-json {"repo": {"remote": "https://github.com/RemyDegenne/lean-bandits", "branch": "main", "commit": "c5a75a403f3e361e803359c50ab020c612d58aae", "lean_version": "v4.27.0-rc1"}, "location": {"path": "LeanBandits/SequentialLearning/FiniteActions.lean", "start_line": 159, "start_column": 2, "end_line": 159, "end_column": 7}, "debug_info": {"goal": "\u03b1 : Type u_1\ninst\u271d : DecidableEq \u03b1\na : \u03b1\nm : \u2115\n\u22a2 @Learning.stepsUntil \u03b1 \u211d inst\u271d a m = leastGE (fun n h => \u2191(@Learning.pullCount \u03b1 \u211d inst\u271d a (n + 1) h)) \u2191m", "url": "https://github.com/RemyDegenne/lean-bandits/blob/c5a75a403f3e361e803359c50ab020c612d58aae/LeanBandits/SequentialLearning/FiniteActions.lean#L159"}, "metadata": {"blame_email_hash": "d765cd676b3d", "blame_date": "2025-12-29T13:49:31+01:00", "inclusion_date": "2025-12-29T18:22:47.709512+00:00"}, "id": "d919c5d0f5ba235d3f1a3bb86aa66562744f3cd280097952acb0ed540a3f60bd"} --agent-strategy {"name": "multi_tactic", "args": {}}
[2026-01-10 16:54:45] [INFO] Arguments parsed: repo_path=/root/repo, output_path=/root/repo/result.json
[2026-01-10 16:54:45] [INFO] Strategy spec: {"name": "multi_tactic", "args": {}}...
[2026-01-10 16:54:45] [INFO] Loading sorry data...
[2026-01-10 16:54:45] [INFO] Parsing sorry from JSON string...
[2026-01-10 16:54:45] [INFO] Sorry data parsed from JSON string
[2026-01-10 16:54:45] [INFO] Creating strategy from spec...
[2026-01-10 16:54:45] [INFO] Parsing strategy spec (length: 36 chars)
[2026-01-10 16:54:45] [INFO] Strategy name: multi_tactic
[2026-01-10 16:54:45] [INFO] Strategy args: {}
[2026-01-10 16:54:45] [INFO] Pass@k value: 1
[2026-01-10 16:54:45] [INFO] Creating strategy: multi_tactic
[2026-01-10 16:54:45] [INFO] Creating multi_tactic strategy with tactics: ['rfl', 'simp', 'simp_all', 'exact?', 'grind', 'ring', 'norm_num', 'omega', 'linarith', 'nlinarith', 'aesop']
[2026-01-10 16:54:45] [INFO] Strategies created: ['rfl', 'simp', 'simp_all', 'exact?', 'grind', 'ring', 'norm_num', 'omega', 'linarith', 'nlinarith', 'aesop']
[2026-01-10 16:54:45] [INFO] Pass@k value: 1
[2026-01-10 16:54:45] [INFO] Creating Sorry object...
[2026-01-10 16:54:45] [INFO] Sorry object created: id=d919c5d0f5ba235d3f1a3bb86aa66562744f3cd280097952acb0ed540a3f60bd
[2026-01-10 16:54:45] [INFO] Sorry location: LeanBandits/SequentialLearning/FiniteActions.lean:159
[2026-01-10 16:54:45] [INFO] Context before sorry (lines 154-159):
[2026-01-10 16:54:45] [INFO]   154:   simpa [stepsUntil_eq_top_iff]
[2026-01-10 16:54:45] [INFO]   155: 
[2026-01-10 16:54:45] [INFO]   156: -- todo: this is in ℝ because of the limited def of leastGE
[2026-01-10 16:54:45] [INFO]   157: lemma stepsUntil_eq_leastGE (a : α) (m : ℕ) :
[2026-01-10 16:54:45] [INFO]   158:     stepsUntil a m = leastGE (fun n (h : ℕ → α × ℝ) ↦ pullCount a (n + 1) h) m := by
[2026-01-10 16:54:45] [INFO]   159:   sorry
[2026-01-10 16:54:45] [INFO] Sorry line:   sorry
[2026-01-10 16:54:45] [INFO] Sorry goal: α : Type u_1
inst✝ : DecidableEq α
a : α
m : ℕ
⊢ @Learning.stepsUntil α ℝ inst✝ a m = leastGE (fun n...
[2026-01-10 16:54:45] [INFO] ========================================
[2026-01-10 16:54:45] [INFO] Trying strategy: rfl (up to 1 attempts)
[2026-01-10 16:54:45] [INFO] --------------------
[2026-01-10 16:54:45] [INFO] Strategy rfl, attempt 1/1
[2026-01-10 16:54:45] [INFO] Starting proof generation...
[2026-01-10 16:54:45] [INFO] Repository path: /root/repo
[2026-01-10 16:54:45] [INFO] Proof generation completed
[2026-01-10 16:54:45] [INFO] Generated proof:
[2026-01-10 16:54:45] [INFO] rfl
[2026-01-10 16:54:45] [INFO] Proof length: 3 chars
[2026-01-10 16:54:45] [INFO] Starting proof verification...
[2026-01-10 16:54:45] [INFO] Verifying at: LeanBandits/SequentialLearning/FiniteActions.lean:159
[2026-01-10 16:54:45] [INFO] Using LEAN INTERACT verify
[2026-01-10 16:54:45] [INFO] Checking file
[2026-01-10 16:57:25] [INFO] Cannot build modified file <error line="159" column="2">
<code_line>  rfl</code_line>
<message>error: Tactic `rfl` failed: The left-hand side</message>
</error>
  stepsUntil a m
is not definitionally equal to the right-hand side
  leastGE (fun n h => ↑(pullCount a (n + 1) h)) ↑m

α : Type u_1
inst✝ : DecidableEq α
a : α
m : ℕ
⊢ stepsUntil a m = leastGE (fun n h => ↑(pullCount a (n + 1) h)) ↑m
[2026-01-10 16:57:25] [INFO] Proof verification completed
[2026-01-10 16:57:25] [INFO] Strategy rfl attempt 1: verified=False
[2026-01-10 16:57:25] [INFO] Verification message: Cannot build modified file: <error line="159" column="2">
<code_line>  rfl</code_line>
<message>error: Tactic `rfl` failed: The left-hand side</message>
</error>
  stepsUntil a m
is not definitionally equal to the right-hand side
  leastGE (fun n h => ↑(pullCount a (n + 1) h)) ↑m

α : Type u_1
inst✝ : DecidableEq α
a : α
m : ℕ
⊢ stepsUntil a m = leastGE (fun n h => ↑(pullCount a (n + 1) h)) ↑m

[2026-01-10 16:57:25] [INFO] Attempt 1 failed verification, continuing...
[2026-01-10 16:57:25] [INFO] ========================================
[2026-01-10 16:57:25] [INFO] Trying strategy: simp (up to 1 attempts)
[2026-01-10 16:57:25] [INFO] --------------------
[2026-01-10 16:57:25] [INFO] Strategy simp, attempt 1/1
[2026-01-10 16:57:25] [INFO] Starting proof generation...
[2026-01-10 16:57:25] [INFO] Repository path: /root/repo
[2026-01-10 16:57:25] [INFO] Proof generation completed
[2026-01-10 16:57:25] [INFO] Generated proof:
[2026-01-10 16:57:25] [INFO] simp
[2026-01-10 16:57:25] [INFO] Proof length: 4 chars
[2026-01-10 16:57:25] [INFO] Starting proof verification...
[2026-01-10 16:57:25] [INFO] Verifying at: LeanBandits/SequentialLearning/FiniteActions.lean:159
[2026-01-10 16:57:25] [INFO] Using LEAN INTERACT verify
[2026-01-10 16:57:25] [INFO] Checking file
[2026-01-10 16:57:34] [INFO] Cannot build modified file <error line="159" column="2">
<code_line>  simp</code_line>
<message>error: `simp` made no progress</message>
</error>
[2026-01-10 16:57:34] [INFO] Proof verification completed
[2026-01-10 16:57:34] [INFO] Strategy simp attempt 1: verified=False
[2026-01-10 16:57:34] [INFO] Verification message: Cannot build modified file: <error line="159" column="2">
<code_line>  simp</code_line>
<message>error: `simp` made no progress</message>
</error>

[2026-01-10 16:57:34] [INFO] Attempt 1 failed verification, continuing...
[2026-01-10 16:57:34] [INFO] ========================================
[2026-01-10 16:57:34] [INFO] Trying strategy: simp_all (up to 1 attempts)
[2026-01-10 16:57:34] [INFO] --------------------
[2026-01-10 16:57:34] [INFO] Strategy simp_all, attempt 1/1
[2026-01-10 16:57:34] [INFO] Starting proof generation...
[2026-01-10 16:57:34] [INFO] Repository path: /root/repo
[2026-01-10 16:57:34] [INFO] Proof generation completed
[2026-01-10 16:57:34] [INFO] Generated proof:
[2026-01-10 16:57:34] [INFO] simp_all
[2026-01-10 16:57:34] [INFO] Proof length: 8 chars
[2026-01-10 16:57:34] [INFO] Starting proof verification...
[2026-01-10 16:57:34] [INFO] Verifying at: LeanBandits/SequentialLearning/FiniteActions.lean:159
[2026-01-10 16:57:34] [INFO] Using LEAN INTERACT verify
[2026-01-10 16:57:34] [INFO] Checking file
[2026-01-10 16:57:41] [INFO] Cannot build modified file <error line="159" column="2">
<code_line>  simp_all</code_line>
<message>error: simp_all made no progress</message>
</error>
[2026-01-10 16:57:41] [INFO] Proof verification completed
[2026-01-10 16:57:41] [INFO] Strategy simp_all attempt 1: verified=False
[2026-01-10 16:57:41] [INFO] Verification message: Cannot build modified file: <error line="159" column="2">
<code_line>  simp_all</code_line>
<message>error: simp_all made no progress</message>
</error>

[2026-01-10 16:57:41] [INFO] Attempt 1 failed verification, continuing...
[2026-01-10 16:57:41] [INFO] ========================================
[2026-01-10 16:57:41] [INFO] Trying strategy: exact? (up to 1 attempts)
[2026-01-10 16:57:41] [INFO] --------------------
[2026-01-10 16:57:41] [INFO] Strategy exact?, attempt 1/1
[2026-01-10 16:57:41] [INFO] Starting proof generation...
[2026-01-10 16:57:41] [INFO] Repository path: /root/repo
[2026-01-10 16:57:41] [INFO] Proof generation completed
[2026-01-10 16:57:41] [INFO] Generated proof:
[2026-01-10 16:57:41] [INFO] exact?
[2026-01-10 16:57:41] [INFO] Proof length: 6 chars
[2026-01-10 16:57:41] [INFO] Starting proof verification...
[2026-01-10 16:57:41] [INFO] Verifying at: LeanBandits/SequentialLearning/FiniteActions.lean:159
[2026-01-10 16:57:41] [INFO] Using LEAN INTERACT verify
[2026-01-10 16:57:41] [INFO] Checking file
[2026-01-10 16:58:45] [INFO] Cannot build modified file <error line="159" column="2">
<code_line>  exact?</code_line>
<message>error: `exact?` could not close the goal. Try `apply?` to see partial suggestions.</message>
</error>
[2026-01-10 16:58:45] [INFO] Proof verification completed
[2026-01-10 16:58:45] [INFO] Strategy exact? attempt 1: verified=False
[2026-01-10 16:58:45] [INFO] Verification message: Cannot build modified file: <error line="159" column="2">
<code_line>  exact?</code_line>
<message>error: `exact?` could not close the goal. Try `apply?` to see partial suggestions.</message>
</error>

[2026-01-10 16:58:45] [INFO] Attempt 1 failed verification, continuing...
[2026-01-10 16:58:45] [INFO] ========================================
[2026-01-10 16:58:45] [INFO] Trying strategy: grind (up to 1 attempts)
[2026-01-10 16:58:45] [INFO] --------------------
[2026-01-10 16:58:45] [INFO] Strategy grind, attempt 1/1
[2026-01-10 16:58:45] [INFO] Starting proof generation...
[2026-01-10 16:58:45] [INFO] Repository path: /root/repo
[2026-01-10 16:58:45] [INFO] Proof generation completed
[2026-01-10 16:58:45] [INFO] Generated proof:
[2026-01-10 16:58:45] [INFO] grind
[2026-01-10 16:58:45] [INFO] Proof length: 5 chars
[2026-01-10 16:58:45] [INFO] Starting proof verification...
[2026-01-10 16:58:45] [INFO] Verifying at: LeanBandits/SequentialLearning/FiniteActions.lean:159
[2026-01-10 16:58:45] [INFO] Using LEAN INTERACT verify
[2026-01-10 16:58:45] [INFO] Checking file
[2026-01-10 16:58:59] [INFO] Cannot build modified file <error line="159" column="2">
<code_line>  grind</code_line>
<message>error: `grind` failed</message>
</error>
case grind
α : Type u_1
inst : DecidableEq α
a : α
m : ℕ
h : ¬stepsUntil a m = leastGE (fun n h => ↑(pullCount a (n + 1) h)) ↑m
w : ℕ → α × ℝ
h_1 : ¬stepsUntil a m w = leastGE (fun n h => ↑(pullCount a (n + 1) h)) (↑m) w
⊢ False
[grind] Goal diagnostics
  [facts] Asserted facts
    [prop] ¬stepsUntil a m = leastGE (fun n h => ↑(pullCount a (n + 1) h)) ↑m
    [prop] ∃ x, ¬stepsUntil a m x = leastGE (fun n h => ↑(pullCount a (n + 1) h)) (↑m) x
    [prop] ¬stepsUntil a m w = leastGE (fun n h => ↑(pullCount a (n + 1) h)) (↑m) w
  [eqc] True propositions
    [prop] ∃ x, ¬stepsUntil a m x = leastGE (fun n h => ↑(pullCount a (n + 1) h)) (↑m) x
  [eqc] False propositions
    [prop] stepsUntil a m = leastGE (fun n h => ↑(pullCount a (n + 1) h)) ↑m
    [prop] stepsUntil a m w = leastGE (fun n h => ↑(pullCount a (n + 1) h)) (↑m) w
  [cases] Case analyses
    [cases] [1/1]: ∃ x, ¬stepsUntil a m x = leastGE (fun n h => ↑(pullCount a (n + 1) h)) (↑m) x
      [cases] source: Extensionality `funext`
[2026-01-10 16:58:59] [INFO] Proof verification completed
[2026-01-10 16:58:59] [INFO] Strategy grind attempt 1: verified=False
[2026-01-10 16:58:59] [INFO] Verification message: Cannot build modified file: <error line="159" column="2">
<code_line>  grind</code_line>
<message>error: `grind` failed</message>
</error>
case grind
α : Type u_1
inst : DecidableEq α
a : α
m : ℕ
h : ¬stepsUntil a m = leastGE (fun n h => ↑(pullCount a (n + 1) h)) ↑m
w : ℕ → α × ℝ
h_1 : ¬stepsUntil a m w = leastGE (fun n h => ↑(pullCount a (n + 1) h)) (↑m) w
⊢ False
[grind] Goal diagnostics
  [facts] Asserted facts
    [prop] ¬stepsUntil a m = leastGE (fun n h => ↑(pullCount a (n + 1) h)) ↑m
    [prop] ∃ x, ¬stepsUntil a m x = leastGE (fun n h => ↑(pullCount a (n + 1) h)) (↑m) x
    [prop] ¬stepsUntil a m w = leastGE (fun n h => ↑(pullCount a (n + 1) h)) (↑m) w
  [eqc] True propositions
    [prop] ∃ x, ¬stepsUntil a m x = leastGE (fun n h => ↑(pullCount a (n + 1) h)) (↑m) x
  [eqc] False propositions
    [prop] stepsUntil a m = leastGE (fun n h => ↑(pullCount a (n + 1) h)) ↑m
    [prop] stepsUntil a m w = leastGE (fun n h => ↑(pullCount a (n + 1) h)) (↑m) w
  [cases] Case analyses
    [cases] [1/1]: ∃ x, ¬stepsUntil a m x = leastGE (fun n h => ↑(pullCount a (n + 1) h)) (↑m) x
      [cases] source: Extensionality `funext`

[2026-01-10 16:58:59] [INFO] Attempt 1 failed verification, continuing...
[2026-01-10 16:58:59] [INFO] ========================================
[2026-01-10 16:58:59] [INFO] Trying strategy: ring (up to 1 attempts)
[2026-01-10 16:58:59] [INFO] --------------------
[2026-01-10 16:58:59] [INFO] Strategy ring, attempt 1/1
[2026-01-10 16:58:59] [INFO] Starting proof generation...
[2026-01-10 16:58:59] [INFO] Repository path: /root/repo
[2026-01-10 16:58:59] [INFO] Proof generation completed
[2026-01-10 16:58:59] [INFO] Generated proof:
[2026-01-10 16:58:59] [INFO] ring
[2026-01-10 16:58:59] [INFO] Proof length: 4 chars
[2026-01-10 16:58:59] [INFO] Starting proof verification...
[2026-01-10 16:58:59] [INFO] Verifying at: LeanBandits/SequentialLearning/FiniteActions.lean:159
[2026-01-10 16:58:59] [INFO] Using LEAN INTERACT verify
[2026-01-10 16:58:59] [INFO] Checking file
[2026-01-10 16:59:10] [INFO] Cannot build modified file Try this:
  [apply] ring_nf
  
  The `ring` tactic failed to close the goal. Use `ring_nf` to obtain a normal form.
    
  Note that `ring` works primarily in *commutative* rings. If you have a noncommutative ring, abelian group or module, consider using `noncomm_ring`, `abel` or `module` instead.
<error line="158" column="82">
<code_line>    stepsUntil a m = leastGE (fun n (h : ℕ → α × ℝ) ↦ pullCount a (n + 1) h) m := by</code_line>
<message>error: unsolved goals</message>
</error>
α : Type u_1
inst✝ : DecidableEq α
a : α
m : ℕ
⊢ stepsUntil a m = leastGE (fun n h => ↑(pullCount a (1 + n) h)) ↑m
[2026-01-10 16:59:10] [INFO] Proof verification completed
[2026-01-10 16:59:10] [INFO] Strategy ring attempt 1: verified=False
[2026-01-10 16:59:10] [INFO] Verification message: Cannot build modified file: Try this:
  [apply] ring_nf
  
  The `ring` tactic failed to close the goal. Use `ring_nf` to obtain a normal form.
    
  Note that `ring` works primarily in *commutative* rings. If you have a noncommutative ring, abelian group or module, consider using `noncomm_ring`, `abel` or `module` instead.
<error line="158" column="82">
<code_line>    stepsUntil a m = leastGE (fun n (h : ℕ → α × ℝ) ↦ pullCount a (n + 1) h) m := by</code_line>
<message>error: unsolved goals</message>
</error>
α : Type u_1
inst✝ : DecidableEq α
a : α
m : ℕ
⊢ stepsUntil a m = leastGE (fun n h => ↑(pullCount a (1 + n) h)) ↑m

[2026-01-10 16:59:10] [INFO] Attempt 1 failed verification, continuing...
[2026-01-10 16:59:10] [INFO] ========================================
[2026-01-10 16:59:10] [INFO] Trying strategy: norm_num (up to 1 attempts)
[2026-01-10 16:59:10] [INFO] --------------------
[2026-01-10 16:59:10] [INFO] Strategy norm_num, attempt 1/1
[2026-01-10 16:59:10] [INFO] Starting proof generation...
[2026-01-10 16:59:10] [INFO] Repository path: /root/repo
[2026-01-10 16:59:10] [INFO] Proof generation completed
[2026-01-10 16:59:10] [INFO] Generated proof:
[2026-01-10 16:59:10] [INFO] norm_num
[2026-01-10 16:59:10] [INFO] Proof length: 8 chars
[2026-01-10 16:59:10] [INFO] Starting proof verification...
[2026-01-10 16:59:10] [INFO] Verifying at: LeanBandits/SequentialLearning/FiniteActions.lean:159
[2026-01-10 16:59:10] [INFO] Using LEAN INTERACT verify
[2026-01-10 16:59:10] [INFO] Checking file
[2026-01-10 16:59:23] [INFO] Cannot build modified file <error line="158" column="82">
<code_line>    stepsUntil a m = leastGE (fun n (h : ℕ → α × ℝ) ↦ pullCount a (n + 1) h) m := by</code_line>
<message>error: unsolved goals</message>
</error>
α : Type u_1
inst✝ : DecidableEq α
a : α
m : ℕ
⊢ stepsUntil a m = leastGE (fun n h => ↑(pullCount a (n + 1) h)) ↑m
[2026-01-10 16:59:23] [INFO] Proof verification completed
[2026-01-10 16:59:23] [INFO] Strategy norm_num attempt 1: verified=False
[2026-01-10 16:59:23] [INFO] Verification message: Cannot build modified file: <error line="158" column="82">
<code_line>    stepsUntil a m = leastGE (fun n (h : ℕ → α × ℝ) ↦ pullCount a (n + 1) h) m := by</code_line>
<message>error: unsolved goals</message>
</error>
α : Type u_1
inst✝ : DecidableEq α
a : α
m : ℕ
⊢ stepsUntil a m = leastGE (fun n h => ↑(pullCount a (n + 1) h)) ↑m

[2026-01-10 16:59:23] [INFO] Attempt 1 failed verification, continuing...
[2026-01-10 16:59:23] [INFO] ========================================
[2026-01-10 16:59:23] [INFO] Trying strategy: omega (up to 1 attempts)
[2026-01-10 16:59:23] [INFO] --------------------
[2026-01-10 16:59:23] [INFO] Strategy omega, attempt 1/1
[2026-01-10 16:59:23] [INFO] Starting proof generation...
[2026-01-10 16:59:23] [INFO] Repository path: /root/repo
[2026-01-10 16:59:23] [INFO] Proof generation completed
[2026-01-10 16:59:23] [INFO] Generated proof:
[2026-01-10 16:59:23] [INFO] omega
[2026-01-10 16:59:23] [INFO] Proof length: 5 chars
[2026-01-10 16:59:23] [INFO] Starting proof verification...
[2026-01-10 16:59:23] [INFO] Verifying at: LeanBandits/SequentialLearning/FiniteActions.lean:159
[2026-01-10 16:59:23] [INFO] Using LEAN INTERACT verify
[2026-01-10 16:59:23] [INFO] Checking file
[2026-01-10 16:59:40] [INFO] Cannot build modified file <error line="159" column="2">
<code_line>  omega</code_line>
<message>error: omega could not prove the goal:</message>
</error>
No usable constraints found. You may need to unfold definitions so `omega` can see linear arithmetic facts about `Nat` and `Int`, which may also involve multiplication, division, and modular remainder by constants.
[2026-01-10 16:59:40] [INFO] Proof verification completed
[2026-01-10 16:59:40] [INFO] Strategy omega attempt 1: verified=False
[2026-01-10 16:59:40] [INFO] Verification message: Cannot build modified file: <error line="159" column="2">
<code_line>  omega</code_line>
<message>error: omega could not prove the goal:</message>
</error>
No usable constraints found. You may need to unfold definitions so `omega` can see linear arithmetic facts about `Nat` and `Int`, which may also involve multiplication, division, and modular remainder by constants.

[2026-01-10 16:59:40] [INFO] Attempt 1 failed verification, continuing...
[2026-01-10 16:59:40] [INFO] ========================================
[2026-01-10 16:59:40] [INFO] Trying strategy: linarith (up to 1 attempts)
[2026-01-10 16:59:40] [INFO] --------------------
[2026-01-10 16:59:40] [INFO] Strategy linarith, attempt 1/1
[2026-01-10 16:59:40] [INFO] Starting proof generation...
[2026-01-10 16:59:40] [INFO] Repository path: /root/repo
[2026-01-10 16:59:40] [INFO] Proof generation completed
[2026-01-10 16:59:40] [INFO] Generated proof:
[2026-01-10 16:59:40] [INFO] linarith
[2026-01-10 16:59:40] [INFO] Proof length: 8 chars
[2026-01-10 16:59:40] [INFO] Starting proof verification...
[2026-01-10 16:59:40] [INFO] Verifying at: LeanBandits/SequentialLearning/FiniteActions.lean:159
[2026-01-10 16:59:40] [INFO] Using LEAN INTERACT verify
[2026-01-10 16:59:40] [INFO] Checking file
[2026-01-10 16:59:54] [INFO] Cannot build modified file <error line="159" column="2">
<code_line>  linarith</code_line>
<message>error: linarith failed to find a contradiction</message>
</error>
α : Type u_1
inst✝ : DecidableEq α
a : α
m : ℕ
⊢ False
failed
[2026-01-10 16:59:54] [INFO] Proof verification completed
[2026-01-10 16:59:54] [INFO] Strategy linarith attempt 1: verified=False
[2026-01-10 16:59:54] [INFO] Verification message: Cannot build modified file: <error line="159" column="2">
<code_line>  linarith</code_line>
<message>error: linarith failed to find a contradiction</message>
</error>
α : Type u_1
inst✝ : DecidableEq α
a : α
m : ℕ
⊢ False
failed

[2026-01-10 16:59:54] [INFO] Attempt 1 failed verification, continuing...
[2026-01-10 16:59:54] [INFO] ========================================
[2026-01-10 16:59:54] [INFO] Trying strategy: nlinarith (up to 1 attempts)
[2026-01-10 16:59:54] [INFO] --------------------
[2026-01-10 16:59:54] [INFO] Strategy nlinarith, attempt 1/1
[2026-01-10 16:59:54] [INFO] Starting proof generation...
[2026-01-10 16:59:54] [INFO] Repository path: /root/repo
[2026-01-10 16:59:54] [INFO] Proof generation completed
[2026-01-10 16:59:54] [INFO] Generated proof:
[2026-01-10 16:59:54] [INFO] nlinarith
[2026-01-10 16:59:54] [INFO] Proof length: 9 chars
[2026-01-10 16:59:54] [INFO] Starting proof verification...
[2026-01-10 16:59:54] [INFO] Verifying at: LeanBandits/SequentialLearning/FiniteActions.lean:159
[2026-01-10 16:59:54] [INFO] Using LEAN INTERACT verify
[2026-01-10 16:59:54] [INFO] Checking file
[2026-01-10 17:00:11] [INFO] Cannot build modified file <error line="159" column="2">
<code_line>  nlinarith</code_line>
<message>error: linarith failed to find a contradiction</message>
</error>
α : Type u_1
inst✝ : DecidableEq α
a : α
m : ℕ
⊢ False
failed
[2026-01-10 17:00:11] [INFO] Proof verification completed
[2026-01-10 17:00:11] [INFO] Strategy nlinarith attempt 1: verified=False
[2026-01-10 17:00:11] [INFO] Verification message: Cannot build modified file: <error line="159" column="2">
<code_line>  nlinarith</code_line>
<message>error: linarith failed to find a contradiction</message>
</error>
α : Type u_1
inst✝ : DecidableEq α
a : α
m : ℕ
⊢ False
failed

[2026-01-10 17:00:11] [INFO] Attempt 1 failed verification, continuing...
[2026-01-10 17:00:11] [INFO] ========================================
[2026-01-10 17:00:11] [INFO] Trying strategy: aesop (up to 1 attempts)
[2026-01-10 17:00:11] [INFO] --------------------
[2026-01-10 17:00:11] [INFO] Strategy aesop, attempt 1/1
[2026-01-10 17:00:11] [INFO] Starting proof generation...
[2026-01-10 17:00:11] [INFO] Repository path: /root/repo
[2026-01-10 17:00:11] [INFO] Proof generation completed
[2026-01-10 17:00:11] [INFO] Generated proof:
[2026-01-10 17:00:11] [INFO] aesop
[2026-01-10 17:00:11] [INFO] Proof length: 5 chars
[2026-01-10 17:00:11] [INFO] Starting proof verification...
[2026-01-10 17:00:11] [INFO] Verifying at: LeanBandits/SequentialLearning/FiniteActions.lean:159
[2026-01-10 17:00:11] [INFO] Using LEAN INTERACT verify
[2026-01-10 17:00:11] [INFO] Checking file
[2026-01-10 17:00:28] [INFO] Cannot build modified file <error line="159" column="2">
<code_line>  aesop</code_line>
<message>error: tactic 'aesop' failed, made no progress</message>
</error>
Initial goal:
  α : Type u_1
  inst✝ : DecidableEq α
  a : α
  m : ℕ
  ⊢ stepsUntil a m = leastGE (fun n h => ↑(pullCount a (n + 1) h)) ↑m
[2026-01-10 17:00:28] [INFO] Proof verification completed
[2026-01-10 17:00:28] [INFO] Strategy aesop attempt 1: verified=False
[2026-01-10 17:00:28] [INFO] Verification message: Cannot build modified file: <error line="159" column="2">
<code_line>  aesop</code_line>
<message>error: tactic 'aesop' failed, made no progress</message>
</error>
Initial goal:
  α : Type u_1
  inst✝ : DecidableEq α
  a : α
  m : ℕ
  ⊢ stepsUntil a m = leastGE (fun n h => ↑(pullCount a (n + 1) h)) ↑m

[2026-01-10 17:00:28] [INFO] Attempt 1 failed verification, continuing...
[2026-01-10 17:00:28] [INFO] ========================================
[2026-01-10 17:00:28] [INFO] Pass@k completed. Total results: 1
[2026-01-10 17:00:28] [INFO] FAILED: All 11 strategies x 1 attempts
[2026-01-10 17:00:28] [INFO] Writing results to file: /root/repo/result.json
[2026-01-10 17:00:28] [INFO] Result file written successfully
[2026-01-10 17:00:28] [INFO] Results exported to: /root/repo/result.json
[2026-01-10 17:00:28] [INFO] run_morphcloud_local.py completed successfully

[2026-01-10 17:00:29] [process_single_sorry] Downloading result file...
[2026-01-10 17:00:30] [process_single_sorry] Downloaded result to intermediate_experiment_outputs_full_reservoir/multi_tactic/2026-01-10_16-41-27_multi_tactic/individual/d919c5d0f5ba235d3f1a3bb86aa66562744f3cd280097952acb0ed540a3f60bd.json
[2026-01-10 17:00:34] [process_single_sorry] Instance context closed successfully
[2026-01-10 17:00:34] [process_single_sorry] Parsing result file...
[2026-01-10 17:00:34] [process_single_sorry] Successfully parsed result (list format, 1 results)
