[2026-01-10 15:00:51] [process_single_sorry] Starting for sorry 00d885c246766a49e51d065c695688ff60308ac1a89c311ed9dc56836d3e5ae3
[2026-01-10 15:00:51] [process_single_sorry] Using snapshot: snapshot_6dp3e0k3
[2026-01-10 15:00:51] [process_single_sorry] Repository: https://github.com/ImperialCollegeLondon/FLT@03ad046f3be75e71332fcfae02c06ec717e054b1
[2026-01-10 15:00:51] [process_single_sorry] Instance name: FLT_03ad046f3be7_rfl_00d885c246766a49e51d065c695688ff60308ac1a89c311ed9dc56836d3e5ae3
[2026-01-10 15:00:51] [process_single_sorry] Starting attempt 1/3
[2026-01-10 15:00:51] [process_single_sorry] Starting instance from snapshot...
[2026-01-10 15:00:51] [process_single_sorry] Instance started successfully: morphvm_1r3vbdxa
[2026-01-10 15:00:51] [process_single_sorry] Creating .env file...
[2026-01-10 15:00:55] [process_single_sorry] .env file created (exit_code: 0)
[2026-01-10 15:00:55] [process_single_sorry] Executing agent command...
[2026-01-10 15:05:05] [process_single_sorry] Agent command completed (exit_code: 0)
[2026-01-10 15:05:05] [process_single_sorry] STDOUT:

Results JSON:
[
  {
    "sorry": {
      "repo": {
        "remote": "https://github.com/ImperialCollegeLondon/FLT",
        "branch": "auto-update-lean/patch-master",
        "commit": "03ad046f3be75e71332fcfae02c06ec717e054b1",
        "lean_version": "v4.27.0-rc1"
      },
      "location": {
        "path": "FLT/Basic/Reductions.lean",
        "start_line": 38,
        "start_column": 2,
        "end_line": 38,
        "end_column": 7
      },
      "debug_info": {
        "goal": "P : FreyPackage\n⊢ (P.freyCurve.galoisRep P.p ⋯).IsIrreducible",
        "url": "https://github.com/ImperialCollegeLondon/FLT/blob/03ad046f3be75e71332fcfae02c06ec717e054b1/FLT/Basic/Reductions.lean#L38"
      },
      "metadata": {
        "blame_email_hash": "c7989443bd81",
        "blame_date": "2025-10-18T16:07:01+01:00",
        "inclusion_date": "2025-12-29T16:49:04.297460+00:00"
      },
      "id": "00d885c246766a49e51d065c695688ff60308ac1a89c311ed9dc56836d3e5ae3"
    },
    "proof": null,
    "proof_verified": false,
    "feedback": null,
    "verification_message": "All 1 attempts failed (1 strategies x 1 attempts each)",
    "success": true,
    "error_type": null,
    "error_message": null,
    "strategy_name": "all_failed_k=1",
    "proof_attempts": [
      "rfl"
    ]
  }
]

[2026-01-10 15:05:05] [process_single_sorry] STDERR:
None of PyTorch, TensorFlow >= 2.0, or Flax have been found. Models won't be available and only tokenizers, configuration and file/data utilities can be used.
[2026-01-10 15:01:37] [INFO] ================================================================================
[2026-01-10 15:01:37] [INFO] Starting run_morphcloud_local.py
[2026-01-10 15:01:37] [INFO] ================================================================================
[2026-01-10 15:01:37] [INFO] Environment loaded
[2026-01-10 15:01:37] [INFO] Full command: /root/SorryDB/sorrydb/cli/run_morphcloud_local.py --repo-path /root/repo --sorry-json {"repo": {"remote": "https://github.com/ImperialCollegeLondon/FLT", "branch": "auto-update-lean/patch-master", "commit": "03ad046f3be75e71332fcfae02c06ec717e054b1", "lean_version": "v4.27.0-rc1"}, "location": {"path": "FLT/Basic/Reductions.lean", "start_line": 38, "start_column": 2, "end_line": 38, "end_column": 7}, "debug_info": {"goal": "P : FreyPackage\n\u22a2 (P.freyCurve.galoisRep P.p \u22ef).IsIrreducible", "url": "https://github.com/ImperialCollegeLondon/FLT/blob/03ad046f3be75e71332fcfae02c06ec717e054b1/FLT/Basic/Reductions.lean#L38"}, "metadata": {"blame_email_hash": "c7989443bd81", "blame_date": "2025-10-18T16:07:01+01:00", "inclusion_date": "2025-12-29T16:49:04.297460+00:00"}, "id": "00d885c246766a49e51d065c695688ff60308ac1a89c311ed9dc56836d3e5ae3"} --agent-strategy {"name": "rfl", "args": {}}
[2026-01-10 15:01:37] [INFO] Arguments parsed: repo_path=/root/repo, output_path=/root/repo/result.json
[2026-01-10 15:01:37] [INFO] Strategy spec: {"name": "rfl", "args": {}}...
[2026-01-10 15:01:37] [INFO] Loading sorry data...
[2026-01-10 15:01:37] [INFO] Parsing sorry from JSON string...
[2026-01-10 15:01:37] [INFO] Sorry data parsed from JSON string
[2026-01-10 15:01:37] [INFO] Creating strategy from spec...
[2026-01-10 15:01:37] [INFO] Parsing strategy spec (length: 27 chars)
[2026-01-10 15:01:37] [INFO] Strategy name: rfl
[2026-01-10 15:01:37] [INFO] Strategy args: {}
[2026-01-10 15:01:37] [INFO] Pass@k value: 1
[2026-01-10 15:01:37] [INFO] Creating strategy: rfl
[2026-01-10 15:01:37] [INFO] Strategies created: ['RflStrategy']
[2026-01-10 15:01:37] [INFO] Pass@k value: 1
[2026-01-10 15:01:37] [INFO] Creating Sorry object...
[2026-01-10 15:01:37] [INFO] Sorry object created: id=00d885c246766a49e51d065c695688ff60308ac1a89c311ed9dc56836d3e5ae3
[2026-01-10 15:01:37] [INFO] Sorry location: FLT/Basic/Reductions.lean:38
[2026-01-10 15:01:37] [INFO] Context before sorry (lines 33-38):
[2026-01-10 15:01:37] [INFO]   33: open WeierstrassCurve
[2026-01-10 15:01:37] [INFO]   34: 
[2026-01-10 15:01:37] [INFO]   35: theorem Mazur_Frey (P : FreyPackage) :
[2026-01-10 15:01:37] [INFO]   36:     haveI : Fact P.p.Prime := ⟨P.pp⟩
[2026-01-10 15:01:37] [INFO]   37:     GaloisRep.IsIrreducible (P.freyCurve.galoisRep P.p P.hppos) :=
[2026-01-10 15:01:37] [INFO]   38:   sorry
[2026-01-10 15:01:37] [INFO] Sorry line:   sorry
[2026-01-10 15:01:37] [INFO] Sorry goal: P : FreyPackage
⊢ (P.freyCurve.galoisRep P.p ⋯).IsIrreducible...
[2026-01-10 15:01:37] [INFO] ========================================
[2026-01-10 15:01:37] [INFO] Trying strategy: RflStrategy (up to 1 attempts)
[2026-01-10 15:01:37] [INFO] --------------------
[2026-01-10 15:01:37] [INFO] Strategy RflStrategy, attempt 1/1
[2026-01-10 15:01:37] [INFO] Starting proof generation...
[2026-01-10 15:01:37] [INFO] Repository path: /root/repo
[2026-01-10 15:01:37] [INFO] Proof generation completed
[2026-01-10 15:01:37] [INFO] Generated proof:
[2026-01-10 15:01:37] [INFO] rfl
[2026-01-10 15:01:37] [INFO] Proof length: 3 chars
[2026-01-10 15:01:37] [INFO] Starting proof verification...
[2026-01-10 15:01:37] [INFO] Verifying at: FLT/Basic/Reductions.lean:38
[2026-01-10 15:01:37] [INFO] Using LEAN INTERACT verify
[2026-01-10 15:01:37] [INFO] Checking file
[2026-01-10 15:05:04] [INFO] Cannot build modified file <error line="35" column="0">
<code_line>theorem Mazur_Frey (P : FreyPackage) :</code_line>
<message>error: Not a definitional equality: the conclusion should be an equality, but is</message>
</error>
  (P.freyCurve.galoisRep P.p ⋯).toRepresentation.IsIrreducible
<error line="38" column="2">
<code_line>  rfl</code_line>
<message>error: Type mismatch</message>
</error>
  rfl
has type
  ?m.16 = ?m.16
but is expected to have type
  (P.freyCurve.galoisRep P.p ⋯).IsIrreducible
[2026-01-10 15:05:04] [INFO] Proof verification completed
[2026-01-10 15:05:04] [INFO] Strategy RflStrategy attempt 1: verified=False
[2026-01-10 15:05:04] [INFO] Verification message: Cannot build modified file: <error line="35" column="0">
<code_line>theorem Mazur_Frey (P : FreyPackage) :</code_line>
<message>error: Not a definitional equality: the conclusion should be an equality, but is</message>
</error>
  (P.freyCurve.galoisRep P.p ⋯).toRepresentation.IsIrreducible
<error line="38" column="2">
<code_line>  rfl</code_line>
<message>error: Type mismatch</message>
</error>
  rfl
has type
  ?m.16 = ?m.16
but is expected to have type
  (P.freyCurve.galoisRep P.p ⋯).IsIrreducible

[2026-01-10 15:05:04] [INFO] Attempt 1 failed verification, continuing...
[2026-01-10 15:05:04] [INFO] ========================================
[2026-01-10 15:05:04] [INFO] Pass@k completed. Total results: 1
[2026-01-10 15:05:04] [INFO] FAILED: All 1 strategies x 1 attempts
[2026-01-10 15:05:04] [INFO] Writing results to file: /root/repo/result.json
[2026-01-10 15:05:04] [INFO] Result file written successfully
[2026-01-10 15:05:04] [INFO] Results exported to: /root/repo/result.json
[2026-01-10 15:05:04] [INFO] run_morphcloud_local.py completed successfully

[2026-01-10 15:05:05] [process_single_sorry] Downloading result file...
[2026-01-10 15:05:06] [process_single_sorry] Downloaded result to intermediate_experiment_outputs_full_reservoir/rfl/2026-01-10_14-19-01_rfl/individual/00d885c246766a49e51d065c695688ff60308ac1a89c311ed9dc56836d3e5ae3.json
[2026-01-10 15:05:09] [process_single_sorry] Instance context closed successfully
[2026-01-10 15:05:09] [process_single_sorry] Parsing result file...
[2026-01-10 15:05:09] [process_single_sorry] Successfully parsed result (list format, 1 results)
