[2026-01-10 15:48:50] [process_single_sorry] Starting for sorry 116c953ac3d8e86d8a8cbf2191568396db0e4c493659a63bd05cef742009d68c
[2026-01-10 15:48:50] [process_single_sorry] Using snapshot: snapshot_xesok30u
[2026-01-10 15:48:50] [process_single_sorry] Repository: https://github.com/jsm28/IMOLean@a63bb319da8d9a74c8eba2e0c2637f8a5683cb0c
[2026-01-10 15:48:50] [process_single_sorry] Instance name: IMOLean_a63bb319da8d_rfl_116c953ac3d8e86d8a8cbf2191568396db0e4c493659a63bd05cef742009d68c
[2026-01-10 15:48:50] [process_single_sorry] Starting attempt 1/3
[2026-01-10 15:48:50] [process_single_sorry] Starting instance from snapshot...
[2026-01-10 15:48:53] [process_single_sorry] Instance started successfully: morphvm_zn9myt2d
[2026-01-10 15:48:53] [process_single_sorry] Creating .env file...
[2026-01-10 15:48:55] [process_single_sorry] .env file created (exit_code: 0)
[2026-01-10 15:48:55] [process_single_sorry] Executing agent command...
[2026-01-10 15:49:58] [process_single_sorry] Agent command completed (exit_code: 0)
[2026-01-10 15:49:58] [process_single_sorry] STDOUT:

Results JSON:
[
  {
    "sorry": {
      "repo": {
        "remote": "https://github.com/jsm28/IMOLean",
        "branch": "main",
        "commit": "a63bb319da8d9a74c8eba2e0c2637f8a5683cb0c",
        "lean_version": "v4.27.0-rc1"
      },
      "location": {
        "path": "IMO/IMO2024P2.lean",
        "start_line": 16,
        "start_column": 2,
        "end_line": 16,
        "end_column": 7
      },
      "debug_info": {
        "goal": "⊢ {x |\n      @IMO2024P2.result.match_1 (fun x => Prop) x fun a b =>\n        0 < a ∧ 0 < b ∧ ∃ g N, 0 < g ∧ 0 < N ∧ ∀ (n : ℕ), N ≤ n → (a ^ n + b).gcd (b ^ n + a) = g} =\n    IMO2024P2.answer",
        "url": "https://github.com/jsm28/IMOLean/blob/a63bb319da8d9a74c8eba2e0c2637f8a5683cb0c/IMO/IMO2024P2.lean#L16"
      },
      "metadata": {
        "blame_email_hash": "ed3275e1c874",
        "blame_date": "2025-01-21T01:37:43+00:00",
        "inclusion_date": "2025-12-30T07:11:02.273696+00:00"
      },
      "id": "116c953ac3d8e86d8a8cbf2191568396db0e4c493659a63bd05cef742009d68c"
    },
    "proof": null,
    "proof_verified": false,
    "feedback": null,
    "verification_message": "All 1 attempts failed (1 strategies x 1 attempts each)",
    "success": true,
    "error_type": null,
    "error_message": null,
    "strategy_name": "all_failed_k=1",
    "proof_attempts": [
      "rfl"
    ]
  }
]

[2026-01-10 15:49:58] [process_single_sorry] STDERR:
None of PyTorch, TensorFlow >= 2.0, or Flax have been found. Models won't be available and only tokenizers, configuration and file/data utilities can be used.
[2026-01-10 15:49:08] [INFO] ================================================================================
[2026-01-10 15:49:08] [INFO] Starting run_morphcloud_local.py
[2026-01-10 15:49:08] [INFO] ================================================================================
[2026-01-10 15:49:08] [INFO] Environment loaded
[2026-01-10 15:49:08] [INFO] Full command: /root/SorryDB/sorrydb/cli/run_morphcloud_local.py --repo-path /root/repo --sorry-json {"repo": {"remote": "https://github.com/jsm28/IMOLean", "branch": "main", "commit": "a63bb319da8d9a74c8eba2e0c2637f8a5683cb0c", "lean_version": "v4.27.0-rc1"}, "location": {"path": "IMO/IMO2024P2.lean", "start_line": 16, "start_column": 2, "end_line": 16, "end_column": 7}, "debug_info": {"goal": "\u22a2 {x |\n      @IMO2024P2.result.match_1 (fun x => Prop) x fun a b =>\n        0 < a \u2227 0 < b \u2227 \u2203 g N, 0 < g \u2227 0 < N \u2227 \u2200 (n : \u2115), N \u2264 n \u2192 (a ^ n + b).gcd (b ^ n + a) = g} =\n    IMO2024P2.answer", "url": "https://github.com/jsm28/IMOLean/blob/a63bb319da8d9a74c8eba2e0c2637f8a5683cb0c/IMO/IMO2024P2.lean#L16"}, "metadata": {"blame_email_hash": "ed3275e1c874", "blame_date": "2025-01-21T01:37:43+00:00", "inclusion_date": "2025-12-30T07:11:02.273696+00:00"}, "id": "116c953ac3d8e86d8a8cbf2191568396db0e4c493659a63bd05cef742009d68c"} --agent-strategy {"name": "rfl", "args": {}}
[2026-01-10 15:49:08] [INFO] Arguments parsed: repo_path=/root/repo, output_path=/root/repo/result.json
[2026-01-10 15:49:08] [INFO] Strategy spec: {"name": "rfl", "args": {}}...
[2026-01-10 15:49:08] [INFO] Loading sorry data...
[2026-01-10 15:49:08] [INFO] Parsing sorry from JSON string...
[2026-01-10 15:49:08] [INFO] Sorry data parsed from JSON string
[2026-01-10 15:49:08] [INFO] Creating strategy from spec...
[2026-01-10 15:49:08] [INFO] Parsing strategy spec (length: 27 chars)
[2026-01-10 15:49:08] [INFO] Strategy name: rfl
[2026-01-10 15:49:08] [INFO] Strategy args: {}
[2026-01-10 15:49:08] [INFO] Pass@k value: 1
[2026-01-10 15:49:08] [INFO] Creating strategy: rfl
[2026-01-10 15:49:08] [INFO] Strategies created: ['RflStrategy']
[2026-01-10 15:49:08] [INFO] Pass@k value: 1
[2026-01-10 15:49:08] [INFO] Creating Sorry object...
[2026-01-10 15:49:08] [INFO] Sorry object created: id=116c953ac3d8e86d8a8cbf2191568396db0e4c493659a63bd05cef742009d68c
[2026-01-10 15:49:08] [INFO] Sorry location: IMO/IMO2024P2.lean:16
[2026-01-10 15:49:08] [INFO] Context before sorry (lines 11-16):
[2026-01-10 15:49:08] [INFO]   11: /-- The answer to be determined. -/
[2026-01-10 15:49:08] [INFO]   12: def answer : Set (ℕ × ℕ) := sorry
[2026-01-10 15:49:08] [INFO]   13: 
[2026-01-10 15:49:08] [INFO]   14: theorem result : {(a, b) | 0 < a ∧ 0 < b ∧ ∃ g N : ℕ, 0 < g ∧ 0 < N ∧ ∀ n : ℕ, N ≤ n →
[2026-01-10 15:49:08] [INFO]   15:     Nat.gcd (a ^ n + b) (b ^ n + a) = g} = answer := by
[2026-01-10 15:49:08] [INFO]   16:   sorry
[2026-01-10 15:49:08] [INFO] Sorry line:   sorry
[2026-01-10 15:49:08] [INFO] Sorry goal: ⊢ {x |
      @IMO2024P2.result.match_1 (fun x => Prop) x fun a b =>
        0 < a ∧ 0 < b ∧ ∃ g N, 0...
[2026-01-10 15:49:08] [INFO] ========================================
[2026-01-10 15:49:08] [INFO] Trying strategy: RflStrategy (up to 1 attempts)
[2026-01-10 15:49:08] [INFO] --------------------
[2026-01-10 15:49:08] [INFO] Strategy RflStrategy, attempt 1/1
[2026-01-10 15:49:08] [INFO] Starting proof generation...
[2026-01-10 15:49:08] [INFO] Repository path: /root/repo
[2026-01-10 15:49:08] [INFO] Proof generation completed
[2026-01-10 15:49:08] [INFO] Generated proof:
[2026-01-10 15:49:08] [INFO] rfl
[2026-01-10 15:49:08] [INFO] Proof length: 3 chars
[2026-01-10 15:49:08] [INFO] Starting proof verification...
[2026-01-10 15:49:08] [INFO] Verifying at: IMO/IMO2024P2.lean:16
[2026-01-10 15:49:08] [INFO] Using LEAN INTERACT verify
[2026-01-10 15:49:08] [INFO] Checking file
[2026-01-10 15:49:56] [INFO] Cannot build modified file <error line="16" column="2">
<code_line>  rfl</code_line>
<message>error: Tactic `rfl` failed: The left-hand side</message>
</error>
  {(a, b) | 0 < a ∧ 0 < b ∧ ∃ g N, 0 < g ∧ 0 < N ∧ ∀ (n : ℕ), N ≤ n → (a ^ n + b).gcd (b ^ n + a) = g}
is not definitionally equal to the right-hand side
  answer

⊢ {(a, b) | 0 < a ∧ 0 < b ∧ ∃ g N, 0 < g ∧ 0 < N ∧ ∀ (n : ℕ), N ≤ n → (a ^ n + b).gcd (b ^ n + a) = g} = answer
[2026-01-10 15:49:56] [INFO] Proof verification completed
[2026-01-10 15:49:56] [INFO] Strategy RflStrategy attempt 1: verified=False
[2026-01-10 15:49:56] [INFO] Verification message: Cannot build modified file: <error line="16" column="2">
<code_line>  rfl</code_line>
<message>error: Tactic `rfl` failed: The left-hand side</message>
</error>
  {(a, b) | 0 < a ∧ 0 < b ∧ ∃ g N, 0 < g ∧ 0 < N ∧ ∀ (n : ℕ), N ≤ n → (a ^ n + b).gcd (b ^ n + a) = g}
is not definitionally equal to the right-hand side
  answer

⊢ {(a, b) | 0 < a ∧ 0 < b ∧ ∃ g N, 0 < g ∧ 0 < N ∧ ∀ (n : ℕ), N ≤ n → (a ^ n + b).gcd (b ^ n + a) = g} = answer

[2026-01-10 15:49:56] [INFO] Attempt 1 failed verification, continuing...
[2026-01-10 15:49:56] [INFO] ========================================
[2026-01-10 15:49:56] [INFO] Pass@k completed. Total results: 1
[2026-01-10 15:49:56] [INFO] FAILED: All 1 strategies x 1 attempts
[2026-01-10 15:49:56] [INFO] Writing results to file: /root/repo/result.json
[2026-01-10 15:49:56] [INFO] Result file written successfully
[2026-01-10 15:49:56] [INFO] Results exported to: /root/repo/result.json
[2026-01-10 15:49:56] [INFO] run_morphcloud_local.py completed successfully

[2026-01-10 15:49:58] [process_single_sorry] Downloading result file...
[2026-01-10 15:49:58] [process_single_sorry] Downloaded result to intermediate_experiment_outputs_full_reservoir/rfl/2026-01-10_14-19-01_rfl/individual/116c953ac3d8e86d8a8cbf2191568396db0e4c493659a63bd05cef742009d68c.json
[2026-01-10 15:50:00] [process_single_sorry] Instance context closed successfully
[2026-01-10 15:50:00] [process_single_sorry] Parsing result file...
[2026-01-10 15:50:00] [process_single_sorry] Successfully parsed result (list format, 1 results)
