[2026-01-10 15:07:04] [process_single_sorry] Starting for sorry 2aace6f282819007e2d885f07374c824d899937d2bfdd4fbeb5a42547ef508af
[2026-01-10 15:07:04] [process_single_sorry] Using snapshot: snapshot_herhk9xy
[2026-01-10 15:07:04] [process_single_sorry] Repository: https://github.com/PatrickMassot/GlimpseOfLean@38ee6e4afd371b18d831ae09244fcd223a1bc535
[2026-01-10 15:07:04] [process_single_sorry] Instance name: GlimpseOfLean_38ee6e4afd37_rfl_2aace6f282819007e2d885f07374c824d899937d2bfdd4fbeb5a42547ef508af
[2026-01-10 15:07:04] [process_single_sorry] Starting attempt 1/3
[2026-01-10 15:07:04] [process_single_sorry] Starting instance from snapshot...
[2026-01-10 15:07:04] [process_single_sorry] Instance started successfully: morphvm_tt1mv0va
[2026-01-10 15:07:04] [process_single_sorry] Creating .env file...
[2026-01-10 15:07:11] [process_single_sorry] .env file created (exit_code: 0)
[2026-01-10 15:07:11] [process_single_sorry] Executing agent command...
[2026-01-10 15:10:18] [process_single_sorry] Agent command completed (exit_code: 0)
[2026-01-10 15:10:18] [process_single_sorry] STDOUT:

Results JSON:
[
  {
    "sorry": {
      "repo": {
        "remote": "https://github.com/PatrickMassot/GlimpseOfLean",
        "branch": "master",
        "commit": "38ee6e4afd371b18d831ae09244fcd223a1bc535",
        "lean_version": "v4.22.0"
      },
      "location": {
        "path": "GlimpseOfLean/Exercises/Topics/Probability.lean",
        "start_line": 109,
        "start_column": 2,
        "end_line": 109,
        "end_column": 7
      },
      "debug_info": {
        "goal": "Ω : Type\ninst✝¹ : MeasureSpace Ω\ninst✝ : IsProbabilityMeasure volume\nA B : Set Ω\nhB : volume B = 0\n⊢ condProb Ω inst✝¹ A B = 0",
        "url": "https://github.com/PatrickMassot/GlimpseOfLean/blob/38ee6e4afd371b18d831ae09244fcd223a1bc535/GlimpseOfLean/Exercises/Topics/Probability.lean#L109"
      },
      "metadata": {
        "blame_email_hash": "369c5f9cb018",
        "blame_date": "2025-03-07T14:30:17+01:00",
        "inclusion_date": "2025-12-29T17:37:45.814119+00:00"
      },
      "id": "2aace6f282819007e2d885f07374c824d899937d2bfdd4fbeb5a42547ef508af"
    },
    "proof": null,
    "proof_verified": false,
    "feedback": null,
    "verification_message": "All 1 attempts failed (1 strategies x 1 attempts each)",
    "success": true,
    "error_type": null,
    "error_message": null,
    "strategy_name": "all_failed_k=1",
    "proof_attempts": [
      "rfl"
    ]
  }
]

[2026-01-10 15:10:18] [process_single_sorry] STDERR:
None of PyTorch, TensorFlow >= 2.0, or Flax have been found. Models won't be available and only tokenizers, configuration and file/data utilities can be used.
[2026-01-10 15:07:48] [INFO] ================================================================================
[2026-01-10 15:07:48] [INFO] Starting run_morphcloud_local.py
[2026-01-10 15:07:48] [INFO] ================================================================================
[2026-01-10 15:07:49] [INFO] Environment loaded
[2026-01-10 15:07:49] [INFO] Full command: /root/SorryDB/sorrydb/cli/run_morphcloud_local.py --repo-path /root/repo --sorry-json {"repo": {"remote": "https://github.com/PatrickMassot/GlimpseOfLean", "branch": "master", "commit": "38ee6e4afd371b18d831ae09244fcd223a1bc535", "lean_version": "v4.22.0"}, "location": {"path": "GlimpseOfLean/Exercises/Topics/Probability.lean", "start_line": 109, "start_column": 2, "end_line": 109, "end_column": 7}, "debug_info": {"goal": "\u03a9 : Type\ninst\u271d\u00b9 : MeasureSpace \u03a9\ninst\u271d : IsProbabilityMeasure volume\nA B : Set \u03a9\nhB : volume B = 0\n\u22a2 condProb \u03a9 inst\u271d\u00b9 A B = 0", "url": "https://github.com/PatrickMassot/GlimpseOfLean/blob/38ee6e4afd371b18d831ae09244fcd223a1bc535/GlimpseOfLean/Exercises/Topics/Probability.lean#L109"}, "metadata": {"blame_email_hash": "369c5f9cb018", "blame_date": "2025-03-07T14:30:17+01:00", "inclusion_date": "2025-12-29T17:37:45.814119+00:00"}, "id": "2aace6f282819007e2d885f07374c824d899937d2bfdd4fbeb5a42547ef508af"} --agent-strategy {"name": "rfl", "args": {}}
[2026-01-10 15:07:49] [INFO] Arguments parsed: repo_path=/root/repo, output_path=/root/repo/result.json
[2026-01-10 15:07:49] [INFO] Strategy spec: {"name": "rfl", "args": {}}...
[2026-01-10 15:07:49] [INFO] Loading sorry data...
[2026-01-10 15:07:49] [INFO] Parsing sorry from JSON string...
[2026-01-10 15:07:49] [INFO] Sorry data parsed from JSON string
[2026-01-10 15:07:49] [INFO] Creating strategy from spec...
[2026-01-10 15:07:49] [INFO] Parsing strategy spec (length: 27 chars)
[2026-01-10 15:07:49] [INFO] Strategy name: rfl
[2026-01-10 15:07:49] [INFO] Strategy args: {}
[2026-01-10 15:07:49] [INFO] Pass@k value: 1
[2026-01-10 15:07:49] [INFO] Creating strategy: rfl
[2026-01-10 15:07:49] [INFO] Strategies created: ['RflStrategy']
[2026-01-10 15:07:49] [INFO] Pass@k value: 1
[2026-01-10 15:07:49] [INFO] Creating Sorry object...
[2026-01-10 15:07:49] [INFO] Sorry object created: id=2aace6f282819007e2d885f07374c824d899937d2bfdd4fbeb5a42547ef508af
[2026-01-10 15:07:49] [INFO] Sorry location: GlimpseOfLean/Exercises/Topics/Probability.lean:109
[2026-01-10 15:07:49] [INFO] Context before sorry (lines 104-109):
[2026-01-10 15:07:49] [INFO]   104: lemma condProb_zero_left (A B : Set Ω) (hA : ℙ A = 0) : ℙ(A|B) = 0 := by
[2026-01-10 15:07:49] [INFO]   105:   sorry
[2026-01-10 15:07:49] [INFO]   106: 
[2026-01-10 15:07:49] [INFO]   107: @[simp]
[2026-01-10 15:07:49] [INFO]   108: lemma condProb_zero_right (A B : Set Ω) (hB : ℙ B = 0) : ℙ(A|B) = 0 := by
[2026-01-10 15:07:49] [INFO]   109:   sorry
[2026-01-10 15:07:49] [INFO] Sorry line:   sorry
[2026-01-10 15:07:49] [INFO] Sorry goal: Ω : Type
inst✝¹ : MeasureSpace Ω
inst✝ : IsProbabilityMeasure volume
A B : Set Ω
hB : volume B = 0
⊢...
[2026-01-10 15:07:49] [INFO] ========================================
[2026-01-10 15:07:49] [INFO] Trying strategy: RflStrategy (up to 1 attempts)
[2026-01-10 15:07:49] [INFO] --------------------
[2026-01-10 15:07:49] [INFO] Strategy RflStrategy, attempt 1/1
[2026-01-10 15:07:49] [INFO] Starting proof generation...
[2026-01-10 15:07:49] [INFO] Repository path: /root/repo
[2026-01-10 15:07:49] [INFO] Proof generation completed
[2026-01-10 15:07:49] [INFO] Generated proof:
[2026-01-10 15:07:49] [INFO] rfl
[2026-01-10 15:07:49] [INFO] Proof length: 3 chars
[2026-01-10 15:07:49] [INFO] Starting proof verification...
[2026-01-10 15:07:49] [INFO] Verifying at: GlimpseOfLean/Exercises/Topics/Probability.lean:109
[2026-01-10 15:07:49] [INFO] Using LEAN INTERACT verify
[2026-01-10 15:07:49] [INFO] Checking file
[2026-01-10 15:10:17] [INFO] Cannot build modified file <error line="109" column="2">
<code_line>  rfl</code_line>
<message>error: tactic 'rfl' failed, the left-hand side</message>
</error>
  ℙ(A|B)
is not definitionally equal to the right-hand side
  0
Ω : Type
inst✝¹ : MeasureSpace Ω
inst✝ : IsProbabilityMeasure ℙ
A B : Set Ω
hB : ℙ B = 0
⊢ ℙ(A|B) = 0
[2026-01-10 15:10:17] [INFO] Proof verification completed
[2026-01-10 15:10:17] [INFO] Strategy RflStrategy attempt 1: verified=False
[2026-01-10 15:10:17] [INFO] Verification message: Cannot build modified file: <error line="109" column="2">
<code_line>  rfl</code_line>
<message>error: tactic 'rfl' failed, the left-hand side</message>
</error>
  ℙ(A|B)
is not definitionally equal to the right-hand side
  0
Ω : Type
inst✝¹ : MeasureSpace Ω
inst✝ : IsProbabilityMeasure ℙ
A B : Set Ω
hB : ℙ B = 0
⊢ ℙ(A|B) = 0

[2026-01-10 15:10:17] [INFO] Attempt 1 failed verification, continuing...
[2026-01-10 15:10:17] [INFO] ========================================
[2026-01-10 15:10:17] [INFO] Pass@k completed. Total results: 1
[2026-01-10 15:10:17] [INFO] FAILED: All 1 strategies x 1 attempts
[2026-01-10 15:10:17] [INFO] Writing results to file: /root/repo/result.json
[2026-01-10 15:10:17] [INFO] Result file written successfully
[2026-01-10 15:10:17] [INFO] Results exported to: /root/repo/result.json
[2026-01-10 15:10:17] [INFO] run_morphcloud_local.py completed successfully

[2026-01-10 15:10:18] [process_single_sorry] Downloading result file...
[2026-01-10 15:10:18] [process_single_sorry] Downloaded result to intermediate_experiment_outputs_full_reservoir/rfl/2026-01-10_14-19-01_rfl/individual/2aace6f282819007e2d885f07374c824d899937d2bfdd4fbeb5a42547ef508af.json
[2026-01-10 15:10:21] [process_single_sorry] Instance context closed successfully
[2026-01-10 15:10:21] [process_single_sorry] Parsing result file...
[2026-01-10 15:10:21] [process_single_sorry] Successfully parsed result (list format, 1 results)
