[2026-01-10 15:01:26] [process_single_sorry] Starting for sorry 2f62d8f194546bd021aaaf8638db7313eee961ef0c6e5358172cbeb3e63dee24
[2026-01-10 15:01:26] [process_single_sorry] Using snapshot: snapshot_6dp3e0k3
[2026-01-10 15:01:26] [process_single_sorry] Repository: https://github.com/ImperialCollegeLondon/FLT@03ad046f3be75e71332fcfae02c06ec717e054b1
[2026-01-10 15:01:26] [process_single_sorry] Instance name: FLT_03ad046f3be7_rfl_2f62d8f194546bd021aaaf8638db7313eee961ef0c6e5358172cbeb3e63dee24
[2026-01-10 15:01:26] [process_single_sorry] Starting attempt 1/3
[2026-01-10 15:01:26] [process_single_sorry] Starting instance from snapshot...
[2026-01-10 15:01:30] [process_single_sorry] Instance started successfully: morphvm_pj0wqbbs
[2026-01-10 15:01:30] [process_single_sorry] Creating .env file...
[2026-01-10 15:01:39] [process_single_sorry] .env file created (exit_code: 0)
[2026-01-10 15:01:39] [process_single_sorry] Executing agent command...
[2026-01-10 15:07:34] [process_single_sorry] Agent command completed (exit_code: 0)
[2026-01-10 15:07:34] [process_single_sorry] STDOUT:

Results JSON:
[
  {
    "sorry": {
      "repo": {
        "remote": "https://github.com/ImperialCollegeLondon/FLT",
        "branch": "auto-update-lean/patch-master",
        "commit": "03ad046f3be75e71332fcfae02c06ec717e054b1",
        "lean_version": "v4.27.0-rc1"
      },
      "location": {
        "path": "FLT/GaloisRepresentation/HardlyRamified/Threeadic.lean",
        "start_line": 22,
        "start_column": 50,
        "end_line": 22,
        "end_column": 55
      },
      "debug_info": {
        "goal": "R : Type u_1\ninst✝¹¹ : CommRing R\ninst✝¹⁰ : Algebra ℤ_[3] R\ninst✝⁹ : Module.Finite ℤ_[3] R\ninst✝⁸ : Module.Free ℤ_[3] R\ninst✝⁷ : TopologicalSpace R\ninst✝⁶ : IsTopologicalRing R\ninst✝⁵ : IsLocalRing R\ninst✝⁴ : IsModuleTopology ℤ_[3] R\nV : Type u_2\ninst✝³ : AddCommGroup V\ninst✝² : Module R V\ninst✝¹ : Module.Finite R V\ninst✝ : Module.Free R V\nhV : Module.rank R V = 2\nρ : GaloisRep ℚ R V\nhρ : IsHardlyRamified ⋯ hV ρ\n⊢ ∀ (p : ℕ) (hp : Nat.Prime p),\n    5 ≤ p →\n      (LinearMap.trace R V)\n          ((ρ.toLocal hp.toHeightOneSpectrumRingOfIntegersRat)\n            (Field.AbsoluteGaloisGroup.adicArithFrob hp.toHeightOneSpectrumRingOfIntegersRat)) =\n        1 + ↑p",
        "url": "https://github.com/ImperialCollegeLondon/FLT/blob/03ad046f3be75e71332fcfae02c06ec717e054b1/FLT/GaloisRepresentation/HardlyRamified/Threeadic.lean#L22"
      },
      "metadata": {
        "blame_email_hash": "c7989443bd81",
        "blame_date": "2025-10-13T20:30:34+01:00",
        "inclusion_date": "2025-12-29T16:49:04.297460+00:00"
      },
      "id": "2f62d8f194546bd021aaaf8638db7313eee961ef0c6e5358172cbeb3e63dee24"
    },
    "proof": null,
    "proof_verified": false,
    "feedback": null,
    "verification_message": "All 1 attempts failed (1 strategies x 1 attempts each)",
    "success": true,
    "error_type": null,
    "error_message": null,
    "strategy_name": "all_failed_k=1",
    "proof_attempts": [
      "rfl"
    ]
  }
]

[2026-01-10 15:07:34] [process_single_sorry] STDERR:
None of PyTorch, TensorFlow >= 2.0, or Flax have been found. Models won't be available and only tokenizers, configuration and file/data utilities can be used.
[2026-01-10 15:02:52] [INFO] ================================================================================
[2026-01-10 15:02:52] [INFO] Starting run_morphcloud_local.py
[2026-01-10 15:02:52] [INFO] ================================================================================
[2026-01-10 15:02:52] [INFO] Environment loaded
[2026-01-10 15:02:52] [INFO] Full command: /root/SorryDB/sorrydb/cli/run_morphcloud_local.py --repo-path /root/repo --sorry-json {"repo": {"remote": "https://github.com/ImperialCollegeLondon/FLT", "branch": "auto-update-lean/patch-master", "commit": "03ad046f3be75e71332fcfae02c06ec717e054b1", "lean_version": "v4.27.0-rc1"}, "location": {"path": "FLT/GaloisRepresentation/HardlyRamified/Threeadic.lean", "start_line": 22, "start_column": 50, "end_line": 22, "end_column": 55}, "debug_info": {"goal": "R : Type u_1\ninst\u271d\u00b9\u00b9 : CommRing R\ninst\u271d\u00b9\u2070 : Algebra \u2124_[3] R\ninst\u271d\u2079 : Module.Finite \u2124_[3] R\ninst\u271d\u2078 : Module.Free \u2124_[3] R\ninst\u271d\u2077 : TopologicalSpace R\ninst\u271d\u2076 : IsTopologicalRing R\ninst\u271d\u2075 : IsLocalRing R\ninst\u271d\u2074 : IsModuleTopology \u2124_[3] R\nV : Type u_2\ninst\u271d\u00b3 : AddCommGroup V\ninst\u271d\u00b2 : Module R V\ninst\u271d\u00b9 : Module.Finite R V\ninst\u271d : Module.Free R V\nhV : Module.rank R V = 2\n\u03c1 : GaloisRep \u211a R V\nh\u03c1 : IsHardlyRamified \u22ef hV \u03c1\n\u22a2 \u2200 (p : \u2115) (hp : Nat.Prime p),\n    5 \u2264 p \u2192\n      (LinearMap.trace R V)\n          ((\u03c1.toLocal hp.toHeightOneSpectrumRingOfIntegersRat)\n            (Field.AbsoluteGaloisGroup.adicArithFrob hp.toHeightOneSpectrumRingOfIntegersRat)) =\n        1 + \u2191p", "url": "https://github.com/ImperialCollegeLondon/FLT/blob/03ad046f3be75e71332fcfae02c06ec717e054b1/FLT/GaloisRepresentation/HardlyRamified/Threeadic.lean#L22"}, "metadata": {"blame_email_hash": "c7989443bd81", "blame_date": "2025-10-13T20:30:34+01:00", "inclusion_date": "2025-12-29T16:49:04.297460+00:00"}, "id": "2f62d8f194546bd021aaaf8638db7313eee961ef0c6e5358172cbeb3e63dee24"} --agent-strategy {"name": "rfl", "args": {}}
[2026-01-10 15:02:52] [INFO] Arguments parsed: repo_path=/root/repo, output_path=/root/repo/result.json
[2026-01-10 15:02:52] [INFO] Strategy spec: {"name": "rfl", "args": {}}...
[2026-01-10 15:02:52] [INFO] Loading sorry data...
[2026-01-10 15:02:52] [INFO] Parsing sorry from JSON string...
[2026-01-10 15:02:52] [INFO] Sorry data parsed from JSON string
[2026-01-10 15:02:52] [INFO] Creating strategy from spec...
[2026-01-10 15:02:52] [INFO] Parsing strategy spec (length: 27 chars)
[2026-01-10 15:02:52] [INFO] Strategy name: rfl
[2026-01-10 15:02:52] [INFO] Strategy args: {}
[2026-01-10 15:02:52] [INFO] Pass@k value: 1
[2026-01-10 15:02:52] [INFO] Creating strategy: rfl
[2026-01-10 15:02:52] [INFO] Strategies created: ['RflStrategy']
[2026-01-10 15:02:52] [INFO] Pass@k value: 1
[2026-01-10 15:02:52] [INFO] Creating Sorry object...
[2026-01-10 15:02:52] [INFO] Sorry object created: id=2f62d8f194546bd021aaaf8638db7313eee961ef0c6e5358172cbeb3e63dee24
[2026-01-10 15:02:52] [INFO] Sorry location: FLT/GaloisRepresentation/HardlyRamified/Threeadic.lean:22
[2026-01-10 15:02:52] [INFO] Context before sorry (lines 17-22):
[2026-01-10 15:02:52] [INFO]   17:     (V : Type*) [AddCommGroup V] [Module R V] [Module.Finite R V] [Module.Free R V]
[2026-01-10 15:02:52] [INFO]   18:     (hV : Module.rank R V = 2) {ρ : GaloisRep ℚ R V}
[2026-01-10 15:02:52] [INFO]   19:     (hρ : IsHardlyRamified (show Odd 3 by decide) hV ρ) :
[2026-01-10 15:02:52] [INFO]   20:     ∀ p (hp : Nat.Prime p) (hp5 : 5 ≤ p),
[2026-01-10 15:02:52] [INFO]   21:       letI v := hp.toHeightOneSpectrumRingOfIntegersRat -- p as a finite place of ℚ
[2026-01-10 15:02:52] [INFO]   22:       (ρ.toLocal v (Frob v)).trace _ _ = 1 + p := sorry
[2026-01-10 15:02:52] [INFO] Sorry line:       (ρ.toLocal v (Frob v)).trace _ _ = 1 + p := sorry
[2026-01-10 15:02:52] [INFO] Sorry goal: R : Type u_1
inst✝¹¹ : CommRing R
inst✝¹⁰ : Algebra ℤ_[3] R
inst✝⁹ : Module.Finite ℤ_[3] R
inst✝⁸ : ...
[2026-01-10 15:02:52] [INFO] ========================================
[2026-01-10 15:02:52] [INFO] Trying strategy: RflStrategy (up to 1 attempts)
[2026-01-10 15:02:52] [INFO] --------------------
[2026-01-10 15:02:52] [INFO] Strategy RflStrategy, attempt 1/1
[2026-01-10 15:02:52] [INFO] Starting proof generation...
[2026-01-10 15:02:52] [INFO] Repository path: /root/repo
[2026-01-10 15:02:52] [INFO] Proof generation completed
[2026-01-10 15:02:52] [INFO] Generated proof:
[2026-01-10 15:02:52] [INFO] rfl
[2026-01-10 15:02:52] [INFO] Proof length: 3 chars
[2026-01-10 15:02:52] [INFO] Starting proof verification...
[2026-01-10 15:02:52] [INFO] Verifying at: FLT/GaloisRepresentation/HardlyRamified/Threeadic.lean:22
[2026-01-10 15:02:52] [INFO] Using LEAN INTERACT verify
[2026-01-10 15:02:52] [INFO] Checking file
[2026-01-10 15:07:28] [INFO] Cannot build modified file <error line="11" column="0">
<code_line>/--</code_line>
<message>error: Not a definitional equality: the left-hand side</message>
</error>
  (LinearMap.trace R V)
    ((ρ.toLocal hp.toHeightOneSpectrumRingOfIntegersRat) (Frob hp.toHeightOneSpectrumRingOfIntegersRat))
is not definitionally equal to the right-hand side
  1 + ↑p
<error line="22" column="50">
<code_line>      (ρ.toLocal v (Frob v)).trace _ _ = 1 + p := rfl</code_line>
<message>error: Type mismatch</message>
</error>
  rfl
has type
  ?m.100 = ?m.100
but is expected to have type
  ∀ (p : ℕ) (hp : Nat.Prime p),
    5 ≤ p →
      (LinearMap.trace R V)
          ((ρ.toLocal hp.toHeightOneSpectrumRingOfIntegersRat) (Frob hp.toHeightOneSpectrumRingOfIntegersRat)) =
        1 + ↑p
[2026-01-10 15:07:28] [INFO] Proof verification completed
[2026-01-10 15:07:28] [INFO] Strategy RflStrategy attempt 1: verified=False
[2026-01-10 15:07:28] [INFO] Verification message: Cannot build modified file: <error line="11" column="0">
<code_line>/--</code_line>
<message>error: Not a definitional equality: the left-hand side</message>
</error>
  (LinearMap.trace R V)
    ((ρ.toLocal hp.toHeightOneSpectrumRingOfIntegersRat) (Frob hp.toHeightOneSpectrumRingOfIntegersRat))
is not definitionally equal to the right-hand side
  1 + ↑p
<error line="22" column="50">
<code_line>      (ρ.toLocal v (Frob v)).trace _ _ = 1 + p := rfl</code_line>
<message>error: Type mismatch</message>
</error>
  rfl
has type
  ?m.100 = ?m.100
but is expected to have type
  ∀ (p : ℕ) (hp : Nat.Prime p),
    5 ≤ p →
      (LinearMap.trace R V)
          ((ρ.toLocal hp.toHeightOneSpectrumRingOfIntegersRat) (Frob hp.toHeightOneSpectrumRingOfIntegersRat)) =
        1 + ↑p

[2026-01-10 15:07:28] [INFO] Attempt 1 failed verification, continuing...
[2026-01-10 15:07:28] [INFO] ========================================
[2026-01-10 15:07:28] [INFO] Pass@k completed. Total results: 1
[2026-01-10 15:07:28] [INFO] FAILED: All 1 strategies x 1 attempts
[2026-01-10 15:07:28] [INFO] Writing results to file: /root/repo/result.json
[2026-01-10 15:07:28] [INFO] Result file written successfully
[2026-01-10 15:07:28] [INFO] Results exported to: /root/repo/result.json
[2026-01-10 15:07:28] [INFO] run_morphcloud_local.py completed successfully

[2026-01-10 15:07:34] [process_single_sorry] Downloading result file...
[2026-01-10 15:07:45] [process_single_sorry] Downloaded result to intermediate_experiment_outputs_full_reservoir/rfl/2026-01-10_14-19-01_rfl/individual/2f62d8f194546bd021aaaf8638db7313eee961ef0c6e5358172cbeb3e63dee24.json
[2026-01-10 15:07:47] [process_single_sorry] Instance context closed successfully
[2026-01-10 15:07:47] [process_single_sorry] Parsing result file...
[2026-01-10 15:07:47] [process_single_sorry] Successfully parsed result (list format, 1 results)
