[2026-01-10 16:05:33] [process_single_sorry] Starting for sorry 49706ef2b9f98842e48b9e1335ee65b5d949725560c84b205ccbe071ceb00e21
[2026-01-10 16:05:33] [process_single_sorry] Using snapshot: snapshot_rcj4y7ca
[2026-01-10 16:05:33] [process_single_sorry] Repository: https://github.com/siddhartha-gadgil/LeanLangur@7845af8d999d0e5f50e16abb043592ef4bf12f3c
[2026-01-10 16:05:33] [process_single_sorry] Instance name: LeanLangur_7845af8d999d_rfl_49706ef2b9f98842e48b9e1335ee65b5d949725560c84b205ccbe071ceb00e21
[2026-01-10 16:05:33] [process_single_sorry] Starting attempt 1/3
[2026-01-10 16:05:33] [process_single_sorry] Starting instance from snapshot...
[2026-01-10 16:05:34] [process_single_sorry] Instance started successfully: morphvm_wn4qrg1o
[2026-01-10 16:05:34] [process_single_sorry] Creating .env file...
[2026-01-10 16:05:43] [process_single_sorry] .env file created (exit_code: 0)
[2026-01-10 16:05:43] [process_single_sorry] Executing agent command...
[2026-01-10 16:07:33] [process_single_sorry] Agent command completed (exit_code: 0)
[2026-01-10 16:07:33] [process_single_sorry] STDOUT:

Results JSON:
[
  {
    "sorry": {
      "repo": {
        "remote": "https://github.com/siddhartha-gadgil/LeanLangur",
        "branch": "main",
        "commit": "7845af8d999d0e5f50e16abb043592ef4bf12f3c",
        "lean_version": "v4.26.0"
      },
      "location": {
        "path": "LeanLangur/Exercises/Combinatornithology.lean",
        "start_line": 393,
        "start_column": 6,
        "end_line": 393,
        "end_column": 11
      },
      "debug_info": {
        "goal": "⊢ ∃ θ,\n    ∀ (x : EnchantedForest.Introduction.Bird),\n      EnchantedForest.Introduction.response x (EnchantedForest.Introduction.response θ x) =\n        EnchantedForest.Introduction.response θ x",
        "url": "https://github.com/siddhartha-gadgil/LeanLangur/blob/7845af8d999d0e5f50e16abb043592ef4bf12f3c/LeanLangur/Exercises/Combinatornithology.lean#L393"
      },
      "metadata": {
        "blame_email_hash": "daa7bcb7d9e3",
        "blame_date": "2025-12-18T19:37:03+00:00",
        "inclusion_date": "2025-12-30T17:48:27.775998+00:00"
      },
      "id": "49706ef2b9f98842e48b9e1335ee65b5d949725560c84b205ccbe071ceb00e21"
    },
    "proof": null,
    "proof_verified": false,
    "feedback": null,
    "verification_message": "All 1 attempts failed (1 strategies x 1 attempts each)",
    "success": true,
    "error_type": null,
    "error_message": null,
    "strategy_name": "all_failed_k=1",
    "proof_attempts": [
      "rfl"
    ]
  }
]

[2026-01-10 16:07:33] [process_single_sorry] STDERR:
None of PyTorch, TensorFlow >= 2.0, or Flax have been found. Models won't be available and only tokenizers, configuration and file/data utilities can be used.
[2026-01-10 16:06:22] [INFO] ================================================================================
[2026-01-10 16:06:22] [INFO] Starting run_morphcloud_local.py
[2026-01-10 16:06:22] [INFO] ================================================================================
[2026-01-10 16:06:22] [INFO] Environment loaded
[2026-01-10 16:06:22] [INFO] Full command: /root/SorryDB/sorrydb/cli/run_morphcloud_local.py --repo-path /root/repo --sorry-json {"repo": {"remote": "https://github.com/siddhartha-gadgil/LeanLangur", "branch": "main", "commit": "7845af8d999d0e5f50e16abb043592ef4bf12f3c", "lean_version": "v4.26.0"}, "location": {"path": "LeanLangur/Exercises/Combinatornithology.lean", "start_line": 393, "start_column": 6, "end_line": 393, "end_column": 11}, "debug_info": {"goal": "\u22a2 \u2203 \u03b8,\n    \u2200 (x : EnchantedForest.Introduction.Bird),\n      EnchantedForest.Introduction.response x (EnchantedForest.Introduction.response \u03b8 x) =\n        EnchantedForest.Introduction.response \u03b8 x", "url": "https://github.com/siddhartha-gadgil/LeanLangur/blob/7845af8d999d0e5f50e16abb043592ef4bf12f3c/LeanLangur/Exercises/Combinatornithology.lean#L393"}, "metadata": {"blame_email_hash": "daa7bcb7d9e3", "blame_date": "2025-12-18T19:37:03+00:00", "inclusion_date": "2025-12-30T17:48:27.775998+00:00"}, "id": "49706ef2b9f98842e48b9e1335ee65b5d949725560c84b205ccbe071ceb00e21"} --agent-strategy {"name": "rfl", "args": {}}
[2026-01-10 16:06:22] [INFO] Arguments parsed: repo_path=/root/repo, output_path=/root/repo/result.json
[2026-01-10 16:06:22] [INFO] Strategy spec: {"name": "rfl", "args": {}}...
[2026-01-10 16:06:22] [INFO] Loading sorry data...
[2026-01-10 16:06:22] [INFO] Parsing sorry from JSON string...
[2026-01-10 16:06:22] [INFO] Sorry data parsed from JSON string
[2026-01-10 16:06:22] [INFO] Creating strategy from spec...
[2026-01-10 16:06:22] [INFO] Parsing strategy spec (length: 27 chars)
[2026-01-10 16:06:22] [INFO] Strategy name: rfl
[2026-01-10 16:06:22] [INFO] Strategy args: {}
[2026-01-10 16:06:22] [INFO] Pass@k value: 1
[2026-01-10 16:06:22] [INFO] Creating strategy: rfl
[2026-01-10 16:06:22] [INFO] Strategies created: ['RflStrategy']
[2026-01-10 16:06:22] [INFO] Pass@k value: 1
[2026-01-10 16:06:22] [INFO] Creating Sorry object...
[2026-01-10 16:06:22] [INFO] Sorry object created: id=49706ef2b9f98842e48b9e1335ee65b5d949725560c84b205ccbe071ceb00e21
[2026-01-10 16:06:22] [INFO] Sorry location: LeanLangur/Exercises/Combinatornithology.lean:393
[2026-01-10 16:06:22] [INFO] Context before sorry (lines 388-393):
[2026-01-10 16:06:22] [INFO]   388:     open Starling
[2026-01-10 16:06:22] [INFO]   389: 
[2026-01-10 16:06:22] [INFO]   390:     -- a sage bird exists in the forest
[2026-01-10 16:06:22] [INFO]   391:     theorem sagebird_existence :
[2026-01-10 16:06:22] [INFO]   392:         ∃ θ, ∀ x, x ◁ (θ ◁ x) = θ ◁ x := by
[2026-01-10 16:06:22] [INFO]   393:       sorry
[2026-01-10 16:06:22] [INFO] Sorry line:       sorry
[2026-01-10 16:06:22] [INFO] Sorry goal: ⊢ ∃ θ,
    ∀ (x : EnchantedForest.Introduction.Bird),
      EnchantedForest.Introduction.response x ...
[2026-01-10 16:06:22] [INFO] ========================================
[2026-01-10 16:06:22] [INFO] Trying strategy: RflStrategy (up to 1 attempts)
[2026-01-10 16:06:22] [INFO] --------------------
[2026-01-10 16:06:22] [INFO] Strategy RflStrategy, attempt 1/1
[2026-01-10 16:06:22] [INFO] Starting proof generation...
[2026-01-10 16:06:22] [INFO] Repository path: /root/repo
[2026-01-10 16:06:22] [INFO] Proof generation completed
[2026-01-10 16:06:22] [INFO] Generated proof:
[2026-01-10 16:06:22] [INFO] rfl
[2026-01-10 16:06:22] [INFO] Proof length: 3 chars
[2026-01-10 16:06:22] [INFO] Starting proof verification...
[2026-01-10 16:06:22] [INFO] Verifying at: LeanLangur/Exercises/Combinatornithology.lean:393
[2026-01-10 16:06:22] [INFO] Using LEAN INTERACT verify
[2026-01-10 16:06:22] [INFO] Checking file
[2026-01-10 16:07:32] [INFO] Cannot build modified file <error line="393" column="6">
<code_line>      rfl</code_line>
<message>error: Tactic `rfl` failed: The left-hand side</message>
</error>
  Bird
is not definitionally equal to the right-hand side
  fun θ => ∀ (x : Bird), x ◁ (θ ◁ x) = θ ◁ x

⊢ ∃ θ, ∀ (x : Bird), x ◁ (θ ◁ x) = θ ◁ x
[2026-01-10 16:07:32] [INFO] Proof verification completed
[2026-01-10 16:07:32] [INFO] Strategy RflStrategy attempt 1: verified=False
[2026-01-10 16:07:32] [INFO] Verification message: Cannot build modified file: <error line="393" column="6">
<code_line>      rfl</code_line>
<message>error: Tactic `rfl` failed: The left-hand side</message>
</error>
  Bird
is not definitionally equal to the right-hand side
  fun θ => ∀ (x : Bird), x ◁ (θ ◁ x) = θ ◁ x

⊢ ∃ θ, ∀ (x : Bird), x ◁ (θ ◁ x) = θ ◁ x

[2026-01-10 16:07:32] [INFO] Attempt 1 failed verification, continuing...
[2026-01-10 16:07:32] [INFO] ========================================
[2026-01-10 16:07:32] [INFO] Pass@k completed. Total results: 1
[2026-01-10 16:07:32] [INFO] FAILED: All 1 strategies x 1 attempts
[2026-01-10 16:07:32] [INFO] Writing results to file: /root/repo/result.json
[2026-01-10 16:07:32] [INFO] Result file written successfully
[2026-01-10 16:07:32] [INFO] Results exported to: /root/repo/result.json
[2026-01-10 16:07:32] [INFO] run_morphcloud_local.py completed successfully

[2026-01-10 16:07:33] [process_single_sorry] Downloading result file...
[2026-01-10 16:07:33] [process_single_sorry] Downloaded result to intermediate_experiment_outputs_full_reservoir/rfl/2026-01-10_14-19-01_rfl/individual/49706ef2b9f98842e48b9e1335ee65b5d949725560c84b205ccbe071ceb00e21.json
[2026-01-10 16:07:36] [process_single_sorry] Instance context closed successfully
[2026-01-10 16:07:36] [process_single_sorry] Parsing result file...
[2026-01-10 16:07:36] [process_single_sorry] Successfully parsed result (list format, 1 results)
