[2026-01-10 16:09:26] [process_single_sorry] Starting for sorry 540ea0c283f2adfc53b9b87e77e19b0bdaafc0cc143b1690e2d9b761aa003dee
[2026-01-10 16:09:26] [process_single_sorry] Using snapshot: snapshot_nziw4nul
[2026-01-10 16:09:26] [process_single_sorry] Repository: https://github.com/vihdzp/combinatorial-games@fda8348ac7eaa8d3dbd3cb0871b96380410f68ac
[2026-01-10 16:09:26] [process_single_sorry] Instance name: combinatorial-games_fda8348ac7ea_rfl_540ea0c283f2adfc53b9b87e77e19b0bdaafc0cc143b1690e2d9b761aa003dee
[2026-01-10 16:09:26] [process_single_sorry] Starting attempt 1/3
[2026-01-10 16:09:26] [process_single_sorry] Starting instance from snapshot...
[2026-01-10 16:09:33] [process_single_sorry] Instance started successfully: morphvm_vuu09uli
[2026-01-10 16:09:33] [process_single_sorry] Creating .env file...
[2026-01-10 16:09:36] [process_single_sorry] .env file created (exit_code: 0)
[2026-01-10 16:09:36] [process_single_sorry] Executing agent command...
[2026-01-10 16:10:35] [process_single_sorry] Agent command completed (exit_code: 0)
[2026-01-10 16:10:35] [process_single_sorry] STDOUT:

Results JSON:
[
  {
    "sorry": {
      "repo": {
        "remote": "https://github.com/vihdzp/combinatorial-games",
        "branch": "vi.st",
        "commit": "fda8348ac7eaa8d3dbd3cb0871b96380410f68ac",
        "lean_version": "v4.27.0-rc1"
      },
      "location": {
        "path": "CombinatorialGames/Surreal/HahnSeries/Surreal.lean",
        "start_line": 816,
        "start_column": 2,
        "end_line": 816,
        "end_column": 7
      },
      "debug_info": {
        "goal": "x : Surreal\ny z : @Surreal.PartialSum x\nh : y < z\n⊢ @SurrealHahnSeries.toSurreal (@Surreal.PartialSum.carrier x y) ≠ x",
        "url": "https://github.com/vihdzp/combinatorial-games/blob/fda8348ac7eaa8d3dbd3cb0871b96380410f68ac/CombinatorialGames/Surreal/HahnSeries/Surreal.lean#L816"
      },
      "metadata": {
        "blame_email_hash": "e50bdf9225ac",
        "blame_date": "2025-12-22T16:56:25-06:00",
        "inclusion_date": "2025-12-30T18:37:38.978564+00:00"
      },
      "id": "540ea0c283f2adfc53b9b87e77e19b0bdaafc0cc143b1690e2d9b761aa003dee"
    },
    "proof": null,
    "proof_verified": false,
    "feedback": null,
    "verification_message": "All 1 attempts failed (1 strategies x 1 attempts each)",
    "success": true,
    "error_type": null,
    "error_message": null,
    "strategy_name": "all_failed_k=1",
    "proof_attempts": [
      "rfl"
    ]
  }
]

[2026-01-10 16:10:35] [process_single_sorry] STDERR:
None of PyTorch, TensorFlow >= 2.0, or Flax have been found. Models won't be available and only tokenizers, configuration and file/data utilities can be used.
[2026-01-10 16:09:50] [INFO] ================================================================================
[2026-01-10 16:09:50] [INFO] Starting run_morphcloud_local.py
[2026-01-10 16:09:50] [INFO] ================================================================================
[2026-01-10 16:09:50] [INFO] Environment loaded
[2026-01-10 16:09:50] [INFO] Full command: /root/SorryDB/sorrydb/cli/run_morphcloud_local.py --repo-path /root/repo --sorry-json {"repo": {"remote": "https://github.com/vihdzp/combinatorial-games", "branch": "vi.st", "commit": "fda8348ac7eaa8d3dbd3cb0871b96380410f68ac", "lean_version": "v4.27.0-rc1"}, "location": {"path": "CombinatorialGames/Surreal/HahnSeries/Surreal.lean", "start_line": 816, "start_column": 2, "end_line": 816, "end_column": 7}, "debug_info": {"goal": "x : Surreal\ny z : @Surreal.PartialSum x\nh : y < z\n\u22a2 @SurrealHahnSeries.toSurreal (@Surreal.PartialSum.carrier x y) \u2260 x", "url": "https://github.com/vihdzp/combinatorial-games/blob/fda8348ac7eaa8d3dbd3cb0871b96380410f68ac/CombinatorialGames/Surreal/HahnSeries/Surreal.lean#L816"}, "metadata": {"blame_email_hash": "e50bdf9225ac", "blame_date": "2025-12-22T16:56:25-06:00", "inclusion_date": "2025-12-30T18:37:38.978564+00:00"}, "id": "540ea0c283f2adfc53b9b87e77e19b0bdaafc0cc143b1690e2d9b761aa003dee"} --agent-strategy {"name": "rfl", "args": {}}
[2026-01-10 16:09:50] [INFO] Arguments parsed: repo_path=/root/repo, output_path=/root/repo/result.json
[2026-01-10 16:09:50] [INFO] Strategy spec: {"name": "rfl", "args": {}}...
[2026-01-10 16:09:50] [INFO] Loading sorry data...
[2026-01-10 16:09:50] [INFO] Parsing sorry from JSON string...
[2026-01-10 16:09:50] [INFO] Sorry data parsed from JSON string
[2026-01-10 16:09:50] [INFO] Creating strategy from spec...
[2026-01-10 16:09:50] [INFO] Parsing strategy spec (length: 27 chars)
[2026-01-10 16:09:50] [INFO] Strategy name: rfl
[2026-01-10 16:09:50] [INFO] Strategy args: {}
[2026-01-10 16:09:50] [INFO] Pass@k value: 1
[2026-01-10 16:09:50] [INFO] Creating strategy: rfl
[2026-01-10 16:09:50] [INFO] Strategies created: ['RflStrategy']
[2026-01-10 16:09:50] [INFO] Pass@k value: 1
[2026-01-10 16:09:50] [INFO] Creating Sorry object...
[2026-01-10 16:09:50] [INFO] Sorry object created: id=540ea0c283f2adfc53b9b87e77e19b0bdaafc0cc143b1690e2d9b761aa003dee
[2026-01-10 16:09:50] [INFO] Sorry location: CombinatorialGames/Surreal/HahnSeries/Surreal.lean:816
[2026-01-10 16:09:50] [INFO] Context before sorry (lines 811-816):
[2026-01-10 16:09:50] [INFO]   811:     coeffIdx y.carrier i = coeffIdx z.carrier i := by
[2026-01-10 16:09:50] [INFO]   812:   obtain hyz | hyz := le_total y z <;>
[2026-01-10 16:09:50] [INFO]   813:     rwa [← truncIdx_length_of_le hyz, carrier_truncIdx, coeffIdx_truncIdx_of_lt]
[2026-01-10 16:09:50] [INFO]   814: 
[2026-01-10 16:09:50] [INFO]   815: theorem ne_of_lt {y z : PartialSum x} (h : y < z) : y.carrier ≠ x := by
[2026-01-10 16:09:50] [INFO]   816:   sorry
[2026-01-10 16:09:50] [INFO] Sorry line:   sorry
[2026-01-10 16:09:50] [INFO] Sorry goal: x : Surreal
y z : @Surreal.PartialSum x
h : y < z
⊢ @SurrealHahnSeries.toSurreal (@Surreal.PartialSu...
[2026-01-10 16:09:50] [INFO] ========================================
[2026-01-10 16:09:50] [INFO] Trying strategy: RflStrategy (up to 1 attempts)
[2026-01-10 16:09:50] [INFO] --------------------
[2026-01-10 16:09:50] [INFO] Strategy RflStrategy, attempt 1/1
[2026-01-10 16:09:50] [INFO] Starting proof generation...
[2026-01-10 16:09:50] [INFO] Repository path: /root/repo
[2026-01-10 16:09:50] [INFO] Proof generation completed
[2026-01-10 16:09:50] [INFO] Generated proof:
[2026-01-10 16:09:50] [INFO] rfl
[2026-01-10 16:09:50] [INFO] Proof length: 3 chars
[2026-01-10 16:09:50] [INFO] Starting proof verification...
[2026-01-10 16:09:50] [INFO] Verifying at: CombinatorialGames/Surreal/HahnSeries/Surreal.lean:816
[2026-01-10 16:09:50] [INFO] Using LEAN INTERACT verify
[2026-01-10 16:09:50] [INFO] Checking file
[2026-01-10 16:10:31] [INFO] Cannot build modified file <error line="816" column="2">
<code_line>  rfl</code_line>
<message>error: Tactic `rfl` failed: Expected the goal to be a binary relation</message>
</error>

Hint: Reflexivity tactics can only be used on goals of the form `x ~ x` or `R x x`

x : Surreal
y z : x.PartialSum
h : y < z
⊢ ↑y.carrier ≠ x
[2026-01-10 16:10:31] [INFO] Proof verification completed
[2026-01-10 16:10:31] [INFO] Strategy RflStrategy attempt 1: verified=False
[2026-01-10 16:10:31] [INFO] Verification message: Cannot build modified file: <error line="816" column="2">
<code_line>  rfl</code_line>
<message>error: Tactic `rfl` failed: Expected the goal to be a binary relation</message>
</error>

Hint: Reflexivity tactics can only be used on goals of the form `x ~ x` or `R x x`

x : Surreal
y z : x.PartialSum
h : y < z
⊢ ↑y.carrier ≠ x

[2026-01-10 16:10:31] [INFO] Attempt 1 failed verification, continuing...
[2026-01-10 16:10:31] [INFO] ========================================
[2026-01-10 16:10:31] [INFO] Pass@k completed. Total results: 1
[2026-01-10 16:10:31] [INFO] FAILED: All 1 strategies x 1 attempts
[2026-01-10 16:10:31] [INFO] Writing results to file: /root/repo/result.json
[2026-01-10 16:10:31] [INFO] Result file written successfully
[2026-01-10 16:10:31] [INFO] Results exported to: /root/repo/result.json
[2026-01-10 16:10:31] [INFO] run_morphcloud_local.py completed successfully

[2026-01-10 16:10:35] [process_single_sorry] Downloading result file...
[2026-01-10 16:10:36] [process_single_sorry] Downloaded result to intermediate_experiment_outputs_full_reservoir/rfl/2026-01-10_14-19-01_rfl/individual/540ea0c283f2adfc53b9b87e77e19b0bdaafc0cc143b1690e2d9b761aa003dee.json
[2026-01-10 16:10:37] [process_single_sorry] Instance context closed successfully
[2026-01-10 16:10:37] [process_single_sorry] Parsing result file...
[2026-01-10 16:10:37] [process_single_sorry] Successfully parsed result (list format, 1 results)
