[2026-01-10 15:44:41] [process_single_sorry] Starting for sorry 55dd2ffbb21e072cf106ae73e4e6a3c0855420bb471221c5b4f41279ca4e28e8
[2026-01-10 15:44:41] [process_single_sorry] Using snapshot: snapshot_gg7ooohg
[2026-01-10 15:44:41] [process_single_sorry] Repository: https://github.com/fpvandoorn/carleson@8ac3da8b5c31efc2246329fa44adad67950b733a
[2026-01-10 15:44:41] [process_single_sorry] Instance name: carleson_8ac3da8b5c31_rfl_55dd2ffbb21e072cf106ae73e4e6a3c0855420bb471221c5b4f41279ca4e28e8
[2026-01-10 15:44:41] [process_single_sorry] Starting attempt 1/3
[2026-01-10 15:44:41] [process_single_sorry] Starting instance from snapshot...
[2026-01-10 15:44:44] [process_single_sorry] Instance started successfully: morphvm_sbmzoi39
[2026-01-10 15:44:44] [process_single_sorry] Creating .env file...
[2026-01-10 15:44:57] [process_single_sorry] .env file created (exit_code: 0)
[2026-01-10 15:44:57] [process_single_sorry] Executing agent command...
[2026-01-10 15:48:35] [process_single_sorry] Agent command completed (exit_code: 0)
[2026-01-10 15:48:35] [process_single_sorry] STDOUT:

Results JSON:
[
  {
    "sorry": {
      "repo": {
        "remote": "https://github.com/fpvandoorn/carleson",
        "branch": "master",
        "commit": "8ac3da8b5c31efc2246329fa44adad67950b733a",
        "lean_version": "v4.27.0-rc1"
      },
      "location": {
        "path": "Carleson/ToMathlib/Lorentz.lean",
        "start_line": 1059,
        "start_column": 12,
        "end_line": 1059,
        "end_column": 17
      },
      "debug_info": {
        "goal": "case h₂.bc.bc\nα : Type u_1\nε' : Type u_3\nm0 : MeasurableSpace α\nα' : Type u_4\nm : MeasurableSpace α'\ninst✝⁴ : TopologicalSpace α\n𝕂 : Type u_8\ninst✝³ : RCLike 𝕂\ninst✝² : TopologicalSpace ε'\ninst✝¹ : ENormedSpace ε'\nT : (α → 𝕂) → α' → ε'\np p' : ENNReal\nμ : Measure α\ninst✝ : IsLocallyFiniteMeasure μ\nν : Measure α'\nc : NNReal\nc_pos : 0 < c\nhT :\n  @MeasureTheory.HasRestrictedWeakType α m0 α' ε' m inst✝² inst✝¹.toENorm 𝕂\n    NormedCommRing.toNonUnitalNormedCommRing.toNonUnitalCommRing.toNonUnitalNonAssocCommRing.toNonUnitalNonAssocCommSemiring.toMulZeroClass.toZero\n    NormedField.toNormedCommRing.toAddGroupWithOne.toOne T p p' μ ν ↑c\nhpp' : p.HolderConjugate p'\nT_meas :\n  ∀ {f : α → 𝕂}\n    (a :\n      @MeasureTheory.MemLorentz α 𝕂 m0 SeminormedAddGroup.toContinuousENorm.toENorm\n        PseudoMetricSpace.toUniformSpace.toTopologicalSpace f p 1 μ),\n    AEStronglyMeasurable (T f) ν\nT_subadd :\n  ∀ (f g : α → 𝕂) (x : α')\n    (a :\n      @MeasureTheory.MemLorentz α 𝕂 m0 SeminormedAddGroup.toContinuousENorm.toENorm\n        PseudoMetricSpace.toUniformSpace.toTopologicalSpace f p 1 μ)\n    (a :\n      @MeasureTheory.MemLorentz α 𝕂 m0 SeminormedAddGroup.toContinuousENorm.toENorm\n        PseudoMetricSpace.toUniformSpace.toTopologicalSpace g p 1 μ),\n    ‖T (f + g) x‖ₑ ≤ ‖T f x + T g x‖ₑ\nT_submul : ∀ (a : 𝕂) (f : α → 𝕂) (x : α'), ‖T (a • f) x‖ₑ ≤ ‖a‖ₑ • ‖T f x‖ₑ\nweakly_cont_T :\n  ∀ {f : α → 𝕂} {fs : ℕ → α → 𝕂},\n    LocallyIntegrable f μ →\n      (∀ (n : ℕ), AEStronglyMeasurable (fs n) μ) →\n        (∀ (a : α), Monotone fun n => ‖fs n a‖) →\n          (∀ (a : α), Filter.Tendsto (fun n => fs n a) Filter.atTop (nhds (f a))) →\n            ∀ (G : Set α'),\n              eLpNorm (T f) 1 (ν.restrict G) ≤ Filter.limsup (fun n => eLpNorm (T (fs n)) 1 (ν.restrict G)) Filter.atTop\nG : Set α'\nmeasurable_G : MeasurableSet G\nG_finite : ν G < ⊤\ng : α → 𝕂\nstronglyMeasurable_g : StronglyMeasurable g\nhg : @MeasureTheory.eLorentzNorm α 𝕂 m0 SeminormedAddGroup.toContinuousENorm.toENorm g p 1 μ < ⊤\ng₁ : α → NNReal := ⋯\ng₂ : α → NNReal := ⋯\ng₃ : α → NNReal := ⋯\ng₄ : α → NNReal := ⋯\ng_decomposition :\n  g =\n    1 • ⇑(algebraMap ℝ 𝕂) ∘ NNReal.toReal ∘ g₁ + -1 • ⇑(algebraMap ℝ 𝕂) ∘ NNReal.toReal ∘ g₂ +\n        RCLike.I • ⇑(algebraMap ℝ 𝕂) ∘ NNReal.toReal ∘ g₃ +\n      -RCLike.I • ⇑(algebraMap ℝ 𝕂) ∘ NNReal.toReal ∘ g₄\nT' : (α → NNReal) → α' → ε' := ⋯\nhT' :\n  @MeasureTheory.HasRestrictedWeakType α m0 α' ε' m inst✝² inst✝¹.toENorm NNReal instZeroNNReal instOneNNReal T' p p' μ\n    ν ↑c\nweaklyCont_T' :\n  @MeasureTheory.WeaklyContinuous α NNReal ε' m0 α' m NNReal.instTopologicalSpace instENormedSpaceNNReal.toENorm\n    inst✝¹.toENorm NNReal.instConditionallyCompleteLinearOrderBot.toSupSet instPartialOrderNNReal.toPreorder T' p μ ν\nT'_subadd :\n  ∀ (f g : α → NNReal)\n    (a : @MeasureTheory.MemLorentz α NNReal m0 instENormedSpaceNNReal.toENorm NNReal.instTopologicalSpace f p 1 μ)\n    (a : @MeasureTheory.MemLorentz α NNReal m0 instENormedSpaceNNReal.toENorm NNReal.instTopologicalSpace g p 1 μ),\n    eLpNorm (T' (f + g)) 1 (ν.restrict G) ≤ eLpNorm (T' f) 1 (ν.restrict G) + eLpNorm (T' g) 1 (ν.restrict G)\nT'_submul : ∀ (f : α → NNReal) (a : NNReal), eLpNorm (T' (a • f)) 1 (ν.restrict G) ≤ eLpNorm (a • T' f) 1 (ν.restrict G)\nhelper :\n  ∀ {f : α → NNReal},\n    Measurable f →\n      ∀\n        (hf' :\n          @MeasureTheory.MemLorentz α NNReal m0 instENormedSpaceNNReal.toENorm NNReal.instTopologicalSpace f p 1 μ),\n        eLpNorm (T' f) 1 (ν.restrict G) ≤\n          ↑c / p * @MeasureTheory.eLorentzNorm α NNReal m0 instENormedSpaceNNReal.toENorm f p 1 μ * ν G ^ p'⁻¹.toReal\nthis : 4 = 1 + 1 + 1 + 1\n⊢ @MeasureTheory.eLorentzNorm α NNReal m0 instENormedSpaceNNReal.toENorm (fun x => (-RCLike.im (g x)).toNNReal) p 1 μ ≤\n    @MeasureTheory.eLorentzNorm α 𝕂 m0 SeminormedAddGroup.toContinuousENorm.toENorm g p 1 μ",
        "url": "https://github.com/fpvandoorn/carleson/blob/8ac3da8b5c31efc2246329fa44adad67950b733a/Carleson/ToMathlib/Lorentz.lean#L1059"
      },
      "metadata": {
        "blame_email_hash": "98b4e7a53984",
        "blame_date": "2025-10-22T12:26:31+02:00",
        "inclusion_date": "2025-12-30T02:23:42.938640+00:00"
      },
      "id": "55dd2ffbb21e072cf106ae73e4e6a3c0855420bb471221c5b4f41279ca4e28e8"
    },
    "proof": null,
    "proof_verified": false,
    "feedback": null,
    "verification_message": "All 1 attempts failed (1 strategies x 1 attempts each)",
    "success": true,
    "error_type": null,
    "error_message": null,
    "strategy_name": "all_failed_k=1",
    "proof_attempts": [
      "rfl"
    ]
  }
]

[2026-01-10 15:48:35] [process_single_sorry] STDERR:
None of PyTorch, TensorFlow >= 2.0, or Flax have been found. Models won't be available and only tokenizers, configuration and file/data utilities can be used.
[2026-01-10 15:45:41] [INFO] ================================================================================
[2026-01-10 15:45:41] [INFO] Starting run_morphcloud_local.py
[2026-01-10 15:45:41] [INFO] ================================================================================
[2026-01-10 15:45:41] [INFO] Environment loaded
[2026-01-10 15:45:41] [INFO] Full command: /root/SorryDB/sorrydb/cli/run_morphcloud_local.py --repo-path /root/repo --sorry-json {"repo": {"remote": "https://github.com/fpvandoorn/carleson", "branch": "master", "commit": "8ac3da8b5c31efc2246329fa44adad67950b733a", "lean_version": "v4.27.0-rc1"}, "location": {"path": "Carleson/ToMathlib/Lorentz.lean", "start_line": 1059, "start_column": 12, "end_line": 1059, "end_column": 17}, "debug_info": {"goal": "case h\u2082.bc.bc\n\u03b1 : Type u_1\n\u03b5' : Type u_3\nm0 : MeasurableSpace \u03b1\n\u03b1' : Type u_4\nm : MeasurableSpace \u03b1'\ninst\u271d\u2074 : TopologicalSpace \u03b1\n\ud835\udd42 : Type u_8\ninst\u271d\u00b3 : RCLike \ud835\udd42\ninst\u271d\u00b2 : TopologicalSpace \u03b5'\ninst\u271d\u00b9 : ENormedSpace \u03b5'\nT : (\u03b1 \u2192 \ud835\udd42) \u2192 \u03b1' \u2192 \u03b5'\np p' : ENNReal\n\u03bc : Measure \u03b1\ninst\u271d : IsLocallyFiniteMeasure \u03bc\n\u03bd : Measure \u03b1'\nc : NNReal\nc_pos : 0 < c\nhT :\n  @MeasureTheory.HasRestrictedWeakType \u03b1 m0 \u03b1' \u03b5' m inst\u271d\u00b2 inst\u271d\u00b9.toENorm \ud835\udd42\n    NormedCommRing.toNonUnitalNormedCommRing.toNonUnitalCommRing.toNonUnitalNonAssocCommRing.toNonUnitalNonAssocCommSemiring.toMulZeroClass.toZero\n    NormedField.toNormedCommRing.toAddGroupWithOne.toOne T p p' \u03bc \u03bd \u2191c\nhpp' : p.HolderConjugate p'\nT_meas :\n  \u2200 {f : \u03b1 \u2192 \ud835\udd42}\n    (a :\n      @MeasureTheory.MemLorentz \u03b1 \ud835\udd42 m0 SeminormedAddGroup.toContinuousENorm.toENorm\n        PseudoMetricSpace.toUniformSpace.toTopologicalSpace f p 1 \u03bc),\n    AEStronglyMeasurable (T f) \u03bd\nT_subadd :\n  \u2200 (f g : \u03b1 \u2192 \ud835\udd42) (x : \u03b1')\n    (a :\n      @MeasureTheory.MemLorentz \u03b1 \ud835\udd42 m0 SeminormedAddGroup.toContinuousENorm.toENorm\n        PseudoMetricSpace.toUniformSpace.toTopologicalSpace f p 1 \u03bc)\n    (a :\n      @MeasureTheory.MemLorentz \u03b1 \ud835\udd42 m0 SeminormedAddGroup.toContinuousENorm.toENorm\n        PseudoMetricSpace.toUniformSpace.toTopologicalSpace g p 1 \u03bc),\n    \u2016T (f + g) x\u2016\u2091 \u2264 \u2016T f x + T g x\u2016\u2091\nT_submul : \u2200 (a : \ud835\udd42) (f : \u03b1 \u2192 \ud835\udd42) (x : \u03b1'), \u2016T (a \u2022 f) x\u2016\u2091 \u2264 \u2016a\u2016\u2091 \u2022 \u2016T f x\u2016\u2091\nweakly_cont_T :\n  \u2200 {f : \u03b1 \u2192 \ud835\udd42} {fs : \u2115 \u2192 \u03b1 \u2192 \ud835\udd42},\n    LocallyIntegrable f \u03bc \u2192\n      (\u2200 (n : \u2115), AEStronglyMeasurable (fs n) \u03bc) \u2192\n        (\u2200 (a : \u03b1), Monotone fun n => \u2016fs n a\u2016) \u2192\n          (\u2200 (a : \u03b1), Filter.Tendsto (fun n => fs n a) Filter.atTop (nhds (f a))) \u2192\n            \u2200 (G : Set \u03b1'),\n              eLpNorm (T f) 1 (\u03bd.restrict G) \u2264 Filter.limsup (fun n => eLpNorm (T (fs n)) 1 (\u03bd.restrict G)) Filter.atTop\nG : Set \u03b1'\nmeasurable_G : MeasurableSet G\nG_finite : \u03bd G < \u22a4\ng : \u03b1 \u2192 \ud835\udd42\nstronglyMeasurable_g : StronglyMeasurable g\nhg : @MeasureTheory.eLorentzNorm \u03b1 \ud835\udd42 m0 SeminormedAddGroup.toContinuousENorm.toENorm g p 1 \u03bc < \u22a4\ng\u2081 : \u03b1 \u2192 NNReal := \u22ef\ng\u2082 : \u03b1 \u2192 NNReal := \u22ef\ng\u2083 : \u03b1 \u2192 NNReal := \u22ef\ng\u2084 : \u03b1 \u2192 NNReal := \u22ef\ng_decomposition :\n  g =\n    1 \u2022 \u21d1(algebraMap \u211d \ud835\udd42) \u2218 NNReal.toReal \u2218 g\u2081 + -1 \u2022 \u21d1(algebraMap \u211d \ud835\udd42) \u2218 NNReal.toReal \u2218 g\u2082 +\n        RCLike.I \u2022 \u21d1(algebraMap \u211d \ud835\udd42) \u2218 NNReal.toReal \u2218 g\u2083 +\n      -RCLike.I \u2022 \u21d1(algebraMap \u211d \ud835\udd42) \u2218 NNReal.toReal \u2218 g\u2084\nT' : (\u03b1 \u2192 NNReal) \u2192 \u03b1' \u2192 \u03b5' := \u22ef\nhT' :\n  @MeasureTheory.HasRestrictedWeakType \u03b1 m0 \u03b1' \u03b5' m inst\u271d\u00b2 inst\u271d\u00b9.toENorm NNReal instZeroNNReal instOneNNReal T' p p' \u03bc\n    \u03bd \u2191c\nweaklyCont_T' :\n  @MeasureTheory.WeaklyContinuous \u03b1 NNReal \u03b5' m0 \u03b1' m NNReal.instTopologicalSpace instENormedSpaceNNReal.toENorm\n    inst\u271d\u00b9.toENorm NNReal.instConditionallyCompleteLinearOrderBot.toSupSet instPartialOrderNNReal.toPreorder T' p \u03bc \u03bd\nT'_subadd :\n  \u2200 (f g : \u03b1 \u2192 NNReal)\n    (a : @MeasureTheory.MemLorentz \u03b1 NNReal m0 instENormedSpaceNNReal.toENorm NNReal.instTopologicalSpace f p 1 \u03bc)\n    (a : @MeasureTheory.MemLorentz \u03b1 NNReal m0 instENormedSpaceNNReal.toENorm NNReal.instTopologicalSpace g p 1 \u03bc),\n    eLpNorm (T' (f + g)) 1 (\u03bd.restrict G) \u2264 eLpNorm (T' f) 1 (\u03bd.restrict G) + eLpNorm (T' g) 1 (\u03bd.restrict G)\nT'_submul : \u2200 (f : \u03b1 \u2192 NNReal) (a : NNReal), eLpNorm (T' (a \u2022 f)) 1 (\u03bd.restrict G) \u2264 eLpNorm (a \u2022 T' f) 1 (\u03bd.restrict G)\nhelper :\n  \u2200 {f : \u03b1 \u2192 NNReal},\n    Measurable f \u2192\n      \u2200\n        (hf' :\n          @MeasureTheory.MemLorentz \u03b1 NNReal m0 instENormedSpaceNNReal.toENorm NNReal.instTopologicalSpace f p 1 \u03bc),\n        eLpNorm (T' f) 1 (\u03bd.restrict G) \u2264\n          \u2191c / p * @MeasureTheory.eLorentzNorm \u03b1 NNReal m0 instENormedSpaceNNReal.toENorm f p 1 \u03bc * \u03bd G ^ p'\u207b\u00b9.toReal\nthis : 4 = 1 + 1 + 1 + 1\n\u22a2 @MeasureTheory.eLorentzNorm \u03b1 NNReal m0 instENormedSpaceNNReal.toENorm (fun x => (-RCLike.im (g x)).toNNReal) p 1 \u03bc \u2264\n    @MeasureTheory.eLorentzNorm \u03b1 \ud835\udd42 m0 SeminormedAddGroup.toContinuousENorm.toENorm g p 1 \u03bc", "url": "https://github.com/fpvandoorn/carleson/blob/8ac3da8b5c31efc2246329fa44adad67950b733a/Carleson/ToMathlib/Lorentz.lean#L1059"}, "metadata": {"blame_email_hash": "98b4e7a53984", "blame_date": "2025-10-22T12:26:31+02:00", "inclusion_date": "2025-12-30T02:23:42.938640+00:00"}, "id": "55dd2ffbb21e072cf106ae73e4e6a3c0855420bb471221c5b4f41279ca4e28e8"} --agent-strategy {"name": "rfl", "args": {}}
[2026-01-10 15:45:41] [INFO] Arguments parsed: repo_path=/root/repo, output_path=/root/repo/result.json
[2026-01-10 15:45:41] [INFO] Strategy spec: {"name": "rfl", "args": {}}...
[2026-01-10 15:45:41] [INFO] Loading sorry data...
[2026-01-10 15:45:41] [INFO] Parsing sorry from JSON string...
[2026-01-10 15:45:41] [INFO] Sorry data parsed from JSON string
[2026-01-10 15:45:41] [INFO] Creating strategy from spec...
[2026-01-10 15:45:41] [INFO] Parsing strategy spec (length: 27 chars)
[2026-01-10 15:45:41] [INFO] Strategy name: rfl
[2026-01-10 15:45:41] [INFO] Strategy args: {}
[2026-01-10 15:45:41] [INFO] Pass@k value: 1
[2026-01-10 15:45:41] [INFO] Creating strategy: rfl
[2026-01-10 15:45:41] [INFO] Strategies created: ['RflStrategy']
[2026-01-10 15:45:41] [INFO] Pass@k value: 1
[2026-01-10 15:45:41] [INFO] Creating Sorry object...
[2026-01-10 15:45:41] [INFO] Sorry object created: id=55dd2ffbb21e072cf106ae73e4e6a3c0855420bb471221c5b4f41279ca4e28e8
[2026-01-10 15:45:41] [INFO] Sorry location: Carleson/ToMathlib/Lorentz.lean:1059
[2026-01-10 15:45:41] [INFO] Context before sorry (lines 1054-1059):
[2026-01-10 15:45:41] [INFO]   1054:             simp only [enorm_NNReal, ENNReal.coe_le_coe]
[2026-01-10 15:45:41] [INFO]   1055:             rw [Real.toNNReal_le_iff_le_coe, coe_nnnorm]
[2026-01-10 15:45:41] [INFO]   1056:             apply RCLike.re_le_norm
[2026-01-10 15:45:41] [INFO]   1057:           · sorry --TODO: analogous to the first case
[2026-01-10 15:45:41] [INFO]   1058:           · sorry
[2026-01-10 15:45:41] [INFO]   1059:           · sorry
[2026-01-10 15:45:41] [INFO] Sorry line:           · sorry
[2026-01-10 15:45:41] [INFO] Sorry goal: case h₂.bc.bc
α : Type u_1
ε' : Type u_3
m0 : MeasurableSpace α
α' : Type u_4
m : MeasurableSpace α'...
[2026-01-10 15:45:41] [INFO] ========================================
[2026-01-10 15:45:41] [INFO] Trying strategy: RflStrategy (up to 1 attempts)
[2026-01-10 15:45:41] [INFO] --------------------
[2026-01-10 15:45:41] [INFO] Strategy RflStrategy, attempt 1/1
[2026-01-10 15:45:41] [INFO] Starting proof generation...
[2026-01-10 15:45:41] [INFO] Repository path: /root/repo
[2026-01-10 15:45:41] [INFO] Proof generation completed
[2026-01-10 15:45:41] [INFO] Generated proof:
[2026-01-10 15:45:41] [INFO] rfl
[2026-01-10 15:45:41] [INFO] Proof length: 3 chars
[2026-01-10 15:45:41] [INFO] Starting proof verification...
[2026-01-10 15:45:41] [INFO] Verifying at: Carleson/ToMathlib/Lorentz.lean:1059
[2026-01-10 15:45:41] [INFO] Using LEAN INTERACT verify
[2026-01-10 15:45:41] [INFO] Checking file
[2026-01-10 15:48:32] [INFO] Cannot build modified file <error line="1059" column="12">
<code_line>          · rfl</code_line>
<message>error: Tactic `rfl` failed: The left-hand side</message>
</error>
  eLorentzNorm.{u_1, 0} (fun x => (-RCLike.im (g x)).toNNReal) p 1 μ
is not definitionally equal to the right-hand side
  eLorentzNorm.{u_1, u_8} g p 1 μ

case h₂.bc.bc
α : Type u_1
ε' : Type u_3
m0 : MeasurableSpace α
α' : Type u_4
m : MeasurableSpace α'
inst✝⁴ : TopologicalSpace α
𝕂 : Type u_8
inst✝³ : RCLike 𝕂
inst✝² : TopologicalSpace ε'
inst✝¹ : ENormedSpace ε'
T : (α → 𝕂) → α' → ε'
p p' : ℝ≥0∞
μ : Measure α
inst✝ : IsLocallyFiniteMeasure μ
ν : Measure α'
c : ℝ≥0
c_pos : 0 < c
hT : HasRestrictedWeakType T p p' μ ν ↑c
hpp' : p.HolderConjugate p'
T_meas : ∀ {f : α → 𝕂}, MemLorentz f p 1 μ → AEStronglyMeasurable (T f) ν
T_subadd : ∀ (f g : α → 𝕂) (x : α'), MemLorentz f p 1 μ → MemLorentz g p 1 μ → ‖T (f + g) x‖ₑ ≤ ‖T f x + T g x‖ₑ
T_submul : ∀ (a : 𝕂) (f : α → 𝕂) (x : α'), ‖T (a • f) x‖ₑ ≤ ‖a‖ₑ • ‖T f x‖ₑ
weakly_cont_T :
  ∀ {f : α → 𝕂} {fs : ℕ → α → 𝕂},
    LocallyIntegrable f μ →
      (∀ (n : ℕ), AEStronglyMeasurable (fs n) μ) →
        (∀ (a : α), Monotone fun n => ‖fs n a‖) →
          (∀ (a : α), Filter.Tendsto (fun n => fs n a) Filter.atTop (nhds (f a))) →
            ∀ (G : Set α'),
              eLpNorm (T f) 1 (ν.restrict G) ≤ Filter.limsup (fun n => eLpNorm (T (fs n)) 1 (ν.restrict G)) Filter.atTop
G : Set α'
measurable_G : MeasurableSet G
G_finite : ν G < ⊤
g : α → 𝕂
stronglyMeasurable_g : StronglyMeasurable g
hg : eLorentzNorm g p 1 μ < ⊤
g₁ : α → ℝ≥0 := ⋯
g₂ : α → ℝ≥0 := ⋯
g₃ : α → ℝ≥0 := ⋯
g₄ : α → ℝ≥0 := ⋯
g_decomposition :
  g =
    1 • ⇑(algebraMap ℝ 𝕂) ∘ NNReal.toReal ∘ g₁ + -1 • ⇑(algebraMap ℝ 𝕂) ∘ NNReal.toReal ∘ g₂ +
        RCLike.I • ⇑(algebraMap ℝ 𝕂) ∘ NNReal.toReal ∘ g₃ +
      -RCLike.I • ⇑(algebraMap ℝ 𝕂) ∘ NNReal.toReal ∘ g₄
T' : (α → ℝ≥0) → α' → ε' := ⋯
hT' : HasRestrictedWeakType T' p p' μ ν ↑c
weaklyCont_T' : WeaklyContinuous T' p μ ν
T'_subadd :
  ∀ (f g : α → ℝ≥0),
    MemLorentz f p 1 μ →
      MemLorentz g p 1 μ →
        eLpNorm (T' (f + g)) 1 (ν.restrict G) ≤ eLpNorm (T' f) 1 (ν.restrict G) + eLpNorm (T' g) 1 (ν.restrict G)
T'_submul : ∀ (f : α → ℝ≥0) (a : ℝ≥0), eLpNorm (T' (a • f)) 1 (ν.restrict G) ≤ eLpNorm (a • T' f) 1 (ν.restrict G)
helper :
  ∀ {f : α → ℝ≥0},
    Measurable f →
      MemLorentz f p 1 μ → eLpNorm (T' f) 1 (ν.restrict G) ≤ ↑c / p * eLorentzNorm f p 1 μ * ν G ^ p'⁻¹.toReal
this : 4 = 1 + 1 + 1 + 1
⊢ eLorentzNorm (fun x => (-RCLike.im (g x)).toNNReal) p 1 μ ≤ eLorentzNorm g p 1 μ
[2026-01-10 15:48:32] [INFO] Proof verification completed
[2026-01-10 15:48:32] [INFO] Strategy RflStrategy attempt 1: verified=False
[2026-01-10 15:48:32] [INFO] Verification message: Cannot build modified file: <error line="1059" column="12">
<code_line>          · rfl</code_line>
<message>error: Tactic `rfl` failed: The left-hand side</message>
</error>
  eLorentzNorm.{u_1, 0} (fun x => (-RCLike.im (g x)).toNNReal) p 1 μ
is not definitionally equal to the right-hand side
  eLorentzNorm.{u_1, u_8} g p 1 μ

case h₂.bc.bc
α : Type u_1
ε' : Type u_3
m0 : MeasurableSpace α
α' : Type u_4
m : MeasurableSpace α'
inst✝⁴ : TopologicalSpace α
𝕂 : Type u_8
inst✝³ : RCLike 𝕂
inst✝² : TopologicalSpace ε'
inst✝¹ : ENormedSpace ε'
T : (α → 𝕂) → α' → ε'
p p' : ℝ≥0∞
μ : Measure α
inst✝ : IsLocallyFiniteMeasure μ
ν : Measure α'
c : ℝ≥0
c_pos : 0 < c
hT : HasRestrictedWeakType T p p' μ ν ↑c
hpp' : p.HolderConjugate p'
T_meas : ∀ {f : α → 𝕂}, MemLorentz f p 1 μ → AEStronglyMeasurable (T f) ν
T_subadd : ∀ (f g : α → 𝕂) (x : α'), MemLorentz f p 1 μ → MemLorentz g p 1 μ → ‖T (f + g) x‖ₑ ≤ ‖T f x + T g x‖ₑ
T_submul : ∀ (a : 𝕂) (f : α → 𝕂) (x : α'), ‖T (a • f) x‖ₑ ≤ ‖a‖ₑ • ‖T f x‖ₑ
weakly_cont_T :
  ∀ {f : α → 𝕂} {fs : ℕ → α → 𝕂},
    LocallyIntegrable f μ →
      (∀ (n : ℕ), AEStronglyMeasurable (fs n) μ) →
        (∀ (a : α), Monotone fun n => ‖fs n a‖) →
          (∀ (a : α), Filter.Tendsto (fun n => fs n a) Filter.atTop (nhds (f a))) →
            ∀ (G : Set α'),
              eLpNorm (T f) 1 (ν.restrict G) ≤ Filter.limsup (fun n => eLpNorm (T (fs n)) 1 (ν.restrict G)) Filter.atTop
G : Set α'
measurable_G : MeasurableSet G
G_finite : ν G < ⊤
g : α → 𝕂
stronglyMeasurable_g : StronglyMeasurable g
hg : eLorentzNorm g p 1 μ < ⊤
g₁ : α → ℝ≥0 := ⋯
g₂ : α → ℝ≥0 := ⋯
g₃ : α → ℝ≥0 := ⋯
g₄ : α → ℝ≥0 := ⋯
g_decomposition :
  g =
    1 • ⇑(algebraMap ℝ 𝕂) ∘ NNReal.toReal ∘ g₁ + -1 • ⇑(algebraMap ℝ 𝕂) ∘ NNReal.toReal ∘ g₂ +
        RCLike.I • ⇑(algebraMap ℝ 𝕂) ∘ NNReal.toReal ∘ g₃ +
      -RCLike.I • ⇑(algebraMap ℝ 𝕂) ∘ NNReal.toReal ∘ g₄
T' : (α → ℝ≥0) → α' → ε' := ⋯
hT' : HasRestrictedWeakType T' p p' μ ν ↑c
weaklyCont_T' : WeaklyContinuous T' p μ ν
T'_subadd :
  ∀ (f g : α → ℝ≥0),
    MemLorentz f p 1 μ →
      MemLorentz g p 1 μ →
        eLpNorm (T' (f + g)) 1 (ν.restrict G) ≤ eLpNorm (T' f) 1 (ν.restrict G) + eLpNorm (T' g) 1 (ν.restrict G)
T'_submul : ∀ (f : α → ℝ≥0) (a : ℝ≥0), eLpNorm (T' (a • f)) 1 (ν.restrict G) ≤ eLpNorm (a • T' f) 1 (ν.restrict G)
helper :
  ∀ {f : α → ℝ≥0},
    Measurable f →
      MemLorentz f p 1 μ → eLpNorm (T' f) 1 (ν.restrict G) ≤ ↑c / p * eLorentzNorm f p 1 μ * ν G ^ p'⁻¹.toReal
this : 4 = 1 + 1 + 1 + 1
⊢ eLorentzNorm (fun x => (-RCLike.im (g x)).toNNReal) p 1 μ ≤ eLorentzNorm g p 1 μ

[2026-01-10 15:48:32] [INFO] Attempt 1 failed verification, continuing...
[2026-01-10 15:48:32] [INFO] ========================================
[2026-01-10 15:48:32] [INFO] Pass@k completed. Total results: 1
[2026-01-10 15:48:32] [INFO] FAILED: All 1 strategies x 1 attempts
[2026-01-10 15:48:32] [INFO] Writing results to file: /root/repo/result.json
[2026-01-10 15:48:32] [INFO] Result file written successfully
[2026-01-10 15:48:32] [INFO] Results exported to: /root/repo/result.json
[2026-01-10 15:48:32] [INFO] run_morphcloud_local.py completed successfully

[2026-01-10 15:48:35] [process_single_sorry] Downloading result file...
[2026-01-10 15:48:42] [process_single_sorry] Downloaded result to intermediate_experiment_outputs_full_reservoir/rfl/2026-01-10_14-19-01_rfl/individual/55dd2ffbb21e072cf106ae73e4e6a3c0855420bb471221c5b4f41279ca4e28e8.json
[2026-01-10 15:48:45] [process_single_sorry] Instance context closed successfully
[2026-01-10 15:48:45] [process_single_sorry] Parsing result file...
[2026-01-10 15:48:45] [process_single_sorry] Successfully parsed result (list format, 1 results)
