[2026-01-10 16:11:11] [process_single_sorry] Starting for sorry 5c8d5237332e47ae2cf9c4baa768c4e30cc6eaa04d21bea8413349f11bc070eb
[2026-01-10 16:11:11] [process_single_sorry] Using snapshot: snapshot_0nt45jpn
[2026-01-10 16:11:11] [process_single_sorry] Repository: https://github.com/RemyDegenne/lean-bandits@b9dbcf61a2dbd260143d95b0d4812d7ad6197c42
[2026-01-10 16:11:11] [process_single_sorry] Instance name: lean-bandits_b9dbcf61a2db_rfl_5c8d5237332e47ae2cf9c4baa768c4e30cc6eaa04d21bea8413349f11bc070eb
[2026-01-10 16:11:11] [process_single_sorry] Starting attempt 1/3
[2026-01-10 16:11:11] [process_single_sorry] Starting instance from snapshot...
[2026-01-10 16:11:20] [process_single_sorry] Instance started successfully: morphvm_bkfxzc69
[2026-01-10 16:11:20] [process_single_sorry] Creating .env file...
[2026-01-10 16:11:38] [process_single_sorry] .env file created (exit_code: 0)
[2026-01-10 16:11:38] [process_single_sorry] Executing agent command...
[2026-01-10 16:14:31] [process_single_sorry] Agent command completed (exit_code: 0)
[2026-01-10 16:14:31] [process_single_sorry] STDOUT:

Results JSON:
[
  {
    "sorry": {
      "repo": {
        "remote": "https://github.com/RemyDegenne/lean-bandits",
        "branch": "work",
        "commit": "b9dbcf61a2dbd260143d95b0d4812d7ad6197c42",
        "lean_version": "v4.27.0-rc1"
      },
      "location": {
        "path": "LeanBandits/RewardByCountMeasure.lean",
        "start_line": 277,
        "start_column": 2,
        "end_line": 277,
        "end_column": 7
      },
      "debug_info": {
        "goal": "α : Type u_1\nmα : MeasurableSpace α\ninst✝³ : DecidableEq α\ninst✝² : MeasurableSingletonClass α\nalg✝ : Algorithm α ℝ\nν✝ : Kernel α ℝ\ninst✝¹ : IsMarkovKernel ν✝\nalg : Algorithm α ℝ\nν : Kernel α ℝ\ninst✝ : IsMarkovKernel ν\na : α\nn : ℕ\n⊢ IndepFun (rewardByCount a (n + 1)) (fun ω i => rewardByCount a (↑i) ω) (Bandit.measure alg✝ ν✝)",
        "url": "https://github.com/RemyDegenne/lean-bandits/blob/b9dbcf61a2dbd260143d95b0d4812d7ad6197c42/LeanBandits/RewardByCountMeasure.lean#L277"
      },
      "metadata": {
        "blame_email_hash": "d765cd676b3d",
        "blame_date": "2025-10-23T13:16:50+02:00",
        "inclusion_date": "2025-12-29T18:26:34.346284+00:00"
      },
      "id": "5c8d5237332e47ae2cf9c4baa768c4e30cc6eaa04d21bea8413349f11bc070eb"
    },
    "proof": null,
    "proof_verified": false,
    "feedback": null,
    "verification_message": "All 1 attempts failed (1 strategies x 1 attempts each)",
    "success": true,
    "error_type": null,
    "error_message": null,
    "strategy_name": "all_failed_k=1",
    "proof_attempts": [
      "rfl"
    ]
  }
]

[2026-01-10 16:14:31] [process_single_sorry] STDERR:
None of PyTorch, TensorFlow >= 2.0, or Flax have been found. Models won't be available and only tokenizers, configuration and file/data utilities can be used.
[2026-01-10 16:12:11] [INFO] ================================================================================
[2026-01-10 16:12:11] [INFO] Starting run_morphcloud_local.py
[2026-01-10 16:12:11] [INFO] ================================================================================
[2026-01-10 16:12:11] [INFO] Environment loaded
[2026-01-10 16:12:11] [INFO] Full command: /root/SorryDB/sorrydb/cli/run_morphcloud_local.py --repo-path /root/repo --sorry-json {"repo": {"remote": "https://github.com/RemyDegenne/lean-bandits", "branch": "work", "commit": "b9dbcf61a2dbd260143d95b0d4812d7ad6197c42", "lean_version": "v4.27.0-rc1"}, "location": {"path": "LeanBandits/RewardByCountMeasure.lean", "start_line": 277, "start_column": 2, "end_line": 277, "end_column": 7}, "debug_info": {"goal": "\u03b1 : Type u_1\nm\u03b1 : MeasurableSpace \u03b1\ninst\u271d\u00b3 : DecidableEq \u03b1\ninst\u271d\u00b2 : MeasurableSingletonClass \u03b1\nalg\u271d : Algorithm \u03b1 \u211d\n\u03bd\u271d : Kernel \u03b1 \u211d\ninst\u271d\u00b9 : IsMarkovKernel \u03bd\u271d\nalg : Algorithm \u03b1 \u211d\n\u03bd : Kernel \u03b1 \u211d\ninst\u271d : IsMarkovKernel \u03bd\na : \u03b1\nn : \u2115\n\u22a2 IndepFun (rewardByCount a (n + 1)) (fun \u03c9 i => rewardByCount a (\u2191i) \u03c9) (Bandit.measure alg\u271d \u03bd\u271d)", "url": "https://github.com/RemyDegenne/lean-bandits/blob/b9dbcf61a2dbd260143d95b0d4812d7ad6197c42/LeanBandits/RewardByCountMeasure.lean#L277"}, "metadata": {"blame_email_hash": "d765cd676b3d", "blame_date": "2025-10-23T13:16:50+02:00", "inclusion_date": "2025-12-29T18:26:34.346284+00:00"}, "id": "5c8d5237332e47ae2cf9c4baa768c4e30cc6eaa04d21bea8413349f11bc070eb"} --agent-strategy {"name": "rfl", "args": {}}
[2026-01-10 16:12:11] [INFO] Arguments parsed: repo_path=/root/repo, output_path=/root/repo/result.json
[2026-01-10 16:12:11] [INFO] Strategy spec: {"name": "rfl", "args": {}}...
[2026-01-10 16:12:11] [INFO] Loading sorry data...
[2026-01-10 16:12:11] [INFO] Parsing sorry from JSON string...
[2026-01-10 16:12:11] [INFO] Sorry data parsed from JSON string
[2026-01-10 16:12:11] [INFO] Creating strategy from spec...
[2026-01-10 16:12:11] [INFO] Parsing strategy spec (length: 27 chars)
[2026-01-10 16:12:11] [INFO] Strategy name: rfl
[2026-01-10 16:12:11] [INFO] Strategy args: {}
[2026-01-10 16:12:11] [INFO] Pass@k value: 1
[2026-01-10 16:12:11] [INFO] Creating strategy: rfl
[2026-01-10 16:12:11] [INFO] Strategies created: ['RflStrategy']
[2026-01-10 16:12:11] [INFO] Pass@k value: 1
[2026-01-10 16:12:11] [INFO] Creating Sorry object...
[2026-01-10 16:12:11] [INFO] Sorry object created: id=5c8d5237332e47ae2cf9c4baa768c4e30cc6eaa04d21bea8413349f11bc070eb
[2026-01-10 16:12:11] [INFO] Sorry location: LeanBandits/RewardByCountMeasure.lean:277
[2026-01-10 16:12:11] [INFO] Context before sorry (lines 272-277):
[2026-01-10 16:12:11] [INFO]   272:   (identDistrib_rewardByCount_id a n hn).trans (identDistrib_eval_eval_id_streamMeasure ν m a).symm
[2026-01-10 16:12:11] [INFO]   273: 
[2026-01-10 16:12:11] [INFO]   274: lemma indepFun_rewardByCount_Iic (alg : Algorithm α ℝ) (ν : Kernel α ℝ) [IsMarkovKernel ν] (a : α)
[2026-01-10 16:12:11] [INFO]   275:     (n : ℕ) :
[2026-01-10 16:12:11] [INFO]   276:     (rewardByCount a (n + 1)) ⟂ᵢ[𝔓] fun ω (i : Iic n) ↦ rewardByCount a i ω := by
[2026-01-10 16:12:11] [INFO]   277:   sorry
[2026-01-10 16:12:11] [INFO] Sorry line:   sorry
[2026-01-10 16:12:11] [INFO] Sorry goal: α : Type u_1
mα : MeasurableSpace α
inst✝³ : DecidableEq α
inst✝² : MeasurableSingletonClass α
alg✝ ...
[2026-01-10 16:12:11] [INFO] ========================================
[2026-01-10 16:12:11] [INFO] Trying strategy: RflStrategy (up to 1 attempts)
[2026-01-10 16:12:11] [INFO] --------------------
[2026-01-10 16:12:11] [INFO] Strategy RflStrategy, attempt 1/1
[2026-01-10 16:12:11] [INFO] Starting proof generation...
[2026-01-10 16:12:11] [INFO] Repository path: /root/repo
[2026-01-10 16:12:11] [INFO] Proof generation completed
[2026-01-10 16:12:11] [INFO] Generated proof:
[2026-01-10 16:12:11] [INFO] rfl
[2026-01-10 16:12:11] [INFO] Proof length: 3 chars
[2026-01-10 16:12:11] [INFO] Starting proof verification...
[2026-01-10 16:12:11] [INFO] Verifying at: LeanBandits/RewardByCountMeasure.lean:277
[2026-01-10 16:12:11] [INFO] Using LEAN INTERACT verify
[2026-01-10 16:12:11] [INFO] Checking file
[2026-01-10 16:14:30] [INFO] Cannot build modified file <error line="277" column="2">
<code_line>  rfl</code_line>
<message>error: Tactic `rfl` failed: The left-hand side</message>
</error>
  fun ω i => rewardByCount a (↑i) ω
is not definitionally equal to the right-hand side
  Bandit.measure alg✝ ν✝

α : Type u_1
mα : MeasurableSpace α
inst✝³ : DecidableEq α
inst✝² : MeasurableSingletonClass α
alg✝ : Algorithm α ℝ
ν✝ : Kernel α ℝ
inst✝¹ : IsMarkovKernel ν✝
alg : Algorithm α ℝ
ν : Kernel α ℝ
inst✝ : IsMarkovKernel ν
a : α
n : ℕ
⊢ rewardByCount a (n + 1) ⟂ᵢ[Bandit.measure alg✝ ν✝] fun ω i => rewardByCount a (↑i) ω
[2026-01-10 16:14:30] [INFO] Proof verification completed
[2026-01-10 16:14:30] [INFO] Strategy RflStrategy attempt 1: verified=False
[2026-01-10 16:14:30] [INFO] Verification message: Cannot build modified file: <error line="277" column="2">
<code_line>  rfl</code_line>
<message>error: Tactic `rfl` failed: The left-hand side</message>
</error>
  fun ω i => rewardByCount a (↑i) ω
is not definitionally equal to the right-hand side
  Bandit.measure alg✝ ν✝

α : Type u_1
mα : MeasurableSpace α
inst✝³ : DecidableEq α
inst✝² : MeasurableSingletonClass α
alg✝ : Algorithm α ℝ
ν✝ : Kernel α ℝ
inst✝¹ : IsMarkovKernel ν✝
alg : Algorithm α ℝ
ν : Kernel α ℝ
inst✝ : IsMarkovKernel ν
a : α
n : ℕ
⊢ rewardByCount a (n + 1) ⟂ᵢ[Bandit.measure alg✝ ν✝] fun ω i => rewardByCount a (↑i) ω

[2026-01-10 16:14:30] [INFO] Attempt 1 failed verification, continuing...
[2026-01-10 16:14:30] [INFO] ========================================
[2026-01-10 16:14:30] [INFO] Pass@k completed. Total results: 1
[2026-01-10 16:14:30] [INFO] FAILED: All 1 strategies x 1 attempts
[2026-01-10 16:14:30] [INFO] Writing results to file: /root/repo/result.json
[2026-01-10 16:14:30] [INFO] Result file written successfully
[2026-01-10 16:14:30] [INFO] Results exported to: /root/repo/result.json
[2026-01-10 16:14:30] [INFO] run_morphcloud_local.py completed successfully

[2026-01-10 16:14:31] [process_single_sorry] Downloading result file...
[2026-01-10 16:14:32] [process_single_sorry] Downloaded result to intermediate_experiment_outputs_full_reservoir/rfl/2026-01-10_14-19-01_rfl/individual/5c8d5237332e47ae2cf9c4baa768c4e30cc6eaa04d21bea8413349f11bc070eb.json
[2026-01-10 16:14:36] [process_single_sorry] Instance context closed successfully
[2026-01-10 16:14:36] [process_single_sorry] Parsing result file...
[2026-01-10 16:14:36] [process_single_sorry] Successfully parsed result (list format, 1 results)
