[2026-01-10 15:37:35] [process_single_sorry] Starting for sorry 652ebad93e8ee17958fbd8d54d973a73dcf1a27480a4bfb735f4ffdbbf116c76
[2026-01-10 15:37:35] [process_single_sorry] Using snapshot: snapshot_kpm8amic
[2026-01-10 15:37:35] [process_single_sorry] Repository: https://github.com/acmepjz/lean-iwasawa@c8a84452cf582ec2a7e29458d3cce4ec3c0411e7
[2026-01-10 15:37:35] [process_single_sorry] Instance name: lean-iwasawa_c8a84452cf58_rfl_652ebad93e8ee17958fbd8d54d973a73dcf1a27480a4bfb735f4ffdbbf116c76
[2026-01-10 15:37:35] [process_single_sorry] Starting attempt 1/3
[2026-01-10 15:37:35] [process_single_sorry] Starting instance from snapshot...
[2026-01-10 15:37:36] [process_single_sorry] Instance started successfully: morphvm_c0la9vqx
[2026-01-10 15:37:36] [process_single_sorry] Creating .env file...
[2026-01-10 15:37:44] [process_single_sorry] .env file created (exit_code: 0)
[2026-01-10 15:37:44] [process_single_sorry] Executing agent command...
[2026-01-10 15:38:04] [process_single_sorry] Agent command completed (exit_code: 0)
[2026-01-10 15:38:04] [process_single_sorry] STDOUT:

Results JSON:
[
  {
    "sorry": {
      "repo": {
        "remote": "https://github.com/acmepjz/lean-iwasawa",
        "branch": "master",
        "commit": "c8a84452cf582ec2a7e29458d3cce4ec3c0411e7",
        "lean_version": "v4.26.0-rc2"
      },
      "location": {
        "path": "Iwasawalib/NumberTheory/Padics/Units.lean",
        "start_line": 862,
        "start_column": 24,
        "end_line": 862,
        "end_column": 29
      },
      "debug_info": {
        "goal": "p : ℕ\ninst✝⁴ : Fact (Nat.Prime p)\nG : Type u_1\ninst✝³ : Infinite G\ninst✝² : CommGroup G\ninst✝¹ : TopologicalSpace G\ninst✝ : CompactSpace G\nf : G →ₜ* ℤ_[p]ˣ\nhf : Function.Injective ⇑f\nΔ : Subgroup G := ⋯\nhΔ₁ : Δ = CommGroup.torsion G\nf₁ : G →ₜ* ↥(PadicInt.torsionfreeUnits p inst✝⁴) := ⋯\nhΔ₂ : CommGroup.torsion G ≤ f₁.ker\n⊢ Continuous (↑(QuotientGroup.lift (CommGroup.torsion G) (↑f₁) hΔ₂)).toFun",
        "url": "https://github.com/acmepjz/lean-iwasawa/blob/c8a84452cf582ec2a7e29458d3cce4ec3c0411e7/Iwasawalib/NumberTheory/Padics/Units.lean#L862"
      },
      "metadata": {
        "blame_email_hash": "51a1929615ee",
        "blame_date": "2025-12-29T21:38:40+08:00",
        "inclusion_date": "2025-12-30T00:43:45.257694+00:00"
      },
      "id": "652ebad93e8ee17958fbd8d54d973a73dcf1a27480a4bfb735f4ffdbbf116c76"
    },
    "proof": null,
    "proof_verified": false,
    "feedback": null,
    "verification_message": "All 1 attempts failed (1 strategies x 1 attempts each)",
    "success": true,
    "error_type": null,
    "error_message": null,
    "strategy_name": "all_failed_k=1",
    "proof_attempts": [
      "rfl"
    ]
  }
]

[2026-01-10 15:38:04] [process_single_sorry] STDERR:
None of PyTorch, TensorFlow >= 2.0, or Flax have been found. Models won't be available and only tokenizers, configuration and file/data utilities can be used.
[2026-01-10 15:37:55] [INFO] ================================================================================
[2026-01-10 15:37:55] [INFO] Starting run_morphcloud_local.py
[2026-01-10 15:37:55] [INFO] ================================================================================
[2026-01-10 15:37:55] [INFO] Environment loaded
[2026-01-10 15:37:55] [INFO] Full command: /root/SorryDB/sorrydb/cli/run_morphcloud_local.py --repo-path /root/repo --sorry-json {"repo": {"remote": "https://github.com/acmepjz/lean-iwasawa", "branch": "master", "commit": "c8a84452cf582ec2a7e29458d3cce4ec3c0411e7", "lean_version": "v4.26.0-rc2"}, "location": {"path": "Iwasawalib/NumberTheory/Padics/Units.lean", "start_line": 862, "start_column": 24, "end_line": 862, "end_column": 29}, "debug_info": {"goal": "p : \u2115\ninst\u271d\u2074 : Fact (Nat.Prime p)\nG : Type u_1\ninst\u271d\u00b3 : Infinite G\ninst\u271d\u00b2 : CommGroup G\ninst\u271d\u00b9 : TopologicalSpace G\ninst\u271d : CompactSpace G\nf : G \u2192\u209c* \u2124_[p]\u02e3\nhf : Function.Injective \u21d1f\n\u0394 : Subgroup G := \u22ef\nh\u0394\u2081 : \u0394 = CommGroup.torsion G\nf\u2081 : G \u2192\u209c* \u21a5(PadicInt.torsionfreeUnits p inst\u271d\u2074) := \u22ef\nh\u0394\u2082 : CommGroup.torsion G \u2264 f\u2081.ker\n\u22a2 Continuous (\u2191(QuotientGroup.lift (CommGroup.torsion G) (\u2191f\u2081) h\u0394\u2082)).toFun", "url": "https://github.com/acmepjz/lean-iwasawa/blob/c8a84452cf582ec2a7e29458d3cce4ec3c0411e7/Iwasawalib/NumberTheory/Padics/Units.lean#L862"}, "metadata": {"blame_email_hash": "51a1929615ee", "blame_date": "2025-12-29T21:38:40+08:00", "inclusion_date": "2025-12-30T00:43:45.257694+00:00"}, "id": "652ebad93e8ee17958fbd8d54d973a73dcf1a27480a4bfb735f4ffdbbf116c76"} --agent-strategy {"name": "rfl", "args": {}}
[2026-01-10 15:37:55] [INFO] Arguments parsed: repo_path=/root/repo, output_path=/root/repo/result.json
[2026-01-10 15:37:55] [INFO] Strategy spec: {"name": "rfl", "args": {}}...
[2026-01-10 15:37:55] [INFO] Loading sorry data...
[2026-01-10 15:37:55] [INFO] Parsing sorry from JSON string...
[2026-01-10 15:37:55] [INFO] Sorry data parsed from JSON string
[2026-01-10 15:37:55] [INFO] Creating strategy from spec...
[2026-01-10 15:37:55] [INFO] Parsing strategy spec (length: 27 chars)
[2026-01-10 15:37:55] [INFO] Strategy name: rfl
[2026-01-10 15:37:55] [INFO] Strategy args: {}
[2026-01-10 15:37:55] [INFO] Pass@k value: 1
[2026-01-10 15:37:55] [INFO] Creating strategy: rfl
[2026-01-10 15:37:55] [INFO] Strategies created: ['RflStrategy']
[2026-01-10 15:37:55] [INFO] Pass@k value: 1
[2026-01-10 15:37:55] [INFO] Creating Sorry object...
[2026-01-10 15:37:55] [INFO] Sorry object created: id=652ebad93e8ee17958fbd8d54d973a73dcf1a27480a4bfb735f4ffdbbf116c76
[2026-01-10 15:37:55] [INFO] Sorry location: Iwasawalib/NumberTheory/Padics/Units.lean:862
[2026-01-10 15:37:55] [INFO] Context before sorry (lines 857-862):
[2026-01-10 15:37:55] [INFO]   857:       ℤ_[p]ˣ →ₜ* torsionfreeUnits p × torsionUnits p).comp f
[2026-01-10 15:37:55] [INFO]   858:   have hΔ₂ : CommGroup.torsion G ≤ f₁.ker := by
[2026-01-10 15:37:55] [INFO]   859:     sorry
[2026-01-10 15:37:55] [INFO]   860:   let f₂ : G ⧸ CommGroup.torsion G →ₜ* torsionfreeUnits p := {
[2026-01-10 15:37:55] [INFO]   861:     toMonoidHom := QuotientGroup.lift _ f₁ hΔ₂
[2026-01-10 15:37:55] [INFO]   862:     continuous_toFun := sorry
[2026-01-10 15:37:55] [INFO] Sorry line:     continuous_toFun := sorry
[2026-01-10 15:37:55] [INFO] Sorry goal: p : ℕ
inst✝⁴ : Fact (Nat.Prime p)
G : Type u_1
inst✝³ : Infinite G
inst✝² : CommGroup G
inst✝¹ : Top...
[2026-01-10 15:37:55] [INFO] ========================================
[2026-01-10 15:37:55] [INFO] Trying strategy: RflStrategy (up to 1 attempts)
[2026-01-10 15:37:55] [INFO] --------------------
[2026-01-10 15:37:55] [INFO] Strategy RflStrategy, attempt 1/1
[2026-01-10 15:37:55] [INFO] Starting proof generation...
[2026-01-10 15:37:55] [INFO] Repository path: /root/repo
[2026-01-10 15:37:55] [INFO] Proof generation completed
[2026-01-10 15:37:55] [INFO] Generated proof:
[2026-01-10 15:37:55] [INFO] rfl
[2026-01-10 15:37:55] [INFO] Proof length: 3 chars
[2026-01-10 15:37:55] [INFO] Starting proof verification...
[2026-01-10 15:37:55] [INFO] Verifying at: Iwasawalib/NumberTheory/Padics/Units.lean:862
[2026-01-10 15:37:55] [INFO] Using LEAN INTERACT verify
[2026-01-10 15:37:55] [INFO] Checking file
[2026-01-10 15:38:00] [INFO] Cannot build modified file <input>:1:0: error: `module` keyword is experimental and not enabled here
[2026-01-10 15:38:00] [INFO] Proof verification completed
[2026-01-10 15:38:00] [INFO] Strategy RflStrategy attempt 1: verified=False
[2026-01-10 15:38:00] [INFO] Verification message: Cannot build modified file: <input>:1:0: error: `module` keyword is experimental and not enabled here

[2026-01-10 15:38:00] [INFO] Attempt 1 failed verification, continuing...
[2026-01-10 15:38:00] [INFO] ========================================
[2026-01-10 15:38:00] [INFO] Pass@k completed. Total results: 1
[2026-01-10 15:38:00] [INFO] FAILED: All 1 strategies x 1 attempts
[2026-01-10 15:38:00] [INFO] Writing results to file: /root/repo/result.json
[2026-01-10 15:38:00] [INFO] Result file written successfully
[2026-01-10 15:38:00] [INFO] Results exported to: /root/repo/result.json
[2026-01-10 15:38:00] [INFO] run_morphcloud_local.py completed successfully

[2026-01-10 15:38:04] [process_single_sorry] Downloading result file...
[2026-01-10 15:38:04] [process_single_sorry] Downloaded result to intermediate_experiment_outputs_full_reservoir/rfl/2026-01-10_14-19-01_rfl/individual/652ebad93e8ee17958fbd8d54d973a73dcf1a27480a4bfb735f4ffdbbf116c76.json
[2026-01-10 15:38:05] [process_single_sorry] Instance context closed successfully
[2026-01-10 15:38:05] [process_single_sorry] Parsing result file...
[2026-01-10 15:38:05] [process_single_sorry] Successfully parsed result (list format, 1 results)
