[2026-01-10 15:35:31] [process_single_sorry] Starting for sorry 6bb4c3e7fdd6a9f11db037370321ce6d52b5e0e251c25dc32cd3b3aa3f3ebe61
[2026-01-10 15:35:31] [process_single_sorry] Using snapshot: snapshot_a7fksymp
[2026-01-10 15:35:31] [process_single_sorry] Repository: https://github.com/YaelDillies/MiscYD@27148468f2c268580e0d652a005a6ca6be6c10cb
[2026-01-10 15:35:31] [process_single_sorry] Instance name: MiscYD_27148468f2c2_rfl_6bb4c3e7fdd6a9f11db037370321ce6d52b5e0e251c25dc32cd3b3aa3f3ebe61
[2026-01-10 15:35:31] [process_single_sorry] Starting attempt 1/3
[2026-01-10 15:35:31] [process_single_sorry] Starting instance from snapshot...
[2026-01-10 15:35:33] [process_single_sorry] Instance started successfully: morphvm_hcb0zhul
[2026-01-10 15:35:33] [process_single_sorry] Creating .env file...
[2026-01-10 15:35:37] [process_single_sorry] .env file created (exit_code: 0)
[2026-01-10 15:35:37] [process_single_sorry] Executing agent command...
[2026-01-10 15:36:15] [process_single_sorry] Agent command completed (exit_code: 0)
[2026-01-10 15:36:15] [process_single_sorry] STDOUT:

Results JSON:
[
  {
    "sorry": {
      "repo": {
        "remote": "https://github.com/YaelDillies/MiscYD",
        "branch": "master",
        "commit": "27148468f2c268580e0d652a005a6ca6be6c10cb",
        "lean_version": "v4.26.0"
      },
      "location": {
        "path": "MiscYD/AddCombi/Kneser/KneserRuzsa.lean",
        "start_line": 148,
        "start_column": 2,
        "end_line": 148,
        "end_column": 7
      },
      "debug_info": {
        "goal": "α✝ : Type u_1\ninst✝³ : CommGroup α✝\ninst✝² : DecidableEq α✝\ns✝ t✝ : Finset α✝\nα : Type u_1\ninst✝¹ : CommGroup α\ninst✝ : DecidableEq α\ns t : Finset α\nhs : s.Nonempty\nht : t.Nonempty\nHs : Finset α := s.mulStab\nhHs✝ : Hs = s.mulStab\nHt : Finset α := t.mulStab\nhHt✝ : Ht = t.mulStab\nH : Finset α := Hs * Ht\nhH✝ : H = Hs * Ht\nhHs : Hs.Nonempty\nhHt : Ht.Nonempty\nhH : H.Nonempty\nh1 : Hs ∩ Ht = 1\n⊢ min (s.card + Hs.card) (t.card + Ht.card) ≤ (s ∪ t).card + (s ∪ t).mulStab.card",
        "url": "https://github.com/YaelDillies/MiscYD/blob/27148468f2c268580e0d652a005a6ca6be6c10cb/MiscYD/AddCombi/Kneser/KneserRuzsa.lean#L148"
      },
      "metadata": {
        "blame_email_hash": "97e8591fe714",
        "blame_date": "2025-02-01T22:12:49+01:00",
        "inclusion_date": "2025-12-30T00:31:23.315617+00:00"
      },
      "id": "6bb4c3e7fdd6a9f11db037370321ce6d52b5e0e251c25dc32cd3b3aa3f3ebe61"
    },
    "proof": null,
    "proof_verified": false,
    "feedback": null,
    "verification_message": "All 1 attempts failed (1 strategies x 1 attempts each)",
    "success": true,
    "error_type": null,
    "error_message": null,
    "strategy_name": "all_failed_k=1",
    "proof_attempts": [
      "rfl"
    ]
  }
]

[2026-01-10 15:36:15] [process_single_sorry] STDERR:
None of PyTorch, TensorFlow >= 2.0, or Flax have been found. Models won't be available and only tokenizers, configuration and file/data utilities can be used.
[2026-01-10 15:35:50] [INFO] ================================================================================
[2026-01-10 15:35:50] [INFO] Starting run_morphcloud_local.py
[2026-01-10 15:35:50] [INFO] ================================================================================
[2026-01-10 15:35:50] [INFO] Environment loaded
[2026-01-10 15:35:50] [INFO] Full command: /root/SorryDB/sorrydb/cli/run_morphcloud_local.py --repo-path /root/repo --sorry-json {"repo": {"remote": "https://github.com/YaelDillies/MiscYD", "branch": "master", "commit": "27148468f2c268580e0d652a005a6ca6be6c10cb", "lean_version": "v4.26.0"}, "location": {"path": "MiscYD/AddCombi/Kneser/KneserRuzsa.lean", "start_line": 148, "start_column": 2, "end_line": 148, "end_column": 7}, "debug_info": {"goal": "\u03b1\u271d : Type u_1\ninst\u271d\u00b3 : CommGroup \u03b1\u271d\ninst\u271d\u00b2 : DecidableEq \u03b1\u271d\ns\u271d t\u271d : Finset \u03b1\u271d\n\u03b1 : Type u_1\ninst\u271d\u00b9 : CommGroup \u03b1\ninst\u271d : DecidableEq \u03b1\ns t : Finset \u03b1\nhs : s.Nonempty\nht : t.Nonempty\nHs : Finset \u03b1 := s.mulStab\nhHs\u271d : Hs = s.mulStab\nHt : Finset \u03b1 := t.mulStab\nhHt\u271d : Ht = t.mulStab\nH : Finset \u03b1 := Hs * Ht\nhH\u271d : H = Hs * Ht\nhHs : Hs.Nonempty\nhHt : Ht.Nonempty\nhH : H.Nonempty\nh1 : Hs \u2229 Ht = 1\n\u22a2 min (s.card + Hs.card) (t.card + Ht.card) \u2264 (s \u222a t).card + (s \u222a t).mulStab.card", "url": "https://github.com/YaelDillies/MiscYD/blob/27148468f2c268580e0d652a005a6ca6be6c10cb/MiscYD/AddCombi/Kneser/KneserRuzsa.lean#L148"}, "metadata": {"blame_email_hash": "97e8591fe714", "blame_date": "2025-02-01T22:12:49+01:00", "inclusion_date": "2025-12-30T00:31:23.315617+00:00"}, "id": "6bb4c3e7fdd6a9f11db037370321ce6d52b5e0e251c25dc32cd3b3aa3f3ebe61"} --agent-strategy {"name": "rfl", "args": {}}
[2026-01-10 15:35:50] [INFO] Arguments parsed: repo_path=/root/repo, output_path=/root/repo/result.json
[2026-01-10 15:35:50] [INFO] Strategy spec: {"name": "rfl", "args": {}}...
[2026-01-10 15:35:50] [INFO] Loading sorry data...
[2026-01-10 15:35:50] [INFO] Parsing sorry from JSON string...
[2026-01-10 15:35:50] [INFO] Sorry data parsed from JSON string
[2026-01-10 15:35:50] [INFO] Creating strategy from spec...
[2026-01-10 15:35:50] [INFO] Parsing strategy spec (length: 27 chars)
[2026-01-10 15:35:50] [INFO] Strategy name: rfl
[2026-01-10 15:35:50] [INFO] Strategy args: {}
[2026-01-10 15:35:50] [INFO] Pass@k value: 1
[2026-01-10 15:35:50] [INFO] Creating strategy: rfl
[2026-01-10 15:35:50] [INFO] Strategies created: ['RflStrategy']
[2026-01-10 15:35:50] [INFO] Pass@k value: 1
[2026-01-10 15:35:50] [INFO] Creating Sorry object...
[2026-01-10 15:35:50] [INFO] Sorry object created: id=6bb4c3e7fdd6a9f11db037370321ce6d52b5e0e251c25dc32cd3b3aa3f3ebe61
[2026-01-10 15:35:50] [INFO] Sorry location: MiscYD/AddCombi/Kneser/KneserRuzsa.lean:148
[2026-01-10 15:35:50] [INFO] Context before sorry (lines 143-148):
[2026-01-10 15:35:50] [INFO]   143:   --   · right
[2026-01-10 15:35:50] [INFO]   144:   --     sorry
[2026-01-10 15:35:50] [INFO]   145:   -- have Hst : (s ∪ t).mulStab.Nonempty := ht.inr.mulStab
[2026-01-10 15:35:50] [INFO]   146:   -- set k : α → ℕ := fun a =>
[2026-01-10 15:35:50] [INFO]   147:   --   #((a • H).image (QuotientGroup.mk (s := stabilizer α s)) ∩ s.image QuotientGroup.mk)
[2026-01-10 15:35:50] [INFO]   148:   sorry
[2026-01-10 15:35:50] [INFO] Sorry line:   sorry
[2026-01-10 15:35:50] [INFO] Sorry goal: α✝ : Type u_1
inst✝³ : CommGroup α✝
inst✝² : DecidableEq α✝
s✝ t✝ : Finset α✝
α : Type u_1
inst✝¹ : ...
[2026-01-10 15:35:50] [INFO] ========================================
[2026-01-10 15:35:50] [INFO] Trying strategy: RflStrategy (up to 1 attempts)
[2026-01-10 15:35:50] [INFO] --------------------
[2026-01-10 15:35:50] [INFO] Strategy RflStrategy, attempt 1/1
[2026-01-10 15:35:50] [INFO] Starting proof generation...
[2026-01-10 15:35:50] [INFO] Repository path: /root/repo
[2026-01-10 15:35:50] [INFO] Proof generation completed
[2026-01-10 15:35:50] [INFO] Generated proof:
[2026-01-10 15:35:50] [INFO] rfl
[2026-01-10 15:35:50] [INFO] Proof length: 3 chars
[2026-01-10 15:35:50] [INFO] Starting proof verification...
[2026-01-10 15:35:50] [INFO] Verifying at: MiscYD/AddCombi/Kneser/KneserRuzsa.lean:148
[2026-01-10 15:35:50] [INFO] Using LEAN INTERACT verify
[2026-01-10 15:35:50] [INFO] Checking file
[2026-01-10 15:36:13] [INFO] Cannot build modified file <error line="148" column="2">
<code_line>  rfl</code_line>
<message>error: Tactic `rfl` failed: The left-hand side</message>
</error>
  min (#s + #Hs) (#t + #Ht)
is not definitionally equal to the right-hand side
  #(s ∪ t) + #(s ∪ t).mulStab

α✝ : Type u_1
inst✝³ : CommGroup α✝
inst✝² : DecidableEq α✝
s✝ t✝ : Finset α✝
α : Type u_1
inst✝¹ : CommGroup α
inst✝ : DecidableEq α
s t : Finset α
hs : s.Nonempty
ht : t.Nonempty
Hs : Finset α := s.mulStab
hHs✝ : Hs = s.mulStab
Ht : Finset α := t.mulStab
hHt✝ : Ht = t.mulStab
H : Finset α := Hs * Ht
hH✝ : H = Hs * Ht
hHs : Hs.Nonempty
hHt : Ht.Nonempty
hH : H.Nonempty
h1 : Hs ∩ Ht = 1
⊢ min (#s + #Hs) (#t + #Ht) ≤ #(s ∪ t) + #(s ∪ t).mulStab
[2026-01-10 15:36:13] [INFO] Proof verification completed
[2026-01-10 15:36:13] [INFO] Strategy RflStrategy attempt 1: verified=False
[2026-01-10 15:36:13] [INFO] Verification message: Cannot build modified file: <error line="148" column="2">
<code_line>  rfl</code_line>
<message>error: Tactic `rfl` failed: The left-hand side</message>
</error>
  min (#s + #Hs) (#t + #Ht)
is not definitionally equal to the right-hand side
  #(s ∪ t) + #(s ∪ t).mulStab

α✝ : Type u_1
inst✝³ : CommGroup α✝
inst✝² : DecidableEq α✝
s✝ t✝ : Finset α✝
α : Type u_1
inst✝¹ : CommGroup α
inst✝ : DecidableEq α
s t : Finset α
hs : s.Nonempty
ht : t.Nonempty
Hs : Finset α := s.mulStab
hHs✝ : Hs = s.mulStab
Ht : Finset α := t.mulStab
hHt✝ : Ht = t.mulStab
H : Finset α := Hs * Ht
hH✝ : H = Hs * Ht
hHs : Hs.Nonempty
hHt : Ht.Nonempty
hH : H.Nonempty
h1 : Hs ∩ Ht = 1
⊢ min (#s + #Hs) (#t + #Ht) ≤ #(s ∪ t) + #(s ∪ t).mulStab

[2026-01-10 15:36:13] [INFO] Attempt 1 failed verification, continuing...
[2026-01-10 15:36:13] [INFO] ========================================
[2026-01-10 15:36:13] [INFO] Pass@k completed. Total results: 1
[2026-01-10 15:36:13] [INFO] FAILED: All 1 strategies x 1 attempts
[2026-01-10 15:36:13] [INFO] Writing results to file: /root/repo/result.json
[2026-01-10 15:36:13] [INFO] Result file written successfully
[2026-01-10 15:36:13] [INFO] Results exported to: /root/repo/result.json
[2026-01-10 15:36:13] [INFO] run_morphcloud_local.py completed successfully

[2026-01-10 15:36:15] [process_single_sorry] Downloading result file...
[2026-01-10 15:36:15] [process_single_sorry] Downloaded result to intermediate_experiment_outputs_full_reservoir/rfl/2026-01-10_14-19-01_rfl/individual/6bb4c3e7fdd6a9f11db037370321ce6d52b5e0e251c25dc32cd3b3aa3f3ebe61.json
[2026-01-10 15:36:16] [process_single_sorry] Instance context closed successfully
[2026-01-10 15:36:16] [process_single_sorry] Parsing result file...
[2026-01-10 15:36:16] [process_single_sorry] Successfully parsed result (list format, 1 results)
