[2026-01-10 15:39:32] [process_single_sorry] Starting for sorry 6d05dec2cebbf85ba10091217f6b8b3347d93b3444644c6584cdb7f9c84323f1
[2026-01-10 15:39:32] [process_single_sorry] Using snapshot: snapshot_j1710uqs
[2026-01-10 15:39:32] [process_single_sorry] Repository: https://github.com/arademaker/fad@ac40e4faf3b1252bc943676314449c22b5af3c9d
[2026-01-10 15:39:32] [process_single_sorry] Instance name: fad_ac40e4faf3b1_rfl_6d05dec2cebbf85ba10091217f6b8b3347d93b3444644c6584cdb7f9c84323f1
[2026-01-10 15:39:32] [process_single_sorry] Starting attempt 1/3
[2026-01-10 15:39:32] [process_single_sorry] Starting instance from snapshot...
[2026-01-10 15:39:37] [process_single_sorry] Instance started successfully: morphvm_rlioinx8
[2026-01-10 15:39:37] [process_single_sorry] Creating .env file...
[2026-01-10 15:39:42] [process_single_sorry] .env file created (exit_code: 0)
[2026-01-10 15:39:42] [process_single_sorry] Executing agent command...
[2026-01-10 15:40:56] [process_single_sorry] Agent command completed (exit_code: 0)
[2026-01-10 15:40:56] [process_single_sorry] STDOUT:

Results JSON:
[
  {
    "sorry": {
      "repo": {
        "remote": "https://github.com/arademaker/fad",
        "branch": "main",
        "commit": "ac40e4faf3b1252bc943676314449c22b5af3c9d",
        "lean_version": "v4.27.0-rc1"
      },
      "location": {
        "path": "Fad/Chapter3-Ex.lean",
        "start_line": 201,
        "start_column": 6,
        "end_line": 201,
        "end_column": 11
      },
      "debug_info": {
        "goal": "a : Type\nx : a\nxs : List a\nih : xs = fromRA (Chapter3.toRA a xs)\nt : Tree a\nds : List (Digit a)\n⊢ x :: (concat1 ∘ List.map fromRA.frm) (Digit.one t :: ds) =\n    (concat1 ∘ List.map fromRA.frm)\n      (consRA.consT (Tree.leaf x) (List.foldr consRA nilRA ((concat1 ∘ List.map fromRA.frm) (Digit.one t :: ds))))",
        "url": "https://github.com/arademaker/fad/blob/ac40e4faf3b1252bc943676314449c22b5af3c9d/Fad/Chapter3-Ex.lean#L201"
      },
      "metadata": {
        "blame_email_hash": "1f38ff183bd9",
        "blame_date": "2025-04-14T16:36:51-03:00",
        "inclusion_date": "2025-12-30T01:10:43.420204+00:00"
      },
      "id": "6d05dec2cebbf85ba10091217f6b8b3347d93b3444644c6584cdb7f9c84323f1"
    },
    "proof": null,
    "proof_verified": false,
    "feedback": null,
    "verification_message": "All 1 attempts failed (1 strategies x 1 attempts each)",
    "success": true,
    "error_type": null,
    "error_message": null,
    "strategy_name": "all_failed_k=1",
    "proof_attempts": [
      "rfl"
    ]
  }
]

[2026-01-10 15:40:56] [process_single_sorry] STDERR:
None of PyTorch, TensorFlow >= 2.0, or Flax have been found. Models won't be available and only tokenizers, configuration and file/data utilities can be used.
[2026-01-10 15:40:19] [INFO] ================================================================================
[2026-01-10 15:40:19] [INFO] Starting run_morphcloud_local.py
[2026-01-10 15:40:19] [INFO] ================================================================================
[2026-01-10 15:40:19] [INFO] Environment loaded
[2026-01-10 15:40:19] [INFO] Full command: /root/SorryDB/sorrydb/cli/run_morphcloud_local.py --repo-path /root/repo --sorry-json {"repo": {"remote": "https://github.com/arademaker/fad", "branch": "main", "commit": "ac40e4faf3b1252bc943676314449c22b5af3c9d", "lean_version": "v4.27.0-rc1"}, "location": {"path": "Fad/Chapter3-Ex.lean", "start_line": 201, "start_column": 6, "end_line": 201, "end_column": 11}, "debug_info": {"goal": "a : Type\nx : a\nxs : List a\nih : xs = fromRA (Chapter3.toRA a xs)\nt : Tree a\nds : List (Digit a)\n\u22a2 x :: (concat1 \u2218 List.map fromRA.frm) (Digit.one t :: ds) =\n    (concat1 \u2218 List.map fromRA.frm)\n      (consRA.consT (Tree.leaf x) (List.foldr consRA nilRA ((concat1 \u2218 List.map fromRA.frm) (Digit.one t :: ds))))", "url": "https://github.com/arademaker/fad/blob/ac40e4faf3b1252bc943676314449c22b5af3c9d/Fad/Chapter3-Ex.lean#L201"}, "metadata": {"blame_email_hash": "1f38ff183bd9", "blame_date": "2025-04-14T16:36:51-03:00", "inclusion_date": "2025-12-30T01:10:43.420204+00:00"}, "id": "6d05dec2cebbf85ba10091217f6b8b3347d93b3444644c6584cdb7f9c84323f1"} --agent-strategy {"name": "rfl", "args": {}}
[2026-01-10 15:40:19] [INFO] Arguments parsed: repo_path=/root/repo, output_path=/root/repo/result.json
[2026-01-10 15:40:19] [INFO] Strategy spec: {"name": "rfl", "args": {}}...
[2026-01-10 15:40:19] [INFO] Loading sorry data...
[2026-01-10 15:40:19] [INFO] Parsing sorry from JSON string...
[2026-01-10 15:40:19] [INFO] Sorry data parsed from JSON string
[2026-01-10 15:40:19] [INFO] Creating strategy from spec...
[2026-01-10 15:40:19] [INFO] Parsing strategy spec (length: 27 chars)
[2026-01-10 15:40:19] [INFO] Strategy name: rfl
[2026-01-10 15:40:19] [INFO] Strategy args: {}
[2026-01-10 15:40:19] [INFO] Pass@k value: 1
[2026-01-10 15:40:19] [INFO] Creating strategy: rfl
[2026-01-10 15:40:19] [INFO] Strategies created: ['RflStrategy']
[2026-01-10 15:40:19] [INFO] Pass@k value: 1
[2026-01-10 15:40:19] [INFO] Creating Sorry object...
[2026-01-10 15:40:19] [INFO] Sorry object created: id=6d05dec2cebbf85ba10091217f6b8b3347d93b3444644c6584cdb7f9c84323f1
[2026-01-10 15:40:19] [INFO] Sorry location: Fad/Chapter3-Ex.lean:201
[2026-01-10 15:40:19] [INFO] Context before sorry (lines 196-201):
[2026-01-10 15:40:19] [INFO]   196:       rw [concatMap]
[2026-01-10 15:40:19] [INFO]   197:       sorry
[2026-01-10 15:40:19] [INFO]   198:     | (Digit.one t :: ds) =>
[2026-01-10 15:40:19] [INFO]   199:       simp [fromRA]
[2026-01-10 15:40:19] [INFO]   200:       rw [concatMap]
[2026-01-10 15:40:19] [INFO]   201:       sorry
[2026-01-10 15:40:19] [INFO] Sorry line:       sorry
[2026-01-10 15:40:19] [INFO] Sorry goal: a : Type
x : a
xs : List a
ih : xs = fromRA (Chapter3.toRA a xs)
t : Tree a
ds : List (Digit a)
⊢ x ...
[2026-01-10 15:40:19] [INFO] ========================================
[2026-01-10 15:40:19] [INFO] Trying strategy: RflStrategy (up to 1 attempts)
[2026-01-10 15:40:19] [INFO] --------------------
[2026-01-10 15:40:19] [INFO] Strategy RflStrategy, attempt 1/1
[2026-01-10 15:40:19] [INFO] Starting proof generation...
[2026-01-10 15:40:19] [INFO] Repository path: /root/repo
[2026-01-10 15:40:19] [INFO] Proof generation completed
[2026-01-10 15:40:19] [INFO] Generated proof:
[2026-01-10 15:40:19] [INFO] rfl
[2026-01-10 15:40:19] [INFO] Proof length: 3 chars
[2026-01-10 15:40:19] [INFO] Starting proof verification...
[2026-01-10 15:40:19] [INFO] Verifying at: Fad/Chapter3-Ex.lean:201
[2026-01-10 15:40:19] [INFO] Using LEAN INTERACT verify
[2026-01-10 15:40:19] [INFO] Checking file
[2026-01-10 15:40:55] [INFO] Cannot build modified file <error line="201" column="6">
<code_line>      rfl</code_line>
<message>error: Tactic `rfl` failed: The left-hand side</message>
</error>
  x :: (concat1 ∘ List.map fromRA.frm) (Digit.one t :: ds)
is not definitionally equal to the right-hand side
  (concat1 ∘ List.map fromRA.frm)
    (consRA.consT (Tree.leaf x) (List.foldr consRA nilRA ((concat1 ∘ List.map fromRA.frm) (Digit.one t :: ds))))

a : Type
x : a
xs : List a
ih : xs = fromRA (toRA xs)
t : Tree a
ds : List (Digit a)
⊢ x :: (concat1 ∘ List.map fromRA.frm) (Digit.one t :: ds) =
    (concat1 ∘ List.map fromRA.frm)
      (consRA.consT (Tree.leaf x) (List.foldr consRA nilRA ((concat1 ∘ List.map fromRA.frm) (Digit.one t :: ds))))
[2026-01-10 15:40:55] [INFO] Proof verification completed
[2026-01-10 15:40:55] [INFO] Strategy RflStrategy attempt 1: verified=False
[2026-01-10 15:40:55] [INFO] Verification message: Cannot build modified file: <error line="201" column="6">
<code_line>      rfl</code_line>
<message>error: Tactic `rfl` failed: The left-hand side</message>
</error>
  x :: (concat1 ∘ List.map fromRA.frm) (Digit.one t :: ds)
is not definitionally equal to the right-hand side
  (concat1 ∘ List.map fromRA.frm)
    (consRA.consT (Tree.leaf x) (List.foldr consRA nilRA ((concat1 ∘ List.map fromRA.frm) (Digit.one t :: ds))))

a : Type
x : a
xs : List a
ih : xs = fromRA (toRA xs)
t : Tree a
ds : List (Digit a)
⊢ x :: (concat1 ∘ List.map fromRA.frm) (Digit.one t :: ds) =
    (concat1 ∘ List.map fromRA.frm)
      (consRA.consT (Tree.leaf x) (List.foldr consRA nilRA ((concat1 ∘ List.map fromRA.frm) (Digit.one t :: ds))))

[2026-01-10 15:40:55] [INFO] Attempt 1 failed verification, continuing...
[2026-01-10 15:40:55] [INFO] ========================================
[2026-01-10 15:40:55] [INFO] Pass@k completed. Total results: 1
[2026-01-10 15:40:55] [INFO] FAILED: All 1 strategies x 1 attempts
[2026-01-10 15:40:55] [INFO] Writing results to file: /root/repo/result.json
[2026-01-10 15:40:55] [INFO] Result file written successfully
[2026-01-10 15:40:55] [INFO] Results exported to: /root/repo/result.json
[2026-01-10 15:40:55] [INFO] run_morphcloud_local.py completed successfully

[2026-01-10 15:40:56] [process_single_sorry] Downloading result file...
[2026-01-10 15:40:58] [process_single_sorry] Downloaded result to intermediate_experiment_outputs_full_reservoir/rfl/2026-01-10_14-19-01_rfl/individual/6d05dec2cebbf85ba10091217f6b8b3347d93b3444644c6584cdb7f9c84323f1.json
[2026-01-10 15:41:01] [process_single_sorry] Instance context closed successfully
[2026-01-10 15:41:01] [process_single_sorry] Parsing result file...
[2026-01-10 15:41:01] [process_single_sorry] Successfully parsed result (list format, 1 results)
