[2026-01-10 16:02:12] [process_single_sorry] Starting for sorry 6d8fa9fa18706ac29c85fc5be96d116871ce5c67176f122dceef91c1f804b1aa
[2026-01-10 16:02:12] [process_single_sorry] Using snapshot: snapshot_3js54txm
[2026-01-10 16:02:12] [process_single_sorry] Repository: https://github.com/mo271/FormalBook@4acd53dd6e426c19498f1ea0bc58b758e8200340
[2026-01-10 16:02:12] [process_single_sorry] Instance name: FormalBook_4acd53dd6e42_rfl_6d8fa9fa18706ac29c85fc5be96d116871ce5c67176f122dceef91c1f804b1aa
[2026-01-10 16:02:12] [process_single_sorry] Starting attempt 1/3
[2026-01-10 16:02:12] [process_single_sorry] Starting instance from snapshot...
[2026-01-10 16:02:22] [process_single_sorry] Instance started successfully: morphvm_njscwoff
[2026-01-10 16:02:22] [process_single_sorry] Creating .env file...
[2026-01-10 16:02:25] [process_single_sorry] .env file created (exit_code: 0)
[2026-01-10 16:02:25] [process_single_sorry] Executing agent command...
[2026-01-10 16:05:43] [process_single_sorry] Agent command completed (exit_code: 0)
[2026-01-10 16:05:43] [process_single_sorry] STDOUT:

Results JSON:
[
  {
    "sorry": {
      "repo": {
        "remote": "https://github.com/mo271/FormalBook",
        "branch": "main",
        "commit": "4acd53dd6e426c19498f1ea0bc58b758e8200340",
        "lean_version": "v4.27.0-rc1"
      },
      "location": {
        "path": "FormalBook/Chapter_44.lean",
        "start_line": 108,
        "start_column": 2,
        "end_line": 108,
        "end_column": 7
      },
      "debug_info": {
        "goal": "V : Type u\ninst✝¹ : Fintype V\nG : SimpleGraph V\ninst✝ : Nonempty V\nh : ∀ ⦃v w : V⦄, v ≠ w → Fintype.card ↑(G.commonNeighbors v w) = 1\nno_politician : ¬∃ v, ∀ (w : V), v ≠ w → G.Adj v w\nlemma₁ : ∃ k, G.IsRegularOfDegree k\nk : ℕ\nhregular : G.IsRegularOfDegree k\nn : ℕ := Fintype.card V\neq₁ : n = k ^ 2 - k + 1\nthis✝ : 2 < k\nA : Matrix V V ℝ := adjMatrix ℝ G\nthis : A ^ 2 = (k - 1) • 1 + of fun x x_1 => 1\n⊢ False",
        "url": "https://github.com/mo271/FormalBook/blob/4acd53dd6e426c19498f1ea0bc58b758e8200340/FormalBook/Chapter_44.lean#L108"
      },
      "metadata": {
        "blame_email_hash": "ef3bc37f67e8",
        "blame_date": "2024-01-04T23:14:13+01:00",
        "inclusion_date": "2025-12-30T16:55:59.176214+00:00"
      },
      "id": "6d8fa9fa18706ac29c85fc5be96d116871ce5c67176f122dceef91c1f804b1aa"
    },
    "proof": null,
    "proof_verified": false,
    "feedback": null,
    "verification_message": "All 1 attempts failed (1 strategies x 1 attempts each)",
    "success": true,
    "error_type": null,
    "error_message": null,
    "strategy_name": "all_failed_k=1",
    "proof_attempts": [
      "rfl"
    ]
  }
]

[2026-01-10 16:05:43] [process_single_sorry] STDERR:
None of PyTorch, TensorFlow >= 2.0, or Flax have been found. Models won't be available and only tokenizers, configuration and file/data utilities can be used.
[2026-01-10 16:02:58] [INFO] ================================================================================
[2026-01-10 16:02:58] [INFO] Starting run_morphcloud_local.py
[2026-01-10 16:02:58] [INFO] ================================================================================
[2026-01-10 16:02:58] [INFO] Environment loaded
[2026-01-10 16:02:58] [INFO] Full command: /root/SorryDB/sorrydb/cli/run_morphcloud_local.py --repo-path /root/repo --sorry-json {"repo": {"remote": "https://github.com/mo271/FormalBook", "branch": "main", "commit": "4acd53dd6e426c19498f1ea0bc58b758e8200340", "lean_version": "v4.27.0-rc1"}, "location": {"path": "FormalBook/Chapter_44.lean", "start_line": 108, "start_column": 2, "end_line": 108, "end_column": 7}, "debug_info": {"goal": "V : Type u\ninst\u271d\u00b9 : Fintype V\nG : SimpleGraph V\ninst\u271d : Nonempty V\nh : \u2200 \u2983v w : V\u2984, v \u2260 w \u2192 Fintype.card \u2191(G.commonNeighbors v w) = 1\nno_politician : \u00ac\u2203 v, \u2200 (w : V), v \u2260 w \u2192 G.Adj v w\nlemma\u2081 : \u2203 k, G.IsRegularOfDegree k\nk : \u2115\nhregular : G.IsRegularOfDegree k\nn : \u2115 := Fintype.card V\neq\u2081 : n = k ^ 2 - k + 1\nthis\u271d : 2 < k\nA : Matrix V V \u211d := adjMatrix \u211d G\nthis : A ^ 2 = (k - 1) \u2022 1 + of fun x x_1 => 1\n\u22a2 False", "url": "https://github.com/mo271/FormalBook/blob/4acd53dd6e426c19498f1ea0bc58b758e8200340/FormalBook/Chapter_44.lean#L108"}, "metadata": {"blame_email_hash": "ef3bc37f67e8", "blame_date": "2024-01-04T23:14:13+01:00", "inclusion_date": "2025-12-30T16:55:59.176214+00:00"}, "id": "6d8fa9fa18706ac29c85fc5be96d116871ce5c67176f122dceef91c1f804b1aa"} --agent-strategy {"name": "rfl", "args": {}}
[2026-01-10 16:02:58] [INFO] Arguments parsed: repo_path=/root/repo, output_path=/root/repo/result.json
[2026-01-10 16:02:58] [INFO] Strategy spec: {"name": "rfl", "args": {}}...
[2026-01-10 16:02:58] [INFO] Loading sorry data...
[2026-01-10 16:02:58] [INFO] Parsing sorry from JSON string...
[2026-01-10 16:02:58] [INFO] Sorry data parsed from JSON string
[2026-01-10 16:02:58] [INFO] Creating strategy from spec...
[2026-01-10 16:02:58] [INFO] Parsing strategy spec (length: 27 chars)
[2026-01-10 16:02:58] [INFO] Strategy name: rfl
[2026-01-10 16:02:58] [INFO] Strategy args: {}
[2026-01-10 16:02:58] [INFO] Pass@k value: 1
[2026-01-10 16:02:58] [INFO] Creating strategy: rfl
[2026-01-10 16:02:58] [INFO] Strategies created: ['RflStrategy']
[2026-01-10 16:02:58] [INFO] Pass@k value: 1
[2026-01-10 16:02:58] [INFO] Creating Sorry object...
[2026-01-10 16:02:58] [INFO] Sorry object created: id=6d8fa9fa18706ac29c85fc5be96d116871ce5c67176f122dceef91c1f804b1aa
[2026-01-10 16:02:58] [INFO] Sorry location: FormalBook/Chapter_44.lean:108
[2026-01-10 16:02:58] [INFO] Context before sorry (lines 103-108):
[2026-01-10 16:02:58] [INFO]   103: 
[2026-01-10 16:02:58] [INFO]   104:   -- Consider the adjacency matrix
[2026-01-10 16:02:58] [INFO]   105:   let A := G.adjMatrix ℝ
[2026-01-10 16:02:58] [INFO]   106:   have : (A ^ 2) = (k - 1) • (1 : Matrix V V ℝ) + of (fun _ _ => 1) := by sorry
[2026-01-10 16:02:58] [INFO]   107: 
[2026-01-10 16:02:58] [INFO]   108:   sorry
[2026-01-10 16:02:58] [INFO] Sorry line:   sorry
[2026-01-10 16:02:58] [INFO] Sorry goal: V : Type u
inst✝¹ : Fintype V
G : SimpleGraph V
inst✝ : Nonempty V
h : ∀ ⦃v w : V⦄, v ≠ w → Fintype....
[2026-01-10 16:02:58] [INFO] ========================================
[2026-01-10 16:02:58] [INFO] Trying strategy: RflStrategy (up to 1 attempts)
[2026-01-10 16:02:58] [INFO] --------------------
[2026-01-10 16:02:58] [INFO] Strategy RflStrategy, attempt 1/1
[2026-01-10 16:02:58] [INFO] Starting proof generation...
[2026-01-10 16:02:58] [INFO] Repository path: /root/repo
[2026-01-10 16:02:58] [INFO] Proof generation completed
[2026-01-10 16:02:58] [INFO] Generated proof:
[2026-01-10 16:02:58] [INFO] rfl
[2026-01-10 16:02:58] [INFO] Proof length: 3 chars
[2026-01-10 16:02:58] [INFO] Starting proof verification...
[2026-01-10 16:02:58] [INFO] Verifying at: FormalBook/Chapter_44.lean:108
[2026-01-10 16:02:58] [INFO] Using LEAN INTERACT verify
[2026-01-10 16:02:58] [INFO] Checking file
[2026-01-10 16:05:40] [INFO] Cannot build modified file <error line="108" column="2">
<code_line>  rfl</code_line>
<message>error: Tactic `rfl` failed: Expected the goal to be a binary relation</message>
</error>

Hint: Reflexivity tactics can only be used on goals of the form `x ~ x` or `R x x`

V : Type u
inst✝¹ : Fintype V
G : SimpleGraph V
inst✝ : Nonempty V
h : ∀ ⦃v w : V⦄, v ≠ w → Fintype.card ↑(G.commonNeighbors v w) = 1
no_politician : ¬∃ v, ∀ (w : V), v ≠ w → G.Adj v w
lemma₁ : ∃ k, G.IsRegularOfDegree k
k : ℕ
hregular : G.IsRegularOfDegree k
n : ℕ := Fintype.card V
eq₁ : n = k ^ 2 - k + 1
this✝ : 2 < k
A : Matrix V V ℝ := adjMatrix ℝ G
this : A ^ 2 = (k - 1) • 1 + of fun x x_1 => 1
⊢ False
[2026-01-10 16:05:40] [INFO] Proof verification completed
[2026-01-10 16:05:40] [INFO] Strategy RflStrategy attempt 1: verified=False
[2026-01-10 16:05:40] [INFO] Verification message: Cannot build modified file: <error line="108" column="2">
<code_line>  rfl</code_line>
<message>error: Tactic `rfl` failed: Expected the goal to be a binary relation</message>
</error>

Hint: Reflexivity tactics can only be used on goals of the form `x ~ x` or `R x x`

V : Type u
inst✝¹ : Fintype V
G : SimpleGraph V
inst✝ : Nonempty V
h : ∀ ⦃v w : V⦄, v ≠ w → Fintype.card ↑(G.commonNeighbors v w) = 1
no_politician : ¬∃ v, ∀ (w : V), v ≠ w → G.Adj v w
lemma₁ : ∃ k, G.IsRegularOfDegree k
k : ℕ
hregular : G.IsRegularOfDegree k
n : ℕ := Fintype.card V
eq₁ : n = k ^ 2 - k + 1
this✝ : 2 < k
A : Matrix V V ℝ := adjMatrix ℝ G
this : A ^ 2 = (k - 1) • 1 + of fun x x_1 => 1
⊢ False

[2026-01-10 16:05:40] [INFO] Attempt 1 failed verification, continuing...
[2026-01-10 16:05:40] [INFO] ========================================
[2026-01-10 16:05:40] [INFO] Pass@k completed. Total results: 1
[2026-01-10 16:05:40] [INFO] FAILED: All 1 strategies x 1 attempts
[2026-01-10 16:05:40] [INFO] Writing results to file: /root/repo/result.json
[2026-01-10 16:05:40] [INFO] Result file written successfully
[2026-01-10 16:05:40] [INFO] Results exported to: /root/repo/result.json
[2026-01-10 16:05:40] [INFO] run_morphcloud_local.py completed successfully

[2026-01-10 16:05:43] [process_single_sorry] Downloading result file...
[2026-01-10 16:05:43] [process_single_sorry] Downloaded result to intermediate_experiment_outputs_full_reservoir/rfl/2026-01-10_14-19-01_rfl/individual/6d8fa9fa18706ac29c85fc5be96d116871ce5c67176f122dceef91c1f804b1aa.json
[2026-01-10 16:05:47] [process_single_sorry] Instance context closed successfully
[2026-01-10 16:05:47] [process_single_sorry] Parsing result file...
[2026-01-10 16:05:47] [process_single_sorry] Successfully parsed result (list format, 1 results)
