[2026-01-10 15:21:49] [process_single_sorry] Starting for sorry 70dd2b71ab7a18568e95bc38e3e479dc9df32f2d65e7b6fefbb27515a10d2f2d
[2026-01-10 15:21:49] [process_single_sorry] Using snapshot: snapshot_3ioqnou2
[2026-01-10 15:21:49] [process_single_sorry] Repository: https://github.com/VCA-EPFL/graphiti@e2c8c3d6b29d196aaf032a2f0aa7ec5adb1793aa
[2026-01-10 15:21:49] [process_single_sorry] Instance name: graphiti_e2c8c3d6b29d_rfl_70dd2b71ab7a18568e95bc38e3e479dc9df32f2d65e7b6fefbb27515a10d2f2d
[2026-01-10 15:21:49] [process_single_sorry] Starting attempt 1/3
[2026-01-10 15:21:49] [process_single_sorry] Starting instance from snapshot...
[2026-01-10 15:21:49] [process_single_sorry] Instance started successfully: morphvm_y8dqsaam
[2026-01-10 15:21:49] [process_single_sorry] Creating .env file...
[2026-01-10 15:21:52] [process_single_sorry] .env file created (exit_code: 0)
[2026-01-10 15:21:52] [process_single_sorry] Executing agent command...
[2026-01-10 15:22:15] [process_single_sorry] Agent command completed (exit_code: 0)
[2026-01-10 15:22:15] [process_single_sorry] STDOUT:

Results JSON:
[
  {
    "sorry": {
      "repo": {
        "remote": "https://github.com/VCA-EPFL/graphiti",
        "branch": "faster-commuting",
        "commit": "e2c8c3d6b29d196aaf032a2f0aa7ec5adb1793aa",
        "lean_version": "v4.26.0-rc2"
      },
      "location": {
        "path": "Graphiti/Projects/Noc/Utils.lean",
        "start_line": 399,
        "start_column": 50,
        "end_line": 399,
        "end_column": 55
      },
      "debug_info": {
        "goal": "α : Type u_1\nhd1 : α\ntl1 : List α\nHR1 :\n  ∀ {n : ℕ} (sz1 : tl1.length = n) (l2 : List α) (sz2 : l2.length = n),\n    (∀ (idx : Fin n), tl1[↑idx] = l2[↑idx]) → tl1 = l2\nn : ℕ\nsz1 : (hd1 :: tl1).length = n\nhd2 : α\ntl2 : List α\nHR2 : ∀ (sz2 : tl2.length = n), (∀ (idx : Fin n), (hd1 :: tl1)[↑idx] = tl2[↑idx]) → hd1 :: tl1 = tl2\nsz2 : (hd2 :: tl2).length = n\nh : ∀ (idx : Fin n), (hd1 :: tl1)[↑idx] = (hd2 :: tl2)[↑idx]\nidxv : ℕ\nidxh : idxv < n - 1\n⊢ idxv + 1 < n",
        "url": "https://github.com/VCA-EPFL/graphiti/blob/e2c8c3d6b29d196aaf032a2f0aa7ec5adb1793aa/Graphiti/Projects/Noc/Utils.lean#L399"
      },
      "metadata": {
        "blame_email_hash": "62ce473b4890",
        "blame_date": "2025-08-01T20:10:58+02:00",
        "inclusion_date": "2025-12-29T18:50:25.458860+00:00"
      },
      "id": "70dd2b71ab7a18568e95bc38e3e479dc9df32f2d65e7b6fefbb27515a10d2f2d"
    },
    "proof": null,
    "proof_verified": false,
    "feedback": null,
    "verification_message": "All 1 attempts failed (1 strategies x 1 attempts each)",
    "success": true,
    "error_type": null,
    "error_message": null,
    "strategy_name": "all_failed_k=1",
    "proof_attempts": [
      "rfl"
    ]
  }
]

[2026-01-10 15:22:15] [process_single_sorry] STDERR:
None of PyTorch, TensorFlow >= 2.0, or Flax have been found. Models won't be available and only tokenizers, configuration and file/data utilities can be used.
[2026-01-10 15:22:02] [INFO] ================================================================================
[2026-01-10 15:22:02] [INFO] Starting run_morphcloud_local.py
[2026-01-10 15:22:02] [INFO] ================================================================================
[2026-01-10 15:22:02] [INFO] Environment loaded
[2026-01-10 15:22:02] [INFO] Full command: /root/SorryDB/sorrydb/cli/run_morphcloud_local.py --repo-path /root/repo --sorry-json {"repo": {"remote": "https://github.com/VCA-EPFL/graphiti", "branch": "faster-commuting", "commit": "e2c8c3d6b29d196aaf032a2f0aa7ec5adb1793aa", "lean_version": "v4.26.0-rc2"}, "location": {"path": "Graphiti/Projects/Noc/Utils.lean", "start_line": 399, "start_column": 50, "end_line": 399, "end_column": 55}, "debug_info": {"goal": "\u03b1 : Type u_1\nhd1 : \u03b1\ntl1 : List \u03b1\nHR1 :\n  \u2200 {n : \u2115} (sz1 : tl1.length = n) (l2 : List \u03b1) (sz2 : l2.length = n),\n    (\u2200 (idx : Fin n), tl1[\u2191idx] = l2[\u2191idx]) \u2192 tl1 = l2\nn : \u2115\nsz1 : (hd1 :: tl1).length = n\nhd2 : \u03b1\ntl2 : List \u03b1\nHR2 : \u2200 (sz2 : tl2.length = n), (\u2200 (idx : Fin n), (hd1 :: tl1)[\u2191idx] = tl2[\u2191idx]) \u2192 hd1 :: tl1 = tl2\nsz2 : (hd2 :: tl2).length = n\nh : \u2200 (idx : Fin n), (hd1 :: tl1)[\u2191idx] = (hd2 :: tl2)[\u2191idx]\nidxv : \u2115\nidxh : idxv < n - 1\n\u22a2 idxv + 1 < n", "url": "https://github.com/VCA-EPFL/graphiti/blob/e2c8c3d6b29d196aaf032a2f0aa7ec5adb1793aa/Graphiti/Projects/Noc/Utils.lean#L399"}, "metadata": {"blame_email_hash": "62ce473b4890", "blame_date": "2025-08-01T20:10:58+02:00", "inclusion_date": "2025-12-29T18:50:25.458860+00:00"}, "id": "70dd2b71ab7a18568e95bc38e3e479dc9df32f2d65e7b6fefbb27515a10d2f2d"} --agent-strategy {"name": "rfl", "args": {}}
[2026-01-10 15:22:02] [INFO] Arguments parsed: repo_path=/root/repo, output_path=/root/repo/result.json
[2026-01-10 15:22:02] [INFO] Strategy spec: {"name": "rfl", "args": {}}...
[2026-01-10 15:22:02] [INFO] Loading sorry data...
[2026-01-10 15:22:02] [INFO] Parsing sorry from JSON string...
[2026-01-10 15:22:02] [INFO] Sorry data parsed from JSON string
[2026-01-10 15:22:02] [INFO] Creating strategy from spec...
[2026-01-10 15:22:02] [INFO] Parsing strategy spec (length: 27 chars)
[2026-01-10 15:22:02] [INFO] Strategy name: rfl
[2026-01-10 15:22:02] [INFO] Strategy args: {}
[2026-01-10 15:22:02] [INFO] Pass@k value: 1
[2026-01-10 15:22:02] [INFO] Creating strategy: rfl
[2026-01-10 15:22:02] [INFO] Strategies created: ['RflStrategy']
[2026-01-10 15:22:02] [INFO] Pass@k value: 1
[2026-01-10 15:22:02] [INFO] Creating Sorry object...
[2026-01-10 15:22:02] [INFO] Sorry object created: id=70dd2b71ab7a18568e95bc38e3e479dc9df32f2d65e7b6fefbb27515a10d2f2d
[2026-01-10 15:22:02] [INFO] Sorry location: Graphiti/Projects/Noc/Utils.lean:399
[2026-01-10 15:22:02] [INFO] Context before sorry (lines 394-399):
[2026-01-10 15:22:02] [INFO]   394:             congr
[2026-01-10 15:22:02] [INFO]   395:             · apply h ⟨0, by simpa [←sz2]⟩
[2026-01-10 15:22:02] [INFO]   396:             · apply @HR1 (n - 1)
[2026-01-10 15:22:02] [INFO]   397:               · intros idx
[2026-01-10 15:22:02] [INFO]   398:                 obtain ⟨idxv, idxh⟩ := idx
[2026-01-10 15:22:02] [INFO]   399:                 let idx' : Fin n := ⟨idxv + 1, by sorry⟩
[2026-01-10 15:22:02] [INFO] Sorry line:                 let idx' : Fin n := ⟨idxv + 1, by sorry⟩
[2026-01-10 15:22:02] [INFO] Sorry goal: α : Type u_1
hd1 : α
tl1 : List α
HR1 :
  ∀ {n : ℕ} (sz1 : tl1.length = n) (l2 : List α) (sz2 : l2.l...
[2026-01-10 15:22:02] [INFO] ========================================
[2026-01-10 15:22:02] [INFO] Trying strategy: RflStrategy (up to 1 attempts)
[2026-01-10 15:22:02] [INFO] --------------------
[2026-01-10 15:22:02] [INFO] Strategy RflStrategy, attempt 1/1
[2026-01-10 15:22:02] [INFO] Starting proof generation...
[2026-01-10 15:22:02] [INFO] Repository path: /root/repo
[2026-01-10 15:22:02] [INFO] Proof generation completed
[2026-01-10 15:22:02] [INFO] Generated proof:
[2026-01-10 15:22:02] [INFO] rfl
[2026-01-10 15:22:02] [INFO] Proof length: 3 chars
[2026-01-10 15:22:02] [INFO] Starting proof verification...
[2026-01-10 15:22:02] [INFO] Verifying at: Graphiti/Projects/Noc/Utils.lean:399
[2026-01-10 15:22:02] [INFO] Using LEAN INTERACT verify
[2026-01-10 15:22:02] [INFO] Checking file
[2026-01-10 15:22:15] [INFO] Cannot build modified file Note: This linter can be disabled with `set_option linter.unnecessarySimpa false`

Note: This linter can be disabled with `set_option linter.unnecessarySimpa false`

Note: This linter can be disabled with `set_option linter.unnecessarySimpa false`

Note: This linter can be disabled with `set_option linter.unnecessarySimpa false`

Note: This linter can be disabled with `set_option linter.unnecessarySimpa false`

Note: This linter can be disabled with `set_option linter.unnecessarySimpa false`

Note: This linter can be disabled with `set_option linter.unnecessarySimpa false`

Note: This linter can be disabled with `set_option linter.unnecessarySimpa false`

Note: This linter can be disabled with `set_option linter.unnecessarySimpa false`

Note: This linter can be disabled with `set_option linter.unnecessarySimpa false`

Note: This linter can be disabled with `set_option linter.unnecessarySimpa false`

Note: This linter can be disabled with `set_option linter.unnecessarySimpa false`
<error line="399" column="50">
<code_line>                let idx' : Fin n := ⟨idxv + 1, by rfl⟩</code_line>
<message>error: Tactic `rfl` failed: The left-hand side</message>
</error>
  idxv + 1
is not definitionally equal to the right-hand side
  n

α : Type u_1
hd1 : α
tl1 : List α
HR1 :
  ∀ {n : ℕ} (sz1 : tl1.length = n) (l2 : List α) (sz2 : l2.length = n),
    (∀ (idx : Fin n), tl1[↑idx] = l2[↑idx]) → tl1 = l2
n : ℕ
sz1 : (hd1 :: tl1).length = n
hd2 : α
tl2 : List α
HR2 : ∀ (sz2 : tl2.length = n), (∀ (idx : Fin n), (hd1 :: tl1)[↑idx] = tl2[↑idx]) → hd1 :: tl1 = tl2
sz2 : (hd2 :: tl2).length = n
h : ∀ (idx : Fin n), (hd1 :: tl1)[↑idx] = (hd2 :: tl2)[↑idx]
idxv : ℕ
idxh : idxv < n - 1
⊢ idxv + 1 < n

Note: This linter can be disabled with `set_option linter.unnecessarySimpa false`

Note: This linter can be disabled with `set_option linter.unnecessarySimpa false`

Note: This linter can be disabled with `set_option linter.unnecessarySeqFocus false`

Note: This linter can be disabled with `set_option linter.unnecessarySimpa false`

Note: This linter can be disabled with `set_option linter.unnecessarySimpa false`
[2026-01-10 15:22:15] [INFO] Proof verification completed
[2026-01-10 15:22:15] [INFO] Strategy RflStrategy attempt 1: verified=False
[2026-01-10 15:22:15] [INFO] Verification message: Cannot build modified file: Note: This linter can be disabled with `set_option linter.unnecessarySimpa false`

Note: This linter can be disabled with `set_option linter.unnecessarySimpa false`

Note: This linter can be disabled with `set_option linter.unnecessarySimpa false`

Note: This linter can be disabled with `set_option linter.unnecessarySimpa false`

Note: This linter can be disabled with `set_option linter.unnecessarySimpa false`

Note: This linter can be disabled with `set_option linter.unnecessarySimpa false`

Note: This linter can be disabled with `set_option linter.unnecessarySimpa false`

Note: This linter can be disabled with `set_option linter.unnecessarySimpa false`

Note: This linter can be disabled with `set_option linter.unnecessarySimpa false`

Note: This linter can be disabled with `set_option linter.unnecessarySimpa false`

Note: This linter can be disabled with `set_option linter.unnecessarySimpa false`

Note: This linter can be disabled with `set_option linter.unnecessarySimpa false`
<error line="399" column="50">
<code_line>                let idx' : Fin n := ⟨idxv + 1, by rfl⟩</code_line>
<message>error: Tactic `rfl` failed: The left-hand side</message>
</error>
  idxv + 1
is not definitionally equal to the right-hand side
  n

α : Type u_1
hd1 : α
tl1 : List α
HR1 :
  ∀ {n : ℕ} (sz1 : tl1.length = n) (l2 : List α) (sz2 : l2.length = n),
    (∀ (idx : Fin n), tl1[↑idx] = l2[↑idx]) → tl1 = l2
n : ℕ
sz1 : (hd1 :: tl1).length = n
hd2 : α
tl2 : List α
HR2 : ∀ (sz2 : tl2.length = n), (∀ (idx : Fin n), (hd1 :: tl1)[↑idx] = tl2[↑idx]) → hd1 :: tl1 = tl2
sz2 : (hd2 :: tl2).length = n
h : ∀ (idx : Fin n), (hd1 :: tl1)[↑idx] = (hd2 :: tl2)[↑idx]
idxv : ℕ
idxh : idxv < n - 1
⊢ idxv + 1 < n

Note: This linter can be disabled with `set_option linter.unnecessarySimpa false`

Note: This linter can be disabled with `set_option linter.unnecessarySimpa false`

Note: This linter can be disabled with `set_option linter.unnecessarySeqFocus false`

Note: This linter can be disabled with `set_option linter.unnecessarySimpa false`

Note: This linter can be disabled with `set_option linter.unnecessarySimpa false`

[2026-01-10 15:22:15] [INFO] Attempt 1 failed verification, continuing...
[2026-01-10 15:22:15] [INFO] ========================================
[2026-01-10 15:22:15] [INFO] Pass@k completed. Total results: 1
[2026-01-10 15:22:15] [INFO] FAILED: All 1 strategies x 1 attempts
[2026-01-10 15:22:15] [INFO] Writing results to file: /root/repo/result.json
[2026-01-10 15:22:15] [INFO] Result file written successfully
[2026-01-10 15:22:15] [INFO] Results exported to: /root/repo/result.json
[2026-01-10 15:22:15] [INFO] run_morphcloud_local.py completed successfully

[2026-01-10 15:22:15] [process_single_sorry] Downloading result file...
[2026-01-10 15:22:16] [process_single_sorry] Downloaded result to intermediate_experiment_outputs_full_reservoir/rfl/2026-01-10_14-19-01_rfl/individual/70dd2b71ab7a18568e95bc38e3e479dc9df32f2d65e7b6fefbb27515a10d2f2d.json
[2026-01-10 15:22:17] [process_single_sorry] Instance context closed successfully
[2026-01-10 15:22:17] [process_single_sorry] Parsing result file...
[2026-01-10 15:22:17] [process_single_sorry] Successfully parsed result (list format, 1 results)
