[2026-01-10 15:40:14] [process_single_sorry] Starting for sorry 90af14ecf24cb5f2afd4ead25012a0c97bc7b992c3b4fbd27631675b7af08fb3
[2026-01-10 15:40:14] [process_single_sorry] Using snapshot: snapshot_h6lewyay
[2026-01-10 15:40:14] [process_single_sorry] Repository: https://github.com/dagurtomas/LeanCondensed@de8a2f66d0863c0d1b4355aa6743fd228462d7df
[2026-01-10 15:40:14] [process_single_sorry] Instance name: LeanCondensed_de8a2f66d086_rfl_90af14ecf24cb5f2afd4ead25012a0c97bc7b992c3b4fbd27631675b7af08fb3
[2026-01-10 15:40:14] [process_single_sorry] Starting attempt 1/3
[2026-01-10 15:40:14] [process_single_sorry] Starting instance from snapshot...
[2026-01-10 15:40:14] [process_single_sorry] Instance started successfully: morphvm_p5qa1864
[2026-01-10 15:40:14] [process_single_sorry] Creating .env file...
[2026-01-10 15:40:28] [process_single_sorry] .env file created (exit_code: 0)
[2026-01-10 15:40:28] [process_single_sorry] Executing agent command...
[2026-01-10 15:45:24] [process_single_sorry] Agent command completed (exit_code: 0)
[2026-01-10 15:45:24] [process_single_sorry] STDOUT:

Results JSON:
[
  {
    "sorry": {
      "repo": {
        "remote": "https://github.com/dagurtomas/LeanCondensed",
        "branch": "master",
        "commit": "de8a2f66d0863c0d1b4355aa6743fd228462d7df",
        "lean_version": "v4.26.0-rc2"
      },
      "location": {
        "path": "LeanCondensed/Projects/FreeCondensed.lean",
        "start_line": 41,
        "start_column": 12,
        "end_line": 41,
        "end_column": 17
      },
      "debug_info": {
        "goal": "S : LightProfinite\n⊢ ∀ (X : ℕ+), sorry (CategoryStruct.id X) = CategoryStruct.id (LightProfinite.FreeImage.profiniteComponent S ↑↑X)",
        "url": "https://github.com/dagurtomas/LeanCondensed/blob/de8a2f66d0863c0d1b4355aa6743fd228462d7df/LeanCondensed/Projects/FreeCondensed.lean#L41"
      },
      "metadata": {
        "blame_email_hash": "51ec3153783b",
        "blame_date": "2025-05-11T21:18:53+00:00",
        "inclusion_date": "2025-12-30T01:26:14.094669+00:00"
      },
      "id": "90af14ecf24cb5f2afd4ead25012a0c97bc7b992c3b4fbd27631675b7af08fb3"
    },
    "proof": null,
    "proof_verified": false,
    "feedback": null,
    "verification_message": "All 1 attempts failed (1 strategies x 1 attempts each)",
    "success": true,
    "error_type": null,
    "error_message": null,
    "strategy_name": "all_failed_k=1",
    "proof_attempts": [
      "rfl"
    ]
  }
]

[2026-01-10 15:45:24] [process_single_sorry] STDERR:
None of PyTorch, TensorFlow >= 2.0, or Flax have been found. Models won't be available and only tokenizers, configuration and file/data utilities can be used.
[2026-01-10 15:40:59] [INFO] ================================================================================
[2026-01-10 15:40:59] [INFO] Starting run_morphcloud_local.py
[2026-01-10 15:40:59] [INFO] ================================================================================
[2026-01-10 15:40:59] [INFO] Environment loaded
[2026-01-10 15:40:59] [INFO] Full command: /root/SorryDB/sorrydb/cli/run_morphcloud_local.py --repo-path /root/repo --sorry-json {"repo": {"remote": "https://github.com/dagurtomas/LeanCondensed", "branch": "master", "commit": "de8a2f66d0863c0d1b4355aa6743fd228462d7df", "lean_version": "v4.26.0-rc2"}, "location": {"path": "LeanCondensed/Projects/FreeCondensed.lean", "start_line": 41, "start_column": 12, "end_line": 41, "end_column": 17}, "debug_info": {"goal": "S : LightProfinite\n\u22a2 \u2200 (X : \u2115+), sorry (CategoryStruct.id X) = CategoryStruct.id (LightProfinite.FreeImage.profiniteComponent S \u2191\u2191X)", "url": "https://github.com/dagurtomas/LeanCondensed/blob/de8a2f66d0863c0d1b4355aa6743fd228462d7df/LeanCondensed/Projects/FreeCondensed.lean#L41"}, "metadata": {"blame_email_hash": "51ec3153783b", "blame_date": "2025-05-11T21:18:53+00:00", "inclusion_date": "2025-12-30T01:26:14.094669+00:00"}, "id": "90af14ecf24cb5f2afd4ead25012a0c97bc7b992c3b4fbd27631675b7af08fb3"} --agent-strategy {"name": "rfl", "args": {}}
[2026-01-10 15:40:59] [INFO] Arguments parsed: repo_path=/root/repo, output_path=/root/repo/result.json
[2026-01-10 15:40:59] [INFO] Strategy spec: {"name": "rfl", "args": {}}...
[2026-01-10 15:40:59] [INFO] Loading sorry data...
[2026-01-10 15:40:59] [INFO] Parsing sorry from JSON string...
[2026-01-10 15:40:59] [INFO] Sorry data parsed from JSON string
[2026-01-10 15:40:59] [INFO] Creating strategy from spec...
[2026-01-10 15:40:59] [INFO] Parsing strategy spec (length: 27 chars)
[2026-01-10 15:40:59] [INFO] Strategy name: rfl
[2026-01-10 15:40:59] [INFO] Strategy args: {}
[2026-01-10 15:40:59] [INFO] Pass@k value: 1
[2026-01-10 15:40:59] [INFO] Creating strategy: rfl
[2026-01-10 15:40:59] [INFO] Strategies created: ['RflStrategy']
[2026-01-10 15:40:59] [INFO] Pass@k value: 1
[2026-01-10 15:40:59] [INFO] Creating Sorry object...
[2026-01-10 15:40:59] [INFO] Sorry object created: id=90af14ecf24cb5f2afd4ead25012a0c97bc7b992c3b4fbd27631675b7af08fb3
[2026-01-10 15:40:59] [INFO] Sorry location: LeanCondensed/Projects/FreeCondensed.lean:41
[2026-01-10 15:40:59] [INFO] Context before sorry (lines 36-41):
[2026-01-10 15:40:59] [INFO]   36: -- `FintypeCat`, similarly to `Condensed.profiniteSolid`, defined in `Mathlib.Condensed.Solid`.
[2026-01-10 15:40:59] [INFO]   37: -- But it will be isomorphic objectwise to `profiniteComponent S c`.
[2026-01-10 15:40:59] [INFO]   38: def seqFunctor (S : LightProfinite.{0}) : ℕ+ ⥤ LightProfinite where
[2026-01-10 15:40:59] [INFO]   39:   obj c := profiniteComponent S c
[2026-01-10 15:40:59] [INFO]   40:   map := sorry
[2026-01-10 15:40:59] [INFO]   41:   map_id := sorry
[2026-01-10 15:40:59] [INFO] Sorry line:   map_id := sorry
[2026-01-10 15:40:59] [INFO] Sorry goal: S : LightProfinite
⊢ ∀ (X : ℕ+), sorry (CategoryStruct.id X) = CategoryStruct.id (LightProfinite.Fre...
[2026-01-10 15:40:59] [INFO] ========================================
[2026-01-10 15:40:59] [INFO] Trying strategy: RflStrategy (up to 1 attempts)
[2026-01-10 15:40:59] [INFO] --------------------
[2026-01-10 15:40:59] [INFO] Strategy RflStrategy, attempt 1/1
[2026-01-10 15:40:59] [INFO] Starting proof generation...
[2026-01-10 15:40:59] [INFO] Repository path: /root/repo
[2026-01-10 15:40:59] [INFO] Proof generation completed
[2026-01-10 15:40:59] [INFO] Generated proof:
[2026-01-10 15:40:59] [INFO] rfl
[2026-01-10 15:40:59] [INFO] Proof length: 3 chars
[2026-01-10 15:40:59] [INFO] Starting proof verification...
[2026-01-10 15:40:59] [INFO] Verifying at: LeanCondensed/Projects/FreeCondensed.lean:41
[2026-01-10 15:40:59] [INFO] Using LEAN INTERACT verify
[2026-01-10 15:40:59] [INFO] Checking file
[2026-01-10 15:45:23] [INFO] Cannot build modified file <error line="41" column="12">
<code_line>  map_id := rfl</code_line>
<message>error: Type mismatch</message>
</error>
  rfl
has type
  ?m.9 = ?m.9
but is expected to have type
  ∀ (X : ℕ+), sorry (𝟙 X) = 𝟙 (profiniteComponent S ↑↑X)
[2026-01-10 15:45:23] [INFO] Proof verification completed
[2026-01-10 15:45:23] [INFO] Strategy RflStrategy attempt 1: verified=False
[2026-01-10 15:45:23] [INFO] Verification message: Cannot build modified file: <error line="41" column="12">
<code_line>  map_id := rfl</code_line>
<message>error: Type mismatch</message>
</error>
  rfl
has type
  ?m.9 = ?m.9
but is expected to have type
  ∀ (X : ℕ+), sorry (𝟙 X) = 𝟙 (profiniteComponent S ↑↑X)

[2026-01-10 15:45:23] [INFO] Attempt 1 failed verification, continuing...
[2026-01-10 15:45:23] [INFO] ========================================
[2026-01-10 15:45:23] [INFO] Pass@k completed. Total results: 1
[2026-01-10 15:45:23] [INFO] FAILED: All 1 strategies x 1 attempts
[2026-01-10 15:45:23] [INFO] Writing results to file: /root/repo/result.json
[2026-01-10 15:45:23] [INFO] Result file written successfully
[2026-01-10 15:45:23] [INFO] Results exported to: /root/repo/result.json
[2026-01-10 15:45:23] [INFO] run_morphcloud_local.py completed successfully

[2026-01-10 15:45:24] [process_single_sorry] Downloading result file...
[2026-01-10 15:45:25] [process_single_sorry] Downloaded result to intermediate_experiment_outputs_full_reservoir/rfl/2026-01-10_14-19-01_rfl/individual/90af14ecf24cb5f2afd4ead25012a0c97bc7b992c3b4fbd27631675b7af08fb3.json
[2026-01-10 15:45:28] [process_single_sorry] Instance context closed successfully
[2026-01-10 15:45:28] [process_single_sorry] Parsing result file...
[2026-01-10 15:45:28] [process_single_sorry] Successfully parsed result (list format, 1 results)
