[2026-01-10 15:15:21] [process_single_sorry] Starting for sorry 96117f7d92a9eec5275180af0f17b69bd96520f7001fd79714fb415185059c94
[2026-01-10 15:15:21] [process_single_sorry] Using snapshot: snapshot_o52r23kv
[2026-01-10 15:15:21] [process_single_sorry] Repository: https://github.com/RemyDegenne/brownian-motion@91267abd71bd32e9ef6c10c9359938f24a3e1f38
[2026-01-10 15:15:21] [process_single_sorry] Instance name: brownian-motion_91267abd71bd_rfl_96117f7d92a9eec5275180af0f17b69bd96520f7001fd79714fb415185059c94
[2026-01-10 15:15:21] [process_single_sorry] Starting attempt 1/3
[2026-01-10 15:15:21] [process_single_sorry] Starting instance from snapshot...
[2026-01-10 15:15:21] [process_single_sorry] Instance started successfully: morphvm_ctweavn8
[2026-01-10 15:15:21] [process_single_sorry] Creating .env file...
[2026-01-10 15:15:32] [process_single_sorry] .env file created (exit_code: 0)
[2026-01-10 15:15:32] [process_single_sorry] Executing agent command...
[2026-01-10 15:19:31] [process_single_sorry] Agent command completed (exit_code: 0)
[2026-01-10 15:19:31] [process_single_sorry] STDOUT:

Results JSON:
[
  {
    "sorry": {
      "repo": {
        "remote": "https://github.com/RemyDegenne/brownian-motion",
        "branch": "bump",
        "commit": "91267abd71bd32e9ef6c10c9359938f24a3e1f38",
        "lean_version": "v4.27.0-rc1"
      },
      "location": {
        "path": "BrownianMotion/StochasticIntegral/DoobLp.lean",
        "start_line": 33,
        "start_column": 2,
        "end_line": 33,
        "end_column": 7
      },
      "debug_info": {
        "goal": "ι : Type u_1\nΩ : Type u_2\nE : Type u_3\ninst✝⁸ : LinearOrder ι\ninst✝⁷ : OrderBot ι\ninst✝⁶ : TopologicalSpace ι\ninst✝⁵ : OrderTopology ι\ninst✝⁴ : NormedAddCommGroup E\ninst✝³ : NormedSpace ℝ E\ninst✝² : CompleteSpace E\nmΩ : MeasurableSpace Ω\nP : Measure Ω\nX : ι → Ω → E\n𝓕 : Filtration ι mΩ\ninst✝¹ : Countable ι\ninst✝ : IsFiniteMeasure P\nhsub : Martingale X 𝓕 P\nε : NNReal\nn : ι\n⊢ ε • P {ω | ↑ε ≤ ⨆ i, ⨆ (_ : i ≤ n), ‖X i ω‖} ≤\n    ENNReal.ofReal (∫ (ω : Ω) in {ω | ↑ε ≤ ⨆ i, ⨆ (_ : i ≤ n), ‖X i ω‖}, ‖X n ω‖ ∂P)",
        "url": "https://github.com/RemyDegenne/brownian-motion/blob/91267abd71bd32e9ef6c10c9359938f24a3e1f38/BrownianMotion/StochasticIntegral/DoobLp.lean#L33"
      },
      "metadata": {
        "blame_email_hash": "d765cd676b3d",
        "blame_date": "2025-11-11T14:41:08+01:00",
        "inclusion_date": "2025-12-29T17:55:20.184240+00:00"
      },
      "id": "96117f7d92a9eec5275180af0f17b69bd96520f7001fd79714fb415185059c94"
    },
    "proof": null,
    "proof_verified": false,
    "feedback": null,
    "verification_message": "All 1 attempts failed (1 strategies x 1 attempts each)",
    "success": true,
    "error_type": null,
    "error_message": null,
    "strategy_name": "all_failed_k=1",
    "proof_attempts": [
      "rfl"
    ]
  }
]

[2026-01-10 15:19:31] [process_single_sorry] STDERR:
None of PyTorch, TensorFlow >= 2.0, or Flax have been found. Models won't be available and only tokenizers, configuration and file/data utilities can be used.
[2026-01-10 15:16:15] [INFO] ================================================================================
[2026-01-10 15:16:15] [INFO] Starting run_morphcloud_local.py
[2026-01-10 15:16:15] [INFO] ================================================================================
[2026-01-10 15:16:15] [INFO] Environment loaded
[2026-01-10 15:16:15] [INFO] Full command: /root/SorryDB/sorrydb/cli/run_morphcloud_local.py --repo-path /root/repo --sorry-json {"repo": {"remote": "https://github.com/RemyDegenne/brownian-motion", "branch": "bump", "commit": "91267abd71bd32e9ef6c10c9359938f24a3e1f38", "lean_version": "v4.27.0-rc1"}, "location": {"path": "BrownianMotion/StochasticIntegral/DoobLp.lean", "start_line": 33, "start_column": 2, "end_line": 33, "end_column": 7}, "debug_info": {"goal": "\u03b9 : Type u_1\n\u03a9 : Type u_2\nE : Type u_3\ninst\u271d\u2078 : LinearOrder \u03b9\ninst\u271d\u2077 : OrderBot \u03b9\ninst\u271d\u2076 : TopologicalSpace \u03b9\ninst\u271d\u2075 : OrderTopology \u03b9\ninst\u271d\u2074 : NormedAddCommGroup E\ninst\u271d\u00b3 : NormedSpace \u211d E\ninst\u271d\u00b2 : CompleteSpace E\nm\u03a9 : MeasurableSpace \u03a9\nP : Measure \u03a9\nX : \u03b9 \u2192 \u03a9 \u2192 E\n\ud835\udcd5 : Filtration \u03b9 m\u03a9\ninst\u271d\u00b9 : Countable \u03b9\ninst\u271d : IsFiniteMeasure P\nhsub : Martingale X \ud835\udcd5 P\n\u03b5 : NNReal\nn : \u03b9\n\u22a2 \u03b5 \u2022 P {\u03c9 | \u2191\u03b5 \u2264 \u2a06 i, \u2a06 (_ : i \u2264 n), \u2016X i \u03c9\u2016} \u2264\n    ENNReal.ofReal (\u222b (\u03c9 : \u03a9) in {\u03c9 | \u2191\u03b5 \u2264 \u2a06 i, \u2a06 (_ : i \u2264 n), \u2016X i \u03c9\u2016}, \u2016X n \u03c9\u2016 \u2202P)", "url": "https://github.com/RemyDegenne/brownian-motion/blob/91267abd71bd32e9ef6c10c9359938f24a3e1f38/BrownianMotion/StochasticIntegral/DoobLp.lean#L33"}, "metadata": {"blame_email_hash": "d765cd676b3d", "blame_date": "2025-11-11T14:41:08+01:00", "inclusion_date": "2025-12-29T17:55:20.184240+00:00"}, "id": "96117f7d92a9eec5275180af0f17b69bd96520f7001fd79714fb415185059c94"} --agent-strategy {"name": "rfl", "args": {}}
[2026-01-10 15:16:15] [INFO] Arguments parsed: repo_path=/root/repo, output_path=/root/repo/result.json
[2026-01-10 15:16:15] [INFO] Strategy spec: {"name": "rfl", "args": {}}...
[2026-01-10 15:16:15] [INFO] Loading sorry data...
[2026-01-10 15:16:15] [INFO] Parsing sorry from JSON string...
[2026-01-10 15:16:15] [INFO] Sorry data parsed from JSON string
[2026-01-10 15:16:15] [INFO] Creating strategy from spec...
[2026-01-10 15:16:15] [INFO] Parsing strategy spec (length: 27 chars)
[2026-01-10 15:16:15] [INFO] Strategy name: rfl
[2026-01-10 15:16:15] [INFO] Strategy args: {}
[2026-01-10 15:16:15] [INFO] Pass@k value: 1
[2026-01-10 15:16:15] [INFO] Creating strategy: rfl
[2026-01-10 15:16:15] [INFO] Strategies created: ['RflStrategy']
[2026-01-10 15:16:15] [INFO] Pass@k value: 1
[2026-01-10 15:16:15] [INFO] Creating Sorry object...
[2026-01-10 15:16:15] [INFO] Sorry object created: id=96117f7d92a9eec5275180af0f17b69bd96520f7001fd79714fb415185059c94
[2026-01-10 15:16:15] [INFO] Sorry location: BrownianMotion/StochasticIntegral/DoobLp.lean:33
[2026-01-10 15:16:15] [INFO] Context before sorry (lines 28-33):
[2026-01-10 15:16:15] [INFO]   28: 
[2026-01-10 15:16:15] [INFO]   29: theorem maximal_ineq_norm_countable [Countable ι] [IsFiniteMeasure P]
[2026-01-10 15:16:15] [INFO]   30:     (hsub : Martingale X 𝓕 P) (ε : ℝ≥0) (n : ι) :
[2026-01-10 15:16:15] [INFO]   31:     ε • P {ω | (ε : ℝ) ≤ ⨆ i ≤ n, ‖X i ω‖} ≤
[2026-01-10 15:16:15] [INFO]   32:      ENNReal.ofReal (∫ ω in {ω | (ε : ℝ) ≤ ⨆ i ≤ n, ‖X i ω‖}, ‖X n ω‖ ∂P) := by
[2026-01-10 15:16:15] [INFO]   33:   sorry
[2026-01-10 15:16:15] [INFO] Sorry line:   sorry
[2026-01-10 15:16:15] [INFO] Sorry goal: ι : Type u_1
Ω : Type u_2
E : Type u_3
inst✝⁸ : LinearOrder ι
inst✝⁷ : OrderBot ι
inst✝⁶ : Topologic...
[2026-01-10 15:16:15] [INFO] ========================================
[2026-01-10 15:16:15] [INFO] Trying strategy: RflStrategy (up to 1 attempts)
[2026-01-10 15:16:15] [INFO] --------------------
[2026-01-10 15:16:15] [INFO] Strategy RflStrategy, attempt 1/1
[2026-01-10 15:16:15] [INFO] Starting proof generation...
[2026-01-10 15:16:15] [INFO] Repository path: /root/repo
[2026-01-10 15:16:15] [INFO] Proof generation completed
[2026-01-10 15:16:15] [INFO] Generated proof:
[2026-01-10 15:16:15] [INFO] rfl
[2026-01-10 15:16:15] [INFO] Proof length: 3 chars
[2026-01-10 15:16:15] [INFO] Starting proof verification...
[2026-01-10 15:16:15] [INFO] Verifying at: BrownianMotion/StochasticIntegral/DoobLp.lean:33
[2026-01-10 15:16:15] [INFO] Using LEAN INTERACT verify
[2026-01-10 15:16:15] [INFO] Checking file
[2026-01-10 15:19:25] [INFO] Cannot build modified file <error line="33" column="2">
<code_line>  rfl</code_line>
<message>error: Tactic `rfl` failed: The left-hand side</message>
</error>
  ε • P {ω | ↑ε ≤ ⨆ i, ⨆ (_ : i ≤ n), ‖X i ω‖}
is not definitionally equal to the right-hand side
  ENNReal.ofReal (∫ (ω : Ω) in {ω | ↑ε ≤ ⨆ i, ⨆ (_ : i ≤ n), ‖X i ω‖}, ‖X n ω‖ ∂P)

ι : Type u_1
Ω : Type u_2
E : Type u_3
inst✝⁸ : LinearOrder ι
inst✝⁷ : OrderBot ι
inst✝⁶ : TopologicalSpace ι
inst✝⁵ : OrderTopology ι
inst✝⁴ : NormedAddCommGroup E
inst✝³ : NormedSpace ℝ E
inst✝² : CompleteSpace E
mΩ : MeasurableSpace Ω
P : Measure Ω
X : ι → Ω → E
𝓕 : Filtration ι mΩ
inst✝¹ : Countable ι
inst✝ : IsFiniteMeasure P
hsub : Martingale X 𝓕 P
ε : ℝ≥0
n : ι
⊢ ε • P {ω | ↑ε ≤ ⨆ i, ⨆ (_ : i ≤ n), ‖X i ω‖} ≤
    ENNReal.ofReal (∫ (ω : Ω) in {ω | ↑ε ≤ ⨆ i, ⨆ (_ : i ≤ n), ‖X i ω‖}, ‖X n ω‖ ∂P)
[2026-01-10 15:19:25] [INFO] Proof verification completed
[2026-01-10 15:19:25] [INFO] Strategy RflStrategy attempt 1: verified=False
[2026-01-10 15:19:25] [INFO] Verification message: Cannot build modified file: <error line="33" column="2">
<code_line>  rfl</code_line>
<message>error: Tactic `rfl` failed: The left-hand side</message>
</error>
  ε • P {ω | ↑ε ≤ ⨆ i, ⨆ (_ : i ≤ n), ‖X i ω‖}
is not definitionally equal to the right-hand side
  ENNReal.ofReal (∫ (ω : Ω) in {ω | ↑ε ≤ ⨆ i, ⨆ (_ : i ≤ n), ‖X i ω‖}, ‖X n ω‖ ∂P)

ι : Type u_1
Ω : Type u_2
E : Type u_3
inst✝⁸ : LinearOrder ι
inst✝⁷ : OrderBot ι
inst✝⁶ : TopologicalSpace ι
inst✝⁵ : OrderTopology ι
inst✝⁴ : NormedAddCommGroup E
inst✝³ : NormedSpace ℝ E
inst✝² : CompleteSpace E
mΩ : MeasurableSpace Ω
P : Measure Ω
X : ι → Ω → E
𝓕 : Filtration ι mΩ
inst✝¹ : Countable ι
inst✝ : IsFiniteMeasure P
hsub : Martingale X 𝓕 P
ε : ℝ≥0
n : ι
⊢ ε • P {ω | ↑ε ≤ ⨆ i, ⨆ (_ : i ≤ n), ‖X i ω‖} ≤
    ENNReal.ofReal (∫ (ω : Ω) in {ω | ↑ε ≤ ⨆ i, ⨆ (_ : i ≤ n), ‖X i ω‖}, ‖X n ω‖ ∂P)

[2026-01-10 15:19:25] [INFO] Attempt 1 failed verification, continuing...
[2026-01-10 15:19:25] [INFO] ========================================
[2026-01-10 15:19:25] [INFO] Pass@k completed. Total results: 1
[2026-01-10 15:19:25] [INFO] FAILED: All 1 strategies x 1 attempts
[2026-01-10 15:19:25] [INFO] Writing results to file: /root/repo/result.json
[2026-01-10 15:19:25] [INFO] Result file written successfully
[2026-01-10 15:19:25] [INFO] Results exported to: /root/repo/result.json
[2026-01-10 15:19:25] [INFO] run_morphcloud_local.py completed successfully

[2026-01-10 15:19:31] [process_single_sorry] Downloading result file...
[2026-01-10 15:19:31] [process_single_sorry] Downloaded result to intermediate_experiment_outputs_full_reservoir/rfl/2026-01-10_14-19-01_rfl/individual/96117f7d92a9eec5275180af0f17b69bd96520f7001fd79714fb415185059c94.json
[2026-01-10 15:19:36] [process_single_sorry] Instance context closed successfully
[2026-01-10 15:19:36] [process_single_sorry] Parsing result file...
[2026-01-10 15:19:36] [process_single_sorry] Successfully parsed result (list format, 1 results)
