[2026-01-10 15:32:20] [process_single_sorry] Starting for sorry b857857df936004c52e8470f4e1f8bdb5bf14ad9c9f2e2f327bca1d424b8be3a
[2026-01-10 15:32:20] [process_single_sorry] Using snapshot: snapshot_w62n4fax
[2026-01-10 15:32:20] [process_single_sorry] Repository: https://github.com/YaelDillies/LeanCamCombi@34daaaac92e24dcedf36f3d059764534daa7999d
[2026-01-10 15:32:20] [process_single_sorry] Instance name: LeanCamCombi_34daaaac92e2_rfl_b857857df936004c52e8470f4e1f8bdb5bf14ad9c9f2e2f327bca1d424b8be3a
[2026-01-10 15:32:20] [process_single_sorry] Starting attempt 1/3
[2026-01-10 15:32:20] [process_single_sorry] Starting instance from snapshot...
[2026-01-10 15:32:20] [process_single_sorry] Instance started successfully: morphvm_o7f2gzlz
[2026-01-10 15:32:20] [process_single_sorry] Creating .env file...
[2026-01-10 15:32:30] [process_single_sorry] .env file created (exit_code: 0)
[2026-01-10 15:32:30] [process_single_sorry] Executing agent command...
[2026-01-10 15:35:33] [process_single_sorry] Agent command completed (exit_code: 0)
[2026-01-10 15:35:33] [process_single_sorry] STDOUT:

Results JSON:
[
  {
    "sorry": {
      "repo": {
        "remote": "https://github.com/YaelDillies/LeanCamCombi",
        "branch": "master",
        "commit": "34daaaac92e24dcedf36f3d059764534daa7999d",
        "lean_version": "v4.26.0"
      },
      "location": {
        "path": "LeanCamCombi/Mathlib/Combinatorics/Additive/ApproximateSubgroup.lean",
        "start_line": 55,
        "start_column": 29,
        "end_line": 55,
        "end_column": 34
      },
      "debug_info": {
        "goal": "G : Type u_1\ninst✝¹ : Group G\nK : ℝ\ninst✝ : DecidableEq G\nA : Finset G\nhA₀ : A.Nonempty\nhA : ↑(A ^ 2).card ≤ K * ↑A.card\nhK : 1 ≤ K\nS : Finset G := ⋯\nhS₁ : 1 ∈ S\nhS₀ : S.Nonempty\nhSA : S ⊆ A⁻¹ * A\nhSsymm : S⁻¹ = S\nhScard : ↑S.card ≤ K ^ 2 * ↑A.card\nF : Finset G\nhFA : F ⊆ A\nhFcard : ↑F.card ≤ 2 * K\nhASF : A ⊆ S * F\n⊢ ↑(A * S ^ 3 * A⁻¹).card ≤ 8 * K ^ 11 * ↑A.card",
        "url": "https://github.com/YaelDillies/LeanCamCombi/blob/34daaaac92e24dcedf36f3d059764534daa7999d/LeanCamCombi/Mathlib/Combinatorics/Additive/ApproximateSubgroup.lean#L55"
      },
      "metadata": {
        "blame_email_hash": "97e8591fe714",
        "blame_date": "2025-01-24T23:15:34+00:00",
        "inclusion_date": "2025-12-30T00:28:27.081519+00:00"
      },
      "id": "b857857df936004c52e8470f4e1f8bdb5bf14ad9c9f2e2f327bca1d424b8be3a"
    },
    "proof": null,
    "proof_verified": false,
    "feedback": null,
    "verification_message": "All 1 attempts failed (1 strategies x 1 attempts each)",
    "success": true,
    "error_type": null,
    "error_message": null,
    "strategy_name": "all_failed_k=1",
    "proof_attempts": [
      "rfl"
    ]
  }
]

[2026-01-10 15:35:33] [process_single_sorry] STDERR:
None of PyTorch, TensorFlow >= 2.0, or Flax have been found. Models won't be available and only tokenizers, configuration and file/data utilities can be used.
[2026-01-10 15:33:18] [INFO] ================================================================================
[2026-01-10 15:33:18] [INFO] Starting run_morphcloud_local.py
[2026-01-10 15:33:18] [INFO] ================================================================================
[2026-01-10 15:33:18] [INFO] Environment loaded
[2026-01-10 15:33:18] [INFO] Full command: /root/SorryDB/sorrydb/cli/run_morphcloud_local.py --repo-path /root/repo --sorry-json {"repo": {"remote": "https://github.com/YaelDillies/LeanCamCombi", "branch": "master", "commit": "34daaaac92e24dcedf36f3d059764534daa7999d", "lean_version": "v4.26.0"}, "location": {"path": "LeanCamCombi/Mathlib/Combinatorics/Additive/ApproximateSubgroup.lean", "start_line": 55, "start_column": 29, "end_line": 55, "end_column": 34}, "debug_info": {"goal": "G : Type u_1\ninst\u271d\u00b9 : Group G\nK : \u211d\ninst\u271d : DecidableEq G\nA : Finset G\nhA\u2080 : A.Nonempty\nhA : \u2191(A ^ 2).card \u2264 K * \u2191A.card\nhK : 1 \u2264 K\nS : Finset G := \u22ef\nhS\u2081 : 1 \u2208 S\nhS\u2080 : S.Nonempty\nhSA : S \u2286 A\u207b\u00b9 * A\nhSsymm : S\u207b\u00b9 = S\nhScard : \u2191S.card \u2264 K ^ 2 * \u2191A.card\nF : Finset G\nhFA : F \u2286 A\nhFcard : \u2191F.card \u2264 2 * K\nhASF : A \u2286 S * F\n\u22a2 \u2191(A * S ^ 3 * A\u207b\u00b9).card \u2264 8 * K ^ 11 * \u2191A.card", "url": "https://github.com/YaelDillies/LeanCamCombi/blob/34daaaac92e24dcedf36f3d059764534daa7999d/LeanCamCombi/Mathlib/Combinatorics/Additive/ApproximateSubgroup.lean#L55"}, "metadata": {"blame_email_hash": "97e8591fe714", "blame_date": "2025-01-24T23:15:34+00:00", "inclusion_date": "2025-12-30T00:28:27.081519+00:00"}, "id": "b857857df936004c52e8470f4e1f8bdb5bf14ad9c9f2e2f327bca1d424b8be3a"} --agent-strategy {"name": "rfl", "args": {}}
[2026-01-10 15:33:18] [INFO] Arguments parsed: repo_path=/root/repo, output_path=/root/repo/result.json
[2026-01-10 15:33:18] [INFO] Strategy spec: {"name": "rfl", "args": {}}...
[2026-01-10 15:33:18] [INFO] Loading sorry data...
[2026-01-10 15:33:18] [INFO] Parsing sorry from JSON string...
[2026-01-10 15:33:18] [INFO] Sorry data parsed from JSON string
[2026-01-10 15:33:18] [INFO] Creating strategy from spec...
[2026-01-10 15:33:18] [INFO] Parsing strategy spec (length: 27 chars)
[2026-01-10 15:33:18] [INFO] Strategy name: rfl
[2026-01-10 15:33:18] [INFO] Strategy args: {}
[2026-01-10 15:33:18] [INFO] Pass@k value: 1
[2026-01-10 15:33:18] [INFO] Creating strategy: rfl
[2026-01-10 15:33:18] [INFO] Strategies created: ['RflStrategy']
[2026-01-10 15:33:18] [INFO] Pass@k value: 1
[2026-01-10 15:33:18] [INFO] Creating Sorry object...
[2026-01-10 15:33:18] [INFO] Sorry object created: id=b857857df936004c52e8470f4e1f8bdb5bf14ad9c9f2e2f327bca1d424b8be3a
[2026-01-10 15:33:18] [INFO] Sorry location: LeanCamCombi/Mathlib/Combinatorics/Additive/ApproximateSubgroup.lean:55
[2026-01-10 15:33:18] [INFO] Context before sorry (lines 50-55):
[2026-01-10 15:33:18] [INFO]   50:     refine .of_small_tripling hS₁ hSsymm ?_
[2026-01-10 15:33:18] [INFO]   51:     calc
[2026-01-10 15:33:18] [INFO]   52:       (#(S ^ 3) : ℝ)
[2026-01-10 15:33:18] [INFO]   53:       _ ≤ #(A * S ^ 3) := mod_cast card_le_card_mul_left hA₀
[2026-01-10 15:33:18] [INFO]   54:       _ ≤ #(A * S ^ 3 * A⁻¹) := mod_cast card_le_card_mul_right hA₀.inv
[2026-01-10 15:33:18] [INFO]   55:       _ ≤ 8 * K ^ 11 * #A := sorry
[2026-01-10 15:33:18] [INFO] Sorry line:       _ ≤ 8 * K ^ 11 * #A := sorry
[2026-01-10 15:33:18] [INFO] Sorry goal: G : Type u_1
inst✝¹ : Group G
K : ℝ
inst✝ : DecidableEq G
A : Finset G
hA₀ : A.Nonempty
hA : ↑(A ^ 2...
[2026-01-10 15:33:18] [INFO] ========================================
[2026-01-10 15:33:18] [INFO] Trying strategy: RflStrategy (up to 1 attempts)
[2026-01-10 15:33:18] [INFO] --------------------
[2026-01-10 15:33:18] [INFO] Strategy RflStrategy, attempt 1/1
[2026-01-10 15:33:18] [INFO] Starting proof generation...
[2026-01-10 15:33:18] [INFO] Repository path: /root/repo
[2026-01-10 15:33:18] [INFO] Proof generation completed
[2026-01-10 15:33:18] [INFO] Generated proof:
[2026-01-10 15:33:18] [INFO] rfl
[2026-01-10 15:33:18] [INFO] Proof length: 3 chars
[2026-01-10 15:33:18] [INFO] Starting proof verification...
[2026-01-10 15:33:18] [INFO] Verifying at: LeanCamCombi/Mathlib/Combinatorics/Additive/ApproximateSubgroup.lean:55
[2026-01-10 15:33:18] [INFO] Using LEAN INTERACT verify
[2026-01-10 15:33:18] [INFO] Checking file
[2026-01-10 15:35:33] [INFO] Cannot build modified file <error line="55" column="29">
<code_line>      _ ≤ 8 * K ^ 11 * #A := rfl</code_line>
<message>error: Type mismatch</message>
</error>
  rfl
has type
  ?m.594 = ?m.594
but is expected to have type
  ↑(#(A * S ^ 3 * A⁻¹)) ≤ 8 * K ^ 11 * ↑(#A)
[2026-01-10 15:35:33] [INFO] Proof verification completed
[2026-01-10 15:35:33] [INFO] Strategy RflStrategy attempt 1: verified=False
[2026-01-10 15:35:33] [INFO] Verification message: Cannot build modified file: <error line="55" column="29">
<code_line>      _ ≤ 8 * K ^ 11 * #A := rfl</code_line>
<message>error: Type mismatch</message>
</error>
  rfl
has type
  ?m.594 = ?m.594
but is expected to have type
  ↑(#(A * S ^ 3 * A⁻¹)) ≤ 8 * K ^ 11 * ↑(#A)

[2026-01-10 15:35:33] [INFO] Attempt 1 failed verification, continuing...
[2026-01-10 15:35:33] [INFO] ========================================
[2026-01-10 15:35:33] [INFO] Pass@k completed. Total results: 1
[2026-01-10 15:35:33] [INFO] FAILED: All 1 strategies x 1 attempts
[2026-01-10 15:35:33] [INFO] Writing results to file: /root/repo/result.json
[2026-01-10 15:35:33] [INFO] Result file written successfully
[2026-01-10 15:35:33] [INFO] Results exported to: /root/repo/result.json
[2026-01-10 15:35:33] [INFO] run_morphcloud_local.py completed successfully

[2026-01-10 15:35:33] [process_single_sorry] Downloading result file...
[2026-01-10 15:35:34] [process_single_sorry] Downloaded result to intermediate_experiment_outputs_full_reservoir/rfl/2026-01-10_14-19-01_rfl/individual/b857857df936004c52e8470f4e1f8bdb5bf14ad9c9f2e2f327bca1d424b8be3a.json
[2026-01-10 15:35:37] [process_single_sorry] Instance context closed successfully
[2026-01-10 15:35:37] [process_single_sorry] Parsing result file...
[2026-01-10 15:35:37] [process_single_sorry] Successfully parsed result (list format, 1 results)
