[2026-01-10 16:19:22] [process_single_sorry] Starting for sorry bb245205e61b3ea86b687568fee6b01923f4a88b35af6300381b86b2b6600b8e
[2026-01-10 16:19:22] [process_single_sorry] Using snapshot: snapshot_o4i84a9u
[2026-01-10 16:19:22] [process_single_sorry] Repository: https://github.com/google-deepmind/formal-conjectures@a9131a023c26564cacf3e4c78ee7ab8401cf7aab
[2026-01-10 16:19:22] [process_single_sorry] Instance name: formal-conjectures_a9131a023c26_rfl_bb245205e61b3ea86b687568fee6b01923f4a88b35af6300381b86b2b6600b8e
[2026-01-10 16:19:22] [process_single_sorry] Starting attempt 1/3
[2026-01-10 16:19:22] [process_single_sorry] Starting instance from snapshot...
[2026-01-10 16:19:33] [process_single_sorry] Instance started successfully: morphvm_y8si6c9y
[2026-01-10 16:19:33] [process_single_sorry] Creating .env file...
[2026-01-10 16:19:33] [process_single_sorry] .env file created (exit_code: 0)
[2026-01-10 16:19:33] [process_single_sorry] Executing agent command...
[2026-01-10 16:20:14] [process_single_sorry] Agent command completed (exit_code: 0)
[2026-01-10 16:20:14] [process_single_sorry] STDOUT:

Results JSON:
[
  {
    "sorry": {
      "repo": {
        "remote": "https://github.com/google-deepmind/formal-conjectures",
        "branch": "vc_dim_rn",
        "commit": "a9131a023c26564cacf3e4c78ee7ab8401cf7aab",
        "lean_version": "v4.22.0"
      },
      "location": {
        "path": "FormalConjectures/ErdosProblems/123.lean",
        "start_line": 73,
        "start_column": 81,
        "end_line": 73,
        "end_column": 86
      },
      "debug_info": {
        "goal": "⊢ ((a : ℕ) →\n      a > 1 →\n        (b : ℕ) →\n          b > 1 →\n            (c : ℕ) →\n              c > 1 → Erdos123.PairwiseCoprime a b c → Erdos123.IsDComplete (↑(powers a) * ↑(powers b) * ↑(powers c))) ↔\n    sorry",
        "url": "https://github.com/google-deepmind/formal-conjectures/blob/a9131a023c26564cacf3e4c78ee7ab8401cf7aab/FormalConjectures/ErdosProblems/123.lean#L73"
      },
      "metadata": {
        "blame_email_hash": "ef3bc37f67e8",
        "blame_date": "2025-12-23T11:49:18+01:00",
        "inclusion_date": "2025-12-30T06:09:31.010352+00:00"
      },
      "id": "bb245205e61b3ea86b687568fee6b01923f4a88b35af6300381b86b2b6600b8e"
    },
    "proof": null,
    "proof_verified": false,
    "feedback": null,
    "verification_message": "All 1 attempts failed (1 strategies x 1 attempts each)",
    "success": true,
    "error_type": null,
    "error_message": null,
    "strategy_name": "all_failed_k=1",
    "proof_attempts": [
      "rfl"
    ]
  }
]

[2026-01-10 16:20:14] [process_single_sorry] STDERR:
None of PyTorch, TensorFlow >= 2.0, or Flax have been found. Models won't be available and only tokenizers, configuration and file/data utilities can be used.
[2026-01-10 16:19:45] [INFO] ================================================================================
[2026-01-10 16:19:45] [INFO] Starting run_morphcloud_local.py
[2026-01-10 16:19:45] [INFO] ================================================================================
[2026-01-10 16:19:45] [INFO] Environment loaded
[2026-01-10 16:19:45] [INFO] Full command: /root/SorryDB/sorrydb/cli/run_morphcloud_local.py --repo-path /root/repo --sorry-json {"repo": {"remote": "https://github.com/google-deepmind/formal-conjectures", "branch": "vc_dim_rn", "commit": "a9131a023c26564cacf3e4c78ee7ab8401cf7aab", "lean_version": "v4.22.0"}, "location": {"path": "FormalConjectures/ErdosProblems/123.lean", "start_line": 73, "start_column": 81, "end_line": 73, "end_column": 86}, "debug_info": {"goal": "\u22a2 ((a : \u2115) \u2192\n      a > 1 \u2192\n        (b : \u2115) \u2192\n          b > 1 \u2192\n            (c : \u2115) \u2192\n              c > 1 \u2192 Erdos123.PairwiseCoprime a b c \u2192 Erdos123.IsDComplete (\u2191(powers a) * \u2191(powers b) * \u2191(powers c))) \u2194\n    sorry", "url": "https://github.com/google-deepmind/formal-conjectures/blob/a9131a023c26564cacf3e4c78ee7ab8401cf7aab/FormalConjectures/ErdosProblems/123.lean#L73"}, "metadata": {"blame_email_hash": "ef3bc37f67e8", "blame_date": "2025-12-23T11:49:18+01:00", "inclusion_date": "2025-12-30T06:09:31.010352+00:00"}, "id": "bb245205e61b3ea86b687568fee6b01923f4a88b35af6300381b86b2b6600b8e"} --agent-strategy {"name": "rfl", "args": {}}
[2026-01-10 16:19:45] [INFO] Arguments parsed: repo_path=/root/repo, output_path=/root/repo/result.json
[2026-01-10 16:19:45] [INFO] Strategy spec: {"name": "rfl", "args": {}}...
[2026-01-10 16:19:45] [INFO] Loading sorry data...
[2026-01-10 16:19:45] [INFO] Parsing sorry from JSON string...
[2026-01-10 16:19:45] [INFO] Sorry data parsed from JSON string
[2026-01-10 16:19:45] [INFO] Creating strategy from spec...
[2026-01-10 16:19:45] [INFO] Parsing strategy spec (length: 27 chars)
[2026-01-10 16:19:45] [INFO] Strategy name: rfl
[2026-01-10 16:19:45] [INFO] Strategy args: {}
[2026-01-10 16:19:45] [INFO] Pass@k value: 1
[2026-01-10 16:19:45] [INFO] Creating strategy: rfl
[2026-01-10 16:19:45] [INFO] Strategies created: ['RflStrategy']
[2026-01-10 16:19:45] [INFO] Pass@k value: 1
[2026-01-10 16:19:45] [INFO] Creating Sorry object...
[2026-01-10 16:19:45] [INFO] Sorry object created: id=bb245205e61b3ea86b687568fee6b01923f4a88b35af6300381b86b2b6600b8e
[2026-01-10 16:19:45] [INFO] Sorry location: FormalConjectures/ErdosProblems/123.lean:73
[2026-01-10 16:19:45] [INFO] Context before sorry (lines 68-73):
[2026-01-10 16:19:45] [INFO]   68: Note: For this not to reduce to the two-integer case, we need the integers
[2026-01-10 16:19:45] [INFO]   69: to be greater than one and distinct.
[2026-01-10 16:19:45] [INFO]   70: -/
[2026-01-10 16:19:45] [INFO]   71: @[category research open, AMS 11]
[2026-01-10 16:19:45] [INFO]   72: theorem erdos_123 : (∀ a > 1, ∀ b > 1, ∀ c > 1, PairwiseCoprime a b c →
[2026-01-10 16:19:45] [INFO]   73:     IsDComplete (↑(powers a) * ↑(powers b) * ↑(powers c))) ↔ answer(sorry) := by sorry
[2026-01-10 16:19:45] [INFO] Sorry line:     IsDComplete (↑(powers a) * ↑(powers b) * ↑(powers c))) ↔ answer(sorry) := by sorry
[2026-01-10 16:19:45] [INFO] Sorry goal: ⊢ ((a : ℕ) →
      a > 1 →
        (b : ℕ) →
          b > 1 →
            (c : ℕ) →
              c...
[2026-01-10 16:19:45] [INFO] ========================================
[2026-01-10 16:19:45] [INFO] Trying strategy: RflStrategy (up to 1 attempts)
[2026-01-10 16:19:45] [INFO] --------------------
[2026-01-10 16:19:45] [INFO] Strategy RflStrategy, attempt 1/1
[2026-01-10 16:19:45] [INFO] Starting proof generation...
[2026-01-10 16:19:45] [INFO] Repository path: /root/repo
[2026-01-10 16:19:45] [INFO] Proof generation completed
[2026-01-10 16:19:45] [INFO] Generated proof:
[2026-01-10 16:19:45] [INFO] rfl
[2026-01-10 16:19:45] [INFO] Proof length: 3 chars
[2026-01-10 16:19:45] [INFO] Starting proof verification...
[2026-01-10 16:19:45] [INFO] Verifying at: FormalConjectures/ErdosProblems/123.lean:73
[2026-01-10 16:19:45] [INFO] Using LEAN INTERACT verify
[2026-01-10 16:19:45] [INFO] Checking file
[2026-01-10 16:20:14] [INFO] Cannot build modified file <error line="73" column="81">
<code_line>    IsDComplete (↑(powers a) * ↑(powers b) * ↑(powers c))) ↔ answer(sorry) := by rfl</code_line>
<message>error: tactic 'rfl' failed, the left-hand side</message>
</error>
  ∀ a > 1, ∀ b > 1, ∀ c > 1, PairwiseCoprime a b c → IsDComplete (↑(powers a) * ↑(powers b) * ↑(powers c))
is not definitionally equal to the right-hand side
  sorry
⊢ (∀ a > 1, ∀ b > 1, ∀ c > 1, PairwiseCoprime a b c → IsDComplete (↑(powers a) * ↑(powers b) * ↑(powers c))) ↔ sorry
[2026-01-10 16:20:14] [INFO] Proof verification completed
[2026-01-10 16:20:14] [INFO] Strategy RflStrategy attempt 1: verified=False
[2026-01-10 16:20:14] [INFO] Verification message: Cannot build modified file: <error line="73" column="81">
<code_line>    IsDComplete (↑(powers a) * ↑(powers b) * ↑(powers c))) ↔ answer(sorry) := by rfl</code_line>
<message>error: tactic 'rfl' failed, the left-hand side</message>
</error>
  ∀ a > 1, ∀ b > 1, ∀ c > 1, PairwiseCoprime a b c → IsDComplete (↑(powers a) * ↑(powers b) * ↑(powers c))
is not definitionally equal to the right-hand side
  sorry
⊢ (∀ a > 1, ∀ b > 1, ∀ c > 1, PairwiseCoprime a b c → IsDComplete (↑(powers a) * ↑(powers b) * ↑(powers c))) ↔ sorry

[2026-01-10 16:20:14] [INFO] Attempt 1 failed verification, continuing...
[2026-01-10 16:20:14] [INFO] ========================================
[2026-01-10 16:20:14] [INFO] Pass@k completed. Total results: 1
[2026-01-10 16:20:14] [INFO] FAILED: All 1 strategies x 1 attempts
[2026-01-10 16:20:14] [INFO] Writing results to file: /root/repo/result.json
[2026-01-10 16:20:14] [INFO] Result file written successfully
[2026-01-10 16:20:14] [INFO] Results exported to: /root/repo/result.json
[2026-01-10 16:20:14] [INFO] run_morphcloud_local.py completed successfully

[2026-01-10 16:20:14] [process_single_sorry] Downloading result file...
[2026-01-10 16:20:15] [process_single_sorry] Downloaded result to intermediate_experiment_outputs_full_reservoir/rfl/2026-01-10_14-19-01_rfl/individual/bb245205e61b3ea86b687568fee6b01923f4a88b35af6300381b86b2b6600b8e.json
[2026-01-10 16:20:16] [process_single_sorry] Instance context closed successfully
[2026-01-10 16:20:16] [process_single_sorry] Parsing result file...
[2026-01-10 16:20:16] [process_single_sorry] Successfully parsed result (list format, 1 results)
