[2026-01-10 15:25:56] [process_single_sorry] Starting for sorry c70b3c20acd2223b1e4f4771d59d902d5cea0ebb06be5d3fadb180e9ed67f42a
[2026-01-10 15:25:56] [process_single_sorry] Using snapshot: snapshot_4fxga5dq
[2026-01-10 15:25:56] [process_single_sorry] Repository: https://github.com/Verified-zkEVM/VCV-io@eee7f23d73a113216fcca26bbedd25e658dd8a2f
[2026-01-10 15:25:56] [process_single_sorry] Instance name: VCV-io_eee7f23d73a1_rfl_c70b3c20acd2223b1e4f4771d59d902d5cea0ebb06be5d3fadb180e9ed67f42a
[2026-01-10 15:25:56] [process_single_sorry] Starting attempt 1/3
[2026-01-10 15:25:56] [process_single_sorry] Starting instance from snapshot...
[2026-01-10 15:25:56] [process_single_sorry] Instance started successfully: morphvm_2d22g76a
[2026-01-10 15:25:56] [process_single_sorry] Creating .env file...
[2026-01-10 15:25:58] [process_single_sorry] .env file created (exit_code: 0)
[2026-01-10 15:25:58] [process_single_sorry] Executing agent command...
[2026-01-10 15:26:23] [process_single_sorry] Agent command completed (exit_code: 0)
[2026-01-10 15:26:23] [process_single_sorry] STDOUT:

Results JSON:
[
  {
    "sorry": {
      "repo": {
        "remote": "https://github.com/Verified-zkEVM/VCV-io",
        "branch": "upstream-pfun",
        "commit": "eee7f23d73a113216fcca26bbedd25e658dd8a2f",
        "lean_version": "v4.24.0"
      },
      "location": {
        "path": "VCVio/OracleComp/Constructions/UniformSelect.lean",
        "start_line": 335,
        "start_column": 31,
        "end_line": 335,
        "end_column": 36
      },
      "debug_info": {
        "goal": "α : Type\nhα : OracleComp.SampleableType α\n⊢ Pr[⊥ |\n      @OracleComp.HasUniformSelect!.uniformSelect! (Vector Bool 2) Bool (OracleComp.hasUniformSelectVector Bool 1)\n        #v[true, false]] =\n    0",
        "url": "https://github.com/Verified-zkEVM/VCV-io/blob/eee7f23d73a113216fcca26bbedd25e658dd8a2f/VCVio/OracleComp/Constructions/UniformSelect.lean#L335"
      },
      "metadata": {
        "blame_email_hash": "0c5d39c5ece3",
        "blame_date": "2025-08-26T14:50:14-07:00",
        "inclusion_date": "2025-12-29T23:26:34.423297+00:00"
      },
      "id": "c70b3c20acd2223b1e4f4771d59d902d5cea0ebb06be5d3fadb180e9ed67f42a"
    },
    "proof": null,
    "proof_verified": false,
    "feedback": null,
    "verification_message": "All 1 attempts failed (1 strategies x 1 attempts each)",
    "success": true,
    "error_type": null,
    "error_message": null,
    "strategy_name": "all_failed_k=1",
    "proof_attempts": [
      "rfl"
    ]
  }
]

[2026-01-10 15:26:23] [process_single_sorry] STDERR:
None of PyTorch, TensorFlow >= 2.0, or Flax have been found. Models won't be available and only tokenizers, configuration and file/data utilities can be used.
[2026-01-10 15:26:08] [INFO] ================================================================================
[2026-01-10 15:26:08] [INFO] Starting run_morphcloud_local.py
[2026-01-10 15:26:08] [INFO] ================================================================================
[2026-01-10 15:26:08] [INFO] Environment loaded
[2026-01-10 15:26:08] [INFO] Full command: /root/SorryDB/sorrydb/cli/run_morphcloud_local.py --repo-path /root/repo --sorry-json {"repo": {"remote": "https://github.com/Verified-zkEVM/VCV-io", "branch": "upstream-pfun", "commit": "eee7f23d73a113216fcca26bbedd25e658dd8a2f", "lean_version": "v4.24.0"}, "location": {"path": "VCVio/OracleComp/Constructions/UniformSelect.lean", "start_line": 335, "start_column": 31, "end_line": 335, "end_column": 36}, "debug_info": {"goal": "\u03b1 : Type\nh\u03b1 : OracleComp.SampleableType \u03b1\n\u22a2 Pr[\u22a5 |\n      @OracleComp.HasUniformSelect!.uniformSelect! (Vector Bool 2) Bool (OracleComp.hasUniformSelectVector Bool 1)\n        #v[true, false]] =\n    0", "url": "https://github.com/Verified-zkEVM/VCV-io/blob/eee7f23d73a113216fcca26bbedd25e658dd8a2f/VCVio/OracleComp/Constructions/UniformSelect.lean#L335"}, "metadata": {"blame_email_hash": "0c5d39c5ece3", "blame_date": "2025-08-26T14:50:14-07:00", "inclusion_date": "2025-12-29T23:26:34.423297+00:00"}, "id": "c70b3c20acd2223b1e4f4771d59d902d5cea0ebb06be5d3fadb180e9ed67f42a"} --agent-strategy {"name": "rfl", "args": {}}
[2026-01-10 15:26:08] [INFO] Arguments parsed: repo_path=/root/repo, output_path=/root/repo/result.json
[2026-01-10 15:26:08] [INFO] Strategy spec: {"name": "rfl", "args": {}}...
[2026-01-10 15:26:08] [INFO] Loading sorry data...
[2026-01-10 15:26:08] [INFO] Parsing sorry from JSON string...
[2026-01-10 15:26:08] [INFO] Sorry data parsed from JSON string
[2026-01-10 15:26:08] [INFO] Creating strategy from spec...
[2026-01-10 15:26:08] [INFO] Parsing strategy spec (length: 27 chars)
[2026-01-10 15:26:08] [INFO] Strategy name: rfl
[2026-01-10 15:26:08] [INFO] Strategy args: {}
[2026-01-10 15:26:08] [INFO] Pass@k value: 1
[2026-01-10 15:26:08] [INFO] Creating strategy: rfl
[2026-01-10 15:26:08] [INFO] Strategies created: ['RflStrategy']
[2026-01-10 15:26:08] [INFO] Pass@k value: 1
[2026-01-10 15:26:08] [INFO] Creating Sorry object...
[2026-01-10 15:26:08] [INFO] Sorry object created: id=c70b3c20acd2223b1e4f4771d59d902d5cea0ebb06be5d3fadb180e9ed67f42a
[2026-01-10 15:26:08] [INFO] Sorry location: VCVio/OracleComp/Constructions/UniformSelect.lean:335
[2026-01-10 15:26:08] [INFO] Context before sorry (lines 330-335):
[2026-01-10 15:26:08] [INFO]   330: 
[2026-01-10 15:26:08] [INFO]   331: instance : SampleableType Bool where
[2026-01-10 15:26:08] [INFO]   332:   selectElem := $! #v[true, false]
[2026-01-10 15:26:08] [INFO]   333:   mem_support_selectElem x := by sorry
[2026-01-10 15:26:08] [INFO]   334:   probOutput_selectElem_eq x y := by sorry --simp
[2026-01-10 15:26:08] [INFO]   335:   probFailure_selectElem := by sorry --simp
[2026-01-10 15:26:08] [INFO] Sorry line:   probFailure_selectElem := by sorry --simp
[2026-01-10 15:26:08] [INFO] Sorry goal: α : Type
hα : OracleComp.SampleableType α
⊢ Pr[⊥ |
      @OracleComp.HasUniformSelect!.uniformSelect...
[2026-01-10 15:26:08] [INFO] ========================================
[2026-01-10 15:26:08] [INFO] Trying strategy: RflStrategy (up to 1 attempts)
[2026-01-10 15:26:08] [INFO] --------------------
[2026-01-10 15:26:08] [INFO] Strategy RflStrategy, attempt 1/1
[2026-01-10 15:26:08] [INFO] Starting proof generation...
[2026-01-10 15:26:08] [INFO] Repository path: /root/repo
[2026-01-10 15:26:08] [INFO] Proof generation completed
[2026-01-10 15:26:08] [INFO] Generated proof:
[2026-01-10 15:26:08] [INFO] rfl
[2026-01-10 15:26:08] [INFO] Proof length: 3 chars
[2026-01-10 15:26:08] [INFO] Starting proof verification...
[2026-01-10 15:26:08] [INFO] Verifying at: VCVio/OracleComp/Constructions/UniformSelect.lean:335
[2026-01-10 15:26:08] [INFO] Using LEAN INTERACT verify
[2026-01-10 15:26:08] [INFO] Checking file
[2026-01-10 15:26:23] [INFO] Cannot build modified file <error line="335" column="31">
<code_line>  probFailure_selectElem := by rfl --simp</code_line>
<message>error: Tactic `rfl` failed: The left-hand side</message>
</error>
  Pr[⊥ | $!#v[true, false]]
is not definitionally equal to the right-hand side
  0

α : Type
hα : SampleableType α
⊢ Pr[⊥ | $!#v[true, false]] = 0
[2026-01-10 15:26:23] [INFO] Proof verification completed
[2026-01-10 15:26:23] [INFO] Strategy RflStrategy attempt 1: verified=False
[2026-01-10 15:26:23] [INFO] Verification message: Cannot build modified file: <error line="335" column="31">
<code_line>  probFailure_selectElem := by rfl --simp</code_line>
<message>error: Tactic `rfl` failed: The left-hand side</message>
</error>
  Pr[⊥ | $!#v[true, false]]
is not definitionally equal to the right-hand side
  0

α : Type
hα : SampleableType α
⊢ Pr[⊥ | $!#v[true, false]] = 0

[2026-01-10 15:26:23] [INFO] Attempt 1 failed verification, continuing...
[2026-01-10 15:26:23] [INFO] ========================================
[2026-01-10 15:26:23] [INFO] Pass@k completed. Total results: 1
[2026-01-10 15:26:23] [INFO] FAILED: All 1 strategies x 1 attempts
[2026-01-10 15:26:23] [INFO] Writing results to file: /root/repo/result.json
[2026-01-10 15:26:23] [INFO] Result file written successfully
[2026-01-10 15:26:23] [INFO] Results exported to: /root/repo/result.json
[2026-01-10 15:26:23] [INFO] run_morphcloud_local.py completed successfully

[2026-01-10 15:26:23] [process_single_sorry] Downloading result file...
[2026-01-10 15:26:23] [process_single_sorry] Downloaded result to intermediate_experiment_outputs_full_reservoir/rfl/2026-01-10_14-19-01_rfl/individual/c70b3c20acd2223b1e4f4771d59d902d5cea0ebb06be5d3fadb180e9ed67f42a.json
[2026-01-10 15:26:25] [process_single_sorry] Instance context closed successfully
[2026-01-10 15:26:25] [process_single_sorry] Parsing result file...
[2026-01-10 15:26:25] [process_single_sorry] Successfully parsed result (list format, 1 results)
