[2026-01-10 15:49:11] [process_single_sorry] Starting for sorry cbfcdb940014a665e56d8a4c3e36fbad27b3e8280f61de9037705139090c9e75
[2026-01-10 15:49:11] [process_single_sorry] Using snapshot: snapshot_pnfp19ni
[2026-01-10 15:49:11] [process_single_sorry] Repository: https://github.com/jcreedcmu/Noperthedron@a8c1562a4a0f56335e61c4ecacbd0069f0bba443
[2026-01-10 15:49:11] [process_single_sorry] Instance name: Noperthedron_a8c1562a4a0f_rfl_cbfcdb940014a665e56d8a4c3e36fbad27b3e8280f61de9037705139090c9e75
[2026-01-10 15:49:11] [process_single_sorry] Starting attempt 1/3
[2026-01-10 15:49:11] [process_single_sorry] Starting instance from snapshot...
[2026-01-10 15:49:11] [process_single_sorry] Instance started successfully: morphvm_32cb6862
[2026-01-10 15:49:11] [process_single_sorry] Creating .env file...
[2026-01-10 15:49:28] [process_single_sorry] .env file created (exit_code: 0)
[2026-01-10 15:49:28] [process_single_sorry] Executing agent command...
[2026-01-10 15:52:49] [process_single_sorry] Agent command completed (exit_code: 0)
[2026-01-10 15:52:49] [process_single_sorry] STDOUT:

Results JSON:
[
  {
    "sorry": {
      "repo": {
        "remote": "https://github.com/jcreedcmu/Noperthedron",
        "branch": "main",
        "commit": "a8c1562a4a0f56335e61c4ecacbd0069f0bba443",
        "lean_version": "v4.27.0-rc1"
      },
      "location": {
        "path": "Noperthedron/Pose.lean",
        "start_line": 101,
        "start_column": 2,
        "end_line": 101,
        "end_column": 7
      },
      "debug_info": {
        "goal": "p : Pose\nS : Set Euc(3)\n⊢ outerShadow p S = ⇑(Pose.rotM₂ p) '' S",
        "url": "https://github.com/jcreedcmu/Noperthedron/blob/a8c1562a4a0f56335e61c4ecacbd0069f0bba443/Noperthedron/Pose.lean#L101"
      },
      "metadata": {
        "blame_email_hash": "f5efb62f3aa1",
        "blame_date": "2025-12-29T16:22:57-05:00",
        "inclusion_date": "2025-12-30T07:04:50.666467+00:00"
      },
      "id": "cbfcdb940014a665e56d8a4c3e36fbad27b3e8280f61de9037705139090c9e75"
    },
    "proof": null,
    "proof_verified": false,
    "feedback": null,
    "verification_message": "All 1 attempts failed (1 strategies x 1 attempts each)",
    "success": true,
    "error_type": null,
    "error_message": null,
    "strategy_name": "all_failed_k=1",
    "proof_attempts": [
      "rfl"
    ]
  }
]

[2026-01-10 15:52:49] [process_single_sorry] STDERR:
None of PyTorch, TensorFlow >= 2.0, or Flax have been found. Models won't be available and only tokenizers, configuration and file/data utilities can be used.
[2026-01-10 15:50:02] [INFO] ================================================================================
[2026-01-10 15:50:02] [INFO] Starting run_morphcloud_local.py
[2026-01-10 15:50:02] [INFO] ================================================================================
[2026-01-10 15:50:02] [INFO] Environment loaded
[2026-01-10 15:50:02] [INFO] Full command: /root/SorryDB/sorrydb/cli/run_morphcloud_local.py --repo-path /root/repo --sorry-json {"repo": {"remote": "https://github.com/jcreedcmu/Noperthedron", "branch": "main", "commit": "a8c1562a4a0f56335e61c4ecacbd0069f0bba443", "lean_version": "v4.27.0-rc1"}, "location": {"path": "Noperthedron/Pose.lean", "start_line": 101, "start_column": 2, "end_line": 101, "end_column": 7}, "debug_info": {"goal": "p : Pose\nS : Set Euc(3)\n\u22a2 outerShadow p S = \u21d1(Pose.rotM\u2082 p) '' S", "url": "https://github.com/jcreedcmu/Noperthedron/blob/a8c1562a4a0f56335e61c4ecacbd0069f0bba443/Noperthedron/Pose.lean#L101"}, "metadata": {"blame_email_hash": "f5efb62f3aa1", "blame_date": "2025-12-29T16:22:57-05:00", "inclusion_date": "2025-12-30T07:04:50.666467+00:00"}, "id": "cbfcdb940014a665e56d8a4c3e36fbad27b3e8280f61de9037705139090c9e75"} --agent-strategy {"name": "rfl", "args": {}}
[2026-01-10 15:50:02] [INFO] Arguments parsed: repo_path=/root/repo, output_path=/root/repo/result.json
[2026-01-10 15:50:02] [INFO] Strategy spec: {"name": "rfl", "args": {}}...
[2026-01-10 15:50:02] [INFO] Loading sorry data...
[2026-01-10 15:50:02] [INFO] Parsing sorry from JSON string...
[2026-01-10 15:50:02] [INFO] Sorry data parsed from JSON string
[2026-01-10 15:50:02] [INFO] Creating strategy from spec...
[2026-01-10 15:50:02] [INFO] Parsing strategy spec (length: 27 chars)
[2026-01-10 15:50:02] [INFO] Strategy name: rfl
[2026-01-10 15:50:02] [INFO] Strategy args: {}
[2026-01-10 15:50:02] [INFO] Pass@k value: 1
[2026-01-10 15:50:02] [INFO] Creating strategy: rfl
[2026-01-10 15:50:02] [INFO] Strategies created: ['RflStrategy']
[2026-01-10 15:50:02] [INFO] Pass@k value: 1
[2026-01-10 15:50:02] [INFO] Creating Sorry object...
[2026-01-10 15:50:02] [INFO] Sorry object created: id=cbfcdb940014a665e56d8a4c3e36fbad27b3e8280f61de9037705139090c9e75
[2026-01-10 15:50:02] [INFO] Sorry location: Noperthedron/Pose.lean:101
[2026-01-10 15:50:02] [INFO] Context before sorry (lines 96-101):
[2026-01-10 15:50:02] [INFO]   96:     innerShadow p S = (p.rotR ∘L p.rotM₁) '' S := by
[2026-01-10 15:50:02] [INFO]   97:   sorry
[2026-01-10 15:50:02] [INFO]   98: 
[2026-01-10 15:50:02] [INFO]   99: lemma outer_shadow_eq_M (p : Pose) (S : Set ℝ³) :
[2026-01-10 15:50:02] [INFO]   100:     outerShadow p S = p.rotM₂ '' S := by
[2026-01-10 15:50:02] [INFO]   101:   sorry
[2026-01-10 15:50:02] [INFO] Sorry line:   sorry
[2026-01-10 15:50:02] [INFO] Sorry goal: p : Pose
S : Set Euc(3)
⊢ outerShadow p S = ⇑(Pose.rotM₂ p) '' S...
[2026-01-10 15:50:02] [INFO] ========================================
[2026-01-10 15:50:02] [INFO] Trying strategy: RflStrategy (up to 1 attempts)
[2026-01-10 15:50:02] [INFO] --------------------
[2026-01-10 15:50:02] [INFO] Strategy RflStrategy, attempt 1/1
[2026-01-10 15:50:02] [INFO] Starting proof generation...
[2026-01-10 15:50:02] [INFO] Repository path: /root/repo
[2026-01-10 15:50:02] [INFO] Proof generation completed
[2026-01-10 15:50:02] [INFO] Generated proof:
[2026-01-10 15:50:02] [INFO] rfl
[2026-01-10 15:50:02] [INFO] Proof length: 3 chars
[2026-01-10 15:50:02] [INFO] Starting proof verification...
[2026-01-10 15:50:02] [INFO] Verifying at: Noperthedron/Pose.lean:101
[2026-01-10 15:50:02] [INFO] Using LEAN INTERACT verify
[2026-01-10 15:50:02] [INFO] Checking file
[2026-01-10 15:52:47] [INFO] Cannot build modified file <error line="101" column="2">
<code_line>  rfl</code_line>
<message>error: Tactic `rfl` failed: The left-hand side</message>
</error>
  outerShadow p S
is not definitionally equal to the right-hand side
  ⇑p.rotM₂ '' S

p : Pose
S : Set Euc(3)
⊢ outerShadow p S = ⇑p.rotM₂ '' S
[2026-01-10 15:52:47] [INFO] Proof verification completed
[2026-01-10 15:52:47] [INFO] Strategy RflStrategy attempt 1: verified=False
[2026-01-10 15:52:47] [INFO] Verification message: Cannot build modified file: <error line="101" column="2">
<code_line>  rfl</code_line>
<message>error: Tactic `rfl` failed: The left-hand side</message>
</error>
  outerShadow p S
is not definitionally equal to the right-hand side
  ⇑p.rotM₂ '' S

p : Pose
S : Set Euc(3)
⊢ outerShadow p S = ⇑p.rotM₂ '' S

[2026-01-10 15:52:47] [INFO] Attempt 1 failed verification, continuing...
[2026-01-10 15:52:47] [INFO] ========================================
[2026-01-10 15:52:47] [INFO] Pass@k completed. Total results: 1
[2026-01-10 15:52:47] [INFO] FAILED: All 1 strategies x 1 attempts
[2026-01-10 15:52:47] [INFO] Writing results to file: /root/repo/result.json
[2026-01-10 15:52:47] [INFO] Result file written successfully
[2026-01-10 15:52:47] [INFO] Results exported to: /root/repo/result.json
[2026-01-10 15:52:47] [INFO] run_morphcloud_local.py completed successfully

[2026-01-10 15:52:49] [process_single_sorry] Downloading result file...
[2026-01-10 15:52:51] [process_single_sorry] Downloaded result to intermediate_experiment_outputs_full_reservoir/rfl/2026-01-10_14-19-01_rfl/individual/cbfcdb940014a665e56d8a4c3e36fbad27b3e8280f61de9037705139090c9e75.json
[2026-01-10 15:52:55] [process_single_sorry] Instance context closed successfully
[2026-01-10 15:52:55] [process_single_sorry] Parsing result file...
[2026-01-10 15:52:55] [process_single_sorry] Successfully parsed result (list format, 1 results)
