[2026-01-10 15:54:33] [process_single_sorry] Starting for sorry d02a1d7b22f1610a29a77907c87e6e63614ee647b5e2a47560678952790ea907
[2026-01-10 15:54:33] [process_single_sorry] Using snapshot: snapshot_78qd79ev
[2026-01-10 15:54:33] [process_single_sorry] Repository: https://github.com/leanprover-community/mathlib4@3553b46195d3457be68d016ea3b14b2aab5e53ad
[2026-01-10 15:54:33] [process_single_sorry] Instance name: mathlib4_3553b46195d3_rfl_d02a1d7b22f1610a29a77907c87e6e63614ee647b5e2a47560678952790ea907
[2026-01-10 15:54:33] [process_single_sorry] Starting attempt 1/3
[2026-01-10 15:54:33] [process_single_sorry] Starting instance from snapshot...
[2026-01-10 15:54:34] [process_single_sorry] Instance started successfully: morphvm_mo9gr4pj
[2026-01-10 15:54:34] [process_single_sorry] Creating .env file...
[2026-01-10 15:54:42] [process_single_sorry] .env file created (exit_code: 0)
[2026-01-10 15:54:42] [process_single_sorry] Executing agent command...
[2026-01-10 15:55:27] [process_single_sorry] Agent command completed (exit_code: 0)
[2026-01-10 15:55:27] [process_single_sorry] STDOUT:

Results JSON:
[
  {
    "sorry": {
      "repo": {
        "remote": "https://github.com/leanprover-community/mathlib4",
        "branch": "MR_fae_WeakDeriv",
        "commit": "3553b46195d3457be68d016ea3b14b2aab5e53ad",
        "lean_version": "v4.27.0-rc1"
      },
      "location": {
        "path": "Mathlib/Analysis/Distribution/Distribution.lean",
        "start_line": 253,
        "start_column": 54,
        "end_line": 253,
        "end_column": 59
      },
      "debug_info": {
        "goal": "E : Type u_1\ninst✝⁵ : NormedAddCommGroup E\ninst✝⁴ : NormedSpace ℝ E\nΩ : Opens E\nn : ℕ∞\ninst✝³ : MeasurableSpace E\ninst✝² : OpensMeasurableSpace E\nF : Type u_4\ninst✝¹ : NormedAddCommGroup F\ninst✝ : NormedSpace ℝ F\nf f' : E → F\nμ : Measure E\nh : f =ᶠ[ae (μ.restrict ↑Ω)] f'\n⊢ @Distribution.ofFunWithOrder E inst✝⁵ inst✝⁴ Ω n inst✝³ inst✝² F inst✝¹ inst✝ f μ =\n    @Distribution.ofFunWithOrder E inst✝⁵ inst✝⁴ Ω n inst✝³ inst✝² F inst✝¹ inst✝ f' μ",
        "url": "https://github.com/leanprover-community/mathlib4/blob/3553b46195d3457be68d016ea3b14b2aab5e53ad/Mathlib/Analysis/Distribution/Distribution.lean#L253"
      },
      "metadata": {
        "blame_email_hash": "0a3759cf16cc",
        "blame_date": "2025-12-10T18:42:45+01:00",
        "inclusion_date": "2025-12-30T13:48:26.925530+00:00"
      },
      "id": "d02a1d7b22f1610a29a77907c87e6e63614ee647b5e2a47560678952790ea907"
    },
    "proof": null,
    "proof_verified": false,
    "feedback": null,
    "verification_message": "All 1 attempts failed (1 strategies x 1 attempts each)",
    "success": true,
    "error_type": null,
    "error_message": null,
    "strategy_name": "all_failed_k=1",
    "proof_attempts": [
      "rfl"
    ]
  }
]

[2026-01-10 15:55:27] [process_single_sorry] STDERR:
None of PyTorch, TensorFlow >= 2.0, or Flax have been found. Models won't be available and only tokenizers, configuration and file/data utilities can be used.
[2026-01-10 15:54:53] [INFO] ================================================================================
[2026-01-10 15:54:53] [INFO] Starting run_morphcloud_local.py
[2026-01-10 15:54:53] [INFO] ================================================================================
[2026-01-10 15:54:53] [INFO] Environment loaded
[2026-01-10 15:54:53] [INFO] Full command: /root/SorryDB/sorrydb/cli/run_morphcloud_local.py --repo-path /root/repo --sorry-json {"repo": {"remote": "https://github.com/leanprover-community/mathlib4", "branch": "MR_fae_WeakDeriv", "commit": "3553b46195d3457be68d016ea3b14b2aab5e53ad", "lean_version": "v4.27.0-rc1"}, "location": {"path": "Mathlib/Analysis/Distribution/Distribution.lean", "start_line": 253, "start_column": 54, "end_line": 253, "end_column": 59}, "debug_info": {"goal": "E : Type u_1\ninst\u271d\u2075 : NormedAddCommGroup E\ninst\u271d\u2074 : NormedSpace \u211d E\n\u03a9 : Opens E\nn : \u2115\u221e\ninst\u271d\u00b3 : MeasurableSpace E\ninst\u271d\u00b2 : OpensMeasurableSpace E\nF : Type u_4\ninst\u271d\u00b9 : NormedAddCommGroup F\ninst\u271d : NormedSpace \u211d F\nf f' : E \u2192 F\n\u03bc : Measure E\nh : f =\u1da0[ae (\u03bc.restrict \u2191\u03a9)] f'\n\u22a2 @Distribution.ofFunWithOrder E inst\u271d\u2075 inst\u271d\u2074 \u03a9 n inst\u271d\u00b3 inst\u271d\u00b2 F inst\u271d\u00b9 inst\u271d f \u03bc =\n    @Distribution.ofFunWithOrder E inst\u271d\u2075 inst\u271d\u2074 \u03a9 n inst\u271d\u00b3 inst\u271d\u00b2 F inst\u271d\u00b9 inst\u271d f' \u03bc", "url": "https://github.com/leanprover-community/mathlib4/blob/3553b46195d3457be68d016ea3b14b2aab5e53ad/Mathlib/Analysis/Distribution/Distribution.lean#L253"}, "metadata": {"blame_email_hash": "0a3759cf16cc", "blame_date": "2025-12-10T18:42:45+01:00", "inclusion_date": "2025-12-30T13:48:26.925530+00:00"}, "id": "d02a1d7b22f1610a29a77907c87e6e63614ee647b5e2a47560678952790ea907"} --agent-strategy {"name": "rfl", "args": {}}
[2026-01-10 15:54:53] [INFO] Arguments parsed: repo_path=/root/repo, output_path=/root/repo/result.json
[2026-01-10 15:54:53] [INFO] Strategy spec: {"name": "rfl", "args": {}}...
[2026-01-10 15:54:53] [INFO] Loading sorry data...
[2026-01-10 15:54:53] [INFO] Parsing sorry from JSON string...
[2026-01-10 15:54:53] [INFO] Sorry data parsed from JSON string
[2026-01-10 15:54:53] [INFO] Creating strategy from spec...
[2026-01-10 15:54:53] [INFO] Parsing strategy spec (length: 27 chars)
[2026-01-10 15:54:53] [INFO] Strategy name: rfl
[2026-01-10 15:54:53] [INFO] Strategy args: {}
[2026-01-10 15:54:53] [INFO] Pass@k value: 1
[2026-01-10 15:54:53] [INFO] Creating strategy: rfl
[2026-01-10 15:54:53] [INFO] Strategies created: ['RflStrategy']
[2026-01-10 15:54:53] [INFO] Pass@k value: 1
[2026-01-10 15:54:53] [INFO] Creating Sorry object...
[2026-01-10 15:54:53] [INFO] Sorry object created: id=d02a1d7b22f1610a29a77907c87e6e63614ee647b5e2a47560678952790ea907
[2026-01-10 15:54:53] [INFO] Sorry location: Mathlib/Analysis/Distribution/Distribution.lean:253
[2026-01-10 15:54:53] [INFO] Context before sorry (lines 248-253):
[2026-01-10 15:54:53] [INFO]   248:     ofFun Ω f μ = 0 := by
[2026-01-10 15:54:53] [INFO]   249:   ext φ
[2026-01-10 15:54:53] [INFO]   250:   simp [ofFun, ofFunWithOrder_of_not_locallyIntegrable hf]
[2026-01-10 15:54:53] [INFO]   251: 
[2026-01-10 15:54:53] [INFO]   252: lemma ofFunWithOrder_ae_congr {f f' : E → F} {μ : Measure E} (h : f =ᵐ[μ.restrict Ω] f') :
[2026-01-10 15:54:53] [INFO]   253:   ofFunWithOrder Ω n f μ = ofFunWithOrder Ω n f' μ := sorry
[2026-01-10 15:54:53] [INFO] Sorry line:   ofFunWithOrder Ω n f μ = ofFunWithOrder Ω n f' μ := sorry
[2026-01-10 15:54:53] [INFO] Sorry goal: E : Type u_1
inst✝⁵ : NormedAddCommGroup E
inst✝⁴ : NormedSpace ℝ E
Ω : Opens E
n : ℕ∞
inst✝³ : Meas...
[2026-01-10 15:54:53] [INFO] ========================================
[2026-01-10 15:54:53] [INFO] Trying strategy: RflStrategy (up to 1 attempts)
[2026-01-10 15:54:53] [INFO] --------------------
[2026-01-10 15:54:53] [INFO] Strategy RflStrategy, attempt 1/1
[2026-01-10 15:54:53] [INFO] Starting proof generation...
[2026-01-10 15:54:53] [INFO] Repository path: /root/repo
[2026-01-10 15:54:53] [INFO] Proof generation completed
[2026-01-10 15:54:53] [INFO] Generated proof:
[2026-01-10 15:54:53] [INFO] rfl
[2026-01-10 15:54:53] [INFO] Proof length: 3 chars
[2026-01-10 15:54:53] [INFO] Starting proof verification...
[2026-01-10 15:54:53] [INFO] Verifying at: Mathlib/Analysis/Distribution/Distribution.lean:253
[2026-01-10 15:54:53] [INFO] Using LEAN INTERACT verify
[2026-01-10 15:54:53] [INFO] Checking file
[2026-01-10 15:55:26] [INFO] Cannot build modified file <error line="252" column="0">
<code_line>lemma ofFunWithOrder_ae_congr {f f' : E → F} {μ : Measure E} (h : f =ᵐ[μ.restrict Ω] f') :</code_line>
<message>error: Not a definitional equality: the left-hand side</message>
</error>
  ofFunWithOrder Ω n f μ
is not definitionally equal to the right-hand side
  ofFunWithOrder Ω n f' μ
<error line="253" column="54">
<code_line>  ofFunWithOrder Ω n f μ = ofFunWithOrder Ω n f' μ := rfl</code_line>
<message>error: Type mismatch</message>
</error>
  rfl
has type
  ?m.39 = ?m.39
but is expected to have type
  ofFunWithOrder Ω n f μ = ofFunWithOrder Ω n f' μ
[2026-01-10 15:55:26] [INFO] Proof verification completed
[2026-01-10 15:55:26] [INFO] Strategy RflStrategy attempt 1: verified=False
[2026-01-10 15:55:26] [INFO] Verification message: Cannot build modified file: <error line="252" column="0">
<code_line>lemma ofFunWithOrder_ae_congr {f f' : E → F} {μ : Measure E} (h : f =ᵐ[μ.restrict Ω] f') :</code_line>
<message>error: Not a definitional equality: the left-hand side</message>
</error>
  ofFunWithOrder Ω n f μ
is not definitionally equal to the right-hand side
  ofFunWithOrder Ω n f' μ
<error line="253" column="54">
<code_line>  ofFunWithOrder Ω n f μ = ofFunWithOrder Ω n f' μ := rfl</code_line>
<message>error: Type mismatch</message>
</error>
  rfl
has type
  ?m.39 = ?m.39
but is expected to have type
  ofFunWithOrder Ω n f μ = ofFunWithOrder Ω n f' μ

[2026-01-10 15:55:26] [INFO] Attempt 1 failed verification, continuing...
[2026-01-10 15:55:26] [INFO] ========================================
[2026-01-10 15:55:26] [INFO] Pass@k completed. Total results: 1
[2026-01-10 15:55:26] [INFO] FAILED: All 1 strategies x 1 attempts
[2026-01-10 15:55:26] [INFO] Writing results to file: /root/repo/result.json
[2026-01-10 15:55:26] [INFO] Result file written successfully
[2026-01-10 15:55:26] [INFO] Results exported to: /root/repo/result.json
[2026-01-10 15:55:26] [INFO] run_morphcloud_local.py completed successfully

[2026-01-10 15:55:27] [process_single_sorry] Downloading result file...
[2026-01-10 15:55:27] [process_single_sorry] Downloaded result to intermediate_experiment_outputs_full_reservoir/rfl/2026-01-10_14-19-01_rfl/individual/d02a1d7b22f1610a29a77907c87e6e63614ee647b5e2a47560678952790ea907.json
[2026-01-10 15:55:29] [process_single_sorry] Instance context closed successfully
[2026-01-10 15:55:29] [process_single_sorry] Parsing result file...
[2026-01-10 15:55:29] [process_single_sorry] Successfully parsed result (list format, 1 results)
