[2026-01-10 16:12:02] [process_single_sorry] Starting for sorry de175ed4533a6e9fdf24e28135093e15d1d48060fc9b37f8a8ce043d2ecbf506
[2026-01-10 16:12:02] [process_single_sorry] Using snapshot: snapshot_0p5w0g21
[2026-01-10 16:12:02] [process_single_sorry] Repository: https://github.com/Verified-zkEVM/ArkLib@03ac771b032666272d0cb61f52ab5a03298f7318
[2026-01-10 16:12:02] [process_single_sorry] Instance name: ArkLib_03ac771b0326_rfl_de175ed4533a6e9fdf24e28135093e15d1d48060fc9b37f8a8ce043d2ecbf506
[2026-01-10 16:12:02] [process_single_sorry] Starting attempt 1/3
[2026-01-10 16:12:02] [process_single_sorry] Starting instance from snapshot...
[2026-01-10 16:12:03] [process_single_sorry] Instance started successfully: morphvm_m54q5hui
[2026-01-10 16:12:03] [process_single_sorry] Creating .env file...
[2026-01-10 16:12:06] [process_single_sorry] .env file created (exit_code: 0)
[2026-01-10 16:12:06] [process_single_sorry] Executing agent command...
[2026-01-10 16:13:10] [process_single_sorry] Agent command completed (exit_code: 0)
[2026-01-10 16:13:10] [process_single_sorry] STDOUT:

Results JSON:
[
  {
    "sorry": {
      "repo": {
        "remote": "https://github.com/Verified-zkEVM/ArkLib",
        "branch": "workflows",
        "commit": "03ac771b032666272d0cb61f52ab5a03298f7318",
        "lean_version": "v4.22.0"
      },
      "location": {
        "path": "ArkLib/ProofSystem/Binius/FRIBinius/CoreInteractionPhase.lean",
        "start_line": 305,
        "start_column": 4,
        "end_line": 305,
        "end_column": 9
      },
      "debug_info": {
        "goal": "Оє : в„•\ninstвњќВ№Ві : NeZero Оє\nL : Type\ninstвњќВ№ВІ : Field L\ninstвњќВ№В№ : Fintype L\ninstвњќВ№вЃ° : DecidableEq L\ninstвњќвЃ№ : CharP L 2\ninstвњќвЃё : SelectableType L\nK : Type\ninstвњќвЃ· : Field K\ninstвњќвЃ¶ : Fintype K\ninstвњќвЃµ : DecidableEq K\nh_Fq_char_prime : Fact (Nat.Prime (ringChar K))\nhFв‚‚ : Fact (Fintype.card K = 2)\ninstвњќвЃґ : Algebra K L\nОІ : Basis (Fin (2 ^ Оє)) K L\nh_ОІв‚Ђ_eq_1 : Fact (ОІ 0 = 1)\nв„“ в„“' рќ“Ў П‘ Оі_repetitions : в„•\ninstвњќВі : NeZero в„“\ninstвњќВІ : NeZero в„“'\ninstвњќВ№ : NeZero рќ“Ў\ninstвњќ : NeZero П‘\nh_в„“_add_R_rate : в„“' + рќ“Ў < 2 ^ Оє\nh_l : в„“ = в„“' + Оє\nрќ“‘ : Fin 2 в†Є L\nhdiv : Fact (П‘ в€Ј в„“')\nПѓ : Type\ninit : ProbComp Пѓ\nimpl : QueryImpl []в‚’ (StateT Пѓ ProbComp)\nвЉў failed to pretty print expression (use 'set_option pp.rawOnError true' for raw representation)",
        "url": "https://github.com/Verified-zkEVM/ArkLib/blob/03ac771b032666272d0cb61f52ab5a03298f7318/ArkLib/ProofSystem/Binius/FRIBinius/CoreInteractionPhase.lean#L305"
      },
      "metadata": {
        "blame_email_hash": "17f52712dc49",
        "blame_date": "2025-12-17T19:55:49+07:00",
        "inclusion_date": "2025-12-29T22:57:42.767417+00:00"
      },
      "id": "de175ed4533a6e9fdf24e28135093e15d1d48060fc9b37f8a8ce043d2ecbf506"
    },
    "proof": null,
    "proof_verified": false,
    "feedback": null,
    "verification_message": "All 1 attempts failed (1 strategies x 1 attempts each)",
    "success": true,
    "error_type": null,
    "error_message": null,
    "strategy_name": "all_failed_k=1",
    "proof_attempts": [
      "rfl"
    ]
  }
]

[2026-01-10 16:13:10] [process_single_sorry] STDERR:
None of PyTorch, TensorFlow >= 2.0, or Flax have been found. Models won't be available and only tokenizers, configuration and file/data utilities can be used.
[2026-01-10 16:12:20] [INFO] ================================================================================
[2026-01-10 16:12:20] [INFO] Starting run_morphcloud_local.py
[2026-01-10 16:12:20] [INFO] ================================================================================
[2026-01-10 16:12:20] [INFO] Environment loaded
[2026-01-10 16:12:20] [INFO] Full command: /root/SorryDB/sorrydb/cli/run_morphcloud_local.py --repo-path /root/repo --sorry-json {"repo": {"remote": "https://github.com/Verified-zkEVM/ArkLib", "branch": "workflows", "commit": "03ac771b032666272d0cb61f52ab5a03298f7318", "lean_version": "v4.22.0"}, "location": {"path": "ArkLib/ProofSystem/Binius/FRIBinius/CoreInteractionPhase.lean", "start_line": 305, "start_column": 4, "end_line": 305, "end_column": 9}, "debug_info": {"goal": "\u03ba : \u2115\ninst\u271d\u00b9\u00b3 : NeZero \u03ba\nL : Type\ninst\u271d\u00b9\u00b2 : Field L\ninst\u271d\u00b9\u00b9 : Fintype L\ninst\u271d\u00b9\u2070 : DecidableEq L\ninst\u271d\u2079 : CharP L 2\ninst\u271d\u2078 : SelectableType L\nK : Type\ninst\u271d\u2077 : Field K\ninst\u271d\u2076 : Fintype K\ninst\u271d\u2075 : DecidableEq K\nh_Fq_char_prime : Fact (Nat.Prime (ringChar K))\nhF\u2082 : Fact (Fintype.card K = 2)\ninst\u271d\u2074 : Algebra K L\n\u03b2 : Basis (Fin (2 ^ \u03ba)) K L\nh_\u03b2\u2080_eq_1 : Fact (\u03b2 0 = 1)\n\u2113 \u2113' \ud835\udce1 \u03d1 \u03b3_repetitions : \u2115\ninst\u271d\u00b3 : NeZero \u2113\ninst\u271d\u00b2 : NeZero \u2113'\ninst\u271d\u00b9 : NeZero \ud835\udce1\ninst\u271d : NeZero \u03d1\nh_\u2113_add_R_rate : \u2113' + \ud835\udce1 < 2 ^ \u03ba\nh_l : \u2113 = \u2113' + \u03ba\n\ud835\udcd1 : Fin 2 \u21aa L\nhdiv : Fact (\u03d1 \u2223 \u2113')\n\u03c3 : Type\ninit : ProbComp \u03c3\nimpl : QueryImpl []\u2092 (StateT \u03c3 ProbComp)\n\u22a2 failed to pretty print expression (use 'set_option pp.rawOnError true' for raw representation)", "url": "https://github.com/Verified-zkEVM/ArkLib/blob/03ac771b032666272d0cb61f52ab5a03298f7318/ArkLib/ProofSystem/Binius/FRIBinius/CoreInteractionPhase.lean#L305"}, "metadata": {"blame_email_hash": "17f52712dc49", "blame_date": "2025-12-17T19:55:49+07:00", "inclusion_date": "2025-12-29T22:57:42.767417+00:00"}, "id": "de175ed4533a6e9fdf24e28135093e15d1d48060fc9b37f8a8ce043d2ecbf506"} --agent-strategy {"name": "rfl", "args": {}}
[2026-01-10 16:12:20] [INFO] Arguments parsed: repo_path=/root/repo, output_path=/root/repo/result.json
[2026-01-10 16:12:20] [INFO] Strategy spec: {"name": "rfl", "args": {}}...
[2026-01-10 16:12:20] [INFO] Loading sorry data...
[2026-01-10 16:12:20] [INFO] Parsing sorry from JSON string...
[2026-01-10 16:12:20] [INFO] Sorry data parsed from JSON string
[2026-01-10 16:12:20] [INFO] Creating strategy from spec...
[2026-01-10 16:12:20] [INFO] Parsing strategy spec (length: 27 chars)
[2026-01-10 16:12:20] [INFO] Strategy name: rfl
[2026-01-10 16:12:20] [INFO] Strategy args: {}
[2026-01-10 16:12:20] [INFO] Pass@k value: 1
[2026-01-10 16:12:20] [INFO] Creating strategy: rfl
[2026-01-10 16:12:20] [INFO] Strategies created: ['RflStrategy']
[2026-01-10 16:12:20] [INFO] Pass@k value: 1
[2026-01-10 16:12:20] [INFO] Creating Sorry object...
[2026-01-10 16:12:20] [INFO] Sorry object created: id=de175ed4533a6e9fdf24e28135093e15d1d48060fc9b37f8a8ce043d2ecbf506
[2026-01-10 16:12:20] [INFO] Sorry location: ArkLib/ProofSystem/Binius/FRIBinius/CoreInteractionPhase.lean:305
[2026-01-10 16:12:20] [INFO] Context before sorry (lines 300-305):
[2026-01-10 16:12:20] [INFO]   300:       (compatStmt := fun _ _ => True)
[2026-01-10 16:12:20] [INFO]   301:       (compatWit := fun _ _ => True)
[2026-01-10 16:12:20] [INFO]   302:       (lens := sumcheckFoldExtractorLens Оє L K ОІ в„“ в„“' рќ“Ў П‘ (h_в„“_add_R_rate := h_в„“_add_R_rate))
[2026-01-10 16:12:20] [INFO]   303:       where
[2026-01-10 16:12:20] [INFO]   304:   proj_knowledgeSound := by
[2026-01-10 16:12:20] [INFO]   305:     sorry
[2026-01-10 16:12:20] [INFO] Sorry line:     sorry
[2026-01-10 16:12:20] [INFO] Sorry goal: Оє : в„•
instвњќВ№Ві : NeZero Оє
L : Type
instвњќВ№ВІ : Field L
instвњќВ№В№ : Fintype L
instвњќВ№вЃ° : DecidableEq L
inst...
[2026-01-10 16:12:20] [INFO] ========================================
[2026-01-10 16:12:20] [INFO] Trying strategy: RflStrategy (up to 1 attempts)
[2026-01-10 16:12:20] [INFO] --------------------
[2026-01-10 16:12:20] [INFO] Strategy RflStrategy, attempt 1/1
[2026-01-10 16:12:20] [INFO] Starting proof generation...
[2026-01-10 16:12:20] [INFO] Repository path: /root/repo
[2026-01-10 16:12:20] [INFO] Proof generation completed
[2026-01-10 16:12:20] [INFO] Generated proof:
[2026-01-10 16:12:20] [INFO] rfl
[2026-01-10 16:12:20] [INFO] Proof length: 3 chars
[2026-01-10 16:12:20] [INFO] Starting proof verification...
[2026-01-10 16:12:20] [INFO] Verifying at: ArkLib/ProofSystem/Binius/FRIBinius/CoreInteractionPhase.lean:305
[2026-01-10 16:12:20] [INFO] Using LEAN INTERACT verify
[2026-01-10 16:12:20] [INFO] Checking file
[2026-01-10 16:13:10] [INFO] Cannot build modified file <error line="305" column="4">
<code_line>    rfl</code_line>
<message>error: tactic 'rfl' failed, expected goal to be a binary relation</message>
</error>
Оє : в„•
instвњќВ№Ві : NeZero Оє
L : Type
instвњќВ№ВІ : Field L
instвњќВ№В№ : Fintype L
instвњќВ№вЃ° : DecidableEq L
instвњќвЃ№ : CharP L 2
instвњќвЃё : SelectableType L
K : Type
instвњќвЃ· : Field K
instвњќвЃ¶ : Fintype K
instвњќвЃµ : DecidableEq K
h_Fq_char_prime : Fact (Nat.Prime (ringChar K))
hFв‚‚ : Fact (Fintype.card K = 2)
instвњќвЃґ : Algebra K L
ОІ : Basis (Fin (2 ^ Оє)) K L
h_ОІв‚Ђ_eq_1 : Fact (ОІ 0 = 1)
в„“ в„“' рќ“Ў П‘ Оі_repetitions : в„•
instвњќВі : NeZero в„“
instвњќВІ : NeZero в„“'
instвњќВ№ : NeZero рќ“Ў
instвњќ : NeZero П‘
h_в„“_add_R_rate : в„“' + рќ“Ў < 2 ^ Оє
h_l : в„“ = в„“' + Оє
рќ“‘ : Fin 2 в†Є L
hdiv : Fact (П‘ в€Ј в„“')
Пѓ : Type
init : ProbComp Пѓ
impl : QueryImpl []в‚’ (StateT Пѓ ProbComp)
вЉў в€Ђ
    (outerStmtIn :
      Statement (RingSwitchingBaseContext Оє L K в„“) 0 Г—
        ((i : Fin (toOutCodewordsCount в„“' П‘ 0)) в†’ OracleStatement K (в‡‘ОІ) П‘ 0 i))
    (innerStmtOut :
      Statement (RingSwitchingBaseContext Оє L K в„“) (Fin.last в„“') Г—
        ((i : Fin (toOutCodewordsCount в„“' П‘ (Fin.last в„“'))) в†’ OracleStatement K (в‡‘ОІ) П‘ (Fin.last в„“') i))
    (outerWitOut : Witness K (в‡‘ОІ) (Fin.last в„“')),
    True в†’
      ((sumcheckFoldExtractorLens Оє L K ОІ в„“ в„“' рќ“Ў П‘ h_в„“_add_R_rate).stmt.lift outerStmtIn innerStmtOut, outerWitOut) в€€
          roundRelation K (в‡‘ОІ) (Fin.last в„“') в†’
        (innerStmtOut,
            (sumcheckFoldExtractorLens Оє L K ОІ в„“ в„“' рќ“Ў П‘ h_в„“_add_R_rate).wit.proj (outerStmtIn, outerWitOut)) в€€
          roundRelation K (в‡‘ОІ) (Fin.last в„“')
[2026-01-10 16:13:10] [INFO] Proof verification completed
[2026-01-10 16:13:10] [INFO] Strategy RflStrategy attempt 1: verified=False
[2026-01-10 16:13:10] [INFO] Verification message: Cannot build modified file: <error line="305" column="4">
<code_line>    rfl</code_line>
<message>error: tactic 'rfl' failed, expected goal to be a binary relation</message>
</error>
Оє : в„•
instвњќВ№Ві : NeZero Оє
L : Type
instвњќВ№ВІ : Field L
instвњќВ№В№ : Fintype L
instвњќВ№вЃ° : DecidableEq L
instвњќвЃ№ : CharP L 2
instвњќвЃё : SelectableType L
K : Type
instвњќвЃ· : Field K
instвњќвЃ¶ : Fintype K
instвњќвЃµ : DecidableEq K
h_Fq_char_prime : Fact (Nat.Prime (ringChar K))
hFв‚‚ : Fact (Fintype.card K = 2)
instвњќвЃґ : Algebra K L
ОІ : Basis (Fin (2 ^ Оє)) K L
h_ОІв‚Ђ_eq_1 : Fact (ОІ 0 = 1)
в„“ в„“' рќ“Ў П‘ Оі_repetitions : в„•
instвњќВі : NeZero в„“
instвњќВІ : NeZero в„“'
instвњќВ№ : NeZero рќ“Ў
instвњќ : NeZero П‘
h_в„“_add_R_rate : в„“' + рќ“Ў < 2 ^ Оє
h_l : в„“ = в„“' + Оє
рќ“‘ : Fin 2 в†Є L
hdiv : Fact (П‘ в€Ј в„“')
Пѓ : Type
init : ProbComp Пѓ
impl : QueryImpl []в‚’ (StateT Пѓ ProbComp)
вЉў в€Ђ
    (outerStmtIn :
      Statement (RingSwitchingBaseContext Оє L K в„“) 0 Г—
        ((i : Fin (toOutCodewordsCount в„“' П‘ 0)) в†’ OracleStatement K (в‡‘ОІ) П‘ 0 i))
    (innerStmtOut :
      Statement (RingSwitchingBaseContext Оє L K в„“) (Fin.last в„“') Г—
        ((i : Fin (toOutCodewordsCount в„“' П‘ (Fin.last в„“'))) в†’ OracleStatement K (в‡‘ОІ) П‘ (Fin.last в„“') i))
    (outerWitOut : Witness K (в‡‘ОІ) (Fin.last в„“')),
    True в†’
      ((sumcheckFoldExtractorLens Оє L K ОІ в„“ в„“' рќ“Ў П‘ h_в„“_add_R_rate).stmt.lift outerStmtIn innerStmtOut, outerWitOut) в€€
          roundRelation K (в‡‘ОІ) (Fin.last в„“') в†’
        (innerStmtOut,
            (sumcheckFoldExtractorLens Оє L K ОІ в„“ в„“' рќ“Ў П‘ h_в„“_add_R_rate).wit.proj (outerStmtIn, outerWitOut)) в€€
          roundRelation K (в‡‘ОІ) (Fin.last в„“')

[2026-01-10 16:13:10] [INFO] Attempt 1 failed verification, continuing...
[2026-01-10 16:13:10] [INFO] ========================================
[2026-01-10 16:13:10] [INFO] Pass@k completed. Total results: 1
[2026-01-10 16:13:10] [INFO] FAILED: All 1 strategies x 1 attempts
[2026-01-10 16:13:10] [INFO] Writing results to file: /root/repo/result.json
[2026-01-10 16:13:10] [INFO] Result file written successfully
[2026-01-10 16:13:10] [INFO] Results exported to: /root/repo/result.json
[2026-01-10 16:13:10] [INFO] run_morphcloud_local.py completed successfully

[2026-01-10 16:13:10] [process_single_sorry] Downloading result file...
[2026-01-10 16:13:13] [process_single_sorry] Downloaded result to intermediate_experiment_outputs_full_reservoir/rfl/2026-01-10_14-19-01_rfl/individual/de175ed4533a6e9fdf24e28135093e15d1d48060fc9b37f8a8ce043d2ecbf506.json
[2026-01-10 16:13:14] [process_single_sorry] Instance context closed successfully
[2026-01-10 16:13:14] [process_single_sorry] Parsing result file...
[2026-01-10 16:13:14] [process_single_sorry] Successfully parsed result (list format, 1 results)
