[2026-01-10 16:07:57] [process_single_sorry] Starting for sorry f38f6fcd08c81d9f4dd8cb4afca08d26ac8e5be930d76f370abc12eab668616b
[2026-01-10 16:07:57] [process_single_sorry] Using snapshot: snapshot_pgrlvzc7
[2026-01-10 16:07:57] [process_single_sorry] Repository: https://github.com/thefundamentaltheor3m/Sphere-Packing-Lean@8d325f02cbdaa8f80b4eab8168aa972da9a77316
[2026-01-10 16:07:57] [process_single_sorry] Instance name: Sphere-Packing-Lean_8d325f02cbda_rfl_f38f6fcd08c81d9f4dd8cb4afca08d26ac8e5be930d76f370abc12eab668616b
[2026-01-10 16:07:57] [process_single_sorry] Starting attempt 1/3
[2026-01-10 16:07:57] [process_single_sorry] Starting instance from snapshot...
[2026-01-10 16:07:59] [process_single_sorry] Instance started successfully: morphvm_l0vaft9d
[2026-01-10 16:07:59] [process_single_sorry] Creating .env file...
[2026-01-10 16:08:03] [process_single_sorry] .env file created (exit_code: 0)
[2026-01-10 16:08:03] [process_single_sorry] Executing agent command...
[2026-01-10 16:08:50] [process_single_sorry] Agent command completed (exit_code: 0)
[2026-01-10 16:08:50] [process_single_sorry] STDOUT:

Results JSON:
[
  {
    "sorry": {
      "repo": {
        "remote": "https://github.com/thefundamentaltheor3m/Sphere-Packing-Lean",
        "branch": "Integrability-I1",
        "commit": "8d325f02cbdaa8f80b4eab8168aa972da9a77316",
        "lean_version": "v4.27.0-rc1"
      },
      "location": {
        "path": "SpherePacking/MagicFunction/b/Eigenfunction.lean",
        "start_line": 17,
        "start_column": 72,
        "end_line": 17,
        "end_column": 77
      },
      "debug_info": {
        "goal": "⊢ (fourierTransformCLE ℂ) (J₁ + J₂) = -(J₃ + J₄)",
        "url": "https://github.com/thefundamentaltheor3m/Sphere-Packing-Lean/blob/8d325f02cbdaa8f80b4eab8168aa972da9a77316/SpherePacking/MagicFunction/b/Eigenfunction.lean#L17"
      },
      "metadata": {
        "blame_email_hash": "017c9cbaaf99",
        "blame_date": "2025-06-11T10:36:30+01:00",
        "inclusion_date": "2025-12-30T18:05:08.507520+00:00"
      },
      "id": "f38f6fcd08c81d9f4dd8cb4afca08d26ac8e5be930d76f370abc12eab668616b"
    },
    "proof": null,
    "proof_verified": false,
    "feedback": null,
    "verification_message": "All 1 attempts failed (1 strategies x 1 attempts each)",
    "success": true,
    "error_type": null,
    "error_message": null,
    "strategy_name": "all_failed_k=1",
    "proof_attempts": [
      "rfl"
    ]
  }
]

[2026-01-10 16:08:50] [process_single_sorry] STDERR:
None of PyTorch, TensorFlow >= 2.0, or Flax have been found. Models won't be available and only tokenizers, configuration and file/data utilities can be used.
[2026-01-10 16:08:15] [INFO] ================================================================================
[2026-01-10 16:08:15] [INFO] Starting run_morphcloud_local.py
[2026-01-10 16:08:15] [INFO] ================================================================================
[2026-01-10 16:08:15] [INFO] Environment loaded
[2026-01-10 16:08:15] [INFO] Full command: /root/SorryDB/sorrydb/cli/run_morphcloud_local.py --repo-path /root/repo --sorry-json {"repo": {"remote": "https://github.com/thefundamentaltheor3m/Sphere-Packing-Lean", "branch": "Integrability-I1", "commit": "8d325f02cbdaa8f80b4eab8168aa972da9a77316", "lean_version": "v4.27.0-rc1"}, "location": {"path": "SpherePacking/MagicFunction/b/Eigenfunction.lean", "start_line": 17, "start_column": 72, "end_line": 17, "end_column": 77}, "debug_info": {"goal": "\u22a2 (fourierTransformCLE \u2102) (J\u2081 + J\u2082) = -(J\u2083 + J\u2084)", "url": "https://github.com/thefundamentaltheor3m/Sphere-Packing-Lean/blob/8d325f02cbdaa8f80b4eab8168aa972da9a77316/SpherePacking/MagicFunction/b/Eigenfunction.lean#L17"}, "metadata": {"blame_email_hash": "017c9cbaaf99", "blame_date": "2025-06-11T10:36:30+01:00", "inclusion_date": "2025-12-30T18:05:08.507520+00:00"}, "id": "f38f6fcd08c81d9f4dd8cb4afca08d26ac8e5be930d76f370abc12eab668616b"} --agent-strategy {"name": "rfl", "args": {}}
[2026-01-10 16:08:15] [INFO] Arguments parsed: repo_path=/root/repo, output_path=/root/repo/result.json
[2026-01-10 16:08:15] [INFO] Strategy spec: {"name": "rfl", "args": {}}...
[2026-01-10 16:08:15] [INFO] Loading sorry data...
[2026-01-10 16:08:15] [INFO] Parsing sorry from JSON string...
[2026-01-10 16:08:15] [INFO] Sorry data parsed from JSON string
[2026-01-10 16:08:15] [INFO] Creating strategy from spec...
[2026-01-10 16:08:15] [INFO] Parsing strategy spec (length: 27 chars)
[2026-01-10 16:08:15] [INFO] Strategy name: rfl
[2026-01-10 16:08:15] [INFO] Strategy args: {}
[2026-01-10 16:08:15] [INFO] Pass@k value: 1
[2026-01-10 16:08:15] [INFO] Creating strategy: rfl
[2026-01-10 16:08:15] [INFO] Strategies created: ['RflStrategy']
[2026-01-10 16:08:15] [INFO] Pass@k value: 1
[2026-01-10 16:08:15] [INFO] Creating Sorry object...
[2026-01-10 16:08:15] [INFO] Sorry object created: id=f38f6fcd08c81d9f4dd8cb4afca08d26ac8e5be930d76f370abc12eab668616b
[2026-01-10 16:08:15] [INFO] Sorry location: SpherePacking/MagicFunction/b/Eigenfunction.lean:17
[2026-01-10 16:08:15] [INFO] Context before sorry (lines 12-17):
[2026-01-10 16:08:15] [INFO]   12: 
[2026-01-10 16:08:15] [INFO]   13: namespace MagicFunction.b.Fourier
[2026-01-10 16:08:15] [INFO]   14: 
[2026-01-10 16:08:15] [INFO]   15: section Integral_Permutations
[2026-01-10 16:08:15] [INFO]   16: 
[2026-01-10 16:08:15] [INFO]   17: theorem perm_J₁_J₂ : fourierTransformCLE ℂ (J₁ + J₂) = -(J₃ + J₄) := by sorry
[2026-01-10 16:08:15] [INFO] Sorry line: theorem perm_J₁_J₂ : fourierTransformCLE ℂ (J₁ + J₂) = -(J₃ + J₄) := by sorry
[2026-01-10 16:08:15] [INFO] Sorry goal: ⊢ (fourierTransformCLE ℂ) (J₁ + J₂) = -(J₃ + J₄)...
[2026-01-10 16:08:15] [INFO] ========================================
[2026-01-10 16:08:15] [INFO] Trying strategy: RflStrategy (up to 1 attempts)
[2026-01-10 16:08:15] [INFO] --------------------
[2026-01-10 16:08:15] [INFO] Strategy RflStrategy, attempt 1/1
[2026-01-10 16:08:15] [INFO] Starting proof generation...
[2026-01-10 16:08:15] [INFO] Repository path: /root/repo
[2026-01-10 16:08:15] [INFO] Proof generation completed
[2026-01-10 16:08:15] [INFO] Generated proof:
[2026-01-10 16:08:15] [INFO] rfl
[2026-01-10 16:08:15] [INFO] Proof length: 3 chars
[2026-01-10 16:08:15] [INFO] Starting proof verification...
[2026-01-10 16:08:15] [INFO] Verifying at: SpherePacking/MagicFunction/b/Eigenfunction.lean:17
[2026-01-10 16:08:15] [INFO] Using LEAN INTERACT verify
[2026-01-10 16:08:15] [INFO] Checking file
[2026-01-10 16:08:48] [INFO] Cannot build modified file <error line="17" column="72">
<code_line>theorem perm_J₁_J₂ : fourierTransformCLE ℂ (J₁ + J₂) = -(J₃ + J₄) := by rfl</code_line>
<message>error: Tactic `rfl` failed: The left-hand side</message>
</error>
  (fourierTransformCLE ℂ) (J₁ + J₂)
is not definitionally equal to the right-hand side
  -(J₃ + J₄)

⊢ (fourierTransformCLE ℂ) (J₁ + J₂) = -(J₃ + J₄)
[2026-01-10 16:08:48] [INFO] Proof verification completed
[2026-01-10 16:08:48] [INFO] Strategy RflStrategy attempt 1: verified=False
[2026-01-10 16:08:48] [INFO] Verification message: Cannot build modified file: <error line="17" column="72">
<code_line>theorem perm_J₁_J₂ : fourierTransformCLE ℂ (J₁ + J₂) = -(J₃ + J₄) := by rfl</code_line>
<message>error: Tactic `rfl` failed: The left-hand side</message>
</error>
  (fourierTransformCLE ℂ) (J₁ + J₂)
is not definitionally equal to the right-hand side
  -(J₃ + J₄)

⊢ (fourierTransformCLE ℂ) (J₁ + J₂) = -(J₃ + J₄)

[2026-01-10 16:08:48] [INFO] Attempt 1 failed verification, continuing...
[2026-01-10 16:08:48] [INFO] ========================================
[2026-01-10 16:08:48] [INFO] Pass@k completed. Total results: 1
[2026-01-10 16:08:48] [INFO] FAILED: All 1 strategies x 1 attempts
[2026-01-10 16:08:48] [INFO] Writing results to file: /root/repo/result.json
[2026-01-10 16:08:48] [INFO] Result file written successfully
[2026-01-10 16:08:48] [INFO] Results exported to: /root/repo/result.json
[2026-01-10 16:08:48] [INFO] run_morphcloud_local.py completed successfully

[2026-01-10 16:08:50] [process_single_sorry] Downloading result file...
[2026-01-10 16:08:50] [process_single_sorry] Downloaded result to intermediate_experiment_outputs_full_reservoir/rfl/2026-01-10_14-19-01_rfl/individual/f38f6fcd08c81d9f4dd8cb4afca08d26ac8e5be930d76f370abc12eab668616b.json
[2026-01-10 16:08:52] [process_single_sorry] Instance context closed successfully
[2026-01-10 16:08:52] [process_single_sorry] Parsing result file...
[2026-01-10 16:08:52] [process_single_sorry] Successfully parsed result (list format, 1 results)
