[2026-01-13 01:41:11] [process_single_sorry] Starting for sorry 0341dcb7b570b477084798577d7aabaa2995cd647da0b2223e791ad4398e6a69
[2026-01-13 01:41:11] [process_single_sorry] Using snapshot: snapshot_4uy3druw
[2026-01-13 01:41:11] [process_single_sorry] Repository: https://github.com/ImperialCollegeLondon/FLT@f17c712d62509f9043b2596eb7b8f9eae41a016c
[2026-01-13 01:41:11] [process_single_sorry] Instance name: FLT_f17c712d6250_multi_tactic_0341dcb7b570b477084798577d7aabaa2995cd647da0b2223e791ad4398e6a69
[2026-01-13 01:41:11] [process_single_sorry] Starting attempt 1/3
[2026-01-13 01:41:11] [process_single_sorry] Starting instance from snapshot...
[2026-01-13 01:41:12] [process_single_sorry] Instance started successfully: morphvm_20pgystv
[2026-01-13 01:41:12] [process_single_sorry] Creating .env file...
[2026-01-13 01:41:24] [process_single_sorry] .env file created (exit_code: 0)
[2026-01-13 01:41:24] [process_single_sorry] Executing agent command...
[2026-01-13 01:45:57] [process_single_sorry] Agent command completed (exit_code: 0)
[2026-01-13 01:45:57] [process_single_sorry] STDOUT:

Results JSON:
[
  {
    "sorry": {
      "repo": {
        "remote": "https://github.com/ImperialCollegeLondon/FLT",
        "branch": "kbuzzard-left_mul_eq_right_mul-finiteadeles2",
        "commit": "f17c712d62509f9043b2596eb7b8f9eae41a016c",
        "lean_version": "v4.27.0-rc1"
      },
      "location": {
        "path": "FLT/HaarMeasure/HaarChar/FiniteAdeleRing.lean",
        "start_line": 36,
        "start_column": 48,
        "end_line": 36,
        "end_column": 53
      },
      "debug_info": {
        "goal": "K : Type u_1\ninst✝⁴ : Field K\ninst✝³ : NumberField K\nB : Type u_2\ninst✝² : Ring B\ninst✝¹ : Algebra K B\ninst✝ : FiniteDimensional K B\nv : IsDedekindDomain.HeightOneSpectrum (RingOfIntegers K)\n⊢ LocallyCompactSpace (IsDedekindDomain.HeightOneSpectrum.adicCompletion K v)",
        "url": "https://github.com/ImperialCollegeLondon/FLT/blob/f17c712d62509f9043b2596eb7b8f9eae41a016c/FLT/HaarMeasure/HaarChar/FiniteAdeleRing.lean#L36"
      },
      "metadata": {
        "blame_email_hash": "c7989443bd81",
        "blame_date": "2026-01-08T13:24:59+00:00",
        "inclusion_date": "2026-01-09T04:43:40.116362+00:00"
      },
      "id": "0341dcb7b570b477084798577d7aabaa2995cd647da0b2223e791ad4398e6a69"
    },
    "proof": null,
    "proof_verified": false,
    "feedback": null,
    "verification_message": "All 11 attempts failed (11 strategies x 1 attempts each)",
    "success": true,
    "error_type": null,
    "error_message": null,
    "strategy_name": "all_failed_k=1",
    "proof_attempts": [
      "rfl",
      "simp",
      "simp_all",
      "exact?",
      "grind",
      "ring",
      "norm_num",
      "omega",
      "linarith",
      "nlinarith",
      "aesop"
    ]
  }
]

[2026-01-13 01:45:57] [process_single_sorry] STDERR:
None of PyTorch, TensorFlow >= 2.0, or Flax have been found. Models won't be available and only tokenizers, configuration and file/data utilities can be used.
[2026-01-13 01:41:52] [INFO] ================================================================================
[2026-01-13 01:41:52] [INFO] Starting run_morphcloud_local.py
[2026-01-13 01:41:52] [INFO] ================================================================================
[2026-01-13 01:41:52] [INFO] Environment loaded
[2026-01-13 01:41:52] [INFO] Full command: /root/SorryDB/sorrydb/cli/run_morphcloud_local.py --repo-path /root/repo --sorry-json {"repo": {"remote": "https://github.com/ImperialCollegeLondon/FLT", "branch": "kbuzzard-left_mul_eq_right_mul-finiteadeles2", "commit": "f17c712d62509f9043b2596eb7b8f9eae41a016c", "lean_version": "v4.27.0-rc1"}, "location": {"path": "FLT/HaarMeasure/HaarChar/FiniteAdeleRing.lean", "start_line": 36, "start_column": 48, "end_line": 36, "end_column": 53}, "debug_info": {"goal": "K : Type u_1\ninst\u271d\u2074 : Field K\ninst\u271d\u00b3 : NumberField K\nB : Type u_2\ninst\u271d\u00b2 : Ring B\ninst\u271d\u00b9 : Algebra K B\ninst\u271d : FiniteDimensional K B\nv : IsDedekindDomain.HeightOneSpectrum (RingOfIntegers K)\n\u22a2 LocallyCompactSpace (IsDedekindDomain.HeightOneSpectrum.adicCompletion K v)", "url": "https://github.com/ImperialCollegeLondon/FLT/blob/f17c712d62509f9043b2596eb7b8f9eae41a016c/FLT/HaarMeasure/HaarChar/FiniteAdeleRing.lean#L36"}, "metadata": {"blame_email_hash": "c7989443bd81", "blame_date": "2026-01-08T13:24:59+00:00", "inclusion_date": "2026-01-09T04:43:40.116362+00:00"}, "id": "0341dcb7b570b477084798577d7aabaa2995cd647da0b2223e791ad4398e6a69"} --agent-strategy {"name": "multi_tactic", "args": {}}
[2026-01-13 01:41:52] [INFO] Arguments parsed: repo_path=/root/repo, output_path=/root/repo/result.json
[2026-01-13 01:41:52] [INFO] Strategy spec: {"name": "multi_tactic", "args": {}}...
[2026-01-13 01:41:52] [INFO] Loading sorry data...
[2026-01-13 01:41:52] [INFO] Parsing sorry from JSON string...
[2026-01-13 01:41:52] [INFO] Sorry data parsed from JSON string
[2026-01-13 01:41:52] [INFO] Creating strategy from spec...
[2026-01-13 01:41:52] [INFO] Parsing strategy spec (length: 36 chars)
[2026-01-13 01:41:52] [INFO] Strategy name: multi_tactic
[2026-01-13 01:41:52] [INFO] Strategy args: {}
[2026-01-13 01:41:52] [INFO] Pass@k value: 1
[2026-01-13 01:41:52] [INFO] Creating strategy: multi_tactic
[2026-01-13 01:41:52] [INFO] Creating multi_tactic strategy with tactics: ['rfl', 'simp', 'simp_all', 'exact?', 'grind', 'ring', 'norm_num', 'omega', 'linarith', 'nlinarith', 'aesop']
[2026-01-13 01:41:52] [INFO] Strategies created: ['rfl', 'simp', 'simp_all', 'exact?', 'grind', 'ring', 'norm_num', 'omega', 'linarith', 'nlinarith', 'aesop']
[2026-01-13 01:41:52] [INFO] Pass@k value: 1
[2026-01-13 01:41:52] [INFO] Creating Sorry object...
[2026-01-13 01:41:52] [INFO] Sorry object created: id=0341dcb7b570b477084798577d7aabaa2995cd647da0b2223e791ad4398e6a69
[2026-01-13 01:41:52] [INFO] Sorry location: FLT/HaarMeasure/HaarChar/FiniteAdeleRing.lean:36
[2026-01-13 01:41:52] [INFO] Context before sorry (lines 31-36):
[2026-01-13 01:41:52] [INFO]   31:     Algebra.IsCentral A (A ⊗[k] B) := sorry
[2026-01-13 01:41:52] [INFO]   32: 
[2026-01-13 01:41:52] [INFO]   33: 
[2026-01-13 01:41:52] [INFO]   34: -- in FLT#823
[2026-01-13 01:41:52] [INFO]   35: instance (v : IsDedekindDomain.HeightOneSpectrum (𝓞 K)) :
[2026-01-13 01:41:52] [INFO]   36:     LocallyCompactSpace (v.adicCompletion K) := sorry
[2026-01-13 01:41:52] [INFO] Sorry line:     LocallyCompactSpace (v.adicCompletion K) := sorry
[2026-01-13 01:41:52] [INFO] Sorry goal: K : Type u_1
inst✝⁴ : Field K
inst✝³ : NumberField K
B : Type u_2
inst✝² : Ring B
inst✝¹ : Algebra K...
[2026-01-13 01:41:52] [INFO] ========================================
[2026-01-13 01:41:52] [INFO] Trying strategy: rfl (up to 1 attempts)
[2026-01-13 01:41:52] [INFO] --------------------
[2026-01-13 01:41:52] [INFO] Strategy rfl, attempt 1/1
[2026-01-13 01:41:52] [INFO] Starting proof generation...
[2026-01-13 01:41:52] [INFO] Repository path: /root/repo
[2026-01-13 01:41:52] [INFO] Proof generation completed
[2026-01-13 01:41:52] [INFO] Generated proof:
[2026-01-13 01:41:52] [INFO] rfl
[2026-01-13 01:41:52] [INFO] Proof length: 3 chars
[2026-01-13 01:41:52] [INFO] Starting proof verification...
[2026-01-13 01:41:52] [INFO] Verifying at: FLT/HaarMeasure/HaarChar/FiniteAdeleRing.lean:36
[2026-01-13 01:41:52] [INFO] Using LEAN INTERACT verify
[2026-01-13 01:41:52] [INFO] Checking file
[2026-01-13 01:44:04] [INFO] Cannot build modified file <error line="36" column="48">
<code_line>    LocallyCompactSpace (v.adicCompletion K) := rfl</code_line>
<message>error: Type mismatch</message>
</error>
  rfl
has type
  ?m.17 = ?m.17
but is expected to have type
  LocallyCompactSpace (IsDedekindDomain.HeightOneSpectrum.adicCompletion K v)
<error line="35" column="0">
<code_line>instance (v : IsDedekindDomain.HeightOneSpectrum (𝓞 K)) :</code_line>
<message>error: Not a definitional equality: the conclusion should be an equality, but is</message>
</error>
  LocallyCompactSpace (IsDedekindDomain.HeightOneSpectrum.adicCompletion K v)
[2026-01-13 01:44:04] [INFO] Proof verification completed
[2026-01-13 01:44:04] [INFO] Strategy rfl attempt 1: verified=False
[2026-01-13 01:44:04] [INFO] Verification message: Cannot build modified file: <error line="36" column="48">
<code_line>    LocallyCompactSpace (v.adicCompletion K) := rfl</code_line>
<message>error: Type mismatch</message>
</error>
  rfl
has type
  ?m.17 = ?m.17
but is expected to have type
  LocallyCompactSpace (IsDedekindDomain.HeightOneSpectrum.adicCompletion K v)
<error line="35" column="0">
<code_line>instance (v : IsDedekindDomain.HeightOneSpectrum (𝓞 K)) :</code_line>
<message>error: Not a definitional equality: the conclusion should be an equality, but is</message>
</error>
  LocallyCompactSpace (IsDedekindDomain.HeightOneSpectrum.adicCompletion K v)

[2026-01-13 01:44:04] [INFO] Attempt 1 failed verification, continuing...
[2026-01-13 01:44:04] [INFO] ========================================
[2026-01-13 01:44:04] [INFO] Trying strategy: simp (up to 1 attempts)
[2026-01-13 01:44:04] [INFO] --------------------
[2026-01-13 01:44:04] [INFO] Strategy simp, attempt 1/1
[2026-01-13 01:44:04] [INFO] Starting proof generation...
[2026-01-13 01:44:04] [INFO] Repository path: /root/repo
[2026-01-13 01:44:04] [INFO] Proof generation completed
[2026-01-13 01:44:04] [INFO] Generated proof:
[2026-01-13 01:44:04] [INFO] simp
[2026-01-13 01:44:04] [INFO] Proof length: 4 chars
[2026-01-13 01:44:04] [INFO] Starting proof verification...
[2026-01-13 01:44:04] [INFO] Verifying at: FLT/HaarMeasure/HaarChar/FiniteAdeleRing.lean:36
[2026-01-13 01:44:04] [INFO] Using LEAN INTERACT verify
[2026-01-13 01:44:04] [INFO] Checking file
[2026-01-13 01:44:15] [INFO] Cannot build modified file FLT/HaarMeasure/HaarChar/tmp0de4pcv6.lean:36:48: error(lean.unknownIdentifier): Unknown identifier `simp`
[2026-01-13 01:44:15] [INFO] Proof verification completed
[2026-01-13 01:44:15] [INFO] Strategy simp attempt 1: verified=False
[2026-01-13 01:44:15] [INFO] Verification message: Cannot build modified file: FLT/HaarMeasure/HaarChar/tmp0de4pcv6.lean:36:48: error(lean.unknownIdentifier): Unknown identifier `simp`

[2026-01-13 01:44:15] [INFO] Attempt 1 failed verification, continuing...
[2026-01-13 01:44:15] [INFO] ========================================
[2026-01-13 01:44:15] [INFO] Trying strategy: simp_all (up to 1 attempts)
[2026-01-13 01:44:15] [INFO] --------------------
[2026-01-13 01:44:15] [INFO] Strategy simp_all, attempt 1/1
[2026-01-13 01:44:15] [INFO] Starting proof generation...
[2026-01-13 01:44:15] [INFO] Repository path: /root/repo
[2026-01-13 01:44:15] [INFO] Proof generation completed
[2026-01-13 01:44:15] [INFO] Generated proof:
[2026-01-13 01:44:15] [INFO] simp_all
[2026-01-13 01:44:15] [INFO] Proof length: 8 chars
[2026-01-13 01:44:15] [INFO] Starting proof verification...
[2026-01-13 01:44:15] [INFO] Verifying at: FLT/HaarMeasure/HaarChar/FiniteAdeleRing.lean:36
[2026-01-13 01:44:15] [INFO] Using LEAN INTERACT verify
[2026-01-13 01:44:15] [INFO] Checking file
[2026-01-13 01:44:26] [INFO] Cannot build modified file FLT/HaarMeasure/HaarChar/tmpi4ljkvd4.lean:36:48: error(lean.unknownIdentifier): Unknown identifier `simp_all`
[2026-01-13 01:44:26] [INFO] Proof verification completed
[2026-01-13 01:44:26] [INFO] Strategy simp_all attempt 1: verified=False
[2026-01-13 01:44:26] [INFO] Verification message: Cannot build modified file: FLT/HaarMeasure/HaarChar/tmpi4ljkvd4.lean:36:48: error(lean.unknownIdentifier): Unknown identifier `simp_all`

[2026-01-13 01:44:26] [INFO] Attempt 1 failed verification, continuing...
[2026-01-13 01:44:26] [INFO] ========================================
[2026-01-13 01:44:26] [INFO] Trying strategy: exact? (up to 1 attempts)
[2026-01-13 01:44:26] [INFO] --------------------
[2026-01-13 01:44:26] [INFO] Strategy exact?, attempt 1/1
[2026-01-13 01:44:26] [INFO] Starting proof generation...
[2026-01-13 01:44:26] [INFO] Repository path: /root/repo
[2026-01-13 01:44:26] [INFO] Proof generation completed
[2026-01-13 01:44:26] [INFO] Generated proof:
[2026-01-13 01:44:26] [INFO] exact?
[2026-01-13 01:44:26] [INFO] Proof length: 6 chars
[2026-01-13 01:44:26] [INFO] Starting proof verification...
[2026-01-13 01:44:26] [INFO] Verifying at: FLT/HaarMeasure/HaarChar/FiniteAdeleRing.lean:36
[2026-01-13 01:44:26] [INFO] Using LEAN INTERACT verify
[2026-01-13 01:44:26] [INFO] Checking file
[2026-01-13 01:44:37] [INFO] Cannot build modified file FLT/HaarMeasure/HaarChar/tmp1knbec88.lean:36:48: error(lean.unknownIdentifier): Unknown identifier `exact?`
[2026-01-13 01:44:37] [INFO] Proof verification completed
[2026-01-13 01:44:37] [INFO] Strategy exact? attempt 1: verified=False
[2026-01-13 01:44:37] [INFO] Verification message: Cannot build modified file: FLT/HaarMeasure/HaarChar/tmp1knbec88.lean:36:48: error(lean.unknownIdentifier): Unknown identifier `exact?`

[2026-01-13 01:44:37] [INFO] Attempt 1 failed verification, continuing...
[2026-01-13 01:44:37] [INFO] ========================================
[2026-01-13 01:44:37] [INFO] Trying strategy: grind (up to 1 attempts)
[2026-01-13 01:44:37] [INFO] --------------------
[2026-01-13 01:44:37] [INFO] Strategy grind, attempt 1/1
[2026-01-13 01:44:37] [INFO] Starting proof generation...
[2026-01-13 01:44:37] [INFO] Repository path: /root/repo
[2026-01-13 01:44:37] [INFO] Proof generation completed
[2026-01-13 01:44:37] [INFO] Generated proof:
[2026-01-13 01:44:37] [INFO] grind
[2026-01-13 01:44:37] [INFO] Proof length: 5 chars
[2026-01-13 01:44:37] [INFO] Starting proof verification...
[2026-01-13 01:44:37] [INFO] Verifying at: FLT/HaarMeasure/HaarChar/FiniteAdeleRing.lean:36
[2026-01-13 01:44:37] [INFO] Using LEAN INTERACT verify
[2026-01-13 01:44:37] [INFO] Checking file
[2026-01-13 01:44:50] [INFO] Cannot build modified file FLT/HaarMeasure/HaarChar/tmpdgw_uxdm.lean:36:48: error(lean.unknownIdentifier): Unknown identifier `grind`
[2026-01-13 01:44:50] [INFO] Proof verification completed
[2026-01-13 01:44:50] [INFO] Strategy grind attempt 1: verified=False
[2026-01-13 01:44:50] [INFO] Verification message: Cannot build modified file: FLT/HaarMeasure/HaarChar/tmpdgw_uxdm.lean:36:48: error(lean.unknownIdentifier): Unknown identifier `grind`

[2026-01-13 01:44:50] [INFO] Attempt 1 failed verification, continuing...
[2026-01-13 01:44:50] [INFO] ========================================
[2026-01-13 01:44:50] [INFO] Trying strategy: ring (up to 1 attempts)
[2026-01-13 01:44:50] [INFO] --------------------
[2026-01-13 01:44:50] [INFO] Strategy ring, attempt 1/1
[2026-01-13 01:44:50] [INFO] Starting proof generation...
[2026-01-13 01:44:50] [INFO] Repository path: /root/repo
[2026-01-13 01:44:50] [INFO] Proof generation completed
[2026-01-13 01:44:50] [INFO] Generated proof:
[2026-01-13 01:44:50] [INFO] ring
[2026-01-13 01:44:50] [INFO] Proof length: 4 chars
[2026-01-13 01:44:50] [INFO] Starting proof verification...
[2026-01-13 01:44:50] [INFO] Verifying at: FLT/HaarMeasure/HaarChar/FiniteAdeleRing.lean:36
[2026-01-13 01:44:50] [INFO] Using LEAN INTERACT verify
[2026-01-13 01:44:50] [INFO] Checking file
[2026-01-13 01:45:02] [INFO] Cannot build modified file FLT/HaarMeasure/HaarChar/tmpcnvb3tjo.lean:36:48: error(lean.unknownIdentifier): Unknown identifier `ring`
[2026-01-13 01:45:02] [INFO] Proof verification completed
[2026-01-13 01:45:02] [INFO] Strategy ring attempt 1: verified=False
[2026-01-13 01:45:02] [INFO] Verification message: Cannot build modified file: FLT/HaarMeasure/HaarChar/tmpcnvb3tjo.lean:36:48: error(lean.unknownIdentifier): Unknown identifier `ring`

[2026-01-13 01:45:02] [INFO] Attempt 1 failed verification, continuing...
[2026-01-13 01:45:02] [INFO] ========================================
[2026-01-13 01:45:02] [INFO] Trying strategy: norm_num (up to 1 attempts)
[2026-01-13 01:45:02] [INFO] --------------------
[2026-01-13 01:45:02] [INFO] Strategy norm_num, attempt 1/1
[2026-01-13 01:45:02] [INFO] Starting proof generation...
[2026-01-13 01:45:02] [INFO] Repository path: /root/repo
[2026-01-13 01:45:02] [INFO] Proof generation completed
[2026-01-13 01:45:02] [INFO] Generated proof:
[2026-01-13 01:45:02] [INFO] norm_num
[2026-01-13 01:45:02] [INFO] Proof length: 8 chars
[2026-01-13 01:45:02] [INFO] Starting proof verification...
[2026-01-13 01:45:02] [INFO] Verifying at: FLT/HaarMeasure/HaarChar/FiniteAdeleRing.lean:36
[2026-01-13 01:45:02] [INFO] Using LEAN INTERACT verify
[2026-01-13 01:45:02] [INFO] Checking file
[2026-01-13 01:45:13] [INFO] Cannot build modified file <error line="36" column="48">
<code_line>    LocallyCompactSpace (v.adicCompletion K) := norm_num</code_line>
<message>error: Type mismatch</message>
</error>
  norm_num
has type
  Lean.ParserDescr
of sort `Type` but is expected to have type
  LocallyCompactSpace (IsDedekindDomain.HeightOneSpectrum.adicCompletion K v)
of sort `Prop`
[2026-01-13 01:45:13] [INFO] Proof verification completed
[2026-01-13 01:45:13] [INFO] Strategy norm_num attempt 1: verified=False
[2026-01-13 01:45:13] [INFO] Verification message: Cannot build modified file: <error line="36" column="48">
<code_line>    LocallyCompactSpace (v.adicCompletion K) := norm_num</code_line>
<message>error: Type mismatch</message>
</error>
  norm_num
has type
  Lean.ParserDescr
of sort `Type` but is expected to have type
  LocallyCompactSpace (IsDedekindDomain.HeightOneSpectrum.adicCompletion K v)
of sort `Prop`

[2026-01-13 01:45:13] [INFO] Attempt 1 failed verification, continuing...
[2026-01-13 01:45:13] [INFO] ========================================
[2026-01-13 01:45:13] [INFO] Trying strategy: omega (up to 1 attempts)
[2026-01-13 01:45:13] [INFO] --------------------
[2026-01-13 01:45:13] [INFO] Strategy omega, attempt 1/1
[2026-01-13 01:45:13] [INFO] Starting proof generation...
[2026-01-13 01:45:13] [INFO] Repository path: /root/repo
[2026-01-13 01:45:13] [INFO] Proof generation completed
[2026-01-13 01:45:13] [INFO] Generated proof:
[2026-01-13 01:45:13] [INFO] omega
[2026-01-13 01:45:13] [INFO] Proof length: 5 chars
[2026-01-13 01:45:13] [INFO] Starting proof verification...
[2026-01-13 01:45:13] [INFO] Verifying at: FLT/HaarMeasure/HaarChar/FiniteAdeleRing.lean:36
[2026-01-13 01:45:13] [INFO] Using LEAN INTERACT verify
[2026-01-13 01:45:13] [INFO] Checking file
[2026-01-13 01:45:23] [INFO] Cannot build modified file FLT/HaarMeasure/HaarChar/tmpngrp0y6x.lean:36:48: error(lean.unknownIdentifier): Unknown identifier `omega`
[2026-01-13 01:45:23] [INFO] Proof verification completed
[2026-01-13 01:45:23] [INFO] Strategy omega attempt 1: verified=False
[2026-01-13 01:45:23] [INFO] Verification message: Cannot build modified file: FLT/HaarMeasure/HaarChar/tmpngrp0y6x.lean:36:48: error(lean.unknownIdentifier): Unknown identifier `omega`

[2026-01-13 01:45:23] [INFO] Attempt 1 failed verification, continuing...
[2026-01-13 01:45:23] [INFO] ========================================
[2026-01-13 01:45:23] [INFO] Trying strategy: linarith (up to 1 attempts)
[2026-01-13 01:45:23] [INFO] --------------------
[2026-01-13 01:45:23] [INFO] Strategy linarith, attempt 1/1
[2026-01-13 01:45:23] [INFO] Starting proof generation...
[2026-01-13 01:45:23] [INFO] Repository path: /root/repo
[2026-01-13 01:45:23] [INFO] Proof generation completed
[2026-01-13 01:45:23] [INFO] Generated proof:
[2026-01-13 01:45:23] [INFO] linarith
[2026-01-13 01:45:23] [INFO] Proof length: 8 chars
[2026-01-13 01:45:23] [INFO] Starting proof verification...
[2026-01-13 01:45:23] [INFO] Verifying at: FLT/HaarMeasure/HaarChar/FiniteAdeleRing.lean:36
[2026-01-13 01:45:23] [INFO] Using LEAN INTERACT verify
[2026-01-13 01:45:23] [INFO] Checking file
[2026-01-13 01:45:33] [INFO] Cannot build modified file FLT/HaarMeasure/HaarChar/tmpsx1bm3d7.lean:36:48: error(lean.unknownIdentifier): Unknown identifier `linarith`
[2026-01-13 01:45:33] [INFO] Proof verification completed
[2026-01-13 01:45:33] [INFO] Strategy linarith attempt 1: verified=False
[2026-01-13 01:45:33] [INFO] Verification message: Cannot build modified file: FLT/HaarMeasure/HaarChar/tmpsx1bm3d7.lean:36:48: error(lean.unknownIdentifier): Unknown identifier `linarith`

[2026-01-13 01:45:33] [INFO] Attempt 1 failed verification, continuing...
[2026-01-13 01:45:33] [INFO] ========================================
[2026-01-13 01:45:33] [INFO] Trying strategy: nlinarith (up to 1 attempts)
[2026-01-13 01:45:33] [INFO] --------------------
[2026-01-13 01:45:33] [INFO] Strategy nlinarith, attempt 1/1
[2026-01-13 01:45:33] [INFO] Starting proof generation...
[2026-01-13 01:45:33] [INFO] Repository path: /root/repo
[2026-01-13 01:45:33] [INFO] Proof generation completed
[2026-01-13 01:45:33] [INFO] Generated proof:
[2026-01-13 01:45:33] [INFO] nlinarith
[2026-01-13 01:45:33] [INFO] Proof length: 9 chars
[2026-01-13 01:45:33] [INFO] Starting proof verification...
[2026-01-13 01:45:33] [INFO] Verifying at: FLT/HaarMeasure/HaarChar/FiniteAdeleRing.lean:36
[2026-01-13 01:45:33] [INFO] Using LEAN INTERACT verify
[2026-01-13 01:45:33] [INFO] Checking file
[2026-01-13 01:45:43] [INFO] Cannot build modified file FLT/HaarMeasure/HaarChar/tmpeghroc9b.lean:36:48: error(lean.unknownIdentifier): Unknown identifier `nlinarith`
[2026-01-13 01:45:43] [INFO] Proof verification completed
[2026-01-13 01:45:43] [INFO] Strategy nlinarith attempt 1: verified=False
[2026-01-13 01:45:43] [INFO] Verification message: Cannot build modified file: FLT/HaarMeasure/HaarChar/tmpeghroc9b.lean:36:48: error(lean.unknownIdentifier): Unknown identifier `nlinarith`

[2026-01-13 01:45:43] [INFO] Attempt 1 failed verification, continuing...
[2026-01-13 01:45:43] [INFO] ========================================
[2026-01-13 01:45:43] [INFO] Trying strategy: aesop (up to 1 attempts)
[2026-01-13 01:45:43] [INFO] --------------------
[2026-01-13 01:45:43] [INFO] Strategy aesop, attempt 1/1
[2026-01-13 01:45:43] [INFO] Starting proof generation...
[2026-01-13 01:45:43] [INFO] Repository path: /root/repo
[2026-01-13 01:45:43] [INFO] Proof generation completed
[2026-01-13 01:45:43] [INFO] Generated proof:
[2026-01-13 01:45:43] [INFO] aesop
[2026-01-13 01:45:43] [INFO] Proof length: 5 chars
[2026-01-13 01:45:43] [INFO] Starting proof verification...
[2026-01-13 01:45:43] [INFO] Verifying at: FLT/HaarMeasure/HaarChar/FiniteAdeleRing.lean:36
[2026-01-13 01:45:43] [INFO] Using LEAN INTERACT verify
[2026-01-13 01:45:43] [INFO] Checking file
[2026-01-13 01:45:55] [INFO] Cannot build modified file FLT/HaarMeasure/HaarChar/tmpclouf_bu.lean:36:48: error(lean.unknownIdentifier): Unknown identifier `aesop`
[2026-01-13 01:45:55] [INFO] Proof verification completed
[2026-01-13 01:45:55] [INFO] Strategy aesop attempt 1: verified=False
[2026-01-13 01:45:55] [INFO] Verification message: Cannot build modified file: FLT/HaarMeasure/HaarChar/tmpclouf_bu.lean:36:48: error(lean.unknownIdentifier): Unknown identifier `aesop`

[2026-01-13 01:45:55] [INFO] Attempt 1 failed verification, continuing...
[2026-01-13 01:45:55] [INFO] ========================================
[2026-01-13 01:45:55] [INFO] Pass@k completed. Total results: 1
[2026-01-13 01:45:55] [INFO] FAILED: All 11 strategies x 1 attempts
[2026-01-13 01:45:55] [INFO] Writing results to file: /root/repo/result.json
[2026-01-13 01:45:55] [INFO] Result file written successfully
[2026-01-13 01:45:55] [INFO] Results exported to: /root/repo/result.json
[2026-01-13 01:45:55] [INFO] run_morphcloud_local.py completed successfully

[2026-01-13 01:45:57] [process_single_sorry] Downloading result file...
[2026-01-13 01:45:57] [process_single_sorry] Downloaded result to intermediate_experiment_outputs_full_reservoir_3_months/multi_tactic/2026-01-13_01-27-45_multi_tactic/individual/0341dcb7b570b477084798577d7aabaa2995cd647da0b2223e791ad4398e6a69.json
[2026-01-13 01:46:00] [process_single_sorry] Instance context closed successfully
[2026-01-13 01:46:00] [process_single_sorry] Parsing result file...
[2026-01-13 01:46:00] [process_single_sorry] Successfully parsed result (list format, 1 results)
