[2026-01-13 05:06:07] [process_single_sorry] Starting for sorry 149da8f436841e017bbaf98b8e8ee69ef635a8603362e3e8036a4cf5ffb5e170
[2026-01-13 05:06:07] [process_single_sorry] Using snapshot: snapshot_3z2iqwf8
[2026-01-13 05:06:07] [process_single_sorry] Repository: https://github.com/m4lvin/lean4-pdl@6f9009d2561a5d7528f84992efbffb948820719c
[2026-01-13 05:06:07] [process_single_sorry] Instance name: lean4-pdl_6f9009d2561a_multi_tactic_149da8f436841e017bbaf98b8e8ee69ef635a8603362e3e8036a4cf5ffb5e170
[2026-01-13 05:06:07] [process_single_sorry] Starting attempt 1/3
[2026-01-13 05:06:07] [process_single_sorry] Starting instance from snapshot...
[2026-01-13 05:06:08] [process_single_sorry] Instance started successfully: morphvm_ynj7ujjq
[2026-01-13 05:06:08] [process_single_sorry] Creating .env file...
[2026-01-13 05:06:11] [process_single_sorry] .env file created (exit_code: 0)
[2026-01-13 05:06:11] [process_single_sorry] Executing agent command...
[2026-01-13 05:12:22] [process_single_sorry] Agent command completed (exit_code: 0)
[2026-01-13 05:12:22] [process_single_sorry] STDOUT:

Results JSON:
[
  {
    "sorry": {
      "repo": {
        "remote": "https://github.com/m4lvin/lean4-pdl",
        "branch": "simp-suggestion-incomplete",
        "commit": "6f9009d2561a5d7528f84992efbffb948820719c",
        "lean_version": "v4.27.0-rc1"
      },
      "location": {
        "path": "Pdl/BuildTree.lean",
        "start_line": 526,
        "start_column": 2,
        "end_line": 526,
        "end_column": 7
      },
      "debug_info": {
        "goal": "a✝ : GamePos\nbt : BuildTree a✝\nα : Program\nφ : AnyFormula\nπ : PreState a✝ bt\n⊢ failed to pretty print expression (use 'set_option pp.rawOnError true' for raw representation)",
        "url": "https://github.com/m4lvin/lean4-pdl/blob/6f9009d2561a5d7528f84992efbffb948820719c/Pdl/BuildTree.lean#L526"
      },
      "metadata": {
        "blame_email_hash": "f9cc4b9ec8ec",
        "blame_date": "2025-12-17T22:19:07+01:00",
        "inclusion_date": "2026-01-10T23:00:34.829994+00:00"
      },
      "id": "149da8f436841e017bbaf98b8e8ee69ef635a8603362e3e8036a4cf5ffb5e170"
    },
    "proof": null,
    "proof_verified": false,
    "feedback": null,
    "verification_message": "All 11 attempts failed (11 strategies x 1 attempts each)",
    "success": true,
    "error_type": null,
    "error_message": null,
    "strategy_name": "all_failed_k=1",
    "proof_attempts": [
      "rfl",
      "simp",
      "simp_all",
      "exact?",
      "grind",
      "ring",
      "norm_num",
      "omega",
      "linarith",
      "nlinarith",
      "aesop"
    ]
  }
]

[2026-01-13 05:12:22] [process_single_sorry] STDERR:
None of PyTorch, TensorFlow >= 2.0, or Flax have been found. Models won't be available and only tokenizers, configuration and file/data utilities can be used.
[2026-01-13 05:06:25] [INFO] ================================================================================
[2026-01-13 05:06:25] [INFO] Starting run_morphcloud_local.py
[2026-01-13 05:06:25] [INFO] ================================================================================
[2026-01-13 05:06:25] [INFO] Environment loaded
[2026-01-13 05:06:25] [INFO] Full command: /root/SorryDB/sorrydb/cli/run_morphcloud_local.py --repo-path /root/repo --sorry-json {"repo": {"remote": "https://github.com/m4lvin/lean4-pdl", "branch": "simp-suggestion-incomplete", "commit": "6f9009d2561a5d7528f84992efbffb948820719c", "lean_version": "v4.27.0-rc1"}, "location": {"path": "Pdl/BuildTree.lean", "start_line": 526, "start_column": 2, "end_line": 526, "end_column": 7}, "debug_info": {"goal": "a\u271d : GamePos\nbt : BuildTree a\u271d\n\u03b1 : Program\n\u03c6 : AnyFormula\n\u03c0 : PreState a\u271d bt\n\u22a2 failed to pretty print expression (use 'set_option pp.rawOnError true' for raw representation)", "url": "https://github.com/m4lvin/lean4-pdl/blob/6f9009d2561a5d7528f84992efbffb948820719c/Pdl/BuildTree.lean#L526"}, "metadata": {"blame_email_hash": "f9cc4b9ec8ec", "blame_date": "2025-12-17T22:19:07+01:00", "inclusion_date": "2026-01-10T23:00:34.829994+00:00"}, "id": "149da8f436841e017bbaf98b8e8ee69ef635a8603362e3e8036a4cf5ffb5e170"} --agent-strategy {"name": "multi_tactic", "args": {}}
[2026-01-13 05:06:25] [INFO] Arguments parsed: repo_path=/root/repo, output_path=/root/repo/result.json
[2026-01-13 05:06:25] [INFO] Strategy spec: {"name": "multi_tactic", "args": {}}...
[2026-01-13 05:06:25] [INFO] Loading sorry data...
[2026-01-13 05:06:25] [INFO] Parsing sorry from JSON string...
[2026-01-13 05:06:25] [INFO] Sorry data parsed from JSON string
[2026-01-13 05:06:25] [INFO] Creating strategy from spec...
[2026-01-13 05:06:25] [INFO] Parsing strategy spec (length: 36 chars)
[2026-01-13 05:06:25] [INFO] Strategy name: multi_tactic
[2026-01-13 05:06:25] [INFO] Strategy args: {}
[2026-01-13 05:06:25] [INFO] Pass@k value: 1
[2026-01-13 05:06:25] [INFO] Creating strategy: multi_tactic
[2026-01-13 05:06:25] [INFO] Creating multi_tactic strategy with tactics: ['rfl', 'simp', 'simp_all', 'exact?', 'grind', 'ring', 'norm_num', 'omega', 'linarith', 'nlinarith', 'aesop']
[2026-01-13 05:06:25] [INFO] Strategies created: ['rfl', 'simp', 'simp_all', 'exact?', 'grind', 'ring', 'norm_num', 'omega', 'linarith', 'nlinarith', 'aesop']
[2026-01-13 05:06:25] [INFO] Pass@k value: 1
[2026-01-13 05:06:25] [INFO] Creating Sorry object...
[2026-01-13 05:06:25] [INFO] Sorry object created: id=149da8f436841e017bbaf98b8e8ee69ef635a8603362e3e8036a4cf5ffb5e170
[2026-01-13 05:06:25] [INFO] Sorry location: Pdl/BuildTree.lean:526
[2026-01-13 05:06:25] [INFO] Context before sorry (lines 521-526):
[2026-01-13 05:06:25] [INFO]   521:         AnyNegFormula.mem_Sequent (t.btAt).1.2.1 (~''φ)
[2026-01-13 05:06:25] [INFO]   522:       ∧ ∃ ρ : PreState bt, ∃ u : Match bt,
[2026-01-13 05:06:25] [INFO]   523:         -- TODO: t < u
[2026-01-13 05:06:25] [INFO]   524:         -- TODO: missing loaded formulas below
[2026-01-13 05:06:25] [INFO]   525:         @Modelgraphs.Q sorry sorry α ⟨π.forms.toFinset, sorry⟩ ⟨ρ.forms.toFinset, sorry⟩ := by
[2026-01-13 05:06:25] [INFO]   526:   sorry
[2026-01-13 05:06:25] [INFO] Sorry line:   sorry
[2026-01-13 05:06:25] [INFO] Sorry goal: a✝ : GamePos
bt : BuildTree a✝
α : Program
φ : AnyFormula
π : PreState a✝ bt
⊢ failed to pretty prin...
[2026-01-13 05:06:25] [INFO] ========================================
[2026-01-13 05:06:25] [INFO] Trying strategy: rfl (up to 1 attempts)
[2026-01-13 05:06:25] [INFO] --------------------
[2026-01-13 05:06:25] [INFO] Strategy rfl, attempt 1/1
[2026-01-13 05:06:25] [INFO] Starting proof generation...
[2026-01-13 05:06:25] [INFO] Repository path: /root/repo
[2026-01-13 05:06:25] [INFO] Proof generation completed
[2026-01-13 05:06:25] [INFO] Generated proof:
[2026-01-13 05:06:25] [INFO] rfl
[2026-01-13 05:06:25] [INFO] Proof length: 3 chars
[2026-01-13 05:06:25] [INFO] Starting proof verification...
[2026-01-13 05:06:25] [INFO] Verifying at: Pdl/BuildTree.lean:526
[2026-01-13 05:06:25] [INFO] Using LEAN INTERACT verify
[2026-01-13 05:06:25] [INFO] Checking file
[2026-01-13 05:07:12] [INFO] Cannot build modified file <error line="526" column="2">
<code_line>  rfl</code_line>
<message>error: Tactic `rfl` failed: Expected the goal to be a binary relation</message>
</error>

Hint: Reflexivity tactics can only be used on goals of the form `x ~ x` or `R x x`

a✝ : GamePos
bt : BuildTree a✝
α : Program
φ : AnyFormula
π : PreState bt
⊢ (~'⌊α⌋φ) ∈ π.lforms →
    ∃ t,
      AnyNegFormula.mem_Sequent t.btAt.fst.snd.fst (~''φ) ∧
        ∃ ρ u, Modelgraphs.Q sorry α ⟨π.forms.toFinset, ⋯⟩ ⟨ρ.forms.toFinset, ⋯⟩
[2026-01-13 05:07:12] [INFO] Proof verification completed
[2026-01-13 05:07:12] [INFO] Strategy rfl attempt 1: verified=False
[2026-01-13 05:07:12] [INFO] Verification message: Cannot build modified file: <error line="526" column="2">
<code_line>  rfl</code_line>
<message>error: Tactic `rfl` failed: Expected the goal to be a binary relation</message>
</error>

Hint: Reflexivity tactics can only be used on goals of the form `x ~ x` or `R x x`

a✝ : GamePos
bt : BuildTree a✝
α : Program
φ : AnyFormula
π : PreState bt
⊢ (~'⌊α⌋φ) ∈ π.lforms →
    ∃ t,
      AnyNegFormula.mem_Sequent t.btAt.fst.snd.fst (~''φ) ∧
        ∃ ρ u, Modelgraphs.Q sorry α ⟨π.forms.toFinset, ⋯⟩ ⟨ρ.forms.toFinset, ⋯⟩

[2026-01-13 05:07:12] [INFO] Attempt 1 failed verification, continuing...
[2026-01-13 05:07:12] [INFO] ========================================
[2026-01-13 05:07:12] [INFO] Trying strategy: simp (up to 1 attempts)
[2026-01-13 05:07:12] [INFO] --------------------
[2026-01-13 05:07:12] [INFO] Strategy simp, attempt 1/1
[2026-01-13 05:07:12] [INFO] Starting proof generation...
[2026-01-13 05:07:12] [INFO] Repository path: /root/repo
[2026-01-13 05:07:12] [INFO] Proof generation completed
[2026-01-13 05:07:12] [INFO] Generated proof:
[2026-01-13 05:07:12] [INFO] simp
[2026-01-13 05:07:12] [INFO] Proof length: 4 chars
[2026-01-13 05:07:12] [INFO] Starting proof verification...
[2026-01-13 05:07:12] [INFO] Verifying at: Pdl/BuildTree.lean:526
[2026-01-13 05:07:12] [INFO] Using LEAN INTERACT verify
[2026-01-13 05:07:12] [INFO] Checking file
[2026-01-13 05:07:40] [INFO] Cannot build modified file <error line="525" column="92">
<code_line>        @Modelgraphs.Q sorry sorry α ⟨π.forms.toFinset, sorry⟩ ⟨ρ.forms.toFinset, sorry⟩ := by</code_line>
<message>error: unsolved goals</message>
</error>
a✝ : GamePos
bt : BuildTree a✝
α : Program
φ : AnyFormula
π : PreState bt
⊢ (~'⌊α⌋φ) ∈ π.lforms →
    (∃ x, AnyNegFormula.mem_Sequent x.btAt.fst.snd.fst (~''φ)) ∧
      Nonempty (Match bt) ∧ ∃ x, Modelgraphs.Q sorry α ⟨π.forms.toFinset, ⋯⟩ ⟨x.forms.toFinset, ⋯⟩
[2026-01-13 05:07:40] [INFO] Proof verification completed
[2026-01-13 05:07:40] [INFO] Strategy simp attempt 1: verified=False
[2026-01-13 05:07:40] [INFO] Verification message: Cannot build modified file: <error line="525" column="92">
<code_line>        @Modelgraphs.Q sorry sorry α ⟨π.forms.toFinset, sorry⟩ ⟨ρ.forms.toFinset, sorry⟩ := by</code_line>
<message>error: unsolved goals</message>
</error>
a✝ : GamePos
bt : BuildTree a✝
α : Program
φ : AnyFormula
π : PreState bt
⊢ (~'⌊α⌋φ) ∈ π.lforms →
    (∃ x, AnyNegFormula.mem_Sequent x.btAt.fst.snd.fst (~''φ)) ∧
      Nonempty (Match bt) ∧ ∃ x, Modelgraphs.Q sorry α ⟨π.forms.toFinset, ⋯⟩ ⟨x.forms.toFinset, ⋯⟩

[2026-01-13 05:07:40] [INFO] Attempt 1 failed verification, continuing...
[2026-01-13 05:07:40] [INFO] ========================================
[2026-01-13 05:07:40] [INFO] Trying strategy: simp_all (up to 1 attempts)
[2026-01-13 05:07:40] [INFO] --------------------
[2026-01-13 05:07:40] [INFO] Strategy simp_all, attempt 1/1
[2026-01-13 05:07:40] [INFO] Starting proof generation...
[2026-01-13 05:07:40] [INFO] Repository path: /root/repo
[2026-01-13 05:07:40] [INFO] Proof generation completed
[2026-01-13 05:07:40] [INFO] Generated proof:
[2026-01-13 05:07:40] [INFO] simp_all
[2026-01-13 05:07:40] [INFO] Proof length: 8 chars
[2026-01-13 05:07:40] [INFO] Starting proof verification...
[2026-01-13 05:07:40] [INFO] Verifying at: Pdl/BuildTree.lean:526
[2026-01-13 05:07:40] [INFO] Using LEAN INTERACT verify
[2026-01-13 05:07:40] [INFO] Checking file
[2026-01-13 05:08:12] [INFO] Cannot build modified file <error line="525" column="92">
<code_line>        @Modelgraphs.Q sorry sorry α ⟨π.forms.toFinset, sorry⟩ ⟨ρ.forms.toFinset, sorry⟩ := by</code_line>
<message>error: unsolved goals</message>
</error>
a✝ : GamePos
bt : BuildTree a✝
α : Program
φ : AnyFormula
π : PreState bt
⊢ (~'⌊α⌋φ) ∈ π.lforms →
    (∃ x, AnyNegFormula.mem_Sequent x.btAt.fst.snd.fst (~''φ)) ∧
      Nonempty (Match bt) ∧ ∃ x, Modelgraphs.Q sorry α ⟨π.forms.toFinset, ⋯⟩ ⟨x.forms.toFinset, ⋯⟩
[2026-01-13 05:08:12] [INFO] Proof verification completed
[2026-01-13 05:08:12] [INFO] Strategy simp_all attempt 1: verified=False
[2026-01-13 05:08:12] [INFO] Verification message: Cannot build modified file: <error line="525" column="92">
<code_line>        @Modelgraphs.Q sorry sorry α ⟨π.forms.toFinset, sorry⟩ ⟨ρ.forms.toFinset, sorry⟩ := by</code_line>
<message>error: unsolved goals</message>
</error>
a✝ : GamePos
bt : BuildTree a✝
α : Program
φ : AnyFormula
π : PreState bt
⊢ (~'⌊α⌋φ) ∈ π.lforms →
    (∃ x, AnyNegFormula.mem_Sequent x.btAt.fst.snd.fst (~''φ)) ∧
      Nonempty (Match bt) ∧ ∃ x, Modelgraphs.Q sorry α ⟨π.forms.toFinset, ⋯⟩ ⟨x.forms.toFinset, ⋯⟩

[2026-01-13 05:08:12] [INFO] Attempt 1 failed verification, continuing...
[2026-01-13 05:08:12] [INFO] ========================================
[2026-01-13 05:08:12] [INFO] Trying strategy: exact? (up to 1 attempts)
[2026-01-13 05:08:12] [INFO] --------------------
[2026-01-13 05:08:12] [INFO] Strategy exact?, attempt 1/1
[2026-01-13 05:08:12] [INFO] Starting proof generation...
[2026-01-13 05:08:12] [INFO] Repository path: /root/repo
[2026-01-13 05:08:12] [INFO] Proof generation completed
[2026-01-13 05:08:12] [INFO] Generated proof:
[2026-01-13 05:08:12] [INFO] exact?
[2026-01-13 05:08:12] [INFO] Proof length: 6 chars
[2026-01-13 05:08:12] [INFO] Starting proof verification...
[2026-01-13 05:08:12] [INFO] Verifying at: Pdl/BuildTree.lean:526
[2026-01-13 05:08:12] [INFO] Using LEAN INTERACT verify
[2026-01-13 05:08:12] [INFO] Checking file
[2026-01-13 05:08:46] [INFO] Cannot build modified file <error line="526" column="2">
<code_line>  exact?</code_line>
<message>error: `exact?` could not close the goal. Try `apply?` to see partial suggestions.</message>
</error>
[2026-01-13 05:08:46] [INFO] Proof verification completed
[2026-01-13 05:08:46] [INFO] Strategy exact? attempt 1: verified=False
[2026-01-13 05:08:46] [INFO] Verification message: Cannot build modified file: <error line="526" column="2">
<code_line>  exact?</code_line>
<message>error: `exact?` could not close the goal. Try `apply?` to see partial suggestions.</message>
</error>

[2026-01-13 05:08:46] [INFO] Attempt 1 failed verification, continuing...
[2026-01-13 05:08:46] [INFO] ========================================
[2026-01-13 05:08:46] [INFO] Trying strategy: grind (up to 1 attempts)
[2026-01-13 05:08:46] [INFO] --------------------
[2026-01-13 05:08:46] [INFO] Strategy grind, attempt 1/1
[2026-01-13 05:08:46] [INFO] Starting proof generation...
[2026-01-13 05:08:46] [INFO] Repository path: /root/repo
[2026-01-13 05:08:46] [INFO] Proof generation completed
[2026-01-13 05:08:46] [INFO] Generated proof:
[2026-01-13 05:08:46] [INFO] grind
[2026-01-13 05:08:46] [INFO] Proof length: 5 chars
[2026-01-13 05:08:46] [INFO] Starting proof verification...
[2026-01-13 05:08:46] [INFO] Verifying at: Pdl/BuildTree.lean:526
[2026-01-13 05:08:46] [INFO] Using LEAN INTERACT verify
[2026-01-13 05:08:46] [INFO] Checking file
[2026-01-13 05:09:13] [INFO] Cannot build modified file <error line="526" column="2">
<code_line>  grind</code_line>
<message>error: `grind` failed</message>
</error>
case grind
a : GamePos
bt : BuildTree a
α : Program
φ : AnyFormula
π : PreState bt
h : (~'⌊α⌋φ) ∈ π.lforms
h_1 :
  ∀ (a_1 : Match bt),
    AnyNegFormula.mem_Sequent a_1.btAt.fst.snd.fst (~''φ) →
      ∀ (a_3 : PreState bt) (a_4 : Match bt), ¬Modelgraphs.Q sorry α ⟨π.forms.toFinset, ⋯⟩ ⟨a_3.forms.toFinset, ⋯⟩
⊢ False
[grind] Goal diagnostics
  [facts] Asserted facts
    [prop] (~'⌊α⌋φ) ∈ π.lforms
    [prop] ∀ (a_1 : Match bt),
          AnyNegFormula.mem_Sequent a_1.btAt.fst.snd.fst (~''φ) →
            ∀ (a_3 : PreState bt) (a_4 : Match bt), ¬Modelgraphs.Q sorry α ⟨π.forms.toFinset, ⋯⟩ ⟨a_3.forms.toFinset, ⋯⟩
  [eqc] True propositions
    [prop] (~'⌊α⌋φ) ∈ π.lforms
    [prop] ∀ (a_1 : Match bt),
          AnyNegFormula.mem_Sequent a_1.btAt.fst.snd.fst (~''φ) →
            ∀ (a_3 : PreState bt) (a_4 : Match bt), ¬Modelgraphs.Q sorry α ⟨π.forms.toFinset, ⋯⟩ ⟨a_3.forms.toFinset, ⋯⟩
[grind] Issues
  [issue] failed to create E-match local theorem for
        ∀ (a_1 : Match bt),
          AnyNegFormula.mem_Sequent a_1.btAt.fst.snd.fst (~''φ) →
            ∀ (a_3 : PreState bt) (a_4 : Match bt), ¬Modelgraphs.Q sorry α ⟨π.forms.toFinset, ⋯⟩ ⟨a_3.forms.toFinset, ⋯⟩
[2026-01-13 05:09:13] [INFO] Proof verification completed
[2026-01-13 05:09:13] [INFO] Strategy grind attempt 1: verified=False
[2026-01-13 05:09:13] [INFO] Verification message: Cannot build modified file: <error line="526" column="2">
<code_line>  grind</code_line>
<message>error: `grind` failed</message>
</error>
case grind
a : GamePos
bt : BuildTree a
α : Program
φ : AnyFormula
π : PreState bt
h : (~'⌊α⌋φ) ∈ π.lforms
h_1 :
  ∀ (a_1 : Match bt),
    AnyNegFormula.mem_Sequent a_1.btAt.fst.snd.fst (~''φ) →
      ∀ (a_3 : PreState bt) (a_4 : Match bt), ¬Modelgraphs.Q sorry α ⟨π.forms.toFinset, ⋯⟩ ⟨a_3.forms.toFinset, ⋯⟩
⊢ False
[grind] Goal diagnostics
  [facts] Asserted facts
    [prop] (~'⌊α⌋φ) ∈ π.lforms
    [prop] ∀ (a_1 : Match bt),
          AnyNegFormula.mem_Sequent a_1.btAt.fst.snd.fst (~''φ) →
            ∀ (a_3 : PreState bt) (a_4 : Match bt), ¬Modelgraphs.Q sorry α ⟨π.forms.toFinset, ⋯⟩ ⟨a_3.forms.toFinset, ⋯⟩
  [eqc] True propositions
    [prop] (~'⌊α⌋φ) ∈ π.lforms
    [prop] ∀ (a_1 : Match bt),
          AnyNegFormula.mem_Sequent a_1.btAt.fst.snd.fst (~''φ) →
            ∀ (a_3 : PreState bt) (a_4 : Match bt), ¬Modelgraphs.Q sorry α ⟨π.forms.toFinset, ⋯⟩ ⟨a_3.forms.toFinset, ⋯⟩
[grind] Issues
  [issue] failed to create E-match local theorem for
        ∀ (a_1 : Match bt),
          AnyNegFormula.mem_Sequent a_1.btAt.fst.snd.fst (~''φ) →
            ∀ (a_3 : PreState bt) (a_4 : Match bt), ¬Modelgraphs.Q sorry α ⟨π.forms.toFinset, ⋯⟩ ⟨a_3.forms.toFinset, ⋯⟩

[2026-01-13 05:09:13] [INFO] Attempt 1 failed verification, continuing...
[2026-01-13 05:09:13] [INFO] ========================================
[2026-01-13 05:09:13] [INFO] Trying strategy: ring (up to 1 attempts)
[2026-01-13 05:09:13] [INFO] --------------------
[2026-01-13 05:09:13] [INFO] Strategy ring, attempt 1/1
[2026-01-13 05:09:13] [INFO] Starting proof generation...
[2026-01-13 05:09:13] [INFO] Repository path: /root/repo
[2026-01-13 05:09:13] [INFO] Proof generation completed
[2026-01-13 05:09:13] [INFO] Generated proof:
[2026-01-13 05:09:13] [INFO] ring
[2026-01-13 05:09:13] [INFO] Proof length: 4 chars
[2026-01-13 05:09:13] [INFO] Starting proof verification...
[2026-01-13 05:09:13] [INFO] Verifying at: Pdl/BuildTree.lean:526
[2026-01-13 05:09:13] [INFO] Using LEAN INTERACT verify
[2026-01-13 05:09:13] [INFO] Checking file
[2026-01-13 05:09:45] [INFO] Cannot build modified file <error line="526" column="3">
<code_line>  ring</code_line>
<message>error: unknown tactic</message>
</error>
<error line="525" column="92">
<code_line>        @Modelgraphs.Q sorry sorry α ⟨π.forms.toFinset, sorry⟩ ⟨ρ.forms.toFinset, sorry⟩ := by</code_line>
<message>error: unsolved goals</message>
</error>
a✝ : GamePos
bt : BuildTree a✝
α : Program
φ : AnyFormula
π : PreState bt
⊢ (~'⌊α⌋φ) ∈ π.lforms →
    ∃ t,
      AnyNegFormula.mem_Sequent t.btAt.fst.snd.fst (~''φ) ∧
        ∃ ρ u, Modelgraphs.Q sorry α ⟨π.forms.toFinset, ⋯⟩ ⟨ρ.forms.toFinset, ⋯⟩
[2026-01-13 05:09:45] [INFO] Proof verification completed
[2026-01-13 05:09:45] [INFO] Strategy ring attempt 1: verified=False
[2026-01-13 05:09:45] [INFO] Verification message: Cannot build modified file: <error line="526" column="3">
<code_line>  ring</code_line>
<message>error: unknown tactic</message>
</error>
<error line="525" column="92">
<code_line>        @Modelgraphs.Q sorry sorry α ⟨π.forms.toFinset, sorry⟩ ⟨ρ.forms.toFinset, sorry⟩ := by</code_line>
<message>error: unsolved goals</message>
</error>
a✝ : GamePos
bt : BuildTree a✝
α : Program
φ : AnyFormula
π : PreState bt
⊢ (~'⌊α⌋φ) ∈ π.lforms →
    ∃ t,
      AnyNegFormula.mem_Sequent t.btAt.fst.snd.fst (~''φ) ∧
        ∃ ρ u, Modelgraphs.Q sorry α ⟨π.forms.toFinset, ⋯⟩ ⟨ρ.forms.toFinset, ⋯⟩

[2026-01-13 05:09:45] [INFO] Attempt 1 failed verification, continuing...
[2026-01-13 05:09:45] [INFO] ========================================
[2026-01-13 05:09:45] [INFO] Trying strategy: norm_num (up to 1 attempts)
[2026-01-13 05:09:45] [INFO] --------------------
[2026-01-13 05:09:45] [INFO] Strategy norm_num, attempt 1/1
[2026-01-13 05:09:45] [INFO] Starting proof generation...
[2026-01-13 05:09:45] [INFO] Repository path: /root/repo
[2026-01-13 05:09:45] [INFO] Proof generation completed
[2026-01-13 05:09:45] [INFO] Generated proof:
[2026-01-13 05:09:45] [INFO] norm_num
[2026-01-13 05:09:45] [INFO] Proof length: 8 chars
[2026-01-13 05:09:45] [INFO] Starting proof verification...
[2026-01-13 05:09:45] [INFO] Verifying at: Pdl/BuildTree.lean:526
[2026-01-13 05:09:45] [INFO] Using LEAN INTERACT verify
[2026-01-13 05:09:45] [INFO] Checking file
[2026-01-13 05:10:15] [INFO] Cannot build modified file <error line="525" column="92">
<code_line>        @Modelgraphs.Q sorry sorry α ⟨π.forms.toFinset, sorry⟩ ⟨ρ.forms.toFinset, sorry⟩ := by</code_line>
<message>error: unsolved goals</message>
</error>
a✝ : GamePos
bt : BuildTree a✝
α : Program
φ : AnyFormula
π : PreState bt
⊢ (~'⌊α⌋φ) ∈ π.lforms →
    (∃ x, AnyNegFormula.mem_Sequent x.btAt.fst.snd.fst (~''φ)) ∧
      Nonempty (Match bt) ∧ ∃ x, Modelgraphs.Q sorry α ⟨π.forms.toFinset, ⋯⟩ ⟨x.forms.toFinset, ⋯⟩
[2026-01-13 05:10:15] [INFO] Proof verification completed
[2026-01-13 05:10:15] [INFO] Strategy norm_num attempt 1: verified=False
[2026-01-13 05:10:15] [INFO] Verification message: Cannot build modified file: <error line="525" column="92">
<code_line>        @Modelgraphs.Q sorry sorry α ⟨π.forms.toFinset, sorry⟩ ⟨ρ.forms.toFinset, sorry⟩ := by</code_line>
<message>error: unsolved goals</message>
</error>
a✝ : GamePos
bt : BuildTree a✝
α : Program
φ : AnyFormula
π : PreState bt
⊢ (~'⌊α⌋φ) ∈ π.lforms →
    (∃ x, AnyNegFormula.mem_Sequent x.btAt.fst.snd.fst (~''φ)) ∧
      Nonempty (Match bt) ∧ ∃ x, Modelgraphs.Q sorry α ⟨π.forms.toFinset, ⋯⟩ ⟨x.forms.toFinset, ⋯⟩

[2026-01-13 05:10:15] [INFO] Attempt 1 failed verification, continuing...
[2026-01-13 05:10:15] [INFO] ========================================
[2026-01-13 05:10:15] [INFO] Trying strategy: omega (up to 1 attempts)
[2026-01-13 05:10:15] [INFO] --------------------
[2026-01-13 05:10:15] [INFO] Strategy omega, attempt 1/1
[2026-01-13 05:10:15] [INFO] Starting proof generation...
[2026-01-13 05:10:15] [INFO] Repository path: /root/repo
[2026-01-13 05:10:15] [INFO] Proof generation completed
[2026-01-13 05:10:15] [INFO] Generated proof:
[2026-01-13 05:10:15] [INFO] omega
[2026-01-13 05:10:15] [INFO] Proof length: 5 chars
[2026-01-13 05:10:15] [INFO] Starting proof verification...
[2026-01-13 05:10:15] [INFO] Verifying at: Pdl/BuildTree.lean:526
[2026-01-13 05:10:15] [INFO] Using LEAN INTERACT verify
[2026-01-13 05:10:15] [INFO] Checking file
[2026-01-13 05:10:45] [INFO] Cannot build modified file <error line="526" column="2">
<code_line>  omega</code_line>
<message>error: omega could not prove the goal:</message>
</error>
No usable constraints found. You may need to unfold definitions so `omega` can see linear arithmetic facts about `Nat` and `Int`, which may also involve multiplication, division, and modular remainder by constants.
[2026-01-13 05:10:45] [INFO] Proof verification completed
[2026-01-13 05:10:45] [INFO] Strategy omega attempt 1: verified=False
[2026-01-13 05:10:45] [INFO] Verification message: Cannot build modified file: <error line="526" column="2">
<code_line>  omega</code_line>
<message>error: omega could not prove the goal:</message>
</error>
No usable constraints found. You may need to unfold definitions so `omega` can see linear arithmetic facts about `Nat` and `Int`, which may also involve multiplication, division, and modular remainder by constants.

[2026-01-13 05:10:45] [INFO] Attempt 1 failed verification, continuing...
[2026-01-13 05:10:45] [INFO] ========================================
[2026-01-13 05:10:45] [INFO] Trying strategy: linarith (up to 1 attempts)
[2026-01-13 05:10:45] [INFO] --------------------
[2026-01-13 05:10:45] [INFO] Strategy linarith, attempt 1/1
[2026-01-13 05:10:45] [INFO] Starting proof generation...
[2026-01-13 05:10:45] [INFO] Repository path: /root/repo
[2026-01-13 05:10:45] [INFO] Proof generation completed
[2026-01-13 05:10:45] [INFO] Generated proof:
[2026-01-13 05:10:45] [INFO] linarith
[2026-01-13 05:10:45] [INFO] Proof length: 8 chars
[2026-01-13 05:10:45] [INFO] Starting proof verification...
[2026-01-13 05:10:45] [INFO] Verifying at: Pdl/BuildTree.lean:526
[2026-01-13 05:10:45] [INFO] Using LEAN INTERACT verify
[2026-01-13 05:10:45] [INFO] Checking file
[2026-01-13 05:11:17] [INFO] Cannot build modified file <error line="526" column="2">
<code_line>  linarith</code_line>
<message>error: linarith failed to find a contradiction</message>
</error>
a✝ : GamePos
bt : BuildTree a✝
α : Program
φ : AnyFormula
π : PreState bt
⊢ False
failed
[2026-01-13 05:11:17] [INFO] Proof verification completed
[2026-01-13 05:11:17] [INFO] Strategy linarith attempt 1: verified=False
[2026-01-13 05:11:17] [INFO] Verification message: Cannot build modified file: <error line="526" column="2">
<code_line>  linarith</code_line>
<message>error: linarith failed to find a contradiction</message>
</error>
a✝ : GamePos
bt : BuildTree a✝
α : Program
φ : AnyFormula
π : PreState bt
⊢ False
failed

[2026-01-13 05:11:17] [INFO] Attempt 1 failed verification, continuing...
[2026-01-13 05:11:17] [INFO] ========================================
[2026-01-13 05:11:17] [INFO] Trying strategy: nlinarith (up to 1 attempts)
[2026-01-13 05:11:17] [INFO] --------------------
[2026-01-13 05:11:17] [INFO] Strategy nlinarith, attempt 1/1
[2026-01-13 05:11:17] [INFO] Starting proof generation...
[2026-01-13 05:11:17] [INFO] Repository path: /root/repo
[2026-01-13 05:11:17] [INFO] Proof generation completed
[2026-01-13 05:11:17] [INFO] Generated proof:
[2026-01-13 05:11:17] [INFO] nlinarith
[2026-01-13 05:11:17] [INFO] Proof length: 9 chars
[2026-01-13 05:11:17] [INFO] Starting proof verification...
[2026-01-13 05:11:17] [INFO] Verifying at: Pdl/BuildTree.lean:526
[2026-01-13 05:11:17] [INFO] Using LEAN INTERACT verify
[2026-01-13 05:11:17] [INFO] Checking file
[2026-01-13 05:11:50] [INFO] Cannot build modified file <error line="526" column="2">
<code_line>  nlinarith</code_line>
<message>error: linarith failed to find a contradiction</message>
</error>
a✝ : GamePos
bt : BuildTree a✝
α : Program
φ : AnyFormula
π : PreState bt
⊢ False
failed
[2026-01-13 05:11:50] [INFO] Proof verification completed
[2026-01-13 05:11:50] [INFO] Strategy nlinarith attempt 1: verified=False
[2026-01-13 05:11:50] [INFO] Verification message: Cannot build modified file: <error line="526" column="2">
<code_line>  nlinarith</code_line>
<message>error: linarith failed to find a contradiction</message>
</error>
a✝ : GamePos
bt : BuildTree a✝
α : Program
φ : AnyFormula
π : PreState bt
⊢ False
failed

[2026-01-13 05:11:50] [INFO] Attempt 1 failed verification, continuing...
[2026-01-13 05:11:50] [INFO] ========================================
[2026-01-13 05:11:50] [INFO] Trying strategy: aesop (up to 1 attempts)
[2026-01-13 05:11:50] [INFO] --------------------
[2026-01-13 05:11:50] [INFO] Strategy aesop, attempt 1/1
[2026-01-13 05:11:50] [INFO] Starting proof generation...
[2026-01-13 05:11:50] [INFO] Repository path: /root/repo
[2026-01-13 05:11:50] [INFO] Proof generation completed
[2026-01-13 05:11:50] [INFO] Generated proof:
[2026-01-13 05:11:50] [INFO] aesop
[2026-01-13 05:11:50] [INFO] Proof length: 5 chars
[2026-01-13 05:11:50] [INFO] Starting proof verification...
[2026-01-13 05:11:50] [INFO] Verifying at: Pdl/BuildTree.lean:526
[2026-01-13 05:11:50] [INFO] Using LEAN INTERACT verify
[2026-01-13 05:11:50] [INFO] Checking file
[2026-01-13 05:12:21] [INFO] Cannot build modified file <error line="525" column="92">
<code_line>        @Modelgraphs.Q sorry sorry α ⟨π.forms.toFinset, sorry⟩ ⟨ρ.forms.toFinset, sorry⟩ := by</code_line>
<message>error: unsolved goals</message>
</error>
case left
a : GamePos
bt : BuildTree a
α : Program
φ : AnyFormula
π : PreState bt
a_1 : (~'⌊α⌋φ) ∈ π.lforms
⊢ ∃ x, AnyNegFormula.mem_Sequent x.btAt.fst.snd.fst (~''φ)

case right.left
a : GamePos
bt : BuildTree a
α : Program
φ : AnyFormula
π : PreState bt
a_1 : (~'⌊α⌋φ) ∈ π.lforms
⊢ Nonempty (Match bt)

case right.right
a : GamePos
bt : BuildTree a
α : Program
φ : AnyFormula
π : PreState bt
a_1 : (~'⌊α⌋φ) ∈ π.lforms
⊢ ∃ x, Modelgraphs.Q sorry α ⟨π.forms.toFinset, ⋯⟩ ⟨x.forms.toFinset, ⋯⟩
[2026-01-13 05:12:21] [INFO] Proof verification completed
[2026-01-13 05:12:21] [INFO] Strategy aesop attempt 1: verified=False
[2026-01-13 05:12:21] [INFO] Verification message: Cannot build modified file: <error line="525" column="92">
<code_line>        @Modelgraphs.Q sorry sorry α ⟨π.forms.toFinset, sorry⟩ ⟨ρ.forms.toFinset, sorry⟩ := by</code_line>
<message>error: unsolved goals</message>
</error>
case left
a : GamePos
bt : BuildTree a
α : Program
φ : AnyFormula
π : PreState bt
a_1 : (~'⌊α⌋φ) ∈ π.lforms
⊢ ∃ x, AnyNegFormula.mem_Sequent x.btAt.fst.snd.fst (~''φ)

case right.left
a : GamePos
bt : BuildTree a
α : Program
φ : AnyFormula
π : PreState bt
a_1 : (~'⌊α⌋φ) ∈ π.lforms
⊢ Nonempty (Match bt)

case right.right
a : GamePos
bt : BuildTree a
α : Program
φ : AnyFormula
π : PreState bt
a_1 : (~'⌊α⌋φ) ∈ π.lforms
⊢ ∃ x, Modelgraphs.Q sorry α ⟨π.forms.toFinset, ⋯⟩ ⟨x.forms.toFinset, ⋯⟩

[2026-01-13 05:12:21] [INFO] Attempt 1 failed verification, continuing...
[2026-01-13 05:12:21] [INFO] ========================================
[2026-01-13 05:12:21] [INFO] Pass@k completed. Total results: 1
[2026-01-13 05:12:21] [INFO] FAILED: All 11 strategies x 1 attempts
[2026-01-13 05:12:21] [INFO] Writing results to file: /root/repo/result.json
[2026-01-13 05:12:21] [INFO] Result file written successfully
[2026-01-13 05:12:21] [INFO] Results exported to: /root/repo/result.json
[2026-01-13 05:12:21] [INFO] run_morphcloud_local.py completed successfully

[2026-01-13 05:12:22] [process_single_sorry] Downloading result file...
[2026-01-13 05:12:22] [process_single_sorry] Downloaded result to intermediate_experiment_outputs_full_reservoir_3_months/multi_tactic/2026-01-13_01-27-45_multi_tactic/individual/149da8f436841e017bbaf98b8e8ee69ef635a8603362e3e8036a4cf5ffb5e170.json
[2026-01-13 05:12:24] [process_single_sorry] Instance context closed successfully
[2026-01-13 05:12:24] [process_single_sorry] Parsing result file...
[2026-01-13 05:12:24] [process_single_sorry] Successfully parsed result (list format, 1 results)
