[2026-01-13 05:46:10] [process_single_sorry] Starting for sorry 1e66907bfaec04d5a0799c72155431bbe9d4eff248cd5265ee5f6aebd8749945
[2026-01-13 05:46:10] [process_single_sorry] Using snapshot: snapshot_voxojkem
[2026-01-13 05:46:10] [process_single_sorry] Repository: https://github.com/peabrainiac/lean-catdg@b583ce5eab44bf8d0dcde6ee5986df0658af8419
[2026-01-13 05:46:10] [process_single_sorry] Instance name: lean-catdg_b583ce5eab44_multi_tactic_1e66907bfaec04d5a0799c72155431bbe9d4eff248cd5265ee5f6aebd8749945
[2026-01-13 05:46:10] [process_single_sorry] Starting attempt 1/3
[2026-01-13 05:46:10] [process_single_sorry] Starting instance from snapshot...
[2026-01-13 05:46:10] [process_single_sorry] Instance started successfully: morphvm_79224re8
[2026-01-13 05:46:10] [process_single_sorry] Creating .env file...
[2026-01-13 05:46:13] [process_single_sorry] .env file created (exit_code: 0)
[2026-01-13 05:46:13] [process_single_sorry] Executing agent command...
[2026-01-13 05:49:33] [process_single_sorry] Agent command completed (exit_code: 0)
[2026-01-13 05:49:33] [process_single_sorry] STDOUT:

Results JSON:
[
  {
    "sorry": {
      "repo": {
        "remote": "https://github.com/peabrainiac/lean-catdg",
        "branch": "main",
        "commit": "b583ce5eab44bf8d0dcde6ee5986df0658af8419",
        "lean_version": "v4.26.0"
      },
      "location": {
        "path": "CatDG/Diffeology/LocallyModelled.lean",
        "start_line": 86,
        "start_column": 2,
        "end_line": 86,
        "end_column": 7
      },
      "debug_info": {
        "goal": "n : ℕ\nX : Type u_1\ninst✝¹ : Zero (Fin n)\ninst✝ : DiffeologicalSpace X\nhm : @IsDiffeologicalManifold n X inst✝\nx : X\nu : Set X\nhu : IsOpen u\nhxu : x ∈ u\ni : Unit\nv : Set (Eucl n)\nhv : IsOpen v\nd : ↑u ᵈ≃ ↑v\n⊢ ∃ u, IsOpen u ∧ x ∈ u ∧ ∃ i v, IsOpen v ∧ Nonempty (↑u ᵈ≃ ↑v)",
        "url": "https://github.com/peabrainiac/lean-catdg/blob/b583ce5eab44bf8d0dcde6ee5986df0658af8419/CatDG/Diffeology/LocallyModelled.lean#L86"
      },
      "metadata": {
        "blame_email_hash": "d7da76833f19",
        "blame_date": "2024-06-01T14:28:10+02:00",
        "inclusion_date": "2026-01-11T01:04:33.423577+00:00"
      },
      "id": "1e66907bfaec04d5a0799c72155431bbe9d4eff248cd5265ee5f6aebd8749945"
    },
    "proof": null,
    "proof_verified": false,
    "feedback": null,
    "verification_message": "All 11 attempts failed (11 strategies x 1 attempts each)",
    "success": true,
    "error_type": null,
    "error_message": null,
    "strategy_name": "all_failed_k=1",
    "proof_attempts": [
      "rfl",
      "simp",
      "simp_all",
      "exact?",
      "grind",
      "ring",
      "norm_num",
      "omega",
      "linarith",
      "nlinarith",
      "aesop"
    ]
  }
]

[2026-01-13 05:49:33] [process_single_sorry] STDERR:
None of PyTorch, TensorFlow >= 2.0, or Flax have been found. Models won't be available and only tokenizers, configuration and file/data utilities can be used.
[2026-01-13 05:46:28] [INFO] ================================================================================
[2026-01-13 05:46:28] [INFO] Starting run_morphcloud_local.py
[2026-01-13 05:46:28] [INFO] ================================================================================
[2026-01-13 05:46:28] [INFO] Environment loaded
[2026-01-13 05:46:28] [INFO] Full command: /root/SorryDB/sorrydb/cli/run_morphcloud_local.py --repo-path /root/repo --sorry-json {"repo": {"remote": "https://github.com/peabrainiac/lean-catdg", "branch": "main", "commit": "b583ce5eab44bf8d0dcde6ee5986df0658af8419", "lean_version": "v4.26.0"}, "location": {"path": "CatDG/Diffeology/LocallyModelled.lean", "start_line": 86, "start_column": 2, "end_line": 86, "end_column": 7}, "debug_info": {"goal": "n : \u2115\nX : Type u_1\ninst\u271d\u00b9 : Zero (Fin n)\ninst\u271d : DiffeologicalSpace X\nhm : @IsDiffeologicalManifold n X inst\u271d\nx : X\nu : Set X\nhu : IsOpen u\nhxu : x \u2208 u\ni : Unit\nv : Set (Eucl n)\nhv : IsOpen v\nd : \u2191u \u1d48\u2243 \u2191v\n\u22a2 \u2203 u, IsOpen u \u2227 x \u2208 u \u2227 \u2203 i v, IsOpen v \u2227 Nonempty (\u2191u \u1d48\u2243 \u2191v)", "url": "https://github.com/peabrainiac/lean-catdg/blob/b583ce5eab44bf8d0dcde6ee5986df0658af8419/CatDG/Diffeology/LocallyModelled.lean#L86"}, "metadata": {"blame_email_hash": "d7da76833f19", "blame_date": "2024-06-01T14:28:10+02:00", "inclusion_date": "2026-01-11T01:04:33.423577+00:00"}, "id": "1e66907bfaec04d5a0799c72155431bbe9d4eff248cd5265ee5f6aebd8749945"} --agent-strategy {"name": "multi_tactic", "args": {}}
[2026-01-13 05:46:28] [INFO] Arguments parsed: repo_path=/root/repo, output_path=/root/repo/result.json
[2026-01-13 05:46:28] [INFO] Strategy spec: {"name": "multi_tactic", "args": {}}...
[2026-01-13 05:46:28] [INFO] Loading sorry data...
[2026-01-13 05:46:28] [INFO] Parsing sorry from JSON string...
[2026-01-13 05:46:28] [INFO] Sorry data parsed from JSON string
[2026-01-13 05:46:28] [INFO] Creating strategy from spec...
[2026-01-13 05:46:28] [INFO] Parsing strategy spec (length: 36 chars)
[2026-01-13 05:46:28] [INFO] Strategy name: multi_tactic
[2026-01-13 05:46:28] [INFO] Strategy args: {}
[2026-01-13 05:46:28] [INFO] Pass@k value: 1
[2026-01-13 05:46:28] [INFO] Creating strategy: multi_tactic
[2026-01-13 05:46:28] [INFO] Creating multi_tactic strategy with tactics: ['rfl', 'simp', 'simp_all', 'exact?', 'grind', 'ring', 'norm_num', 'omega', 'linarith', 'nlinarith', 'aesop']
[2026-01-13 05:46:28] [INFO] Strategies created: ['rfl', 'simp', 'simp_all', 'exact?', 'grind', 'ring', 'norm_num', 'omega', 'linarith', 'nlinarith', 'aesop']
[2026-01-13 05:46:28] [INFO] Pass@k value: 1
[2026-01-13 05:46:28] [INFO] Creating Sorry object...
[2026-01-13 05:46:28] [INFO] Sorry object created: id=1e66907bfaec04d5a0799c72155431bbe9d4eff248cd5265ee5f6aebd8749945
[2026-01-13 05:46:28] [INFO] Sorry location: CatDG/Diffeology/LocallyModelled.lean:86
[2026-01-13 05:46:29] [INFO] Context before sorry (lines 81-86):
[2026-01-13 05:46:29] [INFO]   81: /-- Any diffeological manifold is also a diffeological manifold with boundary. -/
[2026-01-13 05:46:29] [INFO]   82: instance {n : ℕ} {X : Type*} [Zero (Fin n)] [DiffeologicalSpace X]
[2026-01-13 05:46:29] [INFO]   83:     [hm : IsDiffeologicalManifold n X] : IsManifoldWithBoundary n X := ⟨fun x ↦ by
[2026-01-13 05:46:29] [INFO]   84:   let ⟨u,hu,hxu,i,v,hv,⟨d⟩⟩ := hm.locally_modelled x
[2026-01-13 05:46:29] [INFO]   85:   -- TODO: requires diffeomorphism of R^n to a ball in H^n
[2026-01-13 05:46:29] [INFO]   86:   sorry⟩
[2026-01-13 05:46:29] [INFO] Sorry line:   sorry⟩
[2026-01-13 05:46:29] [INFO] Sorry goal: n : ℕ
X : Type u_1
inst✝¹ : Zero (Fin n)
inst✝ : DiffeologicalSpace X
hm : @IsDiffeologicalManifold ...
[2026-01-13 05:46:29] [INFO] ========================================
[2026-01-13 05:46:29] [INFO] Trying strategy: rfl (up to 1 attempts)
[2026-01-13 05:46:29] [INFO] --------------------
[2026-01-13 05:46:29] [INFO] Strategy rfl, attempt 1/1
[2026-01-13 05:46:29] [INFO] Starting proof generation...
[2026-01-13 05:46:29] [INFO] Repository path: /root/repo
[2026-01-13 05:46:29] [INFO] Proof generation completed
[2026-01-13 05:46:29] [INFO] Generated proof:
[2026-01-13 05:46:29] [INFO] rfl
[2026-01-13 05:46:29] [INFO] Proof length: 3 chars
[2026-01-13 05:46:29] [INFO] Starting proof verification...
[2026-01-13 05:46:29] [INFO] Verifying at: CatDG/Diffeology/LocallyModelled.lean:86
[2026-01-13 05:46:29] [INFO] Using LEAN INTERACT verify
[2026-01-13 05:46:29] [INFO] Checking file
[2026-01-13 05:47:01] [INFO] Cannot build modified file <error line="86" column="2">
<code_line>  rfl⟩</code_line>
<message>error: Tactic `rfl` failed: The left-hand side</message>
</error>
  Set X
is not definitionally equal to the right-hand side
  fun u => IsOpen u ∧ x ∈ u ∧ ∃ i v, IsOpen v ∧ Nonempty (↑u ᵈ≃ ↑v)

n : ℕ
X : Type u_1
inst✝¹ : Zero (Fin n)
inst✝ : DiffeologicalSpace X
hm : IsDiffeologicalManifold n X
x : X
u : Set X
hu : IsOpen u
hxu : x ∈ u
i : Unit
v : Set (Eucl n)
hv : IsOpen v
d : ↑u ᵈ≃ ↑v
⊢ ∃ u, IsOpen u ∧ x ∈ u ∧ ∃ i v, IsOpen v ∧ Nonempty (↑u ᵈ≃ ↑v)
[2026-01-13 05:47:01] [INFO] Proof verification completed
[2026-01-13 05:47:01] [INFO] Strategy rfl attempt 1: verified=False
[2026-01-13 05:47:01] [INFO] Verification message: Cannot build modified file: <error line="86" column="2">
<code_line>  rfl⟩</code_line>
<message>error: Tactic `rfl` failed: The left-hand side</message>
</error>
  Set X
is not definitionally equal to the right-hand side
  fun u => IsOpen u ∧ x ∈ u ∧ ∃ i v, IsOpen v ∧ Nonempty (↑u ᵈ≃ ↑v)

n : ℕ
X : Type u_1
inst✝¹ : Zero (Fin n)
inst✝ : DiffeologicalSpace X
hm : IsDiffeologicalManifold n X
x : X
u : Set X
hu : IsOpen u
hxu : x ∈ u
i : Unit
v : Set (Eucl n)
hv : IsOpen v
d : ↑u ᵈ≃ ↑v
⊢ ∃ u, IsOpen u ∧ x ∈ u ∧ ∃ i v, IsOpen v ∧ Nonempty (↑u ᵈ≃ ↑v)

[2026-01-13 05:47:01] [INFO] Attempt 1 failed verification, continuing...
[2026-01-13 05:47:01] [INFO] ========================================
[2026-01-13 05:47:01] [INFO] Trying strategy: simp (up to 1 attempts)
[2026-01-13 05:47:01] [INFO] --------------------
[2026-01-13 05:47:01] [INFO] Strategy simp, attempt 1/1
[2026-01-13 05:47:01] [INFO] Starting proof generation...
[2026-01-13 05:47:01] [INFO] Repository path: /root/repo
[2026-01-13 05:47:01] [INFO] Proof generation completed
[2026-01-13 05:47:01] [INFO] Generated proof:
[2026-01-13 05:47:01] [INFO] simp
[2026-01-13 05:47:01] [INFO] Proof length: 4 chars
[2026-01-13 05:47:01] [INFO] Starting proof verification...
[2026-01-13 05:47:01] [INFO] Verifying at: CatDG/Diffeology/LocallyModelled.lean:86
[2026-01-13 05:47:01] [INFO] Using LEAN INTERACT verify
[2026-01-13 05:47:01] [INFO] Checking file
[2026-01-13 05:47:13] [INFO] Cannot build modified file <error line="83" column="80">
<code_line>    [hm : IsDiffeologicalManifold n X] : IsManifoldWithBoundary n X := ⟨fun x ↦ by</code_line>
<message>error: unsolved goals</message>
</error>
n : ℕ
X : Type u_1
inst✝¹ : Zero (Fin n)
inst✝ : DiffeologicalSpace X
hm : IsDiffeologicalManifold n X
x : X
u : Set X
hu : IsOpen u
hxu : x ∈ u
i : Unit
v : Set (Eucl n)
hv : IsOpen v
d : ↑u ᵈ≃ ↑v
⊢ ∃ u, IsOpen u ∧ x ∈ u ∧ ∃ v, IsOpen v ∧ Nonempty (↑u ᵈ≃ ↑v)
[2026-01-13 05:47:13] [INFO] Proof verification completed
[2026-01-13 05:47:13] [INFO] Strategy simp attempt 1: verified=False
[2026-01-13 05:47:13] [INFO] Verification message: Cannot build modified file: <error line="83" column="80">
<code_line>    [hm : IsDiffeologicalManifold n X] : IsManifoldWithBoundary n X := ⟨fun x ↦ by</code_line>
<message>error: unsolved goals</message>
</error>
n : ℕ
X : Type u_1
inst✝¹ : Zero (Fin n)
inst✝ : DiffeologicalSpace X
hm : IsDiffeologicalManifold n X
x : X
u : Set X
hu : IsOpen u
hxu : x ∈ u
i : Unit
v : Set (Eucl n)
hv : IsOpen v
d : ↑u ᵈ≃ ↑v
⊢ ∃ u, IsOpen u ∧ x ∈ u ∧ ∃ v, IsOpen v ∧ Nonempty (↑u ᵈ≃ ↑v)

[2026-01-13 05:47:13] [INFO] Attempt 1 failed verification, continuing...
[2026-01-13 05:47:13] [INFO] ========================================
[2026-01-13 05:47:13] [INFO] Trying strategy: simp_all (up to 1 attempts)
[2026-01-13 05:47:13] [INFO] --------------------
[2026-01-13 05:47:13] [INFO] Strategy simp_all, attempt 1/1
[2026-01-13 05:47:13] [INFO] Starting proof generation...
[2026-01-13 05:47:13] [INFO] Repository path: /root/repo
[2026-01-13 05:47:13] [INFO] Proof generation completed
[2026-01-13 05:47:13] [INFO] Generated proof:
[2026-01-13 05:47:13] [INFO] simp_all
[2026-01-13 05:47:13] [INFO] Proof length: 8 chars
[2026-01-13 05:47:13] [INFO] Starting proof verification...
[2026-01-13 05:47:13] [INFO] Verifying at: CatDG/Diffeology/LocallyModelled.lean:86
[2026-01-13 05:47:13] [INFO] Using LEAN INTERACT verify
[2026-01-13 05:47:13] [INFO] Checking file
[2026-01-13 05:47:29] [INFO] Cannot build modified file <error line="83" column="80">
<code_line>    [hm : IsDiffeologicalManifold n X] : IsManifoldWithBoundary n X := ⟨fun x ↦ by</code_line>
<message>error: unsolved goals</message>
</error>
n : ℕ
X : Type u_1
inst✝¹ : Zero (Fin n)
inst✝ : DiffeologicalSpace X
hm : IsDiffeologicalManifold n X
x : X
u : Set X
hu : IsOpen u
hxu : x ∈ u
i : Unit
v : Set (Eucl n)
hv : IsOpen v
d : ↑u ᵈ≃ ↑v
⊢ ∃ u, IsOpen u ∧ x ∈ u ∧ ∃ v, IsOpen v ∧ Nonempty (↑u ᵈ≃ ↑v)
[2026-01-13 05:47:29] [INFO] Proof verification completed
[2026-01-13 05:47:29] [INFO] Strategy simp_all attempt 1: verified=False
[2026-01-13 05:47:29] [INFO] Verification message: Cannot build modified file: <error line="83" column="80">
<code_line>    [hm : IsDiffeologicalManifold n X] : IsManifoldWithBoundary n X := ⟨fun x ↦ by</code_line>
<message>error: unsolved goals</message>
</error>
n : ℕ
X : Type u_1
inst✝¹ : Zero (Fin n)
inst✝ : DiffeologicalSpace X
hm : IsDiffeologicalManifold n X
x : X
u : Set X
hu : IsOpen u
hxu : x ∈ u
i : Unit
v : Set (Eucl n)
hv : IsOpen v
d : ↑u ᵈ≃ ↑v
⊢ ∃ u, IsOpen u ∧ x ∈ u ∧ ∃ v, IsOpen v ∧ Nonempty (↑u ᵈ≃ ↑v)

[2026-01-13 05:47:29] [INFO] Attempt 1 failed verification, continuing...
[2026-01-13 05:47:29] [INFO] ========================================
[2026-01-13 05:47:29] [INFO] Trying strategy: exact? (up to 1 attempts)
[2026-01-13 05:47:29] [INFO] --------------------
[2026-01-13 05:47:29] [INFO] Strategy exact?, attempt 1/1
[2026-01-13 05:47:29] [INFO] Starting proof generation...
[2026-01-13 05:47:29] [INFO] Repository path: /root/repo
[2026-01-13 05:47:29] [INFO] Proof generation completed
[2026-01-13 05:47:29] [INFO] Generated proof:
[2026-01-13 05:47:29] [INFO] exact?
[2026-01-13 05:47:29] [INFO] Proof length: 6 chars
[2026-01-13 05:47:29] [INFO] Starting proof verification...
[2026-01-13 05:47:29] [INFO] Verifying at: CatDG/Diffeology/LocallyModelled.lean:86
[2026-01-13 05:47:29] [INFO] Using LEAN INTERACT verify
[2026-01-13 05:47:29] [INFO] Checking file
[2026-01-13 05:47:53] [INFO] Cannot build modified file <error line="86" column="2">
<code_line>  exact?⟩</code_line>
<message>error: `exact?` could not close the goal. Try `apply?` to see partial suggestions.</message>
</error>
[2026-01-13 05:47:53] [INFO] Proof verification completed
[2026-01-13 05:47:53] [INFO] Strategy exact? attempt 1: verified=False
[2026-01-13 05:47:53] [INFO] Verification message: Cannot build modified file: <error line="86" column="2">
<code_line>  exact?⟩</code_line>
<message>error: `exact?` could not close the goal. Try `apply?` to see partial suggestions.</message>
</error>

[2026-01-13 05:47:53] [INFO] Attempt 1 failed verification, continuing...
[2026-01-13 05:47:53] [INFO] ========================================
[2026-01-13 05:47:53] [INFO] Trying strategy: grind (up to 1 attempts)
[2026-01-13 05:47:53] [INFO] --------------------
[2026-01-13 05:47:53] [INFO] Strategy grind, attempt 1/1
[2026-01-13 05:47:53] [INFO] Starting proof generation...
[2026-01-13 05:47:53] [INFO] Repository path: /root/repo
[2026-01-13 05:47:53] [INFO] Proof generation completed
[2026-01-13 05:47:53] [INFO] Generated proof:
[2026-01-13 05:47:53] [INFO] grind
[2026-01-13 05:47:53] [INFO] Proof length: 5 chars
[2026-01-13 05:47:53] [INFO] Starting proof verification...
[2026-01-13 05:47:53] [INFO] Verifying at: CatDG/Diffeology/LocallyModelled.lean:86
[2026-01-13 05:47:53] [INFO] Using LEAN INTERACT verify
[2026-01-13 05:47:53] [INFO] Checking file
[2026-01-13 05:48:08] [INFO] Cannot build modified file <error line="86" column="2">
<code_line>  grind⟩</code_line>
<message>error: `grind` failed</message>
</error>
case grind.1.1.1
n : ℕ
X : Type u_1
inst : Zero (Fin n)
inst_1 : DiffeologicalSpace X
hm : LocallyModelled (fun x => WithLp 2 (Fin n → ℝ)) X
x : X
u : Set X
hu : IsOpen u
hxu : x ∈ u
v : Set (WithLp 2 (Fin n → ℝ))
hv : IsOpen v
d : { x // x ∈ u } ᵈ≃ { x // x ∈ v }
h :
  ∀ (a : Set X) (a_1 : Set { x // x ∈ {x | 0 ≤ x.ofLp 0} }),
    IsOpen a_1 → Nonempty ({ x // x ∈ a } ᵈ≃ { x // x ∈ a_1 }) → x ∈ a → ¬IsOpen a
h_1 : {_a | False} = Set.univ
h_2 : {_a | False} = fun x => 0 ≤ x.ofLp 0
h_3 : {_x | True} = fun x => 0 ≤ x.ofLp 0
⊢ False
[grind] Goal diagnostics
  [facts] Asserted facts
    [prop] LocallyModelled (fun x => WithLp 2 (Fin n → ℝ)) X
    [prop] IsOpen u
    [prop] x ∈ u
    [prop] IsOpen v
    [prop] ∀ (a : Set X) (a_1 : Set { x // x ∈ {x | 0 ≤ x.ofLp 0} }),
          IsOpen a_1 → Nonempty ({ x // x ∈ a } ᵈ≃ { x // x ∈ a_1 }) → x ∈ a → ¬IsOpen a
    [prop] {_x | True} = Set.univ
    [prop] {_a | False} = ∅
    [prop] {_x | True} = Set.univ
    [prop] {_a | False} = ∅
    [prop] {_a | False} = Set.univ
    [prop] {_a | False} = fun x => 0 ≤ x.ofLp 0
    [prop] {_x | True} = fun x => 0 ≤ x.ofLp 0
  [eqc] True propositions
    [prop] (1 + 1).AtLeastTwo
    [prop] IsOpen v
    [prop] IsOpen u
    [prop] LocallyModelled (fun x => WithLp 2 (Fin n → ℝ)) X
    [prop] x ∈ u
    [prop] ∀ (a : Set X) (a_1 : Set { x // x ∈ {x | 0 ≤ x.ofLp 0} }),
          IsOpen a_1 → Nonempty ({ x // x ∈ a } ᵈ≃ { x // x ∈ a_1 }) → x ∈ a → ¬IsOpen a
  [eqc] Equivalence classes
    [eqc] {Membership.mem {x | 0 ≤ x.ofLp 0}, fun x => x ∈ {x | 0 ≤ x.ofLp 0}}
    [eqc] {fun x => 0 ≤ x.ofLp 0, Set.univ, ∅, {_a | False}, {_x | True}}
  [cases] Case analyses
    [cases] [1/2]: (fun _a => False) = fun _x => True
      [cases] source: E-matching Set.setOf_false
    [cases] [1/2]: (fun _a => False) = fun x => 0 ≤ x.ofLp 0
      [cases] source: E-matching Set.setOf_false
    [cases] [1/2]: (fun _x => True) = fun x => 0 ≤ x.ofLp 0
      [cases] source: E-matching Set.setOf_true
  [ematch] E-matching patterns
    [thm] Multiset.notMem_zero: [@Membership.mem #1 _ _ (@OfNat.ofNat _ `[0] _) #0]
    [thm] Multiset.mem_add: [@Membership.mem #3 _ _ (@HAdd.hAdd _ _ _ _ #1 #0) #2]
    [thm] Real.Angle.coe_pi_add_coe_pi: [@HAdd.hAdd `[Real.Angle] `[Real.Angle] `[Real.Angle] `[instHAdd] `[↑Real.pi] `[↑Real.pi]]
    [thm] Set.mem_setOf_eq: [@Membership.mem #2 _ _ (@setOf _ #0) #1]
    [thm] Set.setOf_true: [@setOf #0 _]
    [thm] Set.setOf_false: [@setOf #0 _]
    [thm] h: [@IsOpen `[{ x // x ∈ {x | 0 ≤ x.ofLp 0} }] `[DTop] #3,
         @Membership.mem `[X] `[Set X] `[Set.instMembership] #4 `[x]]
    [thm] h: [@IsOpen `[X] `[DTop] #4, @IsOpen `[{ x // x ∈ {x | 0 ≤ x.ofLp 0} }] `[DTop] #3]
    [thm] Set.mem_univ: [@Membership.mem #1 _ _ (@Set.univ _) #0]
    [thm] Set.mem_empty_iff_false: [@Membership.mem #1 _ _ (@EmptyCollection.emptyCollection _ _) #0]
  [cutsat] Assignment satisfying linear constraints
    [assign] n := 3
[grind] Diagnostics
  [thm] E-Matching instances
    [thm] Set.setOf_false ↦ 2
    [thm] Set.setOf_true ↦ 2
  [cases] Cases instances
    [cases] PUnit ↦ 1
[2026-01-13 05:48:08] [INFO] Proof verification completed
[2026-01-13 05:48:08] [INFO] Strategy grind attempt 1: verified=False
[2026-01-13 05:48:08] [INFO] Verification message: Cannot build modified file: <error line="86" column="2">
<code_line>  grind⟩</code_line>
<message>error: `grind` failed</message>
</error>
case grind.1.1.1
n : ℕ
X : Type u_1
inst : Zero (Fin n)
inst_1 : DiffeologicalSpace X
hm : LocallyModelled (fun x => WithLp 2 (Fin n → ℝ)) X
x : X
u : Set X
hu : IsOpen u
hxu : x ∈ u
v : Set (WithLp 2 (Fin n → ℝ))
hv : IsOpen v
d : { x // x ∈ u } ᵈ≃ { x // x ∈ v }
h :
  ∀ (a : Set X) (a_1 : Set { x // x ∈ {x | 0 ≤ x.ofLp 0} }),
    IsOpen a_1 → Nonempty ({ x // x ∈ a } ᵈ≃ { x // x ∈ a_1 }) → x ∈ a → ¬IsOpen a
h_1 : {_a | False} = Set.univ
h_2 : {_a | False} = fun x => 0 ≤ x.ofLp 0
h_3 : {_x | True} = fun x => 0 ≤ x.ofLp 0
⊢ False
[grind] Goal diagnostics
  [facts] Asserted facts
    [prop] LocallyModelled (fun x => WithLp 2 (Fin n → ℝ)) X
    [prop] IsOpen u
    [prop] x ∈ u
    [prop] IsOpen v
    [prop] ∀ (a : Set X) (a_1 : Set { x // x ∈ {x | 0 ≤ x.ofLp 0} }),
          IsOpen a_1 → Nonempty ({ x // x ∈ a } ᵈ≃ { x // x ∈ a_1 }) → x ∈ a → ¬IsOpen a
    [prop] {_x | True} = Set.univ
    [prop] {_a | False} = ∅
    [prop] {_x | True} = Set.univ
    [prop] {_a | False} = ∅
    [prop] {_a | False} = Set.univ
    [prop] {_a | False} = fun x => 0 ≤ x.ofLp 0
    [prop] {_x | True} = fun x => 0 ≤ x.ofLp 0
  [eqc] True propositions
    [prop] (1 + 1).AtLeastTwo
    [prop] IsOpen v
    [prop] IsOpen u
    [prop] LocallyModelled (fun x => WithLp 2 (Fin n → ℝ)) X
    [prop] x ∈ u
    [prop] ∀ (a : Set X) (a_1 : Set { x // x ∈ {x | 0 ≤ x.ofLp 0} }),
          IsOpen a_1 → Nonempty ({ x // x ∈ a } ᵈ≃ { x // x ∈ a_1 }) → x ∈ a → ¬IsOpen a
  [eqc] Equivalence classes
    [eqc] {Membership.mem {x | 0 ≤ x.ofLp 0}, fun x => x ∈ {x | 0 ≤ x.ofLp 0}}
    [eqc] {fun x => 0 ≤ x.ofLp 0, Set.univ, ∅, {_a | False}, {_x | True}}
  [cases] Case analyses
    [cases] [1/2]: (fun _a => False) = fun _x => True
      [cases] source: E-matching Set.setOf_false
    [cases] [1/2]: (fun _a => False) = fun x => 0 ≤ x.ofLp 0
      [cases] source: E-matching Set.setOf_false
    [cases] [1/2]: (fun _x => True) = fun x => 0 ≤ x.ofLp 0
      [cases] source: E-matching Set.setOf_true
  [ematch] E-matching patterns
    [thm] Multiset.notMem_zero: [@Membership.mem #1 _ _ (@OfNat.ofNat _ `[0] _) #0]
    [thm] Multiset.mem_add: [@Membership.mem #3 _ _ (@HAdd.hAdd _ _ _ _ #1 #0) #2]
    [thm] Real.Angle.coe_pi_add_coe_pi: [@HAdd.hAdd `[Real.Angle] `[Real.Angle] `[Real.Angle] `[instHAdd] `[↑Real.pi] `[↑Real.pi]]
    [thm] Set.mem_setOf_eq: [@Membership.mem #2 _ _ (@setOf _ #0) #1]
    [thm] Set.setOf_true: [@setOf #0 _]
    [thm] Set.setOf_false: [@setOf #0 _]
    [thm] h: [@IsOpen `[{ x // x ∈ {x | 0 ≤ x.ofLp 0} }] `[DTop] #3,
         @Membership.mem `[X] `[Set X] `[Set.instMembership] #4 `[x]]
    [thm] h: [@IsOpen `[X] `[DTop] #4, @IsOpen `[{ x // x ∈ {x | 0 ≤ x.ofLp 0} }] `[DTop] #3]
    [thm] Set.mem_univ: [@Membership.mem #1 _ _ (@Set.univ _) #0]
    [thm] Set.mem_empty_iff_false: [@Membership.mem #1 _ _ (@EmptyCollection.emptyCollection _ _) #0]
  [cutsat] Assignment satisfying linear constraints
    [assign] n := 3
[grind] Diagnostics
  [thm] E-Matching instances
    [thm] Set.setOf_false ↦ 2
    [thm] Set.setOf_true ↦ 2
  [cases] Cases instances
    [cases] PUnit ↦ 1

[2026-01-13 05:48:08] [INFO] Attempt 1 failed verification, continuing...
[2026-01-13 05:48:08] [INFO] ========================================
[2026-01-13 05:48:08] [INFO] Trying strategy: ring (up to 1 attempts)
[2026-01-13 05:48:08] [INFO] --------------------
[2026-01-13 05:48:08] [INFO] Strategy ring, attempt 1/1
[2026-01-13 05:48:08] [INFO] Starting proof generation...
[2026-01-13 05:48:08] [INFO] Repository path: /root/repo
[2026-01-13 05:48:08] [INFO] Proof generation completed
[2026-01-13 05:48:08] [INFO] Generated proof:
[2026-01-13 05:48:08] [INFO] ring
[2026-01-13 05:48:08] [INFO] Proof length: 4 chars
[2026-01-13 05:48:08] [INFO] Starting proof verification...
[2026-01-13 05:48:08] [INFO] Verifying at: CatDG/Diffeology/LocallyModelled.lean:86
[2026-01-13 05:48:08] [INFO] Using LEAN INTERACT verify
[2026-01-13 05:48:08] [INFO] Checking file
[2026-01-13 05:48:24] [INFO] Cannot build modified file <error line="86" column="2">
<code_line>  ring⟩</code_line>
<message>error: ring_nf made no progress on goal</message>
</error>
[2026-01-13 05:48:24] [INFO] Proof verification completed
[2026-01-13 05:48:24] [INFO] Strategy ring attempt 1: verified=False
[2026-01-13 05:48:24] [INFO] Verification message: Cannot build modified file: <error line="86" column="2">
<code_line>  ring⟩</code_line>
<message>error: ring_nf made no progress on goal</message>
</error>

[2026-01-13 05:48:24] [INFO] Attempt 1 failed verification, continuing...
[2026-01-13 05:48:24] [INFO] ========================================
[2026-01-13 05:48:24] [INFO] Trying strategy: norm_num (up to 1 attempts)
[2026-01-13 05:48:24] [INFO] --------------------
[2026-01-13 05:48:24] [INFO] Strategy norm_num, attempt 1/1
[2026-01-13 05:48:24] [INFO] Starting proof generation...
[2026-01-13 05:48:24] [INFO] Repository path: /root/repo
[2026-01-13 05:48:24] [INFO] Proof generation completed
[2026-01-13 05:48:24] [INFO] Generated proof:
[2026-01-13 05:48:24] [INFO] norm_num
[2026-01-13 05:48:24] [INFO] Proof length: 8 chars
[2026-01-13 05:48:24] [INFO] Starting proof verification...
[2026-01-13 05:48:24] [INFO] Verifying at: CatDG/Diffeology/LocallyModelled.lean:86
[2026-01-13 05:48:24] [INFO] Using LEAN INTERACT verify
[2026-01-13 05:48:24] [INFO] Checking file
[2026-01-13 05:48:37] [INFO] Cannot build modified file <error line="83" column="80">
<code_line>    [hm : IsDiffeologicalManifold n X] : IsManifoldWithBoundary n X := ⟨fun x ↦ by</code_line>
<message>error: unsolved goals</message>
</error>
n : ℕ
X : Type u_1
inst✝¹ : Zero (Fin n)
inst✝ : DiffeologicalSpace X
hm : IsDiffeologicalManifold n X
x : X
u : Set X
hu : IsOpen u
hxu : x ∈ u
i : Unit
v : Set (Eucl n)
hv : IsOpen v
d : ↑u ᵈ≃ ↑v
⊢ ∃ u, IsOpen u ∧ x ∈ u ∧ ∃ v, IsOpen v ∧ Nonempty (↑u ᵈ≃ ↑v)
[2026-01-13 05:48:37] [INFO] Proof verification completed
[2026-01-13 05:48:37] [INFO] Strategy norm_num attempt 1: verified=False
[2026-01-13 05:48:37] [INFO] Verification message: Cannot build modified file: <error line="83" column="80">
<code_line>    [hm : IsDiffeologicalManifold n X] : IsManifoldWithBoundary n X := ⟨fun x ↦ by</code_line>
<message>error: unsolved goals</message>
</error>
n : ℕ
X : Type u_1
inst✝¹ : Zero (Fin n)
inst✝ : DiffeologicalSpace X
hm : IsDiffeologicalManifold n X
x : X
u : Set X
hu : IsOpen u
hxu : x ∈ u
i : Unit
v : Set (Eucl n)
hv : IsOpen v
d : ↑u ᵈ≃ ↑v
⊢ ∃ u, IsOpen u ∧ x ∈ u ∧ ∃ v, IsOpen v ∧ Nonempty (↑u ᵈ≃ ↑v)

[2026-01-13 05:48:37] [INFO] Attempt 1 failed verification, continuing...
[2026-01-13 05:48:37] [INFO] ========================================
[2026-01-13 05:48:37] [INFO] Trying strategy: omega (up to 1 attempts)
[2026-01-13 05:48:37] [INFO] --------------------
[2026-01-13 05:48:37] [INFO] Strategy omega, attempt 1/1
[2026-01-13 05:48:37] [INFO] Starting proof generation...
[2026-01-13 05:48:37] [INFO] Repository path: /root/repo
[2026-01-13 05:48:37] [INFO] Proof generation completed
[2026-01-13 05:48:37] [INFO] Generated proof:
[2026-01-13 05:48:37] [INFO] omega
[2026-01-13 05:48:37] [INFO] Proof length: 5 chars
[2026-01-13 05:48:37] [INFO] Starting proof verification...
[2026-01-13 05:48:37] [INFO] Verifying at: CatDG/Diffeology/LocallyModelled.lean:86
[2026-01-13 05:48:37] [INFO] Using LEAN INTERACT verify
[2026-01-13 05:48:37] [INFO] Checking file
[2026-01-13 05:48:51] [INFO] Cannot build modified file <error line="86" column="2">
<code_line>  omega⟩</code_line>
<message>error: omega could not prove the goal:</message>
</error>
No usable constraints found. You may need to unfold definitions so `omega` can see linear arithmetic facts about `Nat` and `Int`, which may also involve multiplication, division, and modular remainder by constants.
[2026-01-13 05:48:51] [INFO] Proof verification completed
[2026-01-13 05:48:51] [INFO] Strategy omega attempt 1: verified=False
[2026-01-13 05:48:51] [INFO] Verification message: Cannot build modified file: <error line="86" column="2">
<code_line>  omega⟩</code_line>
<message>error: omega could not prove the goal:</message>
</error>
No usable constraints found. You may need to unfold definitions so `omega` can see linear arithmetic facts about `Nat` and `Int`, which may also involve multiplication, division, and modular remainder by constants.

[2026-01-13 05:48:51] [INFO] Attempt 1 failed verification, continuing...
[2026-01-13 05:48:51] [INFO] ========================================
[2026-01-13 05:48:51] [INFO] Trying strategy: linarith (up to 1 attempts)
[2026-01-13 05:48:51] [INFO] --------------------
[2026-01-13 05:48:51] [INFO] Strategy linarith, attempt 1/1
[2026-01-13 05:48:51] [INFO] Starting proof generation...
[2026-01-13 05:48:51] [INFO] Repository path: /root/repo
[2026-01-13 05:48:51] [INFO] Proof generation completed
[2026-01-13 05:48:51] [INFO] Generated proof:
[2026-01-13 05:48:51] [INFO] linarith
[2026-01-13 05:48:51] [INFO] Proof length: 8 chars
[2026-01-13 05:48:51] [INFO] Starting proof verification...
[2026-01-13 05:48:51] [INFO] Verifying at: CatDG/Diffeology/LocallyModelled.lean:86
[2026-01-13 05:48:51] [INFO] Using LEAN INTERACT verify
[2026-01-13 05:48:51] [INFO] Checking file
[2026-01-13 05:49:03] [INFO] Cannot build modified file <error line="86" column="2">
<code_line>  linarith⟩</code_line>
<message>error: linarith failed to find a contradiction</message>
</error>
n : ℕ
X : Type u_1
inst✝¹ : Zero (Fin n)
inst✝ : DiffeologicalSpace X
hm : IsDiffeologicalManifold n X
x : X
u : Set X
hu : IsOpen u
hxu : x ∈ u
i : Unit
v : Set (Eucl n)
hv : IsOpen v
d : ↑u ᵈ≃ ↑v
⊢ False
failed
[2026-01-13 05:49:03] [INFO] Proof verification completed
[2026-01-13 05:49:03] [INFO] Strategy linarith attempt 1: verified=False
[2026-01-13 05:49:03] [INFO] Verification message: Cannot build modified file: <error line="86" column="2">
<code_line>  linarith⟩</code_line>
<message>error: linarith failed to find a contradiction</message>
</error>
n : ℕ
X : Type u_1
inst✝¹ : Zero (Fin n)
inst✝ : DiffeologicalSpace X
hm : IsDiffeologicalManifold n X
x : X
u : Set X
hu : IsOpen u
hxu : x ∈ u
i : Unit
v : Set (Eucl n)
hv : IsOpen v
d : ↑u ᵈ≃ ↑v
⊢ False
failed

[2026-01-13 05:49:03] [INFO] Attempt 1 failed verification, continuing...
[2026-01-13 05:49:03] [INFO] ========================================
[2026-01-13 05:49:03] [INFO] Trying strategy: nlinarith (up to 1 attempts)
[2026-01-13 05:49:03] [INFO] --------------------
[2026-01-13 05:49:03] [INFO] Strategy nlinarith, attempt 1/1
[2026-01-13 05:49:03] [INFO] Starting proof generation...
[2026-01-13 05:49:03] [INFO] Repository path: /root/repo
[2026-01-13 05:49:03] [INFO] Proof generation completed
[2026-01-13 05:49:03] [INFO] Generated proof:
[2026-01-13 05:49:03] [INFO] nlinarith
[2026-01-13 05:49:03] [INFO] Proof length: 9 chars
[2026-01-13 05:49:03] [INFO] Starting proof verification...
[2026-01-13 05:49:03] [INFO] Verifying at: CatDG/Diffeology/LocallyModelled.lean:86
[2026-01-13 05:49:03] [INFO] Using LEAN INTERACT verify
[2026-01-13 05:49:03] [INFO] Checking file
[2026-01-13 05:49:15] [INFO] Cannot build modified file <error line="86" column="2">
<code_line>  nlinarith⟩</code_line>
<message>error: linarith failed to find a contradiction</message>
</error>
n : ℕ
X : Type u_1
inst✝¹ : Zero (Fin n)
inst✝ : DiffeologicalSpace X
hm : IsDiffeologicalManifold n X
x : X
u : Set X
hu : IsOpen u
hxu : x ∈ u
i : Unit
v : Set (Eucl n)
hv : IsOpen v
d : ↑u ᵈ≃ ↑v
⊢ False
failed
[2026-01-13 05:49:15] [INFO] Proof verification completed
[2026-01-13 05:49:15] [INFO] Strategy nlinarith attempt 1: verified=False
[2026-01-13 05:49:15] [INFO] Verification message: Cannot build modified file: <error line="86" column="2">
<code_line>  nlinarith⟩</code_line>
<message>error: linarith failed to find a contradiction</message>
</error>
n : ℕ
X : Type u_1
inst✝¹ : Zero (Fin n)
inst✝ : DiffeologicalSpace X
hm : IsDiffeologicalManifold n X
x : X
u : Set X
hu : IsOpen u
hxu : x ∈ u
i : Unit
v : Set (Eucl n)
hv : IsOpen v
d : ↑u ᵈ≃ ↑v
⊢ False
failed

[2026-01-13 05:49:15] [INFO] Attempt 1 failed verification, continuing...
[2026-01-13 05:49:15] [INFO] ========================================
[2026-01-13 05:49:15] [INFO] Trying strategy: aesop (up to 1 attempts)
[2026-01-13 05:49:15] [INFO] --------------------
[2026-01-13 05:49:15] [INFO] Strategy aesop, attempt 1/1
[2026-01-13 05:49:15] [INFO] Starting proof generation...
[2026-01-13 05:49:15] [INFO] Repository path: /root/repo
[2026-01-13 05:49:15] [INFO] Proof generation completed
[2026-01-13 05:49:15] [INFO] Generated proof:
[2026-01-13 05:49:15] [INFO] aesop
[2026-01-13 05:49:15] [INFO] Proof length: 5 chars
[2026-01-13 05:49:15] [INFO] Starting proof verification...
[2026-01-13 05:49:15] [INFO] Verifying at: CatDG/Diffeology/LocallyModelled.lean:86
[2026-01-13 05:49:15] [INFO] Using LEAN INTERACT verify
[2026-01-13 05:49:15] [INFO] Checking file
[2026-01-13 05:49:33] [INFO] Cannot build modified file <error line="83" column="80">
<code_line>    [hm : IsDiffeologicalManifold n X] : IsManifoldWithBoundary n X := ⟨fun x ↦ by</code_line>
<message>error: unsolved goals</message>
</error>
n : ℕ
X : Type u_1
inst : Zero (Fin n)
inst_1 : DiffeologicalSpace X
hm : IsDiffeologicalManifold n X
x : X
u : Set X
hu : IsOpen u
hxu : x ∈ u
i : Unit
v : Set (Eucl n)
hv : IsOpen v
d : ↑u ᵈ≃ ↑v
⊢ ∃ u, IsOpen u ∧ x ∈ u ∧ ∃ v, IsOpen v ∧ Nonempty (↑u ᵈ≃ ↑v)
[2026-01-13 05:49:33] [INFO] Proof verification completed
[2026-01-13 05:49:33] [INFO] Strategy aesop attempt 1: verified=False
[2026-01-13 05:49:33] [INFO] Verification message: Cannot build modified file: <error line="83" column="80">
<code_line>    [hm : IsDiffeologicalManifold n X] : IsManifoldWithBoundary n X := ⟨fun x ↦ by</code_line>
<message>error: unsolved goals</message>
</error>
n : ℕ
X : Type u_1
inst : Zero (Fin n)
inst_1 : DiffeologicalSpace X
hm : IsDiffeologicalManifold n X
x : X
u : Set X
hu : IsOpen u
hxu : x ∈ u
i : Unit
v : Set (Eucl n)
hv : IsOpen v
d : ↑u ᵈ≃ ↑v
⊢ ∃ u, IsOpen u ∧ x ∈ u ∧ ∃ v, IsOpen v ∧ Nonempty (↑u ᵈ≃ ↑v)

[2026-01-13 05:49:33] [INFO] Attempt 1 failed verification, continuing...
[2026-01-13 05:49:33] [INFO] ========================================
[2026-01-13 05:49:33] [INFO] Pass@k completed. Total results: 1
[2026-01-13 05:49:33] [INFO] FAILED: All 11 strategies x 1 attempts
[2026-01-13 05:49:33] [INFO] Writing results to file: /root/repo/result.json
[2026-01-13 05:49:33] [INFO] Result file written successfully
[2026-01-13 05:49:33] [INFO] Results exported to: /root/repo/result.json
[2026-01-13 05:49:33] [INFO] run_morphcloud_local.py completed successfully

[2026-01-13 05:49:33] [process_single_sorry] Downloading result file...
[2026-01-13 05:49:34] [process_single_sorry] Downloaded result to intermediate_experiment_outputs_full_reservoir_3_months/multi_tactic/2026-01-13_01-27-45_multi_tactic/individual/1e66907bfaec04d5a0799c72155431bbe9d4eff248cd5265ee5f6aebd8749945.json
[2026-01-13 05:49:37] [process_single_sorry] Instance context closed successfully
[2026-01-13 05:49:37] [process_single_sorry] Parsing result file...
[2026-01-13 05:49:37] [process_single_sorry] Successfully parsed result (list format, 1 results)
