[2026-01-13 01:38:41] [process_single_sorry] Starting for sorry 284cca073fbdef723ee4c3bda27efd4eb71745a94f0eaf4e70881b52c3350821
[2026-01-13 01:38:41] [process_single_sorry] Using snapshot: snapshot_95e7fpes
[2026-01-13 01:38:41] [process_single_sorry] Repository: https://github.com/rkirov/category-theory-in-context-lean@0c3d7da4c6d640d8c91d2d645837ee0458647e91
[2026-01-13 01:38:41] [process_single_sorry] Instance name: category-theory-in-context-lean_0c3d7da4c6d6_multi_tactic_284cca073fbdef723ee4c3bda27efd4eb71745a94f0eaf4e70881b52c3350821
[2026-01-13 01:38:41] [process_single_sorry] Starting attempt 1/3
[2026-01-13 01:38:41] [process_single_sorry] Starting instance from snapshot...
[2026-01-13 01:38:41] [process_single_sorry] Instance started successfully: morphvm_p67sf2nl
[2026-01-13 01:38:41] [process_single_sorry] Creating .env file...
[2026-01-13 01:38:45] [process_single_sorry] .env file created (exit_code: 0)
[2026-01-13 01:38:45] [process_single_sorry] Executing agent command...
[2026-01-13 01:40:49] [process_single_sorry] Agent command completed (exit_code: 0)
[2026-01-13 01:40:49] [process_single_sorry] STDOUT:

Results JSON:
[
  {
    "sorry": {
      "repo": {
        "remote": "https://github.com/rkirov/category-theory-in-context-lean",
        "branch": "solutions",
        "commit": "0c3d7da4c6d640d8c91d2d645837ee0458647e91",
        "lean_version": "v4.24.0-rc1"
      },
      "location": {
        "path": "CategoryTheoryInContextLean/Section_1_3.lean",
        "start_line": 237,
        "start_column": 66,
        "end_line": 237,
        "end_column": 71
      },
      "debug_info": {
        "goal": "α : Type u_1\nβ : Type u_2\ninst✝¹ : Group α\ninst✝ : Group β\nF : @CategoryInContext.Functor Unit Unit (Category.Monoid α) (Category.Monoid β)\n⊢ ∃ f, ∀ (x : α), @CategoryInContext.Functor.homF Unit Unit (Category.Monoid α) (Category.Monoid β) F () () x = f x",
        "url": "https://github.com/rkirov/category-theory-in-context-lean/blob/0c3d7da4c6d640d8c91d2d645837ee0458647e91/CategoryTheoryInContextLean/Section_1_3.lean#L237"
      },
      "metadata": {
        "blame_email_hash": "d8813e9a092f",
        "blame_date": "2025-10-15T22:50:27-07:00",
        "inclusion_date": "2026-01-11T01:29:25.950210+00:00"
      },
      "id": "284cca073fbdef723ee4c3bda27efd4eb71745a94f0eaf4e70881b52c3350821"
    },
    "proof": null,
    "proof_verified": false,
    "feedback": null,
    "verification_message": "All 11 attempts failed (11 strategies x 1 attempts each)",
    "success": true,
    "error_type": null,
    "error_message": null,
    "strategy_name": "all_failed_k=1",
    "proof_attempts": [
      "rfl",
      "simp",
      "simp_all",
      "exact?",
      "grind",
      "ring",
      "norm_num",
      "omega",
      "linarith",
      "nlinarith",
      "aesop"
    ]
  }
]

[2026-01-13 01:40:49] [process_single_sorry] STDERR:
None of PyTorch, TensorFlow >= 2.0, or Flax have been found. Models won't be available and only tokenizers, configuration and file/data utilities can be used.
[2026-01-13 01:39:13] [INFO] ================================================================================
[2026-01-13 01:39:13] [INFO] Starting run_morphcloud_local.py
[2026-01-13 01:39:13] [INFO] ================================================================================
[2026-01-13 01:39:13] [INFO] Environment loaded
[2026-01-13 01:39:13] [INFO] Full command: /root/SorryDB/sorrydb/cli/run_morphcloud_local.py --repo-path /root/repo --sorry-json {"repo": {"remote": "https://github.com/rkirov/category-theory-in-context-lean", "branch": "solutions", "commit": "0c3d7da4c6d640d8c91d2d645837ee0458647e91", "lean_version": "v4.24.0-rc1"}, "location": {"path": "CategoryTheoryInContextLean/Section_1_3.lean", "start_line": 237, "start_column": 66, "end_line": 237, "end_column": 71}, "debug_info": {"goal": "\u03b1 : Type u_1\n\u03b2 : Type u_2\ninst\u271d\u00b9 : Group \u03b1\ninst\u271d : Group \u03b2\nF : @CategoryInContext.Functor Unit Unit (Category.Monoid \u03b1) (Category.Monoid \u03b2)\n\u22a2 \u2203 f, \u2200 (x : \u03b1), @CategoryInContext.Functor.homF Unit Unit (Category.Monoid \u03b1) (Category.Monoid \u03b2) F () () x = f x", "url": "https://github.com/rkirov/category-theory-in-context-lean/blob/0c3d7da4c6d640d8c91d2d645837ee0458647e91/CategoryTheoryInContextLean/Section_1_3.lean#L237"}, "metadata": {"blame_email_hash": "d8813e9a092f", "blame_date": "2025-10-15T22:50:27-07:00", "inclusion_date": "2026-01-11T01:29:25.950210+00:00"}, "id": "284cca073fbdef723ee4c3bda27efd4eb71745a94f0eaf4e70881b52c3350821"} --agent-strategy {"name": "multi_tactic", "args": {}}
[2026-01-13 01:39:13] [INFO] Arguments parsed: repo_path=/root/repo, output_path=/root/repo/result.json
[2026-01-13 01:39:13] [INFO] Strategy spec: {"name": "multi_tactic", "args": {}}...
[2026-01-13 01:39:13] [INFO] Loading sorry data...
[2026-01-13 01:39:13] [INFO] Parsing sorry from JSON string...
[2026-01-13 01:39:13] [INFO] Sorry data parsed from JSON string
[2026-01-13 01:39:13] [INFO] Creating strategy from spec...
[2026-01-13 01:39:13] [INFO] Parsing strategy spec (length: 36 chars)
[2026-01-13 01:39:13] [INFO] Strategy name: multi_tactic
[2026-01-13 01:39:13] [INFO] Strategy args: {}
[2026-01-13 01:39:13] [INFO] Pass@k value: 1
[2026-01-13 01:39:13] [INFO] Creating strategy: multi_tactic
[2026-01-13 01:39:13] [INFO] Creating multi_tactic strategy with tactics: ['rfl', 'simp', 'simp_all', 'exact?', 'grind', 'ring', 'norm_num', 'omega', 'linarith', 'nlinarith', 'aesop']
[2026-01-13 01:39:13] [INFO] Strategies created: ['rfl', 'simp', 'simp_all', 'exact?', 'grind', 'ring', 'norm_num', 'omega', 'linarith', 'nlinarith', 'aesop']
[2026-01-13 01:39:13] [INFO] Pass@k value: 1
[2026-01-13 01:39:13] [INFO] Creating Sorry object...
[2026-01-13 01:39:13] [INFO] Sorry object created: id=284cca073fbdef723ee4c3bda27efd4eb71745a94f0eaf4e70881b52c3350821
[2026-01-13 01:39:13] [INFO] Sorry location: CategoryTheoryInContextLean/Section_1_3.lean:237
[2026-01-13 01:39:13] [INFO] Context before sorry (lines 232-237):
[2026-01-13 01:39:13] [INFO]   232: -- exercise 1.3.i
[2026-01-13 01:39:13] [INFO]   233: -- the answer to what is a group homomorphism, but you need to
[2026-01-13 01:39:13] [INFO]   234: -- provide the proof.
[2026-01-13 01:39:13] [INFO]   235: theorem group_cat_functor {α β : Type*} [Group α] [Group β]
[2026-01-13 01:39:13] [INFO]   236:     (F : @Functor Unit Unit (Category.Monoid α) (Category.Monoid β)) :
[2026-01-13 01:39:13] [INFO]   237:     ∃ f: α →* β, ∀ x: α, F.homF (X := ()) (Y := ()) x = f x := by sorry
[2026-01-13 01:39:13] [INFO] Sorry line:     ∃ f: α →* β, ∀ x: α, F.homF (X := ()) (Y := ()) x = f x := by sorry
[2026-01-13 01:39:13] [INFO] Sorry goal: α : Type u_1
β : Type u_2
inst✝¹ : Group α
inst✝ : Group β
F : @CategoryInContext.Functor Unit Unit ...
[2026-01-13 01:39:13] [INFO] ========================================
[2026-01-13 01:39:13] [INFO] Trying strategy: rfl (up to 1 attempts)
[2026-01-13 01:39:13] [INFO] --------------------
[2026-01-13 01:39:13] [INFO] Strategy rfl, attempt 1/1
[2026-01-13 01:39:13] [INFO] Starting proof generation...
[2026-01-13 01:39:13] [INFO] Repository path: /root/repo
[2026-01-13 01:39:13] [INFO] Proof generation completed
[2026-01-13 01:39:13] [INFO] Generated proof:
[2026-01-13 01:39:13] [INFO] rfl
[2026-01-13 01:39:13] [INFO] Proof length: 3 chars
[2026-01-13 01:39:13] [INFO] Starting proof verification...
[2026-01-13 01:39:13] [INFO] Verifying at: CategoryTheoryInContextLean/Section_1_3.lean:237
[2026-01-13 01:39:13] [INFO] Using LEAN INTERACT verify
[2026-01-13 01:39:13] [INFO] Checking file
[2026-01-13 01:39:36] [INFO] Cannot build modified file <error line="237" column="66">
<code_line>    ∃ f: α →* β, ∀ x: α, F.homF (X := ()) (Y := ()) x = f x := by rfl</code_line>
<message>error: Tactic `rfl` failed: The left-hand side</message>
</error>
  α →* β
is not definitionally equal to the right-hand side
  fun f => ∀ (x : α), Functor.homF x = f x

α : Type u_1
β : Type u_2
inst✝¹ : Group α
inst✝ : Group β
F : Functor Unit Unit
⊢ ∃ f, ∀ (x : α), Functor.homF x = f x
[2026-01-13 01:39:36] [INFO] Proof verification completed
[2026-01-13 01:39:36] [INFO] Strategy rfl attempt 1: verified=False
[2026-01-13 01:39:36] [INFO] Verification message: Cannot build modified file: <error line="237" column="66">
<code_line>    ∃ f: α →* β, ∀ x: α, F.homF (X := ()) (Y := ()) x = f x := by rfl</code_line>
<message>error: Tactic `rfl` failed: The left-hand side</message>
</error>
  α →* β
is not definitionally equal to the right-hand side
  fun f => ∀ (x : α), Functor.homF x = f x

α : Type u_1
β : Type u_2
inst✝¹ : Group α
inst✝ : Group β
F : Functor Unit Unit
⊢ ∃ f, ∀ (x : α), Functor.homF x = f x

[2026-01-13 01:39:36] [INFO] Attempt 1 failed verification, continuing...
[2026-01-13 01:39:36] [INFO] ========================================
[2026-01-13 01:39:36] [INFO] Trying strategy: simp (up to 1 attempts)
[2026-01-13 01:39:36] [INFO] --------------------
[2026-01-13 01:39:36] [INFO] Strategy simp, attempt 1/1
[2026-01-13 01:39:36] [INFO] Starting proof generation...
[2026-01-13 01:39:36] [INFO] Repository path: /root/repo
[2026-01-13 01:39:36] [INFO] Proof generation completed
[2026-01-13 01:39:36] [INFO] Generated proof:
[2026-01-13 01:39:36] [INFO] simp
[2026-01-13 01:39:36] [INFO] Proof length: 4 chars
[2026-01-13 01:39:36] [INFO] Starting proof verification...
[2026-01-13 01:39:36] [INFO] Verifying at: CategoryTheoryInContextLean/Section_1_3.lean:237
[2026-01-13 01:39:36] [INFO] Using LEAN INTERACT verify
[2026-01-13 01:39:36] [INFO] Checking file
[2026-01-13 01:39:43] [INFO] Cannot build modified file <error line="237" column="66">
<code_line>    ∃ f: α →* β, ∀ x: α, F.homF (X := ()) (Y := ()) x = f x := by simp</code_line>
<message>error: `simp` made no progress</message>
</error>
[2026-01-13 01:39:43] [INFO] Proof verification completed
[2026-01-13 01:39:43] [INFO] Strategy simp attempt 1: verified=False
[2026-01-13 01:39:43] [INFO] Verification message: Cannot build modified file: <error line="237" column="66">
<code_line>    ∃ f: α →* β, ∀ x: α, F.homF (X := ()) (Y := ()) x = f x := by simp</code_line>
<message>error: `simp` made no progress</message>
</error>

[2026-01-13 01:39:43] [INFO] Attempt 1 failed verification, continuing...
[2026-01-13 01:39:43] [INFO] ========================================
[2026-01-13 01:39:43] [INFO] Trying strategy: simp_all (up to 1 attempts)
[2026-01-13 01:39:43] [INFO] --------------------
[2026-01-13 01:39:43] [INFO] Strategy simp_all, attempt 1/1
[2026-01-13 01:39:43] [INFO] Starting proof generation...
[2026-01-13 01:39:43] [INFO] Repository path: /root/repo
[2026-01-13 01:39:43] [INFO] Proof generation completed
[2026-01-13 01:39:43] [INFO] Generated proof:
[2026-01-13 01:39:43] [INFO] simp_all
[2026-01-13 01:39:43] [INFO] Proof length: 8 chars
[2026-01-13 01:39:43] [INFO] Starting proof verification...
[2026-01-13 01:39:43] [INFO] Verifying at: CategoryTheoryInContextLean/Section_1_3.lean:237
[2026-01-13 01:39:43] [INFO] Using LEAN INTERACT verify
[2026-01-13 01:39:43] [INFO] Checking file
[2026-01-13 01:39:49] [INFO] Cannot build modified file <error line="237" column="66">
<code_line>    ∃ f: α →* β, ∀ x: α, F.homF (X := ()) (Y := ()) x = f x := by simp_all</code_line>
<message>error: simp_all made no progress</message>
</error>
[2026-01-13 01:39:49] [INFO] Proof verification completed
[2026-01-13 01:39:49] [INFO] Strategy simp_all attempt 1: verified=False
[2026-01-13 01:39:49] [INFO] Verification message: Cannot build modified file: <error line="237" column="66">
<code_line>    ∃ f: α →* β, ∀ x: α, F.homF (X := ()) (Y := ()) x = f x := by simp_all</code_line>
<message>error: simp_all made no progress</message>
</error>

[2026-01-13 01:39:49] [INFO] Attempt 1 failed verification, continuing...
[2026-01-13 01:39:49] [INFO] ========================================
[2026-01-13 01:39:49] [INFO] Trying strategy: exact? (up to 1 attempts)
[2026-01-13 01:39:49] [INFO] --------------------
[2026-01-13 01:39:49] [INFO] Strategy exact?, attempt 1/1
[2026-01-13 01:39:49] [INFO] Starting proof generation...
[2026-01-13 01:39:49] [INFO] Repository path: /root/repo
[2026-01-13 01:39:49] [INFO] Proof generation completed
[2026-01-13 01:39:49] [INFO] Generated proof:
[2026-01-13 01:39:49] [INFO] exact?
[2026-01-13 01:39:49] [INFO] Proof length: 6 chars
[2026-01-13 01:39:49] [INFO] Starting proof verification...
[2026-01-13 01:39:49] [INFO] Verifying at: CategoryTheoryInContextLean/Section_1_3.lean:237
[2026-01-13 01:39:49] [INFO] Using LEAN INTERACT verify
[2026-01-13 01:39:49] [INFO] Checking file
[2026-01-13 01:40:06] [INFO] Cannot build modified file <error line="237" column="66">
<code_line>    ∃ f: α →* β, ∀ x: α, F.homF (X := ()) (Y := ()) x = f x := by exact?</code_line>
<message>error: `exact?` could not close the goal. Try `apply?` to see partial suggestions.</message>
</error>
[2026-01-13 01:40:06] [INFO] Proof verification completed
[2026-01-13 01:40:06] [INFO] Strategy exact? attempt 1: verified=False
[2026-01-13 01:40:06] [INFO] Verification message: Cannot build modified file: <error line="237" column="66">
<code_line>    ∃ f: α →* β, ∀ x: α, F.homF (X := ()) (Y := ()) x = f x := by exact?</code_line>
<message>error: `exact?` could not close the goal. Try `apply?` to see partial suggestions.</message>
</error>

[2026-01-13 01:40:06] [INFO] Attempt 1 failed verification, continuing...
[2026-01-13 01:40:06] [INFO] ========================================
[2026-01-13 01:40:06] [INFO] Trying strategy: grind (up to 1 attempts)
[2026-01-13 01:40:06] [INFO] --------------------
[2026-01-13 01:40:06] [INFO] Strategy grind, attempt 1/1
[2026-01-13 01:40:06] [INFO] Starting proof generation...
[2026-01-13 01:40:06] [INFO] Repository path: /root/repo
[2026-01-13 01:40:06] [INFO] Proof generation completed
[2026-01-13 01:40:06] [INFO] Generated proof:
[2026-01-13 01:40:06] [INFO] grind
[2026-01-13 01:40:06] [INFO] Proof length: 5 chars
[2026-01-13 01:40:06] [INFO] Starting proof verification...
[2026-01-13 01:40:06] [INFO] Verifying at: CategoryTheoryInContextLean/Section_1_3.lean:237
[2026-01-13 01:40:06] [INFO] Using LEAN INTERACT verify
[2026-01-13 01:40:06] [INFO] Checking file
[2026-01-13 01:40:13] [INFO] Cannot build modified file <error line="237" column="66">
<code_line>    ∃ f: α →* β, ∀ x: α, F.homF (X := ()) (Y := ()) x = f x := by grind</code_line>
<message>error: `grind` failed</message>
</error>
case grind
α : Type u_1
β : Type u_2
inst : Group α
inst_1 : Group β
F : Functor PUnit.{1} PUnit.{1}
h : ∀ (a : α →* β), ¬∀ (x : α), Functor.homF x = a x
⊢ False
[grind] Goal diagnostics
  [facts] Asserted facts
    [prop] ∀ (a : α →* β), ¬∀ (x : α), Functor.homF x = a x
  [eqc] True propositions
    [prop] ∀ (a : α →* β), ¬∀ (x : α), Functor.homF x = a x
[grind] Issues
  [issue] failed to create E-match local theorem for
        ∀ (a : α →* β), ¬∀ (x : α), Functor.homF x = a x
[2026-01-13 01:40:13] [INFO] Proof verification completed
[2026-01-13 01:40:13] [INFO] Strategy grind attempt 1: verified=False
[2026-01-13 01:40:13] [INFO] Verification message: Cannot build modified file: <error line="237" column="66">
<code_line>    ∃ f: α →* β, ∀ x: α, F.homF (X := ()) (Y := ()) x = f x := by grind</code_line>
<message>error: `grind` failed</message>
</error>
case grind
α : Type u_1
β : Type u_2
inst : Group α
inst_1 : Group β
F : Functor PUnit.{1} PUnit.{1}
h : ∀ (a : α →* β), ¬∀ (x : α), Functor.homF x = a x
⊢ False
[grind] Goal diagnostics
  [facts] Asserted facts
    [prop] ∀ (a : α →* β), ¬∀ (x : α), Functor.homF x = a x
  [eqc] True propositions
    [prop] ∀ (a : α →* β), ¬∀ (x : α), Functor.homF x = a x
[grind] Issues
  [issue] failed to create E-match local theorem for
        ∀ (a : α →* β), ¬∀ (x : α), Functor.homF x = a x

[2026-01-13 01:40:13] [INFO] Attempt 1 failed verification, continuing...
[2026-01-13 01:40:13] [INFO] ========================================
[2026-01-13 01:40:13] [INFO] Trying strategy: ring (up to 1 attempts)
[2026-01-13 01:40:13] [INFO] --------------------
[2026-01-13 01:40:13] [INFO] Strategy ring, attempt 1/1
[2026-01-13 01:40:13] [INFO] Starting proof generation...
[2026-01-13 01:40:13] [INFO] Repository path: /root/repo
[2026-01-13 01:40:13] [INFO] Proof generation completed
[2026-01-13 01:40:13] [INFO] Generated proof:
[2026-01-13 01:40:13] [INFO] ring
[2026-01-13 01:40:13] [INFO] Proof length: 4 chars
[2026-01-13 01:40:13] [INFO] Starting proof verification...
[2026-01-13 01:40:13] [INFO] Verifying at: CategoryTheoryInContextLean/Section_1_3.lean:237
[2026-01-13 01:40:13] [INFO] Using LEAN INTERACT verify
[2026-01-13 01:40:13] [INFO] Checking file
[2026-01-13 01:40:19] [INFO] Cannot build modified file <error line="237" column="67">
<code_line>    ∃ f: α →* β, ∀ x: α, F.homF (X := ()) (Y := ()) x = f x := by ring</code_line>
<message>error: unknown tactic</message>
</error>
<error line="237" column="63">
<code_line>    ∃ f: α →* β, ∀ x: α, F.homF (X := ()) (Y := ()) x = f x := by ring</code_line>
<message>error: unsolved goals</message>
</error>
α : Type u_1
β : Type u_2
inst✝¹ : Group α
inst✝ : Group β
F : Functor Unit Unit
⊢ ∃ f, ∀ (x : α), Functor.homF x = f x
[2026-01-13 01:40:19] [INFO] Proof verification completed
[2026-01-13 01:40:19] [INFO] Strategy ring attempt 1: verified=False
[2026-01-13 01:40:19] [INFO] Verification message: Cannot build modified file: <error line="237" column="67">
<code_line>    ∃ f: α →* β, ∀ x: α, F.homF (X := ()) (Y := ()) x = f x := by ring</code_line>
<message>error: unknown tactic</message>
</error>
<error line="237" column="63">
<code_line>    ∃ f: α →* β, ∀ x: α, F.homF (X := ()) (Y := ()) x = f x := by ring</code_line>
<message>error: unsolved goals</message>
</error>
α : Type u_1
β : Type u_2
inst✝¹ : Group α
inst✝ : Group β
F : Functor Unit Unit
⊢ ∃ f, ∀ (x : α), Functor.homF x = f x

[2026-01-13 01:40:19] [INFO] Attempt 1 failed verification, continuing...
[2026-01-13 01:40:19] [INFO] ========================================
[2026-01-13 01:40:19] [INFO] Trying strategy: norm_num (up to 1 attempts)
[2026-01-13 01:40:19] [INFO] --------------------
[2026-01-13 01:40:19] [INFO] Strategy norm_num, attempt 1/1
[2026-01-13 01:40:19] [INFO] Starting proof generation...
[2026-01-13 01:40:19] [INFO] Repository path: /root/repo
[2026-01-13 01:40:19] [INFO] Proof generation completed
[2026-01-13 01:40:19] [INFO] Generated proof:
[2026-01-13 01:40:19] [INFO] norm_num
[2026-01-13 01:40:19] [INFO] Proof length: 8 chars
[2026-01-13 01:40:19] [INFO] Starting proof verification...
[2026-01-13 01:40:19] [INFO] Verifying at: CategoryTheoryInContextLean/Section_1_3.lean:237
[2026-01-13 01:40:19] [INFO] Using LEAN INTERACT verify
[2026-01-13 01:40:19] [INFO] Checking file
[2026-01-13 01:40:25] [INFO] Cannot build modified file <error line="237" column="67">
<code_line>    ∃ f: α →* β, ∀ x: α, F.homF (X := ()) (Y := ()) x = f x := by norm_num</code_line>
<message>error: unknown tactic</message>
</error>
<error line="237" column="63">
<code_line>    ∃ f: α →* β, ∀ x: α, F.homF (X := ()) (Y := ()) x = f x := by norm_num</code_line>
<message>error: unsolved goals</message>
</error>
α : Type u_1
β : Type u_2
inst✝¹ : Group α
inst✝ : Group β
F : Functor Unit Unit
⊢ ∃ f, ∀ (x : α), Functor.homF x = f x
[2026-01-13 01:40:25] [INFO] Proof verification completed
[2026-01-13 01:40:25] [INFO] Strategy norm_num attempt 1: verified=False
[2026-01-13 01:40:25] [INFO] Verification message: Cannot build modified file: <error line="237" column="67">
<code_line>    ∃ f: α →* β, ∀ x: α, F.homF (X := ()) (Y := ()) x = f x := by norm_num</code_line>
<message>error: unknown tactic</message>
</error>
<error line="237" column="63">
<code_line>    ∃ f: α →* β, ∀ x: α, F.homF (X := ()) (Y := ()) x = f x := by norm_num</code_line>
<message>error: unsolved goals</message>
</error>
α : Type u_1
β : Type u_2
inst✝¹ : Group α
inst✝ : Group β
F : Functor Unit Unit
⊢ ∃ f, ∀ (x : α), Functor.homF x = f x

[2026-01-13 01:40:25] [INFO] Attempt 1 failed verification, continuing...
[2026-01-13 01:40:25] [INFO] ========================================
[2026-01-13 01:40:25] [INFO] Trying strategy: omega (up to 1 attempts)
[2026-01-13 01:40:25] [INFO] --------------------
[2026-01-13 01:40:25] [INFO] Strategy omega, attempt 1/1
[2026-01-13 01:40:25] [INFO] Starting proof generation...
[2026-01-13 01:40:25] [INFO] Repository path: /root/repo
[2026-01-13 01:40:25] [INFO] Proof generation completed
[2026-01-13 01:40:25] [INFO] Generated proof:
[2026-01-13 01:40:25] [INFO] omega
[2026-01-13 01:40:25] [INFO] Proof length: 5 chars
[2026-01-13 01:40:25] [INFO] Starting proof verification...
[2026-01-13 01:40:25] [INFO] Verifying at: CategoryTheoryInContextLean/Section_1_3.lean:237
[2026-01-13 01:40:25] [INFO] Using LEAN INTERACT verify
[2026-01-13 01:40:25] [INFO] Checking file
[2026-01-13 01:40:30] [INFO] Cannot build modified file <error line="237" column="66">
<code_line>    ∃ f: α →* β, ∀ x: α, F.homF (X := ()) (Y := ()) x = f x := by omega</code_line>
<message>error: omega could not prove the goal:</message>
</error>
No usable constraints found. You may need to unfold definitions so `omega` can see linear arithmetic facts about `Nat` and `Int`, which may also involve multiplication, division, and modular remainder by constants.
[2026-01-13 01:40:30] [INFO] Proof verification completed
[2026-01-13 01:40:30] [INFO] Strategy omega attempt 1: verified=False
[2026-01-13 01:40:30] [INFO] Verification message: Cannot build modified file: <error line="237" column="66">
<code_line>    ∃ f: α →* β, ∀ x: α, F.homF (X := ()) (Y := ()) x = f x := by omega</code_line>
<message>error: omega could not prove the goal:</message>
</error>
No usable constraints found. You may need to unfold definitions so `omega` can see linear arithmetic facts about `Nat` and `Int`, which may also involve multiplication, division, and modular remainder by constants.

[2026-01-13 01:40:30] [INFO] Attempt 1 failed verification, continuing...
[2026-01-13 01:40:30] [INFO] ========================================
[2026-01-13 01:40:30] [INFO] Trying strategy: linarith (up to 1 attempts)
[2026-01-13 01:40:30] [INFO] --------------------
[2026-01-13 01:40:30] [INFO] Strategy linarith, attempt 1/1
[2026-01-13 01:40:30] [INFO] Starting proof generation...
[2026-01-13 01:40:30] [INFO] Repository path: /root/repo
[2026-01-13 01:40:30] [INFO] Proof generation completed
[2026-01-13 01:40:30] [INFO] Generated proof:
[2026-01-13 01:40:30] [INFO] linarith
[2026-01-13 01:40:30] [INFO] Proof length: 8 chars
[2026-01-13 01:40:30] [INFO] Starting proof verification...
[2026-01-13 01:40:30] [INFO] Verifying at: CategoryTheoryInContextLean/Section_1_3.lean:237
[2026-01-13 01:40:30] [INFO] Using LEAN INTERACT verify
[2026-01-13 01:40:30] [INFO] Checking file
[2026-01-13 01:40:36] [INFO] Cannot build modified file <error line="237" column="67">
<code_line>    ∃ f: α →* β, ∀ x: α, F.homF (X := ()) (Y := ()) x = f x := by linarith</code_line>
<message>error: unknown tactic</message>
</error>
<error line="237" column="63">
<code_line>    ∃ f: α →* β, ∀ x: α, F.homF (X := ()) (Y := ()) x = f x := by linarith</code_line>
<message>error: unsolved goals</message>
</error>
α : Type u_1
β : Type u_2
inst✝¹ : Group α
inst✝ : Group β
F : Functor Unit Unit
⊢ ∃ f, ∀ (x : α), Functor.homF x = f x
[2026-01-13 01:40:36] [INFO] Proof verification completed
[2026-01-13 01:40:36] [INFO] Strategy linarith attempt 1: verified=False
[2026-01-13 01:40:36] [INFO] Verification message: Cannot build modified file: <error line="237" column="67">
<code_line>    ∃ f: α →* β, ∀ x: α, F.homF (X := ()) (Y := ()) x = f x := by linarith</code_line>
<message>error: unknown tactic</message>
</error>
<error line="237" column="63">
<code_line>    ∃ f: α →* β, ∀ x: α, F.homF (X := ()) (Y := ()) x = f x := by linarith</code_line>
<message>error: unsolved goals</message>
</error>
α : Type u_1
β : Type u_2
inst✝¹ : Group α
inst✝ : Group β
F : Functor Unit Unit
⊢ ∃ f, ∀ (x : α), Functor.homF x = f x

[2026-01-13 01:40:36] [INFO] Attempt 1 failed verification, continuing...
[2026-01-13 01:40:36] [INFO] ========================================
[2026-01-13 01:40:36] [INFO] Trying strategy: nlinarith (up to 1 attempts)
[2026-01-13 01:40:36] [INFO] --------------------
[2026-01-13 01:40:36] [INFO] Strategy nlinarith, attempt 1/1
[2026-01-13 01:40:36] [INFO] Starting proof generation...
[2026-01-13 01:40:36] [INFO] Repository path: /root/repo
[2026-01-13 01:40:36] [INFO] Proof generation completed
[2026-01-13 01:40:36] [INFO] Generated proof:
[2026-01-13 01:40:36] [INFO] nlinarith
[2026-01-13 01:40:36] [INFO] Proof length: 9 chars
[2026-01-13 01:40:36] [INFO] Starting proof verification...
[2026-01-13 01:40:36] [INFO] Verifying at: CategoryTheoryInContextLean/Section_1_3.lean:237
[2026-01-13 01:40:36] [INFO] Using LEAN INTERACT verify
[2026-01-13 01:40:36] [INFO] Checking file
[2026-01-13 01:40:42] [INFO] Cannot build modified file <error line="237" column="67">
<code_line>    ∃ f: α →* β, ∀ x: α, F.homF (X := ()) (Y := ()) x = f x := by nlinarith</code_line>
<message>error: unknown tactic</message>
</error>
<error line="237" column="63">
<code_line>    ∃ f: α →* β, ∀ x: α, F.homF (X := ()) (Y := ()) x = f x := by nlinarith</code_line>
<message>error: unsolved goals</message>
</error>
α : Type u_1
β : Type u_2
inst✝¹ : Group α
inst✝ : Group β
F : Functor Unit Unit
⊢ ∃ f, ∀ (x : α), Functor.homF x = f x
[2026-01-13 01:40:42] [INFO] Proof verification completed
[2026-01-13 01:40:42] [INFO] Strategy nlinarith attempt 1: verified=False
[2026-01-13 01:40:42] [INFO] Verification message: Cannot build modified file: <error line="237" column="67">
<code_line>    ∃ f: α →* β, ∀ x: α, F.homF (X := ()) (Y := ()) x = f x := by nlinarith</code_line>
<message>error: unknown tactic</message>
</error>
<error line="237" column="63">
<code_line>    ∃ f: α →* β, ∀ x: α, F.homF (X := ()) (Y := ()) x = f x := by nlinarith</code_line>
<message>error: unsolved goals</message>
</error>
α : Type u_1
β : Type u_2
inst✝¹ : Group α
inst✝ : Group β
F : Functor Unit Unit
⊢ ∃ f, ∀ (x : α), Functor.homF x = f x

[2026-01-13 01:40:42] [INFO] Attempt 1 failed verification, continuing...
[2026-01-13 01:40:42] [INFO] ========================================
[2026-01-13 01:40:42] [INFO] Trying strategy: aesop (up to 1 attempts)
[2026-01-13 01:40:42] [INFO] --------------------
[2026-01-13 01:40:42] [INFO] Strategy aesop, attempt 1/1
[2026-01-13 01:40:42] [INFO] Starting proof generation...
[2026-01-13 01:40:42] [INFO] Repository path: /root/repo
[2026-01-13 01:40:42] [INFO] Proof generation completed
[2026-01-13 01:40:42] [INFO] Generated proof:
[2026-01-13 01:40:42] [INFO] aesop
[2026-01-13 01:40:42] [INFO] Proof length: 5 chars
[2026-01-13 01:40:42] [INFO] Starting proof verification...
[2026-01-13 01:40:42] [INFO] Verifying at: CategoryTheoryInContextLean/Section_1_3.lean:237
[2026-01-13 01:40:42] [INFO] Using LEAN INTERACT verify
[2026-01-13 01:40:42] [INFO] Checking file
[2026-01-13 01:40:48] [INFO] Cannot build modified file <error line="237" column="66">
<code_line>    ∃ f: α →* β, ∀ x: α, F.homF (X := ()) (Y := ()) x = f x := by aesop</code_line>
<message>error: tactic 'aesop' failed, made no progress</message>
</error>
Initial goal:
  α : Type u_1
  β : Type u_2
  inst✝¹ : Group α
  inst✝ : Group β
  F : Functor Unit Unit
  ⊢ ∃ f, ∀ (x : α), Functor.homF x = f x
[2026-01-13 01:40:48] [INFO] Proof verification completed
[2026-01-13 01:40:48] [INFO] Strategy aesop attempt 1: verified=False
[2026-01-13 01:40:48] [INFO] Verification message: Cannot build modified file: <error line="237" column="66">
<code_line>    ∃ f: α →* β, ∀ x: α, F.homF (X := ()) (Y := ()) x = f x := by aesop</code_line>
<message>error: tactic 'aesop' failed, made no progress</message>
</error>
Initial goal:
  α : Type u_1
  β : Type u_2
  inst✝¹ : Group α
  inst✝ : Group β
  F : Functor Unit Unit
  ⊢ ∃ f, ∀ (x : α), Functor.homF x = f x

[2026-01-13 01:40:48] [INFO] Attempt 1 failed verification, continuing...
[2026-01-13 01:40:48] [INFO] ========================================
[2026-01-13 01:40:48] [INFO] Pass@k completed. Total results: 1
[2026-01-13 01:40:48] [INFO] FAILED: All 11 strategies x 1 attempts
[2026-01-13 01:40:48] [INFO] Writing results to file: /root/repo/result.json
[2026-01-13 01:40:48] [INFO] Result file written successfully
[2026-01-13 01:40:48] [INFO] Results exported to: /root/repo/result.json
[2026-01-13 01:40:48] [INFO] run_morphcloud_local.py completed successfully

[2026-01-13 01:40:49] [process_single_sorry] Downloading result file...
[2026-01-13 01:40:50] [process_single_sorry] Downloaded result to intermediate_experiment_outputs_full_reservoir_3_months/multi_tactic/2026-01-13_01-27-45_multi_tactic/individual/284cca073fbdef723ee4c3bda27efd4eb71745a94f0eaf4e70881b52c3350821.json
[2026-01-13 01:40:52] [process_single_sorry] Instance context closed successfully
[2026-01-13 01:40:52] [process_single_sorry] Parsing result file...
[2026-01-13 01:40:52] [process_single_sorry] Successfully parsed result (list format, 1 results)
