[2026-01-13 06:04:31] [process_single_sorry] Starting for sorry 3bfa3aa792c8d724f608d39ac3619d97847031491d2010837367e71f1012187d
[2026-01-13 06:04:31] [process_single_sorry] Using snapshot: snapshot_beynyps5
[2026-01-13 06:04:31] [process_single_sorry] Repository: https://github.com/Beneficial-AI-Foundation/curve25519-dalek-lean-verify@84bd2056c319ef7cf304d2ecb049da476f3ee0ac
[2026-01-13 06:04:31] [process_single_sorry] Instance name: curve25519-dalek-lean-verify_84bd2056c319_multi_tactic_3bfa3aa792c8d724f608d39ac3619d97847031491d2010837367e71f1012187d
[2026-01-13 06:04:31] [process_single_sorry] Starting attempt 1/3
[2026-01-13 06:04:31] [process_single_sorry] Starting instance from snapshot...
[2026-01-13 06:04:31] [process_single_sorry] Instance started successfully: morphvm_slz08and
[2026-01-13 06:04:31] [process_single_sorry] Creating .env file...
[2026-01-13 06:04:39] [process_single_sorry] .env file created (exit_code: 0)
[2026-01-13 06:04:39] [process_single_sorry] Executing agent command...
[2026-01-13 06:10:40] [process_single_sorry] Agent command completed (exit_code: 0)
[2026-01-13 06:10:40] [process_single_sorry] STDOUT:

Results JSON:
[
  {
    "sorry": {
      "repo": {
        "remote": "https://github.com/Beneficial-AI-Foundation/curve25519-dalek-lean-verify",
        "branch": "mul_internal_quark",
        "commit": "84bd2056c319ef7cf304d2ecb049da476f3ee0ac",
        "lean_version": "v4.24.0"
      },
      "location": {
        "path": "Curve25519Dalek/Specs/Edwards/EdwardsPoint/MulByCofactor.lean",
        "start_line": 49,
        "start_column": 4,
        "end_line": 49,
        "end_column": 9
      },
      "debug_info": {
        "goal": "e : EdwardsPoint\n⊢ ∃ e_result e2 e4 e8 eq_choice,\n    e.mul_by_cofactor = ok e_result ∧\n      e.add e = ok e2 ∧\n        e2.add e2 = ok e4 ∧\n          e4.add e4 = ok e8 ∧\n            ConstantTimeEqcurve25519_dalekedwardsEdwardsPoint.ct_eq e_result e8 = ok eq_choice ∧ eq_choice = Choice.one",
        "url": "https://github.com/Beneficial-AI-Foundation/curve25519-dalek-lean-verify/blob/84bd2056c319ef7cf304d2ecb049da476f3ee0ac/Curve25519Dalek/Specs/Edwards/EdwardsPoint/MulByCofactor.lean#L49"
      },
      "metadata": {
        "blame_email_hash": "c435eb4d84c1",
        "blame_date": "2025-11-12T22:24:24+01:00",
        "inclusion_date": "2026-01-08T20:05:00.398625+00:00"
      },
      "id": "3bfa3aa792c8d724f608d39ac3619d97847031491d2010837367e71f1012187d"
    },
    "proof": null,
    "proof_verified": false,
    "feedback": null,
    "verification_message": "All 11 attempts failed (11 strategies x 1 attempts each)",
    "success": true,
    "error_type": null,
    "error_message": null,
    "strategy_name": "all_failed_k=1",
    "proof_attempts": [
      "rfl",
      "simp",
      "simp_all",
      "exact?",
      "grind",
      "ring",
      "norm_num",
      "omega",
      "linarith",
      "nlinarith",
      "aesop"
    ]
  }
]

[2026-01-13 06:10:40] [process_single_sorry] STDERR:
None of PyTorch, TensorFlow >= 2.0, or Flax have been found. Models won't be available and only tokenizers, configuration and file/data utilities can be used.
[2026-01-13 06:05:04] [INFO] ================================================================================
[2026-01-13 06:05:04] [INFO] Starting run_morphcloud_local.py
[2026-01-13 06:05:04] [INFO] ================================================================================
[2026-01-13 06:05:04] [INFO] Environment loaded
[2026-01-13 06:05:04] [INFO] Full command: /root/SorryDB/sorrydb/cli/run_morphcloud_local.py --repo-path /root/repo --sorry-json {"repo": {"remote": "https://github.com/Beneficial-AI-Foundation/curve25519-dalek-lean-verify", "branch": "mul_internal_quark", "commit": "84bd2056c319ef7cf304d2ecb049da476f3ee0ac", "lean_version": "v4.24.0"}, "location": {"path": "Curve25519Dalek/Specs/Edwards/EdwardsPoint/MulByCofactor.lean", "start_line": 49, "start_column": 4, "end_line": 49, "end_column": 9}, "debug_info": {"goal": "e : EdwardsPoint\n\u22a2 \u2203 e_result e2 e4 e8 eq_choice,\n    e.mul_by_cofactor = ok e_result \u2227\n      e.add e = ok e2 \u2227\n        e2.add e2 = ok e4 \u2227\n          e4.add e4 = ok e8 \u2227\n            ConstantTimeEqcurve25519_dalekedwardsEdwardsPoint.ct_eq e_result e8 = ok eq_choice \u2227 eq_choice = Choice.one", "url": "https://github.com/Beneficial-AI-Foundation/curve25519-dalek-lean-verify/blob/84bd2056c319ef7cf304d2ecb049da476f3ee0ac/Curve25519Dalek/Specs/Edwards/EdwardsPoint/MulByCofactor.lean#L49"}, "metadata": {"blame_email_hash": "c435eb4d84c1", "blame_date": "2025-11-12T22:24:24+01:00", "inclusion_date": "2026-01-08T20:05:00.398625+00:00"}, "id": "3bfa3aa792c8d724f608d39ac3619d97847031491d2010837367e71f1012187d"} --agent-strategy {"name": "multi_tactic", "args": {}}
[2026-01-13 06:05:04] [INFO] Arguments parsed: repo_path=/root/repo, output_path=/root/repo/result.json
[2026-01-13 06:05:04] [INFO] Strategy spec: {"name": "multi_tactic", "args": {}}...
[2026-01-13 06:05:04] [INFO] Loading sorry data...
[2026-01-13 06:05:04] [INFO] Parsing sorry from JSON string...
[2026-01-13 06:05:04] [INFO] Sorry data parsed from JSON string
[2026-01-13 06:05:04] [INFO] Creating strategy from spec...
[2026-01-13 06:05:04] [INFO] Parsing strategy spec (length: 36 chars)
[2026-01-13 06:05:04] [INFO] Strategy name: multi_tactic
[2026-01-13 06:05:04] [INFO] Strategy args: {}
[2026-01-13 06:05:04] [INFO] Pass@k value: 1
[2026-01-13 06:05:04] [INFO] Creating strategy: multi_tactic
[2026-01-13 06:05:04] [INFO] Creating multi_tactic strategy with tactics: ['rfl', 'simp', 'simp_all', 'exact?', 'grind', 'ring', 'norm_num', 'omega', 'linarith', 'nlinarith', 'aesop']
[2026-01-13 06:05:04] [INFO] Strategies created: ['rfl', 'simp', 'simp_all', 'exact?', 'grind', 'ring', 'norm_num', 'omega', 'linarith', 'nlinarith', 'aesop']
[2026-01-13 06:05:04] [INFO] Pass@k value: 1
[2026-01-13 06:05:04] [INFO] Creating Sorry object...
[2026-01-13 06:05:04] [INFO] Sorry object created: id=3bfa3aa792c8d724f608d39ac3619d97847031491d2010837367e71f1012187d
[2026-01-13 06:05:04] [INFO] Sorry location: Curve25519Dalek/Specs/Edwards/EdwardsPoint/MulByCofactor.lean:49
[2026-01-13 06:05:04] [INFO] Context before sorry (lines 44-49):
[2026-01-13 06:05:04] [INFO]   44:     add e e = ok e2 ∧
[2026-01-13 06:05:04] [INFO]   45:     add e2 e2 = ok e4 ∧
[2026-01-13 06:05:04] [INFO]   46:     add e4 e4 = ok e8 ∧
[2026-01-13 06:05:04] [INFO]   47:     ConstantTimeEqcurve25519_dalekedwardsEdwardsPoint.ct_eq e_result e8 = ok eq_choice ∧
[2026-01-13 06:05:04] [INFO]   48:     eq_choice = Choice.one := by
[2026-01-13 06:05:04] [INFO]   49:     sorry
[2026-01-13 06:05:04] [INFO] Sorry line:     sorry
[2026-01-13 06:05:04] [INFO] Sorry goal: e : EdwardsPoint
⊢ ∃ e_result e2 e4 e8 eq_choice,
    e.mul_by_cofactor = ok e_result ∧
      e.add ...
[2026-01-13 06:05:04] [INFO] ========================================
[2026-01-13 06:05:04] [INFO] Trying strategy: rfl (up to 1 attempts)
[2026-01-13 06:05:04] [INFO] --------------------
[2026-01-13 06:05:04] [INFO] Strategy rfl, attempt 1/1
[2026-01-13 06:05:04] [INFO] Starting proof generation...
[2026-01-13 06:05:04] [INFO] Repository path: /root/repo
[2026-01-13 06:05:04] [INFO] Proof generation completed
[2026-01-13 06:05:04] [INFO] Generated proof:
[2026-01-13 06:05:04] [INFO] rfl
[2026-01-13 06:05:04] [INFO] Proof length: 3 chars
[2026-01-13 06:05:04] [INFO] Starting proof verification...
[2026-01-13 06:05:04] [INFO] Verifying at: Curve25519Dalek/Specs/Edwards/EdwardsPoint/MulByCofactor.lean:49
[2026-01-13 06:05:04] [INFO] Using LEAN INTERACT verify
[2026-01-13 06:05:04] [INFO] Checking file
[2026-01-13 06:07:49] [INFO] Cannot build modified file <error line="49" column="4">
<code_line>    rfl</code_line>
<message>error: Tactic `rfl` failed: The left-hand side</message>
</error>
  EdwardsPoint
is not definitionally equal to the right-hand side
  fun e_result =>
    ∃ e2 e4 e8 eq_choice,
      e.mul_by_cofactor = ok e_result ∧
        e.add e = ok e2 ∧
          e2.add e2 = ok e4 ∧
            e4.add e4 = ok e8 ∧
              ConstantTimeEqcurve25519_dalekedwardsEdwardsPoint.ct_eq e_result e8 = ok eq_choice ∧
                eq_choice = Choice.one

e : EdwardsPoint
⊢ ∃ e_result e2 e4 e8 eq_choice,
    e.mul_by_cofactor = ok e_result ∧
      e.add e = ok e2 ∧
        e2.add e2 = ok e4 ∧
          e4.add e4 = ok e8 ∧
            ConstantTimeEqcurve25519_dalekedwardsEdwardsPoint.ct_eq e_result e8 = ok eq_choice ∧ eq_choice = Choice.one
[2026-01-13 06:07:49] [INFO] Proof verification completed
[2026-01-13 06:07:49] [INFO] Strategy rfl attempt 1: verified=False
[2026-01-13 06:07:49] [INFO] Verification message: Cannot build modified file: <error line="49" column="4">
<code_line>    rfl</code_line>
<message>error: Tactic `rfl` failed: The left-hand side</message>
</error>
  EdwardsPoint
is not definitionally equal to the right-hand side
  fun e_result =>
    ∃ e2 e4 e8 eq_choice,
      e.mul_by_cofactor = ok e_result ∧
        e.add e = ok e2 ∧
          e2.add e2 = ok e4 ∧
            e4.add e4 = ok e8 ∧
              ConstantTimeEqcurve25519_dalekedwardsEdwardsPoint.ct_eq e_result e8 = ok eq_choice ∧
                eq_choice = Choice.one

e : EdwardsPoint
⊢ ∃ e_result e2 e4 e8 eq_choice,
    e.mul_by_cofactor = ok e_result ∧
      e.add e = ok e2 ∧
        e2.add e2 = ok e4 ∧
          e4.add e4 = ok e8 ∧
            ConstantTimeEqcurve25519_dalekedwardsEdwardsPoint.ct_eq e_result e8 = ok eq_choice ∧ eq_choice = Choice.one

[2026-01-13 06:07:49] [INFO] Attempt 1 failed verification, continuing...
[2026-01-13 06:07:49] [INFO] ========================================
[2026-01-13 06:07:49] [INFO] Trying strategy: simp (up to 1 attempts)
[2026-01-13 06:07:49] [INFO] --------------------
[2026-01-13 06:07:49] [INFO] Strategy simp, attempt 1/1
[2026-01-13 06:07:49] [INFO] Starting proof generation...
[2026-01-13 06:07:49] [INFO] Repository path: /root/repo
[2026-01-13 06:07:49] [INFO] Proof generation completed
[2026-01-13 06:07:49] [INFO] Generated proof:
[2026-01-13 06:07:49] [INFO] simp
[2026-01-13 06:07:49] [INFO] Proof length: 4 chars
[2026-01-13 06:07:49] [INFO] Starting proof verification...
[2026-01-13 06:07:49] [INFO] Verifying at: Curve25519Dalek/Specs/Edwards/EdwardsPoint/MulByCofactor.lean:49
[2026-01-13 06:07:49] [INFO] Using LEAN INTERACT verify
[2026-01-13 06:07:49] [INFO] Checking file
[2026-01-13 06:08:01] [INFO] Cannot build modified file <error line="48" column="30">
<code_line>    eq_choice = Choice.one := by</code_line>
<message>error: unsolved goals</message>
</error>
e : EdwardsPoint
⊢ ∃ e_result,
    e.mul_by_cofactor = ok e_result ∧
      ∃ x,
        e.add e = ok x ∧
          ∃ x_1,
            x.add x = ok x_1 ∧
              ∃ x,
                x_1.add x_1 = ok x ∧ ConstantTimeEqcurve25519_dalekedwardsEdwardsPoint.ct_eq e_result x = ok Choice.one
[2026-01-13 06:08:01] [INFO] Proof verification completed
[2026-01-13 06:08:01] [INFO] Strategy simp attempt 1: verified=False
[2026-01-13 06:08:01] [INFO] Verification message: Cannot build modified file: <error line="48" column="30">
<code_line>    eq_choice = Choice.one := by</code_line>
<message>error: unsolved goals</message>
</error>
e : EdwardsPoint
⊢ ∃ e_result,
    e.mul_by_cofactor = ok e_result ∧
      ∃ x,
        e.add e = ok x ∧
          ∃ x_1,
            x.add x = ok x_1 ∧
              ∃ x,
                x_1.add x_1 = ok x ∧ ConstantTimeEqcurve25519_dalekedwardsEdwardsPoint.ct_eq e_result x = ok Choice.one

[2026-01-13 06:08:01] [INFO] Attempt 1 failed verification, continuing...
[2026-01-13 06:08:01] [INFO] ========================================
[2026-01-13 06:08:01] [INFO] Trying strategy: simp_all (up to 1 attempts)
[2026-01-13 06:08:01] [INFO] --------------------
[2026-01-13 06:08:01] [INFO] Strategy simp_all, attempt 1/1
[2026-01-13 06:08:01] [INFO] Starting proof generation...
[2026-01-13 06:08:01] [INFO] Repository path: /root/repo
[2026-01-13 06:08:01] [INFO] Proof generation completed
[2026-01-13 06:08:01] [INFO] Generated proof:
[2026-01-13 06:08:01] [INFO] simp_all
[2026-01-13 06:08:01] [INFO] Proof length: 8 chars
[2026-01-13 06:08:01] [INFO] Starting proof verification...
[2026-01-13 06:08:01] [INFO] Verifying at: Curve25519Dalek/Specs/Edwards/EdwardsPoint/MulByCofactor.lean:49
[2026-01-13 06:08:01] [INFO] Using LEAN INTERACT verify
[2026-01-13 06:08:01] [INFO] Checking file
[2026-01-13 06:08:10] [INFO] Cannot build modified file <error line="48" column="30">
<code_line>    eq_choice = Choice.one := by</code_line>
<message>error: unsolved goals</message>
</error>
e : EdwardsPoint
⊢ ∃ e_result,
    e.mul_by_cofactor = ok e_result ∧
      ∃ x,
        e.add e = ok x ∧
          ∃ x_1,
            x.add x = ok x_1 ∧
              ∃ x,
                x_1.add x_1 = ok x ∧ ConstantTimeEqcurve25519_dalekedwardsEdwardsPoint.ct_eq e_result x = ok Choice.one
[2026-01-13 06:08:10] [INFO] Proof verification completed
[2026-01-13 06:08:10] [INFO] Strategy simp_all attempt 1: verified=False
[2026-01-13 06:08:10] [INFO] Verification message: Cannot build modified file: <error line="48" column="30">
<code_line>    eq_choice = Choice.one := by</code_line>
<message>error: unsolved goals</message>
</error>
e : EdwardsPoint
⊢ ∃ e_result,
    e.mul_by_cofactor = ok e_result ∧
      ∃ x,
        e.add e = ok x ∧
          ∃ x_1,
            x.add x = ok x_1 ∧
              ∃ x,
                x_1.add x_1 = ok x ∧ ConstantTimeEqcurve25519_dalekedwardsEdwardsPoint.ct_eq e_result x = ok Choice.one

[2026-01-13 06:08:10] [INFO] Attempt 1 failed verification, continuing...
[2026-01-13 06:08:10] [INFO] ========================================
[2026-01-13 06:08:10] [INFO] Trying strategy: exact? (up to 1 attempts)
[2026-01-13 06:08:10] [INFO] --------------------
[2026-01-13 06:08:10] [INFO] Strategy exact?, attempt 1/1
[2026-01-13 06:08:10] [INFO] Starting proof generation...
[2026-01-13 06:08:10] [INFO] Repository path: /root/repo
[2026-01-13 06:08:10] [INFO] Proof generation completed
[2026-01-13 06:08:10] [INFO] Generated proof:
[2026-01-13 06:08:10] [INFO] exact?
[2026-01-13 06:08:10] [INFO] Proof length: 6 chars
[2026-01-13 06:08:10] [INFO] Starting proof verification...
[2026-01-13 06:08:10] [INFO] Verifying at: Curve25519Dalek/Specs/Edwards/EdwardsPoint/MulByCofactor.lean:49
[2026-01-13 06:08:10] [INFO] Using LEAN INTERACT verify
[2026-01-13 06:08:10] [INFO] Checking file
[2026-01-13 06:09:31] [INFO] Cannot build modified file <error line="49" column="4">
<code_line>    exact?</code_line>
<message>error: `exact?` could not close the goal. Try `apply?` to see partial suggestions.</message>
</error>
[2026-01-13 06:09:31] [INFO] Proof verification completed
[2026-01-13 06:09:31] [INFO] Strategy exact? attempt 1: verified=False
[2026-01-13 06:09:31] [INFO] Verification message: Cannot build modified file: <error line="49" column="4">
<code_line>    exact?</code_line>
<message>error: `exact?` could not close the goal. Try `apply?` to see partial suggestions.</message>
</error>

[2026-01-13 06:09:31] [INFO] Attempt 1 failed verification, continuing...
[2026-01-13 06:09:31] [INFO] ========================================
[2026-01-13 06:09:31] [INFO] Trying strategy: grind (up to 1 attempts)
[2026-01-13 06:09:31] [INFO] --------------------
[2026-01-13 06:09:31] [INFO] Strategy grind, attempt 1/1
[2026-01-13 06:09:31] [INFO] Starting proof generation...
[2026-01-13 06:09:31] [INFO] Repository path: /root/repo
[2026-01-13 06:09:31] [INFO] Proof generation completed
[2026-01-13 06:09:31] [INFO] Generated proof:
[2026-01-13 06:09:31] [INFO] grind
[2026-01-13 06:09:31] [INFO] Proof length: 5 chars
[2026-01-13 06:09:31] [INFO] Starting proof verification...
[2026-01-13 06:09:31] [INFO] Verifying at: Curve25519Dalek/Specs/Edwards/EdwardsPoint/MulByCofactor.lean:49
[2026-01-13 06:09:31] [INFO] Using LEAN INTERACT verify
[2026-01-13 06:09:31] [INFO] Checking file
[2026-01-13 06:09:40] [INFO] Cannot build modified file <error line="49" column="4">
<code_line>    grind</code_line>
<message>error: `grind` failed</message>
</error>
case grind
e : EdwardsPoint
h :
  ∀ (a : EdwardsPoint),
    e.mul_by_cofactor = ok a →
      ∀ (a_2 : EdwardsPoint),
        e.add e = ok a_2 →
          ∀ (a_4 : EdwardsPoint),
            a_2.add a_2 = ok a_4 →
              ∀ (a_6 : EdwardsPoint),
                a_4.add a_4 = ok a_6 →
                  ∀ (a_8 : subtle.Choice),
                    ConstantTimeEqcurve25519_dalekedwardsEdwardsPoint.ct_eq a a_6 = ok a_8 → ¬a_8 = Choice.one
⊢ False
[grind] Goal diagnostics
  [facts] Asserted facts
    [prop] ∀ (a : EdwardsPoint),
          e.mul_by_cofactor = ok a →
            ∀ (a_2 : EdwardsPoint),
              e.add e = ok a_2 →
                ∀ (a_4 : EdwardsPoint),
                  a_2.add a_2 = ok a_4 →
                    ∀ (a_6 : EdwardsPoint),
                      a_4.add a_4 = ok a_6 →
                        ∀ (a_8 : subtle.Choice),
                          ConstantTimeEqcurve25519_dalekedwardsEdwardsPoint.ct_eq a a_6 = ok a_8 → ¬a_8 = Choice.one
    [prop] ∀ (a : EdwardsPoint),
          e.mul_by_cofactor = ok a →
            ∀ (a_2 : EdwardsPoint),
              e.add e = ok a_2 →
                ∀ (a_4 : EdwardsPoint),
                  a_2.add a_2 = ok a_4 →
                    ∀ (a_6 : EdwardsPoint),
                      a_4.add a_4 = ok a_6 →
                        ¬ConstantTimeEqcurve25519_dalekedwardsEdwardsPoint.ct_eq a a_6 = ok Choice.one
  [eqc] True propositions
    [prop] ∀ (a : EdwardsPoint),
          e.mul_by_cofactor = ok a →
            ∀ (a_2 : EdwardsPoint),
              e.add e = ok a_2 →
                ∀ (a_4 : EdwardsPoint),
                  a_2.add a_2 = ok a_4 →
                    ∀ (a_6 : EdwardsPoint),
                      a_4.add a_4 = ok a_6 →
                        ¬ConstantTimeEqcurve25519_dalekedwardsEdwardsPoint.ct_eq a a_6 = ok Choice.one
    [prop] ∀ (a : EdwardsPoint),
          e.mul_by_cofactor = ok a →
            ∀ (a_2 : EdwardsPoint),
              e.add e = ok a_2 →
                ∀ (a_4 : EdwardsPoint),
                  a_2.add a_2 = ok a_4 →
                    ∀ (a_6 : EdwardsPoint),
                      a_4.add a_4 = ok a_6 →
                        ∀ (a_8 : subtle.Choice),
                          ConstantTimeEqcurve25519_dalekedwardsEdwardsPoint.ct_eq a a_6 = ok a_8 → ¬a_8 = Choice.one
  [ematch] E-matching patterns
    [thm] local_0: [@ok `[EdwardsPoint] #7, @ok `[EdwardsPoint] #5, @ok `[EdwardsPoint] #3, @ok `[EdwardsPoint] #1]
    [thm] local_0: [ConstantTimeEqcurve25519_dalekedwardsEdwardsPoint.ct_eq #7 #1, add #3 #3, add #5 #5]
[2026-01-13 06:09:40] [INFO] Proof verification completed
[2026-01-13 06:09:40] [INFO] Strategy grind attempt 1: verified=False
[2026-01-13 06:09:40] [INFO] Verification message: Cannot build modified file: <error line="49" column="4">
<code_line>    grind</code_line>
<message>error: `grind` failed</message>
</error>
case grind
e : EdwardsPoint
h :
  ∀ (a : EdwardsPoint),
    e.mul_by_cofactor = ok a →
      ∀ (a_2 : EdwardsPoint),
        e.add e = ok a_2 →
          ∀ (a_4 : EdwardsPoint),
            a_2.add a_2 = ok a_4 →
              ∀ (a_6 : EdwardsPoint),
                a_4.add a_4 = ok a_6 →
                  ∀ (a_8 : subtle.Choice),
                    ConstantTimeEqcurve25519_dalekedwardsEdwardsPoint.ct_eq a a_6 = ok a_8 → ¬a_8 = Choice.one
⊢ False
[grind] Goal diagnostics
  [facts] Asserted facts
    [prop] ∀ (a : EdwardsPoint),
          e.mul_by_cofactor = ok a →
            ∀ (a_2 : EdwardsPoint),
              e.add e = ok a_2 →
                ∀ (a_4 : EdwardsPoint),
                  a_2.add a_2 = ok a_4 →
                    ∀ (a_6 : EdwardsPoint),
                      a_4.add a_4 = ok a_6 →
                        ∀ (a_8 : subtle.Choice),
                          ConstantTimeEqcurve25519_dalekedwardsEdwardsPoint.ct_eq a a_6 = ok a_8 → ¬a_8 = Choice.one
    [prop] ∀ (a : EdwardsPoint),
          e.mul_by_cofactor = ok a →
            ∀ (a_2 : EdwardsPoint),
              e.add e = ok a_2 →
                ∀ (a_4 : EdwardsPoint),
                  a_2.add a_2 = ok a_4 →
                    ∀ (a_6 : EdwardsPoint),
                      a_4.add a_4 = ok a_6 →
                        ¬ConstantTimeEqcurve25519_dalekedwardsEdwardsPoint.ct_eq a a_6 = ok Choice.one
  [eqc] True propositions
    [prop] ∀ (a : EdwardsPoint),
          e.mul_by_cofactor = ok a →
            ∀ (a_2 : EdwardsPoint),
              e.add e = ok a_2 →
                ∀ (a_4 : EdwardsPoint),
                  a_2.add a_2 = ok a_4 →
                    ∀ (a_6 : EdwardsPoint),
                      a_4.add a_4 = ok a_6 →
                        ¬ConstantTimeEqcurve25519_dalekedwardsEdwardsPoint.ct_eq a a_6 = ok Choice.one
    [prop] ∀ (a : EdwardsPoint),
          e.mul_by_cofactor = ok a →
            ∀ (a_2 : EdwardsPoint),
              e.add e = ok a_2 →
                ∀ (a_4 : EdwardsPoint),
                  a_2.add a_2 = ok a_4 →
                    ∀ (a_6 : EdwardsPoint),
                      a_4.add a_4 = ok a_6 →
                        ∀ (a_8 : subtle.Choice),
                          ConstantTimeEqcurve25519_dalekedwardsEdwardsPoint.ct_eq a a_6 = ok a_8 → ¬a_8 = Choice.one
  [ematch] E-matching patterns
    [thm] local_0: [@ok `[EdwardsPoint] #7, @ok `[EdwardsPoint] #5, @ok `[EdwardsPoint] #3, @ok `[EdwardsPoint] #1]
    [thm] local_0: [ConstantTimeEqcurve25519_dalekedwardsEdwardsPoint.ct_eq #7 #1, add #3 #3, add #5 #5]

[2026-01-13 06:09:40] [INFO] Attempt 1 failed verification, continuing...
[2026-01-13 06:09:40] [INFO] ========================================
[2026-01-13 06:09:40] [INFO] Trying strategy: ring (up to 1 attempts)
[2026-01-13 06:09:40] [INFO] --------------------
[2026-01-13 06:09:40] [INFO] Strategy ring, attempt 1/1
[2026-01-13 06:09:40] [INFO] Starting proof generation...
[2026-01-13 06:09:40] [INFO] Repository path: /root/repo
[2026-01-13 06:09:40] [INFO] Proof generation completed
[2026-01-13 06:09:40] [INFO] Generated proof:
[2026-01-13 06:09:40] [INFO] ring
[2026-01-13 06:09:40] [INFO] Proof length: 4 chars
[2026-01-13 06:09:40] [INFO] Starting proof verification...
[2026-01-13 06:09:40] [INFO] Verifying at: Curve25519Dalek/Specs/Edwards/EdwardsPoint/MulByCofactor.lean:49
[2026-01-13 06:09:40] [INFO] Using LEAN INTERACT verify
[2026-01-13 06:09:40] [INFO] Checking file
[2026-01-13 06:09:49] [INFO] Cannot build modified file <error line="49" column="4">
<code_line>    ring</code_line>
<message>error: ring_nf made no progress on goal</message>
</error>
[2026-01-13 06:09:49] [INFO] Proof verification completed
[2026-01-13 06:09:49] [INFO] Strategy ring attempt 1: verified=False
[2026-01-13 06:09:49] [INFO] Verification message: Cannot build modified file: <error line="49" column="4">
<code_line>    ring</code_line>
<message>error: ring_nf made no progress on goal</message>
</error>

[2026-01-13 06:09:49] [INFO] Attempt 1 failed verification, continuing...
[2026-01-13 06:09:49] [INFO] ========================================
[2026-01-13 06:09:49] [INFO] Trying strategy: norm_num (up to 1 attempts)
[2026-01-13 06:09:49] [INFO] --------------------
[2026-01-13 06:09:49] [INFO] Strategy norm_num, attempt 1/1
[2026-01-13 06:09:49] [INFO] Starting proof generation...
[2026-01-13 06:09:49] [INFO] Repository path: /root/repo
[2026-01-13 06:09:49] [INFO] Proof generation completed
[2026-01-13 06:09:49] [INFO] Generated proof:
[2026-01-13 06:09:49] [INFO] norm_num
[2026-01-13 06:09:49] [INFO] Proof length: 8 chars
[2026-01-13 06:09:49] [INFO] Starting proof verification...
[2026-01-13 06:09:49] [INFO] Verifying at: Curve25519Dalek/Specs/Edwards/EdwardsPoint/MulByCofactor.lean:49
[2026-01-13 06:09:49] [INFO] Using LEAN INTERACT verify
[2026-01-13 06:09:49] [INFO] Checking file
[2026-01-13 06:09:59] [INFO] Cannot build modified file <error line="48" column="30">
<code_line>    eq_choice = Choice.one := by</code_line>
<message>error: unsolved goals</message>
</error>
e : EdwardsPoint
⊢ ∃ e_result,
    e.mul_by_cofactor = ok e_result ∧
      ∃ x,
        e.add e = ok x ∧
          ∃ x_1,
            x.add x = ok x_1 ∧
              ∃ x,
                x_1.add x_1 = ok x ∧ ConstantTimeEqcurve25519_dalekedwardsEdwardsPoint.ct_eq e_result x = ok Choice.one
[2026-01-13 06:09:59] [INFO] Proof verification completed
[2026-01-13 06:09:59] [INFO] Strategy norm_num attempt 1: verified=False
[2026-01-13 06:09:59] [INFO] Verification message: Cannot build modified file: <error line="48" column="30">
<code_line>    eq_choice = Choice.one := by</code_line>
<message>error: unsolved goals</message>
</error>
e : EdwardsPoint
⊢ ∃ e_result,
    e.mul_by_cofactor = ok e_result ∧
      ∃ x,
        e.add e = ok x ∧
          ∃ x_1,
            x.add x = ok x_1 ∧
              ∃ x,
                x_1.add x_1 = ok x ∧ ConstantTimeEqcurve25519_dalekedwardsEdwardsPoint.ct_eq e_result x = ok Choice.one

[2026-01-13 06:09:59] [INFO] Attempt 1 failed verification, continuing...
[2026-01-13 06:09:59] [INFO] ========================================
[2026-01-13 06:09:59] [INFO] Trying strategy: omega (up to 1 attempts)
[2026-01-13 06:09:59] [INFO] --------------------
[2026-01-13 06:09:59] [INFO] Strategy omega, attempt 1/1
[2026-01-13 06:09:59] [INFO] Starting proof generation...
[2026-01-13 06:09:59] [INFO] Repository path: /root/repo
[2026-01-13 06:09:59] [INFO] Proof generation completed
[2026-01-13 06:09:59] [INFO] Generated proof:
[2026-01-13 06:09:59] [INFO] omega
[2026-01-13 06:09:59] [INFO] Proof length: 5 chars
[2026-01-13 06:09:59] [INFO] Starting proof verification...
[2026-01-13 06:09:59] [INFO] Verifying at: Curve25519Dalek/Specs/Edwards/EdwardsPoint/MulByCofactor.lean:49
[2026-01-13 06:09:59] [INFO] Using LEAN INTERACT verify
[2026-01-13 06:09:59] [INFO] Checking file
[2026-01-13 06:10:10] [INFO] Cannot build modified file <error line="49" column="4">
<code_line>    omega</code_line>
<message>error: omega could not prove the goal:</message>
</error>
No usable constraints found. You may need to unfold definitions so `omega` can see linear arithmetic facts about `Nat` and `Int`, which may also involve multiplication, division, and modular remainder by constants.
[2026-01-13 06:10:10] [INFO] Proof verification completed
[2026-01-13 06:10:10] [INFO] Strategy omega attempt 1: verified=False
[2026-01-13 06:10:10] [INFO] Verification message: Cannot build modified file: <error line="49" column="4">
<code_line>    omega</code_line>
<message>error: omega could not prove the goal:</message>
</error>
No usable constraints found. You may need to unfold definitions so `omega` can see linear arithmetic facts about `Nat` and `Int`, which may also involve multiplication, division, and modular remainder by constants.

[2026-01-13 06:10:10] [INFO] Attempt 1 failed verification, continuing...
[2026-01-13 06:10:10] [INFO] ========================================
[2026-01-13 06:10:10] [INFO] Trying strategy: linarith (up to 1 attempts)
[2026-01-13 06:10:10] [INFO] --------------------
[2026-01-13 06:10:10] [INFO] Strategy linarith, attempt 1/1
[2026-01-13 06:10:10] [INFO] Starting proof generation...
[2026-01-13 06:10:10] [INFO] Repository path: /root/repo
[2026-01-13 06:10:10] [INFO] Proof generation completed
[2026-01-13 06:10:10] [INFO] Generated proof:
[2026-01-13 06:10:10] [INFO] linarith
[2026-01-13 06:10:10] [INFO] Proof length: 8 chars
[2026-01-13 06:10:10] [INFO] Starting proof verification...
[2026-01-13 06:10:10] [INFO] Verifying at: Curve25519Dalek/Specs/Edwards/EdwardsPoint/MulByCofactor.lean:49
[2026-01-13 06:10:10] [INFO] Using LEAN INTERACT verify
[2026-01-13 06:10:10] [INFO] Checking file
[2026-01-13 06:10:19] [INFO] Cannot build modified file <error line="49" column="4">
<code_line>    linarith</code_line>
<message>error: linarith failed to find a contradiction</message>
</error>
e : EdwardsPoint
⊢ False
failed
[2026-01-13 06:10:19] [INFO] Proof verification completed
[2026-01-13 06:10:19] [INFO] Strategy linarith attempt 1: verified=False
[2026-01-13 06:10:19] [INFO] Verification message: Cannot build modified file: <error line="49" column="4">
<code_line>    linarith</code_line>
<message>error: linarith failed to find a contradiction</message>
</error>
e : EdwardsPoint
⊢ False
failed

[2026-01-13 06:10:19] [INFO] Attempt 1 failed verification, continuing...
[2026-01-13 06:10:19] [INFO] ========================================
[2026-01-13 06:10:19] [INFO] Trying strategy: nlinarith (up to 1 attempts)
[2026-01-13 06:10:19] [INFO] --------------------
[2026-01-13 06:10:19] [INFO] Strategy nlinarith, attempt 1/1
[2026-01-13 06:10:19] [INFO] Starting proof generation...
[2026-01-13 06:10:19] [INFO] Repository path: /root/repo
[2026-01-13 06:10:19] [INFO] Proof generation completed
[2026-01-13 06:10:19] [INFO] Generated proof:
[2026-01-13 06:10:19] [INFO] nlinarith
[2026-01-13 06:10:19] [INFO] Proof length: 9 chars
[2026-01-13 06:10:19] [INFO] Starting proof verification...
[2026-01-13 06:10:19] [INFO] Verifying at: Curve25519Dalek/Specs/Edwards/EdwardsPoint/MulByCofactor.lean:49
[2026-01-13 06:10:19] [INFO] Using LEAN INTERACT verify
[2026-01-13 06:10:19] [INFO] Checking file
[2026-01-13 06:10:31] [INFO] Cannot build modified file <error line="49" column="4">
<code_line>    nlinarith</code_line>
<message>error: linarith failed to find a contradiction</message>
</error>
e : EdwardsPoint
⊢ False
failed
[2026-01-13 06:10:31] [INFO] Proof verification completed
[2026-01-13 06:10:31] [INFO] Strategy nlinarith attempt 1: verified=False
[2026-01-13 06:10:31] [INFO] Verification message: Cannot build modified file: <error line="49" column="4">
<code_line>    nlinarith</code_line>
<message>error: linarith failed to find a contradiction</message>
</error>
e : EdwardsPoint
⊢ False
failed

[2026-01-13 06:10:31] [INFO] Attempt 1 failed verification, continuing...
[2026-01-13 06:10:31] [INFO] ========================================
[2026-01-13 06:10:31] [INFO] Trying strategy: aesop (up to 1 attempts)
[2026-01-13 06:10:31] [INFO] --------------------
[2026-01-13 06:10:31] [INFO] Strategy aesop, attempt 1/1
[2026-01-13 06:10:31] [INFO] Starting proof generation...
[2026-01-13 06:10:31] [INFO] Repository path: /root/repo
[2026-01-13 06:10:31] [INFO] Proof generation completed
[2026-01-13 06:10:31] [INFO] Generated proof:
[2026-01-13 06:10:31] [INFO] aesop
[2026-01-13 06:10:31] [INFO] Proof length: 5 chars
[2026-01-13 06:10:31] [INFO] Starting proof verification...
[2026-01-13 06:10:31] [INFO] Verifying at: Curve25519Dalek/Specs/Edwards/EdwardsPoint/MulByCofactor.lean:49
[2026-01-13 06:10:31] [INFO] Using LEAN INTERACT verify
[2026-01-13 06:10:31] [INFO] Checking file
[2026-01-13 06:10:40] [INFO] Cannot build modified file <error line="48" column="30">
<code_line>    eq_choice = Choice.one := by</code_line>
<message>error: unsolved goals</message>
</error>
e : EdwardsPoint
⊢ ∃ e_result,
    e.mul_by_cofactor = ok e_result ∧
      ∃ x,
        e.add e = ok x ∧
          ∃ x_1,
            x.add x = ok x_1 ∧
              ∃ x,
                x_1.add x_1 = ok x ∧ ConstantTimeEqcurve25519_dalekedwardsEdwardsPoint.ct_eq e_result x = ok Choice.one
[2026-01-13 06:10:40] [INFO] Proof verification completed
[2026-01-13 06:10:40] [INFO] Strategy aesop attempt 1: verified=False
[2026-01-13 06:10:40] [INFO] Verification message: Cannot build modified file: <error line="48" column="30">
<code_line>    eq_choice = Choice.one := by</code_line>
<message>error: unsolved goals</message>
</error>
e : EdwardsPoint
⊢ ∃ e_result,
    e.mul_by_cofactor = ok e_result ∧
      ∃ x,
        e.add e = ok x ∧
          ∃ x_1,
            x.add x = ok x_1 ∧
              ∃ x,
                x_1.add x_1 = ok x ∧ ConstantTimeEqcurve25519_dalekedwardsEdwardsPoint.ct_eq e_result x = ok Choice.one

[2026-01-13 06:10:40] [INFO] Attempt 1 failed verification, continuing...
[2026-01-13 06:10:40] [INFO] ========================================
[2026-01-13 06:10:40] [INFO] Pass@k completed. Total results: 1
[2026-01-13 06:10:40] [INFO] FAILED: All 11 strategies x 1 attempts
[2026-01-13 06:10:40] [INFO] Writing results to file: /root/repo/result.json
[2026-01-13 06:10:40] [INFO] Result file written successfully
[2026-01-13 06:10:40] [INFO] Results exported to: /root/repo/result.json
[2026-01-13 06:10:40] [INFO] run_morphcloud_local.py completed successfully

[2026-01-13 06:10:40] [process_single_sorry] Downloading result file...
[2026-01-13 06:10:41] [process_single_sorry] Downloaded result to intermediate_experiment_outputs_full_reservoir_3_months/multi_tactic/2026-01-13_01-27-45_multi_tactic/individual/3bfa3aa792c8d724f608d39ac3619d97847031491d2010837367e71f1012187d.json
[2026-01-13 06:10:44] [process_single_sorry] Instance context closed successfully
[2026-01-13 06:10:44] [process_single_sorry] Parsing result file...
[2026-01-13 06:10:44] [process_single_sorry] Successfully parsed result (list format, 1 results)
