[2026-01-13 03:32:35] [process_single_sorry] Starting for sorry 4c9c6424b58d00810de196308215a7c763ff958aa81d73617eb6ae0d2d72fe3a
[2026-01-13 03:32:35] [process_single_sorry] Using snapshot: snapshot_62m7z7mk
[2026-01-13 03:32:35] [process_single_sorry] Repository: https://github.com/djvelleman/HTPILeanPackage@12ca2d2d0f0d12e6c2a158cf01268df350a7c884
[2026-01-13 03:32:35] [process_single_sorry] Instance name: HTPILeanPackage_12ca2d2d0f0d_multi_tactic_4c9c6424b58d00810de196308215a7c763ff958aa81d73617eb6ae0d2d72fe3a
[2026-01-13 03:32:35] [process_single_sorry] Starting attempt 1/3
[2026-01-13 03:32:35] [process_single_sorry] Starting instance from snapshot...
[2026-01-13 03:32:36] [process_single_sorry] Instance started successfully: morphvm_88sivq3r
[2026-01-13 03:32:36] [process_single_sorry] Creating .env file...
[2026-01-13 03:32:38] [process_single_sorry] .env file created (exit_code: 0)
[2026-01-13 03:32:38] [process_single_sorry] Executing agent command...
[2026-01-13 03:34:10] [process_single_sorry] Agent command completed (exit_code: 0)
[2026-01-13 03:34:10] [process_single_sorry] STDOUT:

Results JSON:
[
  {
    "sorry": {
      "repo": {
        "remote": "https://github.com/djvelleman/HTPILeanPackage",
        "branch": "master",
        "commit": "12ca2d2d0f0d12e6c2a158cf01268df350a7c884",
        "lean_version": "v4.26.0"
      },
      "location": {
        "path": "Chap8Ex.lean",
        "start_line": 65,
        "start_column": 19,
        "end_line": 65,
        "end_column": 24
      },
      "debug_info": {
        "goal": "U : Type\nA : Set U\n⊢ Set ↑A ∼ ↑(𝒫 A)",
        "url": "https://github.com/djvelleman/HTPILeanPackage/blob/12ca2d2d0f0d12e6c2a158cf01268df350a7c884/Chap8Ex.lean#L65"
      },
      "metadata": {
        "blame_email_hash": "915d100f01e6",
        "blame_date": "2025-05-12T09:44:57-04:00",
        "inclusion_date": "2026-01-09T22:11:53.147284+00:00"
      },
      "id": "4c9c6424b58d00810de196308215a7c763ff958aa81d73617eb6ae0d2d72fe3a"
    },
    "proof": null,
    "proof_verified": false,
    "feedback": null,
    "verification_message": "All 11 attempts failed (11 strategies x 1 attempts each)",
    "success": true,
    "error_type": null,
    "error_message": null,
    "strategy_name": "all_failed_k=1",
    "proof_attempts": [
      "rfl",
      "simp",
      "simp_all",
      "exact?",
      "grind",
      "ring",
      "norm_num",
      "omega",
      "linarith",
      "nlinarith",
      "aesop"
    ]
  }
]

[2026-01-13 03:34:10] [process_single_sorry] STDERR:
None of PyTorch, TensorFlow >= 2.0, or Flax have been found. Models won't be available and only tokenizers, configuration and file/data utilities can be used.
[2026-01-13 03:32:52] [INFO] ================================================================================
[2026-01-13 03:32:52] [INFO] Starting run_morphcloud_local.py
[2026-01-13 03:32:52] [INFO] ================================================================================
[2026-01-13 03:32:52] [INFO] Environment loaded
[2026-01-13 03:32:52] [INFO] Full command: /root/SorryDB/sorrydb/cli/run_morphcloud_local.py --repo-path /root/repo --sorry-json {"repo": {"remote": "https://github.com/djvelleman/HTPILeanPackage", "branch": "master", "commit": "12ca2d2d0f0d12e6c2a158cf01268df350a7c884", "lean_version": "v4.26.0"}, "location": {"path": "Chap8Ex.lean", "start_line": 65, "start_column": 19, "end_line": 65, "end_column": 24}, "debug_info": {"goal": "U : Type\nA : Set U\n\u22a2 Set \u2191A \u223c \u2191(\ud835\udcab A)", "url": "https://github.com/djvelleman/HTPILeanPackage/blob/12ca2d2d0f0d12e6c2a158cf01268df350a7c884/Chap8Ex.lean#L65"}, "metadata": {"blame_email_hash": "915d100f01e6", "blame_date": "2025-05-12T09:44:57-04:00", "inclusion_date": "2026-01-09T22:11:53.147284+00:00"}, "id": "4c9c6424b58d00810de196308215a7c763ff958aa81d73617eb6ae0d2d72fe3a"} --agent-strategy {"name": "multi_tactic", "args": {}}
[2026-01-13 03:32:52] [INFO] Arguments parsed: repo_path=/root/repo, output_path=/root/repo/result.json
[2026-01-13 03:32:52] [INFO] Strategy spec: {"name": "multi_tactic", "args": {}}...
[2026-01-13 03:32:52] [INFO] Loading sorry data...
[2026-01-13 03:32:52] [INFO] Parsing sorry from JSON string...
[2026-01-13 03:32:52] [INFO] Sorry data parsed from JSON string
[2026-01-13 03:32:52] [INFO] Creating strategy from spec...
[2026-01-13 03:32:52] [INFO] Parsing strategy spec (length: 36 chars)
[2026-01-13 03:32:52] [INFO] Strategy name: multi_tactic
[2026-01-13 03:32:52] [INFO] Strategy args: {}
[2026-01-13 03:32:52] [INFO] Pass@k value: 1
[2026-01-13 03:32:52] [INFO] Creating strategy: multi_tactic
[2026-01-13 03:32:52] [INFO] Creating multi_tactic strategy with tactics: ['rfl', 'simp', 'simp_all', 'exact?', 'grind', 'ring', 'norm_num', 'omega', 'linarith', 'nlinarith', 'aesop']
[2026-01-13 03:32:52] [INFO] Strategies created: ['rfl', 'simp', 'simp_all', 'exact?', 'grind', 'ring', 'norm_num', 'omega', 'linarith', 'nlinarith', 'aesop']
[2026-01-13 03:32:52] [INFO] Pass@k value: 1
[2026-01-13 03:32:52] [INFO] Creating Sorry object...
[2026-01-13 03:32:52] [INFO] Sorry object created: id=4c9c6424b58d00810de196308215a7c763ff958aa81d73617eb6ae0d2d72fe3a
[2026-01-13 03:32:52] [INFO] Sorry location: Chap8Ex.lean:65
[2026-01-13 03:32:52] [INFO] Context before sorry (lines 60-65):
[2026-01-13 03:32:52] [INFO]   60: lemma range_val_image {U : Type} (A : Set U) :
[2026-01-13 03:32:52] [INFO]   61:     range (val_image A) = 𝒫 A := sorry
[2026-01-13 03:32:52] [INFO]   62: 
[2026-01-13 03:32:52] [INFO]   63: -- 15.
[2026-01-13 03:32:52] [INFO]   64: lemma Set_equinum_powerset {U : Type} (A : Set U) :
[2026-01-13 03:32:52] [INFO]   65:     Set A ∼ 𝒫 A := sorry
[2026-01-13 03:32:52] [INFO] Sorry line:     Set A ∼ 𝒫 A := sorry
[2026-01-13 03:32:52] [INFO] Sorry goal: U : Type
A : Set U
⊢ Set ↑A ∼ ↑(𝒫 A)...
[2026-01-13 03:32:52] [INFO] ========================================
[2026-01-13 03:32:52] [INFO] Trying strategy: rfl (up to 1 attempts)
[2026-01-13 03:32:52] [INFO] --------------------
[2026-01-13 03:32:52] [INFO] Strategy rfl, attempt 1/1
[2026-01-13 03:32:52] [INFO] Starting proof generation...
[2026-01-13 03:32:52] [INFO] Repository path: /root/repo
[2026-01-13 03:32:52] [INFO] Proof generation completed
[2026-01-13 03:32:52] [INFO] Generated proof:
[2026-01-13 03:32:52] [INFO] rfl
[2026-01-13 03:32:52] [INFO] Proof length: 3 chars
[2026-01-13 03:32:52] [INFO] Starting proof verification...
[2026-01-13 03:32:52] [INFO] Verifying at: Chap8Ex.lean:65
[2026-01-13 03:32:52] [INFO] Using LEAN INTERACT verify
[2026-01-13 03:32:52] [INFO] Checking file
[2026-01-13 03:33:22] [INFO] Cannot build modified file <error line="64" column="0">
<code_line>lemma Set_equinum_powerset {U : Type} (A : Set U) :</code_line>
<message>error: Not a definitional equality: the conclusion should be an equality, but is `∃ f, one_to_one f ∧ onto f` </message>
</error>
<error line="65" column="19">
<code_line>    Set A ∼ 𝒫 A := rfl</code_line>
<message>error: Type mismatch</message>
</error>
  rfl
has type
  ?m.3 = ?m.3
but is expected to have type
  Set ↑A ∼ ↑(𝒫 A)

Note: This linter can be disabled with `set_option linter.unusedTactic false`
[2026-01-13 03:33:22] [INFO] Proof verification completed
[2026-01-13 03:33:22] [INFO] Strategy rfl attempt 1: verified=False
[2026-01-13 03:33:22] [INFO] Verification message: Cannot build modified file: <error line="64" column="0">
<code_line>lemma Set_equinum_powerset {U : Type} (A : Set U) :</code_line>
<message>error: Not a definitional equality: the conclusion should be an equality, but is `∃ f, one_to_one f ∧ onto f` </message>
</error>
<error line="65" column="19">
<code_line>    Set A ∼ 𝒫 A := rfl</code_line>
<message>error: Type mismatch</message>
</error>
  rfl
has type
  ?m.3 = ?m.3
but is expected to have type
  Set ↑A ∼ ↑(𝒫 A)

Note: This linter can be disabled with `set_option linter.unusedTactic false`

[2026-01-13 03:33:22] [INFO] Attempt 1 failed verification, continuing...
[2026-01-13 03:33:22] [INFO] ========================================
[2026-01-13 03:33:22] [INFO] Trying strategy: simp (up to 1 attempts)
[2026-01-13 03:33:22] [INFO] --------------------
[2026-01-13 03:33:22] [INFO] Strategy simp, attempt 1/1
[2026-01-13 03:33:22] [INFO] Starting proof generation...
[2026-01-13 03:33:22] [INFO] Repository path: /root/repo
[2026-01-13 03:33:22] [INFO] Proof generation completed
[2026-01-13 03:33:22] [INFO] Generated proof:
[2026-01-13 03:33:22] [INFO] simp
[2026-01-13 03:33:22] [INFO] Proof length: 4 chars
[2026-01-13 03:33:22] [INFO] Starting proof verification...
[2026-01-13 03:33:22] [INFO] Verifying at: Chap8Ex.lean:65
[2026-01-13 03:33:22] [INFO] Using LEAN INTERACT verify
[2026-01-13 03:33:22] [INFO] Checking file
[2026-01-13 03:33:27] [INFO] Cannot build modified file tmpgqr0fq0_.lean:65:19: error(lean.unknownIdentifier): Unknown identifier `simp`

Note: This linter can be disabled with `set_option linter.unusedTactic false`
[2026-01-13 03:33:27] [INFO] Proof verification completed
[2026-01-13 03:33:27] [INFO] Strategy simp attempt 1: verified=False
[2026-01-13 03:33:27] [INFO] Verification message: Cannot build modified file: tmpgqr0fq0_.lean:65:19: error(lean.unknownIdentifier): Unknown identifier `simp`

Note: This linter can be disabled with `set_option linter.unusedTactic false`

[2026-01-13 03:33:27] [INFO] Attempt 1 failed verification, continuing...
[2026-01-13 03:33:27] [INFO] ========================================
[2026-01-13 03:33:27] [INFO] Trying strategy: simp_all (up to 1 attempts)
[2026-01-13 03:33:27] [INFO] --------------------
[2026-01-13 03:33:27] [INFO] Strategy simp_all, attempt 1/1
[2026-01-13 03:33:27] [INFO] Starting proof generation...
[2026-01-13 03:33:27] [INFO] Repository path: /root/repo
[2026-01-13 03:33:27] [INFO] Proof generation completed
[2026-01-13 03:33:27] [INFO] Generated proof:
[2026-01-13 03:33:27] [INFO] simp_all
[2026-01-13 03:33:27] [INFO] Proof length: 8 chars
[2026-01-13 03:33:27] [INFO] Starting proof verification...
[2026-01-13 03:33:27] [INFO] Verifying at: Chap8Ex.lean:65
[2026-01-13 03:33:27] [INFO] Using LEAN INTERACT verify
[2026-01-13 03:33:27] [INFO] Checking file
[2026-01-13 03:33:31] [INFO] Cannot build modified file tmpiyn_l3_7.lean:65:19: error(lean.unknownIdentifier): Unknown identifier `simp_all`

Note: This linter can be disabled with `set_option linter.unusedTactic false`
[2026-01-13 03:33:31] [INFO] Proof verification completed
[2026-01-13 03:33:31] [INFO] Strategy simp_all attempt 1: verified=False
[2026-01-13 03:33:31] [INFO] Verification message: Cannot build modified file: tmpiyn_l3_7.lean:65:19: error(lean.unknownIdentifier): Unknown identifier `simp_all`

Note: This linter can be disabled with `set_option linter.unusedTactic false`

[2026-01-13 03:33:31] [INFO] Attempt 1 failed verification, continuing...
[2026-01-13 03:33:31] [INFO] ========================================
[2026-01-13 03:33:31] [INFO] Trying strategy: exact? (up to 1 attempts)
[2026-01-13 03:33:31] [INFO] --------------------
[2026-01-13 03:33:31] [INFO] Strategy exact?, attempt 1/1
[2026-01-13 03:33:31] [INFO] Starting proof generation...
[2026-01-13 03:33:31] [INFO] Repository path: /root/repo
[2026-01-13 03:33:31] [INFO] Proof generation completed
[2026-01-13 03:33:31] [INFO] Generated proof:
[2026-01-13 03:33:31] [INFO] exact?
[2026-01-13 03:33:31] [INFO] Proof length: 6 chars
[2026-01-13 03:33:31] [INFO] Starting proof verification...
[2026-01-13 03:33:31] [INFO] Verifying at: Chap8Ex.lean:65
[2026-01-13 03:33:31] [INFO] Using LEAN INTERACT verify
[2026-01-13 03:33:31] [INFO] Checking file
[2026-01-13 03:33:36] [INFO] Cannot build modified file tmpr3d_yumk.lean:65:19: error(lean.unknownIdentifier): Unknown identifier `exact?`

Note: This linter can be disabled with `set_option linter.unusedTactic false`
[2026-01-13 03:33:36] [INFO] Proof verification completed
[2026-01-13 03:33:36] [INFO] Strategy exact? attempt 1: verified=False
[2026-01-13 03:33:36] [INFO] Verification message: Cannot build modified file: tmpr3d_yumk.lean:65:19: error(lean.unknownIdentifier): Unknown identifier `exact?`

Note: This linter can be disabled with `set_option linter.unusedTactic false`

[2026-01-13 03:33:36] [INFO] Attempt 1 failed verification, continuing...
[2026-01-13 03:33:36] [INFO] ========================================
[2026-01-13 03:33:36] [INFO] Trying strategy: grind (up to 1 attempts)
[2026-01-13 03:33:36] [INFO] --------------------
[2026-01-13 03:33:36] [INFO] Strategy grind, attempt 1/1
[2026-01-13 03:33:36] [INFO] Starting proof generation...
[2026-01-13 03:33:36] [INFO] Repository path: /root/repo
[2026-01-13 03:33:36] [INFO] Proof generation completed
[2026-01-13 03:33:36] [INFO] Generated proof:
[2026-01-13 03:33:36] [INFO] grind
[2026-01-13 03:33:36] [INFO] Proof length: 5 chars
[2026-01-13 03:33:36] [INFO] Starting proof verification...
[2026-01-13 03:33:36] [INFO] Verifying at: Chap8Ex.lean:65
[2026-01-13 03:33:36] [INFO] Using LEAN INTERACT verify
[2026-01-13 03:33:36] [INFO] Checking file
[2026-01-13 03:33:41] [INFO] Cannot build modified file tmp_uafaqz6.lean:65:19: error(lean.unknownIdentifier): Unknown identifier `grind`

Note: This linter can be disabled with `set_option linter.unusedTactic false`
[2026-01-13 03:33:41] [INFO] Proof verification completed
[2026-01-13 03:33:41] [INFO] Strategy grind attempt 1: verified=False
[2026-01-13 03:33:41] [INFO] Verification message: Cannot build modified file: tmp_uafaqz6.lean:65:19: error(lean.unknownIdentifier): Unknown identifier `grind`

Note: This linter can be disabled with `set_option linter.unusedTactic false`

[2026-01-13 03:33:41] [INFO] Attempt 1 failed verification, continuing...
[2026-01-13 03:33:41] [INFO] ========================================
[2026-01-13 03:33:41] [INFO] Trying strategy: ring (up to 1 attempts)
[2026-01-13 03:33:41] [INFO] --------------------
[2026-01-13 03:33:41] [INFO] Strategy ring, attempt 1/1
[2026-01-13 03:33:41] [INFO] Starting proof generation...
[2026-01-13 03:33:41] [INFO] Repository path: /root/repo
[2026-01-13 03:33:41] [INFO] Proof generation completed
[2026-01-13 03:33:41] [INFO] Generated proof:
[2026-01-13 03:33:41] [INFO] ring
[2026-01-13 03:33:41] [INFO] Proof length: 4 chars
[2026-01-13 03:33:41] [INFO] Starting proof verification...
[2026-01-13 03:33:41] [INFO] Verifying at: Chap8Ex.lean:65
[2026-01-13 03:33:41] [INFO] Using LEAN INTERACT verify
[2026-01-13 03:33:41] [INFO] Checking file
[2026-01-13 03:33:45] [INFO] Cannot build modified file tmpyu4vqh_g.lean:65:19: error(lean.unknownIdentifier): Unknown identifier `ring`

Note: This linter can be disabled with `set_option linter.unusedTactic false`
[2026-01-13 03:33:45] [INFO] Proof verification completed
[2026-01-13 03:33:45] [INFO] Strategy ring attempt 1: verified=False
[2026-01-13 03:33:45] [INFO] Verification message: Cannot build modified file: tmpyu4vqh_g.lean:65:19: error(lean.unknownIdentifier): Unknown identifier `ring`

Note: This linter can be disabled with `set_option linter.unusedTactic false`

[2026-01-13 03:33:45] [INFO] Attempt 1 failed verification, continuing...
[2026-01-13 03:33:45] [INFO] ========================================
[2026-01-13 03:33:45] [INFO] Trying strategy: norm_num (up to 1 attempts)
[2026-01-13 03:33:45] [INFO] --------------------
[2026-01-13 03:33:45] [INFO] Strategy norm_num, attempt 1/1
[2026-01-13 03:33:45] [INFO] Starting proof generation...
[2026-01-13 03:33:45] [INFO] Repository path: /root/repo
[2026-01-13 03:33:45] [INFO] Proof generation completed
[2026-01-13 03:33:45] [INFO] Generated proof:
[2026-01-13 03:33:45] [INFO] norm_num
[2026-01-13 03:33:45] [INFO] Proof length: 8 chars
[2026-01-13 03:33:45] [INFO] Starting proof verification...
[2026-01-13 03:33:45] [INFO] Verifying at: Chap8Ex.lean:65
[2026-01-13 03:33:45] [INFO] Using LEAN INTERACT verify
[2026-01-13 03:33:45] [INFO] Checking file
[2026-01-13 03:33:50] [INFO] Cannot build modified file <error line="65" column="19">
<code_line>    Set A ∼ 𝒫 A := norm_num</code_line>
<message>error: Type mismatch</message>
</error>
  norm_num
has type
  Lean.ParserDescr
of sort `Type` but is expected to have type
  Set ↑A ∼ ↑(𝒫 A)
of sort `Prop`

Note: This linter can be disabled with `set_option linter.unusedTactic false`
[2026-01-13 03:33:50] [INFO] Proof verification completed
[2026-01-13 03:33:50] [INFO] Strategy norm_num attempt 1: verified=False
[2026-01-13 03:33:50] [INFO] Verification message: Cannot build modified file: <error line="65" column="19">
<code_line>    Set A ∼ 𝒫 A := norm_num</code_line>
<message>error: Type mismatch</message>
</error>
  norm_num
has type
  Lean.ParserDescr
of sort `Type` but is expected to have type
  Set ↑A ∼ ↑(𝒫 A)
of sort `Prop`

Note: This linter can be disabled with `set_option linter.unusedTactic false`

[2026-01-13 03:33:50] [INFO] Attempt 1 failed verification, continuing...
[2026-01-13 03:33:50] [INFO] ========================================
[2026-01-13 03:33:50] [INFO] Trying strategy: omega (up to 1 attempts)
[2026-01-13 03:33:50] [INFO] --------------------
[2026-01-13 03:33:50] [INFO] Strategy omega, attempt 1/1
[2026-01-13 03:33:50] [INFO] Starting proof generation...
[2026-01-13 03:33:50] [INFO] Repository path: /root/repo
[2026-01-13 03:33:50] [INFO] Proof generation completed
[2026-01-13 03:33:50] [INFO] Generated proof:
[2026-01-13 03:33:50] [INFO] omega
[2026-01-13 03:33:50] [INFO] Proof length: 5 chars
[2026-01-13 03:33:50] [INFO] Starting proof verification...
[2026-01-13 03:33:50] [INFO] Verifying at: Chap8Ex.lean:65
[2026-01-13 03:33:50] [INFO] Using LEAN INTERACT verify
[2026-01-13 03:33:50] [INFO] Checking file
[2026-01-13 03:33:55] [INFO] Cannot build modified file tmpm0ijx6lb.lean:65:19: error(lean.unknownIdentifier): Unknown identifier `omega`

Note: This linter can be disabled with `set_option linter.unusedTactic false`
[2026-01-13 03:33:55] [INFO] Proof verification completed
[2026-01-13 03:33:55] [INFO] Strategy omega attempt 1: verified=False
[2026-01-13 03:33:55] [INFO] Verification message: Cannot build modified file: tmpm0ijx6lb.lean:65:19: error(lean.unknownIdentifier): Unknown identifier `omega`

Note: This linter can be disabled with `set_option linter.unusedTactic false`

[2026-01-13 03:33:55] [INFO] Attempt 1 failed verification, continuing...
[2026-01-13 03:33:55] [INFO] ========================================
[2026-01-13 03:33:55] [INFO] Trying strategy: linarith (up to 1 attempts)
[2026-01-13 03:33:55] [INFO] --------------------
[2026-01-13 03:33:55] [INFO] Strategy linarith, attempt 1/1
[2026-01-13 03:33:55] [INFO] Starting proof generation...
[2026-01-13 03:33:55] [INFO] Repository path: /root/repo
[2026-01-13 03:33:55] [INFO] Proof generation completed
[2026-01-13 03:33:55] [INFO] Generated proof:
[2026-01-13 03:33:55] [INFO] linarith
[2026-01-13 03:33:55] [INFO] Proof length: 8 chars
[2026-01-13 03:33:55] [INFO] Starting proof verification...
[2026-01-13 03:33:55] [INFO] Verifying at: Chap8Ex.lean:65
[2026-01-13 03:33:55] [INFO] Using LEAN INTERACT verify
[2026-01-13 03:33:55] [INFO] Checking file
[2026-01-13 03:34:00] [INFO] Cannot build modified file tmpe1i_87aa.lean:65:19: error(lean.unknownIdentifier): Unknown identifier `linarith`

Note: This linter can be disabled with `set_option linter.unusedTactic false`
[2026-01-13 03:34:00] [INFO] Proof verification completed
[2026-01-13 03:34:00] [INFO] Strategy linarith attempt 1: verified=False
[2026-01-13 03:34:00] [INFO] Verification message: Cannot build modified file: tmpe1i_87aa.lean:65:19: error(lean.unknownIdentifier): Unknown identifier `linarith`

Note: This linter can be disabled with `set_option linter.unusedTactic false`

[2026-01-13 03:34:00] [INFO] Attempt 1 failed verification, continuing...
[2026-01-13 03:34:00] [INFO] ========================================
[2026-01-13 03:34:00] [INFO] Trying strategy: nlinarith (up to 1 attempts)
[2026-01-13 03:34:00] [INFO] --------------------
[2026-01-13 03:34:00] [INFO] Strategy nlinarith, attempt 1/1
[2026-01-13 03:34:00] [INFO] Starting proof generation...
[2026-01-13 03:34:00] [INFO] Repository path: /root/repo
[2026-01-13 03:34:00] [INFO] Proof generation completed
[2026-01-13 03:34:00] [INFO] Generated proof:
[2026-01-13 03:34:00] [INFO] nlinarith
[2026-01-13 03:34:00] [INFO] Proof length: 9 chars
[2026-01-13 03:34:00] [INFO] Starting proof verification...
[2026-01-13 03:34:00] [INFO] Verifying at: Chap8Ex.lean:65
[2026-01-13 03:34:00] [INFO] Using LEAN INTERACT verify
[2026-01-13 03:34:00] [INFO] Checking file
[2026-01-13 03:34:04] [INFO] Cannot build modified file tmpgnxi37lr.lean:65:19: error(lean.unknownIdentifier): Unknown identifier `nlinarith`

Note: This linter can be disabled with `set_option linter.unusedTactic false`
[2026-01-13 03:34:04] [INFO] Proof verification completed
[2026-01-13 03:34:04] [INFO] Strategy nlinarith attempt 1: verified=False
[2026-01-13 03:34:04] [INFO] Verification message: Cannot build modified file: tmpgnxi37lr.lean:65:19: error(lean.unknownIdentifier): Unknown identifier `nlinarith`

Note: This linter can be disabled with `set_option linter.unusedTactic false`

[2026-01-13 03:34:04] [INFO] Attempt 1 failed verification, continuing...
[2026-01-13 03:34:04] [INFO] ========================================
[2026-01-13 03:34:04] [INFO] Trying strategy: aesop (up to 1 attempts)
[2026-01-13 03:34:04] [INFO] --------------------
[2026-01-13 03:34:04] [INFO] Strategy aesop, attempt 1/1
[2026-01-13 03:34:04] [INFO] Starting proof generation...
[2026-01-13 03:34:04] [INFO] Repository path: /root/repo
[2026-01-13 03:34:04] [INFO] Proof generation completed
[2026-01-13 03:34:04] [INFO] Generated proof:
[2026-01-13 03:34:04] [INFO] aesop
[2026-01-13 03:34:04] [INFO] Proof length: 5 chars
[2026-01-13 03:34:04] [INFO] Starting proof verification...
[2026-01-13 03:34:04] [INFO] Verifying at: Chap8Ex.lean:65
[2026-01-13 03:34:04] [INFO] Using LEAN INTERACT verify
[2026-01-13 03:34:04] [INFO] Checking file
[2026-01-13 03:34:08] [INFO] Cannot build modified file tmpubpy87vr.lean:65:19: error(lean.unknownIdentifier): Unknown identifier `aesop`

Note: This linter can be disabled with `set_option linter.unusedTactic false`
[2026-01-13 03:34:08] [INFO] Proof verification completed
[2026-01-13 03:34:08] [INFO] Strategy aesop attempt 1: verified=False
[2026-01-13 03:34:08] [INFO] Verification message: Cannot build modified file: tmpubpy87vr.lean:65:19: error(lean.unknownIdentifier): Unknown identifier `aesop`

Note: This linter can be disabled with `set_option linter.unusedTactic false`

[2026-01-13 03:34:08] [INFO] Attempt 1 failed verification, continuing...
[2026-01-13 03:34:08] [INFO] ========================================
[2026-01-13 03:34:08] [INFO] Pass@k completed. Total results: 1
[2026-01-13 03:34:08] [INFO] FAILED: All 11 strategies x 1 attempts
[2026-01-13 03:34:08] [INFO] Writing results to file: /root/repo/result.json
[2026-01-13 03:34:08] [INFO] Result file written successfully
[2026-01-13 03:34:08] [INFO] Results exported to: /root/repo/result.json
[2026-01-13 03:34:08] [INFO] run_morphcloud_local.py completed successfully

[2026-01-13 03:34:10] [process_single_sorry] Downloading result file...
[2026-01-13 03:34:10] [process_single_sorry] Downloaded result to intermediate_experiment_outputs_full_reservoir_3_months/multi_tactic/2026-01-13_01-27-45_multi_tactic/individual/4c9c6424b58d00810de196308215a7c763ff958aa81d73617eb6ae0d2d72fe3a.json
[2026-01-13 03:34:12] [process_single_sorry] Instance context closed successfully
[2026-01-13 03:34:12] [process_single_sorry] Parsing result file...
[2026-01-13 03:34:12] [process_single_sorry] Successfully parsed result (list format, 1 results)
