[2026-01-13 03:47:23] [process_single_sorry] Starting for sorry 4d4c5fe9315e4e7e5eacf32ab77ce85a14b5c23751cc06979e62e499c33ca783
[2026-01-13 03:47:23] [process_single_sorry] Using snapshot: snapshot_zto64dt2
[2026-01-13 03:47:23] [process_single_sorry] Repository: https://github.com/google-deepmind/formal-imo@d3f9410760a5566c773a9136023a08d9be86684e
[2026-01-13 03:47:23] [process_single_sorry] Instance name: formal-imo_d3f9410760a5_multi_tactic_4d4c5fe9315e4e7e5eacf32ab77ce85a14b5c23751cc06979e62e499c33ca783
[2026-01-13 03:47:23] [process_single_sorry] Starting attempt 1/3
[2026-01-13 03:47:23] [process_single_sorry] Starting instance from snapshot...
[2026-01-13 03:47:26] [process_single_sorry] Instance started successfully: morphvm_44mtsulj
[2026-01-13 03:47:26] [process_single_sorry] Creating .env file...
[2026-01-13 03:47:32] [process_single_sorry] .env file created (exit_code: 0)
[2026-01-13 03:47:32] [process_single_sorry] Executing agent command...
[2026-01-13 03:49:18] [process_single_sorry] Agent command completed (exit_code: 0)
[2026-01-13 03:49:18] [process_single_sorry] STDOUT:

Results JSON:
[
  {
    "sorry": {
      "repo": {
        "remote": "https://github.com/google-deepmind/formal-imo",
        "branch": "main",
        "commit": "d3f9410760a5566c773a9136023a08d9be86684e",
        "lean_version": "v4.22.0"
      },
      "location": {
        "path": "Imo/2008/P3.lean",
        "start_line": 31,
        "start_column": 2,
        "end_line": 31,
        "end_column": 7
      },
      "debug_info": {
        "goal": "⊢ ∀ (N : ℕ), ∃ n ≥ N, ∃ p, Nat.Prime p ∧ p ∣ n ^ 2 + 1 ∧ ↑p > 2 * ↑n + √(2 * ↑n)",
        "url": "https://github.com/google-deepmind/formal-imo/blob/d3f9410760a5566c773a9136023a08d9be86684e/Imo/2008/P3.lean#L31"
      },
      "metadata": {
        "blame_email_hash": "0baf90d5af49",
        "blame_date": "2025-01-16T19:10:00+00:00",
        "inclusion_date": "2026-01-10T05:44:37.562726+00:00"
      },
      "id": "4d4c5fe9315e4e7e5eacf32ab77ce85a14b5c23751cc06979e62e499c33ca783"
    },
    "proof": null,
    "proof_verified": false,
    "feedback": null,
    "verification_message": "All 11 attempts failed (11 strategies x 1 attempts each)",
    "success": true,
    "error_type": null,
    "error_message": null,
    "strategy_name": "all_failed_k=1",
    "proof_attempts": [
      "rfl",
      "simp",
      "simp_all",
      "exact?",
      "grind",
      "ring",
      "norm_num",
      "omega",
      "linarith",
      "nlinarith",
      "aesop"
    ]
  }
]

[2026-01-13 03:49:18] [process_single_sorry] STDERR:
None of PyTorch, TensorFlow >= 2.0, or Flax have been found. Models won't be available and only tokenizers, configuration and file/data utilities can be used.
[2026-01-13 03:47:42] [INFO] ================================================================================
[2026-01-13 03:47:42] [INFO] Starting run_morphcloud_local.py
[2026-01-13 03:47:42] [INFO] ================================================================================
[2026-01-13 03:47:42] [INFO] Environment loaded
[2026-01-13 03:47:42] [INFO] Full command: /root/SorryDB/sorrydb/cli/run_morphcloud_local.py --repo-path /root/repo --sorry-json {"repo": {"remote": "https://github.com/google-deepmind/formal-imo", "branch": "main", "commit": "d3f9410760a5566c773a9136023a08d9be86684e", "lean_version": "v4.22.0"}, "location": {"path": "Imo/2008/P3.lean", "start_line": 31, "start_column": 2, "end_line": 31, "end_column": 7}, "debug_info": {"goal": "\u22a2 \u2200 (N : \u2115), \u2203 n \u2265 N, \u2203 p, Nat.Prime p \u2227 p \u2223 n ^ 2 + 1 \u2227 \u2191p > 2 * \u2191n + \u221a(2 * \u2191n)", "url": "https://github.com/google-deepmind/formal-imo/blob/d3f9410760a5566c773a9136023a08d9be86684e/Imo/2008/P3.lean#L31"}, "metadata": {"blame_email_hash": "0baf90d5af49", "blame_date": "2025-01-16T19:10:00+00:00", "inclusion_date": "2026-01-10T05:44:37.562726+00:00"}, "id": "4d4c5fe9315e4e7e5eacf32ab77ce85a14b5c23751cc06979e62e499c33ca783"} --agent-strategy {"name": "multi_tactic", "args": {}}
[2026-01-13 03:47:42] [INFO] Arguments parsed: repo_path=/root/repo, output_path=/root/repo/result.json
[2026-01-13 03:47:42] [INFO] Strategy spec: {"name": "multi_tactic", "args": {}}...
[2026-01-13 03:47:42] [INFO] Loading sorry data...
[2026-01-13 03:47:42] [INFO] Parsing sorry from JSON string...
[2026-01-13 03:47:42] [INFO] Sorry data parsed from JSON string
[2026-01-13 03:47:42] [INFO] Creating strategy from spec...
[2026-01-13 03:47:42] [INFO] Parsing strategy spec (length: 36 chars)
[2026-01-13 03:47:42] [INFO] Strategy name: multi_tactic
[2026-01-13 03:47:42] [INFO] Strategy args: {}
[2026-01-13 03:47:42] [INFO] Pass@k value: 1
[2026-01-13 03:47:42] [INFO] Creating strategy: multi_tactic
[2026-01-13 03:47:42] [INFO] Creating multi_tactic strategy with tactics: ['rfl', 'simp', 'simp_all', 'exact?', 'grind', 'ring', 'norm_num', 'omega', 'linarith', 'nlinarith', 'aesop']
[2026-01-13 03:47:42] [INFO] Strategies created: ['rfl', 'simp', 'simp_all', 'exact?', 'grind', 'ring', 'norm_num', 'omega', 'linarith', 'nlinarith', 'aesop']
[2026-01-13 03:47:42] [INFO] Pass@k value: 1
[2026-01-13 03:47:42] [INFO] Creating Sorry object...
[2026-01-13 03:47:42] [INFO] Sorry object created: id=4d4c5fe9315e4e7e5eacf32ab77ce85a14b5c23751cc06979e62e499c33ca783
[2026-01-13 03:47:42] [INFO] Sorry location: Imo/2008/P3.lean:31
[2026-01-13 03:47:42] [INFO] Context before sorry (lines 26-31):
[2026-01-13 03:47:42] [INFO]   26: -/
[2026-01-13 03:47:42] [INFO]   27: @[imo_problem_subject number_theory]
[2026-01-13 03:47:42] [INFO]   28: theorem imo_2008_p3 :
[2026-01-13 03:47:42] [INFO]   29:     ∀ N : ℕ,
[2026-01-13 03:47:42] [INFO]   30:       ∃ n : ℕ, n ≥ N ∧ ∃ p : ℕ, Nat.Prime p ∧ p ∣ n ^ 2 + 1 ∧ (p : ℝ) > 2 * n + √(2 * n) := by
[2026-01-13 03:47:42] [INFO]   31:   sorry
[2026-01-13 03:47:42] [INFO] Sorry line:   sorry
[2026-01-13 03:47:42] [INFO] Sorry goal: ⊢ ∀ (N : ℕ), ∃ n ≥ N, ∃ p, Nat.Prime p ∧ p ∣ n ^ 2 + 1 ∧ ↑p > 2 * ↑n + √(2 * ↑n)...
[2026-01-13 03:47:42] [INFO] ========================================
[2026-01-13 03:47:42] [INFO] Trying strategy: rfl (up to 1 attempts)
[2026-01-13 03:47:42] [INFO] --------------------
[2026-01-13 03:47:42] [INFO] Strategy rfl, attempt 1/1
[2026-01-13 03:47:42] [INFO] Starting proof generation...
[2026-01-13 03:47:42] [INFO] Repository path: /root/repo
[2026-01-13 03:47:42] [INFO] Proof generation completed
[2026-01-13 03:47:42] [INFO] Generated proof:
[2026-01-13 03:47:42] [INFO] rfl
[2026-01-13 03:47:42] [INFO] Proof length: 3 chars
[2026-01-13 03:47:42] [INFO] Starting proof verification...
[2026-01-13 03:47:42] [INFO] Verifying at: Imo/2008/P3.lean:31
[2026-01-13 03:47:42] [INFO] Using LEAN INTERACT verify
[2026-01-13 03:47:42] [INFO] Checking file
[2026-01-13 03:48:05] [INFO] Cannot build modified file <error line="31" column="2">
<code_line>  rfl</code_line>
<message>error: tactic 'rfl' failed, expected goal to be a binary relation</message>
</error>
⊢ ∀ (N : ℕ), ∃ n ≥ N, ∃ p, Nat.Prime p ∧ p ∣ n ^ 2 + 1 ∧ ↑p > 2 * ↑n + √(2 * ↑n)
[2026-01-13 03:48:05] [INFO] Proof verification completed
[2026-01-13 03:48:05] [INFO] Strategy rfl attempt 1: verified=False
[2026-01-13 03:48:05] [INFO] Verification message: Cannot build modified file: <error line="31" column="2">
<code_line>  rfl</code_line>
<message>error: tactic 'rfl' failed, expected goal to be a binary relation</message>
</error>
⊢ ∀ (N : ℕ), ∃ n ≥ N, ∃ p, Nat.Prime p ∧ p ∣ n ^ 2 + 1 ∧ ↑p > 2 * ↑n + √(2 * ↑n)

[2026-01-13 03:48:05] [INFO] Attempt 1 failed verification, continuing...
[2026-01-13 03:48:05] [INFO] ========================================
[2026-01-13 03:48:05] [INFO] Trying strategy: simp (up to 1 attempts)
[2026-01-13 03:48:05] [INFO] --------------------
[2026-01-13 03:48:05] [INFO] Strategy simp, attempt 1/1
[2026-01-13 03:48:05] [INFO] Starting proof generation...
[2026-01-13 03:48:05] [INFO] Repository path: /root/repo
[2026-01-13 03:48:05] [INFO] Proof generation completed
[2026-01-13 03:48:05] [INFO] Generated proof:
[2026-01-13 03:48:05] [INFO] simp
[2026-01-13 03:48:05] [INFO] Proof length: 4 chars
[2026-01-13 03:48:05] [INFO] Starting proof verification...
[2026-01-13 03:48:05] [INFO] Verifying at: Imo/2008/P3.lean:31
[2026-01-13 03:48:05] [INFO] Using LEAN INTERACT verify
[2026-01-13 03:48:05] [INFO] Checking file
[2026-01-13 03:48:11] [INFO] Cannot build modified file <error line="30" column="92">
<code_line>      ∃ n : ℕ, n ≥ N ∧ ∃ p : ℕ, Nat.Prime p ∧ p ∣ n ^ 2 + 1 ∧ (p : ℝ) > 2 * n + √(2 * n) := by</code_line>
<message>error: unsolved goals</message>
</error>
⊢ ∀ (N : ℕ), ∃ n, N ≤ n ∧ ∃ p, Nat.Prime p ∧ p ∣ n ^ 2 + 1 ∧ 2 * ↑n + √2 * √↑n < ↑p
[2026-01-13 03:48:11] [INFO] Proof verification completed
[2026-01-13 03:48:11] [INFO] Strategy simp attempt 1: verified=False
[2026-01-13 03:48:11] [INFO] Verification message: Cannot build modified file: <error line="30" column="92">
<code_line>      ∃ n : ℕ, n ≥ N ∧ ∃ p : ℕ, Nat.Prime p ∧ p ∣ n ^ 2 + 1 ∧ (p : ℝ) > 2 * n + √(2 * n) := by</code_line>
<message>error: unsolved goals</message>
</error>
⊢ ∀ (N : ℕ), ∃ n, N ≤ n ∧ ∃ p, Nat.Prime p ∧ p ∣ n ^ 2 + 1 ∧ 2 * ↑n + √2 * √↑n < ↑p

[2026-01-13 03:48:11] [INFO] Attempt 1 failed verification, continuing...
[2026-01-13 03:48:11] [INFO] ========================================
[2026-01-13 03:48:11] [INFO] Trying strategy: simp_all (up to 1 attempts)
[2026-01-13 03:48:11] [INFO] --------------------
[2026-01-13 03:48:11] [INFO] Strategy simp_all, attempt 1/1
[2026-01-13 03:48:11] [INFO] Starting proof generation...
[2026-01-13 03:48:11] [INFO] Repository path: /root/repo
[2026-01-13 03:48:11] [INFO] Proof generation completed
[2026-01-13 03:48:11] [INFO] Generated proof:
[2026-01-13 03:48:11] [INFO] simp_all
[2026-01-13 03:48:11] [INFO] Proof length: 8 chars
[2026-01-13 03:48:11] [INFO] Starting proof verification...
[2026-01-13 03:48:11] [INFO] Verifying at: Imo/2008/P3.lean:31
[2026-01-13 03:48:11] [INFO] Using LEAN INTERACT verify
[2026-01-13 03:48:11] [INFO] Checking file
[2026-01-13 03:48:16] [INFO] Cannot build modified file <error line="30" column="92">
<code_line>      ∃ n : ℕ, n ≥ N ∧ ∃ p : ℕ, Nat.Prime p ∧ p ∣ n ^ 2 + 1 ∧ (p : ℝ) > 2 * n + √(2 * n) := by</code_line>
<message>error: unsolved goals</message>
</error>
⊢ ∀ (N : ℕ), ∃ n, N ≤ n ∧ ∃ p, Nat.Prime p ∧ p ∣ n ^ 2 + 1 ∧ 2 * ↑n + √2 * √↑n < ↑p
[2026-01-13 03:48:16] [INFO] Proof verification completed
[2026-01-13 03:48:16] [INFO] Strategy simp_all attempt 1: verified=False
[2026-01-13 03:48:16] [INFO] Verification message: Cannot build modified file: <error line="30" column="92">
<code_line>      ∃ n : ℕ, n ≥ N ∧ ∃ p : ℕ, Nat.Prime p ∧ p ∣ n ^ 2 + 1 ∧ (p : ℝ) > 2 * n + √(2 * n) := by</code_line>
<message>error: unsolved goals</message>
</error>
⊢ ∀ (N : ℕ), ∃ n, N ≤ n ∧ ∃ p, Nat.Prime p ∧ p ∣ n ^ 2 + 1 ∧ 2 * ↑n + √2 * √↑n < ↑p

[2026-01-13 03:48:16] [INFO] Attempt 1 failed verification, continuing...
[2026-01-13 03:48:16] [INFO] ========================================
[2026-01-13 03:48:16] [INFO] Trying strategy: exact? (up to 1 attempts)
[2026-01-13 03:48:16] [INFO] --------------------
[2026-01-13 03:48:16] [INFO] Strategy exact?, attempt 1/1
[2026-01-13 03:48:16] [INFO] Starting proof generation...
[2026-01-13 03:48:16] [INFO] Repository path: /root/repo
[2026-01-13 03:48:16] [INFO] Proof generation completed
[2026-01-13 03:48:16] [INFO] Generated proof:
[2026-01-13 03:48:16] [INFO] exact?
[2026-01-13 03:48:16] [INFO] Proof length: 6 chars
[2026-01-13 03:48:16] [INFO] Starting proof verification...
[2026-01-13 03:48:16] [INFO] Verifying at: Imo/2008/P3.lean:31
[2026-01-13 03:48:16] [INFO] Using LEAN INTERACT verify
[2026-01-13 03:48:16] [INFO] Checking file
[2026-01-13 03:48:41] [INFO] Cannot build modified file <error line="31" column="2">
<code_line>  exact?</code_line>
<message>error: `exact?` could not close the goal. Try `apply?` to see partial suggestions.</message>
</error>
[2026-01-13 03:48:41] [INFO] Proof verification completed
[2026-01-13 03:48:41] [INFO] Strategy exact? attempt 1: verified=False
[2026-01-13 03:48:41] [INFO] Verification message: Cannot build modified file: <error line="31" column="2">
<code_line>  exact?</code_line>
<message>error: `exact?` could not close the goal. Try `apply?` to see partial suggestions.</message>
</error>

[2026-01-13 03:48:41] [INFO] Attempt 1 failed verification, continuing...
[2026-01-13 03:48:41] [INFO] ========================================
[2026-01-13 03:48:41] [INFO] Trying strategy: grind (up to 1 attempts)
[2026-01-13 03:48:41] [INFO] --------------------
[2026-01-13 03:48:41] [INFO] Strategy grind, attempt 1/1
[2026-01-13 03:48:41] [INFO] Starting proof generation...
[2026-01-13 03:48:41] [INFO] Repository path: /root/repo
[2026-01-13 03:48:41] [INFO] Proof generation completed
[2026-01-13 03:48:41] [INFO] Generated proof:
[2026-01-13 03:48:41] [INFO] grind
[2026-01-13 03:48:41] [INFO] Proof length: 5 chars
[2026-01-13 03:48:41] [INFO] Starting proof verification...
[2026-01-13 03:48:41] [INFO] Verifying at: Imo/2008/P3.lean:31
[2026-01-13 03:48:41] [INFO] Using LEAN INTERACT verify
[2026-01-13 03:48:41] [INFO] Checking file
[2026-01-13 03:48:47] [INFO] Cannot build modified file <error line="31" column="2">
<code_line>  grind</code_line>
<message>error: `grind` failed</message>
</error>
case grind
N : ℕ
h : ∀ (a a_1 : ℕ), Nat.Prime a_1 → 2 * ↑a + √(2 * ↑a) < ↑a_1 → a_1 ∣ a ^ 2 + 1 → a + 1 ≤ N
⊢ False
[grind] Goal diagnostics
  [facts] Asserted facts
    [prop] ∀ (a a_1 : ℕ), Nat.Prime a_1 → 2 * ↑a + √(2 * ↑a) < ↑a_1 → a_1 ∣ a ^ 2 + 1 → a + 1 ≤ N
  [eqc] True propositions
    [prop] ∀ (a a_1 : ℕ), Nat.Prime a_1 → 2 * ↑a + √(2 * ↑a) < ↑a_1 → a_1 ∣ a ^ 2 + 1 → a + 1 ≤ N
  [ematch] E-matching patterns
    [thm] h: [Nat.Prime #3, @NatCast.natCast `[ℝ] `[Real.instNatCast] #4]
    [thm] h: [@LE.le `[ℕ] `[instLENat] (#4 + 1) `[N], @NatCast.natCast `[ℝ] `[Real.instNatCast] #3]
[2026-01-13 03:48:47] [INFO] Proof verification completed
[2026-01-13 03:48:47] [INFO] Strategy grind attempt 1: verified=False
[2026-01-13 03:48:47] [INFO] Verification message: Cannot build modified file: <error line="31" column="2">
<code_line>  grind</code_line>
<message>error: `grind` failed</message>
</error>
case grind
N : ℕ
h : ∀ (a a_1 : ℕ), Nat.Prime a_1 → 2 * ↑a + √(2 * ↑a) < ↑a_1 → a_1 ∣ a ^ 2 + 1 → a + 1 ≤ N
⊢ False
[grind] Goal diagnostics
  [facts] Asserted facts
    [prop] ∀ (a a_1 : ℕ), Nat.Prime a_1 → 2 * ↑a + √(2 * ↑a) < ↑a_1 → a_1 ∣ a ^ 2 + 1 → a + 1 ≤ N
  [eqc] True propositions
    [prop] ∀ (a a_1 : ℕ), Nat.Prime a_1 → 2 * ↑a + √(2 * ↑a) < ↑a_1 → a_1 ∣ a ^ 2 + 1 → a + 1 ≤ N
  [ematch] E-matching patterns
    [thm] h: [Nat.Prime #3, @NatCast.natCast `[ℝ] `[Real.instNatCast] #4]
    [thm] h: [@LE.le `[ℕ] `[instLENat] (#4 + 1) `[N], @NatCast.natCast `[ℝ] `[Real.instNatCast] #3]

[2026-01-13 03:48:47] [INFO] Attempt 1 failed verification, continuing...
[2026-01-13 03:48:47] [INFO] ========================================
[2026-01-13 03:48:47] [INFO] Trying strategy: ring (up to 1 attempts)
[2026-01-13 03:48:47] [INFO] --------------------
[2026-01-13 03:48:47] [INFO] Strategy ring, attempt 1/1
[2026-01-13 03:48:47] [INFO] Starting proof generation...
[2026-01-13 03:48:47] [INFO] Repository path: /root/repo
[2026-01-13 03:48:47] [INFO] Proof generation completed
[2026-01-13 03:48:47] [INFO] Generated proof:
[2026-01-13 03:48:47] [INFO] ring
[2026-01-13 03:48:47] [INFO] Proof length: 4 chars
[2026-01-13 03:48:47] [INFO] Starting proof verification...
[2026-01-13 03:48:47] [INFO] Verifying at: Imo/2008/P3.lean:31
[2026-01-13 03:48:47] [INFO] Using LEAN INTERACT verify
[2026-01-13 03:48:47] [INFO] Checking file
[2026-01-13 03:48:52] [INFO] Cannot build modified file Try this: ring_nf
<error line="30" column="92">
<code_line>      ∃ n : ℕ, n ≥ N ∧ ∃ p : ℕ, Nat.Prime p ∧ p ∣ n ^ 2 + 1 ∧ (p : ℝ) > 2 * n + √(2 * n) := by</code_line>
<message>error: unsolved goals</message>
</error>
⊢ ∀ (N : ℕ), ∃ n ≥ N, ∃ p, Nat.Prime p ∧ p ∣ 1 + n ^ 2 ∧ ↑p > ↑n * 2 + √(↑n * 2)
[2026-01-13 03:48:52] [INFO] Proof verification completed
[2026-01-13 03:48:52] [INFO] Strategy ring attempt 1: verified=False
[2026-01-13 03:48:52] [INFO] Verification message: Cannot build modified file: Try this: ring_nf
<error line="30" column="92">
<code_line>      ∃ n : ℕ, n ≥ N ∧ ∃ p : ℕ, Nat.Prime p ∧ p ∣ n ^ 2 + 1 ∧ (p : ℝ) > 2 * n + √(2 * n) := by</code_line>
<message>error: unsolved goals</message>
</error>
⊢ ∀ (N : ℕ), ∃ n ≥ N, ∃ p, Nat.Prime p ∧ p ∣ 1 + n ^ 2 ∧ ↑p > ↑n * 2 + √(↑n * 2)

[2026-01-13 03:48:52] [INFO] Attempt 1 failed verification, continuing...
[2026-01-13 03:48:52] [INFO] ========================================
[2026-01-13 03:48:52] [INFO] Trying strategy: norm_num (up to 1 attempts)
[2026-01-13 03:48:52] [INFO] --------------------
[2026-01-13 03:48:52] [INFO] Strategy norm_num, attempt 1/1
[2026-01-13 03:48:52] [INFO] Starting proof generation...
[2026-01-13 03:48:52] [INFO] Repository path: /root/repo
[2026-01-13 03:48:52] [INFO] Proof generation completed
[2026-01-13 03:48:52] [INFO] Generated proof:
[2026-01-13 03:48:52] [INFO] norm_num
[2026-01-13 03:48:52] [INFO] Proof length: 8 chars
[2026-01-13 03:48:52] [INFO] Starting proof verification...
[2026-01-13 03:48:52] [INFO] Verifying at: Imo/2008/P3.lean:31
[2026-01-13 03:48:52] [INFO] Using LEAN INTERACT verify
[2026-01-13 03:48:52] [INFO] Checking file
[2026-01-13 03:48:57] [INFO] Cannot build modified file <error line="30" column="92">
<code_line>      ∃ n : ℕ, n ≥ N ∧ ∃ p : ℕ, Nat.Prime p ∧ p ∣ n ^ 2 + 1 ∧ (p : ℝ) > 2 * n + √(2 * n) := by</code_line>
<message>error: unsolved goals</message>
</error>
⊢ ∀ (N : ℕ), ∃ n, N ≤ n ∧ ∃ p, Nat.Prime p ∧ p ∣ n ^ 2 + 1 ∧ 2 * ↑n + √2 * √↑n < ↑p
[2026-01-13 03:48:57] [INFO] Proof verification completed
[2026-01-13 03:48:57] [INFO] Strategy norm_num attempt 1: verified=False
[2026-01-13 03:48:57] [INFO] Verification message: Cannot build modified file: <error line="30" column="92">
<code_line>      ∃ n : ℕ, n ≥ N ∧ ∃ p : ℕ, Nat.Prime p ∧ p ∣ n ^ 2 + 1 ∧ (p : ℝ) > 2 * n + √(2 * n) := by</code_line>
<message>error: unsolved goals</message>
</error>
⊢ ∀ (N : ℕ), ∃ n, N ≤ n ∧ ∃ p, Nat.Prime p ∧ p ∣ n ^ 2 + 1 ∧ 2 * ↑n + √2 * √↑n < ↑p

[2026-01-13 03:48:57] [INFO] Attempt 1 failed verification, continuing...
[2026-01-13 03:48:57] [INFO] ========================================
[2026-01-13 03:48:57] [INFO] Trying strategy: omega (up to 1 attempts)
[2026-01-13 03:48:57] [INFO] --------------------
[2026-01-13 03:48:57] [INFO] Strategy omega, attempt 1/1
[2026-01-13 03:48:57] [INFO] Starting proof generation...
[2026-01-13 03:48:57] [INFO] Repository path: /root/repo
[2026-01-13 03:48:57] [INFO] Proof generation completed
[2026-01-13 03:48:57] [INFO] Generated proof:
[2026-01-13 03:48:57] [INFO] omega
[2026-01-13 03:48:57] [INFO] Proof length: 5 chars
[2026-01-13 03:48:57] [INFO] Starting proof verification...
[2026-01-13 03:48:57] [INFO] Verifying at: Imo/2008/P3.lean:31
[2026-01-13 03:48:57] [INFO] Using LEAN INTERACT verify
[2026-01-13 03:48:57] [INFO] Checking file
[2026-01-13 03:49:02] [INFO] Cannot build modified file <error line="31" column="2">
<code_line>  omega</code_line>
<message>error: omega could not prove the goal:</message>
</error>
No usable constraints found. You may need to unfold definitions so `omega` can see linear arithmetic facts about `Nat` and `Int`, which may also involve multiplication, division, and modular remainder by constants.
[2026-01-13 03:49:02] [INFO] Proof verification completed
[2026-01-13 03:49:02] [INFO] Strategy omega attempt 1: verified=False
[2026-01-13 03:49:02] [INFO] Verification message: Cannot build modified file: <error line="31" column="2">
<code_line>  omega</code_line>
<message>error: omega could not prove the goal:</message>
</error>
No usable constraints found. You may need to unfold definitions so `omega` can see linear arithmetic facts about `Nat` and `Int`, which may also involve multiplication, division, and modular remainder by constants.

[2026-01-13 03:49:02] [INFO] Attempt 1 failed verification, continuing...
[2026-01-13 03:49:02] [INFO] ========================================
[2026-01-13 03:49:02] [INFO] Trying strategy: linarith (up to 1 attempts)
[2026-01-13 03:49:02] [INFO] --------------------
[2026-01-13 03:49:02] [INFO] Strategy linarith, attempt 1/1
[2026-01-13 03:49:02] [INFO] Starting proof generation...
[2026-01-13 03:49:02] [INFO] Repository path: /root/repo
[2026-01-13 03:49:02] [INFO] Proof generation completed
[2026-01-13 03:49:02] [INFO] Generated proof:
[2026-01-13 03:49:02] [INFO] linarith
[2026-01-13 03:49:02] [INFO] Proof length: 8 chars
[2026-01-13 03:49:02] [INFO] Starting proof verification...
[2026-01-13 03:49:02] [INFO] Verifying at: Imo/2008/P3.lean:31
[2026-01-13 03:49:02] [INFO] Using LEAN INTERACT verify
[2026-01-13 03:49:02] [INFO] Checking file
[2026-01-13 03:49:07] [INFO] Cannot build modified file <error line="31" column="2">
<code_line>  linarith</code_line>
<message>error: linarith failed to find a contradiction</message>
</error>
⊢ False
failed
[2026-01-13 03:49:07] [INFO] Proof verification completed
[2026-01-13 03:49:07] [INFO] Strategy linarith attempt 1: verified=False
[2026-01-13 03:49:07] [INFO] Verification message: Cannot build modified file: <error line="31" column="2">
<code_line>  linarith</code_line>
<message>error: linarith failed to find a contradiction</message>
</error>
⊢ False
failed

[2026-01-13 03:49:07] [INFO] Attempt 1 failed verification, continuing...
[2026-01-13 03:49:07] [INFO] ========================================
[2026-01-13 03:49:07] [INFO] Trying strategy: nlinarith (up to 1 attempts)
[2026-01-13 03:49:07] [INFO] --------------------
[2026-01-13 03:49:07] [INFO] Strategy nlinarith, attempt 1/1
[2026-01-13 03:49:07] [INFO] Starting proof generation...
[2026-01-13 03:49:07] [INFO] Repository path: /root/repo
[2026-01-13 03:49:07] [INFO] Proof generation completed
[2026-01-13 03:49:07] [INFO] Generated proof:
[2026-01-13 03:49:07] [INFO] nlinarith
[2026-01-13 03:49:07] [INFO] Proof length: 9 chars
[2026-01-13 03:49:07] [INFO] Starting proof verification...
[2026-01-13 03:49:07] [INFO] Verifying at: Imo/2008/P3.lean:31
[2026-01-13 03:49:07] [INFO] Using LEAN INTERACT verify
[2026-01-13 03:49:07] [INFO] Checking file
[2026-01-13 03:49:12] [INFO] Cannot build modified file <error line="31" column="2">
<code_line>  nlinarith</code_line>
<message>error: linarith failed to find a contradiction</message>
</error>
⊢ False
failed
[2026-01-13 03:49:12] [INFO] Proof verification completed
[2026-01-13 03:49:12] [INFO] Strategy nlinarith attempt 1: verified=False
[2026-01-13 03:49:12] [INFO] Verification message: Cannot build modified file: <error line="31" column="2">
<code_line>  nlinarith</code_line>
<message>error: linarith failed to find a contradiction</message>
</error>
⊢ False
failed

[2026-01-13 03:49:12] [INFO] Attempt 1 failed verification, continuing...
[2026-01-13 03:49:12] [INFO] ========================================
[2026-01-13 03:49:12] [INFO] Trying strategy: aesop (up to 1 attempts)
[2026-01-13 03:49:12] [INFO] --------------------
[2026-01-13 03:49:12] [INFO] Strategy aesop, attempt 1/1
[2026-01-13 03:49:12] [INFO] Starting proof generation...
[2026-01-13 03:49:12] [INFO] Repository path: /root/repo
[2026-01-13 03:49:12] [INFO] Proof generation completed
[2026-01-13 03:49:12] [INFO] Generated proof:
[2026-01-13 03:49:12] [INFO] aesop
[2026-01-13 03:49:12] [INFO] Proof length: 5 chars
[2026-01-13 03:49:12] [INFO] Starting proof verification...
[2026-01-13 03:49:12] [INFO] Verifying at: Imo/2008/P3.lean:31
[2026-01-13 03:49:12] [INFO] Using LEAN INTERACT verify
[2026-01-13 03:49:12] [INFO] Checking file
[2026-01-13 03:49:18] [INFO] Cannot build modified file <error line="30" column="92">
<code_line>      ∃ n : ℕ, n ≥ N ∧ ∃ p : ℕ, Nat.Prime p ∧ p ∣ n ^ 2 + 1 ∧ (p : ℝ) > 2 * n + √(2 * n) := by</code_line>
<message>error: unsolved goals</message>
</error>
N : ℕ
⊢ ∃ n, N ≤ n ∧ ∃ p, Nat.Prime p ∧ p ∣ n ^ 2 + 1 ∧ 2 * ↑n + √2 * √↑n < ↑p
[2026-01-13 03:49:18] [INFO] Proof verification completed
[2026-01-13 03:49:18] [INFO] Strategy aesop attempt 1: verified=False
[2026-01-13 03:49:18] [INFO] Verification message: Cannot build modified file: <error line="30" column="92">
<code_line>      ∃ n : ℕ, n ≥ N ∧ ∃ p : ℕ, Nat.Prime p ∧ p ∣ n ^ 2 + 1 ∧ (p : ℝ) > 2 * n + √(2 * n) := by</code_line>
<message>error: unsolved goals</message>
</error>
N : ℕ
⊢ ∃ n, N ≤ n ∧ ∃ p, Nat.Prime p ∧ p ∣ n ^ 2 + 1 ∧ 2 * ↑n + √2 * √↑n < ↑p

[2026-01-13 03:49:18] [INFO] Attempt 1 failed verification, continuing...
[2026-01-13 03:49:18] [INFO] ========================================
[2026-01-13 03:49:18] [INFO] Pass@k completed. Total results: 1
[2026-01-13 03:49:18] [INFO] FAILED: All 11 strategies x 1 attempts
[2026-01-13 03:49:18] [INFO] Writing results to file: /root/repo/result.json
[2026-01-13 03:49:18] [INFO] Result file written successfully
[2026-01-13 03:49:18] [INFO] Results exported to: /root/repo/result.json
[2026-01-13 03:49:18] [INFO] run_morphcloud_local.py completed successfully

[2026-01-13 03:49:18] [process_single_sorry] Downloading result file...
[2026-01-13 03:49:19] [process_single_sorry] Downloaded result to intermediate_experiment_outputs_full_reservoir_3_months/multi_tactic/2026-01-13_01-27-45_multi_tactic/individual/4d4c5fe9315e4e7e5eacf32ab77ce85a14b5c23751cc06979e62e499c33ca783.json
[2026-01-13 03:49:21] [process_single_sorry] Instance context closed successfully
[2026-01-13 03:49:21] [process_single_sorry] Parsing result file...
[2026-01-13 03:49:21] [process_single_sorry] Successfully parsed result (list format, 1 results)
