[2026-01-13 05:58:57] [process_single_sorry] Starting for sorry 52182dbb8afb5e502ff0c88d7bfd3e91e75fa2bdaad3c662243a4f342e1e3b57
[2026-01-13 05:58:57] [process_single_sorry] Using snapshot: snapshot_370yv58t
[2026-01-13 05:58:57] [process_single_sorry] Repository: https://github.com/thefundamentaltheor3m/Sphere-Packing-Lean@c51fb6a165e3faf4def1861304d5ba2904ef99f8
[2026-01-13 05:58:57] [process_single_sorry] Instance name: Sphere-Packing-Lean_c51fb6a165e3_multi_tactic_52182dbb8afb5e502ff0c88d7bfd3e91e75fa2bdaad3c662243a4f342e1e3b57
[2026-01-13 05:58:57] [process_single_sorry] Starting attempt 1/3
[2026-01-13 05:58:57] [process_single_sorry] Starting instance from snapshot...
[2026-01-13 05:58:57] [process_single_sorry] Instance started successfully: morphvm_qhxh6t5o
[2026-01-13 05:58:57] [process_single_sorry] Creating .env file...
[2026-01-13 05:59:02] [process_single_sorry] .env file created (exit_code: 0)
[2026-01-13 05:59:02] [process_single_sorry] Executing agent command...
[2026-01-13 06:02:55] [process_single_sorry] Agent command completed (exit_code: 0)
[2026-01-13 06:02:55] [process_single_sorry] STDOUT:

Results JSON:
[
  {
    "sorry": {
      "repo": {
        "remote": "https://github.com/thefundamentaltheor3m/Sphere-Packing-Lean",
        "branch": "theta-mdiff",
        "commit": "c51fb6a165e3faf4def1861304d5ba2904ef99f8",
        "lean_version": "v4.27.0-rc1"
      },
      "location": {
        "path": "SpherePacking/MagicFunction/a/Integrability/Integrability.lean",
        "start_line": 45,
        "start_column": 2,
        "end_line": 45,
        "end_column": 7
      },
      "debug_info": {
        "goal": "r : ℝ\nhr : r ≥ 0\n⊢ HasFiniteIntegral (Φ₄ r) (volume.restrict (Icc 0 1))",
        "url": "https://github.com/thefundamentaltheor3m/Sphere-Packing-Lean/blob/c51fb6a165e3faf4def1861304d5ba2904ef99f8/SpherePacking/MagicFunction/a/Integrability/Integrability.lean#L45"
      },
      "metadata": {
        "blame_email_hash": "6564a1602cf3",
        "blame_date": "2026-01-06T00:05:54+04:00",
        "inclusion_date": "2026-01-11T05:35:44.866548+00:00"
      },
      "id": "52182dbb8afb5e502ff0c88d7bfd3e91e75fa2bdaad3c662243a4f342e1e3b57"
    },
    "proof": null,
    "proof_verified": false,
    "feedback": null,
    "verification_message": "All 11 attempts failed (11 strategies x 1 attempts each)",
    "success": true,
    "error_type": null,
    "error_message": null,
    "strategy_name": "all_failed_k=1",
    "proof_attempts": [
      "rfl",
      "simp",
      "simp_all",
      "exact?",
      "grind",
      "ring",
      "norm_num",
      "omega",
      "linarith",
      "nlinarith",
      "aesop"
    ]
  }
]

[2026-01-13 06:02:55] [process_single_sorry] STDERR:
None of PyTorch, TensorFlow >= 2.0, or Flax have been found. Models won't be available and only tokenizers, configuration and file/data utilities can be used.
[2026-01-13 05:59:32] [INFO] ================================================================================
[2026-01-13 05:59:32] [INFO] Starting run_morphcloud_local.py
[2026-01-13 05:59:32] [INFO] ================================================================================
[2026-01-13 05:59:32] [INFO] Environment loaded
[2026-01-13 05:59:32] [INFO] Full command: /root/SorryDB/sorrydb/cli/run_morphcloud_local.py --repo-path /root/repo --sorry-json {"repo": {"remote": "https://github.com/thefundamentaltheor3m/Sphere-Packing-Lean", "branch": "theta-mdiff", "commit": "c51fb6a165e3faf4def1861304d5ba2904ef99f8", "lean_version": "v4.27.0-rc1"}, "location": {"path": "SpherePacking/MagicFunction/a/Integrability/Integrability.lean", "start_line": 45, "start_column": 2, "end_line": 45, "end_column": 7}, "debug_info": {"goal": "r : \u211d\nhr : r \u2265 0\n\u22a2 HasFiniteIntegral (\u03a6\u2084 r) (volume.restrict (Icc 0 1))", "url": "https://github.com/thefundamentaltheor3m/Sphere-Packing-Lean/blob/c51fb6a165e3faf4def1861304d5ba2904ef99f8/SpherePacking/MagicFunction/a/Integrability/Integrability.lean#L45"}, "metadata": {"blame_email_hash": "6564a1602cf3", "blame_date": "2026-01-06T00:05:54+04:00", "inclusion_date": "2026-01-11T05:35:44.866548+00:00"}, "id": "52182dbb8afb5e502ff0c88d7bfd3e91e75fa2bdaad3c662243a4f342e1e3b57"} --agent-strategy {"name": "multi_tactic", "args": {}}
[2026-01-13 05:59:32] [INFO] Arguments parsed: repo_path=/root/repo, output_path=/root/repo/result.json
[2026-01-13 05:59:32] [INFO] Strategy spec: {"name": "multi_tactic", "args": {}}...
[2026-01-13 05:59:32] [INFO] Loading sorry data...
[2026-01-13 05:59:32] [INFO] Parsing sorry from JSON string...
[2026-01-13 05:59:32] [INFO] Sorry data parsed from JSON string
[2026-01-13 05:59:32] [INFO] Creating strategy from spec...
[2026-01-13 05:59:32] [INFO] Parsing strategy spec (length: 36 chars)
[2026-01-13 05:59:32] [INFO] Strategy name: multi_tactic
[2026-01-13 05:59:32] [INFO] Strategy args: {}
[2026-01-13 05:59:32] [INFO] Pass@k value: 1
[2026-01-13 05:59:32] [INFO] Creating strategy: multi_tactic
[2026-01-13 05:59:32] [INFO] Creating multi_tactic strategy with tactics: ['rfl', 'simp', 'simp_all', 'exact?', 'grind', 'ring', 'norm_num', 'omega', 'linarith', 'nlinarith', 'aesop']
[2026-01-13 05:59:32] [INFO] Strategies created: ['rfl', 'simp', 'simp_all', 'exact?', 'grind', 'ring', 'norm_num', 'omega', 'linarith', 'nlinarith', 'aesop']
[2026-01-13 05:59:32] [INFO] Pass@k value: 1
[2026-01-13 05:59:32] [INFO] Creating Sorry object...
[2026-01-13 05:59:32] [INFO] Sorry object created: id=52182dbb8afb5e502ff0c88d7bfd3e91e75fa2bdaad3c662243a4f342e1e3b57
[2026-01-13 05:59:32] [INFO] Sorry location: SpherePacking/MagicFunction/a/Integrability/Integrability.lean:45
[2026-01-13 05:59:32] [INFO] Context before sorry (lines 40-45):
[2026-01-13 05:59:32] [INFO]   40:   sorry
[2026-01-13 05:59:32] [INFO]   41: 
[2026-01-13 05:59:32] [INFO]   42: theorem Φ₄_integrableOn {r : ℝ} (hr : r ≥ 0) : IntegrableOn (Φ₄ r)
[2026-01-13 05:59:32] [INFO]   43:     (Icc (0 : ℝ) 1) volume := by
[2026-01-13 05:59:32] [INFO]   44:   refine ⟨ContinuousOn.aestronglyMeasurable Φ₄_contDiffOn.continuousOn measurableSet_Icc, ?_⟩
[2026-01-13 05:59:32] [INFO]   45:   sorry
[2026-01-13 05:59:32] [INFO] Sorry line:   sorry
[2026-01-13 05:59:32] [INFO] Sorry goal: r : ℝ
hr : r ≥ 0
⊢ HasFiniteIntegral (Φ₄ r) (volume.restrict (Icc 0 1))...
[2026-01-13 05:59:32] [INFO] ========================================
[2026-01-13 05:59:32] [INFO] Trying strategy: rfl (up to 1 attempts)
[2026-01-13 05:59:32] [INFO] --------------------
[2026-01-13 05:59:32] [INFO] Strategy rfl, attempt 1/1
[2026-01-13 05:59:32] [INFO] Starting proof generation...
[2026-01-13 05:59:32] [INFO] Repository path: /root/repo
[2026-01-13 05:59:32] [INFO] Proof generation completed
[2026-01-13 05:59:32] [INFO] Generated proof:
[2026-01-13 05:59:32] [INFO] rfl
[2026-01-13 05:59:32] [INFO] Proof length: 3 chars
[2026-01-13 05:59:32] [INFO] Starting proof verification...
[2026-01-13 05:59:32] [INFO] Verifying at: SpherePacking/MagicFunction/a/Integrability/Integrability.lean:45
[2026-01-13 05:59:32] [INFO] Using LEAN INTERACT verify
[2026-01-13 05:59:32] [INFO] Checking file
[2026-01-13 06:01:16] [INFO] Cannot build modified file <error line="45" column="2">
<code_line>  rfl</code_line>
<message>error: Tactic `rfl` failed: The left-hand side</message>
</error>
  Φ₄ r
is not definitionally equal to the right-hand side
  volume.restrict (Icc 0 1)

r : ℝ
hr : r ≥ 0
⊢ HasFiniteIntegral (Φ₄ r) (volume.restrict (Icc 0 1))
[2026-01-13 06:01:16] [INFO] Proof verification completed
[2026-01-13 06:01:16] [INFO] Strategy rfl attempt 1: verified=False
[2026-01-13 06:01:16] [INFO] Verification message: Cannot build modified file: <error line="45" column="2">
<code_line>  rfl</code_line>
<message>error: Tactic `rfl` failed: The left-hand side</message>
</error>
  Φ₄ r
is not definitionally equal to the right-hand side
  volume.restrict (Icc 0 1)

r : ℝ
hr : r ≥ 0
⊢ HasFiniteIntegral (Φ₄ r) (volume.restrict (Icc 0 1))

[2026-01-13 06:01:16] [INFO] Attempt 1 failed verification, continuing...
[2026-01-13 06:01:16] [INFO] ========================================
[2026-01-13 06:01:16] [INFO] Trying strategy: simp (up to 1 attempts)
[2026-01-13 06:01:16] [INFO] --------------------
[2026-01-13 06:01:16] [INFO] Strategy simp, attempt 1/1
[2026-01-13 06:01:16] [INFO] Starting proof generation...
[2026-01-13 06:01:16] [INFO] Repository path: /root/repo
[2026-01-13 06:01:16] [INFO] Proof generation completed
[2026-01-13 06:01:16] [INFO] Generated proof:
[2026-01-13 06:01:16] [INFO] simp
[2026-01-13 06:01:16] [INFO] Proof length: 4 chars
[2026-01-13 06:01:16] [INFO] Starting proof verification...
[2026-01-13 06:01:16] [INFO] Verifying at: SpherePacking/MagicFunction/a/Integrability/Integrability.lean:45
[2026-01-13 06:01:16] [INFO] Using LEAN INTERACT verify
[2026-01-13 06:01:16] [INFO] Checking file
[2026-01-13 06:01:24] [INFO] Cannot build modified file <error line="45" column="2">
<code_line>  simp</code_line>
<message>error: `simp` made no progress</message>
</error>
[2026-01-13 06:01:24] [INFO] Proof verification completed
[2026-01-13 06:01:24] [INFO] Strategy simp attempt 1: verified=False
[2026-01-13 06:01:24] [INFO] Verification message: Cannot build modified file: <error line="45" column="2">
<code_line>  simp</code_line>
<message>error: `simp` made no progress</message>
</error>

[2026-01-13 06:01:24] [INFO] Attempt 1 failed verification, continuing...
[2026-01-13 06:01:24] [INFO] ========================================
[2026-01-13 06:01:24] [INFO] Trying strategy: simp_all (up to 1 attempts)
[2026-01-13 06:01:24] [INFO] --------------------
[2026-01-13 06:01:24] [INFO] Strategy simp_all, attempt 1/1
[2026-01-13 06:01:24] [INFO] Starting proof generation...
[2026-01-13 06:01:24] [INFO] Repository path: /root/repo
[2026-01-13 06:01:24] [INFO] Proof generation completed
[2026-01-13 06:01:24] [INFO] Generated proof:
[2026-01-13 06:01:24] [INFO] simp_all
[2026-01-13 06:01:24] [INFO] Proof length: 8 chars
[2026-01-13 06:01:24] [INFO] Starting proof verification...
[2026-01-13 06:01:24] [INFO] Verifying at: SpherePacking/MagicFunction/a/Integrability/Integrability.lean:45
[2026-01-13 06:01:24] [INFO] Using LEAN INTERACT verify
[2026-01-13 06:01:24] [INFO] Checking file
[2026-01-13 06:01:31] [INFO] Cannot build modified file <error line="43" column="30">
<code_line>    (Icc (0 : ℝ) 1) volume := by</code_line>
<message>error: unsolved goals</message>
</error>
r : ℝ
hr : 0 ≤ r
⊢ HasFiniteIntegral (Φ₄ r) (volume.restrict (Icc 0 1))
[2026-01-13 06:01:31] [INFO] Proof verification completed
[2026-01-13 06:01:31] [INFO] Strategy simp_all attempt 1: verified=False
[2026-01-13 06:01:31] [INFO] Verification message: Cannot build modified file: <error line="43" column="30">
<code_line>    (Icc (0 : ℝ) 1) volume := by</code_line>
<message>error: unsolved goals</message>
</error>
r : ℝ
hr : 0 ≤ r
⊢ HasFiniteIntegral (Φ₄ r) (volume.restrict (Icc 0 1))

[2026-01-13 06:01:31] [INFO] Attempt 1 failed verification, continuing...
[2026-01-13 06:01:31] [INFO] ========================================
[2026-01-13 06:01:31] [INFO] Trying strategy: exact? (up to 1 attempts)
[2026-01-13 06:01:31] [INFO] --------------------
[2026-01-13 06:01:31] [INFO] Strategy exact?, attempt 1/1
[2026-01-13 06:01:31] [INFO] Starting proof generation...
[2026-01-13 06:01:31] [INFO] Repository path: /root/repo
[2026-01-13 06:01:31] [INFO] Proof generation completed
[2026-01-13 06:01:31] [INFO] Generated proof:
[2026-01-13 06:01:31] [INFO] exact?
[2026-01-13 06:01:31] [INFO] Proof length: 6 chars
[2026-01-13 06:01:31] [INFO] Starting proof verification...
[2026-01-13 06:01:31] [INFO] Verifying at: SpherePacking/MagicFunction/a/Integrability/Integrability.lean:45
[2026-01-13 06:01:31] [INFO] Using LEAN INTERACT verify
[2026-01-13 06:01:31] [INFO] Checking file
[2026-01-13 06:02:00] [INFO] Cannot build modified file <error line="45" column="2">
<code_line>  exact?</code_line>
<message>error: `exact?` could not close the goal. Try `apply?` to see partial suggestions.</message>
</error>
[2026-01-13 06:02:00] [INFO] Proof verification completed
[2026-01-13 06:02:00] [INFO] Strategy exact? attempt 1: verified=False
[2026-01-13 06:02:00] [INFO] Verification message: Cannot build modified file: <error line="45" column="2">
<code_line>  exact?</code_line>
<message>error: `exact?` could not close the goal. Try `apply?` to see partial suggestions.</message>
</error>

[2026-01-13 06:02:00] [INFO] Attempt 1 failed verification, continuing...
[2026-01-13 06:02:00] [INFO] ========================================
[2026-01-13 06:02:00] [INFO] Trying strategy: grind (up to 1 attempts)
[2026-01-13 06:02:00] [INFO] --------------------
[2026-01-13 06:02:00] [INFO] Strategy grind, attempt 1/1
[2026-01-13 06:02:00] [INFO] Starting proof generation...
[2026-01-13 06:02:00] [INFO] Repository path: /root/repo
[2026-01-13 06:02:00] [INFO] Proof generation completed
[2026-01-13 06:02:00] [INFO] Generated proof:
[2026-01-13 06:02:00] [INFO] grind
[2026-01-13 06:02:00] [INFO] Proof length: 5 chars
[2026-01-13 06:02:00] [INFO] Starting proof verification...
[2026-01-13 06:02:00] [INFO] Verifying at: SpherePacking/MagicFunction/a/Integrability/Integrability.lean:45
[2026-01-13 06:02:00] [INFO] Using LEAN INTERACT verify
[2026-01-13 06:02:00] [INFO] Checking file
[2026-01-13 06:02:07] [INFO] Cannot build modified file <error line="45" column="2">
<code_line>  grind</code_line>
<message>error: `grind` failed</message>
</error>
case grind
r : ℝ
hr : r ≥ 0
h : ¬HasFiniteIntegral (Φ₄ r) (volume.restrict (Icc 0 1))
⊢ False
[grind] Goal diagnostics
  [facts] Asserted facts
    [prop] 0 ≤ r
    [prop] ¬HasFiniteIntegral (Φ₄ r) (volume.restrict (Icc 0 1))
  [eqc] True propositions
    [prop] 0 ≤ r
  [eqc] False propositions
    [prop] HasFiniteIntegral (Φ₄ r) (volume.restrict (Icc 0 1))
  [linarith] Linarith assignment for `ℝ`
    [assign] r := 1
[2026-01-13 06:02:07] [INFO] Proof verification completed
[2026-01-13 06:02:07] [INFO] Strategy grind attempt 1: verified=False
[2026-01-13 06:02:07] [INFO] Verification message: Cannot build modified file: <error line="45" column="2">
<code_line>  grind</code_line>
<message>error: `grind` failed</message>
</error>
case grind
r : ℝ
hr : r ≥ 0
h : ¬HasFiniteIntegral (Φ₄ r) (volume.restrict (Icc 0 1))
⊢ False
[grind] Goal diagnostics
  [facts] Asserted facts
    [prop] 0 ≤ r
    [prop] ¬HasFiniteIntegral (Φ₄ r) (volume.restrict (Icc 0 1))
  [eqc] True propositions
    [prop] 0 ≤ r
  [eqc] False propositions
    [prop] HasFiniteIntegral (Φ₄ r) (volume.restrict (Icc 0 1))
  [linarith] Linarith assignment for `ℝ`
    [assign] r := 1

[2026-01-13 06:02:07] [INFO] Attempt 1 failed verification, continuing...
[2026-01-13 06:02:07] [INFO] ========================================
[2026-01-13 06:02:07] [INFO] Trying strategy: ring (up to 1 attempts)
[2026-01-13 06:02:07] [INFO] --------------------
[2026-01-13 06:02:07] [INFO] Strategy ring, attempt 1/1
[2026-01-13 06:02:07] [INFO] Starting proof generation...
[2026-01-13 06:02:07] [INFO] Repository path: /root/repo
[2026-01-13 06:02:07] [INFO] Proof generation completed
[2026-01-13 06:02:07] [INFO] Generated proof:
[2026-01-13 06:02:07] [INFO] ring
[2026-01-13 06:02:07] [INFO] Proof length: 4 chars
[2026-01-13 06:02:07] [INFO] Starting proof verification...
[2026-01-13 06:02:07] [INFO] Verifying at: SpherePacking/MagicFunction/a/Integrability/Integrability.lean:45
[2026-01-13 06:02:07] [INFO] Using LEAN INTERACT verify
[2026-01-13 06:02:07] [INFO] Checking file
[2026-01-13 06:02:14] [INFO] Cannot build modified file Try this:
  [apply] ring_nf
  
  The `ring` tactic failed to close the goal. Use `ring_nf` to obtain a normal form.
    
  Note that `ring` works primarily in *commutative* rings. If you have a noncommutative ring, abelian group or module, consider using `noncomm_ring`, `abel` or `module` instead.
<error line="43" column="30">
<code_line>    (Icc (0 : ℝ) 1) volume := by</code_line>
<message>error: unsolved goals</message>
</error>
r : ℝ
hr : r ≥ 0
⊢ HasFiniteIntegral (Φ₄ r) (volume.restrict (Icc 0 1))
[2026-01-13 06:02:14] [INFO] Proof verification completed
[2026-01-13 06:02:14] [INFO] Strategy ring attempt 1: verified=False
[2026-01-13 06:02:14] [INFO] Verification message: Cannot build modified file: Try this:
  [apply] ring_nf
  
  The `ring` tactic failed to close the goal. Use `ring_nf` to obtain a normal form.
    
  Note that `ring` works primarily in *commutative* rings. If you have a noncommutative ring, abelian group or module, consider using `noncomm_ring`, `abel` or `module` instead.
<error line="43" column="30">
<code_line>    (Icc (0 : ℝ) 1) volume := by</code_line>
<message>error: unsolved goals</message>
</error>
r : ℝ
hr : r ≥ 0
⊢ HasFiniteIntegral (Φ₄ r) (volume.restrict (Icc 0 1))

[2026-01-13 06:02:14] [INFO] Attempt 1 failed verification, continuing...
[2026-01-13 06:02:14] [INFO] ========================================
[2026-01-13 06:02:14] [INFO] Trying strategy: norm_num (up to 1 attempts)
[2026-01-13 06:02:14] [INFO] --------------------
[2026-01-13 06:02:14] [INFO] Strategy norm_num, attempt 1/1
[2026-01-13 06:02:14] [INFO] Starting proof generation...
[2026-01-13 06:02:14] [INFO] Repository path: /root/repo
[2026-01-13 06:02:14] [INFO] Proof generation completed
[2026-01-13 06:02:14] [INFO] Generated proof:
[2026-01-13 06:02:14] [INFO] norm_num
[2026-01-13 06:02:14] [INFO] Proof length: 8 chars
[2026-01-13 06:02:14] [INFO] Starting proof verification...
[2026-01-13 06:02:14] [INFO] Verifying at: SpherePacking/MagicFunction/a/Integrability/Integrability.lean:45
[2026-01-13 06:02:14] [INFO] Using LEAN INTERACT verify
[2026-01-13 06:02:14] [INFO] Checking file
[2026-01-13 06:02:21] [INFO] Cannot build modified file <error line="43" column="30">
<code_line>    (Icc (0 : ℝ) 1) volume := by</code_line>
<message>error: unsolved goals</message>
</error>
r : ℝ
hr : r ≥ 0
⊢ HasFiniteIntegral (Φ₄ r) (volume.restrict (Icc 0 1))
[2026-01-13 06:02:21] [INFO] Proof verification completed
[2026-01-13 06:02:21] [INFO] Strategy norm_num attempt 1: verified=False
[2026-01-13 06:02:21] [INFO] Verification message: Cannot build modified file: <error line="43" column="30">
<code_line>    (Icc (0 : ℝ) 1) volume := by</code_line>
<message>error: unsolved goals</message>
</error>
r : ℝ
hr : r ≥ 0
⊢ HasFiniteIntegral (Φ₄ r) (volume.restrict (Icc 0 1))

[2026-01-13 06:02:21] [INFO] Attempt 1 failed verification, continuing...
[2026-01-13 06:02:21] [INFO] ========================================
[2026-01-13 06:02:21] [INFO] Trying strategy: omega (up to 1 attempts)
[2026-01-13 06:02:21] [INFO] --------------------
[2026-01-13 06:02:21] [INFO] Strategy omega, attempt 1/1
[2026-01-13 06:02:21] [INFO] Starting proof generation...
[2026-01-13 06:02:21] [INFO] Repository path: /root/repo
[2026-01-13 06:02:21] [INFO] Proof generation completed
[2026-01-13 06:02:21] [INFO] Generated proof:
[2026-01-13 06:02:21] [INFO] omega
[2026-01-13 06:02:21] [INFO] Proof length: 5 chars
[2026-01-13 06:02:21] [INFO] Starting proof verification...
[2026-01-13 06:02:21] [INFO] Verifying at: SpherePacking/MagicFunction/a/Integrability/Integrability.lean:45
[2026-01-13 06:02:21] [INFO] Using LEAN INTERACT verify
[2026-01-13 06:02:21] [INFO] Checking file
[2026-01-13 06:02:29] [INFO] Cannot build modified file <error line="45" column="2">
<code_line>  omega</code_line>
<message>error: omega could not prove the goal:</message>
</error>
No usable constraints found. You may need to unfold definitions so `omega` can see linear arithmetic facts about `Nat` and `Int`, which may also involve multiplication, division, and modular remainder by constants.
[2026-01-13 06:02:29] [INFO] Proof verification completed
[2026-01-13 06:02:29] [INFO] Strategy omega attempt 1: verified=False
[2026-01-13 06:02:29] [INFO] Verification message: Cannot build modified file: <error line="45" column="2">
<code_line>  omega</code_line>
<message>error: omega could not prove the goal:</message>
</error>
No usable constraints found. You may need to unfold definitions so `omega` can see linear arithmetic facts about `Nat` and `Int`, which may also involve multiplication, division, and modular remainder by constants.

[2026-01-13 06:02:29] [INFO] Attempt 1 failed verification, continuing...
[2026-01-13 06:02:29] [INFO] ========================================
[2026-01-13 06:02:29] [INFO] Trying strategy: linarith (up to 1 attempts)
[2026-01-13 06:02:29] [INFO] --------------------
[2026-01-13 06:02:29] [INFO] Strategy linarith, attempt 1/1
[2026-01-13 06:02:29] [INFO] Starting proof generation...
[2026-01-13 06:02:29] [INFO] Repository path: /root/repo
[2026-01-13 06:02:29] [INFO] Proof generation completed
[2026-01-13 06:02:29] [INFO] Generated proof:
[2026-01-13 06:02:29] [INFO] linarith
[2026-01-13 06:02:29] [INFO] Proof length: 8 chars
[2026-01-13 06:02:29] [INFO] Starting proof verification...
[2026-01-13 06:02:29] [INFO] Verifying at: SpherePacking/MagicFunction/a/Integrability/Integrability.lean:45
[2026-01-13 06:02:29] [INFO] Using LEAN INTERACT verify
[2026-01-13 06:02:29] [INFO] Checking file
[2026-01-13 06:02:37] [INFO] Cannot build modified file <error line="45" column="2">
<code_line>  linarith</code_line>
<message>error: linarith failed to find a contradiction</message>
</error>
r : ℝ
hr : r ≥ 0
⊢ False
failed
[2026-01-13 06:02:37] [INFO] Proof verification completed
[2026-01-13 06:02:37] [INFO] Strategy linarith attempt 1: verified=False
[2026-01-13 06:02:37] [INFO] Verification message: Cannot build modified file: <error line="45" column="2">
<code_line>  linarith</code_line>
<message>error: linarith failed to find a contradiction</message>
</error>
r : ℝ
hr : r ≥ 0
⊢ False
failed

[2026-01-13 06:02:37] [INFO] Attempt 1 failed verification, continuing...
[2026-01-13 06:02:37] [INFO] ========================================
[2026-01-13 06:02:37] [INFO] Trying strategy: nlinarith (up to 1 attempts)
[2026-01-13 06:02:37] [INFO] --------------------
[2026-01-13 06:02:37] [INFO] Strategy nlinarith, attempt 1/1
[2026-01-13 06:02:37] [INFO] Starting proof generation...
[2026-01-13 06:02:37] [INFO] Repository path: /root/repo
[2026-01-13 06:02:37] [INFO] Proof generation completed
[2026-01-13 06:02:37] [INFO] Generated proof:
[2026-01-13 06:02:37] [INFO] nlinarith
[2026-01-13 06:02:37] [INFO] Proof length: 9 chars
[2026-01-13 06:02:37] [INFO] Starting proof verification...
[2026-01-13 06:02:37] [INFO] Verifying at: SpherePacking/MagicFunction/a/Integrability/Integrability.lean:45
[2026-01-13 06:02:37] [INFO] Using LEAN INTERACT verify
[2026-01-13 06:02:37] [INFO] Checking file
[2026-01-13 06:02:45] [INFO] Cannot build modified file <error line="45" column="2">
<code_line>  nlinarith</code_line>
<message>error: linarith failed to find a contradiction</message>
</error>
r : ℝ
hr : r ≥ 0
⊢ False
failed
[2026-01-13 06:02:45] [INFO] Proof verification completed
[2026-01-13 06:02:45] [INFO] Strategy nlinarith attempt 1: verified=False
[2026-01-13 06:02:45] [INFO] Verification message: Cannot build modified file: <error line="45" column="2">
<code_line>  nlinarith</code_line>
<message>error: linarith failed to find a contradiction</message>
</error>
r : ℝ
hr : r ≥ 0
⊢ False
failed

[2026-01-13 06:02:45] [INFO] Attempt 1 failed verification, continuing...
[2026-01-13 06:02:45] [INFO] ========================================
[2026-01-13 06:02:45] [INFO] Trying strategy: aesop (up to 1 attempts)
[2026-01-13 06:02:45] [INFO] --------------------
[2026-01-13 06:02:45] [INFO] Strategy aesop, attempt 1/1
[2026-01-13 06:02:45] [INFO] Starting proof generation...
[2026-01-13 06:02:45] [INFO] Repository path: /root/repo
[2026-01-13 06:02:45] [INFO] Proof generation completed
[2026-01-13 06:02:45] [INFO] Generated proof:
[2026-01-13 06:02:45] [INFO] aesop
[2026-01-13 06:02:45] [INFO] Proof length: 5 chars
[2026-01-13 06:02:45] [INFO] Starting proof verification...
[2026-01-13 06:02:45] [INFO] Verifying at: SpherePacking/MagicFunction/a/Integrability/Integrability.lean:45
[2026-01-13 06:02:45] [INFO] Using LEAN INTERACT verify
[2026-01-13 06:02:45] [INFO] Checking file
[2026-01-13 06:02:54] [INFO] Cannot build modified file <error line="43" column="30">
<code_line>    (Icc (0 : ℝ) 1) volume := by</code_line>
<message>error: unsolved goals</message>
</error>
r : ℝ
hr : 0 ≤ r
⊢ HasFiniteIntegral (Φ₄ r) (volume.restrict (Icc 0 1))
[2026-01-13 06:02:54] [INFO] Proof verification completed
[2026-01-13 06:02:54] [INFO] Strategy aesop attempt 1: verified=False
[2026-01-13 06:02:54] [INFO] Verification message: Cannot build modified file: <error line="43" column="30">
<code_line>    (Icc (0 : ℝ) 1) volume := by</code_line>
<message>error: unsolved goals</message>
</error>
r : ℝ
hr : 0 ≤ r
⊢ HasFiniteIntegral (Φ₄ r) (volume.restrict (Icc 0 1))

[2026-01-13 06:02:54] [INFO] Attempt 1 failed verification, continuing...
[2026-01-13 06:02:54] [INFO] ========================================
[2026-01-13 06:02:54] [INFO] Pass@k completed. Total results: 1
[2026-01-13 06:02:54] [INFO] FAILED: All 11 strategies x 1 attempts
[2026-01-13 06:02:54] [INFO] Writing results to file: /root/repo/result.json
[2026-01-13 06:02:54] [INFO] Result file written successfully
[2026-01-13 06:02:54] [INFO] Results exported to: /root/repo/result.json
[2026-01-13 06:02:54] [INFO] run_morphcloud_local.py completed successfully

[2026-01-13 06:02:55] [process_single_sorry] Downloading result file...
[2026-01-13 06:02:57] [process_single_sorry] Downloaded result to intermediate_experiment_outputs_full_reservoir_3_months/multi_tactic/2026-01-13_01-27-45_multi_tactic/individual/52182dbb8afb5e502ff0c88d7bfd3e91e75fa2bdaad3c662243a4f342e1e3b57.json
[2026-01-13 06:03:03] [process_single_sorry] Instance context closed successfully
[2026-01-13 06:03:03] [process_single_sorry] Parsing result file...
[2026-01-13 06:03:03] [process_single_sorry] Successfully parsed result (list format, 1 results)
