[2026-01-13 06:12:35] [process_single_sorry] Starting for sorry 5af0845ffe62eb5980182a9d4233ebd1abe6eff606a4443ce3ac49ab984855d8
[2026-01-13 06:12:35] [process_single_sorry] Using snapshot: snapshot_t0a24dax
[2026-01-13 06:12:35] [process_single_sorry] Repository: https://github.com/FredRaj3/SemicircleLaw@972ba89adc19bf0775bf37866c60ac0dba4adef8
[2026-01-13 06:12:35] [process_single_sorry] Instance name: SemicircleLaw_972ba89adc19_multi_tactic_5af0845ffe62eb5980182a9d4233ebd1abe6eff606a4443ce3ac49ab984855d8
[2026-01-13 06:12:35] [process_single_sorry] Starting attempt 1/3
[2026-01-13 06:12:35] [process_single_sorry] Starting instance from snapshot...
[2026-01-13 06:12:37] [process_single_sorry] Instance started successfully: morphvm_zs3kii03
[2026-01-13 06:12:37] [process_single_sorry] Creating .env file...
[2026-01-13 06:12:41] [process_single_sorry] .env file created (exit_code: 0)
[2026-01-13 06:12:41] [process_single_sorry] Executing agent command...
[2026-01-13 06:15:37] [process_single_sorry] Agent command completed (exit_code: 0)
[2026-01-13 06:15:37] [process_single_sorry] STDOUT:

Results JSON:
[
  {
    "sorry": {
      "repo": {
        "remote": "https://github.com/FredRaj3/SemicircleLaw",
        "branch": "main",
        "commit": "972ba89adc19bf0775bf37866c60ac0dba4adef8",
        "lean_version": "v4.24.0"
      },
      "location": {
        "path": "SemicircleLaw/RandomMatrix/WignerMatrix.lean",
        "start_line": 307,
        "start_column": 2,
        "end_line": 307,
        "end_column": 7
      },
      "debug_info": {
        "goal": "μ ν : Measure ℝ\ninst✝¹ : IsProbabilityMeasure μ\ninst✝ : IsProbabilityMeasure ν\nn : ℕ\ni j : Fin n\nh : i ≠ j\n⊢ HasLaw (fun ω => wignerMatrixMap n ω i j) μ (WignerMeasure μ ν n)",
        "url": "https://github.com/FredRaj3/SemicircleLaw/blob/972ba89adc19bf0775bf37866c60ac0dba4adef8/SemicircleLaw/RandomMatrix/WignerMatrix.lean#L307"
      },
      "metadata": {
        "blame_email_hash": "2df9b5cdbb92",
        "blame_date": "2025-09-16T16:07:27+02:00",
        "inclusion_date": "2026-01-09T02:19:55.342194+00:00"
      },
      "id": "5af0845ffe62eb5980182a9d4233ebd1abe6eff606a4443ce3ac49ab984855d8"
    },
    "proof": null,
    "proof_verified": false,
    "feedback": null,
    "verification_message": "All 11 attempts failed (11 strategies x 1 attempts each)",
    "success": true,
    "error_type": null,
    "error_message": null,
    "strategy_name": "all_failed_k=1",
    "proof_attempts": [
      "rfl",
      "simp",
      "simp_all",
      "exact?",
      "grind",
      "ring",
      "norm_num",
      "omega",
      "linarith",
      "nlinarith",
      "aesop"
    ]
  }
]

[2026-01-13 06:15:37] [process_single_sorry] STDERR:
None of PyTorch, TensorFlow >= 2.0, or Flax have been found. Models won't be available and only tokenizers, configuration and file/data utilities can be used.
[2026-01-13 06:13:00] [INFO] ================================================================================
[2026-01-13 06:13:00] [INFO] Starting run_morphcloud_local.py
[2026-01-13 06:13:00] [INFO] ================================================================================
[2026-01-13 06:13:00] [INFO] Environment loaded
[2026-01-13 06:13:00] [INFO] Full command: /root/SorryDB/sorrydb/cli/run_morphcloud_local.py --repo-path /root/repo --sorry-json {"repo": {"remote": "https://github.com/FredRaj3/SemicircleLaw", "branch": "main", "commit": "972ba89adc19bf0775bf37866c60ac0dba4adef8", "lean_version": "v4.24.0"}, "location": {"path": "SemicircleLaw/RandomMatrix/WignerMatrix.lean", "start_line": 307, "start_column": 2, "end_line": 307, "end_column": 7}, "debug_info": {"goal": "\u03bc \u03bd : Measure \u211d\ninst\u271d\u00b9 : IsProbabilityMeasure \u03bc\ninst\u271d : IsProbabilityMeasure \u03bd\nn : \u2115\ni j : Fin n\nh : i \u2260 j\n\u22a2 HasLaw (fun \u03c9 => wignerMatrixMap n \u03c9 i j) \u03bc (WignerMeasure \u03bc \u03bd n)", "url": "https://github.com/FredRaj3/SemicircleLaw/blob/972ba89adc19bf0775bf37866c60ac0dba4adef8/SemicircleLaw/RandomMatrix/WignerMatrix.lean#L307"}, "metadata": {"blame_email_hash": "2df9b5cdbb92", "blame_date": "2025-09-16T16:07:27+02:00", "inclusion_date": "2026-01-09T02:19:55.342194+00:00"}, "id": "5af0845ffe62eb5980182a9d4233ebd1abe6eff606a4443ce3ac49ab984855d8"} --agent-strategy {"name": "multi_tactic", "args": {}}
[2026-01-13 06:13:00] [INFO] Arguments parsed: repo_path=/root/repo, output_path=/root/repo/result.json
[2026-01-13 06:13:00] [INFO] Strategy spec: {"name": "multi_tactic", "args": {}}...
[2026-01-13 06:13:00] [INFO] Loading sorry data...
[2026-01-13 06:13:00] [INFO] Parsing sorry from JSON string...
[2026-01-13 06:13:00] [INFO] Sorry data parsed from JSON string
[2026-01-13 06:13:00] [INFO] Creating strategy from spec...
[2026-01-13 06:13:00] [INFO] Parsing strategy spec (length: 36 chars)
[2026-01-13 06:13:00] [INFO] Strategy name: multi_tactic
[2026-01-13 06:13:00] [INFO] Strategy args: {}
[2026-01-13 06:13:00] [INFO] Pass@k value: 1
[2026-01-13 06:13:00] [INFO] Creating strategy: multi_tactic
[2026-01-13 06:13:00] [INFO] Creating multi_tactic strategy with tactics: ['rfl', 'simp', 'simp_all', 'exact?', 'grind', 'ring', 'norm_num', 'omega', 'linarith', 'nlinarith', 'aesop']
[2026-01-13 06:13:00] [INFO] Strategies created: ['rfl', 'simp', 'simp_all', 'exact?', 'grind', 'ring', 'norm_num', 'omega', 'linarith', 'nlinarith', 'aesop']
[2026-01-13 06:13:00] [INFO] Pass@k value: 1
[2026-01-13 06:13:00] [INFO] Creating Sorry object...
[2026-01-13 06:13:00] [INFO] Sorry object created: id=5af0845ffe62eb5980182a9d4233ebd1abe6eff606a4443ce3ac49ab984855d8
[2026-01-13 06:13:00] [INFO] Sorry location: SemicircleLaw/RandomMatrix/WignerMatrix.lean:307
[2026-01-13 06:13:00] [INFO] Context before sorry (lines 302-307):
[2026-01-13 06:13:00] [INFO]   302:   sorry
[2026-01-13 06:13:00] [INFO]   303: 
[2026-01-13 06:13:00] [INFO]   304: /--The off-diagonal entries of a Wigner Matrix have law μ -/
[2026-01-13 06:13:00] [INFO]   305: lemma offDiagonalHasLaw (n : ℕ) {i j : Fin n} (h : i ≠ j) :
[2026-01-13 06:13:00] [INFO]   306:     HasLaw (fun ω ↦ (wignerMatrixMap n ω) i j) μ (WignerMeasure μ ν n) := by
[2026-01-13 06:13:00] [INFO]   307:   sorry
[2026-01-13 06:13:00] [INFO] Sorry line:   sorry
[2026-01-13 06:13:00] [INFO] Sorry goal: μ ν : Measure ℝ
inst✝¹ : IsProbabilityMeasure μ
inst✝ : IsProbabilityMeasure ν
n : ℕ
i j : Fin n
h :...
[2026-01-13 06:13:00] [INFO] ========================================
[2026-01-13 06:13:00] [INFO] Trying strategy: rfl (up to 1 attempts)
[2026-01-13 06:13:00] [INFO] --------------------
[2026-01-13 06:13:00] [INFO] Strategy rfl, attempt 1/1
[2026-01-13 06:13:00] [INFO] Starting proof generation...
[2026-01-13 06:13:00] [INFO] Repository path: /root/repo
[2026-01-13 06:13:00] [INFO] Proof generation completed
[2026-01-13 06:13:00] [INFO] Generated proof:
[2026-01-13 06:13:00] [INFO] rfl
[2026-01-13 06:13:00] [INFO] Proof length: 3 chars
[2026-01-13 06:13:00] [INFO] Starting proof verification...
[2026-01-13 06:13:00] [INFO] Verifying at: SemicircleLaw/RandomMatrix/WignerMatrix.lean:307
[2026-01-13 06:13:00] [INFO] Using LEAN INTERACT verify
[2026-01-13 06:13:00] [INFO] Checking file
[2026-01-13 06:13:45] [INFO] Cannot build modified file isWignerMatrix.{u_1} {Ω : Type u_1} [MeasurableSpace Ω] (k : ℕ) (μ ν : Measure ℝ) (X : Ω → Matrix (Fin k) (Fin k) ℝ)
  (P : Measure Ω) : Prop
  [IsProbabilityMeasure μ]
  [IsProbabilityMeasure ν]
consider restructuring your `variable` declarations so that the variables are not in scope or explicitly omit them:
  omit [IsProbabilityMeasure μ] [IsProbabilityMeasure ν] in theorem ...

Note: This linter can be disabled with `set_option linter.unusedSectionVars false`
  [IsProbabilityMeasure μ]
  [IsProbabilityMeasure ν]
consider restructuring your `variable` declarations so that the variables are not in scope or explicitly omit them:
  omit [IsProbabilityMeasure μ] [IsProbabilityMeasure ν] in theorem ...

Note: This linter can be disabled with `set_option linter.unusedSectionVars false`

Note: This linter can be disabled with `set_option linter.unusedTactic false`
  [IsProbabilityMeasure μ]
  [IsProbabilityMeasure ν]
consider restructuring your `variable` declarations so that the variables are not in scope or explicitly omit them:
  omit [IsProbabilityMeasure μ] [IsProbabilityMeasure ν] in theorem ...

Note: This linter can be disabled with `set_option linter.unusedSectionVars false`
  [IsProbabilityMeasure μ]
  [IsProbabilityMeasure ν]
consider restructuring your `variable` declarations so that the variables are not in scope or explicitly omit them:
  omit [IsProbabilityMeasure μ] [IsProbabilityMeasure ν] in theorem ...

Note: This linter can be disabled with `set_option linter.unusedSectionVars false`
  [IsProbabilityMeasure μ]
  [IsProbabilityMeasure ν]
consider restructuring your `variable` declarations so that the variables are not in scope or explicitly omit them:
  omit [IsProbabilityMeasure μ] [IsProbabilityMeasure ν] in theorem ...

Note: This linter can be disabled with `set_option linter.unusedSectionVars false`
<error line="307" column="2">
<code_line>  rfl</code_line>
<message>error: Tactic `rfl` failed: The left-hand side</message>
</error>
  μ
is not definitionally equal to the right-hand side
  WignerMeasure μ ν n

μ ν : Measure ℝ
inst✝¹ : IsProbabilityMeasure μ
inst✝ : IsProbabilityMeasure ν
n : ℕ
i j : Fin n
h : i ≠ j
⊢ HasLaw (fun ω => wignerMatrixMap n ω i j) μ (WignerMeasure μ ν n)
(wignerMatrixMap n ω ^ k).trace : ℝ
[2026-01-13 06:13:45] [INFO] Proof verification completed
[2026-01-13 06:13:45] [INFO] Strategy rfl attempt 1: verified=False
[2026-01-13 06:13:45] [INFO] Verification message: Cannot build modified file: isWignerMatrix.{u_1} {Ω : Type u_1} [MeasurableSpace Ω] (k : ℕ) (μ ν : Measure ℝ) (X : Ω → Matrix (Fin k) (Fin k) ℝ)
  (P : Measure Ω) : Prop
  [IsProbabilityMeasure μ]
  [IsProbabilityMeasure ν]
consider restructuring your `variable` declarations so that the variables are not in scope or explicitly omit them:
  omit [IsProbabilityMeasure μ] [IsProbabilityMeasure ν] in theorem ...

Note: This linter can be disabled with `set_option linter.unusedSectionVars false`
  [IsProbabilityMeasure μ]
  [IsProbabilityMeasure ν]
consider restructuring your `variable` declarations so that the variables are not in scope or explicitly omit them:
  omit [IsProbabilityMeasure μ] [IsProbabilityMeasure ν] in theorem ...

Note: This linter can be disabled with `set_option linter.unusedSectionVars false`

Note: This linter can be disabled with `set_option linter.unusedTactic false`
  [IsProbabilityMeasure μ]
  [IsProbabilityMeasure ν]
consider restructuring your `variable` declarations so that the variables are not in scope or explicitly omit them:
  omit [IsProbabilityMeasure μ] [IsProbabilityMeasure ν] in theorem ...

Note: This linter can be disabled with `set_option linter.unusedSectionVars false`
  [IsProbabilityMeasure μ]
  [IsProbabilityMeasure ν]
consider restructuring your `variable` declarations so that the variables are not in scope or explicitly omit them:
  omit [IsProbabilityMeasure μ] [IsProbabilityMeasure ν] in theorem ...

Note: This linter can be disabled with `set_option linter.unusedSectionVars false`
  [IsProbabilityMeasure μ]
  [IsProbabilityMeasure ν]
consider restructuring your `variable` declarations so that the variables are not in scope or explicitly omit them:
  omit [IsProbabilityMeasure μ] [IsProbabilityMeasure ν] in theorem ...

Note: This linter can be disabled with `set_option linter.unusedSectionVars false`
<error line="307" column="2">
<code_line>  rfl</code_line>
<message>error: Tactic `rfl` failed: The left-hand side</message>
</error>
  μ
is not definitionally equal to the right-hand side
  WignerMeasure μ ν n

μ ν : Measure ℝ
inst✝¹ : IsProbabilityMeasure μ
inst✝ : IsProbabilityMeasure ν
n : ℕ
i j : Fin n
h : i ≠ j
⊢ HasLaw (fun ω => wignerMatrixMap n ω i j) μ (WignerMeasure μ ν n)
(wignerMatrixMap n ω ^ k).trace : ℝ

[2026-01-13 06:13:45] [INFO] Attempt 1 failed verification, continuing...
[2026-01-13 06:13:45] [INFO] ========================================
[2026-01-13 06:13:45] [INFO] Trying strategy: simp (up to 1 attempts)
[2026-01-13 06:13:45] [INFO] --------------------
[2026-01-13 06:13:45] [INFO] Strategy simp, attempt 1/1
[2026-01-13 06:13:45] [INFO] Starting proof generation...
[2026-01-13 06:13:45] [INFO] Repository path: /root/repo
[2026-01-13 06:13:45] [INFO] Proof generation completed
[2026-01-13 06:13:45] [INFO] Generated proof:
[2026-01-13 06:13:45] [INFO] simp
[2026-01-13 06:13:45] [INFO] Proof length: 4 chars
[2026-01-13 06:13:45] [INFO] Starting proof verification...
[2026-01-13 06:13:45] [INFO] Verifying at: SemicircleLaw/RandomMatrix/WignerMatrix.lean:307
[2026-01-13 06:13:45] [INFO] Using LEAN INTERACT verify
[2026-01-13 06:13:45] [INFO] Checking file
[2026-01-13 06:13:55] [INFO] Cannot build modified file isWignerMatrix.{u_1} {Ω : Type u_1} [MeasurableSpace Ω] (k : ℕ) (μ ν : Measure ℝ) (X : Ω → Matrix (Fin k) (Fin k) ℝ)
  (P : Measure Ω) : Prop
  [IsProbabilityMeasure μ]
  [IsProbabilityMeasure ν]
consider restructuring your `variable` declarations so that the variables are not in scope or explicitly omit them:
  omit [IsProbabilityMeasure μ] [IsProbabilityMeasure ν] in theorem ...

Note: This linter can be disabled with `set_option linter.unusedSectionVars false`
  [IsProbabilityMeasure μ]
  [IsProbabilityMeasure ν]
consider restructuring your `variable` declarations so that the variables are not in scope or explicitly omit them:
  omit [IsProbabilityMeasure μ] [IsProbabilityMeasure ν] in theorem ...

Note: This linter can be disabled with `set_option linter.unusedSectionVars false`

Note: This linter can be disabled with `set_option linter.unusedTactic false`
  [IsProbabilityMeasure μ]
  [IsProbabilityMeasure ν]
consider restructuring your `variable` declarations so that the variables are not in scope or explicitly omit them:
  omit [IsProbabilityMeasure μ] [IsProbabilityMeasure ν] in theorem ...

Note: This linter can be disabled with `set_option linter.unusedSectionVars false`
  [IsProbabilityMeasure μ]
  [IsProbabilityMeasure ν]
consider restructuring your `variable` declarations so that the variables are not in scope or explicitly omit them:
  omit [IsProbabilityMeasure μ] [IsProbabilityMeasure ν] in theorem ...

Note: This linter can be disabled with `set_option linter.unusedSectionVars false`
  [IsProbabilityMeasure μ]
  [IsProbabilityMeasure ν]
consider restructuring your `variable` declarations so that the variables are not in scope or explicitly omit them:
  omit [IsProbabilityMeasure μ] [IsProbabilityMeasure ν] in theorem ...

Note: This linter can be disabled with `set_option linter.unusedSectionVars false`
<error line="307" column="2">
<code_line>  simp</code_line>
<message>error: `simp` made no progress</message>
</error>
(wignerMatrixMap n ω ^ k).trace : ℝ
[2026-01-13 06:13:55] [INFO] Proof verification completed
[2026-01-13 06:13:55] [INFO] Strategy simp attempt 1: verified=False
[2026-01-13 06:13:55] [INFO] Verification message: Cannot build modified file: isWignerMatrix.{u_1} {Ω : Type u_1} [MeasurableSpace Ω] (k : ℕ) (μ ν : Measure ℝ) (X : Ω → Matrix (Fin k) (Fin k) ℝ)
  (P : Measure Ω) : Prop
  [IsProbabilityMeasure μ]
  [IsProbabilityMeasure ν]
consider restructuring your `variable` declarations so that the variables are not in scope or explicitly omit them:
  omit [IsProbabilityMeasure μ] [IsProbabilityMeasure ν] in theorem ...

Note: This linter can be disabled with `set_option linter.unusedSectionVars false`
  [IsProbabilityMeasure μ]
  [IsProbabilityMeasure ν]
consider restructuring your `variable` declarations so that the variables are not in scope or explicitly omit them:
  omit [IsProbabilityMeasure μ] [IsProbabilityMeasure ν] in theorem ...

Note: This linter can be disabled with `set_option linter.unusedSectionVars false`

Note: This linter can be disabled with `set_option linter.unusedTactic false`
  [IsProbabilityMeasure μ]
  [IsProbabilityMeasure ν]
consider restructuring your `variable` declarations so that the variables are not in scope or explicitly omit them:
  omit [IsProbabilityMeasure μ] [IsProbabilityMeasure ν] in theorem ...

Note: This linter can be disabled with `set_option linter.unusedSectionVars false`
  [IsProbabilityMeasure μ]
  [IsProbabilityMeasure ν]
consider restructuring your `variable` declarations so that the variables are not in scope or explicitly omit them:
  omit [IsProbabilityMeasure μ] [IsProbabilityMeasure ν] in theorem ...

Note: This linter can be disabled with `set_option linter.unusedSectionVars false`
  [IsProbabilityMeasure μ]
  [IsProbabilityMeasure ν]
consider restructuring your `variable` declarations so that the variables are not in scope or explicitly omit them:
  omit [IsProbabilityMeasure μ] [IsProbabilityMeasure ν] in theorem ...

Note: This linter can be disabled with `set_option linter.unusedSectionVars false`
<error line="307" column="2">
<code_line>  simp</code_line>
<message>error: `simp` made no progress</message>
</error>
(wignerMatrixMap n ω ^ k).trace : ℝ

[2026-01-13 06:13:55] [INFO] Attempt 1 failed verification, continuing...
[2026-01-13 06:13:55] [INFO] ========================================
[2026-01-13 06:13:55] [INFO] Trying strategy: simp_all (up to 1 attempts)
[2026-01-13 06:13:55] [INFO] --------------------
[2026-01-13 06:13:55] [INFO] Strategy simp_all, attempt 1/1
[2026-01-13 06:13:55] [INFO] Starting proof generation...
[2026-01-13 06:13:55] [INFO] Repository path: /root/repo
[2026-01-13 06:13:55] [INFO] Proof generation completed
[2026-01-13 06:13:55] [INFO] Generated proof:
[2026-01-13 06:13:55] [INFO] simp_all
[2026-01-13 06:13:55] [INFO] Proof length: 8 chars
[2026-01-13 06:13:55] [INFO] Starting proof verification...
[2026-01-13 06:13:55] [INFO] Verifying at: SemicircleLaw/RandomMatrix/WignerMatrix.lean:307
[2026-01-13 06:13:55] [INFO] Using LEAN INTERACT verify
[2026-01-13 06:13:55] [INFO] Checking file
[2026-01-13 06:14:03] [INFO] Cannot build modified file isWignerMatrix.{u_1} {Ω : Type u_1} [MeasurableSpace Ω] (k : ℕ) (μ ν : Measure ℝ) (X : Ω → Matrix (Fin k) (Fin k) ℝ)
  (P : Measure Ω) : Prop
  [IsProbabilityMeasure μ]
  [IsProbabilityMeasure ν]
consider restructuring your `variable` declarations so that the variables are not in scope or explicitly omit them:
  omit [IsProbabilityMeasure μ] [IsProbabilityMeasure ν] in theorem ...

Note: This linter can be disabled with `set_option linter.unusedSectionVars false`
  [IsProbabilityMeasure μ]
  [IsProbabilityMeasure ν]
consider restructuring your `variable` declarations so that the variables are not in scope or explicitly omit them:
  omit [IsProbabilityMeasure μ] [IsProbabilityMeasure ν] in theorem ...

Note: This linter can be disabled with `set_option linter.unusedSectionVars false`

Note: This linter can be disabled with `set_option linter.unusedTactic false`
  [IsProbabilityMeasure μ]
  [IsProbabilityMeasure ν]
consider restructuring your `variable` declarations so that the variables are not in scope or explicitly omit them:
  omit [IsProbabilityMeasure μ] [IsProbabilityMeasure ν] in theorem ...

Note: This linter can be disabled with `set_option linter.unusedSectionVars false`
  [IsProbabilityMeasure μ]
  [IsProbabilityMeasure ν]
consider restructuring your `variable` declarations so that the variables are not in scope or explicitly omit them:
  omit [IsProbabilityMeasure μ] [IsProbabilityMeasure ν] in theorem ...

Note: This linter can be disabled with `set_option linter.unusedSectionVars false`
  [IsProbabilityMeasure μ]
  [IsProbabilityMeasure ν]
consider restructuring your `variable` declarations so that the variables are not in scope or explicitly omit them:
  omit [IsProbabilityMeasure μ] [IsProbabilityMeasure ν] in theorem ...

Note: This linter can be disabled with `set_option linter.unusedSectionVars false`
<error line="306" column="74">
<code_line>    HasLaw (fun ω ↦ (wignerMatrixMap n ω) i j) μ (WignerMeasure μ ν n) := by</code_line>
<message>error: unsolved goals</message>
</error>
μ ν : Measure ℝ
inst✝¹ : IsProbabilityMeasure μ
inst✝ : IsProbabilityMeasure ν
n : ℕ
i j : Fin n
h : ¬i = j
⊢ HasLaw (fun ω => wignerMatrixMap n ω i j) μ (WignerMeasure μ ν n)
(wignerMatrixMap n ω ^ k).trace : ℝ
[2026-01-13 06:14:03] [INFO] Proof verification completed
[2026-01-13 06:14:03] [INFO] Strategy simp_all attempt 1: verified=False
[2026-01-13 06:14:03] [INFO] Verification message: Cannot build modified file: isWignerMatrix.{u_1} {Ω : Type u_1} [MeasurableSpace Ω] (k : ℕ) (μ ν : Measure ℝ) (X : Ω → Matrix (Fin k) (Fin k) ℝ)
  (P : Measure Ω) : Prop
  [IsProbabilityMeasure μ]
  [IsProbabilityMeasure ν]
consider restructuring your `variable` declarations so that the variables are not in scope or explicitly omit them:
  omit [IsProbabilityMeasure μ] [IsProbabilityMeasure ν] in theorem ...

Note: This linter can be disabled with `set_option linter.unusedSectionVars false`
  [IsProbabilityMeasure μ]
  [IsProbabilityMeasure ν]
consider restructuring your `variable` declarations so that the variables are not in scope or explicitly omit them:
  omit [IsProbabilityMeasure μ] [IsProbabilityMeasure ν] in theorem ...

Note: This linter can be disabled with `set_option linter.unusedSectionVars false`

Note: This linter can be disabled with `set_option linter.unusedTactic false`
  [IsProbabilityMeasure μ]
  [IsProbabilityMeasure ν]
consider restructuring your `variable` declarations so that the variables are not in scope or explicitly omit them:
  omit [IsProbabilityMeasure μ] [IsProbabilityMeasure ν] in theorem ...

Note: This linter can be disabled with `set_option linter.unusedSectionVars false`
  [IsProbabilityMeasure μ]
  [IsProbabilityMeasure ν]
consider restructuring your `variable` declarations so that the variables are not in scope or explicitly omit them:
  omit [IsProbabilityMeasure μ] [IsProbabilityMeasure ν] in theorem ...

Note: This linter can be disabled with `set_option linter.unusedSectionVars false`
  [IsProbabilityMeasure μ]
  [IsProbabilityMeasure ν]
consider restructuring your `variable` declarations so that the variables are not in scope or explicitly omit them:
  omit [IsProbabilityMeasure μ] [IsProbabilityMeasure ν] in theorem ...

Note: This linter can be disabled with `set_option linter.unusedSectionVars false`
<error line="306" column="74">
<code_line>    HasLaw (fun ω ↦ (wignerMatrixMap n ω) i j) μ (WignerMeasure μ ν n) := by</code_line>
<message>error: unsolved goals</message>
</error>
μ ν : Measure ℝ
inst✝¹ : IsProbabilityMeasure μ
inst✝ : IsProbabilityMeasure ν
n : ℕ
i j : Fin n
h : ¬i = j
⊢ HasLaw (fun ω => wignerMatrixMap n ω i j) μ (WignerMeasure μ ν n)
(wignerMatrixMap n ω ^ k).trace : ℝ

[2026-01-13 06:14:03] [INFO] Attempt 1 failed verification, continuing...
[2026-01-13 06:14:03] [INFO] ========================================
[2026-01-13 06:14:03] [INFO] Trying strategy: exact? (up to 1 attempts)
[2026-01-13 06:14:03] [INFO] --------------------
[2026-01-13 06:14:03] [INFO] Strategy exact?, attempt 1/1
[2026-01-13 06:14:03] [INFO] Starting proof generation...
[2026-01-13 06:14:03] [INFO] Repository path: /root/repo
[2026-01-13 06:14:03] [INFO] Proof generation completed
[2026-01-13 06:14:03] [INFO] Generated proof:
[2026-01-13 06:14:03] [INFO] exact?
[2026-01-13 06:14:03] [INFO] Proof length: 6 chars
[2026-01-13 06:14:03] [INFO] Starting proof verification...
[2026-01-13 06:14:03] [INFO] Verifying at: SemicircleLaw/RandomMatrix/WignerMatrix.lean:307
[2026-01-13 06:14:03] [INFO] Using LEAN INTERACT verify
[2026-01-13 06:14:03] [INFO] Checking file
[2026-01-13 06:14:31] [INFO] Cannot build modified file isWignerMatrix.{u_1} {Ω : Type u_1} [MeasurableSpace Ω] (k : ℕ) (μ ν : Measure ℝ) (X : Ω → Matrix (Fin k) (Fin k) ℝ)
  (P : Measure Ω) : Prop
  [IsProbabilityMeasure μ]
  [IsProbabilityMeasure ν]
consider restructuring your `variable` declarations so that the variables are not in scope or explicitly omit them:
  omit [IsProbabilityMeasure μ] [IsProbabilityMeasure ν] in theorem ...

Note: This linter can be disabled with `set_option linter.unusedSectionVars false`
  [IsProbabilityMeasure μ]
  [IsProbabilityMeasure ν]
consider restructuring your `variable` declarations so that the variables are not in scope or explicitly omit them:
  omit [IsProbabilityMeasure μ] [IsProbabilityMeasure ν] in theorem ...

Note: This linter can be disabled with `set_option linter.unusedSectionVars false`

Note: This linter can be disabled with `set_option linter.unusedTactic false`
  [IsProbabilityMeasure μ]
  [IsProbabilityMeasure ν]
consider restructuring your `variable` declarations so that the variables are not in scope or explicitly omit them:
  omit [IsProbabilityMeasure μ] [IsProbabilityMeasure ν] in theorem ...

Note: This linter can be disabled with `set_option linter.unusedSectionVars false`
  [IsProbabilityMeasure μ]
  [IsProbabilityMeasure ν]
consider restructuring your `variable` declarations so that the variables are not in scope or explicitly omit them:
  omit [IsProbabilityMeasure μ] [IsProbabilityMeasure ν] in theorem ...

Note: This linter can be disabled with `set_option linter.unusedSectionVars false`
  [IsProbabilityMeasure μ]
  [IsProbabilityMeasure ν]
consider restructuring your `variable` declarations so that the variables are not in scope or explicitly omit them:
  omit [IsProbabilityMeasure μ] [IsProbabilityMeasure ν] in theorem ...

Note: This linter can be disabled with `set_option linter.unusedSectionVars false`
<error line="307" column="2">
<code_line>  exact?</code_line>
<message>error: `exact?` could not close the goal. Try `apply?` to see partial suggestions.</message>
</error>
(wignerMatrixMap n ω ^ k).trace : ℝ
[2026-01-13 06:14:31] [INFO] Proof verification completed
[2026-01-13 06:14:31] [INFO] Strategy exact? attempt 1: verified=False
[2026-01-13 06:14:31] [INFO] Verification message: Cannot build modified file: isWignerMatrix.{u_1} {Ω : Type u_1} [MeasurableSpace Ω] (k : ℕ) (μ ν : Measure ℝ) (X : Ω → Matrix (Fin k) (Fin k) ℝ)
  (P : Measure Ω) : Prop
  [IsProbabilityMeasure μ]
  [IsProbabilityMeasure ν]
consider restructuring your `variable` declarations so that the variables are not in scope or explicitly omit them:
  omit [IsProbabilityMeasure μ] [IsProbabilityMeasure ν] in theorem ...

Note: This linter can be disabled with `set_option linter.unusedSectionVars false`
  [IsProbabilityMeasure μ]
  [IsProbabilityMeasure ν]
consider restructuring your `variable` declarations so that the variables are not in scope or explicitly omit them:
  omit [IsProbabilityMeasure μ] [IsProbabilityMeasure ν] in theorem ...

Note: This linter can be disabled with `set_option linter.unusedSectionVars false`

Note: This linter can be disabled with `set_option linter.unusedTactic false`
  [IsProbabilityMeasure μ]
  [IsProbabilityMeasure ν]
consider restructuring your `variable` declarations so that the variables are not in scope or explicitly omit them:
  omit [IsProbabilityMeasure μ] [IsProbabilityMeasure ν] in theorem ...

Note: This linter can be disabled with `set_option linter.unusedSectionVars false`
  [IsProbabilityMeasure μ]
  [IsProbabilityMeasure ν]
consider restructuring your `variable` declarations so that the variables are not in scope or explicitly omit them:
  omit [IsProbabilityMeasure μ] [IsProbabilityMeasure ν] in theorem ...

Note: This linter can be disabled with `set_option linter.unusedSectionVars false`
  [IsProbabilityMeasure μ]
  [IsProbabilityMeasure ν]
consider restructuring your `variable` declarations so that the variables are not in scope or explicitly omit them:
  omit [IsProbabilityMeasure μ] [IsProbabilityMeasure ν] in theorem ...

Note: This linter can be disabled with `set_option linter.unusedSectionVars false`
<error line="307" column="2">
<code_line>  exact?</code_line>
<message>error: `exact?` could not close the goal. Try `apply?` to see partial suggestions.</message>
</error>
(wignerMatrixMap n ω ^ k).trace : ℝ

[2026-01-13 06:14:31] [INFO] Attempt 1 failed verification, continuing...
[2026-01-13 06:14:31] [INFO] ========================================
[2026-01-13 06:14:31] [INFO] Trying strategy: grind (up to 1 attempts)
[2026-01-13 06:14:31] [INFO] --------------------
[2026-01-13 06:14:31] [INFO] Strategy grind, attempt 1/1
[2026-01-13 06:14:31] [INFO] Starting proof generation...
[2026-01-13 06:14:31] [INFO] Repository path: /root/repo
[2026-01-13 06:14:31] [INFO] Proof generation completed
[2026-01-13 06:14:31] [INFO] Generated proof:
[2026-01-13 06:14:31] [INFO] grind
[2026-01-13 06:14:31] [INFO] Proof length: 5 chars
[2026-01-13 06:14:31] [INFO] Starting proof verification...
[2026-01-13 06:14:31] [INFO] Verifying at: SemicircleLaw/RandomMatrix/WignerMatrix.lean:307
[2026-01-13 06:14:31] [INFO] Using LEAN INTERACT verify
[2026-01-13 06:14:31] [INFO] Checking file
[2026-01-13 06:14:41] [INFO] Cannot build modified file isWignerMatrix.{u_1} {Ω : Type u_1} [MeasurableSpace Ω] (k : ℕ) (μ ν : Measure ℝ) (X : Ω → Matrix (Fin k) (Fin k) ℝ)
  (P : Measure Ω) : Prop
  [IsProbabilityMeasure μ]
  [IsProbabilityMeasure ν]
consider restructuring your `variable` declarations so that the variables are not in scope or explicitly omit them:
  omit [IsProbabilityMeasure μ] [IsProbabilityMeasure ν] in theorem ...

Note: This linter can be disabled with `set_option linter.unusedSectionVars false`
  [IsProbabilityMeasure μ]
  [IsProbabilityMeasure ν]
consider restructuring your `variable` declarations so that the variables are not in scope or explicitly omit them:
  omit [IsProbabilityMeasure μ] [IsProbabilityMeasure ν] in theorem ...

Note: This linter can be disabled with `set_option linter.unusedSectionVars false`

Note: This linter can be disabled with `set_option linter.unusedTactic false`
  [IsProbabilityMeasure μ]
  [IsProbabilityMeasure ν]
consider restructuring your `variable` declarations so that the variables are not in scope or explicitly omit them:
  omit [IsProbabilityMeasure μ] [IsProbabilityMeasure ν] in theorem ...

Note: This linter can be disabled with `set_option linter.unusedSectionVars false`
  [IsProbabilityMeasure μ]
  [IsProbabilityMeasure ν]
consider restructuring your `variable` declarations so that the variables are not in scope or explicitly omit them:
  omit [IsProbabilityMeasure μ] [IsProbabilityMeasure ν] in theorem ...

Note: This linter can be disabled with `set_option linter.unusedSectionVars false`
  [IsProbabilityMeasure μ]
  [IsProbabilityMeasure ν]
consider restructuring your `variable` declarations so that the variables are not in scope or explicitly omit them:
  omit [IsProbabilityMeasure μ] [IsProbabilityMeasure ν] in theorem ...

Note: This linter can be disabled with `set_option linter.unusedSectionVars false`
<error line="307" column="2">
<code_line>  grind</code_line>
<message>error: `grind` failed</message>
</error>
case grind
μ ν : Measure ℝ
inst : IsProbabilityMeasure μ
inst_1 : IsProbabilityMeasure ν
n : ℕ
i j : Fin n
h : ¬i = j
h_1 : ¬HasLaw (fun ω => wignerMatrixMap n ω i j) μ (WignerMeasure μ ν n)
⊢ False
[grind] Goal diagnostics
  [facts] Asserted facts
    [prop] IsProbabilityMeasure μ
    [prop] IsProbabilityMeasure ν
    [prop] ¬i = j
    [prop] -1 * ↑n + ↑j + 1 ≤ 0
    [prop] -1 * ↑n + ↑i + 1 ≤ 0
    [prop] ¬HasLaw (fun ω => wignerMatrixMap n ω i j) μ (WignerMeasure μ ν n)
  [eqc] True propositions
    [prop] IsProbabilityMeasure μ
    [prop] IsProbabilityMeasure ν
    [prop] -1 * ↑n + ↑i + 1 ≤ 0
    [prop] -1 * ↑n + ↑j + 1 ≤ 0
  [eqc] False propositions
    [prop] i = j
    [prop] HasLaw (fun ω => wignerMatrixMap n ω i j) μ (WignerMeasure μ ν n)
  [cutsat] Assignment satisfying linear constraints
    [assign] n := 2
    [assign] i := 0
    [assign] j := 1
(wignerMatrixMap n ω ^ k).trace : ℝ
[2026-01-13 06:14:41] [INFO] Proof verification completed
[2026-01-13 06:14:41] [INFO] Strategy grind attempt 1: verified=False
[2026-01-13 06:14:41] [INFO] Verification message: Cannot build modified file: isWignerMatrix.{u_1} {Ω : Type u_1} [MeasurableSpace Ω] (k : ℕ) (μ ν : Measure ℝ) (X : Ω → Matrix (Fin k) (Fin k) ℝ)
  (P : Measure Ω) : Prop
  [IsProbabilityMeasure μ]
  [IsProbabilityMeasure ν]
consider restructuring your `variable` declarations so that the variables are not in scope or explicitly omit them:
  omit [IsProbabilityMeasure μ] [IsProbabilityMeasure ν] in theorem ...

Note: This linter can be disabled with `set_option linter.unusedSectionVars false`
  [IsProbabilityMeasure μ]
  [IsProbabilityMeasure ν]
consider restructuring your `variable` declarations so that the variables are not in scope or explicitly omit them:
  omit [IsProbabilityMeasure μ] [IsProbabilityMeasure ν] in theorem ...

Note: This linter can be disabled with `set_option linter.unusedSectionVars false`

Note: This linter can be disabled with `set_option linter.unusedTactic false`
  [IsProbabilityMeasure μ]
  [IsProbabilityMeasure ν]
consider restructuring your `variable` declarations so that the variables are not in scope or explicitly omit them:
  omit [IsProbabilityMeasure μ] [IsProbabilityMeasure ν] in theorem ...

Note: This linter can be disabled with `set_option linter.unusedSectionVars false`
  [IsProbabilityMeasure μ]
  [IsProbabilityMeasure ν]
consider restructuring your `variable` declarations so that the variables are not in scope or explicitly omit them:
  omit [IsProbabilityMeasure μ] [IsProbabilityMeasure ν] in theorem ...

Note: This linter can be disabled with `set_option linter.unusedSectionVars false`
  [IsProbabilityMeasure μ]
  [IsProbabilityMeasure ν]
consider restructuring your `variable` declarations so that the variables are not in scope or explicitly omit them:
  omit [IsProbabilityMeasure μ] [IsProbabilityMeasure ν] in theorem ...

Note: This linter can be disabled with `set_option linter.unusedSectionVars false`
<error line="307" column="2">
<code_line>  grind</code_line>
<message>error: `grind` failed</message>
</error>
case grind
μ ν : Measure ℝ
inst : IsProbabilityMeasure μ
inst_1 : IsProbabilityMeasure ν
n : ℕ
i j : Fin n
h : ¬i = j
h_1 : ¬HasLaw (fun ω => wignerMatrixMap n ω i j) μ (WignerMeasure μ ν n)
⊢ False
[grind] Goal diagnostics
  [facts] Asserted facts
    [prop] IsProbabilityMeasure μ
    [prop] IsProbabilityMeasure ν
    [prop] ¬i = j
    [prop] -1 * ↑n + ↑j + 1 ≤ 0
    [prop] -1 * ↑n + ↑i + 1 ≤ 0
    [prop] ¬HasLaw (fun ω => wignerMatrixMap n ω i j) μ (WignerMeasure μ ν n)
  [eqc] True propositions
    [prop] IsProbabilityMeasure μ
    [prop] IsProbabilityMeasure ν
    [prop] -1 * ↑n + ↑i + 1 ≤ 0
    [prop] -1 * ↑n + ↑j + 1 ≤ 0
  [eqc] False propositions
    [prop] i = j
    [prop] HasLaw (fun ω => wignerMatrixMap n ω i j) μ (WignerMeasure μ ν n)
  [cutsat] Assignment satisfying linear constraints
    [assign] n := 2
    [assign] i := 0
    [assign] j := 1
(wignerMatrixMap n ω ^ k).trace : ℝ

[2026-01-13 06:14:41] [INFO] Attempt 1 failed verification, continuing...
[2026-01-13 06:14:41] [INFO] ========================================
[2026-01-13 06:14:41] [INFO] Trying strategy: ring (up to 1 attempts)
[2026-01-13 06:14:41] [INFO] --------------------
[2026-01-13 06:14:41] [INFO] Strategy ring, attempt 1/1
[2026-01-13 06:14:41] [INFO] Starting proof generation...
[2026-01-13 06:14:41] [INFO] Repository path: /root/repo
[2026-01-13 06:14:41] [INFO] Proof generation completed
[2026-01-13 06:14:41] [INFO] Generated proof:
[2026-01-13 06:14:41] [INFO] ring
[2026-01-13 06:14:41] [INFO] Proof length: 4 chars
[2026-01-13 06:14:41] [INFO] Starting proof verification...
[2026-01-13 06:14:41] [INFO] Verifying at: SemicircleLaw/RandomMatrix/WignerMatrix.lean:307
[2026-01-13 06:14:41] [INFO] Using LEAN INTERACT verify
[2026-01-13 06:14:41] [INFO] Checking file
[2026-01-13 06:14:48] [INFO] Cannot build modified file isWignerMatrix.{u_1} {Ω : Type u_1} [MeasurableSpace Ω] (k : ℕ) (μ ν : Measure ℝ) (X : Ω → Matrix (Fin k) (Fin k) ℝ)
  (P : Measure Ω) : Prop
  [IsProbabilityMeasure μ]
  [IsProbabilityMeasure ν]
consider restructuring your `variable` declarations so that the variables are not in scope or explicitly omit them:
  omit [IsProbabilityMeasure μ] [IsProbabilityMeasure ν] in theorem ...

Note: This linter can be disabled with `set_option linter.unusedSectionVars false`
  [IsProbabilityMeasure μ]
  [IsProbabilityMeasure ν]
consider restructuring your `variable` declarations so that the variables are not in scope or explicitly omit them:
  omit [IsProbabilityMeasure μ] [IsProbabilityMeasure ν] in theorem ...

Note: This linter can be disabled with `set_option linter.unusedSectionVars false`

Note: This linter can be disabled with `set_option linter.unusedTactic false`
  [IsProbabilityMeasure μ]
  [IsProbabilityMeasure ν]
consider restructuring your `variable` declarations so that the variables are not in scope or explicitly omit them:
  omit [IsProbabilityMeasure μ] [IsProbabilityMeasure ν] in theorem ...

Note: This linter can be disabled with `set_option linter.unusedSectionVars false`
  [IsProbabilityMeasure μ]
  [IsProbabilityMeasure ν]
consider restructuring your `variable` declarations so that the variables are not in scope or explicitly omit them:
  omit [IsProbabilityMeasure μ] [IsProbabilityMeasure ν] in theorem ...

Note: This linter can be disabled with `set_option linter.unusedSectionVars false`
  [IsProbabilityMeasure μ]
  [IsProbabilityMeasure ν]
consider restructuring your `variable` declarations so that the variables are not in scope or explicitly omit them:
  omit [IsProbabilityMeasure μ] [IsProbabilityMeasure ν] in theorem ...

Note: This linter can be disabled with `set_option linter.unusedSectionVars false`
<error line="307" column="2">
<code_line>  ring</code_line>
<message>error: ring_nf made no progress on goal</message>
</error>
(wignerMatrixMap n ω ^ k).trace : ℝ
[2026-01-13 06:14:48] [INFO] Proof verification completed
[2026-01-13 06:14:48] [INFO] Strategy ring attempt 1: verified=False
[2026-01-13 06:14:48] [INFO] Verification message: Cannot build modified file: isWignerMatrix.{u_1} {Ω : Type u_1} [MeasurableSpace Ω] (k : ℕ) (μ ν : Measure ℝ) (X : Ω → Matrix (Fin k) (Fin k) ℝ)
  (P : Measure Ω) : Prop
  [IsProbabilityMeasure μ]
  [IsProbabilityMeasure ν]
consider restructuring your `variable` declarations so that the variables are not in scope or explicitly omit them:
  omit [IsProbabilityMeasure μ] [IsProbabilityMeasure ν] in theorem ...

Note: This linter can be disabled with `set_option linter.unusedSectionVars false`
  [IsProbabilityMeasure μ]
  [IsProbabilityMeasure ν]
consider restructuring your `variable` declarations so that the variables are not in scope or explicitly omit them:
  omit [IsProbabilityMeasure μ] [IsProbabilityMeasure ν] in theorem ...

Note: This linter can be disabled with `set_option linter.unusedSectionVars false`

Note: This linter can be disabled with `set_option linter.unusedTactic false`
  [IsProbabilityMeasure μ]
  [IsProbabilityMeasure ν]
consider restructuring your `variable` declarations so that the variables are not in scope or explicitly omit them:
  omit [IsProbabilityMeasure μ] [IsProbabilityMeasure ν] in theorem ...

Note: This linter can be disabled with `set_option linter.unusedSectionVars false`
  [IsProbabilityMeasure μ]
  [IsProbabilityMeasure ν]
consider restructuring your `variable` declarations so that the variables are not in scope or explicitly omit them:
  omit [IsProbabilityMeasure μ] [IsProbabilityMeasure ν] in theorem ...

Note: This linter can be disabled with `set_option linter.unusedSectionVars false`
  [IsProbabilityMeasure μ]
  [IsProbabilityMeasure ν]
consider restructuring your `variable` declarations so that the variables are not in scope or explicitly omit them:
  omit [IsProbabilityMeasure μ] [IsProbabilityMeasure ν] in theorem ...

Note: This linter can be disabled with `set_option linter.unusedSectionVars false`
<error line="307" column="2">
<code_line>  ring</code_line>
<message>error: ring_nf made no progress on goal</message>
</error>
(wignerMatrixMap n ω ^ k).trace : ℝ

[2026-01-13 06:14:48] [INFO] Attempt 1 failed verification, continuing...
[2026-01-13 06:14:48] [INFO] ========================================
[2026-01-13 06:14:48] [INFO] Trying strategy: norm_num (up to 1 attempts)
[2026-01-13 06:14:48] [INFO] --------------------
[2026-01-13 06:14:48] [INFO] Strategy norm_num, attempt 1/1
[2026-01-13 06:14:48] [INFO] Starting proof generation...
[2026-01-13 06:14:48] [INFO] Repository path: /root/repo
[2026-01-13 06:14:48] [INFO] Proof generation completed
[2026-01-13 06:14:48] [INFO] Generated proof:
[2026-01-13 06:14:48] [INFO] norm_num
[2026-01-13 06:14:48] [INFO] Proof length: 8 chars
[2026-01-13 06:14:48] [INFO] Starting proof verification...
[2026-01-13 06:14:48] [INFO] Verifying at: SemicircleLaw/RandomMatrix/WignerMatrix.lean:307
[2026-01-13 06:14:48] [INFO] Using LEAN INTERACT verify
[2026-01-13 06:14:48] [INFO] Checking file
[2026-01-13 06:14:56] [INFO] Cannot build modified file isWignerMatrix.{u_1} {Ω : Type u_1} [MeasurableSpace Ω] (k : ℕ) (μ ν : Measure ℝ) (X : Ω → Matrix (Fin k) (Fin k) ℝ)
  (P : Measure Ω) : Prop
  [IsProbabilityMeasure μ]
  [IsProbabilityMeasure ν]
consider restructuring your `variable` declarations so that the variables are not in scope or explicitly omit them:
  omit [IsProbabilityMeasure μ] [IsProbabilityMeasure ν] in theorem ...

Note: This linter can be disabled with `set_option linter.unusedSectionVars false`
  [IsProbabilityMeasure μ]
  [IsProbabilityMeasure ν]
consider restructuring your `variable` declarations so that the variables are not in scope or explicitly omit them:
  omit [IsProbabilityMeasure μ] [IsProbabilityMeasure ν] in theorem ...

Note: This linter can be disabled with `set_option linter.unusedSectionVars false`

Note: This linter can be disabled with `set_option linter.unusedTactic false`
  [IsProbabilityMeasure μ]
  [IsProbabilityMeasure ν]
consider restructuring your `variable` declarations so that the variables are not in scope or explicitly omit them:
  omit [IsProbabilityMeasure μ] [IsProbabilityMeasure ν] in theorem ...

Note: This linter can be disabled with `set_option linter.unusedSectionVars false`
  [IsProbabilityMeasure μ]
  [IsProbabilityMeasure ν]
consider restructuring your `variable` declarations so that the variables are not in scope or explicitly omit them:
  omit [IsProbabilityMeasure μ] [IsProbabilityMeasure ν] in theorem ...

Note: This linter can be disabled with `set_option linter.unusedSectionVars false`
  [IsProbabilityMeasure μ]
  [IsProbabilityMeasure ν]
consider restructuring your `variable` declarations so that the variables are not in scope or explicitly omit them:
  omit [IsProbabilityMeasure μ] [IsProbabilityMeasure ν] in theorem ...

Note: This linter can be disabled with `set_option linter.unusedSectionVars false`
<error line="306" column="74">
<code_line>    HasLaw (fun ω ↦ (wignerMatrixMap n ω) i j) μ (WignerMeasure μ ν n) := by</code_line>
<message>error: unsolved goals</message>
</error>
μ ν : Measure ℝ
inst✝¹ : IsProbabilityMeasure μ
inst✝ : IsProbabilityMeasure ν
n : ℕ
i j : Fin n
h : i ≠ j
⊢ HasLaw (fun ω => wignerMatrixMap n ω i j) μ (WignerMeasure μ ν n)
(wignerMatrixMap n ω ^ k).trace : ℝ
[2026-01-13 06:14:56] [INFO] Proof verification completed
[2026-01-13 06:14:56] [INFO] Strategy norm_num attempt 1: verified=False
[2026-01-13 06:14:56] [INFO] Verification message: Cannot build modified file: isWignerMatrix.{u_1} {Ω : Type u_1} [MeasurableSpace Ω] (k : ℕ) (μ ν : Measure ℝ) (X : Ω → Matrix (Fin k) (Fin k) ℝ)
  (P : Measure Ω) : Prop
  [IsProbabilityMeasure μ]
  [IsProbabilityMeasure ν]
consider restructuring your `variable` declarations so that the variables are not in scope or explicitly omit them:
  omit [IsProbabilityMeasure μ] [IsProbabilityMeasure ν] in theorem ...

Note: This linter can be disabled with `set_option linter.unusedSectionVars false`
  [IsProbabilityMeasure μ]
  [IsProbabilityMeasure ν]
consider restructuring your `variable` declarations so that the variables are not in scope or explicitly omit them:
  omit [IsProbabilityMeasure μ] [IsProbabilityMeasure ν] in theorem ...

Note: This linter can be disabled with `set_option linter.unusedSectionVars false`

Note: This linter can be disabled with `set_option linter.unusedTactic false`
  [IsProbabilityMeasure μ]
  [IsProbabilityMeasure ν]
consider restructuring your `variable` declarations so that the variables are not in scope or explicitly omit them:
  omit [IsProbabilityMeasure μ] [IsProbabilityMeasure ν] in theorem ...

Note: This linter can be disabled with `set_option linter.unusedSectionVars false`
  [IsProbabilityMeasure μ]
  [IsProbabilityMeasure ν]
consider restructuring your `variable` declarations so that the variables are not in scope or explicitly omit them:
  omit [IsProbabilityMeasure μ] [IsProbabilityMeasure ν] in theorem ...

Note: This linter can be disabled with `set_option linter.unusedSectionVars false`
  [IsProbabilityMeasure μ]
  [IsProbabilityMeasure ν]
consider restructuring your `variable` declarations so that the variables are not in scope or explicitly omit them:
  omit [IsProbabilityMeasure μ] [IsProbabilityMeasure ν] in theorem ...

Note: This linter can be disabled with `set_option linter.unusedSectionVars false`
<error line="306" column="74">
<code_line>    HasLaw (fun ω ↦ (wignerMatrixMap n ω) i j) μ (WignerMeasure μ ν n) := by</code_line>
<message>error: unsolved goals</message>
</error>
μ ν : Measure ℝ
inst✝¹ : IsProbabilityMeasure μ
inst✝ : IsProbabilityMeasure ν
n : ℕ
i j : Fin n
h : i ≠ j
⊢ HasLaw (fun ω => wignerMatrixMap n ω i j) μ (WignerMeasure μ ν n)
(wignerMatrixMap n ω ^ k).trace : ℝ

[2026-01-13 06:14:56] [INFO] Attempt 1 failed verification, continuing...
[2026-01-13 06:14:56] [INFO] ========================================
[2026-01-13 06:14:56] [INFO] Trying strategy: omega (up to 1 attempts)
[2026-01-13 06:14:56] [INFO] --------------------
[2026-01-13 06:14:56] [INFO] Strategy omega, attempt 1/1
[2026-01-13 06:14:56] [INFO] Starting proof generation...
[2026-01-13 06:14:56] [INFO] Repository path: /root/repo
[2026-01-13 06:14:56] [INFO] Proof generation completed
[2026-01-13 06:14:56] [INFO] Generated proof:
[2026-01-13 06:14:56] [INFO] omega
[2026-01-13 06:14:56] [INFO] Proof length: 5 chars
[2026-01-13 06:14:56] [INFO] Starting proof verification...
[2026-01-13 06:14:56] [INFO] Verifying at: SemicircleLaw/RandomMatrix/WignerMatrix.lean:307
[2026-01-13 06:14:56] [INFO] Using LEAN INTERACT verify
[2026-01-13 06:14:56] [INFO] Checking file
[2026-01-13 06:15:04] [INFO] Cannot build modified file isWignerMatrix.{u_1} {Ω : Type u_1} [MeasurableSpace Ω] (k : ℕ) (μ ν : Measure ℝ) (X : Ω → Matrix (Fin k) (Fin k) ℝ)
  (P : Measure Ω) : Prop
  [IsProbabilityMeasure μ]
  [IsProbabilityMeasure ν]
consider restructuring your `variable` declarations so that the variables are not in scope or explicitly omit them:
  omit [IsProbabilityMeasure μ] [IsProbabilityMeasure ν] in theorem ...

Note: This linter can be disabled with `set_option linter.unusedSectionVars false`
  [IsProbabilityMeasure μ]
  [IsProbabilityMeasure ν]
consider restructuring your `variable` declarations so that the variables are not in scope or explicitly omit them:
  omit [IsProbabilityMeasure μ] [IsProbabilityMeasure ν] in theorem ...

Note: This linter can be disabled with `set_option linter.unusedSectionVars false`

Note: This linter can be disabled with `set_option linter.unusedTactic false`
  [IsProbabilityMeasure μ]
  [IsProbabilityMeasure ν]
consider restructuring your `variable` declarations so that the variables are not in scope or explicitly omit them:
  omit [IsProbabilityMeasure μ] [IsProbabilityMeasure ν] in theorem ...

Note: This linter can be disabled with `set_option linter.unusedSectionVars false`
  [IsProbabilityMeasure μ]
  [IsProbabilityMeasure ν]
consider restructuring your `variable` declarations so that the variables are not in scope or explicitly omit them:
  omit [IsProbabilityMeasure μ] [IsProbabilityMeasure ν] in theorem ...

Note: This linter can be disabled with `set_option linter.unusedSectionVars false`
  [IsProbabilityMeasure μ]
  [IsProbabilityMeasure ν]
consider restructuring your `variable` declarations so that the variables are not in scope or explicitly omit them:
  omit [IsProbabilityMeasure μ] [IsProbabilityMeasure ν] in theorem ...

Note: This linter can be disabled with `set_option linter.unusedSectionVars false`
<error line="307" column="2">
<code_line>  omega</code_line>
<message>error: omega could not prove the goal:</message>
</error>
a possible counterexample may satisfy the constraints
  c ≥ 0
  b ≥ 0
  b - c ≤ -1
  a ≥ 0
  a - b ≥ 1
  a - c ≤ -1
where
 a := ↑↑j
 b := ↑↑i
 c := ↑n
(wignerMatrixMap n ω ^ k).trace : ℝ
[2026-01-13 06:15:04] [INFO] Proof verification completed
[2026-01-13 06:15:04] [INFO] Strategy omega attempt 1: verified=False
[2026-01-13 06:15:04] [INFO] Verification message: Cannot build modified file: isWignerMatrix.{u_1} {Ω : Type u_1} [MeasurableSpace Ω] (k : ℕ) (μ ν : Measure ℝ) (X : Ω → Matrix (Fin k) (Fin k) ℝ)
  (P : Measure Ω) : Prop
  [IsProbabilityMeasure μ]
  [IsProbabilityMeasure ν]
consider restructuring your `variable` declarations so that the variables are not in scope or explicitly omit them:
  omit [IsProbabilityMeasure μ] [IsProbabilityMeasure ν] in theorem ...

Note: This linter can be disabled with `set_option linter.unusedSectionVars false`
  [IsProbabilityMeasure μ]
  [IsProbabilityMeasure ν]
consider restructuring your `variable` declarations so that the variables are not in scope or explicitly omit them:
  omit [IsProbabilityMeasure μ] [IsProbabilityMeasure ν] in theorem ...

Note: This linter can be disabled with `set_option linter.unusedSectionVars false`

Note: This linter can be disabled with `set_option linter.unusedTactic false`
  [IsProbabilityMeasure μ]
  [IsProbabilityMeasure ν]
consider restructuring your `variable` declarations so that the variables are not in scope or explicitly omit them:
  omit [IsProbabilityMeasure μ] [IsProbabilityMeasure ν] in theorem ...

Note: This linter can be disabled with `set_option linter.unusedSectionVars false`
  [IsProbabilityMeasure μ]
  [IsProbabilityMeasure ν]
consider restructuring your `variable` declarations so that the variables are not in scope or explicitly omit them:
  omit [IsProbabilityMeasure μ] [IsProbabilityMeasure ν] in theorem ...

Note: This linter can be disabled with `set_option linter.unusedSectionVars false`
  [IsProbabilityMeasure μ]
  [IsProbabilityMeasure ν]
consider restructuring your `variable` declarations so that the variables are not in scope or explicitly omit them:
  omit [IsProbabilityMeasure μ] [IsProbabilityMeasure ν] in theorem ...

Note: This linter can be disabled with `set_option linter.unusedSectionVars false`
<error line="307" column="2">
<code_line>  omega</code_line>
<message>error: omega could not prove the goal:</message>
</error>
a possible counterexample may satisfy the constraints
  c ≥ 0
  b ≥ 0
  b - c ≤ -1
  a ≥ 0
  a - b ≥ 1
  a - c ≤ -1
where
 a := ↑↑j
 b := ↑↑i
 c := ↑n
(wignerMatrixMap n ω ^ k).trace : ℝ

[2026-01-13 06:15:04] [INFO] Attempt 1 failed verification, continuing...
[2026-01-13 06:15:04] [INFO] ========================================
[2026-01-13 06:15:04] [INFO] Trying strategy: linarith (up to 1 attempts)
[2026-01-13 06:15:04] [INFO] --------------------
[2026-01-13 06:15:04] [INFO] Strategy linarith, attempt 1/1
[2026-01-13 06:15:04] [INFO] Starting proof generation...
[2026-01-13 06:15:04] [INFO] Repository path: /root/repo
[2026-01-13 06:15:04] [INFO] Proof generation completed
[2026-01-13 06:15:04] [INFO] Generated proof:
[2026-01-13 06:15:04] [INFO] linarith
[2026-01-13 06:15:04] [INFO] Proof length: 8 chars
[2026-01-13 06:15:04] [INFO] Starting proof verification...
[2026-01-13 06:15:04] [INFO] Verifying at: SemicircleLaw/RandomMatrix/WignerMatrix.lean:307
[2026-01-13 06:15:04] [INFO] Using LEAN INTERACT verify
[2026-01-13 06:15:04] [INFO] Checking file
[2026-01-13 06:15:13] [INFO] Cannot build modified file isWignerMatrix.{u_1} {Ω : Type u_1} [MeasurableSpace Ω] (k : ℕ) (μ ν : Measure ℝ) (X : Ω → Matrix (Fin k) (Fin k) ℝ)
  (P : Measure Ω) : Prop
  [IsProbabilityMeasure μ]
  [IsProbabilityMeasure ν]
consider restructuring your `variable` declarations so that the variables are not in scope or explicitly omit them:
  omit [IsProbabilityMeasure μ] [IsProbabilityMeasure ν] in theorem ...

Note: This linter can be disabled with `set_option linter.unusedSectionVars false`
  [IsProbabilityMeasure μ]
  [IsProbabilityMeasure ν]
consider restructuring your `variable` declarations so that the variables are not in scope or explicitly omit them:
  omit [IsProbabilityMeasure μ] [IsProbabilityMeasure ν] in theorem ...

Note: This linter can be disabled with `set_option linter.unusedSectionVars false`

Note: This linter can be disabled with `set_option linter.unusedTactic false`
  [IsProbabilityMeasure μ]
  [IsProbabilityMeasure ν]
consider restructuring your `variable` declarations so that the variables are not in scope or explicitly omit them:
  omit [IsProbabilityMeasure μ] [IsProbabilityMeasure ν] in theorem ...

Note: This linter can be disabled with `set_option linter.unusedSectionVars false`
  [IsProbabilityMeasure μ]
  [IsProbabilityMeasure ν]
consider restructuring your `variable` declarations so that the variables are not in scope or explicitly omit them:
  omit [IsProbabilityMeasure μ] [IsProbabilityMeasure ν] in theorem ...

Note: This linter can be disabled with `set_option linter.unusedSectionVars false`
  [IsProbabilityMeasure μ]
  [IsProbabilityMeasure ν]
consider restructuring your `variable` declarations so that the variables are not in scope or explicitly omit them:
  omit [IsProbabilityMeasure μ] [IsProbabilityMeasure ν] in theorem ...

Note: This linter can be disabled with `set_option linter.unusedSectionVars false`
<error line="307" column="2">
<code_line>  linarith</code_line>
<message>error: linarith failed to find a contradiction</message>
</error>
μ ν : Measure ℝ
inst✝¹ : IsProbabilityMeasure μ
inst✝ : IsProbabilityMeasure ν
n : ℕ
i j : Fin n
h : i ≠ j
⊢ False
failed
(wignerMatrixMap n ω ^ k).trace : ℝ
[2026-01-13 06:15:13] [INFO] Proof verification completed
[2026-01-13 06:15:13] [INFO] Strategy linarith attempt 1: verified=False
[2026-01-13 06:15:13] [INFO] Verification message: Cannot build modified file: isWignerMatrix.{u_1} {Ω : Type u_1} [MeasurableSpace Ω] (k : ℕ) (μ ν : Measure ℝ) (X : Ω → Matrix (Fin k) (Fin k) ℝ)
  (P : Measure Ω) : Prop
  [IsProbabilityMeasure μ]
  [IsProbabilityMeasure ν]
consider restructuring your `variable` declarations so that the variables are not in scope or explicitly omit them:
  omit [IsProbabilityMeasure μ] [IsProbabilityMeasure ν] in theorem ...

Note: This linter can be disabled with `set_option linter.unusedSectionVars false`
  [IsProbabilityMeasure μ]
  [IsProbabilityMeasure ν]
consider restructuring your `variable` declarations so that the variables are not in scope or explicitly omit them:
  omit [IsProbabilityMeasure μ] [IsProbabilityMeasure ν] in theorem ...

Note: This linter can be disabled with `set_option linter.unusedSectionVars false`

Note: This linter can be disabled with `set_option linter.unusedTactic false`
  [IsProbabilityMeasure μ]
  [IsProbabilityMeasure ν]
consider restructuring your `variable` declarations so that the variables are not in scope or explicitly omit them:
  omit [IsProbabilityMeasure μ] [IsProbabilityMeasure ν] in theorem ...

Note: This linter can be disabled with `set_option linter.unusedSectionVars false`
  [IsProbabilityMeasure μ]
  [IsProbabilityMeasure ν]
consider restructuring your `variable` declarations so that the variables are not in scope or explicitly omit them:
  omit [IsProbabilityMeasure μ] [IsProbabilityMeasure ν] in theorem ...

Note: This linter can be disabled with `set_option linter.unusedSectionVars false`
  [IsProbabilityMeasure μ]
  [IsProbabilityMeasure ν]
consider restructuring your `variable` declarations so that the variables are not in scope or explicitly omit them:
  omit [IsProbabilityMeasure μ] [IsProbabilityMeasure ν] in theorem ...

Note: This linter can be disabled with `set_option linter.unusedSectionVars false`
<error line="307" column="2">
<code_line>  linarith</code_line>
<message>error: linarith failed to find a contradiction</message>
</error>
μ ν : Measure ℝ
inst✝¹ : IsProbabilityMeasure μ
inst✝ : IsProbabilityMeasure ν
n : ℕ
i j : Fin n
h : i ≠ j
⊢ False
failed
(wignerMatrixMap n ω ^ k).trace : ℝ

[2026-01-13 06:15:13] [INFO] Attempt 1 failed verification, continuing...
[2026-01-13 06:15:13] [INFO] ========================================
[2026-01-13 06:15:13] [INFO] Trying strategy: nlinarith (up to 1 attempts)
[2026-01-13 06:15:13] [INFO] --------------------
[2026-01-13 06:15:13] [INFO] Strategy nlinarith, attempt 1/1
[2026-01-13 06:15:13] [INFO] Starting proof generation...
[2026-01-13 06:15:13] [INFO] Repository path: /root/repo
[2026-01-13 06:15:13] [INFO] Proof generation completed
[2026-01-13 06:15:13] [INFO] Generated proof:
[2026-01-13 06:15:13] [INFO] nlinarith
[2026-01-13 06:15:13] [INFO] Proof length: 9 chars
[2026-01-13 06:15:13] [INFO] Starting proof verification...
[2026-01-13 06:15:13] [INFO] Verifying at: SemicircleLaw/RandomMatrix/WignerMatrix.lean:307
[2026-01-13 06:15:13] [INFO] Using LEAN INTERACT verify
[2026-01-13 06:15:13] [INFO] Checking file
[2026-01-13 06:15:25] [INFO] Cannot build modified file isWignerMatrix.{u_1} {Ω : Type u_1} [MeasurableSpace Ω] (k : ℕ) (μ ν : Measure ℝ) (X : Ω → Matrix (Fin k) (Fin k) ℝ)
  (P : Measure Ω) : Prop
  [IsProbabilityMeasure μ]
  [IsProbabilityMeasure ν]
consider restructuring your `variable` declarations so that the variables are not in scope or explicitly omit them:
  omit [IsProbabilityMeasure μ] [IsProbabilityMeasure ν] in theorem ...

Note: This linter can be disabled with `set_option linter.unusedSectionVars false`
  [IsProbabilityMeasure μ]
  [IsProbabilityMeasure ν]
consider restructuring your `variable` declarations so that the variables are not in scope or explicitly omit them:
  omit [IsProbabilityMeasure μ] [IsProbabilityMeasure ν] in theorem ...

Note: This linter can be disabled with `set_option linter.unusedSectionVars false`

Note: This linter can be disabled with `set_option linter.unusedTactic false`
  [IsProbabilityMeasure μ]
  [IsProbabilityMeasure ν]
consider restructuring your `variable` declarations so that the variables are not in scope or explicitly omit them:
  omit [IsProbabilityMeasure μ] [IsProbabilityMeasure ν] in theorem ...

Note: This linter can be disabled with `set_option linter.unusedSectionVars false`
  [IsProbabilityMeasure μ]
  [IsProbabilityMeasure ν]
consider restructuring your `variable` declarations so that the variables are not in scope or explicitly omit them:
  omit [IsProbabilityMeasure μ] [IsProbabilityMeasure ν] in theorem ...

Note: This linter can be disabled with `set_option linter.unusedSectionVars false`
  [IsProbabilityMeasure μ]
  [IsProbabilityMeasure ν]
consider restructuring your `variable` declarations so that the variables are not in scope or explicitly omit them:
  omit [IsProbabilityMeasure μ] [IsProbabilityMeasure ν] in theorem ...

Note: This linter can be disabled with `set_option linter.unusedSectionVars false`
<error line="307" column="2">
<code_line>  nlinarith</code_line>
<message>error: linarith failed to find a contradiction</message>
</error>
μ ν : Measure ℝ
inst✝¹ : IsProbabilityMeasure μ
inst✝ : IsProbabilityMeasure ν
n : ℕ
i j : Fin n
h : i ≠ j
⊢ False
failed
(wignerMatrixMap n ω ^ k).trace : ℝ
[2026-01-13 06:15:25] [INFO] Proof verification completed
[2026-01-13 06:15:25] [INFO] Strategy nlinarith attempt 1: verified=False
[2026-01-13 06:15:25] [INFO] Verification message: Cannot build modified file: isWignerMatrix.{u_1} {Ω : Type u_1} [MeasurableSpace Ω] (k : ℕ) (μ ν : Measure ℝ) (X : Ω → Matrix (Fin k) (Fin k) ℝ)
  (P : Measure Ω) : Prop
  [IsProbabilityMeasure μ]
  [IsProbabilityMeasure ν]
consider restructuring your `variable` declarations so that the variables are not in scope or explicitly omit them:
  omit [IsProbabilityMeasure μ] [IsProbabilityMeasure ν] in theorem ...

Note: This linter can be disabled with `set_option linter.unusedSectionVars false`
  [IsProbabilityMeasure μ]
  [IsProbabilityMeasure ν]
consider restructuring your `variable` declarations so that the variables are not in scope or explicitly omit them:
  omit [IsProbabilityMeasure μ] [IsProbabilityMeasure ν] in theorem ...

Note: This linter can be disabled with `set_option linter.unusedSectionVars false`

Note: This linter can be disabled with `set_option linter.unusedTactic false`
  [IsProbabilityMeasure μ]
  [IsProbabilityMeasure ν]
consider restructuring your `variable` declarations so that the variables are not in scope or explicitly omit them:
  omit [IsProbabilityMeasure μ] [IsProbabilityMeasure ν] in theorem ...

Note: This linter can be disabled with `set_option linter.unusedSectionVars false`
  [IsProbabilityMeasure μ]
  [IsProbabilityMeasure ν]
consider restructuring your `variable` declarations so that the variables are not in scope or explicitly omit them:
  omit [IsProbabilityMeasure μ] [IsProbabilityMeasure ν] in theorem ...

Note: This linter can be disabled with `set_option linter.unusedSectionVars false`
  [IsProbabilityMeasure μ]
  [IsProbabilityMeasure ν]
consider restructuring your `variable` declarations so that the variables are not in scope or explicitly omit them:
  omit [IsProbabilityMeasure μ] [IsProbabilityMeasure ν] in theorem ...

Note: This linter can be disabled with `set_option linter.unusedSectionVars false`
<error line="307" column="2">
<code_line>  nlinarith</code_line>
<message>error: linarith failed to find a contradiction</message>
</error>
μ ν : Measure ℝ
inst✝¹ : IsProbabilityMeasure μ
inst✝ : IsProbabilityMeasure ν
n : ℕ
i j : Fin n
h : i ≠ j
⊢ False
failed
(wignerMatrixMap n ω ^ k).trace : ℝ

[2026-01-13 06:15:25] [INFO] Attempt 1 failed verification, continuing...
[2026-01-13 06:15:25] [INFO] ========================================
[2026-01-13 06:15:25] [INFO] Trying strategy: aesop (up to 1 attempts)
[2026-01-13 06:15:25] [INFO] --------------------
[2026-01-13 06:15:25] [INFO] Strategy aesop, attempt 1/1
[2026-01-13 06:15:25] [INFO] Starting proof generation...
[2026-01-13 06:15:25] [INFO] Repository path: /root/repo
[2026-01-13 06:15:25] [INFO] Proof generation completed
[2026-01-13 06:15:25] [INFO] Generated proof:
[2026-01-13 06:15:25] [INFO] aesop
[2026-01-13 06:15:25] [INFO] Proof length: 5 chars
[2026-01-13 06:15:25] [INFO] Starting proof verification...
[2026-01-13 06:15:25] [INFO] Verifying at: SemicircleLaw/RandomMatrix/WignerMatrix.lean:307
[2026-01-13 06:15:25] [INFO] Using LEAN INTERACT verify
[2026-01-13 06:15:25] [INFO] Checking file
[2026-01-13 06:15:35] [INFO] Cannot build modified file isWignerMatrix.{u_1} {Ω : Type u_1} [MeasurableSpace Ω] (k : ℕ) (μ ν : Measure ℝ) (X : Ω → Matrix (Fin k) (Fin k) ℝ)
  (P : Measure Ω) : Prop
  [IsProbabilityMeasure μ]
  [IsProbabilityMeasure ν]
consider restructuring your `variable` declarations so that the variables are not in scope or explicitly omit them:
  omit [IsProbabilityMeasure μ] [IsProbabilityMeasure ν] in theorem ...

Note: This linter can be disabled with `set_option linter.unusedSectionVars false`
  [IsProbabilityMeasure μ]
  [IsProbabilityMeasure ν]
consider restructuring your `variable` declarations so that the variables are not in scope or explicitly omit them:
  omit [IsProbabilityMeasure μ] [IsProbabilityMeasure ν] in theorem ...

Note: This linter can be disabled with `set_option linter.unusedSectionVars false`

Note: This linter can be disabled with `set_option linter.unusedTactic false`
  [IsProbabilityMeasure μ]
  [IsProbabilityMeasure ν]
consider restructuring your `variable` declarations so that the variables are not in scope or explicitly omit them:
  omit [IsProbabilityMeasure μ] [IsProbabilityMeasure ν] in theorem ...

Note: This linter can be disabled with `set_option linter.unusedSectionVars false`
  [IsProbabilityMeasure μ]
  [IsProbabilityMeasure ν]
consider restructuring your `variable` declarations so that the variables are not in scope or explicitly omit them:
  omit [IsProbabilityMeasure μ] [IsProbabilityMeasure ν] in theorem ...

Note: This linter can be disabled with `set_option linter.unusedSectionVars false`
  [IsProbabilityMeasure μ]
  [IsProbabilityMeasure ν]
consider restructuring your `variable` declarations so that the variables are not in scope or explicitly omit them:
  omit [IsProbabilityMeasure μ] [IsProbabilityMeasure ν] in theorem ...

Note: This linter can be disabled with `set_option linter.unusedSectionVars false`
<error line="306" column="74">
<code_line>    HasLaw (fun ω ↦ (wignerMatrixMap n ω) i j) μ (WignerMeasure μ ν n) := by</code_line>
<message>error: unsolved goals</message>
</error>
μ ν : Measure ℝ
inst : IsProbabilityMeasure μ
inst_1 : IsProbabilityMeasure ν
n : ℕ
i j : Fin n
h : ¬i = j
⊢ HasLaw (fun ω => wignerMatrixMap n ω i j) μ (WignerMeasure μ ν n)
(wignerMatrixMap n ω ^ k).trace : ℝ
[2026-01-13 06:15:35] [INFO] Proof verification completed
[2026-01-13 06:15:35] [INFO] Strategy aesop attempt 1: verified=False
[2026-01-13 06:15:35] [INFO] Verification message: Cannot build modified file: isWignerMatrix.{u_1} {Ω : Type u_1} [MeasurableSpace Ω] (k : ℕ) (μ ν : Measure ℝ) (X : Ω → Matrix (Fin k) (Fin k) ℝ)
  (P : Measure Ω) : Prop
  [IsProbabilityMeasure μ]
  [IsProbabilityMeasure ν]
consider restructuring your `variable` declarations so that the variables are not in scope or explicitly omit them:
  omit [IsProbabilityMeasure μ] [IsProbabilityMeasure ν] in theorem ...

Note: This linter can be disabled with `set_option linter.unusedSectionVars false`
  [IsProbabilityMeasure μ]
  [IsProbabilityMeasure ν]
consider restructuring your `variable` declarations so that the variables are not in scope or explicitly omit them:
  omit [IsProbabilityMeasure μ] [IsProbabilityMeasure ν] in theorem ...

Note: This linter can be disabled with `set_option linter.unusedSectionVars false`

Note: This linter can be disabled with `set_option linter.unusedTactic false`
  [IsProbabilityMeasure μ]
  [IsProbabilityMeasure ν]
consider restructuring your `variable` declarations so that the variables are not in scope or explicitly omit them:
  omit [IsProbabilityMeasure μ] [IsProbabilityMeasure ν] in theorem ...

Note: This linter can be disabled with `set_option linter.unusedSectionVars false`
  [IsProbabilityMeasure μ]
  [IsProbabilityMeasure ν]
consider restructuring your `variable` declarations so that the variables are not in scope or explicitly omit them:
  omit [IsProbabilityMeasure μ] [IsProbabilityMeasure ν] in theorem ...

Note: This linter can be disabled with `set_option linter.unusedSectionVars false`
  [IsProbabilityMeasure μ]
  [IsProbabilityMeasure ν]
consider restructuring your `variable` declarations so that the variables are not in scope or explicitly omit them:
  omit [IsProbabilityMeasure μ] [IsProbabilityMeasure ν] in theorem ...

Note: This linter can be disabled with `set_option linter.unusedSectionVars false`
<error line="306" column="74">
<code_line>    HasLaw (fun ω ↦ (wignerMatrixMap n ω) i j) μ (WignerMeasure μ ν n) := by</code_line>
<message>error: unsolved goals</message>
</error>
μ ν : Measure ℝ
inst : IsProbabilityMeasure μ
inst_1 : IsProbabilityMeasure ν
n : ℕ
i j : Fin n
h : ¬i = j
⊢ HasLaw (fun ω => wignerMatrixMap n ω i j) μ (WignerMeasure μ ν n)
(wignerMatrixMap n ω ^ k).trace : ℝ

[2026-01-13 06:15:35] [INFO] Attempt 1 failed verification, continuing...
[2026-01-13 06:15:35] [INFO] ========================================
[2026-01-13 06:15:35] [INFO] Pass@k completed. Total results: 1
[2026-01-13 06:15:35] [INFO] FAILED: All 11 strategies x 1 attempts
[2026-01-13 06:15:35] [INFO] Writing results to file: /root/repo/result.json
[2026-01-13 06:15:35] [INFO] Result file written successfully
[2026-01-13 06:15:35] [INFO] Results exported to: /root/repo/result.json
[2026-01-13 06:15:35] [INFO] run_morphcloud_local.py completed successfully

[2026-01-13 06:15:37] [process_single_sorry] Downloading result file...
[2026-01-13 06:15:37] [process_single_sorry] Downloaded result to intermediate_experiment_outputs_full_reservoir_3_months/multi_tactic/2026-01-13_01-27-45_multi_tactic/individual/5af0845ffe62eb5980182a9d4233ebd1abe6eff606a4443ce3ac49ab984855d8.json
[2026-01-13 06:15:39] [process_single_sorry] Instance context closed successfully
[2026-01-13 06:15:39] [process_single_sorry] Parsing result file...
[2026-01-13 06:15:39] [process_single_sorry] Successfully parsed result (list format, 1 results)
