[2026-01-13 04:54:41] [process_single_sorry] Starting for sorry 60a854f83dbae0ebd3d6b6f44cde4407940fcb13804de18c995fa85dc27209ed
[2026-01-13 04:54:41] [process_single_sorry] Using snapshot: snapshot_eql9zdhq
[2026-01-13 04:54:41] [process_single_sorry] Repository: https://github.com/m4lvin/Gossip-in-Lean@96a4997e423f3abf5e430d1dfc64dcd861ea5b65
[2026-01-13 04:54:41] [process_single_sorry] Instance name: Gossip-in-Lean_96a4997e423f_multi_tactic_60a854f83dbae0ebd3d6b6f44cde4407940fcb13804de18c995fa85dc27209ed
[2026-01-13 04:54:41] [process_single_sorry] Starting attempt 1/3
[2026-01-13 04:54:41] [process_single_sorry] Starting instance from snapshot...
[2026-01-13 04:54:41] [process_single_sorry] Instance started successfully: morphvm_0qouul10
[2026-01-13 04:54:41] [process_single_sorry] Creating .env file...
[2026-01-13 04:54:44] [process_single_sorry] .env file created (exit_code: 0)
[2026-01-13 04:54:44] [process_single_sorry] Executing agent command...
[2026-01-13 04:58:49] [process_single_sorry] Agent command completed (exit_code: 0)
[2026-01-13 04:58:49] [process_single_sorry] STDOUT:

Results JSON:
[
  {
    "sorry": {
      "repo": {
        "remote": "https://github.com/m4lvin/Gossip-in-Lean",
        "branch": "main",
        "commit": "96a4997e423f3abf5e430d1dfc64dcd861ea5b65",
        "lean_version": "v4.26.0-rc2"
      },
      "location": {
        "path": "Gossip/Necessary.lean",
        "start_line": 253,
        "start_column": 4,
        "end_line": 253,
        "end_column": 9
      },
      "debug_info": {
        "goal": "hyp : ∃ x, ∃ (_ : 4 < x), ∃ x_1, ∃ (_ : allExpert (after x x_1)), x_1.length < 2 * x - 4\nm : ℕ\nm_is_minimal : ∀ n < m, ¬∃ (_ : 4 < n), ∃ x, ∃ (_ : allExpert (after n x)), x.length < 2 * n - 4\nle_m : 4 < m\nS : List (Call m)\nS_allExp : allExpert (after m S)\nS_len_lt : S.length ≤ 2 * m - 5\nis_minimal_m : is_minimal m\nnoHo_S : noHo m S\ninitPart : List (Call m) := List.filter (fun c => isInitialCall m S c) S\nmidPart : List (Call m) := List.filter (fun c => decide (¬isInitialCall m S c = true ∧ ¬isFinalCall m S c = true)) S\nfinalPart : List (Call m) := List.filter (fun c => isFinalCall m S c) S\nthis✝⁵ : S.length = initPart.length + midPart.length + finalPart.length\nthis✝⁴ : m / 2 = initPart.length\nthis✝³ : m / 2 = finalPart.length\nthis✝² : m = initPart.length + finalPart.length\nlen_s_at_least : m ≤ S.length\nthis✝¹ : midPart.length ≤ m - 5\nc : Fin m → ℕ := sorry\nthis✝ : ∀ (k : Fin m), 2 * m - 2 - v m S k + c k ≤ 2 * m - 5\nS_len_def : ∀ (k : Fin m), S.length = 2 * m - 2 - v m S k + c k\nthis : S.length = 2 * m - 2 - v m S ⟨0, ⋯⟩ + c ⟨0, ⋯⟩\n⊢ 5 * m < 2 * (2 * m - 2 - v m S ⟨0, ⋯⟩ + c ⟨0, ⋯⟩)",
        "url": "https://github.com/m4lvin/Gossip-in-Lean/blob/96a4997e423f3abf5e430d1dfc64dcd861ea5b65/Gossip/Necessary.lean#L253"
      },
      "metadata": {
        "blame_email_hash": "f9cc4b9ec8ec",
        "blame_date": "2025-05-23T12:31:53+02:00",
        "inclusion_date": "2026-01-10T22:18:38.495702+00:00"
      },
      "id": "60a854f83dbae0ebd3d6b6f44cde4407940fcb13804de18c995fa85dc27209ed"
    },
    "proof": null,
    "proof_verified": false,
    "feedback": null,
    "verification_message": "All 11 attempts failed (11 strategies x 1 attempts each)",
    "success": true,
    "error_type": null,
    "error_message": null,
    "strategy_name": "all_failed_k=1",
    "proof_attempts": [
      "rfl",
      "simp",
      "simp_all",
      "exact?",
      "grind",
      "ring",
      "norm_num",
      "omega",
      "linarith",
      "nlinarith",
      "aesop"
    ]
  }
]

[2026-01-13 04:58:49] [process_single_sorry] STDERR:
None of PyTorch, TensorFlow >= 2.0, or Flax have been found. Models won't be available and only tokenizers, configuration and file/data utilities can be used.
[2026-01-13 04:54:57] [INFO] ================================================================================
[2026-01-13 04:54:57] [INFO] Starting run_morphcloud_local.py
[2026-01-13 04:54:57] [INFO] ================================================================================
[2026-01-13 04:54:57] [INFO] Environment loaded
[2026-01-13 04:54:57] [INFO] Full command: /root/SorryDB/sorrydb/cli/run_morphcloud_local.py --repo-path /root/repo --sorry-json {"repo": {"remote": "https://github.com/m4lvin/Gossip-in-Lean", "branch": "main", "commit": "96a4997e423f3abf5e430d1dfc64dcd861ea5b65", "lean_version": "v4.26.0-rc2"}, "location": {"path": "Gossip/Necessary.lean", "start_line": 253, "start_column": 4, "end_line": 253, "end_column": 9}, "debug_info": {"goal": "hyp : \u2203 x, \u2203 (_ : 4 < x), \u2203 x_1, \u2203 (_ : allExpert (after x x_1)), x_1.length < 2 * x - 4\nm : \u2115\nm_is_minimal : \u2200 n < m, \u00ac\u2203 (_ : 4 < n), \u2203 x, \u2203 (_ : allExpert (after n x)), x.length < 2 * n - 4\nle_m : 4 < m\nS : List (Call m)\nS_allExp : allExpert (after m S)\nS_len_lt : S.length \u2264 2 * m - 5\nis_minimal_m : is_minimal m\nnoHo_S : noHo m S\ninitPart : List (Call m) := List.filter (fun c => isInitialCall m S c) S\nmidPart : List (Call m) := List.filter (fun c => decide (\u00acisInitialCall m S c = true \u2227 \u00acisFinalCall m S c = true)) S\nfinalPart : List (Call m) := List.filter (fun c => isFinalCall m S c) S\nthis\u271d\u2075 : S.length = initPart.length + midPart.length + finalPart.length\nthis\u271d\u2074 : m / 2 = initPart.length\nthis\u271d\u00b3 : m / 2 = finalPart.length\nthis\u271d\u00b2 : m = initPart.length + finalPart.length\nlen_s_at_least : m \u2264 S.length\nthis\u271d\u00b9 : midPart.length \u2264 m - 5\nc : Fin m \u2192 \u2115 := sorry\nthis\u271d : \u2200 (k : Fin m), 2 * m - 2 - v m S k + c k \u2264 2 * m - 5\nS_len_def : \u2200 (k : Fin m), S.length = 2 * m - 2 - v m S k + c k\nthis : S.length = 2 * m - 2 - v m S \u27e80, \u22ef\u27e9 + c \u27e80, \u22ef\u27e9\n\u22a2 5 * m < 2 * (2 * m - 2 - v m S \u27e80, \u22ef\u27e9 + c \u27e80, \u22ef\u27e9)", "url": "https://github.com/m4lvin/Gossip-in-Lean/blob/96a4997e423f3abf5e430d1dfc64dcd861ea5b65/Gossip/Necessary.lean#L253"}, "metadata": {"blame_email_hash": "f9cc4b9ec8ec", "blame_date": "2025-05-23T12:31:53+02:00", "inclusion_date": "2026-01-10T22:18:38.495702+00:00"}, "id": "60a854f83dbae0ebd3d6b6f44cde4407940fcb13804de18c995fa85dc27209ed"} --agent-strategy {"name": "multi_tactic", "args": {}}
[2026-01-13 04:54:57] [INFO] Arguments parsed: repo_path=/root/repo, output_path=/root/repo/result.json
[2026-01-13 04:54:57] [INFO] Strategy spec: {"name": "multi_tactic", "args": {}}...
[2026-01-13 04:54:57] [INFO] Loading sorry data...
[2026-01-13 04:54:57] [INFO] Parsing sorry from JSON string...
[2026-01-13 04:54:57] [INFO] Sorry data parsed from JSON string
[2026-01-13 04:54:57] [INFO] Creating strategy from spec...
[2026-01-13 04:54:57] [INFO] Parsing strategy spec (length: 36 chars)
[2026-01-13 04:54:57] [INFO] Strategy name: multi_tactic
[2026-01-13 04:54:57] [INFO] Strategy args: {}
[2026-01-13 04:54:57] [INFO] Pass@k value: 1
[2026-01-13 04:54:57] [INFO] Creating strategy: multi_tactic
[2026-01-13 04:54:57] [INFO] Creating multi_tactic strategy with tactics: ['rfl', 'simp', 'simp_all', 'exact?', 'grind', 'ring', 'norm_num', 'omega', 'linarith', 'nlinarith', 'aesop']
[2026-01-13 04:54:57] [INFO] Strategies created: ['rfl', 'simp', 'simp_all', 'exact?', 'grind', 'ring', 'norm_num', 'omega', 'linarith', 'nlinarith', 'aesop']
[2026-01-13 04:54:57] [INFO] Pass@k value: 1
[2026-01-13 04:54:57] [INFO] Creating Sorry object...
[2026-01-13 04:54:57] [INFO] Sorry object created: id=60a854f83dbae0ebd3d6b6f44cde4407940fcb13804de18c995fa85dc27209ed
[2026-01-13 04:54:57] [INFO] Sorry location: Gossip/Necessary.lean:253
[2026-01-13 04:54:57] [INFO] Context before sorry (lines 248-253):
[2026-01-13 04:54:57] [INFO]   248:       · intro j; apply S_allExp
[2026-01-13 04:54:57] [INFO]   249:       · intro j; apply S_allExp
[2026-01-13 04:54:57] [INFO]   250: 
[2026-01-13 04:54:57] [INFO]   251:     have := S_len_def ⟨0, Nat.zero_lt_of_lt le_m⟩
[2026-01-13 04:54:57] [INFO]   252:     rewrite [this]
[2026-01-13 04:54:57] [INFO]   253:     sorry
[2026-01-13 04:54:57] [INFO] Sorry line:     sorry
[2026-01-13 04:54:57] [INFO] Sorry goal: hyp : ∃ x, ∃ (_ : 4 < x), ∃ x_1, ∃ (_ : allExpert (after x x_1)), x_1.length < 2 * x - 4
m : ℕ
m_is_...
[2026-01-13 04:54:57] [INFO] ========================================
[2026-01-13 04:54:57] [INFO] Trying strategy: rfl (up to 1 attempts)
[2026-01-13 04:54:57] [INFO] --------------------
[2026-01-13 04:54:57] [INFO] Strategy rfl, attempt 1/1
[2026-01-13 04:54:57] [INFO] Starting proof generation...
[2026-01-13 04:54:57] [INFO] Repository path: /root/repo
[2026-01-13 04:54:57] [INFO] Proof generation completed
[2026-01-13 04:54:57] [INFO] Generated proof:
[2026-01-13 04:54:57] [INFO] rfl
[2026-01-13 04:54:57] [INFO] Proof length: 3 chars
[2026-01-13 04:54:57] [INFO] Starting proof verification...
[2026-01-13 04:54:57] [INFO] Verifying at: Gossip/Necessary.lean:253
[2026-01-13 04:54:57] [INFO] Using LEAN INTERACT verify
[2026-01-13 04:54:57] [INFO] Checking file
[2026-01-13 04:55:43] [INFO] Cannot build modified file <error line="253" column="4">
<code_line>    rfl</code_line>
<message>error: Tactic `rfl` failed: The left-hand side</message>
</error>
  5 * m
is not definitionally equal to the right-hand side
  2 * (2 * m - 2 - v S ⟨0, ⋯⟩ + c ⟨0, ⋯⟩)

hyp : ∃ x, ∃ (_ : 4 < x), ∃ x_1, ∃ (_ : allExpert (after x_1)), x_1.length < 2 * x - 4
m : ℕ
m_is_minimal : ∀ n < m, ¬∃ (_ : 4 < n), ∃ x, ∃ (_ : allExpert (after x)), x.length < 2 * n - 4
le_m : 4 < m
S : List (Call m)
S_allExp : allExpert (after S)
S_len_lt : S.length ≤ 2 * m - 5
is_minimal_m : is_minimal m
noHo_S : noHo S
initPart : List (Call m) := List.filter (fun c => isInitialCall S c) S
midPart : List (Call m) := List.filter (fun c => decide (¬isInitialCall S c = true ∧ ¬isFinalCall S c = true)) S
finalPart : List (Call m) := List.filter (fun c => isFinalCall S c) S
this✝⁵ : S.length = initPart.length + midPart.length + finalPart.length
this✝⁴ : m / 2 = initPart.length
this✝³ : m / 2 = finalPart.length
this✝² : m = initPart.length + finalPart.length
len_s_at_least : m ≤ S.length
this✝¹ : midPart.length ≤ m - 5
c : Fin m → ℕ := sorry
this✝ : ∀ (k : Fin m), 2 * m - 2 - v S k + c k ≤ 2 * m - 5
S_len_def : ∀ (k : Fin m), S.length = 2 * m - 2 - v S k + c k
this : S.length = 2 * m - 2 - v S ⟨0, ⋯⟩ + c ⟨0, ⋯⟩
⊢ 5 * m < 2 * (2 * m - 2 - v S ⟨0, ⋯⟩ + c ⟨0, ⋯⟩)
[2026-01-13 04:55:43] [INFO] Proof verification completed
[2026-01-13 04:55:43] [INFO] Strategy rfl attempt 1: verified=False
[2026-01-13 04:55:43] [INFO] Verification message: Cannot build modified file: <error line="253" column="4">
<code_line>    rfl</code_line>
<message>error: Tactic `rfl` failed: The left-hand side</message>
</error>
  5 * m
is not definitionally equal to the right-hand side
  2 * (2 * m - 2 - v S ⟨0, ⋯⟩ + c ⟨0, ⋯⟩)

hyp : ∃ x, ∃ (_ : 4 < x), ∃ x_1, ∃ (_ : allExpert (after x_1)), x_1.length < 2 * x - 4
m : ℕ
m_is_minimal : ∀ n < m, ¬∃ (_ : 4 < n), ∃ x, ∃ (_ : allExpert (after x)), x.length < 2 * n - 4
le_m : 4 < m
S : List (Call m)
S_allExp : allExpert (after S)
S_len_lt : S.length ≤ 2 * m - 5
is_minimal_m : is_minimal m
noHo_S : noHo S
initPart : List (Call m) := List.filter (fun c => isInitialCall S c) S
midPart : List (Call m) := List.filter (fun c => decide (¬isInitialCall S c = true ∧ ¬isFinalCall S c = true)) S
finalPart : List (Call m) := List.filter (fun c => isFinalCall S c) S
this✝⁵ : S.length = initPart.length + midPart.length + finalPart.length
this✝⁴ : m / 2 = initPart.length
this✝³ : m / 2 = finalPart.length
this✝² : m = initPart.length + finalPart.length
len_s_at_least : m ≤ S.length
this✝¹ : midPart.length ≤ m - 5
c : Fin m → ℕ := sorry
this✝ : ∀ (k : Fin m), 2 * m - 2 - v S k + c k ≤ 2 * m - 5
S_len_def : ∀ (k : Fin m), S.length = 2 * m - 2 - v S k + c k
this : S.length = 2 * m - 2 - v S ⟨0, ⋯⟩ + c ⟨0, ⋯⟩
⊢ 5 * m < 2 * (2 * m - 2 - v S ⟨0, ⋯⟩ + c ⟨0, ⋯⟩)

[2026-01-13 04:55:43] [INFO] Attempt 1 failed verification, continuing...
[2026-01-13 04:55:43] [INFO] ========================================
[2026-01-13 04:55:43] [INFO] Trying strategy: simp (up to 1 attempts)
[2026-01-13 04:55:43] [INFO] --------------------
[2026-01-13 04:55:43] [INFO] Strategy simp, attempt 1/1
[2026-01-13 04:55:43] [INFO] Starting proof generation...
[2026-01-13 04:55:43] [INFO] Repository path: /root/repo
[2026-01-13 04:55:43] [INFO] Proof generation completed
[2026-01-13 04:55:43] [INFO] Generated proof:
[2026-01-13 04:55:43] [INFO] simp
[2026-01-13 04:55:43] [INFO] Proof length: 4 chars
[2026-01-13 04:55:43] [INFO] Starting proof verification...
[2026-01-13 04:55:43] [INFO] Verifying at: Gossip/Necessary.lean:253
[2026-01-13 04:55:43] [INFO] Using LEAN INTERACT verify
[2026-01-13 04:55:43] [INFO] Checking file
[2026-01-13 04:55:55] [INFO] Cannot build modified file <error line="241" column="33">
<code_line>  have : 5 * m < 2 * S.length := by</code_line>
<message>error: unsolved goals</message>
</error>
hyp : ∃ x, ∃ (_ : 4 < x), ∃ x_1, ∃ (_ : allExpert (after x_1)), x_1.length < 2 * x - 4
m : ℕ
m_is_minimal : ∀ n < m, ¬∃ (_ : 4 < n), ∃ x, ∃ (_ : allExpert (after x)), x.length < 2 * n - 4
le_m : 4 < m
S : List (Call m)
S_allExp : allExpert (after S)
S_len_lt : S.length ≤ 2 * m - 5
is_minimal_m : is_minimal m
noHo_S : noHo S
initPart : List (Call m) := List.filter (fun c => isInitialCall S c) S
midPart : List (Call m) := List.filter (fun c => decide (¬isInitialCall S c = true ∧ ¬isFinalCall S c = true)) S
finalPart : List (Call m) := List.filter (fun c => isFinalCall S c) S
this✝⁵ : S.length = initPart.length + midPart.length + finalPart.length
this✝⁴ : m / 2 = initPart.length
this✝³ : m / 2 = finalPart.length
this✝² : m = initPart.length + finalPart.length
len_s_at_least : m ≤ S.length
this✝¹ : midPart.length ≤ m - 5
c : Fin m → ℕ := sorry
this✝ : ∀ (k : Fin m), 2 * m - 2 - v S k + c k ≤ 2 * m - 5
S_len_def : ∀ (k : Fin m), S.length = 2 * m - 2 - v S k + c k
this : S.length = 2 * m - 2 - v S ⟨0, ⋯⟩ + c ⟨0, ⋯⟩
⊢ 5 * m < 2 * (2 * m - 2 - v S ⟨0, ⋯⟩ + c ⟨0, ⋯⟩)
[2026-01-13 04:55:55] [INFO] Proof verification completed
[2026-01-13 04:55:55] [INFO] Strategy simp attempt 1: verified=False
[2026-01-13 04:55:55] [INFO] Verification message: Cannot build modified file: <error line="241" column="33">
<code_line>  have : 5 * m < 2 * S.length := by</code_line>
<message>error: unsolved goals</message>
</error>
hyp : ∃ x, ∃ (_ : 4 < x), ∃ x_1, ∃ (_ : allExpert (after x_1)), x_1.length < 2 * x - 4
m : ℕ
m_is_minimal : ∀ n < m, ¬∃ (_ : 4 < n), ∃ x, ∃ (_ : allExpert (after x)), x.length < 2 * n - 4
le_m : 4 < m
S : List (Call m)
S_allExp : allExpert (after S)
S_len_lt : S.length ≤ 2 * m - 5
is_minimal_m : is_minimal m
noHo_S : noHo S
initPart : List (Call m) := List.filter (fun c => isInitialCall S c) S
midPart : List (Call m) := List.filter (fun c => decide (¬isInitialCall S c = true ∧ ¬isFinalCall S c = true)) S
finalPart : List (Call m) := List.filter (fun c => isFinalCall S c) S
this✝⁵ : S.length = initPart.length + midPart.length + finalPart.length
this✝⁴ : m / 2 = initPart.length
this✝³ : m / 2 = finalPart.length
this✝² : m = initPart.length + finalPart.length
len_s_at_least : m ≤ S.length
this✝¹ : midPart.length ≤ m - 5
c : Fin m → ℕ := sorry
this✝ : ∀ (k : Fin m), 2 * m - 2 - v S k + c k ≤ 2 * m - 5
S_len_def : ∀ (k : Fin m), S.length = 2 * m - 2 - v S k + c k
this : S.length = 2 * m - 2 - v S ⟨0, ⋯⟩ + c ⟨0, ⋯⟩
⊢ 5 * m < 2 * (2 * m - 2 - v S ⟨0, ⋯⟩ + c ⟨0, ⋯⟩)

[2026-01-13 04:55:55] [INFO] Attempt 1 failed verification, continuing...
[2026-01-13 04:55:55] [INFO] ========================================
[2026-01-13 04:55:55] [INFO] Trying strategy: simp_all (up to 1 attempts)
[2026-01-13 04:55:55] [INFO] --------------------
[2026-01-13 04:55:55] [INFO] Strategy simp_all, attempt 1/1
[2026-01-13 04:55:55] [INFO] Starting proof generation...
[2026-01-13 04:55:55] [INFO] Repository path: /root/repo
[2026-01-13 04:55:55] [INFO] Proof generation completed
[2026-01-13 04:55:55] [INFO] Generated proof:
[2026-01-13 04:55:55] [INFO] simp_all
[2026-01-13 04:55:55] [INFO] Proof length: 8 chars
[2026-01-13 04:55:55] [INFO] Starting proof verification...
[2026-01-13 04:55:55] [INFO] Verifying at: Gossip/Necessary.lean:253
[2026-01-13 04:55:55] [INFO] Using LEAN INTERACT verify
[2026-01-13 04:55:55] [INFO] Checking file
[2026-01-13 04:56:24] [INFO] Cannot build modified file <error line="241" column="33">
<code_line>  have : 5 * m < 2 * S.length := by</code_line>
<message>error: unsolved goals</message>
</error>
m : ℕ
le_m : 4 < m
S : List (Call m)
initPart : List (Call m) := List.filter (fun c => isInitialCall S c) S
midPart : List (Call m) := List.filter (fun c => decide (¬isInitialCall S c = true ∧ ¬isFinalCall S c = true)) S
finalPart : List (Call m) := List.filter (fun c => isFinalCall S c) S
c : Fin m → ℕ := sorry
hyp : ∃ x, 4 < x ∧ ∃ x_1, allExpert (after x_1) ∧ x_1.length < 2 * x - 4
S_allExp : allExpert (after S)
S_len_lt : finalPart.length + midPart.length + finalPart.length ≤ 2 * (finalPart.length + finalPart.length) - 5
is_minimal_m : is_minimal (finalPart.length + finalPart.length)
noHo_S : noHo S
this✝⁴ :
  2 * (finalPart.length + finalPart.length) - 2 - v S ⟨0, ⋯⟩ + c ⟨0, ⋯⟩ =
    finalPart.length + midPart.length + finalPart.length
this✝³ : (finalPart.length + finalPart.length) / 2 = finalPart.length
this✝² : initPart.length = finalPart.length
this✝¹ : m = finalPart.length + finalPart.length
this✝ : midPart.length ≤ finalPart.length + finalPart.length - 5
this :
  ∀ (k : Fin m),
    2 * (finalPart.length + finalPart.length) - 2 - v S k + c k ≤ 2 * (finalPart.length + finalPart.length) - 5
S_len_def :
  ∀ (k : Fin m),
    finalPart.length + midPart.length + finalPart.length = 2 * (finalPart.length + finalPart.length) - 2 - v S k + c k
⊢ 5 * (finalPart.length + finalPart.length) < 2 * (finalPart.length + midPart.length + finalPart.length)
[2026-01-13 04:56:24] [INFO] Proof verification completed
[2026-01-13 04:56:24] [INFO] Strategy simp_all attempt 1: verified=False
[2026-01-13 04:56:24] [INFO] Verification message: Cannot build modified file: <error line="241" column="33">
<code_line>  have : 5 * m < 2 * S.length := by</code_line>
<message>error: unsolved goals</message>
</error>
m : ℕ
le_m : 4 < m
S : List (Call m)
initPart : List (Call m) := List.filter (fun c => isInitialCall S c) S
midPart : List (Call m) := List.filter (fun c => decide (¬isInitialCall S c = true ∧ ¬isFinalCall S c = true)) S
finalPart : List (Call m) := List.filter (fun c => isFinalCall S c) S
c : Fin m → ℕ := sorry
hyp : ∃ x, 4 < x ∧ ∃ x_1, allExpert (after x_1) ∧ x_1.length < 2 * x - 4
S_allExp : allExpert (after S)
S_len_lt : finalPart.length + midPart.length + finalPart.length ≤ 2 * (finalPart.length + finalPart.length) - 5
is_minimal_m : is_minimal (finalPart.length + finalPart.length)
noHo_S : noHo S
this✝⁴ :
  2 * (finalPart.length + finalPart.length) - 2 - v S ⟨0, ⋯⟩ + c ⟨0, ⋯⟩ =
    finalPart.length + midPart.length + finalPart.length
this✝³ : (finalPart.length + finalPart.length) / 2 = finalPart.length
this✝² : initPart.length = finalPart.length
this✝¹ : m = finalPart.length + finalPart.length
this✝ : midPart.length ≤ finalPart.length + finalPart.length - 5
this :
  ∀ (k : Fin m),
    2 * (finalPart.length + finalPart.length) - 2 - v S k + c k ≤ 2 * (finalPart.length + finalPart.length) - 5
S_len_def :
  ∀ (k : Fin m),
    finalPart.length + midPart.length + finalPart.length = 2 * (finalPart.length + finalPart.length) - 2 - v S k + c k
⊢ 5 * (finalPart.length + finalPart.length) < 2 * (finalPart.length + midPart.length + finalPart.length)

[2026-01-13 04:56:24] [INFO] Attempt 1 failed verification, continuing...
[2026-01-13 04:56:24] [INFO] ========================================
[2026-01-13 04:56:24] [INFO] Trying strategy: exact? (up to 1 attempts)
[2026-01-13 04:56:24] [INFO] --------------------
[2026-01-13 04:56:24] [INFO] Strategy exact?, attempt 1/1
[2026-01-13 04:56:24] [INFO] Starting proof generation...
[2026-01-13 04:56:24] [INFO] Repository path: /root/repo
[2026-01-13 04:56:24] [INFO] Proof generation completed
[2026-01-13 04:56:24] [INFO] Generated proof:
[2026-01-13 04:56:24] [INFO] exact?
[2026-01-13 04:56:24] [INFO] Proof length: 6 chars
[2026-01-13 04:56:24] [INFO] Starting proof verification...
[2026-01-13 04:56:24] [INFO] Verifying at: Gossip/Necessary.lean:253
[2026-01-13 04:56:24] [INFO] Using LEAN INTERACT verify
[2026-01-13 04:56:24] [INFO] Checking file
[2026-01-13 04:57:15] [INFO] Cannot build modified file <error line="253" column="4">
<code_line>    exact?</code_line>
<message>error: `exact?` could not close the goal. Try `apply?` to see partial suggestions.</message>
</error>
[2026-01-13 04:57:15] [INFO] Proof verification completed
[2026-01-13 04:57:15] [INFO] Strategy exact? attempt 1: verified=False
[2026-01-13 04:57:15] [INFO] Verification message: Cannot build modified file: <error line="253" column="4">
<code_line>    exact?</code_line>
<message>error: `exact?` could not close the goal. Try `apply?` to see partial suggestions.</message>
</error>

[2026-01-13 04:57:15] [INFO] Attempt 1 failed verification, continuing...
[2026-01-13 04:57:15] [INFO] ========================================
[2026-01-13 04:57:15] [INFO] Trying strategy: grind (up to 1 attempts)
[2026-01-13 04:57:15] [INFO] --------------------
[2026-01-13 04:57:15] [INFO] Strategy grind, attempt 1/1
[2026-01-13 04:57:15] [INFO] Starting proof generation...
[2026-01-13 04:57:15] [INFO] Repository path: /root/repo
[2026-01-13 04:57:15] [INFO] Proof generation completed
[2026-01-13 04:57:15] [INFO] Generated proof:
[2026-01-13 04:57:15] [INFO] grind
[2026-01-13 04:57:15] [INFO] Proof length: 5 chars
[2026-01-13 04:57:15] [INFO] Starting proof verification...
[2026-01-13 04:57:15] [INFO] Verifying at: Gossip/Necessary.lean:253
[2026-01-13 04:57:15] [INFO] Using LEAN INTERACT verify
[2026-01-13 04:57:15] [INFO] Checking file
[2026-01-13 04:57:26] [INFO] Cannot build modified file <error line="253" column="4">
<code_line>    grind</code_line>
<message>error: `grind` failed</message>
</error>
case grind.1.1.1.1
w : ℕ
left : 5 ≤ w
w_1 : List (Fin w × Fin w)
left_1 : allExpert (makeCalls (initialState w) w_1)
right_1 : w_1.length + 1 ≤ 2 * w - 4
m : ℕ
m_is_minimal :
  ∀ (n : ℕ),
    n + 1 ≤ m → 5 ≤ n → ∀ (a : List (Fin n × Fin n)), allExpert (makeCalls (initialState n) a) → 2 * n - 4 ≤ a.length
le_m : 5 ≤ m
S : List (Fin m × Fin m)
S_allExp : allExpert (makeCalls (initialState m) S)
S_len_lt : S.length ≤ 2 * m - 5
is_minimal_m : is_minimal m
noHo_S : noHo S
this :
  S.length =
    (List.filter (fun c => decide (isInitialCall S c = false ∧ isFinalCall S c = false)) S).length +
        (List.filter (fun c => isFinalCall S c) S).length +
      (List.filter (fun c => isInitialCall S c) S).length
this_1 : m / 2 = (List.filter (fun c => isInitialCall S c) S).length
this_2 : m / 2 = (List.filter (fun c => isFinalCall S c) S).length
this_3 : m = (List.filter (fun c => isFinalCall S c) S).length + (List.filter (fun c => isInitialCall S c) S).length
len_s_at_least : m ≤ S.length
this_4 : (List.filter (fun c => decide (isInitialCall S c = false ∧ isFinalCall S c = false)) S).length ≤ m - 5
this_5 : ∀ (k : Fin m), sorry k + (2 * m - (v S k + 2)) ≤ 2 * m - 5
S_len_def : ∀ (k : Fin m), S.length = sorry k + (2 * m - (v S k + 2))
this_6 : S.length = sorry ⟨0, ⋯⟩ + (2 * m - (v S ⟨0, ⋯⟩ + 2))
h_2 : 2 * sorry ⟨0, ⋯⟩ + 2 * (2 * m - (v S ⟨0, ⋯⟩ + 2)) ≤ 5 * m
h_3 : -2 * ↑m + ↑(v S ⟨0, ⋯⟩) + 2 ≤ 0
h_4 : (fun c => isInitialCall S c) = fun c => decide (isInitialCall S c = false ∧ isFinalCall S c = false)
h_5 : (fun c => isInitialCall S c) = fun c => isFinalCall S c
h_6 : w = (List.filter (fun c => isFinalCall S c) S).length + (List.filter (fun c => isInitialCall S c) S).length
⊢ False
[grind] Goal diagnostics
  [facts] Asserted facts
    [prop] 5 ≤ w
    [prop] allExpert (makeCalls (initialState w) w_1)
    [prop] w_1.length + 1 ≤ 2 * w - 4
    [prop] ↑(2 * w - 4) = if -1 * ↑w + 2 ≤ 0 then 2 * ↑w + -4 else 0
    [prop] ∀ (n : ℕ),
          n + 1 ≤ m →
            5 ≤ n → ∀ (a : List (Fin n × Fin n)), allExpert (makeCalls (initialState n) a) → 2 * n - 4 ≤ a.length
    [prop] 5 ≤ m
    [prop] allExpert (makeCalls (initialState m) S)
    [prop] S.length ≤ 2 * m - 5
    [prop] ↑(2 * m - 5) = if -1 * ↑m + 3 ≤ 0 then 2 * ↑m + -5 else 0
    [prop] is_minimal m
    [prop] noHo S
    [prop] S.length =
          (List.filter (fun c => decide (isInitialCall S c = false ∧ isFinalCall S c = false)) S).length +
              (List.filter (fun c => isFinalCall S c) S).length +
            (List.filter (fun c => isInitialCall S c) S).length
    [prop] m / 2 = (List.filter (fun c => isInitialCall S c) S).length
    [prop] ↑m % 2 + -1 ≤ 0
    [prop] -1 * (↑m % 2) ≤ 0
    [prop] -1 * ↑m + 2 * (↑m / 2) + ↑m % 2 = 0
    [prop] m / 2 = (List.filter (fun c => isFinalCall S c) S).length
    [prop] m = (List.filter (fun c => isFinalCall S c) S).length + (List.filter (fun c => isInitialCall S c) S).length
    [prop] m ≤ S.length
    [prop] (List.filter (fun c => decide (isInitialCall S c = false ∧ isFinalCall S c = false)) S).length ≤ m - 5
    [prop] ↑(m - 5) = if -1 * ↑m + 5 ≤ 0 then ↑m + -5 else 0
    [prop] ∀ (k : Fin m), sorry k + (2 * m - (v S k + 2)) ≤ 2 * m - 5
    [prop] ∀ (k : Fin m), S.length = sorry k + (2 * m - (v S k + 2))
    [prop] S.length = sorry ⟨0, ⋯⟩ + (2 * m - (v S ⟨0, ⋯⟩ + 2))
    [prop] ↑(2 * m - (v S ⟨0, ⋯⟩ + 2)) = if -2 * ↑m + ↑(v S ⟨0, ⋯⟩) + 2 ≤ 0 then 2 * ↑m + -1 * ↑(v S ⟨0, ⋯⟩) + -2 else 0
    [prop] 2 * sorry ⟨0, ⋯⟩ + 2 * (2 * m - (v S ⟨0, ⋯⟩ + 2)) ≤ 5 * m
    [prop] w + 1 ≤ m → 5 ≤ w → allExpert (makeCalls (initialState w) w_1) → 2 * w - 4 ≤ w_1.length
    [prop] (List.filter (fun c => isInitialCall S c) S).length ≤ S.length
    [prop] (List.filter (fun c => isFinalCall S c) S).length ≤ S.length
    [prop] (List.filter (fun c => decide (isInitialCall S c = false ∧ isFinalCall S c = false)) S).length ≤ S.length
    [prop] sorry ⟨0, ⋯⟩ + (2 * m - (v S ⟨0, ⋯⟩ + 2)) ≤ 2 * m - 5
    [prop] S.length = sorry ⟨0, ⋯⟩ + (2 * m - (v S ⟨0, ⋯⟩ + 2))
    [prop] -2 * ↑m + ↑(v S ⟨0, ⋯⟩) + 2 ≤ 0
    [prop] (fun c => isInitialCall S c) = fun c => decide (isInitialCall S c = false ∧ isFinalCall S c = false)
    [prop] (fun c => isInitialCall S c) = fun c => isFinalCall S c
    [prop] w = (List.filter (fun c => isFinalCall S c) S).length + (List.filter (fun c => isInitialCall S c) S).length
    [prop] w + 1 ≤ m → 5 ≤ w → allExpert (makeCalls (initialState w) (cast ⋯ S)) → 2 * w - 4 ≤ (cast ⋯ S).length
  [eqc] True propositions
    [prop] is_minimal m
    [prop] allExpert (makeCalls (initialState w) w_1)
    [prop] allExpert (makeCalls (initialState m) S)
    [prop] noHo S
    [prop] w = (List.filter (fun c => isFinalCall S c) S).length + (List.filter (fun c => isInitialCall S c) S).length
    [prop] (fun c => isFinalCall S c) = fun c => decide (isInitialCall S c = false ∧ isFinalCall S c = false)
    [prop] (fun c => isInitialCall S c) = fun c => decide (isInitialCall S c = false ∧ isFinalCall S c = false)
    [prop] (fun c => isInitialCall S c) = fun c => isFinalCall S c
    [prop] -2 * ↑m + ↑(v S ⟨0, ⋯⟩) + 2 ≤ 0
    [prop] ↑m % 2 + -1 ≤ 0
    [prop] -1 * ↑w + 2 ≤ 0
    [prop] -1 * ↑m + 3 ≤ 0
    [prop] -1 * ↑m + 5 ≤ 0
    [prop] -1 * (↑m % 2) ≤ 0
    [prop] m ≤ S.length
    [prop] S.length ≤ 2 * m - 5
    [prop] (List.filter (fun c => decide (isInitialCall S c = false ∧ isFinalCall S c = false)) S).length ≤ m - 5
    [prop] 5 ≤ w
    [prop] 5 ≤ m
    [prop] w_1.length + 1 ≤ 2 * w - 4
    [prop] 2 * sorry ⟨0, ⋯⟩ + 2 * (2 * m - (v S ⟨0, ⋯⟩ + 2)) ≤ 5 * m
    [prop] 0 < m
    [prop] ∀ (n : ℕ),
          n + 1 ≤ m →
            5 ≤ n → ∀ (a : List (Fin n × Fin n)), allExpert (makeCalls (initialState n) a) → 2 * n - 4 ≤ a.length
    [prop] ∀ (k : Fin m), S.length = sorry k + (2 * m - (v S k + 2))
    [prop] ∀ (k : Fin m), sorry k + (2 * m - (v S k + 2)) ≤ 2 * m - 5
    [prop] (List.filter (fun c => decide (isInitialCall S c = false ∧ isFinalCall S c = false)) S).length ≤ S.length
    [prop] (List.filter (fun c => isFinalCall S c) S).length ≤ S.length
    [prop] (List.filter (fun c => isInitialCall S c) S).length ≤ S.length
    [prop] sorry ⟨0, ⋯⟩ + (2 * m - (v S ⟨0, ⋯⟩ + 2)) ≤ 2 * m - 5
    [prop] w + 1 ≤ m → 5 ≤ w → allExpert (makeCalls (initialState w) w_1) → 2 * w - 4 ≤ w_1.length
    [prop] allExpert (makeCalls (initialState w) (cast ⋯ S))
    [prop] List (Fin m × Fin m) = List (Fin w × Fin w)
    [prop] w + 1 ≤ m → 5 ≤ w → allExpert (makeCalls (initialState w) (cast ⋯ S)) → 2 * w - 4 ≤ (cast ⋯ S).length
  [eqc] False propositions
    [prop] w + 1 ≤ m
    [prop] 2 * w - 4 ≤ w_1.length
    [prop] allExpert (makeCalls (initialState w) w_1) → 2 * w - 4 ≤ w_1.length
    [prop] 5 ≤ w → allExpert (makeCalls (initialState w) w_1) → 2 * w - 4 ≤ w_1.length
    [prop] 2 * w - 4 ≤ (cast ⋯ S).length
    [prop] allExpert (makeCalls (initialState w) (cast ⋯ S)) → 2 * w - 4 ≤ (cast ⋯ S).length
    [prop] 5 ≤ w → allExpert (makeCalls (initialState w) (cast ⋯ S)) → 2 * w - 4 ≤ (cast ⋯ S).length
  [eqc] Equivalence classes
    [eqc] {w,
        m,
        (List.filter (fun c => decide (isInitialCall S c = false ∧ isFinalCall S c = false)) S).length +
          (List.filter (fun c => isFinalCall S c) S).length,
        (List.filter (fun c => isFinalCall S c) S).length + (List.filter (fun c => isInitialCall S c) S).length}
    [eqc] {Fin w, Fin m}
    [eqc] {initialState w, initialState m}
    [eqc] {Eq fun c => isFinalCall S c, Eq fun c => isInitialCall S c}
    [eqc] {List.filter fun c => decide (isInitialCall S c = false ∧ isFinalCall S c = false),
        List.filter fun c => isFinalCall S c,
        List.filter fun c => isInitialCall S c}
    [eqc] {S.length,
        sorry ⟨0, ⋯⟩ + (2 * m - (v S ⟨0, ⋯⟩ + 2)),
        (List.filter (fun c => decide (isInitialCall S c = false ∧ isFinalCall S c = false)) S).length +
            (List.filter (fun c => isFinalCall S c) S).length +
          (List.filter (fun c => isInitialCall S c) S).length,
        (cast ⋯ S).length}
    [eqc] {(List.filter (fun c => decide (isInitialCall S c = false ∧ isFinalCall S c = false)) S).length,
        (List.filter (fun c => isFinalCall S c) S).length,
        (List.filter (fun c => isInitialCall S c) S).length,
        m / 2}
    [eqc] {Fin w × Fin w, Fin m × Fin m}
    [eqc] {isFinalCall S,
        isInitialCall S,
        fun c => decide (isInitialCall S c = false ∧ isFinalCall S c = false),
        fun c => isFinalCall S c,
        fun c => isInitialCall S c}
    [eqc] {List.filter (fun c => decide (isInitialCall S c = false ∧ isFinalCall S c = false)) S,
        List.filter (fun c => isFinalCall S c) S,
        List.filter (fun c => isInitialCall S c) S}
    [eqc] {makeCalls (initialState m) S, makeCalls (initialState w) (cast ⋯ S)}
    [eqc] {2 * w, 2 * m}
    [eqc] {List (Fin w × Fin w), List (Fin m × Fin m)}
    [eqc] others
      [eqc] {S, cast ⋯ S}
      [eqc] {↑(List.filter (fun c => decide (isInitialCall S c = false ∧ isFinalCall S c = false)) S).length,
          ↑(List.filter (fun c => isFinalCall S c) S).length,
          ↑(List.filter (fun c => isInitialCall S c) S).length}
      [eqc] {↑w,
          ↑m,
          ↑((List.filter (fun c => isFinalCall S c) S).length + (List.filter (fun c => isInitialCall S c) S).length)}
      [eqc] {↑(cast ⋯ S).length,
          ↑S.length,
          ↑(sorry ⟨0, ⋯⟩ + (2 * m - (v S ⟨0, ⋯⟩ + 2))),
          ↑((List.filter (fun c => decide (isInitialCall S c = false ∧ isFinalCall S c = false)) S).length +
                (List.filter (fun c => isFinalCall S c) S).length +
              (List.filter (fun c => isInitialCall S c) S).length)}
      [eqc] {↑(List.filter (fun c => decide (isInitialCall S c = false ∧ isFinalCall S c = false)) S).length,
          ↑(List.filter (fun c => isFinalCall S c) S).length,
          ↑(List.filter (fun c => isInitialCall S c) S).length,
          ↑(m / 2)}
      [eqc] {↑0, 0, -1 * ↑m + 2 * (↑m / 2) + ↑m % 2}
      [eqc] {↑(2 * w), ↑(2 * m)}
      [eqc] {↑(m - 5), if -1 * ↑m + 5 ≤ 0 then ↑m + -5 else 0, ↑m + -5}
      [eqc] {↑(2 * w - 4), if -1 * ↑w + 2 ≤ 0 then 2 * ↑w + -4 else 0, 2 * ↑w + -4}
      [eqc] {↑(2 * m - 5), if -1 * ↑m + 3 ≤ 0 then 2 * ↑m + -5 else 0, 2 * ↑m + -5}
      [eqc] {↑(2 * m - (v S ⟨0, ⋯⟩ + 2)),
          if -2 * ↑m + ↑(v S ⟨0, ⋯⟩) + 2 ≤ 0 then 2 * ↑m + -1 * ↑(v S ⟨0, ⋯⟩) + -2 else 0,
          2 * ↑m + -1 * ↑(v S ⟨0, ⋯⟩) + -2}
      [eqc] {-1 * ↑w, -1 * ↑m}
      [eqc] {2 * ↑w, 2 * ↑m}
  [cases] Case analyses
    [cases] [1/2]: if -2 * ↑m + ↑(v S ⟨0, ⋯⟩) + 2 ≤ 0 then 2 * ↑m + -1 * ↑(v S ⟨0, ⋯⟩) + -2 else 0
      [cases] source: Initial goal
    [cases] [1/2]: (fun c => isInitialCall S c) = fun c => decide (isInitialCall S c = false ∧ isFinalCall S c = false)
      [cases] source: Initial goal
    [cases] [1/2]: (fun c => isInitialCall S c) = fun c => isFinalCall S c
      [cases] source: Initial goal
    [cases] [1/2]: w =
          (List.filter (fun c => isFinalCall S c) S).length + (List.filter (fun c => isInitialCall S c) S).length
      [cases] source: Model-based theory combination at argument #0 of
            Fin m
          and
            Fin w
  [ematch] E-matching patterns
    [thm] m_is_minimal: [@allExpert #4 (@makeCalls #4 (initialState #4) #1)]
    [thm] m_is_minimal: [@makeCalls #4 (initialState #4) #1]
    [thm] m_is_minimal: [@LE.le `[ℕ] `[instLENat] (@HSub.hSub `[ℕ] `[ℕ] `[ℕ] `[instHSub] (@HMul.hMul `[ℕ] `[ℕ] `[ℕ] `[instHMul] `[2] #4) `[4]) (@List.length (Prod (Fin _) (Fin _)) #1)]
    [thm] m_is_minimal: [@List.length (Prod (Fin #4) (Fin _)) #1]
    [thm] m_is_minimal: [@LE.le `[ℕ] `[instLENat] (#4 + 1) `[m], @makeCalls #4 (initialState #4) #1]
    [thm] List.length_filter_le: [@List.length #2 (@List.filter _ #1 #0)]
    [thm] this_5: [@LE.le `[ℕ] `[instLENat] (@HAdd.hAdd `[ℕ] `[ℕ] `[ℕ] `[instHAdd] (sorryAx `[Lean.Name →
             Fin m →
               ℕ] `[false] `[`Gossip.tmplx97sbro.238.31.238.36.31.36._sorry._@.Gossip.tmplx97sbro.3380568289._hygCtx._hyg.663] #0) (@HSub.hSub `[ℕ] `[ℕ] `[ℕ] `[instHSub] `[2 *
             m] (@HAdd.hAdd `[ℕ] `[ℕ] `[ℕ] `[instHAdd] (@v `[m] `[S] #0) `[2]))) `[2 * m - 5]]
    [thm] this_5: [sorryAx `[Lean.Name →
           Fin m →
             ℕ] `[false] `[`Gossip.tmplx97sbro.238.31.238.36.31.36._sorry._@.Gossip.tmplx97sbro.3380568289._hygCtx._hyg.663] #0]
    [thm] this_5: [@v `[m] `[S] #0]
    [thm] this_5: [@LE.le `[ℕ] `[instLENat] (@HAdd.hAdd `[ℕ] `[ℕ] `[ℕ] `[instHAdd] (sorryAx `[Lean.Name →
             Fin m →
               ℕ] `[false] `[`Gossip.tmplx97sbro.238.31.238.36.31.36._sorry._@.Gossip.tmplx97sbro.3380568289._hygCtx._hyg.663] #0) (@HSub.hSub `[ℕ] `[ℕ] `[ℕ] `[instHSub] `[2 *
             m] ((@v `[m] `[S] #0) + 2))) `[2 * m - 5]]
    [thm] S_len_def: [sorryAx `[Lean.Name →
           Fin m →
             ℕ] `[false] `[`Gossip.tmplx97sbro.238.31.238.36.31.36._sorry._@.Gossip.tmplx97sbro.3380568289._hygCtx._hyg.663] #0]
    [thm] S_len_def: [@v `[m] `[S] #0]
  [cutsat] Assignment satisfying linear constraints
    [assign] w := 10
    [assign] m := 10
    [assign] w_1.length := 0
    [assign] S.length := 15
    [assign] (List.filter (fun c => decide (isInitialCall S c = false ∧ isFinalCall S c = false)) S).length := 5
    [assign] (List.filter (fun c => isFinalCall S c) S).length := 5
    [assign] (List.filter (fun c => isInitialCall S c) S).length := 5
    [assign] v S ⟨0, ⋯⟩ := 3
    [assign] sorry ⟨0, ⋯⟩ := 0
    [assign] (cast ⋯ S).length := 15
  [ring] Rings
    [ring] Ring `ℤ`
      [basis] Basis
        [_] 2 * ↑w + -1 * ↑(2 * w - 4) + -4 = 0
        [_] ↑(2 * w - 4) + -1 * ↑(2 * m - (v S ⟨0, ⋯⟩ + 2)) + -1 * ↑(v S ⟨0, ⋯⟩) + 2 = 0
        [_] 2 * ↑m + -1 * ↑(2 * m - 5) + -5 = 0
        [_] ↑S.length + -1 * ↑(cast ⋯ S).length = 0
        [_] ↑(2 * m - 5) + -2 * (↑m % 2) + -4 * (↑m / 2) + 5 = 0
        [_] ↑(List.filter (fun c => decide (isInitialCall S c = false ∧ isFinalCall S c = false)) S).length +
                -1 * ↑(List.filter (fun c => isInitialCall S c) S).length =
              0
        [_] ↑(List.filter (fun c => isFinalCall S c) S).length +
                -1 * ↑(List.filter (fun c => isInitialCall S c) S).length =
              0
        [_] ↑m % 2 + 2 * (↑m / 2) + -1 * ↑(m - 5) + -5 = 0
        [_] 2 * ↑(m - 5) + -1 * ↑(2 * m - (v S ⟨0, ⋯⟩ + 2)) + -1 * ↑(v S ⟨0, ⋯⟩) + 8 = 0
    [ring] Ring `Lean.Grind.Ring.OfSemiring.Q ℕ`
      [basis] Basis
        [_] ↑(List.filter (fun c => isFinalCall S c) S).length +
                -1 * ↑(List.filter (fun c => isInitialCall S c) S).length =
              0
        [_] 2 * ↑(List.filter (fun c => isInitialCall S c) S).length + -1 * ↑m = 0
        [_] ↑m + -1 * ↑(sorry ⟨0, ⋯⟩) + -1 * ↑(2 * m - (v S ⟨0, ⋯⟩ + 2)) +
                ↑(List.filter (fun c => decide (isInitialCall S c = false ∧ isFinalCall S c = false)) S).length =
              0
        [_] ↑(sorry ⟨0, ⋯⟩) + ↑(2 * m - (v S ⟨0, ⋯⟩ + 2)) +
                -3 * ↑(List.filter (fun c => decide (isInitialCall S c = false ∧ isFinalCall S c = false)) S).length =
              0
[grind] Diagnostics
  [thm] E-Matching instances
    [thm] List.length_filter_le ↦ 3
[2026-01-13 04:57:26] [INFO] Proof verification completed
[2026-01-13 04:57:26] [INFO] Strategy grind attempt 1: verified=False
[2026-01-13 04:57:26] [INFO] Verification message: Cannot build modified file: <error line="253" column="4">
<code_line>    grind</code_line>
<message>error: `grind` failed</message>
</error>
case grind.1.1.1.1
w : ℕ
left : 5 ≤ w
w_1 : List (Fin w × Fin w)
left_1 : allExpert (makeCalls (initialState w) w_1)
right_1 : w_1.length + 1 ≤ 2 * w - 4
m : ℕ
m_is_minimal :
  ∀ (n : ℕ),
    n + 1 ≤ m → 5 ≤ n → ∀ (a : List (Fin n × Fin n)), allExpert (makeCalls (initialState n) a) → 2 * n - 4 ≤ a.length
le_m : 5 ≤ m
S : List (Fin m × Fin m)
S_allExp : allExpert (makeCalls (initialState m) S)
S_len_lt : S.length ≤ 2 * m - 5
is_minimal_m : is_minimal m
noHo_S : noHo S
this :
  S.length =
    (List.filter (fun c => decide (isInitialCall S c = false ∧ isFinalCall S c = false)) S).length +
        (List.filter (fun c => isFinalCall S c) S).length +
      (List.filter (fun c => isInitialCall S c) S).length
this_1 : m / 2 = (List.filter (fun c => isInitialCall S c) S).length
this_2 : m / 2 = (List.filter (fun c => isFinalCall S c) S).length
this_3 : m = (List.filter (fun c => isFinalCall S c) S).length + (List.filter (fun c => isInitialCall S c) S).length
len_s_at_least : m ≤ S.length
this_4 : (List.filter (fun c => decide (isInitialCall S c = false ∧ isFinalCall S c = false)) S).length ≤ m - 5
this_5 : ∀ (k : Fin m), sorry k + (2 * m - (v S k + 2)) ≤ 2 * m - 5
S_len_def : ∀ (k : Fin m), S.length = sorry k + (2 * m - (v S k + 2))
this_6 : S.length = sorry ⟨0, ⋯⟩ + (2 * m - (v S ⟨0, ⋯⟩ + 2))
h_2 : 2 * sorry ⟨0, ⋯⟩ + 2 * (2 * m - (v S ⟨0, ⋯⟩ + 2)) ≤ 5 * m
h_3 : -2 * ↑m + ↑(v S ⟨0, ⋯⟩) + 2 ≤ 0
h_4 : (fun c => isInitialCall S c) = fun c => decide (isInitialCall S c = false ∧ isFinalCall S c = false)
h_5 : (fun c => isInitialCall S c) = fun c => isFinalCall S c
h_6 : w = (List.filter (fun c => isFinalCall S c) S).length + (List.filter (fun c => isInitialCall S c) S).length
⊢ False
[grind] Goal diagnostics
  [facts] Asserted facts
    [prop] 5 ≤ w
    [prop] allExpert (makeCalls (initialState w) w_1)
    [prop] w_1.length + 1 ≤ 2 * w - 4
    [prop] ↑(2 * w - 4) = if -1 * ↑w + 2 ≤ 0 then 2 * ↑w + -4 else 0
    [prop] ∀ (n : ℕ),
          n + 1 ≤ m →
            5 ≤ n → ∀ (a : List (Fin n × Fin n)), allExpert (makeCalls (initialState n) a) → 2 * n - 4 ≤ a.length
    [prop] 5 ≤ m
    [prop] allExpert (makeCalls (initialState m) S)
    [prop] S.length ≤ 2 * m - 5
    [prop] ↑(2 * m - 5) = if -1 * ↑m + 3 ≤ 0 then 2 * ↑m + -5 else 0
    [prop] is_minimal m
    [prop] noHo S
    [prop] S.length =
          (List.filter (fun c => decide (isInitialCall S c = false ∧ isFinalCall S c = false)) S).length +
              (List.filter (fun c => isFinalCall S c) S).length +
            (List.filter (fun c => isInitialCall S c) S).length
    [prop] m / 2 = (List.filter (fun c => isInitialCall S c) S).length
    [prop] ↑m % 2 + -1 ≤ 0
    [prop] -1 * (↑m % 2) ≤ 0
    [prop] -1 * ↑m + 2 * (↑m / 2) + ↑m % 2 = 0
    [prop] m / 2 = (List.filter (fun c => isFinalCall S c) S).length
    [prop] m = (List.filter (fun c => isFinalCall S c) S).length + (List.filter (fun c => isInitialCall S c) S).length
    [prop] m ≤ S.length
    [prop] (List.filter (fun c => decide (isInitialCall S c = false ∧ isFinalCall S c = false)) S).length ≤ m - 5
    [prop] ↑(m - 5) = if -1 * ↑m + 5 ≤ 0 then ↑m + -5 else 0
    [prop] ∀ (k : Fin m), sorry k + (2 * m - (v S k + 2)) ≤ 2 * m - 5
    [prop] ∀ (k : Fin m), S.length = sorry k + (2 * m - (v S k + 2))
    [prop] S.length = sorry ⟨0, ⋯⟩ + (2 * m - (v S ⟨0, ⋯⟩ + 2))
    [prop] ↑(2 * m - (v S ⟨0, ⋯⟩ + 2)) = if -2 * ↑m + ↑(v S ⟨0, ⋯⟩) + 2 ≤ 0 then 2 * ↑m + -1 * ↑(v S ⟨0, ⋯⟩) + -2 else 0
    [prop] 2 * sorry ⟨0, ⋯⟩ + 2 * (2 * m - (v S ⟨0, ⋯⟩ + 2)) ≤ 5 * m
    [prop] w + 1 ≤ m → 5 ≤ w → allExpert (makeCalls (initialState w) w_1) → 2 * w - 4 ≤ w_1.length
    [prop] (List.filter (fun c => isInitialCall S c) S).length ≤ S.length
    [prop] (List.filter (fun c => isFinalCall S c) S).length ≤ S.length
    [prop] (List.filter (fun c => decide (isInitialCall S c = false ∧ isFinalCall S c = false)) S).length ≤ S.length
    [prop] sorry ⟨0, ⋯⟩ + (2 * m - (v S ⟨0, ⋯⟩ + 2)) ≤ 2 * m - 5
    [prop] S.length = sorry ⟨0, ⋯⟩ + (2 * m - (v S ⟨0, ⋯⟩ + 2))
    [prop] -2 * ↑m + ↑(v S ⟨0, ⋯⟩) + 2 ≤ 0
    [prop] (fun c => isInitialCall S c) = fun c => decide (isInitialCall S c = false ∧ isFinalCall S c = false)
    [prop] (fun c => isInitialCall S c) = fun c => isFinalCall S c
    [prop] w = (List.filter (fun c => isFinalCall S c) S).length + (List.filter (fun c => isInitialCall S c) S).length
    [prop] w + 1 ≤ m → 5 ≤ w → allExpert (makeCalls (initialState w) (cast ⋯ S)) → 2 * w - 4 ≤ (cast ⋯ S).length
  [eqc] True propositions
    [prop] is_minimal m
    [prop] allExpert (makeCalls (initialState w) w_1)
    [prop] allExpert (makeCalls (initialState m) S)
    [prop] noHo S
    [prop] w = (List.filter (fun c => isFinalCall S c) S).length + (List.filter (fun c => isInitialCall S c) S).length
    [prop] (fun c => isFinalCall S c) = fun c => decide (isInitialCall S c = false ∧ isFinalCall S c = false)
    [prop] (fun c => isInitialCall S c) = fun c => decide (isInitialCall S c = false ∧ isFinalCall S c = false)
    [prop] (fun c => isInitialCall S c) = fun c => isFinalCall S c
    [prop] -2 * ↑m + ↑(v S ⟨0, ⋯⟩) + 2 ≤ 0
    [prop] ↑m % 2 + -1 ≤ 0
    [prop] -1 * ↑w + 2 ≤ 0
    [prop] -1 * ↑m + 3 ≤ 0
    [prop] -1 * ↑m + 5 ≤ 0
    [prop] -1 * (↑m % 2) ≤ 0
    [prop] m ≤ S.length
    [prop] S.length ≤ 2 * m - 5
    [prop] (List.filter (fun c => decide (isInitialCall S c = false ∧ isFinalCall S c = false)) S).length ≤ m - 5
    [prop] 5 ≤ w
    [prop] 5 ≤ m
    [prop] w_1.length + 1 ≤ 2 * w - 4
    [prop] 2 * sorry ⟨0, ⋯⟩ + 2 * (2 * m - (v S ⟨0, ⋯⟩ + 2)) ≤ 5 * m
    [prop] 0 < m
    [prop] ∀ (n : ℕ),
          n + 1 ≤ m →
            5 ≤ n → ∀ (a : List (Fin n × Fin n)), allExpert (makeCalls (initialState n) a) → 2 * n - 4 ≤ a.length
    [prop] ∀ (k : Fin m), S.length = sorry k + (2 * m - (v S k + 2))
    [prop] ∀ (k : Fin m), sorry k + (2 * m - (v S k + 2)) ≤ 2 * m - 5
    [prop] (List.filter (fun c => decide (isInitialCall S c = false ∧ isFinalCall S c = false)) S).length ≤ S.length
    [prop] (List.filter (fun c => isFinalCall S c) S).length ≤ S.length
    [prop] (List.filter (fun c => isInitialCall S c) S).length ≤ S.length
    [prop] sorry ⟨0, ⋯⟩ + (2 * m - (v S ⟨0, ⋯⟩ + 2)) ≤ 2 * m - 5
    [prop] w + 1 ≤ m → 5 ≤ w → allExpert (makeCalls (initialState w) w_1) → 2 * w - 4 ≤ w_1.length
    [prop] allExpert (makeCalls (initialState w) (cast ⋯ S))
    [prop] List (Fin m × Fin m) = List (Fin w × Fin w)
    [prop] w + 1 ≤ m → 5 ≤ w → allExpert (makeCalls (initialState w) (cast ⋯ S)) → 2 * w - 4 ≤ (cast ⋯ S).length
  [eqc] False propositions
    [prop] w + 1 ≤ m
    [prop] 2 * w - 4 ≤ w_1.length
    [prop] allExpert (makeCalls (initialState w) w_1) → 2 * w - 4 ≤ w_1.length
    [prop] 5 ≤ w → allExpert (makeCalls (initialState w) w_1) → 2 * w - 4 ≤ w_1.length
    [prop] 2 * w - 4 ≤ (cast ⋯ S).length
    [prop] allExpert (makeCalls (initialState w) (cast ⋯ S)) → 2 * w - 4 ≤ (cast ⋯ S).length
    [prop] 5 ≤ w → allExpert (makeCalls (initialState w) (cast ⋯ S)) → 2 * w - 4 ≤ (cast ⋯ S).length
  [eqc] Equivalence classes
    [eqc] {w,
        m,
        (List.filter (fun c => decide (isInitialCall S c = false ∧ isFinalCall S c = false)) S).length +
          (List.filter (fun c => isFinalCall S c) S).length,
        (List.filter (fun c => isFinalCall S c) S).length + (List.filter (fun c => isInitialCall S c) S).length}
    [eqc] {Fin w, Fin m}
    [eqc] {initialState w, initialState m}
    [eqc] {Eq fun c => isFinalCall S c, Eq fun c => isInitialCall S c}
    [eqc] {List.filter fun c => decide (isInitialCall S c = false ∧ isFinalCall S c = false),
        List.filter fun c => isFinalCall S c,
        List.filter fun c => isInitialCall S c}
    [eqc] {S.length,
        sorry ⟨0, ⋯⟩ + (2 * m - (v S ⟨0, ⋯⟩ + 2)),
        (List.filter (fun c => decide (isInitialCall S c = false ∧ isFinalCall S c = false)) S).length +
            (List.filter (fun c => isFinalCall S c) S).length +
          (List.filter (fun c => isInitialCall S c) S).length,
        (cast ⋯ S).length}
    [eqc] {(List.filter (fun c => decide (isInitialCall S c = false ∧ isFinalCall S c = false)) S).length,
        (List.filter (fun c => isFinalCall S c) S).length,
        (List.filter (fun c => isInitialCall S c) S).length,
        m / 2}
    [eqc] {Fin w × Fin w, Fin m × Fin m}
    [eqc] {isFinalCall S,
        isInitialCall S,
        fun c => decide (isInitialCall S c = false ∧ isFinalCall S c = false),
        fun c => isFinalCall S c,
        fun c => isInitialCall S c}
    [eqc] {List.filter (fun c => decide (isInitialCall S c = false ∧ isFinalCall S c = false)) S,
        List.filter (fun c => isFinalCall S c) S,
        List.filter (fun c => isInitialCall S c) S}
    [eqc] {makeCalls (initialState m) S, makeCalls (initialState w) (cast ⋯ S)}
    [eqc] {2 * w, 2 * m}
    [eqc] {List (Fin w × Fin w), List (Fin m × Fin m)}
    [eqc] others
      [eqc] {S, cast ⋯ S}
      [eqc] {↑(List.filter (fun c => decide (isInitialCall S c = false ∧ isFinalCall S c = false)) S).length,
          ↑(List.filter (fun c => isFinalCall S c) S).length,
          ↑(List.filter (fun c => isInitialCall S c) S).length}
      [eqc] {↑w,
          ↑m,
          ↑((List.filter (fun c => isFinalCall S c) S).length + (List.filter (fun c => isInitialCall S c) S).length)}
      [eqc] {↑(cast ⋯ S).length,
          ↑S.length,
          ↑(sorry ⟨0, ⋯⟩ + (2 * m - (v S ⟨0, ⋯⟩ + 2))),
          ↑((List.filter (fun c => decide (isInitialCall S c = false ∧ isFinalCall S c = false)) S).length +
                (List.filter (fun c => isFinalCall S c) S).length +
              (List.filter (fun c => isInitialCall S c) S).length)}
      [eqc] {↑(List.filter (fun c => decide (isInitialCall S c = false ∧ isFinalCall S c = false)) S).length,
          ↑(List.filter (fun c => isFinalCall S c) S).length,
          ↑(List.filter (fun c => isInitialCall S c) S).length,
          ↑(m / 2)}
      [eqc] {↑0, 0, -1 * ↑m + 2 * (↑m / 2) + ↑m % 2}
      [eqc] {↑(2 * w), ↑(2 * m)}
      [eqc] {↑(m - 5), if -1 * ↑m + 5 ≤ 0 then ↑m + -5 else 0, ↑m + -5}
      [eqc] {↑(2 * w - 4), if -1 * ↑w + 2 ≤ 0 then 2 * ↑w + -4 else 0, 2 * ↑w + -4}
      [eqc] {↑(2 * m - 5), if -1 * ↑m + 3 ≤ 0 then 2 * ↑m + -5 else 0, 2 * ↑m + -5}
      [eqc] {↑(2 * m - (v S ⟨0, ⋯⟩ + 2)),
          if -2 * ↑m + ↑(v S ⟨0, ⋯⟩) + 2 ≤ 0 then 2 * ↑m + -1 * ↑(v S ⟨0, ⋯⟩) + -2 else 0,
          2 * ↑m + -1 * ↑(v S ⟨0, ⋯⟩) + -2}
      [eqc] {-1 * ↑w, -1 * ↑m}
      [eqc] {2 * ↑w, 2 * ↑m}
  [cases] Case analyses
    [cases] [1/2]: if -2 * ↑m + ↑(v S ⟨0, ⋯⟩) + 2 ≤ 0 then 2 * ↑m + -1 * ↑(v S ⟨0, ⋯⟩) + -2 else 0
      [cases] source: Initial goal
    [cases] [1/2]: (fun c => isInitialCall S c) = fun c => decide (isInitialCall S c = false ∧ isFinalCall S c = false)
      [cases] source: Initial goal
    [cases] [1/2]: (fun c => isInitialCall S c) = fun c => isFinalCall S c
      [cases] source: Initial goal
    [cases] [1/2]: w =
          (List.filter (fun c => isFinalCall S c) S).length + (List.filter (fun c => isInitialCall S c) S).length
      [cases] source: Model-based theory combination at argument #0 of
            Fin m
          and
            Fin w
  [ematch] E-matching patterns
    [thm] m_is_minimal: [@allExpert #4 (@makeCalls #4 (initialState #4) #1)]
    [thm] m_is_minimal: [@makeCalls #4 (initialState #4) #1]
    [thm] m_is_minimal: [@LE.le `[ℕ] `[instLENat] (@HSub.hSub `[ℕ] `[ℕ] `[ℕ] `[instHSub] (@HMul.hMul `[ℕ] `[ℕ] `[ℕ] `[instHMul] `[2] #4) `[4]) (@List.length (Prod (Fin _) (Fin _)) #1)]
    [thm] m_is_minimal: [@List.length (Prod (Fin #4) (Fin _)) #1]
    [thm] m_is_minimal: [@LE.le `[ℕ] `[instLENat] (#4 + 1) `[m], @makeCalls #4 (initialState #4) #1]
    [thm] List.length_filter_le: [@List.length #2 (@List.filter _ #1 #0)]
    [thm] this_5: [@LE.le `[ℕ] `[instLENat] (@HAdd.hAdd `[ℕ] `[ℕ] `[ℕ] `[instHAdd] (sorryAx `[Lean.Name →
             Fin m →
               ℕ] `[false] `[`Gossip.tmplx97sbro.238.31.238.36.31.36._sorry._@.Gossip.tmplx97sbro.3380568289._hygCtx._hyg.663] #0) (@HSub.hSub `[ℕ] `[ℕ] `[ℕ] `[instHSub] `[2 *
             m] (@HAdd.hAdd `[ℕ] `[ℕ] `[ℕ] `[instHAdd] (@v `[m] `[S] #0) `[2]))) `[2 * m - 5]]
    [thm] this_5: [sorryAx `[Lean.Name →
           Fin m →
             ℕ] `[false] `[`Gossip.tmplx97sbro.238.31.238.36.31.36._sorry._@.Gossip.tmplx97sbro.3380568289._hygCtx._hyg.663] #0]
    [thm] this_5: [@v `[m] `[S] #0]
    [thm] this_5: [@LE.le `[ℕ] `[instLENat] (@HAdd.hAdd `[ℕ] `[ℕ] `[ℕ] `[instHAdd] (sorryAx `[Lean.Name →
             Fin m →
               ℕ] `[false] `[`Gossip.tmplx97sbro.238.31.238.36.31.36._sorry._@.Gossip.tmplx97sbro.3380568289._hygCtx._hyg.663] #0) (@HSub.hSub `[ℕ] `[ℕ] `[ℕ] `[instHSub] `[2 *
             m] ((@v `[m] `[S] #0) + 2))) `[2 * m - 5]]
    [thm] S_len_def: [sorryAx `[Lean.Name →
           Fin m →
             ℕ] `[false] `[`Gossip.tmplx97sbro.238.31.238.36.31.36._sorry._@.Gossip.tmplx97sbro.3380568289._hygCtx._hyg.663] #0]
    [thm] S_len_def: [@v `[m] `[S] #0]
  [cutsat] Assignment satisfying linear constraints
    [assign] w := 10
    [assign] m := 10
    [assign] w_1.length := 0
    [assign] S.length := 15
    [assign] (List.filter (fun c => decide (isInitialCall S c = false ∧ isFinalCall S c = false)) S).length := 5
    [assign] (List.filter (fun c => isFinalCall S c) S).length := 5
    [assign] (List.filter (fun c => isInitialCall S c) S).length := 5
    [assign] v S ⟨0, ⋯⟩ := 3
    [assign] sorry ⟨0, ⋯⟩ := 0
    [assign] (cast ⋯ S).length := 15
  [ring] Rings
    [ring] Ring `ℤ`
      [basis] Basis
        [_] 2 * ↑w + -1 * ↑(2 * w - 4) + -4 = 0
        [_] ↑(2 * w - 4) + -1 * ↑(2 * m - (v S ⟨0, ⋯⟩ + 2)) + -1 * ↑(v S ⟨0, ⋯⟩) + 2 = 0
        [_] 2 * ↑m + -1 * ↑(2 * m - 5) + -5 = 0
        [_] ↑S.length + -1 * ↑(cast ⋯ S).length = 0
        [_] ↑(2 * m - 5) + -2 * (↑m % 2) + -4 * (↑m / 2) + 5 = 0
        [_] ↑(List.filter (fun c => decide (isInitialCall S c = false ∧ isFinalCall S c = false)) S).length +
                -1 * ↑(List.filter (fun c => isInitialCall S c) S).length =
              0
        [_] ↑(List.filter (fun c => isFinalCall S c) S).length +
                -1 * ↑(List.filter (fun c => isInitialCall S c) S).length =
              0
        [_] ↑m % 2 + 2 * (↑m / 2) + -1 * ↑(m - 5) + -5 = 0
        [_] 2 * ↑(m - 5) + -1 * ↑(2 * m - (v S ⟨0, ⋯⟩ + 2)) + -1 * ↑(v S ⟨0, ⋯⟩) + 8 = 0
    [ring] Ring `Lean.Grind.Ring.OfSemiring.Q ℕ`
      [basis] Basis
        [_] ↑(List.filter (fun c => isFinalCall S c) S).length +
                -1 * ↑(List.filter (fun c => isInitialCall S c) S).length =
              0
        [_] 2 * ↑(List.filter (fun c => isInitialCall S c) S).length + -1 * ↑m = 0
        [_] ↑m + -1 * ↑(sorry ⟨0, ⋯⟩) + -1 * ↑(2 * m - (v S ⟨0, ⋯⟩ + 2)) +
                ↑(List.filter (fun c => decide (isInitialCall S c = false ∧ isFinalCall S c = false)) S).length =
              0
        [_] ↑(sorry ⟨0, ⋯⟩) + ↑(2 * m - (v S ⟨0, ⋯⟩ + 2)) +
                -3 * ↑(List.filter (fun c => decide (isInitialCall S c = false ∧ isFinalCall S c = false)) S).length =
              0
[grind] Diagnostics
  [thm] E-Matching instances
    [thm] List.length_filter_le ↦ 3

[2026-01-13 04:57:26] [INFO] Attempt 1 failed verification, continuing...
[2026-01-13 04:57:26] [INFO] ========================================
[2026-01-13 04:57:26] [INFO] Trying strategy: ring (up to 1 attempts)
[2026-01-13 04:57:26] [INFO] --------------------
[2026-01-13 04:57:26] [INFO] Strategy ring, attempt 1/1
[2026-01-13 04:57:26] [INFO] Starting proof generation...
[2026-01-13 04:57:26] [INFO] Repository path: /root/repo
[2026-01-13 04:57:26] [INFO] Proof generation completed
[2026-01-13 04:57:26] [INFO] Generated proof:
[2026-01-13 04:57:26] [INFO] ring
[2026-01-13 04:57:26] [INFO] Proof length: 4 chars
[2026-01-13 04:57:26] [INFO] Starting proof verification...
[2026-01-13 04:57:26] [INFO] Verifying at: Gossip/Necessary.lean:253
[2026-01-13 04:57:26] [INFO] Using LEAN INTERACT verify
[2026-01-13 04:57:26] [INFO] Checking file
[2026-01-13 04:57:36] [INFO] Cannot build modified file Try this:
  [apply] ring_nf
  
  The `ring` tactic failed to close the goal. Use `ring_nf` to obtain a normal form.
    
  Note that `ring` works primarily in *commutative* rings. If you have a noncommutative ring, abelian group or module, consider using `noncomm_ring`, `abel` or `module` instead.
<error line="241" column="33">
<code_line>  have : 5 * m < 2 * S.length := by</code_line>
<message>error: unsolved goals</message>
</error>
hyp : ∃ x, ∃ (_ : 4 < x), ∃ x_1, ∃ (_ : allExpert (after x_1)), x_1.length < 2 * x - 4
m : ℕ
m_is_minimal : ∀ n < m, ¬∃ (_ : 4 < n), ∃ x, ∃ (_ : allExpert (after x)), x.length < 2 * n - 4
le_m : 4 < m
S : List (Call m)
S_allExp : allExpert (after S)
S_len_lt : S.length ≤ 2 * m - 5
is_minimal_m : is_minimal m
noHo_S : noHo S
initPart : List (Call m) := List.filter (fun c => isInitialCall S c) S
midPart : List (Call m) := List.filter (fun c => decide (¬isInitialCall S c = true ∧ ¬isFinalCall S c = true)) S
finalPart : List (Call m) := List.filter (fun c => isFinalCall S c) S
this✝⁵ : S.length = initPart.length + midPart.length + finalPart.length
this✝⁴ : m / 2 = initPart.length
this✝³ : m / 2 = finalPart.length
this✝² : m = initPart.length + finalPart.length
len_s_at_least : m ≤ S.length
this✝¹ : midPart.length ≤ m - 5
c : Fin m → ℕ := sorry
this✝ : ∀ (k : Fin m), 2 * m - 2 - v S k + c k ≤ 2 * m - 5
S_len_def : ∀ (k : Fin m), S.length = 2 * m - 2 - v S k + c k
this : S.length = 2 * m - 2 - v S ⟨0, ⋯⟩ + c ⟨0, ⋯⟩
⊢ m * 5 < (m * 2 - 2 - v S ⟨0, ⋯⟩) * 2 + c ⟨0, ⋯⟩ * 2
[2026-01-13 04:57:36] [INFO] Proof verification completed
[2026-01-13 04:57:36] [INFO] Strategy ring attempt 1: verified=False
[2026-01-13 04:57:36] [INFO] Verification message: Cannot build modified file: Try this:
  [apply] ring_nf
  
  The `ring` tactic failed to close the goal. Use `ring_nf` to obtain a normal form.
    
  Note that `ring` works primarily in *commutative* rings. If you have a noncommutative ring, abelian group or module, consider using `noncomm_ring`, `abel` or `module` instead.
<error line="241" column="33">
<code_line>  have : 5 * m < 2 * S.length := by</code_line>
<message>error: unsolved goals</message>
</error>
hyp : ∃ x, ∃ (_ : 4 < x), ∃ x_1, ∃ (_ : allExpert (after x_1)), x_1.length < 2 * x - 4
m : ℕ
m_is_minimal : ∀ n < m, ¬∃ (_ : 4 < n), ∃ x, ∃ (_ : allExpert (after x)), x.length < 2 * n - 4
le_m : 4 < m
S : List (Call m)
S_allExp : allExpert (after S)
S_len_lt : S.length ≤ 2 * m - 5
is_minimal_m : is_minimal m
noHo_S : noHo S
initPart : List (Call m) := List.filter (fun c => isInitialCall S c) S
midPart : List (Call m) := List.filter (fun c => decide (¬isInitialCall S c = true ∧ ¬isFinalCall S c = true)) S
finalPart : List (Call m) := List.filter (fun c => isFinalCall S c) S
this✝⁵ : S.length = initPart.length + midPart.length + finalPart.length
this✝⁴ : m / 2 = initPart.length
this✝³ : m / 2 = finalPart.length
this✝² : m = initPart.length + finalPart.length
len_s_at_least : m ≤ S.length
this✝¹ : midPart.length ≤ m - 5
c : Fin m → ℕ := sorry
this✝ : ∀ (k : Fin m), 2 * m - 2 - v S k + c k ≤ 2 * m - 5
S_len_def : ∀ (k : Fin m), S.length = 2 * m - 2 - v S k + c k
this : S.length = 2 * m - 2 - v S ⟨0, ⋯⟩ + c ⟨0, ⋯⟩
⊢ m * 5 < (m * 2 - 2 - v S ⟨0, ⋯⟩) * 2 + c ⟨0, ⋯⟩ * 2

[2026-01-13 04:57:36] [INFO] Attempt 1 failed verification, continuing...
[2026-01-13 04:57:36] [INFO] ========================================
[2026-01-13 04:57:36] [INFO] Trying strategy: norm_num (up to 1 attempts)
[2026-01-13 04:57:36] [INFO] --------------------
[2026-01-13 04:57:36] [INFO] Strategy norm_num, attempt 1/1
[2026-01-13 04:57:36] [INFO] Starting proof generation...
[2026-01-13 04:57:36] [INFO] Repository path: /root/repo
[2026-01-13 04:57:36] [INFO] Proof generation completed
[2026-01-13 04:57:36] [INFO] Generated proof:
[2026-01-13 04:57:36] [INFO] norm_num
[2026-01-13 04:57:36] [INFO] Proof length: 8 chars
[2026-01-13 04:57:36] [INFO] Starting proof verification...
[2026-01-13 04:57:36] [INFO] Verifying at: Gossip/Necessary.lean:253
[2026-01-13 04:57:36] [INFO] Using LEAN INTERACT verify
[2026-01-13 04:57:36] [INFO] Checking file
[2026-01-13 04:57:45] [INFO] Cannot build modified file <error line="241" column="33">
<code_line>  have : 5 * m < 2 * S.length := by</code_line>
<message>error: unsolved goals</message>
</error>
hyp : ∃ x, ∃ (_ : 4 < x), ∃ x_1, ∃ (_ : allExpert (after x_1)), x_1.length < 2 * x - 4
m : ℕ
m_is_minimal : ∀ n < m, ¬∃ (_ : 4 < n), ∃ x, ∃ (_ : allExpert (after x)), x.length < 2 * n - 4
le_m : 4 < m
S : List (Call m)
S_allExp : allExpert (after S)
S_len_lt : S.length ≤ 2 * m - 5
is_minimal_m : is_minimal m
noHo_S : noHo S
initPart : List (Call m) := List.filter (fun c => isInitialCall S c) S
midPart : List (Call m) := List.filter (fun c => decide (¬isInitialCall S c = true ∧ ¬isFinalCall S c = true)) S
finalPart : List (Call m) := List.filter (fun c => isFinalCall S c) S
this✝⁵ : S.length = initPart.length + midPart.length + finalPart.length
this✝⁴ : m / 2 = initPart.length
this✝³ : m / 2 = finalPart.length
this✝² : m = initPart.length + finalPart.length
len_s_at_least : m ≤ S.length
this✝¹ : midPart.length ≤ m - 5
c : Fin m → ℕ := sorry
this✝ : ∀ (k : Fin m), 2 * m - 2 - v S k + c k ≤ 2 * m - 5
S_len_def : ∀ (k : Fin m), S.length = 2 * m - 2 - v S k + c k
this : S.length = 2 * m - 2 - v S ⟨0, ⋯⟩ + c ⟨0, ⋯⟩
⊢ 5 * m < 2 * (2 * m - 2 - v S ⟨0, ⋯⟩ + c ⟨0, ⋯⟩)
[2026-01-13 04:57:45] [INFO] Proof verification completed
[2026-01-13 04:57:45] [INFO] Strategy norm_num attempt 1: verified=False
[2026-01-13 04:57:45] [INFO] Verification message: Cannot build modified file: <error line="241" column="33">
<code_line>  have : 5 * m < 2 * S.length := by</code_line>
<message>error: unsolved goals</message>
</error>
hyp : ∃ x, ∃ (_ : 4 < x), ∃ x_1, ∃ (_ : allExpert (after x_1)), x_1.length < 2 * x - 4
m : ℕ
m_is_minimal : ∀ n < m, ¬∃ (_ : 4 < n), ∃ x, ∃ (_ : allExpert (after x)), x.length < 2 * n - 4
le_m : 4 < m
S : List (Call m)
S_allExp : allExpert (after S)
S_len_lt : S.length ≤ 2 * m - 5
is_minimal_m : is_minimal m
noHo_S : noHo S
initPart : List (Call m) := List.filter (fun c => isInitialCall S c) S
midPart : List (Call m) := List.filter (fun c => decide (¬isInitialCall S c = true ∧ ¬isFinalCall S c = true)) S
finalPart : List (Call m) := List.filter (fun c => isFinalCall S c) S
this✝⁵ : S.length = initPart.length + midPart.length + finalPart.length
this✝⁴ : m / 2 = initPart.length
this✝³ : m / 2 = finalPart.length
this✝² : m = initPart.length + finalPart.length
len_s_at_least : m ≤ S.length
this✝¹ : midPart.length ≤ m - 5
c : Fin m → ℕ := sorry
this✝ : ∀ (k : Fin m), 2 * m - 2 - v S k + c k ≤ 2 * m - 5
S_len_def : ∀ (k : Fin m), S.length = 2 * m - 2 - v S k + c k
this : S.length = 2 * m - 2 - v S ⟨0, ⋯⟩ + c ⟨0, ⋯⟩
⊢ 5 * m < 2 * (2 * m - 2 - v S ⟨0, ⋯⟩ + c ⟨0, ⋯⟩)

[2026-01-13 04:57:45] [INFO] Attempt 1 failed verification, continuing...
[2026-01-13 04:57:45] [INFO] ========================================
[2026-01-13 04:57:45] [INFO] Trying strategy: omega (up to 1 attempts)
[2026-01-13 04:57:45] [INFO] --------------------
[2026-01-13 04:57:45] [INFO] Strategy omega, attempt 1/1
[2026-01-13 04:57:45] [INFO] Starting proof generation...
[2026-01-13 04:57:45] [INFO] Repository path: /root/repo
[2026-01-13 04:57:45] [INFO] Proof generation completed
[2026-01-13 04:57:45] [INFO] Generated proof:
[2026-01-13 04:57:45] [INFO] omega
[2026-01-13 04:57:45] [INFO] Proof length: 5 chars
[2026-01-13 04:57:45] [INFO] Starting proof verification...
[2026-01-13 04:57:45] [INFO] Verifying at: Gossip/Necessary.lean:253
[2026-01-13 04:57:45] [INFO] Using LEAN INTERACT verify
[2026-01-13 04:57:45] [INFO] Checking file
[2026-01-13 04:57:58] [INFO] Cannot build modified file <error line="253" column="4">
<code_line>    omega</code_line>
<message>error: omega could not prove the goal:</message>
</error>
a possible counterexample may satisfy the constraints
  f ≥ 2
  e ≥ 0
  d ≥ 0
  d - e ≤ -3
  b ≥ 3
  b ≥ 3
  b - d + e ≥ -2
  2*b + d - e ≥ 2
  4*b - e ≥ 2
  4*b + d - e ≥ 2
  a ≥ 0
  a - 2*f ≤ -5
where
 a := ↑⋯.choose.length
 b := ↑m / 2
 d := ↑(c ⟨0, ⋯⟩)
 e := ↑(v S ⟨0, ⋯⟩)
 f := ↑hyp.choose
[2026-01-13 04:57:58] [INFO] Proof verification completed
[2026-01-13 04:57:58] [INFO] Strategy omega attempt 1: verified=False
[2026-01-13 04:57:58] [INFO] Verification message: Cannot build modified file: <error line="253" column="4">
<code_line>    omega</code_line>
<message>error: omega could not prove the goal:</message>
</error>
a possible counterexample may satisfy the constraints
  f ≥ 2
  e ≥ 0
  d ≥ 0
  d - e ≤ -3
  b ≥ 3
  b ≥ 3
  b - d + e ≥ -2
  2*b + d - e ≥ 2
  4*b - e ≥ 2
  4*b + d - e ≥ 2
  a ≥ 0
  a - 2*f ≤ -5
where
 a := ↑⋯.choose.length
 b := ↑m / 2
 d := ↑(c ⟨0, ⋯⟩)
 e := ↑(v S ⟨0, ⋯⟩)
 f := ↑hyp.choose

[2026-01-13 04:57:58] [INFO] Attempt 1 failed verification, continuing...
[2026-01-13 04:57:58] [INFO] ========================================
[2026-01-13 04:57:58] [INFO] Trying strategy: linarith (up to 1 attempts)
[2026-01-13 04:57:58] [INFO] --------------------
[2026-01-13 04:57:58] [INFO] Strategy linarith, attempt 1/1
[2026-01-13 04:57:58] [INFO] Starting proof generation...
[2026-01-13 04:57:58] [INFO] Repository path: /root/repo
[2026-01-13 04:57:58] [INFO] Proof generation completed
[2026-01-13 04:57:58] [INFO] Generated proof:
[2026-01-13 04:57:58] [INFO] linarith
[2026-01-13 04:57:58] [INFO] Proof length: 8 chars
[2026-01-13 04:57:58] [INFO] Starting proof verification...
[2026-01-13 04:57:58] [INFO] Verifying at: Gossip/Necessary.lean:253
[2026-01-13 04:57:58] [INFO] Using LEAN INTERACT verify
[2026-01-13 04:57:58] [INFO] Checking file
[2026-01-13 04:58:09] [INFO] Cannot build modified file <error line="253" column="4">
<code_line>    linarith</code_line>
<message>error: linarith failed to find a contradiction</message>
</error>
case h
hyp : ∃ x, ∃ (_ : 4 < x), ∃ x_1, ∃ (_ : allExpert (after x_1)), x_1.length < 2 * x - 4
m : ℕ
m_is_minimal : ∀ n < m, ¬∃ (_ : 4 < n), ∃ x, ∃ (_ : allExpert (after x)), x.length < 2 * n - 4
le_m : 4 < m
S : List (Call m)
S_allExp : allExpert (after S)
S_len_lt : S.length ≤ 2 * m - 5
is_minimal_m : is_minimal m
noHo_S : noHo S
initPart : List (Call m) := List.filter (fun c => isInitialCall S c) S
midPart : List (Call m) := List.filter (fun c => decide (¬isInitialCall S c = true ∧ ¬isFinalCall S c = true)) S
finalPart : List (Call m) := List.filter (fun c => isFinalCall S c) S
this✝⁵ : S.length = initPart.length + midPart.length + finalPart.length
this✝⁴ : m / 2 = initPart.length
this✝³ : m / 2 = finalPart.length
this✝² : m = initPart.length + finalPart.length
len_s_at_least : m ≤ S.length
this✝¹ : midPart.length ≤ m - 5
c : Fin m → ℕ := sorry
this✝ : ∀ (k : Fin m), 2 * m - 2 - v S k + c k ≤ 2 * m - 5
S_len_def : ∀ (k : Fin m), S.length = 2 * m - 2 - v S k + c k
this : S.length = 2 * m - 2 - v S ⟨0, ⋯⟩ + c ⟨0, ⋯⟩
a✝ : 2 * (2 * m - 2 - v S ⟨0, ⋯⟩ + c ⟨0, ⋯⟩) ≤ 5 * m
⊢ False
failed
[2026-01-13 04:58:09] [INFO] Proof verification completed
[2026-01-13 04:58:09] [INFO] Strategy linarith attempt 1: verified=False
[2026-01-13 04:58:09] [INFO] Verification message: Cannot build modified file: <error line="253" column="4">
<code_line>    linarith</code_line>
<message>error: linarith failed to find a contradiction</message>
</error>
case h
hyp : ∃ x, ∃ (_ : 4 < x), ∃ x_1, ∃ (_ : allExpert (after x_1)), x_1.length < 2 * x - 4
m : ℕ
m_is_minimal : ∀ n < m, ¬∃ (_ : 4 < n), ∃ x, ∃ (_ : allExpert (after x)), x.length < 2 * n - 4
le_m : 4 < m
S : List (Call m)
S_allExp : allExpert (after S)
S_len_lt : S.length ≤ 2 * m - 5
is_minimal_m : is_minimal m
noHo_S : noHo S
initPart : List (Call m) := List.filter (fun c => isInitialCall S c) S
midPart : List (Call m) := List.filter (fun c => decide (¬isInitialCall S c = true ∧ ¬isFinalCall S c = true)) S
finalPart : List (Call m) := List.filter (fun c => isFinalCall S c) S
this✝⁵ : S.length = initPart.length + midPart.length + finalPart.length
this✝⁴ : m / 2 = initPart.length
this✝³ : m / 2 = finalPart.length
this✝² : m = initPart.length + finalPart.length
len_s_at_least : m ≤ S.length
this✝¹ : midPart.length ≤ m - 5
c : Fin m → ℕ := sorry
this✝ : ∀ (k : Fin m), 2 * m - 2 - v S k + c k ≤ 2 * m - 5
S_len_def : ∀ (k : Fin m), S.length = 2 * m - 2 - v S k + c k
this : S.length = 2 * m - 2 - v S ⟨0, ⋯⟩ + c ⟨0, ⋯⟩
a✝ : 2 * (2 * m - 2 - v S ⟨0, ⋯⟩ + c ⟨0, ⋯⟩) ≤ 5 * m
⊢ False
failed

[2026-01-13 04:58:09] [INFO] Attempt 1 failed verification, continuing...
[2026-01-13 04:58:09] [INFO] ========================================
[2026-01-13 04:58:09] [INFO] Trying strategy: nlinarith (up to 1 attempts)
[2026-01-13 04:58:09] [INFO] --------------------
[2026-01-13 04:58:09] [INFO] Strategy nlinarith, attempt 1/1
[2026-01-13 04:58:09] [INFO] Starting proof generation...
[2026-01-13 04:58:09] [INFO] Repository path: /root/repo
[2026-01-13 04:58:09] [INFO] Proof generation completed
[2026-01-13 04:58:09] [INFO] Generated proof:
[2026-01-13 04:58:09] [INFO] nlinarith
[2026-01-13 04:58:09] [INFO] Proof length: 9 chars
[2026-01-13 04:58:09] [INFO] Starting proof verification...
[2026-01-13 04:58:09] [INFO] Verifying at: Gossip/Necessary.lean:253
[2026-01-13 04:58:09] [INFO] Using LEAN INTERACT verify
[2026-01-13 04:58:09] [INFO] Checking file
[2026-01-13 04:58:24] [INFO] Cannot build modified file <error line="253" column="4">
<code_line>    nlinarith</code_line>
<message>error: linarith failed to find a contradiction</message>
</error>
case h
hyp : ∃ x, ∃ (_ : 4 < x), ∃ x_1, ∃ (_ : allExpert (after x_1)), x_1.length < 2 * x - 4
m : ℕ
m_is_minimal : ∀ n < m, ¬∃ (_ : 4 < n), ∃ x, ∃ (_ : allExpert (after x)), x.length < 2 * n - 4
le_m : 4 < m
S : List (Call m)
S_allExp : allExpert (after S)
S_len_lt : S.length ≤ 2 * m - 5
is_minimal_m : is_minimal m
noHo_S : noHo S
initPart : List (Call m) := List.filter (fun c => isInitialCall S c) S
midPart : List (Call m) := List.filter (fun c => decide (¬isInitialCall S c = true ∧ ¬isFinalCall S c = true)) S
finalPart : List (Call m) := List.filter (fun c => isFinalCall S c) S
this✝⁵ : S.length = initPart.length + midPart.length + finalPart.length
this✝⁴ : m / 2 = initPart.length
this✝³ : m / 2 = finalPart.length
this✝² : m = initPart.length + finalPart.length
len_s_at_least : m ≤ S.length
this✝¹ : midPart.length ≤ m - 5
c : Fin m → ℕ := sorry
this✝ : ∀ (k : Fin m), 2 * m - 2 - v S k + c k ≤ 2 * m - 5
S_len_def : ∀ (k : Fin m), S.length = 2 * m - 2 - v S k + c k
this : S.length = 2 * m - 2 - v S ⟨0, ⋯⟩ + c ⟨0, ⋯⟩
a✝ : 2 * (2 * m - 2 - v S ⟨0, ⋯⟩ + c ⟨0, ⋯⟩) ≤ 5 * m
⊢ False
failed
[2026-01-13 04:58:24] [INFO] Proof verification completed
[2026-01-13 04:58:24] [INFO] Strategy nlinarith attempt 1: verified=False
[2026-01-13 04:58:24] [INFO] Verification message: Cannot build modified file: <error line="253" column="4">
<code_line>    nlinarith</code_line>
<message>error: linarith failed to find a contradiction</message>
</error>
case h
hyp : ∃ x, ∃ (_ : 4 < x), ∃ x_1, ∃ (_ : allExpert (after x_1)), x_1.length < 2 * x - 4
m : ℕ
m_is_minimal : ∀ n < m, ¬∃ (_ : 4 < n), ∃ x, ∃ (_ : allExpert (after x)), x.length < 2 * n - 4
le_m : 4 < m
S : List (Call m)
S_allExp : allExpert (after S)
S_len_lt : S.length ≤ 2 * m - 5
is_minimal_m : is_minimal m
noHo_S : noHo S
initPart : List (Call m) := List.filter (fun c => isInitialCall S c) S
midPart : List (Call m) := List.filter (fun c => decide (¬isInitialCall S c = true ∧ ¬isFinalCall S c = true)) S
finalPart : List (Call m) := List.filter (fun c => isFinalCall S c) S
this✝⁵ : S.length = initPart.length + midPart.length + finalPart.length
this✝⁴ : m / 2 = initPart.length
this✝³ : m / 2 = finalPart.length
this✝² : m = initPart.length + finalPart.length
len_s_at_least : m ≤ S.length
this✝¹ : midPart.length ≤ m - 5
c : Fin m → ℕ := sorry
this✝ : ∀ (k : Fin m), 2 * m - 2 - v S k + c k ≤ 2 * m - 5
S_len_def : ∀ (k : Fin m), S.length = 2 * m - 2 - v S k + c k
this : S.length = 2 * m - 2 - v S ⟨0, ⋯⟩ + c ⟨0, ⋯⟩
a✝ : 2 * (2 * m - 2 - v S ⟨0, ⋯⟩ + c ⟨0, ⋯⟩) ≤ 5 * m
⊢ False
failed

[2026-01-13 04:58:24] [INFO] Attempt 1 failed verification, continuing...
[2026-01-13 04:58:24] [INFO] ========================================
[2026-01-13 04:58:24] [INFO] Trying strategy: aesop (up to 1 attempts)
[2026-01-13 04:58:24] [INFO] --------------------
[2026-01-13 04:58:24] [INFO] Strategy aesop, attempt 1/1
[2026-01-13 04:58:24] [INFO] Starting proof generation...
[2026-01-13 04:58:24] [INFO] Repository path: /root/repo
[2026-01-13 04:58:24] [INFO] Proof generation completed
[2026-01-13 04:58:24] [INFO] Generated proof:
[2026-01-13 04:58:24] [INFO] aesop
[2026-01-13 04:58:24] [INFO] Proof length: 5 chars
[2026-01-13 04:58:24] [INFO] Starting proof verification...
[2026-01-13 04:58:24] [INFO] Verifying at: Gossip/Necessary.lean:253
[2026-01-13 04:58:24] [INFO] Using LEAN INTERACT verify
[2026-01-13 04:58:24] [INFO] Checking file
[2026-01-13 04:58:48] [INFO] Cannot build modified file <error line="241" column="33">
<code_line>  have : 5 * m < 2 * S.length := by</code_line>
<message>error: unsolved goals</message>
</error>
m : ℕ
le_m : 4 < m
S : List (Call m)
initPart : List (Call m) := List.filter (fun c => isInitialCall S c) S
midPart : List (Call m) := List.filter (fun c => decide (¬isInitialCall S c = true ∧ ¬isFinalCall S c = true)) S
finalPart : List (Call m) := List.filter (fun c => isFinalCall S c) S
c : Fin m → ℕ := sorry
S_allExp : allExpert (after S)
S_len_lt :
  (List.filter (fun c => isFinalCall S c) S).length +
        (List.filter (fun c => !isInitialCall S c && !isFinalCall S c) S).length +
      (List.filter (fun c => isFinalCall S c) S).length ≤
    2 * ((List.filter (fun c => isFinalCall S c) S).length + (List.filter (fun c => isFinalCall S c) S).length) - 5
is_minimal_m :
  is_minimal ((List.filter (fun c => isFinalCall S c) S).length + (List.filter (fun c => isFinalCall S c) S).length)
noHo_S : noHo S
this_1 :
  2 * ((List.filter (fun c => isFinalCall S c) S).length + (List.filter (fun c => isFinalCall S c) S).length) - 2 -
        v S ⟨0, ⋯⟩ +
      sorry ⟨0, ⋯⟩ =
    (List.filter (fun c => isFinalCall S c) S).length +
        (List.filter (fun c => !isInitialCall S c && !isFinalCall S c) S).length +
      (List.filter (fun c => isFinalCall S c) S).length
this_2 :
  ((List.filter (fun c => isFinalCall S c) S).length + (List.filter (fun c => isFinalCall S c) S).length) / 2 =
    (List.filter (fun c => isFinalCall S c) S).length
this_3 : (List.filter (fun c => isInitialCall S c) S).length = (List.filter (fun c => isFinalCall S c) S).length
this_4 : m = (List.filter (fun c => isFinalCall S c) S).length + (List.filter (fun c => isFinalCall S c) S).length
this_5 :
  (List.filter (fun c => !isInitialCall S c && !isFinalCall S c) S).length ≤
    (List.filter (fun c => isFinalCall S c) S).length + (List.filter (fun c => isFinalCall S c) S).length - 5
this_6 :
  ∀ (k : Fin m),
    2 * ((List.filter (fun c => isFinalCall S c) S).length + (List.filter (fun c => isFinalCall S c) S).length) - 2 -
          v S k +
        sorry k ≤
      2 * ((List.filter (fun c => isFinalCall S c) S).length + (List.filter (fun c => isFinalCall S c) S).length) - 5
S_len_def :
  ∀ (k : Fin m),
    (List.filter (fun c => isFinalCall S c) S).length +
          (List.filter (fun c => !isInitialCall S c && !isFinalCall S c) S).length +
        (List.filter (fun c => isFinalCall S c) S).length =
      2 * ((List.filter (fun c => isFinalCall S c) S).length + (List.filter (fun c => isFinalCall S c) S).length) - 2 -
          v S k +
        sorry k
w : ℕ
left : 4 < w
w_1 : List (Call w)
left_1 : allExpert (after w_1)
right : w_1.length < 2 * w - 4
⊢ 5 * ((List.filter (fun c => isFinalCall S c) S).length + (List.filter (fun c => isFinalCall S c) S).length) <
    2 *
      ((List.filter (fun c => isFinalCall S c) S).length +
          (List.filter (fun c => !isInitialCall S c && !isFinalCall S c) S).length +
        (List.filter (fun c => isFinalCall S c) S).length)
[2026-01-13 04:58:48] [INFO] Proof verification completed
[2026-01-13 04:58:48] [INFO] Strategy aesop attempt 1: verified=False
[2026-01-13 04:58:48] [INFO] Verification message: Cannot build modified file: <error line="241" column="33">
<code_line>  have : 5 * m < 2 * S.length := by</code_line>
<message>error: unsolved goals</message>
</error>
m : ℕ
le_m : 4 < m
S : List (Call m)
initPart : List (Call m) := List.filter (fun c => isInitialCall S c) S
midPart : List (Call m) := List.filter (fun c => decide (¬isInitialCall S c = true ∧ ¬isFinalCall S c = true)) S
finalPart : List (Call m) := List.filter (fun c => isFinalCall S c) S
c : Fin m → ℕ := sorry
S_allExp : allExpert (after S)
S_len_lt :
  (List.filter (fun c => isFinalCall S c) S).length +
        (List.filter (fun c => !isInitialCall S c && !isFinalCall S c) S).length +
      (List.filter (fun c => isFinalCall S c) S).length ≤
    2 * ((List.filter (fun c => isFinalCall S c) S).length + (List.filter (fun c => isFinalCall S c) S).length) - 5
is_minimal_m :
  is_minimal ((List.filter (fun c => isFinalCall S c) S).length + (List.filter (fun c => isFinalCall S c) S).length)
noHo_S : noHo S
this_1 :
  2 * ((List.filter (fun c => isFinalCall S c) S).length + (List.filter (fun c => isFinalCall S c) S).length) - 2 -
        v S ⟨0, ⋯⟩ +
      sorry ⟨0, ⋯⟩ =
    (List.filter (fun c => isFinalCall S c) S).length +
        (List.filter (fun c => !isInitialCall S c && !isFinalCall S c) S).length +
      (List.filter (fun c => isFinalCall S c) S).length
this_2 :
  ((List.filter (fun c => isFinalCall S c) S).length + (List.filter (fun c => isFinalCall S c) S).length) / 2 =
    (List.filter (fun c => isFinalCall S c) S).length
this_3 : (List.filter (fun c => isInitialCall S c) S).length = (List.filter (fun c => isFinalCall S c) S).length
this_4 : m = (List.filter (fun c => isFinalCall S c) S).length + (List.filter (fun c => isFinalCall S c) S).length
this_5 :
  (List.filter (fun c => !isInitialCall S c && !isFinalCall S c) S).length ≤
    (List.filter (fun c => isFinalCall S c) S).length + (List.filter (fun c => isFinalCall S c) S).length - 5
this_6 :
  ∀ (k : Fin m),
    2 * ((List.filter (fun c => isFinalCall S c) S).length + (List.filter (fun c => isFinalCall S c) S).length) - 2 -
          v S k +
        sorry k ≤
      2 * ((List.filter (fun c => isFinalCall S c) S).length + (List.filter (fun c => isFinalCall S c) S).length) - 5
S_len_def :
  ∀ (k : Fin m),
    (List.filter (fun c => isFinalCall S c) S).length +
          (List.filter (fun c => !isInitialCall S c && !isFinalCall S c) S).length +
        (List.filter (fun c => isFinalCall S c) S).length =
      2 * ((List.filter (fun c => isFinalCall S c) S).length + (List.filter (fun c => isFinalCall S c) S).length) - 2 -
          v S k +
        sorry k
w : ℕ
left : 4 < w
w_1 : List (Call w)
left_1 : allExpert (after w_1)
right : w_1.length < 2 * w - 4
⊢ 5 * ((List.filter (fun c => isFinalCall S c) S).length + (List.filter (fun c => isFinalCall S c) S).length) <
    2 *
      ((List.filter (fun c => isFinalCall S c) S).length +
          (List.filter (fun c => !isInitialCall S c && !isFinalCall S c) S).length +
        (List.filter (fun c => isFinalCall S c) S).length)

[2026-01-13 04:58:48] [INFO] Attempt 1 failed verification, continuing...
[2026-01-13 04:58:48] [INFO] ========================================
[2026-01-13 04:58:48] [INFO] Pass@k completed. Total results: 1
[2026-01-13 04:58:48] [INFO] FAILED: All 11 strategies x 1 attempts
[2026-01-13 04:58:48] [INFO] Writing results to file: /root/repo/result.json
[2026-01-13 04:58:48] [INFO] Result file written successfully
[2026-01-13 04:58:48] [INFO] Results exported to: /root/repo/result.json
[2026-01-13 04:58:48] [INFO] run_morphcloud_local.py completed successfully

[2026-01-13 04:58:49] [process_single_sorry] Downloading result file...
[2026-01-13 04:58:49] [process_single_sorry] Downloaded result to intermediate_experiment_outputs_full_reservoir_3_months/multi_tactic/2026-01-13_01-27-45_multi_tactic/individual/60a854f83dbae0ebd3d6b6f44cde4407940fcb13804de18c995fa85dc27209ed.json
[2026-01-13 04:58:52] [process_single_sorry] Instance context closed successfully
[2026-01-13 04:58:52] [process_single_sorry] Parsing result file...
[2026-01-13 04:58:52] [process_single_sorry] Successfully parsed result (list format, 1 results)
