[2026-01-13 06:00:06] [process_single_sorry] Starting for sorry 7ba5124fc5c5e65372b930771e8684623cd084f448b09cac6d92c3205756cfbb
[2026-01-13 06:00:06] [process_single_sorry] Using snapshot: snapshot_370yv58t
[2026-01-13 06:00:06] [process_single_sorry] Repository: https://github.com/thefundamentaltheor3m/Sphere-Packing-Lean@c51fb6a165e3faf4def1861304d5ba2904ef99f8
[2026-01-13 06:00:06] [process_single_sorry] Instance name: Sphere-Packing-Lean_c51fb6a165e3_multi_tactic_7ba5124fc5c5e65372b930771e8684623cd084f448b09cac6d92c3205756cfbb
[2026-01-13 06:00:06] [process_single_sorry] Starting attempt 1/3
[2026-01-13 06:00:06] [process_single_sorry] Starting instance from snapshot...
[2026-01-13 06:00:06] [process_single_sorry] Instance started successfully: morphvm_bq61dgb8
[2026-01-13 06:00:06] [process_single_sorry] Creating .env file...
[2026-01-13 06:00:09] [process_single_sorry] .env file created (exit_code: 0)
[2026-01-13 06:00:09] [process_single_sorry] Executing agent command...
[2026-01-13 06:02:08] [process_single_sorry] Agent command completed (exit_code: 0)
[2026-01-13 06:02:08] [process_single_sorry] STDOUT:

Results JSON:
[
  {
    "sorry": {
      "repo": {
        "remote": "https://github.com/thefundamentaltheor3m/Sphere-Packing-Lean",
        "branch": "theta-mdiff",
        "commit": "c51fb6a165e3faf4def1861304d5ba2904ef99f8",
        "lean_version": "v4.27.0-rc1"
      },
      "location": {
        "path": "SpherePacking/ModularForms/FG.lean",
        "start_line": 33,
        "start_column": 76,
        "end_line": 33,
        "end_column": 81
      },
      "debug_info": {
        "goal": "t : ℝ\nht : 0 < t\n⊢ Function.resToImagAxis F t = ↑(FReal t)",
        "url": "https://github.com/thefundamentaltheor3m/Sphere-Packing-Lean/blob/c51fb6a165e3faf4def1861304d5ba2904ef99f8/SpherePacking/ModularForms/FG.lean#L33"
      },
      "metadata": {
        "blame_email_hash": "27aa337c76c6",
        "blame_date": "2026-01-04T21:52:22+09:00",
        "inclusion_date": "2026-01-11T05:35:44.866548+00:00"
      },
      "id": "7ba5124fc5c5e65372b930771e8684623cd084f448b09cac6d92c3205756cfbb"
    },
    "proof": null,
    "proof_verified": false,
    "feedback": null,
    "verification_message": "All 11 attempts failed (11 strategies x 1 attempts each)",
    "success": true,
    "error_type": null,
    "error_message": null,
    "strategy_name": "all_failed_k=1",
    "proof_attempts": [
      "rfl",
      "simp",
      "simp_all",
      "exact?",
      "grind",
      "ring",
      "norm_num",
      "omega",
      "linarith",
      "nlinarith",
      "aesop"
    ]
  }
]

[2026-01-13 06:02:08] [process_single_sorry] STDERR:
None of PyTorch, TensorFlow >= 2.0, or Flax have been found. Models won't be available and only tokenizers, configuration and file/data utilities can be used.
[2026-01-13 06:00:22] [INFO] ================================================================================
[2026-01-13 06:00:22] [INFO] Starting run_morphcloud_local.py
[2026-01-13 06:00:22] [INFO] ================================================================================
[2026-01-13 06:00:22] [INFO] Environment loaded
[2026-01-13 06:00:22] [INFO] Full command: /root/SorryDB/sorrydb/cli/run_morphcloud_local.py --repo-path /root/repo --sorry-json {"repo": {"remote": "https://github.com/thefundamentaltheor3m/Sphere-Packing-Lean", "branch": "theta-mdiff", "commit": "c51fb6a165e3faf4def1861304d5ba2904ef99f8", "lean_version": "v4.27.0-rc1"}, "location": {"path": "SpherePacking/ModularForms/FG.lean", "start_line": 33, "start_column": 76, "end_line": 33, "end_column": 81}, "debug_info": {"goal": "t : \u211d\nht : 0 < t\n\u22a2 Function.resToImagAxis F t = \u2191(FReal t)", "url": "https://github.com/thefundamentaltheor3m/Sphere-Packing-Lean/blob/c51fb6a165e3faf4def1861304d5ba2904ef99f8/SpherePacking/ModularForms/FG.lean#L33"}, "metadata": {"blame_email_hash": "27aa337c76c6", "blame_date": "2026-01-04T21:52:22+09:00", "inclusion_date": "2026-01-11T05:35:44.866548+00:00"}, "id": "7ba5124fc5c5e65372b930771e8684623cd084f448b09cac6d92c3205756cfbb"} --agent-strategy {"name": "multi_tactic", "args": {}}
[2026-01-13 06:00:22] [INFO] Arguments parsed: repo_path=/root/repo, output_path=/root/repo/result.json
[2026-01-13 06:00:22] [INFO] Strategy spec: {"name": "multi_tactic", "args": {}}...
[2026-01-13 06:00:22] [INFO] Loading sorry data...
[2026-01-13 06:00:22] [INFO] Parsing sorry from JSON string...
[2026-01-13 06:00:22] [INFO] Sorry data parsed from JSON string
[2026-01-13 06:00:22] [INFO] Creating strategy from spec...
[2026-01-13 06:00:22] [INFO] Parsing strategy spec (length: 36 chars)
[2026-01-13 06:00:22] [INFO] Strategy name: multi_tactic
[2026-01-13 06:00:22] [INFO] Strategy args: {}
[2026-01-13 06:00:22] [INFO] Pass@k value: 1
[2026-01-13 06:00:22] [INFO] Creating strategy: multi_tactic
[2026-01-13 06:00:22] [INFO] Creating multi_tactic strategy with tactics: ['rfl', 'simp', 'simp_all', 'exact?', 'grind', 'ring', 'norm_num', 'omega', 'linarith', 'nlinarith', 'aesop']
[2026-01-13 06:00:22] [INFO] Strategies created: ['rfl', 'simp', 'simp_all', 'exact?', 'grind', 'ring', 'norm_num', 'omega', 'linarith', 'nlinarith', 'aesop']
[2026-01-13 06:00:22] [INFO] Pass@k value: 1
[2026-01-13 06:00:22] [INFO] Creating Sorry object...
[2026-01-13 06:00:22] [INFO] Sorry object created: id=7ba5124fc5c5e65372b930771e8684623cd084f448b09cac6d92c3205756cfbb
[2026-01-13 06:00:22] [INFO] Sorry location: SpherePacking/ModularForms/FG.lean:33
[2026-01-13 06:00:22] [INFO] Context before sorry (lines 28-33):
[2026-01-13 06:00:22] [INFO]   28: 
[2026-01-13 06:00:22] [INFO]   29: noncomputable def GReal (t : ℝ) : ℝ := (G.resToImagAxis t).re
[2026-01-13 06:00:22] [INFO]   30: 
[2026-01-13 06:00:22] [INFO]   31: noncomputable def FmodGReal (t : ℝ) : ℝ := (FReal t) / (GReal t)
[2026-01-13 06:00:22] [INFO]   32: 
[2026-01-13 06:00:22] [INFO]   33: theorem F_eq_FReal {t : ℝ} (ht : 0 < t) : F.resToImagAxis t = FReal t := by sorry
[2026-01-13 06:00:22] [INFO] Sorry line: theorem F_eq_FReal {t : ℝ} (ht : 0 < t) : F.resToImagAxis t = FReal t := by sorry
[2026-01-13 06:00:22] [INFO] Sorry goal: t : ℝ
ht : 0 < t
⊢ Function.resToImagAxis F t = ↑(FReal t)...
[2026-01-13 06:00:22] [INFO] ========================================
[2026-01-13 06:00:22] [INFO] Trying strategy: rfl (up to 1 attempts)
[2026-01-13 06:00:22] [INFO] --------------------
[2026-01-13 06:00:22] [INFO] Strategy rfl, attempt 1/1
[2026-01-13 06:00:22] [INFO] Starting proof generation...
[2026-01-13 06:00:22] [INFO] Repository path: /root/repo
[2026-01-13 06:00:22] [INFO] Proof generation completed
[2026-01-13 06:00:22] [INFO] Generated proof:
[2026-01-13 06:00:22] [INFO] rfl
[2026-01-13 06:00:22] [INFO] Proof length: 3 chars
[2026-01-13 06:00:22] [INFO] Starting proof verification...
[2026-01-13 06:00:22] [INFO] Verifying at: SpherePacking/ModularForms/FG.lean:33
[2026-01-13 06:00:22] [INFO] Using LEAN INTERACT verify
[2026-01-13 06:00:22] [INFO] Checking file
[2026-01-13 06:00:47] [INFO] Cannot build modified file <error line="33" column="76">
<code_line>theorem F_eq_FReal {t : ℝ} (ht : 0 < t) : F.resToImagAxis t = FReal t := by rfl</code_line>
<message>error: Tactic `rfl` failed: The left-hand side</message>
</error>
  Function.resToImagAxis F t
is not definitionally equal to the right-hand side
  ↑(FReal t)

t : ℝ
ht : 0 < t
⊢ Function.resToImagAxis F t = ↑(FReal t)
[2026-01-13 06:00:47] [INFO] Proof verification completed
[2026-01-13 06:00:47] [INFO] Strategy rfl attempt 1: verified=False
[2026-01-13 06:00:47] [INFO] Verification message: Cannot build modified file: <error line="33" column="76">
<code_line>theorem F_eq_FReal {t : ℝ} (ht : 0 < t) : F.resToImagAxis t = FReal t := by rfl</code_line>
<message>error: Tactic `rfl` failed: The left-hand side</message>
</error>
  Function.resToImagAxis F t
is not definitionally equal to the right-hand side
  ↑(FReal t)

t : ℝ
ht : 0 < t
⊢ Function.resToImagAxis F t = ↑(FReal t)

[2026-01-13 06:00:47] [INFO] Attempt 1 failed verification, continuing...
[2026-01-13 06:00:47] [INFO] ========================================
[2026-01-13 06:00:47] [INFO] Trying strategy: simp (up to 1 attempts)
[2026-01-13 06:00:47] [INFO] --------------------
[2026-01-13 06:00:47] [INFO] Strategy simp, attempt 1/1
[2026-01-13 06:00:47] [INFO] Starting proof generation...
[2026-01-13 06:00:47] [INFO] Repository path: /root/repo
[2026-01-13 06:00:47] [INFO] Proof generation completed
[2026-01-13 06:00:47] [INFO] Generated proof:
[2026-01-13 06:00:47] [INFO] simp
[2026-01-13 06:00:47] [INFO] Proof length: 4 chars
[2026-01-13 06:00:47] [INFO] Starting proof verification...
[2026-01-13 06:00:47] [INFO] Verifying at: SpherePacking/ModularForms/FG.lean:33
[2026-01-13 06:00:47] [INFO] Using LEAN INTERACT verify
[2026-01-13 06:00:47] [INFO] Checking file
[2026-01-13 06:00:56] [INFO] Cannot build modified file <error line="33" column="73">
<code_line>theorem F_eq_FReal {t : ℝ} (ht : 0 < t) : F.resToImagAxis t = FReal t := by simp</code_line>
<message>error: unsolved goals</message>
</error>
t : ℝ
ht : 0 < t
⊢ ResToImagAxis F t = ↑(FReal t)
[2026-01-13 06:00:56] [INFO] Proof verification completed
[2026-01-13 06:00:56] [INFO] Strategy simp attempt 1: verified=False
[2026-01-13 06:00:56] [INFO] Verification message: Cannot build modified file: <error line="33" column="73">
<code_line>theorem F_eq_FReal {t : ℝ} (ht : 0 < t) : F.resToImagAxis t = FReal t := by simp</code_line>
<message>error: unsolved goals</message>
</error>
t : ℝ
ht : 0 < t
⊢ ResToImagAxis F t = ↑(FReal t)

[2026-01-13 06:00:56] [INFO] Attempt 1 failed verification, continuing...
[2026-01-13 06:00:56] [INFO] ========================================
[2026-01-13 06:00:56] [INFO] Trying strategy: simp_all (up to 1 attempts)
[2026-01-13 06:00:56] [INFO] --------------------
[2026-01-13 06:00:56] [INFO] Strategy simp_all, attempt 1/1
[2026-01-13 06:00:56] [INFO] Starting proof generation...
[2026-01-13 06:00:56] [INFO] Repository path: /root/repo
[2026-01-13 06:00:56] [INFO] Proof generation completed
[2026-01-13 06:00:56] [INFO] Generated proof:
[2026-01-13 06:00:56] [INFO] simp_all
[2026-01-13 06:00:56] [INFO] Proof length: 8 chars
[2026-01-13 06:00:56] [INFO] Starting proof verification...
[2026-01-13 06:00:56] [INFO] Verifying at: SpherePacking/ModularForms/FG.lean:33
[2026-01-13 06:00:56] [INFO] Using LEAN INTERACT verify
[2026-01-13 06:00:56] [INFO] Checking file
[2026-01-13 06:01:03] [INFO] Cannot build modified file <error line="33" column="73">
<code_line>theorem F_eq_FReal {t : ℝ} (ht : 0 < t) : F.resToImagAxis t = FReal t := by simp_all</code_line>
<message>error: unsolved goals</message>
</error>
t : ℝ
ht : 0 < t
⊢ ResToImagAxis F t = ↑(FReal t)
[2026-01-13 06:01:03] [INFO] Proof verification completed
[2026-01-13 06:01:03] [INFO] Strategy simp_all attempt 1: verified=False
[2026-01-13 06:01:03] [INFO] Verification message: Cannot build modified file: <error line="33" column="73">
<code_line>theorem F_eq_FReal {t : ℝ} (ht : 0 < t) : F.resToImagAxis t = FReal t := by simp_all</code_line>
<message>error: unsolved goals</message>
</error>
t : ℝ
ht : 0 < t
⊢ ResToImagAxis F t = ↑(FReal t)

[2026-01-13 06:01:03] [INFO] Attempt 1 failed verification, continuing...
[2026-01-13 06:01:03] [INFO] ========================================
[2026-01-13 06:01:03] [INFO] Trying strategy: exact? (up to 1 attempts)
[2026-01-13 06:01:03] [INFO] --------------------
[2026-01-13 06:01:03] [INFO] Strategy exact?, attempt 1/1
[2026-01-13 06:01:03] [INFO] Starting proof generation...
[2026-01-13 06:01:03] [INFO] Repository path: /root/repo
[2026-01-13 06:01:03] [INFO] Proof generation completed
[2026-01-13 06:01:03] [INFO] Generated proof:
[2026-01-13 06:01:03] [INFO] exact?
[2026-01-13 06:01:03] [INFO] Proof length: 6 chars
[2026-01-13 06:01:03] [INFO] Starting proof verification...
[2026-01-13 06:01:03] [INFO] Verifying at: SpherePacking/ModularForms/FG.lean:33
[2026-01-13 06:01:03] [INFO] Using LEAN INTERACT verify
[2026-01-13 06:01:03] [INFO] Checking file
[2026-01-13 06:01:18] [INFO] Cannot build modified file <error line="33" column="76">
<code_line>theorem F_eq_FReal {t : ℝ} (ht : 0 < t) : F.resToImagAxis t = FReal t := by exact?</code_line>
<message>error: `exact?` could not close the goal. Try `apply?` to see partial suggestions.</message>
</error>
[2026-01-13 06:01:18] [INFO] Proof verification completed
[2026-01-13 06:01:18] [INFO] Strategy exact? attempt 1: verified=False
[2026-01-13 06:01:18] [INFO] Verification message: Cannot build modified file: <error line="33" column="76">
<code_line>theorem F_eq_FReal {t : ℝ} (ht : 0 < t) : F.resToImagAxis t = FReal t := by exact?</code_line>
<message>error: `exact?` could not close the goal. Try `apply?` to see partial suggestions.</message>
</error>

[2026-01-13 06:01:18] [INFO] Attempt 1 failed verification, continuing...
[2026-01-13 06:01:18] [INFO] ========================================
[2026-01-13 06:01:18] [INFO] Trying strategy: grind (up to 1 attempts)
[2026-01-13 06:01:18] [INFO] --------------------
[2026-01-13 06:01:18] [INFO] Strategy grind, attempt 1/1
[2026-01-13 06:01:18] [INFO] Starting proof generation...
[2026-01-13 06:01:18] [INFO] Repository path: /root/repo
[2026-01-13 06:01:18] [INFO] Proof generation completed
[2026-01-13 06:01:18] [INFO] Generated proof:
[2026-01-13 06:01:18] [INFO] grind
[2026-01-13 06:01:18] [INFO] Proof length: 5 chars
[2026-01-13 06:01:18] [INFO] Starting proof verification...
[2026-01-13 06:01:18] [INFO] Verifying at: SpherePacking/ModularForms/FG.lean:33
[2026-01-13 06:01:18] [INFO] Using LEAN INTERACT verify
[2026-01-13 06:01:18] [INFO] Checking file
[2026-01-13 06:01:27] [INFO] Cannot build modified file <error line="33" column="76">
<code_line>theorem F_eq_FReal {t : ℝ} (ht : 0 < t) : F.resToImagAxis t = FReal t := by grind</code_line>
<message>error: `grind` failed</message>
</error>
case grind
t : ℝ
ht : 0 < t
h : ¬Function.resToImagAxis F t = ↑(FReal t)
⊢ False
[grind] Goal diagnostics
  [facts] Asserted facts
    [prop] 0 < t
    [prop] ¬Function.resToImagAxis F t = ↑(FReal t)
  [eqc] True propositions
    [prop] 0 < t
  [eqc] False propositions
    [prop] Function.resToImagAxis F t = ↑(FReal t)
  [linarith] Linarith assignment for `ℝ`
    [assign] t := 1
    [assign] FReal t := 6
[2026-01-13 06:01:27] [INFO] Proof verification completed
[2026-01-13 06:01:27] [INFO] Strategy grind attempt 1: verified=False
[2026-01-13 06:01:27] [INFO] Verification message: Cannot build modified file: <error line="33" column="76">
<code_line>theorem F_eq_FReal {t : ℝ} (ht : 0 < t) : F.resToImagAxis t = FReal t := by grind</code_line>
<message>error: `grind` failed</message>
</error>
case grind
t : ℝ
ht : 0 < t
h : ¬Function.resToImagAxis F t = ↑(FReal t)
⊢ False
[grind] Goal diagnostics
  [facts] Asserted facts
    [prop] 0 < t
    [prop] ¬Function.resToImagAxis F t = ↑(FReal t)
  [eqc] True propositions
    [prop] 0 < t
  [eqc] False propositions
    [prop] Function.resToImagAxis F t = ↑(FReal t)
  [linarith] Linarith assignment for `ℝ`
    [assign] t := 1
    [assign] FReal t := 6

[2026-01-13 06:01:27] [INFO] Attempt 1 failed verification, continuing...
[2026-01-13 06:01:27] [INFO] ========================================
[2026-01-13 06:01:27] [INFO] Trying strategy: ring (up to 1 attempts)
[2026-01-13 06:01:27] [INFO] --------------------
[2026-01-13 06:01:27] [INFO] Strategy ring, attempt 1/1
[2026-01-13 06:01:27] [INFO] Starting proof generation...
[2026-01-13 06:01:27] [INFO] Repository path: /root/repo
[2026-01-13 06:01:27] [INFO] Proof generation completed
[2026-01-13 06:01:27] [INFO] Generated proof:
[2026-01-13 06:01:27] [INFO] ring
[2026-01-13 06:01:27] [INFO] Proof length: 4 chars
[2026-01-13 06:01:27] [INFO] Starting proof verification...
[2026-01-13 06:01:27] [INFO] Verifying at: SpherePacking/ModularForms/FG.lean:33
[2026-01-13 06:01:27] [INFO] Using LEAN INTERACT verify
[2026-01-13 06:01:27] [INFO] Checking file
[2026-01-13 06:01:34] [INFO] Cannot build modified file <error line="33" column="76">
<code_line>theorem F_eq_FReal {t : ℝ} (ht : 0 < t) : F.resToImagAxis t = FReal t := by ring</code_line>
<message>error: ring_nf made no progress on goal</message>
</error>
[2026-01-13 06:01:34] [INFO] Proof verification completed
[2026-01-13 06:01:34] [INFO] Strategy ring attempt 1: verified=False
[2026-01-13 06:01:34] [INFO] Verification message: Cannot build modified file: <error line="33" column="76">
<code_line>theorem F_eq_FReal {t : ℝ} (ht : 0 < t) : F.resToImagAxis t = FReal t := by ring</code_line>
<message>error: ring_nf made no progress on goal</message>
</error>

[2026-01-13 06:01:34] [INFO] Attempt 1 failed verification, continuing...
[2026-01-13 06:01:34] [INFO] ========================================
[2026-01-13 06:01:34] [INFO] Trying strategy: norm_num (up to 1 attempts)
[2026-01-13 06:01:34] [INFO] --------------------
[2026-01-13 06:01:34] [INFO] Strategy norm_num, attempt 1/1
[2026-01-13 06:01:34] [INFO] Starting proof generation...
[2026-01-13 06:01:34] [INFO] Repository path: /root/repo
[2026-01-13 06:01:34] [INFO] Proof generation completed
[2026-01-13 06:01:34] [INFO] Generated proof:
[2026-01-13 06:01:34] [INFO] norm_num
[2026-01-13 06:01:34] [INFO] Proof length: 8 chars
[2026-01-13 06:01:34] [INFO] Starting proof verification...
[2026-01-13 06:01:34] [INFO] Verifying at: SpherePacking/ModularForms/FG.lean:33
[2026-01-13 06:01:34] [INFO] Using LEAN INTERACT verify
[2026-01-13 06:01:34] [INFO] Checking file
[2026-01-13 06:01:41] [INFO] Cannot build modified file <error line="33" column="73">
<code_line>theorem F_eq_FReal {t : ℝ} (ht : 0 < t) : F.resToImagAxis t = FReal t := by norm_num</code_line>
<message>error: unsolved goals</message>
</error>
t : ℝ
ht : 0 < t
⊢ ResToImagAxis F t = ↑(FReal t)
[2026-01-13 06:01:41] [INFO] Proof verification completed
[2026-01-13 06:01:41] [INFO] Strategy norm_num attempt 1: verified=False
[2026-01-13 06:01:41] [INFO] Verification message: Cannot build modified file: <error line="33" column="73">
<code_line>theorem F_eq_FReal {t : ℝ} (ht : 0 < t) : F.resToImagAxis t = FReal t := by norm_num</code_line>
<message>error: unsolved goals</message>
</error>
t : ℝ
ht : 0 < t
⊢ ResToImagAxis F t = ↑(FReal t)

[2026-01-13 06:01:41] [INFO] Attempt 1 failed verification, continuing...
[2026-01-13 06:01:41] [INFO] ========================================
[2026-01-13 06:01:41] [INFO] Trying strategy: omega (up to 1 attempts)
[2026-01-13 06:01:41] [INFO] --------------------
[2026-01-13 06:01:41] [INFO] Strategy omega, attempt 1/1
[2026-01-13 06:01:41] [INFO] Starting proof generation...
[2026-01-13 06:01:41] [INFO] Repository path: /root/repo
[2026-01-13 06:01:41] [INFO] Proof generation completed
[2026-01-13 06:01:41] [INFO] Generated proof:
[2026-01-13 06:01:41] [INFO] omega
[2026-01-13 06:01:41] [INFO] Proof length: 5 chars
[2026-01-13 06:01:41] [INFO] Starting proof verification...
[2026-01-13 06:01:41] [INFO] Verifying at: SpherePacking/ModularForms/FG.lean:33
[2026-01-13 06:01:41] [INFO] Using LEAN INTERACT verify
[2026-01-13 06:01:41] [INFO] Checking file
[2026-01-13 06:01:47] [INFO] Cannot build modified file <error line="33" column="76">
<code_line>theorem F_eq_FReal {t : ℝ} (ht : 0 < t) : F.resToImagAxis t = FReal t := by omega</code_line>
<message>error: omega could not prove the goal:</message>
</error>
No usable constraints found. You may need to unfold definitions so `omega` can see linear arithmetic facts about `Nat` and `Int`, which may also involve multiplication, division, and modular remainder by constants.
[2026-01-13 06:01:47] [INFO] Proof verification completed
[2026-01-13 06:01:47] [INFO] Strategy omega attempt 1: verified=False
[2026-01-13 06:01:47] [INFO] Verification message: Cannot build modified file: <error line="33" column="76">
<code_line>theorem F_eq_FReal {t : ℝ} (ht : 0 < t) : F.resToImagAxis t = FReal t := by omega</code_line>
<message>error: omega could not prove the goal:</message>
</error>
No usable constraints found. You may need to unfold definitions so `omega` can see linear arithmetic facts about `Nat` and `Int`, which may also involve multiplication, division, and modular remainder by constants.

[2026-01-13 06:01:47] [INFO] Attempt 1 failed verification, continuing...
[2026-01-13 06:01:47] [INFO] ========================================
[2026-01-13 06:01:47] [INFO] Trying strategy: linarith (up to 1 attempts)
[2026-01-13 06:01:47] [INFO] --------------------
[2026-01-13 06:01:47] [INFO] Strategy linarith, attempt 1/1
[2026-01-13 06:01:47] [INFO] Starting proof generation...
[2026-01-13 06:01:47] [INFO] Repository path: /root/repo
[2026-01-13 06:01:47] [INFO] Proof generation completed
[2026-01-13 06:01:47] [INFO] Generated proof:
[2026-01-13 06:01:47] [INFO] linarith
[2026-01-13 06:01:47] [INFO] Proof length: 8 chars
[2026-01-13 06:01:47] [INFO] Starting proof verification...
[2026-01-13 06:01:47] [INFO] Verifying at: SpherePacking/ModularForms/FG.lean:33
[2026-01-13 06:01:47] [INFO] Using LEAN INTERACT verify
[2026-01-13 06:01:47] [INFO] Checking file
[2026-01-13 06:01:54] [INFO] Cannot build modified file <error line="33" column="76">
<code_line>theorem F_eq_FReal {t : ℝ} (ht : 0 < t) : F.resToImagAxis t = FReal t := by linarith</code_line>
<message>error: linarith failed to find a contradiction</message>
</error>
t : ℝ
ht : 0 < t
⊢ False
failed
[2026-01-13 06:01:54] [INFO] Proof verification completed
[2026-01-13 06:01:54] [INFO] Strategy linarith attempt 1: verified=False
[2026-01-13 06:01:54] [INFO] Verification message: Cannot build modified file: <error line="33" column="76">
<code_line>theorem F_eq_FReal {t : ℝ} (ht : 0 < t) : F.resToImagAxis t = FReal t := by linarith</code_line>
<message>error: linarith failed to find a contradiction</message>
</error>
t : ℝ
ht : 0 < t
⊢ False
failed

[2026-01-13 06:01:54] [INFO] Attempt 1 failed verification, continuing...
[2026-01-13 06:01:54] [INFO] ========================================
[2026-01-13 06:01:54] [INFO] Trying strategy: nlinarith (up to 1 attempts)
[2026-01-13 06:01:54] [INFO] --------------------
[2026-01-13 06:01:54] [INFO] Strategy nlinarith, attempt 1/1
[2026-01-13 06:01:54] [INFO] Starting proof generation...
[2026-01-13 06:01:54] [INFO] Repository path: /root/repo
[2026-01-13 06:01:54] [INFO] Proof generation completed
[2026-01-13 06:01:54] [INFO] Generated proof:
[2026-01-13 06:01:54] [INFO] nlinarith
[2026-01-13 06:01:54] [INFO] Proof length: 9 chars
[2026-01-13 06:01:54] [INFO] Starting proof verification...
[2026-01-13 06:01:54] [INFO] Verifying at: SpherePacking/ModularForms/FG.lean:33
[2026-01-13 06:01:54] [INFO] Using LEAN INTERACT verify
[2026-01-13 06:01:54] [INFO] Checking file
[2026-01-13 06:02:01] [INFO] Cannot build modified file <error line="33" column="76">
<code_line>theorem F_eq_FReal {t : ℝ} (ht : 0 < t) : F.resToImagAxis t = FReal t := by nlinarith</code_line>
<message>error: linarith failed to find a contradiction</message>
</error>
t : ℝ
ht : 0 < t
⊢ False
failed
[2026-01-13 06:02:01] [INFO] Proof verification completed
[2026-01-13 06:02:01] [INFO] Strategy nlinarith attempt 1: verified=False
[2026-01-13 06:02:01] [INFO] Verification message: Cannot build modified file: <error line="33" column="76">
<code_line>theorem F_eq_FReal {t : ℝ} (ht : 0 < t) : F.resToImagAxis t = FReal t := by nlinarith</code_line>
<message>error: linarith failed to find a contradiction</message>
</error>
t : ℝ
ht : 0 < t
⊢ False
failed

[2026-01-13 06:02:01] [INFO] Attempt 1 failed verification, continuing...
[2026-01-13 06:02:01] [INFO] ========================================
[2026-01-13 06:02:01] [INFO] Trying strategy: aesop (up to 1 attempts)
[2026-01-13 06:02:01] [INFO] --------------------
[2026-01-13 06:02:01] [INFO] Strategy aesop, attempt 1/1
[2026-01-13 06:02:01] [INFO] Starting proof generation...
[2026-01-13 06:02:01] [INFO] Repository path: /root/repo
[2026-01-13 06:02:01] [INFO] Proof generation completed
[2026-01-13 06:02:01] [INFO] Generated proof:
[2026-01-13 06:02:01] [INFO] aesop
[2026-01-13 06:02:01] [INFO] Proof length: 5 chars
[2026-01-13 06:02:01] [INFO] Starting proof verification...
[2026-01-13 06:02:01] [INFO] Verifying at: SpherePacking/ModularForms/FG.lean:33
[2026-01-13 06:02:01] [INFO] Using LEAN INTERACT verify
[2026-01-13 06:02:01] [INFO] Checking file
[2026-01-13 06:02:07] [INFO] Cannot build modified file <error line="33" column="73">
<code_line>theorem F_eq_FReal {t : ℝ} (ht : 0 < t) : F.resToImagAxis t = FReal t := by aesop</code_line>
<message>error: unsolved goals</message>
</error>
t : ℝ
ht : 0 < t
⊢ ResToImagAxis F t = ↑(FReal t)
[2026-01-13 06:02:07] [INFO] Proof verification completed
[2026-01-13 06:02:07] [INFO] Strategy aesop attempt 1: verified=False
[2026-01-13 06:02:07] [INFO] Verification message: Cannot build modified file: <error line="33" column="73">
<code_line>theorem F_eq_FReal {t : ℝ} (ht : 0 < t) : F.resToImagAxis t = FReal t := by aesop</code_line>
<message>error: unsolved goals</message>
</error>
t : ℝ
ht : 0 < t
⊢ ResToImagAxis F t = ↑(FReal t)

[2026-01-13 06:02:07] [INFO] Attempt 1 failed verification, continuing...
[2026-01-13 06:02:07] [INFO] ========================================
[2026-01-13 06:02:07] [INFO] Pass@k completed. Total results: 1
[2026-01-13 06:02:07] [INFO] FAILED: All 11 strategies x 1 attempts
[2026-01-13 06:02:07] [INFO] Writing results to file: /root/repo/result.json
[2026-01-13 06:02:07] [INFO] Result file written successfully
[2026-01-13 06:02:07] [INFO] Results exported to: /root/repo/result.json
[2026-01-13 06:02:07] [INFO] run_morphcloud_local.py completed successfully

[2026-01-13 06:02:08] [process_single_sorry] Downloading result file...
[2026-01-13 06:02:12] [process_single_sorry] Downloaded result to intermediate_experiment_outputs_full_reservoir_3_months/multi_tactic/2026-01-13_01-27-45_multi_tactic/individual/7ba5124fc5c5e65372b930771e8684623cd084f448b09cac6d92c3205756cfbb.json
[2026-01-13 06:02:14] [process_single_sorry] Instance context closed successfully
[2026-01-13 06:02:14] [process_single_sorry] Parsing result file...
[2026-01-13 06:02:14] [process_single_sorry] Successfully parsed result (list format, 1 results)
