[2026-01-13 03:51:38] [process_single_sorry] Starting for sorry 7fd4b46b7705e9ed0ec25feffd60192e09586f4a277a70667e8342c7d049951d
[2026-01-13 03:51:38] [process_single_sorry] Using snapshot: snapshot_pz9orzu8
[2026-01-13 03:51:38] [process_single_sorry] Repository: https://github.com/yangky11/miniF2F-lean4@edd17c9b99619066db24769d91b56672f338e9c9
[2026-01-13 03:51:38] [process_single_sorry] Instance name: miniF2F-lean4_edd17c9b9961_multi_tactic_7fd4b46b7705e9ed0ec25feffd60192e09586f4a277a70667e8342c7d049951d
[2026-01-13 03:51:38] [process_single_sorry] Starting attempt 1/3
[2026-01-13 03:51:38] [process_single_sorry] Starting instance from snapshot...
[2026-01-13 03:51:38] [process_single_sorry] Instance started successfully: morphvm_lkuxgmwb
[2026-01-13 03:51:38] [process_single_sorry] Creating .env file...
[2026-01-13 03:51:43] [process_single_sorry] .env file created (exit_code: 0)
[2026-01-13 03:51:43] [process_single_sorry] Executing agent command...
[2026-01-13 03:55:11] [process_single_sorry] Agent command completed (exit_code: 0)
[2026-01-13 03:55:11] [process_single_sorry] STDOUT:

Results JSON:
[
  {
    "sorry": {
      "repo": {
        "remote": "https://github.com/yangky11/miniF2F-lean4",
        "branch": "separate-files",
        "commit": "edd17c9b99619066db24769d91b56672f338e9c9",
        "lean_version": "v4.24.0"
      },
      "location": {
        "path": "MiniF2F/Valid/mathd_numbertheory_126.lean",
        "start_line": 9,
        "start_column": 98,
        "end_line": 9,
        "end_column": 103
      },
      "debug_info": {
        "goal": "x a : ℕ\nh₀ : 0 < x ∧ 0 < a\nh₁ : a.gcd 40 = x + 3\nh₂ : a.lcm 40 = x * (x + 3)\nh₃ : ∀ (b : ℕ), 0 < b → b.gcd 40 = x + 3 ∧ b.lcm 40 = x * (x + 3) → a ≤ b\n⊢ a = 8",
        "url": "https://github.com/yangky11/miniF2F-lean4/blob/edd17c9b99619066db24769d91b56672f338e9c9/MiniF2F/Valid/mathd_numbertheory_126.lean#L9"
      },
      "metadata": {
        "blame_email_hash": "dd1b74f40c05",
        "blame_date": "2025-11-07T10:11:59-05:00",
        "inclusion_date": "2026-01-11T07:27:16.069220+00:00"
      },
      "id": "7fd4b46b7705e9ed0ec25feffd60192e09586f4a277a70667e8342c7d049951d"
    },
    "proof": null,
    "proof_verified": false,
    "feedback": null,
    "verification_message": "All 11 attempts failed (11 strategies x 1 attempts each)",
    "success": true,
    "error_type": null,
    "error_message": null,
    "strategy_name": "all_failed_k=1",
    "proof_attempts": [
      "rfl",
      "simp",
      "simp_all",
      "exact?",
      "grind",
      "ring",
      "norm_num",
      "omega",
      "linarith",
      "nlinarith",
      "aesop"
    ]
  }
]

[2026-01-13 03:55:11] [process_single_sorry] STDERR:
None of PyTorch, TensorFlow >= 2.0, or Flax have been found. Models won't be available and only tokenizers, configuration and file/data utilities can be used.
[2026-01-13 03:52:10] [INFO] ================================================================================
[2026-01-13 03:52:10] [INFO] Starting run_morphcloud_local.py
[2026-01-13 03:52:10] [INFO] ================================================================================
[2026-01-13 03:52:10] [INFO] Environment loaded
[2026-01-13 03:52:10] [INFO] Full command: /root/SorryDB/sorrydb/cli/run_morphcloud_local.py --repo-path /root/repo --sorry-json {"repo": {"remote": "https://github.com/yangky11/miniF2F-lean4", "branch": "separate-files", "commit": "edd17c9b99619066db24769d91b56672f338e9c9", "lean_version": "v4.24.0"}, "location": {"path": "MiniF2F/Valid/mathd_numbertheory_126.lean", "start_line": 9, "start_column": 98, "end_line": 9, "end_column": 103}, "debug_info": {"goal": "x a : \u2115\nh\u2080 : 0 < x \u2227 0 < a\nh\u2081 : a.gcd 40 = x + 3\nh\u2082 : a.lcm 40 = x * (x + 3)\nh\u2083 : \u2200 (b : \u2115), 0 < b \u2192 b.gcd 40 = x + 3 \u2227 b.lcm 40 = x * (x + 3) \u2192 a \u2264 b\n\u22a2 a = 8", "url": "https://github.com/yangky11/miniF2F-lean4/blob/edd17c9b99619066db24769d91b56672f338e9c9/MiniF2F/Valid/mathd_numbertheory_126.lean#L9"}, "metadata": {"blame_email_hash": "dd1b74f40c05", "blame_date": "2025-11-07T10:11:59-05:00", "inclusion_date": "2026-01-11T07:27:16.069220+00:00"}, "id": "7fd4b46b7705e9ed0ec25feffd60192e09586f4a277a70667e8342c7d049951d"} --agent-strategy {"name": "multi_tactic", "args": {}}
[2026-01-13 03:52:10] [INFO] Arguments parsed: repo_path=/root/repo, output_path=/root/repo/result.json
[2026-01-13 03:52:10] [INFO] Strategy spec: {"name": "multi_tactic", "args": {}}...
[2026-01-13 03:52:10] [INFO] Loading sorry data...
[2026-01-13 03:52:10] [INFO] Parsing sorry from JSON string...
[2026-01-13 03:52:10] [INFO] Sorry data parsed from JSON string
[2026-01-13 03:52:10] [INFO] Creating strategy from spec...
[2026-01-13 03:52:10] [INFO] Parsing strategy spec (length: 36 chars)
[2026-01-13 03:52:10] [INFO] Strategy name: multi_tactic
[2026-01-13 03:52:10] [INFO] Strategy args: {}
[2026-01-13 03:52:10] [INFO] Pass@k value: 1
[2026-01-13 03:52:10] [INFO] Creating strategy: multi_tactic
[2026-01-13 03:52:10] [INFO] Creating multi_tactic strategy with tactics: ['rfl', 'simp', 'simp_all', 'exact?', 'grind', 'ring', 'norm_num', 'omega', 'linarith', 'nlinarith', 'aesop']
[2026-01-13 03:52:10] [INFO] Strategies created: ['rfl', 'simp', 'simp_all', 'exact?', 'grind', 'ring', 'norm_num', 'omega', 'linarith', 'nlinarith', 'aesop']
[2026-01-13 03:52:10] [INFO] Pass@k value: 1
[2026-01-13 03:52:10] [INFO] Creating Sorry object...
[2026-01-13 03:52:10] [INFO] Sorry object created: id=7fd4b46b7705e9ed0ec25feffd60192e09586f4a277a70667e8342c7d049951d
[2026-01-13 03:52:10] [INFO] Sorry location: MiniF2F/Valid/mathd_numbertheory_126.lean:9
[2026-01-13 03:52:10] [INFO] Context before sorry (lines 4-9):
[2026-01-13 03:52:10] [INFO]   4: 
[2026-01-13 03:52:10] [INFO]   5: open BigOperators Real Nat Topology Rat
[2026-01-13 03:52:10] [INFO]   6: 
[2026-01-13 03:52:10] [INFO]   7: theorem mathd_numbertheory_126 (x a : ℕ) (h₀ : 0 < x ∧ 0 < a) (h₁ : Nat.gcd a 40 = x + 3)
[2026-01-13 03:52:10] [INFO]   8:   (h₂ : Nat.lcm a 40 = x * (x + 3))
[2026-01-13 03:52:10] [INFO]   9:   (h₃ : ∀ b : ℕ, 0 < b → Nat.gcd b 40 = x + 3 ∧ Nat.lcm b 40 = x * (x + 3) → a ≤ b) : a = 8 := by sorry
[2026-01-13 03:52:10] [INFO] Sorry line:   (h₃ : ∀ b : ℕ, 0 < b → Nat.gcd b 40 = x + 3 ∧ Nat.lcm b 40 = x * (x + 3) → a ≤ b) : a = 8 := by sorry
[2026-01-13 03:52:10] [INFO] Sorry goal: x a : ℕ
h₀ : 0 < x ∧ 0 < a
h₁ : a.gcd 40 = x + 3
h₂ : a.lcm 40 = x * (x + 3)
h₃ : ∀ (b : ℕ), 0 < b →...
[2026-01-13 03:52:10] [INFO] ========================================
[2026-01-13 03:52:10] [INFO] Trying strategy: rfl (up to 1 attempts)
[2026-01-13 03:52:10] [INFO] --------------------
[2026-01-13 03:52:10] [INFO] Strategy rfl, attempt 1/1
[2026-01-13 03:52:10] [INFO] Starting proof generation...
[2026-01-13 03:52:10] [INFO] Repository path: /root/repo
[2026-01-13 03:52:10] [INFO] Proof generation completed
[2026-01-13 03:52:10] [INFO] Generated proof:
[2026-01-13 03:52:10] [INFO] rfl
[2026-01-13 03:52:10] [INFO] Proof length: 3 chars
[2026-01-13 03:52:10] [INFO] Starting proof verification...
[2026-01-13 03:52:10] [INFO] Verifying at: MiniF2F/Valid/mathd_numbertheory_126.lean:9
[2026-01-13 03:52:10] [INFO] Using LEAN INTERACT verify
[2026-01-13 03:52:10] [INFO] Checking file
[2026-01-13 03:52:59] [INFO] Cannot build modified file <error line="9" column="98">
<code_line>  (h₃ : ∀ b : ℕ, 0 < b → Nat.gcd b 40 = x + 3 ∧ Nat.lcm b 40 = x * (x + 3) → a ≤ b) : a = 8 := by rfl</code_line>
<message>error: Tactic `rfl` failed: The left-hand side</message>
</error>
  a
is not definitionally equal to the right-hand side
  8

x a : ℕ
h₀ : 0 < x ∧ 0 < a
h₁ : a.gcd 40 = x + 3
h₂ : a.lcm 40 = x * (x + 3)
h₃ : ∀ (b : ℕ), 0 < b → b.gcd 40 = x + 3 ∧ b.lcm 40 = x * (x + 3) → a ≤ b
⊢ a = 8
[2026-01-13 03:52:59] [INFO] Proof verification completed
[2026-01-13 03:52:59] [INFO] Strategy rfl attempt 1: verified=False
[2026-01-13 03:52:59] [INFO] Verification message: Cannot build modified file: <error line="9" column="98">
<code_line>  (h₃ : ∀ b : ℕ, 0 < b → Nat.gcd b 40 = x + 3 ∧ Nat.lcm b 40 = x * (x + 3) → a ≤ b) : a = 8 := by rfl</code_line>
<message>error: Tactic `rfl` failed: The left-hand side</message>
</error>
  a
is not definitionally equal to the right-hand side
  8

x a : ℕ
h₀ : 0 < x ∧ 0 < a
h₁ : a.gcd 40 = x + 3
h₂ : a.lcm 40 = x * (x + 3)
h₃ : ∀ (b : ℕ), 0 < b → b.gcd 40 = x + 3 ∧ b.lcm 40 = x * (x + 3) → a ≤ b
⊢ a = 8

[2026-01-13 03:52:59] [INFO] Attempt 1 failed verification, continuing...
[2026-01-13 03:52:59] [INFO] ========================================
[2026-01-13 03:52:59] [INFO] Trying strategy: simp (up to 1 attempts)
[2026-01-13 03:52:59] [INFO] --------------------
[2026-01-13 03:52:59] [INFO] Strategy simp, attempt 1/1
[2026-01-13 03:52:59] [INFO] Starting proof generation...
[2026-01-13 03:52:59] [INFO] Repository path: /root/repo
[2026-01-13 03:52:59] [INFO] Proof generation completed
[2026-01-13 03:52:59] [INFO] Generated proof:
[2026-01-13 03:52:59] [INFO] simp
[2026-01-13 03:52:59] [INFO] Proof length: 4 chars
[2026-01-13 03:52:59] [INFO] Starting proof verification...
[2026-01-13 03:52:59] [INFO] Verifying at: MiniF2F/Valid/mathd_numbertheory_126.lean:9
[2026-01-13 03:52:59] [INFO] Using LEAN INTERACT verify
[2026-01-13 03:52:59] [INFO] Checking file
[2026-01-13 03:53:05] [INFO] Cannot build modified file <error line="9" column="98">
<code_line>  (h₃ : ∀ b : ℕ, 0 < b → Nat.gcd b 40 = x + 3 ∧ Nat.lcm b 40 = x * (x + 3) → a ≤ b) : a = 8 := by simp</code_line>
<message>error: `simp` made no progress</message>
</error>
[2026-01-13 03:53:05] [INFO] Proof verification completed
[2026-01-13 03:53:05] [INFO] Strategy simp attempt 1: verified=False
[2026-01-13 03:53:05] [INFO] Verification message: Cannot build modified file: <error line="9" column="98">
<code_line>  (h₃ : ∀ b : ℕ, 0 < b → Nat.gcd b 40 = x + 3 ∧ Nat.lcm b 40 = x * (x + 3) → a ≤ b) : a = 8 := by simp</code_line>
<message>error: `simp` made no progress</message>
</error>

[2026-01-13 03:53:05] [INFO] Attempt 1 failed verification, continuing...
[2026-01-13 03:53:05] [INFO] ========================================
[2026-01-13 03:53:05] [INFO] Trying strategy: simp_all (up to 1 attempts)
[2026-01-13 03:53:05] [INFO] --------------------
[2026-01-13 03:53:05] [INFO] Strategy simp_all, attempt 1/1
[2026-01-13 03:53:05] [INFO] Starting proof generation...
[2026-01-13 03:53:05] [INFO] Repository path: /root/repo
[2026-01-13 03:53:05] [INFO] Proof generation completed
[2026-01-13 03:53:05] [INFO] Generated proof:
[2026-01-13 03:53:05] [INFO] simp_all
[2026-01-13 03:53:05] [INFO] Proof length: 8 chars
[2026-01-13 03:53:05] [INFO] Starting proof verification...
[2026-01-13 03:53:05] [INFO] Verifying at: MiniF2F/Valid/mathd_numbertheory_126.lean:9
[2026-01-13 03:53:05] [INFO] Using LEAN INTERACT verify
[2026-01-13 03:53:05] [INFO] Checking file
[2026-01-13 03:53:12] [INFO] Cannot build modified file <error line="9" column="95">
<code_line>  (h₃ : ∀ b : ℕ, 0 < b → Nat.gcd b 40 = x + 3 ∧ Nat.lcm b 40 = x * (x + 3) → a ≤ b) : a = 8 := by simp_all</code_line>
<message>error: unsolved goals</message>
</error>
x a : ℕ
h₀ : 0 < x ∧ 0 < a
h₁ : a.gcd 40 = x + 3
h₂ : a.lcm 40 = x * (x + 3)
h₃ : ∀ (b : ℕ), 0 < b → b.gcd 40 = x + 3 → b.lcm 40 = x * (x + 3) → a ≤ b
⊢ a = 8
[2026-01-13 03:53:12] [INFO] Proof verification completed
[2026-01-13 03:53:12] [INFO] Strategy simp_all attempt 1: verified=False
[2026-01-13 03:53:12] [INFO] Verification message: Cannot build modified file: <error line="9" column="95">
<code_line>  (h₃ : ∀ b : ℕ, 0 < b → Nat.gcd b 40 = x + 3 ∧ Nat.lcm b 40 = x * (x + 3) → a ≤ b) : a = 8 := by simp_all</code_line>
<message>error: unsolved goals</message>
</error>
x a : ℕ
h₀ : 0 < x ∧ 0 < a
h₁ : a.gcd 40 = x + 3
h₂ : a.lcm 40 = x * (x + 3)
h₃ : ∀ (b : ℕ), 0 < b → b.gcd 40 = x + 3 → b.lcm 40 = x * (x + 3) → a ≤ b
⊢ a = 8

[2026-01-13 03:53:12] [INFO] Attempt 1 failed verification, continuing...
[2026-01-13 03:53:12] [INFO] ========================================
[2026-01-13 03:53:12] [INFO] Trying strategy: exact? (up to 1 attempts)
[2026-01-13 03:53:12] [INFO] --------------------
[2026-01-13 03:53:12] [INFO] Strategy exact?, attempt 1/1
[2026-01-13 03:53:12] [INFO] Starting proof generation...
[2026-01-13 03:53:12] [INFO] Repository path: /root/repo
[2026-01-13 03:53:12] [INFO] Proof generation completed
[2026-01-13 03:53:12] [INFO] Generated proof:
[2026-01-13 03:53:12] [INFO] exact?
[2026-01-13 03:53:12] [INFO] Proof length: 6 chars
[2026-01-13 03:53:12] [INFO] Starting proof verification...
[2026-01-13 03:53:12] [INFO] Verifying at: MiniF2F/Valid/mathd_numbertheory_126.lean:9
[2026-01-13 03:53:12] [INFO] Using LEAN INTERACT verify
[2026-01-13 03:53:12] [INFO] Checking file
[2026-01-13 03:54:20] [INFO] Cannot build modified file <error line="9" column="98">
<code_line>  (h₃ : ∀ b : ℕ, 0 < b → Nat.gcd b 40 = x + 3 ∧ Nat.lcm b 40 = x * (x + 3) → a ≤ b) : a = 8 := by exact?</code_line>
<message>error: `exact?` could not close the goal. Try `apply?` to see partial suggestions.</message>
</error>
[2026-01-13 03:54:20] [INFO] Proof verification completed
[2026-01-13 03:54:20] [INFO] Strategy exact? attempt 1: verified=False
[2026-01-13 03:54:20] [INFO] Verification message: Cannot build modified file: <error line="9" column="98">
<code_line>  (h₃ : ∀ b : ℕ, 0 < b → Nat.gcd b 40 = x + 3 ∧ Nat.lcm b 40 = x * (x + 3) → a ≤ b) : a = 8 := by exact?</code_line>
<message>error: `exact?` could not close the goal. Try `apply?` to see partial suggestions.</message>
</error>

[2026-01-13 03:54:20] [INFO] Attempt 1 failed verification, continuing...
[2026-01-13 03:54:20] [INFO] ========================================
[2026-01-13 03:54:20] [INFO] Trying strategy: grind (up to 1 attempts)
[2026-01-13 03:54:20] [INFO] --------------------
[2026-01-13 03:54:20] [INFO] Strategy grind, attempt 1/1
[2026-01-13 03:54:20] [INFO] Starting proof generation...
[2026-01-13 03:54:20] [INFO] Repository path: /root/repo
[2026-01-13 03:54:20] [INFO] Proof generation completed
[2026-01-13 03:54:20] [INFO] Generated proof:
[2026-01-13 03:54:20] [INFO] grind
[2026-01-13 03:54:20] [INFO] Proof length: 5 chars
[2026-01-13 03:54:20] [INFO] Starting proof verification...
[2026-01-13 03:54:20] [INFO] Verifying at: MiniF2F/Valid/mathd_numbertheory_126.lean:9
[2026-01-13 03:54:20] [INFO] Using LEAN INTERACT verify
[2026-01-13 03:54:20] [INFO] Checking file
[2026-01-13 03:54:31] [INFO] Cannot build modified file <error line="9" column="98">
<code_line>  (h₃ : ∀ b : ℕ, 0 < b → Nat.gcd b 40 = x + 3 ∧ Nat.lcm b 40 = x * (x + 3) → a ≤ b) : a = 8 := by grind</code_line>
<message>error: `grind` failed</message>
</error>
case grind.1
x a : ℕ
left : 1 ≤ x
right : 1 ≤ a
h₁ : a.gcd 40 = x + 3
h₂ : a.lcm 40 = x * (x + 3)
h₃ : ∀ (b : ℕ), 1 ≤ b → b.gcd 40 = x + 3 ∧ b.lcm 40 = x * (x + 3) → a ≤ b
h : ¬a = 8
h_1 : x = a
⊢ False
[grind] Goal diagnostics
  [facts] Asserted facts
    [prop] 1 ≤ x
    [prop] 1 ≤ a
    [prop] a.gcd 40 = x + 3
    [prop] a.lcm 40 = x * (x + 3)
    [prop] ∀ (b : ℕ), 1 ≤ b → b.gcd 40 = x + 3 ∧ b.lcm 40 = x * (x + 3) → a ≤ b
    [prop] ¬a = 8
    [prop] 1 ≤ x → x.gcd 40 = x + 3 ∧ x.lcm 40 = x * (x + 3) → a ≤ x
    [prop] x = a
  [eqc] True propositions
    [prop] 1 ≤ x
    [prop] 1 ≤ a
    [prop] ∀ (b : ℕ), 1 ≤ b → b.gcd 40 = x + 3 ∧ b.lcm 40 = x * (x + 3) → a ≤ b
    [prop] x.gcd 40 = x + 3 ∧ x.lcm 40 = x * (x + 3)
    [prop] x = a
    [prop] x.gcd 40 = x + 3
    [prop] x.lcm 40 = x * (x + 3)
    [prop] a ≤ x
    [prop] x.gcd 40 = x + 3 ∧ x.lcm 40 = x * (x + 3) → a ≤ x
    [prop] 1 ≤ x → x.gcd 40 = x + 3 ∧ x.lcm 40 = x * (x + 3) → a ≤ x
  [eqc] False propositions
    [prop] a = 8
  [eqc] Equivalence classes
    [eqc] {x, a}
    [eqc] {a.gcd 40, x + 3, x.gcd 40}
    [eqc] {a.lcm 40, x * (x + 3), x.lcm 40}
    [eqc] {↑x, ↑a}
  [cases] Case analyses
    [cases] [1/2]: x = a
      [cases] source: Model-based theory combination at argument #0 of
            x.lcm 40
          and
            a.lcm 40
  [ematch] E-matching patterns
    [thm] h₃: [@LE.le `[ℕ] `[instLENat] `[1] #2]
    [thm] h₃: [Nat.gcd #2 `[40]]
    [thm] h₃: [Nat.lcm #2 `[40]]
    [thm] h₃: [@LE.le `[ℕ] `[instLENat] `[a] #2]
  [cutsat] Assignment satisfying linear constraints
    [assign] x := 1
    [assign] a := 1
    [assign] a.gcd 40 := 4
    [assign] a.lcm 40 := 3
    [assign] 「↑x ^ 2」 := 0
    [assign] x.gcd 40 := 4
    [assign] x.lcm 40 := 3
  [ring] Ring `Lean.Grind.Ring.OfSemiring.Q ℕ`
    [diseqs] Disequalities
      [_] ¬↑x + -8 = 0
  [assoc] Operators
    [assoc] Operator `Nat.gcd`
      [basis] Basis
        [_] x = a
      [properties] Properties
        [_] commutative
        [_] idempotent
        [_] identity: `0`
    [assoc] Operator `Nat.lcm`
      [basis] Basis
        [_] x = a
      [properties] Properties
        [_] commutative
        [_] idempotent
        [_] identity: `1`
[2026-01-13 03:54:31] [INFO] Proof verification completed
[2026-01-13 03:54:31] [INFO] Strategy grind attempt 1: verified=False
[2026-01-13 03:54:31] [INFO] Verification message: Cannot build modified file: <error line="9" column="98">
<code_line>  (h₃ : ∀ b : ℕ, 0 < b → Nat.gcd b 40 = x + 3 ∧ Nat.lcm b 40 = x * (x + 3) → a ≤ b) : a = 8 := by grind</code_line>
<message>error: `grind` failed</message>
</error>
case grind.1
x a : ℕ
left : 1 ≤ x
right : 1 ≤ a
h₁ : a.gcd 40 = x + 3
h₂ : a.lcm 40 = x * (x + 3)
h₃ : ∀ (b : ℕ), 1 ≤ b → b.gcd 40 = x + 3 ∧ b.lcm 40 = x * (x + 3) → a ≤ b
h : ¬a = 8
h_1 : x = a
⊢ False
[grind] Goal diagnostics
  [facts] Asserted facts
    [prop] 1 ≤ x
    [prop] 1 ≤ a
    [prop] a.gcd 40 = x + 3
    [prop] a.lcm 40 = x * (x + 3)
    [prop] ∀ (b : ℕ), 1 ≤ b → b.gcd 40 = x + 3 ∧ b.lcm 40 = x * (x + 3) → a ≤ b
    [prop] ¬a = 8
    [prop] 1 ≤ x → x.gcd 40 = x + 3 ∧ x.lcm 40 = x * (x + 3) → a ≤ x
    [prop] x = a
  [eqc] True propositions
    [prop] 1 ≤ x
    [prop] 1 ≤ a
    [prop] ∀ (b : ℕ), 1 ≤ b → b.gcd 40 = x + 3 ∧ b.lcm 40 = x * (x + 3) → a ≤ b
    [prop] x.gcd 40 = x + 3 ∧ x.lcm 40 = x * (x + 3)
    [prop] x = a
    [prop] x.gcd 40 = x + 3
    [prop] x.lcm 40 = x * (x + 3)
    [prop] a ≤ x
    [prop] x.gcd 40 = x + 3 ∧ x.lcm 40 = x * (x + 3) → a ≤ x
    [prop] 1 ≤ x → x.gcd 40 = x + 3 ∧ x.lcm 40 = x * (x + 3) → a ≤ x
  [eqc] False propositions
    [prop] a = 8
  [eqc] Equivalence classes
    [eqc] {x, a}
    [eqc] {a.gcd 40, x + 3, x.gcd 40}
    [eqc] {a.lcm 40, x * (x + 3), x.lcm 40}
    [eqc] {↑x, ↑a}
  [cases] Case analyses
    [cases] [1/2]: x = a
      [cases] source: Model-based theory combination at argument #0 of
            x.lcm 40
          and
            a.lcm 40
  [ematch] E-matching patterns
    [thm] h₃: [@LE.le `[ℕ] `[instLENat] `[1] #2]
    [thm] h₃: [Nat.gcd #2 `[40]]
    [thm] h₃: [Nat.lcm #2 `[40]]
    [thm] h₃: [@LE.le `[ℕ] `[instLENat] `[a] #2]
  [cutsat] Assignment satisfying linear constraints
    [assign] x := 1
    [assign] a := 1
    [assign] a.gcd 40 := 4
    [assign] a.lcm 40 := 3
    [assign] 「↑x ^ 2」 := 0
    [assign] x.gcd 40 := 4
    [assign] x.lcm 40 := 3
  [ring] Ring `Lean.Grind.Ring.OfSemiring.Q ℕ`
    [diseqs] Disequalities
      [_] ¬↑x + -8 = 0
  [assoc] Operators
    [assoc] Operator `Nat.gcd`
      [basis] Basis
        [_] x = a
      [properties] Properties
        [_] commutative
        [_] idempotent
        [_] identity: `0`
    [assoc] Operator `Nat.lcm`
      [basis] Basis
        [_] x = a
      [properties] Properties
        [_] commutative
        [_] idempotent
        [_] identity: `1`

[2026-01-13 03:54:31] [INFO] Attempt 1 failed verification, continuing...
[2026-01-13 03:54:31] [INFO] ========================================
[2026-01-13 03:54:31] [INFO] Trying strategy: ring (up to 1 attempts)
[2026-01-13 03:54:31] [INFO] --------------------
[2026-01-13 03:54:31] [INFO] Strategy ring, attempt 1/1
[2026-01-13 03:54:31] [INFO] Starting proof generation...
[2026-01-13 03:54:31] [INFO] Repository path: /root/repo
[2026-01-13 03:54:31] [INFO] Proof generation completed
[2026-01-13 03:54:31] [INFO] Generated proof:
[2026-01-13 03:54:31] [INFO] ring
[2026-01-13 03:54:31] [INFO] Proof length: 4 chars
[2026-01-13 03:54:31] [INFO] Starting proof verification...
[2026-01-13 03:54:31] [INFO] Verifying at: MiniF2F/Valid/mathd_numbertheory_126.lean:9
[2026-01-13 03:54:31] [INFO] Using LEAN INTERACT verify
[2026-01-13 03:54:31] [INFO] Checking file
[2026-01-13 03:54:37] [INFO] Cannot build modified file Try this:
  ring_nf
  
  The `ring` tactic failed to close the goal. Use `ring_nf` to obtain a normal form.
    
  Note that `ring` works primarily in *commutative* rings. If you have a noncommutative ring, abelian group or module, consider using `noncomm_ring`, `abel` or `module` instead.
<error line="9" column="95">
<code_line>  (h₃ : ∀ b : ℕ, 0 < b → Nat.gcd b 40 = x + 3 ∧ Nat.lcm b 40 = x * (x + 3) → a ≤ b) : a = 8 := by ring</code_line>
<message>error: unsolved goals</message>
</error>
x a : ℕ
h₀ : 0 < x ∧ 0 < a
h₁ : a.gcd 40 = x + 3
h₂ : a.lcm 40 = x * (x + 3)
h₃ : ∀ (b : ℕ), 0 < b → b.gcd 40 = x + 3 ∧ b.lcm 40 = x * (x + 3) → a ≤ b
⊢ a = 8
[2026-01-13 03:54:37] [INFO] Proof verification completed
[2026-01-13 03:54:37] [INFO] Strategy ring attempt 1: verified=False
[2026-01-13 03:54:37] [INFO] Verification message: Cannot build modified file: Try this:
  ring_nf
  
  The `ring` tactic failed to close the goal. Use `ring_nf` to obtain a normal form.
    
  Note that `ring` works primarily in *commutative* rings. If you have a noncommutative ring, abelian group or module, consider using `noncomm_ring`, `abel` or `module` instead.
<error line="9" column="95">
<code_line>  (h₃ : ∀ b : ℕ, 0 < b → Nat.gcd b 40 = x + 3 ∧ Nat.lcm b 40 = x * (x + 3) → a ≤ b) : a = 8 := by ring</code_line>
<message>error: unsolved goals</message>
</error>
x a : ℕ
h₀ : 0 < x ∧ 0 < a
h₁ : a.gcd 40 = x + 3
h₂ : a.lcm 40 = x * (x + 3)
h₃ : ∀ (b : ℕ), 0 < b → b.gcd 40 = x + 3 ∧ b.lcm 40 = x * (x + 3) → a ≤ b
⊢ a = 8

[2026-01-13 03:54:37] [INFO] Attempt 1 failed verification, continuing...
[2026-01-13 03:54:37] [INFO] ========================================
[2026-01-13 03:54:37] [INFO] Trying strategy: norm_num (up to 1 attempts)
[2026-01-13 03:54:37] [INFO] --------------------
[2026-01-13 03:54:37] [INFO] Strategy norm_num, attempt 1/1
[2026-01-13 03:54:37] [INFO] Starting proof generation...
[2026-01-13 03:54:37] [INFO] Repository path: /root/repo
[2026-01-13 03:54:37] [INFO] Proof generation completed
[2026-01-13 03:54:37] [INFO] Generated proof:
[2026-01-13 03:54:37] [INFO] norm_num
[2026-01-13 03:54:37] [INFO] Proof length: 8 chars
[2026-01-13 03:54:37] [INFO] Starting proof verification...
[2026-01-13 03:54:37] [INFO] Verifying at: MiniF2F/Valid/mathd_numbertheory_126.lean:9
[2026-01-13 03:54:37] [INFO] Using LEAN INTERACT verify
[2026-01-13 03:54:37] [INFO] Checking file
[2026-01-13 03:54:43] [INFO] Cannot build modified file <error line="9" column="95">
<code_line>  (h₃ : ∀ b : ℕ, 0 < b → Nat.gcd b 40 = x + 3 ∧ Nat.lcm b 40 = x * (x + 3) → a ≤ b) : a = 8 := by norm_num</code_line>
<message>error: unsolved goals</message>
</error>
x a : ℕ
h₀ : 0 < x ∧ 0 < a
h₁ : a.gcd 40 = x + 3
h₂ : a.lcm 40 = x * (x + 3)
h₃ : ∀ (b : ℕ), 0 < b → b.gcd 40 = x + 3 ∧ b.lcm 40 = x * (x + 3) → a ≤ b
⊢ a = 8
[2026-01-13 03:54:43] [INFO] Proof verification completed
[2026-01-13 03:54:43] [INFO] Strategy norm_num attempt 1: verified=False
[2026-01-13 03:54:43] [INFO] Verification message: Cannot build modified file: <error line="9" column="95">
<code_line>  (h₃ : ∀ b : ℕ, 0 < b → Nat.gcd b 40 = x + 3 ∧ Nat.lcm b 40 = x * (x + 3) → a ≤ b) : a = 8 := by norm_num</code_line>
<message>error: unsolved goals</message>
</error>
x a : ℕ
h₀ : 0 < x ∧ 0 < a
h₁ : a.gcd 40 = x + 3
h₂ : a.lcm 40 = x * (x + 3)
h₃ : ∀ (b : ℕ), 0 < b → b.gcd 40 = x + 3 ∧ b.lcm 40 = x * (x + 3) → a ≤ b
⊢ a = 8

[2026-01-13 03:54:43] [INFO] Attempt 1 failed verification, continuing...
[2026-01-13 03:54:43] [INFO] ========================================
[2026-01-13 03:54:43] [INFO] Trying strategy: omega (up to 1 attempts)
[2026-01-13 03:54:43] [INFO] --------------------
[2026-01-13 03:54:43] [INFO] Strategy omega, attempt 1/1
[2026-01-13 03:54:43] [INFO] Starting proof generation...
[2026-01-13 03:54:43] [INFO] Repository path: /root/repo
[2026-01-13 03:54:43] [INFO] Proof generation completed
[2026-01-13 03:54:43] [INFO] Generated proof:
[2026-01-13 03:54:43] [INFO] omega
[2026-01-13 03:54:43] [INFO] Proof length: 5 chars
[2026-01-13 03:54:43] [INFO] Starting proof verification...
[2026-01-13 03:54:43] [INFO] Verifying at: MiniF2F/Valid/mathd_numbertheory_126.lean:9
[2026-01-13 03:54:43] [INFO] Using LEAN INTERACT verify
[2026-01-13 03:54:43] [INFO] Checking file
[2026-01-13 03:54:49] [INFO] Cannot build modified file <error line="9" column="98">
<code_line>  (h₃ : ∀ b : ℕ, 0 < b → Nat.gcd b 40 = x + 3 ∧ Nat.lcm b 40 = x * (x + 3) → a ≤ b) : a = 8 := by omega</code_line>
<message>error: omega could not prove the goal:</message>
</error>
a possible counterexample may satisfy the constraints
  d ≥ 0
  c ≥ 4
  1 ≤ b ≤ 7
where
 b := ↑a
 c := ↑(a.gcd 40)
 d := ↑x * ↑(x + 3)
[2026-01-13 03:54:49] [INFO] Proof verification completed
[2026-01-13 03:54:49] [INFO] Strategy omega attempt 1: verified=False
[2026-01-13 03:54:49] [INFO] Verification message: Cannot build modified file: <error line="9" column="98">
<code_line>  (h₃ : ∀ b : ℕ, 0 < b → Nat.gcd b 40 = x + 3 ∧ Nat.lcm b 40 = x * (x + 3) → a ≤ b) : a = 8 := by omega</code_line>
<message>error: omega could not prove the goal:</message>
</error>
a possible counterexample may satisfy the constraints
  d ≥ 0
  c ≥ 4
  1 ≤ b ≤ 7
where
 b := ↑a
 c := ↑(a.gcd 40)
 d := ↑x * ↑(x + 3)

[2026-01-13 03:54:49] [INFO] Attempt 1 failed verification, continuing...
[2026-01-13 03:54:49] [INFO] ========================================
[2026-01-13 03:54:49] [INFO] Trying strategy: linarith (up to 1 attempts)
[2026-01-13 03:54:49] [INFO] --------------------
[2026-01-13 03:54:49] [INFO] Strategy linarith, attempt 1/1
[2026-01-13 03:54:49] [INFO] Starting proof generation...
[2026-01-13 03:54:49] [INFO] Repository path: /root/repo
[2026-01-13 03:54:49] [INFO] Proof generation completed
[2026-01-13 03:54:49] [INFO] Generated proof:
[2026-01-13 03:54:49] [INFO] linarith
[2026-01-13 03:54:49] [INFO] Proof length: 8 chars
[2026-01-13 03:54:49] [INFO] Starting proof verification...
[2026-01-13 03:54:49] [INFO] Verifying at: MiniF2F/Valid/mathd_numbertheory_126.lean:9
[2026-01-13 03:54:49] [INFO] Using LEAN INTERACT verify
[2026-01-13 03:54:49] [INFO] Checking file
[2026-01-13 03:54:56] [INFO] Cannot build modified file <error line="9" column="98">
<code_line>  (h₃ : ∀ b : ℕ, 0 < b → Nat.gcd b 40 = x + 3 ∧ Nat.lcm b 40 = x * (x + 3) → a ≤ b) : a = 8 := by linarith</code_line>
<message>error: linarith failed to find a contradiction</message>
</error>
case h1.h
x a : ℕ
h₀ : 0 < x ∧ 0 < a
h₁ : a.gcd 40 = x + 3
h₂ : a.lcm 40 = x * (x + 3)
h₃ : ∀ (b : ℕ), 0 < b → b.gcd 40 = x + 3 ∧ b.lcm 40 = x * (x + 3) → a ≤ b
a✝ : a < 8
⊢ False
failed
[2026-01-13 03:54:56] [INFO] Proof verification completed
[2026-01-13 03:54:56] [INFO] Strategy linarith attempt 1: verified=False
[2026-01-13 03:54:56] [INFO] Verification message: Cannot build modified file: <error line="9" column="98">
<code_line>  (h₃ : ∀ b : ℕ, 0 < b → Nat.gcd b 40 = x + 3 ∧ Nat.lcm b 40 = x * (x + 3) → a ≤ b) : a = 8 := by linarith</code_line>
<message>error: linarith failed to find a contradiction</message>
</error>
case h1.h
x a : ℕ
h₀ : 0 < x ∧ 0 < a
h₁ : a.gcd 40 = x + 3
h₂ : a.lcm 40 = x * (x + 3)
h₃ : ∀ (b : ℕ), 0 < b → b.gcd 40 = x + 3 ∧ b.lcm 40 = x * (x + 3) → a ≤ b
a✝ : a < 8
⊢ False
failed

[2026-01-13 03:54:56] [INFO] Attempt 1 failed verification, continuing...
[2026-01-13 03:54:56] [INFO] ========================================
[2026-01-13 03:54:56] [INFO] Trying strategy: nlinarith (up to 1 attempts)
[2026-01-13 03:54:56] [INFO] --------------------
[2026-01-13 03:54:56] [INFO] Strategy nlinarith, attempt 1/1
[2026-01-13 03:54:56] [INFO] Starting proof generation...
[2026-01-13 03:54:56] [INFO] Repository path: /root/repo
[2026-01-13 03:54:56] [INFO] Proof generation completed
[2026-01-13 03:54:56] [INFO] Generated proof:
[2026-01-13 03:54:56] [INFO] nlinarith
[2026-01-13 03:54:56] [INFO] Proof length: 9 chars
[2026-01-13 03:54:56] [INFO] Starting proof verification...
[2026-01-13 03:54:56] [INFO] Verifying at: MiniF2F/Valid/mathd_numbertheory_126.lean:9
[2026-01-13 03:54:56] [INFO] Using LEAN INTERACT verify
[2026-01-13 03:54:56] [INFO] Checking file
[2026-01-13 03:55:02] [INFO] Cannot build modified file <error line="9" column="98">
<code_line>  (h₃ : ∀ b : ℕ, 0 < b → Nat.gcd b 40 = x + 3 ∧ Nat.lcm b 40 = x * (x + 3) → a ≤ b) : a = 8 := by nlinarith</code_line>
<message>error: linarith failed to find a contradiction</message>
</error>
case h1.h
x a : ℕ
h₀ : 0 < x ∧ 0 < a
h₁ : a.gcd 40 = x + 3
h₂ : a.lcm 40 = x * (x + 3)
h₃ : ∀ (b : ℕ), 0 < b → b.gcd 40 = x + 3 ∧ b.lcm 40 = x * (x + 3) → a ≤ b
a✝ : a < 8
⊢ False
failed
[2026-01-13 03:55:02] [INFO] Proof verification completed
[2026-01-13 03:55:02] [INFO] Strategy nlinarith attempt 1: verified=False
[2026-01-13 03:55:02] [INFO] Verification message: Cannot build modified file: <error line="9" column="98">
<code_line>  (h₃ : ∀ b : ℕ, 0 < b → Nat.gcd b 40 = x + 3 ∧ Nat.lcm b 40 = x * (x + 3) → a ≤ b) : a = 8 := by nlinarith</code_line>
<message>error: linarith failed to find a contradiction</message>
</error>
case h1.h
x a : ℕ
h₀ : 0 < x ∧ 0 < a
h₁ : a.gcd 40 = x + 3
h₂ : a.lcm 40 = x * (x + 3)
h₃ : ∀ (b : ℕ), 0 < b → b.gcd 40 = x + 3 ∧ b.lcm 40 = x * (x + 3) → a ≤ b
a✝ : a < 8
⊢ False
failed

[2026-01-13 03:55:02] [INFO] Attempt 1 failed verification, continuing...
[2026-01-13 03:55:02] [INFO] ========================================
[2026-01-13 03:55:02] [INFO] Trying strategy: aesop (up to 1 attempts)
[2026-01-13 03:55:02] [INFO] --------------------
[2026-01-13 03:55:02] [INFO] Strategy aesop, attempt 1/1
[2026-01-13 03:55:02] [INFO] Starting proof generation...
[2026-01-13 03:55:02] [INFO] Repository path: /root/repo
[2026-01-13 03:55:02] [INFO] Proof generation completed
[2026-01-13 03:55:02] [INFO] Generated proof:
[2026-01-13 03:55:02] [INFO] aesop
[2026-01-13 03:55:02] [INFO] Proof length: 5 chars
[2026-01-13 03:55:02] [INFO] Starting proof verification...
[2026-01-13 03:55:02] [INFO] Verifying at: MiniF2F/Valid/mathd_numbertheory_126.lean:9
[2026-01-13 03:55:02] [INFO] Using LEAN INTERACT verify
[2026-01-13 03:55:02] [INFO] Checking file
[2026-01-13 03:55:10] [INFO] Cannot build modified file <error line="9" column="95">
<code_line>  (h₃ : ∀ b : ℕ, 0 < b → Nat.gcd b 40 = x + 3 ∧ Nat.lcm b 40 = x * (x + 3) → a ≤ b) : a = 8 := by aesop</code_line>
<message>error: unsolved goals</message>
</error>
x a : ℕ
h₁ : a.gcd 40 = x + 3
h₂ : a.lcm 40 = x * (x + 3)
h₃ : ∀ (b : ℕ), 0 < b → b.gcd 40 = x + 3 → b.lcm 40 = x * (x + 3) → a ≤ b
left : 0 < x
right : 0 < a
⊢ a = 8
[2026-01-13 03:55:10] [INFO] Proof verification completed
[2026-01-13 03:55:10] [INFO] Strategy aesop attempt 1: verified=False
[2026-01-13 03:55:10] [INFO] Verification message: Cannot build modified file: <error line="9" column="95">
<code_line>  (h₃ : ∀ b : ℕ, 0 < b → Nat.gcd b 40 = x + 3 ∧ Nat.lcm b 40 = x * (x + 3) → a ≤ b) : a = 8 := by aesop</code_line>
<message>error: unsolved goals</message>
</error>
x a : ℕ
h₁ : a.gcd 40 = x + 3
h₂ : a.lcm 40 = x * (x + 3)
h₃ : ∀ (b : ℕ), 0 < b → b.gcd 40 = x + 3 → b.lcm 40 = x * (x + 3) → a ≤ b
left : 0 < x
right : 0 < a
⊢ a = 8

[2026-01-13 03:55:10] [INFO] Attempt 1 failed verification, continuing...
[2026-01-13 03:55:10] [INFO] ========================================
[2026-01-13 03:55:10] [INFO] Pass@k completed. Total results: 1
[2026-01-13 03:55:10] [INFO] FAILED: All 11 strategies x 1 attempts
[2026-01-13 03:55:10] [INFO] Writing results to file: /root/repo/result.json
[2026-01-13 03:55:10] [INFO] Result file written successfully
[2026-01-13 03:55:10] [INFO] Results exported to: /root/repo/result.json
[2026-01-13 03:55:10] [INFO] run_morphcloud_local.py completed successfully

[2026-01-13 03:55:11] [process_single_sorry] Downloading result file...
[2026-01-13 03:55:11] [process_single_sorry] Downloaded result to intermediate_experiment_outputs_full_reservoir_3_months/multi_tactic/2026-01-13_01-27-45_multi_tactic/individual/7fd4b46b7705e9ed0ec25feffd60192e09586f4a277a70667e8342c7d049951d.json
[2026-01-13 03:55:14] [process_single_sorry] Instance context closed successfully
[2026-01-13 03:55:14] [process_single_sorry] Parsing result file...
[2026-01-13 03:55:14] [process_single_sorry] Successfully parsed result (list format, 1 results)
