[2026-01-13 01:40:29] [process_single_sorry] Starting for sorry 873d4e4f1c005a2873a43b86a631f1d25aa60869c4da73f8a07170b590a2072c
[2026-01-13 01:40:29] [process_single_sorry] Using snapshot: snapshot_18x88w8o
[2026-01-13 01:40:29] [process_single_sorry] Repository: https://github.com/HEPLean/PhysLean@7dfd69e529686e5a5bf0dc32006ad0a8a6e510de
[2026-01-13 01:40:29] [process_single_sorry] Instance name: PhysLean_7dfd69e52968_multi_tactic_873d4e4f1c005a2873a43b86a631f1d25aa60869c4da73f8a07170b590a2072c
[2026-01-13 01:40:29] [process_single_sorry] Starting attempt 1/3
[2026-01-13 01:40:29] [process_single_sorry] Starting instance from snapshot...
[2026-01-13 01:40:32] [process_single_sorry] Instance started successfully: morphvm_kyl06u2y
[2026-01-13 01:40:32] [process_single_sorry] Creating .env file...
[2026-01-13 01:40:43] [process_single_sorry] .env file created (exit_code: 0)
[2026-01-13 01:40:43] [process_single_sorry] Executing agent command...
[2026-01-13 01:43:34] [process_single_sorry] Agent command completed (exit_code: 0)
[2026-01-13 01:43:34] [process_single_sorry] STDOUT:

Results JSON:
[
  {
    "sorry": {
      "repo": {
        "remote": "https://github.com/HEPLean/PhysLean",
        "branch": "master",
        "commit": "7dfd69e529686e5a5bf0dc32006ad0a8a6e510de",
        "lean_version": "v4.26.0"
      },
      "location": {
        "path": "PhysLean/QFT/AnomalyCancellation/Basic.lean",
        "start_line": 366,
        "start_column": 2,
        "end_line": 366,
        "end_column": 7
      },
      "debug_info": {
        "goal": "χ : ACCSystemQuad\n⊢ Function.Injective ⇑(ACCSystemQuad.quadSolsInclLinSols χ)",
        "url": "https://github.com/HEPLean/PhysLean/blob/7dfd69e529686e5a5bf0dc32006ad0a8a6e510de/PhysLean/QFT/AnomalyCancellation/Basic.lean#L366"
      },
      "metadata": {
        "blame_email_hash": "7187e3a9e9f5",
        "blame_date": "2025-09-24T13:14:01+01:00",
        "inclusion_date": "2026-01-09T03:36:41.661367+00:00"
      },
      "id": "873d4e4f1c005a2873a43b86a631f1d25aa60869c4da73f8a07170b590a2072c"
    },
    "proof": null,
    "proof_verified": false,
    "feedback": null,
    "verification_message": "All 11 attempts failed (11 strategies x 1 attempts each)",
    "success": true,
    "error_type": null,
    "error_message": null,
    "strategy_name": "all_failed_k=1",
    "proof_attempts": [
      "rfl",
      "simp",
      "simp_all",
      "exact?",
      "grind",
      "ring",
      "norm_num",
      "omega",
      "linarith",
      "nlinarith",
      "aesop"
    ]
  }
]

[2026-01-13 01:43:34] [process_single_sorry] STDERR:
None of PyTorch, TensorFlow >= 2.0, or Flax have been found. Models won't be available and only tokenizers, configuration and file/data utilities can be used.
[2026-01-13 01:41:22] [INFO] ================================================================================
[2026-01-13 01:41:22] [INFO] Starting run_morphcloud_local.py
[2026-01-13 01:41:22] [INFO] ================================================================================
[2026-01-13 01:41:22] [INFO] Environment loaded
[2026-01-13 01:41:22] [INFO] Full command: /root/SorryDB/sorrydb/cli/run_morphcloud_local.py --repo-path /root/repo --sorry-json {"repo": {"remote": "https://github.com/HEPLean/PhysLean", "branch": "master", "commit": "7dfd69e529686e5a5bf0dc32006ad0a8a6e510de", "lean_version": "v4.26.0"}, "location": {"path": "PhysLean/QFT/AnomalyCancellation/Basic.lean", "start_line": 366, "start_column": 2, "end_line": 366, "end_column": 7}, "debug_info": {"goal": "\u03c7 : ACCSystemQuad\n\u22a2 Function.Injective \u21d1(ACCSystemQuad.quadSolsInclLinSols \u03c7)", "url": "https://github.com/HEPLean/PhysLean/blob/7dfd69e529686e5a5bf0dc32006ad0a8a6e510de/PhysLean/QFT/AnomalyCancellation/Basic.lean#L366"}, "metadata": {"blame_email_hash": "7187e3a9e9f5", "blame_date": "2025-09-24T13:14:01+01:00", "inclusion_date": "2026-01-09T03:36:41.661367+00:00"}, "id": "873d4e4f1c005a2873a43b86a631f1d25aa60869c4da73f8a07170b590a2072c"} --agent-strategy {"name": "multi_tactic", "args": {}}
[2026-01-13 01:41:22] [INFO] Arguments parsed: repo_path=/root/repo, output_path=/root/repo/result.json
[2026-01-13 01:41:22] [INFO] Strategy spec: {"name": "multi_tactic", "args": {}}...
[2026-01-13 01:41:22] [INFO] Loading sorry data...
[2026-01-13 01:41:22] [INFO] Parsing sorry from JSON string...
[2026-01-13 01:41:22] [INFO] Sorry data parsed from JSON string
[2026-01-13 01:41:22] [INFO] Creating strategy from spec...
[2026-01-13 01:41:22] [INFO] Parsing strategy spec (length: 36 chars)
[2026-01-13 01:41:22] [INFO] Strategy name: multi_tactic
[2026-01-13 01:41:22] [INFO] Strategy args: {}
[2026-01-13 01:41:22] [INFO] Pass@k value: 1
[2026-01-13 01:41:22] [INFO] Creating strategy: multi_tactic
[2026-01-13 01:41:22] [INFO] Creating multi_tactic strategy with tactics: ['rfl', 'simp', 'simp_all', 'exact?', 'grind', 'ring', 'norm_num', 'omega', 'linarith', 'nlinarith', 'aesop']
[2026-01-13 01:41:22] [INFO] Strategies created: ['rfl', 'simp', 'simp_all', 'exact?', 'grind', 'ring', 'norm_num', 'omega', 'linarith', 'nlinarith', 'aesop']
[2026-01-13 01:41:22] [INFO] Pass@k value: 1
[2026-01-13 01:41:22] [INFO] Creating Sorry object...
[2026-01-13 01:41:22] [INFO] Sorry object created: id=873d4e4f1c005a2873a43b86a631f1d25aa60869c4da73f8a07170b590a2072c
[2026-01-13 01:41:22] [INFO] Sorry location: PhysLean/QFT/AnomalyCancellation/Basic.lean:366
[2026-01-13 01:41:22] [INFO] Context before sorry (lines 361-366):
[2026-01-13 01:41:22] [INFO]   361:   map_smul' _ _ := rfl
[2026-01-13 01:41:22] [INFO]   362: 
[2026-01-13 01:41:22] [INFO]   363: @[sorryful]
[2026-01-13 01:41:22] [INFO]   364: lemma quadSolsInclLinSols_injective (χ : ACCSystemQuad) :
[2026-01-13 01:41:22] [INFO]   365:     Function.Injective χ.quadSolsInclLinSols := by
[2026-01-13 01:41:22] [INFO]   366:   sorry
[2026-01-13 01:41:22] [INFO] Sorry line:   sorry
[2026-01-13 01:41:22] [INFO] Sorry goal: χ : ACCSystemQuad
⊢ Function.Injective ⇑(ACCSystemQuad.quadSolsInclLinSols χ)...
[2026-01-13 01:41:22] [INFO] ========================================
[2026-01-13 01:41:22] [INFO] Trying strategy: rfl (up to 1 attempts)
[2026-01-13 01:41:22] [INFO] --------------------
[2026-01-13 01:41:22] [INFO] Strategy rfl, attempt 1/1
[2026-01-13 01:41:22] [INFO] Starting proof generation...
[2026-01-13 01:41:22] [INFO] Repository path: /root/repo
[2026-01-13 01:41:22] [INFO] Proof generation completed
[2026-01-13 01:41:22] [INFO] Generated proof:
[2026-01-13 01:41:22] [INFO] rfl
[2026-01-13 01:41:22] [INFO] Proof length: 3 chars
[2026-01-13 01:41:22] [INFO] Starting proof verification...
[2026-01-13 01:41:22] [INFO] Verifying at: PhysLean/QFT/AnomalyCancellation/Basic.lean:366
[2026-01-13 01:41:22] [INFO] Using LEAN INTERACT verify
[2026-01-13 01:41:22] [INFO] Checking file
[2026-01-13 01:42:07] [INFO] Cannot build modified file <error line="366" column="2">
<code_line>  rfl</code_line>
<message>error: Tactic `rfl` failed: The left-hand side</message>
</error>
  χ.LinSols
is not definitionally equal to the right-hand side
  ⇑χ.quadSolsInclLinSols

χ : ACCSystemQuad
⊢ Function.Injective ⇑χ.quadSolsInclLinSols
[2026-01-13 01:42:07] [INFO] Proof verification completed
[2026-01-13 01:42:07] [INFO] Strategy rfl attempt 1: verified=False
[2026-01-13 01:42:07] [INFO] Verification message: Cannot build modified file: <error line="366" column="2">
<code_line>  rfl</code_line>
<message>error: Tactic `rfl` failed: The left-hand side</message>
</error>
  χ.LinSols
is not definitionally equal to the right-hand side
  ⇑χ.quadSolsInclLinSols

χ : ACCSystemQuad
⊢ Function.Injective ⇑χ.quadSolsInclLinSols

[2026-01-13 01:42:07] [INFO] Attempt 1 failed verification, continuing...
[2026-01-13 01:42:07] [INFO] ========================================
[2026-01-13 01:42:07] [INFO] Trying strategy: simp (up to 1 attempts)
[2026-01-13 01:42:07] [INFO] --------------------
[2026-01-13 01:42:07] [INFO] Strategy simp, attempt 1/1
[2026-01-13 01:42:07] [INFO] Starting proof generation...
[2026-01-13 01:42:07] [INFO] Repository path: /root/repo
[2026-01-13 01:42:07] [INFO] Proof generation completed
[2026-01-13 01:42:07] [INFO] Generated proof:
[2026-01-13 01:42:07] [INFO] simp
[2026-01-13 01:42:07] [INFO] Proof length: 4 chars
[2026-01-13 01:42:07] [INFO] Starting proof verification...
[2026-01-13 01:42:07] [INFO] Verifying at: PhysLean/QFT/AnomalyCancellation/Basic.lean:366
[2026-01-13 01:42:07] [INFO] Using LEAN INTERACT verify
[2026-01-13 01:42:07] [INFO] Checking file
[2026-01-13 01:42:15] [INFO] Cannot build modified file <error line="366" column="2">
<code_line>  simp</code_line>
<message>error: `simp` made no progress</message>
</error>
[2026-01-13 01:42:15] [INFO] Proof verification completed
[2026-01-13 01:42:15] [INFO] Strategy simp attempt 1: verified=False
[2026-01-13 01:42:15] [INFO] Verification message: Cannot build modified file: <error line="366" column="2">
<code_line>  simp</code_line>
<message>error: `simp` made no progress</message>
</error>

[2026-01-13 01:42:15] [INFO] Attempt 1 failed verification, continuing...
[2026-01-13 01:42:15] [INFO] ========================================
[2026-01-13 01:42:15] [INFO] Trying strategy: simp_all (up to 1 attempts)
[2026-01-13 01:42:15] [INFO] --------------------
[2026-01-13 01:42:15] [INFO] Strategy simp_all, attempt 1/1
[2026-01-13 01:42:15] [INFO] Starting proof generation...
[2026-01-13 01:42:15] [INFO] Repository path: /root/repo
[2026-01-13 01:42:15] [INFO] Proof generation completed
[2026-01-13 01:42:15] [INFO] Generated proof:
[2026-01-13 01:42:15] [INFO] simp_all
[2026-01-13 01:42:15] [INFO] Proof length: 8 chars
[2026-01-13 01:42:15] [INFO] Starting proof verification...
[2026-01-13 01:42:15] [INFO] Verifying at: PhysLean/QFT/AnomalyCancellation/Basic.lean:366
[2026-01-13 01:42:15] [INFO] Using LEAN INTERACT verify
[2026-01-13 01:42:15] [INFO] Checking file
[2026-01-13 01:42:23] [INFO] Cannot build modified file <error line="366" column="2">
<code_line>  simp_all</code_line>
<message>error: simp_all made no progress</message>
</error>
[2026-01-13 01:42:23] [INFO] Proof verification completed
[2026-01-13 01:42:23] [INFO] Strategy simp_all attempt 1: verified=False
[2026-01-13 01:42:23] [INFO] Verification message: Cannot build modified file: <error line="366" column="2">
<code_line>  simp_all</code_line>
<message>error: simp_all made no progress</message>
</error>

[2026-01-13 01:42:23] [INFO] Attempt 1 failed verification, continuing...
[2026-01-13 01:42:23] [INFO] ========================================
[2026-01-13 01:42:23] [INFO] Trying strategy: exact? (up to 1 attempts)
[2026-01-13 01:42:23] [INFO] --------------------
[2026-01-13 01:42:23] [INFO] Strategy exact?, attempt 1/1
[2026-01-13 01:42:23] [INFO] Starting proof generation...
[2026-01-13 01:42:23] [INFO] Repository path: /root/repo
[2026-01-13 01:42:23] [INFO] Proof generation completed
[2026-01-13 01:42:23] [INFO] Generated proof:
[2026-01-13 01:42:23] [INFO] exact?
[2026-01-13 01:42:23] [INFO] Proof length: 6 chars
[2026-01-13 01:42:23] [INFO] Starting proof verification...
[2026-01-13 01:42:23] [INFO] Verifying at: PhysLean/QFT/AnomalyCancellation/Basic.lean:366
[2026-01-13 01:42:23] [INFO] Using LEAN INTERACT verify
[2026-01-13 01:42:23] [INFO] Checking file
[2026-01-13 01:42:41] [INFO] Cannot build modified file <error line="366" column="2">
<code_line>  exact?</code_line>
<message>error: `exact?` could not close the goal. Try `apply?` to see partial suggestions.</message>
</error>
[2026-01-13 01:42:41] [INFO] Proof verification completed
[2026-01-13 01:42:41] [INFO] Strategy exact? attempt 1: verified=False
[2026-01-13 01:42:41] [INFO] Verification message: Cannot build modified file: <error line="366" column="2">
<code_line>  exact?</code_line>
<message>error: `exact?` could not close the goal. Try `apply?` to see partial suggestions.</message>
</error>

[2026-01-13 01:42:41] [INFO] Attempt 1 failed verification, continuing...
[2026-01-13 01:42:41] [INFO] ========================================
[2026-01-13 01:42:41] [INFO] Trying strategy: grind (up to 1 attempts)
[2026-01-13 01:42:41] [INFO] --------------------
[2026-01-13 01:42:41] [INFO] Strategy grind, attempt 1/1
[2026-01-13 01:42:41] [INFO] Starting proof generation...
[2026-01-13 01:42:41] [INFO] Repository path: /root/repo
[2026-01-13 01:42:41] [INFO] Proof generation completed
[2026-01-13 01:42:41] [INFO] Generated proof:
[2026-01-13 01:42:41] [INFO] grind
[2026-01-13 01:42:41] [INFO] Proof length: 5 chars
[2026-01-13 01:42:41] [INFO] Starting proof verification...
[2026-01-13 01:42:41] [INFO] Verifying at: PhysLean/QFT/AnomalyCancellation/Basic.lean:366
[2026-01-13 01:42:41] [INFO] Using LEAN INTERACT verify
[2026-01-13 01:42:41] [INFO] Checking file
[2026-01-13 01:42:48] [INFO] Cannot build modified file <error line="366" column="2">
<code_line>  grind</code_line>
<message>error: `grind` failed</message>
</error>
case grind
χ : ACCSystemQuad
h : ¬Function.Injective ⇑χ.quadSolsInclLinSols
⊢ False
[grind] Goal diagnostics
  [facts] Asserted facts
    [prop] ¬Function.Injective ⇑χ.quadSolsInclLinSols
  [eqc] False propositions
    [prop] Function.Injective ⇑χ.quadSolsInclLinSols
  [ematch] E-matching patterns
    [thm] id.eq_1: [@id #1 #0]
[2026-01-13 01:42:48] [INFO] Proof verification completed
[2026-01-13 01:42:48] [INFO] Strategy grind attempt 1: verified=False
[2026-01-13 01:42:48] [INFO] Verification message: Cannot build modified file: <error line="366" column="2">
<code_line>  grind</code_line>
<message>error: `grind` failed</message>
</error>
case grind
χ : ACCSystemQuad
h : ¬Function.Injective ⇑χ.quadSolsInclLinSols
⊢ False
[grind] Goal diagnostics
  [facts] Asserted facts
    [prop] ¬Function.Injective ⇑χ.quadSolsInclLinSols
  [eqc] False propositions
    [prop] Function.Injective ⇑χ.quadSolsInclLinSols
  [ematch] E-matching patterns
    [thm] id.eq_1: [@id #1 #0]

[2026-01-13 01:42:48] [INFO] Attempt 1 failed verification, continuing...
[2026-01-13 01:42:48] [INFO] ========================================
[2026-01-13 01:42:48] [INFO] Trying strategy: ring (up to 1 attempts)
[2026-01-13 01:42:48] [INFO] --------------------
[2026-01-13 01:42:48] [INFO] Strategy ring, attempt 1/1
[2026-01-13 01:42:48] [INFO] Starting proof generation...
[2026-01-13 01:42:48] [INFO] Repository path: /root/repo
[2026-01-13 01:42:48] [INFO] Proof generation completed
[2026-01-13 01:42:48] [INFO] Generated proof:
[2026-01-13 01:42:48] [INFO] ring
[2026-01-13 01:42:48] [INFO] Proof length: 4 chars
[2026-01-13 01:42:48] [INFO] Starting proof verification...
[2026-01-13 01:42:48] [INFO] Verifying at: PhysLean/QFT/AnomalyCancellation/Basic.lean:366
[2026-01-13 01:42:48] [INFO] Using LEAN INTERACT verify
[2026-01-13 01:42:48] [INFO] Checking file
[2026-01-13 01:42:54] [INFO] Cannot build modified file <error line="366" column="2">
<code_line>  ring</code_line>
<message>error: ring_nf made no progress on goal</message>
</error>
[2026-01-13 01:42:54] [INFO] Proof verification completed
[2026-01-13 01:42:54] [INFO] Strategy ring attempt 1: verified=False
[2026-01-13 01:42:54] [INFO] Verification message: Cannot build modified file: <error line="366" column="2">
<code_line>  ring</code_line>
<message>error: ring_nf made no progress on goal</message>
</error>

[2026-01-13 01:42:54] [INFO] Attempt 1 failed verification, continuing...
[2026-01-13 01:42:54] [INFO] ========================================
[2026-01-13 01:42:54] [INFO] Trying strategy: norm_num (up to 1 attempts)
[2026-01-13 01:42:54] [INFO] --------------------
[2026-01-13 01:42:54] [INFO] Strategy norm_num, attempt 1/1
[2026-01-13 01:42:54] [INFO] Starting proof generation...
[2026-01-13 01:42:54] [INFO] Repository path: /root/repo
[2026-01-13 01:42:54] [INFO] Proof generation completed
[2026-01-13 01:42:54] [INFO] Generated proof:
[2026-01-13 01:42:54] [INFO] norm_num
[2026-01-13 01:42:54] [INFO] Proof length: 8 chars
[2026-01-13 01:42:54] [INFO] Starting proof verification...
[2026-01-13 01:42:54] [INFO] Verifying at: PhysLean/QFT/AnomalyCancellation/Basic.lean:366
[2026-01-13 01:42:54] [INFO] Using LEAN INTERACT verify
[2026-01-13 01:42:54] [INFO] Checking file
[2026-01-13 01:43:01] [INFO] Cannot build modified file <error line="365" column="48">
<code_line>    Function.Injective χ.quadSolsInclLinSols := by</code_line>
<message>error: unsolved goals</message>
</error>
χ : ACCSystemQuad
⊢ Function.Injective ⇑χ.quadSolsInclLinSols
[2026-01-13 01:43:01] [INFO] Proof verification completed
[2026-01-13 01:43:01] [INFO] Strategy norm_num attempt 1: verified=False
[2026-01-13 01:43:01] [INFO] Verification message: Cannot build modified file: <error line="365" column="48">
<code_line>    Function.Injective χ.quadSolsInclLinSols := by</code_line>
<message>error: unsolved goals</message>
</error>
χ : ACCSystemQuad
⊢ Function.Injective ⇑χ.quadSolsInclLinSols

[2026-01-13 01:43:01] [INFO] Attempt 1 failed verification, continuing...
[2026-01-13 01:43:01] [INFO] ========================================
[2026-01-13 01:43:01] [INFO] Trying strategy: omega (up to 1 attempts)
[2026-01-13 01:43:01] [INFO] --------------------
[2026-01-13 01:43:01] [INFO] Strategy omega, attempt 1/1
[2026-01-13 01:43:01] [INFO] Starting proof generation...
[2026-01-13 01:43:01] [INFO] Repository path: /root/repo
[2026-01-13 01:43:01] [INFO] Proof generation completed
[2026-01-13 01:43:01] [INFO] Generated proof:
[2026-01-13 01:43:01] [INFO] omega
[2026-01-13 01:43:01] [INFO] Proof length: 5 chars
[2026-01-13 01:43:01] [INFO] Starting proof verification...
[2026-01-13 01:43:01] [INFO] Verifying at: PhysLean/QFT/AnomalyCancellation/Basic.lean:366
[2026-01-13 01:43:01] [INFO] Using LEAN INTERACT verify
[2026-01-13 01:43:01] [INFO] Checking file
[2026-01-13 01:43:09] [INFO] Cannot build modified file <error line="366" column="2">
<code_line>  omega</code_line>
<message>error: omega could not prove the goal:</message>
</error>
No usable constraints found. You may need to unfold definitions so `omega` can see linear arithmetic facts about `Nat` and `Int`, which may also involve multiplication, division, and modular remainder by constants.
[2026-01-13 01:43:09] [INFO] Proof verification completed
[2026-01-13 01:43:09] [INFO] Strategy omega attempt 1: verified=False
[2026-01-13 01:43:09] [INFO] Verification message: Cannot build modified file: <error line="366" column="2">
<code_line>  omega</code_line>
<message>error: omega could not prove the goal:</message>
</error>
No usable constraints found. You may need to unfold definitions so `omega` can see linear arithmetic facts about `Nat` and `Int`, which may also involve multiplication, division, and modular remainder by constants.

[2026-01-13 01:43:09] [INFO] Attempt 1 failed verification, continuing...
[2026-01-13 01:43:09] [INFO] ========================================
[2026-01-13 01:43:09] [INFO] Trying strategy: linarith (up to 1 attempts)
[2026-01-13 01:43:09] [INFO] --------------------
[2026-01-13 01:43:09] [INFO] Strategy linarith, attempt 1/1
[2026-01-13 01:43:09] [INFO] Starting proof generation...
[2026-01-13 01:43:09] [INFO] Repository path: /root/repo
[2026-01-13 01:43:09] [INFO] Proof generation completed
[2026-01-13 01:43:09] [INFO] Generated proof:
[2026-01-13 01:43:09] [INFO] linarith
[2026-01-13 01:43:09] [INFO] Proof length: 8 chars
[2026-01-13 01:43:09] [INFO] Starting proof verification...
[2026-01-13 01:43:09] [INFO] Verifying at: PhysLean/QFT/AnomalyCancellation/Basic.lean:366
[2026-01-13 01:43:09] [INFO] Using LEAN INTERACT verify
[2026-01-13 01:43:09] [INFO] Checking file
[2026-01-13 01:43:17] [INFO] Cannot build modified file <error line="366" column="2">
<code_line>  linarith</code_line>
<message>error: linarith failed to find a contradiction</message>
</error>
χ : ACCSystemQuad
⊢ False
failed
[2026-01-13 01:43:17] [INFO] Proof verification completed
[2026-01-13 01:43:17] [INFO] Strategy linarith attempt 1: verified=False
[2026-01-13 01:43:17] [INFO] Verification message: Cannot build modified file: <error line="366" column="2">
<code_line>  linarith</code_line>
<message>error: linarith failed to find a contradiction</message>
</error>
χ : ACCSystemQuad
⊢ False
failed

[2026-01-13 01:43:17] [INFO] Attempt 1 failed verification, continuing...
[2026-01-13 01:43:17] [INFO] ========================================
[2026-01-13 01:43:17] [INFO] Trying strategy: nlinarith (up to 1 attempts)
[2026-01-13 01:43:17] [INFO] --------------------
[2026-01-13 01:43:17] [INFO] Strategy nlinarith, attempt 1/1
[2026-01-13 01:43:17] [INFO] Starting proof generation...
[2026-01-13 01:43:17] [INFO] Repository path: /root/repo
[2026-01-13 01:43:17] [INFO] Proof generation completed
[2026-01-13 01:43:17] [INFO] Generated proof:
[2026-01-13 01:43:17] [INFO] nlinarith
[2026-01-13 01:43:17] [INFO] Proof length: 9 chars
[2026-01-13 01:43:17] [INFO] Starting proof verification...
[2026-01-13 01:43:17] [INFO] Verifying at: PhysLean/QFT/AnomalyCancellation/Basic.lean:366
[2026-01-13 01:43:17] [INFO] Using LEAN INTERACT verify
[2026-01-13 01:43:17] [INFO] Checking file
[2026-01-13 01:43:25] [INFO] Cannot build modified file <error line="366" column="2">
<code_line>  nlinarith</code_line>
<message>error: linarith failed to find a contradiction</message>
</error>
χ : ACCSystemQuad
⊢ False
failed
[2026-01-13 01:43:25] [INFO] Proof verification completed
[2026-01-13 01:43:25] [INFO] Strategy nlinarith attempt 1: verified=False
[2026-01-13 01:43:25] [INFO] Verification message: Cannot build modified file: <error line="366" column="2">
<code_line>  nlinarith</code_line>
<message>error: linarith failed to find a contradiction</message>
</error>
χ : ACCSystemQuad
⊢ False
failed

[2026-01-13 01:43:25] [INFO] Attempt 1 failed verification, continuing...
[2026-01-13 01:43:25] [INFO] ========================================
[2026-01-13 01:43:25] [INFO] Trying strategy: aesop (up to 1 attempts)
[2026-01-13 01:43:25] [INFO] --------------------
[2026-01-13 01:43:25] [INFO] Strategy aesop, attempt 1/1
[2026-01-13 01:43:25] [INFO] Starting proof generation...
[2026-01-13 01:43:25] [INFO] Repository path: /root/repo
[2026-01-13 01:43:25] [INFO] Proof generation completed
[2026-01-13 01:43:25] [INFO] Generated proof:
[2026-01-13 01:43:25] [INFO] aesop
[2026-01-13 01:43:25] [INFO] Proof length: 5 chars
[2026-01-13 01:43:25] [INFO] Starting proof verification...
[2026-01-13 01:43:25] [INFO] Verifying at: PhysLean/QFT/AnomalyCancellation/Basic.lean:366
[2026-01-13 01:43:25] [INFO] Using LEAN INTERACT verify
[2026-01-13 01:43:25] [INFO] Checking file
[2026-01-13 01:43:33] [INFO] Cannot build modified file <error line="366" column="2">
<code_line>  aesop</code_line>
<message>error: tactic 'aesop' failed, made no progress</message>
</error>
Initial goal:
  χ : ACCSystemQuad
  ⊢ Function.Injective ⇑χ.quadSolsInclLinSols
[2026-01-13 01:43:33] [INFO] Proof verification completed
[2026-01-13 01:43:33] [INFO] Strategy aesop attempt 1: verified=False
[2026-01-13 01:43:33] [INFO] Verification message: Cannot build modified file: <error line="366" column="2">
<code_line>  aesop</code_line>
<message>error: tactic 'aesop' failed, made no progress</message>
</error>
Initial goal:
  χ : ACCSystemQuad
  ⊢ Function.Injective ⇑χ.quadSolsInclLinSols

[2026-01-13 01:43:33] [INFO] Attempt 1 failed verification, continuing...
[2026-01-13 01:43:33] [INFO] ========================================
[2026-01-13 01:43:33] [INFO] Pass@k completed. Total results: 1
[2026-01-13 01:43:33] [INFO] FAILED: All 11 strategies x 1 attempts
[2026-01-13 01:43:33] [INFO] Writing results to file: /root/repo/result.json
[2026-01-13 01:43:33] [INFO] Result file written successfully
[2026-01-13 01:43:33] [INFO] Results exported to: /root/repo/result.json
[2026-01-13 01:43:33] [INFO] run_morphcloud_local.py completed successfully

[2026-01-13 01:43:34] [process_single_sorry] Downloading result file...
[2026-01-13 01:43:35] [process_single_sorry] Downloaded result to intermediate_experiment_outputs_full_reservoir_3_months/multi_tactic/2026-01-13_01-27-45_multi_tactic/individual/873d4e4f1c005a2873a43b86a631f1d25aa60869c4da73f8a07170b590a2072c.json
[2026-01-13 01:43:37] [process_single_sorry] Instance context closed successfully
[2026-01-13 01:43:37] [process_single_sorry] Parsing result file...
[2026-01-13 01:43:37] [process_single_sorry] Successfully parsed result (list format, 1 results)
