[2026-01-13 04:03:58] [process_single_sorry] Starting for sorry 9591026f71f2ad3d0bc12f6ad161b43ec916defe62b02494f0a2de66ee2ba283
[2026-01-13 04:03:58] [process_single_sorry] Using snapshot: snapshot_vsrrpad6
[2026-01-13 04:03:58] [process_single_sorry] Repository: https://github.com/kebekus/ProjectVD@91a239351a488168b0d0881e5117ecffefb9e6de
[2026-01-13 04:03:58] [process_single_sorry] Instance name: ProjectVD_91a239351a48_multi_tactic_9591026f71f2ad3d0bc12f6ad161b43ec916defe62b02494f0a2de66ee2ba283
[2026-01-13 04:03:58] [process_single_sorry] Starting attempt 1/3
[2026-01-13 04:03:58] [process_single_sorry] Starting instance from snapshot...
[2026-01-13 04:04:02] [process_single_sorry] Instance started successfully: morphvm_4rurmpcx
[2026-01-13 04:04:02] [process_single_sorry] Creating .env file...
[2026-01-13 04:04:06] [process_single_sorry] .env file created (exit_code: 0)
[2026-01-13 04:04:06] [process_single_sorry] Executing agent command...
[2026-01-13 04:37:28] [process_single_sorry] Retryable error on attempt 1/3: TimeoutError: 
[2026-01-13 04:37:28] [process_single_sorry] Waiting 2 seconds before retry...
[2026-01-13 04:37:31] [process_single_sorry] Starting attempt 2/3
[2026-01-13 04:37:31] [process_single_sorry] Starting instance from snapshot...
[2026-01-13 04:37:35] [process_single_sorry] Instance started successfully: morphvm_j7yn235n
[2026-01-13 04:37:35] [process_single_sorry] Creating .env file...
[2026-01-13 04:37:36] [process_single_sorry] .env file created (exit_code: 0)
[2026-01-13 04:37:36] [process_single_sorry] Executing agent command...
[2026-01-13 04:43:01] [process_single_sorry] Agent command completed (exit_code: 0)
[2026-01-13 04:43:01] [process_single_sorry] STDOUT:

Results JSON:
[
  {
    "sorry": {
      "repo": {
        "remote": "https://github.com/kebekus/ProjectVD",
        "branch": "main",
        "commit": "91a239351a488168b0d0881e5117ecffefb9e6de",
        "lean_version": "v4.27.0-rc1"
      },
      "location": {
        "path": "VD/CartanExperimentation.lean",
        "start_line": 307,
        "start_column": 4,
        "end_line": 307,
        "end_column": 9
      },
      "debug_info": {
        "goal": "case hf₁\nr : ℝ\nf : ℂ → ℂ\nhr : r ≠ 0\nh : Meromorphic f\nh₂ : 0 < meromorphicOrderAt f 0\nf2 :\n  circleAverage (fun a => logCounting f (↑a) r + log ‖meromorphicTrailingCoeffAt (fun x => f x - a) 0‖) 0 1 =\n    circleAverage (fun a => circleAverage (fun x => log ‖f x - a‖) 0 r + logCounting f ⊤ r) 0 1\n⊢ CircleIntegrable (fun a => logCounting f (↑a) r) 0 1",
        "url": "https://github.com/kebekus/ProjectVD/blob/91a239351a488168b0d0881e5117ecffefb9e6de/VD/CartanExperimentation.lean#L307"
      },
      "metadata": {
        "blame_email_hash": "1bb494938f16",
        "blame_date": "2026-01-09T09:02:52+01:00",
        "inclusion_date": "2026-01-10T08:57:28.485491+00:00"
      },
      "id": "9591026f71f2ad3d0bc12f6ad161b43ec916defe62b02494f0a2de66ee2ba283"
    },
    "proof": null,
    "proof_verified": false,
    "feedback": null,
    "verification_message": "All 11 attempts failed (11 strategies x 1 attempts each)",
    "success": true,
    "error_type": null,
    "error_message": null,
    "strategy_name": "all_failed_k=1",
    "proof_attempts": [
      "rfl",
      "simp",
      "simp_all",
      "exact?",
      "grind",
      "ring",
      "norm_num",
      "omega",
      "linarith",
      "nlinarith",
      "aesop"
    ]
  }
]

[2026-01-13 04:43:01] [process_single_sorry] STDERR:
None of PyTorch, TensorFlow >= 2.0, or Flax have been found. Models won't be available and only tokenizers, configuration and file/data utilities can be used.
[2026-01-13 04:38:01] [INFO] ================================================================================
[2026-01-13 04:38:01] [INFO] Starting run_morphcloud_local.py
[2026-01-13 04:38:01] [INFO] ================================================================================
[2026-01-13 04:38:01] [INFO] Environment loaded
[2026-01-13 04:38:01] [INFO] Full command: /root/SorryDB/sorrydb/cli/run_morphcloud_local.py --repo-path /root/repo --sorry-json {"repo": {"remote": "https://github.com/kebekus/ProjectVD", "branch": "main", "commit": "91a239351a488168b0d0881e5117ecffefb9e6de", "lean_version": "v4.27.0-rc1"}, "location": {"path": "VD/CartanExperimentation.lean", "start_line": 307, "start_column": 4, "end_line": 307, "end_column": 9}, "debug_info": {"goal": "case hf\u2081\nr : \u211d\nf : \u2102 \u2192 \u2102\nhr : r \u2260 0\nh : Meromorphic f\nh\u2082 : 0 < meromorphicOrderAt f 0\nf2 :\n  circleAverage (fun a => logCounting f (\u2191a) r + log \u2016meromorphicTrailingCoeffAt (fun x => f x - a) 0\u2016) 0 1 =\n    circleAverage (fun a => circleAverage (fun x => log \u2016f x - a\u2016) 0 r + logCounting f \u22a4 r) 0 1\n\u22a2 CircleIntegrable (fun a => logCounting f (\u2191a) r) 0 1", "url": "https://github.com/kebekus/ProjectVD/blob/91a239351a488168b0d0881e5117ecffefb9e6de/VD/CartanExperimentation.lean#L307"}, "metadata": {"blame_email_hash": "1bb494938f16", "blame_date": "2026-01-09T09:02:52+01:00", "inclusion_date": "2026-01-10T08:57:28.485491+00:00"}, "id": "9591026f71f2ad3d0bc12f6ad161b43ec916defe62b02494f0a2de66ee2ba283"} --agent-strategy {"name": "multi_tactic", "args": {}}
[2026-01-13 04:38:01] [INFO] Arguments parsed: repo_path=/root/repo, output_path=/root/repo/result.json
[2026-01-13 04:38:01] [INFO] Strategy spec: {"name": "multi_tactic", "args": {}}...
[2026-01-13 04:38:01] [INFO] Loading sorry data...
[2026-01-13 04:38:01] [INFO] Parsing sorry from JSON string...
[2026-01-13 04:38:01] [INFO] Sorry data parsed from JSON string
[2026-01-13 04:38:01] [INFO] Creating strategy from spec...
[2026-01-13 04:38:01] [INFO] Parsing strategy spec (length: 36 chars)
[2026-01-13 04:38:01] [INFO] Strategy name: multi_tactic
[2026-01-13 04:38:01] [INFO] Strategy args: {}
[2026-01-13 04:38:01] [INFO] Pass@k value: 1
[2026-01-13 04:38:01] [INFO] Creating strategy: multi_tactic
[2026-01-13 04:38:01] [INFO] Creating multi_tactic strategy with tactics: ['rfl', 'simp', 'simp_all', 'exact?', 'grind', 'ring', 'norm_num', 'omega', 'linarith', 'nlinarith', 'aesop']
[2026-01-13 04:38:01] [INFO] Strategies created: ['rfl', 'simp', 'simp_all', 'exact?', 'grind', 'ring', 'norm_num', 'omega', 'linarith', 'nlinarith', 'aesop']
[2026-01-13 04:38:01] [INFO] Pass@k value: 1
[2026-01-13 04:38:01] [INFO] Creating Sorry object...
[2026-01-13 04:38:01] [INFO] Sorry object created: id=9591026f71f2ad3d0bc12f6ad161b43ec916defe62b02494f0a2de66ee2ba283
[2026-01-13 04:38:01] [INFO] Sorry location: VD/CartanExperimentation.lean:307
[2026-01-13 04:38:01] [INFO] Context before sorry (lines 302-307):
[2026-01-13 04:38:01] [INFO]   302:           refine ContDiff.analyticOnNhd ?_
[2026-01-13 04:38:01] [INFO]   303:           exact contDiff_circleMap 0 1
[2026-01-13 04:38:01] [INFO]   304:         · exact MeromorphicOn.const (f (circleMap 0 r a))
[2026-01-13 04:38:01] [INFO]   305:       · simp
[2026-01-13 04:38:01] [INFO]   306:         sorry
[2026-01-13 04:38:01] [INFO]   307:   · sorry
[2026-01-13 04:38:01] [INFO] Sorry line:   · sorry
[2026-01-13 04:38:01] [INFO] Sorry goal: case hf₁
r : ℝ
f : ℂ → ℂ
hr : r ≠ 0
h : Meromorphic f
h₂ : 0 < meromorphicOrderAt f 0
f2 :
  circleA...
[2026-01-13 04:38:01] [INFO] ========================================
[2026-01-13 04:38:01] [INFO] Trying strategy: rfl (up to 1 attempts)
[2026-01-13 04:38:01] [INFO] --------------------
[2026-01-13 04:38:01] [INFO] Strategy rfl, attempt 1/1
[2026-01-13 04:38:01] [INFO] Starting proof generation...
[2026-01-13 04:38:01] [INFO] Repository path: /root/repo
[2026-01-13 04:38:01] [INFO] Proof generation completed
[2026-01-13 04:38:01] [INFO] Generated proof:
[2026-01-13 04:38:01] [INFO] rfl
[2026-01-13 04:38:01] [INFO] Proof length: 3 chars
[2026-01-13 04:38:01] [INFO] Starting proof verification...
[2026-01-13 04:38:01] [INFO] Verifying at: VD/CartanExperimentation.lean:307
[2026-01-13 04:38:01] [INFO] Using LEAN INTERACT verify
[2026-01-13 04:38:01] [INFO] Checking file
[2026-01-13 04:39:39] [INFO] Cannot build modified file <error line="307" column="4">
<code_line>  · rfl</code_line>
<message>error: Tactic `rfl` failed: The left-hand side</message>
</error>
  (0 : ℂ)
is not definitionally equal to the right-hand side
  (1 : ℝ)

case hf₁
r : ℝ
f : ℂ → ℂ
hr : r ≠ 0
h : Meromorphic f
h₂ : 0 < meromorphicOrderAt f 0
f2 :
  circleAverage (fun a => logCounting f (↑a) r + log ‖meromorphicTrailingCoeffAt (fun x => f x - a) 0‖) 0 1 =
    circleAverage (fun a => circleAverage (fun x => log ‖f x - a‖) 0 r + logCounting f ⊤ r) 0 1
⊢ CircleIntegrable (fun a => logCounting f (↑a) r) 0 1
[2026-01-13 04:39:39] [INFO] Proof verification completed
[2026-01-13 04:39:39] [INFO] Strategy rfl attempt 1: verified=False
[2026-01-13 04:39:39] [INFO] Verification message: Cannot build modified file: <error line="307" column="4">
<code_line>  · rfl</code_line>
<message>error: Tactic `rfl` failed: The left-hand side</message>
</error>
  (0 : ℂ)
is not definitionally equal to the right-hand side
  (1 : ℝ)

case hf₁
r : ℝ
f : ℂ → ℂ
hr : r ≠ 0
h : Meromorphic f
h₂ : 0 < meromorphicOrderAt f 0
f2 :
  circleAverage (fun a => logCounting f (↑a) r + log ‖meromorphicTrailingCoeffAt (fun x => f x - a) 0‖) 0 1 =
    circleAverage (fun a => circleAverage (fun x => log ‖f x - a‖) 0 r + logCounting f ⊤ r) 0 1
⊢ CircleIntegrable (fun a => logCounting f (↑a) r) 0 1

[2026-01-13 04:39:39] [INFO] Attempt 1 failed verification, continuing...
[2026-01-13 04:39:39] [INFO] ========================================
[2026-01-13 04:39:39] [INFO] Trying strategy: simp (up to 1 attempts)
[2026-01-13 04:39:39] [INFO] --------------------
[2026-01-13 04:39:39] [INFO] Strategy simp, attempt 1/1
[2026-01-13 04:39:39] [INFO] Starting proof generation...
[2026-01-13 04:39:39] [INFO] Repository path: /root/repo
[2026-01-13 04:39:39] [INFO] Proof generation completed
[2026-01-13 04:39:39] [INFO] Generated proof:
[2026-01-13 04:39:39] [INFO] simp
[2026-01-13 04:39:39] [INFO] Proof length: 4 chars
[2026-01-13 04:39:39] [INFO] Starting proof verification...
[2026-01-13 04:39:39] [INFO] Verifying at: VD/CartanExperimentation.lean:307
[2026-01-13 04:39:39] [INFO] Using LEAN INTERACT verify
[2026-01-13 04:39:39] [INFO] Checking file
[2026-01-13 04:39:52] [INFO] Cannot build modified file <error line="307" column="4">
<code_line>  · simp</code_line>
<message>error: `simp` made no progress</message>
</error>
[2026-01-13 04:39:52] [INFO] Proof verification completed
[2026-01-13 04:39:52] [INFO] Strategy simp attempt 1: verified=False
[2026-01-13 04:39:52] [INFO] Verification message: Cannot build modified file: <error line="307" column="4">
<code_line>  · simp</code_line>
<message>error: `simp` made no progress</message>
</error>

[2026-01-13 04:39:52] [INFO] Attempt 1 failed verification, continuing...
[2026-01-13 04:39:52] [INFO] ========================================
[2026-01-13 04:39:52] [INFO] Trying strategy: simp_all (up to 1 attempts)
[2026-01-13 04:39:52] [INFO] --------------------
[2026-01-13 04:39:52] [INFO] Strategy simp_all, attempt 1/1
[2026-01-13 04:39:52] [INFO] Starting proof generation...
[2026-01-13 04:39:52] [INFO] Repository path: /root/repo
[2026-01-13 04:39:52] [INFO] Proof generation completed
[2026-01-13 04:39:52] [INFO] Generated proof:
[2026-01-13 04:39:52] [INFO] simp_all
[2026-01-13 04:39:52] [INFO] Proof length: 8 chars
[2026-01-13 04:39:52] [INFO] Starting proof verification...
[2026-01-13 04:39:52] [INFO] Verifying at: VD/CartanExperimentation.lean:307
[2026-01-13 04:39:52] [INFO] Using LEAN INTERACT verify
[2026-01-13 04:39:52] [INFO] Checking file
[2026-01-13 04:40:04] [INFO] Cannot build modified file <error line="307" column="2">
<code_line>  · simp_all</code_line>
<message>error: unsolved goals</message>
</error>
case hf₁
r : ℝ
f : ℂ → ℂ
hr : ¬r = 0
h : Meromorphic f
h₂ : 0 < meromorphicOrderAt f 0
f2 :
  circleAverage (fun a => logCounting f (↑a) r + log ‖meromorphicTrailingCoeffAt (fun x => f x - a) 0‖) 0 1 =
    circleAverage (fun a => circleAverage (fun x => log ‖f x - a‖) 0 r + logCounting f ⊤ r) 0 1
⊢ CircleIntegrable (fun a => logCounting f (↑a) r) 0 1
[2026-01-13 04:40:04] [INFO] Proof verification completed
[2026-01-13 04:40:04] [INFO] Strategy simp_all attempt 1: verified=False
[2026-01-13 04:40:04] [INFO] Verification message: Cannot build modified file: <error line="307" column="2">
<code_line>  · simp_all</code_line>
<message>error: unsolved goals</message>
</error>
case hf₁
r : ℝ
f : ℂ → ℂ
hr : ¬r = 0
h : Meromorphic f
h₂ : 0 < meromorphicOrderAt f 0
f2 :
  circleAverage (fun a => logCounting f (↑a) r + log ‖meromorphicTrailingCoeffAt (fun x => f x - a) 0‖) 0 1 =
    circleAverage (fun a => circleAverage (fun x => log ‖f x - a‖) 0 r + logCounting f ⊤ r) 0 1
⊢ CircleIntegrable (fun a => logCounting f (↑a) r) 0 1

[2026-01-13 04:40:04] [INFO] Attempt 1 failed verification, continuing...
[2026-01-13 04:40:04] [INFO] ========================================
[2026-01-13 04:40:04] [INFO] Trying strategy: exact? (up to 1 attempts)
[2026-01-13 04:40:04] [INFO] --------------------
[2026-01-13 04:40:04] [INFO] Strategy exact?, attempt 1/1
[2026-01-13 04:40:04] [INFO] Starting proof generation...
[2026-01-13 04:40:04] [INFO] Repository path: /root/repo
[2026-01-13 04:40:04] [INFO] Proof generation completed
[2026-01-13 04:40:04] [INFO] Generated proof:
[2026-01-13 04:40:04] [INFO] exact?
[2026-01-13 04:40:04] [INFO] Proof length: 6 chars
[2026-01-13 04:40:04] [INFO] Starting proof verification...
[2026-01-13 04:40:04] [INFO] Verifying at: VD/CartanExperimentation.lean:307
[2026-01-13 04:40:04] [INFO] Using LEAN INTERACT verify
[2026-01-13 04:40:04] [INFO] Checking file
[2026-01-13 04:41:22] [INFO] Cannot build modified file <error line="307" column="4">
<code_line>  · exact?</code_line>
<message>error: `exact?` could not close the goal. Try `apply?` to see partial suggestions.</message>
</error>
[2026-01-13 04:41:22] [INFO] Proof verification completed
[2026-01-13 04:41:22] [INFO] Strategy exact? attempt 1: verified=False
[2026-01-13 04:41:22] [INFO] Verification message: Cannot build modified file: <error line="307" column="4">
<code_line>  · exact?</code_line>
<message>error: `exact?` could not close the goal. Try `apply?` to see partial suggestions.</message>
</error>

[2026-01-13 04:41:22] [INFO] Attempt 1 failed verification, continuing...
[2026-01-13 04:41:22] [INFO] ========================================
[2026-01-13 04:41:22] [INFO] Trying strategy: grind (up to 1 attempts)
[2026-01-13 04:41:22] [INFO] --------------------
[2026-01-13 04:41:22] [INFO] Strategy grind, attempt 1/1
[2026-01-13 04:41:22] [INFO] Starting proof generation...
[2026-01-13 04:41:22] [INFO] Repository path: /root/repo
[2026-01-13 04:41:22] [INFO] Proof generation completed
[2026-01-13 04:41:22] [INFO] Generated proof:
[2026-01-13 04:41:22] [INFO] grind
[2026-01-13 04:41:22] [INFO] Proof length: 5 chars
[2026-01-13 04:41:22] [INFO] Starting proof verification...
[2026-01-13 04:41:22] [INFO] Verifying at: VD/CartanExperimentation.lean:307
[2026-01-13 04:41:22] [INFO] Using LEAN INTERACT verify
[2026-01-13 04:41:22] [INFO] Checking file
[2026-01-13 04:41:37] [INFO] Cannot build modified file <error line="307" column="4">
<code_line>  · grind</code_line>
<message>error: `grind` failed</message>
</error>
case grind.1
r : ℝ
f : ℂ → ℂ
hr : r ≠ 0
h : Meromorphic f
h₂ : 0 < meromorphicOrderAt f 0
f2 :
  circleAverage (fun a => logCounting f (↑a) r + log ‖meromorphicTrailingCoeffAt (fun x => f x - a) 0‖) 0 1 =
    circleAverage (fun a => circleAverage (fun x => log ‖f x - a‖) 0 r + logCounting f ⊤ r) 0 1
h_1 : ¬CircleIntegrable (fun a => logCounting f (↑a) r) 0 1
h_2 :
  (fun a => circleAverage (fun x => log ‖f x - a‖) 0 r + logCounting f ⊤ r) = fun a =>
    logCounting f (↑a) r + log ‖meromorphicTrailingCoeffAt (fun x => f x - a) 0‖
⊢ False
[grind] Goal diagnostics
  [facts] Asserted facts
    [prop] ¬r = 0
    [prop] Meromorphic f
    [prop] 0 < meromorphicOrderAt f 0
    [prop] circleAverage (fun a => logCounting f (↑a) r + log ‖meromorphicTrailingCoeffAt (fun x => f x - a) 0‖) 0 1 =
          circleAverage (fun a => circleAverage (fun x => log ‖f x - a‖) 0 r + logCounting f ⊤ r) 0 1
    [prop] ¬CircleIntegrable (fun a => logCounting f (↑a) r) 0 1
    [prop] (fun a => circleAverage (fun x => log ‖f x - a‖) 0 r + logCounting f ⊤ r) = fun a =>
          logCounting f (↑a) r + log ‖meromorphicTrailingCoeffAt (fun x => f x - a) 0‖
  [eqc] True propositions
    [prop] (fun a => circleAverage (fun x => log ‖f x - a‖) 0 r + logCounting f ⊤ r) = fun a =>
          logCounting f (↑a) r + log ‖meromorphicTrailingCoeffAt (fun x => f x - a) 0‖
    [prop] 0 < meromorphicOrderAt f 0
    [prop] Meromorphic f
  [eqc] False propositions
    [prop] r = 0
    [prop] CircleIntegrable (fun a => logCounting f (↑a) r) 0 1
  [eqc] Equivalence classes
    [eqc] {circleAverage fun a => circleAverage (fun x => log ‖f x - a‖) 0 r + logCounting f ⊤ r,
        circleAverage fun a => logCounting f (↑a) r + log ‖meromorphicTrailingCoeffAt (fun x => f x - a) 0‖}
    [eqc] {circleAverage (fun a => circleAverage (fun x => log ‖f x - a‖) 0 r + logCounting f ⊤ r) 0,
        circleAverage (fun a => logCounting f (↑a) r + log ‖meromorphicTrailingCoeffAt (fun x => f x - a) 0‖) 0}
    [eqc] {circleAverage (fun a => circleAverage (fun x => log ‖f x - a‖) 0 r + logCounting f ⊤ r) 0 1,
        circleAverage (fun a => logCounting f (↑a) r + log ‖meromorphicTrailingCoeffAt (fun x => f x - a) 0‖) 0 1}
    [eqc] {fun a => circleAverage (fun x => log ‖f x - a‖) 0 r + logCounting f ⊤ r,
        fun a => logCounting f (↑a) r + log ‖meromorphicTrailingCoeffAt (fun x => f x - a) 0‖}
  [cases] Case analyses
    [cases] [1/2]: (fun a => circleAverage (fun x => log ‖f x - a‖) 0 r + logCounting f ⊤ r) = fun a =>
          logCounting f (↑a) r + log ‖meromorphicTrailingCoeffAt (fun x => f x - a) 0‖
      [cases] source: Initial goal
  [linarith] Linarith assignment for `ℝ`
    [assign] r := 2
    [assign] circleAverage (fun a => circleAverage (fun x => log ‖f x - a‖) 0 r + logCounting f ⊤ r) 0 1 := 4
    [assign] circleAverage (fun a => logCounting f (↑a) r + log ‖meromorphicTrailingCoeffAt (fun x => f x - a) 0‖) 0
          1 := 4
[2026-01-13 04:41:37] [INFO] Proof verification completed
[2026-01-13 04:41:37] [INFO] Strategy grind attempt 1: verified=False
[2026-01-13 04:41:37] [INFO] Verification message: Cannot build modified file: <error line="307" column="4">
<code_line>  · grind</code_line>
<message>error: `grind` failed</message>
</error>
case grind.1
r : ℝ
f : ℂ → ℂ
hr : r ≠ 0
h : Meromorphic f
h₂ : 0 < meromorphicOrderAt f 0
f2 :
  circleAverage (fun a => logCounting f (↑a) r + log ‖meromorphicTrailingCoeffAt (fun x => f x - a) 0‖) 0 1 =
    circleAverage (fun a => circleAverage (fun x => log ‖f x - a‖) 0 r + logCounting f ⊤ r) 0 1
h_1 : ¬CircleIntegrable (fun a => logCounting f (↑a) r) 0 1
h_2 :
  (fun a => circleAverage (fun x => log ‖f x - a‖) 0 r + logCounting f ⊤ r) = fun a =>
    logCounting f (↑a) r + log ‖meromorphicTrailingCoeffAt (fun x => f x - a) 0‖
⊢ False
[grind] Goal diagnostics
  [facts] Asserted facts
    [prop] ¬r = 0
    [prop] Meromorphic f
    [prop] 0 < meromorphicOrderAt f 0
    [prop] circleAverage (fun a => logCounting f (↑a) r + log ‖meromorphicTrailingCoeffAt (fun x => f x - a) 0‖) 0 1 =
          circleAverage (fun a => circleAverage (fun x => log ‖f x - a‖) 0 r + logCounting f ⊤ r) 0 1
    [prop] ¬CircleIntegrable (fun a => logCounting f (↑a) r) 0 1
    [prop] (fun a => circleAverage (fun x => log ‖f x - a‖) 0 r + logCounting f ⊤ r) = fun a =>
          logCounting f (↑a) r + log ‖meromorphicTrailingCoeffAt (fun x => f x - a) 0‖
  [eqc] True propositions
    [prop] (fun a => circleAverage (fun x => log ‖f x - a‖) 0 r + logCounting f ⊤ r) = fun a =>
          logCounting f (↑a) r + log ‖meromorphicTrailingCoeffAt (fun x => f x - a) 0‖
    [prop] 0 < meromorphicOrderAt f 0
    [prop] Meromorphic f
  [eqc] False propositions
    [prop] r = 0
    [prop] CircleIntegrable (fun a => logCounting f (↑a) r) 0 1
  [eqc] Equivalence classes
    [eqc] {circleAverage fun a => circleAverage (fun x => log ‖f x - a‖) 0 r + logCounting f ⊤ r,
        circleAverage fun a => logCounting f (↑a) r + log ‖meromorphicTrailingCoeffAt (fun x => f x - a) 0‖}
    [eqc] {circleAverage (fun a => circleAverage (fun x => log ‖f x - a‖) 0 r + logCounting f ⊤ r) 0,
        circleAverage (fun a => logCounting f (↑a) r + log ‖meromorphicTrailingCoeffAt (fun x => f x - a) 0‖) 0}
    [eqc] {circleAverage (fun a => circleAverage (fun x => log ‖f x - a‖) 0 r + logCounting f ⊤ r) 0 1,
        circleAverage (fun a => logCounting f (↑a) r + log ‖meromorphicTrailingCoeffAt (fun x => f x - a) 0‖) 0 1}
    [eqc] {fun a => circleAverage (fun x => log ‖f x - a‖) 0 r + logCounting f ⊤ r,
        fun a => logCounting f (↑a) r + log ‖meromorphicTrailingCoeffAt (fun x => f x - a) 0‖}
  [cases] Case analyses
    [cases] [1/2]: (fun a => circleAverage (fun x => log ‖f x - a‖) 0 r + logCounting f ⊤ r) = fun a =>
          logCounting f (↑a) r + log ‖meromorphicTrailingCoeffAt (fun x => f x - a) 0‖
      [cases] source: Initial goal
  [linarith] Linarith assignment for `ℝ`
    [assign] r := 2
    [assign] circleAverage (fun a => circleAverage (fun x => log ‖f x - a‖) 0 r + logCounting f ⊤ r) 0 1 := 4
    [assign] circleAverage (fun a => logCounting f (↑a) r + log ‖meromorphicTrailingCoeffAt (fun x => f x - a) 0‖) 0
          1 := 4

[2026-01-13 04:41:37] [INFO] Attempt 1 failed verification, continuing...
[2026-01-13 04:41:37] [INFO] ========================================
[2026-01-13 04:41:37] [INFO] Trying strategy: ring (up to 1 attempts)
[2026-01-13 04:41:37] [INFO] --------------------
[2026-01-13 04:41:37] [INFO] Strategy ring, attempt 1/1
[2026-01-13 04:41:37] [INFO] Starting proof generation...
[2026-01-13 04:41:37] [INFO] Repository path: /root/repo
[2026-01-13 04:41:37] [INFO] Proof generation completed
[2026-01-13 04:41:37] [INFO] Generated proof:
[2026-01-13 04:41:37] [INFO] ring
[2026-01-13 04:41:37] [INFO] Proof length: 4 chars
[2026-01-13 04:41:37] [INFO] Starting proof verification...
[2026-01-13 04:41:37] [INFO] Verifying at: VD/CartanExperimentation.lean:307
[2026-01-13 04:41:37] [INFO] Using LEAN INTERACT verify
[2026-01-13 04:41:37] [INFO] Checking file
[2026-01-13 04:41:50] [INFO] Cannot build modified file Try this:
  [apply] ring_nf
  
  The `ring` tactic failed to close the goal. Use `ring_nf` to obtain a normal form.
    
  Note that `ring` works primarily in *commutative* rings. If you have a noncommutative ring, abelian group or module, consider using `noncomm_ring`, `abel` or `module` instead.
<error line="307" column="2">
<code_line>  · ring</code_line>
<message>error: unsolved goals</message>
</error>
case hf₁
r : ℝ
f : ℂ → ℂ
hr : r ≠ 0
h : Meromorphic f
h₂ : 0 < meromorphicOrderAt f 0
f2 :
  circleAverage (fun a => logCounting f (↑a) r + log ‖meromorphicTrailingCoeffAt (fun x => f x - a) 0‖) 0 1 =
    circleAverage (fun a => circleAverage (fun x => log ‖f x - a‖) 0 r + logCounting f ⊤ r) 0 1
⊢ CircleIntegrable (fun a => logCounting f (↑a) r) 0 1
[2026-01-13 04:41:50] [INFO] Proof verification completed
[2026-01-13 04:41:50] [INFO] Strategy ring attempt 1: verified=False
[2026-01-13 04:41:50] [INFO] Verification message: Cannot build modified file: Try this:
  [apply] ring_nf
  
  The `ring` tactic failed to close the goal. Use `ring_nf` to obtain a normal form.
    
  Note that `ring` works primarily in *commutative* rings. If you have a noncommutative ring, abelian group or module, consider using `noncomm_ring`, `abel` or `module` instead.
<error line="307" column="2">
<code_line>  · ring</code_line>
<message>error: unsolved goals</message>
</error>
case hf₁
r : ℝ
f : ℂ → ℂ
hr : r ≠ 0
h : Meromorphic f
h₂ : 0 < meromorphicOrderAt f 0
f2 :
  circleAverage (fun a => logCounting f (↑a) r + log ‖meromorphicTrailingCoeffAt (fun x => f x - a) 0‖) 0 1 =
    circleAverage (fun a => circleAverage (fun x => log ‖f x - a‖) 0 r + logCounting f ⊤ r) 0 1
⊢ CircleIntegrable (fun a => logCounting f (↑a) r) 0 1

[2026-01-13 04:41:50] [INFO] Attempt 1 failed verification, continuing...
[2026-01-13 04:41:50] [INFO] ========================================
[2026-01-13 04:41:50] [INFO] Trying strategy: norm_num (up to 1 attempts)
[2026-01-13 04:41:50] [INFO] --------------------
[2026-01-13 04:41:50] [INFO] Strategy norm_num, attempt 1/1
[2026-01-13 04:41:50] [INFO] Starting proof generation...
[2026-01-13 04:41:50] [INFO] Repository path: /root/repo
[2026-01-13 04:41:50] [INFO] Proof generation completed
[2026-01-13 04:41:50] [INFO] Generated proof:
[2026-01-13 04:41:50] [INFO] norm_num
[2026-01-13 04:41:50] [INFO] Proof length: 8 chars
[2026-01-13 04:41:50] [INFO] Starting proof verification...
[2026-01-13 04:41:50] [INFO] Verifying at: VD/CartanExperimentation.lean:307
[2026-01-13 04:41:50] [INFO] Using LEAN INTERACT verify
[2026-01-13 04:41:50] [INFO] Checking file
[2026-01-13 04:42:02] [INFO] Cannot build modified file <error line="307" column="2">
<code_line>  · norm_num</code_line>
<message>error: unsolved goals</message>
</error>
case hf₁
r : ℝ
f : ℂ → ℂ
hr : r ≠ 0
h : Meromorphic f
h₂ : 0 < meromorphicOrderAt f 0
f2 :
  circleAverage (fun a => logCounting f (↑a) r + log ‖meromorphicTrailingCoeffAt (fun x => f x - a) 0‖) 0 1 =
    circleAverage (fun a => circleAverage (fun x => log ‖f x - a‖) 0 r + logCounting f ⊤ r) 0 1
⊢ CircleIntegrable (fun a => logCounting f (↑a) r) 0 1
[2026-01-13 04:42:02] [INFO] Proof verification completed
[2026-01-13 04:42:02] [INFO] Strategy norm_num attempt 1: verified=False
[2026-01-13 04:42:02] [INFO] Verification message: Cannot build modified file: <error line="307" column="2">
<code_line>  · norm_num</code_line>
<message>error: unsolved goals</message>
</error>
case hf₁
r : ℝ
f : ℂ → ℂ
hr : r ≠ 0
h : Meromorphic f
h₂ : 0 < meromorphicOrderAt f 0
f2 :
  circleAverage (fun a => logCounting f (↑a) r + log ‖meromorphicTrailingCoeffAt (fun x => f x - a) 0‖) 0 1 =
    circleAverage (fun a => circleAverage (fun x => log ‖f x - a‖) 0 r + logCounting f ⊤ r) 0 1
⊢ CircleIntegrable (fun a => logCounting f (↑a) r) 0 1

[2026-01-13 04:42:02] [INFO] Attempt 1 failed verification, continuing...
[2026-01-13 04:42:02] [INFO] ========================================
[2026-01-13 04:42:02] [INFO] Trying strategy: omega (up to 1 attempts)
[2026-01-13 04:42:02] [INFO] --------------------
[2026-01-13 04:42:02] [INFO] Strategy omega, attempt 1/1
[2026-01-13 04:42:02] [INFO] Starting proof generation...
[2026-01-13 04:42:02] [INFO] Repository path: /root/repo
[2026-01-13 04:42:02] [INFO] Proof generation completed
[2026-01-13 04:42:02] [INFO] Generated proof:
[2026-01-13 04:42:02] [INFO] omega
[2026-01-13 04:42:02] [INFO] Proof length: 5 chars
[2026-01-13 04:42:02] [INFO] Starting proof verification...
[2026-01-13 04:42:02] [INFO] Verifying at: VD/CartanExperimentation.lean:307
[2026-01-13 04:42:02] [INFO] Using LEAN INTERACT verify
[2026-01-13 04:42:02] [INFO] Checking file
[2026-01-13 04:42:17] [INFO] Cannot build modified file <error line="307" column="4">
<code_line>  · omega</code_line>
<message>error: omega could not prove the goal:</message>
</error>
No usable constraints found. You may need to unfold definitions so `omega` can see linear arithmetic facts about `Nat` and `Int`, which may also involve multiplication, division, and modular remainder by constants.
[2026-01-13 04:42:17] [INFO] Proof verification completed
[2026-01-13 04:42:17] [INFO] Strategy omega attempt 1: verified=False
[2026-01-13 04:42:17] [INFO] Verification message: Cannot build modified file: <error line="307" column="4">
<code_line>  · omega</code_line>
<message>error: omega could not prove the goal:</message>
</error>
No usable constraints found. You may need to unfold definitions so `omega` can see linear arithmetic facts about `Nat` and `Int`, which may also involve multiplication, division, and modular remainder by constants.

[2026-01-13 04:42:17] [INFO] Attempt 1 failed verification, continuing...
[2026-01-13 04:42:17] [INFO] ========================================
[2026-01-13 04:42:17] [INFO] Trying strategy: linarith (up to 1 attempts)
[2026-01-13 04:42:17] [INFO] --------------------
[2026-01-13 04:42:17] [INFO] Strategy linarith, attempt 1/1
[2026-01-13 04:42:17] [INFO] Starting proof generation...
[2026-01-13 04:42:17] [INFO] Repository path: /root/repo
[2026-01-13 04:42:17] [INFO] Proof generation completed
[2026-01-13 04:42:17] [INFO] Generated proof:
[2026-01-13 04:42:17] [INFO] linarith
[2026-01-13 04:42:17] [INFO] Proof length: 8 chars
[2026-01-13 04:42:17] [INFO] Starting proof verification...
[2026-01-13 04:42:17] [INFO] Verifying at: VD/CartanExperimentation.lean:307
[2026-01-13 04:42:17] [INFO] Using LEAN INTERACT verify
[2026-01-13 04:42:17] [INFO] Checking file
[2026-01-13 04:42:30] [INFO] Cannot build modified file <error line="307" column="4">
<code_line>  · linarith</code_line>
<message>error: linarith failed to find a contradiction</message>
</error>
case hf₁
r : ℝ
f : ℂ → ℂ
hr : r ≠ 0
h : Meromorphic f
h₂ : 0 < meromorphicOrderAt f 0
f2 :
  circleAverage (fun a => logCounting f (↑a) r + log ‖meromorphicTrailingCoeffAt (fun x => f x - a) 0‖) 0 1 =
    circleAverage (fun a => circleAverage (fun x => log ‖f x - a‖) 0 r + logCounting f ⊤ r) 0 1
⊢ False
failed
[2026-01-13 04:42:30] [INFO] Proof verification completed
[2026-01-13 04:42:30] [INFO] Strategy linarith attempt 1: verified=False
[2026-01-13 04:42:30] [INFO] Verification message: Cannot build modified file: <error line="307" column="4">
<code_line>  · linarith</code_line>
<message>error: linarith failed to find a contradiction</message>
</error>
case hf₁
r : ℝ
f : ℂ → ℂ
hr : r ≠ 0
h : Meromorphic f
h₂ : 0 < meromorphicOrderAt f 0
f2 :
  circleAverage (fun a => logCounting f (↑a) r + log ‖meromorphicTrailingCoeffAt (fun x => f x - a) 0‖) 0 1 =
    circleAverage (fun a => circleAverage (fun x => log ‖f x - a‖) 0 r + logCounting f ⊤ r) 0 1
⊢ False
failed

[2026-01-13 04:42:30] [INFO] Attempt 1 failed verification, continuing...
[2026-01-13 04:42:30] [INFO] ========================================
[2026-01-13 04:42:30] [INFO] Trying strategy: nlinarith (up to 1 attempts)
[2026-01-13 04:42:30] [INFO] --------------------
[2026-01-13 04:42:30] [INFO] Strategy nlinarith, attempt 1/1
[2026-01-13 04:42:30] [INFO] Starting proof generation...
[2026-01-13 04:42:30] [INFO] Repository path: /root/repo
[2026-01-13 04:42:30] [INFO] Proof generation completed
[2026-01-13 04:42:30] [INFO] Generated proof:
[2026-01-13 04:42:30] [INFO] nlinarith
[2026-01-13 04:42:30] [INFO] Proof length: 9 chars
[2026-01-13 04:42:30] [INFO] Starting proof verification...
[2026-01-13 04:42:30] [INFO] Verifying at: VD/CartanExperimentation.lean:307
[2026-01-13 04:42:30] [INFO] Using LEAN INTERACT verify
[2026-01-13 04:42:30] [INFO] Checking file
[2026-01-13 04:42:45] [INFO] Cannot build modified file <error line="307" column="4">
<code_line>  · nlinarith</code_line>
<message>error: linarith failed to find a contradiction</message>
</error>
case hf₁
r : ℝ
f : ℂ → ℂ
hr : r ≠ 0
h : Meromorphic f
h₂ : 0 < meromorphicOrderAt f 0
f2 :
  circleAverage (fun a => logCounting f (↑a) r + log ‖meromorphicTrailingCoeffAt (fun x => f x - a) 0‖) 0 1 =
    circleAverage (fun a => circleAverage (fun x => log ‖f x - a‖) 0 r + logCounting f ⊤ r) 0 1
⊢ False
failed
[2026-01-13 04:42:45] [INFO] Proof verification completed
[2026-01-13 04:42:45] [INFO] Strategy nlinarith attempt 1: verified=False
[2026-01-13 04:42:45] [INFO] Verification message: Cannot build modified file: <error line="307" column="4">
<code_line>  · nlinarith</code_line>
<message>error: linarith failed to find a contradiction</message>
</error>
case hf₁
r : ℝ
f : ℂ → ℂ
hr : r ≠ 0
h : Meromorphic f
h₂ : 0 < meromorphicOrderAt f 0
f2 :
  circleAverage (fun a => logCounting f (↑a) r + log ‖meromorphicTrailingCoeffAt (fun x => f x - a) 0‖) 0 1 =
    circleAverage (fun a => circleAverage (fun x => log ‖f x - a‖) 0 r + logCounting f ⊤ r) 0 1
⊢ False
failed

[2026-01-13 04:42:45] [INFO] Attempt 1 failed verification, continuing...
[2026-01-13 04:42:45] [INFO] ========================================
[2026-01-13 04:42:45] [INFO] Trying strategy: aesop (up to 1 attempts)
[2026-01-13 04:42:45] [INFO] --------------------
[2026-01-13 04:42:45] [INFO] Strategy aesop, attempt 1/1
[2026-01-13 04:42:45] [INFO] Starting proof generation...
[2026-01-13 04:42:45] [INFO] Repository path: /root/repo
[2026-01-13 04:42:45] [INFO] Proof generation completed
[2026-01-13 04:42:45] [INFO] Generated proof:
[2026-01-13 04:42:45] [INFO] aesop
[2026-01-13 04:42:45] [INFO] Proof length: 5 chars
[2026-01-13 04:42:45] [INFO] Starting proof verification...
[2026-01-13 04:42:45] [INFO] Verifying at: VD/CartanExperimentation.lean:307
[2026-01-13 04:42:45] [INFO] Using LEAN INTERACT verify
[2026-01-13 04:42:45] [INFO] Checking file
[2026-01-13 04:42:59] [INFO] Cannot build modified file <error line="307" column="2">
<code_line>  · aesop</code_line>
<message>error: unsolved goals</message>
</error>
case hf₁
r : ℝ
f : ℂ → ℂ
hr : ¬r = 0
h : Meromorphic f
h₂ : 0 < meromorphicOrderAt f 0
f2 :
  circleAverage (fun a => logCounting f (↑a) r + log ‖meromorphicTrailingCoeffAt (fun x => f x - a) 0‖) 0 1 =
    circleAverage (fun a => circleAverage (fun x => log ‖f x - a‖) 0 r + logCounting f ⊤ r) 0 1
⊢ CircleIntegrable (fun a => logCounting f (↑a) r) 0 1
[2026-01-13 04:42:59] [INFO] Proof verification completed
[2026-01-13 04:42:59] [INFO] Strategy aesop attempt 1: verified=False
[2026-01-13 04:42:59] [INFO] Verification message: Cannot build modified file: <error line="307" column="2">
<code_line>  · aesop</code_line>
<message>error: unsolved goals</message>
</error>
case hf₁
r : ℝ
f : ℂ → ℂ
hr : ¬r = 0
h : Meromorphic f
h₂ : 0 < meromorphicOrderAt f 0
f2 :
  circleAverage (fun a => logCounting f (↑a) r + log ‖meromorphicTrailingCoeffAt (fun x => f x - a) 0‖) 0 1 =
    circleAverage (fun a => circleAverage (fun x => log ‖f x - a‖) 0 r + logCounting f ⊤ r) 0 1
⊢ CircleIntegrable (fun a => logCounting f (↑a) r) 0 1

[2026-01-13 04:42:59] [INFO] Attempt 1 failed verification, continuing...
[2026-01-13 04:42:59] [INFO] ========================================
[2026-01-13 04:42:59] [INFO] Pass@k completed. Total results: 1
[2026-01-13 04:42:59] [INFO] FAILED: All 11 strategies x 1 attempts
[2026-01-13 04:42:59] [INFO] Writing results to file: /root/repo/result.json
[2026-01-13 04:42:59] [INFO] Result file written successfully
[2026-01-13 04:42:59] [INFO] Results exported to: /root/repo/result.json
[2026-01-13 04:42:59] [INFO] run_morphcloud_local.py completed successfully

[2026-01-13 04:43:01] [process_single_sorry] Downloading result file...
[2026-01-13 04:43:01] [process_single_sorry] Downloaded result to intermediate_experiment_outputs_full_reservoir_3_months/multi_tactic/2026-01-13_01-27-45_multi_tactic/individual/9591026f71f2ad3d0bc12f6ad161b43ec916defe62b02494f0a2de66ee2ba283.json
[2026-01-13 04:43:04] [process_single_sorry] Instance context closed successfully
[2026-01-13 04:43:04] [process_single_sorry] Parsing result file...
[2026-01-13 04:43:04] [process_single_sorry] Successfully parsed result (list format, 1 results)
