[2026-01-13 01:55:12] [process_single_sorry] Starting for sorry 9e69c23800c022b2f8826a7e2a0c9f91c33eb371a6c0d5e5499aef955b473e5e
[2026-01-13 01:55:12] [process_single_sorry] Using snapshot: snapshot_84nw04r4
[2026-01-13 01:55:12] [process_single_sorry] Repository: https://github.com/Timeroot/Lean-QuantumInfo@6099da24305d6ca71df680ccada8f91d026cb604
[2026-01-13 01:55:12] [process_single_sorry] Instance name: Lean-QuantumInfo_6099da24305d_multi_tactic_9e69c23800c022b2f8826a7e2a0c9f91c33eb371a6c0d5e5499aef955b473e5e
[2026-01-13 01:55:12] [process_single_sorry] Starting attempt 1/3
[2026-01-13 01:55:12] [process_single_sorry] Starting instance from snapshot...
[2026-01-13 01:55:13] [process_single_sorry] Instance started successfully: morphvm_6vix32rn
[2026-01-13 01:55:13] [process_single_sorry] Creating .env file...
[2026-01-13 01:55:18] [process_single_sorry] .env file created (exit_code: 0)
[2026-01-13 01:55:18] [process_single_sorry] Executing agent command...
[2026-01-13 02:28:41] [process_single_sorry] Retryable error on attempt 1/3: TimeoutError: Command execution timed out after 2000 seconds
[2026-01-13 02:28:41] [process_single_sorry] Waiting 2 seconds before retry...
[2026-01-13 02:28:46] [process_single_sorry] Starting attempt 2/3
[2026-01-13 02:28:46] [process_single_sorry] Starting instance from snapshot...
[2026-01-13 02:28:48] [process_single_sorry] Instance started successfully: morphvm_20pm5rbo
[2026-01-13 02:28:48] [process_single_sorry] Creating .env file...
[2026-01-13 02:28:54] [process_single_sorry] .env file created (exit_code: 0)
[2026-01-13 02:28:54] [process_single_sorry] Executing agent command...
[2026-01-13 03:02:16] [process_single_sorry] Retryable error on attempt 2/3: TimeoutError: 
[2026-01-13 03:02:16] [process_single_sorry] Waiting 2 seconds before retry...
[2026-01-13 03:02:24] [process_single_sorry] Starting attempt 3/3
[2026-01-13 03:02:24] [process_single_sorry] Starting instance from snapshot...
[2026-01-13 03:02:25] [process_single_sorry] Instance started successfully: morphvm_37wrz9ra
[2026-01-13 03:02:25] [process_single_sorry] Creating .env file...
[2026-01-13 03:02:34] [process_single_sorry] .env file created (exit_code: 0)
[2026-01-13 03:02:34] [process_single_sorry] Executing agent command...
[2026-01-13 03:36:01] [process_single_sorry] Retryable error on attempt 3/3: TimeoutError: Command execution timed out after 2000 seconds
[2026-01-13 03:36:01] [process_single_sorry] All 3 attempts exhausted
