[2026-01-13 06:10:29] [process_single_sorry] Starting for sorry b4d345ad1d3f7441b59f93f76f7041de9119dbd22ce9f96b637ae36a1ab933b2
[2026-01-13 06:10:29] [process_single_sorry] Using snapshot: snapshot_8yxfm4vl
[2026-01-13 06:10:29] [process_single_sorry] Repository: https://github.com/leanprover-community/batteries@fce4da76bae6a8daa1503009abb00587253c4177
[2026-01-13 06:10:29] [process_single_sorry] Instance name: batteries_fce4da76bae6_multi_tactic_b4d345ad1d3f7441b59f93f76f7041de9119dbd22ce9f96b637ae36a1ab933b2
[2026-01-13 06:10:29] [process_single_sorry] Starting attempt 1/3
[2026-01-13 06:10:29] [process_single_sorry] Starting instance from snapshot...
[2026-01-13 06:10:30] [process_single_sorry] Instance started successfully: morphvm_rth082n3
[2026-01-13 06:10:30] [process_single_sorry] Creating .env file...
[2026-01-13 06:10:32] [process_single_sorry] .env file created (exit_code: 0)
[2026-01-13 06:10:32] [process_single_sorry] Executing agent command...
[2026-01-13 06:10:52] [process_single_sorry] Agent command completed (exit_code: 0)
[2026-01-13 06:10:52] [process_single_sorry] STDOUT:

Results JSON:
[
  {
    "sorry": {
      "repo": {
        "remote": "https://github.com/leanprover-community/batteries",
        "branch": "weak.backward.privateInPublic",
        "commit": "fce4da76bae6a8daa1503009abb00587253c4177",
        "lean_version": "v4.25.0-rc2"
      },
      "location": {
        "path": "BatteriesTest/lintunused.lean",
        "start_line": 7,
        "start_column": 2,
        "end_line": 7,
        "end_column": 7
      },
      "debug_info": {
        "goal": "h : 1 = 1\n⊢ True",
        "url": "https://github.com/leanprover-community/batteries/blob/fce4da76bae6a8daa1503009abb00587253c4177/BatteriesTest/lintunused.lean#L7"
      },
      "metadata": {
        "blame_email_hash": "45b5ed8e3c8e",
        "blame_date": "2023-08-08T02:17:31+02:00",
        "inclusion_date": "2026-01-10T15:43:56.184226+00:00"
      },
      "id": "b4d345ad1d3f7441b59f93f76f7041de9119dbd22ce9f96b637ae36a1ab933b2"
    },
    "proof": null,
    "proof_verified": false,
    "feedback": null,
    "verification_message": "All 11 attempts failed (11 strategies x 1 attempts each)",
    "success": true,
    "error_type": null,
    "error_message": null,
    "strategy_name": "all_failed_k=1",
    "proof_attempts": [
      "rfl",
      "simp",
      "simp_all",
      "exact?",
      "grind",
      "ring",
      "norm_num",
      "omega",
      "linarith",
      "nlinarith",
      "aesop"
    ]
  }
]

[2026-01-13 06:10:52] [process_single_sorry] STDERR:
None of PyTorch, TensorFlow >= 2.0, or Flax have been found. Models won't be available and only tokenizers, configuration and file/data utilities can be used.
[2026-01-13 06:10:42] [INFO] ================================================================================
[2026-01-13 06:10:42] [INFO] Starting run_morphcloud_local.py
[2026-01-13 06:10:42] [INFO] ================================================================================
[2026-01-13 06:10:42] [INFO] Environment loaded
[2026-01-13 06:10:42] [INFO] Full command: /root/SorryDB/sorrydb/cli/run_morphcloud_local.py --repo-path /root/repo --sorry-json {"repo": {"remote": "https://github.com/leanprover-community/batteries", "branch": "weak.backward.privateInPublic", "commit": "fce4da76bae6a8daa1503009abb00587253c4177", "lean_version": "v4.25.0-rc2"}, "location": {"path": "BatteriesTest/lintunused.lean", "start_line": 7, "start_column": 2, "end_line": 7, "end_column": 7}, "debug_info": {"goal": "h : 1 = 1\n\u22a2 True", "url": "https://github.com/leanprover-community/batteries/blob/fce4da76bae6a8daa1503009abb00587253c4177/BatteriesTest/lintunused.lean#L7"}, "metadata": {"blame_email_hash": "45b5ed8e3c8e", "blame_date": "2023-08-08T02:17:31+02:00", "inclusion_date": "2026-01-10T15:43:56.184226+00:00"}, "id": "b4d345ad1d3f7441b59f93f76f7041de9119dbd22ce9f96b637ae36a1ab933b2"} --agent-strategy {"name": "multi_tactic", "args": {}}
[2026-01-13 06:10:42] [INFO] Arguments parsed: repo_path=/root/repo, output_path=/root/repo/result.json
[2026-01-13 06:10:42] [INFO] Strategy spec: {"name": "multi_tactic", "args": {}}...
[2026-01-13 06:10:42] [INFO] Loading sorry data...
[2026-01-13 06:10:42] [INFO] Parsing sorry from JSON string...
[2026-01-13 06:10:42] [INFO] Sorry data parsed from JSON string
[2026-01-13 06:10:42] [INFO] Creating strategy from spec...
[2026-01-13 06:10:42] [INFO] Parsing strategy spec (length: 36 chars)
[2026-01-13 06:10:42] [INFO] Strategy name: multi_tactic
[2026-01-13 06:10:42] [INFO] Strategy args: {}
[2026-01-13 06:10:42] [INFO] Pass@k value: 1
[2026-01-13 06:10:42] [INFO] Creating strategy: multi_tactic
[2026-01-13 06:10:42] [INFO] Creating multi_tactic strategy with tactics: ['rfl', 'simp', 'simp_all', 'exact?', 'grind', 'ring', 'norm_num', 'omega', 'linarith', 'nlinarith', 'aesop']
[2026-01-13 06:10:42] [INFO] Strategies created: ['rfl', 'simp', 'simp_all', 'exact?', 'grind', 'ring', 'norm_num', 'omega', 'linarith', 'nlinarith', 'aesop']
[2026-01-13 06:10:42] [INFO] Pass@k value: 1
[2026-01-13 06:10:42] [INFO] Creating Sorry object...
[2026-01-13 06:10:42] [INFO] Sorry object created: id=b4d345ad1d3f7441b59f93f76f7041de9119dbd22ce9f96b637ae36a1ab933b2
[2026-01-13 06:10:42] [INFO] Sorry location: BatteriesTest/lintunused.lean:7
[2026-01-13 06:10:42] [INFO] Context before sorry (lines 2-7):
[2026-01-13 06:10:42] [INFO]   2: 
[2026-01-13 06:10:42] [INFO]   3: -- should be ignored as the proof contains sorry
[2026-01-13 06:10:42] [INFO]   4: /-- warning: declaration uses 'sorry' -/
[2026-01-13 06:10:42] [INFO]   5: #guard_msgs in
[2026-01-13 06:10:42] [INFO]   6: theorem Foo (h : 1 = 1) : True :=
[2026-01-13 06:10:42] [INFO]   7:   sorry
[2026-01-13 06:10:42] [INFO] Sorry line:   sorry
[2026-01-13 06:10:42] [INFO] Sorry goal: h : 1 = 1
⊢ True...
[2026-01-13 06:10:42] [INFO] ========================================
[2026-01-13 06:10:42] [INFO] Trying strategy: rfl (up to 1 attempts)
[2026-01-13 06:10:42] [INFO] --------------------
[2026-01-13 06:10:42] [INFO] Strategy rfl, attempt 1/1
[2026-01-13 06:10:42] [INFO] Starting proof generation...
[2026-01-13 06:10:42] [INFO] Repository path: /root/repo
[2026-01-13 06:10:42] [INFO] Proof generation completed
[2026-01-13 06:10:42] [INFO] Generated proof:
[2026-01-13 06:10:42] [INFO] rfl
[2026-01-13 06:10:42] [INFO] Proof length: 3 chars
[2026-01-13 06:10:42] [INFO] Starting proof verification...
[2026-01-13 06:10:42] [INFO] Verifying at: BatteriesTest/lintunused.lean:7
[2026-01-13 06:10:42] [INFO] Using LEAN INTERACT verify
[2026-01-13 06:10:42] [INFO] Checking file
[2026-01-13 06:10:46] [INFO] Cannot build modified file <error line="6" column="0">
<code_line>theorem Foo (h : 1 = 1) : True :=</code_line>
<message>error: Not a definitional equality: the conclusion should be an equality, but is `True` </message>
</error>
<error line="7" column="2">
<code_line>  rfl</code_line>
<message>error: Type mismatch</message>
</error>
  rfl
has type
  ?m.8 = ?m.8
but is expected to have type
  True
<error line="5" column="0">
<code_line>#guard_msgs in</code_line>
<message>error: ❌️ Docstring on `#guard_msgs` does not match generated message:</message>
</error>

+ error: Not a definitional equality: the conclusion should be an equality, but is `True` 
+ ---
+ error: Type mismatch
+   rfl
+ has type
+   ?m.8 = ?m.8
+ but is expected to have type
+   True
[2026-01-13 06:10:46] [INFO] Proof verification completed
[2026-01-13 06:10:46] [INFO] Strategy rfl attempt 1: verified=False
[2026-01-13 06:10:46] [INFO] Verification message: Cannot build modified file: <error line="6" column="0">
<code_line>theorem Foo (h : 1 = 1) : True :=</code_line>
<message>error: Not a definitional equality: the conclusion should be an equality, but is `True` </message>
</error>
<error line="7" column="2">
<code_line>  rfl</code_line>
<message>error: Type mismatch</message>
</error>
  rfl
has type
  ?m.8 = ?m.8
but is expected to have type
  True
<error line="5" column="0">
<code_line>#guard_msgs in</code_line>
<message>error: ❌️ Docstring on `#guard_msgs` does not match generated message:</message>
</error>

+ error: Not a definitional equality: the conclusion should be an equality, but is `True` 
+ ---
+ error: Type mismatch
+   rfl
+ has type
+   ?m.8 = ?m.8
+ but is expected to have type
+   True

[2026-01-13 06:10:46] [INFO] Attempt 1 failed verification, continuing...
[2026-01-13 06:10:46] [INFO] ========================================
[2026-01-13 06:10:46] [INFO] Trying strategy: simp (up to 1 attempts)
[2026-01-13 06:10:46] [INFO] --------------------
[2026-01-13 06:10:46] [INFO] Strategy simp, attempt 1/1
[2026-01-13 06:10:46] [INFO] Starting proof generation...
[2026-01-13 06:10:46] [INFO] Repository path: /root/repo
[2026-01-13 06:10:46] [INFO] Proof generation completed
[2026-01-13 06:10:46] [INFO] Generated proof:
[2026-01-13 06:10:46] [INFO] simp
[2026-01-13 06:10:46] [INFO] Proof length: 4 chars
[2026-01-13 06:10:46] [INFO] Starting proof verification...
[2026-01-13 06:10:46] [INFO] Verifying at: BatteriesTest/lintunused.lean:7
[2026-01-13 06:10:46] [INFO] Using LEAN INTERACT verify
[2026-01-13 06:10:46] [INFO] Checking file
[2026-01-13 06:10:46] [INFO] Cannot build modified file BatteriesTest/tmpk37jz7k4.lean:7:2: error(lean.unknownIdentifier): Unknown identifier `simp`
<error line="5" column="0">
<code_line>#guard_msgs in</code_line>
<message>error: ❌️ Docstring on `#guard_msgs` does not match generated message:</message>
</error>

+ error: Unknown identifier `simp`
[2026-01-13 06:10:46] [INFO] Proof verification completed
[2026-01-13 06:10:46] [INFO] Strategy simp attempt 1: verified=False
[2026-01-13 06:10:46] [INFO] Verification message: Cannot build modified file: BatteriesTest/tmpk37jz7k4.lean:7:2: error(lean.unknownIdentifier): Unknown identifier `simp`
<error line="5" column="0">
<code_line>#guard_msgs in</code_line>
<message>error: ❌️ Docstring on `#guard_msgs` does not match generated message:</message>
</error>

+ error: Unknown identifier `simp`

[2026-01-13 06:10:46] [INFO] Attempt 1 failed verification, continuing...
[2026-01-13 06:10:46] [INFO] ========================================
[2026-01-13 06:10:46] [INFO] Trying strategy: simp_all (up to 1 attempts)
[2026-01-13 06:10:46] [INFO] --------------------
[2026-01-13 06:10:46] [INFO] Strategy simp_all, attempt 1/1
[2026-01-13 06:10:46] [INFO] Starting proof generation...
[2026-01-13 06:10:46] [INFO] Repository path: /root/repo
[2026-01-13 06:10:46] [INFO] Proof generation completed
[2026-01-13 06:10:46] [INFO] Generated proof:
[2026-01-13 06:10:46] [INFO] simp_all
[2026-01-13 06:10:46] [INFO] Proof length: 8 chars
[2026-01-13 06:10:46] [INFO] Starting proof verification...
[2026-01-13 06:10:46] [INFO] Verifying at: BatteriesTest/lintunused.lean:7
[2026-01-13 06:10:46] [INFO] Using LEAN INTERACT verify
[2026-01-13 06:10:46] [INFO] Checking file
[2026-01-13 06:10:47] [INFO] Cannot build modified file BatteriesTest/tmp0kro7neq.lean:7:2: error(lean.unknownIdentifier): Unknown identifier `simp_all`
<error line="5" column="0">
<code_line>#guard_msgs in</code_line>
<message>error: ❌️ Docstring on `#guard_msgs` does not match generated message:</message>
</error>

+ error: Unknown identifier `simp_all`
[2026-01-13 06:10:47] [INFO] Proof verification completed
[2026-01-13 06:10:47] [INFO] Strategy simp_all attempt 1: verified=False
[2026-01-13 06:10:47] [INFO] Verification message: Cannot build modified file: BatteriesTest/tmp0kro7neq.lean:7:2: error(lean.unknownIdentifier): Unknown identifier `simp_all`
<error line="5" column="0">
<code_line>#guard_msgs in</code_line>
<message>error: ❌️ Docstring on `#guard_msgs` does not match generated message:</message>
</error>

+ error: Unknown identifier `simp_all`

[2026-01-13 06:10:47] [INFO] Attempt 1 failed verification, continuing...
[2026-01-13 06:10:47] [INFO] ========================================
[2026-01-13 06:10:47] [INFO] Trying strategy: exact? (up to 1 attempts)
[2026-01-13 06:10:47] [INFO] --------------------
[2026-01-13 06:10:47] [INFO] Strategy exact?, attempt 1/1
[2026-01-13 06:10:47] [INFO] Starting proof generation...
[2026-01-13 06:10:47] [INFO] Repository path: /root/repo
[2026-01-13 06:10:47] [INFO] Proof generation completed
[2026-01-13 06:10:47] [INFO] Generated proof:
[2026-01-13 06:10:47] [INFO] exact?
[2026-01-13 06:10:47] [INFO] Proof length: 6 chars
[2026-01-13 06:10:47] [INFO] Starting proof verification...
[2026-01-13 06:10:47] [INFO] Verifying at: BatteriesTest/lintunused.lean:7
[2026-01-13 06:10:47] [INFO] Using LEAN INTERACT verify
[2026-01-13 06:10:47] [INFO] Checking file
[2026-01-13 06:10:47] [INFO] Cannot build modified file BatteriesTest/tmplnqgghrc.lean:7:2: error(lean.unknownIdentifier): Unknown identifier `exact?`
<error line="5" column="0">
<code_line>#guard_msgs in</code_line>
<message>error: ❌️ Docstring on `#guard_msgs` does not match generated message:</message>
</error>

+ error: Unknown identifier `exact?`
[2026-01-13 06:10:47] [INFO] Proof verification completed
[2026-01-13 06:10:47] [INFO] Strategy exact? attempt 1: verified=False
[2026-01-13 06:10:47] [INFO] Verification message: Cannot build modified file: BatteriesTest/tmplnqgghrc.lean:7:2: error(lean.unknownIdentifier): Unknown identifier `exact?`
<error line="5" column="0">
<code_line>#guard_msgs in</code_line>
<message>error: ❌️ Docstring on `#guard_msgs` does not match generated message:</message>
</error>

+ error: Unknown identifier `exact?`

[2026-01-13 06:10:47] [INFO] Attempt 1 failed verification, continuing...
[2026-01-13 06:10:47] [INFO] ========================================
[2026-01-13 06:10:47] [INFO] Trying strategy: grind (up to 1 attempts)
[2026-01-13 06:10:47] [INFO] --------------------
[2026-01-13 06:10:47] [INFO] Strategy grind, attempt 1/1
[2026-01-13 06:10:47] [INFO] Starting proof generation...
[2026-01-13 06:10:47] [INFO] Repository path: /root/repo
[2026-01-13 06:10:47] [INFO] Proof generation completed
[2026-01-13 06:10:47] [INFO] Generated proof:
[2026-01-13 06:10:47] [INFO] grind
[2026-01-13 06:10:47] [INFO] Proof length: 5 chars
[2026-01-13 06:10:47] [INFO] Starting proof verification...
[2026-01-13 06:10:47] [INFO] Verifying at: BatteriesTest/lintunused.lean:7
[2026-01-13 06:10:47] [INFO] Using LEAN INTERACT verify
[2026-01-13 06:10:47] [INFO] Checking file
[2026-01-13 06:10:48] [INFO] Cannot build modified file BatteriesTest/tmpyg1b0nvd.lean:7:2: error(lean.unknownIdentifier): Unknown identifier `grind`
<error line="5" column="0">
<code_line>#guard_msgs in</code_line>
<message>error: ❌️ Docstring on `#guard_msgs` does not match generated message:</message>
</error>

+ error: Unknown identifier `grind`
[2026-01-13 06:10:48] [INFO] Proof verification completed
[2026-01-13 06:10:48] [INFO] Strategy grind attempt 1: verified=False
[2026-01-13 06:10:48] [INFO] Verification message: Cannot build modified file: BatteriesTest/tmpyg1b0nvd.lean:7:2: error(lean.unknownIdentifier): Unknown identifier `grind`
<error line="5" column="0">
<code_line>#guard_msgs in</code_line>
<message>error: ❌️ Docstring on `#guard_msgs` does not match generated message:</message>
</error>

+ error: Unknown identifier `grind`

[2026-01-13 06:10:48] [INFO] Attempt 1 failed verification, continuing...
[2026-01-13 06:10:48] [INFO] ========================================
[2026-01-13 06:10:48] [INFO] Trying strategy: ring (up to 1 attempts)
[2026-01-13 06:10:48] [INFO] --------------------
[2026-01-13 06:10:48] [INFO] Strategy ring, attempt 1/1
[2026-01-13 06:10:48] [INFO] Starting proof generation...
[2026-01-13 06:10:48] [INFO] Repository path: /root/repo
[2026-01-13 06:10:48] [INFO] Proof generation completed
[2026-01-13 06:10:48] [INFO] Generated proof:
[2026-01-13 06:10:48] [INFO] ring
[2026-01-13 06:10:48] [INFO] Proof length: 4 chars
[2026-01-13 06:10:48] [INFO] Starting proof verification...
[2026-01-13 06:10:48] [INFO] Verifying at: BatteriesTest/lintunused.lean:7
[2026-01-13 06:10:48] [INFO] Using LEAN INTERACT verify
[2026-01-13 06:10:48] [INFO] Checking file
[2026-01-13 06:10:48] [INFO] Cannot build modified file BatteriesTest/tmpjznjgq21.lean:7:2: error(lean.unknownIdentifier): Unknown identifier `ring`
<error line="5" column="0">
<code_line>#guard_msgs in</code_line>
<message>error: ❌️ Docstring on `#guard_msgs` does not match generated message:</message>
</error>

+ error: Unknown identifier `ring`
[2026-01-13 06:10:48] [INFO] Proof verification completed
[2026-01-13 06:10:48] [INFO] Strategy ring attempt 1: verified=False
[2026-01-13 06:10:48] [INFO] Verification message: Cannot build modified file: BatteriesTest/tmpjznjgq21.lean:7:2: error(lean.unknownIdentifier): Unknown identifier `ring`
<error line="5" column="0">
<code_line>#guard_msgs in</code_line>
<message>error: ❌️ Docstring on `#guard_msgs` does not match generated message:</message>
</error>

+ error: Unknown identifier `ring`

[2026-01-13 06:10:48] [INFO] Attempt 1 failed verification, continuing...
[2026-01-13 06:10:48] [INFO] ========================================
[2026-01-13 06:10:48] [INFO] Trying strategy: norm_num (up to 1 attempts)
[2026-01-13 06:10:48] [INFO] --------------------
[2026-01-13 06:10:48] [INFO] Strategy norm_num, attempt 1/1
[2026-01-13 06:10:48] [INFO] Starting proof generation...
[2026-01-13 06:10:48] [INFO] Repository path: /root/repo
[2026-01-13 06:10:48] [INFO] Proof generation completed
[2026-01-13 06:10:48] [INFO] Generated proof:
[2026-01-13 06:10:48] [INFO] norm_num
[2026-01-13 06:10:48] [INFO] Proof length: 8 chars
[2026-01-13 06:10:48] [INFO] Starting proof verification...
[2026-01-13 06:10:48] [INFO] Verifying at: BatteriesTest/lintunused.lean:7
[2026-01-13 06:10:48] [INFO] Using LEAN INTERACT verify
[2026-01-13 06:10:48] [INFO] Checking file
[2026-01-13 06:10:49] [INFO] Cannot build modified file BatteriesTest/tmp8mq3or0n.lean:7:2: error(lean.unknownIdentifier): Unknown identifier `norm_num`
<error line="5" column="0">
<code_line>#guard_msgs in</code_line>
<message>error: ❌️ Docstring on `#guard_msgs` does not match generated message:</message>
</error>

+ error: Unknown identifier `norm_num`
[2026-01-13 06:10:49] [INFO] Proof verification completed
[2026-01-13 06:10:49] [INFO] Strategy norm_num attempt 1: verified=False
[2026-01-13 06:10:49] [INFO] Verification message: Cannot build modified file: BatteriesTest/tmp8mq3or0n.lean:7:2: error(lean.unknownIdentifier): Unknown identifier `norm_num`
<error line="5" column="0">
<code_line>#guard_msgs in</code_line>
<message>error: ❌️ Docstring on `#guard_msgs` does not match generated message:</message>
</error>

+ error: Unknown identifier `norm_num`

[2026-01-13 06:10:49] [INFO] Attempt 1 failed verification, continuing...
[2026-01-13 06:10:49] [INFO] ========================================
[2026-01-13 06:10:49] [INFO] Trying strategy: omega (up to 1 attempts)
[2026-01-13 06:10:49] [INFO] --------------------
[2026-01-13 06:10:49] [INFO] Strategy omega, attempt 1/1
[2026-01-13 06:10:49] [INFO] Starting proof generation...
[2026-01-13 06:10:49] [INFO] Repository path: /root/repo
[2026-01-13 06:10:49] [INFO] Proof generation completed
[2026-01-13 06:10:49] [INFO] Generated proof:
[2026-01-13 06:10:49] [INFO] omega
[2026-01-13 06:10:49] [INFO] Proof length: 5 chars
[2026-01-13 06:10:49] [INFO] Starting proof verification...
[2026-01-13 06:10:49] [INFO] Verifying at: BatteriesTest/lintunused.lean:7
[2026-01-13 06:10:49] [INFO] Using LEAN INTERACT verify
[2026-01-13 06:10:49] [INFO] Checking file
[2026-01-13 06:10:49] [INFO] Cannot build modified file BatteriesTest/tmp53tcr_52.lean:7:2: error(lean.unknownIdentifier): Unknown identifier `omega`
<error line="5" column="0">
<code_line>#guard_msgs in</code_line>
<message>error: ❌️ Docstring on `#guard_msgs` does not match generated message:</message>
</error>

+ error: Unknown identifier `omega`
[2026-01-13 06:10:49] [INFO] Proof verification completed
[2026-01-13 06:10:49] [INFO] Strategy omega attempt 1: verified=False
[2026-01-13 06:10:49] [INFO] Verification message: Cannot build modified file: BatteriesTest/tmp53tcr_52.lean:7:2: error(lean.unknownIdentifier): Unknown identifier `omega`
<error line="5" column="0">
<code_line>#guard_msgs in</code_line>
<message>error: ❌️ Docstring on `#guard_msgs` does not match generated message:</message>
</error>

+ error: Unknown identifier `omega`

[2026-01-13 06:10:49] [INFO] Attempt 1 failed verification, continuing...
[2026-01-13 06:10:49] [INFO] ========================================
[2026-01-13 06:10:49] [INFO] Trying strategy: linarith (up to 1 attempts)
[2026-01-13 06:10:49] [INFO] --------------------
[2026-01-13 06:10:49] [INFO] Strategy linarith, attempt 1/1
[2026-01-13 06:10:49] [INFO] Starting proof generation...
[2026-01-13 06:10:49] [INFO] Repository path: /root/repo
[2026-01-13 06:10:49] [INFO] Proof generation completed
[2026-01-13 06:10:49] [INFO] Generated proof:
[2026-01-13 06:10:49] [INFO] linarith
[2026-01-13 06:10:49] [INFO] Proof length: 8 chars
[2026-01-13 06:10:49] [INFO] Starting proof verification...
[2026-01-13 06:10:49] [INFO] Verifying at: BatteriesTest/lintunused.lean:7
[2026-01-13 06:10:49] [INFO] Using LEAN INTERACT verify
[2026-01-13 06:10:49] [INFO] Checking file
[2026-01-13 06:10:50] [INFO] Cannot build modified file BatteriesTest/tmp2r2djt1v.lean:7:2: error(lean.unknownIdentifier): Unknown identifier `linarith`
<error line="5" column="0">
<code_line>#guard_msgs in</code_line>
<message>error: ❌️ Docstring on `#guard_msgs` does not match generated message:</message>
</error>

+ error: Unknown identifier `linarith`
[2026-01-13 06:10:50] [INFO] Proof verification completed
[2026-01-13 06:10:50] [INFO] Strategy linarith attempt 1: verified=False
[2026-01-13 06:10:50] [INFO] Verification message: Cannot build modified file: BatteriesTest/tmp2r2djt1v.lean:7:2: error(lean.unknownIdentifier): Unknown identifier `linarith`
<error line="5" column="0">
<code_line>#guard_msgs in</code_line>
<message>error: ❌️ Docstring on `#guard_msgs` does not match generated message:</message>
</error>

+ error: Unknown identifier `linarith`

[2026-01-13 06:10:50] [INFO] Attempt 1 failed verification, continuing...
[2026-01-13 06:10:50] [INFO] ========================================
[2026-01-13 06:10:50] [INFO] Trying strategy: nlinarith (up to 1 attempts)
[2026-01-13 06:10:50] [INFO] --------------------
[2026-01-13 06:10:50] [INFO] Strategy nlinarith, attempt 1/1
[2026-01-13 06:10:50] [INFO] Starting proof generation...
[2026-01-13 06:10:50] [INFO] Repository path: /root/repo
[2026-01-13 06:10:50] [INFO] Proof generation completed
[2026-01-13 06:10:50] [INFO] Generated proof:
[2026-01-13 06:10:50] [INFO] nlinarith
[2026-01-13 06:10:50] [INFO] Proof length: 9 chars
[2026-01-13 06:10:50] [INFO] Starting proof verification...
[2026-01-13 06:10:50] [INFO] Verifying at: BatteriesTest/lintunused.lean:7
[2026-01-13 06:10:50] [INFO] Using LEAN INTERACT verify
[2026-01-13 06:10:50] [INFO] Checking file
[2026-01-13 06:10:51] [INFO] Cannot build modified file BatteriesTest/tmpjmeavhsh.lean:7:2: error(lean.unknownIdentifier): Unknown identifier `nlinarith`
<error line="5" column="0">
<code_line>#guard_msgs in</code_line>
<message>error: ❌️ Docstring on `#guard_msgs` does not match generated message:</message>
</error>

+ error: Unknown identifier `nlinarith`
[2026-01-13 06:10:51] [INFO] Proof verification completed
[2026-01-13 06:10:51] [INFO] Strategy nlinarith attempt 1: verified=False
[2026-01-13 06:10:51] [INFO] Verification message: Cannot build modified file: BatteriesTest/tmpjmeavhsh.lean:7:2: error(lean.unknownIdentifier): Unknown identifier `nlinarith`
<error line="5" column="0">
<code_line>#guard_msgs in</code_line>
<message>error: ❌️ Docstring on `#guard_msgs` does not match generated message:</message>
</error>

+ error: Unknown identifier `nlinarith`

[2026-01-13 06:10:51] [INFO] Attempt 1 failed verification, continuing...
[2026-01-13 06:10:51] [INFO] ========================================
[2026-01-13 06:10:51] [INFO] Trying strategy: aesop (up to 1 attempts)
[2026-01-13 06:10:51] [INFO] --------------------
[2026-01-13 06:10:51] [INFO] Strategy aesop, attempt 1/1
[2026-01-13 06:10:51] [INFO] Starting proof generation...
[2026-01-13 06:10:51] [INFO] Repository path: /root/repo
[2026-01-13 06:10:51] [INFO] Proof generation completed
[2026-01-13 06:10:51] [INFO] Generated proof:
[2026-01-13 06:10:51] [INFO] aesop
[2026-01-13 06:10:51] [INFO] Proof length: 5 chars
[2026-01-13 06:10:51] [INFO] Starting proof verification...
[2026-01-13 06:10:51] [INFO] Verifying at: BatteriesTest/lintunused.lean:7
[2026-01-13 06:10:51] [INFO] Using LEAN INTERACT verify
[2026-01-13 06:10:51] [INFO] Checking file
[2026-01-13 06:10:51] [INFO] Cannot build modified file BatteriesTest/tmpx8m64vgq.lean:7:2: error(lean.unknownIdentifier): Unknown identifier `aesop`
<error line="5" column="0">
<code_line>#guard_msgs in</code_line>
<message>error: ❌️ Docstring on `#guard_msgs` does not match generated message:</message>
</error>

+ error: Unknown identifier `aesop`
[2026-01-13 06:10:51] [INFO] Proof verification completed
[2026-01-13 06:10:51] [INFO] Strategy aesop attempt 1: verified=False
[2026-01-13 06:10:51] [INFO] Verification message: Cannot build modified file: BatteriesTest/tmpx8m64vgq.lean:7:2: error(lean.unknownIdentifier): Unknown identifier `aesop`
<error line="5" column="0">
<code_line>#guard_msgs in</code_line>
<message>error: ❌️ Docstring on `#guard_msgs` does not match generated message:</message>
</error>

+ error: Unknown identifier `aesop`

[2026-01-13 06:10:51] [INFO] Attempt 1 failed verification, continuing...
[2026-01-13 06:10:51] [INFO] ========================================
[2026-01-13 06:10:51] [INFO] Pass@k completed. Total results: 1
[2026-01-13 06:10:51] [INFO] FAILED: All 11 strategies x 1 attempts
[2026-01-13 06:10:51] [INFO] Writing results to file: /root/repo/result.json
[2026-01-13 06:10:51] [INFO] Result file written successfully
[2026-01-13 06:10:51] [INFO] Results exported to: /root/repo/result.json
[2026-01-13 06:10:51] [INFO] run_morphcloud_local.py completed successfully

[2026-01-13 06:10:52] [process_single_sorry] Downloading result file...
[2026-01-13 06:10:54] [process_single_sorry] Downloaded result to intermediate_experiment_outputs_full_reservoir_3_months/multi_tactic/2026-01-13_01-27-45_multi_tactic/individual/b4d345ad1d3f7441b59f93f76f7041de9119dbd22ce9f96b637ae36a1ab933b2.json
[2026-01-13 06:10:55] [process_single_sorry] Instance context closed successfully
[2026-01-13 06:10:55] [process_single_sorry] Parsing result file...
[2026-01-13 06:10:55] [process_single_sorry] Successfully parsed result (list format, 1 results)
