[2026-01-13 05:57:40] [process_single_sorry] Starting for sorry bcbdc99a322e20a8d02f886ec0c7bc11f66cbb760e4c3fa15a794e868e42a788
[2026-01-13 05:57:40] [process_single_sorry] Using snapshot: snapshot_zncnseuj
[2026-01-13 05:57:40] [process_single_sorry] Repository: https://github.com/sunblaze-ucb/verina@f613b335b9119667647b9cd09b7f78bf08f4d808
[2026-01-13 05:57:40] [process_single_sorry] Instance name: verina_f613b335b911_multi_tactic_bcbdc99a322e20a8d02f886ec0c7bc11f66cbb760e4c3fa15a794e868e42a788
[2026-01-13 05:57:40] [process_single_sorry] Starting attempt 1/3
[2026-01-13 05:57:40] [process_single_sorry] Starting instance from snapshot...
[2026-01-13 05:57:41] [process_single_sorry] Instance started successfully: morphvm_ifypq1n3
[2026-01-13 05:57:41] [process_single_sorry] Creating .env file...
[2026-01-13 05:57:49] [process_single_sorry] .env file created (exit_code: 0)
[2026-01-13 05:57:49] [process_single_sorry] Executing agent command...
[2026-01-13 05:59:45] [process_single_sorry] Agent command completed (exit_code: 0)
[2026-01-13 05:59:45] [process_single_sorry] STDOUT:

Results JSON:
[
  {
    "sorry": {
      "repo": {
        "remote": "https://github.com/sunblaze-ucb/verina",
        "branch": "zhe/coq",
        "commit": "f613b335b9119667647b9cd09b7f78bf08f4d808",
        "lean_version": "v4.18.0"
      },
      "location": {
        "path": "datasets/verina/verina_advanced_43/task.lean",
        "start_line": 66,
        "start_column": 2,
        "end_line": 66,
        "end_column": 7
      },
      "debug_info": {
        "goal": "nums : List ℤ\nh_precond : maxStrength_precond nums\n⊢ maxStrength_postcond nums (maxStrength nums h_precond) h_precond",
        "url": "https://github.com/sunblaze-ucb/verina/blob/f613b335b9119667647b9cd09b7f78bf08f4d808/datasets/verina/verina_advanced_43/task.lean#L66"
      },
      "metadata": {
        "blame_email_hash": "57893f83f9b8",
        "blame_date": "2025-05-16T02:32:35-07:00",
        "inclusion_date": "2026-01-11T02:56:58.094525+00:00"
      },
      "id": "bcbdc99a322e20a8d02f886ec0c7bc11f66cbb760e4c3fa15a794e868e42a788"
    },
    "proof": null,
    "proof_verified": false,
    "feedback": null,
    "verification_message": "All 11 attempts failed (11 strategies x 1 attempts each)",
    "success": true,
    "error_type": null,
    "error_message": null,
    "strategy_name": "all_failed_k=1",
    "proof_attempts": [
      "rfl",
      "simp",
      "simp_all",
      "exact?",
      "grind",
      "ring",
      "norm_num",
      "omega",
      "linarith",
      "nlinarith",
      "aesop"
    ]
  }
]

[2026-01-13 05:59:45] [process_single_sorry] STDERR:
None of PyTorch, TensorFlow >= 2.0, or Flax have been found. Models won't be available and only tokenizers, configuration and file/data utilities can be used.
[2026-01-13 05:58:01] [INFO] ================================================================================
[2026-01-13 05:58:01] [INFO] Starting run_morphcloud_local.py
[2026-01-13 05:58:01] [INFO] ================================================================================
[2026-01-13 05:58:01] [INFO] Environment loaded
[2026-01-13 05:58:01] [INFO] Full command: /root/SorryDB/sorrydb/cli/run_morphcloud_local.py --repo-path /root/repo --sorry-json {"repo": {"remote": "https://github.com/sunblaze-ucb/verina", "branch": "zhe/coq", "commit": "f613b335b9119667647b9cd09b7f78bf08f4d808", "lean_version": "v4.18.0"}, "location": {"path": "datasets/verina/verina_advanced_43/task.lean", "start_line": 66, "start_column": 2, "end_line": 66, "end_column": 7}, "debug_info": {"goal": "nums : List \u2124\nh_precond : maxStrength_precond nums\n\u22a2 maxStrength_postcond nums (maxStrength nums h_precond) h_precond", "url": "https://github.com/sunblaze-ucb/verina/blob/f613b335b9119667647b9cd09b7f78bf08f4d808/datasets/verina/verina_advanced_43/task.lean#L66"}, "metadata": {"blame_email_hash": "57893f83f9b8", "blame_date": "2025-05-16T02:32:35-07:00", "inclusion_date": "2026-01-11T02:56:58.094525+00:00"}, "id": "bcbdc99a322e20a8d02f886ec0c7bc11f66cbb760e4c3fa15a794e868e42a788"} --agent-strategy {"name": "multi_tactic", "args": {}}
[2026-01-13 05:58:01] [INFO] Arguments parsed: repo_path=/root/repo, output_path=/root/repo/result.json
[2026-01-13 05:58:01] [INFO] Strategy spec: {"name": "multi_tactic", "args": {}}...
[2026-01-13 05:58:01] [INFO] Loading sorry data...
[2026-01-13 05:58:01] [INFO] Parsing sorry from JSON string...
[2026-01-13 05:58:01] [INFO] Sorry data parsed from JSON string
[2026-01-13 05:58:01] [INFO] Creating strategy from spec...
[2026-01-13 05:58:01] [INFO] Parsing strategy spec (length: 36 chars)
[2026-01-13 05:58:01] [INFO] Strategy name: multi_tactic
[2026-01-13 05:58:01] [INFO] Strategy args: {}
[2026-01-13 05:58:01] [INFO] Pass@k value: 1
[2026-01-13 05:58:01] [INFO] Creating strategy: multi_tactic
[2026-01-13 05:58:01] [INFO] Creating multi_tactic strategy with tactics: ['rfl', 'simp', 'simp_all', 'exact?', 'grind', 'ring', 'norm_num', 'omega', 'linarith', 'nlinarith', 'aesop']
[2026-01-13 05:58:01] [INFO] Strategies created: ['rfl', 'simp', 'simp_all', 'exact?', 'grind', 'ring', 'norm_num', 'omega', 'linarith', 'nlinarith', 'aesop']
[2026-01-13 05:58:01] [INFO] Pass@k value: 1
[2026-01-13 05:58:01] [INFO] Creating Sorry object...
[2026-01-13 05:58:01] [INFO] Sorry object created: id=bcbdc99a322e20a8d02f886ec0c7bc11f66cbb760e4c3fa15a794e868e42a788
[2026-01-13 05:58:01] [INFO] Sorry location: datasets/verina/verina_advanced_43/task.lean:66
[2026-01-13 05:58:01] [INFO] Context before sorry (lines 61-66):
[2026-01-13 05:58:01] [INFO]   61: 
[2026-01-13 05:58:01] [INFO]   62: 
[2026-01-13 05:58:01] [INFO]   63: theorem maxStrength_spec_satisfied (nums: List Int) (h_precond : maxStrength_precond (nums)) :
[2026-01-13 05:58:01] [INFO]   64:     maxStrength_postcond (nums) (maxStrength (nums) h_precond) h_precond := by
[2026-01-13 05:58:01] [INFO]   65:   -- !benchmark @start proof
[2026-01-13 05:58:01] [INFO]   66:   sorry
[2026-01-13 05:58:01] [INFO] Sorry line:   sorry
[2026-01-13 05:58:01] [INFO] Sorry goal: nums : List ℤ
h_precond : maxStrength_precond nums
⊢ maxStrength_postcond nums (maxStrength nums h_p...
[2026-01-13 05:58:01] [INFO] ========================================
[2026-01-13 05:58:01] [INFO] Trying strategy: rfl (up to 1 attempts)
[2026-01-13 05:58:01] [INFO] --------------------
[2026-01-13 05:58:01] [INFO] Strategy rfl, attempt 1/1
[2026-01-13 05:58:01] [INFO] Starting proof generation...
[2026-01-13 05:58:01] [INFO] Repository path: /root/repo
[2026-01-13 05:58:01] [INFO] Proof generation completed
[2026-01-13 05:58:01] [INFO] Generated proof:
[2026-01-13 05:58:01] [INFO] rfl
[2026-01-13 05:58:01] [INFO] Proof length: 3 chars
[2026-01-13 05:58:01] [INFO] Starting proof verification...
[2026-01-13 05:58:01] [INFO] Verifying at: datasets/verina/verina_advanced_43/task.lean:66
[2026-01-13 05:58:01] [INFO] Using LEAN INTERACT verify
[2026-01-13 05:58:01] [INFO] Checking file
[2026-01-13 05:58:33] [INFO] Cannot build modified file note: this linter can be disabled with `set_option linter.unusedVariables false`
note: this linter can be disabled with `set_option linter.unusedVariables false`
<error line="66" column="2">
<code_line>  rfl</code_line>
<message>error: tactic 'rfl' failed, the left-hand side</message>
</error>
  (List.map (List.foldl (fun x1 x2 => x1 * x2) 1) (List.filter (fun x => decide (x ≠ [])) nums.sublists)).contains
      (maxStrength nums h_precond) =
    true
is not definitionally equal to the right-hand side
  ((List.map (List.foldl (fun x1 x2 => x1 * x2) 1) (List.filter (fun x => decide (x ≠ [])) nums.sublists)).all fun x =>
      decide (x ≤ maxStrength nums h_precond)) =
    true
nums : List ℤ
h_precond : maxStrength_precond nums
⊢ maxStrength_postcond nums (maxStrength nums h_precond) h_precond
[2026-01-13 05:58:33] [INFO] Proof verification completed
[2026-01-13 05:58:33] [INFO] Strategy rfl attempt 1: verified=False
[2026-01-13 05:58:33] [INFO] Verification message: Cannot build modified file: note: this linter can be disabled with `set_option linter.unusedVariables false`
note: this linter can be disabled with `set_option linter.unusedVariables false`
<error line="66" column="2">
<code_line>  rfl</code_line>
<message>error: tactic 'rfl' failed, the left-hand side</message>
</error>
  (List.map (List.foldl (fun x1 x2 => x1 * x2) 1) (List.filter (fun x => decide (x ≠ [])) nums.sublists)).contains
      (maxStrength nums h_precond) =
    true
is not definitionally equal to the right-hand side
  ((List.map (List.foldl (fun x1 x2 => x1 * x2) 1) (List.filter (fun x => decide (x ≠ [])) nums.sublists)).all fun x =>
      decide (x ≤ maxStrength nums h_precond)) =
    true
nums : List ℤ
h_precond : maxStrength_precond nums
⊢ maxStrength_postcond nums (maxStrength nums h_precond) h_precond

[2026-01-13 05:58:33] [INFO] Attempt 1 failed verification, continuing...
[2026-01-13 05:58:33] [INFO] ========================================
[2026-01-13 05:58:33] [INFO] Trying strategy: simp (up to 1 attempts)
[2026-01-13 05:58:33] [INFO] --------------------
[2026-01-13 05:58:33] [INFO] Strategy simp, attempt 1/1
[2026-01-13 05:58:33] [INFO] Starting proof generation...
[2026-01-13 05:58:33] [INFO] Repository path: /root/repo
[2026-01-13 05:58:33] [INFO] Proof generation completed
[2026-01-13 05:58:33] [INFO] Generated proof:
[2026-01-13 05:58:33] [INFO] simp
[2026-01-13 05:58:33] [INFO] Proof length: 4 chars
[2026-01-13 05:58:33] [INFO] Starting proof verification...
[2026-01-13 05:58:33] [INFO] Verifying at: datasets/verina/verina_advanced_43/task.lean:66
[2026-01-13 05:58:33] [INFO] Using LEAN INTERACT verify
[2026-01-13 05:58:33] [INFO] Checking file
[2026-01-13 05:58:38] [INFO] Cannot build modified file note: this linter can be disabled with `set_option linter.unusedVariables false`
note: this linter can be disabled with `set_option linter.unusedVariables false`
<error line="66" column="2">
<code_line>  simp</code_line>
<message>error: simp made no progress</message>
</error>
[2026-01-13 05:58:38] [INFO] Proof verification completed
[2026-01-13 05:58:38] [INFO] Strategy simp attempt 1: verified=False
[2026-01-13 05:58:38] [INFO] Verification message: Cannot build modified file: note: this linter can be disabled with `set_option linter.unusedVariables false`
note: this linter can be disabled with `set_option linter.unusedVariables false`
<error line="66" column="2">
<code_line>  simp</code_line>
<message>error: simp made no progress</message>
</error>

[2026-01-13 05:58:38] [INFO] Attempt 1 failed verification, continuing...
[2026-01-13 05:58:38] [INFO] ========================================
[2026-01-13 05:58:38] [INFO] Trying strategy: simp_all (up to 1 attempts)
[2026-01-13 05:58:38] [INFO] --------------------
[2026-01-13 05:58:38] [INFO] Strategy simp_all, attempt 1/1
[2026-01-13 05:58:38] [INFO] Starting proof generation...
[2026-01-13 05:58:38] [INFO] Repository path: /root/repo
[2026-01-13 05:58:38] [INFO] Proof generation completed
[2026-01-13 05:58:38] [INFO] Generated proof:
[2026-01-13 05:58:38] [INFO] simp_all
[2026-01-13 05:58:38] [INFO] Proof length: 8 chars
[2026-01-13 05:58:38] [INFO] Starting proof verification...
[2026-01-13 05:58:38] [INFO] Verifying at: datasets/verina/verina_advanced_43/task.lean:66
[2026-01-13 05:58:38] [INFO] Using LEAN INTERACT verify
[2026-01-13 05:58:38] [INFO] Checking file
[2026-01-13 05:58:43] [INFO] Cannot build modified file note: this linter can be disabled with `set_option linter.unusedVariables false`
note: this linter can be disabled with `set_option linter.unusedVariables false`
<error line="66" column="2">
<code_line>  simp_all</code_line>
<message>error: simp_all made no progress</message>
</error>
[2026-01-13 05:58:43] [INFO] Proof verification completed
[2026-01-13 05:58:43] [INFO] Strategy simp_all attempt 1: verified=False
[2026-01-13 05:58:43] [INFO] Verification message: Cannot build modified file: note: this linter can be disabled with `set_option linter.unusedVariables false`
note: this linter can be disabled with `set_option linter.unusedVariables false`
<error line="66" column="2">
<code_line>  simp_all</code_line>
<message>error: simp_all made no progress</message>
</error>

[2026-01-13 05:58:43] [INFO] Attempt 1 failed verification, continuing...
[2026-01-13 05:58:43] [INFO] ========================================
[2026-01-13 05:58:43] [INFO] Trying strategy: exact? (up to 1 attempts)
[2026-01-13 05:58:43] [INFO] --------------------
[2026-01-13 05:58:43] [INFO] Strategy exact?, attempt 1/1
[2026-01-13 05:58:43] [INFO] Starting proof generation...
[2026-01-13 05:58:43] [INFO] Repository path: /root/repo
[2026-01-13 05:58:43] [INFO] Proof generation completed
[2026-01-13 05:58:43] [INFO] Generated proof:
[2026-01-13 05:58:43] [INFO] exact?
[2026-01-13 05:58:43] [INFO] Proof length: 6 chars
[2026-01-13 05:58:43] [INFO] Starting proof verification...
[2026-01-13 05:58:43] [INFO] Verifying at: datasets/verina/verina_advanced_43/task.lean:66
[2026-01-13 05:58:43] [INFO] Using LEAN INTERACT verify
[2026-01-13 05:58:43] [INFO] Checking file
[2026-01-13 05:59:11] [INFO] Cannot build modified file note: this linter can be disabled with `set_option linter.unusedVariables false`
note: this linter can be disabled with `set_option linter.unusedVariables false`
<error line="66" column="2">
<code_line>  exact?</code_line>
<message>error: `exact?` could not close the goal.</message>
</error>
[2026-01-13 05:59:11] [INFO] Proof verification completed
[2026-01-13 05:59:11] [INFO] Strategy exact? attempt 1: verified=False
[2026-01-13 05:59:11] [INFO] Verification message: Cannot build modified file: note: this linter can be disabled with `set_option linter.unusedVariables false`
note: this linter can be disabled with `set_option linter.unusedVariables false`
<error line="66" column="2">
<code_line>  exact?</code_line>
<message>error: `exact?` could not close the goal.</message>
</error>

[2026-01-13 05:59:11] [INFO] Attempt 1 failed verification, continuing...
[2026-01-13 05:59:11] [INFO] ========================================
[2026-01-13 05:59:11] [INFO] Trying strategy: grind (up to 1 attempts)
[2026-01-13 05:59:11] [INFO] --------------------
[2026-01-13 05:59:11] [INFO] Strategy grind, attempt 1/1
[2026-01-13 05:59:11] [INFO] Starting proof generation...
[2026-01-13 05:59:11] [INFO] Repository path: /root/repo
[2026-01-13 05:59:11] [INFO] Proof generation completed
[2026-01-13 05:59:11] [INFO] Generated proof:
[2026-01-13 05:59:11] [INFO] grind
[2026-01-13 05:59:11] [INFO] Proof length: 5 chars
[2026-01-13 05:59:11] [INFO] Starting proof verification...
[2026-01-13 05:59:11] [INFO] Verifying at: datasets/verina/verina_advanced_43/task.lean:66
[2026-01-13 05:59:11] [INFO] Using LEAN INTERACT verify
[2026-01-13 05:59:11] [INFO] Checking file
[2026-01-13 05:59:16] [INFO] Cannot build modified file note: this linter can be disabled with `set_option linter.unusedVariables false`
note: this linter can be disabled with `set_option linter.unusedVariables false`
<error line="66" column="2">
<code_line>  grind</code_line>
<message>error: `grind` failed</message>
</error>
case grind.1
nums : List ℤ
h_precond h_1 : ¬nums = []
sublists : List (List ℤ) := List.filter (fun x => decide ¬x = []) nums.sublists
products : List ℤ := List.map (List.foldl (fun x1 x2 => x1 * x2) 1) sublists
h_3 : List.elem (maxStrength nums ⋯) products = false
⊢ False
[grind] Goal diagnostics
  [facts] Asserted facts
    [prop] ¬nums = []
    [prop] sublists = List.filter (fun x => !decide (x = [])) nums.sublists
    [prop] products = List.map (List.foldl (fun x1 x2 => x1 * x2) 1) sublists
    [prop] List.elem (maxStrength nums ⋯) products = false ∨
          (products.all fun x => decide (x + -1 * maxStrength nums h_precond ≤ 0)) = false
    [prop] List.elem (maxStrength nums ⋯) products = false
  [eqc] True propositions
    [prop] List.elem (maxStrength nums ⋯) products = false ∨
          (products.all fun x => decide (x + -1 * maxStrength nums h_precond ≤ 0)) = false
    [prop] ¬nums = []
    [prop] List.elem (maxStrength nums ⋯) products = false
  [eqc] False propositions
    [prop] nums = []
  [eqc] Equivalence classes
    [eqc] {products, List.map (List.foldl (fun x1 x2 => x1 * x2) 1) sublists}
    [eqc] {sublists, List.filter (fun x => !decide (x = [])) nums.sublists}
    [eqc] {List.elem (maxStrength nums ⋯) products, false}
  [cases] Case analyses
    [cases] [1/2]: List.elem (maxStrength nums ⋯) products = false ∨
          (products.all fun x => decide (x + -1 * maxStrength nums h_precond ≤ 0)) = false
[grind] Issues
  [issue] #1 other goal(s) were not fully processed due to previous failures, threshold: `(failures := 1)`
[2026-01-13 05:59:16] [INFO] Proof verification completed
[2026-01-13 05:59:16] [INFO] Strategy grind attempt 1: verified=False
[2026-01-13 05:59:16] [INFO] Verification message: Cannot build modified file: note: this linter can be disabled with `set_option linter.unusedVariables false`
note: this linter can be disabled with `set_option linter.unusedVariables false`
<error line="66" column="2">
<code_line>  grind</code_line>
<message>error: `grind` failed</message>
</error>
case grind.1
nums : List ℤ
h_precond h_1 : ¬nums = []
sublists : List (List ℤ) := List.filter (fun x => decide ¬x = []) nums.sublists
products : List ℤ := List.map (List.foldl (fun x1 x2 => x1 * x2) 1) sublists
h_3 : List.elem (maxStrength nums ⋯) products = false
⊢ False
[grind] Goal diagnostics
  [facts] Asserted facts
    [prop] ¬nums = []
    [prop] sublists = List.filter (fun x => !decide (x = [])) nums.sublists
    [prop] products = List.map (List.foldl (fun x1 x2 => x1 * x2) 1) sublists
    [prop] List.elem (maxStrength nums ⋯) products = false ∨
          (products.all fun x => decide (x + -1 * maxStrength nums h_precond ≤ 0)) = false
    [prop] List.elem (maxStrength nums ⋯) products = false
  [eqc] True propositions
    [prop] List.elem (maxStrength nums ⋯) products = false ∨
          (products.all fun x => decide (x + -1 * maxStrength nums h_precond ≤ 0)) = false
    [prop] ¬nums = []
    [prop] List.elem (maxStrength nums ⋯) products = false
  [eqc] False propositions
    [prop] nums = []
  [eqc] Equivalence classes
    [eqc] {products, List.map (List.foldl (fun x1 x2 => x1 * x2) 1) sublists}
    [eqc] {sublists, List.filter (fun x => !decide (x = [])) nums.sublists}
    [eqc] {List.elem (maxStrength nums ⋯) products, false}
  [cases] Case analyses
    [cases] [1/2]: List.elem (maxStrength nums ⋯) products = false ∨
          (products.all fun x => decide (x + -1 * maxStrength nums h_precond ≤ 0)) = false
[grind] Issues
  [issue] #1 other goal(s) were not fully processed due to previous failures, threshold: `(failures := 1)`

[2026-01-13 05:59:16] [INFO] Attempt 1 failed verification, continuing...
[2026-01-13 05:59:16] [INFO] ========================================
[2026-01-13 05:59:16] [INFO] Trying strategy: ring (up to 1 attempts)
[2026-01-13 05:59:16] [INFO] --------------------
[2026-01-13 05:59:16] [INFO] Strategy ring, attempt 1/1
[2026-01-13 05:59:16] [INFO] Starting proof generation...
[2026-01-13 05:59:16] [INFO] Repository path: /root/repo
[2026-01-13 05:59:16] [INFO] Proof generation completed
[2026-01-13 05:59:16] [INFO] Generated proof:
[2026-01-13 05:59:16] [INFO] ring
[2026-01-13 05:59:16] [INFO] Proof length: 4 chars
[2026-01-13 05:59:16] [INFO] Starting proof verification...
[2026-01-13 05:59:16] [INFO] Verifying at: datasets/verina/verina_advanced_43/task.lean:66
[2026-01-13 05:59:16] [INFO] Using LEAN INTERACT verify
[2026-01-13 05:59:16] [INFO] Checking file
[2026-01-13 05:59:20] [INFO] Cannot build modified file note: this linter can be disabled with `set_option linter.unusedVariables false`
note: this linter can be disabled with `set_option linter.unusedVariables false`
Try this: ring_nf
<error line="64" column="76">
<code_line>    maxStrength_postcond (nums) (maxStrength (nums) h_precond) h_precond := by</code_line>
<message>error: unsolved goals</message>
</error>
nums : List ℤ
h_precond : maxStrength_precond nums
⊢ maxStrength_postcond nums (maxStrength nums h_precond) h_precond
[2026-01-13 05:59:20] [INFO] Proof verification completed
[2026-01-13 05:59:20] [INFO] Strategy ring attempt 1: verified=False
[2026-01-13 05:59:20] [INFO] Verification message: Cannot build modified file: note: this linter can be disabled with `set_option linter.unusedVariables false`
note: this linter can be disabled with `set_option linter.unusedVariables false`
Try this: ring_nf
<error line="64" column="76">
<code_line>    maxStrength_postcond (nums) (maxStrength (nums) h_precond) h_precond := by</code_line>
<message>error: unsolved goals</message>
</error>
nums : List ℤ
h_precond : maxStrength_precond nums
⊢ maxStrength_postcond nums (maxStrength nums h_precond) h_precond

[2026-01-13 05:59:20] [INFO] Attempt 1 failed verification, continuing...
[2026-01-13 05:59:20] [INFO] ========================================
[2026-01-13 05:59:20] [INFO] Trying strategy: norm_num (up to 1 attempts)
[2026-01-13 05:59:20] [INFO] --------------------
[2026-01-13 05:59:20] [INFO] Strategy norm_num, attempt 1/1
[2026-01-13 05:59:20] [INFO] Starting proof generation...
[2026-01-13 05:59:20] [INFO] Repository path: /root/repo
[2026-01-13 05:59:20] [INFO] Proof generation completed
[2026-01-13 05:59:20] [INFO] Generated proof:
[2026-01-13 05:59:20] [INFO] norm_num
[2026-01-13 05:59:20] [INFO] Proof length: 8 chars
[2026-01-13 05:59:20] [INFO] Starting proof verification...
[2026-01-13 05:59:20] [INFO] Verifying at: datasets/verina/verina_advanced_43/task.lean:66
[2026-01-13 05:59:20] [INFO] Using LEAN INTERACT verify
[2026-01-13 05:59:20] [INFO] Checking file
[2026-01-13 05:59:25] [INFO] Cannot build modified file note: this linter can be disabled with `set_option linter.unusedVariables false`
note: this linter can be disabled with `set_option linter.unusedVariables false`
<error line="64" column="76">
<code_line>    maxStrength_postcond (nums) (maxStrength (nums) h_precond) h_precond := by</code_line>
<message>error: unsolved goals</message>
</error>
nums : List ℤ
h_precond : maxStrength_precond nums
⊢ maxStrength_postcond nums (maxStrength nums h_precond) h_precond
[2026-01-13 05:59:25] [INFO] Proof verification completed
[2026-01-13 05:59:25] [INFO] Strategy norm_num attempt 1: verified=False
[2026-01-13 05:59:25] [INFO] Verification message: Cannot build modified file: note: this linter can be disabled with `set_option linter.unusedVariables false`
note: this linter can be disabled with `set_option linter.unusedVariables false`
<error line="64" column="76">
<code_line>    maxStrength_postcond (nums) (maxStrength (nums) h_precond) h_precond := by</code_line>
<message>error: unsolved goals</message>
</error>
nums : List ℤ
h_precond : maxStrength_precond nums
⊢ maxStrength_postcond nums (maxStrength nums h_precond) h_precond

[2026-01-13 05:59:25] [INFO] Attempt 1 failed verification, continuing...
[2026-01-13 05:59:25] [INFO] ========================================
[2026-01-13 05:59:25] [INFO] Trying strategy: omega (up to 1 attempts)
[2026-01-13 05:59:25] [INFO] --------------------
[2026-01-13 05:59:25] [INFO] Strategy omega, attempt 1/1
[2026-01-13 05:59:25] [INFO] Starting proof generation...
[2026-01-13 05:59:25] [INFO] Repository path: /root/repo
[2026-01-13 05:59:25] [INFO] Proof generation completed
[2026-01-13 05:59:25] [INFO] Generated proof:
[2026-01-13 05:59:25] [INFO] omega
[2026-01-13 05:59:25] [INFO] Proof length: 5 chars
[2026-01-13 05:59:25] [INFO] Starting proof verification...
[2026-01-13 05:59:25] [INFO] Verifying at: datasets/verina/verina_advanced_43/task.lean:66
[2026-01-13 05:59:25] [INFO] Using LEAN INTERACT verify
[2026-01-13 05:59:25] [INFO] Checking file
[2026-01-13 05:59:29] [INFO] Cannot build modified file note: this linter can be disabled with `set_option linter.unusedVariables false`
note: this linter can be disabled with `set_option linter.unusedVariables false`
<error line="66" column="2">
<code_line>  omega</code_line>
<message>error: omega could not prove the goal:</message>
</error>
No usable constraints found. You may need to unfold definitions so `omega` can see linear arithmetic facts about `Nat` and `Int`, which may also involve multiplication, division, and modular remainder by constants.
[2026-01-13 05:59:29] [INFO] Proof verification completed
[2026-01-13 05:59:29] [INFO] Strategy omega attempt 1: verified=False
[2026-01-13 05:59:29] [INFO] Verification message: Cannot build modified file: note: this linter can be disabled with `set_option linter.unusedVariables false`
note: this linter can be disabled with `set_option linter.unusedVariables false`
<error line="66" column="2">
<code_line>  omega</code_line>
<message>error: omega could not prove the goal:</message>
</error>
No usable constraints found. You may need to unfold definitions so `omega` can see linear arithmetic facts about `Nat` and `Int`, which may also involve multiplication, division, and modular remainder by constants.

[2026-01-13 05:59:29] [INFO] Attempt 1 failed verification, continuing...
[2026-01-13 05:59:29] [INFO] ========================================
[2026-01-13 05:59:29] [INFO] Trying strategy: linarith (up to 1 attempts)
[2026-01-13 05:59:29] [INFO] --------------------
[2026-01-13 05:59:29] [INFO] Strategy linarith, attempt 1/1
[2026-01-13 05:59:29] [INFO] Starting proof generation...
[2026-01-13 05:59:29] [INFO] Repository path: /root/repo
[2026-01-13 05:59:29] [INFO] Proof generation completed
[2026-01-13 05:59:29] [INFO] Generated proof:
[2026-01-13 05:59:29] [INFO] linarith
[2026-01-13 05:59:29] [INFO] Proof length: 8 chars
[2026-01-13 05:59:29] [INFO] Starting proof verification...
[2026-01-13 05:59:29] [INFO] Verifying at: datasets/verina/verina_advanced_43/task.lean:66
[2026-01-13 05:59:29] [INFO] Using LEAN INTERACT verify
[2026-01-13 05:59:29] [INFO] Checking file
[2026-01-13 05:59:34] [INFO] Cannot build modified file note: this linter can be disabled with `set_option linter.unusedVariables false`
note: this linter can be disabled with `set_option linter.unusedVariables false`
<error line="66" column="2">
<code_line>  linarith</code_line>
<message>error: linarith failed to find a contradiction</message>
</error>
nums : List ℤ
h_precond : maxStrength_precond nums
⊢ False failed
[2026-01-13 05:59:34] [INFO] Proof verification completed
[2026-01-13 05:59:34] [INFO] Strategy linarith attempt 1: verified=False
[2026-01-13 05:59:34] [INFO] Verification message: Cannot build modified file: note: this linter can be disabled with `set_option linter.unusedVariables false`
note: this linter can be disabled with `set_option linter.unusedVariables false`
<error line="66" column="2">
<code_line>  linarith</code_line>
<message>error: linarith failed to find a contradiction</message>
</error>
nums : List ℤ
h_precond : maxStrength_precond nums
⊢ False failed

[2026-01-13 05:59:34] [INFO] Attempt 1 failed verification, continuing...
[2026-01-13 05:59:34] [INFO] ========================================
[2026-01-13 05:59:34] [INFO] Trying strategy: nlinarith (up to 1 attempts)
[2026-01-13 05:59:34] [INFO] --------------------
[2026-01-13 05:59:34] [INFO] Strategy nlinarith, attempt 1/1
[2026-01-13 05:59:34] [INFO] Starting proof generation...
[2026-01-13 05:59:34] [INFO] Repository path: /root/repo
[2026-01-13 05:59:34] [INFO] Proof generation completed
[2026-01-13 05:59:34] [INFO] Generated proof:
[2026-01-13 05:59:34] [INFO] nlinarith
[2026-01-13 05:59:34] [INFO] Proof length: 9 chars
[2026-01-13 05:59:34] [INFO] Starting proof verification...
[2026-01-13 05:59:34] [INFO] Verifying at: datasets/verina/verina_advanced_43/task.lean:66
[2026-01-13 05:59:34] [INFO] Using LEAN INTERACT verify
[2026-01-13 05:59:34] [INFO] Checking file
[2026-01-13 05:59:39] [INFO] Cannot build modified file note: this linter can be disabled with `set_option linter.unusedVariables false`
note: this linter can be disabled with `set_option linter.unusedVariables false`
<error line="66" column="2">
<code_line>  nlinarith</code_line>
<message>error: linarith failed to find a contradiction</message>
</error>
nums : List ℤ
h_precond : maxStrength_precond nums
⊢ False failed
[2026-01-13 05:59:39] [INFO] Proof verification completed
[2026-01-13 05:59:39] [INFO] Strategy nlinarith attempt 1: verified=False
[2026-01-13 05:59:39] [INFO] Verification message: Cannot build modified file: note: this linter can be disabled with `set_option linter.unusedVariables false`
note: this linter can be disabled with `set_option linter.unusedVariables false`
<error line="66" column="2">
<code_line>  nlinarith</code_line>
<message>error: linarith failed to find a contradiction</message>
</error>
nums : List ℤ
h_precond : maxStrength_precond nums
⊢ False failed

[2026-01-13 05:59:39] [INFO] Attempt 1 failed verification, continuing...
[2026-01-13 05:59:39] [INFO] ========================================
[2026-01-13 05:59:39] [INFO] Trying strategy: aesop (up to 1 attempts)
[2026-01-13 05:59:39] [INFO] --------------------
[2026-01-13 05:59:39] [INFO] Strategy aesop, attempt 1/1
[2026-01-13 05:59:39] [INFO] Starting proof generation...
[2026-01-13 05:59:39] [INFO] Repository path: /root/repo
[2026-01-13 05:59:39] [INFO] Proof generation completed
[2026-01-13 05:59:39] [INFO] Generated proof:
[2026-01-13 05:59:39] [INFO] aesop
[2026-01-13 05:59:39] [INFO] Proof length: 5 chars
[2026-01-13 05:59:39] [INFO] Starting proof verification...
[2026-01-13 05:59:39] [INFO] Verifying at: datasets/verina/verina_advanced_43/task.lean:66
[2026-01-13 05:59:39] [INFO] Using LEAN INTERACT verify
[2026-01-13 05:59:39] [INFO] Checking file
[2026-01-13 05:59:44] [INFO] Cannot build modified file note: this linter can be disabled with `set_option linter.unusedVariables false`
note: this linter can be disabled with `set_option linter.unusedVariables false`
<error line="66" column="2">
<code_line>  aesop</code_line>
<message>error: tactic 'aesop' failed, made no progress</message>
</error>
Initial goal:
  nums : List ℤ
  h_precond : maxStrength_precond nums
  ⊢ maxStrength_postcond nums (maxStrength nums h_precond) h_precond
[2026-01-13 05:59:44] [INFO] Proof verification completed
[2026-01-13 05:59:44] [INFO] Strategy aesop attempt 1: verified=False
[2026-01-13 05:59:44] [INFO] Verification message: Cannot build modified file: note: this linter can be disabled with `set_option linter.unusedVariables false`
note: this linter can be disabled with `set_option linter.unusedVariables false`
<error line="66" column="2">
<code_line>  aesop</code_line>
<message>error: tactic 'aesop' failed, made no progress</message>
</error>
Initial goal:
  nums : List ℤ
  h_precond : maxStrength_precond nums
  ⊢ maxStrength_postcond nums (maxStrength nums h_precond) h_precond

[2026-01-13 05:59:44] [INFO] Attempt 1 failed verification, continuing...
[2026-01-13 05:59:44] [INFO] ========================================
[2026-01-13 05:59:44] [INFO] Pass@k completed. Total results: 1
[2026-01-13 05:59:44] [INFO] FAILED: All 11 strategies x 1 attempts
[2026-01-13 05:59:44] [INFO] Writing results to file: /root/repo/result.json
[2026-01-13 05:59:44] [INFO] Result file written successfully
[2026-01-13 05:59:44] [INFO] Results exported to: /root/repo/result.json
[2026-01-13 05:59:44] [INFO] run_morphcloud_local.py completed successfully

[2026-01-13 05:59:45] [process_single_sorry] Downloading result file...
[2026-01-13 05:59:45] [process_single_sorry] Downloaded result to intermediate_experiment_outputs_full_reservoir_3_months/multi_tactic/2026-01-13_01-27-45_multi_tactic/individual/bcbdc99a322e20a8d02f886ec0c7bc11f66cbb760e4c3fa15a794e868e42a788.json
[2026-01-13 05:59:48] [process_single_sorry] Instance context closed successfully
[2026-01-13 05:59:48] [process_single_sorry] Parsing result file...
[2026-01-13 05:59:48] [process_single_sorry] Successfully parsed result (list format, 1 results)
