[2026-01-13 03:46:44] [process_single_sorry] Starting for sorry c8b5137f816d58c171b142b627758e9d95ad3a7e35da8db254822d92a60d27cd
[2026-01-13 03:46:44] [process_single_sorry] Using snapshot: snapshot_zto64dt2
[2026-01-13 03:46:44] [process_single_sorry] Repository: https://github.com/google-deepmind/formal-imo@d3f9410760a5566c773a9136023a08d9be86684e
[2026-01-13 03:46:44] [process_single_sorry] Instance name: formal-imo_d3f9410760a5_multi_tactic_c8b5137f816d58c171b142b627758e9d95ad3a7e35da8db254822d92a60d27cd
[2026-01-13 03:46:44] [process_single_sorry] Starting attempt 1/3
[2026-01-13 03:46:44] [process_single_sorry] Starting instance from snapshot...
[2026-01-13 03:46:44] [process_single_sorry] Instance started successfully: morphvm_1kl880k8
[2026-01-13 03:46:44] [process_single_sorry] Creating .env file...
[2026-01-13 03:46:48] [process_single_sorry] .env file created (exit_code: 0)
[2026-01-13 03:46:48] [process_single_sorry] Executing agent command...
[2026-01-13 03:51:29] [process_single_sorry] Agent command completed (exit_code: 0)
[2026-01-13 03:51:29] [process_single_sorry] STDOUT:

Results JSON:
[
  {
    "sorry": {
      "repo": {
        "remote": "https://github.com/google-deepmind/formal-imo",
        "branch": "main",
        "commit": "d3f9410760a5566c773a9136023a08d9be86684e",
        "lean_version": "v4.22.0"
      },
      "location": {
        "path": "Imo/1972/P3.lean",
        "start_line": 26,
        "start_column": 2,
        "end_line": 26,
        "end_column": 7
      },
      "debug_info": {
        "goal": "m n : ℕ\n⊢ m.factorial * n.factorial * (m + n).factorial ∣ (2 * m).factorial * (2 * n).factorial",
        "url": "https://github.com/google-deepmind/formal-imo/blob/d3f9410760a5566c773a9136023a08d9be86684e/Imo/1972/P3.lean#L26"
      },
      "metadata": {
        "blame_email_hash": "0baf90d5af49",
        "blame_date": "2025-01-16T19:10:00+00:00",
        "inclusion_date": "2026-01-10T05:44:37.562726+00:00"
      },
      "id": "c8b5137f816d58c171b142b627758e9d95ad3a7e35da8db254822d92a60d27cd"
    },
    "proof": null,
    "proof_verified": false,
    "feedback": null,
    "verification_message": "All 11 attempts failed (11 strategies x 1 attempts each)",
    "success": true,
    "error_type": null,
    "error_message": null,
    "strategy_name": "all_failed_k=1",
    "proof_attempts": [
      "rfl",
      "simp",
      "simp_all",
      "exact?",
      "grind",
      "ring",
      "norm_num",
      "omega",
      "linarith",
      "nlinarith",
      "aesop"
    ]
  }
]

[2026-01-13 03:51:29] [process_single_sorry] STDERR:
None of PyTorch, TensorFlow >= 2.0, or Flax have been found. Models won't be available and only tokenizers, configuration and file/data utilities can be used.
[2026-01-13 03:47:10] [INFO] ================================================================================
[2026-01-13 03:47:10] [INFO] Starting run_morphcloud_local.py
[2026-01-13 03:47:10] [INFO] ================================================================================
[2026-01-13 03:47:10] [INFO] Environment loaded
[2026-01-13 03:47:10] [INFO] Full command: /root/SorryDB/sorrydb/cli/run_morphcloud_local.py --repo-path /root/repo --sorry-json {"repo": {"remote": "https://github.com/google-deepmind/formal-imo", "branch": "main", "commit": "d3f9410760a5566c773a9136023a08d9be86684e", "lean_version": "v4.22.0"}, "location": {"path": "Imo/1972/P3.lean", "start_line": 26, "start_column": 2, "end_line": 26, "end_column": 7}, "debug_info": {"goal": "m n : \u2115\n\u22a2 m.factorial * n.factorial * (m + n).factorial \u2223 (2 * m).factorial * (2 * n).factorial", "url": "https://github.com/google-deepmind/formal-imo/blob/d3f9410760a5566c773a9136023a08d9be86684e/Imo/1972/P3.lean#L26"}, "metadata": {"blame_email_hash": "0baf90d5af49", "blame_date": "2025-01-16T19:10:00+00:00", "inclusion_date": "2026-01-10T05:44:37.562726+00:00"}, "id": "c8b5137f816d58c171b142b627758e9d95ad3a7e35da8db254822d92a60d27cd"} --agent-strategy {"name": "multi_tactic", "args": {}}
[2026-01-13 03:47:10] [INFO] Arguments parsed: repo_path=/root/repo, output_path=/root/repo/result.json
[2026-01-13 03:47:10] [INFO] Strategy spec: {"name": "multi_tactic", "args": {}}...
[2026-01-13 03:47:10] [INFO] Loading sorry data...
[2026-01-13 03:47:10] [INFO] Parsing sorry from JSON string...
[2026-01-13 03:47:10] [INFO] Sorry data parsed from JSON string
[2026-01-13 03:47:10] [INFO] Creating strategy from spec...
[2026-01-13 03:47:10] [INFO] Parsing strategy spec (length: 36 chars)
[2026-01-13 03:47:10] [INFO] Strategy name: multi_tactic
[2026-01-13 03:47:10] [INFO] Strategy args: {}
[2026-01-13 03:47:10] [INFO] Pass@k value: 1
[2026-01-13 03:47:10] [INFO] Creating strategy: multi_tactic
[2026-01-13 03:47:10] [INFO] Creating multi_tactic strategy with tactics: ['rfl', 'simp', 'simp_all', 'exact?', 'grind', 'ring', 'norm_num', 'omega', 'linarith', 'nlinarith', 'aesop']
[2026-01-13 03:47:10] [INFO] Strategies created: ['rfl', 'simp', 'simp_all', 'exact?', 'grind', 'ring', 'norm_num', 'omega', 'linarith', 'nlinarith', 'aesop']
[2026-01-13 03:47:10] [INFO] Pass@k value: 1
[2026-01-13 03:47:10] [INFO] Creating Sorry object...
[2026-01-13 03:47:10] [INFO] Sorry object created: id=c8b5137f816d58c171b142b627758e9d95ad3a7e35da8db254822d92a60d27cd
[2026-01-13 03:47:10] [INFO] Sorry location: Imo/1972/P3.lean:26
[2026-01-13 03:47:10] [INFO] Context before sorry (lines 21-26):
[2026-01-13 03:47:10] [INFO]   21: 
[2026-01-13 03:47:10] [INFO]   22: /--
[2026-01-13 03:47:10] [INFO]   23: Prove that $(2m)!(2n)!$ is a multiple of $m!n!(m+n)!$ for any non-negative integers $m$ and $n$. -/
[2026-01-13 03:47:10] [INFO]   24: @[imo_problem_subject number_theory]
[2026-01-13 03:47:10] [INFO]   25: theorem imo_1972_p3 (m n : ℕ) : m ! * n ! * (m + n)! ∣ (2 * m)! * (2 * n)! := by
[2026-01-13 03:47:10] [INFO]   26:   sorry
[2026-01-13 03:47:10] [INFO] Sorry line:   sorry
[2026-01-13 03:47:10] [INFO] Sorry goal: m n : ℕ
⊢ m.factorial * n.factorial * (m + n).factorial ∣ (2 * m).factorial * (2 * n).factorial...
[2026-01-13 03:47:10] [INFO] ========================================
[2026-01-13 03:47:10] [INFO] Trying strategy: rfl (up to 1 attempts)
[2026-01-13 03:47:10] [INFO] --------------------
[2026-01-13 03:47:10] [INFO] Strategy rfl, attempt 1/1
[2026-01-13 03:47:10] [INFO] Starting proof generation...
[2026-01-13 03:47:10] [INFO] Repository path: /root/repo
[2026-01-13 03:47:10] [INFO] Proof generation completed
[2026-01-13 03:47:10] [INFO] Generated proof:
[2026-01-13 03:47:10] [INFO] rfl
[2026-01-13 03:47:10] [INFO] Proof length: 3 chars
[2026-01-13 03:47:10] [INFO] Starting proof verification...
[2026-01-13 03:47:10] [INFO] Verifying at: Imo/1972/P3.lean:26
[2026-01-13 03:47:10] [INFO] Using LEAN INTERACT verify
[2026-01-13 03:47:10] [INFO] Checking file
[2026-01-13 03:48:32] [INFO] Cannot build modified file <error line="26" column="2">
<code_line>  rfl</code_line>
<message>error: tactic 'rfl' failed, the left-hand side</message>
</error>
  m ! * n ! * (m + n)!
is not definitionally equal to the right-hand side
  (2 * m)! * (2 * n)!
m n : ℕ
⊢ m ! * n ! * (m + n)! ∣ (2 * m)! * (2 * n)!
[2026-01-13 03:48:32] [INFO] Proof verification completed
[2026-01-13 03:48:32] [INFO] Strategy rfl attempt 1: verified=False
[2026-01-13 03:48:32] [INFO] Verification message: Cannot build modified file: <error line="26" column="2">
<code_line>  rfl</code_line>
<message>error: tactic 'rfl' failed, the left-hand side</message>
</error>
  m ! * n ! * (m + n)!
is not definitionally equal to the right-hand side
  (2 * m)! * (2 * n)!
m n : ℕ
⊢ m ! * n ! * (m + n)! ∣ (2 * m)! * (2 * n)!

[2026-01-13 03:48:32] [INFO] Attempt 1 failed verification, continuing...
[2026-01-13 03:48:32] [INFO] ========================================
[2026-01-13 03:48:32] [INFO] Trying strategy: simp (up to 1 attempts)
[2026-01-13 03:48:32] [INFO] --------------------
[2026-01-13 03:48:32] [INFO] Strategy simp, attempt 1/1
[2026-01-13 03:48:32] [INFO] Starting proof generation...
[2026-01-13 03:48:32] [INFO] Repository path: /root/repo
[2026-01-13 03:48:32] [INFO] Proof generation completed
[2026-01-13 03:48:32] [INFO] Generated proof:
[2026-01-13 03:48:32] [INFO] simp
[2026-01-13 03:48:32] [INFO] Proof length: 4 chars
[2026-01-13 03:48:32] [INFO] Starting proof verification...
[2026-01-13 03:48:32] [INFO] Verifying at: Imo/1972/P3.lean:26
[2026-01-13 03:48:32] [INFO] Using LEAN INTERACT verify
[2026-01-13 03:48:32] [INFO] Checking file
[2026-01-13 03:48:40] [INFO] Cannot build modified file <error line="26" column="2">
<code_line>  simp</code_line>
<message>error: simp made no progress</message>
</error>
[2026-01-13 03:48:40] [INFO] Proof verification completed
[2026-01-13 03:48:40] [INFO] Strategy simp attempt 1: verified=False
[2026-01-13 03:48:40] [INFO] Verification message: Cannot build modified file: <error line="26" column="2">
<code_line>  simp</code_line>
<message>error: simp made no progress</message>
</error>

[2026-01-13 03:48:40] [INFO] Attempt 1 failed verification, continuing...
[2026-01-13 03:48:40] [INFO] ========================================
[2026-01-13 03:48:40] [INFO] Trying strategy: simp_all (up to 1 attempts)
[2026-01-13 03:48:40] [INFO] --------------------
[2026-01-13 03:48:40] [INFO] Strategy simp_all, attempt 1/1
[2026-01-13 03:48:40] [INFO] Starting proof generation...
[2026-01-13 03:48:40] [INFO] Repository path: /root/repo
[2026-01-13 03:48:40] [INFO] Proof generation completed
[2026-01-13 03:48:40] [INFO] Generated proof:
[2026-01-13 03:48:40] [INFO] simp_all
[2026-01-13 03:48:40] [INFO] Proof length: 8 chars
[2026-01-13 03:48:40] [INFO] Starting proof verification...
[2026-01-13 03:48:40] [INFO] Verifying at: Imo/1972/P3.lean:26
[2026-01-13 03:48:40] [INFO] Using LEAN INTERACT verify
[2026-01-13 03:48:40] [INFO] Checking file
[2026-01-13 03:48:47] [INFO] Cannot build modified file <error line="26" column="2">
<code_line>  simp_all</code_line>
<message>error: simp_all made no progress</message>
</error>
[2026-01-13 03:48:47] [INFO] Proof verification completed
[2026-01-13 03:48:47] [INFO] Strategy simp_all attempt 1: verified=False
[2026-01-13 03:48:47] [INFO] Verification message: Cannot build modified file: <error line="26" column="2">
<code_line>  simp_all</code_line>
<message>error: simp_all made no progress</message>
</error>

[2026-01-13 03:48:47] [INFO] Attempt 1 failed verification, continuing...
[2026-01-13 03:48:47] [INFO] ========================================
[2026-01-13 03:48:47] [INFO] Trying strategy: exact? (up to 1 attempts)
[2026-01-13 03:48:47] [INFO] --------------------
[2026-01-13 03:48:47] [INFO] Strategy exact?, attempt 1/1
[2026-01-13 03:48:47] [INFO] Starting proof generation...
[2026-01-13 03:48:47] [INFO] Repository path: /root/repo
[2026-01-13 03:48:47] [INFO] Proof generation completed
[2026-01-13 03:48:47] [INFO] Generated proof:
[2026-01-13 03:48:47] [INFO] exact?
[2026-01-13 03:48:47] [INFO] Proof length: 6 chars
[2026-01-13 03:48:47] [INFO] Starting proof verification...
[2026-01-13 03:48:47] [INFO] Verifying at: Imo/1972/P3.lean:26
[2026-01-13 03:48:47] [INFO] Using LEAN INTERACT verify
[2026-01-13 03:48:47] [INFO] Checking file
[2026-01-13 03:50:28] [INFO] Cannot build modified file <error line="26" column="2">
<code_line>  exact?</code_line>
<message>error: `exact?` could not close the goal. Try `apply?` to see partial suggestions.</message>
</error>
[2026-01-13 03:50:28] [INFO] Proof verification completed
[2026-01-13 03:50:28] [INFO] Strategy exact? attempt 1: verified=False
[2026-01-13 03:50:28] [INFO] Verification message: Cannot build modified file: <error line="26" column="2">
<code_line>  exact?</code_line>
<message>error: `exact?` could not close the goal. Try `apply?` to see partial suggestions.</message>
</error>

[2026-01-13 03:50:28] [INFO] Attempt 1 failed verification, continuing...
[2026-01-13 03:50:28] [INFO] ========================================
[2026-01-13 03:50:28] [INFO] Trying strategy: grind (up to 1 attempts)
[2026-01-13 03:50:28] [INFO] --------------------
[2026-01-13 03:50:28] [INFO] Strategy grind, attempt 1/1
[2026-01-13 03:50:28] [INFO] Starting proof generation...
[2026-01-13 03:50:28] [INFO] Repository path: /root/repo
[2026-01-13 03:50:28] [INFO] Proof generation completed
[2026-01-13 03:50:28] [INFO] Generated proof:
[2026-01-13 03:50:28] [INFO] grind
[2026-01-13 03:50:28] [INFO] Proof length: 5 chars
[2026-01-13 03:50:28] [INFO] Starting proof verification...
[2026-01-13 03:50:28] [INFO] Verifying at: Imo/1972/P3.lean:26
[2026-01-13 03:50:28] [INFO] Using LEAN INTERACT verify
[2026-01-13 03:50:28] [INFO] Checking file
[2026-01-13 03:50:39] [INFO] Cannot build modified file <error line="26" column="2">
<code_line>  grind</code_line>
<message>error: `grind` failed</message>
</error>
case grind.1.1.1.1
m n : ℕ
h : ¬m ! * n ! * (m + n)! ∣ (2 * m)! * (2 * n)!
h_1 : 2 * m = 2 * n
h_2 : m + n = 2 * n
h_3 : n = 2 * n
h_4 : m = 2 * n
⊢ False
[grind] Goal diagnostics
  [facts] Asserted facts
    [prop] ¬m ! * n ! * (m + n)! ∣ (2 * m)! * (2 * n)!
    [prop] 2 * m = 2 * n
    [prop] m + n = 2 * n
    [prop] n = 2 * n
    [prop] m = 2 * n
  [eqc] True propositions
    [prop] m = n
    [prop] m = m + n
    [prop] m = 2 * m
    [prop] m = 2 * n
    [prop] n = m + n
    [prop] n = 2 * m
    [prop] n = 2 * n
    [prop] m + n = 2 * m
    [prop] m + n = 2 * n
    [prop] 2 * m = 2 * n
  [eqc] False propositions
    [prop] m ! * n ! * (m + n)! ∣ (2 * m)! * (2 * n)!
  [eqc] Equivalence classes
    [eqc] {m, n, m + n, 2 * m, 2 * n}
    [eqc] {m !, n !, (m + n)!, (2 * m)!, (2 * n)!}
    [eqc] {↑m, ↑n}
    [eqc] {↑m !, ↑n !, ↑(m + n)!, ↑(2 * m)!, ↑(2 * n)!}
    [eqc] {↑m, ↑n, ↑(m + n), ↑(2 * m), ↑(2 * n)}
    [eqc] {m ! * n !, (2 * m)! * (2 * n)!}
  [cases] Case analyses
    [cases] [1/2]: 2 * m = 2 * n
      [cases] source: Model-based theory combination at argument #0 of
            (2 * n)!
          and
            (2 * m)!
    [cases] [1/2]: m + n = 2 * n
      [cases] source: Model-based theory combination at argument #0 of
            (2 * n)!
          and
            (m + n)!
    [cases] [1/2]: n = 2 * n
      [cases] source: Model-based theory combination at argument #0 of
            (2 * n)!
          and
            n !
    [cases] [1/2]: m = 2 * n
      [cases] source: Model-based theory combination at argument #0 of
            (2 * n)!
          and
            m !
  [cutsat] Assignment satisfying linear constraints
    [assign] m := 0
    [assign] n := 0
    [assign] m ! := 5
    [assign] n ! := 5
    [assign] (m + n)! := 5
    [assign] (2 * m)! := 5
    [assign] (2 * n)! := 5
  [ring] Ring `Lean.Grind.Ring.OfSemiring.Q ℕ`
    [basis] Basis
      [_] ↑m + -1 * ↑n = 0
      [_] ↑n = 0
      [_] ↑(2 * m)! + -1 * ↑(2 * n)! = 0
      [_] ↑(2 * n)! + -1 * ↑(m + n)! = 0
      [_] ↑(m + n)! + -1 * ↑n ! = 0
      [_] ↑n ! + -1 * ↑m ! = 0
[grind] Issues
  [issue] non-linear divisibility constraint found
        m ! * n ! * (m + n)! ∣ (2 * m)! * (2 * n)!
[2026-01-13 03:50:39] [INFO] Proof verification completed
[2026-01-13 03:50:39] [INFO] Strategy grind attempt 1: verified=False
[2026-01-13 03:50:39] [INFO] Verification message: Cannot build modified file: <error line="26" column="2">
<code_line>  grind</code_line>
<message>error: `grind` failed</message>
</error>
case grind.1.1.1.1
m n : ℕ
h : ¬m ! * n ! * (m + n)! ∣ (2 * m)! * (2 * n)!
h_1 : 2 * m = 2 * n
h_2 : m + n = 2 * n
h_3 : n = 2 * n
h_4 : m = 2 * n
⊢ False
[grind] Goal diagnostics
  [facts] Asserted facts
    [prop] ¬m ! * n ! * (m + n)! ∣ (2 * m)! * (2 * n)!
    [prop] 2 * m = 2 * n
    [prop] m + n = 2 * n
    [prop] n = 2 * n
    [prop] m = 2 * n
  [eqc] True propositions
    [prop] m = n
    [prop] m = m + n
    [prop] m = 2 * m
    [prop] m = 2 * n
    [prop] n = m + n
    [prop] n = 2 * m
    [prop] n = 2 * n
    [prop] m + n = 2 * m
    [prop] m + n = 2 * n
    [prop] 2 * m = 2 * n
  [eqc] False propositions
    [prop] m ! * n ! * (m + n)! ∣ (2 * m)! * (2 * n)!
  [eqc] Equivalence classes
    [eqc] {m, n, m + n, 2 * m, 2 * n}
    [eqc] {m !, n !, (m + n)!, (2 * m)!, (2 * n)!}
    [eqc] {↑m, ↑n}
    [eqc] {↑m !, ↑n !, ↑(m + n)!, ↑(2 * m)!, ↑(2 * n)!}
    [eqc] {↑m, ↑n, ↑(m + n), ↑(2 * m), ↑(2 * n)}
    [eqc] {m ! * n !, (2 * m)! * (2 * n)!}
  [cases] Case analyses
    [cases] [1/2]: 2 * m = 2 * n
      [cases] source: Model-based theory combination at argument #0 of
            (2 * n)!
          and
            (2 * m)!
    [cases] [1/2]: m + n = 2 * n
      [cases] source: Model-based theory combination at argument #0 of
            (2 * n)!
          and
            (m + n)!
    [cases] [1/2]: n = 2 * n
      [cases] source: Model-based theory combination at argument #0 of
            (2 * n)!
          and
            n !
    [cases] [1/2]: m = 2 * n
      [cases] source: Model-based theory combination at argument #0 of
            (2 * n)!
          and
            m !
  [cutsat] Assignment satisfying linear constraints
    [assign] m := 0
    [assign] n := 0
    [assign] m ! := 5
    [assign] n ! := 5
    [assign] (m + n)! := 5
    [assign] (2 * m)! := 5
    [assign] (2 * n)! := 5
  [ring] Ring `Lean.Grind.Ring.OfSemiring.Q ℕ`
    [basis] Basis
      [_] ↑m + -1 * ↑n = 0
      [_] ↑n = 0
      [_] ↑(2 * m)! + -1 * ↑(2 * n)! = 0
      [_] ↑(2 * n)! + -1 * ↑(m + n)! = 0
      [_] ↑(m + n)! + -1 * ↑n ! = 0
      [_] ↑n ! + -1 * ↑m ! = 0
[grind] Issues
  [issue] non-linear divisibility constraint found
        m ! * n ! * (m + n)! ∣ (2 * m)! * (2 * n)!

[2026-01-13 03:50:39] [INFO] Attempt 1 failed verification, continuing...
[2026-01-13 03:50:39] [INFO] ========================================
[2026-01-13 03:50:39] [INFO] Trying strategy: ring (up to 1 attempts)
[2026-01-13 03:50:39] [INFO] --------------------
[2026-01-13 03:50:39] [INFO] Strategy ring, attempt 1/1
[2026-01-13 03:50:39] [INFO] Starting proof generation...
[2026-01-13 03:50:39] [INFO] Repository path: /root/repo
[2026-01-13 03:50:39] [INFO] Proof generation completed
[2026-01-13 03:50:39] [INFO] Generated proof:
[2026-01-13 03:50:39] [INFO] ring
[2026-01-13 03:50:39] [INFO] Proof length: 4 chars
[2026-01-13 03:50:39] [INFO] Starting proof verification...
[2026-01-13 03:50:39] [INFO] Verifying at: Imo/1972/P3.lean:26
[2026-01-13 03:50:39] [INFO] Using LEAN INTERACT verify
[2026-01-13 03:50:39] [INFO] Checking file
[2026-01-13 03:50:48] [INFO] Cannot build modified file Try this: ring_nf
<error line="25" column="78">
<code_line>theorem imo_1972_p3 (m n : ℕ) : m ! * n ! * (m + n)! ∣ (2 * m)! * (2 * n)! := by</code_line>
<message>error: unsolved goals</message>
</error>
m n : ℕ
⊢ m ! * n ! * (m + n)! ∣ (m * 2)! * (n * 2)!
[2026-01-13 03:50:48] [INFO] Proof verification completed
[2026-01-13 03:50:48] [INFO] Strategy ring attempt 1: verified=False
[2026-01-13 03:50:48] [INFO] Verification message: Cannot build modified file: Try this: ring_nf
<error line="25" column="78">
<code_line>theorem imo_1972_p3 (m n : ℕ) : m ! * n ! * (m + n)! ∣ (2 * m)! * (2 * n)! := by</code_line>
<message>error: unsolved goals</message>
</error>
m n : ℕ
⊢ m ! * n ! * (m + n)! ∣ (m * 2)! * (n * 2)!

[2026-01-13 03:50:48] [INFO] Attempt 1 failed verification, continuing...
[2026-01-13 03:50:48] [INFO] ========================================
[2026-01-13 03:50:48] [INFO] Trying strategy: norm_num (up to 1 attempts)
[2026-01-13 03:50:48] [INFO] --------------------
[2026-01-13 03:50:48] [INFO] Strategy norm_num, attempt 1/1
[2026-01-13 03:50:48] [INFO] Starting proof generation...
[2026-01-13 03:50:48] [INFO] Repository path: /root/repo
[2026-01-13 03:50:48] [INFO] Proof generation completed
[2026-01-13 03:50:48] [INFO] Generated proof:
[2026-01-13 03:50:48] [INFO] norm_num
[2026-01-13 03:50:48] [INFO] Proof length: 8 chars
[2026-01-13 03:50:48] [INFO] Starting proof verification...
[2026-01-13 03:50:48] [INFO] Verifying at: Imo/1972/P3.lean:26
[2026-01-13 03:50:48] [INFO] Using LEAN INTERACT verify
[2026-01-13 03:50:48] [INFO] Checking file
[2026-01-13 03:50:57] [INFO] Cannot build modified file <error line="25" column="78">
<code_line>theorem imo_1972_p3 (m n : ℕ) : m ! * n ! * (m + n)! ∣ (2 * m)! * (2 * n)! := by</code_line>
<message>error: unsolved goals</message>
</error>
m n : ℕ
⊢ m ! * n ! * (m + n)! ∣ (2 * m)! * (2 * n)!
[2026-01-13 03:50:57] [INFO] Proof verification completed
[2026-01-13 03:50:57] [INFO] Strategy norm_num attempt 1: verified=False
[2026-01-13 03:50:57] [INFO] Verification message: Cannot build modified file: <error line="25" column="78">
<code_line>theorem imo_1972_p3 (m n : ℕ) : m ! * n ! * (m + n)! ∣ (2 * m)! * (2 * n)! := by</code_line>
<message>error: unsolved goals</message>
</error>
m n : ℕ
⊢ m ! * n ! * (m + n)! ∣ (2 * m)! * (2 * n)!

[2026-01-13 03:50:57] [INFO] Attempt 1 failed verification, continuing...
[2026-01-13 03:50:57] [INFO] ========================================
[2026-01-13 03:50:57] [INFO] Trying strategy: omega (up to 1 attempts)
[2026-01-13 03:50:57] [INFO] --------------------
[2026-01-13 03:50:57] [INFO] Strategy omega, attempt 1/1
[2026-01-13 03:50:57] [INFO] Starting proof generation...
[2026-01-13 03:50:57] [INFO] Repository path: /root/repo
[2026-01-13 03:50:57] [INFO] Proof generation completed
[2026-01-13 03:50:57] [INFO] Generated proof:
[2026-01-13 03:50:57] [INFO] omega
[2026-01-13 03:50:57] [INFO] Proof length: 5 chars
[2026-01-13 03:50:57] [INFO] Starting proof verification...
[2026-01-13 03:50:57] [INFO] Verifying at: Imo/1972/P3.lean:26
[2026-01-13 03:50:57] [INFO] Using LEAN INTERACT verify
[2026-01-13 03:50:57] [INFO] Checking file
[2026-01-13 03:51:03] [INFO] Cannot build modified file <error line="26" column="2">
<code_line>  omega</code_line>
<message>error: omega could not prove the goal:</message>
</error>
a possible counterexample may satisfy the constraints
  a ≥ 1
where
 a := ↑((2 * m)! * (2 * n)!) % ↑(m ! * n ! * (m + n)!)
[2026-01-13 03:51:03] [INFO] Proof verification completed
[2026-01-13 03:51:03] [INFO] Strategy omega attempt 1: verified=False
[2026-01-13 03:51:03] [INFO] Verification message: Cannot build modified file: <error line="26" column="2">
<code_line>  omega</code_line>
<message>error: omega could not prove the goal:</message>
</error>
a possible counterexample may satisfy the constraints
  a ≥ 1
where
 a := ↑((2 * m)! * (2 * n)!) % ↑(m ! * n ! * (m + n)!)

[2026-01-13 03:51:03] [INFO] Attempt 1 failed verification, continuing...
[2026-01-13 03:51:03] [INFO] ========================================
[2026-01-13 03:51:03] [INFO] Trying strategy: linarith (up to 1 attempts)
[2026-01-13 03:51:03] [INFO] --------------------
[2026-01-13 03:51:03] [INFO] Strategy linarith, attempt 1/1
[2026-01-13 03:51:03] [INFO] Starting proof generation...
[2026-01-13 03:51:03] [INFO] Repository path: /root/repo
[2026-01-13 03:51:03] [INFO] Proof generation completed
[2026-01-13 03:51:03] [INFO] Generated proof:
[2026-01-13 03:51:03] [INFO] linarith
[2026-01-13 03:51:03] [INFO] Proof length: 8 chars
[2026-01-13 03:51:03] [INFO] Starting proof verification...
[2026-01-13 03:51:03] [INFO] Verifying at: Imo/1972/P3.lean:26
[2026-01-13 03:51:03] [INFO] Using LEAN INTERACT verify
[2026-01-13 03:51:03] [INFO] Checking file
[2026-01-13 03:51:10] [INFO] Cannot build modified file <error line="26" column="2">
<code_line>  linarith</code_line>
<message>error: linarith failed to find a contradiction</message>
</error>
m n : ℕ
⊢ False
failed
[2026-01-13 03:51:10] [INFO] Proof verification completed
[2026-01-13 03:51:10] [INFO] Strategy linarith attempt 1: verified=False
[2026-01-13 03:51:10] [INFO] Verification message: Cannot build modified file: <error line="26" column="2">
<code_line>  linarith</code_line>
<message>error: linarith failed to find a contradiction</message>
</error>
m n : ℕ
⊢ False
failed

[2026-01-13 03:51:10] [INFO] Attempt 1 failed verification, continuing...
[2026-01-13 03:51:10] [INFO] ========================================
[2026-01-13 03:51:10] [INFO] Trying strategy: nlinarith (up to 1 attempts)
[2026-01-13 03:51:10] [INFO] --------------------
[2026-01-13 03:51:10] [INFO] Strategy nlinarith, attempt 1/1
[2026-01-13 03:51:10] [INFO] Starting proof generation...
[2026-01-13 03:51:10] [INFO] Repository path: /root/repo
[2026-01-13 03:51:10] [INFO] Proof generation completed
[2026-01-13 03:51:10] [INFO] Generated proof:
[2026-01-13 03:51:10] [INFO] nlinarith
[2026-01-13 03:51:10] [INFO] Proof length: 9 chars
[2026-01-13 03:51:10] [INFO] Starting proof verification...
[2026-01-13 03:51:10] [INFO] Verifying at: Imo/1972/P3.lean:26
[2026-01-13 03:51:10] [INFO] Using LEAN INTERACT verify
[2026-01-13 03:51:10] [INFO] Checking file
[2026-01-13 03:51:17] [INFO] Cannot build modified file <error line="26" column="2">
<code_line>  nlinarith</code_line>
<message>error: linarith failed to find a contradiction</message>
</error>
m n : ℕ
⊢ False
failed
[2026-01-13 03:51:17] [INFO] Proof verification completed
[2026-01-13 03:51:17] [INFO] Strategy nlinarith attempt 1: verified=False
[2026-01-13 03:51:17] [INFO] Verification message: Cannot build modified file: <error line="26" column="2">
<code_line>  nlinarith</code_line>
<message>error: linarith failed to find a contradiction</message>
</error>
m n : ℕ
⊢ False
failed

[2026-01-13 03:51:17] [INFO] Attempt 1 failed verification, continuing...
[2026-01-13 03:51:17] [INFO] ========================================
[2026-01-13 03:51:17] [INFO] Trying strategy: aesop (up to 1 attempts)
[2026-01-13 03:51:17] [INFO] --------------------
[2026-01-13 03:51:17] [INFO] Strategy aesop, attempt 1/1
[2026-01-13 03:51:17] [INFO] Starting proof generation...
[2026-01-13 03:51:17] [INFO] Repository path: /root/repo
[2026-01-13 03:51:17] [INFO] Proof generation completed
[2026-01-13 03:51:17] [INFO] Generated proof:
[2026-01-13 03:51:17] [INFO] aesop
[2026-01-13 03:51:17] [INFO] Proof length: 5 chars
[2026-01-13 03:51:17] [INFO] Starting proof verification...
[2026-01-13 03:51:17] [INFO] Verifying at: Imo/1972/P3.lean:26
[2026-01-13 03:51:17] [INFO] Using LEAN INTERACT verify
[2026-01-13 03:51:17] [INFO] Checking file
[2026-01-13 03:51:26] [INFO] Cannot build modified file <error line="26" column="2">
<code_line>  aesop</code_line>
<message>error: tactic 'aesop' failed, made no progress</message>
</error>
Initial goal:
  m n : ℕ
  ⊢ m ! * n ! * (m + n)! ∣ (2 * m)! * (2 * n)!
[2026-01-13 03:51:26] [INFO] Proof verification completed
[2026-01-13 03:51:26] [INFO] Strategy aesop attempt 1: verified=False
[2026-01-13 03:51:26] [INFO] Verification message: Cannot build modified file: <error line="26" column="2">
<code_line>  aesop</code_line>
<message>error: tactic 'aesop' failed, made no progress</message>
</error>
Initial goal:
  m n : ℕ
  ⊢ m ! * n ! * (m + n)! ∣ (2 * m)! * (2 * n)!

[2026-01-13 03:51:26] [INFO] Attempt 1 failed verification, continuing...
[2026-01-13 03:51:26] [INFO] ========================================
[2026-01-13 03:51:26] [INFO] Pass@k completed. Total results: 1
[2026-01-13 03:51:26] [INFO] FAILED: All 11 strategies x 1 attempts
[2026-01-13 03:51:26] [INFO] Writing results to file: /root/repo/result.json
[2026-01-13 03:51:26] [INFO] Result file written successfully
[2026-01-13 03:51:26] [INFO] Results exported to: /root/repo/result.json
[2026-01-13 03:51:26] [INFO] run_morphcloud_local.py completed successfully

[2026-01-13 03:51:29] [process_single_sorry] Downloading result file...
[2026-01-13 03:51:31] [process_single_sorry] Downloaded result to intermediate_experiment_outputs_full_reservoir_3_months/multi_tactic/2026-01-13_01-27-45_multi_tactic/individual/c8b5137f816d58c171b142b627758e9d95ad3a7e35da8db254822d92a60d27cd.json
[2026-01-13 03:51:35] [process_single_sorry] Instance context closed successfully
[2026-01-13 03:51:35] [process_single_sorry] Parsing result file...
[2026-01-13 03:51:35] [process_single_sorry] Successfully parsed result (list format, 1 results)
