[2026-01-13 03:23:06] [process_single_sorry] Starting for sorry de969a6c0aacc96add3a63e8bcf90249f2c8a7adcd0b665f118c4fe2b1fec17d
[2026-01-13 03:23:06] [process_single_sorry] Using snapshot: snapshot_td8mphsr
[2026-01-13 03:23:06] [process_single_sorry] Repository: https://github.com/arademaker/fad@ac40e4faf3b1252bc943676314449c22b5af3c9d
[2026-01-13 03:23:06] [process_single_sorry] Instance name: fad_ac40e4faf3b1_multi_tactic_de969a6c0aacc96add3a63e8bcf90249f2c8a7adcd0b665f118c4fe2b1fec17d
[2026-01-13 03:23:06] [process_single_sorry] Starting attempt 1/3
[2026-01-13 03:23:06] [process_single_sorry] Starting instance from snapshot...
[2026-01-13 03:23:07] [process_single_sorry] Instance started successfully: morphvm_zlo11vio
[2026-01-13 03:23:07] [process_single_sorry] Creating .env file...
[2026-01-13 03:23:11] [process_single_sorry] .env file created (exit_code: 0)
[2026-01-13 03:23:11] [process_single_sorry] Executing agent command...
[2026-01-13 03:27:29] [process_single_sorry] Agent command completed (exit_code: 0)
[2026-01-13 03:27:29] [process_single_sorry] STDOUT:
Lake version 5.0.0-6741444 (Lean version 4.21.0)
Current branch: HEAD
Using cache (Azure) from origin: leanprover-community/mathlib4
No files to download
Decompressing 7747 file(s)
Unpacked in 122181 ms
Completed successfully!
⚠ [2/53] Replayed Fad.Chapter1
warning: Fad/Chapter1.lean:277:8: declaration uses 'sorry'
⚠ [13/53] Replayed Fad.Chapter3
warning: Fad/Chapter3.lean:429:0: declaration uses 'sorry'
warning: Fad/Chapter3.lean:506:8: declaration uses 'sorry'
⚠ [14/53] Replayed Fad.«Chapter3-Ex»
warning: Fad/Chapter3-Ex.lean:114:8: declaration uses 'sorry'
warning: Fad/Chapter3-Ex.lean:185:0: declaration uses 'sorry'
⚠ [16/53] Replayed Fad.«Chapter4-Ex»
warning: Fad/Chapter4-Ex.lean:99:0: declaration uses 'sorry'
⚠ [724/736] Replayed Fad.«Chapter5-Ex»
warning: Fad/Chapter5-Ex.lean:149:0: declaration uses 'sorry'
warning: Fad/Chapter5-Ex.lean:285:8: declaration uses 'sorry'
⚠ [725/736] Replayed Fad.Chapter6
warning: Fad/Chapter6.lean:151:12: declaration uses 'sorry'
⚠ [727/736] Replayed Fad.«Chapter7-Ex»
warning: Fad/Chapter7-Ex.lean:57:0: declaration uses 'sorry'
⚠ [728/736] Replayed Fad.Chapter8
warning: Fad/Chapter8.lean:97:0: declaration uses 'sorry'
⚠ [732/736] Replayed Fad.Chapter12
warning: Fad/Chapter12.lean:49:4: declaration uses 'sorry'
warning: Fad/Chapter12.lean:49:4: declaration uses 'sorry'
warning: Fad/Chapter12.lean:49:4: declaration uses 'sorry'
warning: Fad/Chapter12.lean:49:4: declaration uses 'sorry'
warning: Fad/Chapter12.lean:49:0: declaration uses 'sorry'
info: Fad/Chapter12.lean:143:0: 7
info: Fad/Chapter12.lean:144:0: 7
⚠ [733/736] Replayed Fad.«Chapter12-Ex»
warning: Fad/Chapter12-Ex.lean:12:0: declaration uses 'sorry'
warning: Fad/Chapter12-Ex.lean:24:0: declaration uses 'sorry'
warning: Fad/Chapter12-Ex.lean:60:0: declaration uses 'sorry'
warning: Fad/Chapter12-Ex.lean:90:0: declaration uses 'sorry'
Build completed successfully (736 jobs).
[03:26:53] INFO     Updated version-specific REPL cache to commit  config.py:388
                    f3b8542861a0a65e18a2ce337527fa7f779f8a01                    

Results JSON:
[
  {
    "sorry": {
      "repo": {
        "remote": "https://github.com/arademaker/fad",
        "branch": "main",
        "commit": "ac40e4faf3b1252bc943676314449c22b5af3c9d",
        "lean_version": "v4.27.0-rc1"
      },
      "location": {
        "path": "Fad/Chapter6.lean",
        "start_line": 157,
        "start_column": 47,
        "end_line": 157,
        "end_column": 52
      },
      "debug_info": {
        "goal": "a : Type\ninst✝⁷ : Inhabited a\ninst✝⁶ : DecidableRel fun x1 x2 => x1 = x2\ninst✝⁵ : Max a\ninst✝⁴ : Min a\ninst✝³ : LT a\ninst✝² : DecidableRel fun x1 x2 => x1 < x2\ninst✝¹ : LE a\ninst✝ : DecidableRel fun x1 x2 => x1 ≤ x2\nk : ℕ\nxs : List a\nok : k ≤ xs.length\nus vs ws : List a\nm : ℕ := us.length\nn : ℕ := vs.length\nh₁ : k ≤ m\n⊢ k ≤ us.length",
        "url": "https://github.com/arademaker/fad/blob/ac40e4faf3b1252bc943676314449c22b5af3c9d/Fad/Chapter6.lean#L157"
      },
      "metadata": {
        "blame_email_hash": "1f38ff183bd9",
        "blame_date": "2025-06-23T17:21:55-03:00",
        "inclusion_date": "2026-01-09T21:46:32.376373+00:00"
      },
      "id": "de969a6c0aacc96add3a63e8bcf90249f2c8a7adcd0b665f118c4fe2b1fec17d"
    },
    "proof": "exact?",
    "proof_verified": true,
    "feedback": null,
    "verification_message": "Proof verified successfully",
    "success": true,
    "error_type": null,
    "error_message": null,
    "strategy_name": "exact?",
    "proof_attempts": null
  }
]

[2026-01-13 03:27:29] [process_single_sorry] STDERR:
None of PyTorch, TensorFlow >= 2.0, or Flax have been found. Models won't be available and only tokenizers, configuration and file/data utilities can be used.
[2026-01-13 03:23:24] [INFO] ================================================================================
[2026-01-13 03:23:24] [INFO] Starting run_morphcloud_local.py
[2026-01-13 03:23:24] [INFO] ================================================================================
[2026-01-13 03:23:24] [INFO] Environment loaded
[2026-01-13 03:23:24] [INFO] Full command: /root/SorryDB/sorrydb/cli/run_morphcloud_local.py --repo-path /root/repo --sorry-json {"repo": {"remote": "https://github.com/arademaker/fad", "branch": "main", "commit": "ac40e4faf3b1252bc943676314449c22b5af3c9d", "lean_version": "v4.27.0-rc1"}, "location": {"path": "Fad/Chapter6.lean", "start_line": 157, "start_column": 47, "end_line": 157, "end_column": 52}, "debug_info": {"goal": "a : Type\ninst\u271d\u2077 : Inhabited a\ninst\u271d\u2076 : DecidableRel fun x1 x2 => x1 = x2\ninst\u271d\u2075 : Max a\ninst\u271d\u2074 : Min a\ninst\u271d\u00b3 : LT a\ninst\u271d\u00b2 : DecidableRel fun x1 x2 => x1 < x2\ninst\u271d\u00b9 : LE a\ninst\u271d : DecidableRel fun x1 x2 => x1 \u2264 x2\nk : \u2115\nxs : List a\nok : k \u2264 xs.length\nus vs ws : List a\nm : \u2115 := us.length\nn : \u2115 := vs.length\nh\u2081 : k \u2264 m\n\u22a2 k \u2264 us.length", "url": "https://github.com/arademaker/fad/blob/ac40e4faf3b1252bc943676314449c22b5af3c9d/Fad/Chapter6.lean#L157"}, "metadata": {"blame_email_hash": "1f38ff183bd9", "blame_date": "2025-06-23T17:21:55-03:00", "inclusion_date": "2026-01-09T21:46:32.376373+00:00"}, "id": "de969a6c0aacc96add3a63e8bcf90249f2c8a7adcd0b665f118c4fe2b1fec17d"} --agent-strategy {"name": "multi_tactic", "args": {}}
[2026-01-13 03:23:24] [INFO] Arguments parsed: repo_path=/root/repo, output_path=/root/repo/result.json
[2026-01-13 03:23:24] [INFO] Strategy spec: {"name": "multi_tactic", "args": {}}...
[2026-01-13 03:23:24] [INFO] Loading sorry data...
[2026-01-13 03:23:24] [INFO] Parsing sorry from JSON string...
[2026-01-13 03:23:24] [INFO] Sorry data parsed from JSON string
[2026-01-13 03:23:24] [INFO] Creating strategy from spec...
[2026-01-13 03:23:24] [INFO] Parsing strategy spec (length: 36 chars)
[2026-01-13 03:23:24] [INFO] Strategy name: multi_tactic
[2026-01-13 03:23:24] [INFO] Strategy args: {}
[2026-01-13 03:23:24] [INFO] Pass@k value: 1
[2026-01-13 03:23:24] [INFO] Creating strategy: multi_tactic
[2026-01-13 03:23:24] [INFO] Creating multi_tactic strategy with tactics: ['rfl', 'simp', 'simp_all', 'exact?', 'grind', 'ring', 'norm_num', 'omega', 'linarith', 'nlinarith', 'aesop']
[2026-01-13 03:23:24] [INFO] Strategies created: ['rfl', 'simp', 'simp_all', 'exact?', 'grind', 'ring', 'norm_num', 'omega', 'linarith', 'nlinarith', 'aesop']
[2026-01-13 03:23:24] [INFO] Pass@k value: 1
[2026-01-13 03:23:24] [INFO] Creating Sorry object...
[2026-01-13 03:23:24] [INFO] Sorry object created: id=de969a6c0aacc96add3a63e8bcf90249f2c8a7adcd0b665f118c4fe2b1fec17d
[2026-01-13 03:23:24] [INFO] Sorry location: Fad/Chapter6.lean:157
[2026-01-13 03:23:24] [INFO] Context before sorry (lines 152-157):
[2026-01-13 03:23:24] [INFO]   152:   (k : Nat) (xs : List a) (ok : k ≤ xs.length) : a :=
[2026-01-13 03:23:24] [INFO]   153:   match partition3 (pivot xs) xs with
[2026-01-13 03:23:24] [INFO]   154:   | (us, vs, ws) =>
[2026-01-13 03:23:24] [INFO]   155:     let m := us.length
[2026-01-13 03:23:24] [INFO]   156:     let n := vs.length
[2026-01-13 03:23:24] [INFO]   157:     if         h₁ : k ≤ m then select k us (by sorry)
[2026-01-13 03:23:24] [INFO] Sorry line:     if         h₁ : k ≤ m then select k us (by sorry)
[2026-01-13 03:23:24] [INFO] Sorry goal: a : Type
inst✝⁷ : Inhabited a
inst✝⁶ : DecidableRel fun x1 x2 => x1 = x2
inst✝⁵ : Max a
inst✝⁴ : Min...
[2026-01-13 03:23:24] [INFO] ========================================
[2026-01-13 03:23:24] [INFO] Trying strategy: rfl (up to 1 attempts)
[2026-01-13 03:23:24] [INFO] --------------------
[2026-01-13 03:23:24] [INFO] Strategy rfl, attempt 1/1
[2026-01-13 03:23:24] [INFO] Starting proof generation...
[2026-01-13 03:23:24] [INFO] Repository path: /root/repo
[2026-01-13 03:23:24] [INFO] Proof generation completed
[2026-01-13 03:23:24] [INFO] Generated proof:
[2026-01-13 03:23:24] [INFO] rfl
[2026-01-13 03:23:24] [INFO] Proof length: 3 chars
[2026-01-13 03:23:24] [INFO] Starting proof verification...
[2026-01-13 03:23:24] [INFO] Verifying at: Fad/Chapter6.lean:157
[2026-01-13 03:23:24] [INFO] Using LEAN INTERACT verify
[2026-01-13 03:23:24] [INFO] Checking file
[2026-01-13 03:23:46] [INFO] Cannot build modified file <error line="157" column="47">
<code_line>    if         h₁ : k ≤ m then select k us (by rfl)</code_line>
<message>error: Tactic `rfl` failed: The left-hand side</message>
</error>
  k
is not definitionally equal to the right-hand side
  us.length

a : Type
inst✝⁷ : Inhabited a
inst✝⁶ : DecidableRel fun x1 x2 => x1 = x2
inst✝⁵ : Max a
inst✝⁴ : Min a
inst✝³ : LT a
inst✝² : DecidableRel fun x1 x2 => x1 < x2
inst✝¹ : LE a
inst✝ : DecidableRel fun x1 x2 => x1 ≤ x2
k : ℕ
xs : List a
ok : k ≤ xs.length
us vs ws : List a
m : ℕ := us.length
n : ℕ := vs.length
h₁ : k ≤ m
⊢ k ≤ us.length
[2026-01-13 03:23:46] [INFO] Proof verification completed
[2026-01-13 03:23:46] [INFO] Strategy rfl attempt 1: verified=False
[2026-01-13 03:23:46] [INFO] Verification message: Cannot build modified file: <error line="157" column="47">
<code_line>    if         h₁ : k ≤ m then select k us (by rfl)</code_line>
<message>error: Tactic `rfl` failed: The left-hand side</message>
</error>
  k
is not definitionally equal to the right-hand side
  us.length

a : Type
inst✝⁷ : Inhabited a
inst✝⁶ : DecidableRel fun x1 x2 => x1 = x2
inst✝⁵ : Max a
inst✝⁴ : Min a
inst✝³ : LT a
inst✝² : DecidableRel fun x1 x2 => x1 < x2
inst✝¹ : LE a
inst✝ : DecidableRel fun x1 x2 => x1 ≤ x2
k : ℕ
xs : List a
ok : k ≤ xs.length
us vs ws : List a
m : ℕ := us.length
n : ℕ := vs.length
h₁ : k ≤ m
⊢ k ≤ us.length

[2026-01-13 03:23:46] [INFO] Attempt 1 failed verification, continuing...
[2026-01-13 03:23:46] [INFO] ========================================
[2026-01-13 03:23:46] [INFO] Trying strategy: simp (up to 1 attempts)
[2026-01-13 03:23:46] [INFO] --------------------
[2026-01-13 03:23:46] [INFO] Strategy simp, attempt 1/1
[2026-01-13 03:23:46] [INFO] Starting proof generation...
[2026-01-13 03:23:46] [INFO] Repository path: /root/repo
[2026-01-13 03:23:46] [INFO] Proof generation completed
[2026-01-13 03:23:46] [INFO] Generated proof:
[2026-01-13 03:23:46] [INFO] simp
[2026-01-13 03:23:46] [INFO] Proof length: 4 chars
[2026-01-13 03:23:46] [INFO] Starting proof verification...
[2026-01-13 03:23:46] [INFO] Verifying at: Fad/Chapter6.lean:157
[2026-01-13 03:23:46] [INFO] Using LEAN INTERACT verify
[2026-01-13 03:23:46] [INFO] Checking file
[2026-01-13 03:23:50] [INFO] Cannot build modified file <error line="157" column="47">
<code_line>    if         h₁ : k ≤ m then select k us (by simp)</code_line>
<message>error: `simp` made no progress</message>
</error>
[2026-01-13 03:23:50] [INFO] Proof verification completed
[2026-01-13 03:23:50] [INFO] Strategy simp attempt 1: verified=False
[2026-01-13 03:23:50] [INFO] Verification message: Cannot build modified file: <error line="157" column="47">
<code_line>    if         h₁ : k ≤ m then select k us (by simp)</code_line>
<message>error: `simp` made no progress</message>
</error>

[2026-01-13 03:23:50] [INFO] Attempt 1 failed verification, continuing...
[2026-01-13 03:23:50] [INFO] ========================================
[2026-01-13 03:23:50] [INFO] Trying strategy: simp_all (up to 1 attempts)
[2026-01-13 03:23:50] [INFO] --------------------
[2026-01-13 03:23:50] [INFO] Strategy simp_all, attempt 1/1
[2026-01-13 03:23:50] [INFO] Starting proof generation...
[2026-01-13 03:23:50] [INFO] Repository path: /root/repo
[2026-01-13 03:23:50] [INFO] Proof generation completed
[2026-01-13 03:23:50] [INFO] Generated proof:
[2026-01-13 03:23:50] [INFO] simp_all
[2026-01-13 03:23:50] [INFO] Proof length: 8 chars
[2026-01-13 03:23:50] [INFO] Starting proof verification...
[2026-01-13 03:23:50] [INFO] Verifying at: Fad/Chapter6.lean:157
[2026-01-13 03:23:50] [INFO] Using LEAN INTERACT verify
[2026-01-13 03:23:50] [INFO] Checking file
[2026-01-13 03:23:54] [INFO] Cannot build modified file <error line="157" column="47">
<code_line>    if         h₁ : k ≤ m then select k us (by simp_all)</code_line>
<message>error: simp_all made no progress</message>
</error>
[2026-01-13 03:23:54] [INFO] Proof verification completed
[2026-01-13 03:23:54] [INFO] Strategy simp_all attempt 1: verified=False
[2026-01-13 03:23:54] [INFO] Verification message: Cannot build modified file: <error line="157" column="47">
<code_line>    if         h₁ : k ≤ m then select k us (by simp_all)</code_line>
<message>error: simp_all made no progress</message>
</error>

[2026-01-13 03:23:54] [INFO] Attempt 1 failed verification, continuing...
[2026-01-13 03:23:54] [INFO] ========================================
[2026-01-13 03:23:54] [INFO] Trying strategy: exact? (up to 1 attempts)
[2026-01-13 03:23:54] [INFO] --------------------
[2026-01-13 03:23:54] [INFO] Strategy exact?, attempt 1/1
[2026-01-13 03:23:54] [INFO] Starting proof generation...
[2026-01-13 03:23:54] [INFO] Repository path: /root/repo
[2026-01-13 03:23:54] [INFO] Proof generation completed
[2026-01-13 03:23:54] [INFO] Generated proof:
[2026-01-13 03:23:54] [INFO] exact?
[2026-01-13 03:23:54] [INFO] Proof length: 6 chars
[2026-01-13 03:23:54] [INFO] Starting proof verification...
[2026-01-13 03:23:54] [INFO] Verifying at: Fad/Chapter6.lean:157
[2026-01-13 03:23:54] [INFO] Using LEAN INTERACT verify
[2026-01-13 03:23:54] [INFO] Checking file
[2026-01-13 03:24:02] [INFO] Building REPL config
info: downloading https://releases.lean-lang.org/lean4/v4.21.0/lean-4.21.0-linux.tar.zst
info: installing /root/.elan/toolchains/leanprover--lean4---v4.21.0
[2026-01-13 03:26:53] [INFO] Updated version-specific REPL cache to commit f3b8542861a0a65e18a2ce337527fa7f779f8a01
[2026-01-13 03:27:19] [INFO] Creating Lean server
[2026-01-13 03:27:19] [INFO] Reading original file with timeout 180
[2026-01-13 03:27:23] [INFO] Received response from original file
[2026-01-13 03:27:23] [INFO] Reading modified file
[2026-01-13 03:27:28] [INFO] Proof verified (using LeanInteract)
[2026-01-13 03:27:28] [INFO] Proof verification completed
[2026-01-13 03:27:28] [INFO] Strategy exact? attempt 1: verified=True
[2026-01-13 03:27:28] [INFO] Verification message: Proof verified successfully
[2026-01-13 03:27:28] [INFO] SUCCESS! Proof verified on attempt 1
[2026-01-13 03:27:28] [INFO] ========================================
[2026-01-13 03:27:28] [INFO] Pass@k completed. Total results: 1
[2026-01-13 03:27:28] [INFO] SUCCESS: exact?
[2026-01-13 03:27:28] [INFO] Writing results to file: /root/repo/result.json
[2026-01-13 03:27:28] [INFO] Result file written successfully
[2026-01-13 03:27:28] [INFO] Results exported to: /root/repo/result.json
[2026-01-13 03:27:28] [INFO] run_morphcloud_local.py completed successfully

[2026-01-13 03:27:29] [process_single_sorry] Downloading result file...
[2026-01-13 03:27:29] [process_single_sorry] Downloaded result to intermediate_experiment_outputs_full_reservoir_3_months/multi_tactic/2026-01-13_01-27-45_multi_tactic/individual/de969a6c0aacc96add3a63e8bcf90249f2c8a7adcd0b665f118c4fe2b1fec17d.json
[2026-01-13 03:27:34] [process_single_sorry] Instance context closed successfully
[2026-01-13 03:27:34] [process_single_sorry] Parsing result file...
[2026-01-13 03:27:34] [process_single_sorry] Successfully parsed result (list format, 1 results)
