[2026-01-13 03:26:34] [process_single_sorry] Starting for sorry e3a09e8b888d50a4f2a88866a97bd68bfa4edc10a9e5590e9f794789e8517576
[2026-01-13 03:26:34] [process_single_sorry] Using snapshot: snapshot_bu5ng61o
[2026-01-13 03:26:34] [process_single_sorry] Repository: https://github.com/dagurtomas/LeanCondensed@de8a2f66d0863c0d1b4355aa6743fd228462d7df
[2026-01-13 03:26:34] [process_single_sorry] Instance name: LeanCondensed_de8a2f66d086_multi_tactic_e3a09e8b888d50a4f2a88866a97bd68bfa4edc10a9e5590e9f794789e8517576
[2026-01-13 03:26:34] [process_single_sorry] Starting attempt 1/3
[2026-01-13 03:26:34] [process_single_sorry] Starting instance from snapshot...
[2026-01-13 03:26:35] [process_single_sorry] Instance started successfully: morphvm_i74bfkps
[2026-01-13 03:26:35] [process_single_sorry] Creating .env file...
[2026-01-13 03:26:40] [process_single_sorry] .env file created (exit_code: 0)
[2026-01-13 03:26:40] [process_single_sorry] Executing agent command...
[2026-01-13 03:29:27] [process_single_sorry] Agent command completed (exit_code: 0)
[2026-01-13 03:29:27] [process_single_sorry] STDOUT:

Results JSON:
[
  {
    "sorry": {
      "repo": {
        "remote": "https://github.com/dagurtomas/LeanCondensed",
        "branch": "master",
        "commit": "de8a2f66d0863c0d1b4355aa6743fd228462d7df",
        "lean_version": "v4.26.0-rc2"
      },
      "location": {
        "path": "LeanCondensed/Projects/LightSolid.lean",
        "start_line": 112,
        "start_column": 43,
        "end_line": 112,
        "end_column": 48
      },
      "debug_info": {
        "goal": "R✝¹ : Type ?u.194539\ninst✝² : CommRing R✝¹\nR✝ : Type\ninst✝¹ : CommRing R✝\nR : Type\ninst✝ : CommRing R\n⊢ HasLimitsOfSize.{0, 0, 1, 1} LightCondensed.Solid",
        "url": "https://github.com/dagurtomas/LeanCondensed/blob/de8a2f66d0863c0d1b4355aa6743fd228462d7df/LeanCondensed/Projects/LightSolid.lean#L112"
      },
      "metadata": {
        "blame_email_hash": "51ec3153783b",
        "blame_date": "2025-11-18T21:45:48-07:00",
        "inclusion_date": "2026-01-09T22:07:26.702245+00:00"
      },
      "id": "e3a09e8b888d50a4f2a88866a97bd68bfa4edc10a9e5590e9f794789e8517576"
    },
    "proof": null,
    "proof_verified": false,
    "feedback": null,
    "verification_message": "All 11 attempts failed (11 strategies x 1 attempts each)",
    "success": true,
    "error_type": null,
    "error_message": null,
    "strategy_name": "all_failed_k=1",
    "proof_attempts": [
      "rfl",
      "simp",
      "simp_all",
      "exact?",
      "grind",
      "ring",
      "norm_num",
      "omega",
      "linarith",
      "nlinarith",
      "aesop"
    ]
  }
]

[2026-01-13 03:29:27] [process_single_sorry] STDERR:
None of PyTorch, TensorFlow >= 2.0, or Flax have been found. Models won't be available and only tokenizers, configuration and file/data utilities can be used.
[2026-01-13 03:26:58] [INFO] ================================================================================
[2026-01-13 03:26:58] [INFO] Starting run_morphcloud_local.py
[2026-01-13 03:26:58] [INFO] ================================================================================
[2026-01-13 03:26:58] [INFO] Environment loaded
[2026-01-13 03:26:58] [INFO] Full command: /root/SorryDB/sorrydb/cli/run_morphcloud_local.py --repo-path /root/repo --sorry-json {"repo": {"remote": "https://github.com/dagurtomas/LeanCondensed", "branch": "master", "commit": "de8a2f66d0863c0d1b4355aa6743fd228462d7df", "lean_version": "v4.26.0-rc2"}, "location": {"path": "LeanCondensed/Projects/LightSolid.lean", "start_line": 112, "start_column": 43, "end_line": 112, "end_column": 48}, "debug_info": {"goal": "R\u271d\u00b9 : Type ?u.194539\ninst\u271d\u00b2 : CommRing R\u271d\u00b9\nR\u271d : Type\ninst\u271d\u00b9 : CommRing R\u271d\nR : Type\ninst\u271d : CommRing R\n\u22a2 HasLimitsOfSize.{0, 0, 1, 1} LightCondensed.Solid", "url": "https://github.com/dagurtomas/LeanCondensed/blob/de8a2f66d0863c0d1b4355aa6743fd228462d7df/LeanCondensed/Projects/LightSolid.lean#L112"}, "metadata": {"blame_email_hash": "51ec3153783b", "blame_date": "2025-11-18T21:45:48-07:00", "inclusion_date": "2026-01-09T22:07:26.702245+00:00"}, "id": "e3a09e8b888d50a4f2a88866a97bd68bfa4edc10a9e5590e9f794789e8517576"} --agent-strategy {"name": "multi_tactic", "args": {}}
[2026-01-13 03:26:58] [INFO] Arguments parsed: repo_path=/root/repo, output_path=/root/repo/result.json
[2026-01-13 03:26:58] [INFO] Strategy spec: {"name": "multi_tactic", "args": {}}...
[2026-01-13 03:26:58] [INFO] Loading sorry data...
[2026-01-13 03:26:58] [INFO] Parsing sorry from JSON string...
[2026-01-13 03:26:58] [INFO] Sorry data parsed from JSON string
[2026-01-13 03:26:58] [INFO] Creating strategy from spec...
[2026-01-13 03:26:58] [INFO] Parsing strategy spec (length: 36 chars)
[2026-01-13 03:26:58] [INFO] Strategy name: multi_tactic
[2026-01-13 03:26:58] [INFO] Strategy args: {}
[2026-01-13 03:26:58] [INFO] Pass@k value: 1
[2026-01-13 03:26:58] [INFO] Creating strategy: multi_tactic
[2026-01-13 03:26:58] [INFO] Creating multi_tactic strategy with tactics: ['rfl', 'simp', 'simp_all', 'exact?', 'grind', 'ring', 'norm_num', 'omega', 'linarith', 'nlinarith', 'aesop']
[2026-01-13 03:26:58] [INFO] Strategies created: ['rfl', 'simp', 'simp_all', 'exact?', 'grind', 'ring', 'norm_num', 'omega', 'linarith', 'nlinarith', 'aesop']
[2026-01-13 03:26:58] [INFO] Pass@k value: 1
[2026-01-13 03:26:58] [INFO] Creating Sorry object...
[2026-01-13 03:26:58] [INFO] Sorry object created: id=e3a09e8b888d50a4f2a88866a97bd68bfa4edc10a9e5590e9f794789e8517576
[2026-01-13 03:26:58] [INFO] Sorry location: LeanCondensed/Projects/LightSolid.lean:112
[2026-01-13 03:26:58] [INFO] Context before sorry (lines 107-112):
[2026-01-13 03:26:58] [INFO]   107: instance : Inhabited Solid := ⟨Solid.of ((discrete (ModuleCat ℤ)).obj (ModuleCat.of ℤ ℤ))⟩
[2026-01-13 03:26:58] [INFO]   108: 
[2026-01-13 03:26:58] [INFO]   109: @[simps!]
[2026-01-13 03:26:58] [INFO]   110: def solidToCondensed : Solid ⥤ LightCondAb := inducedFunctor _
[2026-01-13 03:26:58] [INFO]   111: 
[2026-01-13 03:26:58] [INFO]   112: instance : HasLimitsOfSize.{0, 0} Solid := sorry
[2026-01-13 03:26:58] [INFO] Sorry line: instance : HasLimitsOfSize.{0, 0} Solid := sorry
[2026-01-13 03:26:58] [INFO] Sorry goal: R✝¹ : Type ?u.194539
inst✝² : CommRing R✝¹
R✝ : Type
inst✝¹ : CommRing R✝
R : Type
inst✝ : CommRing ...
[2026-01-13 03:26:58] [INFO] ========================================
[2026-01-13 03:26:58] [INFO] Trying strategy: rfl (up to 1 attempts)
[2026-01-13 03:26:58] [INFO] --------------------
[2026-01-13 03:26:58] [INFO] Strategy rfl, attempt 1/1
[2026-01-13 03:26:58] [INFO] Starting proof generation...
[2026-01-13 03:26:58] [INFO] Repository path: /root/repo
[2026-01-13 03:26:58] [INFO] Proof generation completed
[2026-01-13 03:26:58] [INFO] Generated proof:
[2026-01-13 03:26:58] [INFO] rfl
[2026-01-13 03:26:58] [INFO] Proof length: 3 chars
[2026-01-13 03:26:58] [INFO] Starting proof verification...
[2026-01-13 03:26:58] [INFO] Verifying at: LeanCondensed/Projects/LightSolid.lean:112
[2026-01-13 03:26:58] [INFO] Using LEAN INTERACT verify
[2026-01-13 03:26:58] [INFO] Checking file
[2026-01-13 03:27:57] [INFO] Cannot build modified file <error line="112" column="43">
<code_line>instance : HasLimitsOfSize.{0, 0} Solid := rfl</code_line>
<message>error: Type mismatch</message>
</error>
  rfl
has type
  ?m.3 = ?m.3
but is expected to have type
  HasLimitsOfSize.{0, 0, 1, 1} Solid
<error line="112" column="0">
<code_line>instance : HasLimitsOfSize.{0, 0} Solid := rfl</code_line>
<message>error: Not a definitional equality: the conclusion should be an equality, but is</message>
</error>
  HasLimitsOfSize.{0, 0, 1, 1} Solid
[2026-01-13 03:27:57] [INFO] Proof verification completed
[2026-01-13 03:27:57] [INFO] Strategy rfl attempt 1: verified=False
[2026-01-13 03:27:57] [INFO] Verification message: Cannot build modified file: <error line="112" column="43">
<code_line>instance : HasLimitsOfSize.{0, 0} Solid := rfl</code_line>
<message>error: Type mismatch</message>
</error>
  rfl
has type
  ?m.3 = ?m.3
but is expected to have type
  HasLimitsOfSize.{0, 0, 1, 1} Solid
<error line="112" column="0">
<code_line>instance : HasLimitsOfSize.{0, 0} Solid := rfl</code_line>
<message>error: Not a definitional equality: the conclusion should be an equality, but is</message>
</error>
  HasLimitsOfSize.{0, 0, 1, 1} Solid

[2026-01-13 03:27:57] [INFO] Attempt 1 failed verification, continuing...
[2026-01-13 03:27:57] [INFO] ========================================
[2026-01-13 03:27:57] [INFO] Trying strategy: simp (up to 1 attempts)
[2026-01-13 03:27:57] [INFO] --------------------
[2026-01-13 03:27:57] [INFO] Strategy simp, attempt 1/1
[2026-01-13 03:27:57] [INFO] Starting proof generation...
[2026-01-13 03:27:57] [INFO] Repository path: /root/repo
[2026-01-13 03:27:57] [INFO] Proof generation completed
[2026-01-13 03:27:57] [INFO] Generated proof:
[2026-01-13 03:27:57] [INFO] simp
[2026-01-13 03:27:57] [INFO] Proof length: 4 chars
[2026-01-13 03:27:57] [INFO] Starting proof verification...
[2026-01-13 03:27:57] [INFO] Verifying at: LeanCondensed/Projects/LightSolid.lean:112
[2026-01-13 03:27:57] [INFO] Using LEAN INTERACT verify
[2026-01-13 03:27:57] [INFO] Checking file
[2026-01-13 03:28:07] [INFO] Cannot build modified file LeanCondensed/Projects/tmp5qayrsik.lean:112:43: error(lean.unknownIdentifier): Unknown identifier `simp`
[2026-01-13 03:28:07] [INFO] Proof verification completed
[2026-01-13 03:28:07] [INFO] Strategy simp attempt 1: verified=False
[2026-01-13 03:28:07] [INFO] Verification message: Cannot build modified file: LeanCondensed/Projects/tmp5qayrsik.lean:112:43: error(lean.unknownIdentifier): Unknown identifier `simp`

[2026-01-13 03:28:07] [INFO] Attempt 1 failed verification, continuing...
[2026-01-13 03:28:07] [INFO] ========================================
[2026-01-13 03:28:07] [INFO] Trying strategy: simp_all (up to 1 attempts)
[2026-01-13 03:28:07] [INFO] --------------------
[2026-01-13 03:28:07] [INFO] Strategy simp_all, attempt 1/1
[2026-01-13 03:28:07] [INFO] Starting proof generation...
[2026-01-13 03:28:07] [INFO] Repository path: /root/repo
[2026-01-13 03:28:07] [INFO] Proof generation completed
[2026-01-13 03:28:07] [INFO] Generated proof:
[2026-01-13 03:28:07] [INFO] simp_all
[2026-01-13 03:28:07] [INFO] Proof length: 8 chars
[2026-01-13 03:28:07] [INFO] Starting proof verification...
[2026-01-13 03:28:07] [INFO] Verifying at: LeanCondensed/Projects/LightSolid.lean:112
[2026-01-13 03:28:07] [INFO] Using LEAN INTERACT verify
[2026-01-13 03:28:07] [INFO] Checking file
[2026-01-13 03:28:16] [INFO] Cannot build modified file LeanCondensed/Projects/tmpzq71bqir.lean:112:43: error(lean.unknownIdentifier): Unknown identifier `simp_all`
[2026-01-13 03:28:16] [INFO] Proof verification completed
[2026-01-13 03:28:16] [INFO] Strategy simp_all attempt 1: verified=False
[2026-01-13 03:28:16] [INFO] Verification message: Cannot build modified file: LeanCondensed/Projects/tmpzq71bqir.lean:112:43: error(lean.unknownIdentifier): Unknown identifier `simp_all`

[2026-01-13 03:28:16] [INFO] Attempt 1 failed verification, continuing...
[2026-01-13 03:28:16] [INFO] ========================================
[2026-01-13 03:28:16] [INFO] Trying strategy: exact? (up to 1 attempts)
[2026-01-13 03:28:16] [INFO] --------------------
[2026-01-13 03:28:16] [INFO] Strategy exact?, attempt 1/1
[2026-01-13 03:28:16] [INFO] Starting proof generation...
[2026-01-13 03:28:16] [INFO] Repository path: /root/repo
[2026-01-13 03:28:16] [INFO] Proof generation completed
[2026-01-13 03:28:16] [INFO] Generated proof:
[2026-01-13 03:28:16] [INFO] exact?
[2026-01-13 03:28:16] [INFO] Proof length: 6 chars
[2026-01-13 03:28:16] [INFO] Starting proof verification...
[2026-01-13 03:28:16] [INFO] Verifying at: LeanCondensed/Projects/LightSolid.lean:112
[2026-01-13 03:28:16] [INFO] Using LEAN INTERACT verify
[2026-01-13 03:28:16] [INFO] Checking file
[2026-01-13 03:28:25] [INFO] Cannot build modified file LeanCondensed/Projects/tmpf12ebx5w.lean:112:43: error(lean.unknownIdentifier): Unknown identifier `exact?`
[2026-01-13 03:28:25] [INFO] Proof verification completed
[2026-01-13 03:28:25] [INFO] Strategy exact? attempt 1: verified=False
[2026-01-13 03:28:25] [INFO] Verification message: Cannot build modified file: LeanCondensed/Projects/tmpf12ebx5w.lean:112:43: error(lean.unknownIdentifier): Unknown identifier `exact?`

[2026-01-13 03:28:25] [INFO] Attempt 1 failed verification, continuing...
[2026-01-13 03:28:25] [INFO] ========================================
[2026-01-13 03:28:25] [INFO] Trying strategy: grind (up to 1 attempts)
[2026-01-13 03:28:25] [INFO] --------------------
[2026-01-13 03:28:25] [INFO] Strategy grind, attempt 1/1
[2026-01-13 03:28:25] [INFO] Starting proof generation...
[2026-01-13 03:28:25] [INFO] Repository path: /root/repo
[2026-01-13 03:28:25] [INFO] Proof generation completed
[2026-01-13 03:28:25] [INFO] Generated proof:
[2026-01-13 03:28:25] [INFO] grind
[2026-01-13 03:28:25] [INFO] Proof length: 5 chars
[2026-01-13 03:28:25] [INFO] Starting proof verification...
[2026-01-13 03:28:25] [INFO] Verifying at: LeanCondensed/Projects/LightSolid.lean:112
[2026-01-13 03:28:25] [INFO] Using LEAN INTERACT verify
[2026-01-13 03:28:25] [INFO] Checking file
[2026-01-13 03:28:34] [INFO] Cannot build modified file LeanCondensed/Projects/tmpmlpx67oq.lean:112:43: error(lean.unknownIdentifier): Unknown identifier `grind`
[2026-01-13 03:28:34] [INFO] Proof verification completed
[2026-01-13 03:28:34] [INFO] Strategy grind attempt 1: verified=False
[2026-01-13 03:28:34] [INFO] Verification message: Cannot build modified file: LeanCondensed/Projects/tmpmlpx67oq.lean:112:43: error(lean.unknownIdentifier): Unknown identifier `grind`

[2026-01-13 03:28:34] [INFO] Attempt 1 failed verification, continuing...
[2026-01-13 03:28:34] [INFO] ========================================
[2026-01-13 03:28:34] [INFO] Trying strategy: ring (up to 1 attempts)
[2026-01-13 03:28:34] [INFO] --------------------
[2026-01-13 03:28:34] [INFO] Strategy ring, attempt 1/1
[2026-01-13 03:28:34] [INFO] Starting proof generation...
[2026-01-13 03:28:34] [INFO] Repository path: /root/repo
[2026-01-13 03:28:34] [INFO] Proof generation completed
[2026-01-13 03:28:34] [INFO] Generated proof:
[2026-01-13 03:28:34] [INFO] ring
[2026-01-13 03:28:34] [INFO] Proof length: 4 chars
[2026-01-13 03:28:34] [INFO] Starting proof verification...
[2026-01-13 03:28:34] [INFO] Verifying at: LeanCondensed/Projects/LightSolid.lean:112
[2026-01-13 03:28:34] [INFO] Using LEAN INTERACT verify
[2026-01-13 03:28:34] [INFO] Checking file
[2026-01-13 03:28:43] [INFO] Cannot build modified file LeanCondensed/Projects/tmpb5zyenl6.lean:112:43: error(lean.unknownIdentifier): Unknown identifier `ring`
[2026-01-13 03:28:43] [INFO] Proof verification completed
[2026-01-13 03:28:43] [INFO] Strategy ring attempt 1: verified=False
[2026-01-13 03:28:43] [INFO] Verification message: Cannot build modified file: LeanCondensed/Projects/tmpb5zyenl6.lean:112:43: error(lean.unknownIdentifier): Unknown identifier `ring`

[2026-01-13 03:28:43] [INFO] Attempt 1 failed verification, continuing...
[2026-01-13 03:28:43] [INFO] ========================================
[2026-01-13 03:28:43] [INFO] Trying strategy: norm_num (up to 1 attempts)
[2026-01-13 03:28:43] [INFO] --------------------
[2026-01-13 03:28:43] [INFO] Strategy norm_num, attempt 1/1
[2026-01-13 03:28:43] [INFO] Starting proof generation...
[2026-01-13 03:28:43] [INFO] Repository path: /root/repo
[2026-01-13 03:28:43] [INFO] Proof generation completed
[2026-01-13 03:28:43] [INFO] Generated proof:
[2026-01-13 03:28:43] [INFO] norm_num
[2026-01-13 03:28:43] [INFO] Proof length: 8 chars
[2026-01-13 03:28:43] [INFO] Starting proof verification...
[2026-01-13 03:28:43] [INFO] Verifying at: LeanCondensed/Projects/LightSolid.lean:112
[2026-01-13 03:28:43] [INFO] Using LEAN INTERACT verify
[2026-01-13 03:28:43] [INFO] Checking file
[2026-01-13 03:28:51] [INFO] Cannot build modified file <error line="112" column="43">
<code_line>instance : HasLimitsOfSize.{0, 0} Solid := norm_num</code_line>
<message>error: Type mismatch</message>
</error>
  norm_num
has type
  Lean.ParserDescr
of sort `Type` but is expected to have type
  HasLimitsOfSize.{0, 0, 1, 1} Solid
of sort `Prop`
[2026-01-13 03:28:51] [INFO] Proof verification completed
[2026-01-13 03:28:51] [INFO] Strategy norm_num attempt 1: verified=False
[2026-01-13 03:28:51] [INFO] Verification message: Cannot build modified file: <error line="112" column="43">
<code_line>instance : HasLimitsOfSize.{0, 0} Solid := norm_num</code_line>
<message>error: Type mismatch</message>
</error>
  norm_num
has type
  Lean.ParserDescr
of sort `Type` but is expected to have type
  HasLimitsOfSize.{0, 0, 1, 1} Solid
of sort `Prop`

[2026-01-13 03:28:51] [INFO] Attempt 1 failed verification, continuing...
[2026-01-13 03:28:51] [INFO] ========================================
[2026-01-13 03:28:51] [INFO] Trying strategy: omega (up to 1 attempts)
[2026-01-13 03:28:51] [INFO] --------------------
[2026-01-13 03:28:51] [INFO] Strategy omega, attempt 1/1
[2026-01-13 03:28:51] [INFO] Starting proof generation...
[2026-01-13 03:28:51] [INFO] Repository path: /root/repo
[2026-01-13 03:28:51] [INFO] Proof generation completed
[2026-01-13 03:28:51] [INFO] Generated proof:
[2026-01-13 03:28:51] [INFO] omega
[2026-01-13 03:28:51] [INFO] Proof length: 5 chars
[2026-01-13 03:28:51] [INFO] Starting proof verification...
[2026-01-13 03:28:51] [INFO] Verifying at: LeanCondensed/Projects/LightSolid.lean:112
[2026-01-13 03:28:51] [INFO] Using LEAN INTERACT verify
[2026-01-13 03:28:51] [INFO] Checking file
[2026-01-13 03:29:00] [INFO] Cannot build modified file LeanCondensed/Projects/tmp2rybqt0v.lean:112:43: error(lean.unknownIdentifier): Unknown identifier `omega`
[2026-01-13 03:29:00] [INFO] Proof verification completed
[2026-01-13 03:29:00] [INFO] Strategy omega attempt 1: verified=False
[2026-01-13 03:29:00] [INFO] Verification message: Cannot build modified file: LeanCondensed/Projects/tmp2rybqt0v.lean:112:43: error(lean.unknownIdentifier): Unknown identifier `omega`

[2026-01-13 03:29:00] [INFO] Attempt 1 failed verification, continuing...
[2026-01-13 03:29:00] [INFO] ========================================
[2026-01-13 03:29:00] [INFO] Trying strategy: linarith (up to 1 attempts)
[2026-01-13 03:29:00] [INFO] --------------------
[2026-01-13 03:29:00] [INFO] Strategy linarith, attempt 1/1
[2026-01-13 03:29:00] [INFO] Starting proof generation...
[2026-01-13 03:29:00] [INFO] Repository path: /root/repo
[2026-01-13 03:29:00] [INFO] Proof generation completed
[2026-01-13 03:29:00] [INFO] Generated proof:
[2026-01-13 03:29:00] [INFO] linarith
[2026-01-13 03:29:00] [INFO] Proof length: 8 chars
[2026-01-13 03:29:00] [INFO] Starting proof verification...
[2026-01-13 03:29:00] [INFO] Verifying at: LeanCondensed/Projects/LightSolid.lean:112
[2026-01-13 03:29:00] [INFO] Using LEAN INTERACT verify
[2026-01-13 03:29:00] [INFO] Checking file
[2026-01-13 03:29:09] [INFO] Cannot build modified file LeanCondensed/Projects/tmph3cykufz.lean:112:43: error(lean.unknownIdentifier): Unknown identifier `linarith`
[2026-01-13 03:29:09] [INFO] Proof verification completed
[2026-01-13 03:29:09] [INFO] Strategy linarith attempt 1: verified=False
[2026-01-13 03:29:09] [INFO] Verification message: Cannot build modified file: LeanCondensed/Projects/tmph3cykufz.lean:112:43: error(lean.unknownIdentifier): Unknown identifier `linarith`

[2026-01-13 03:29:09] [INFO] Attempt 1 failed verification, continuing...
[2026-01-13 03:29:09] [INFO] ========================================
[2026-01-13 03:29:09] [INFO] Trying strategy: nlinarith (up to 1 attempts)
[2026-01-13 03:29:09] [INFO] --------------------
[2026-01-13 03:29:09] [INFO] Strategy nlinarith, attempt 1/1
[2026-01-13 03:29:09] [INFO] Starting proof generation...
[2026-01-13 03:29:09] [INFO] Repository path: /root/repo
[2026-01-13 03:29:09] [INFO] Proof generation completed
[2026-01-13 03:29:09] [INFO] Generated proof:
[2026-01-13 03:29:09] [INFO] nlinarith
[2026-01-13 03:29:09] [INFO] Proof length: 9 chars
[2026-01-13 03:29:09] [INFO] Starting proof verification...
[2026-01-13 03:29:09] [INFO] Verifying at: LeanCondensed/Projects/LightSolid.lean:112
[2026-01-13 03:29:09] [INFO] Using LEAN INTERACT verify
[2026-01-13 03:29:09] [INFO] Checking file
[2026-01-13 03:29:17] [INFO] Cannot build modified file LeanCondensed/Projects/tmpq3ibn5sg.lean:112:43: error(lean.unknownIdentifier): Unknown identifier `nlinarith`
[2026-01-13 03:29:17] [INFO] Proof verification completed
[2026-01-13 03:29:17] [INFO] Strategy nlinarith attempt 1: verified=False
[2026-01-13 03:29:17] [INFO] Verification message: Cannot build modified file: LeanCondensed/Projects/tmpq3ibn5sg.lean:112:43: error(lean.unknownIdentifier): Unknown identifier `nlinarith`

[2026-01-13 03:29:17] [INFO] Attempt 1 failed verification, continuing...
[2026-01-13 03:29:17] [INFO] ========================================
[2026-01-13 03:29:17] [INFO] Trying strategy: aesop (up to 1 attempts)
[2026-01-13 03:29:17] [INFO] --------------------
[2026-01-13 03:29:17] [INFO] Strategy aesop, attempt 1/1
[2026-01-13 03:29:17] [INFO] Starting proof generation...
[2026-01-13 03:29:17] [INFO] Repository path: /root/repo
[2026-01-13 03:29:17] [INFO] Proof generation completed
[2026-01-13 03:29:17] [INFO] Generated proof:
[2026-01-13 03:29:17] [INFO] aesop
[2026-01-13 03:29:17] [INFO] Proof length: 5 chars
[2026-01-13 03:29:17] [INFO] Starting proof verification...
[2026-01-13 03:29:17] [INFO] Verifying at: LeanCondensed/Projects/LightSolid.lean:112
[2026-01-13 03:29:17] [INFO] Using LEAN INTERACT verify
[2026-01-13 03:29:17] [INFO] Checking file
[2026-01-13 03:29:26] [INFO] Cannot build modified file LeanCondensed/Projects/tmpt2kd2iyr.lean:112:43: error(lean.unknownIdentifier): Unknown identifier `aesop`
[2026-01-13 03:29:26] [INFO] Proof verification completed
[2026-01-13 03:29:26] [INFO] Strategy aesop attempt 1: verified=False
[2026-01-13 03:29:26] [INFO] Verification message: Cannot build modified file: LeanCondensed/Projects/tmpt2kd2iyr.lean:112:43: error(lean.unknownIdentifier): Unknown identifier `aesop`

[2026-01-13 03:29:26] [INFO] Attempt 1 failed verification, continuing...
[2026-01-13 03:29:26] [INFO] ========================================
[2026-01-13 03:29:26] [INFO] Pass@k completed. Total results: 1
[2026-01-13 03:29:26] [INFO] FAILED: All 11 strategies x 1 attempts
[2026-01-13 03:29:26] [INFO] Writing results to file: /root/repo/result.json
[2026-01-13 03:29:26] [INFO] Result file written successfully
[2026-01-13 03:29:26] [INFO] Results exported to: /root/repo/result.json
[2026-01-13 03:29:26] [INFO] run_morphcloud_local.py completed successfully

[2026-01-13 03:29:27] [process_single_sorry] Downloading result file...
[2026-01-13 03:29:27] [process_single_sorry] Downloaded result to intermediate_experiment_outputs_full_reservoir_3_months/multi_tactic/2026-01-13_01-27-45_multi_tactic/individual/e3a09e8b888d50a4f2a88866a97bd68bfa4edc10a9e5590e9f794789e8517576.json
[2026-01-13 03:29:30] [process_single_sorry] Instance context closed successfully
[2026-01-13 03:29:30] [process_single_sorry] Parsing result file...
[2026-01-13 03:29:30] [process_single_sorry] Successfully parsed result (list format, 1 results)
