[2026-01-11 00:13:20] [process_single_sorry] Starting for sorry 2a4e5af969afdad193d3e1f28d1a349459d88543246932cea7adb3400981716a
[2026-01-11 00:13:20] [process_single_sorry] Using snapshot: snapshot_qhmuaync
[2026-01-11 00:13:20] [process_single_sorry] Repository: https://github.com/google-deepmind/formal-conjectures@bb9707a10433cc4302b5557b28ca2abc10bd8a63
[2026-01-11 00:13:20] [process_single_sorry] Instance name: formal-conjectures_bb9707a10433_multi_tactic_2a4e5af969afdad193d3e1f28d1a349459d88543246932cea7adb3400981716a
[2026-01-11 00:13:20] [process_single_sorry] Starting attempt 1/3
[2026-01-11 00:13:20] [process_single_sorry] Starting instance from snapshot...
[2026-01-11 00:13:21] [process_single_sorry] Instance started successfully: morphvm_yvm6v05j
[2026-01-11 00:13:21] [process_single_sorry] Creating .env file...
[2026-01-11 00:13:29] [process_single_sorry] .env file created (exit_code: 0)
[2026-01-11 00:13:29] [process_single_sorry] Executing agent command...
[2026-01-11 00:15:09] [process_single_sorry] Agent command completed (exit_code: 0)
[2026-01-11 00:15:09] [process_single_sorry] STDOUT:

Results JSON:
[
  {
    "sorry": {
      "repo": {
        "remote": "https://github.com/google-deepmind/formal-conjectures",
        "branch": "more_erdos_124",
        "commit": "bb9707a10433cc4302b5557b28ca2abc10bd8a63",
        "lean_version": "v4.22.0"
      },
      "location": {
        "path": "FormalConjectures/ErdosProblems/1102.lean",
        "start_line": 68,
        "start_column": 2,
        "end_line": 68,
        "end_column": 7
      },
      "debug_info": {
        "goal": "f : ℕ → ℕ\nh_inf : Tendsto f atTop atTop\nh_pos : ∀ (n : ℕ), f n ≠ 0\n⊢ ∃ A, StrictMono A ∧ Erdos1102.HasPropertyP (range A) ∧ ∀ (j : ℕ), ↑(A j) / ↑j ≤ ↑(f j)",
        "url": "https://github.com/google-deepmind/formal-conjectures/blob/bb9707a10433cc4302b5557b28ca2abc10bd8a63/FormalConjectures/ErdosProblems/1102.lean#L68"
      },
      "metadata": {
        "blame_email_hash": "105fc28236c8",
        "blame_date": "2025-12-24T14:17:56+05:30",
        "inclusion_date": "2025-12-30T05:28:41.051224+00:00"
      },
      "id": "2a4e5af969afdad193d3e1f28d1a349459d88543246932cea7adb3400981716a"
    },
    "proof": null,
    "proof_verified": false,
    "feedback": null,
    "verification_message": "All 11 attempts failed (11 strategies x 1 attempts each)",
    "success": true,
    "error_type": null,
    "error_message": null,
    "strategy_name": "all_failed_k=1",
    "proof_attempts": [
      "rfl",
      "simp",
      "simp_all",
      "exact?",
      "grind",
      "ring",
      "norm_num",
      "omega",
      "linarith",
      "nlinarith",
      "aesop"
    ]
  }
]

[2026-01-11 00:15:09] [process_single_sorry] STDERR:
None of PyTorch, TensorFlow >= 2.0, or Flax have been found. Models won't be available and only tokenizers, configuration and file/data utilities can be used.
[2026-01-11 00:13:39] [INFO] ================================================================================
[2026-01-11 00:13:39] [INFO] Starting run_morphcloud_local.py
[2026-01-11 00:13:39] [INFO] ================================================================================
[2026-01-11 00:13:39] [INFO] Environment loaded
[2026-01-11 00:13:39] [INFO] Full command: /root/SorryDB/sorrydb/cli/run_morphcloud_local.py --repo-path /root/repo --sorry-json {"repo": {"remote": "https://github.com/google-deepmind/formal-conjectures", "branch": "more_erdos_124", "commit": "bb9707a10433cc4302b5557b28ca2abc10bd8a63", "lean_version": "v4.22.0"}, "location": {"path": "FormalConjectures/ErdosProblems/1102.lean", "start_line": 68, "start_column": 2, "end_line": 68, "end_column": 7}, "debug_info": {"goal": "f : \u2115 \u2192 \u2115\nh_inf : Tendsto f atTop atTop\nh_pos : \u2200 (n : \u2115), f n \u2260 0\n\u22a2 \u2203 A, StrictMono A \u2227 Erdos1102.HasPropertyP (range A) \u2227 \u2200 (j : \u2115), \u2191(A j) / \u2191j \u2264 \u2191(f j)", "url": "https://github.com/google-deepmind/formal-conjectures/blob/bb9707a10433cc4302b5557b28ca2abc10bd8a63/FormalConjectures/ErdosProblems/1102.lean#L68"}, "metadata": {"blame_email_hash": "105fc28236c8", "blame_date": "2025-12-24T14:17:56+05:30", "inclusion_date": "2025-12-30T05:28:41.051224+00:00"}, "id": "2a4e5af969afdad193d3e1f28d1a349459d88543246932cea7adb3400981716a"} --agent-strategy {"name": "multi_tactic", "args": {}}
[2026-01-11 00:13:39] [INFO] Arguments parsed: repo_path=/root/repo, output_path=/root/repo/result.json
[2026-01-11 00:13:39] [INFO] Strategy spec: {"name": "multi_tactic", "args": {}}...
[2026-01-11 00:13:39] [INFO] Loading sorry data...
[2026-01-11 00:13:39] [INFO] Parsing sorry from JSON string...
[2026-01-11 00:13:39] [INFO] Sorry data parsed from JSON string
[2026-01-11 00:13:39] [INFO] Creating strategy from spec...
[2026-01-11 00:13:39] [INFO] Parsing strategy spec (length: 36 chars)
[2026-01-11 00:13:39] [INFO] Strategy name: multi_tactic
[2026-01-11 00:13:39] [INFO] Strategy args: {}
[2026-01-11 00:13:39] [INFO] Pass@k value: 1
[2026-01-11 00:13:39] [INFO] Creating strategy: multi_tactic
[2026-01-11 00:13:39] [INFO] Creating multi_tactic strategy with tactics: ['rfl', 'simp', 'simp_all', 'exact?', 'grind', 'ring', 'norm_num', 'omega', 'linarith', 'nlinarith', 'aesop']
[2026-01-11 00:13:39] [INFO] Strategies created: ['rfl', 'simp', 'simp_all', 'exact?', 'grind', 'ring', 'norm_num', 'omega', 'linarith', 'nlinarith', 'aesop']
[2026-01-11 00:13:39] [INFO] Pass@k value: 1
[2026-01-11 00:13:39] [INFO] Creating Sorry object...
[2026-01-11 00:13:39] [INFO] Sorry object created: id=2a4e5af969afdad193d3e1f28d1a349459d88543246932cea7adb3400981716a
[2026-01-11 00:13:39] [INFO] Sorry location: FormalConjectures/ErdosProblems/1102.lean:68
[2026-01-11 00:13:39] [INFO] Context before sorry (lines 63-68):
[2026-01-11 00:13:39] [INFO]   63:     (f : ℕ → ℕ) (h_inf : Tendsto f atTop atTop)
[2026-01-11 00:13:39] [INFO]   64:     (h_pos : ∀ n, f n ≠ 0) :
[2026-01-11 00:13:39] [INFO]   65:     ∃ A : ℕ → ℕ, StrictMono A ∧
[2026-01-11 00:13:39] [INFO]   66:     HasPropertyP (range A) ∧
[2026-01-11 00:13:39] [INFO]   67:     ∀ j : ℕ, (A j : ℝ) / j ≤ f j := by
[2026-01-11 00:13:39] [INFO]   68:   sorry
[2026-01-11 00:13:39] [INFO] Sorry line:   sorry
[2026-01-11 00:13:39] [INFO] Sorry goal: f : ℕ → ℕ
h_inf : Tendsto f atTop atTop
h_pos : ∀ (n : ℕ), f n ≠ 0
⊢ ∃ A, StrictMono A ∧ Erdos1102.H...
[2026-01-11 00:13:39] [INFO] ========================================
[2026-01-11 00:13:39] [INFO] Trying strategy: rfl (up to 1 attempts)
[2026-01-11 00:13:39] [INFO] --------------------
[2026-01-11 00:13:39] [INFO] Strategy rfl, attempt 1/1
[2026-01-11 00:13:39] [INFO] Starting proof generation...
[2026-01-11 00:13:39] [INFO] Repository path: /root/repo
[2026-01-11 00:13:39] [INFO] Proof generation completed
[2026-01-11 00:13:39] [INFO] Generated proof:
[2026-01-11 00:13:39] [INFO] rfl
[2026-01-11 00:13:39] [INFO] Proof length: 3 chars
[2026-01-11 00:13:39] [INFO] Starting proof verification...
[2026-01-11 00:13:39] [INFO] Verifying at: FormalConjectures/ErdosProblems/1102.lean:68
[2026-01-11 00:13:39] [INFO] Using LEAN INTERACT verify
[2026-01-11 00:13:39] [INFO] Checking file
[2026-01-11 00:14:04] [INFO] Cannot build modified file <error line="68" column="2">
<code_line>  rfl</code_line>
<message>error: tactic 'rfl' failed, the left-hand side</message>
</error>
  ℕ → ℕ
is not definitionally equal to the right-hand side
  fun A => StrictMono A ∧ HasPropertyP (range A) ∧ ∀ (j : ℕ), ↑(A j) / ↑j ≤ ↑(f j)
f : ℕ → ℕ
h_inf : Tendsto f atTop atTop
h_pos : ∀ (n : ℕ), f n ≠ 0
⊢ ∃ A, StrictMono A ∧ HasPropertyP (range A) ∧ ∀ (j : ℕ), ↑(A j) / ↑j ≤ ↑(f j)
[2026-01-11 00:14:04] [INFO] Proof verification completed
[2026-01-11 00:14:04] [INFO] Strategy rfl attempt 1: verified=False
[2026-01-11 00:14:04] [INFO] Verification message: Cannot build modified file: <error line="68" column="2">
<code_line>  rfl</code_line>
<message>error: tactic 'rfl' failed, the left-hand side</message>
</error>
  ℕ → ℕ
is not definitionally equal to the right-hand side
  fun A => StrictMono A ∧ HasPropertyP (range A) ∧ ∀ (j : ℕ), ↑(A j) / ↑j ≤ ↑(f j)
f : ℕ → ℕ
h_inf : Tendsto f atTop atTop
h_pos : ∀ (n : ℕ), f n ≠ 0
⊢ ∃ A, StrictMono A ∧ HasPropertyP (range A) ∧ ∀ (j : ℕ), ↑(A j) / ↑j ≤ ↑(f j)

[2026-01-11 00:14:04] [INFO] Attempt 1 failed verification, continuing...
[2026-01-11 00:14:04] [INFO] ========================================
[2026-01-11 00:14:04] [INFO] Trying strategy: simp (up to 1 attempts)
[2026-01-11 00:14:04] [INFO] --------------------
[2026-01-11 00:14:04] [INFO] Strategy simp, attempt 1/1
[2026-01-11 00:14:04] [INFO] Starting proof generation...
[2026-01-11 00:14:04] [INFO] Repository path: /root/repo
[2026-01-11 00:14:04] [INFO] Proof generation completed
[2026-01-11 00:14:04] [INFO] Generated proof:
[2026-01-11 00:14:04] [INFO] simp
[2026-01-11 00:14:04] [INFO] Proof length: 4 chars
[2026-01-11 00:14:04] [INFO] Starting proof verification...
[2026-01-11 00:14:04] [INFO] Verifying at: FormalConjectures/ErdosProblems/1102.lean:68
[2026-01-11 00:14:04] [INFO] Using LEAN INTERACT verify
[2026-01-11 00:14:04] [INFO] Checking file
[2026-01-11 00:14:08] [INFO] Cannot build modified file <error line="68" column="2">
<code_line>  simp</code_line>
<message>error: simp made no progress</message>
</error>
[2026-01-11 00:14:08] [INFO] Proof verification completed
[2026-01-11 00:14:08] [INFO] Strategy simp attempt 1: verified=False
[2026-01-11 00:14:08] [INFO] Verification message: Cannot build modified file: <error line="68" column="2">
<code_line>  simp</code_line>
<message>error: simp made no progress</message>
</error>

[2026-01-11 00:14:08] [INFO] Attempt 1 failed verification, continuing...
[2026-01-11 00:14:08] [INFO] ========================================
[2026-01-11 00:14:08] [INFO] Trying strategy: simp_all (up to 1 attempts)
[2026-01-11 00:14:08] [INFO] --------------------
[2026-01-11 00:14:08] [INFO] Strategy simp_all, attempt 1/1
[2026-01-11 00:14:08] [INFO] Starting proof generation...
[2026-01-11 00:14:08] [INFO] Repository path: /root/repo
[2026-01-11 00:14:08] [INFO] Proof generation completed
[2026-01-11 00:14:08] [INFO] Generated proof:
[2026-01-11 00:14:08] [INFO] simp_all
[2026-01-11 00:14:08] [INFO] Proof length: 8 chars
[2026-01-11 00:14:08] [INFO] Starting proof verification...
[2026-01-11 00:14:08] [INFO] Verifying at: FormalConjectures/ErdosProblems/1102.lean:68
[2026-01-11 00:14:08] [INFO] Using LEAN INTERACT verify
[2026-01-11 00:14:08] [INFO] Checking file
[2026-01-11 00:14:12] [INFO] Cannot build modified file <error line="67" column="36">
<code_line>    ∀ j : ℕ, (A j : ℝ) / j ≤ f j := by</code_line>
<message>error: unsolved goals</message>
</error>
f : ℕ → ℕ
h_inf : Tendsto f atTop atTop
h_pos : ∀ (n : ℕ), ¬f n = 0
⊢ ∃ A, StrictMono A ∧ HasPropertyP (range A) ∧ ∀ (j : ℕ), ↑(A j) / ↑j ≤ ↑(f j)
[2026-01-11 00:14:12] [INFO] Proof verification completed
[2026-01-11 00:14:12] [INFO] Strategy simp_all attempt 1: verified=False
[2026-01-11 00:14:12] [INFO] Verification message: Cannot build modified file: <error line="67" column="36">
<code_line>    ∀ j : ℕ, (A j : ℝ) / j ≤ f j := by</code_line>
<message>error: unsolved goals</message>
</error>
f : ℕ → ℕ
h_inf : Tendsto f atTop atTop
h_pos : ∀ (n : ℕ), ¬f n = 0
⊢ ∃ A, StrictMono A ∧ HasPropertyP (range A) ∧ ∀ (j : ℕ), ↑(A j) / ↑j ≤ ↑(f j)

[2026-01-11 00:14:12] [INFO] Attempt 1 failed verification, continuing...
[2026-01-11 00:14:12] [INFO] ========================================
[2026-01-11 00:14:12] [INFO] Trying strategy: exact? (up to 1 attempts)
[2026-01-11 00:14:12] [INFO] --------------------
[2026-01-11 00:14:12] [INFO] Strategy exact?, attempt 1/1
[2026-01-11 00:14:12] [INFO] Starting proof generation...
[2026-01-11 00:14:12] [INFO] Repository path: /root/repo
[2026-01-11 00:14:12] [INFO] Proof generation completed
[2026-01-11 00:14:12] [INFO] Generated proof:
[2026-01-11 00:14:12] [INFO] exact?
[2026-01-11 00:14:12] [INFO] Proof length: 6 chars
[2026-01-11 00:14:12] [INFO] Starting proof verification...
[2026-01-11 00:14:12] [INFO] Verifying at: FormalConjectures/ErdosProblems/1102.lean:68
[2026-01-11 00:14:12] [INFO] Using LEAN INTERACT verify
[2026-01-11 00:14:12] [INFO] Checking file
[2026-01-11 00:14:34] [INFO] Cannot build modified file <error line="68" column="2">
<code_line>  exact?</code_line>
<message>error: `exact?` could not close the goal. Try `apply?` to see partial suggestions.</message>
</error>
[2026-01-11 00:14:34] [INFO] Proof verification completed
[2026-01-11 00:14:34] [INFO] Strategy exact? attempt 1: verified=False
[2026-01-11 00:14:34] [INFO] Verification message: Cannot build modified file: <error line="68" column="2">
<code_line>  exact?</code_line>
<message>error: `exact?` could not close the goal. Try `apply?` to see partial suggestions.</message>
</error>

[2026-01-11 00:14:34] [INFO] Attempt 1 failed verification, continuing...
[2026-01-11 00:14:34] [INFO] ========================================
[2026-01-11 00:14:34] [INFO] Trying strategy: grind (up to 1 attempts)
[2026-01-11 00:14:34] [INFO] --------------------
[2026-01-11 00:14:34] [INFO] Strategy grind, attempt 1/1
[2026-01-11 00:14:34] [INFO] Starting proof generation...
[2026-01-11 00:14:34] [INFO] Repository path: /root/repo
[2026-01-11 00:14:34] [INFO] Proof generation completed
[2026-01-11 00:14:34] [INFO] Generated proof:
[2026-01-11 00:14:34] [INFO] grind
[2026-01-11 00:14:34] [INFO] Proof length: 5 chars
[2026-01-11 00:14:34] [INFO] Starting proof verification...
[2026-01-11 00:14:34] [INFO] Verifying at: FormalConjectures/ErdosProblems/1102.lean:68
[2026-01-11 00:14:34] [INFO] Using LEAN INTERACT verify
[2026-01-11 00:14:34] [INFO] Checking file
[2026-01-11 00:14:38] [INFO] Cannot build modified file <error line="68" column="2">
<code_line>  grind</code_line>
<message>error: `grind` failed</message>
</error>
case grind
f : ℕ → ℕ
h_inf : Tendsto f atTop atTop
h_pos : ∀ (n : ℕ), ¬f n = 0
h : ∀ (a : ℕ → ℕ), StrictMono a → HasPropertyP (range a) → ∃ x, ¬↑(a x) * (↑x)⁻¹ ≤ ↑(f x)
⊢ False
[grind] Goal diagnostics
  [facts] Asserted facts
    [prop] Tendsto f atTop atTop
    [prop] ∀ (n : ℕ), ¬f n = 0
    [prop] ∀ (a : ℕ → ℕ), StrictMono a → HasPropertyP (range a) → ∃ x, ¬↑(a x) * (↑x)⁻¹ ≤ ↑(f x)
  [eqc] True propositions
    [prop] Tendsto f atTop atTop
    [prop] ∀ (n : ℕ), ¬f n = 0
    [prop] ∀ (a : ℕ → ℕ), StrictMono a → HasPropertyP (range a) → ∃ x, ¬↑(a x) * (↑x)⁻¹ ≤ ↑(f x)
  [ematch] E-matching patterns
    [thm] h_pos: [f #0]
    [thm] h_pos: [f #0]
    [thm] h: [@StrictMono `[ℕ] `[ℕ] `[Nat.instPreorder] `[Nat.instPreorder] #2]
    [thm] h: [@range `[ℕ] `[ℕ] #2]
[2026-01-11 00:14:38] [INFO] Proof verification completed
[2026-01-11 00:14:38] [INFO] Strategy grind attempt 1: verified=False
[2026-01-11 00:14:38] [INFO] Verification message: Cannot build modified file: <error line="68" column="2">
<code_line>  grind</code_line>
<message>error: `grind` failed</message>
</error>
case grind
f : ℕ → ℕ
h_inf : Tendsto f atTop atTop
h_pos : ∀ (n : ℕ), ¬f n = 0
h : ∀ (a : ℕ → ℕ), StrictMono a → HasPropertyP (range a) → ∃ x, ¬↑(a x) * (↑x)⁻¹ ≤ ↑(f x)
⊢ False
[grind] Goal diagnostics
  [facts] Asserted facts
    [prop] Tendsto f atTop atTop
    [prop] ∀ (n : ℕ), ¬f n = 0
    [prop] ∀ (a : ℕ → ℕ), StrictMono a → HasPropertyP (range a) → ∃ x, ¬↑(a x) * (↑x)⁻¹ ≤ ↑(f x)
  [eqc] True propositions
    [prop] Tendsto f atTop atTop
    [prop] ∀ (n : ℕ), ¬f n = 0
    [prop] ∀ (a : ℕ → ℕ), StrictMono a → HasPropertyP (range a) → ∃ x, ¬↑(a x) * (↑x)⁻¹ ≤ ↑(f x)
  [ematch] E-matching patterns
    [thm] h_pos: [f #0]
    [thm] h_pos: [f #0]
    [thm] h: [@StrictMono `[ℕ] `[ℕ] `[Nat.instPreorder] `[Nat.instPreorder] #2]
    [thm] h: [@range `[ℕ] `[ℕ] #2]

[2026-01-11 00:14:38] [INFO] Attempt 1 failed verification, continuing...
[2026-01-11 00:14:38] [INFO] ========================================
[2026-01-11 00:14:38] [INFO] Trying strategy: ring (up to 1 attempts)
[2026-01-11 00:14:38] [INFO] --------------------
[2026-01-11 00:14:38] [INFO] Strategy ring, attempt 1/1
[2026-01-11 00:14:38] [INFO] Starting proof generation...
[2026-01-11 00:14:38] [INFO] Repository path: /root/repo
[2026-01-11 00:14:38] [INFO] Proof generation completed
[2026-01-11 00:14:38] [INFO] Generated proof:
[2026-01-11 00:14:38] [INFO] ring
[2026-01-11 00:14:38] [INFO] Proof length: 4 chars
[2026-01-11 00:14:38] [INFO] Starting proof verification...
[2026-01-11 00:14:38] [INFO] Verifying at: FormalConjectures/ErdosProblems/1102.lean:68
[2026-01-11 00:14:38] [INFO] Using LEAN INTERACT verify
[2026-01-11 00:14:38] [INFO] Checking file
[2026-01-11 00:14:43] [INFO] Cannot build modified file Try this: ring_nf
<error line="67" column="36">
<code_line>    ∀ j : ℕ, (A j : ℝ) / j ≤ f j := by</code_line>
<message>error: unsolved goals</message>
</error>
f : ℕ → ℕ
h_inf : Tendsto f atTop atTop
h_pos : ∀ (n : ℕ), f n ≠ 0
⊢ ∃ A, StrictMono A ∧ HasPropertyP (range A) ∧ ∀ (j : ℕ), ↑(A j) * (↑j)⁻¹ ≤ ↑(f j)
[2026-01-11 00:14:43] [INFO] Proof verification completed
[2026-01-11 00:14:43] [INFO] Strategy ring attempt 1: verified=False
[2026-01-11 00:14:43] [INFO] Verification message: Cannot build modified file: Try this: ring_nf
<error line="67" column="36">
<code_line>    ∀ j : ℕ, (A j : ℝ) / j ≤ f j := by</code_line>
<message>error: unsolved goals</message>
</error>
f : ℕ → ℕ
h_inf : Tendsto f atTop atTop
h_pos : ∀ (n : ℕ), f n ≠ 0
⊢ ∃ A, StrictMono A ∧ HasPropertyP (range A) ∧ ∀ (j : ℕ), ↑(A j) * (↑j)⁻¹ ≤ ↑(f j)

[2026-01-11 00:14:43] [INFO] Attempt 1 failed verification, continuing...
[2026-01-11 00:14:43] [INFO] ========================================
[2026-01-11 00:14:43] [INFO] Trying strategy: norm_num (up to 1 attempts)
[2026-01-11 00:14:43] [INFO] --------------------
[2026-01-11 00:14:43] [INFO] Strategy norm_num, attempt 1/1
[2026-01-11 00:14:43] [INFO] Starting proof generation...
[2026-01-11 00:14:43] [INFO] Repository path: /root/repo
[2026-01-11 00:14:43] [INFO] Proof generation completed
[2026-01-11 00:14:43] [INFO] Generated proof:
[2026-01-11 00:14:43] [INFO] norm_num
[2026-01-11 00:14:43] [INFO] Proof length: 8 chars
[2026-01-11 00:14:43] [INFO] Starting proof verification...
[2026-01-11 00:14:43] [INFO] Verifying at: FormalConjectures/ErdosProblems/1102.lean:68
[2026-01-11 00:14:43] [INFO] Using LEAN INTERACT verify
[2026-01-11 00:14:43] [INFO] Checking file
[2026-01-11 00:14:48] [INFO] Cannot build modified file <error line="67" column="36">
<code_line>    ∀ j : ℕ, (A j : ℝ) / j ≤ f j := by</code_line>
<message>error: unsolved goals</message>
</error>
f : ℕ → ℕ
h_inf : Tendsto f atTop atTop
h_pos : ∀ (n : ℕ), f n ≠ 0
⊢ ∃ A, StrictMono A ∧ HasPropertyP (range A) ∧ ∀ (j : ℕ), ↑(A j) / ↑j ≤ ↑(f j)
[2026-01-11 00:14:48] [INFO] Proof verification completed
[2026-01-11 00:14:48] [INFO] Strategy norm_num attempt 1: verified=False
[2026-01-11 00:14:48] [INFO] Verification message: Cannot build modified file: <error line="67" column="36">
<code_line>    ∀ j : ℕ, (A j : ℝ) / j ≤ f j := by</code_line>
<message>error: unsolved goals</message>
</error>
f : ℕ → ℕ
h_inf : Tendsto f atTop atTop
h_pos : ∀ (n : ℕ), f n ≠ 0
⊢ ∃ A, StrictMono A ∧ HasPropertyP (range A) ∧ ∀ (j : ℕ), ↑(A j) / ↑j ≤ ↑(f j)

[2026-01-11 00:14:48] [INFO] Attempt 1 failed verification, continuing...
[2026-01-11 00:14:48] [INFO] ========================================
[2026-01-11 00:14:48] [INFO] Trying strategy: omega (up to 1 attempts)
[2026-01-11 00:14:48] [INFO] --------------------
[2026-01-11 00:14:48] [INFO] Strategy omega, attempt 1/1
[2026-01-11 00:14:48] [INFO] Starting proof generation...
[2026-01-11 00:14:48] [INFO] Repository path: /root/repo
[2026-01-11 00:14:48] [INFO] Proof generation completed
[2026-01-11 00:14:48] [INFO] Generated proof:
[2026-01-11 00:14:48] [INFO] omega
[2026-01-11 00:14:48] [INFO] Proof length: 5 chars
[2026-01-11 00:14:48] [INFO] Starting proof verification...
[2026-01-11 00:14:48] [INFO] Verifying at: FormalConjectures/ErdosProblems/1102.lean:68
[2026-01-11 00:14:48] [INFO] Using LEAN INTERACT verify
[2026-01-11 00:14:48] [INFO] Checking file
[2026-01-11 00:14:52] [INFO] Cannot build modified file <error line="68" column="2">
<code_line>  omega</code_line>
<message>error: omega could not prove the goal:</message>
</error>
No usable constraints found. You may need to unfold definitions so `omega` can see linear arithmetic facts about `Nat` and `Int`, which may also involve multiplication, division, and modular remainder by constants.
[2026-01-11 00:14:52] [INFO] Proof verification completed
[2026-01-11 00:14:52] [INFO] Strategy omega attempt 1: verified=False
[2026-01-11 00:14:52] [INFO] Verification message: Cannot build modified file: <error line="68" column="2">
<code_line>  omega</code_line>
<message>error: omega could not prove the goal:</message>
</error>
No usable constraints found. You may need to unfold definitions so `omega` can see linear arithmetic facts about `Nat` and `Int`, which may also involve multiplication, division, and modular remainder by constants.

[2026-01-11 00:14:52] [INFO] Attempt 1 failed verification, continuing...
[2026-01-11 00:14:52] [INFO] ========================================
[2026-01-11 00:14:52] [INFO] Trying strategy: linarith (up to 1 attempts)
[2026-01-11 00:14:52] [INFO] --------------------
[2026-01-11 00:14:52] [INFO] Strategy linarith, attempt 1/1
[2026-01-11 00:14:52] [INFO] Starting proof generation...
[2026-01-11 00:14:52] [INFO] Repository path: /root/repo
[2026-01-11 00:14:52] [INFO] Proof generation completed
[2026-01-11 00:14:52] [INFO] Generated proof:
[2026-01-11 00:14:52] [INFO] linarith
[2026-01-11 00:14:52] [INFO] Proof length: 8 chars
[2026-01-11 00:14:52] [INFO] Starting proof verification...
[2026-01-11 00:14:52] [INFO] Verifying at: FormalConjectures/ErdosProblems/1102.lean:68
[2026-01-11 00:14:52] [INFO] Using LEAN INTERACT verify
[2026-01-11 00:14:52] [INFO] Checking file
[2026-01-11 00:14:57] [INFO] Cannot build modified file <error line="68" column="2">
<code_line>  linarith</code_line>
<message>error: linarith failed to find a contradiction</message>
</error>
f : ℕ → ℕ
h_inf : Tendsto f atTop atTop
h_pos : ∀ (n : ℕ), f n ≠ 0
⊢ False
failed
[2026-01-11 00:14:57] [INFO] Proof verification completed
[2026-01-11 00:14:57] [INFO] Strategy linarith attempt 1: verified=False
[2026-01-11 00:14:57] [INFO] Verification message: Cannot build modified file: <error line="68" column="2">
<code_line>  linarith</code_line>
<message>error: linarith failed to find a contradiction</message>
</error>
f : ℕ → ℕ
h_inf : Tendsto f atTop atTop
h_pos : ∀ (n : ℕ), f n ≠ 0
⊢ False
failed

[2026-01-11 00:14:57] [INFO] Attempt 1 failed verification, continuing...
[2026-01-11 00:14:57] [INFO] ========================================
[2026-01-11 00:14:57] [INFO] Trying strategy: nlinarith (up to 1 attempts)
[2026-01-11 00:14:57] [INFO] --------------------
[2026-01-11 00:14:57] [INFO] Strategy nlinarith, attempt 1/1
[2026-01-11 00:14:57] [INFO] Starting proof generation...
[2026-01-11 00:14:57] [INFO] Repository path: /root/repo
[2026-01-11 00:14:57] [INFO] Proof generation completed
[2026-01-11 00:14:57] [INFO] Generated proof:
[2026-01-11 00:14:57] [INFO] nlinarith
[2026-01-11 00:14:57] [INFO] Proof length: 9 chars
[2026-01-11 00:14:57] [INFO] Starting proof verification...
[2026-01-11 00:14:57] [INFO] Verifying at: FormalConjectures/ErdosProblems/1102.lean:68
[2026-01-11 00:14:57] [INFO] Using LEAN INTERACT verify
[2026-01-11 00:14:57] [INFO] Checking file
[2026-01-11 00:15:01] [INFO] Cannot build modified file <error line="68" column="2">
<code_line>  nlinarith</code_line>
<message>error: linarith failed to find a contradiction</message>
</error>
f : ℕ → ℕ
h_inf : Tendsto f atTop atTop
h_pos : ∀ (n : ℕ), f n ≠ 0
⊢ False
failed
[2026-01-11 00:15:01] [INFO] Proof verification completed
[2026-01-11 00:15:01] [INFO] Strategy nlinarith attempt 1: verified=False
[2026-01-11 00:15:01] [INFO] Verification message: Cannot build modified file: <error line="68" column="2">
<code_line>  nlinarith</code_line>
<message>error: linarith failed to find a contradiction</message>
</error>
f : ℕ → ℕ
h_inf : Tendsto f atTop atTop
h_pos : ∀ (n : ℕ), f n ≠ 0
⊢ False
failed

[2026-01-11 00:15:01] [INFO] Attempt 1 failed verification, continuing...
[2026-01-11 00:15:01] [INFO] ========================================
[2026-01-11 00:15:01] [INFO] Trying strategy: aesop (up to 1 attempts)
[2026-01-11 00:15:01] [INFO] --------------------
[2026-01-11 00:15:01] [INFO] Strategy aesop, attempt 1/1
[2026-01-11 00:15:01] [INFO] Starting proof generation...
[2026-01-11 00:15:01] [INFO] Repository path: /root/repo
[2026-01-11 00:15:01] [INFO] Proof generation completed
[2026-01-11 00:15:01] [INFO] Generated proof:
[2026-01-11 00:15:01] [INFO] aesop
[2026-01-11 00:15:01] [INFO] Proof length: 5 chars
[2026-01-11 00:15:01] [INFO] Starting proof verification...
[2026-01-11 00:15:01] [INFO] Verifying at: FormalConjectures/ErdosProblems/1102.lean:68
[2026-01-11 00:15:01] [INFO] Using LEAN INTERACT verify
[2026-01-11 00:15:01] [INFO] Checking file
[2026-01-11 00:15:06] [INFO] Cannot build modified file <error line="67" column="36">
<code_line>    ∀ j : ℕ, (A j : ℝ) / j ≤ f j := by</code_line>
<message>error: unsolved goals</message>
</error>
f : ℕ → ℕ
h_inf : Tendsto f atTop atTop
h_pos : ∀ (n : ℕ), ¬f n = 0
⊢ ∃ A, StrictMono A ∧ HasPropertyP (range A) ∧ ∀ (j : ℕ), ↑(A j) / ↑j ≤ ↑(f j)
[2026-01-11 00:15:06] [INFO] Proof verification completed
[2026-01-11 00:15:06] [INFO] Strategy aesop attempt 1: verified=False
[2026-01-11 00:15:06] [INFO] Verification message: Cannot build modified file: <error line="67" column="36">
<code_line>    ∀ j : ℕ, (A j : ℝ) / j ≤ f j := by</code_line>
<message>error: unsolved goals</message>
</error>
f : ℕ → ℕ
h_inf : Tendsto f atTop atTop
h_pos : ∀ (n : ℕ), ¬f n = 0
⊢ ∃ A, StrictMono A ∧ HasPropertyP (range A) ∧ ∀ (j : ℕ), ↑(A j) / ↑j ≤ ↑(f j)

[2026-01-11 00:15:06] [INFO] Attempt 1 failed verification, continuing...
[2026-01-11 00:15:06] [INFO] ========================================
[2026-01-11 00:15:06] [INFO] Pass@k completed. Total results: 1
[2026-01-11 00:15:06] [INFO] FAILED: All 11 strategies x 1 attempts
[2026-01-11 00:15:06] [INFO] Writing results to file: /root/repo/result.json
[2026-01-11 00:15:06] [INFO] Result file written successfully
[2026-01-11 00:15:06] [INFO] Results exported to: /root/repo/result.json
[2026-01-11 00:15:06] [INFO] run_morphcloud_local.py completed successfully

[2026-01-11 00:15:09] [process_single_sorry] Downloading result file...
[2026-01-11 00:15:09] [process_single_sorry] Downloaded result to intermediate_experiment_outputs_full_reservoir/multi_tactic/2026-01-10_20-46-34_multi_tactic/individual/2a4e5af969afdad193d3e1f28d1a349459d88543246932cea7adb3400981716a.json
[2026-01-11 00:15:11] [process_single_sorry] Instance context closed successfully
[2026-01-11 00:15:11] [process_single_sorry] Parsing result file...
[2026-01-11 00:15:11] [process_single_sorry] Successfully parsed result (list format, 1 results)
