[2026-01-10 21:25:10] [process_single_sorry] Starting for sorry 2dac25d86afd662cafa63b39efd3465fefdcf8aa4942eb0aefc64e78f7224ed2
[2026-01-10 21:25:10] [process_single_sorry] Using snapshot: snapshot_woytwcao
[2026-01-10 21:25:10] [process_single_sorry] Repository: https://github.com/ImperialCollegeLondon/FLT@03ad046f3be75e71332fcfae02c06ec717e054b1
[2026-01-10 21:25:10] [process_single_sorry] Instance name: FLT_03ad046f3be7_multi_tactic_2dac25d86afd662cafa63b39efd3465fefdcf8aa4942eb0aefc64e78f7224ed2
[2026-01-10 21:25:10] [process_single_sorry] Starting attempt 1/3
[2026-01-10 21:25:10] [process_single_sorry] Starting instance from snapshot...
[2026-01-10 21:25:11] [process_single_sorry] Instance started successfully: morphvm_94cl13g5
[2026-01-10 21:25:11] [process_single_sorry] Creating .env file...
[2026-01-10 21:25:16] [process_single_sorry] .env file created (exit_code: 0)
[2026-01-10 21:25:16] [process_single_sorry] Executing agent command...
[2026-01-10 21:30:03] [process_single_sorry] Agent command completed (exit_code: 0)
[2026-01-10 21:30:03] [process_single_sorry] STDOUT:

Results JSON:
[
  {
    "sorry": {
      "repo": {
        "remote": "https://github.com/ImperialCollegeLondon/FLT",
        "branch": "auto-update-lean/patch-master",
        "commit": "03ad046f3be75e71332fcfae02c06ec717e054b1",
        "lean_version": "v4.27.0-rc1"
      },
      "location": {
        "path": "FLT/EllipticCurve/Torsion.lean",
        "start_line": 105,
        "start_column": 18,
        "end_line": 105,
        "end_column": 23
      },
      "debug_info": {
        "goal": "k : Type u\ninst✝⁵ : Field k\nE : WeierstrassCurve k\ninst✝⁴ : E.IsElliptic\ninst✝³ : DecidableEq k\nK : Type u\ninst✝² : Field K\ninst✝¹ : DecidableEq K\ninst✝ : Algebra k K\n⊢ ∀ (b : Point (E.baseChange K)), 1 • b = b",
        "url": "https://github.com/ImperialCollegeLondon/FLT/blob/03ad046f3be75e71332fcfae02c06ec717e054b1/FLT/EllipticCurve/Torsion.lean#L105"
      },
      "metadata": {
        "blame_email_hash": "c7989443bd81",
        "blame_date": "2025-10-18T16:07:01+01:00",
        "inclusion_date": "2025-12-29T16:49:04.297460+00:00"
      },
      "id": "2dac25d86afd662cafa63b39efd3465fefdcf8aa4942eb0aefc64e78f7224ed2"
    },
    "proof": null,
    "proof_verified": false,
    "feedback": null,
    "verification_message": "All 11 attempts failed (11 strategies x 1 attempts each)",
    "success": true,
    "error_type": null,
    "error_message": null,
    "strategy_name": "all_failed_k=1",
    "proof_attempts": [
      "rfl",
      "simp",
      "simp_all",
      "exact?",
      "grind",
      "ring",
      "norm_num",
      "omega",
      "linarith",
      "nlinarith",
      "aesop"
    ]
  }
]

[2026-01-10 21:30:03] [process_single_sorry] STDERR:
None of PyTorch, TensorFlow >= 2.0, or Flax have been found. Models won't be available and only tokenizers, configuration and file/data utilities can be used.
[2026-01-10 21:25:56] [INFO] ================================================================================
[2026-01-10 21:25:56] [INFO] Starting run_morphcloud_local.py
[2026-01-10 21:25:56] [INFO] ================================================================================
[2026-01-10 21:25:56] [INFO] Environment loaded
[2026-01-10 21:25:56] [INFO] Full command: /root/SorryDB/sorrydb/cli/run_morphcloud_local.py --repo-path /root/repo --sorry-json {"repo": {"remote": "https://github.com/ImperialCollegeLondon/FLT", "branch": "auto-update-lean/patch-master", "commit": "03ad046f3be75e71332fcfae02c06ec717e054b1", "lean_version": "v4.27.0-rc1"}, "location": {"path": "FLT/EllipticCurve/Torsion.lean", "start_line": 105, "start_column": 18, "end_line": 105, "end_column": 23}, "debug_info": {"goal": "k : Type u\ninst\u271d\u2075 : Field k\nE : WeierstrassCurve k\ninst\u271d\u2074 : E.IsElliptic\ninst\u271d\u00b3 : DecidableEq k\nK : Type u\ninst\u271d\u00b2 : Field K\ninst\u271d\u00b9 : DecidableEq K\ninst\u271d : Algebra k K\n\u22a2 \u2200 (b : Point (E.baseChange K)), 1 \u2022 b = b", "url": "https://github.com/ImperialCollegeLondon/FLT/blob/03ad046f3be75e71332fcfae02c06ec717e054b1/FLT/EllipticCurve/Torsion.lean#L105"}, "metadata": {"blame_email_hash": "c7989443bd81", "blame_date": "2025-10-18T16:07:01+01:00", "inclusion_date": "2025-12-29T16:49:04.297460+00:00"}, "id": "2dac25d86afd662cafa63b39efd3465fefdcf8aa4942eb0aefc64e78f7224ed2"} --agent-strategy {"name": "multi_tactic", "args": {}}
[2026-01-10 21:25:56] [INFO] Arguments parsed: repo_path=/root/repo, output_path=/root/repo/result.json
[2026-01-10 21:25:56] [INFO] Strategy spec: {"name": "multi_tactic", "args": {}}...
[2026-01-10 21:25:56] [INFO] Loading sorry data...
[2026-01-10 21:25:56] [INFO] Parsing sorry from JSON string...
[2026-01-10 21:25:56] [INFO] Sorry data parsed from JSON string
[2026-01-10 21:25:56] [INFO] Creating strategy from spec...
[2026-01-10 21:25:56] [INFO] Parsing strategy spec (length: 36 chars)
[2026-01-10 21:25:56] [INFO] Strategy name: multi_tactic
[2026-01-10 21:25:56] [INFO] Strategy args: {}
[2026-01-10 21:25:56] [INFO] Pass@k value: 1
[2026-01-10 21:25:56] [INFO] Creating strategy: multi_tactic
[2026-01-10 21:25:56] [INFO] Creating multi_tactic strategy with tactics: ['rfl', 'simp', 'simp_all', 'exact?', 'grind', 'ring', 'norm_num', 'omega', 'linarith', 'nlinarith', 'aesop']
[2026-01-10 21:25:56] [INFO] Strategies created: ['rfl', 'simp', 'simp_all', 'exact?', 'grind', 'ring', 'norm_num', 'omega', 'linarith', 'nlinarith', 'aesop']
[2026-01-10 21:25:56] [INFO] Pass@k value: 1
[2026-01-10 21:25:56] [INFO] Creating Sorry object...
[2026-01-10 21:25:56] [INFO] Sorry object created: id=2dac25d86afd662cafa63b39efd3465fefdcf8aa4942eb0aefc64e78f7224ed2
[2026-01-10 21:25:56] [INFO] Sorry location: FLT/EllipticCurve/Torsion.lean:105
[2026-01-10 21:25:56] [INFO] Context before sorry (lines 100-105):
[2026-01-10 21:25:56] [INFO]   100: 
[2026-01-10 21:25:56] [INFO]   101: /-- The Galois action on the points of an elliptic curve. -/
[2026-01-10 21:25:56] [INFO]   102: noncomputable def WeierstrassCurve.galoisRepresentation
[2026-01-10 21:25:56] [INFO]   103:     (K : Type u) [Field K] [DecidableEq K] [Algebra k K] :
[2026-01-10 21:25:56] [INFO]   104:     DistribMulAction (K ≃ₐ[k] K) (E ⟮K⟯) where
[2026-01-10 21:25:56] [INFO]   105:       one_smul := sorry -- these should all be easy
[2026-01-10 21:25:56] [INFO] Sorry line:       one_smul := sorry -- these should all be easy
[2026-01-10 21:25:56] [INFO] Sorry goal: k : Type u
inst✝⁵ : Field k
E : WeierstrassCurve k
inst✝⁴ : E.IsElliptic
inst✝³ : DecidableEq k
K : ...
[2026-01-10 21:25:56] [INFO] ========================================
[2026-01-10 21:25:56] [INFO] Trying strategy: rfl (up to 1 attempts)
[2026-01-10 21:25:56] [INFO] --------------------
[2026-01-10 21:25:56] [INFO] Strategy rfl, attempt 1/1
[2026-01-10 21:25:56] [INFO] Starting proof generation...
[2026-01-10 21:25:56] [INFO] Repository path: /root/repo
[2026-01-10 21:25:56] [INFO] Proof generation completed
[2026-01-10 21:25:56] [INFO] Generated proof:
[2026-01-10 21:25:56] [INFO] rfl
[2026-01-10 21:25:56] [INFO] Proof length: 3 chars
[2026-01-10 21:25:56] [INFO] Starting proof verification...
[2026-01-10 21:25:56] [INFO] Verifying at: FLT/EllipticCurve/Torsion.lean:105
[2026-01-10 21:25:56] [INFO] Using LEAN INTERACT verify
[2026-01-10 21:25:56] [INFO] Checking file
[2026-01-10 21:28:36] [INFO] Cannot build modified file <error line="105" column="18">
<code_line>      one_smul := rfl -- these should all be easy</code_line>
<message>error: Type mismatch</message>
</error>
  rfl
has type
  ?m.23 = ?m.23
but is expected to have type
  ∀ (b : E⟮K⟯), 1 • b = b
[2026-01-10 21:28:36] [INFO] Proof verification completed
[2026-01-10 21:28:36] [INFO] Strategy rfl attempt 1: verified=False
[2026-01-10 21:28:36] [INFO] Verification message: Cannot build modified file: <error line="105" column="18">
<code_line>      one_smul := rfl -- these should all be easy</code_line>
<message>error: Type mismatch</message>
</error>
  rfl
has type
  ?m.23 = ?m.23
but is expected to have type
  ∀ (b : E⟮K⟯), 1 • b = b

[2026-01-10 21:28:36] [INFO] Attempt 1 failed verification, continuing...
[2026-01-10 21:28:36] [INFO] ========================================
[2026-01-10 21:28:36] [INFO] Trying strategy: simp (up to 1 attempts)
[2026-01-10 21:28:36] [INFO] --------------------
[2026-01-10 21:28:36] [INFO] Strategy simp, attempt 1/1
[2026-01-10 21:28:36] [INFO] Starting proof generation...
[2026-01-10 21:28:36] [INFO] Repository path: /root/repo
[2026-01-10 21:28:36] [INFO] Proof generation completed
[2026-01-10 21:28:36] [INFO] Generated proof:
[2026-01-10 21:28:36] [INFO] simp
[2026-01-10 21:28:36] [INFO] Proof length: 4 chars
[2026-01-10 21:28:36] [INFO] Starting proof verification...
[2026-01-10 21:28:36] [INFO] Verifying at: FLT/EllipticCurve/Torsion.lean:105
[2026-01-10 21:28:36] [INFO] Using LEAN INTERACT verify
[2026-01-10 21:28:36] [INFO] Checking file
[2026-01-10 21:28:47] [INFO] Cannot build modified file FLT/EllipticCurve/tmpd_myas_h.lean:105:18: error(lean.unknownIdentifier): Unknown identifier `simp`
[2026-01-10 21:28:47] [INFO] Proof verification completed
[2026-01-10 21:28:47] [INFO] Strategy simp attempt 1: verified=False
[2026-01-10 21:28:47] [INFO] Verification message: Cannot build modified file: FLT/EllipticCurve/tmpd_myas_h.lean:105:18: error(lean.unknownIdentifier): Unknown identifier `simp`

[2026-01-10 21:28:47] [INFO] Attempt 1 failed verification, continuing...
[2026-01-10 21:28:47] [INFO] ========================================
[2026-01-10 21:28:47] [INFO] Trying strategy: simp_all (up to 1 attempts)
[2026-01-10 21:28:47] [INFO] --------------------
[2026-01-10 21:28:47] [INFO] Strategy simp_all, attempt 1/1
[2026-01-10 21:28:47] [INFO] Starting proof generation...
[2026-01-10 21:28:47] [INFO] Repository path: /root/repo
[2026-01-10 21:28:47] [INFO] Proof generation completed
[2026-01-10 21:28:47] [INFO] Generated proof:
[2026-01-10 21:28:47] [INFO] simp_all
[2026-01-10 21:28:47] [INFO] Proof length: 8 chars
[2026-01-10 21:28:47] [INFO] Starting proof verification...
[2026-01-10 21:28:47] [INFO] Verifying at: FLT/EllipticCurve/Torsion.lean:105
[2026-01-10 21:28:47] [INFO] Using LEAN INTERACT verify
[2026-01-10 21:28:47] [INFO] Checking file
[2026-01-10 21:28:56] [INFO] Cannot build modified file FLT/EllipticCurve/tmp27gq4okl.lean:105:18: error(lean.unknownIdentifier): Unknown identifier `simp_all`
[2026-01-10 21:28:56] [INFO] Proof verification completed
[2026-01-10 21:28:56] [INFO] Strategy simp_all attempt 1: verified=False
[2026-01-10 21:28:56] [INFO] Verification message: Cannot build modified file: FLT/EllipticCurve/tmp27gq4okl.lean:105:18: error(lean.unknownIdentifier): Unknown identifier `simp_all`

[2026-01-10 21:28:56] [INFO] Attempt 1 failed verification, continuing...
[2026-01-10 21:28:56] [INFO] ========================================
[2026-01-10 21:28:56] [INFO] Trying strategy: exact? (up to 1 attempts)
[2026-01-10 21:28:56] [INFO] --------------------
[2026-01-10 21:28:56] [INFO] Strategy exact?, attempt 1/1
[2026-01-10 21:28:56] [INFO] Starting proof generation...
[2026-01-10 21:28:56] [INFO] Repository path: /root/repo
[2026-01-10 21:28:56] [INFO] Proof generation completed
[2026-01-10 21:28:56] [INFO] Generated proof:
[2026-01-10 21:28:56] [INFO] exact?
[2026-01-10 21:28:56] [INFO] Proof length: 6 chars
[2026-01-10 21:28:56] [INFO] Starting proof verification...
[2026-01-10 21:28:56] [INFO] Verifying at: FLT/EllipticCurve/Torsion.lean:105
[2026-01-10 21:28:56] [INFO] Using LEAN INTERACT verify
[2026-01-10 21:28:56] [INFO] Checking file
[2026-01-10 21:29:05] [INFO] Cannot build modified file FLT/EllipticCurve/tmp7_n1f7se.lean:105:18: error(lean.unknownIdentifier): Unknown identifier `exact?`
[2026-01-10 21:29:05] [INFO] Proof verification completed
[2026-01-10 21:29:05] [INFO] Strategy exact? attempt 1: verified=False
[2026-01-10 21:29:05] [INFO] Verification message: Cannot build modified file: FLT/EllipticCurve/tmp7_n1f7se.lean:105:18: error(lean.unknownIdentifier): Unknown identifier `exact?`

[2026-01-10 21:29:05] [INFO] Attempt 1 failed verification, continuing...
[2026-01-10 21:29:05] [INFO] ========================================
[2026-01-10 21:29:05] [INFO] Trying strategy: grind (up to 1 attempts)
[2026-01-10 21:29:05] [INFO] --------------------
[2026-01-10 21:29:05] [INFO] Strategy grind, attempt 1/1
[2026-01-10 21:29:05] [INFO] Starting proof generation...
[2026-01-10 21:29:05] [INFO] Repository path: /root/repo
[2026-01-10 21:29:05] [INFO] Proof generation completed
[2026-01-10 21:29:05] [INFO] Generated proof:
[2026-01-10 21:29:05] [INFO] grind
[2026-01-10 21:29:05] [INFO] Proof length: 5 chars
[2026-01-10 21:29:05] [INFO] Starting proof verification...
[2026-01-10 21:29:05] [INFO] Verifying at: FLT/EllipticCurve/Torsion.lean:105
[2026-01-10 21:29:05] [INFO] Using LEAN INTERACT verify
[2026-01-10 21:29:05] [INFO] Checking file
[2026-01-10 21:29:12] [INFO] Cannot build modified file FLT/EllipticCurve/tmpyxbcgoti.lean:105:18: error(lean.unknownIdentifier): Unknown identifier `grind`
[2026-01-10 21:29:12] [INFO] Proof verification completed
[2026-01-10 21:29:12] [INFO] Strategy grind attempt 1: verified=False
[2026-01-10 21:29:12] [INFO] Verification message: Cannot build modified file: FLT/EllipticCurve/tmpyxbcgoti.lean:105:18: error(lean.unknownIdentifier): Unknown identifier `grind`

[2026-01-10 21:29:12] [INFO] Attempt 1 failed verification, continuing...
[2026-01-10 21:29:12] [INFO] ========================================
[2026-01-10 21:29:12] [INFO] Trying strategy: ring (up to 1 attempts)
[2026-01-10 21:29:12] [INFO] --------------------
[2026-01-10 21:29:12] [INFO] Strategy ring, attempt 1/1
[2026-01-10 21:29:12] [INFO] Starting proof generation...
[2026-01-10 21:29:12] [INFO] Repository path: /root/repo
[2026-01-10 21:29:12] [INFO] Proof generation completed
[2026-01-10 21:29:12] [INFO] Generated proof:
[2026-01-10 21:29:12] [INFO] ring
[2026-01-10 21:29:12] [INFO] Proof length: 4 chars
[2026-01-10 21:29:12] [INFO] Starting proof verification...
[2026-01-10 21:29:12] [INFO] Verifying at: FLT/EllipticCurve/Torsion.lean:105
[2026-01-10 21:29:12] [INFO] Using LEAN INTERACT verify
[2026-01-10 21:29:12] [INFO] Checking file
[2026-01-10 21:29:19] [INFO] Cannot build modified file FLT/EllipticCurve/tmpoeu6wjk1.lean:105:18: error(lean.unknownIdentifier): Unknown identifier `ring`
[2026-01-10 21:29:19] [INFO] Proof verification completed
[2026-01-10 21:29:19] [INFO] Strategy ring attempt 1: verified=False
[2026-01-10 21:29:19] [INFO] Verification message: Cannot build modified file: FLT/EllipticCurve/tmpoeu6wjk1.lean:105:18: error(lean.unknownIdentifier): Unknown identifier `ring`

[2026-01-10 21:29:19] [INFO] Attempt 1 failed verification, continuing...
[2026-01-10 21:29:19] [INFO] ========================================
[2026-01-10 21:29:19] [INFO] Trying strategy: norm_num (up to 1 attempts)
[2026-01-10 21:29:19] [INFO] --------------------
[2026-01-10 21:29:19] [INFO] Strategy norm_num, attempt 1/1
[2026-01-10 21:29:19] [INFO] Starting proof generation...
[2026-01-10 21:29:19] [INFO] Repository path: /root/repo
[2026-01-10 21:29:19] [INFO] Proof generation completed
[2026-01-10 21:29:19] [INFO] Generated proof:
[2026-01-10 21:29:19] [INFO] norm_num
[2026-01-10 21:29:19] [INFO] Proof length: 8 chars
[2026-01-10 21:29:19] [INFO] Starting proof verification...
[2026-01-10 21:29:19] [INFO] Verifying at: FLT/EllipticCurve/Torsion.lean:105
[2026-01-10 21:29:19] [INFO] Using LEAN INTERACT verify
[2026-01-10 21:29:19] [INFO] Checking file
[2026-01-10 21:29:28] [INFO] Cannot build modified file <error line="105" column="18">
<code_line>      one_smul := norm_num -- these should all be easy</code_line>
<message>error: Type mismatch</message>
</error>
  norm_num
has type
  Lean.ParserDescr
of sort `Type` but is expected to have type
  ∀ (b : E⟮K⟯), 1 • b = b
of sort `Prop`
[2026-01-10 21:29:28] [INFO] Proof verification completed
[2026-01-10 21:29:28] [INFO] Strategy norm_num attempt 1: verified=False
[2026-01-10 21:29:28] [INFO] Verification message: Cannot build modified file: <error line="105" column="18">
<code_line>      one_smul := norm_num -- these should all be easy</code_line>
<message>error: Type mismatch</message>
</error>
  norm_num
has type
  Lean.ParserDescr
of sort `Type` but is expected to have type
  ∀ (b : E⟮K⟯), 1 • b = b
of sort `Prop`

[2026-01-10 21:29:28] [INFO] Attempt 1 failed verification, continuing...
[2026-01-10 21:29:28] [INFO] ========================================
[2026-01-10 21:29:28] [INFO] Trying strategy: omega (up to 1 attempts)
[2026-01-10 21:29:28] [INFO] --------------------
[2026-01-10 21:29:28] [INFO] Strategy omega, attempt 1/1
[2026-01-10 21:29:28] [INFO] Starting proof generation...
[2026-01-10 21:29:28] [INFO] Repository path: /root/repo
[2026-01-10 21:29:28] [INFO] Proof generation completed
[2026-01-10 21:29:28] [INFO] Generated proof:
[2026-01-10 21:29:28] [INFO] omega
[2026-01-10 21:29:28] [INFO] Proof length: 5 chars
[2026-01-10 21:29:28] [INFO] Starting proof verification...
[2026-01-10 21:29:28] [INFO] Verifying at: FLT/EllipticCurve/Torsion.lean:105
[2026-01-10 21:29:28] [INFO] Using LEAN INTERACT verify
[2026-01-10 21:29:28] [INFO] Checking file
[2026-01-10 21:29:37] [INFO] Cannot build modified file FLT/EllipticCurve/tmpotgsi8hb.lean:105:18: error(lean.unknownIdentifier): Unknown identifier `omega`
[2026-01-10 21:29:37] [INFO] Proof verification completed
[2026-01-10 21:29:37] [INFO] Strategy omega attempt 1: verified=False
[2026-01-10 21:29:37] [INFO] Verification message: Cannot build modified file: FLT/EllipticCurve/tmpotgsi8hb.lean:105:18: error(lean.unknownIdentifier): Unknown identifier `omega`

[2026-01-10 21:29:37] [INFO] Attempt 1 failed verification, continuing...
[2026-01-10 21:29:37] [INFO] ========================================
[2026-01-10 21:29:37] [INFO] Trying strategy: linarith (up to 1 attempts)
[2026-01-10 21:29:37] [INFO] --------------------
[2026-01-10 21:29:37] [INFO] Strategy linarith, attempt 1/1
[2026-01-10 21:29:37] [INFO] Starting proof generation...
[2026-01-10 21:29:37] [INFO] Repository path: /root/repo
[2026-01-10 21:29:37] [INFO] Proof generation completed
[2026-01-10 21:29:37] [INFO] Generated proof:
[2026-01-10 21:29:37] [INFO] linarith
[2026-01-10 21:29:37] [INFO] Proof length: 8 chars
[2026-01-10 21:29:37] [INFO] Starting proof verification...
[2026-01-10 21:29:37] [INFO] Verifying at: FLT/EllipticCurve/Torsion.lean:105
[2026-01-10 21:29:37] [INFO] Using LEAN INTERACT verify
[2026-01-10 21:29:37] [INFO] Checking file
[2026-01-10 21:29:44] [INFO] Cannot build modified file FLT/EllipticCurve/tmp20fx58yd.lean:105:18: error(lean.unknownIdentifier): Unknown identifier `linarith`
[2026-01-10 21:29:44] [INFO] Proof verification completed
[2026-01-10 21:29:44] [INFO] Strategy linarith attempt 1: verified=False
[2026-01-10 21:29:44] [INFO] Verification message: Cannot build modified file: FLT/EllipticCurve/tmp20fx58yd.lean:105:18: error(lean.unknownIdentifier): Unknown identifier `linarith`

[2026-01-10 21:29:44] [INFO] Attempt 1 failed verification, continuing...
[2026-01-10 21:29:44] [INFO] ========================================
[2026-01-10 21:29:44] [INFO] Trying strategy: nlinarith (up to 1 attempts)
[2026-01-10 21:29:44] [INFO] --------------------
[2026-01-10 21:29:44] [INFO] Strategy nlinarith, attempt 1/1
[2026-01-10 21:29:44] [INFO] Starting proof generation...
[2026-01-10 21:29:44] [INFO] Repository path: /root/repo
[2026-01-10 21:29:44] [INFO] Proof generation completed
[2026-01-10 21:29:44] [INFO] Generated proof:
[2026-01-10 21:29:44] [INFO] nlinarith
[2026-01-10 21:29:44] [INFO] Proof length: 9 chars
[2026-01-10 21:29:44] [INFO] Starting proof verification...
[2026-01-10 21:29:44] [INFO] Verifying at: FLT/EllipticCurve/Torsion.lean:105
[2026-01-10 21:29:44] [INFO] Using LEAN INTERACT verify
[2026-01-10 21:29:44] [INFO] Checking file
[2026-01-10 21:29:52] [INFO] Cannot build modified file FLT/EllipticCurve/tmpfgp7e7im.lean:105:18: error(lean.unknownIdentifier): Unknown identifier `nlinarith`
[2026-01-10 21:29:52] [INFO] Proof verification completed
[2026-01-10 21:29:52] [INFO] Strategy nlinarith attempt 1: verified=False
[2026-01-10 21:29:52] [INFO] Verification message: Cannot build modified file: FLT/EllipticCurve/tmpfgp7e7im.lean:105:18: error(lean.unknownIdentifier): Unknown identifier `nlinarith`

[2026-01-10 21:29:52] [INFO] Attempt 1 failed verification, continuing...
[2026-01-10 21:29:52] [INFO] ========================================
[2026-01-10 21:29:52] [INFO] Trying strategy: aesop (up to 1 attempts)
[2026-01-10 21:29:52] [INFO] --------------------
[2026-01-10 21:29:52] [INFO] Strategy aesop, attempt 1/1
[2026-01-10 21:29:52] [INFO] Starting proof generation...
[2026-01-10 21:29:52] [INFO] Repository path: /root/repo
[2026-01-10 21:29:52] [INFO] Proof generation completed
[2026-01-10 21:29:52] [INFO] Generated proof:
[2026-01-10 21:29:52] [INFO] aesop
[2026-01-10 21:29:52] [INFO] Proof length: 5 chars
[2026-01-10 21:29:52] [INFO] Starting proof verification...
[2026-01-10 21:29:52] [INFO] Verifying at: FLT/EllipticCurve/Torsion.lean:105
[2026-01-10 21:29:52] [INFO] Using LEAN INTERACT verify
[2026-01-10 21:29:52] [INFO] Checking file
[2026-01-10 21:30:02] [INFO] Cannot build modified file FLT/EllipticCurve/tmpavbxm42j.lean:105:18: error(lean.unknownIdentifier): Unknown identifier `aesop`
[2026-01-10 21:30:02] [INFO] Proof verification completed
[2026-01-10 21:30:02] [INFO] Strategy aesop attempt 1: verified=False
[2026-01-10 21:30:02] [INFO] Verification message: Cannot build modified file: FLT/EllipticCurve/tmpavbxm42j.lean:105:18: error(lean.unknownIdentifier): Unknown identifier `aesop`

[2026-01-10 21:30:02] [INFO] Attempt 1 failed verification, continuing...
[2026-01-10 21:30:02] [INFO] ========================================
[2026-01-10 21:30:02] [INFO] Pass@k completed. Total results: 1
[2026-01-10 21:30:02] [INFO] FAILED: All 11 strategies x 1 attempts
[2026-01-10 21:30:02] [INFO] Writing results to file: /root/repo/result.json
[2026-01-10 21:30:02] [INFO] Result file written successfully
[2026-01-10 21:30:02] [INFO] Results exported to: /root/repo/result.json
[2026-01-10 21:30:02] [INFO] run_morphcloud_local.py completed successfully

[2026-01-10 21:30:03] [process_single_sorry] Downloading result file...
[2026-01-10 21:30:04] [process_single_sorry] Downloaded result to intermediate_experiment_outputs_full_reservoir/multi_tactic/2026-01-10_20-46-34_multi_tactic/individual/2dac25d86afd662cafa63b39efd3465fefdcf8aa4942eb0aefc64e78f7224ed2.json
[2026-01-10 21:30:06] [process_single_sorry] Instance context closed successfully
[2026-01-10 21:30:06] [process_single_sorry] Parsing result file...
[2026-01-10 21:30:06] [process_single_sorry] Successfully parsed result (list format, 1 results)
