[2026-01-10 21:13:53] [process_single_sorry] Starting for sorry 45ae223e1c197fb34e6c7aa46a706d0b8f5fd7f59910096b682f97f16cc94ec4
[2026-01-10 21:13:53] [process_single_sorry] Using snapshot: snapshot_vr78n815
[2026-01-10 21:13:53] [process_single_sorry] Repository: https://github.com/FredRaj3/SemicircleLaw@ab1c284c23cf71d13f2967ff4730e99e97a96839
[2026-01-10 21:13:53] [process_single_sorry] Instance name: SemicircleLaw_ab1c284c23cf_multi_tactic_45ae223e1c197fb34e6c7aa46a706d0b8f5fd7f59910096b682f97f16cc94ec4
[2026-01-10 21:13:53] [process_single_sorry] Starting attempt 1/3
[2026-01-10 21:13:53] [process_single_sorry] Starting instance from snapshot...
[2026-01-10 21:13:53] [process_single_sorry] Instance started successfully: morphvm_ymspqjt9
[2026-01-10 21:13:53] [process_single_sorry] Creating .env file...
[2026-01-10 21:14:00] [process_single_sorry] .env file created (exit_code: 0)
[2026-01-10 21:14:00] [process_single_sorry] Executing agent command...
[2026-01-10 21:29:02] [process_single_sorry] Retryable error on attempt 1/3: TimeoutError: Command execution timed out after 900 seconds
[2026-01-10 21:29:02] [process_single_sorry] Waiting 2 seconds before retry...
[2026-01-10 21:29:04] [process_single_sorry] Starting attempt 2/3
[2026-01-10 21:29:04] [process_single_sorry] Starting instance from snapshot...
[2026-01-10 21:29:05] [process_single_sorry] Instance started successfully: morphvm_5dgn0r3e
[2026-01-10 21:29:05] [process_single_sorry] Creating .env file...
[2026-01-10 21:29:10] [process_single_sorry] .env file created (exit_code: 0)
[2026-01-10 21:29:10] [process_single_sorry] Executing agent command...
[2026-01-10 21:44:12] [process_single_sorry] Retryable error on attempt 2/3: TimeoutError: 
[2026-01-10 21:44:12] [process_single_sorry] Waiting 2 seconds before retry...
[2026-01-10 21:44:14] [process_single_sorry] Starting attempt 3/3
[2026-01-10 21:44:14] [process_single_sorry] Starting instance from snapshot...
[2026-01-10 21:44:14] [process_single_sorry] Instance started successfully: morphvm_vzhf89um
[2026-01-10 21:44:14] [process_single_sorry] Creating .env file...
[2026-01-10 21:44:18] [process_single_sorry] .env file created (exit_code: 0)
[2026-01-10 21:44:18] [process_single_sorry] Executing agent command...
[2026-01-10 21:59:20] [process_single_sorry] Retryable error on attempt 3/3: TimeoutError: 
[2026-01-10 21:59:20] [process_single_sorry] All 3 attempts exhausted
