[2026-01-10 23:51:55] [process_single_sorry] Starting for sorry 6697fb0fba42214a0f91b895d004f3a291a3ca692ead557504189be5bf7408c3
[2026-01-10 23:51:55] [process_single_sorry] Using snapshot: snapshot_hedokb57
[2026-01-10 23:51:55] [process_single_sorry] Repository: https://github.com/thefundamentaltheor3m/Sphere-Packing-Lean@8d325f02cbdaa8f80b4eab8168aa972da9a77316
[2026-01-10 23:51:55] [process_single_sorry] Instance name: Sphere-Packing-Lean_8d325f02cbda_multi_tactic_6697fb0fba42214a0f91b895d004f3a291a3ca692ead557504189be5bf7408c3
[2026-01-10 23:51:55] [process_single_sorry] Starting attempt 1/3
[2026-01-10 23:51:55] [process_single_sorry] Starting instance from snapshot...
[2026-01-10 23:51:56] [process_single_sorry] Instance started successfully: morphvm_i1lcs3ky
[2026-01-10 23:51:56] [process_single_sorry] Creating .env file...
[2026-01-10 23:51:59] [process_single_sorry] .env file created (exit_code: 0)
[2026-01-10 23:51:59] [process_single_sorry] Executing agent command...
[2026-01-10 23:53:52] [process_single_sorry] Agent command completed (exit_code: 0)
[2026-01-10 23:53:52] [process_single_sorry] STDOUT:

Results JSON:
[
  {
    "sorry": {
      "repo": {
        "remote": "https://github.com/thefundamentaltheor3m/Sphere-Packing-Lean",
        "branch": "Integrability-I1",
        "commit": "8d325f02cbdaa8f80b4eab8168aa972da9a77316",
        "lean_version": "v4.27.0-rc1"
      },
      "location": {
        "path": "SpherePacking/MagicFunction/a/Integrability/ComplexIntegrands.lean",
        "start_line": 163,
        "start_column": 57,
        "end_line": 163,
        "end_column": 62
      },
      "debug_info": {
        "goal": "r : ℝ\n⊢ ContDiffOn ℝ (↑⊤) (Φ₆' r) upperHalfPlaneSet",
        "url": "https://github.com/thefundamentaltheor3m/Sphere-Packing-Lean/blob/8d325f02cbdaa8f80b4eab8168aa972da9a77316/SpherePacking/MagicFunction/a/Integrability/ComplexIntegrands.lean#L163"
      },
      "metadata": {
        "blame_email_hash": "017c9cbaaf99",
        "blame_date": "2025-12-29T15:14:00+04:00",
        "inclusion_date": "2025-12-30T18:05:08.507520+00:00"
      },
      "id": "6697fb0fba42214a0f91b895d004f3a291a3ca692ead557504189be5bf7408c3"
    },
    "proof": null,
    "proof_verified": false,
    "feedback": null,
    "verification_message": "All 11 attempts failed (11 strategies x 1 attempts each)",
    "success": true,
    "error_type": null,
    "error_message": null,
    "strategy_name": "all_failed_k=1",
    "proof_attempts": [
      "rfl",
      "simp",
      "simp_all",
      "exact?",
      "grind",
      "ring",
      "norm_num",
      "omega",
      "linarith",
      "nlinarith",
      "aesop"
    ]
  }
]

[2026-01-10 23:53:52] [process_single_sorry] STDERR:
None of PyTorch, TensorFlow >= 2.0, or Flax have been found. Models won't be available and only tokenizers, configuration and file/data utilities can be used.
[2026-01-10 23:52:11] [INFO] ================================================================================
[2026-01-10 23:52:11] [INFO] Starting run_morphcloud_local.py
[2026-01-10 23:52:11] [INFO] ================================================================================
[2026-01-10 23:52:11] [INFO] Environment loaded
[2026-01-10 23:52:11] [INFO] Full command: /root/SorryDB/sorrydb/cli/run_morphcloud_local.py --repo-path /root/repo --sorry-json {"repo": {"remote": "https://github.com/thefundamentaltheor3m/Sphere-Packing-Lean", "branch": "Integrability-I1", "commit": "8d325f02cbdaa8f80b4eab8168aa972da9a77316", "lean_version": "v4.27.0-rc1"}, "location": {"path": "SpherePacking/MagicFunction/a/Integrability/ComplexIntegrands.lean", "start_line": 163, "start_column": 57, "end_line": 163, "end_column": 62}, "debug_info": {"goal": "r : \u211d\n\u22a2 ContDiffOn \u211d (\u2191\u22a4) (\u03a6\u2086' r) upperHalfPlaneSet", "url": "https://github.com/thefundamentaltheor3m/Sphere-Packing-Lean/blob/8d325f02cbdaa8f80b4eab8168aa972da9a77316/SpherePacking/MagicFunction/a/Integrability/ComplexIntegrands.lean#L163"}, "metadata": {"blame_email_hash": "017c9cbaaf99", "blame_date": "2025-12-29T15:14:00+04:00", "inclusion_date": "2025-12-30T18:05:08.507520+00:00"}, "id": "6697fb0fba42214a0f91b895d004f3a291a3ca692ead557504189be5bf7408c3"} --agent-strategy {"name": "multi_tactic", "args": {}}
[2026-01-10 23:52:11] [INFO] Arguments parsed: repo_path=/root/repo, output_path=/root/repo/result.json
[2026-01-10 23:52:11] [INFO] Strategy spec: {"name": "multi_tactic", "args": {}}...
[2026-01-10 23:52:11] [INFO] Loading sorry data...
[2026-01-10 23:52:11] [INFO] Parsing sorry from JSON string...
[2026-01-10 23:52:11] [INFO] Sorry data parsed from JSON string
[2026-01-10 23:52:11] [INFO] Creating strategy from spec...
[2026-01-10 23:52:11] [INFO] Parsing strategy spec (length: 36 chars)
[2026-01-10 23:52:11] [INFO] Strategy name: multi_tactic
[2026-01-10 23:52:11] [INFO] Strategy args: {}
[2026-01-10 23:52:11] [INFO] Pass@k value: 1
[2026-01-10 23:52:11] [INFO] Creating strategy: multi_tactic
[2026-01-10 23:52:11] [INFO] Creating multi_tactic strategy with tactics: ['rfl', 'simp', 'simp_all', 'exact?', 'grind', 'ring', 'norm_num', 'omega', 'linarith', 'nlinarith', 'aesop']
[2026-01-10 23:52:11] [INFO] Strategies created: ['rfl', 'simp', 'simp_all', 'exact?', 'grind', 'ring', 'norm_num', 'omega', 'linarith', 'nlinarith', 'aesop']
[2026-01-10 23:52:11] [INFO] Pass@k value: 1
[2026-01-10 23:52:11] [INFO] Creating Sorry object...
[2026-01-10 23:52:11] [INFO] Sorry object created: id=6697fb0fba42214a0f91b895d004f3a291a3ca692ead557504189be5bf7408c3
[2026-01-10 23:52:11] [INFO] Sorry location: SpherePacking/MagicFunction/a/Integrability/ComplexIntegrands.lean:163
[2026-01-10 23:52:11] [INFO] Context before sorry (lines 158-163):
[2026-01-10 23:52:11] [INFO]   158: 
[2026-01-10 23:52:11] [INFO]   159: theorem Φ₄'_contDiffOn : ContDiffOn ℝ ∞ (Φ₄' r) ℍ₀ := by sorry
[2026-01-10 23:52:11] [INFO]   160: 
[2026-01-10 23:52:11] [INFO]   161: theorem Φ₅'_contDiffOn : ContDiffOn ℝ ∞ (Φ₅' r) ℍ₀ := by sorry
[2026-01-10 23:52:11] [INFO]   162: 
[2026-01-10 23:52:11] [INFO]   163: theorem Φ₆'_contDiffOn : ContDiffOn ℝ ∞ (Φ₆' r) ℍ₀ := by sorry
[2026-01-10 23:52:11] [INFO] Sorry line: theorem Φ₆'_contDiffOn : ContDiffOn ℝ ∞ (Φ₆' r) ℍ₀ := by sorry
[2026-01-10 23:52:11] [INFO] Sorry goal: r : ℝ
⊢ ContDiffOn ℝ (↑⊤) (Φ₆' r) upperHalfPlaneSet...
[2026-01-10 23:52:11] [INFO] ========================================
[2026-01-10 23:52:11] [INFO] Trying strategy: rfl (up to 1 attempts)
[2026-01-10 23:52:11] [INFO] --------------------
[2026-01-10 23:52:11] [INFO] Strategy rfl, attempt 1/1
[2026-01-10 23:52:11] [INFO] Starting proof generation...
[2026-01-10 23:52:11] [INFO] Repository path: /root/repo
[2026-01-10 23:52:11] [INFO] Proof generation completed
[2026-01-10 23:52:11] [INFO] Generated proof:
[2026-01-10 23:52:11] [INFO] rfl
[2026-01-10 23:52:11] [INFO] Proof length: 3 chars
[2026-01-10 23:52:11] [INFO] Starting proof verification...
[2026-01-10 23:52:11] [INFO] Verifying at: SpherePacking/MagicFunction/a/Integrability/ComplexIntegrands.lean:163
[2026-01-10 23:52:11] [INFO] Using LEAN INTERACT verify
[2026-01-10 23:52:11] [INFO] Checking file
[2026-01-10 23:52:34] [INFO] Cannot build modified file <error line="163" column="57">
<code_line>theorem Φ₆'_contDiffOn : ContDiffOn ℝ ∞ (Φ₆' r) ℍ₀ := by rfl</code_line>
<message>error: Tactic `rfl` failed: The left-hand side</message>
</error>
  Φ₆' r
is not definitionally equal to the right-hand side
  ℍ₀

r : ℝ
⊢ ContDiffOn ℝ ∞ (Φ₆' r) ℍ₀
[2026-01-10 23:52:34] [INFO] Proof verification completed
[2026-01-10 23:52:34] [INFO] Strategy rfl attempt 1: verified=False
[2026-01-10 23:52:34] [INFO] Verification message: Cannot build modified file: <error line="163" column="57">
<code_line>theorem Φ₆'_contDiffOn : ContDiffOn ℝ ∞ (Φ₆' r) ℍ₀ := by rfl</code_line>
<message>error: Tactic `rfl` failed: The left-hand side</message>
</error>
  Φ₆' r
is not definitionally equal to the right-hand side
  ℍ₀

r : ℝ
⊢ ContDiffOn ℝ ∞ (Φ₆' r) ℍ₀

[2026-01-10 23:52:34] [INFO] Attempt 1 failed verification, continuing...
[2026-01-10 23:52:34] [INFO] ========================================
[2026-01-10 23:52:34] [INFO] Trying strategy: simp (up to 1 attempts)
[2026-01-10 23:52:34] [INFO] --------------------
[2026-01-10 23:52:34] [INFO] Strategy simp, attempt 1/1
[2026-01-10 23:52:34] [INFO] Starting proof generation...
[2026-01-10 23:52:34] [INFO] Repository path: /root/repo
[2026-01-10 23:52:34] [INFO] Proof generation completed
[2026-01-10 23:52:34] [INFO] Generated proof:
[2026-01-10 23:52:34] [INFO] simp
[2026-01-10 23:52:34] [INFO] Proof length: 4 chars
[2026-01-10 23:52:34] [INFO] Starting proof verification...
[2026-01-10 23:52:34] [INFO] Verifying at: SpherePacking/MagicFunction/a/Integrability/ComplexIntegrands.lean:163
[2026-01-10 23:52:34] [INFO] Using LEAN INTERACT verify
[2026-01-10 23:52:34] [INFO] Checking file
[2026-01-10 23:52:44] [INFO] Cannot build modified file <error line="163" column="57">
<code_line>theorem Φ₆'_contDiffOn : ContDiffOn ℝ ∞ (Φ₆' r) ℍ₀ := by simp</code_line>
<message>error: `simp` made no progress</message>
</error>
[2026-01-10 23:52:44] [INFO] Proof verification completed
[2026-01-10 23:52:44] [INFO] Strategy simp attempt 1: verified=False
[2026-01-10 23:52:44] [INFO] Verification message: Cannot build modified file: <error line="163" column="57">
<code_line>theorem Φ₆'_contDiffOn : ContDiffOn ℝ ∞ (Φ₆' r) ℍ₀ := by simp</code_line>
<message>error: `simp` made no progress</message>
</error>

[2026-01-10 23:52:44] [INFO] Attempt 1 failed verification, continuing...
[2026-01-10 23:52:44] [INFO] ========================================
[2026-01-10 23:52:44] [INFO] Trying strategy: simp_all (up to 1 attempts)
[2026-01-10 23:52:44] [INFO] --------------------
[2026-01-10 23:52:44] [INFO] Strategy simp_all, attempt 1/1
[2026-01-10 23:52:44] [INFO] Starting proof generation...
[2026-01-10 23:52:44] [INFO] Repository path: /root/repo
[2026-01-10 23:52:44] [INFO] Proof generation completed
[2026-01-10 23:52:44] [INFO] Generated proof:
[2026-01-10 23:52:44] [INFO] simp_all
[2026-01-10 23:52:44] [INFO] Proof length: 8 chars
[2026-01-10 23:52:44] [INFO] Starting proof verification...
[2026-01-10 23:52:44] [INFO] Verifying at: SpherePacking/MagicFunction/a/Integrability/ComplexIntegrands.lean:163
[2026-01-10 23:52:44] [INFO] Using LEAN INTERACT verify
[2026-01-10 23:52:44] [INFO] Checking file
[2026-01-10 23:52:49] [INFO] Cannot build modified file <error line="163" column="57">
<code_line>theorem Φ₆'_contDiffOn : ContDiffOn ℝ ∞ (Φ₆' r) ℍ₀ := by simp_all</code_line>
<message>error: simp_all made no progress</message>
</error>
[2026-01-10 23:52:49] [INFO] Proof verification completed
[2026-01-10 23:52:49] [INFO] Strategy simp_all attempt 1: verified=False
[2026-01-10 23:52:49] [INFO] Verification message: Cannot build modified file: <error line="163" column="57">
<code_line>theorem Φ₆'_contDiffOn : ContDiffOn ℝ ∞ (Φ₆' r) ℍ₀ := by simp_all</code_line>
<message>error: simp_all made no progress</message>
</error>

[2026-01-10 23:52:49] [INFO] Attempt 1 failed verification, continuing...
[2026-01-10 23:52:49] [INFO] ========================================
[2026-01-10 23:52:49] [INFO] Trying strategy: exact? (up to 1 attempts)
[2026-01-10 23:52:49] [INFO] --------------------
[2026-01-10 23:52:49] [INFO] Strategy exact?, attempt 1/1
[2026-01-10 23:52:49] [INFO] Starting proof generation...
[2026-01-10 23:52:49] [INFO] Repository path: /root/repo
[2026-01-10 23:52:49] [INFO] Proof generation completed
[2026-01-10 23:52:49] [INFO] Generated proof:
[2026-01-10 23:52:49] [INFO] exact?
[2026-01-10 23:52:49] [INFO] Proof length: 6 chars
[2026-01-10 23:52:49] [INFO] Starting proof verification...
[2026-01-10 23:52:49] [INFO] Verifying at: SpherePacking/MagicFunction/a/Integrability/ComplexIntegrands.lean:163
[2026-01-10 23:52:49] [INFO] Using LEAN INTERACT verify
[2026-01-10 23:52:49] [INFO] Checking file
[2026-01-10 23:53:06] [INFO] Cannot build modified file <error line="163" column="57">
<code_line>theorem Φ₆'_contDiffOn : ContDiffOn ℝ ∞ (Φ₆' r) ℍ₀ := by exact?</code_line>
<message>error: `exact?` could not close the goal. Try `apply?` to see partial suggestions.</message>
</error>
[2026-01-10 23:53:06] [INFO] Proof verification completed
[2026-01-10 23:53:06] [INFO] Strategy exact? attempt 1: verified=False
[2026-01-10 23:53:06] [INFO] Verification message: Cannot build modified file: <error line="163" column="57">
<code_line>theorem Φ₆'_contDiffOn : ContDiffOn ℝ ∞ (Φ₆' r) ℍ₀ := by exact?</code_line>
<message>error: `exact?` could not close the goal. Try `apply?` to see partial suggestions.</message>
</error>

[2026-01-10 23:53:06] [INFO] Attempt 1 failed verification, continuing...
[2026-01-10 23:53:06] [INFO] ========================================
[2026-01-10 23:53:06] [INFO] Trying strategy: grind (up to 1 attempts)
[2026-01-10 23:53:06] [INFO] --------------------
[2026-01-10 23:53:06] [INFO] Strategy grind, attempt 1/1
[2026-01-10 23:53:06] [INFO] Starting proof generation...
[2026-01-10 23:53:06] [INFO] Repository path: /root/repo
[2026-01-10 23:53:06] [INFO] Proof generation completed
[2026-01-10 23:53:06] [INFO] Generated proof:
[2026-01-10 23:53:06] [INFO] grind
[2026-01-10 23:53:06] [INFO] Proof length: 5 chars
[2026-01-10 23:53:06] [INFO] Starting proof verification...
[2026-01-10 23:53:06] [INFO] Verifying at: SpherePacking/MagicFunction/a/Integrability/ComplexIntegrands.lean:163
[2026-01-10 23:53:06] [INFO] Using LEAN INTERACT verify
[2026-01-10 23:53:06] [INFO] Checking file
[2026-01-10 23:53:14] [INFO] Cannot build modified file <error line="163" column="57">
<code_line>theorem Φ₆'_contDiffOn : ContDiffOn ℝ ∞ (Φ₆' r) ℍ₀ := by grind</code_line>
<message>error: `grind` failed</message>
</error>
case grind.1.1.1
r : ℝ
h : ¬ContDiffOn ℝ ∞ (Φ₆' r) {z | 0 < z.im}
h_1 : {_a | False} = fun z => 0 < z.im
h_2 : {_a | False} = univ
h_3 : {_x | True} = fun z => 0 < z.im
⊢ False
[grind] Goal diagnostics
  [facts] Asserted facts
    [prop] ¬ContDiffOn ℝ ∞ (Φ₆' r) {z | 0 < z.im}
    [prop] {_x | True} = univ
    [prop] {_a | False} = ∅
    [prop] {_a | False} = fun z => 0 < z.im
    [prop] {_a | False} = univ
    [prop] {_x | True} = fun z => 0 < z.im
  [eqc] False propositions
    [prop] ContDiffOn ℝ ∞ (Φ₆' r) {z | 0 < z.im}
  [eqc] Equivalence classes
    [eqc] {fun z => 0 < z.im, univ, ∅, {_a | False}, {_x | True}}
  [cases] Case analyses
    [cases] [1/2]: (fun _a => False) = fun z => 0 < z.im
      [cases] source: E-matching `setOf_false`
    [cases] [1/2]: (fun _a => False) = fun _x => True
      [cases] source: E-matching `setOf_false`
    [cases] [1/2]: (fun _x => True) = fun z => 0 < z.im
      [cases] source: E-matching `setOf_true`
  [ematch] E-matching patterns
    [thm] top_unique: [@Lean.Grind.eqBwdPattern #4 #1 (@Top.top _ _)]
    [thm] setOf_true: [@setOf #0 _]
    [thm] setOf_false: [@setOf #0 _]
[grind] Diagnostics
  [thm] E-Matching instances
    [thm] setOf_false ↦ 1
    [thm] setOf_true ↦ 1
[2026-01-10 23:53:14] [INFO] Proof verification completed
[2026-01-10 23:53:14] [INFO] Strategy grind attempt 1: verified=False
[2026-01-10 23:53:14] [INFO] Verification message: Cannot build modified file: <error line="163" column="57">
<code_line>theorem Φ₆'_contDiffOn : ContDiffOn ℝ ∞ (Φ₆' r) ℍ₀ := by grind</code_line>
<message>error: `grind` failed</message>
</error>
case grind.1.1.1
r : ℝ
h : ¬ContDiffOn ℝ ∞ (Φ₆' r) {z | 0 < z.im}
h_1 : {_a | False} = fun z => 0 < z.im
h_2 : {_a | False} = univ
h_3 : {_x | True} = fun z => 0 < z.im
⊢ False
[grind] Goal diagnostics
  [facts] Asserted facts
    [prop] ¬ContDiffOn ℝ ∞ (Φ₆' r) {z | 0 < z.im}
    [prop] {_x | True} = univ
    [prop] {_a | False} = ∅
    [prop] {_a | False} = fun z => 0 < z.im
    [prop] {_a | False} = univ
    [prop] {_x | True} = fun z => 0 < z.im
  [eqc] False propositions
    [prop] ContDiffOn ℝ ∞ (Φ₆' r) {z | 0 < z.im}
  [eqc] Equivalence classes
    [eqc] {fun z => 0 < z.im, univ, ∅, {_a | False}, {_x | True}}
  [cases] Case analyses
    [cases] [1/2]: (fun _a => False) = fun z => 0 < z.im
      [cases] source: E-matching `setOf_false`
    [cases] [1/2]: (fun _a => False) = fun _x => True
      [cases] source: E-matching `setOf_false`
    [cases] [1/2]: (fun _x => True) = fun z => 0 < z.im
      [cases] source: E-matching `setOf_true`
  [ematch] E-matching patterns
    [thm] top_unique: [@Lean.Grind.eqBwdPattern #4 #1 (@Top.top _ _)]
    [thm] setOf_true: [@setOf #0 _]
    [thm] setOf_false: [@setOf #0 _]
[grind] Diagnostics
  [thm] E-Matching instances
    [thm] setOf_false ↦ 1
    [thm] setOf_true ↦ 1

[2026-01-10 23:53:14] [INFO] Attempt 1 failed verification, continuing...
[2026-01-10 23:53:14] [INFO] ========================================
[2026-01-10 23:53:14] [INFO] Trying strategy: ring (up to 1 attempts)
[2026-01-10 23:53:14] [INFO] --------------------
[2026-01-10 23:53:14] [INFO] Strategy ring, attempt 1/1
[2026-01-10 23:53:14] [INFO] Starting proof generation...
[2026-01-10 23:53:14] [INFO] Repository path: /root/repo
[2026-01-10 23:53:14] [INFO] Proof generation completed
[2026-01-10 23:53:14] [INFO] Generated proof:
[2026-01-10 23:53:14] [INFO] ring
[2026-01-10 23:53:14] [INFO] Proof length: 4 chars
[2026-01-10 23:53:14] [INFO] Starting proof verification...
[2026-01-10 23:53:14] [INFO] Verifying at: SpherePacking/MagicFunction/a/Integrability/ComplexIntegrands.lean:163
[2026-01-10 23:53:14] [INFO] Using LEAN INTERACT verify
[2026-01-10 23:53:14] [INFO] Checking file
[2026-01-10 23:53:19] [INFO] Cannot build modified file <error line="163" column="57">
<code_line>theorem Φ₆'_contDiffOn : ContDiffOn ℝ ∞ (Φ₆' r) ℍ₀ := by ring</code_line>
<message>error: ring_nf made no progress on goal</message>
</error>
[2026-01-10 23:53:19] [INFO] Proof verification completed
[2026-01-10 23:53:19] [INFO] Strategy ring attempt 1: verified=False
[2026-01-10 23:53:19] [INFO] Verification message: Cannot build modified file: <error line="163" column="57">
<code_line>theorem Φ₆'_contDiffOn : ContDiffOn ℝ ∞ (Φ₆' r) ℍ₀ := by ring</code_line>
<message>error: ring_nf made no progress on goal</message>
</error>

[2026-01-10 23:53:19] [INFO] Attempt 1 failed verification, continuing...
[2026-01-10 23:53:19] [INFO] ========================================
[2026-01-10 23:53:19] [INFO] Trying strategy: norm_num (up to 1 attempts)
[2026-01-10 23:53:19] [INFO] --------------------
[2026-01-10 23:53:19] [INFO] Strategy norm_num, attempt 1/1
[2026-01-10 23:53:19] [INFO] Starting proof generation...
[2026-01-10 23:53:19] [INFO] Repository path: /root/repo
[2026-01-10 23:53:19] [INFO] Proof generation completed
[2026-01-10 23:53:19] [INFO] Generated proof:
[2026-01-10 23:53:19] [INFO] norm_num
[2026-01-10 23:53:19] [INFO] Proof length: 8 chars
[2026-01-10 23:53:19] [INFO] Starting proof verification...
[2026-01-10 23:53:19] [INFO] Verifying at: SpherePacking/MagicFunction/a/Integrability/ComplexIntegrands.lean:163
[2026-01-10 23:53:19] [INFO] Using LEAN INTERACT verify
[2026-01-10 23:53:19] [INFO] Checking file
[2026-01-10 23:53:25] [INFO] Cannot build modified file <error line="163" column="54">
<code_line>theorem Φ₆'_contDiffOn : ContDiffOn ℝ ∞ (Φ₆' r) ℍ₀ := by norm_num</code_line>
<message>error: unsolved goals</message>
</error>
r : ℝ
⊢ ContDiffOn ℝ ∞ (Φ₆' r) ℍ₀
[2026-01-10 23:53:25] [INFO] Proof verification completed
[2026-01-10 23:53:25] [INFO] Strategy norm_num attempt 1: verified=False
[2026-01-10 23:53:25] [INFO] Verification message: Cannot build modified file: <error line="163" column="54">
<code_line>theorem Φ₆'_contDiffOn : ContDiffOn ℝ ∞ (Φ₆' r) ℍ₀ := by norm_num</code_line>
<message>error: unsolved goals</message>
</error>
r : ℝ
⊢ ContDiffOn ℝ ∞ (Φ₆' r) ℍ₀

[2026-01-10 23:53:25] [INFO] Attempt 1 failed verification, continuing...
[2026-01-10 23:53:25] [INFO] ========================================
[2026-01-10 23:53:25] [INFO] Trying strategy: omega (up to 1 attempts)
[2026-01-10 23:53:25] [INFO] --------------------
[2026-01-10 23:53:25] [INFO] Strategy omega, attempt 1/1
[2026-01-10 23:53:25] [INFO] Starting proof generation...
[2026-01-10 23:53:25] [INFO] Repository path: /root/repo
[2026-01-10 23:53:25] [INFO] Proof generation completed
[2026-01-10 23:53:25] [INFO] Generated proof:
[2026-01-10 23:53:25] [INFO] omega
[2026-01-10 23:53:25] [INFO] Proof length: 5 chars
[2026-01-10 23:53:25] [INFO] Starting proof verification...
[2026-01-10 23:53:25] [INFO] Verifying at: SpherePacking/MagicFunction/a/Integrability/ComplexIntegrands.lean:163
[2026-01-10 23:53:25] [INFO] Using LEAN INTERACT verify
[2026-01-10 23:53:25] [INFO] Checking file
[2026-01-10 23:53:29] [INFO] Cannot build modified file <error line="163" column="57">
<code_line>theorem Φ₆'_contDiffOn : ContDiffOn ℝ ∞ (Φ₆' r) ℍ₀ := by omega</code_line>
<message>error: omega could not prove the goal:</message>
</error>
No usable constraints found. You may need to unfold definitions so `omega` can see linear arithmetic facts about `Nat` and `Int`, which may also involve multiplication, division, and modular remainder by constants.
[2026-01-10 23:53:29] [INFO] Proof verification completed
[2026-01-10 23:53:29] [INFO] Strategy omega attempt 1: verified=False
[2026-01-10 23:53:29] [INFO] Verification message: Cannot build modified file: <error line="163" column="57">
<code_line>theorem Φ₆'_contDiffOn : ContDiffOn ℝ ∞ (Φ₆' r) ℍ₀ := by omega</code_line>
<message>error: omega could not prove the goal:</message>
</error>
No usable constraints found. You may need to unfold definitions so `omega` can see linear arithmetic facts about `Nat` and `Int`, which may also involve multiplication, division, and modular remainder by constants.

[2026-01-10 23:53:29] [INFO] Attempt 1 failed verification, continuing...
[2026-01-10 23:53:29] [INFO] ========================================
[2026-01-10 23:53:29] [INFO] Trying strategy: linarith (up to 1 attempts)
[2026-01-10 23:53:29] [INFO] --------------------
[2026-01-10 23:53:29] [INFO] Strategy linarith, attempt 1/1
[2026-01-10 23:53:29] [INFO] Starting proof generation...
[2026-01-10 23:53:29] [INFO] Repository path: /root/repo
[2026-01-10 23:53:29] [INFO] Proof generation completed
[2026-01-10 23:53:29] [INFO] Generated proof:
[2026-01-10 23:53:29] [INFO] linarith
[2026-01-10 23:53:29] [INFO] Proof length: 8 chars
[2026-01-10 23:53:29] [INFO] Starting proof verification...
[2026-01-10 23:53:29] [INFO] Verifying at: SpherePacking/MagicFunction/a/Integrability/ComplexIntegrands.lean:163
[2026-01-10 23:53:29] [INFO] Using LEAN INTERACT verify
[2026-01-10 23:53:29] [INFO] Checking file
[2026-01-10 23:53:38] [INFO] Cannot build modified file <error line="163" column="57">
<code_line>theorem Φ₆'_contDiffOn : ContDiffOn ℝ ∞ (Φ₆' r) ℍ₀ := by linarith</code_line>
<message>error: linarith failed to find a contradiction</message>
</error>
r : ℝ
⊢ False
failed
[2026-01-10 23:53:38] [INFO] Proof verification completed
[2026-01-10 23:53:38] [INFO] Strategy linarith attempt 1: verified=False
[2026-01-10 23:53:38] [INFO] Verification message: Cannot build modified file: <error line="163" column="57">
<code_line>theorem Φ₆'_contDiffOn : ContDiffOn ℝ ∞ (Φ₆' r) ℍ₀ := by linarith</code_line>
<message>error: linarith failed to find a contradiction</message>
</error>
r : ℝ
⊢ False
failed

[2026-01-10 23:53:38] [INFO] Attempt 1 failed verification, continuing...
[2026-01-10 23:53:38] [INFO] ========================================
[2026-01-10 23:53:38] [INFO] Trying strategy: nlinarith (up to 1 attempts)
[2026-01-10 23:53:38] [INFO] --------------------
[2026-01-10 23:53:38] [INFO] Strategy nlinarith, attempt 1/1
[2026-01-10 23:53:38] [INFO] Starting proof generation...
[2026-01-10 23:53:38] [INFO] Repository path: /root/repo
[2026-01-10 23:53:38] [INFO] Proof generation completed
[2026-01-10 23:53:38] [INFO] Generated proof:
[2026-01-10 23:53:38] [INFO] nlinarith
[2026-01-10 23:53:38] [INFO] Proof length: 9 chars
[2026-01-10 23:53:38] [INFO] Starting proof verification...
[2026-01-10 23:53:38] [INFO] Verifying at: SpherePacking/MagicFunction/a/Integrability/ComplexIntegrands.lean:163
[2026-01-10 23:53:38] [INFO] Using LEAN INTERACT verify
[2026-01-10 23:53:38] [INFO] Checking file
[2026-01-10 23:53:45] [INFO] Cannot build modified file <error line="163" column="57">
<code_line>theorem Φ₆'_contDiffOn : ContDiffOn ℝ ∞ (Φ₆' r) ℍ₀ := by nlinarith</code_line>
<message>error: linarith failed to find a contradiction</message>
</error>
r : ℝ
⊢ False
failed
[2026-01-10 23:53:45] [INFO] Proof verification completed
[2026-01-10 23:53:45] [INFO] Strategy nlinarith attempt 1: verified=False
[2026-01-10 23:53:45] [INFO] Verification message: Cannot build modified file: <error line="163" column="57">
<code_line>theorem Φ₆'_contDiffOn : ContDiffOn ℝ ∞ (Φ₆' r) ℍ₀ := by nlinarith</code_line>
<message>error: linarith failed to find a contradiction</message>
</error>
r : ℝ
⊢ False
failed

[2026-01-10 23:53:45] [INFO] Attempt 1 failed verification, continuing...
[2026-01-10 23:53:45] [INFO] ========================================
[2026-01-10 23:53:45] [INFO] Trying strategy: aesop (up to 1 attempts)
[2026-01-10 23:53:45] [INFO] --------------------
[2026-01-10 23:53:45] [INFO] Strategy aesop, attempt 1/1
[2026-01-10 23:53:45] [INFO] Starting proof generation...
[2026-01-10 23:53:45] [INFO] Repository path: /root/repo
[2026-01-10 23:53:45] [INFO] Proof generation completed
[2026-01-10 23:53:45] [INFO] Generated proof:
[2026-01-10 23:53:45] [INFO] aesop
[2026-01-10 23:53:45] [INFO] Proof length: 5 chars
[2026-01-10 23:53:45] [INFO] Starting proof verification...
[2026-01-10 23:53:45] [INFO] Verifying at: SpherePacking/MagicFunction/a/Integrability/ComplexIntegrands.lean:163
[2026-01-10 23:53:45] [INFO] Using LEAN INTERACT verify
[2026-01-10 23:53:45] [INFO] Checking file
[2026-01-10 23:53:51] [INFO] Cannot build modified file <error line="163" column="57">
<code_line>theorem Φ₆'_contDiffOn : ContDiffOn ℝ ∞ (Φ₆' r) ℍ₀ := by aesop</code_line>
<message>error: tactic 'aesop' failed, made no progress</message>
</error>
Initial goal:
  r : ℝ
  ⊢ ContDiffOn ℝ ∞ (Φ₆' r) ℍ₀
[2026-01-10 23:53:51] [INFO] Proof verification completed
[2026-01-10 23:53:51] [INFO] Strategy aesop attempt 1: verified=False
[2026-01-10 23:53:51] [INFO] Verification message: Cannot build modified file: <error line="163" column="57">
<code_line>theorem Φ₆'_contDiffOn : ContDiffOn ℝ ∞ (Φ₆' r) ℍ₀ := by aesop</code_line>
<message>error: tactic 'aesop' failed, made no progress</message>
</error>
Initial goal:
  r : ℝ
  ⊢ ContDiffOn ℝ ∞ (Φ₆' r) ℍ₀

[2026-01-10 23:53:51] [INFO] Attempt 1 failed verification, continuing...
[2026-01-10 23:53:51] [INFO] ========================================
[2026-01-10 23:53:51] [INFO] Pass@k completed. Total results: 1
[2026-01-10 23:53:51] [INFO] FAILED: All 11 strategies x 1 attempts
[2026-01-10 23:53:51] [INFO] Writing results to file: /root/repo/result.json
[2026-01-10 23:53:51] [INFO] Result file written successfully
[2026-01-10 23:53:51] [INFO] Results exported to: /root/repo/result.json
[2026-01-10 23:53:51] [INFO] run_morphcloud_local.py completed successfully

[2026-01-10 23:53:52] [process_single_sorry] Downloading result file...
[2026-01-10 23:53:52] [process_single_sorry] Downloaded result to intermediate_experiment_outputs_full_reservoir/multi_tactic/2026-01-10_20-46-34_multi_tactic/individual/6697fb0fba42214a0f91b895d004f3a291a3ca692ead557504189be5bf7408c3.json
[2026-01-10 23:53:54] [process_single_sorry] Instance context closed successfully
[2026-01-10 23:53:54] [process_single_sorry] Parsing result file...
[2026-01-10 23:53:54] [process_single_sorry] Successfully parsed result (list format, 1 results)
