[2026-01-10 23:56:50] [process_single_sorry] Starting for sorry 6781be3dba4a2a6c78e29688672bc33253480ebfee48474a2847bb0442fba11e
[2026-01-10 23:56:50] [process_single_sorry] Using snapshot: snapshot_4f8kq788
[2026-01-10 23:56:50] [process_single_sorry] Repository: https://github.com/vihdzp/combinatorial-games@fda8348ac7eaa8d3dbd3cb0871b96380410f68ac
[2026-01-10 23:56:50] [process_single_sorry] Instance name: combinatorial-games_fda8348ac7ea_multi_tactic_6781be3dba4a2a6c78e29688672bc33253480ebfee48474a2847bb0442fba11e
[2026-01-10 23:56:50] [process_single_sorry] Starting attempt 1/3
[2026-01-10 23:56:50] [process_single_sorry] Starting instance from snapshot...
[2026-01-10 23:56:51] [process_single_sorry] Instance started successfully: morphvm_30lzhj2o
[2026-01-10 23:56:51] [process_single_sorry] Creating .env file...
[2026-01-10 23:56:57] [process_single_sorry] .env file created (exit_code: 0)
[2026-01-10 23:56:57] [process_single_sorry] Executing agent command...
[2026-01-11 00:00:47] [process_single_sorry] Agent command completed (exit_code: 0)
[2026-01-11 00:00:47] [process_single_sorry] STDOUT:

Results JSON:
[
  {
    "sorry": {
      "repo": {
        "remote": "https://github.com/vihdzp/combinatorial-games",
        "branch": "vi.st",
        "commit": "fda8348ac7eaa8d3dbd3cb0871b96380410f68ac",
        "lean_version": "v4.27.0-rc1"
      },
      "location": {
        "path": "CombinatorialGames/Surreal/HahnSeries/Surreal.lean",
        "start_line": 954,
        "start_column": 4,
        "end_line": 954,
        "end_column": 9
      },
      "debug_info": {
        "goal": "case inr\nx : Surreal\ny z : @Surreal.PartialSum x\nh : y < z\nhz : IsSuccPrelimit (@Surreal.PartialSum.length x z)\n⊢ ArchimedeanClass.mk\n      (x -\n        @SurrealHahnSeries.toSurreal\n          (@Surreal.PartialSum.carrier x (@Surreal.PartialSum.truncIdx x z (@Surreal.PartialSum.length x y)))) <\n    ArchimedeanClass.mk (x - @SurrealHahnSeries.toSurreal (@Surreal.PartialSum.carrier x z))",
        "url": "https://github.com/vihdzp/combinatorial-games/blob/fda8348ac7eaa8d3dbd3cb0871b96380410f68ac/CombinatorialGames/Surreal/HahnSeries/Surreal.lean#L954"
      },
      "metadata": {
        "blame_email_hash": "e50bdf9225ac",
        "blame_date": "2025-12-22T16:42:04-06:00",
        "inclusion_date": "2025-12-30T18:37:38.978564+00:00"
      },
      "id": "6781be3dba4a2a6c78e29688672bc33253480ebfee48474a2847bb0442fba11e"
    },
    "proof": null,
    "proof_verified": false,
    "feedback": null,
    "verification_message": "All 11 attempts failed (11 strategies x 1 attempts each)",
    "success": true,
    "error_type": null,
    "error_message": null,
    "strategy_name": "all_failed_k=1",
    "proof_attempts": [
      "rfl",
      "simp",
      "simp_all",
      "exact?",
      "grind",
      "ring",
      "norm_num",
      "omega",
      "linarith",
      "nlinarith",
      "aesop"
    ]
  }
]

[2026-01-11 00:00:47] [process_single_sorry] STDERR:
None of PyTorch, TensorFlow >= 2.0, or Flax have been found. Models won't be available and only tokenizers, configuration and file/data utilities can be used.
[2026-01-10 23:57:08] [INFO] ================================================================================
[2026-01-10 23:57:08] [INFO] Starting run_morphcloud_local.py
[2026-01-10 23:57:08] [INFO] ================================================================================
[2026-01-10 23:57:08] [INFO] Environment loaded
[2026-01-10 23:57:08] [INFO] Full command: /root/SorryDB/sorrydb/cli/run_morphcloud_local.py --repo-path /root/repo --sorry-json {"repo": {"remote": "https://github.com/vihdzp/combinatorial-games", "branch": "vi.st", "commit": "fda8348ac7eaa8d3dbd3cb0871b96380410f68ac", "lean_version": "v4.27.0-rc1"}, "location": {"path": "CombinatorialGames/Surreal/HahnSeries/Surreal.lean", "start_line": 954, "start_column": 4, "end_line": 954, "end_column": 9}, "debug_info": {"goal": "case inr\nx : Surreal\ny z : @Surreal.PartialSum x\nh : y < z\nhz : IsSuccPrelimit (@Surreal.PartialSum.length x z)\n\u22a2 ArchimedeanClass.mk\n      (x -\n        @SurrealHahnSeries.toSurreal\n          (@Surreal.PartialSum.carrier x (@Surreal.PartialSum.truncIdx x z (@Surreal.PartialSum.length x y)))) <\n    ArchimedeanClass.mk (x - @SurrealHahnSeries.toSurreal (@Surreal.PartialSum.carrier x z))", "url": "https://github.com/vihdzp/combinatorial-games/blob/fda8348ac7eaa8d3dbd3cb0871b96380410f68ac/CombinatorialGames/Surreal/HahnSeries/Surreal.lean#L954"}, "metadata": {"blame_email_hash": "e50bdf9225ac", "blame_date": "2025-12-22T16:42:04-06:00", "inclusion_date": "2025-12-30T18:37:38.978564+00:00"}, "id": "6781be3dba4a2a6c78e29688672bc33253480ebfee48474a2847bb0442fba11e"} --agent-strategy {"name": "multi_tactic", "args": {}}
[2026-01-10 23:57:08] [INFO] Arguments parsed: repo_path=/root/repo, output_path=/root/repo/result.json
[2026-01-10 23:57:08] [INFO] Strategy spec: {"name": "multi_tactic", "args": {}}...
[2026-01-10 23:57:08] [INFO] Loading sorry data...
[2026-01-10 23:57:08] [INFO] Parsing sorry from JSON string...
[2026-01-10 23:57:08] [INFO] Sorry data parsed from JSON string
[2026-01-10 23:57:08] [INFO] Creating strategy from spec...
[2026-01-10 23:57:08] [INFO] Parsing strategy spec (length: 36 chars)
[2026-01-10 23:57:08] [INFO] Strategy name: multi_tactic
[2026-01-10 23:57:08] [INFO] Strategy args: {}
[2026-01-10 23:57:08] [INFO] Pass@k value: 1
[2026-01-10 23:57:08] [INFO] Creating strategy: multi_tactic
[2026-01-10 23:57:08] [INFO] Creating multi_tactic strategy with tactics: ['rfl', 'simp', 'simp_all', 'exact?', 'grind', 'ring', 'norm_num', 'omega', 'linarith', 'nlinarith', 'aesop']
[2026-01-10 23:57:08] [INFO] Strategies created: ['rfl', 'simp', 'simp_all', 'exact?', 'grind', 'ring', 'norm_num', 'omega', 'linarith', 'nlinarith', 'aesop']
[2026-01-10 23:57:08] [INFO] Pass@k value: 1
[2026-01-10 23:57:08] [INFO] Creating Sorry object...
[2026-01-10 23:57:08] [INFO] Sorry object created: id=6781be3dba4a2a6c78e29688672bc33253480ebfee48474a2847bb0442fba11e
[2026-01-10 23:57:08] [INFO] Sorry location: CombinatorialGames/Surreal/HahnSeries/Surreal.lean:954
[2026-01-10 23:57:08] [INFO] Context before sorry (lines 949-954):
[2026-01-10 23:57:08] [INFO]   949:         rw [truncIdx_lt_iff, ← ho, Order.lt_succ_iff]
[2026-01-10 23:57:08] [INFO]   950:       · rw [← ho, Order.lt_succ_iff]
[2026-01-10 23:57:08] [INFO]   951:     · rw [← length_le_length, length_truncIdx, length_truncIdx]
[2026-01-10 23:57:08] [INFO]   952:       apply min_le_min_right
[2026-01-10 23:57:08] [INFO]   953:       rwa [← Order.lt_succ_iff, ho]
[2026-01-10 23:57:08] [INFO]   954:   · sorry
[2026-01-10 23:57:08] [INFO] Sorry line:   · sorry
[2026-01-10 23:57:08] [INFO] Sorry goal: case inr
x : Surreal
y z : @Surreal.PartialSum x
h : y < z
hz : IsSuccPrelimit (@Surreal.PartialSum....
[2026-01-10 23:57:08] [INFO] ========================================
[2026-01-10 23:57:08] [INFO] Trying strategy: rfl (up to 1 attempts)
[2026-01-10 23:57:08] [INFO] --------------------
[2026-01-10 23:57:08] [INFO] Strategy rfl, attempt 1/1
[2026-01-10 23:57:08] [INFO] Starting proof generation...
[2026-01-10 23:57:08] [INFO] Repository path: /root/repo
[2026-01-10 23:57:08] [INFO] Proof generation completed
[2026-01-10 23:57:08] [INFO] Generated proof:
[2026-01-10 23:57:08] [INFO] rfl
[2026-01-10 23:57:08] [INFO] Proof length: 3 chars
[2026-01-10 23:57:08] [INFO] Starting proof verification...
[2026-01-10 23:57:08] [INFO] Verifying at: CombinatorialGames/Surreal/HahnSeries/Surreal.lean:954
[2026-01-10 23:57:08] [INFO] Using LEAN INTERACT verify
[2026-01-10 23:57:08] [INFO] Checking file
[2026-01-10 23:57:38] [INFO] Cannot build modified file <error line="954" column="4">
<code_line>  · rfl</code_line>
<message>error: Tactic `rfl` failed: The left-hand side</message>
</error>
  ArchimedeanClass.mk (x - ↑(z.truncIdx y.length).carrier)
is not definitionally equal to the right-hand side
  ArchimedeanClass.mk (x - ↑z.carrier)

case inr
x : Surreal
y z : x.PartialSum
h : y < z
hz : IsSuccPrelimit z.length
⊢ ArchimedeanClass.mk (x - ↑(z.truncIdx y.length).carrier) < ArchimedeanClass.mk (x - ↑z.carrier)
[2026-01-10 23:57:38] [INFO] Proof verification completed
[2026-01-10 23:57:38] [INFO] Strategy rfl attempt 1: verified=False
[2026-01-10 23:57:38] [INFO] Verification message: Cannot build modified file: <error line="954" column="4">
<code_line>  · rfl</code_line>
<message>error: Tactic `rfl` failed: The left-hand side</message>
</error>
  ArchimedeanClass.mk (x - ↑(z.truncIdx y.length).carrier)
is not definitionally equal to the right-hand side
  ArchimedeanClass.mk (x - ↑z.carrier)

case inr
x : Surreal
y z : x.PartialSum
h : y < z
hz : IsSuccPrelimit z.length
⊢ ArchimedeanClass.mk (x - ↑(z.truncIdx y.length).carrier) < ArchimedeanClass.mk (x - ↑z.carrier)

[2026-01-10 23:57:38] [INFO] Attempt 1 failed verification, continuing...
[2026-01-10 23:57:38] [INFO] ========================================
[2026-01-10 23:57:38] [INFO] Trying strategy: simp (up to 1 attempts)
[2026-01-10 23:57:38] [INFO] --------------------
[2026-01-10 23:57:38] [INFO] Strategy simp, attempt 1/1
[2026-01-10 23:57:38] [INFO] Starting proof generation...
[2026-01-10 23:57:38] [INFO] Repository path: /root/repo
[2026-01-10 23:57:38] [INFO] Proof generation completed
[2026-01-10 23:57:38] [INFO] Generated proof:
[2026-01-10 23:57:38] [INFO] simp
[2026-01-10 23:57:38] [INFO] Proof length: 4 chars
[2026-01-10 23:57:38] [INFO] Starting proof verification...
[2026-01-10 23:57:38] [INFO] Verifying at: CombinatorialGames/Surreal/HahnSeries/Surreal.lean:954
[2026-01-10 23:57:38] [INFO] Using LEAN INTERACT verify
[2026-01-10 23:57:38] [INFO] Checking file
[2026-01-10 23:57:55] [INFO] Cannot build modified file <error line="954" column="2">
<code_line>  · simp</code_line>
<message>error: unsolved goals</message>
</error>
case inr
x : Surreal
y z : x.PartialSum
h : y < z
hz : IsSuccPrelimit z.length
⊢ ArchimedeanClass.mk (x - ↑(z.carrier.truncIdx y.length)) < ArchimedeanClass.mk (x - ↑z.carrier)
[2026-01-10 23:57:55] [INFO] Proof verification completed
[2026-01-10 23:57:55] [INFO] Strategy simp attempt 1: verified=False
[2026-01-10 23:57:55] [INFO] Verification message: Cannot build modified file: <error line="954" column="2">
<code_line>  · simp</code_line>
<message>error: unsolved goals</message>
</error>
case inr
x : Surreal
y z : x.PartialSum
h : y < z
hz : IsSuccPrelimit z.length
⊢ ArchimedeanClass.mk (x - ↑(z.carrier.truncIdx y.length)) < ArchimedeanClass.mk (x - ↑z.carrier)

[2026-01-10 23:57:55] [INFO] Attempt 1 failed verification, continuing...
[2026-01-10 23:57:55] [INFO] ========================================
[2026-01-10 23:57:55] [INFO] Trying strategy: simp_all (up to 1 attempts)
[2026-01-10 23:57:55] [INFO] --------------------
[2026-01-10 23:57:55] [INFO] Strategy simp_all, attempt 1/1
[2026-01-10 23:57:55] [INFO] Starting proof generation...
[2026-01-10 23:57:55] [INFO] Repository path: /root/repo
[2026-01-10 23:57:55] [INFO] Proof generation completed
[2026-01-10 23:57:55] [INFO] Generated proof:
[2026-01-10 23:57:55] [INFO] simp_all
[2026-01-10 23:57:55] [INFO] Proof length: 8 chars
[2026-01-10 23:57:55] [INFO] Starting proof verification...
[2026-01-10 23:57:55] [INFO] Verifying at: CombinatorialGames/Surreal/HahnSeries/Surreal.lean:954
[2026-01-10 23:57:55] [INFO] Using LEAN INTERACT verify
[2026-01-10 23:57:55] [INFO] Checking file
[2026-01-10 23:58:13] [INFO] Cannot build modified file <error line="954" column="2">
<code_line>  · simp_all</code_line>
<message>error: unsolved goals</message>
</error>
case inr
x : Surreal
y z : x.PartialSum
h : y < z
hz : IsSuccPrelimit z.length
⊢ ArchimedeanClass.mk (x - ↑(z.carrier.truncIdx y.length)) < ArchimedeanClass.mk (x - ↑z.carrier)
[2026-01-10 23:58:13] [INFO] Proof verification completed
[2026-01-10 23:58:13] [INFO] Strategy simp_all attempt 1: verified=False
[2026-01-10 23:58:13] [INFO] Verification message: Cannot build modified file: <error line="954" column="2">
<code_line>  · simp_all</code_line>
<message>error: unsolved goals</message>
</error>
case inr
x : Surreal
y z : x.PartialSum
h : y < z
hz : IsSuccPrelimit z.length
⊢ ArchimedeanClass.mk (x - ↑(z.carrier.truncIdx y.length)) < ArchimedeanClass.mk (x - ↑z.carrier)

[2026-01-10 23:58:13] [INFO] Attempt 1 failed verification, continuing...
[2026-01-10 23:58:13] [INFO] ========================================
[2026-01-10 23:58:13] [INFO] Trying strategy: exact? (up to 1 attempts)
[2026-01-10 23:58:13] [INFO] --------------------
[2026-01-10 23:58:13] [INFO] Strategy exact?, attempt 1/1
[2026-01-10 23:58:13] [INFO] Starting proof generation...
[2026-01-10 23:58:13] [INFO] Repository path: /root/repo
[2026-01-10 23:58:13] [INFO] Proof generation completed
[2026-01-10 23:58:13] [INFO] Generated proof:
[2026-01-10 23:58:13] [INFO] exact?
[2026-01-10 23:58:13] [INFO] Proof length: 6 chars
[2026-01-10 23:58:13] [INFO] Starting proof verification...
[2026-01-10 23:58:13] [INFO] Verifying at: CombinatorialGames/Surreal/HahnSeries/Surreal.lean:954
[2026-01-10 23:58:13] [INFO] Using LEAN INTERACT verify
[2026-01-10 23:58:13] [INFO] Checking file
[2026-01-10 23:58:45] [INFO] Cannot build modified file <error line="954" column="4">
<code_line>  · exact?</code_line>
<message>error: `exact?` could not close the goal. Try `apply?` to see partial suggestions.</message>
</error>
[2026-01-10 23:58:45] [INFO] Proof verification completed
[2026-01-10 23:58:45] [INFO] Strategy exact? attempt 1: verified=False
[2026-01-10 23:58:45] [INFO] Verification message: Cannot build modified file: <error line="954" column="4">
<code_line>  · exact?</code_line>
<message>error: `exact?` could not close the goal. Try `apply?` to see partial suggestions.</message>
</error>

[2026-01-10 23:58:45] [INFO] Attempt 1 failed verification, continuing...
[2026-01-10 23:58:45] [INFO] ========================================
[2026-01-10 23:58:45] [INFO] Trying strategy: grind (up to 1 attempts)
[2026-01-10 23:58:45] [INFO] --------------------
[2026-01-10 23:58:45] [INFO] Strategy grind, attempt 1/1
[2026-01-10 23:58:45] [INFO] Starting proof generation...
[2026-01-10 23:58:45] [INFO] Repository path: /root/repo
[2026-01-10 23:58:45] [INFO] Proof generation completed
[2026-01-10 23:58:45] [INFO] Generated proof:
[2026-01-10 23:58:45] [INFO] grind
[2026-01-10 23:58:45] [INFO] Proof length: 5 chars
[2026-01-10 23:58:45] [INFO] Starting proof verification...
[2026-01-10 23:58:45] [INFO] Verifying at: CombinatorialGames/Surreal/HahnSeries/Surreal.lean:954
[2026-01-10 23:58:45] [INFO] Using LEAN INTERACT verify
[2026-01-10 23:58:45] [INFO] Checking file
[2026-01-10 23:59:01] [INFO] Cannot build modified file <error line="954" column="4">
<code_line>  · grind</code_line>
<message>error: `grind` failed</message>
</error>
case grind
x : Surreal
y z : x.PartialSum
h : y < z
hz : IsSuccPrelimit z.length
h_1 : ¬ArchimedeanClass.mk (x - ↑(z.truncIdx y.length).carrier) < ArchimedeanClass.mk (x - ↑z.carrier)
⊢ False
[grind] Goal diagnostics
  [facts] Asserted facts
    [prop] y < z
    [prop] IsSuccPrelimit z.length
    [prop] ¬ArchimedeanClass.mk (x - ↑(z.truncIdx y.length).carrier) < ArchimedeanClass.mk (x - ↑z.carrier)
  [eqc] True propositions
    [prop] IsOrderedAddMonoid Surreal
    [prop] IsSuccPrelimit z.length
    [prop] y < z
  [eqc] False propositions
    [prop] ArchimedeanClass.mk (x - ↑(z.truncIdx y.length).carrier) < ArchimedeanClass.mk (x - ↑z.carrier)
  [ematch] E-matching patterns
    [thm] length_truncIdx: [@length #2 (@truncIdx #2 #1 #0)]
  [linarith] Linarith assignment for `Surreal`
    [assign] x := 0
    [assign] ↑z.carrier := 0
    [assign] ↑(z.truncIdx y.length).carrier := 0
[2026-01-10 23:59:01] [INFO] Proof verification completed
[2026-01-10 23:59:01] [INFO] Strategy grind attempt 1: verified=False
[2026-01-10 23:59:01] [INFO] Verification message: Cannot build modified file: <error line="954" column="4">
<code_line>  · grind</code_line>
<message>error: `grind` failed</message>
</error>
case grind
x : Surreal
y z : x.PartialSum
h : y < z
hz : IsSuccPrelimit z.length
h_1 : ¬ArchimedeanClass.mk (x - ↑(z.truncIdx y.length).carrier) < ArchimedeanClass.mk (x - ↑z.carrier)
⊢ False
[grind] Goal diagnostics
  [facts] Asserted facts
    [prop] y < z
    [prop] IsSuccPrelimit z.length
    [prop] ¬ArchimedeanClass.mk (x - ↑(z.truncIdx y.length).carrier) < ArchimedeanClass.mk (x - ↑z.carrier)
  [eqc] True propositions
    [prop] IsOrderedAddMonoid Surreal
    [prop] IsSuccPrelimit z.length
    [prop] y < z
  [eqc] False propositions
    [prop] ArchimedeanClass.mk (x - ↑(z.truncIdx y.length).carrier) < ArchimedeanClass.mk (x - ↑z.carrier)
  [ematch] E-matching patterns
    [thm] length_truncIdx: [@length #2 (@truncIdx #2 #1 #0)]
  [linarith] Linarith assignment for `Surreal`
    [assign] x := 0
    [assign] ↑z.carrier := 0
    [assign] ↑(z.truncIdx y.length).carrier := 0

[2026-01-10 23:59:01] [INFO] Attempt 1 failed verification, continuing...
[2026-01-10 23:59:01] [INFO] ========================================
[2026-01-10 23:59:01] [INFO] Trying strategy: ring (up to 1 attempts)
[2026-01-10 23:59:01] [INFO] --------------------
[2026-01-10 23:59:01] [INFO] Strategy ring, attempt 1/1
[2026-01-10 23:59:01] [INFO] Starting proof generation...
[2026-01-10 23:59:01] [INFO] Repository path: /root/repo
[2026-01-10 23:59:01] [INFO] Proof generation completed
[2026-01-10 23:59:01] [INFO] Generated proof:
[2026-01-10 23:59:01] [INFO] ring
[2026-01-10 23:59:01] [INFO] Proof length: 4 chars
[2026-01-10 23:59:01] [INFO] Starting proof verification...
[2026-01-10 23:59:01] [INFO] Verifying at: CombinatorialGames/Surreal/HahnSeries/Surreal.lean:954
[2026-01-10 23:59:01] [INFO] Using LEAN INTERACT verify
[2026-01-10 23:59:01] [INFO] Checking file
[2026-01-10 23:59:18] [INFO] Cannot build modified file Try this:
  [apply] ring_nf
  
  The `ring` tactic failed to close the goal. Use `ring_nf` to obtain a normal form.
    
  Note that `ring` works primarily in *commutative* rings. If you have a noncommutative ring, abelian group or module, consider using `noncomm_ring`, `abel` or `module` instead.
<error line="954" column="2">
<code_line>  · ring</code_line>
<message>error: unsolved goals</message>
</error>
case inr
x : Surreal
y z : x.PartialSum
h : y < z
hz : IsSuccPrelimit z.length
⊢ ArchimedeanClass.mk (x - ↑(z.truncIdx y.length).carrier) < ArchimedeanClass.mk (x - ↑z.carrier)
[2026-01-10 23:59:18] [INFO] Proof verification completed
[2026-01-10 23:59:18] [INFO] Strategy ring attempt 1: verified=False
[2026-01-10 23:59:18] [INFO] Verification message: Cannot build modified file: Try this:
  [apply] ring_nf
  
  The `ring` tactic failed to close the goal. Use `ring_nf` to obtain a normal form.
    
  Note that `ring` works primarily in *commutative* rings. If you have a noncommutative ring, abelian group or module, consider using `noncomm_ring`, `abel` or `module` instead.
<error line="954" column="2">
<code_line>  · ring</code_line>
<message>error: unsolved goals</message>
</error>
case inr
x : Surreal
y z : x.PartialSum
h : y < z
hz : IsSuccPrelimit z.length
⊢ ArchimedeanClass.mk (x - ↑(z.truncIdx y.length).carrier) < ArchimedeanClass.mk (x - ↑z.carrier)

[2026-01-10 23:59:18] [INFO] Attempt 1 failed verification, continuing...
[2026-01-10 23:59:18] [INFO] ========================================
[2026-01-10 23:59:18] [INFO] Trying strategy: norm_num (up to 1 attempts)
[2026-01-10 23:59:18] [INFO] --------------------
[2026-01-10 23:59:18] [INFO] Strategy norm_num, attempt 1/1
[2026-01-10 23:59:18] [INFO] Starting proof generation...
[2026-01-10 23:59:18] [INFO] Repository path: /root/repo
[2026-01-10 23:59:18] [INFO] Proof generation completed
[2026-01-10 23:59:18] [INFO] Generated proof:
[2026-01-10 23:59:18] [INFO] norm_num
[2026-01-10 23:59:18] [INFO] Proof length: 8 chars
[2026-01-10 23:59:18] [INFO] Starting proof verification...
[2026-01-10 23:59:18] [INFO] Verifying at: CombinatorialGames/Surreal/HahnSeries/Surreal.lean:954
[2026-01-10 23:59:18] [INFO] Using LEAN INTERACT verify
[2026-01-10 23:59:18] [INFO] Checking file
[2026-01-10 23:59:35] [INFO] Cannot build modified file <error line="954" column="2">
<code_line>  · norm_num</code_line>
<message>error: unsolved goals</message>
</error>
case inr
x : Surreal
y z : x.PartialSum
h : y < z
hz : IsSuccPrelimit z.length
⊢ ArchimedeanClass.mk (x - ↑(z.carrier.truncIdx y.length)) < ArchimedeanClass.mk (x - ↑z.carrier)
[2026-01-10 23:59:35] [INFO] Proof verification completed
[2026-01-10 23:59:35] [INFO] Strategy norm_num attempt 1: verified=False
[2026-01-10 23:59:35] [INFO] Verification message: Cannot build modified file: <error line="954" column="2">
<code_line>  · norm_num</code_line>
<message>error: unsolved goals</message>
</error>
case inr
x : Surreal
y z : x.PartialSum
h : y < z
hz : IsSuccPrelimit z.length
⊢ ArchimedeanClass.mk (x - ↑(z.carrier.truncIdx y.length)) < ArchimedeanClass.mk (x - ↑z.carrier)

[2026-01-10 23:59:35] [INFO] Attempt 1 failed verification, continuing...
[2026-01-10 23:59:35] [INFO] ========================================
[2026-01-10 23:59:35] [INFO] Trying strategy: omega (up to 1 attempts)
[2026-01-10 23:59:35] [INFO] --------------------
[2026-01-10 23:59:35] [INFO] Strategy omega, attempt 1/1
[2026-01-10 23:59:35] [INFO] Starting proof generation...
[2026-01-10 23:59:35] [INFO] Repository path: /root/repo
[2026-01-10 23:59:35] [INFO] Proof generation completed
[2026-01-10 23:59:35] [INFO] Generated proof:
[2026-01-10 23:59:35] [INFO] omega
[2026-01-10 23:59:35] [INFO] Proof length: 5 chars
[2026-01-10 23:59:35] [INFO] Starting proof verification...
[2026-01-10 23:59:35] [INFO] Verifying at: CombinatorialGames/Surreal/HahnSeries/Surreal.lean:954
[2026-01-10 23:59:35] [INFO] Using LEAN INTERACT verify
[2026-01-10 23:59:35] [INFO] Checking file
[2026-01-10 23:59:55] [INFO] Cannot build modified file <error line="954" column="4">
<code_line>  · omega</code_line>
<message>error: omega could not prove the goal:</message>
</error>
No usable constraints found. You may need to unfold definitions so `omega` can see linear arithmetic facts about `Nat` and `Int`, which may also involve multiplication, division, and modular remainder by constants.
[2026-01-10 23:59:55] [INFO] Proof verification completed
[2026-01-10 23:59:55] [INFO] Strategy omega attempt 1: verified=False
[2026-01-10 23:59:55] [INFO] Verification message: Cannot build modified file: <error line="954" column="4">
<code_line>  · omega</code_line>
<message>error: omega could not prove the goal:</message>
</error>
No usable constraints found. You may need to unfold definitions so `omega` can see linear arithmetic facts about `Nat` and `Int`, which may also involve multiplication, division, and modular remainder by constants.

[2026-01-10 23:59:55] [INFO] Attempt 1 failed verification, continuing...
[2026-01-10 23:59:55] [INFO] ========================================
[2026-01-10 23:59:55] [INFO] Trying strategy: linarith (up to 1 attempts)
[2026-01-10 23:59:55] [INFO] --------------------
[2026-01-10 23:59:55] [INFO] Strategy linarith, attempt 1/1
[2026-01-10 23:59:55] [INFO] Starting proof generation...
[2026-01-10 23:59:55] [INFO] Repository path: /root/repo
[2026-01-10 23:59:55] [INFO] Proof generation completed
[2026-01-10 23:59:55] [INFO] Generated proof:
[2026-01-10 23:59:55] [INFO] linarith
[2026-01-10 23:59:55] [INFO] Proof length: 8 chars
[2026-01-10 23:59:55] [INFO] Starting proof verification...
[2026-01-10 23:59:55] [INFO] Verifying at: CombinatorialGames/Surreal/HahnSeries/Surreal.lean:954
[2026-01-10 23:59:55] [INFO] Using LEAN INTERACT verify
[2026-01-10 23:59:56] [INFO] Checking file
[2026-01-11 00:00:13] [INFO] Cannot build modified file <error line="954" column="4">
<code_line>  · linarith</code_line>
<message>error: linarith failed to find a contradiction</message>
</error>
case inr.h
x : Surreal
y z : x.PartialSum
h : y < z
hz : IsSuccPrelimit z.length
a✝ : ArchimedeanClass.mk (x - ↑z.carrier) ≤ ArchimedeanClass.mk (x - ↑(z.truncIdx y.length).carrier)
⊢ False
failed
[2026-01-11 00:00:13] [INFO] Proof verification completed
[2026-01-11 00:00:13] [INFO] Strategy linarith attempt 1: verified=False
[2026-01-11 00:00:13] [INFO] Verification message: Cannot build modified file: <error line="954" column="4">
<code_line>  · linarith</code_line>
<message>error: linarith failed to find a contradiction</message>
</error>
case inr.h
x : Surreal
y z : x.PartialSum
h : y < z
hz : IsSuccPrelimit z.length
a✝ : ArchimedeanClass.mk (x - ↑z.carrier) ≤ ArchimedeanClass.mk (x - ↑(z.truncIdx y.length).carrier)
⊢ False
failed

[2026-01-11 00:00:13] [INFO] Attempt 1 failed verification, continuing...
[2026-01-11 00:00:13] [INFO] ========================================
[2026-01-11 00:00:13] [INFO] Trying strategy: nlinarith (up to 1 attempts)
[2026-01-11 00:00:13] [INFO] --------------------
[2026-01-11 00:00:13] [INFO] Strategy nlinarith, attempt 1/1
[2026-01-11 00:00:13] [INFO] Starting proof generation...
[2026-01-11 00:00:13] [INFO] Repository path: /root/repo
[2026-01-11 00:00:13] [INFO] Proof generation completed
[2026-01-11 00:00:13] [INFO] Generated proof:
[2026-01-11 00:00:13] [INFO] nlinarith
[2026-01-11 00:00:13] [INFO] Proof length: 9 chars
[2026-01-11 00:00:13] [INFO] Starting proof verification...
[2026-01-11 00:00:13] [INFO] Verifying at: CombinatorialGames/Surreal/HahnSeries/Surreal.lean:954
[2026-01-11 00:00:13] [INFO] Using LEAN INTERACT verify
[2026-01-11 00:00:13] [INFO] Checking file
[2026-01-11 00:00:29] [INFO] Cannot build modified file <error line="954" column="4">
<code_line>  · nlinarith</code_line>
<message>error: linarith failed to find a contradiction</message>
</error>
case inr.h
x : Surreal
y z : x.PartialSum
h : y < z
hz : IsSuccPrelimit z.length
a✝ : ArchimedeanClass.mk (x - ↑z.carrier) ≤ ArchimedeanClass.mk (x - ↑(z.truncIdx y.length).carrier)
⊢ False
failed
[2026-01-11 00:00:29] [INFO] Proof verification completed
[2026-01-11 00:00:29] [INFO] Strategy nlinarith attempt 1: verified=False
[2026-01-11 00:00:29] [INFO] Verification message: Cannot build modified file: <error line="954" column="4">
<code_line>  · nlinarith</code_line>
<message>error: linarith failed to find a contradiction</message>
</error>
case inr.h
x : Surreal
y z : x.PartialSum
h : y < z
hz : IsSuccPrelimit z.length
a✝ : ArchimedeanClass.mk (x - ↑z.carrier) ≤ ArchimedeanClass.mk (x - ↑(z.truncIdx y.length).carrier)
⊢ False
failed

[2026-01-11 00:00:29] [INFO] Attempt 1 failed verification, continuing...
[2026-01-11 00:00:29] [INFO] ========================================
[2026-01-11 00:00:29] [INFO] Trying strategy: aesop (up to 1 attempts)
[2026-01-11 00:00:29] [INFO] --------------------
[2026-01-11 00:00:29] [INFO] Strategy aesop, attempt 1/1
[2026-01-11 00:00:29] [INFO] Starting proof generation...
[2026-01-11 00:00:29] [INFO] Repository path: /root/repo
[2026-01-11 00:00:29] [INFO] Proof generation completed
[2026-01-11 00:00:29] [INFO] Generated proof:
[2026-01-11 00:00:29] [INFO] aesop
[2026-01-11 00:00:29] [INFO] Proof length: 5 chars
[2026-01-11 00:00:29] [INFO] Starting proof verification...
[2026-01-11 00:00:29] [INFO] Verifying at: CombinatorialGames/Surreal/HahnSeries/Surreal.lean:954
[2026-01-11 00:00:29] [INFO] Using LEAN INTERACT verify
[2026-01-11 00:00:29] [INFO] Checking file
[2026-01-11 00:00:46] [INFO] Cannot build modified file <error line="954" column="2">
<code_line>  · aesop</code_line>
<message>error: unsolved goals</message>
</error>
case inr
x : Surreal
y z : x.PartialSum
h : y < z
hz : IsSuccPrelimit z.length
⊢ ArchimedeanClass.mk (x - ↑(z.carrier.truncIdx y.length)) < ArchimedeanClass.mk (x - ↑z.carrier)
[2026-01-11 00:00:46] [INFO] Proof verification completed
[2026-01-11 00:00:46] [INFO] Strategy aesop attempt 1: verified=False
[2026-01-11 00:00:46] [INFO] Verification message: Cannot build modified file: <error line="954" column="2">
<code_line>  · aesop</code_line>
<message>error: unsolved goals</message>
</error>
case inr
x : Surreal
y z : x.PartialSum
h : y < z
hz : IsSuccPrelimit z.length
⊢ ArchimedeanClass.mk (x - ↑(z.carrier.truncIdx y.length)) < ArchimedeanClass.mk (x - ↑z.carrier)

[2026-01-11 00:00:46] [INFO] Attempt 1 failed verification, continuing...
[2026-01-11 00:00:46] [INFO] ========================================
[2026-01-11 00:00:46] [INFO] Pass@k completed. Total results: 1
[2026-01-11 00:00:46] [INFO] FAILED: All 11 strategies x 1 attempts
[2026-01-11 00:00:46] [INFO] Writing results to file: /root/repo/result.json
[2026-01-11 00:00:46] [INFO] Result file written successfully
[2026-01-11 00:00:46] [INFO] Results exported to: /root/repo/result.json
[2026-01-11 00:00:46] [INFO] run_morphcloud_local.py completed successfully

[2026-01-11 00:00:47] [process_single_sorry] Downloading result file...
[2026-01-11 00:00:47] [process_single_sorry] Downloaded result to intermediate_experiment_outputs_full_reservoir/multi_tactic/2026-01-10_20-46-34_multi_tactic/individual/6781be3dba4a2a6c78e29688672bc33253480ebfee48474a2847bb0442fba11e.json
[2026-01-11 00:00:49] [process_single_sorry] Instance context closed successfully
[2026-01-11 00:00:49] [process_single_sorry] Parsing result file...
[2026-01-11 00:00:49] [process_single_sorry] Successfully parsed result (list format, 1 results)
