[2026-01-10 23:42:02] [process_single_sorry] Starting for sorry 83a6a7d48bf6cd8a25c8b79b903509d083a726ed5b8339a6a83cc71c355d20e3
[2026-01-10 23:42:02] [process_single_sorry] Using snapshot: snapshot_ire6vwdr
[2026-01-10 23:42:02] [process_single_sorry] Repository: https://github.com/mo271/FormalBook@4acd53dd6e426c19498f1ea0bc58b758e8200340
[2026-01-10 23:42:02] [process_single_sorry] Instance name: FormalBook_4acd53dd6e42_multi_tactic_83a6a7d48bf6cd8a25c8b79b903509d083a726ed5b8339a6a83cc71c355d20e3
[2026-01-10 23:42:02] [process_single_sorry] Starting attempt 1/3
[2026-01-10 23:42:02] [process_single_sorry] Starting instance from snapshot...
[2026-01-10 23:42:06] [process_single_sorry] Instance started successfully: morphvm_j3gtstzl
[2026-01-10 23:42:06] [process_single_sorry] Creating .env file...
[2026-01-10 23:42:08] [process_single_sorry] .env file created (exit_code: 0)
[2026-01-10 23:42:08] [process_single_sorry] Executing agent command...
[2026-01-10 23:44:30] [process_single_sorry] Agent command completed (exit_code: 0)
[2026-01-10 23:44:30] [process_single_sorry] STDOUT:

Results JSON:
[
  {
    "sorry": {
      "repo": {
        "remote": "https://github.com/mo271/FormalBook",
        "branch": "main",
        "commit": "4acd53dd6e426c19498f1ea0bc58b758e8200340",
        "lean_version": "v4.27.0-rc1"
      },
      "location": {
        "path": "FormalBook/Chapter_02.lean",
        "start_line": 225,
        "start_column": 50,
        "end_line": 225,
        "end_column": 55
      },
      "debug_info": {
        "goal": "k n : ℕ\n⊢ n.choose k ≤ n ^ k / n.factorial ∧ n ^ k / n.factorial ≤ n ^ k / 2 ^ (k - 1)",
        "url": "https://github.com/mo271/FormalBook/blob/4acd53dd6e426c19498f1ea0bc58b758e8200340/FormalBook/Chapter_02.lean#L225"
      },
      "metadata": {
        "blame_email_hash": "ef3bc37f67e8",
        "blame_date": "2024-09-22T20:29:32+02:00",
        "inclusion_date": "2025-12-30T16:55:59.176214+00:00"
      },
      "id": "83a6a7d48bf6cd8a25c8b79b903509d083a726ed5b8339a6a83cc71c355d20e3"
    },
    "proof": null,
    "proof_verified": false,
    "feedback": null,
    "verification_message": "All 11 attempts failed (11 strategies x 1 attempts each)",
    "success": true,
    "error_type": null,
    "error_message": null,
    "strategy_name": "all_failed_k=1",
    "proof_attempts": [
      "rfl",
      "simp",
      "simp_all",
      "exact?",
      "grind",
      "ring",
      "norm_num",
      "omega",
      "linarith",
      "nlinarith",
      "aesop"
    ]
  }
]

[2026-01-10 23:44:30] [process_single_sorry] STDERR:
None of PyTorch, TensorFlow >= 2.0, or Flax have been found. Models won't be available and only tokenizers, configuration and file/data utilities can be used.
[2026-01-10 23:42:28] [INFO] ================================================================================
[2026-01-10 23:42:28] [INFO] Starting run_morphcloud_local.py
[2026-01-10 23:42:28] [INFO] ================================================================================
[2026-01-10 23:42:28] [INFO] Environment loaded
[2026-01-10 23:42:28] [INFO] Full command: /root/SorryDB/sorrydb/cli/run_morphcloud_local.py --repo-path /root/repo --sorry-json {"repo": {"remote": "https://github.com/mo271/FormalBook", "branch": "main", "commit": "4acd53dd6e426c19498f1ea0bc58b758e8200340", "lean_version": "v4.27.0-rc1"}, "location": {"path": "FormalBook/Chapter_02.lean", "start_line": 225, "start_column": 50, "end_line": 225, "end_column": 55}, "debug_info": {"goal": "k n : \u2115\n\u22a2 n.choose k \u2264 n ^ k / n.factorial \u2227 n ^ k / n.factorial \u2264 n ^ k / 2 ^ (k - 1)", "url": "https://github.com/mo271/FormalBook/blob/4acd53dd6e426c19498f1ea0bc58b758e8200340/FormalBook/Chapter_02.lean#L225"}, "metadata": {"blame_email_hash": "ef3bc37f67e8", "blame_date": "2024-09-22T20:29:32+02:00", "inclusion_date": "2025-12-30T16:55:59.176214+00:00"}, "id": "83a6a7d48bf6cd8a25c8b79b903509d083a726ed5b8339a6a83cc71c355d20e3"} --agent-strategy {"name": "multi_tactic", "args": {}}
[2026-01-10 23:42:28] [INFO] Arguments parsed: repo_path=/root/repo, output_path=/root/repo/result.json
[2026-01-10 23:42:28] [INFO] Strategy spec: {"name": "multi_tactic", "args": {}}...
[2026-01-10 23:42:28] [INFO] Loading sorry data...
[2026-01-10 23:42:28] [INFO] Parsing sorry from JSON string...
[2026-01-10 23:42:28] [INFO] Sorry data parsed from JSON string
[2026-01-10 23:42:28] [INFO] Creating strategy from spec...
[2026-01-10 23:42:28] [INFO] Parsing strategy spec (length: 36 chars)
[2026-01-10 23:42:28] [INFO] Strategy name: multi_tactic
[2026-01-10 23:42:28] [INFO] Strategy args: {}
[2026-01-10 23:42:28] [INFO] Pass@k value: 1
[2026-01-10 23:42:28] [INFO] Creating strategy: multi_tactic
[2026-01-10 23:42:28] [INFO] Creating multi_tactic strategy with tactics: ['rfl', 'simp', 'simp_all', 'exact?', 'grind', 'ring', 'norm_num', 'omega', 'linarith', 'nlinarith', 'aesop']
[2026-01-10 23:42:28] [INFO] Strategies created: ['rfl', 'simp', 'simp_all', 'exact?', 'grind', 'ring', 'norm_num', 'omega', 'linarith', 'nlinarith', 'aesop']
[2026-01-10 23:42:28] [INFO] Pass@k value: 1
[2026-01-10 23:42:28] [INFO] Creating Sorry object...
[2026-01-10 23:42:28] [INFO] Sorry object created: id=83a6a7d48bf6cd8a25c8b79b903509d083a726ed5b8339a6a83cc71c355d20e3
[2026-01-10 23:42:28] [INFO] Sorry location: FormalBook/Chapter_02.lean:225
[2026-01-10 23:42:28] [INFO] Context before sorry (lines 220-225):
[2026-01-10 23:42:28] [INFO]   220: theorem bound_factorial {n : ℕ} :
[2026-01-10 23:42:28] [INFO]   221:   n.factorial < e*(n / e)^n := by sorry
[2026-01-10 23:42:28] [INFO]   222: 
[2026-01-10 23:42:28] [INFO]   223: theorem bound_binomial_coeff {k n : ℕ} :
[2026-01-10 23:42:28] [INFO]   224:   Nat.choose n k ≤ n ^ k / n.factorial ∧
[2026-01-10 23:42:28] [INFO]   225:   n ^ k / n.factorial ≤ n ^ k / 2 ^ (k - 1) := by sorry
[2026-01-10 23:42:28] [INFO] Sorry line:   n ^ k / n.factorial ≤ n ^ k / 2 ^ (k - 1) := by sorry
[2026-01-10 23:42:28] [INFO] Sorry goal: k n : ℕ
⊢ n.choose k ≤ n ^ k / n.factorial ∧ n ^ k / n.factorial ≤ n ^ k / 2 ^ (k - 1)...
[2026-01-10 23:42:28] [INFO] ========================================
[2026-01-10 23:42:28] [INFO] Trying strategy: rfl (up to 1 attempts)
[2026-01-10 23:42:28] [INFO] --------------------
[2026-01-10 23:42:28] [INFO] Strategy rfl, attempt 1/1
[2026-01-10 23:42:28] [INFO] Starting proof generation...
[2026-01-10 23:42:28] [INFO] Repository path: /root/repo
[2026-01-10 23:42:28] [INFO] Proof generation completed
[2026-01-10 23:42:28] [INFO] Generated proof:
[2026-01-10 23:42:28] [INFO] rfl
[2026-01-10 23:42:28] [INFO] Proof length: 3 chars
[2026-01-10 23:42:28] [INFO] Starting proof verification...
[2026-01-10 23:42:28] [INFO] Verifying at: FormalBook/Chapter_02.lean:225
[2026-01-10 23:42:28] [INFO] Using LEAN INTERACT verify
[2026-01-10 23:42:28] [INFO] Checking file
[2026-01-10 23:43:15] [INFO] Cannot build modified file <error line="225" column="50">
<code_line>  n ^ k / n.factorial ≤ n ^ k / 2 ^ (k - 1) := by rfl</code_line>
<message>error: Tactic `rfl` failed: The left-hand side</message>
</error>
  n.choose k ≤ n ^ k / n !
is not definitionally equal to the right-hand side
  n ^ k / n ! ≤ n ^ k / 2 ^ (k - 1)

k n : ℕ
⊢ n.choose k ≤ n ^ k / n ! ∧ n ^ k / n ! ≤ n ^ k / 2 ^ (k - 1)
[2026-01-10 23:43:15] [INFO] Proof verification completed
[2026-01-10 23:43:15] [INFO] Strategy rfl attempt 1: verified=False
[2026-01-10 23:43:15] [INFO] Verification message: Cannot build modified file: <error line="225" column="50">
<code_line>  n ^ k / n.factorial ≤ n ^ k / 2 ^ (k - 1) := by rfl</code_line>
<message>error: Tactic `rfl` failed: The left-hand side</message>
</error>
  n.choose k ≤ n ^ k / n !
is not definitionally equal to the right-hand side
  n ^ k / n ! ≤ n ^ k / 2 ^ (k - 1)

k n : ℕ
⊢ n.choose k ≤ n ^ k / n ! ∧ n ^ k / n ! ≤ n ^ k / 2 ^ (k - 1)

[2026-01-10 23:43:15] [INFO] Attempt 1 failed verification, continuing...
[2026-01-10 23:43:15] [INFO] ========================================
[2026-01-10 23:43:15] [INFO] Trying strategy: simp (up to 1 attempts)
[2026-01-10 23:43:15] [INFO] --------------------
[2026-01-10 23:43:15] [INFO] Strategy simp, attempt 1/1
[2026-01-10 23:43:15] [INFO] Starting proof generation...
[2026-01-10 23:43:15] [INFO] Repository path: /root/repo
[2026-01-10 23:43:15] [INFO] Proof generation completed
[2026-01-10 23:43:15] [INFO] Generated proof:
[2026-01-10 23:43:15] [INFO] simp
[2026-01-10 23:43:15] [INFO] Proof length: 4 chars
[2026-01-10 23:43:15] [INFO] Starting proof verification...
[2026-01-10 23:43:15] [INFO] Verifying at: FormalBook/Chapter_02.lean:225
[2026-01-10 23:43:15] [INFO] Using LEAN INTERACT verify
[2026-01-10 23:43:15] [INFO] Checking file
[2026-01-10 23:43:22] [INFO] Cannot build modified file <error line="225" column="50">
<code_line>  n ^ k / n.factorial ≤ n ^ k / 2 ^ (k - 1) := by simp</code_line>
<message>error: `simp` made no progress</message>
</error>
[2026-01-10 23:43:22] [INFO] Proof verification completed
[2026-01-10 23:43:22] [INFO] Strategy simp attempt 1: verified=False
[2026-01-10 23:43:22] [INFO] Verification message: Cannot build modified file: <error line="225" column="50">
<code_line>  n ^ k / n.factorial ≤ n ^ k / 2 ^ (k - 1) := by simp</code_line>
<message>error: `simp` made no progress</message>
</error>

[2026-01-10 23:43:22] [INFO] Attempt 1 failed verification, continuing...
[2026-01-10 23:43:22] [INFO] ========================================
[2026-01-10 23:43:22] [INFO] Trying strategy: simp_all (up to 1 attempts)
[2026-01-10 23:43:22] [INFO] --------------------
[2026-01-10 23:43:22] [INFO] Strategy simp_all, attempt 1/1
[2026-01-10 23:43:22] [INFO] Starting proof generation...
[2026-01-10 23:43:22] [INFO] Repository path: /root/repo
[2026-01-10 23:43:22] [INFO] Proof generation completed
[2026-01-10 23:43:22] [INFO] Generated proof:
[2026-01-10 23:43:22] [INFO] simp_all
[2026-01-10 23:43:22] [INFO] Proof length: 8 chars
[2026-01-10 23:43:22] [INFO] Starting proof verification...
[2026-01-10 23:43:22] [INFO] Verifying at: FormalBook/Chapter_02.lean:225
[2026-01-10 23:43:22] [INFO] Using LEAN INTERACT verify
[2026-01-10 23:43:22] [INFO] Checking file
[2026-01-10 23:43:28] [INFO] Cannot build modified file <error line="225" column="50">
<code_line>  n ^ k / n.factorial ≤ n ^ k / 2 ^ (k - 1) := by simp_all</code_line>
<message>error: simp_all made no progress</message>
</error>
[2026-01-10 23:43:28] [INFO] Proof verification completed
[2026-01-10 23:43:28] [INFO] Strategy simp_all attempt 1: verified=False
[2026-01-10 23:43:28] [INFO] Verification message: Cannot build modified file: <error line="225" column="50">
<code_line>  n ^ k / n.factorial ≤ n ^ k / 2 ^ (k - 1) := by simp_all</code_line>
<message>error: simp_all made no progress</message>
</error>

[2026-01-10 23:43:28] [INFO] Attempt 1 failed verification, continuing...
[2026-01-10 23:43:28] [INFO] ========================================
[2026-01-10 23:43:28] [INFO] Trying strategy: exact? (up to 1 attempts)
[2026-01-10 23:43:28] [INFO] --------------------
[2026-01-10 23:43:28] [INFO] Strategy exact?, attempt 1/1
[2026-01-10 23:43:28] [INFO] Starting proof generation...
[2026-01-10 23:43:28] [INFO] Repository path: /root/repo
[2026-01-10 23:43:28] [INFO] Proof generation completed
[2026-01-10 23:43:28] [INFO] Generated proof:
[2026-01-10 23:43:28] [INFO] exact?
[2026-01-10 23:43:28] [INFO] Proof length: 6 chars
[2026-01-10 23:43:28] [INFO] Starting proof verification...
[2026-01-10 23:43:28] [INFO] Verifying at: FormalBook/Chapter_02.lean:225
[2026-01-10 23:43:28] [INFO] Using LEAN INTERACT verify
[2026-01-10 23:43:28] [INFO] Checking file
[2026-01-10 23:43:43] [INFO] Cannot build modified file <error line="225" column="50">
<code_line>  n ^ k / n.factorial ≤ n ^ k / 2 ^ (k - 1) := by exact?</code_line>
<message>error: `exact?` could not close the goal. Try `apply?` to see partial suggestions.</message>
</error>
[2026-01-10 23:43:43] [INFO] Proof verification completed
[2026-01-10 23:43:43] [INFO] Strategy exact? attempt 1: verified=False
[2026-01-10 23:43:43] [INFO] Verification message: Cannot build modified file: <error line="225" column="50">
<code_line>  n ^ k / n.factorial ≤ n ^ k / 2 ^ (k - 1) := by exact?</code_line>
<message>error: `exact?` could not close the goal. Try `apply?` to see partial suggestions.</message>
</error>

[2026-01-10 23:43:43] [INFO] Attempt 1 failed verification, continuing...
[2026-01-10 23:43:43] [INFO] ========================================
[2026-01-10 23:43:43] [INFO] Trying strategy: grind (up to 1 attempts)
[2026-01-10 23:43:43] [INFO] --------------------
[2026-01-10 23:43:43] [INFO] Strategy grind, attempt 1/1
[2026-01-10 23:43:43] [INFO] Starting proof generation...
[2026-01-10 23:43:43] [INFO] Repository path: /root/repo
[2026-01-10 23:43:43] [INFO] Proof generation completed
[2026-01-10 23:43:43] [INFO] Generated proof:
[2026-01-10 23:43:43] [INFO] grind
[2026-01-10 23:43:43] [INFO] Proof length: 5 chars
[2026-01-10 23:43:43] [INFO] Starting proof verification...
[2026-01-10 23:43:43] [INFO] Verifying at: FormalBook/Chapter_02.lean:225
[2026-01-10 23:43:43] [INFO] Using LEAN INTERACT verify
[2026-01-10 23:43:43] [INFO] Checking file
[2026-01-10 23:43:49] [INFO] Cannot build modified file <error line="225" column="50">
<code_line>  n ^ k / n.factorial ≤ n ^ k / 2 ^ (k - 1) := by grind</code_line>
<message>error: `grind` failed</message>
</error>
case grind.1.1
k n : ℕ
h_1 : -1 * ↑k + 1 ≤ 0
h_2 : n ^ k / n ! + 1 ≤ n.choose k
⊢ False
[grind] Goal diagnostics
  [facts] Asserted facts
    [prop] n ^ k / n ! + 1 ≤ n.choose k ∨ n ^ k / 2 ^ (k - 1) + 1 ≤ n ^ k / n !
    [prop] ↑(k - 1) = if -1 * ↑k + 1 ≤ 0 then ↑k + -1 else 0
    [prop] 1 ≤ 2 ^ (k - 1)
    [prop] -1 * ↑k + 1 ≤ 0
    [prop] n ^ k / n ! + 1 ≤ n.choose k
  [eqc] True propositions
    [prop] n ^ k / n ! + 1 ≤ n.choose k ∨ n ^ k / 2 ^ (k - 1) + 1 ≤ n ^ k / n !
    [prop] -1 * ↑k + 1 ≤ 0
    [prop] n ^ k / n ! + 1 ≤ n.choose k
    [prop] 1 ≤ 2 ^ (k - 1)
  [eqc] Equivalence classes
    [eqc] others
      [eqc] {↑(k - 1), if -1 * ↑k + 1 ≤ 0 then ↑k + -1 else 0, ↑k + -1}
  [cases] Case analyses
    [cases] [1/2]: if -1 * ↑k + 1 ≤ 0 then ↑k + -1 else 0
      [cases] source: Initial goal
    [cases] [1/2]: n ^ k / n ! + 1 ≤ n.choose k ∨ n ^ k / 2 ^ (k - 1) + 1 ≤ n ^ k / n !
      [cases] source: Initial goal
  [ematch] E-matching patterns
    [thm] Nat.pow_pos: [@HPow.hPow `[ℕ] `[ℕ] `[ℕ] `[instHPow] #2 #1]
    [thm] div_pow_of_pos: [@HPow.hPow `[ℕ] `[ℕ] `[ℕ] `[instHPow] #2 #1]
  [cutsat] Assignment satisfying linear constraints
    [assign] k := 1
    [assign] n := 0
    [assign] n ! := 0
    [assign] n.choose k := 1
    [assign] 「↑n ^ k」 := 0
    [assign] 「2 ^ (k - 1)」 := 1
    [assign] 「n ^ k」 := 0
    [assign] 「2 ^ (k - 1)」 := 1
  [ring] Ring `ℤ`
    [basis] Basis
      [_] ↑k + -1 * ↑(k - 1) + -1 = 0
[grind] Issues
  [issue] ring term with unexpected instance
        ↑n ^ k
  [issue] ring term with unexpected instance
        ↑n ^ k
  [issue] ring term with unexpected instance
        2 ^ (k - 1)
  [issue] ring term with unexpected instance
        2 ^ (k - 1)
  [issue] ring term with unexpected instance
        2 ^ (k - 1)
[grind] Diagnostics
  [thm] E-Matching instances
    [thm] Nat.pow_pos ↦ 1
[2026-01-10 23:43:49] [INFO] Proof verification completed
[2026-01-10 23:43:49] [INFO] Strategy grind attempt 1: verified=False
[2026-01-10 23:43:49] [INFO] Verification message: Cannot build modified file: <error line="225" column="50">
<code_line>  n ^ k / n.factorial ≤ n ^ k / 2 ^ (k - 1) := by grind</code_line>
<message>error: `grind` failed</message>
</error>
case grind.1.1
k n : ℕ
h_1 : -1 * ↑k + 1 ≤ 0
h_2 : n ^ k / n ! + 1 ≤ n.choose k
⊢ False
[grind] Goal diagnostics
  [facts] Asserted facts
    [prop] n ^ k / n ! + 1 ≤ n.choose k ∨ n ^ k / 2 ^ (k - 1) + 1 ≤ n ^ k / n !
    [prop] ↑(k - 1) = if -1 * ↑k + 1 ≤ 0 then ↑k + -1 else 0
    [prop] 1 ≤ 2 ^ (k - 1)
    [prop] -1 * ↑k + 1 ≤ 0
    [prop] n ^ k / n ! + 1 ≤ n.choose k
  [eqc] True propositions
    [prop] n ^ k / n ! + 1 ≤ n.choose k ∨ n ^ k / 2 ^ (k - 1) + 1 ≤ n ^ k / n !
    [prop] -1 * ↑k + 1 ≤ 0
    [prop] n ^ k / n ! + 1 ≤ n.choose k
    [prop] 1 ≤ 2 ^ (k - 1)
  [eqc] Equivalence classes
    [eqc] others
      [eqc] {↑(k - 1), if -1 * ↑k + 1 ≤ 0 then ↑k + -1 else 0, ↑k + -1}
  [cases] Case analyses
    [cases] [1/2]: if -1 * ↑k + 1 ≤ 0 then ↑k + -1 else 0
      [cases] source: Initial goal
    [cases] [1/2]: n ^ k / n ! + 1 ≤ n.choose k ∨ n ^ k / 2 ^ (k - 1) + 1 ≤ n ^ k / n !
      [cases] source: Initial goal
  [ematch] E-matching patterns
    [thm] Nat.pow_pos: [@HPow.hPow `[ℕ] `[ℕ] `[ℕ] `[instHPow] #2 #1]
    [thm] div_pow_of_pos: [@HPow.hPow `[ℕ] `[ℕ] `[ℕ] `[instHPow] #2 #1]
  [cutsat] Assignment satisfying linear constraints
    [assign] k := 1
    [assign] n := 0
    [assign] n ! := 0
    [assign] n.choose k := 1
    [assign] 「↑n ^ k」 := 0
    [assign] 「2 ^ (k - 1)」 := 1
    [assign] 「n ^ k」 := 0
    [assign] 「2 ^ (k - 1)」 := 1
  [ring] Ring `ℤ`
    [basis] Basis
      [_] ↑k + -1 * ↑(k - 1) + -1 = 0
[grind] Issues
  [issue] ring term with unexpected instance
        ↑n ^ k
  [issue] ring term with unexpected instance
        ↑n ^ k
  [issue] ring term with unexpected instance
        2 ^ (k - 1)
  [issue] ring term with unexpected instance
        2 ^ (k - 1)
  [issue] ring term with unexpected instance
        2 ^ (k - 1)
[grind] Diagnostics
  [thm] E-Matching instances
    [thm] Nat.pow_pos ↦ 1

[2026-01-10 23:43:49] [INFO] Attempt 1 failed verification, continuing...
[2026-01-10 23:43:49] [INFO] ========================================
[2026-01-10 23:43:49] [INFO] Trying strategy: ring (up to 1 attempts)
[2026-01-10 23:43:49] [INFO] --------------------
[2026-01-10 23:43:49] [INFO] Strategy ring, attempt 1/1
[2026-01-10 23:43:49] [INFO] Starting proof generation...
[2026-01-10 23:43:49] [INFO] Repository path: /root/repo
[2026-01-10 23:43:49] [INFO] Proof generation completed
[2026-01-10 23:43:49] [INFO] Generated proof:
[2026-01-10 23:43:49] [INFO] ring
[2026-01-10 23:43:49] [INFO] Proof length: 4 chars
[2026-01-10 23:43:49] [INFO] Starting proof verification...
[2026-01-10 23:43:49] [INFO] Verifying at: FormalBook/Chapter_02.lean:225
[2026-01-10 23:43:49] [INFO] Using LEAN INTERACT verify
[2026-01-10 23:43:49] [INFO] Checking file
[2026-01-10 23:43:56] [INFO] Cannot build modified file Try this:
  [apply] ring_nf
  
  The `ring` tactic failed to close the goal. Use `ring_nf` to obtain a normal form.
    
  Note that `ring` works primarily in *commutative* rings. If you have a noncommutative ring, abelian group or module, consider using `noncomm_ring`, `abel` or `module` instead.
<error line="225" column="47">
<code_line>  n ^ k / n.factorial ≤ n ^ k / 2 ^ (k - 1) := by ring</code_line>
<message>error: unsolved goals</message>
</error>
k n : ℕ
⊢ n.choose k ≤ n ^ k / n ! ∧ n ^ k / n ! ≤ n ^ k / 2 ^ (k - 1)
[2026-01-10 23:43:56] [INFO] Proof verification completed
[2026-01-10 23:43:56] [INFO] Strategy ring attempt 1: verified=False
[2026-01-10 23:43:56] [INFO] Verification message: Cannot build modified file: Try this:
  [apply] ring_nf
  
  The `ring` tactic failed to close the goal. Use `ring_nf` to obtain a normal form.
    
  Note that `ring` works primarily in *commutative* rings. If you have a noncommutative ring, abelian group or module, consider using `noncomm_ring`, `abel` or `module` instead.
<error line="225" column="47">
<code_line>  n ^ k / n.factorial ≤ n ^ k / 2 ^ (k - 1) := by ring</code_line>
<message>error: unsolved goals</message>
</error>
k n : ℕ
⊢ n.choose k ≤ n ^ k / n ! ∧ n ^ k / n ! ≤ n ^ k / 2 ^ (k - 1)

[2026-01-10 23:43:56] [INFO] Attempt 1 failed verification, continuing...
[2026-01-10 23:43:56] [INFO] ========================================
[2026-01-10 23:43:56] [INFO] Trying strategy: norm_num (up to 1 attempts)
[2026-01-10 23:43:56] [INFO] --------------------
[2026-01-10 23:43:56] [INFO] Strategy norm_num, attempt 1/1
[2026-01-10 23:43:56] [INFO] Starting proof generation...
[2026-01-10 23:43:56] [INFO] Repository path: /root/repo
[2026-01-10 23:43:56] [INFO] Proof generation completed
[2026-01-10 23:43:56] [INFO] Generated proof:
[2026-01-10 23:43:56] [INFO] norm_num
[2026-01-10 23:43:56] [INFO] Proof length: 8 chars
[2026-01-10 23:43:56] [INFO] Starting proof verification...
[2026-01-10 23:43:56] [INFO] Verifying at: FormalBook/Chapter_02.lean:225
[2026-01-10 23:43:56] [INFO] Using LEAN INTERACT verify
[2026-01-10 23:43:56] [INFO] Checking file
[2026-01-10 23:44:02] [INFO] Cannot build modified file <error line="225" column="47">
<code_line>  n ^ k / n.factorial ≤ n ^ k / 2 ^ (k - 1) := by norm_num</code_line>
<message>error: unsolved goals</message>
</error>
k n : ℕ
⊢ n.choose k ≤ n ^ k / n ! ∧ n ^ k / n ! ≤ n ^ k / 2 ^ (k - 1)
[2026-01-10 23:44:02] [INFO] Proof verification completed
[2026-01-10 23:44:02] [INFO] Strategy norm_num attempt 1: verified=False
[2026-01-10 23:44:02] [INFO] Verification message: Cannot build modified file: <error line="225" column="47">
<code_line>  n ^ k / n.factorial ≤ n ^ k / 2 ^ (k - 1) := by norm_num</code_line>
<message>error: unsolved goals</message>
</error>
k n : ℕ
⊢ n.choose k ≤ n ^ k / n ! ∧ n ^ k / n ! ≤ n ^ k / 2 ^ (k - 1)

[2026-01-10 23:44:02] [INFO] Attempt 1 failed verification, continuing...
[2026-01-10 23:44:02] [INFO] ========================================
[2026-01-10 23:44:02] [INFO] Trying strategy: omega (up to 1 attempts)
[2026-01-10 23:44:02] [INFO] --------------------
[2026-01-10 23:44:02] [INFO] Strategy omega, attempt 1/1
[2026-01-10 23:44:02] [INFO] Starting proof generation...
[2026-01-10 23:44:02] [INFO] Repository path: /root/repo
[2026-01-10 23:44:02] [INFO] Proof generation completed
[2026-01-10 23:44:02] [INFO] Generated proof:
[2026-01-10 23:44:02] [INFO] omega
[2026-01-10 23:44:02] [INFO] Proof length: 5 chars
[2026-01-10 23:44:02] [INFO] Starting proof verification...
[2026-01-10 23:44:02] [INFO] Verifying at: FormalBook/Chapter_02.lean:225
[2026-01-10 23:44:02] [INFO] Using LEAN INTERACT verify
[2026-01-10 23:44:02] [INFO] Checking file
[2026-01-10 23:44:09] [INFO] Cannot build modified file <error line="225" column="50">
<code_line>  n ^ k / n.factorial ≤ n ^ k / 2 ^ (k - 1) := by omega</code_line>
<message>error: omega could not prove the goal:</message>
</error>
a possible counterexample may satisfy the constraints
  a ≥ 0
  a - b ≥ 1
where
 a := ↑(n.choose k)
 b := ↑(n ^ k) / ↑n !
[2026-01-10 23:44:09] [INFO] Proof verification completed
[2026-01-10 23:44:09] [INFO] Strategy omega attempt 1: verified=False
[2026-01-10 23:44:09] [INFO] Verification message: Cannot build modified file: <error line="225" column="50">
<code_line>  n ^ k / n.factorial ≤ n ^ k / 2 ^ (k - 1) := by omega</code_line>
<message>error: omega could not prove the goal:</message>
</error>
a possible counterexample may satisfy the constraints
  a ≥ 0
  a - b ≥ 1
where
 a := ↑(n.choose k)
 b := ↑(n ^ k) / ↑n !

[2026-01-10 23:44:09] [INFO] Attempt 1 failed verification, continuing...
[2026-01-10 23:44:09] [INFO] ========================================
[2026-01-10 23:44:09] [INFO] Trying strategy: linarith (up to 1 attempts)
[2026-01-10 23:44:09] [INFO] --------------------
[2026-01-10 23:44:09] [INFO] Strategy linarith, attempt 1/1
[2026-01-10 23:44:09] [INFO] Starting proof generation...
[2026-01-10 23:44:09] [INFO] Repository path: /root/repo
[2026-01-10 23:44:09] [INFO] Proof generation completed
[2026-01-10 23:44:09] [INFO] Generated proof:
[2026-01-10 23:44:09] [INFO] linarith
[2026-01-10 23:44:09] [INFO] Proof length: 8 chars
[2026-01-10 23:44:09] [INFO] Starting proof verification...
[2026-01-10 23:44:09] [INFO] Verifying at: FormalBook/Chapter_02.lean:225
[2026-01-10 23:44:09] [INFO] Using LEAN INTERACT verify
[2026-01-10 23:44:09] [INFO] Checking file
[2026-01-10 23:44:16] [INFO] Cannot build modified file <error line="225" column="50">
<code_line>  n ^ k / n.factorial ≤ n ^ k / 2 ^ (k - 1) := by linarith</code_line>
<message>error: linarith failed to find a contradiction</message>
</error>
k n : ℕ
⊢ False
failed
[2026-01-10 23:44:16] [INFO] Proof verification completed
[2026-01-10 23:44:16] [INFO] Strategy linarith attempt 1: verified=False
[2026-01-10 23:44:16] [INFO] Verification message: Cannot build modified file: <error line="225" column="50">
<code_line>  n ^ k / n.factorial ≤ n ^ k / 2 ^ (k - 1) := by linarith</code_line>
<message>error: linarith failed to find a contradiction</message>
</error>
k n : ℕ
⊢ False
failed

[2026-01-10 23:44:16] [INFO] Attempt 1 failed verification, continuing...
[2026-01-10 23:44:16] [INFO] ========================================
[2026-01-10 23:44:16] [INFO] Trying strategy: nlinarith (up to 1 attempts)
[2026-01-10 23:44:16] [INFO] --------------------
[2026-01-10 23:44:16] [INFO] Strategy nlinarith, attempt 1/1
[2026-01-10 23:44:16] [INFO] Starting proof generation...
[2026-01-10 23:44:16] [INFO] Repository path: /root/repo
[2026-01-10 23:44:16] [INFO] Proof generation completed
[2026-01-10 23:44:16] [INFO] Generated proof:
[2026-01-10 23:44:16] [INFO] nlinarith
[2026-01-10 23:44:16] [INFO] Proof length: 9 chars
[2026-01-10 23:44:16] [INFO] Starting proof verification...
[2026-01-10 23:44:16] [INFO] Verifying at: FormalBook/Chapter_02.lean:225
[2026-01-10 23:44:16] [INFO] Using LEAN INTERACT verify
[2026-01-10 23:44:16] [INFO] Checking file
[2026-01-10 23:44:23] [INFO] Cannot build modified file <error line="225" column="50">
<code_line>  n ^ k / n.factorial ≤ n ^ k / 2 ^ (k - 1) := by nlinarith</code_line>
<message>error: linarith failed to find a contradiction</message>
</error>
k n : ℕ
⊢ False
failed
[2026-01-10 23:44:23] [INFO] Proof verification completed
[2026-01-10 23:44:23] [INFO] Strategy nlinarith attempt 1: verified=False
[2026-01-10 23:44:23] [INFO] Verification message: Cannot build modified file: <error line="225" column="50">
<code_line>  n ^ k / n.factorial ≤ n ^ k / 2 ^ (k - 1) := by nlinarith</code_line>
<message>error: linarith failed to find a contradiction</message>
</error>
k n : ℕ
⊢ False
failed

[2026-01-10 23:44:23] [INFO] Attempt 1 failed verification, continuing...
[2026-01-10 23:44:23] [INFO] ========================================
[2026-01-10 23:44:23] [INFO] Trying strategy: aesop (up to 1 attempts)
[2026-01-10 23:44:23] [INFO] --------------------
[2026-01-10 23:44:23] [INFO] Strategy aesop, attempt 1/1
[2026-01-10 23:44:23] [INFO] Starting proof generation...
[2026-01-10 23:44:23] [INFO] Repository path: /root/repo
[2026-01-10 23:44:23] [INFO] Proof generation completed
[2026-01-10 23:44:23] [INFO] Generated proof:
[2026-01-10 23:44:23] [INFO] aesop
[2026-01-10 23:44:23] [INFO] Proof length: 5 chars
[2026-01-10 23:44:23] [INFO] Starting proof verification...
[2026-01-10 23:44:23] [INFO] Verifying at: FormalBook/Chapter_02.lean:225
[2026-01-10 23:44:23] [INFO] Using LEAN INTERACT verify
[2026-01-10 23:44:23] [INFO] Checking file
[2026-01-10 23:44:29] [INFO] Cannot build modified file <error line="225" column="47">
<code_line>  n ^ k / n.factorial ≤ n ^ k / 2 ^ (k - 1) := by aesop</code_line>
<message>error: unsolved goals</message>
</error>
case left
k n : ℕ
⊢ n.choose k ≤ n ^ k / n !

case right
k n : ℕ
⊢ n ^ k / n ! ≤ n ^ k / 2 ^ (k - 1)
[2026-01-10 23:44:29] [INFO] Proof verification completed
[2026-01-10 23:44:29] [INFO] Strategy aesop attempt 1: verified=False
[2026-01-10 23:44:29] [INFO] Verification message: Cannot build modified file: <error line="225" column="47">
<code_line>  n ^ k / n.factorial ≤ n ^ k / 2 ^ (k - 1) := by aesop</code_line>
<message>error: unsolved goals</message>
</error>
case left
k n : ℕ
⊢ n.choose k ≤ n ^ k / n !

case right
k n : ℕ
⊢ n ^ k / n ! ≤ n ^ k / 2 ^ (k - 1)

[2026-01-10 23:44:29] [INFO] Attempt 1 failed verification, continuing...
[2026-01-10 23:44:29] [INFO] ========================================
[2026-01-10 23:44:29] [INFO] Pass@k completed. Total results: 1
[2026-01-10 23:44:29] [INFO] FAILED: All 11 strategies x 1 attempts
[2026-01-10 23:44:29] [INFO] Writing results to file: /root/repo/result.json
[2026-01-10 23:44:29] [INFO] Result file written successfully
[2026-01-10 23:44:29] [INFO] Results exported to: /root/repo/result.json
[2026-01-10 23:44:29] [INFO] run_morphcloud_local.py completed successfully

[2026-01-10 23:44:30] [process_single_sorry] Downloading result file...
[2026-01-10 23:44:31] [process_single_sorry] Downloaded result to intermediate_experiment_outputs_full_reservoir/multi_tactic/2026-01-10_20-46-34_multi_tactic/individual/83a6a7d48bf6cd8a25c8b79b903509d083a726ed5b8339a6a83cc71c355d20e3.json
[2026-01-10 23:44:33] [process_single_sorry] Instance context closed successfully
[2026-01-10 23:44:33] [process_single_sorry] Parsing result file...
[2026-01-10 23:44:33] [process_single_sorry] Successfully parsed result (list format, 1 results)
