[2026-01-10 22:55:56] [process_single_sorry] Starting for sorry 90af14ecf24cb5f2afd4ead25012a0c97bc7b992c3b4fbd27631675b7af08fb3
[2026-01-10 22:55:56] [process_single_sorry] Using snapshot: snapshot_g3ptwf3b
[2026-01-10 22:55:56] [process_single_sorry] Repository: https://github.com/dagurtomas/LeanCondensed@de8a2f66d0863c0d1b4355aa6743fd228462d7df
[2026-01-10 22:55:56] [process_single_sorry] Instance name: LeanCondensed_de8a2f66d086_multi_tactic_90af14ecf24cb5f2afd4ead25012a0c97bc7b992c3b4fbd27631675b7af08fb3
[2026-01-10 22:55:56] [process_single_sorry] Starting attempt 1/3
[2026-01-10 22:55:56] [process_single_sorry] Starting instance from snapshot...
[2026-01-10 22:56:02] [process_single_sorry] Instance started successfully: morphvm_ofkvjch5
[2026-01-10 22:56:02] [process_single_sorry] Creating .env file...
[2026-01-10 22:56:04] [process_single_sorry] .env file created (exit_code: 0)
[2026-01-10 22:56:04] [process_single_sorry] Executing agent command...
[2026-01-10 23:01:43] [process_single_sorry] Agent command completed (exit_code: 0)
[2026-01-10 23:01:43] [process_single_sorry] STDOUT:

Results JSON:
[
  {
    "sorry": {
      "repo": {
        "remote": "https://github.com/dagurtomas/LeanCondensed",
        "branch": "master",
        "commit": "de8a2f66d0863c0d1b4355aa6743fd228462d7df",
        "lean_version": "v4.26.0-rc2"
      },
      "location": {
        "path": "LeanCondensed/Projects/FreeCondensed.lean",
        "start_line": 41,
        "start_column": 12,
        "end_line": 41,
        "end_column": 17
      },
      "debug_info": {
        "goal": "S : LightProfinite\n⊢ ∀ (X : ℕ+), sorry (CategoryStruct.id X) = CategoryStruct.id (LightProfinite.FreeImage.profiniteComponent S ↑↑X)",
        "url": "https://github.com/dagurtomas/LeanCondensed/blob/de8a2f66d0863c0d1b4355aa6743fd228462d7df/LeanCondensed/Projects/FreeCondensed.lean#L41"
      },
      "metadata": {
        "blame_email_hash": "51ec3153783b",
        "blame_date": "2025-05-11T21:18:53+00:00",
        "inclusion_date": "2025-12-30T01:26:14.094669+00:00"
      },
      "id": "90af14ecf24cb5f2afd4ead25012a0c97bc7b992c3b4fbd27631675b7af08fb3"
    },
    "proof": null,
    "proof_verified": false,
    "feedback": null,
    "verification_message": "All 11 attempts failed (11 strategies x 1 attempts each)",
    "success": true,
    "error_type": null,
    "error_message": null,
    "strategy_name": "all_failed_k=1",
    "proof_attempts": [
      "rfl",
      "simp",
      "simp_all",
      "exact?",
      "grind",
      "ring",
      "norm_num",
      "omega",
      "linarith",
      "nlinarith",
      "aesop"
    ]
  }
]

[2026-01-10 23:01:43] [process_single_sorry] STDERR:
None of PyTorch, TensorFlow >= 2.0, or Flax have been found. Models won't be available and only tokenizers, configuration and file/data utilities can be used.
[2026-01-10 22:56:27] [INFO] ================================================================================
[2026-01-10 22:56:27] [INFO] Starting run_morphcloud_local.py
[2026-01-10 22:56:27] [INFO] ================================================================================
[2026-01-10 22:56:27] [INFO] Environment loaded
[2026-01-10 22:56:27] [INFO] Full command: /root/SorryDB/sorrydb/cli/run_morphcloud_local.py --repo-path /root/repo --sorry-json {"repo": {"remote": "https://github.com/dagurtomas/LeanCondensed", "branch": "master", "commit": "de8a2f66d0863c0d1b4355aa6743fd228462d7df", "lean_version": "v4.26.0-rc2"}, "location": {"path": "LeanCondensed/Projects/FreeCondensed.lean", "start_line": 41, "start_column": 12, "end_line": 41, "end_column": 17}, "debug_info": {"goal": "S : LightProfinite\n\u22a2 \u2200 (X : \u2115+), sorry (CategoryStruct.id X) = CategoryStruct.id (LightProfinite.FreeImage.profiniteComponent S \u2191\u2191X)", "url": "https://github.com/dagurtomas/LeanCondensed/blob/de8a2f66d0863c0d1b4355aa6743fd228462d7df/LeanCondensed/Projects/FreeCondensed.lean#L41"}, "metadata": {"blame_email_hash": "51ec3153783b", "blame_date": "2025-05-11T21:18:53+00:00", "inclusion_date": "2025-12-30T01:26:14.094669+00:00"}, "id": "90af14ecf24cb5f2afd4ead25012a0c97bc7b992c3b4fbd27631675b7af08fb3"} --agent-strategy {"name": "multi_tactic", "args": {}}
[2026-01-10 22:56:27] [INFO] Arguments parsed: repo_path=/root/repo, output_path=/root/repo/result.json
[2026-01-10 22:56:27] [INFO] Strategy spec: {"name": "multi_tactic", "args": {}}...
[2026-01-10 22:56:27] [INFO] Loading sorry data...
[2026-01-10 22:56:27] [INFO] Parsing sorry from JSON string...
[2026-01-10 22:56:27] [INFO] Sorry data parsed from JSON string
[2026-01-10 22:56:27] [INFO] Creating strategy from spec...
[2026-01-10 22:56:27] [INFO] Parsing strategy spec (length: 36 chars)
[2026-01-10 22:56:27] [INFO] Strategy name: multi_tactic
[2026-01-10 22:56:27] [INFO] Strategy args: {}
[2026-01-10 22:56:27] [INFO] Pass@k value: 1
[2026-01-10 22:56:27] [INFO] Creating strategy: multi_tactic
[2026-01-10 22:56:27] [INFO] Creating multi_tactic strategy with tactics: ['rfl', 'simp', 'simp_all', 'exact?', 'grind', 'ring', 'norm_num', 'omega', 'linarith', 'nlinarith', 'aesop']
[2026-01-10 22:56:27] [INFO] Strategies created: ['rfl', 'simp', 'simp_all', 'exact?', 'grind', 'ring', 'norm_num', 'omega', 'linarith', 'nlinarith', 'aesop']
[2026-01-10 22:56:27] [INFO] Pass@k value: 1
[2026-01-10 22:56:27] [INFO] Creating Sorry object...
[2026-01-10 22:56:27] [INFO] Sorry object created: id=90af14ecf24cb5f2afd4ead25012a0c97bc7b992c3b4fbd27631675b7af08fb3
[2026-01-10 22:56:27] [INFO] Sorry location: LeanCondensed/Projects/FreeCondensed.lean:41
[2026-01-10 22:56:27] [INFO] Context before sorry (lines 36-41):
[2026-01-10 22:56:27] [INFO]   36: -- `FintypeCat`, similarly to `Condensed.profiniteSolid`, defined in `Mathlib.Condensed.Solid`.
[2026-01-10 22:56:27] [INFO]   37: -- But it will be isomorphic objectwise to `profiniteComponent S c`.
[2026-01-10 22:56:27] [INFO]   38: def seqFunctor (S : LightProfinite.{0}) : ℕ+ ⥤ LightProfinite where
[2026-01-10 22:56:27] [INFO]   39:   obj c := profiniteComponent S c
[2026-01-10 22:56:27] [INFO]   40:   map := sorry
[2026-01-10 22:56:27] [INFO]   41:   map_id := sorry
[2026-01-10 22:56:27] [INFO] Sorry line:   map_id := sorry
[2026-01-10 22:56:27] [INFO] Sorry goal: S : LightProfinite
⊢ ∀ (X : ℕ+), sorry (CategoryStruct.id X) = CategoryStruct.id (LightProfinite.Fre...
[2026-01-10 22:56:27] [INFO] ========================================
[2026-01-10 22:56:27] [INFO] Trying strategy: rfl (up to 1 attempts)
[2026-01-10 22:56:27] [INFO] --------------------
[2026-01-10 22:56:27] [INFO] Strategy rfl, attempt 1/1
[2026-01-10 22:56:27] [INFO] Starting proof generation...
[2026-01-10 22:56:27] [INFO] Repository path: /root/repo
[2026-01-10 22:56:27] [INFO] Proof generation completed
[2026-01-10 22:56:27] [INFO] Generated proof:
[2026-01-10 22:56:27] [INFO] rfl
[2026-01-10 22:56:27] [INFO] Proof length: 3 chars
[2026-01-10 22:56:27] [INFO] Starting proof verification...
[2026-01-10 22:56:27] [INFO] Verifying at: LeanCondensed/Projects/FreeCondensed.lean:41
[2026-01-10 22:56:27] [INFO] Using LEAN INTERACT verify
[2026-01-10 22:56:27] [INFO] Checking file
[2026-01-10 22:59:50] [INFO] Cannot build modified file <error line="41" column="12">
<code_line>  map_id := rfl</code_line>
<message>error: Type mismatch</message>
</error>
  rfl
has type
  ?m.9 = ?m.9
but is expected to have type
  ∀ (X : ℕ+), sorry (𝟙 X) = 𝟙 (profiniteComponent S ↑↑X)
[2026-01-10 22:59:50] [INFO] Proof verification completed
[2026-01-10 22:59:50] [INFO] Strategy rfl attempt 1: verified=False
[2026-01-10 22:59:50] [INFO] Verification message: Cannot build modified file: <error line="41" column="12">
<code_line>  map_id := rfl</code_line>
<message>error: Type mismatch</message>
</error>
  rfl
has type
  ?m.9 = ?m.9
but is expected to have type
  ∀ (X : ℕ+), sorry (𝟙 X) = 𝟙 (profiniteComponent S ↑↑X)

[2026-01-10 22:59:50] [INFO] Attempt 1 failed verification, continuing...
[2026-01-10 22:59:50] [INFO] ========================================
[2026-01-10 22:59:50] [INFO] Trying strategy: simp (up to 1 attempts)
[2026-01-10 22:59:50] [INFO] --------------------
[2026-01-10 22:59:50] [INFO] Strategy simp, attempt 1/1
[2026-01-10 22:59:50] [INFO] Starting proof generation...
[2026-01-10 22:59:50] [INFO] Repository path: /root/repo
[2026-01-10 22:59:50] [INFO] Proof generation completed
[2026-01-10 22:59:50] [INFO] Generated proof:
[2026-01-10 22:59:50] [INFO] simp
[2026-01-10 22:59:50] [INFO] Proof length: 4 chars
[2026-01-10 22:59:50] [INFO] Starting proof verification...
[2026-01-10 22:59:50] [INFO] Verifying at: LeanCondensed/Projects/FreeCondensed.lean:41
[2026-01-10 22:59:50] [INFO] Using LEAN INTERACT verify
[2026-01-10 22:59:50] [INFO] Checking file
[2026-01-10 23:00:00] [INFO] Cannot build modified file LeanCondensed/Projects/tmpvibw2c42.lean:41:12: error(lean.unknownIdentifier): Unknown identifier `simp`
[2026-01-10 23:00:00] [INFO] Proof verification completed
[2026-01-10 23:00:00] [INFO] Strategy simp attempt 1: verified=False
[2026-01-10 23:00:00] [INFO] Verification message: Cannot build modified file: LeanCondensed/Projects/tmpvibw2c42.lean:41:12: error(lean.unknownIdentifier): Unknown identifier `simp`

[2026-01-10 23:00:00] [INFO] Attempt 1 failed verification, continuing...
[2026-01-10 23:00:00] [INFO] ========================================
[2026-01-10 23:00:00] [INFO] Trying strategy: simp_all (up to 1 attempts)
[2026-01-10 23:00:00] [INFO] --------------------
[2026-01-10 23:00:00] [INFO] Strategy simp_all, attempt 1/1
[2026-01-10 23:00:00] [INFO] Starting proof generation...
[2026-01-10 23:00:00] [INFO] Repository path: /root/repo
[2026-01-10 23:00:00] [INFO] Proof generation completed
[2026-01-10 23:00:00] [INFO] Generated proof:
[2026-01-10 23:00:00] [INFO] simp_all
[2026-01-10 23:00:00] [INFO] Proof length: 8 chars
[2026-01-10 23:00:00] [INFO] Starting proof verification...
[2026-01-10 23:00:00] [INFO] Verifying at: LeanCondensed/Projects/FreeCondensed.lean:41
[2026-01-10 23:00:00] [INFO] Using LEAN INTERACT verify
[2026-01-10 23:00:00] [INFO] Checking file
[2026-01-10 23:00:11] [INFO] Cannot build modified file LeanCondensed/Projects/tmpk9x1ufg8.lean:41:12: error(lean.unknownIdentifier): Unknown identifier `simp_all`
[2026-01-10 23:00:11] [INFO] Proof verification completed
[2026-01-10 23:00:11] [INFO] Strategy simp_all attempt 1: verified=False
[2026-01-10 23:00:11] [INFO] Verification message: Cannot build modified file: LeanCondensed/Projects/tmpk9x1ufg8.lean:41:12: error(lean.unknownIdentifier): Unknown identifier `simp_all`

[2026-01-10 23:00:11] [INFO] Attempt 1 failed verification, continuing...
[2026-01-10 23:00:11] [INFO] ========================================
[2026-01-10 23:00:11] [INFO] Trying strategy: exact? (up to 1 attempts)
[2026-01-10 23:00:11] [INFO] --------------------
[2026-01-10 23:00:11] [INFO] Strategy exact?, attempt 1/1
[2026-01-10 23:00:11] [INFO] Starting proof generation...
[2026-01-10 23:00:11] [INFO] Repository path: /root/repo
[2026-01-10 23:00:11] [INFO] Proof generation completed
[2026-01-10 23:00:11] [INFO] Generated proof:
[2026-01-10 23:00:11] [INFO] exact?
[2026-01-10 23:00:11] [INFO] Proof length: 6 chars
[2026-01-10 23:00:11] [INFO] Starting proof verification...
[2026-01-10 23:00:11] [INFO] Verifying at: LeanCondensed/Projects/FreeCondensed.lean:41
[2026-01-10 23:00:11] [INFO] Using LEAN INTERACT verify
[2026-01-10 23:00:11] [INFO] Checking file
[2026-01-10 23:00:20] [INFO] Cannot build modified file LeanCondensed/Projects/tmpvrw6pfl5.lean:41:12: error(lean.unknownIdentifier): Unknown identifier `exact?`
[2026-01-10 23:00:20] [INFO] Proof verification completed
[2026-01-10 23:00:20] [INFO] Strategy exact? attempt 1: verified=False
[2026-01-10 23:00:20] [INFO] Verification message: Cannot build modified file: LeanCondensed/Projects/tmpvrw6pfl5.lean:41:12: error(lean.unknownIdentifier): Unknown identifier `exact?`

[2026-01-10 23:00:20] [INFO] Attempt 1 failed verification, continuing...
[2026-01-10 23:00:20] [INFO] ========================================
[2026-01-10 23:00:20] [INFO] Trying strategy: grind (up to 1 attempts)
[2026-01-10 23:00:20] [INFO] --------------------
[2026-01-10 23:00:20] [INFO] Strategy grind, attempt 1/1
[2026-01-10 23:00:20] [INFO] Starting proof generation...
[2026-01-10 23:00:20] [INFO] Repository path: /root/repo
[2026-01-10 23:00:20] [INFO] Proof generation completed
[2026-01-10 23:00:20] [INFO] Generated proof:
[2026-01-10 23:00:20] [INFO] grind
[2026-01-10 23:00:20] [INFO] Proof length: 5 chars
[2026-01-10 23:00:20] [INFO] Starting proof verification...
[2026-01-10 23:00:20] [INFO] Verifying at: LeanCondensed/Projects/FreeCondensed.lean:41
[2026-01-10 23:00:20] [INFO] Using LEAN INTERACT verify
[2026-01-10 23:00:20] [INFO] Checking file
[2026-01-10 23:00:30] [INFO] Cannot build modified file LeanCondensed/Projects/tmpm_6vzbtk.lean:41:12: error(lean.unknownIdentifier): Unknown identifier `grind`
[2026-01-10 23:00:30] [INFO] Proof verification completed
[2026-01-10 23:00:30] [INFO] Strategy grind attempt 1: verified=False
[2026-01-10 23:00:30] [INFO] Verification message: Cannot build modified file: LeanCondensed/Projects/tmpm_6vzbtk.lean:41:12: error(lean.unknownIdentifier): Unknown identifier `grind`

[2026-01-10 23:00:30] [INFO] Attempt 1 failed verification, continuing...
[2026-01-10 23:00:30] [INFO] ========================================
[2026-01-10 23:00:30] [INFO] Trying strategy: ring (up to 1 attempts)
[2026-01-10 23:00:30] [INFO] --------------------
[2026-01-10 23:00:30] [INFO] Strategy ring, attempt 1/1
[2026-01-10 23:00:30] [INFO] Starting proof generation...
[2026-01-10 23:00:30] [INFO] Repository path: /root/repo
[2026-01-10 23:00:30] [INFO] Proof generation completed
[2026-01-10 23:00:30] [INFO] Generated proof:
[2026-01-10 23:00:30] [INFO] ring
[2026-01-10 23:00:30] [INFO] Proof length: 4 chars
[2026-01-10 23:00:30] [INFO] Starting proof verification...
[2026-01-10 23:00:30] [INFO] Verifying at: LeanCondensed/Projects/FreeCondensed.lean:41
[2026-01-10 23:00:30] [INFO] Using LEAN INTERACT verify
[2026-01-10 23:00:30] [INFO] Checking file
[2026-01-10 23:00:39] [INFO] Cannot build modified file LeanCondensed/Projects/tmpeb8aiwib.lean:41:12: error(lean.unknownIdentifier): Unknown identifier `ring`
[2026-01-10 23:00:39] [INFO] Proof verification completed
[2026-01-10 23:00:39] [INFO] Strategy ring attempt 1: verified=False
[2026-01-10 23:00:39] [INFO] Verification message: Cannot build modified file: LeanCondensed/Projects/tmpeb8aiwib.lean:41:12: error(lean.unknownIdentifier): Unknown identifier `ring`

[2026-01-10 23:00:39] [INFO] Attempt 1 failed verification, continuing...
[2026-01-10 23:00:39] [INFO] ========================================
[2026-01-10 23:00:39] [INFO] Trying strategy: norm_num (up to 1 attempts)
[2026-01-10 23:00:39] [INFO] --------------------
[2026-01-10 23:00:39] [INFO] Strategy norm_num, attempt 1/1
[2026-01-10 23:00:39] [INFO] Starting proof generation...
[2026-01-10 23:00:39] [INFO] Repository path: /root/repo
[2026-01-10 23:00:39] [INFO] Proof generation completed
[2026-01-10 23:00:39] [INFO] Generated proof:
[2026-01-10 23:00:39] [INFO] norm_num
[2026-01-10 23:00:39] [INFO] Proof length: 8 chars
[2026-01-10 23:00:39] [INFO] Starting proof verification...
[2026-01-10 23:00:39] [INFO] Verifying at: LeanCondensed/Projects/FreeCondensed.lean:41
[2026-01-10 23:00:39] [INFO] Using LEAN INTERACT verify
[2026-01-10 23:00:39] [INFO] Checking file
[2026-01-10 23:00:52] [INFO] Cannot build modified file <error line="41" column="12">
<code_line>  map_id := norm_num</code_line>
<message>error: Type mismatch</message>
</error>
  norm_num
has type
  Lean.ParserDescr
of sort `Type` but is expected to have type
  ∀ (X : ℕ+), sorry (𝟙 X) = 𝟙 (profiniteComponent S ↑↑X)
of sort `Prop`
[2026-01-10 23:00:52] [INFO] Proof verification completed
[2026-01-10 23:00:52] [INFO] Strategy norm_num attempt 1: verified=False
[2026-01-10 23:00:52] [INFO] Verification message: Cannot build modified file: <error line="41" column="12">
<code_line>  map_id := norm_num</code_line>
<message>error: Type mismatch</message>
</error>
  norm_num
has type
  Lean.ParserDescr
of sort `Type` but is expected to have type
  ∀ (X : ℕ+), sorry (𝟙 X) = 𝟙 (profiniteComponent S ↑↑X)
of sort `Prop`

[2026-01-10 23:00:52] [INFO] Attempt 1 failed verification, continuing...
[2026-01-10 23:00:52] [INFO] ========================================
[2026-01-10 23:00:52] [INFO] Trying strategy: omega (up to 1 attempts)
[2026-01-10 23:00:52] [INFO] --------------------
[2026-01-10 23:00:52] [INFO] Strategy omega, attempt 1/1
[2026-01-10 23:00:52] [INFO] Starting proof generation...
[2026-01-10 23:00:52] [INFO] Repository path: /root/repo
[2026-01-10 23:00:52] [INFO] Proof generation completed
[2026-01-10 23:00:52] [INFO] Generated proof:
[2026-01-10 23:00:52] [INFO] omega
[2026-01-10 23:00:52] [INFO] Proof length: 5 chars
[2026-01-10 23:00:52] [INFO] Starting proof verification...
[2026-01-10 23:00:52] [INFO] Verifying at: LeanCondensed/Projects/FreeCondensed.lean:41
[2026-01-10 23:00:52] [INFO] Using LEAN INTERACT verify
[2026-01-10 23:00:52] [INFO] Checking file
[2026-01-10 23:01:06] [INFO] Cannot build modified file LeanCondensed/Projects/tmp0z5xh9ls.lean:41:12: error(lean.unknownIdentifier): Unknown identifier `omega`
[2026-01-10 23:01:06] [INFO] Proof verification completed
[2026-01-10 23:01:06] [INFO] Strategy omega attempt 1: verified=False
[2026-01-10 23:01:06] [INFO] Verification message: Cannot build modified file: LeanCondensed/Projects/tmp0z5xh9ls.lean:41:12: error(lean.unknownIdentifier): Unknown identifier `omega`

[2026-01-10 23:01:06] [INFO] Attempt 1 failed verification, continuing...
[2026-01-10 23:01:06] [INFO] ========================================
[2026-01-10 23:01:06] [INFO] Trying strategy: linarith (up to 1 attempts)
[2026-01-10 23:01:06] [INFO] --------------------
[2026-01-10 23:01:06] [INFO] Strategy linarith, attempt 1/1
[2026-01-10 23:01:06] [INFO] Starting proof generation...
[2026-01-10 23:01:06] [INFO] Repository path: /root/repo
[2026-01-10 23:01:06] [INFO] Proof generation completed
[2026-01-10 23:01:06] [INFO] Generated proof:
[2026-01-10 23:01:06] [INFO] linarith
[2026-01-10 23:01:06] [INFO] Proof length: 8 chars
[2026-01-10 23:01:06] [INFO] Starting proof verification...
[2026-01-10 23:01:06] [INFO] Verifying at: LeanCondensed/Projects/FreeCondensed.lean:41
[2026-01-10 23:01:06] [INFO] Using LEAN INTERACT verify
[2026-01-10 23:01:06] [INFO] Checking file
[2026-01-10 23:01:19] [INFO] Cannot build modified file LeanCondensed/Projects/tmp0xzxf9n6.lean:41:12: error(lean.unknownIdentifier): Unknown identifier `linarith`
[2026-01-10 23:01:19] [INFO] Proof verification completed
[2026-01-10 23:01:19] [INFO] Strategy linarith attempt 1: verified=False
[2026-01-10 23:01:19] [INFO] Verification message: Cannot build modified file: LeanCondensed/Projects/tmp0xzxf9n6.lean:41:12: error(lean.unknownIdentifier): Unknown identifier `linarith`

[2026-01-10 23:01:19] [INFO] Attempt 1 failed verification, continuing...
[2026-01-10 23:01:19] [INFO] ========================================
[2026-01-10 23:01:19] [INFO] Trying strategy: nlinarith (up to 1 attempts)
[2026-01-10 23:01:19] [INFO] --------------------
[2026-01-10 23:01:19] [INFO] Strategy nlinarith, attempt 1/1
[2026-01-10 23:01:19] [INFO] Starting proof generation...
[2026-01-10 23:01:19] [INFO] Repository path: /root/repo
[2026-01-10 23:01:19] [INFO] Proof generation completed
[2026-01-10 23:01:19] [INFO] Generated proof:
[2026-01-10 23:01:19] [INFO] nlinarith
[2026-01-10 23:01:19] [INFO] Proof length: 9 chars
[2026-01-10 23:01:19] [INFO] Starting proof verification...
[2026-01-10 23:01:19] [INFO] Verifying at: LeanCondensed/Projects/FreeCondensed.lean:41
[2026-01-10 23:01:19] [INFO] Using LEAN INTERACT verify
[2026-01-10 23:01:19] [INFO] Checking file
[2026-01-10 23:01:30] [INFO] Cannot build modified file LeanCondensed/Projects/tmpvtnml49x.lean:41:12: error(lean.unknownIdentifier): Unknown identifier `nlinarith`
[2026-01-10 23:01:30] [INFO] Proof verification completed
[2026-01-10 23:01:30] [INFO] Strategy nlinarith attempt 1: verified=False
[2026-01-10 23:01:30] [INFO] Verification message: Cannot build modified file: LeanCondensed/Projects/tmpvtnml49x.lean:41:12: error(lean.unknownIdentifier): Unknown identifier `nlinarith`

[2026-01-10 23:01:30] [INFO] Attempt 1 failed verification, continuing...
[2026-01-10 23:01:30] [INFO] ========================================
[2026-01-10 23:01:30] [INFO] Trying strategy: aesop (up to 1 attempts)
[2026-01-10 23:01:30] [INFO] --------------------
[2026-01-10 23:01:30] [INFO] Strategy aesop, attempt 1/1
[2026-01-10 23:01:30] [INFO] Starting proof generation...
[2026-01-10 23:01:30] [INFO] Repository path: /root/repo
[2026-01-10 23:01:30] [INFO] Proof generation completed
[2026-01-10 23:01:30] [INFO] Generated proof:
[2026-01-10 23:01:30] [INFO] aesop
[2026-01-10 23:01:30] [INFO] Proof length: 5 chars
[2026-01-10 23:01:30] [INFO] Starting proof verification...
[2026-01-10 23:01:30] [INFO] Verifying at: LeanCondensed/Projects/FreeCondensed.lean:41
[2026-01-10 23:01:30] [INFO] Using LEAN INTERACT verify
[2026-01-10 23:01:30] [INFO] Checking file
[2026-01-10 23:01:43] [INFO] Cannot build modified file LeanCondensed/Projects/tmpwa65zb24.lean:41:12: error(lean.unknownIdentifier): Unknown identifier `aesop`
[2026-01-10 23:01:43] [INFO] Proof verification completed
[2026-01-10 23:01:43] [INFO] Strategy aesop attempt 1: verified=False
[2026-01-10 23:01:43] [INFO] Verification message: Cannot build modified file: LeanCondensed/Projects/tmpwa65zb24.lean:41:12: error(lean.unknownIdentifier): Unknown identifier `aesop`

[2026-01-10 23:01:43] [INFO] Attempt 1 failed verification, continuing...
[2026-01-10 23:01:43] [INFO] ========================================
[2026-01-10 23:01:43] [INFO] Pass@k completed. Total results: 1
[2026-01-10 23:01:43] [INFO] FAILED: All 11 strategies x 1 attempts
[2026-01-10 23:01:43] [INFO] Writing results to file: /root/repo/result.json
[2026-01-10 23:01:43] [INFO] Result file written successfully
[2026-01-10 23:01:43] [INFO] Results exported to: /root/repo/result.json
[2026-01-10 23:01:43] [INFO] run_morphcloud_local.py completed successfully

[2026-01-10 23:01:43] [process_single_sorry] Downloading result file...
[2026-01-10 23:01:44] [process_single_sorry] Downloaded result to intermediate_experiment_outputs_full_reservoir/multi_tactic/2026-01-10_20-46-34_multi_tactic/individual/90af14ecf24cb5f2afd4ead25012a0c97bc7b992c3b4fbd27631675b7af08fb3.json
[2026-01-10 23:01:47] [process_single_sorry] Instance context closed successfully
[2026-01-10 23:01:47] [process_single_sorry] Parsing result file...
[2026-01-10 23:01:47] [process_single_sorry] Successfully parsed result (list format, 1 results)
