[2026-01-10 23:13:06] [process_single_sorry] Starting for sorry 92e2cc62548951340ce1293710d6f8766cb24fef843347a69ff79532fc619e92
[2026-01-10 23:13:06] [process_single_sorry] Using snapshot: snapshot_e24o9c99
[2026-01-10 23:13:06] [process_single_sorry] Repository: https://github.com/jsm28/IMOLean@a63bb319da8d9a74c8eba2e0c2637f8a5683cb0c
[2026-01-10 23:13:06] [process_single_sorry] Instance name: IMOLean_a63bb319da8d_multi_tactic_92e2cc62548951340ce1293710d6f8766cb24fef843347a69ff79532fc619e92
[2026-01-10 23:13:06] [process_single_sorry] Starting attempt 1/3
[2026-01-10 23:13:06] [process_single_sorry] Starting instance from snapshot...
[2026-01-10 23:13:07] [process_single_sorry] Instance started successfully: morphvm_hplh3x4o
[2026-01-10 23:13:07] [process_single_sorry] Creating .env file...
[2026-01-10 23:13:10] [process_single_sorry] .env file created (exit_code: 0)
[2026-01-10 23:13:10] [process_single_sorry] Executing agent command...
[2026-01-10 23:15:40] [process_single_sorry] Agent command completed (exit_code: 0)
[2026-01-10 23:15:40] [process_single_sorry] STDOUT:

Results JSON:
[
  {
    "sorry": {
      "repo": {
        "remote": "https://github.com/jsm28/IMOLean",
        "branch": "main",
        "commit": "a63bb319da8d9a74c8eba2e0c2637f8a5683cb0c",
        "lean_version": "v4.27.0-rc1"
      },
      "location": {
        "path": "IMO/IMO2023P1.lean",
        "start_line": 19,
        "start_column": 2,
        "end_line": 19,
        "end_column": 7
      },
      "debug_info": {
        "goal": "⊢ {n |\n      1 < n ∧\n        ¬Nat.Prime n ∧\n          ∀ (i : ℕ) (hi : i < List.length (IMO2023P1.d n) - 2),\n            (IMO2023P1.d n)[i] ∣ (IMO2023P1.d n)[i + 1] + (IMO2023P1.d n)[i + 2]} =\n    IMO2023P1.answer",
        "url": "https://github.com/jsm28/IMOLean/blob/a63bb319da8d9a74c8eba2e0c2637f8a5683cb0c/IMO/IMO2023P1.lean#L19"
      },
      "metadata": {
        "blame_email_hash": "ed3275e1c874",
        "blame_date": "2025-01-26T20:31:35+00:00",
        "inclusion_date": "2025-12-30T07:11:02.273696+00:00"
      },
      "id": "92e2cc62548951340ce1293710d6f8766cb24fef843347a69ff79532fc619e92"
    },
    "proof": null,
    "proof_verified": false,
    "feedback": null,
    "verification_message": "All 11 attempts failed (11 strategies x 1 attempts each)",
    "success": true,
    "error_type": null,
    "error_message": null,
    "strategy_name": "all_failed_k=1",
    "proof_attempts": [
      "rfl",
      "simp",
      "simp_all",
      "exact?",
      "grind",
      "ring",
      "norm_num",
      "omega",
      "linarith",
      "nlinarith",
      "aesop"
    ]
  }
]

[2026-01-10 23:15:40] [process_single_sorry] STDERR:
None of PyTorch, TensorFlow >= 2.0, or Flax have been found. Models won't be available and only tokenizers, configuration and file/data utilities can be used.
[2026-01-10 23:13:20] [INFO] ================================================================================
[2026-01-10 23:13:20] [INFO] Starting run_morphcloud_local.py
[2026-01-10 23:13:20] [INFO] ================================================================================
[2026-01-10 23:13:20] [INFO] Environment loaded
[2026-01-10 23:13:20] [INFO] Full command: /root/SorryDB/sorrydb/cli/run_morphcloud_local.py --repo-path /root/repo --sorry-json {"repo": {"remote": "https://github.com/jsm28/IMOLean", "branch": "main", "commit": "a63bb319da8d9a74c8eba2e0c2637f8a5683cb0c", "lean_version": "v4.27.0-rc1"}, "location": {"path": "IMO/IMO2023P1.lean", "start_line": 19, "start_column": 2, "end_line": 19, "end_column": 7}, "debug_info": {"goal": "\u22a2 {n |\n      1 < n \u2227\n        \u00acNat.Prime n \u2227\n          \u2200 (i : \u2115) (hi : i < List.length (IMO2023P1.d n) - 2),\n            (IMO2023P1.d n)[i] \u2223 (IMO2023P1.d n)[i + 1] + (IMO2023P1.d n)[i + 2]} =\n    IMO2023P1.answer", "url": "https://github.com/jsm28/IMOLean/blob/a63bb319da8d9a74c8eba2e0c2637f8a5683cb0c/IMO/IMO2023P1.lean#L19"}, "metadata": {"blame_email_hash": "ed3275e1c874", "blame_date": "2025-01-26T20:31:35+00:00", "inclusion_date": "2025-12-30T07:11:02.273696+00:00"}, "id": "92e2cc62548951340ce1293710d6f8766cb24fef843347a69ff79532fc619e92"} --agent-strategy {"name": "multi_tactic", "args": {}}
[2026-01-10 23:13:20] [INFO] Arguments parsed: repo_path=/root/repo, output_path=/root/repo/result.json
[2026-01-10 23:13:20] [INFO] Strategy spec: {"name": "multi_tactic", "args": {}}...
[2026-01-10 23:13:20] [INFO] Loading sorry data...
[2026-01-10 23:13:20] [INFO] Parsing sorry from JSON string...
[2026-01-10 23:13:20] [INFO] Sorry data parsed from JSON string
[2026-01-10 23:13:20] [INFO] Creating strategy from spec...
[2026-01-10 23:13:20] [INFO] Parsing strategy spec (length: 36 chars)
[2026-01-10 23:13:20] [INFO] Strategy name: multi_tactic
[2026-01-10 23:13:20] [INFO] Strategy args: {}
[2026-01-10 23:13:20] [INFO] Pass@k value: 1
[2026-01-10 23:13:20] [INFO] Creating strategy: multi_tactic
[2026-01-10 23:13:20] [INFO] Creating multi_tactic strategy with tactics: ['rfl', 'simp', 'simp_all', 'exact?', 'grind', 'ring', 'norm_num', 'omega', 'linarith', 'nlinarith', 'aesop']
[2026-01-10 23:13:20] [INFO] Strategies created: ['rfl', 'simp', 'simp_all', 'exact?', 'grind', 'ring', 'norm_num', 'omega', 'linarith', 'nlinarith', 'aesop']
[2026-01-10 23:13:20] [INFO] Pass@k value: 1
[2026-01-10 23:13:20] [INFO] Creating Sorry object...
[2026-01-10 23:13:20] [INFO] Sorry object created: id=92e2cc62548951340ce1293710d6f8766cb24fef843347a69ff79532fc619e92
[2026-01-10 23:13:20] [INFO] Sorry location: IMO/IMO2023P1.lean:19
[2026-01-10 23:13:20] [INFO] Context before sorry (lines 14-19):
[2026-01-10 23:13:20] [INFO]   14: /-- The answer to be determined. -/
[2026-01-10 23:13:20] [INFO]   15: def answer : Set ℕ := sorry
[2026-01-10 23:13:20] [INFO]   16: 
[2026-01-10 23:13:20] [INFO]   17: theorem result : {n : ℕ | 1 < n ∧ ¬Nat.Prime n ∧ ∀ i, ∀ hi : i < (d n).length - 2,
[2026-01-10 23:13:20] [INFO]   18:     (d n)[i] ∣ (d n)[i + 1] + (d n)[i + 2]} = answer := by
[2026-01-10 23:13:20] [INFO]   19:   sorry
[2026-01-10 23:13:20] [INFO] Sorry line:   sorry
[2026-01-10 23:13:20] [INFO] Sorry goal: ⊢ {n |
      1 < n ∧
        ¬Nat.Prime n ∧
          ∀ (i : ℕ) (hi : i < List.length (IMO2023P1.d n...
[2026-01-10 23:13:20] [INFO] ========================================
[2026-01-10 23:13:20] [INFO] Trying strategy: rfl (up to 1 attempts)
[2026-01-10 23:13:20] [INFO] --------------------
[2026-01-10 23:13:20] [INFO] Strategy rfl, attempt 1/1
[2026-01-10 23:13:20] [INFO] Starting proof generation...
[2026-01-10 23:13:20] [INFO] Repository path: /root/repo
[2026-01-10 23:13:20] [INFO] Proof generation completed
[2026-01-10 23:13:20] [INFO] Generated proof:
[2026-01-10 23:13:20] [INFO] rfl
[2026-01-10 23:13:20] [INFO] Proof length: 3 chars
[2026-01-10 23:13:20] [INFO] Starting proof verification...
[2026-01-10 23:13:20] [INFO] Verifying at: IMO/IMO2023P1.lean:19
[2026-01-10 23:13:20] [INFO] Using LEAN INTERACT verify
[2026-01-10 23:13:20] [INFO] Checking file
[2026-01-10 23:13:57] [INFO] Cannot build modified file <error line="19" column="2">
<code_line>  rfl</code_line>
<message>error: Tactic `rfl` failed: The left-hand side</message>
</error>
  {n | 1 < n ∧ ¬Nat.Prime n ∧ ∀ (i : ℕ) (hi : i < (d n).length - 2), (d n)[i] ∣ (d n)[i + 1] + (d n)[i + 2]}
is not definitionally equal to the right-hand side
  answer

⊢ {n | 1 < n ∧ ¬Nat.Prime n ∧ ∀ (i : ℕ) (hi : i < (d n).length - 2), (d n)[i] ∣ (d n)[i + 1] + (d n)[i + 2]} = answer
[2026-01-10 23:13:57] [INFO] Proof verification completed
[2026-01-10 23:13:57] [INFO] Strategy rfl attempt 1: verified=False
[2026-01-10 23:13:57] [INFO] Verification message: Cannot build modified file: <error line="19" column="2">
<code_line>  rfl</code_line>
<message>error: Tactic `rfl` failed: The left-hand side</message>
</error>
  {n | 1 < n ∧ ¬Nat.Prime n ∧ ∀ (i : ℕ) (hi : i < (d n).length - 2), (d n)[i] ∣ (d n)[i + 1] + (d n)[i + 2]}
is not definitionally equal to the right-hand side
  answer

⊢ {n | 1 < n ∧ ¬Nat.Prime n ∧ ∀ (i : ℕ) (hi : i < (d n).length - 2), (d n)[i] ∣ (d n)[i + 1] + (d n)[i + 2]} = answer

[2026-01-10 23:13:57] [INFO] Attempt 1 failed verification, continuing...
[2026-01-10 23:13:57] [INFO] ========================================
[2026-01-10 23:13:57] [INFO] Trying strategy: simp (up to 1 attempts)
[2026-01-10 23:13:57] [INFO] --------------------
[2026-01-10 23:13:57] [INFO] Strategy simp, attempt 1/1
[2026-01-10 23:13:57] [INFO] Starting proof generation...
[2026-01-10 23:13:57] [INFO] Repository path: /root/repo
[2026-01-10 23:13:57] [INFO] Proof generation completed
[2026-01-10 23:13:57] [INFO] Generated proof:
[2026-01-10 23:13:57] [INFO] simp
[2026-01-10 23:13:57] [INFO] Proof length: 4 chars
[2026-01-10 23:13:57] [INFO] Starting proof verification...
[2026-01-10 23:13:57] [INFO] Verifying at: IMO/IMO2023P1.lean:19
[2026-01-10 23:13:57] [INFO] Using LEAN INTERACT verify
[2026-01-10 23:13:57] [INFO] Checking file
[2026-01-10 23:14:04] [INFO] Cannot build modified file <error line="19" column="2">
<code_line>  simp</code_line>
<message>error: `simp` made no progress</message>
</error>
[2026-01-10 23:14:04] [INFO] Proof verification completed
[2026-01-10 23:14:04] [INFO] Strategy simp attempt 1: verified=False
[2026-01-10 23:14:04] [INFO] Verification message: Cannot build modified file: <error line="19" column="2">
<code_line>  simp</code_line>
<message>error: `simp` made no progress</message>
</error>

[2026-01-10 23:14:04] [INFO] Attempt 1 failed verification, continuing...
[2026-01-10 23:14:04] [INFO] ========================================
[2026-01-10 23:14:04] [INFO] Trying strategy: simp_all (up to 1 attempts)
[2026-01-10 23:14:04] [INFO] --------------------
[2026-01-10 23:14:04] [INFO] Strategy simp_all, attempt 1/1
[2026-01-10 23:14:04] [INFO] Starting proof generation...
[2026-01-10 23:14:04] [INFO] Repository path: /root/repo
[2026-01-10 23:14:04] [INFO] Proof generation completed
[2026-01-10 23:14:04] [INFO] Generated proof:
[2026-01-10 23:14:04] [INFO] simp_all
[2026-01-10 23:14:04] [INFO] Proof length: 8 chars
[2026-01-10 23:14:04] [INFO] Starting proof verification...
[2026-01-10 23:14:04] [INFO] Verifying at: IMO/IMO2023P1.lean:19
[2026-01-10 23:14:04] [INFO] Using LEAN INTERACT verify
[2026-01-10 23:14:04] [INFO] Checking file
[2026-01-10 23:14:11] [INFO] Cannot build modified file <error line="19" column="2">
<code_line>  simp_all</code_line>
<message>error: simp_all made no progress</message>
</error>
[2026-01-10 23:14:11] [INFO] Proof verification completed
[2026-01-10 23:14:11] [INFO] Strategy simp_all attempt 1: verified=False
[2026-01-10 23:14:11] [INFO] Verification message: Cannot build modified file: <error line="19" column="2">
<code_line>  simp_all</code_line>
<message>error: simp_all made no progress</message>
</error>

[2026-01-10 23:14:11] [INFO] Attempt 1 failed verification, continuing...
[2026-01-10 23:14:11] [INFO] ========================================
[2026-01-10 23:14:11] [INFO] Trying strategy: exact? (up to 1 attempts)
[2026-01-10 23:14:11] [INFO] --------------------
[2026-01-10 23:14:11] [INFO] Strategy exact?, attempt 1/1
[2026-01-10 23:14:11] [INFO] Starting proof generation...
[2026-01-10 23:14:11] [INFO] Repository path: /root/repo
[2026-01-10 23:14:11] [INFO] Proof generation completed
[2026-01-10 23:14:11] [INFO] Generated proof:
[2026-01-10 23:14:11] [INFO] exact?
[2026-01-10 23:14:11] [INFO] Proof length: 6 chars
[2026-01-10 23:14:11] [INFO] Starting proof verification...
[2026-01-10 23:14:11] [INFO] Verifying at: IMO/IMO2023P1.lean:19
[2026-01-10 23:14:11] [INFO] Using LEAN INTERACT verify
[2026-01-10 23:14:11] [INFO] Checking file
[2026-01-10 23:14:45] [INFO] Cannot build modified file <error line="19" column="2">
<code_line>  exact?</code_line>
<message>error: `exact?` could not close the goal. Try `apply?` to see partial suggestions.</message>
</error>
[2026-01-10 23:14:45] [INFO] Proof verification completed
[2026-01-10 23:14:45] [INFO] Strategy exact? attempt 1: verified=False
[2026-01-10 23:14:45] [INFO] Verification message: Cannot build modified file: <error line="19" column="2">
<code_line>  exact?</code_line>
<message>error: `exact?` could not close the goal. Try `apply?` to see partial suggestions.</message>
</error>

[2026-01-10 23:14:45] [INFO] Attempt 1 failed verification, continuing...
[2026-01-10 23:14:45] [INFO] ========================================
[2026-01-10 23:14:45] [INFO] Trying strategy: grind (up to 1 attempts)
[2026-01-10 23:14:45] [INFO] --------------------
[2026-01-10 23:14:45] [INFO] Strategy grind, attempt 1/1
[2026-01-10 23:14:45] [INFO] Starting proof generation...
[2026-01-10 23:14:45] [INFO] Repository path: /root/repo
[2026-01-10 23:14:45] [INFO] Proof generation completed
[2026-01-10 23:14:45] [INFO] Generated proof:
[2026-01-10 23:14:45] [INFO] grind
[2026-01-10 23:14:45] [INFO] Proof length: 5 chars
[2026-01-10 23:14:45] [INFO] Starting proof verification...
[2026-01-10 23:14:45] [INFO] Verifying at: IMO/IMO2023P1.lean:19
[2026-01-10 23:14:45] [INFO] Using LEAN INTERACT verify
[2026-01-10 23:14:45] [INFO] Checking file
[2026-01-10 23:14:55] [INFO] Cannot build modified file <error line="19" column="2">
<code_line>  grind</code_line>
<message>error: `grind` failed</message>
</error>
case grind.1.1.1.1.1
h :
  ¬{n | 2 ≤ n ∧ ¬Nat.Prime n ∧ ∀ (i : ℕ) (hi : i + 1 ≤ (d n).length - 2), (d n)[i] ∣ (d n)[i + 1] + (d n)[i + 2]} =
      answer
w : ℕ
h_1 :
  (w ∈ {n | 2 ≤ n ∧ ¬Nat.Prime n ∧ ∀ (i : ℕ) (hi : i + 1 ≤ (d n).length - 2), (d n)[i] ∣ (d n)[i + 1] + (d n)[i + 2]}) =
    (w ∉ answer)
left :
  w ∈ {n | 2 ≤ n ∧ ¬Nat.Prime n ∧ ∀ (i : ℕ) (hi : i + 1 ≤ (d n).length - 2), (d n)[i] ∣ (d n)[i + 1] + (d n)[i + 2]}
right : w ∉ answer
h_3 : -1 * ↑(d w).length + 2 ≤ 0
h_4 : {_a | False} = Set.univ
h_5 :
  {_x | True} = fun n =>
    2 ≤ n ∧ ¬Nat.Prime n ∧ ∀ (i : ℕ) (hi : i + 1 ≤ (d n).length - 2), (d n)[i] ∣ (d n)[i + 1] + (d n)[i + 2]
h_6 :
  {_a | False} = fun n =>
    2 ≤ n ∧ ¬Nat.Prime n ∧ ∀ (i : ℕ) (hi : i + 1 ≤ (d n).length - 2), (d n)[i] ∣ (d n)[i + 1] + (d n)[i + 2]
⊢ False
[grind] Goal diagnostics
  [facts] Asserted facts
    [prop] ¬{n |
              2 ≤ n ∧
                ¬Nat.Prime n ∧ ∀ (i : ℕ) (hi : i + 1 ≤ (d n).length - 2), (d n)[i] ∣ (d n)[i + 1] + (d n)[i + 2]} =
            answer
    [prop] ∃ x,
          (x ∈
              {n |
                2 ≤ n ∧
                  ¬Nat.Prime n ∧ ∀ (i : ℕ) (hi : i + 1 ≤ (d n).length - 2), (d n)[i] ∣ (d n)[i + 1] + (d n)[i + 2]}) =
            (x ∉ answer)
    [prop] {_x | True} = Set.univ
    [prop] {_a | False} = ∅
    [prop] (w ∈
            {n |
              2 ≤ n ∧
                ¬Nat.Prime n ∧ ∀ (i : ℕ) (hi : i + 1 ≤ (d n).length - 2), (d n)[i] ∣ (d n)[i + 1] + (d n)[i + 2]}) =
          (w ∉ answer)
    [prop] (w ∈
            {n |
              2 ≤ n ∧
                ¬Nat.Prime n ∧ ∀ (i : ℕ) (hi : i + 1 ≤ (d n).length - 2), (d n)[i] ∣ (d n)[i + 1] + (d n)[i + 2]}) =
          (2 ≤ w ∧ ¬Nat.Prime w ∧ ∀ (i : ℕ) (hi : i + 1 ≤ (d w).length - 2), (d w)[i] ∣ (d w)[i + 1] + (d w)[i + 2])
    [prop] w ∈
          {n | 2 ≤ n ∧ ¬Nat.Prime n ∧ ∀ (i : ℕ) (hi : i + 1 ≤ (d n).length - 2), (d n)[i] ∣ (d n)[i + 1] + (d n)[i + 2]}
    [prop] ↑((d w).length - 2) = if -1 * ↑(d w).length + 2 ≤ 0 then ↑(d w).length + -2 else 0
    [prop] w ∉ answer
    [prop] -1 * ↑(d w).length + 2 ≤ 0
    [prop] {_a | False} = Set.univ
    [prop] {_x | True} = fun n =>
          2 ≤ n ∧ ¬Nat.Prime n ∧ ∀ (i : ℕ) (hi : i + 1 ≤ (d n).length - 2), (d n)[i] ∣ (d n)[i + 1] + (d n)[i + 2]
    [prop] {_a | False} = fun n =>
          2 ≤ n ∧ ¬Nat.Prime n ∧ ∀ (i : ℕ) (hi : i + 1 ≤ (d n).length - 2), (d n)[i] ∣ (d n)[i + 1] + (d n)[i + 2]
  [eqc] True propositions
    [prop] -1 * ↑(d w).length + 2 ≤ 0
    [prop] w ∉ answer
    [prop] ∃ x,
          (x ∈
              {n |
                2 ≤ n ∧
                  ¬Nat.Prime n ∧ ∀ (i : ℕ) (hi : i + 1 ≤ (d n).length - 2), (d n)[i] ∣ (d n)[i + 1] + (d n)[i + 2]}) =
            (x ∉ answer)
    [prop] (w ∈
            {n |
              2 ≤ n ∧
                ¬Nat.Prime n ∧ ∀ (i : ℕ) (hi : i + 1 ≤ (d n).length - 2), (d n)[i] ∣ (d n)[i + 1] + (d n)[i + 2]}) =
          (w ∉ answer)
    [prop] w ∈
          {n | 2 ≤ n ∧ ¬Nat.Prime n ∧ ∀ (i : ℕ) (hi : i + 1 ≤ (d n).length - 2), (d n)[i] ∣ (d n)[i + 1] + (d n)[i + 2]}
    [prop] ¬Nat.Prime w
    [prop] ¬Nat.Prime w ∧ ∀ (i : ℕ) (hi : i + 1 ≤ (d w).length - 2), (d w)[i] ∣ (d w)[i + 1] + (d w)[i + 2]
    [prop] 2 ≤ w ∧ ¬Nat.Prime w ∧ ∀ (i : ℕ) (hi : i + 1 ≤ (d w).length - 2), (d w)[i] ∣ (d w)[i + 1] + (d w)[i + 2]
    [prop] (w ∈
            {n |
              2 ≤ n ∧
                ¬Nat.Prime n ∧ ∀ (i : ℕ) (hi : i + 1 ≤ (d n).length - 2), (d n)[i] ∣ (d n)[i + 1] + (d n)[i + 2]}) =
          (2 ≤ w ∧ ¬Nat.Prime w ∧ ∀ (i : ℕ) (hi : i + 1 ≤ (d w).length - 2), (d w)[i] ∣ (d w)[i + 1] + (d w)[i + 2])
    [prop] 2 ≤ w
    [prop] ∀ (i : ℕ) (hi : i + 1 ≤ (d w).length - 2), (d w)[i] ∣ (d w)[i + 1] + (d w)[i + 2]
  [eqc] False propositions
    [prop] {n |
            2 ≤ n ∧ ¬Nat.Prime n ∧ ∀ (i : ℕ) (hi : i + 1 ≤ (d n).length - 2), (d n)[i] ∣ (d n)[i + 1] + (d n)[i + 2]} =
          answer
    [prop] w ∈ answer
    [prop] Nat.Prime w
  [eqc] Equivalence classes
    [eqc] {fun n =>
          2 ≤ n ∧ ¬Nat.Prime n ∧ ∀ (i : ℕ) (hi : i + 1 ≤ (d n).length - 2), (d n)[i] ∣ (d n)[i + 1] + (d n)[i + 2],
        Set.univ,
        ∅,
        {_a | False},
        {_x | True}}
    [eqc] others
      [eqc] {if -1 * ↑(d w).length + 2 ≤ 0 then ↑(d w).length + -2 else 0, ↑(d w).length + -2, ↑((d w).length - 2)}
  [cases] Case analyses
    [cases] [1/1]: ∃ x,
          (x ∈
              {n |
                2 ≤ n ∧
                  ¬Nat.Prime n ∧ ∀ (i : ℕ) (hi : i + 1 ≤ (d n).length - 2), (d n)[i] ∣ (d n)[i + 1] + (d n)[i + 2]}) =
            (x ∉ answer)
      [cases] source: Extensionality `Set.ext`
    [cases] [1/2]: (w ∈
            {n |
              2 ≤ n ∧
                ¬Nat.Prime n ∧ ∀ (i : ℕ) (hi : i + 1 ≤ (d n).length - 2), (d n)[i] ∣ (d n)[i + 1] + (d n)[i + 2]}) =
          (w ∉ answer)
      [cases] source: E-matching `Set.setOf_false`
    [cases] [1/2]: if -1 * ↑(d w).length + 2 ≤ 0 then ↑(d w).length + -2 else 0
      [cases] source: E-matching `Set.mem_setOf_eq`
    [cases] [1/2]: (fun _a => False) = fun _x => True
      [cases] source: E-matching `Set.setOf_false`
    [cases] [1/2]: (fun _x => True) = fun n =>
          2 ≤ n ∧ ¬Nat.Prime n ∧ ∀ (i : ℕ) (hi : i + 1 ≤ (d n).length - 2), (d n)[i] ∣ (d n)[i + 1] + (d n)[i + 2]
      [cases] source: E-matching `Set.setOf_true`
    [cases] [1/2]: (fun _a => False) = fun n =>
          2 ≤ n ∧ ¬Nat.Prime n ∧ ∀ (i : ℕ) (hi : i + 1 ≤ (d n).length - 2), (d n)[i] ∣ (d n)[i + 1] + (d n)[i + 2]
      [cases] source: E-matching `Set.setOf_false`
  [ematch] E-matching patterns
    [thm] Set.setOf_true: [@setOf #0 _]
    [thm] Set.setOf_false: [@setOf #0 _]
    [thm] Set.mem_empty_iff_false: [@Membership.mem #1 _ _ (@EmptyCollection.emptyCollection _ _) #0]
    [thm] Set.mem_univ: [@Membership.mem #1 _ _ (@Set.univ _) #0]
    [thm] Set.mem_setOf_eq: [@Membership.mem #2 _ _ (@setOf _ #0) #1]
    [thm] local_0: [@LE.le `[ℕ] `[instLENat] (@HAdd.hAdd `[ℕ] `[ℕ] `[ℕ] `[instHAdd] #1 `[1]) `[(d w).length - 2]]
    [thm] List.length_pos_of_mem: [@Membership.mem #3 (List _) _ #1 #2, @List.length _ #1]
    [thm] local_0: [@getElem `[List
           ℕ] `[ℕ] `[ℕ] `[fun as i => i < as.length] `[List.instGetElemNatLtLength] `[d w] #1 _]
    [thm] local_0: [@getElem `[List
           ℕ] `[ℕ] `[ℕ] `[fun as i =>
           i < as.length] `[List.instGetElemNatLtLength] `[d w] (@HAdd.hAdd `[ℕ] `[ℕ] `[ℕ] `[instHAdd] #1 `[1]) _]
    [thm] local_0: [@getElem `[List
           ℕ] `[ℕ] `[ℕ] `[fun as i =>
           i < as.length] `[List.instGetElemNatLtLength] `[d w] (@HAdd.hAdd `[ℕ] `[ℕ] `[ℕ] `[instHAdd] #1 `[2]) _]
    [thm] local_0: [@LE.le `[ℕ] `[instLENat] (#1 + 1) `[(d w).length - 2]]
    [thm] Multiset.mem_add: [@Membership.mem #3 _ _ (@HAdd.hAdd _ _ _ _ #1 #0) #2]
  [cutsat] Assignment satisfying linear constraints
    [assign] w := 2
    [assign] (d w).length := 2
[grind] Diagnostics
  [thm] E-Matching instances
    [thm] Set.mem_setOf_eq ↦ 1
    [thm] Set.setOf_false ↦ 1
    [thm] Set.setOf_true ↦ 1
[2026-01-10 23:14:55] [INFO] Proof verification completed
[2026-01-10 23:14:55] [INFO] Strategy grind attempt 1: verified=False
[2026-01-10 23:14:55] [INFO] Verification message: Cannot build modified file: <error line="19" column="2">
<code_line>  grind</code_line>
<message>error: `grind` failed</message>
</error>
case grind.1.1.1.1.1
h :
  ¬{n | 2 ≤ n ∧ ¬Nat.Prime n ∧ ∀ (i : ℕ) (hi : i + 1 ≤ (d n).length - 2), (d n)[i] ∣ (d n)[i + 1] + (d n)[i + 2]} =
      answer
w : ℕ
h_1 :
  (w ∈ {n | 2 ≤ n ∧ ¬Nat.Prime n ∧ ∀ (i : ℕ) (hi : i + 1 ≤ (d n).length - 2), (d n)[i] ∣ (d n)[i + 1] + (d n)[i + 2]}) =
    (w ∉ answer)
left :
  w ∈ {n | 2 ≤ n ∧ ¬Nat.Prime n ∧ ∀ (i : ℕ) (hi : i + 1 ≤ (d n).length - 2), (d n)[i] ∣ (d n)[i + 1] + (d n)[i + 2]}
right : w ∉ answer
h_3 : -1 * ↑(d w).length + 2 ≤ 0
h_4 : {_a | False} = Set.univ
h_5 :
  {_x | True} = fun n =>
    2 ≤ n ∧ ¬Nat.Prime n ∧ ∀ (i : ℕ) (hi : i + 1 ≤ (d n).length - 2), (d n)[i] ∣ (d n)[i + 1] + (d n)[i + 2]
h_6 :
  {_a | False} = fun n =>
    2 ≤ n ∧ ¬Nat.Prime n ∧ ∀ (i : ℕ) (hi : i + 1 ≤ (d n).length - 2), (d n)[i] ∣ (d n)[i + 1] + (d n)[i + 2]
⊢ False
[grind] Goal diagnostics
  [facts] Asserted facts
    [prop] ¬{n |
              2 ≤ n ∧
                ¬Nat.Prime n ∧ ∀ (i : ℕ) (hi : i + 1 ≤ (d n).length - 2), (d n)[i] ∣ (d n)[i + 1] + (d n)[i + 2]} =
            answer
    [prop] ∃ x,
          (x ∈
              {n |
                2 ≤ n ∧
                  ¬Nat.Prime n ∧ ∀ (i : ℕ) (hi : i + 1 ≤ (d n).length - 2), (d n)[i] ∣ (d n)[i + 1] + (d n)[i + 2]}) =
            (x ∉ answer)
    [prop] {_x | True} = Set.univ
    [prop] {_a | False} = ∅
    [prop] (w ∈
            {n |
              2 ≤ n ∧
                ¬Nat.Prime n ∧ ∀ (i : ℕ) (hi : i + 1 ≤ (d n).length - 2), (d n)[i] ∣ (d n)[i + 1] + (d n)[i + 2]}) =
          (w ∉ answer)
    [prop] (w ∈
            {n |
              2 ≤ n ∧
                ¬Nat.Prime n ∧ ∀ (i : ℕ) (hi : i + 1 ≤ (d n).length - 2), (d n)[i] ∣ (d n)[i + 1] + (d n)[i + 2]}) =
          (2 ≤ w ∧ ¬Nat.Prime w ∧ ∀ (i : ℕ) (hi : i + 1 ≤ (d w).length - 2), (d w)[i] ∣ (d w)[i + 1] + (d w)[i + 2])
    [prop] w ∈
          {n | 2 ≤ n ∧ ¬Nat.Prime n ∧ ∀ (i : ℕ) (hi : i + 1 ≤ (d n).length - 2), (d n)[i] ∣ (d n)[i + 1] + (d n)[i + 2]}
    [prop] ↑((d w).length - 2) = if -1 * ↑(d w).length + 2 ≤ 0 then ↑(d w).length + -2 else 0
    [prop] w ∉ answer
    [prop] -1 * ↑(d w).length + 2 ≤ 0
    [prop] {_a | False} = Set.univ
    [prop] {_x | True} = fun n =>
          2 ≤ n ∧ ¬Nat.Prime n ∧ ∀ (i : ℕ) (hi : i + 1 ≤ (d n).length - 2), (d n)[i] ∣ (d n)[i + 1] + (d n)[i + 2]
    [prop] {_a | False} = fun n =>
          2 ≤ n ∧ ¬Nat.Prime n ∧ ∀ (i : ℕ) (hi : i + 1 ≤ (d n).length - 2), (d n)[i] ∣ (d n)[i + 1] + (d n)[i + 2]
  [eqc] True propositions
    [prop] -1 * ↑(d w).length + 2 ≤ 0
    [prop] w ∉ answer
    [prop] ∃ x,
          (x ∈
              {n |
                2 ≤ n ∧
                  ¬Nat.Prime n ∧ ∀ (i : ℕ) (hi : i + 1 ≤ (d n).length - 2), (d n)[i] ∣ (d n)[i + 1] + (d n)[i + 2]}) =
            (x ∉ answer)
    [prop] (w ∈
            {n |
              2 ≤ n ∧
                ¬Nat.Prime n ∧ ∀ (i : ℕ) (hi : i + 1 ≤ (d n).length - 2), (d n)[i] ∣ (d n)[i + 1] + (d n)[i + 2]}) =
          (w ∉ answer)
    [prop] w ∈
          {n | 2 ≤ n ∧ ¬Nat.Prime n ∧ ∀ (i : ℕ) (hi : i + 1 ≤ (d n).length - 2), (d n)[i] ∣ (d n)[i + 1] + (d n)[i + 2]}
    [prop] ¬Nat.Prime w
    [prop] ¬Nat.Prime w ∧ ∀ (i : ℕ) (hi : i + 1 ≤ (d w).length - 2), (d w)[i] ∣ (d w)[i + 1] + (d w)[i + 2]
    [prop] 2 ≤ w ∧ ¬Nat.Prime w ∧ ∀ (i : ℕ) (hi : i + 1 ≤ (d w).length - 2), (d w)[i] ∣ (d w)[i + 1] + (d w)[i + 2]
    [prop] (w ∈
            {n |
              2 ≤ n ∧
                ¬Nat.Prime n ∧ ∀ (i : ℕ) (hi : i + 1 ≤ (d n).length - 2), (d n)[i] ∣ (d n)[i + 1] + (d n)[i + 2]}) =
          (2 ≤ w ∧ ¬Nat.Prime w ∧ ∀ (i : ℕ) (hi : i + 1 ≤ (d w).length - 2), (d w)[i] ∣ (d w)[i + 1] + (d w)[i + 2])
    [prop] 2 ≤ w
    [prop] ∀ (i : ℕ) (hi : i + 1 ≤ (d w).length - 2), (d w)[i] ∣ (d w)[i + 1] + (d w)[i + 2]
  [eqc] False propositions
    [prop] {n |
            2 ≤ n ∧ ¬Nat.Prime n ∧ ∀ (i : ℕ) (hi : i + 1 ≤ (d n).length - 2), (d n)[i] ∣ (d n)[i + 1] + (d n)[i + 2]} =
          answer
    [prop] w ∈ answer
    [prop] Nat.Prime w
  [eqc] Equivalence classes
    [eqc] {fun n =>
          2 ≤ n ∧ ¬Nat.Prime n ∧ ∀ (i : ℕ) (hi : i + 1 ≤ (d n).length - 2), (d n)[i] ∣ (d n)[i + 1] + (d n)[i + 2],
        Set.univ,
        ∅,
        {_a | False},
        {_x | True}}
    [eqc] others
      [eqc] {if -1 * ↑(d w).length + 2 ≤ 0 then ↑(d w).length + -2 else 0, ↑(d w).length + -2, ↑((d w).length - 2)}
  [cases] Case analyses
    [cases] [1/1]: ∃ x,
          (x ∈
              {n |
                2 ≤ n ∧
                  ¬Nat.Prime n ∧ ∀ (i : ℕ) (hi : i + 1 ≤ (d n).length - 2), (d n)[i] ∣ (d n)[i + 1] + (d n)[i + 2]}) =
            (x ∉ answer)
      [cases] source: Extensionality `Set.ext`
    [cases] [1/2]: (w ∈
            {n |
              2 ≤ n ∧
                ¬Nat.Prime n ∧ ∀ (i : ℕ) (hi : i + 1 ≤ (d n).length - 2), (d n)[i] ∣ (d n)[i + 1] + (d n)[i + 2]}) =
          (w ∉ answer)
      [cases] source: E-matching `Set.setOf_false`
    [cases] [1/2]: if -1 * ↑(d w).length + 2 ≤ 0 then ↑(d w).length + -2 else 0
      [cases] source: E-matching `Set.mem_setOf_eq`
    [cases] [1/2]: (fun _a => False) = fun _x => True
      [cases] source: E-matching `Set.setOf_false`
    [cases] [1/2]: (fun _x => True) = fun n =>
          2 ≤ n ∧ ¬Nat.Prime n ∧ ∀ (i : ℕ) (hi : i + 1 ≤ (d n).length - 2), (d n)[i] ∣ (d n)[i + 1] + (d n)[i + 2]
      [cases] source: E-matching `Set.setOf_true`
    [cases] [1/2]: (fun _a => False) = fun n =>
          2 ≤ n ∧ ¬Nat.Prime n ∧ ∀ (i : ℕ) (hi : i + 1 ≤ (d n).length - 2), (d n)[i] ∣ (d n)[i + 1] + (d n)[i + 2]
      [cases] source: E-matching `Set.setOf_false`
  [ematch] E-matching patterns
    [thm] Set.setOf_true: [@setOf #0 _]
    [thm] Set.setOf_false: [@setOf #0 _]
    [thm] Set.mem_empty_iff_false: [@Membership.mem #1 _ _ (@EmptyCollection.emptyCollection _ _) #0]
    [thm] Set.mem_univ: [@Membership.mem #1 _ _ (@Set.univ _) #0]
    [thm] Set.mem_setOf_eq: [@Membership.mem #2 _ _ (@setOf _ #0) #1]
    [thm] local_0: [@LE.le `[ℕ] `[instLENat] (@HAdd.hAdd `[ℕ] `[ℕ] `[ℕ] `[instHAdd] #1 `[1]) `[(d w).length - 2]]
    [thm] List.length_pos_of_mem: [@Membership.mem #3 (List _) _ #1 #2, @List.length _ #1]
    [thm] local_0: [@getElem `[List
           ℕ] `[ℕ] `[ℕ] `[fun as i => i < as.length] `[List.instGetElemNatLtLength] `[d w] #1 _]
    [thm] local_0: [@getElem `[List
           ℕ] `[ℕ] `[ℕ] `[fun as i =>
           i < as.length] `[List.instGetElemNatLtLength] `[d w] (@HAdd.hAdd `[ℕ] `[ℕ] `[ℕ] `[instHAdd] #1 `[1]) _]
    [thm] local_0: [@getElem `[List
           ℕ] `[ℕ] `[ℕ] `[fun as i =>
           i < as.length] `[List.instGetElemNatLtLength] `[d w] (@HAdd.hAdd `[ℕ] `[ℕ] `[ℕ] `[instHAdd] #1 `[2]) _]
    [thm] local_0: [@LE.le `[ℕ] `[instLENat] (#1 + 1) `[(d w).length - 2]]
    [thm] Multiset.mem_add: [@Membership.mem #3 _ _ (@HAdd.hAdd _ _ _ _ #1 #0) #2]
  [cutsat] Assignment satisfying linear constraints
    [assign] w := 2
    [assign] (d w).length := 2
[grind] Diagnostics
  [thm] E-Matching instances
    [thm] Set.mem_setOf_eq ↦ 1
    [thm] Set.setOf_false ↦ 1
    [thm] Set.setOf_true ↦ 1

[2026-01-10 23:14:55] [INFO] Attempt 1 failed verification, continuing...
[2026-01-10 23:14:55] [INFO] ========================================
[2026-01-10 23:14:55] [INFO] Trying strategy: ring (up to 1 attempts)
[2026-01-10 23:14:55] [INFO] --------------------
[2026-01-10 23:14:55] [INFO] Strategy ring, attempt 1/1
[2026-01-10 23:14:55] [INFO] Starting proof generation...
[2026-01-10 23:14:55] [INFO] Repository path: /root/repo
[2026-01-10 23:14:55] [INFO] Proof generation completed
[2026-01-10 23:14:55] [INFO] Generated proof:
[2026-01-10 23:14:55] [INFO] ring
[2026-01-10 23:14:55] [INFO] Proof length: 4 chars
[2026-01-10 23:14:55] [INFO] Starting proof verification...
[2026-01-10 23:14:55] [INFO] Verifying at: IMO/IMO2023P1.lean:19
[2026-01-10 23:14:55] [INFO] Using LEAN INTERACT verify
[2026-01-10 23:14:55] [INFO] Checking file
[2026-01-10 23:15:01] [INFO] Cannot build modified file Try this:
  [apply] ring_nf
  
  The `ring` tactic failed to close the goal. Use `ring_nf` to obtain a normal form.
    
  Note that `ring` works primarily in *commutative* rings. If you have a noncommutative ring, abelian group or module, consider using `noncomm_ring`, `abel` or `module` instead.
<error line="18" column="56">
<code_line>    (d n)[i] ∣ (d n)[i + 1] + (d n)[i + 2]} = answer := by</code_line>
<message>error: unsolved goals</message>
</error>
⊢ {n | 1 < n ∧ ¬Nat.Prime n ∧ ∀ (i : ℕ) (hi : i < (d n).length - 2), (d n)[i] ∣ (d n)[1 + i] + (d n)[2 + i]} = answer
[2026-01-10 23:15:01] [INFO] Proof verification completed
[2026-01-10 23:15:01] [INFO] Strategy ring attempt 1: verified=False
[2026-01-10 23:15:01] [INFO] Verification message: Cannot build modified file: Try this:
  [apply] ring_nf
  
  The `ring` tactic failed to close the goal. Use `ring_nf` to obtain a normal form.
    
  Note that `ring` works primarily in *commutative* rings. If you have a noncommutative ring, abelian group or module, consider using `noncomm_ring`, `abel` or `module` instead.
<error line="18" column="56">
<code_line>    (d n)[i] ∣ (d n)[i + 1] + (d n)[i + 2]} = answer := by</code_line>
<message>error: unsolved goals</message>
</error>
⊢ {n | 1 < n ∧ ¬Nat.Prime n ∧ ∀ (i : ℕ) (hi : i < (d n).length - 2), (d n)[i] ∣ (d n)[1 + i] + (d n)[2 + i]} = answer

[2026-01-10 23:15:01] [INFO] Attempt 1 failed verification, continuing...
[2026-01-10 23:15:01] [INFO] ========================================
[2026-01-10 23:15:01] [INFO] Trying strategy: norm_num (up to 1 attempts)
[2026-01-10 23:15:01] [INFO] --------------------
[2026-01-10 23:15:01] [INFO] Strategy norm_num, attempt 1/1
[2026-01-10 23:15:01] [INFO] Starting proof generation...
[2026-01-10 23:15:01] [INFO] Repository path: /root/repo
[2026-01-10 23:15:01] [INFO] Proof generation completed
[2026-01-10 23:15:01] [INFO] Generated proof:
[2026-01-10 23:15:01] [INFO] norm_num
[2026-01-10 23:15:01] [INFO] Proof length: 8 chars
[2026-01-10 23:15:01] [INFO] Starting proof verification...
[2026-01-10 23:15:01] [INFO] Verifying at: IMO/IMO2023P1.lean:19
[2026-01-10 23:15:01] [INFO] Using LEAN INTERACT verify
[2026-01-10 23:15:01] [INFO] Checking file
[2026-01-10 23:15:09] [INFO] Cannot build modified file <error line="18" column="56">
<code_line>    (d n)[i] ∣ (d n)[i + 1] + (d n)[i + 2]} = answer := by</code_line>
<message>error: unsolved goals</message>
</error>
⊢ {n | 1 < n ∧ ¬Nat.Prime n ∧ ∀ (i : ℕ) (hi : i < (d n).length - 2), (d n)[i] ∣ (d n)[i + 1] + (d n)[i + 2]} = answer
[2026-01-10 23:15:09] [INFO] Proof verification completed
[2026-01-10 23:15:09] [INFO] Strategy norm_num attempt 1: verified=False
[2026-01-10 23:15:09] [INFO] Verification message: Cannot build modified file: <error line="18" column="56">
<code_line>    (d n)[i] ∣ (d n)[i + 1] + (d n)[i + 2]} = answer := by</code_line>
<message>error: unsolved goals</message>
</error>
⊢ {n | 1 < n ∧ ¬Nat.Prime n ∧ ∀ (i : ℕ) (hi : i < (d n).length - 2), (d n)[i] ∣ (d n)[i + 1] + (d n)[i + 2]} = answer

[2026-01-10 23:15:09] [INFO] Attempt 1 failed verification, continuing...
[2026-01-10 23:15:09] [INFO] ========================================
[2026-01-10 23:15:09] [INFO] Trying strategy: omega (up to 1 attempts)
[2026-01-10 23:15:09] [INFO] --------------------
[2026-01-10 23:15:09] [INFO] Strategy omega, attempt 1/1
[2026-01-10 23:15:09] [INFO] Starting proof generation...
[2026-01-10 23:15:09] [INFO] Repository path: /root/repo
[2026-01-10 23:15:09] [INFO] Proof generation completed
[2026-01-10 23:15:09] [INFO] Generated proof:
[2026-01-10 23:15:09] [INFO] omega
[2026-01-10 23:15:09] [INFO] Proof length: 5 chars
[2026-01-10 23:15:09] [INFO] Starting proof verification...
[2026-01-10 23:15:09] [INFO] Verifying at: IMO/IMO2023P1.lean:19
[2026-01-10 23:15:09] [INFO] Using LEAN INTERACT verify
[2026-01-10 23:15:09] [INFO] Checking file
[2026-01-10 23:15:15] [INFO] Cannot build modified file <error line="19" column="2">
<code_line>  omega</code_line>
<message>error: omega could not prove the goal:</message>
</error>
No usable constraints found. You may need to unfold definitions so `omega` can see linear arithmetic facts about `Nat` and `Int`, which may also involve multiplication, division, and modular remainder by constants.
[2026-01-10 23:15:15] [INFO] Proof verification completed
[2026-01-10 23:15:15] [INFO] Strategy omega attempt 1: verified=False
[2026-01-10 23:15:15] [INFO] Verification message: Cannot build modified file: <error line="19" column="2">
<code_line>  omega</code_line>
<message>error: omega could not prove the goal:</message>
</error>
No usable constraints found. You may need to unfold definitions so `omega` can see linear arithmetic facts about `Nat` and `Int`, which may also involve multiplication, division, and modular remainder by constants.

[2026-01-10 23:15:15] [INFO] Attempt 1 failed verification, continuing...
[2026-01-10 23:15:15] [INFO] ========================================
[2026-01-10 23:15:15] [INFO] Trying strategy: linarith (up to 1 attempts)
[2026-01-10 23:15:15] [INFO] --------------------
[2026-01-10 23:15:15] [INFO] Strategy linarith, attempt 1/1
[2026-01-10 23:15:15] [INFO] Starting proof generation...
[2026-01-10 23:15:15] [INFO] Repository path: /root/repo
[2026-01-10 23:15:15] [INFO] Proof generation completed
[2026-01-10 23:15:15] [INFO] Generated proof:
[2026-01-10 23:15:15] [INFO] linarith
[2026-01-10 23:15:15] [INFO] Proof length: 8 chars
[2026-01-10 23:15:15] [INFO] Starting proof verification...
[2026-01-10 23:15:15] [INFO] Verifying at: IMO/IMO2023P1.lean:19
[2026-01-10 23:15:15] [INFO] Using LEAN INTERACT verify
[2026-01-10 23:15:15] [INFO] Checking file
[2026-01-10 23:15:21] [INFO] Cannot build modified file <error line="19" column="2">
<code_line>  linarith</code_line>
<message>error: linarith failed to find a contradiction</message>
</error>
⊢ False
failed
[2026-01-10 23:15:21] [INFO] Proof verification completed
[2026-01-10 23:15:21] [INFO] Strategy linarith attempt 1: verified=False
[2026-01-10 23:15:21] [INFO] Verification message: Cannot build modified file: <error line="19" column="2">
<code_line>  linarith</code_line>
<message>error: linarith failed to find a contradiction</message>
</error>
⊢ False
failed

[2026-01-10 23:15:21] [INFO] Attempt 1 failed verification, continuing...
[2026-01-10 23:15:21] [INFO] ========================================
[2026-01-10 23:15:21] [INFO] Trying strategy: nlinarith (up to 1 attempts)
[2026-01-10 23:15:21] [INFO] --------------------
[2026-01-10 23:15:21] [INFO] Strategy nlinarith, attempt 1/1
[2026-01-10 23:15:21] [INFO] Starting proof generation...
[2026-01-10 23:15:21] [INFO] Repository path: /root/repo
[2026-01-10 23:15:21] [INFO] Proof generation completed
[2026-01-10 23:15:21] [INFO] Generated proof:
[2026-01-10 23:15:21] [INFO] nlinarith
[2026-01-10 23:15:21] [INFO] Proof length: 9 chars
[2026-01-10 23:15:21] [INFO] Starting proof verification...
[2026-01-10 23:15:21] [INFO] Verifying at: IMO/IMO2023P1.lean:19
[2026-01-10 23:15:21] [INFO] Using LEAN INTERACT verify
[2026-01-10 23:15:21] [INFO] Checking file
[2026-01-10 23:15:29] [INFO] Cannot build modified file <error line="19" column="2">
<code_line>  nlinarith</code_line>
<message>error: linarith failed to find a contradiction</message>
</error>
⊢ False
failed
[2026-01-10 23:15:29] [INFO] Proof verification completed
[2026-01-10 23:15:29] [INFO] Strategy nlinarith attempt 1: verified=False
[2026-01-10 23:15:29] [INFO] Verification message: Cannot build modified file: <error line="19" column="2">
<code_line>  nlinarith</code_line>
<message>error: linarith failed to find a contradiction</message>
</error>
⊢ False
failed

[2026-01-10 23:15:29] [INFO] Attempt 1 failed verification, continuing...
[2026-01-10 23:15:29] [INFO] ========================================
[2026-01-10 23:15:29] [INFO] Trying strategy: aesop (up to 1 attempts)
[2026-01-10 23:15:29] [INFO] --------------------
[2026-01-10 23:15:29] [INFO] Strategy aesop, attempt 1/1
[2026-01-10 23:15:29] [INFO] Starting proof generation...
[2026-01-10 23:15:29] [INFO] Repository path: /root/repo
[2026-01-10 23:15:29] [INFO] Proof generation completed
[2026-01-10 23:15:29] [INFO] Generated proof:
[2026-01-10 23:15:29] [INFO] aesop
[2026-01-10 23:15:29] [INFO] Proof length: 5 chars
[2026-01-10 23:15:29] [INFO] Starting proof verification...
[2026-01-10 23:15:29] [INFO] Verifying at: IMO/IMO2023P1.lean:19
[2026-01-10 23:15:29] [INFO] Using LEAN INTERACT verify
[2026-01-10 23:15:29] [INFO] Checking file
[2026-01-10 23:15:39] [INFO] Cannot build modified file <error line="19" column="2">
<code_line>  aesop</code_line>
<message>error: tactic 'aesop' failed, made no progress</message>
</error>
Initial goal:
  ⊢ {n | 1 < n ∧ ¬Nat.Prime n ∧ ∀ (i : ℕ) (hi : i < (d n).length - 2), (d n)[i] ∣ (d n)[i + 1] + (d n)[i + 2]} = answer
[2026-01-10 23:15:39] [INFO] Proof verification completed
[2026-01-10 23:15:39] [INFO] Strategy aesop attempt 1: verified=False
[2026-01-10 23:15:39] [INFO] Verification message: Cannot build modified file: <error line="19" column="2">
<code_line>  aesop</code_line>
<message>error: tactic 'aesop' failed, made no progress</message>
</error>
Initial goal:
  ⊢ {n | 1 < n ∧ ¬Nat.Prime n ∧ ∀ (i : ℕ) (hi : i < (d n).length - 2), (d n)[i] ∣ (d n)[i + 1] + (d n)[i + 2]} = answer

[2026-01-10 23:15:39] [INFO] Attempt 1 failed verification, continuing...
[2026-01-10 23:15:39] [INFO] ========================================
[2026-01-10 23:15:39] [INFO] Pass@k completed. Total results: 1
[2026-01-10 23:15:39] [INFO] FAILED: All 11 strategies x 1 attempts
[2026-01-10 23:15:39] [INFO] Writing results to file: /root/repo/result.json
[2026-01-10 23:15:39] [INFO] Result file written successfully
[2026-01-10 23:15:39] [INFO] Results exported to: /root/repo/result.json
[2026-01-10 23:15:39] [INFO] run_morphcloud_local.py completed successfully

[2026-01-10 23:15:40] [process_single_sorry] Downloading result file...
[2026-01-10 23:15:41] [process_single_sorry] Downloaded result to intermediate_experiment_outputs_full_reservoir/multi_tactic/2026-01-10_20-46-34_multi_tactic/individual/92e2cc62548951340ce1293710d6f8766cb24fef843347a69ff79532fc619e92.json
[2026-01-10 23:15:44] [process_single_sorry] Instance context closed successfully
[2026-01-10 23:15:44] [process_single_sorry] Parsing result file...
[2026-01-10 23:15:44] [process_single_sorry] Successfully parsed result (list format, 1 results)
