[2026-01-10 20:56:46] [process_single_sorry] Starting for sorry 934113435b8c6c79914998127793e0200bf36f1bcdafb0d4f99ca53f97be7709
[2026-01-10 20:56:46] [process_single_sorry] Using snapshot: snapshot_aegmss33
[2026-01-10 20:56:46] [process_single_sorry] Repository: https://github.com/AlexKontorovich/RealAnalysisGame@5584aa22464f92f62be91f5e280b157a8e49ff92
[2026-01-10 20:56:46] [process_single_sorry] Instance name: RealAnalysisGame_5584aa22464f_multi_tactic_934113435b8c6c79914998127793e0200bf36f1bcdafb0d4f99ca53f97be7709
[2026-01-10 20:56:46] [process_single_sorry] Starting attempt 1/3
[2026-01-10 20:56:46] [process_single_sorry] Starting instance from snapshot...
[2026-01-10 20:56:54] [process_single_sorry] Instance started successfully: morphvm_gdutkm31
[2026-01-10 20:56:54] [process_single_sorry] Creating .env file...
[2026-01-10 20:57:39] [process_single_sorry] .env file created (exit_code: 0)
[2026-01-10 20:57:39] [process_single_sorry] Executing agent command...
[2026-01-10 21:12:44] [process_single_sorry] Retryable error on attempt 1/3: TimeoutError: Command execution timed out after 900 seconds
[2026-01-10 21:12:44] [process_single_sorry] Waiting 2 seconds before retry...
[2026-01-10 21:12:46] [process_single_sorry] Starting attempt 2/3
[2026-01-10 21:12:46] [process_single_sorry] Starting instance from snapshot...
[2026-01-10 21:12:47] [process_single_sorry] Instance started successfully: morphvm_vb45ngyr
[2026-01-10 21:12:47] [process_single_sorry] Creating .env file...
[2026-01-10 21:12:53] [process_single_sorry] .env file created (exit_code: 0)
[2026-01-10 21:12:53] [process_single_sorry] Executing agent command...
[2026-01-10 21:27:56] [process_single_sorry] Retryable error on attempt 2/3: TimeoutError: 
[2026-01-10 21:27:56] [process_single_sorry] Waiting 2 seconds before retry...
[2026-01-10 21:27:58] [process_single_sorry] Starting attempt 3/3
[2026-01-10 21:27:58] [process_single_sorry] Starting instance from snapshot...
[2026-01-10 21:27:59] [process_single_sorry] Instance started successfully: morphvm_r5mnyimd
[2026-01-10 21:27:59] [process_single_sorry] Creating .env file...
[2026-01-10 21:28:06] [process_single_sorry] .env file created (exit_code: 0)
[2026-01-10 21:28:06] [process_single_sorry] Executing agent command...
[2026-01-10 21:43:10] [process_single_sorry] Retryable error on attempt 3/3: TimeoutError: 
[2026-01-10 21:43:10] [process_single_sorry] All 3 attempts exhausted
