[2026-01-11 00:12:49] [process_single_sorry] Starting for sorry 9a3e25e5e174a364e0a70f65d5d98a4c65534b223861dcbf83b63fe8b4151787
[2026-01-11 00:12:49] [process_single_sorry] Using snapshot: snapshot_qhmuaync
[2026-01-11 00:12:49] [process_single_sorry] Repository: https://github.com/google-deepmind/formal-conjectures@bb9707a10433cc4302b5557b28ca2abc10bd8a63
[2026-01-11 00:12:49] [process_single_sorry] Instance name: formal-conjectures_bb9707a10433_multi_tactic_9a3e25e5e174a364e0a70f65d5d98a4c65534b223861dcbf83b63fe8b4151787
[2026-01-11 00:12:49] [process_single_sorry] Starting attempt 1/3
[2026-01-11 00:12:49] [process_single_sorry] Starting instance from snapshot...
[2026-01-11 00:12:49] [process_single_sorry] Instance started successfully: morphvm_8q94e3jk
[2026-01-11 00:12:49] [process_single_sorry] Creating .env file...
[2026-01-11 00:13:02] [process_single_sorry] .env file created (exit_code: 0)
[2026-01-11 00:13:02] [process_single_sorry] Executing agent command...
[2026-01-11 00:14:24] [process_single_sorry] Agent command completed (exit_code: 0)
[2026-01-11 00:14:24] [process_single_sorry] STDOUT:

Results JSON:
[
  {
    "sorry": {
      "repo": {
        "remote": "https://github.com/google-deepmind/formal-conjectures",
        "branch": "more_erdos_124",
        "commit": "bb9707a10433cc4302b5557b28ca2abc10bd8a63",
        "lean_version": "v4.22.0"
      },
      "location": {
        "path": "FormalConjectures/ErdosProblems/124.lean",
        "start_line": 86,
        "start_column": 2,
        "end_line": 86,
        "end_column": 7
      },
      "debug_info": {
        "goal": "D : Finset ℕ\nhD₃ : ∀ d ∈ D, 3 ≤ d\nh : ∀ᶠ (n : ℕ) in atTop, n ∈ ∑ d ∈ D, Erdos124.sumsOfDistinctPowers d 0\n⊢ 1 ≤ ∑ d ∈ D, (↑d - 1)⁻¹",
        "url": "https://github.com/google-deepmind/formal-conjectures/blob/bb9707a10433cc4302b5557b28ca2abc10bd8a63/FormalConjectures/ErdosProblems/124.lean#L86"
      },
      "metadata": {
        "blame_email_hash": "97e8591fe714",
        "blame_date": "2025-12-27T21:38:16+00:00",
        "inclusion_date": "2025-12-30T05:28:41.051224+00:00"
      },
      "id": "9a3e25e5e174a364e0a70f65d5d98a4c65534b223861dcbf83b63fe8b4151787"
    },
    "proof": null,
    "proof_verified": false,
    "feedback": null,
    "verification_message": "All 11 attempts failed (11 strategies x 1 attempts each)",
    "success": true,
    "error_type": null,
    "error_message": null,
    "strategy_name": "all_failed_k=1",
    "proof_attempts": [
      "rfl",
      "simp",
      "simp_all",
      "exact?",
      "grind",
      "ring",
      "norm_num",
      "omega",
      "linarith",
      "nlinarith",
      "aesop"
    ]
  }
]

[2026-01-11 00:14:24] [process_single_sorry] STDERR:
None of PyTorch, TensorFlow >= 2.0, or Flax have been found. Models won't be available and only tokenizers, configuration and file/data utilities can be used.
[2026-01-11 00:13:11] [INFO] ================================================================================
[2026-01-11 00:13:11] [INFO] Starting run_morphcloud_local.py
[2026-01-11 00:13:11] [INFO] ================================================================================
[2026-01-11 00:13:11] [INFO] Environment loaded
[2026-01-11 00:13:11] [INFO] Full command: /root/SorryDB/sorrydb/cli/run_morphcloud_local.py --repo-path /root/repo --sorry-json {"repo": {"remote": "https://github.com/google-deepmind/formal-conjectures", "branch": "more_erdos_124", "commit": "bb9707a10433cc4302b5557b28ca2abc10bd8a63", "lean_version": "v4.22.0"}, "location": {"path": "FormalConjectures/ErdosProblems/124.lean", "start_line": 86, "start_column": 2, "end_line": 86, "end_column": 7}, "debug_info": {"goal": "D : Finset \u2115\nhD\u2083 : \u2200 d \u2208 D, 3 \u2264 d\nh : \u2200\u1da0 (n : \u2115) in atTop, n \u2208 \u2211 d \u2208 D, Erdos124.sumsOfDistinctPowers d 0\n\u22a2 1 \u2264 \u2211 d \u2208 D, (\u2191d - 1)\u207b\u00b9", "url": "https://github.com/google-deepmind/formal-conjectures/blob/bb9707a10433cc4302b5557b28ca2abc10bd8a63/FormalConjectures/ErdosProblems/124.lean#L86"}, "metadata": {"blame_email_hash": "97e8591fe714", "blame_date": "2025-12-27T21:38:16+00:00", "inclusion_date": "2025-12-30T05:28:41.051224+00:00"}, "id": "9a3e25e5e174a364e0a70f65d5d98a4c65534b223861dcbf83b63fe8b4151787"} --agent-strategy {"name": "multi_tactic", "args": {}}
[2026-01-11 00:13:11] [INFO] Arguments parsed: repo_path=/root/repo, output_path=/root/repo/result.json
[2026-01-11 00:13:11] [INFO] Strategy spec: {"name": "multi_tactic", "args": {}}...
[2026-01-11 00:13:11] [INFO] Loading sorry data...
[2026-01-11 00:13:11] [INFO] Parsing sorry from JSON string...
[2026-01-11 00:13:11] [INFO] Sorry data parsed from JSON string
[2026-01-11 00:13:11] [INFO] Creating strategy from spec...
[2026-01-11 00:13:11] [INFO] Parsing strategy spec (length: 36 chars)
[2026-01-11 00:13:11] [INFO] Strategy name: multi_tactic
[2026-01-11 00:13:11] [INFO] Strategy args: {}
[2026-01-11 00:13:11] [INFO] Pass@k value: 1
[2026-01-11 00:13:11] [INFO] Creating strategy: multi_tactic
[2026-01-11 00:13:11] [INFO] Creating multi_tactic strategy with tactics: ['rfl', 'simp', 'simp_all', 'exact?', 'grind', 'ring', 'norm_num', 'omega', 'linarith', 'nlinarith', 'aesop']
[2026-01-11 00:13:11] [INFO] Strategies created: ['rfl', 'simp', 'simp_all', 'exact?', 'grind', 'ring', 'norm_num', 'omega', 'linarith', 'nlinarith', 'aesop']
[2026-01-11 00:13:11] [INFO] Pass@k value: 1
[2026-01-11 00:13:11] [INFO] Creating Sorry object...
[2026-01-11 00:13:11] [INFO] Sorry object created: id=9a3e25e5e174a364e0a70f65d5d98a4c65534b223861dcbf83b63fe8b4151787
[2026-01-11 00:13:11] [INFO] Sorry location: FormalConjectures/ErdosProblems/124.lean:86
[2026-01-11 00:13:11] [INFO] Context before sorry (lines 81-86):
[2026-01-11 00:13:11] [INFO]   81: Reported by Burr, Erdős, Graham, and Li [BEGL96] as an observation of Pomerance
[2026-01-11 00:13:11] [INFO]   82: -/
[2026-01-11 00:13:11] [INFO]   83: @[category research solved, AMS 11]
[2026-01-11 00:13:11] [INFO]   84: lemma erdos124.converse {D : Finset ℕ} (hD₃ : ∀ d ∈ D, 3 ≤ d)
[2026-01-11 00:13:11] [INFO]   85:     (h : ∀ᶠ n in atTop, n ∈ ∑ d ∈ D, sumsOfDistinctPowers d 0) : 1 ≤ ∑ d ∈ D, (d - 1 : ℚ)⁻¹ :=
[2026-01-11 00:13:11] [INFO]   86:   sorry
[2026-01-11 00:13:11] [INFO] Sorry line:   sorry
[2026-01-11 00:13:11] [INFO] Sorry goal: D : Finset ℕ
hD₃ : ∀ d ∈ D, 3 ≤ d
h : ∀ᶠ (n : ℕ) in atTop, n ∈ ∑ d ∈ D, Erdos124.sumsOfDistinctPower...
[2026-01-11 00:13:11] [INFO] ========================================
[2026-01-11 00:13:11] [INFO] Trying strategy: rfl (up to 1 attempts)
[2026-01-11 00:13:11] [INFO] --------------------
[2026-01-11 00:13:11] [INFO] Strategy rfl, attempt 1/1
[2026-01-11 00:13:11] [INFO] Starting proof generation...
[2026-01-11 00:13:11] [INFO] Repository path: /root/repo
[2026-01-11 00:13:11] [INFO] Proof generation completed
[2026-01-11 00:13:11] [INFO] Generated proof:
[2026-01-11 00:13:11] [INFO] rfl
[2026-01-11 00:13:11] [INFO] Proof length: 3 chars
[2026-01-11 00:13:11] [INFO] Starting proof verification...
[2026-01-11 00:13:11] [INFO] Verifying at: FormalConjectures/ErdosProblems/124.lean:86
[2026-01-11 00:13:11] [INFO] Using LEAN INTERACT verify
[2026-01-11 00:13:11] [INFO] Checking file
[2026-01-11 00:13:35] [INFO] Cannot build modified file <error line="75" column="0">
<code_line>/--</code_line>
<message>error: Not a definitional equality: the left-hand side</message>
</error>
  (∑ d ∈ D, (↑d - 1)⁻¹).blt 1
is not definitionally equal to the right-hand side
  false
<error line="86" column="2">
<code_line>  rfl</code_line>
<message>error: type mismatch</message>
</error>
  rfl
has type
  ?m.3453 = ?m.3453 : Prop
but is expected to have type
  1 ≤ ∑ d ∈ D, (↑d - 1)⁻¹ : Prop
[2026-01-11 00:13:35] [INFO] Proof verification completed
[2026-01-11 00:13:35] [INFO] Strategy rfl attempt 1: verified=False
[2026-01-11 00:13:35] [INFO] Verification message: Cannot build modified file: <error line="75" column="0">
<code_line>/--</code_line>
<message>error: Not a definitional equality: the left-hand side</message>
</error>
  (∑ d ∈ D, (↑d - 1)⁻¹).blt 1
is not definitionally equal to the right-hand side
  false
<error line="86" column="2">
<code_line>  rfl</code_line>
<message>error: type mismatch</message>
</error>
  rfl
has type
  ?m.3453 = ?m.3453 : Prop
but is expected to have type
  1 ≤ ∑ d ∈ D, (↑d - 1)⁻¹ : Prop

[2026-01-11 00:13:35] [INFO] Attempt 1 failed verification, continuing...
[2026-01-11 00:13:35] [INFO] ========================================
[2026-01-11 00:13:35] [INFO] Trying strategy: simp (up to 1 attempts)
[2026-01-11 00:13:35] [INFO] --------------------
[2026-01-11 00:13:35] [INFO] Strategy simp, attempt 1/1
[2026-01-11 00:13:35] [INFO] Starting proof generation...
[2026-01-11 00:13:35] [INFO] Repository path: /root/repo
[2026-01-11 00:13:35] [INFO] Proof generation completed
[2026-01-11 00:13:35] [INFO] Generated proof:
[2026-01-11 00:13:35] [INFO] simp
[2026-01-11 00:13:35] [INFO] Proof length: 4 chars
[2026-01-11 00:13:35] [INFO] Starting proof verification...
[2026-01-11 00:13:35] [INFO] Verifying at: FormalConjectures/ErdosProblems/124.lean:86
[2026-01-11 00:13:35] [INFO] Using LEAN INTERACT verify
[2026-01-11 00:13:35] [INFO] Checking file
[2026-01-11 00:13:39] [INFO] Cannot build modified file <error line="86" column="2">
<code_line>  simp</code_line>
<message>error: unknown identifier 'simp'</message>
</error>
[2026-01-11 00:13:39] [INFO] Proof verification completed
[2026-01-11 00:13:39] [INFO] Strategy simp attempt 1: verified=False
[2026-01-11 00:13:39] [INFO] Verification message: Cannot build modified file: <error line="86" column="2">
<code_line>  simp</code_line>
<message>error: unknown identifier 'simp'</message>
</error>

[2026-01-11 00:13:39] [INFO] Attempt 1 failed verification, continuing...
[2026-01-11 00:13:39] [INFO] ========================================
[2026-01-11 00:13:39] [INFO] Trying strategy: simp_all (up to 1 attempts)
[2026-01-11 00:13:39] [INFO] --------------------
[2026-01-11 00:13:39] [INFO] Strategy simp_all, attempt 1/1
[2026-01-11 00:13:39] [INFO] Starting proof generation...
[2026-01-11 00:13:39] [INFO] Repository path: /root/repo
[2026-01-11 00:13:39] [INFO] Proof generation completed
[2026-01-11 00:13:39] [INFO] Generated proof:
[2026-01-11 00:13:39] [INFO] simp_all
[2026-01-11 00:13:39] [INFO] Proof length: 8 chars
[2026-01-11 00:13:39] [INFO] Starting proof verification...
[2026-01-11 00:13:39] [INFO] Verifying at: FormalConjectures/ErdosProblems/124.lean:86
[2026-01-11 00:13:39] [INFO] Using LEAN INTERACT verify
[2026-01-11 00:13:39] [INFO] Checking file
[2026-01-11 00:13:45] [INFO] Cannot build modified file <error line="86" column="2">
<code_line>  simp_all</code_line>
<message>error: unknown identifier 'simp_all'</message>
</error>
[2026-01-11 00:13:45] [INFO] Proof verification completed
[2026-01-11 00:13:45] [INFO] Strategy simp_all attempt 1: verified=False
[2026-01-11 00:13:45] [INFO] Verification message: Cannot build modified file: <error line="86" column="2">
<code_line>  simp_all</code_line>
<message>error: unknown identifier 'simp_all'</message>
</error>

[2026-01-11 00:13:45] [INFO] Attempt 1 failed verification, continuing...
[2026-01-11 00:13:45] [INFO] ========================================
[2026-01-11 00:13:45] [INFO] Trying strategy: exact? (up to 1 attempts)
[2026-01-11 00:13:45] [INFO] --------------------
[2026-01-11 00:13:45] [INFO] Strategy exact?, attempt 1/1
[2026-01-11 00:13:45] [INFO] Starting proof generation...
[2026-01-11 00:13:45] [INFO] Repository path: /root/repo
[2026-01-11 00:13:45] [INFO] Proof generation completed
[2026-01-11 00:13:45] [INFO] Generated proof:
[2026-01-11 00:13:45] [INFO] exact?
[2026-01-11 00:13:45] [INFO] Proof length: 6 chars
[2026-01-11 00:13:45] [INFO] Starting proof verification...
[2026-01-11 00:13:45] [INFO] Verifying at: FormalConjectures/ErdosProblems/124.lean:86
[2026-01-11 00:13:45] [INFO] Using LEAN INTERACT verify
[2026-01-11 00:13:45] [INFO] Checking file
[2026-01-11 00:13:49] [INFO] Cannot build modified file <error line="86" column="2">
<code_line>  exact?</code_line>
<message>error: unknown identifier 'exact?'</message>
</error>
[2026-01-11 00:13:49] [INFO] Proof verification completed
[2026-01-11 00:13:49] [INFO] Strategy exact? attempt 1: verified=False
[2026-01-11 00:13:49] [INFO] Verification message: Cannot build modified file: <error line="86" column="2">
<code_line>  exact?</code_line>
<message>error: unknown identifier 'exact?'</message>
</error>

[2026-01-11 00:13:49] [INFO] Attempt 1 failed verification, continuing...
[2026-01-11 00:13:49] [INFO] ========================================
[2026-01-11 00:13:49] [INFO] Trying strategy: grind (up to 1 attempts)
[2026-01-11 00:13:49] [INFO] --------------------
[2026-01-11 00:13:49] [INFO] Strategy grind, attempt 1/1
[2026-01-11 00:13:49] [INFO] Starting proof generation...
[2026-01-11 00:13:49] [INFO] Repository path: /root/repo
[2026-01-11 00:13:49] [INFO] Proof generation completed
[2026-01-11 00:13:49] [INFO] Generated proof:
[2026-01-11 00:13:49] [INFO] grind
[2026-01-11 00:13:49] [INFO] Proof length: 5 chars
[2026-01-11 00:13:49] [INFO] Starting proof verification...
[2026-01-11 00:13:49] [INFO] Verifying at: FormalConjectures/ErdosProblems/124.lean:86
[2026-01-11 00:13:49] [INFO] Using LEAN INTERACT verify
[2026-01-11 00:13:49] [INFO] Checking file
[2026-01-11 00:13:54] [INFO] Cannot build modified file <error line="86" column="2">
<code_line>  grind</code_line>
<message>error: unknown identifier 'grind'</message>
</error>
[2026-01-11 00:13:54] [INFO] Proof verification completed
[2026-01-11 00:13:54] [INFO] Strategy grind attempt 1: verified=False
[2026-01-11 00:13:54] [INFO] Verification message: Cannot build modified file: <error line="86" column="2">
<code_line>  grind</code_line>
<message>error: unknown identifier 'grind'</message>
</error>

[2026-01-11 00:13:54] [INFO] Attempt 1 failed verification, continuing...
[2026-01-11 00:13:54] [INFO] ========================================
[2026-01-11 00:13:54] [INFO] Trying strategy: ring (up to 1 attempts)
[2026-01-11 00:13:54] [INFO] --------------------
[2026-01-11 00:13:54] [INFO] Strategy ring, attempt 1/1
[2026-01-11 00:13:54] [INFO] Starting proof generation...
[2026-01-11 00:13:54] [INFO] Repository path: /root/repo
[2026-01-11 00:13:54] [INFO] Proof generation completed
[2026-01-11 00:13:54] [INFO] Generated proof:
[2026-01-11 00:13:54] [INFO] ring
[2026-01-11 00:13:54] [INFO] Proof length: 4 chars
[2026-01-11 00:13:54] [INFO] Starting proof verification...
[2026-01-11 00:13:54] [INFO] Verifying at: FormalConjectures/ErdosProblems/124.lean:86
[2026-01-11 00:13:54] [INFO] Using LEAN INTERACT verify
[2026-01-11 00:13:54] [INFO] Checking file
[2026-01-11 00:14:00] [INFO] Cannot build modified file <error line="86" column="2">
<code_line>  ring</code_line>
<message>error: unknown identifier 'ring'</message>
</error>
[2026-01-11 00:14:00] [INFO] Proof verification completed
[2026-01-11 00:14:00] [INFO] Strategy ring attempt 1: verified=False
[2026-01-11 00:14:00] [INFO] Verification message: Cannot build modified file: <error line="86" column="2">
<code_line>  ring</code_line>
<message>error: unknown identifier 'ring'</message>
</error>

[2026-01-11 00:14:00] [INFO] Attempt 1 failed verification, continuing...
[2026-01-11 00:14:00] [INFO] ========================================
[2026-01-11 00:14:00] [INFO] Trying strategy: norm_num (up to 1 attempts)
[2026-01-11 00:14:00] [INFO] --------------------
[2026-01-11 00:14:00] [INFO] Strategy norm_num, attempt 1/1
[2026-01-11 00:14:00] [INFO] Starting proof generation...
[2026-01-11 00:14:00] [INFO] Repository path: /root/repo
[2026-01-11 00:14:00] [INFO] Proof generation completed
[2026-01-11 00:14:00] [INFO] Generated proof:
[2026-01-11 00:14:00] [INFO] norm_num
[2026-01-11 00:14:00] [INFO] Proof length: 8 chars
[2026-01-11 00:14:00] [INFO] Starting proof verification...
[2026-01-11 00:14:00] [INFO] Verifying at: FormalConjectures/ErdosProblems/124.lean:86
[2026-01-11 00:14:00] [INFO] Using LEAN INTERACT verify
[2026-01-11 00:14:00] [INFO] Checking file
[2026-01-11 00:14:05] [INFO] Cannot build modified file <error line="86" column="2">
<code_line>  norm_num</code_line>
<message>error: type mismatch</message>
</error>
  norm_num
has type
  Lean.ParserDescr : Type
but is expected to have type
  1 ≤ ∑ d ∈ D, (↑d - 1)⁻¹ : Prop
[2026-01-11 00:14:05] [INFO] Proof verification completed
[2026-01-11 00:14:05] [INFO] Strategy norm_num attempt 1: verified=False
[2026-01-11 00:14:05] [INFO] Verification message: Cannot build modified file: <error line="86" column="2">
<code_line>  norm_num</code_line>
<message>error: type mismatch</message>
</error>
  norm_num
has type
  Lean.ParserDescr : Type
but is expected to have type
  1 ≤ ∑ d ∈ D, (↑d - 1)⁻¹ : Prop

[2026-01-11 00:14:05] [INFO] Attempt 1 failed verification, continuing...
[2026-01-11 00:14:05] [INFO] ========================================
[2026-01-11 00:14:05] [INFO] Trying strategy: omega (up to 1 attempts)
[2026-01-11 00:14:05] [INFO] --------------------
[2026-01-11 00:14:05] [INFO] Strategy omega, attempt 1/1
[2026-01-11 00:14:05] [INFO] Starting proof generation...
[2026-01-11 00:14:05] [INFO] Repository path: /root/repo
[2026-01-11 00:14:05] [INFO] Proof generation completed
[2026-01-11 00:14:05] [INFO] Generated proof:
[2026-01-11 00:14:05] [INFO] omega
[2026-01-11 00:14:05] [INFO] Proof length: 5 chars
[2026-01-11 00:14:05] [INFO] Starting proof verification...
[2026-01-11 00:14:05] [INFO] Verifying at: FormalConjectures/ErdosProblems/124.lean:86
[2026-01-11 00:14:05] [INFO] Using LEAN INTERACT verify
[2026-01-11 00:14:05] [INFO] Checking file
[2026-01-11 00:14:09] [INFO] Cannot build modified file <error line="86" column="2">
<code_line>  omega</code_line>
<message>error: unknown identifier 'omega'</message>
</error>
[2026-01-11 00:14:09] [INFO] Proof verification completed
[2026-01-11 00:14:09] [INFO] Strategy omega attempt 1: verified=False
[2026-01-11 00:14:09] [INFO] Verification message: Cannot build modified file: <error line="86" column="2">
<code_line>  omega</code_line>
<message>error: unknown identifier 'omega'</message>
</error>

[2026-01-11 00:14:09] [INFO] Attempt 1 failed verification, continuing...
[2026-01-11 00:14:09] [INFO] ========================================
[2026-01-11 00:14:09] [INFO] Trying strategy: linarith (up to 1 attempts)
[2026-01-11 00:14:09] [INFO] --------------------
[2026-01-11 00:14:09] [INFO] Strategy linarith, attempt 1/1
[2026-01-11 00:14:09] [INFO] Starting proof generation...
[2026-01-11 00:14:09] [INFO] Repository path: /root/repo
[2026-01-11 00:14:09] [INFO] Proof generation completed
[2026-01-11 00:14:09] [INFO] Generated proof:
[2026-01-11 00:14:09] [INFO] linarith
[2026-01-11 00:14:09] [INFO] Proof length: 8 chars
[2026-01-11 00:14:09] [INFO] Starting proof verification...
[2026-01-11 00:14:09] [INFO] Verifying at: FormalConjectures/ErdosProblems/124.lean:86
[2026-01-11 00:14:09] [INFO] Using LEAN INTERACT verify
[2026-01-11 00:14:09] [INFO] Checking file
[2026-01-11 00:14:14] [INFO] Cannot build modified file <error line="86" column="2">
<code_line>  linarith</code_line>
<message>error: unknown identifier 'linarith'</message>
</error>
[2026-01-11 00:14:14] [INFO] Proof verification completed
[2026-01-11 00:14:14] [INFO] Strategy linarith attempt 1: verified=False
[2026-01-11 00:14:14] [INFO] Verification message: Cannot build modified file: <error line="86" column="2">
<code_line>  linarith</code_line>
<message>error: unknown identifier 'linarith'</message>
</error>

[2026-01-11 00:14:14] [INFO] Attempt 1 failed verification, continuing...
[2026-01-11 00:14:14] [INFO] ========================================
[2026-01-11 00:14:14] [INFO] Trying strategy: nlinarith (up to 1 attempts)
[2026-01-11 00:14:14] [INFO] --------------------
[2026-01-11 00:14:14] [INFO] Strategy nlinarith, attempt 1/1
[2026-01-11 00:14:14] [INFO] Starting proof generation...
[2026-01-11 00:14:14] [INFO] Repository path: /root/repo
[2026-01-11 00:14:14] [INFO] Proof generation completed
[2026-01-11 00:14:14] [INFO] Generated proof:
[2026-01-11 00:14:14] [INFO] nlinarith
[2026-01-11 00:14:14] [INFO] Proof length: 9 chars
[2026-01-11 00:14:14] [INFO] Starting proof verification...
[2026-01-11 00:14:14] [INFO] Verifying at: FormalConjectures/ErdosProblems/124.lean:86
[2026-01-11 00:14:14] [INFO] Using LEAN INTERACT verify
[2026-01-11 00:14:14] [INFO] Checking file
[2026-01-11 00:14:18] [INFO] Cannot build modified file <error line="86" column="2">
<code_line>  nlinarith</code_line>
<message>error: unknown identifier 'nlinarith'</message>
</error>
[2026-01-11 00:14:18] [INFO] Proof verification completed
[2026-01-11 00:14:18] [INFO] Strategy nlinarith attempt 1: verified=False
[2026-01-11 00:14:18] [INFO] Verification message: Cannot build modified file: <error line="86" column="2">
<code_line>  nlinarith</code_line>
<message>error: unknown identifier 'nlinarith'</message>
</error>

[2026-01-11 00:14:18] [INFO] Attempt 1 failed verification, continuing...
[2026-01-11 00:14:18] [INFO] ========================================
[2026-01-11 00:14:18] [INFO] Trying strategy: aesop (up to 1 attempts)
[2026-01-11 00:14:18] [INFO] --------------------
[2026-01-11 00:14:18] [INFO] Strategy aesop, attempt 1/1
[2026-01-11 00:14:18] [INFO] Starting proof generation...
[2026-01-11 00:14:18] [INFO] Repository path: /root/repo
[2026-01-11 00:14:18] [INFO] Proof generation completed
[2026-01-11 00:14:18] [INFO] Generated proof:
[2026-01-11 00:14:18] [INFO] aesop
[2026-01-11 00:14:18] [INFO] Proof length: 5 chars
[2026-01-11 00:14:18] [INFO] Starting proof verification...
[2026-01-11 00:14:18] [INFO] Verifying at: FormalConjectures/ErdosProblems/124.lean:86
[2026-01-11 00:14:18] [INFO] Using LEAN INTERACT verify
[2026-01-11 00:14:18] [INFO] Checking file
[2026-01-11 00:14:23] [INFO] Cannot build modified file <error line="86" column="2">
<code_line>  aesop</code_line>
<message>error: unknown identifier 'aesop'</message>
</error>
[2026-01-11 00:14:23] [INFO] Proof verification completed
[2026-01-11 00:14:23] [INFO] Strategy aesop attempt 1: verified=False
[2026-01-11 00:14:23] [INFO] Verification message: Cannot build modified file: <error line="86" column="2">
<code_line>  aesop</code_line>
<message>error: unknown identifier 'aesop'</message>
</error>

[2026-01-11 00:14:23] [INFO] Attempt 1 failed verification, continuing...
[2026-01-11 00:14:23] [INFO] ========================================
[2026-01-11 00:14:23] [INFO] Pass@k completed. Total results: 1
[2026-01-11 00:14:23] [INFO] FAILED: All 11 strategies x 1 attempts
[2026-01-11 00:14:23] [INFO] Writing results to file: /root/repo/result.json
[2026-01-11 00:14:23] [INFO] Result file written successfully
[2026-01-11 00:14:23] [INFO] Results exported to: /root/repo/result.json
[2026-01-11 00:14:23] [INFO] run_morphcloud_local.py completed successfully

[2026-01-11 00:14:24] [process_single_sorry] Downloading result file...
[2026-01-11 00:14:24] [process_single_sorry] Downloaded result to intermediate_experiment_outputs_full_reservoir/multi_tactic/2026-01-10_20-46-34_multi_tactic/individual/9a3e25e5e174a364e0a70f65d5d98a4c65534b223861dcbf83b63fe8b4151787.json
[2026-01-11 00:14:26] [process_single_sorry] Instance context closed successfully
[2026-01-11 00:14:26] [process_single_sorry] Parsing result file...
[2026-01-11 00:14:26] [process_single_sorry] Successfully parsed result (list format, 1 results)
