[2026-01-11 00:11:31] [process_single_sorry] Starting for sorry a33cd802a760a38598ec0ca0bd14e46c8a5b61f9c5fe6074c48ff59d108d9e68
[2026-01-11 00:11:31] [process_single_sorry] Using snapshot: snapshot_vkb3fxe4
[2026-01-11 00:11:31] [process_single_sorry] Repository: https://github.com/Verified-zkEVM/clean@66631c4e4bd37ba3bf3acb5fcc125fc2558f6c70
[2026-01-11 00:11:31] [process_single_sorry] Instance name: clean_66631c4e4bd3_multi_tactic_a33cd802a760a38598ec0ca0bd14e46c8a5b61f9c5fe6074c48ff59d108d9e68
[2026-01-11 00:11:31] [process_single_sorry] Starting attempt 1/3
[2026-01-11 00:11:31] [process_single_sorry] Starting instance from snapshot...
[2026-01-11 00:11:36] [process_single_sorry] Instance started successfully: morphvm_sf6j6ees
[2026-01-11 00:11:36] [process_single_sorry] Creating .env file...
[2026-01-11 00:11:50] [process_single_sorry] .env file created (exit_code: 0)
[2026-01-11 00:11:50] [process_single_sorry] Executing agent command...
[2026-01-11 00:13:15] [process_single_sorry] Agent command completed (exit_code: 0)
[2026-01-11 00:13:15] [process_single_sorry] STDOUT:

Results JSON:
[
  {
    "sorry": {
      "repo": {
        "remote": "https://github.com/Verified-zkEVM/clean",
        "branch": "if-else",
        "commit": "66631c4e4bd37ba3bf3acb5fcc125fc2558f6c70",
        "lean_version": "v4.24.0"
      },
      "location": {
        "path": "Clean/Utils/Test/TestCircuitProofStart.lean",
        "start_line": 37,
        "start_column": 2,
        "end_line": 37,
        "end_column": 7
      },
      "debug_info": {
        "goal": "F : Type\ninst✝² : Field F\nInput Output : TypeMap\ninst✝¹ : ProvableType Input\ninst✝ : ProvableType Output\ncircuit : ElaboratedCircuit F Input Output\nAssumptions : Input F → Prop\ni₀ : ℕ\nenv : Environment F\ninput_var : Var Input F\nh_env : env.UsesLocalWitnessesCompleteness i₀ (ElaboratedCircuit.main input_var i₀).2\ninput : Input F\nh_input : eval env input_var = input\nh_assumptions : Assumptions input\n⊢ ConstraintsHold.Completeness env (ElaboratedCircuit.main input_var i₀).2",
        "url": "https://github.com/Verified-zkEVM/clean/blob/66631c4e4bd37ba3bf3acb5fcc125fc2558f6c70/Clean/Utils/Test/TestCircuitProofStart.lean#L37"
      },
      "metadata": {
        "blame_email_hash": "57adedd38fb4",
        "blame_date": "2025-07-21T12:01:01+01:00",
        "inclusion_date": "2025-12-29T23:45:18.901876+00:00"
      },
      "id": "a33cd802a760a38598ec0ca0bd14e46c8a5b61f9c5fe6074c48ff59d108d9e68"
    },
    "proof": null,
    "proof_verified": false,
    "feedback": null,
    "verification_message": "All 11 attempts failed (11 strategies x 1 attempts each)",
    "success": true,
    "error_type": null,
    "error_message": null,
    "strategy_name": "all_failed_k=1",
    "proof_attempts": [
      "rfl",
      "simp",
      "simp_all",
      "exact?",
      "grind",
      "ring",
      "norm_num",
      "omega",
      "linarith",
      "nlinarith",
      "aesop"
    ]
  }
]

[2026-01-11 00:13:15] [process_single_sorry] STDERR:
None of PyTorch, TensorFlow >= 2.0, or Flax have been found. Models won't be available and only tokenizers, configuration and file/data utilities can be used.
[2026-01-11 00:12:10] [INFO] ================================================================================
[2026-01-11 00:12:10] [INFO] Starting run_morphcloud_local.py
[2026-01-11 00:12:10] [INFO] ================================================================================
[2026-01-11 00:12:10] [INFO] Environment loaded
[2026-01-11 00:12:10] [INFO] Full command: /root/SorryDB/sorrydb/cli/run_morphcloud_local.py --repo-path /root/repo --sorry-json {"repo": {"remote": "https://github.com/Verified-zkEVM/clean", "branch": "if-else", "commit": "66631c4e4bd37ba3bf3acb5fcc125fc2558f6c70", "lean_version": "v4.24.0"}, "location": {"path": "Clean/Utils/Test/TestCircuitProofStart.lean", "start_line": 37, "start_column": 2, "end_line": 37, "end_column": 7}, "debug_info": {"goal": "F : Type\ninst\u271d\u00b2 : Field F\nInput Output : TypeMap\ninst\u271d\u00b9 : ProvableType Input\ninst\u271d : ProvableType Output\ncircuit : ElaboratedCircuit F Input Output\nAssumptions : Input F \u2192 Prop\ni\u2080 : \u2115\nenv : Environment F\ninput_var : Var Input F\nh_env : env.UsesLocalWitnessesCompleteness i\u2080 (ElaboratedCircuit.main input_var i\u2080).2\ninput : Input F\nh_input : eval env input_var = input\nh_assumptions : Assumptions input\n\u22a2 ConstraintsHold.Completeness env (ElaboratedCircuit.main input_var i\u2080).2", "url": "https://github.com/Verified-zkEVM/clean/blob/66631c4e4bd37ba3bf3acb5fcc125fc2558f6c70/Clean/Utils/Test/TestCircuitProofStart.lean#L37"}, "metadata": {"blame_email_hash": "57adedd38fb4", "blame_date": "2025-07-21T12:01:01+01:00", "inclusion_date": "2025-12-29T23:45:18.901876+00:00"}, "id": "a33cd802a760a38598ec0ca0bd14e46c8a5b61f9c5fe6074c48ff59d108d9e68"} --agent-strategy {"name": "multi_tactic", "args": {}}
[2026-01-11 00:12:10] [INFO] Arguments parsed: repo_path=/root/repo, output_path=/root/repo/result.json
[2026-01-11 00:12:10] [INFO] Strategy spec: {"name": "multi_tactic", "args": {}}...
[2026-01-11 00:12:10] [INFO] Loading sorry data...
[2026-01-11 00:12:10] [INFO] Parsing sorry from JSON string...
[2026-01-11 00:12:10] [INFO] Sorry data parsed from JSON string
[2026-01-11 00:12:10] [INFO] Creating strategy from spec...
[2026-01-11 00:12:10] [INFO] Parsing strategy spec (length: 36 chars)
[2026-01-11 00:12:10] [INFO] Strategy name: multi_tactic
[2026-01-11 00:12:10] [INFO] Strategy args: {}
[2026-01-11 00:12:10] [INFO] Pass@k value: 1
[2026-01-11 00:12:10] [INFO] Creating strategy: multi_tactic
[2026-01-11 00:12:10] [INFO] Creating multi_tactic strategy with tactics: ['rfl', 'simp', 'simp_all', 'exact?', 'grind', 'ring', 'norm_num', 'omega', 'linarith', 'nlinarith', 'aesop']
[2026-01-11 00:12:10] [INFO] Strategies created: ['rfl', 'simp', 'simp_all', 'exact?', 'grind', 'ring', 'norm_num', 'omega', 'linarith', 'nlinarith', 'aesop']
[2026-01-11 00:12:10] [INFO] Pass@k value: 1
[2026-01-11 00:12:10] [INFO] Creating Sorry object...
[2026-01-11 00:12:10] [INFO] Sorry object created: id=a33cd802a760a38598ec0ca0bd14e46c8a5b61f9c5fe6074c48ff59d108d9e68
[2026-01-11 00:12:10] [INFO] Sorry location: Clean/Utils/Test/TestCircuitProofStart.lean:37
[2026-01-11 00:12:10] [INFO] Context before sorry (lines 32-37):
[2026-01-11 00:12:10] [INFO]   32:   circuit_proof_start
[2026-01-11 00:12:10] [INFO]   33:   -- At this point:
[2026-01-11 00:12:10] [INFO]   34:   -- - All standard completeness parameters have been introduced
[2026-01-11 00:12:10] [INFO]   35:   -- - provable_struct_simp has been applied
[2026-01-11 00:12:10] [INFO]   36:   -- - circuit_norm has been applied
[2026-01-11 00:12:10] [INFO]   37:   sorry
[2026-01-11 00:12:10] [INFO] Sorry line:   sorry
[2026-01-11 00:12:10] [INFO] Sorry goal: F : Type
inst✝² : Field F
Input Output : TypeMap
inst✝¹ : ProvableType Input
inst✝ : ProvableType Ou...
[2026-01-11 00:12:10] [INFO] ========================================
[2026-01-11 00:12:10] [INFO] Trying strategy: rfl (up to 1 attempts)
[2026-01-11 00:12:10] [INFO] --------------------
[2026-01-11 00:12:10] [INFO] Strategy rfl, attempt 1/1
[2026-01-11 00:12:10] [INFO] Starting proof generation...
[2026-01-11 00:12:10] [INFO] Repository path: /root/repo
[2026-01-11 00:12:10] [INFO] Proof generation completed
[2026-01-11 00:12:10] [INFO] Generated proof:
[2026-01-11 00:12:10] [INFO] rfl
[2026-01-11 00:12:10] [INFO] Proof length: 3 chars
[2026-01-11 00:12:10] [INFO] Starting proof verification...
[2026-01-11 00:12:10] [INFO] Verifying at: Clean/Utils/Test/TestCircuitProofStart.lean:37
[2026-01-11 00:12:10] [INFO] Using LEAN INTERACT verify
[2026-01-11 00:12:10] [INFO] Checking file
[2026-01-11 00:12:27] [INFO] Cannot build modified file <error line="37" column="2">
<code_line>  rfl</code_line>
<message>error: Tactic `rfl` failed: The left-hand side</message>
</error>
  env
is not definitionally equal to the right-hand side
  (ElaboratedCircuit.main input_var i₀).2

F : Type
inst✝² : Field F
Input Output : TypeMap
inst✝¹ : ProvableType Input
inst✝ : ProvableType Output
circuit : ElaboratedCircuit F Input Output
Assumptions : Input F → Prop
i₀ : ℕ
env : Environment F
input_var : Var Input F
h_env : env.UsesLocalWitnessesCompleteness i₀ (ElaboratedCircuit.main input_var i₀).2
input : Input F
h_input : eval env input_var = input
h_assumptions : Assumptions input
⊢ ConstraintsHold.Completeness env (ElaboratedCircuit.main input_var i₀).2
[2026-01-11 00:12:27] [INFO] Proof verification completed
[2026-01-11 00:12:27] [INFO] Strategy rfl attempt 1: verified=False
[2026-01-11 00:12:27] [INFO] Verification message: Cannot build modified file: <error line="37" column="2">
<code_line>  rfl</code_line>
<message>error: Tactic `rfl` failed: The left-hand side</message>
</error>
  env
is not definitionally equal to the right-hand side
  (ElaboratedCircuit.main input_var i₀).2

F : Type
inst✝² : Field F
Input Output : TypeMap
inst✝¹ : ProvableType Input
inst✝ : ProvableType Output
circuit : ElaboratedCircuit F Input Output
Assumptions : Input F → Prop
i₀ : ℕ
env : Environment F
input_var : Var Input F
h_env : env.UsesLocalWitnessesCompleteness i₀ (ElaboratedCircuit.main input_var i₀).2
input : Input F
h_input : eval env input_var = input
h_assumptions : Assumptions input
⊢ ConstraintsHold.Completeness env (ElaboratedCircuit.main input_var i₀).2

[2026-01-11 00:12:27] [INFO] Attempt 1 failed verification, continuing...
[2026-01-11 00:12:27] [INFO] ========================================
[2026-01-11 00:12:27] [INFO] Trying strategy: simp (up to 1 attempts)
[2026-01-11 00:12:27] [INFO] --------------------
[2026-01-11 00:12:27] [INFO] Strategy simp, attempt 1/1
[2026-01-11 00:12:27] [INFO] Starting proof generation...
[2026-01-11 00:12:27] [INFO] Repository path: /root/repo
[2026-01-11 00:12:27] [INFO] Proof generation completed
[2026-01-11 00:12:27] [INFO] Generated proof:
[2026-01-11 00:12:27] [INFO] simp
[2026-01-11 00:12:27] [INFO] Proof length: 4 chars
[2026-01-11 00:12:27] [INFO] Starting proof verification...
[2026-01-11 00:12:27] [INFO] Verifying at: Clean/Utils/Test/TestCircuitProofStart.lean:37
[2026-01-11 00:12:27] [INFO] Using LEAN INTERACT verify
[2026-01-11 00:12:27] [INFO] Checking file
[2026-01-11 00:12:31] [INFO] Cannot build modified file <error line="37" column="2">
<code_line>  simp</code_line>
<message>error: `simp` made no progress</message>
</error>
[2026-01-11 00:12:31] [INFO] Proof verification completed
[2026-01-11 00:12:31] [INFO] Strategy simp attempt 1: verified=False
[2026-01-11 00:12:31] [INFO] Verification message: Cannot build modified file: <error line="37" column="2">
<code_line>  simp</code_line>
<message>error: `simp` made no progress</message>
</error>

[2026-01-11 00:12:31] [INFO] Attempt 1 failed verification, continuing...
[2026-01-11 00:12:31] [INFO] ========================================
[2026-01-11 00:12:31] [INFO] Trying strategy: simp_all (up to 1 attempts)
[2026-01-11 00:12:31] [INFO] --------------------
[2026-01-11 00:12:31] [INFO] Strategy simp_all, attempt 1/1
[2026-01-11 00:12:31] [INFO] Starting proof generation...
[2026-01-11 00:12:31] [INFO] Repository path: /root/repo
[2026-01-11 00:12:31] [INFO] Proof generation completed
[2026-01-11 00:12:31] [INFO] Generated proof:
[2026-01-11 00:12:31] [INFO] simp_all
[2026-01-11 00:12:31] [INFO] Proof length: 8 chars
[2026-01-11 00:12:31] [INFO] Starting proof verification...
[2026-01-11 00:12:31] [INFO] Verifying at: Clean/Utils/Test/TestCircuitProofStart.lean:37
[2026-01-11 00:12:31] [INFO] Using LEAN INTERACT verify
[2026-01-11 00:12:31] [INFO] Checking file
[2026-01-11 00:12:37] [INFO] Cannot build modified file <error line="37" column="2">
<code_line>  simp_all</code_line>
<message>error: simp_all made no progress</message>
</error>
[2026-01-11 00:12:37] [INFO] Proof verification completed
[2026-01-11 00:12:37] [INFO] Strategy simp_all attempt 1: verified=False
[2026-01-11 00:12:37] [INFO] Verification message: Cannot build modified file: <error line="37" column="2">
<code_line>  simp_all</code_line>
<message>error: simp_all made no progress</message>
</error>

[2026-01-11 00:12:37] [INFO] Attempt 1 failed verification, continuing...
[2026-01-11 00:12:37] [INFO] ========================================
[2026-01-11 00:12:37] [INFO] Trying strategy: exact? (up to 1 attempts)
[2026-01-11 00:12:37] [INFO] --------------------
[2026-01-11 00:12:37] [INFO] Strategy exact?, attempt 1/1
[2026-01-11 00:12:37] [INFO] Starting proof generation...
[2026-01-11 00:12:37] [INFO] Repository path: /root/repo
[2026-01-11 00:12:37] [INFO] Proof generation completed
[2026-01-11 00:12:37] [INFO] Generated proof:
[2026-01-11 00:12:37] [INFO] exact?
[2026-01-11 00:12:37] [INFO] Proof length: 6 chars
[2026-01-11 00:12:37] [INFO] Starting proof verification...
[2026-01-11 00:12:37] [INFO] Verifying at: Clean/Utils/Test/TestCircuitProofStart.lean:37
[2026-01-11 00:12:37] [INFO] Using LEAN INTERACT verify
[2026-01-11 00:12:37] [INFO] Checking file
[2026-01-11 00:12:46] [INFO] Cannot build modified file <error line="37" column="2">
<code_line>  exact?</code_line>
<message>error: `exact?` could not close the goal. Try `apply?` to see partial suggestions.</message>
</error>
[2026-01-11 00:12:46] [INFO] Proof verification completed
[2026-01-11 00:12:46] [INFO] Strategy exact? attempt 1: verified=False
[2026-01-11 00:12:46] [INFO] Verification message: Cannot build modified file: <error line="37" column="2">
<code_line>  exact?</code_line>
<message>error: `exact?` could not close the goal. Try `apply?` to see partial suggestions.</message>
</error>

[2026-01-11 00:12:46] [INFO] Attempt 1 failed verification, continuing...
[2026-01-11 00:12:46] [INFO] ========================================
[2026-01-11 00:12:46] [INFO] Trying strategy: grind (up to 1 attempts)
[2026-01-11 00:12:46] [INFO] --------------------
[2026-01-11 00:12:46] [INFO] Strategy grind, attempt 1/1
[2026-01-11 00:12:46] [INFO] Starting proof generation...
[2026-01-11 00:12:46] [INFO] Repository path: /root/repo
[2026-01-11 00:12:46] [INFO] Proof generation completed
[2026-01-11 00:12:46] [INFO] Generated proof:
[2026-01-11 00:12:46] [INFO] grind
[2026-01-11 00:12:46] [INFO] Proof length: 5 chars
[2026-01-11 00:12:46] [INFO] Starting proof verification...
[2026-01-11 00:12:46] [INFO] Verifying at: Clean/Utils/Test/TestCircuitProofStart.lean:37
[2026-01-11 00:12:46] [INFO] Using LEAN INTERACT verify
[2026-01-11 00:12:46] [INFO] Checking file
[2026-01-11 00:12:50] [INFO] Cannot build modified file <error line="37" column="2">
<code_line>  grind</code_line>
<message>error: `grind` failed</message>
</error>
case grind
F : Type
inst : Field F
Input Output : Type → Type
inst_1 : ProvableType Input
inst_2 : ProvableType Output
circuit : ElaboratedCircuit F Input Output
Assumptions : Input F → Prop
i₀ : ℕ
env : Environment F
input_var : Input (Expression F)
h_env : env.UsesLocalWitnessesCompleteness i₀ (ElaboratedCircuit.main input_var i₀).2
input : Input F
h_input : eval env input_var = input
h_assumptions : Assumptions input
h : ¬ConstraintsHold.Completeness env (ElaboratedCircuit.main input_var i₀).2
⊢ False
[grind] Goal diagnostics
  [facts] Asserted facts
    [prop] env.UsesLocalWitnessesCompleteness i₀ (ElaboratedCircuit.main input_var i₀).2
    [prop] eval env input_var = input
    [prop] Assumptions input
    [prop] ¬ConstraintsHold.Completeness env (ElaboratedCircuit.main input_var i₀).2
  [eqc] True propositions
    [prop] Assumptions input
    [prop] env.UsesLocalWitnessesCompleteness i₀ (ElaboratedCircuit.main input_var i₀).2
  [eqc] False propositions
    [prop] ConstraintsHold.Completeness env (ElaboratedCircuit.main input_var i₀).2
  [eqc] Equivalence classes
    [eqc] {input, eval env input_var}
    [eqc] {((ElaboratedCircuit.main input_var i₀).1, (ElaboratedCircuit.main input_var i₀).2).1,
        (ElaboratedCircuit.main input_var i₀).1}
    [eqc] {((ElaboratedCircuit.main input_var i₀).1, (ElaboratedCircuit.main input_var i₀).2).2,
        (ElaboratedCircuit.main input_var i₀).2}
    [eqc] {((ElaboratedCircuit.main input_var i₀).1, (ElaboratedCircuit.main input_var i₀).2),
        ElaboratedCircuit.main input_var i₀}
[2026-01-11 00:12:50] [INFO] Proof verification completed
[2026-01-11 00:12:50] [INFO] Strategy grind attempt 1: verified=False
[2026-01-11 00:12:50] [INFO] Verification message: Cannot build modified file: <error line="37" column="2">
<code_line>  grind</code_line>
<message>error: `grind` failed</message>
</error>
case grind
F : Type
inst : Field F
Input Output : Type → Type
inst_1 : ProvableType Input
inst_2 : ProvableType Output
circuit : ElaboratedCircuit F Input Output
Assumptions : Input F → Prop
i₀ : ℕ
env : Environment F
input_var : Input (Expression F)
h_env : env.UsesLocalWitnessesCompleteness i₀ (ElaboratedCircuit.main input_var i₀).2
input : Input F
h_input : eval env input_var = input
h_assumptions : Assumptions input
h : ¬ConstraintsHold.Completeness env (ElaboratedCircuit.main input_var i₀).2
⊢ False
[grind] Goal diagnostics
  [facts] Asserted facts
    [prop] env.UsesLocalWitnessesCompleteness i₀ (ElaboratedCircuit.main input_var i₀).2
    [prop] eval env input_var = input
    [prop] Assumptions input
    [prop] ¬ConstraintsHold.Completeness env (ElaboratedCircuit.main input_var i₀).2
  [eqc] True propositions
    [prop] Assumptions input
    [prop] env.UsesLocalWitnessesCompleteness i₀ (ElaboratedCircuit.main input_var i₀).2
  [eqc] False propositions
    [prop] ConstraintsHold.Completeness env (ElaboratedCircuit.main input_var i₀).2
  [eqc] Equivalence classes
    [eqc] {input, eval env input_var}
    [eqc] {((ElaboratedCircuit.main input_var i₀).1, (ElaboratedCircuit.main input_var i₀).2).1,
        (ElaboratedCircuit.main input_var i₀).1}
    [eqc] {((ElaboratedCircuit.main input_var i₀).1, (ElaboratedCircuit.main input_var i₀).2).2,
        (ElaboratedCircuit.main input_var i₀).2}
    [eqc] {((ElaboratedCircuit.main input_var i₀).1, (ElaboratedCircuit.main input_var i₀).2),
        ElaboratedCircuit.main input_var i₀}

[2026-01-11 00:12:50] [INFO] Attempt 1 failed verification, continuing...
[2026-01-11 00:12:50] [INFO] ========================================
[2026-01-11 00:12:50] [INFO] Trying strategy: ring (up to 1 attempts)
[2026-01-11 00:12:50] [INFO] --------------------
[2026-01-11 00:12:50] [INFO] Strategy ring, attempt 1/1
[2026-01-11 00:12:50] [INFO] Starting proof generation...
[2026-01-11 00:12:50] [INFO] Repository path: /root/repo
[2026-01-11 00:12:50] [INFO] Proof generation completed
[2026-01-11 00:12:50] [INFO] Generated proof:
[2026-01-11 00:12:50] [INFO] ring
[2026-01-11 00:12:50] [INFO] Proof length: 4 chars
[2026-01-11 00:12:50] [INFO] Starting proof verification...
[2026-01-11 00:12:50] [INFO] Verifying at: Clean/Utils/Test/TestCircuitProofStart.lean:37
[2026-01-11 00:12:50] [INFO] Using LEAN INTERACT verify
[2026-01-11 00:12:50] [INFO] Checking file
[2026-01-11 00:12:53] [INFO] Cannot build modified file <error line="37" column="2">
<code_line>  ring</code_line>
<message>error: ring_nf made no progress on goal</message>
</error>
[2026-01-11 00:12:53] [INFO] Proof verification completed
[2026-01-11 00:12:53] [INFO] Strategy ring attempt 1: verified=False
[2026-01-11 00:12:53] [INFO] Verification message: Cannot build modified file: <error line="37" column="2">
<code_line>  ring</code_line>
<message>error: ring_nf made no progress on goal</message>
</error>

[2026-01-11 00:12:53] [INFO] Attempt 1 failed verification, continuing...
[2026-01-11 00:12:53] [INFO] ========================================
[2026-01-11 00:12:53] [INFO] Trying strategy: norm_num (up to 1 attempts)
[2026-01-11 00:12:53] [INFO] --------------------
[2026-01-11 00:12:53] [INFO] Strategy norm_num, attempt 1/1
[2026-01-11 00:12:53] [INFO] Starting proof generation...
[2026-01-11 00:12:53] [INFO] Repository path: /root/repo
[2026-01-11 00:12:53] [INFO] Proof generation completed
[2026-01-11 00:12:53] [INFO] Generated proof:
[2026-01-11 00:12:53] [INFO] norm_num
[2026-01-11 00:12:53] [INFO] Proof length: 8 chars
[2026-01-11 00:12:53] [INFO] Starting proof verification...
[2026-01-11 00:12:53] [INFO] Verifying at: Clean/Utils/Test/TestCircuitProofStart.lean:37
[2026-01-11 00:12:53] [INFO] Using LEAN INTERACT verify
[2026-01-11 00:12:53] [INFO] Checking file
[2026-01-11 00:12:57] [INFO] Cannot build modified file <error line="31" column="42">
<code_line>    Completeness F circuit Assumptions := by</code_line>
<message>error: unsolved goals</message>
</error>
F : Type
inst✝² : Field F
Input Output : TypeMap
inst✝¹ : ProvableType Input
inst✝ : ProvableType Output
circuit : ElaboratedCircuit F Input Output
Assumptions : Input F → Prop
i₀ : ℕ
env : Environment F
input_var : Var Input F
h_env : env.UsesLocalWitnessesCompleteness i₀ (ElaboratedCircuit.main input_var i₀).2
input : Input F
h_input : eval env input_var = input
h_assumptions : Assumptions input
⊢ ConstraintsHold.Completeness env (ElaboratedCircuit.main input_var i₀).2
[2026-01-11 00:12:57] [INFO] Proof verification completed
[2026-01-11 00:12:57] [INFO] Strategy norm_num attempt 1: verified=False
[2026-01-11 00:12:57] [INFO] Verification message: Cannot build modified file: <error line="31" column="42">
<code_line>    Completeness F circuit Assumptions := by</code_line>
<message>error: unsolved goals</message>
</error>
F : Type
inst✝² : Field F
Input Output : TypeMap
inst✝¹ : ProvableType Input
inst✝ : ProvableType Output
circuit : ElaboratedCircuit F Input Output
Assumptions : Input F → Prop
i₀ : ℕ
env : Environment F
input_var : Var Input F
h_env : env.UsesLocalWitnessesCompleteness i₀ (ElaboratedCircuit.main input_var i₀).2
input : Input F
h_input : eval env input_var = input
h_assumptions : Assumptions input
⊢ ConstraintsHold.Completeness env (ElaboratedCircuit.main input_var i₀).2

[2026-01-11 00:12:57] [INFO] Attempt 1 failed verification, continuing...
[2026-01-11 00:12:57] [INFO] ========================================
[2026-01-11 00:12:57] [INFO] Trying strategy: omega (up to 1 attempts)
[2026-01-11 00:12:57] [INFO] --------------------
[2026-01-11 00:12:57] [INFO] Strategy omega, attempt 1/1
[2026-01-11 00:12:57] [INFO] Starting proof generation...
[2026-01-11 00:12:57] [INFO] Repository path: /root/repo
[2026-01-11 00:12:57] [INFO] Proof generation completed
[2026-01-11 00:12:57] [INFO] Generated proof:
[2026-01-11 00:12:57] [INFO] omega
[2026-01-11 00:12:57] [INFO] Proof length: 5 chars
[2026-01-11 00:12:57] [INFO] Starting proof verification...
[2026-01-11 00:12:57] [INFO] Verifying at: Clean/Utils/Test/TestCircuitProofStart.lean:37
[2026-01-11 00:12:57] [INFO] Using LEAN INTERACT verify
[2026-01-11 00:12:57] [INFO] Checking file
[2026-01-11 00:13:02] [INFO] Cannot build modified file <error line="37" column="2">
<code_line>  omega</code_line>
<message>error: omega could not prove the goal:</message>
</error>
No usable constraints found. You may need to unfold definitions so `omega` can see linear arithmetic facts about `Nat` and `Int`, which may also involve multiplication, division, and modular remainder by constants.
[2026-01-11 00:13:02] [INFO] Proof verification completed
[2026-01-11 00:13:02] [INFO] Strategy omega attempt 1: verified=False
[2026-01-11 00:13:02] [INFO] Verification message: Cannot build modified file: <error line="37" column="2">
<code_line>  omega</code_line>
<message>error: omega could not prove the goal:</message>
</error>
No usable constraints found. You may need to unfold definitions so `omega` can see linear arithmetic facts about `Nat` and `Int`, which may also involve multiplication, division, and modular remainder by constants.

[2026-01-11 00:13:02] [INFO] Attempt 1 failed verification, continuing...
[2026-01-11 00:13:02] [INFO] ========================================
[2026-01-11 00:13:02] [INFO] Trying strategy: linarith (up to 1 attempts)
[2026-01-11 00:13:02] [INFO] --------------------
[2026-01-11 00:13:02] [INFO] Strategy linarith, attempt 1/1
[2026-01-11 00:13:02] [INFO] Starting proof generation...
[2026-01-11 00:13:02] [INFO] Repository path: /root/repo
[2026-01-11 00:13:02] [INFO] Proof generation completed
[2026-01-11 00:13:02] [INFO] Generated proof:
[2026-01-11 00:13:02] [INFO] linarith
[2026-01-11 00:13:02] [INFO] Proof length: 8 chars
[2026-01-11 00:13:02] [INFO] Starting proof verification...
[2026-01-11 00:13:02] [INFO] Verifying at: Clean/Utils/Test/TestCircuitProofStart.lean:37
[2026-01-11 00:13:02] [INFO] Using LEAN INTERACT verify
[2026-01-11 00:13:02] [INFO] Checking file
[2026-01-11 00:13:06] [INFO] Cannot build modified file <error line="37" column="2">
<code_line>  linarith</code_line>
<message>error: linarith failed to find a contradiction</message>
</error>
F : Type
inst✝² : Field F
Input Output : TypeMap
inst✝¹ : ProvableType Input
inst✝ : ProvableType Output
circuit : ElaboratedCircuit F Input Output
Assumptions : Input F → Prop
i₀ : ℕ
env : Environment F
input_var : Var Input F
h_env : env.UsesLocalWitnessesCompleteness i₀ (ElaboratedCircuit.main input_var i₀).2
input : Input F
h_input : eval env input_var = input
h_assumptions : Assumptions input
⊢ False
failed
[2026-01-11 00:13:06] [INFO] Proof verification completed
[2026-01-11 00:13:06] [INFO] Strategy linarith attempt 1: verified=False
[2026-01-11 00:13:06] [INFO] Verification message: Cannot build modified file: <error line="37" column="2">
<code_line>  linarith</code_line>
<message>error: linarith failed to find a contradiction</message>
</error>
F : Type
inst✝² : Field F
Input Output : TypeMap
inst✝¹ : ProvableType Input
inst✝ : ProvableType Output
circuit : ElaboratedCircuit F Input Output
Assumptions : Input F → Prop
i₀ : ℕ
env : Environment F
input_var : Var Input F
h_env : env.UsesLocalWitnessesCompleteness i₀ (ElaboratedCircuit.main input_var i₀).2
input : Input F
h_input : eval env input_var = input
h_assumptions : Assumptions input
⊢ False
failed

[2026-01-11 00:13:06] [INFO] Attempt 1 failed verification, continuing...
[2026-01-11 00:13:06] [INFO] ========================================
[2026-01-11 00:13:06] [INFO] Trying strategy: nlinarith (up to 1 attempts)
[2026-01-11 00:13:06] [INFO] --------------------
[2026-01-11 00:13:06] [INFO] Strategy nlinarith, attempt 1/1
[2026-01-11 00:13:06] [INFO] Starting proof generation...
[2026-01-11 00:13:06] [INFO] Repository path: /root/repo
[2026-01-11 00:13:06] [INFO] Proof generation completed
[2026-01-11 00:13:06] [INFO] Generated proof:
[2026-01-11 00:13:06] [INFO] nlinarith
[2026-01-11 00:13:06] [INFO] Proof length: 9 chars
[2026-01-11 00:13:06] [INFO] Starting proof verification...
[2026-01-11 00:13:06] [INFO] Verifying at: Clean/Utils/Test/TestCircuitProofStart.lean:37
[2026-01-11 00:13:06] [INFO] Using LEAN INTERACT verify
[2026-01-11 00:13:06] [INFO] Checking file
[2026-01-11 00:13:10] [INFO] Cannot build modified file <error line="37" column="2">
<code_line>  nlinarith</code_line>
<message>error: linarith failed to find a contradiction</message>
</error>
F : Type
inst✝² : Field F
Input Output : TypeMap
inst✝¹ : ProvableType Input
inst✝ : ProvableType Output
circuit : ElaboratedCircuit F Input Output
Assumptions : Input F → Prop
i₀ : ℕ
env : Environment F
input_var : Var Input F
h_env : env.UsesLocalWitnessesCompleteness i₀ (ElaboratedCircuit.main input_var i₀).2
input : Input F
h_input : eval env input_var = input
h_assumptions : Assumptions input
⊢ False
failed
[2026-01-11 00:13:10] [INFO] Proof verification completed
[2026-01-11 00:13:10] [INFO] Strategy nlinarith attempt 1: verified=False
[2026-01-11 00:13:10] [INFO] Verification message: Cannot build modified file: <error line="37" column="2">
<code_line>  nlinarith</code_line>
<message>error: linarith failed to find a contradiction</message>
</error>
F : Type
inst✝² : Field F
Input Output : TypeMap
inst✝¹ : ProvableType Input
inst✝ : ProvableType Output
circuit : ElaboratedCircuit F Input Output
Assumptions : Input F → Prop
i₀ : ℕ
env : Environment F
input_var : Var Input F
h_env : env.UsesLocalWitnessesCompleteness i₀ (ElaboratedCircuit.main input_var i₀).2
input : Input F
h_input : eval env input_var = input
h_assumptions : Assumptions input
⊢ False
failed

[2026-01-11 00:13:10] [INFO] Attempt 1 failed verification, continuing...
[2026-01-11 00:13:10] [INFO] ========================================
[2026-01-11 00:13:10] [INFO] Trying strategy: aesop (up to 1 attempts)
[2026-01-11 00:13:10] [INFO] --------------------
[2026-01-11 00:13:10] [INFO] Strategy aesop, attempt 1/1
[2026-01-11 00:13:10] [INFO] Starting proof generation...
[2026-01-11 00:13:10] [INFO] Repository path: /root/repo
[2026-01-11 00:13:10] [INFO] Proof generation completed
[2026-01-11 00:13:10] [INFO] Generated proof:
[2026-01-11 00:13:10] [INFO] aesop
[2026-01-11 00:13:10] [INFO] Proof length: 5 chars
[2026-01-11 00:13:10] [INFO] Starting proof verification...
[2026-01-11 00:13:10] [INFO] Verifying at: Clean/Utils/Test/TestCircuitProofStart.lean:37
[2026-01-11 00:13:10] [INFO] Using LEAN INTERACT verify
[2026-01-11 00:13:10] [INFO] Checking file
[2026-01-11 00:13:14] [INFO] Cannot build modified file <error line="31" column="42">
<code_line>    Completeness F circuit Assumptions := by</code_line>
<message>error: unsolved goals</message>
</error>
F : Type
inst : Field F
Input Output : TypeMap
inst_1 : ProvableType Input
inst_2 : ProvableType Output
circuit : ElaboratedCircuit F Input Output
Assumptions : Input F → Prop
i₀ : ℕ
env : Environment F
input_var : Var Input F
h_env : env.UsesLocalWitnessesCompleteness i₀ (ElaboratedCircuit.main input_var i₀).2
h_assumptions : Assumptions (eval env input_var)
⊢ ConstraintsHold.Completeness env (ElaboratedCircuit.main input_var i₀).2
[2026-01-11 00:13:14] [INFO] Proof verification completed
[2026-01-11 00:13:14] [INFO] Strategy aesop attempt 1: verified=False
[2026-01-11 00:13:14] [INFO] Verification message: Cannot build modified file: <error line="31" column="42">
<code_line>    Completeness F circuit Assumptions := by</code_line>
<message>error: unsolved goals</message>
</error>
F : Type
inst : Field F
Input Output : TypeMap
inst_1 : ProvableType Input
inst_2 : ProvableType Output
circuit : ElaboratedCircuit F Input Output
Assumptions : Input F → Prop
i₀ : ℕ
env : Environment F
input_var : Var Input F
h_env : env.UsesLocalWitnessesCompleteness i₀ (ElaboratedCircuit.main input_var i₀).2
h_assumptions : Assumptions (eval env input_var)
⊢ ConstraintsHold.Completeness env (ElaboratedCircuit.main input_var i₀).2

[2026-01-11 00:13:14] [INFO] Attempt 1 failed verification, continuing...
[2026-01-11 00:13:14] [INFO] ========================================
[2026-01-11 00:13:14] [INFO] Pass@k completed. Total results: 1
[2026-01-11 00:13:14] [INFO] FAILED: All 11 strategies x 1 attempts
[2026-01-11 00:13:14] [INFO] Writing results to file: /root/repo/result.json
[2026-01-11 00:13:14] [INFO] Result file written successfully
[2026-01-11 00:13:14] [INFO] Results exported to: /root/repo/result.json
[2026-01-11 00:13:14] [INFO] run_morphcloud_local.py completed successfully

[2026-01-11 00:13:15] [process_single_sorry] Downloading result file...
[2026-01-11 00:13:16] [process_single_sorry] Downloaded result to intermediate_experiment_outputs_full_reservoir/multi_tactic/2026-01-10_20-46-34_multi_tactic/individual/a33cd802a760a38598ec0ca0bd14e46c8a5b61f9c5fe6074c48ff59d108d9e68.json
[2026-01-11 00:13:18] [process_single_sorry] Instance context closed successfully
[2026-01-11 00:13:18] [process_single_sorry] Parsing result file...
[2026-01-11 00:13:18] [process_single_sorry] Successfully parsed result (list format, 1 results)
