[2026-01-10 23:02:05] [process_single_sorry] Starting for sorry a6dab19e1c13c2267f88d9ef5c01412fd604c66cfaeba78082546f9de8c276fa
[2026-01-10 23:02:05] [process_single_sorry] Using snapshot: snapshot_zh5h003g
[2026-01-10 23:02:05] [process_single_sorry] Repository: https://github.com/fpvandoorn/carleson@8ac3da8b5c31efc2246329fa44adad67950b733a
[2026-01-10 23:02:05] [process_single_sorry] Instance name: carleson_8ac3da8b5c31_multi_tactic_a6dab19e1c13c2267f88d9ef5c01412fd604c66cfaeba78082546f9de8c276fa
[2026-01-10 23:02:05] [process_single_sorry] Starting attempt 1/3
[2026-01-10 23:02:05] [process_single_sorry] Starting instance from snapshot...
[2026-01-10 23:02:05] [process_single_sorry] Instance started successfully: morphvm_aaouzrxg
[2026-01-10 23:02:05] [process_single_sorry] Creating .env file...
[2026-01-10 23:02:10] [process_single_sorry] .env file created (exit_code: 0)
[2026-01-10 23:02:10] [process_single_sorry] Executing agent command...
[2026-01-10 23:06:53] [process_single_sorry] Agent command completed (exit_code: 0)
[2026-01-10 23:06:53] [process_single_sorry] STDOUT:

Results JSON:
[
  {
    "sorry": {
      "repo": {
        "remote": "https://github.com/fpvandoorn/carleson",
        "branch": "master",
        "commit": "8ac3da8b5c31efc2246329fa44adad67950b733a",
        "lean_version": "v4.27.0-rc1"
      },
      "location": {
        "path": "Carleson/ToMathlib/Lorentz.lean",
        "start_line": 702,
        "start_column": 4,
        "end_line": 702,
        "end_column": 9
      },
      "debug_info": {
        "goal": "case pos\nőĪ : Type u_1\nőĶ' : Type u_3\nm0 : MeasurableSpace őĪ\nőĪ' : Type u_4\nm : MeasurableSpace őĪ'\ninst‚úĚ¬Ļ : TopologicalSpace őĶ'\ninst‚úĚ : ENormedSpace őĶ'\np p' : ENNReal\nőľ : Measure őĪ\nőĹ : Measure őĪ'\nc : NNReal\nc_pos : 0 < c\nT : (őĪ ‚Üí NNReal) ‚Üí őĪ' ‚Üí őĶ'\nhT :\n  @MeasureTheory.HasRestrictedWeakType őĪ m0 őĪ' őĶ' m inst‚úĚ¬Ļ inst‚úĚ.toENorm NNReal instZeroNNReal instOneNNReal T p p' őľ őĹ\n    ‚ÜĎc\nhpp' : p.HolderConjugate p'\nweakly_cont_T :\n  @MeasureTheory.WeaklyContinuous őĪ NNReal őĶ' m0 őĪ' m NNReal.instTopologicalSpace instENormedSpaceNNReal.toENorm\n    inst‚úĚ.toENorm NNReal.instConditionallyCompleteLinearOrderBot.toSupSet instPartialOrderNNReal.toPreorder T p őľ őĹ\nG : Set őĪ'\nhG : MeasurableSet G\nhG' : őĹ G < ‚ä§\nT_subadditive :\n  ‚ąÄ (f g : őĪ ‚Üí NNReal)\n    (a : @MeasureTheory.MemLorentz őĪ NNReal m0 instENormedSpaceNNReal.toENorm NNReal.instTopologicalSpace f p 1 őľ)\n    (a : @MeasureTheory.MemLorentz őĪ NNReal m0 instENormedSpaceNNReal.toENorm NNReal.instTopologicalSpace g p 1 őľ),\n    eLpNorm (T (f + g)) 1 (őĹ.restrict G) ‚Č§ eLpNorm (T f) 1 (őĹ.restrict G) + eLpNorm (T g) 1 (őĹ.restrict G)\nT_submult : ‚ąÄ (f : őĪ ‚Üí NNReal) (a : NNReal), eLpNorm (T (a ‚ÄĘ f)) 1 (őĹ.restrict G) ‚Č§ eLpNorm (a ‚ÄĘ T f) 1 (őĹ.restrict G)\nf : őĪ ‚Üí NNReal\nhf : Measurable f\nhf' : @MeasureTheory.MemLorentz őĪ NNReal m0 instENormedSpaceNNReal.toENorm NNReal.instTopologicalSpace f p 1 őľ\np_ne_top : p = ‚ä§\n‚äĘ eLpNorm (T f) 1 (őĹ.restrict G) ‚Č§\n    ‚ÜĎc / p * @MeasureTheory.eLorentzNorm őĪ NNReal m0 instENormedSpaceNNReal.toENorm f p 1 őľ * őĹ G ^ p'‚ĀĽ¬Ļ.toReal",
        "url": "https://github.com/fpvandoorn/carleson/blob/8ac3da8b5c31efc2246329fa44adad67950b733a/Carleson/ToMathlib/Lorentz.lean#L702"
      },
      "metadata": {
        "blame_email_hash": "98b4e7a53984",
        "blame_date": "2025-10-22T12:26:31+02:00",
        "inclusion_date": "2025-12-30T02:23:42.938640+00:00"
      },
      "id": "a6dab19e1c13c2267f88d9ef5c01412fd604c66cfaeba78082546f9de8c276fa"
    },
    "proof": null,
    "proof_verified": false,
    "feedback": null,
    "verification_message": "All 11 attempts failed (11 strategies x 1 attempts each)",
    "success": true,
    "error_type": null,
    "error_message": null,
    "strategy_name": "all_failed_k=1",
    "proof_attempts": [
      "rfl",
      "simp",
      "simp_all",
      "exact?",
      "grind",
      "ring",
      "norm_num",
      "omega",
      "linarith",
      "nlinarith",
      "aesop"
    ]
  }
]

[2026-01-10 23:06:53] [process_single_sorry] STDERR:
None of PyTorch, TensorFlow >= 2.0, or Flax have been found. Models won't be available and only tokenizers, configuration and file/data utilities can be used.
[2026-01-10 23:02:25] [INFO] ================================================================================
[2026-01-10 23:02:25] [INFO] Starting run_morphcloud_local.py
[2026-01-10 23:02:25] [INFO] ================================================================================
[2026-01-10 23:02:25] [INFO] Environment loaded
[2026-01-10 23:02:25] [INFO] Full command: /root/SorryDB/sorrydb/cli/run_morphcloud_local.py --repo-path /root/repo --sorry-json {"repo": {"remote": "https://github.com/fpvandoorn/carleson", "branch": "master", "commit": "8ac3da8b5c31efc2246329fa44adad67950b733a", "lean_version": "v4.27.0-rc1"}, "location": {"path": "Carleson/ToMathlib/Lorentz.lean", "start_line": 702, "start_column": 4, "end_line": 702, "end_column": 9}, "debug_info": {"goal": "case pos\n\u03b1 : Type u_1\n\u03b5' : Type u_3\nm0 : MeasurableSpace \u03b1\n\u03b1' : Type u_4\nm : MeasurableSpace \u03b1'\ninst\u271d\u00b9 : TopologicalSpace \u03b5'\ninst\u271d : ENormedSpace \u03b5'\np p' : ENNReal\n\u03bc : Measure \u03b1\n\u03bd : Measure \u03b1'\nc : NNReal\nc_pos : 0 < c\nT : (\u03b1 \u2192 NNReal) \u2192 \u03b1' \u2192 \u03b5'\nhT :\n  @MeasureTheory.HasRestrictedWeakType \u03b1 m0 \u03b1' \u03b5' m inst\u271d\u00b9 inst\u271d.toENorm NNReal instZeroNNReal instOneNNReal T p p' \u03bc \u03bd\n    \u2191c\nhpp' : p.HolderConjugate p'\nweakly_cont_T :\n  @MeasureTheory.WeaklyContinuous \u03b1 NNReal \u03b5' m0 \u03b1' m NNReal.instTopologicalSpace instENormedSpaceNNReal.toENorm\n    inst\u271d.toENorm NNReal.instConditionallyCompleteLinearOrderBot.toSupSet instPartialOrderNNReal.toPreorder T p \u03bc \u03bd\nG : Set \u03b1'\nhG : MeasurableSet G\nhG' : \u03bd G < \u22a4\nT_subadditive :\n  \u2200 (f g : \u03b1 \u2192 NNReal)\n    (a : @MeasureTheory.MemLorentz \u03b1 NNReal m0 instENormedSpaceNNReal.toENorm NNReal.instTopologicalSpace f p 1 \u03bc)\n    (a : @MeasureTheory.MemLorentz \u03b1 NNReal m0 instENormedSpaceNNReal.toENorm NNReal.instTopologicalSpace g p 1 \u03bc),\n    eLpNorm (T (f + g)) 1 (\u03bd.restrict G) \u2264 eLpNorm (T f) 1 (\u03bd.restrict G) + eLpNorm (T g) 1 (\u03bd.restrict G)\nT_submult : \u2200 (f : \u03b1 \u2192 NNReal) (a : NNReal), eLpNorm (T (a \u2022 f)) 1 (\u03bd.restrict G) \u2264 eLpNorm (a \u2022 T f) 1 (\u03bd.restrict G)\nf : \u03b1 \u2192 NNReal\nhf : Measurable f\nhf' : @MeasureTheory.MemLorentz \u03b1 NNReal m0 instENormedSpaceNNReal.toENorm NNReal.instTopologicalSpace f p 1 \u03bc\np_ne_top : p = \u22a4\n\u22a2 eLpNorm (T f) 1 (\u03bd.restrict G) \u2264\n    \u2191c / p * @MeasureTheory.eLorentzNorm \u03b1 NNReal m0 instENormedSpaceNNReal.toENorm f p 1 \u03bc * \u03bd G ^ p'\u207b\u00b9.toReal", "url": "https://github.com/fpvandoorn/carleson/blob/8ac3da8b5c31efc2246329fa44adad67950b733a/Carleson/ToMathlib/Lorentz.lean#L702"}, "metadata": {"blame_email_hash": "98b4e7a53984", "blame_date": "2025-10-22T12:26:31+02:00", "inclusion_date": "2025-12-30T02:23:42.938640+00:00"}, "id": "a6dab19e1c13c2267f88d9ef5c01412fd604c66cfaeba78082546f9de8c276fa"} --agent-strategy {"name": "multi_tactic", "args": {}}
[2026-01-10 23:02:25] [INFO] Arguments parsed: repo_path=/root/repo, output_path=/root/repo/result.json
[2026-01-10 23:02:25] [INFO] Strategy spec: {"name": "multi_tactic", "args": {}}...
[2026-01-10 23:02:25] [INFO] Loading sorry data...
[2026-01-10 23:02:25] [INFO] Parsing sorry from JSON string...
[2026-01-10 23:02:25] [INFO] Sorry data parsed from JSON string
[2026-01-10 23:02:25] [INFO] Creating strategy from spec...
[2026-01-10 23:02:25] [INFO] Parsing strategy spec (length: 36 chars)
[2026-01-10 23:02:25] [INFO] Strategy name: multi_tactic
[2026-01-10 23:02:25] [INFO] Strategy args: {}
[2026-01-10 23:02:25] [INFO] Pass@k value: 1
[2026-01-10 23:02:25] [INFO] Creating strategy: multi_tactic
[2026-01-10 23:02:25] [INFO] Creating multi_tactic strategy with tactics: ['rfl', 'simp', 'simp_all', 'exact?', 'grind', 'ring', 'norm_num', 'omega', 'linarith', 'nlinarith', 'aesop']
[2026-01-10 23:02:25] [INFO] Strategies created: ['rfl', 'simp', 'simp_all', 'exact?', 'grind', 'ring', 'norm_num', 'omega', 'linarith', 'nlinarith', 'aesop']
[2026-01-10 23:02:25] [INFO] Pass@k value: 1
[2026-01-10 23:02:25] [INFO] Creating Sorry object...
[2026-01-10 23:02:25] [INFO] Sorry object created: id=a6dab19e1c13c2267f88d9ef5c01412fd604c66cfaeba78082546f9de8c276fa
[2026-01-10 23:02:25] [INFO] Sorry location: Carleson/ToMathlib/Lorentz.lean:702
[2026-01-10 23:02:25] [INFO] Context before sorry (lines 697-702):
[2026-01-10 23:02:25] [INFO]   697:     eLpNorm (T (f + g)) 1 (őĹ.restrict G) ‚Č§ eLpNorm (T f) 1 (őĹ.restrict G) + eLpNorm (T g) 1 (őĹ.restrict G))
[2026-01-10 23:02:25] [INFO]   698:   (T_submult : ‚ąÄ (f : őĪ ‚Üí ‚ĄĚ‚Č•0) (a : ‚ĄĚ‚Č•0), eLpNorm (T (a ‚ÄĘ f)) 1 (őĹ.restrict G) ‚Č§ eLpNorm (a ‚ÄĘ T f) 1 (őĹ.restrict G))
[2026-01-10 23:02:25] [INFO]   699:   {f : őĪ ‚Üí ‚ĄĚ‚Č•0} (hf : Measurable f) (hf' : MemLorentz f p 1 őľ) :
[2026-01-10 23:02:25] [INFO]   700:       eLpNorm (T f) 1 (őĹ.restrict G) ‚Č§ (c / p) * eLorentzNorm f p 1 őľ * őĹ G ^ p'‚ĀĽ¬Ļ.toReal := by
[2026-01-10 23:02:25] [INFO]   701:   by_cases p_ne_top : p = ‚ąě
[2026-01-10 23:02:25] [INFO]   702:   ¬∑ sorry --TODO: check whether this works or whether it should be excluded
[2026-01-10 23:02:25] [INFO] Sorry line:   ¬∑ sorry --TODO: check whether this works or whether it should be excluded
[2026-01-10 23:02:25] [INFO] Sorry goal: case pos
őĪ : Type u_1
őĶ' : Type u_3
m0 : MeasurableSpace őĪ
őĪ' : Type u_4
m : MeasurableSpace őĪ'
inst...
[2026-01-10 23:02:25] [INFO] ========================================
[2026-01-10 23:02:25] [INFO] Trying strategy: rfl (up to 1 attempts)
[2026-01-10 23:02:25] [INFO] --------------------
[2026-01-10 23:02:25] [INFO] Strategy rfl, attempt 1/1
[2026-01-10 23:02:25] [INFO] Starting proof generation...
[2026-01-10 23:02:25] [INFO] Repository path: /root/repo
[2026-01-10 23:02:25] [INFO] Proof generation completed
[2026-01-10 23:02:25] [INFO] Generated proof:
[2026-01-10 23:02:25] [INFO] rfl
[2026-01-10 23:02:25] [INFO] Proof length: 3 chars
[2026-01-10 23:02:25] [INFO] Starting proof verification...
[2026-01-10 23:02:25] [INFO] Verifying at: Carleson/ToMathlib/Lorentz.lean:702
[2026-01-10 23:02:25] [INFO] Using LEAN INTERACT verify
[2026-01-10 23:02:25] [INFO] Checking file
[2026-01-10 23:03:08] [INFO] Cannot build modified file <error line="702" column="4">
<code_line>  ¬∑ rfl --TODO: check whether this works or whether it should be excluded</code_line>
<message>error: Tactic `rfl` failed: The left-hand side</message>
</error>
  eLpNorm (T f) 1 (őĹ.restrict G)
is not definitionally equal to the right-hand side
  ‚ÜĎc / p * eLorentzNorm f p 1 őľ * őĹ G ^ p'‚ĀĽ¬Ļ.toReal

case pos
őĪ : Type u_1
őĶ' : Type u_3
m0 : MeasurableSpace őĪ
őĪ' : Type u_4
m : MeasurableSpace őĪ'
inst‚úĚ¬Ļ : TopologicalSpace őĶ'
inst‚úĚ : ENormedSpace őĶ'
p p' : ‚ĄĚ‚Č•0‚ąě
őľ : Measure őĪ
őĹ : Measure őĪ'
c : ‚ĄĚ‚Č•0
c_pos : 0 < c
T : (őĪ ‚Üí ‚ĄĚ‚Č•0) ‚Üí őĪ' ‚Üí őĶ'
hT : HasRestrictedWeakType T p p' őľ őĹ ‚ÜĎc
hpp' : p.HolderConjugate p'
weakly_cont_T : WeaklyContinuous T p őľ őĹ
G : Set őĪ'
hG : MeasurableSet G
hG' : őĹ G < ‚ä§
T_subadditive :
  ‚ąÄ (f g : őĪ ‚Üí ‚ĄĚ‚Č•0),
    MemLorentz f p 1 őľ ‚Üí
      MemLorentz g p 1 őľ ‚Üí
        eLpNorm (T (f + g)) 1 (őĹ.restrict G) ‚Č§ eLpNorm (T f) 1 (őĹ.restrict G) + eLpNorm (T g) 1 (őĹ.restrict G)
T_submult : ‚ąÄ (f : őĪ ‚Üí ‚ĄĚ‚Č•0) (a : ‚ĄĚ‚Č•0), eLpNorm (T (a ‚ÄĘ f)) 1 (őĹ.restrict G) ‚Č§ eLpNorm (a ‚ÄĘ T f) 1 (őĹ.restrict G)
f : őĪ ‚Üí ‚ĄĚ‚Č•0
hf : Measurable f
hf' : MemLorentz f p 1 őľ
p_ne_top : p = ‚ä§
‚äĘ eLpNorm (T f) 1 (őĹ.restrict G) ‚Č§ ‚ÜĎc / p * eLorentzNorm f p 1 őľ * őĹ G ^ p'‚ĀĽ¬Ļ.toReal
[2026-01-10 23:03:08] [INFO] Proof verification completed
[2026-01-10 23:03:08] [INFO] Strategy rfl attempt 1: verified=False
[2026-01-10 23:03:08] [INFO] Verification message: Cannot build modified file: <error line="702" column="4">
<code_line>  ¬∑ rfl --TODO: check whether this works or whether it should be excluded</code_line>
<message>error: Tactic `rfl` failed: The left-hand side</message>
</error>
  eLpNorm (T f) 1 (őĹ.restrict G)
is not definitionally equal to the right-hand side
  ‚ÜĎc / p * eLorentzNorm f p 1 őľ * őĹ G ^ p'‚ĀĽ¬Ļ.toReal

case pos
őĪ : Type u_1
őĶ' : Type u_3
m0 : MeasurableSpace őĪ
őĪ' : Type u_4
m : MeasurableSpace őĪ'
inst‚úĚ¬Ļ : TopologicalSpace őĶ'
inst‚úĚ : ENormedSpace őĶ'
p p' : ‚ĄĚ‚Č•0‚ąě
őľ : Measure őĪ
őĹ : Measure őĪ'
c : ‚ĄĚ‚Č•0
c_pos : 0 < c
T : (őĪ ‚Üí ‚ĄĚ‚Č•0) ‚Üí őĪ' ‚Üí őĶ'
hT : HasRestrictedWeakType T p p' őľ őĹ ‚ÜĎc
hpp' : p.HolderConjugate p'
weakly_cont_T : WeaklyContinuous T p őľ őĹ
G : Set őĪ'
hG : MeasurableSet G
hG' : őĹ G < ‚ä§
T_subadditive :
  ‚ąÄ (f g : őĪ ‚Üí ‚ĄĚ‚Č•0),
    MemLorentz f p 1 őľ ‚Üí
      MemLorentz g p 1 őľ ‚Üí
        eLpNorm (T (f + g)) 1 (őĹ.restrict G) ‚Č§ eLpNorm (T f) 1 (őĹ.restrict G) + eLpNorm (T g) 1 (őĹ.restrict G)
T_submult : ‚ąÄ (f : őĪ ‚Üí ‚ĄĚ‚Č•0) (a : ‚ĄĚ‚Č•0), eLpNorm (T (a ‚ÄĘ f)) 1 (őĹ.restrict G) ‚Č§ eLpNorm (a ‚ÄĘ T f) 1 (őĹ.restrict G)
f : őĪ ‚Üí ‚ĄĚ‚Č•0
hf : Measurable f
hf' : MemLorentz f p 1 őľ
p_ne_top : p = ‚ä§
‚äĘ eLpNorm (T f) 1 (őĹ.restrict G) ‚Č§ ‚ÜĎc / p * eLorentzNorm f p 1 őľ * őĹ G ^ p'‚ĀĽ¬Ļ.toReal

[2026-01-10 23:03:08] [INFO] Attempt 1 failed verification, continuing...
[2026-01-10 23:03:08] [INFO] ========================================
[2026-01-10 23:03:08] [INFO] Trying strategy: simp (up to 1 attempts)
[2026-01-10 23:03:08] [INFO] --------------------
[2026-01-10 23:03:08] [INFO] Strategy simp, attempt 1/1
[2026-01-10 23:03:08] [INFO] Starting proof generation...
[2026-01-10 23:03:08] [INFO] Repository path: /root/repo
[2026-01-10 23:03:08] [INFO] Proof generation completed
[2026-01-10 23:03:08] [INFO] Generated proof:
[2026-01-10 23:03:08] [INFO] simp
[2026-01-10 23:03:08] [INFO] Proof length: 4 chars
[2026-01-10 23:03:08] [INFO] Starting proof verification...
[2026-01-10 23:03:08] [INFO] Verifying at: Carleson/ToMathlib/Lorentz.lean:702
[2026-01-10 23:03:08] [INFO] Using LEAN INTERACT verify
[2026-01-10 23:03:08] [INFO] Checking file
[2026-01-10 23:03:31] [INFO] Cannot build modified file <error line="702" column="2">
<code_line>  ¬∑ simp --TODO: check whether this works or whether it should be excluded</code_line>
<message>error: unsolved goals</message>
</error>
case pos
őĪ : Type u_1
őĶ' : Type u_3
m0 : MeasurableSpace őĪ
őĪ' : Type u_4
m : MeasurableSpace őĪ'
inst‚úĚ¬Ļ : TopologicalSpace őĶ'
inst‚úĚ : ENormedSpace őĶ'
p p' : ‚ĄĚ‚Č•0‚ąě
őľ : Measure őĪ
őĹ : Measure őĪ'
c : ‚ĄĚ‚Č•0
c_pos : 0 < c
T : (őĪ ‚Üí ‚ĄĚ‚Č•0) ‚Üí őĪ' ‚Üí őĶ'
hT : HasRestrictedWeakType T p p' őľ őĹ ‚ÜĎc
hpp' : p.HolderConjugate p'
weakly_cont_T : WeaklyContinuous T p őľ őĹ
G : Set őĪ'
hG : MeasurableSet G
hG' : őĹ G < ‚ä§
T_subadditive :
  ‚ąÄ (f g : őĪ ‚Üí ‚ĄĚ‚Č•0),
    MemLorentz f p 1 őľ ‚Üí
      MemLorentz g p 1 őľ ‚Üí
        eLpNorm (T (f + g)) 1 (őĹ.restrict G) ‚Č§ eLpNorm (T f) 1 (őĹ.restrict G) + eLpNorm (T g) 1 (őĹ.restrict G)
T_submult : ‚ąÄ (f : őĪ ‚Üí ‚ĄĚ‚Č•0) (a : ‚ĄĚ‚Č•0), eLpNorm (T (a ‚ÄĘ f)) 1 (őĹ.restrict G) ‚Č§ eLpNorm (a ‚ÄĘ T f) 1 (őĹ.restrict G)
f : őĪ ‚Üí ‚ĄĚ‚Č•0
hf : Measurable f
hf' : MemLorentz f p 1 őľ
p_ne_top : p = ‚ä§
‚äĘ eLpNorm (T f) 1 (őĹ.restrict G) ‚Č§ ‚ÜĎc / p * eLorentzNorm f p 1 őľ * őĹ G ^ p'.toReal‚ĀĽ¬Ļ
[2026-01-10 23:03:31] [INFO] Proof verification completed
[2026-01-10 23:03:31] [INFO] Strategy simp attempt 1: verified=False
[2026-01-10 23:03:31] [INFO] Verification message: Cannot build modified file: <error line="702" column="2">
<code_line>  ¬∑ simp --TODO: check whether this works or whether it should be excluded</code_line>
<message>error: unsolved goals</message>
</error>
case pos
őĪ : Type u_1
őĶ' : Type u_3
m0 : MeasurableSpace őĪ
őĪ' : Type u_4
m : MeasurableSpace őĪ'
inst‚úĚ¬Ļ : TopologicalSpace őĶ'
inst‚úĚ : ENormedSpace őĶ'
p p' : ‚ĄĚ‚Č•0‚ąě
őľ : Measure őĪ
őĹ : Measure őĪ'
c : ‚ĄĚ‚Č•0
c_pos : 0 < c
T : (őĪ ‚Üí ‚ĄĚ‚Č•0) ‚Üí őĪ' ‚Üí őĶ'
hT : HasRestrictedWeakType T p p' őľ őĹ ‚ÜĎc
hpp' : p.HolderConjugate p'
weakly_cont_T : WeaklyContinuous T p őľ őĹ
G : Set őĪ'
hG : MeasurableSet G
hG' : őĹ G < ‚ä§
T_subadditive :
  ‚ąÄ (f g : őĪ ‚Üí ‚ĄĚ‚Č•0),
    MemLorentz f p 1 őľ ‚Üí
      MemLorentz g p 1 őľ ‚Üí
        eLpNorm (T (f + g)) 1 (őĹ.restrict G) ‚Č§ eLpNorm (T f) 1 (őĹ.restrict G) + eLpNorm (T g) 1 (őĹ.restrict G)
T_submult : ‚ąÄ (f : őĪ ‚Üí ‚ĄĚ‚Č•0) (a : ‚ĄĚ‚Č•0), eLpNorm (T (a ‚ÄĘ f)) 1 (őĹ.restrict G) ‚Č§ eLpNorm (a ‚ÄĘ T f) 1 (őĹ.restrict G)
f : őĪ ‚Üí ‚ĄĚ‚Č•0
hf : Measurable f
hf' : MemLorentz f p 1 őľ
p_ne_top : p = ‚ä§
‚äĘ eLpNorm (T f) 1 (őĹ.restrict G) ‚Č§ ‚ÜĎc / p * eLorentzNorm f p 1 őľ * őĹ G ^ p'.toReal‚ĀĽ¬Ļ

[2026-01-10 23:03:31] [INFO] Attempt 1 failed verification, continuing...
[2026-01-10 23:03:31] [INFO] ========================================
[2026-01-10 23:03:31] [INFO] Trying strategy: simp_all (up to 1 attempts)
[2026-01-10 23:03:31] [INFO] --------------------
[2026-01-10 23:03:31] [INFO] Strategy simp_all, attempt 1/1
[2026-01-10 23:03:31] [INFO] Starting proof generation...
[2026-01-10 23:03:31] [INFO] Repository path: /root/repo
[2026-01-10 23:03:31] [INFO] Proof generation completed
[2026-01-10 23:03:31] [INFO] Generated proof:
[2026-01-10 23:03:31] [INFO] simp_all
[2026-01-10 23:03:31] [INFO] Proof length: 8 chars
[2026-01-10 23:03:31] [INFO] Starting proof verification...
[2026-01-10 23:03:31] [INFO] Verifying at: Carleson/ToMathlib/Lorentz.lean:702
[2026-01-10 23:03:31] [INFO] Using LEAN INTERACT verify
[2026-01-10 23:03:31] [INFO] Checking file
[2026-01-10 23:03:52] [INFO] Cannot build modified file <error line="702" column="2">
<code_line>  ¬∑ simp_all --TODO: check whether this works or whether it should be excluded</code_line>
<message>error: unsolved goals</message>
</error>
case pos
őĪ : Type u_1
őĶ' : Type u_3
m0 : MeasurableSpace őĪ
őĪ' : Type u_4
m : MeasurableSpace őĪ'
inst‚úĚ¬Ļ : TopologicalSpace őĶ'
inst‚úĚ : ENormedSpace őĶ'
p p' : ‚ĄĚ‚Č•0‚ąě
őľ : Measure őĪ
őĹ : Measure őĪ'
c : ‚ĄĚ‚Č•0
c_pos : 0 < c
T : (őĪ ‚Üí ‚ĄĚ‚Č•0) ‚Üí őĪ' ‚Üí őĶ'
G : Set őĪ'
f : őĪ ‚Üí ‚ĄĚ‚Č•0
hT : HasRestrictedWeakType T ‚ä§ p' őľ őĹ ‚ÜĎc
hpp' : ‚ä§.HolderConjugate p'
weakly_cont_T : WeaklyContinuous T ‚ä§ őľ őĹ
hG : MeasurableSet G
hG' : őĹ G < ‚ä§
T_subadditive :
  ‚ąÄ (f g : őĪ ‚Üí ‚ĄĚ‚Č•0),
    MemLorentz f ‚ä§ 1 őľ ‚Üí
      MemLorentz g ‚ä§ 1 őľ ‚Üí
        eLpNorm (T (f + g)) 1 (őĹ.restrict G) ‚Č§ eLpNorm (T f) 1 (őĹ.restrict G) + eLpNorm (T g) 1 (őĹ.restrict G)
T_submult : ‚ąÄ (f : őĪ ‚Üí ‚ĄĚ‚Č•0) (a : ‚ĄĚ‚Č•0), eLpNorm (T (a ‚ÄĘ f)) 1 (őĹ.restrict G) ‚Č§ eLpNorm (a ‚ÄĘ T f) 1 (őĹ.restrict G)
hf : Measurable f
hf' : MemLorentz f ‚ä§ 1 őľ
p_ne_top : p = ‚ä§
‚äĘ eLpNorm (T f) 1 (őĹ.restrict G) = 0
[2026-01-10 23:03:52] [INFO] Proof verification completed
[2026-01-10 23:03:52] [INFO] Strategy simp_all attempt 1: verified=False
[2026-01-10 23:03:52] [INFO] Verification message: Cannot build modified file: <error line="702" column="2">
<code_line>  ¬∑ simp_all --TODO: check whether this works or whether it should be excluded</code_line>
<message>error: unsolved goals</message>
</error>
case pos
őĪ : Type u_1
őĶ' : Type u_3
m0 : MeasurableSpace őĪ
őĪ' : Type u_4
m : MeasurableSpace őĪ'
inst‚úĚ¬Ļ : TopologicalSpace őĶ'
inst‚úĚ : ENormedSpace őĶ'
p p' : ‚ĄĚ‚Č•0‚ąě
őľ : Measure őĪ
őĹ : Measure őĪ'
c : ‚ĄĚ‚Č•0
c_pos : 0 < c
T : (őĪ ‚Üí ‚ĄĚ‚Č•0) ‚Üí őĪ' ‚Üí őĶ'
G : Set őĪ'
f : őĪ ‚Üí ‚ĄĚ‚Č•0
hT : HasRestrictedWeakType T ‚ä§ p' őľ őĹ ‚ÜĎc
hpp' : ‚ä§.HolderConjugate p'
weakly_cont_T : WeaklyContinuous T ‚ä§ őľ őĹ
hG : MeasurableSet G
hG' : őĹ G < ‚ä§
T_subadditive :
  ‚ąÄ (f g : őĪ ‚Üí ‚ĄĚ‚Č•0),
    MemLorentz f ‚ä§ 1 őľ ‚Üí
      MemLorentz g ‚ä§ 1 őľ ‚Üí
        eLpNorm (T (f + g)) 1 (őĹ.restrict G) ‚Č§ eLpNorm (T f) 1 (őĹ.restrict G) + eLpNorm (T g) 1 (őĹ.restrict G)
T_submult : ‚ąÄ (f : őĪ ‚Üí ‚ĄĚ‚Č•0) (a : ‚ĄĚ‚Č•0), eLpNorm (T (a ‚ÄĘ f)) 1 (őĹ.restrict G) ‚Č§ eLpNorm (a ‚ÄĘ T f) 1 (őĹ.restrict G)
hf : Measurable f
hf' : MemLorentz f ‚ä§ 1 őľ
p_ne_top : p = ‚ä§
‚äĘ eLpNorm (T f) 1 (őĹ.restrict G) = 0

[2026-01-10 23:03:52] [INFO] Attempt 1 failed verification, continuing...
[2026-01-10 23:03:52] [INFO] ========================================
[2026-01-10 23:03:52] [INFO] Trying strategy: exact? (up to 1 attempts)
[2026-01-10 23:03:52] [INFO] --------------------
[2026-01-10 23:03:52] [INFO] Strategy exact?, attempt 1/1
[2026-01-10 23:03:52] [INFO] Starting proof generation...
[2026-01-10 23:03:52] [INFO] Repository path: /root/repo
[2026-01-10 23:03:52] [INFO] Proof generation completed
[2026-01-10 23:03:52] [INFO] Generated proof:
[2026-01-10 23:03:52] [INFO] exact?
[2026-01-10 23:03:52] [INFO] Proof length: 6 chars
[2026-01-10 23:03:52] [INFO] Starting proof verification...
[2026-01-10 23:03:52] [INFO] Verifying at: Carleson/ToMathlib/Lorentz.lean:702
[2026-01-10 23:03:52] [INFO] Using LEAN INTERACT verify
[2026-01-10 23:03:52] [INFO] Checking file
[2026-01-10 23:04:43] [INFO] Cannot build modified file <error line="702" column="4">
<code_line>  ¬∑ exact? --TODO: check whether this works or whether it should be excluded</code_line>
<message>error: (deterministic) timeout at `whnf`, maximum number of heartbeats (200000) has been reached</message>
</error>

Note: Use `set_option maxHeartbeats <num>` to set the limit.

Hint: Additional diagnostic information may be available using the `set_option diagnostics true` command.
<error line="690" column="0">
<code_line>theorem HasRestrictedWeakType.hasLorentzType_helper [TopologicalSpace őĶ'] [ENormedSpace őĶ']</code_line>
<message>error: (deterministic) timeout at `whnf`, maximum number of heartbeats (200000) has been reached</message>
</error>

Note: Use `set_option maxHeartbeats <num>` to set the limit.

Hint: Additional diagnostic information may be available using the `set_option diagnostics true` command.
<error line="851" column="6">
<code_line>lemma HasRestrictedWeakType.hasLorentzType [TopologicalSpace őĪ] {ūĚēā : Type*} /- [MeasurableSpace őĶ'] [BorelSpace őĶ'] -/</code_line>
<message>error: (kernel) unknown constant 'MeasureTheory.HasRestrictedWeakType.hasLorentzType_helper'</message>
</error>
[2026-01-10 23:04:43] [INFO] Proof verification completed
[2026-01-10 23:04:43] [INFO] Strategy exact? attempt 1: verified=False
[2026-01-10 23:04:43] [INFO] Verification message: Cannot build modified file: <error line="702" column="4">
<code_line>  ¬∑ exact? --TODO: check whether this works or whether it should be excluded</code_line>
<message>error: (deterministic) timeout at `whnf`, maximum number of heartbeats (200000) has been reached</message>
</error>

Note: Use `set_option maxHeartbeats <num>` to set the limit.

Hint: Additional diagnostic information may be available using the `set_option diagnostics true` command.
<error line="690" column="0">
<code_line>theorem HasRestrictedWeakType.hasLorentzType_helper [TopologicalSpace őĶ'] [ENormedSpace őĶ']</code_line>
<message>error: (deterministic) timeout at `whnf`, maximum number of heartbeats (200000) has been reached</message>
</error>

Note: Use `set_option maxHeartbeats <num>` to set the limit.

Hint: Additional diagnostic information may be available using the `set_option diagnostics true` command.
<error line="851" column="6">
<code_line>lemma HasRestrictedWeakType.hasLorentzType [TopologicalSpace őĪ] {ūĚēā : Type*} /- [MeasurableSpace őĶ'] [BorelSpace őĶ'] -/</code_line>
<message>error: (kernel) unknown constant 'MeasureTheory.HasRestrictedWeakType.hasLorentzType_helper'</message>
</error>

[2026-01-10 23:04:43] [INFO] Attempt 1 failed verification, continuing...
[2026-01-10 23:04:43] [INFO] ========================================
[2026-01-10 23:04:43] [INFO] Trying strategy: grind (up to 1 attempts)
[2026-01-10 23:04:43] [INFO] --------------------
[2026-01-10 23:04:43] [INFO] Strategy grind, attempt 1/1
[2026-01-10 23:04:43] [INFO] Starting proof generation...
[2026-01-10 23:04:43] [INFO] Repository path: /root/repo
[2026-01-10 23:04:43] [INFO] Proof generation completed
[2026-01-10 23:04:43] [INFO] Generated proof:
[2026-01-10 23:04:43] [INFO] grind
[2026-01-10 23:04:43] [INFO] Proof length: 5 chars
[2026-01-10 23:04:43] [INFO] Starting proof verification...
[2026-01-10 23:04:43] [INFO] Verifying at: Carleson/ToMathlib/Lorentz.lean:702
[2026-01-10 23:04:43] [INFO] Using LEAN INTERACT verify
[2026-01-10 23:04:43] [INFO] Checking file
[2026-01-10 23:05:03] [INFO] Cannot build modified file <error line="702" column="4">
<code_line>  ¬∑ grind --TODO: check whether this works or whether it should be excluded</code_line>
<message>error: `grind` failed</message>
</error>
case grind
őĪ : Type u_1
őĶ' : Type u_3
m0 : MeasurableSpace őĪ
őĪ' : Type u_4
m : MeasurableSpace őĪ'
inst : TopologicalSpace őĶ'
inst_1 : ENormedSpace őĶ'
p p' : ‚ĄĚ‚Č•0‚ąě
őľ : Measure őĪ
őĹ : Measure őĪ'
c : ‚ĄĚ‚Č•0
c_pos : 0 < c
T : (őĪ ‚Üí ‚ĄĚ‚Č•0) ‚Üí őĪ' ‚Üí őĶ'
hT : HasRestrictedWeakType T p p' őľ őĹ ‚ÜĎc
hpp' : p.HolderConjugate p'
weakly_cont_T : WeaklyContinuous T p őľ őĹ
G : Set őĪ'
hG : MeasurableSet G
hG' : őĹ G < ‚ä§
T_subadditive :
  ‚ąÄ (f g : őĪ ‚Üí ‚ĄĚ‚Č•0),
    MemLorentz f p 1 őľ ‚Üí
      MemLorentz g p 1 őľ ‚Üí
        eLpNorm (T (f + g)) 1 (őĹ.restrict G) ‚Č§ eLpNorm (T f) 1 (őĹ.restrict G) + eLpNorm (T g) 1 (őĹ.restrict G)
T_submult : ‚ąÄ (f : őĪ ‚Üí ‚ĄĚ‚Č•0) (a : ‚ĄĚ‚Č•0), eLpNorm (T (a ‚ÄĘ f)) 1 (őĹ.restrict G) ‚Č§ eLpNorm (a ‚ÄĘ T f) 1 (őĹ.restrict G)
f : őĪ ‚Üí ‚ĄĚ‚Č•0
hf : Measurable f
hf' : MemLorentz f p 1 őľ
p_ne_top : p = ‚ä§
h : ¬¨eLpNorm (T f) 1 (őĹ.restrict G) ‚Č§ ‚ÜĎc / p * eLorentzNorm f p 1 őľ * őĹ G ^ p'‚ĀĽ¬Ļ.toReal
‚äĘ False
[grind] Goal diagnostics
  [facts] Asserted facts
    [prop] 0 < c
    [prop] HasRestrictedWeakType T p p' őľ őĹ ‚ÜĎc
    [prop] p.HolderTriple p' 1
    [prop] WeaklyContinuous T p őľ őĹ
    [prop] MeasurableSet G
    [prop] őĹ G < ‚ä§
    [prop] ‚ąÄ (f g : őĪ ‚Üí ‚ĄĚ‚Č•0),
          MemLorentz f p 1 őľ ‚Üí
            MemLorentz g p 1 őľ ‚Üí
              eLpNorm (T (f + g)) 1 (őĹ.restrict G) ‚Č§ eLpNorm (T f) 1 (őĹ.restrict G) + eLpNorm (T g) 1 (őĹ.restrict G)
    [prop] ‚ąÄ (f : őĪ ‚Üí ‚ĄĚ‚Č•0) (a : ‚ĄĚ‚Č•0), eLpNorm (T (a ‚ÄĘ f)) 1 (őĹ.restrict G) ‚Č§ eLpNorm (a ‚ÄĘ T f) 1 (őĹ.restrict G)
    [prop] Measurable f
    [prop] MemLorentz f p 1 őľ
    [prop] p = ‚ä§
    [prop] ¬¨eLpNorm (T f) 1 (őĹ.restrict G) ‚Č§ ‚ÜĎc / p * eLorentzNorm f p 1 őľ * őĹ G ^ p'‚ĀĽ¬Ļ.toReal
    [prop] MemLorentz f p 1 őľ ‚Üí
          MemLorentz f p 1 őľ ‚Üí
            eLpNorm (T (f + f)) 1 (őĹ.restrict G) ‚Č§ eLpNorm (T f) 1 (őĹ.restrict G) + eLpNorm (T f) 1 (őĹ.restrict G)
  [eqc] True propositions
    [prop] p.HolderTriple p' 1
    [prop] MeasurableSet G
    [prop] őĹ G < ‚ä§
    [prop] 0 < c
    [prop] Measurable f
    [prop] MemLorentz f p 1 őľ
    [prop] WeaklyContinuous T p őľ őĹ
    [prop] HasRestrictedWeakType T p p' őľ őĹ ‚ÜĎc
    [prop] ‚ąÄ (f : őĪ ‚Üí ‚ĄĚ‚Č•0) (a : ‚ĄĚ‚Č•0), eLpNorm (T (a ‚ÄĘ f)) 1 (őĹ.restrict G) ‚Č§ eLpNorm (a ‚ÄĘ T f) 1 (őĹ.restrict G)
    [prop] ‚ąÄ (f g : őĪ ‚Üí ‚ĄĚ‚Č•0),
          MemLorentz f p 1 őľ ‚Üí
            MemLorentz g p 1 őľ ‚Üí
              eLpNorm (T (f + g)) 1 (őĹ.restrict G) ‚Č§ eLpNorm (T f) 1 (őĹ.restrict G) + eLpNorm (T g) 1 (őĹ.restrict G)
    [prop] eLpNorm (T (f + f)) 1 (őĹ.restrict G) ‚Č§ eLpNorm (T f) 1 (őĹ.restrict G) + eLpNorm (T f) 1 (őĹ.restrict G)
    [prop] MemLorentz f p 1 őľ ‚Üí
          eLpNorm (T (f + f)) 1 (őĹ.restrict G) ‚Č§ eLpNorm (T f) 1 (őĹ.restrict G) + eLpNorm (T f) 1 (őĹ.restrict G)
    [prop] MemLorentz f p 1 őľ ‚Üí
          MemLorentz f p 1 őľ ‚Üí
            eLpNorm (T (f + f)) 1 (őĹ.restrict G) ‚Č§ eLpNorm (T f) 1 (őĹ.restrict G) + eLpNorm (T f) 1 (őĹ.restrict G)
  [eqc] False propositions
    [prop] eLpNorm (T f) 1 (őĹ.restrict G) ‚Č§ ‚ÜĎc / p * eLorentzNorm f p 1 őľ * őĹ G ^ p'‚ĀĽ¬Ļ.toReal
  [eqc] Equivalence classes
    [eqc] {p, ‚ä§}
  [ematch] E-matching patterns
    [thm] map_zero: [@DFunLike.coe #5 #7 _ #2 #0 (@OfNat.ofNat _ `[0] _)]
    [thm] map_one: [@DFunLike.coe #5 #7 _ #2 #0 (@OfNat.ofNat _ `[1] _)]
    [thm] top_unique: [@Lean.Grind.eqBwdPattern #4 #1 (@Top.top _ _)]
    [thm] T_subadditive: [@LE.le `[‚ĄĚ‚Č•0‚ąě] `[ENNReal.instPartialOrder.toLE] (@eLpNorm `[őĪ'] `[őĶ'] `[inst_1.toENorm] `[m] (T (@HAdd.hAdd `[őĪ ‚Üí
              ‚ĄĚ‚Č•0] `[őĪ ‚Üí
              ‚ĄĚ‚Č•0] `[őĪ ‚Üí
              ‚ĄĚ‚Č•0] `[instHAdd] #3 #2)) `[1] `[őĹ.restrict
            G]) (@HAdd.hAdd `[‚ĄĚ‚Č•0‚ąě] `[‚ĄĚ‚Č•0‚ąě] `[‚ĄĚ‚Č•0‚ąě] `[instHAdd] (@eLpNorm `[őĪ'] `[őĶ'] `[inst_1.toENorm] `[m] (T #3) `[1] `[őĹ.restrict
             G]) (@eLpNorm `[őĪ'] `[őĶ'] `[inst_1.toENorm] `[m] (T #2) `[1] `[őĹ.restrict G]))]
    [thm] T_subadditive: [@eLpNorm `[őĪ'] `[őĶ'] `[inst_1.toENorm] `[m] (T (@HAdd.hAdd `[őĪ ‚Üí
             ‚ĄĚ‚Č•0] `[őĪ ‚Üí ‚ĄĚ‚Č•0] `[őĪ ‚Üí ‚ĄĚ‚Č•0] `[instHAdd] #3 #2)) `[1] `[őĹ.restrict G]]
    [thm] T_subadditive: [T (@HAdd.hAdd `[őĪ ‚Üí ‚ĄĚ‚Č•0] `[őĪ ‚Üí ‚ĄĚ‚Č•0] `[őĪ ‚Üí ‚ĄĚ‚Č•0] `[instHAdd] #3 #2)]
    [thm] T_subadditive: [@MemLorentz `[őĪ] `[‚ĄĚ‚Č•0] `[m0] `[instENormedSpaceNNReal.toENorm] `[NNReal.instTopologicalSpace] #3 `[p] `[1] `[őľ],
         @MemLorentz `[őĪ] `[‚ĄĚ‚Č•0] `[m0] `[instENormedSpaceNNReal.toENorm] `[NNReal.instTopologicalSpace] #2 `[p] `[1] `[őľ]]
    [thm] T_submult: [@LE.le `[‚ĄĚ‚Č•0‚ąě] `[ENNReal.instPartialOrder.toLE] (@eLpNorm `[őĪ'] `[őĶ'] `[inst_1.toENorm] `[m] (T (@HSMul.hSMul `[‚ĄĚ‚Č•0] `[őĪ ‚Üí
              ‚ĄĚ‚Č•0] `[őĪ ‚Üí
              ‚ĄĚ‚Č•0] `[instHSMul] #0 #1)) `[1] `[őĹ.restrict
            G]) (@eLpNorm `[őĪ'] `[őĶ'] `[inst_1.toENorm] `[m] (@HSMul.hSMul `[‚ĄĚ‚Č•0] `[őĪ' ‚Üí
             őĶ'] `[őĪ' ‚Üí őĶ'] `[instHSMul] #0 (T #1)) `[1] `[őĹ.restrict G])]
    [thm] T_submult: [@eLpNorm `[őĪ'] `[őĶ'] `[inst_1.toENorm] `[m] (T (@HSMul.hSMul `[‚ĄĚ‚Č•0] `[őĪ ‚Üí
             ‚ĄĚ‚Č•0] `[őĪ ‚Üí ‚ĄĚ‚Č•0] `[instHSMul] #0 #1)) `[1] `[őĹ.restrict G]]
    [thm] T_submult: [T (@HSMul.hSMul `[‚ĄĚ‚Č•0] `[őĪ ‚Üí ‚ĄĚ‚Č•0] `[őĪ ‚Üí ‚ĄĚ‚Č•0] `[instHSMul] #0 #1)]
    [thm] T_submult: [@eLpNorm `[őĪ'] `[őĶ'] `[inst_1.toENorm] `[m] (@HSMul.hSMul `[‚ĄĚ‚Č•0] `[őĪ' ‚Üí
            őĶ'] `[őĪ' ‚Üí őĶ'] `[instHSMul] #0 (T #1)) `[1] `[őĹ.restrict G]]
    [thm] top_unique: [@LE.le #4 _ (@Top.top _ _) #1]
    [thm] map_mul: [@DFunLike.coe #7 #9 _ #4 #2 (@HMul.hMul _ _ _ _ #1 #0)]
    [thm] map_div: [@DFunLike.coe #7 #9 _ #6 #2 (@HDiv.hDiv _ _ _ _ #1 #0)]
    [thm] map_pow: [@DFunLike.coe #7 #9 _ #6 #2 (@HPow.hPow _ `[‚Ąē] _ _ #1 #0)]
    [thm] map_zpow: [@DFunLike.coe #7 #9 _ #6 #2 (@HPow.hPow _ `[‚Ą§] _ _ #1 #0)]
    [thm] Nat.pow_pos: [@HPow.hPow `[‚Ąē] `[‚Ąē] `[‚Ąē] `[instHPow] #2 #1]
    [thm] Nat.div_pow_of_pos: [@HPow.hPow `[‚Ąē] `[‚Ąē] `[‚Ąē] `[instHPow] #2 #1]
    [thm] map_inv: [@DFunLike.coe #6 #8 _ #5 #1 (@Inv.inv _ _ #0)]
    [thm] map_add: [@DFunLike.coe #7 #9 _ #4 #2 (@HAdd.hAdd _ _ _ _ #1 #0)]
  [linarith] Linarith assignment for `Lean.Grind.IntModule.OfNatModule.Q ‚ĄĚ‚Č•0`
    [assign] c := 1
[2026-01-10 23:05:03] [INFO] Proof verification completed
[2026-01-10 23:05:03] [INFO] Strategy grind attempt 1: verified=False
[2026-01-10 23:05:03] [INFO] Verification message: Cannot build modified file: <error line="702" column="4">
<code_line>  ¬∑ grind --TODO: check whether this works or whether it should be excluded</code_line>
<message>error: `grind` failed</message>
</error>
case grind
őĪ : Type u_1
őĶ' : Type u_3
m0 : MeasurableSpace őĪ
őĪ' : Type u_4
m : MeasurableSpace őĪ'
inst : TopologicalSpace őĶ'
inst_1 : ENormedSpace őĶ'
p p' : ‚ĄĚ‚Č•0‚ąě
őľ : Measure őĪ
őĹ : Measure őĪ'
c : ‚ĄĚ‚Č•0
c_pos : 0 < c
T : (őĪ ‚Üí ‚ĄĚ‚Č•0) ‚Üí őĪ' ‚Üí őĶ'
hT : HasRestrictedWeakType T p p' őľ őĹ ‚ÜĎc
hpp' : p.HolderConjugate p'
weakly_cont_T : WeaklyContinuous T p őľ őĹ
G : Set őĪ'
hG : MeasurableSet G
hG' : őĹ G < ‚ä§
T_subadditive :
  ‚ąÄ (f g : őĪ ‚Üí ‚ĄĚ‚Č•0),
    MemLorentz f p 1 őľ ‚Üí
      MemLorentz g p 1 őľ ‚Üí
        eLpNorm (T (f + g)) 1 (őĹ.restrict G) ‚Č§ eLpNorm (T f) 1 (őĹ.restrict G) + eLpNorm (T g) 1 (őĹ.restrict G)
T_submult : ‚ąÄ (f : őĪ ‚Üí ‚ĄĚ‚Č•0) (a : ‚ĄĚ‚Č•0), eLpNorm (T (a ‚ÄĘ f)) 1 (őĹ.restrict G) ‚Č§ eLpNorm (a ‚ÄĘ T f) 1 (őĹ.restrict G)
f : őĪ ‚Üí ‚ĄĚ‚Č•0
hf : Measurable f
hf' : MemLorentz f p 1 őľ
p_ne_top : p = ‚ä§
h : ¬¨eLpNorm (T f) 1 (őĹ.restrict G) ‚Č§ ‚ÜĎc / p * eLorentzNorm f p 1 őľ * őĹ G ^ p'‚ĀĽ¬Ļ.toReal
‚äĘ False
[grind] Goal diagnostics
  [facts] Asserted facts
    [prop] 0 < c
    [prop] HasRestrictedWeakType T p p' őľ őĹ ‚ÜĎc
    [prop] p.HolderTriple p' 1
    [prop] WeaklyContinuous T p őľ őĹ
    [prop] MeasurableSet G
    [prop] őĹ G < ‚ä§
    [prop] ‚ąÄ (f g : őĪ ‚Üí ‚ĄĚ‚Č•0),
          MemLorentz f p 1 őľ ‚Üí
            MemLorentz g p 1 őľ ‚Üí
              eLpNorm (T (f + g)) 1 (őĹ.restrict G) ‚Č§ eLpNorm (T f) 1 (őĹ.restrict G) + eLpNorm (T g) 1 (őĹ.restrict G)
    [prop] ‚ąÄ (f : őĪ ‚Üí ‚ĄĚ‚Č•0) (a : ‚ĄĚ‚Č•0), eLpNorm (T (a ‚ÄĘ f)) 1 (őĹ.restrict G) ‚Č§ eLpNorm (a ‚ÄĘ T f) 1 (őĹ.restrict G)
    [prop] Measurable f
    [prop] MemLorentz f p 1 őľ
    [prop] p = ‚ä§
    [prop] ¬¨eLpNorm (T f) 1 (őĹ.restrict G) ‚Č§ ‚ÜĎc / p * eLorentzNorm f p 1 őľ * őĹ G ^ p'‚ĀĽ¬Ļ.toReal
    [prop] MemLorentz f p 1 őľ ‚Üí
          MemLorentz f p 1 őľ ‚Üí
            eLpNorm (T (f + f)) 1 (őĹ.restrict G) ‚Č§ eLpNorm (T f) 1 (őĹ.restrict G) + eLpNorm (T f) 1 (őĹ.restrict G)
  [eqc] True propositions
    [prop] p.HolderTriple p' 1
    [prop] MeasurableSet G
    [prop] őĹ G < ‚ä§
    [prop] 0 < c
    [prop] Measurable f
    [prop] MemLorentz f p 1 őľ
    [prop] WeaklyContinuous T p őľ őĹ
    [prop] HasRestrictedWeakType T p p' őľ őĹ ‚ÜĎc
    [prop] ‚ąÄ (f : őĪ ‚Üí ‚ĄĚ‚Č•0) (a : ‚ĄĚ‚Č•0), eLpNorm (T (a ‚ÄĘ f)) 1 (őĹ.restrict G) ‚Č§ eLpNorm (a ‚ÄĘ T f) 1 (őĹ.restrict G)
    [prop] ‚ąÄ (f g : őĪ ‚Üí ‚ĄĚ‚Č•0),
          MemLorentz f p 1 őľ ‚Üí
            MemLorentz g p 1 őľ ‚Üí
              eLpNorm (T (f + g)) 1 (őĹ.restrict G) ‚Č§ eLpNorm (T f) 1 (őĹ.restrict G) + eLpNorm (T g) 1 (őĹ.restrict G)
    [prop] eLpNorm (T (f + f)) 1 (őĹ.restrict G) ‚Č§ eLpNorm (T f) 1 (őĹ.restrict G) + eLpNorm (T f) 1 (őĹ.restrict G)
    [prop] MemLorentz f p 1 őľ ‚Üí
          eLpNorm (T (f + f)) 1 (őĹ.restrict G) ‚Č§ eLpNorm (T f) 1 (őĹ.restrict G) + eLpNorm (T f) 1 (őĹ.restrict G)
    [prop] MemLorentz f p 1 őľ ‚Üí
          MemLorentz f p 1 őľ ‚Üí
            eLpNorm (T (f + f)) 1 (őĹ.restrict G) ‚Č§ eLpNorm (T f) 1 (őĹ.restrict G) + eLpNorm (T f) 1 (őĹ.restrict G)
  [eqc] False propositions
    [prop] eLpNorm (T f) 1 (őĹ.restrict G) ‚Č§ ‚ÜĎc / p * eLorentzNorm f p 1 őľ * őĹ G ^ p'‚ĀĽ¬Ļ.toReal
  [eqc] Equivalence classes
    [eqc] {p, ‚ä§}
  [ematch] E-matching patterns
    [thm] map_zero: [@DFunLike.coe #5 #7 _ #2 #0 (@OfNat.ofNat _ `[0] _)]
    [thm] map_one: [@DFunLike.coe #5 #7 _ #2 #0 (@OfNat.ofNat _ `[1] _)]
    [thm] top_unique: [@Lean.Grind.eqBwdPattern #4 #1 (@Top.top _ _)]
    [thm] T_subadditive: [@LE.le `[‚ĄĚ‚Č•0‚ąě] `[ENNReal.instPartialOrder.toLE] (@eLpNorm `[őĪ'] `[őĶ'] `[inst_1.toENorm] `[m] (T (@HAdd.hAdd `[őĪ ‚Üí
              ‚ĄĚ‚Č•0] `[őĪ ‚Üí
              ‚ĄĚ‚Č•0] `[őĪ ‚Üí
              ‚ĄĚ‚Č•0] `[instHAdd] #3 #2)) `[1] `[őĹ.restrict
            G]) (@HAdd.hAdd `[‚ĄĚ‚Č•0‚ąě] `[‚ĄĚ‚Č•0‚ąě] `[‚ĄĚ‚Č•0‚ąě] `[instHAdd] (@eLpNorm `[őĪ'] `[őĶ'] `[inst_1.toENorm] `[m] (T #3) `[1] `[őĹ.restrict
             G]) (@eLpNorm `[őĪ'] `[őĶ'] `[inst_1.toENorm] `[m] (T #2) `[1] `[őĹ.restrict G]))]
    [thm] T_subadditive: [@eLpNorm `[őĪ'] `[őĶ'] `[inst_1.toENorm] `[m] (T (@HAdd.hAdd `[őĪ ‚Üí
             ‚ĄĚ‚Č•0] `[őĪ ‚Üí ‚ĄĚ‚Č•0] `[őĪ ‚Üí ‚ĄĚ‚Č•0] `[instHAdd] #3 #2)) `[1] `[őĹ.restrict G]]
    [thm] T_subadditive: [T (@HAdd.hAdd `[őĪ ‚Üí ‚ĄĚ‚Č•0] `[őĪ ‚Üí ‚ĄĚ‚Č•0] `[őĪ ‚Üí ‚ĄĚ‚Č•0] `[instHAdd] #3 #2)]
    [thm] T_subadditive: [@MemLorentz `[őĪ] `[‚ĄĚ‚Č•0] `[m0] `[instENormedSpaceNNReal.toENorm] `[NNReal.instTopologicalSpace] #3 `[p] `[1] `[őľ],
         @MemLorentz `[őĪ] `[‚ĄĚ‚Č•0] `[m0] `[instENormedSpaceNNReal.toENorm] `[NNReal.instTopologicalSpace] #2 `[p] `[1] `[őľ]]
    [thm] T_submult: [@LE.le `[‚ĄĚ‚Č•0‚ąě] `[ENNReal.instPartialOrder.toLE] (@eLpNorm `[őĪ'] `[őĶ'] `[inst_1.toENorm] `[m] (T (@HSMul.hSMul `[‚ĄĚ‚Č•0] `[őĪ ‚Üí
              ‚ĄĚ‚Č•0] `[őĪ ‚Üí
              ‚ĄĚ‚Č•0] `[instHSMul] #0 #1)) `[1] `[őĹ.restrict
            G]) (@eLpNorm `[őĪ'] `[őĶ'] `[inst_1.toENorm] `[m] (@HSMul.hSMul `[‚ĄĚ‚Č•0] `[őĪ' ‚Üí
             őĶ'] `[őĪ' ‚Üí őĶ'] `[instHSMul] #0 (T #1)) `[1] `[őĹ.restrict G])]
    [thm] T_submult: [@eLpNorm `[őĪ'] `[őĶ'] `[inst_1.toENorm] `[m] (T (@HSMul.hSMul `[‚ĄĚ‚Č•0] `[őĪ ‚Üí
             ‚ĄĚ‚Č•0] `[őĪ ‚Üí ‚ĄĚ‚Č•0] `[instHSMul] #0 #1)) `[1] `[őĹ.restrict G]]
    [thm] T_submult: [T (@HSMul.hSMul `[‚ĄĚ‚Č•0] `[őĪ ‚Üí ‚ĄĚ‚Č•0] `[őĪ ‚Üí ‚ĄĚ‚Č•0] `[instHSMul] #0 #1)]
    [thm] T_submult: [@eLpNorm `[őĪ'] `[őĶ'] `[inst_1.toENorm] `[m] (@HSMul.hSMul `[‚ĄĚ‚Č•0] `[őĪ' ‚Üí
            őĶ'] `[őĪ' ‚Üí őĶ'] `[instHSMul] #0 (T #1)) `[1] `[őĹ.restrict G]]
    [thm] top_unique: [@LE.le #4 _ (@Top.top _ _) #1]
    [thm] map_mul: [@DFunLike.coe #7 #9 _ #4 #2 (@HMul.hMul _ _ _ _ #1 #0)]
    [thm] map_div: [@DFunLike.coe #7 #9 _ #6 #2 (@HDiv.hDiv _ _ _ _ #1 #0)]
    [thm] map_pow: [@DFunLike.coe #7 #9 _ #6 #2 (@HPow.hPow _ `[‚Ąē] _ _ #1 #0)]
    [thm] map_zpow: [@DFunLike.coe #7 #9 _ #6 #2 (@HPow.hPow _ `[‚Ą§] _ _ #1 #0)]
    [thm] Nat.pow_pos: [@HPow.hPow `[‚Ąē] `[‚Ąē] `[‚Ąē] `[instHPow] #2 #1]
    [thm] Nat.div_pow_of_pos: [@HPow.hPow `[‚Ąē] `[‚Ąē] `[‚Ąē] `[instHPow] #2 #1]
    [thm] map_inv: [@DFunLike.coe #6 #8 _ #5 #1 (@Inv.inv _ _ #0)]
    [thm] map_add: [@DFunLike.coe #7 #9 _ #4 #2 (@HAdd.hAdd _ _ _ _ #1 #0)]
  [linarith] Linarith assignment for `Lean.Grind.IntModule.OfNatModule.Q ‚ĄĚ‚Č•0`
    [assign] c := 1

[2026-01-10 23:05:03] [INFO] Attempt 1 failed verification, continuing...
[2026-01-10 23:05:03] [INFO] ========================================
[2026-01-10 23:05:03] [INFO] Trying strategy: ring (up to 1 attempts)
[2026-01-10 23:05:03] [INFO] --------------------
[2026-01-10 23:05:03] [INFO] Strategy ring, attempt 1/1
[2026-01-10 23:05:03] [INFO] Starting proof generation...
[2026-01-10 23:05:03] [INFO] Repository path: /root/repo
[2026-01-10 23:05:03] [INFO] Proof generation completed
[2026-01-10 23:05:03] [INFO] Generated proof:
[2026-01-10 23:05:03] [INFO] ring
[2026-01-10 23:05:03] [INFO] Proof length: 4 chars
[2026-01-10 23:05:03] [INFO] Starting proof verification...
[2026-01-10 23:05:03] [INFO] Verifying at: Carleson/ToMathlib/Lorentz.lean:702
[2026-01-10 23:05:03] [INFO] Using LEAN INTERACT verify
[2026-01-10 23:05:03] [INFO] Checking file
[2026-01-10 23:05:20] [INFO] Cannot build modified file Try this:
  [apply] ring_nf
  
  The `ring` tactic failed to close the goal. Use `ring_nf` to obtain a normal form.
    
  Note that `ring` works primarily in *commutative* rings. If you have a noncommutative ring, abelian group or module, consider using `noncomm_ring`, `abel` or `module` instead.
<error line="702" column="2">
<code_line>  ¬∑ ring --TODO: check whether this works or whether it should be excluded</code_line>
<message>error: unsolved goals</message>
</error>
case pos
őĪ : Type u_1
őĶ' : Type u_3
m0 : MeasurableSpace őĪ
őĪ' : Type u_4
m : MeasurableSpace őĪ'
inst‚úĚ¬Ļ : TopologicalSpace őĶ'
inst‚úĚ : ENormedSpace őĶ'
p p' : ‚ĄĚ‚Č•0‚ąě
őľ : Measure őĪ
őĹ : Measure őĪ'
c : ‚ĄĚ‚Č•0
c_pos : 0 < c
T : (őĪ ‚Üí ‚ĄĚ‚Č•0) ‚Üí őĪ' ‚Üí őĶ'
hT : HasRestrictedWeakType T p p' őľ őĹ ‚ÜĎc
hpp' : p.HolderConjugate p'
weakly_cont_T : WeaklyContinuous T p őľ őĹ
G : Set őĪ'
hG : MeasurableSet G
hG' : őĹ G < ‚ä§
T_subadditive :
  ‚ąÄ (f g : őĪ ‚Üí ‚ĄĚ‚Č•0),
    MemLorentz f p 1 őľ ‚Üí
      MemLorentz g p 1 őľ ‚Üí
        eLpNorm (T (f + g)) 1 (őĹ.restrict G) ‚Č§ eLpNorm (T f) 1 (őĹ.restrict G) + eLpNorm (T g) 1 (őĹ.restrict G)
T_submult : ‚ąÄ (f : őĪ ‚Üí ‚ĄĚ‚Č•0) (a : ‚ĄĚ‚Č•0), eLpNorm (T (a ‚ÄĘ f)) 1 (őĹ.restrict G) ‚Č§ eLpNorm (a ‚ÄĘ T f) 1 (őĹ.restrict G)
f : őĪ ‚Üí ‚ĄĚ‚Č•0
hf : Measurable f
hf' : MemLorentz f p 1 őľ
p_ne_top : p = ‚ä§
‚äĘ eLpNorm (T f) 1 (őĹ.restrict G) ‚Č§ ‚ÜĎc / p * eLorentzNorm f p 1 őľ * őĹ G ^ p'‚ĀĽ¬Ļ.toReal
[2026-01-10 23:05:20] [INFO] Proof verification completed
[2026-01-10 23:05:20] [INFO] Strategy ring attempt 1: verified=False
[2026-01-10 23:05:20] [INFO] Verification message: Cannot build modified file: Try this:
  [apply] ring_nf
  
  The `ring` tactic failed to close the goal. Use `ring_nf` to obtain a normal form.
    
  Note that `ring` works primarily in *commutative* rings. If you have a noncommutative ring, abelian group or module, consider using `noncomm_ring`, `abel` or `module` instead.
<error line="702" column="2">
<code_line>  ¬∑ ring --TODO: check whether this works or whether it should be excluded</code_line>
<message>error: unsolved goals</message>
</error>
case pos
őĪ : Type u_1
őĶ' : Type u_3
m0 : MeasurableSpace őĪ
őĪ' : Type u_4
m : MeasurableSpace őĪ'
inst‚úĚ¬Ļ : TopologicalSpace őĶ'
inst‚úĚ : ENormedSpace őĶ'
p p' : ‚ĄĚ‚Č•0‚ąě
őľ : Measure őĪ
őĹ : Measure őĪ'
c : ‚ĄĚ‚Č•0
c_pos : 0 < c
T : (őĪ ‚Üí ‚ĄĚ‚Č•0) ‚Üí őĪ' ‚Üí őĶ'
hT : HasRestrictedWeakType T p p' őľ őĹ ‚ÜĎc
hpp' : p.HolderConjugate p'
weakly_cont_T : WeaklyContinuous T p őľ őĹ
G : Set őĪ'
hG : MeasurableSet G
hG' : őĹ G < ‚ä§
T_subadditive :
  ‚ąÄ (f g : őĪ ‚Üí ‚ĄĚ‚Č•0),
    MemLorentz f p 1 őľ ‚Üí
      MemLorentz g p 1 őľ ‚Üí
        eLpNorm (T (f + g)) 1 (őĹ.restrict G) ‚Č§ eLpNorm (T f) 1 (őĹ.restrict G) + eLpNorm (T g) 1 (őĹ.restrict G)
T_submult : ‚ąÄ (f : őĪ ‚Üí ‚ĄĚ‚Č•0) (a : ‚ĄĚ‚Č•0), eLpNorm (T (a ‚ÄĘ f)) 1 (őĹ.restrict G) ‚Č§ eLpNorm (a ‚ÄĘ T f) 1 (őĹ.restrict G)
f : őĪ ‚Üí ‚ĄĚ‚Č•0
hf : Measurable f
hf' : MemLorentz f p 1 őľ
p_ne_top : p = ‚ä§
‚äĘ eLpNorm (T f) 1 (őĹ.restrict G) ‚Č§ ‚ÜĎc / p * eLorentzNorm f p 1 őľ * őĹ G ^ p'‚ĀĽ¬Ļ.toReal

[2026-01-10 23:05:20] [INFO] Attempt 1 failed verification, continuing...
[2026-01-10 23:05:20] [INFO] ========================================
[2026-01-10 23:05:20] [INFO] Trying strategy: norm_num (up to 1 attempts)
[2026-01-10 23:05:20] [INFO] --------------------
[2026-01-10 23:05:20] [INFO] Strategy norm_num, attempt 1/1
[2026-01-10 23:05:20] [INFO] Starting proof generation...
[2026-01-10 23:05:20] [INFO] Repository path: /root/repo
[2026-01-10 23:05:20] [INFO] Proof generation completed
[2026-01-10 23:05:20] [INFO] Generated proof:
[2026-01-10 23:05:20] [INFO] norm_num
[2026-01-10 23:05:20] [INFO] Proof length: 8 chars
[2026-01-10 23:05:20] [INFO] Starting proof verification...
[2026-01-10 23:05:20] [INFO] Verifying at: Carleson/ToMathlib/Lorentz.lean:702
[2026-01-10 23:05:20] [INFO] Using LEAN INTERACT verify
[2026-01-10 23:05:20] [INFO] Checking file
[2026-01-10 23:05:39] [INFO] Cannot build modified file <error line="702" column="2">
<code_line>  ¬∑ norm_num --TODO: check whether this works or whether it should be excluded</code_line>
<message>error: unsolved goals</message>
</error>
case pos
őĪ : Type u_1
őĶ' : Type u_3
m0 : MeasurableSpace őĪ
őĪ' : Type u_4
m : MeasurableSpace őĪ'
inst‚úĚ¬Ļ : TopologicalSpace őĶ'
inst‚úĚ : ENormedSpace őĶ'
p p' : ‚ĄĚ‚Č•0‚ąě
őľ : Measure őĪ
őĹ : Measure őĪ'
c : ‚ĄĚ‚Č•0
c_pos : 0 < c
T : (őĪ ‚Üí ‚ĄĚ‚Č•0) ‚Üí őĪ' ‚Üí őĶ'
hT : HasRestrictedWeakType T p p' őľ őĹ ‚ÜĎc
hpp' : p.HolderConjugate p'
weakly_cont_T : WeaklyContinuous T p őľ őĹ
G : Set őĪ'
hG : MeasurableSet G
hG' : őĹ G < ‚ä§
T_subadditive :
  ‚ąÄ (f g : őĪ ‚Üí ‚ĄĚ‚Č•0),
    MemLorentz f p 1 őľ ‚Üí
      MemLorentz g p 1 őľ ‚Üí
        eLpNorm (T (f + g)) 1 (őĹ.restrict G) ‚Č§ eLpNorm (T f) 1 (őĹ.restrict G) + eLpNorm (T g) 1 (őĹ.restrict G)
T_submult : ‚ąÄ (f : őĪ ‚Üí ‚ĄĚ‚Č•0) (a : ‚ĄĚ‚Č•0), eLpNorm (T (a ‚ÄĘ f)) 1 (őĹ.restrict G) ‚Č§ eLpNorm (a ‚ÄĘ T f) 1 (őĹ.restrict G)
f : őĪ ‚Üí ‚ĄĚ‚Č•0
hf : Measurable f
hf' : MemLorentz f p 1 őľ
p_ne_top : p = ‚ä§
‚äĘ eLpNorm (T f) 1 (őĹ.restrict G) ‚Č§ ‚ÜĎc / p * eLorentzNorm f p 1 őľ * őĹ G ^ p'.toReal‚ĀĽ¬Ļ
[2026-01-10 23:05:39] [INFO] Proof verification completed
[2026-01-10 23:05:39] [INFO] Strategy norm_num attempt 1: verified=False
[2026-01-10 23:05:39] [INFO] Verification message: Cannot build modified file: <error line="702" column="2">
<code_line>  ¬∑ norm_num --TODO: check whether this works or whether it should be excluded</code_line>
<message>error: unsolved goals</message>
</error>
case pos
őĪ : Type u_1
őĶ' : Type u_3
m0 : MeasurableSpace őĪ
őĪ' : Type u_4
m : MeasurableSpace őĪ'
inst‚úĚ¬Ļ : TopologicalSpace őĶ'
inst‚úĚ : ENormedSpace őĶ'
p p' : ‚ĄĚ‚Č•0‚ąě
őľ : Measure őĪ
őĹ : Measure őĪ'
c : ‚ĄĚ‚Č•0
c_pos : 0 < c
T : (őĪ ‚Üí ‚ĄĚ‚Č•0) ‚Üí őĪ' ‚Üí őĶ'
hT : HasRestrictedWeakType T p p' őľ őĹ ‚ÜĎc
hpp' : p.HolderConjugate p'
weakly_cont_T : WeaklyContinuous T p őľ őĹ
G : Set őĪ'
hG : MeasurableSet G
hG' : őĹ G < ‚ä§
T_subadditive :
  ‚ąÄ (f g : őĪ ‚Üí ‚ĄĚ‚Č•0),
    MemLorentz f p 1 őľ ‚Üí
      MemLorentz g p 1 őľ ‚Üí
        eLpNorm (T (f + g)) 1 (őĹ.restrict G) ‚Č§ eLpNorm (T f) 1 (őĹ.restrict G) + eLpNorm (T g) 1 (őĹ.restrict G)
T_submult : ‚ąÄ (f : őĪ ‚Üí ‚ĄĚ‚Č•0) (a : ‚ĄĚ‚Č•0), eLpNorm (T (a ‚ÄĘ f)) 1 (őĹ.restrict G) ‚Č§ eLpNorm (a ‚ÄĘ T f) 1 (őĹ.restrict G)
f : őĪ ‚Üí ‚ĄĚ‚Č•0
hf : Measurable f
hf' : MemLorentz f p 1 őľ
p_ne_top : p = ‚ä§
‚äĘ eLpNorm (T f) 1 (őĹ.restrict G) ‚Č§ ‚ÜĎc / p * eLorentzNorm f p 1 őľ * őĹ G ^ p'.toReal‚ĀĽ¬Ļ

[2026-01-10 23:05:39] [INFO] Attempt 1 failed verification, continuing...
[2026-01-10 23:05:39] [INFO] ========================================
[2026-01-10 23:05:39] [INFO] Trying strategy: omega (up to 1 attempts)
[2026-01-10 23:05:39] [INFO] --------------------
[2026-01-10 23:05:39] [INFO] Strategy omega, attempt 1/1
[2026-01-10 23:05:39] [INFO] Starting proof generation...
[2026-01-10 23:05:39] [INFO] Repository path: /root/repo
[2026-01-10 23:05:39] [INFO] Proof generation completed
[2026-01-10 23:05:39] [INFO] Generated proof:
[2026-01-10 23:05:39] [INFO] omega
[2026-01-10 23:05:39] [INFO] Proof length: 5 chars
[2026-01-10 23:05:39] [INFO] Starting proof verification...
[2026-01-10 23:05:39] [INFO] Verifying at: Carleson/ToMathlib/Lorentz.lean:702
[2026-01-10 23:05:39] [INFO] Using LEAN INTERACT verify
[2026-01-10 23:05:39] [INFO] Checking file
[2026-01-10 23:05:56] [INFO] Cannot build modified file <error line="702" column="4">
<code_line>  ¬∑ omega --TODO: check whether this works or whether it should be excluded</code_line>
<message>error: omega could not prove the goal:</message>
</error>
No usable constraints found. You may need to unfold definitions so `omega` can see linear arithmetic facts about `Nat` and `Int`, which may also involve multiplication, division, and modular remainder by constants.
[2026-01-10 23:05:56] [INFO] Proof verification completed
[2026-01-10 23:05:56] [INFO] Strategy omega attempt 1: verified=False
[2026-01-10 23:05:56] [INFO] Verification message: Cannot build modified file: <error line="702" column="4">
<code_line>  ¬∑ omega --TODO: check whether this works or whether it should be excluded</code_line>
<message>error: omega could not prove the goal:</message>
</error>
No usable constraints found. You may need to unfold definitions so `omega` can see linear arithmetic facts about `Nat` and `Int`, which may also involve multiplication, division, and modular remainder by constants.

[2026-01-10 23:05:56] [INFO] Attempt 1 failed verification, continuing...
[2026-01-10 23:05:56] [INFO] ========================================
[2026-01-10 23:05:56] [INFO] Trying strategy: linarith (up to 1 attempts)
[2026-01-10 23:05:56] [INFO] --------------------
[2026-01-10 23:05:56] [INFO] Strategy linarith, attempt 1/1
[2026-01-10 23:05:56] [INFO] Starting proof generation...
[2026-01-10 23:05:56] [INFO] Repository path: /root/repo
[2026-01-10 23:05:56] [INFO] Proof generation completed
[2026-01-10 23:05:56] [INFO] Generated proof:
[2026-01-10 23:05:56] [INFO] linarith
[2026-01-10 23:05:56] [INFO] Proof length: 8 chars
[2026-01-10 23:05:56] [INFO] Starting proof verification...
[2026-01-10 23:05:56] [INFO] Verifying at: Carleson/ToMathlib/Lorentz.lean:702
[2026-01-10 23:05:56] [INFO] Using LEAN INTERACT verify
[2026-01-10 23:05:56] [INFO] Checking file
[2026-01-10 23:06:17] [INFO] Cannot build modified file <error line="702" column="4">
<code_line>  ¬∑ linarith --TODO: check whether this works or whether it should be excluded</code_line>
<message>error: linarith failed to find a contradiction</message>
</error>
case pos.h
őĪ : Type u_1
őĶ' : Type u_3
m0 : MeasurableSpace őĪ
őĪ' : Type u_4
m : MeasurableSpace őĪ'
inst‚úĚ¬Ļ : TopologicalSpace őĶ'
inst‚úĚ : ENormedSpace őĶ'
p p' : ‚ĄĚ‚Č•0‚ąě
őľ : Measure őĪ
őĹ : Measure őĪ'
c : ‚ĄĚ‚Č•0
c_pos : 0 < c
T : (őĪ ‚Üí ‚ĄĚ‚Č•0) ‚Üí őĪ' ‚Üí őĶ'
hT : HasRestrictedWeakType T p p' őľ őĹ ‚ÜĎc
hpp' : p.HolderConjugate p'
weakly_cont_T : WeaklyContinuous T p őľ őĹ
G : Set őĪ'
hG : MeasurableSet G
hG' : őĹ G < ‚ä§
T_subadditive :
  ‚ąÄ (f g : őĪ ‚Üí ‚ĄĚ‚Č•0),
    MemLorentz f p 1 őľ ‚Üí
      MemLorentz g p 1 őľ ‚Üí
        eLpNorm (T (f + g)) 1 (őĹ.restrict G) ‚Č§ eLpNorm (T f) 1 (őĹ.restrict G) + eLpNorm (T g) 1 (őĹ.restrict G)
T_submult : ‚ąÄ (f : őĪ ‚Üí ‚ĄĚ‚Č•0) (a : ‚ĄĚ‚Č•0), eLpNorm (T (a ‚ÄĘ f)) 1 (őĹ.restrict G) ‚Č§ eLpNorm (a ‚ÄĘ T f) 1 (őĹ.restrict G)
f : őĪ ‚Üí ‚ĄĚ‚Č•0
hf : Measurable f
hf' : MemLorentz f p 1 őľ
p_ne_top : p = ‚ä§
a‚úĚ : ‚ÜĎc / p * eLorentzNorm f p 1 őľ * őĹ G ^ p'‚ĀĽ¬Ļ.toReal < eLpNorm (T f) 1 (őĹ.restrict G)
‚äĘ False
failed
[2026-01-10 23:06:17] [INFO] Proof verification completed
[2026-01-10 23:06:17] [INFO] Strategy linarith attempt 1: verified=False
[2026-01-10 23:06:17] [INFO] Verification message: Cannot build modified file: <error line="702" column="4">
<code_line>  ¬∑ linarith --TODO: check whether this works or whether it should be excluded</code_line>
<message>error: linarith failed to find a contradiction</message>
</error>
case pos.h
őĪ : Type u_1
őĶ' : Type u_3
m0 : MeasurableSpace őĪ
őĪ' : Type u_4
m : MeasurableSpace őĪ'
inst‚úĚ¬Ļ : TopologicalSpace őĶ'
inst‚úĚ : ENormedSpace őĶ'
p p' : ‚ĄĚ‚Č•0‚ąě
őľ : Measure őĪ
őĹ : Measure őĪ'
c : ‚ĄĚ‚Č•0
c_pos : 0 < c
T : (őĪ ‚Üí ‚ĄĚ‚Č•0) ‚Üí őĪ' ‚Üí őĶ'
hT : HasRestrictedWeakType T p p' őľ őĹ ‚ÜĎc
hpp' : p.HolderConjugate p'
weakly_cont_T : WeaklyContinuous T p őľ őĹ
G : Set őĪ'
hG : MeasurableSet G
hG' : őĹ G < ‚ä§
T_subadditive :
  ‚ąÄ (f g : őĪ ‚Üí ‚ĄĚ‚Č•0),
    MemLorentz f p 1 őľ ‚Üí
      MemLorentz g p 1 őľ ‚Üí
        eLpNorm (T (f + g)) 1 (őĹ.restrict G) ‚Č§ eLpNorm (T f) 1 (őĹ.restrict G) + eLpNorm (T g) 1 (őĹ.restrict G)
T_submult : ‚ąÄ (f : őĪ ‚Üí ‚ĄĚ‚Č•0) (a : ‚ĄĚ‚Č•0), eLpNorm (T (a ‚ÄĘ f)) 1 (őĹ.restrict G) ‚Č§ eLpNorm (a ‚ÄĘ T f) 1 (őĹ.restrict G)
f : őĪ ‚Üí ‚ĄĚ‚Č•0
hf : Measurable f
hf' : MemLorentz f p 1 őľ
p_ne_top : p = ‚ä§
a‚úĚ : ‚ÜĎc / p * eLorentzNorm f p 1 őľ * őĹ G ^ p'‚ĀĽ¬Ļ.toReal < eLpNorm (T f) 1 (őĹ.restrict G)
‚äĘ False
failed

[2026-01-10 23:06:17] [INFO] Attempt 1 failed verification, continuing...
[2026-01-10 23:06:17] [INFO] ========================================
[2026-01-10 23:06:17] [INFO] Trying strategy: nlinarith (up to 1 attempts)
[2026-01-10 23:06:17] [INFO] --------------------
[2026-01-10 23:06:17] [INFO] Strategy nlinarith, attempt 1/1
[2026-01-10 23:06:17] [INFO] Starting proof generation...
[2026-01-10 23:06:17] [INFO] Repository path: /root/repo
[2026-01-10 23:06:17] [INFO] Proof generation completed
[2026-01-10 23:06:17] [INFO] Generated proof:
[2026-01-10 23:06:17] [INFO] nlinarith
[2026-01-10 23:06:17] [INFO] Proof length: 9 chars
[2026-01-10 23:06:17] [INFO] Starting proof verification...
[2026-01-10 23:06:17] [INFO] Verifying at: Carleson/ToMathlib/Lorentz.lean:702
[2026-01-10 23:06:17] [INFO] Using LEAN INTERACT verify
[2026-01-10 23:06:17] [INFO] Checking file
[2026-01-10 23:06:35] [INFO] Cannot build modified file <error line="702" column="4">
<code_line>  ¬∑ nlinarith --TODO: check whether this works or whether it should be excluded</code_line>
<message>error: linarith failed to find a contradiction</message>
</error>
case pos.h
őĪ : Type u_1
őĶ' : Type u_3
m0 : MeasurableSpace őĪ
őĪ' : Type u_4
m : MeasurableSpace őĪ'
inst‚úĚ¬Ļ : TopologicalSpace őĶ'
inst‚úĚ : ENormedSpace őĶ'
p p' : ‚ĄĚ‚Č•0‚ąě
őľ : Measure őĪ
őĹ : Measure őĪ'
c : ‚ĄĚ‚Č•0
c_pos : 0 < c
T : (őĪ ‚Üí ‚ĄĚ‚Č•0) ‚Üí őĪ' ‚Üí őĶ'
hT : HasRestrictedWeakType T p p' őľ őĹ ‚ÜĎc
hpp' : p.HolderConjugate p'
weakly_cont_T : WeaklyContinuous T p őľ őĹ
G : Set őĪ'
hG : MeasurableSet G
hG' : őĹ G < ‚ä§
T_subadditive :
  ‚ąÄ (f g : őĪ ‚Üí ‚ĄĚ‚Č•0),
    MemLorentz f p 1 őľ ‚Üí
      MemLorentz g p 1 őľ ‚Üí
        eLpNorm (T (f + g)) 1 (őĹ.restrict G) ‚Č§ eLpNorm (T f) 1 (őĹ.restrict G) + eLpNorm (T g) 1 (őĹ.restrict G)
T_submult : ‚ąÄ (f : őĪ ‚Üí ‚ĄĚ‚Č•0) (a : ‚ĄĚ‚Č•0), eLpNorm (T (a ‚ÄĘ f)) 1 (őĹ.restrict G) ‚Č§ eLpNorm (a ‚ÄĘ T f) 1 (őĹ.restrict G)
f : őĪ ‚Üí ‚ĄĚ‚Č•0
hf : Measurable f
hf' : MemLorentz f p 1 őľ
p_ne_top : p = ‚ä§
a‚úĚ : ‚ÜĎc / p * eLorentzNorm f p 1 őľ * őĹ G ^ p'‚ĀĽ¬Ļ.toReal < eLpNorm (T f) 1 (őĹ.restrict G)
‚äĘ False
failed
[2026-01-10 23:06:35] [INFO] Proof verification completed
[2026-01-10 23:06:35] [INFO] Strategy nlinarith attempt 1: verified=False
[2026-01-10 23:06:35] [INFO] Verification message: Cannot build modified file: <error line="702" column="4">
<code_line>  ¬∑ nlinarith --TODO: check whether this works or whether it should be excluded</code_line>
<message>error: linarith failed to find a contradiction</message>
</error>
case pos.h
őĪ : Type u_1
őĶ' : Type u_3
m0 : MeasurableSpace őĪ
őĪ' : Type u_4
m : MeasurableSpace őĪ'
inst‚úĚ¬Ļ : TopologicalSpace őĶ'
inst‚úĚ : ENormedSpace őĶ'
p p' : ‚ĄĚ‚Č•0‚ąě
őľ : Measure őĪ
őĹ : Measure őĪ'
c : ‚ĄĚ‚Č•0
c_pos : 0 < c
T : (őĪ ‚Üí ‚ĄĚ‚Č•0) ‚Üí őĪ' ‚Üí őĶ'
hT : HasRestrictedWeakType T p p' őľ őĹ ‚ÜĎc
hpp' : p.HolderConjugate p'
weakly_cont_T : WeaklyContinuous T p őľ őĹ
G : Set őĪ'
hG : MeasurableSet G
hG' : őĹ G < ‚ä§
T_subadditive :
  ‚ąÄ (f g : őĪ ‚Üí ‚ĄĚ‚Č•0),
    MemLorentz f p 1 őľ ‚Üí
      MemLorentz g p 1 őľ ‚Üí
        eLpNorm (T (f + g)) 1 (őĹ.restrict G) ‚Č§ eLpNorm (T f) 1 (őĹ.restrict G) + eLpNorm (T g) 1 (őĹ.restrict G)
T_submult : ‚ąÄ (f : őĪ ‚Üí ‚ĄĚ‚Č•0) (a : ‚ĄĚ‚Č•0), eLpNorm (T (a ‚ÄĘ f)) 1 (őĹ.restrict G) ‚Č§ eLpNorm (a ‚ÄĘ T f) 1 (őĹ.restrict G)
f : őĪ ‚Üí ‚ĄĚ‚Č•0
hf : Measurable f
hf' : MemLorentz f p 1 őľ
p_ne_top : p = ‚ä§
a‚úĚ : ‚ÜĎc / p * eLorentzNorm f p 1 őľ * őĹ G ^ p'‚ĀĽ¬Ļ.toReal < eLpNorm (T f) 1 (őĹ.restrict G)
‚äĘ False
failed

[2026-01-10 23:06:35] [INFO] Attempt 1 failed verification, continuing...
[2026-01-10 23:06:35] [INFO] ========================================
[2026-01-10 23:06:35] [INFO] Trying strategy: aesop (up to 1 attempts)
[2026-01-10 23:06:35] [INFO] --------------------
[2026-01-10 23:06:35] [INFO] Strategy aesop, attempt 1/1
[2026-01-10 23:06:35] [INFO] Starting proof generation...
[2026-01-10 23:06:35] [INFO] Repository path: /root/repo
[2026-01-10 23:06:35] [INFO] Proof generation completed
[2026-01-10 23:06:35] [INFO] Generated proof:
[2026-01-10 23:06:35] [INFO] aesop
[2026-01-10 23:06:35] [INFO] Proof length: 5 chars
[2026-01-10 23:06:35] [INFO] Starting proof verification...
[2026-01-10 23:06:35] [INFO] Verifying at: Carleson/ToMathlib/Lorentz.lean:702
[2026-01-10 23:06:35] [INFO] Using LEAN INTERACT verify
[2026-01-10 23:06:35] [INFO] Checking file
[2026-01-10 23:06:52] [INFO] Cannot build modified file <error line="702" column="2">
<code_line>  ¬∑ aesop --TODO: check whether this works or whether it should be excluded</code_line>
<message>error: unsolved goals</message>
</error>
őĪ : Type u_1
őĶ' : Type u_3
m0 : MeasurableSpace őĪ
őĪ' : Type u_4
m : MeasurableSpace őĪ'
inst : TopologicalSpace őĶ'
inst_1 : ENormedSpace őĶ'
p' : ‚ĄĚ‚Č•0‚ąě
őľ : Measure őĪ
őĹ : Measure őĪ'
c : ‚ĄĚ‚Č•0
c_pos : 0 < c
T : (őĪ ‚Üí ‚ĄĚ‚Č•0) ‚Üí őĪ' ‚Üí őĶ'
G : Set őĪ'
hG : MeasurableSet G
hG' : őĹ G < ‚ä§
T_submult : ‚ąÄ (f : őĪ ‚Üí ‚ĄĚ‚Č•0) (a : ‚ĄĚ‚Č•0), eLpNorm (T (a ‚ÄĘ f)) 1 (őĹ.restrict G) ‚Č§ eLpNorm (a ‚ÄĘ T f) 1 (őĹ.restrict G)
f : őĪ ‚Üí ‚ĄĚ‚Č•0
hf : Measurable f
hT : HasRestrictedWeakType T ‚ä§ p' őľ őĹ ‚ÜĎc
hpp' : ‚ä§.HolderConjugate p'
weakly_cont_T : WeaklyContinuous T ‚ä§ őľ őĹ
T_subadditive :
  ‚ąÄ (f g : őĪ ‚Üí ‚ĄĚ‚Č•0),
    MemLorentz f ‚ä§ 1 őľ ‚Üí
      MemLorentz g ‚ä§ 1 őľ ‚Üí
        eLpNorm (T (f + g)) 1 (őĹ.restrict G) ‚Č§ eLpNorm (T f) 1 (őĹ.restrict G) + eLpNorm (T g) 1 (őĹ.restrict G)
hf' : MemLorentz f ‚ä§ 1 őľ
‚äĘ eLpNorm (T f) 1 (őĹ.restrict G) = 0
[2026-01-10 23:06:52] [INFO] Proof verification completed
[2026-01-10 23:06:52] [INFO] Strategy aesop attempt 1: verified=False
[2026-01-10 23:06:52] [INFO] Verification message: Cannot build modified file: <error line="702" column="2">
<code_line>  ¬∑ aesop --TODO: check whether this works or whether it should be excluded</code_line>
<message>error: unsolved goals</message>
</error>
őĪ : Type u_1
őĶ' : Type u_3
m0 : MeasurableSpace őĪ
őĪ' : Type u_4
m : MeasurableSpace őĪ'
inst : TopologicalSpace őĶ'
inst_1 : ENormedSpace őĶ'
p' : ‚ĄĚ‚Č•0‚ąě
őľ : Measure őĪ
őĹ : Measure őĪ'
c : ‚ĄĚ‚Č•0
c_pos : 0 < c
T : (őĪ ‚Üí ‚ĄĚ‚Č•0) ‚Üí őĪ' ‚Üí őĶ'
G : Set őĪ'
hG : MeasurableSet G
hG' : őĹ G < ‚ä§
T_submult : ‚ąÄ (f : őĪ ‚Üí ‚ĄĚ‚Č•0) (a : ‚ĄĚ‚Č•0), eLpNorm (T (a ‚ÄĘ f)) 1 (őĹ.restrict G) ‚Č§ eLpNorm (a ‚ÄĘ T f) 1 (őĹ.restrict G)
f : őĪ ‚Üí ‚ĄĚ‚Č•0
hf : Measurable f
hT : HasRestrictedWeakType T ‚ä§ p' őľ őĹ ‚ÜĎc
hpp' : ‚ä§.HolderConjugate p'
weakly_cont_T : WeaklyContinuous T ‚ä§ őľ őĹ
T_subadditive :
  ‚ąÄ (f g : őĪ ‚Üí ‚ĄĚ‚Č•0),
    MemLorentz f ‚ä§ 1 őľ ‚Üí
      MemLorentz g ‚ä§ 1 őľ ‚Üí
        eLpNorm (T (f + g)) 1 (őĹ.restrict G) ‚Č§ eLpNorm (T f) 1 (őĹ.restrict G) + eLpNorm (T g) 1 (őĹ.restrict G)
hf' : MemLorentz f ‚ä§ 1 őľ
‚äĘ eLpNorm (T f) 1 (őĹ.restrict G) = 0

[2026-01-10 23:06:52] [INFO] Attempt 1 failed verification, continuing...
[2026-01-10 23:06:52] [INFO] ========================================
[2026-01-10 23:06:52] [INFO] Pass@k completed. Total results: 1
[2026-01-10 23:06:52] [INFO] FAILED: All 11 strategies x 1 attempts
[2026-01-10 23:06:52] [INFO] Writing results to file: /root/repo/result.json
[2026-01-10 23:06:52] [INFO] Result file written successfully
[2026-01-10 23:06:52] [INFO] Results exported to: /root/repo/result.json
[2026-01-10 23:06:52] [INFO] run_morphcloud_local.py completed successfully

[2026-01-10 23:06:53] [process_single_sorry] Downloading result file...
[2026-01-10 23:06:54] [process_single_sorry] Downloaded result to intermediate_experiment_outputs_full_reservoir/multi_tactic/2026-01-10_20-46-34_multi_tactic/individual/a6dab19e1c13c2267f88d9ef5c01412fd604c66cfaeba78082546f9de8c276fa.json
[2026-01-10 23:06:56] [process_single_sorry] Instance context closed successfully
[2026-01-10 23:06:56] [process_single_sorry] Parsing result file...
[2026-01-10 23:06:56] [process_single_sorry] Successfully parsed result (list format, 1 results)
