[2026-01-10 21:58:51] [process_single_sorry] Starting for sorry b4b3cf9e44f93e5a7e0e843f06f92b47c51bed271a59ba55bf2e91dc403e353d
[2026-01-10 21:58:51] [process_single_sorry] Using snapshot: snapshot_sg293urn
[2026-01-10 21:58:51] [process_single_sorry] Repository: https://github.com/RemyDegenne/brownian-motion@91267abd71bd32e9ef6c10c9359938f24a3e1f38
[2026-01-10 21:58:51] [process_single_sorry] Instance name: brownian-motion_91267abd71bd_multi_tactic_b4b3cf9e44f93e5a7e0e843f06f92b47c51bed271a59ba55bf2e91dc403e353d
[2026-01-10 21:58:51] [process_single_sorry] Starting attempt 1/3
[2026-01-10 21:58:51] [process_single_sorry] Starting instance from snapshot...
[2026-01-10 21:58:51] [process_single_sorry] Instance started successfully: morphvm_949e5cy8
[2026-01-10 21:58:51] [process_single_sorry] Creating .env file...
[2026-01-10 21:58:59] [process_single_sorry] .env file created (exit_code: 0)
[2026-01-10 21:58:59] [process_single_sorry] Executing agent command...
[2026-01-10 22:01:09] [process_single_sorry] Agent command completed (exit_code: 0)
[2026-01-10 22:01:09] [process_single_sorry] STDOUT:

Results JSON:
[
  {
    "sorry": {
      "repo": {
        "remote": "https://github.com/RemyDegenne/brownian-motion",
        "branch": "bump",
        "commit": "91267abd71bd32e9ef6c10c9359938f24a3e1f38",
        "lean_version": "v4.27.0-rc1"
      },
      "location": {
        "path": "BrownianMotion/StochasticIntegral/ClassD.lean",
        "start_line": 399,
        "start_column": 2,
        "end_line": 399,
        "end_column": 7
      },
      "debug_info": {
        "goal": "ι : Type u_1\nΩ : Type u_2\nE : Type u_3\ninst✝⁵ : NormedAddCommGroup E\nmΩ : MeasurableSpace Ω\nP : Measure Ω\nX : ι → Ω → E\ninst✝⁴ : LinearOrder ι\n𝓕 : Filtration ι mΩ\ninst✝³ : OrderBot ι\ninst✝² : TopologicalSpace ι\ninst✝¹ : OrderTopology ι\ninst✝ : MeasurableSpace ι\nhX1 : @ProbabilityTheory.HasLocallyIntegrableSup ι Ω E inst✝⁵ mΩ inst✝⁴ inst✝³ inst✝² inst✝¹ inst✝ X 𝓕 P\nhX2 : Adapted 𝓕 X\nh𝓕 : 𝓕.IsRightContinuous\n⊢ Locally\n    (fun x =>\n      @ProbabilityTheory.ClassDL ι Ω E inst✝⁵ mΩ instDistribLatticeOfLinearOrder.toSemilatticeInf.toPreorder ⋯ inst✝ x 𝓕\n        P)\n    𝓕 X P",
        "url": "https://github.com/RemyDegenne/brownian-motion/blob/91267abd71bd32e9ef6c10c9359938f24a3e1f38/BrownianMotion/StochasticIntegral/ClassD.lean#L399"
      },
      "metadata": {
        "blame_email_hash": "79f017e03c8d",
        "blame_date": "2025-11-16T17:54:07+01:00",
        "inclusion_date": "2025-12-29T17:55:20.184240+00:00"
      },
      "id": "b4b3cf9e44f93e5a7e0e843f06f92b47c51bed271a59ba55bf2e91dc403e353d"
    },
    "proof": null,
    "proof_verified": false,
    "feedback": null,
    "verification_message": "All 11 attempts failed (11 strategies x 1 attempts each)",
    "success": true,
    "error_type": null,
    "error_message": null,
    "strategy_name": "all_failed_k=1",
    "proof_attempts": [
      "rfl",
      "simp",
      "simp_all",
      "exact?",
      "grind",
      "ring",
      "norm_num",
      "omega",
      "linarith",
      "nlinarith",
      "aesop"
    ]
  }
]

[2026-01-10 22:01:09] [process_single_sorry] STDERR:
None of PyTorch, TensorFlow >= 2.0, or Flax have been found. Models won't be available and only tokenizers, configuration and file/data utilities can be used.
[2026-01-10 21:59:10] [INFO] ================================================================================
[2026-01-10 21:59:11] [INFO] Starting run_morphcloud_local.py
[2026-01-10 21:59:11] [INFO] ================================================================================
[2026-01-10 21:59:11] [INFO] Environment loaded
[2026-01-10 21:59:11] [INFO] Full command: /root/SorryDB/sorrydb/cli/run_morphcloud_local.py --repo-path /root/repo --sorry-json {"repo": {"remote": "https://github.com/RemyDegenne/brownian-motion", "branch": "bump", "commit": "91267abd71bd32e9ef6c10c9359938f24a3e1f38", "lean_version": "v4.27.0-rc1"}, "location": {"path": "BrownianMotion/StochasticIntegral/ClassD.lean", "start_line": 399, "start_column": 2, "end_line": 399, "end_column": 7}, "debug_info": {"goal": "\u03b9 : Type u_1\n\u03a9 : Type u_2\nE : Type u_3\ninst\u271d\u2075 : NormedAddCommGroup E\nm\u03a9 : MeasurableSpace \u03a9\nP : Measure \u03a9\nX : \u03b9 \u2192 \u03a9 \u2192 E\ninst\u271d\u2074 : LinearOrder \u03b9\n\ud835\udcd5 : Filtration \u03b9 m\u03a9\ninst\u271d\u00b3 : OrderBot \u03b9\ninst\u271d\u00b2 : TopologicalSpace \u03b9\ninst\u271d\u00b9 : OrderTopology \u03b9\ninst\u271d : MeasurableSpace \u03b9\nhX1 : @ProbabilityTheory.HasLocallyIntegrableSup \u03b9 \u03a9 E inst\u271d\u2075 m\u03a9 inst\u271d\u2074 inst\u271d\u00b3 inst\u271d\u00b2 inst\u271d\u00b9 inst\u271d X \ud835\udcd5 P\nhX2 : Adapted \ud835\udcd5 X\nh\ud835\udcd5 : \ud835\udcd5.IsRightContinuous\n\u22a2 Locally\n    (fun x =>\n      @ProbabilityTheory.ClassDL \u03b9 \u03a9 E inst\u271d\u2075 m\u03a9 instDistribLatticeOfLinearOrder.toSemilatticeInf.toPreorder \u22ef inst\u271d x \ud835\udcd5\n        P)\n    \ud835\udcd5 X P", "url": "https://github.com/RemyDegenne/brownian-motion/blob/91267abd71bd32e9ef6c10c9359938f24a3e1f38/BrownianMotion/StochasticIntegral/ClassD.lean#L399"}, "metadata": {"blame_email_hash": "79f017e03c8d", "blame_date": "2025-11-16T17:54:07+01:00", "inclusion_date": "2025-12-29T17:55:20.184240+00:00"}, "id": "b4b3cf9e44f93e5a7e0e843f06f92b47c51bed271a59ba55bf2e91dc403e353d"} --agent-strategy {"name": "multi_tactic", "args": {}}
[2026-01-10 21:59:11] [INFO] Arguments parsed: repo_path=/root/repo, output_path=/root/repo/result.json
[2026-01-10 21:59:11] [INFO] Strategy spec: {"name": "multi_tactic", "args": {}}...
[2026-01-10 21:59:11] [INFO] Loading sorry data...
[2026-01-10 21:59:11] [INFO] Parsing sorry from JSON string...
[2026-01-10 21:59:11] [INFO] Sorry data parsed from JSON string
[2026-01-10 21:59:11] [INFO] Creating strategy from spec...
[2026-01-10 21:59:11] [INFO] Parsing strategy spec (length: 36 chars)
[2026-01-10 21:59:11] [INFO] Strategy name: multi_tactic
[2026-01-10 21:59:11] [INFO] Strategy args: {}
[2026-01-10 21:59:11] [INFO] Pass@k value: 1
[2026-01-10 21:59:11] [INFO] Creating strategy: multi_tactic
[2026-01-10 21:59:11] [INFO] Creating multi_tactic strategy with tactics: ['rfl', 'simp', 'simp_all', 'exact?', 'grind', 'ring', 'norm_num', 'omega', 'linarith', 'nlinarith', 'aesop']
[2026-01-10 21:59:11] [INFO] Strategies created: ['rfl', 'simp', 'simp_all', 'exact?', 'grind', 'ring', 'norm_num', 'omega', 'linarith', 'nlinarith', 'aesop']
[2026-01-10 21:59:11] [INFO] Pass@k value: 1
[2026-01-10 21:59:11] [INFO] Creating Sorry object...
[2026-01-10 21:59:11] [INFO] Sorry object created: id=b4b3cf9e44f93e5a7e0e843f06f92b47c51bed271a59ba55bf2e91dc403e353d
[2026-01-10 21:59:11] [INFO] Sorry location: BrownianMotion/StochasticIntegral/ClassD.lean:399
[2026-01-10 21:59:11] [INFO] Context before sorry (lines 394-399):
[2026-01-10 21:59:11] [INFO]   394: 
[2026-01-10 21:59:11] [INFO]   395: lemma HasLocallyIntegrableSup.locally_classDL [OrderBot ι] [TopologicalSpace ι] [OrderTopology ι]
[2026-01-10 21:59:11] [INFO]   396:     [MeasurableSpace ι]
[2026-01-10 21:59:11] [INFO]   397:     (hX1 : HasLocallyIntegrableSup X 𝓕 P) (hX2 : Adapted 𝓕 X) (h𝓕 : 𝓕.IsRightContinuous) :
[2026-01-10 21:59:11] [INFO]   398:     Locally (ClassDL · 𝓕 P) 𝓕 X P := by
[2026-01-10 21:59:11] [INFO]   399:   sorry
[2026-01-10 21:59:11] [INFO] Sorry line:   sorry
[2026-01-10 21:59:11] [INFO] Sorry goal: ι : Type u_1
Ω : Type u_2
E : Type u_3
inst✝⁵ : NormedAddCommGroup E
mΩ : MeasurableSpace Ω
P : Meas...
[2026-01-10 21:59:11] [INFO] ========================================
[2026-01-10 21:59:11] [INFO] Trying strategy: rfl (up to 1 attempts)
[2026-01-10 21:59:11] [INFO] --------------------
[2026-01-10 21:59:11] [INFO] Strategy rfl, attempt 1/1
[2026-01-10 21:59:11] [INFO] Starting proof generation...
[2026-01-10 21:59:11] [INFO] Repository path: /root/repo
[2026-01-10 21:59:11] [INFO] Proof generation completed
[2026-01-10 21:59:11] [INFO] Generated proof:
[2026-01-10 21:59:11] [INFO] rfl
[2026-01-10 21:59:11] [INFO] Proof length: 3 chars
[2026-01-10 21:59:11] [INFO] Starting proof verification...
[2026-01-10 21:59:11] [INFO] Verifying at: BrownianMotion/StochasticIntegral/ClassD.lean:399
[2026-01-10 21:59:11] [INFO] Using LEAN INTERACT verify
[2026-01-10 21:59:11] [INFO] Checking file
[2026-01-10 21:59:31] [INFO] Cannot build modified file <error line="399" column="2">
<code_line>  rfl</code_line>
<message>error: Tactic `rfl` failed: The left-hand side</message>
</error>
  X
is not definitionally equal to the right-hand side
  P

ι : Type u_1
Ω : Type u_2
E : Type u_3
inst✝⁵ : NormedAddCommGroup E
mΩ : MeasurableSpace Ω
P : Measure Ω
X : ι → Ω → E
inst✝⁴ : LinearOrder ι
𝓕 : Filtration ι mΩ
inst✝³ : OrderBot ι
inst✝² : TopologicalSpace ι
inst✝¹ : OrderTopology ι
inst✝ : MeasurableSpace ι
hX1 : HasLocallyIntegrableSup X 𝓕 P
hX2 : Adapted 𝓕 X
h𝓕 : 𝓕.IsRightContinuous
⊢ Locally (fun x => ClassDL x 𝓕 P) 𝓕 X P
[2026-01-10 21:59:31] [INFO] Proof verification completed
[2026-01-10 21:59:31] [INFO] Strategy rfl attempt 1: verified=False
[2026-01-10 21:59:31] [INFO] Verification message: Cannot build modified file: <error line="399" column="2">
<code_line>  rfl</code_line>
<message>error: Tactic `rfl` failed: The left-hand side</message>
</error>
  X
is not definitionally equal to the right-hand side
  P

ι : Type u_1
Ω : Type u_2
E : Type u_3
inst✝⁵ : NormedAddCommGroup E
mΩ : MeasurableSpace Ω
P : Measure Ω
X : ι → Ω → E
inst✝⁴ : LinearOrder ι
𝓕 : Filtration ι mΩ
inst✝³ : OrderBot ι
inst✝² : TopologicalSpace ι
inst✝¹ : OrderTopology ι
inst✝ : MeasurableSpace ι
hX1 : HasLocallyIntegrableSup X 𝓕 P
hX2 : Adapted 𝓕 X
h𝓕 : 𝓕.IsRightContinuous
⊢ Locally (fun x => ClassDL x 𝓕 P) 𝓕 X P

[2026-01-10 21:59:31] [INFO] Attempt 1 failed verification, continuing...
[2026-01-10 21:59:31] [INFO] ========================================
[2026-01-10 21:59:31] [INFO] Trying strategy: simp (up to 1 attempts)
[2026-01-10 21:59:31] [INFO] --------------------
[2026-01-10 21:59:31] [INFO] Strategy simp, attempt 1/1
[2026-01-10 21:59:31] [INFO] Starting proof generation...
[2026-01-10 21:59:31] [INFO] Repository path: /root/repo
[2026-01-10 21:59:31] [INFO] Proof generation completed
[2026-01-10 21:59:31] [INFO] Generated proof:
[2026-01-10 21:59:31] [INFO] simp
[2026-01-10 21:59:31] [INFO] Proof length: 4 chars
[2026-01-10 21:59:31] [INFO] Starting proof verification...
[2026-01-10 21:59:31] [INFO] Verifying at: BrownianMotion/StochasticIntegral/ClassD.lean:399
[2026-01-10 21:59:31] [INFO] Using LEAN INTERACT verify
[2026-01-10 21:59:31] [INFO] Checking file
[2026-01-10 21:59:40] [INFO] Cannot build modified file <error line="399" column="2">
<code_line>  simp</code_line>
<message>error: `simp` made no progress</message>
</error>
[2026-01-10 21:59:40] [INFO] Proof verification completed
[2026-01-10 21:59:40] [INFO] Strategy simp attempt 1: verified=False
[2026-01-10 21:59:40] [INFO] Verification message: Cannot build modified file: <error line="399" column="2">
<code_line>  simp</code_line>
<message>error: `simp` made no progress</message>
</error>

[2026-01-10 21:59:40] [INFO] Attempt 1 failed verification, continuing...
[2026-01-10 21:59:40] [INFO] ========================================
[2026-01-10 21:59:40] [INFO] Trying strategy: simp_all (up to 1 attempts)
[2026-01-10 21:59:40] [INFO] --------------------
[2026-01-10 21:59:40] [INFO] Strategy simp_all, attempt 1/1
[2026-01-10 21:59:40] [INFO] Starting proof generation...
[2026-01-10 21:59:40] [INFO] Repository path: /root/repo
[2026-01-10 21:59:40] [INFO] Proof generation completed
[2026-01-10 21:59:40] [INFO] Generated proof:
[2026-01-10 21:59:40] [INFO] simp_all
[2026-01-10 21:59:40] [INFO] Proof length: 8 chars
[2026-01-10 21:59:40] [INFO] Starting proof verification...
[2026-01-10 21:59:40] [INFO] Verifying at: BrownianMotion/StochasticIntegral/ClassD.lean:399
[2026-01-10 21:59:40] [INFO] Using LEAN INTERACT verify
[2026-01-10 21:59:40] [INFO] Checking file
[2026-01-10 21:59:50] [INFO] Cannot build modified file <error line="399" column="2">
<code_line>  simp_all</code_line>
<message>error: simp_all made no progress</message>
</error>
[2026-01-10 21:59:50] [INFO] Proof verification completed
[2026-01-10 21:59:50] [INFO] Strategy simp_all attempt 1: verified=False
[2026-01-10 21:59:50] [INFO] Verification message: Cannot build modified file: <error line="399" column="2">
<code_line>  simp_all</code_line>
<message>error: simp_all made no progress</message>
</error>

[2026-01-10 21:59:50] [INFO] Attempt 1 failed verification, continuing...
[2026-01-10 21:59:50] [INFO] ========================================
[2026-01-10 21:59:50] [INFO] Trying strategy: exact? (up to 1 attempts)
[2026-01-10 21:59:50] [INFO] --------------------
[2026-01-10 21:59:50] [INFO] Strategy exact?, attempt 1/1
[2026-01-10 21:59:50] [INFO] Starting proof generation...
[2026-01-10 21:59:50] [INFO] Repository path: /root/repo
[2026-01-10 21:59:50] [INFO] Proof generation completed
[2026-01-10 21:59:50] [INFO] Generated proof:
[2026-01-10 21:59:50] [INFO] exact?
[2026-01-10 21:59:50] [INFO] Proof length: 6 chars
[2026-01-10 21:59:50] [INFO] Starting proof verification...
[2026-01-10 21:59:50] [INFO] Verifying at: BrownianMotion/StochasticIntegral/ClassD.lean:399
[2026-01-10 21:59:50] [INFO] Using LEAN INTERACT verify
[2026-01-10 21:59:50] [INFO] Checking file
[2026-01-10 22:00:05] [INFO] Cannot build modified file <error line="399" column="2">
<code_line>  exact?</code_line>
<message>error: `exact?` could not close the goal. Try `apply?` to see partial suggestions.</message>
</error>
[2026-01-10 22:00:05] [INFO] Proof verification completed
[2026-01-10 22:00:05] [INFO] Strategy exact? attempt 1: verified=False
[2026-01-10 22:00:05] [INFO] Verification message: Cannot build modified file: <error line="399" column="2">
<code_line>  exact?</code_line>
<message>error: `exact?` could not close the goal. Try `apply?` to see partial suggestions.</message>
</error>

[2026-01-10 22:00:05] [INFO] Attempt 1 failed verification, continuing...
[2026-01-10 22:00:05] [INFO] ========================================
[2026-01-10 22:00:05] [INFO] Trying strategy: grind (up to 1 attempts)
[2026-01-10 22:00:05] [INFO] --------------------
[2026-01-10 22:00:05] [INFO] Strategy grind, attempt 1/1
[2026-01-10 22:00:05] [INFO] Starting proof generation...
[2026-01-10 22:00:05] [INFO] Repository path: /root/repo
[2026-01-10 22:00:05] [INFO] Proof generation completed
[2026-01-10 22:00:05] [INFO] Generated proof:
[2026-01-10 22:00:05] [INFO] grind
[2026-01-10 22:00:05] [INFO] Proof length: 5 chars
[2026-01-10 22:00:05] [INFO] Starting proof verification...
[2026-01-10 22:00:05] [INFO] Verifying at: BrownianMotion/StochasticIntegral/ClassD.lean:399
[2026-01-10 22:00:05] [INFO] Using LEAN INTERACT verify
[2026-01-10 22:00:05] [INFO] Checking file
[2026-01-10 22:00:15] [INFO] Cannot build modified file <error line="399" column="2">
<code_line>  grind</code_line>
<message>error: `grind` failed</message>
</error>
case grind
ι : Type u_1
Ω : Type u_2
E : Type u_3
inst : NormedAddCommGroup E
mΩ : MeasurableSpace Ω
P : Measure Ω
X : ι → Ω → E
inst_1 : LinearOrder ι
𝓕 : Filtration ι mΩ
inst_2 : OrderBot ι
inst_3 : TopologicalSpace ι
inst_4 : OrderTopology ι
inst_5 : MeasurableSpace ι
hX1 : HasLocallyIntegrableSup X 𝓕 P
hX2 : Adapted 𝓕 X
h𝓕 : 𝓕.IsRightContinuous
h : ¬Locally (fun x => ClassDL x 𝓕 P) 𝓕 X P
⊢ False
[grind] Goal diagnostics
  [facts] Asserted facts
    [prop] OrderTopology ι
    [prop] HasLocallyIntegrableSup X 𝓕 P
    [prop] Adapted 𝓕 X
    [prop] 𝓕.IsRightContinuous
    [prop] ¬Locally (fun x => ClassDL x 𝓕 P) 𝓕 X P
  [eqc] True propositions
    [prop] OrderTopology ι
    [prop] 𝓕.IsRightContinuous
    [prop] Adapted 𝓕 X
    [prop] HasLocallyIntegrableSup X 𝓕 P
  [eqc] False propositions
    [prop] Locally (fun x => ClassDL x 𝓕 P) 𝓕 X P
[2026-01-10 22:00:15] [INFO] Proof verification completed
[2026-01-10 22:00:15] [INFO] Strategy grind attempt 1: verified=False
[2026-01-10 22:00:15] [INFO] Verification message: Cannot build modified file: <error line="399" column="2">
<code_line>  grind</code_line>
<message>error: `grind` failed</message>
</error>
case grind
ι : Type u_1
Ω : Type u_2
E : Type u_3
inst : NormedAddCommGroup E
mΩ : MeasurableSpace Ω
P : Measure Ω
X : ι → Ω → E
inst_1 : LinearOrder ι
𝓕 : Filtration ι mΩ
inst_2 : OrderBot ι
inst_3 : TopologicalSpace ι
inst_4 : OrderTopology ι
inst_5 : MeasurableSpace ι
hX1 : HasLocallyIntegrableSup X 𝓕 P
hX2 : Adapted 𝓕 X
h𝓕 : 𝓕.IsRightContinuous
h : ¬Locally (fun x => ClassDL x 𝓕 P) 𝓕 X P
⊢ False
[grind] Goal diagnostics
  [facts] Asserted facts
    [prop] OrderTopology ι
    [prop] HasLocallyIntegrableSup X 𝓕 P
    [prop] Adapted 𝓕 X
    [prop] 𝓕.IsRightContinuous
    [prop] ¬Locally (fun x => ClassDL x 𝓕 P) 𝓕 X P
  [eqc] True propositions
    [prop] OrderTopology ι
    [prop] 𝓕.IsRightContinuous
    [prop] Adapted 𝓕 X
    [prop] HasLocallyIntegrableSup X 𝓕 P
  [eqc] False propositions
    [prop] Locally (fun x => ClassDL x 𝓕 P) 𝓕 X P

[2026-01-10 22:00:15] [INFO] Attempt 1 failed verification, continuing...
[2026-01-10 22:00:15] [INFO] ========================================
[2026-01-10 22:00:15] [INFO] Trying strategy: ring (up to 1 attempts)
[2026-01-10 22:00:15] [INFO] --------------------
[2026-01-10 22:00:15] [INFO] Strategy ring, attempt 1/1
[2026-01-10 22:00:15] [INFO] Starting proof generation...
[2026-01-10 22:00:15] [INFO] Repository path: /root/repo
[2026-01-10 22:00:15] [INFO] Proof generation completed
[2026-01-10 22:00:15] [INFO] Generated proof:
[2026-01-10 22:00:15] [INFO] ring
[2026-01-10 22:00:15] [INFO] Proof length: 4 chars
[2026-01-10 22:00:15] [INFO] Starting proof verification...
[2026-01-10 22:00:15] [INFO] Verifying at: BrownianMotion/StochasticIntegral/ClassD.lean:399
[2026-01-10 22:00:15] [INFO] Using LEAN INTERACT verify
[2026-01-10 22:00:15] [INFO] Checking file
[2026-01-10 22:00:24] [INFO] Cannot build modified file <error line="399" column="2">
<code_line>  ring</code_line>
<message>error: ring_nf made no progress on goal</message>
</error>
[2026-01-10 22:00:24] [INFO] Proof verification completed
[2026-01-10 22:00:24] [INFO] Strategy ring attempt 1: verified=False
[2026-01-10 22:00:24] [INFO] Verification message: Cannot build modified file: <error line="399" column="2">
<code_line>  ring</code_line>
<message>error: ring_nf made no progress on goal</message>
</error>

[2026-01-10 22:00:24] [INFO] Attempt 1 failed verification, continuing...
[2026-01-10 22:00:24] [INFO] ========================================
[2026-01-10 22:00:24] [INFO] Trying strategy: norm_num (up to 1 attempts)
[2026-01-10 22:00:24] [INFO] --------------------
[2026-01-10 22:00:24] [INFO] Strategy norm_num, attempt 1/1
[2026-01-10 22:00:24] [INFO] Starting proof generation...
[2026-01-10 22:00:24] [INFO] Repository path: /root/repo
[2026-01-10 22:00:24] [INFO] Proof generation completed
[2026-01-10 22:00:24] [INFO] Generated proof:
[2026-01-10 22:00:24] [INFO] norm_num
[2026-01-10 22:00:24] [INFO] Proof length: 8 chars
[2026-01-10 22:00:24] [INFO] Starting proof verification...
[2026-01-10 22:00:24] [INFO] Verifying at: BrownianMotion/StochasticIntegral/ClassD.lean:399
[2026-01-10 22:00:24] [INFO] Using LEAN INTERACT verify
[2026-01-10 22:00:24] [INFO] Checking file
[2026-01-10 22:00:33] [INFO] Cannot build modified file <error line="398" column="37">
<code_line>    Locally (ClassDL · 𝓕 P) 𝓕 X P := by</code_line>
<message>error: unsolved goals</message>
</error>
ι : Type u_1
Ω : Type u_2
E : Type u_3
inst✝⁵ : NormedAddCommGroup E
mΩ : MeasurableSpace Ω
P : Measure Ω
X : ι → Ω → E
inst✝⁴ : LinearOrder ι
𝓕 : Filtration ι mΩ
inst✝³ : OrderBot ι
inst✝² : TopologicalSpace ι
inst✝¹ : OrderTopology ι
inst✝ : MeasurableSpace ι
hX1 : HasLocallyIntegrableSup X 𝓕 P
hX2 : Adapted 𝓕 X
h𝓕 : 𝓕.IsRightContinuous
⊢ Locally (fun x => ClassDL x 𝓕 P) 𝓕 X P
[2026-01-10 22:00:33] [INFO] Proof verification completed
[2026-01-10 22:00:33] [INFO] Strategy norm_num attempt 1: verified=False
[2026-01-10 22:00:33] [INFO] Verification message: Cannot build modified file: <error line="398" column="37">
<code_line>    Locally (ClassDL · 𝓕 P) 𝓕 X P := by</code_line>
<message>error: unsolved goals</message>
</error>
ι : Type u_1
Ω : Type u_2
E : Type u_3
inst✝⁵ : NormedAddCommGroup E
mΩ : MeasurableSpace Ω
P : Measure Ω
X : ι → Ω → E
inst✝⁴ : LinearOrder ι
𝓕 : Filtration ι mΩ
inst✝³ : OrderBot ι
inst✝² : TopologicalSpace ι
inst✝¹ : OrderTopology ι
inst✝ : MeasurableSpace ι
hX1 : HasLocallyIntegrableSup X 𝓕 P
hX2 : Adapted 𝓕 X
h𝓕 : 𝓕.IsRightContinuous
⊢ Locally (fun x => ClassDL x 𝓕 P) 𝓕 X P

[2026-01-10 22:00:33] [INFO] Attempt 1 failed verification, continuing...
[2026-01-10 22:00:33] [INFO] ========================================
[2026-01-10 22:00:33] [INFO] Trying strategy: omega (up to 1 attempts)
[2026-01-10 22:00:33] [INFO] --------------------
[2026-01-10 22:00:33] [INFO] Strategy omega, attempt 1/1
[2026-01-10 22:00:33] [INFO] Starting proof generation...
[2026-01-10 22:00:33] [INFO] Repository path: /root/repo
[2026-01-10 22:00:33] [INFO] Proof generation completed
[2026-01-10 22:00:33] [INFO] Generated proof:
[2026-01-10 22:00:33] [INFO] omega
[2026-01-10 22:00:33] [INFO] Proof length: 5 chars
[2026-01-10 22:00:33] [INFO] Starting proof verification...
[2026-01-10 22:00:33] [INFO] Verifying at: BrownianMotion/StochasticIntegral/ClassD.lean:399
[2026-01-10 22:00:33] [INFO] Using LEAN INTERACT verify
[2026-01-10 22:00:33] [INFO] Checking file
[2026-01-10 22:00:41] [INFO] Cannot build modified file <error line="399" column="2">
<code_line>  omega</code_line>
<message>error: omega could not prove the goal:</message>
</error>
No usable constraints found. You may need to unfold definitions so `omega` can see linear arithmetic facts about `Nat` and `Int`, which may also involve multiplication, division, and modular remainder by constants.
[2026-01-10 22:00:41] [INFO] Proof verification completed
[2026-01-10 22:00:41] [INFO] Strategy omega attempt 1: verified=False
[2026-01-10 22:00:41] [INFO] Verification message: Cannot build modified file: <error line="399" column="2">
<code_line>  omega</code_line>
<message>error: omega could not prove the goal:</message>
</error>
No usable constraints found. You may need to unfold definitions so `omega` can see linear arithmetic facts about `Nat` and `Int`, which may also involve multiplication, division, and modular remainder by constants.

[2026-01-10 22:00:41] [INFO] Attempt 1 failed verification, continuing...
[2026-01-10 22:00:41] [INFO] ========================================
[2026-01-10 22:00:41] [INFO] Trying strategy: linarith (up to 1 attempts)
[2026-01-10 22:00:41] [INFO] --------------------
[2026-01-10 22:00:41] [INFO] Strategy linarith, attempt 1/1
[2026-01-10 22:00:41] [INFO] Starting proof generation...
[2026-01-10 22:00:41] [INFO] Repository path: /root/repo
[2026-01-10 22:00:41] [INFO] Proof generation completed
[2026-01-10 22:00:41] [INFO] Generated proof:
[2026-01-10 22:00:41] [INFO] linarith
[2026-01-10 22:00:41] [INFO] Proof length: 8 chars
[2026-01-10 22:00:41] [INFO] Starting proof verification...
[2026-01-10 22:00:41] [INFO] Verifying at: BrownianMotion/StochasticIntegral/ClassD.lean:399
[2026-01-10 22:00:41] [INFO] Using LEAN INTERACT verify
[2026-01-10 22:00:41] [INFO] Checking file
[2026-01-10 22:00:50] [INFO] Cannot build modified file <error line="399" column="2">
<code_line>  linarith</code_line>
<message>error: linarith failed to find a contradiction</message>
</error>
ι : Type u_1
Ω : Type u_2
E : Type u_3
inst✝⁵ : NormedAddCommGroup E
mΩ : MeasurableSpace Ω
P : Measure Ω
X : ι → Ω → E
inst✝⁴ : LinearOrder ι
𝓕 : Filtration ι mΩ
inst✝³ : OrderBot ι
inst✝² : TopologicalSpace ι
inst✝¹ : OrderTopology ι
inst✝ : MeasurableSpace ι
hX1 : HasLocallyIntegrableSup X 𝓕 P
hX2 : Adapted 𝓕 X
h𝓕 : 𝓕.IsRightContinuous
⊢ False
failed
[2026-01-10 22:00:50] [INFO] Proof verification completed
[2026-01-10 22:00:50] [INFO] Strategy linarith attempt 1: verified=False
[2026-01-10 22:00:50] [INFO] Verification message: Cannot build modified file: <error line="399" column="2">
<code_line>  linarith</code_line>
<message>error: linarith failed to find a contradiction</message>
</error>
ι : Type u_1
Ω : Type u_2
E : Type u_3
inst✝⁵ : NormedAddCommGroup E
mΩ : MeasurableSpace Ω
P : Measure Ω
X : ι → Ω → E
inst✝⁴ : LinearOrder ι
𝓕 : Filtration ι mΩ
inst✝³ : OrderBot ι
inst✝² : TopologicalSpace ι
inst✝¹ : OrderTopology ι
inst✝ : MeasurableSpace ι
hX1 : HasLocallyIntegrableSup X 𝓕 P
hX2 : Adapted 𝓕 X
h𝓕 : 𝓕.IsRightContinuous
⊢ False
failed

[2026-01-10 22:00:50] [INFO] Attempt 1 failed verification, continuing...
[2026-01-10 22:00:50] [INFO] ========================================
[2026-01-10 22:00:50] [INFO] Trying strategy: nlinarith (up to 1 attempts)
[2026-01-10 22:00:50] [INFO] --------------------
[2026-01-10 22:00:50] [INFO] Strategy nlinarith, attempt 1/1
[2026-01-10 22:00:50] [INFO] Starting proof generation...
[2026-01-10 22:00:50] [INFO] Repository path: /root/repo
[2026-01-10 22:00:50] [INFO] Proof generation completed
[2026-01-10 22:00:50] [INFO] Generated proof:
[2026-01-10 22:00:50] [INFO] nlinarith
[2026-01-10 22:00:50] [INFO] Proof length: 9 chars
[2026-01-10 22:00:50] [INFO] Starting proof verification...
[2026-01-10 22:00:50] [INFO] Verifying at: BrownianMotion/StochasticIntegral/ClassD.lean:399
[2026-01-10 22:00:50] [INFO] Using LEAN INTERACT verify
[2026-01-10 22:00:50] [INFO] Checking file
[2026-01-10 22:00:58] [INFO] Cannot build modified file <error line="399" column="2">
<code_line>  nlinarith</code_line>
<message>error: linarith failed to find a contradiction</message>
</error>
ι : Type u_1
Ω : Type u_2
E : Type u_3
inst✝⁵ : NormedAddCommGroup E
mΩ : MeasurableSpace Ω
P : Measure Ω
X : ι → Ω → E
inst✝⁴ : LinearOrder ι
𝓕 : Filtration ι mΩ
inst✝³ : OrderBot ι
inst✝² : TopologicalSpace ι
inst✝¹ : OrderTopology ι
inst✝ : MeasurableSpace ι
hX1 : HasLocallyIntegrableSup X 𝓕 P
hX2 : Adapted 𝓕 X
h𝓕 : 𝓕.IsRightContinuous
⊢ False
failed
[2026-01-10 22:00:58] [INFO] Proof verification completed
[2026-01-10 22:00:58] [INFO] Strategy nlinarith attempt 1: verified=False
[2026-01-10 22:00:58] [INFO] Verification message: Cannot build modified file: <error line="399" column="2">
<code_line>  nlinarith</code_line>
<message>error: linarith failed to find a contradiction</message>
</error>
ι : Type u_1
Ω : Type u_2
E : Type u_3
inst✝⁵ : NormedAddCommGroup E
mΩ : MeasurableSpace Ω
P : Measure Ω
X : ι → Ω → E
inst✝⁴ : LinearOrder ι
𝓕 : Filtration ι mΩ
inst✝³ : OrderBot ι
inst✝² : TopologicalSpace ι
inst✝¹ : OrderTopology ι
inst✝ : MeasurableSpace ι
hX1 : HasLocallyIntegrableSup X 𝓕 P
hX2 : Adapted 𝓕 X
h𝓕 : 𝓕.IsRightContinuous
⊢ False
failed

[2026-01-10 22:00:58] [INFO] Attempt 1 failed verification, continuing...
[2026-01-10 22:00:58] [INFO] ========================================
[2026-01-10 22:00:58] [INFO] Trying strategy: aesop (up to 1 attempts)
[2026-01-10 22:00:58] [INFO] --------------------
[2026-01-10 22:00:58] [INFO] Strategy aesop, attempt 1/1
[2026-01-10 22:00:58] [INFO] Starting proof generation...
[2026-01-10 22:00:58] [INFO] Repository path: /root/repo
[2026-01-10 22:00:58] [INFO] Proof generation completed
[2026-01-10 22:00:58] [INFO] Generated proof:
[2026-01-10 22:00:58] [INFO] aesop
[2026-01-10 22:00:58] [INFO] Proof length: 5 chars
[2026-01-10 22:00:58] [INFO] Starting proof verification...
[2026-01-10 22:00:58] [INFO] Verifying at: BrownianMotion/StochasticIntegral/ClassD.lean:399
[2026-01-10 22:00:58] [INFO] Using LEAN INTERACT verify
[2026-01-10 22:00:58] [INFO] Checking file
[2026-01-10 22:01:08] [INFO] Cannot build modified file <error line="399" column="2">
<code_line>  aesop</code_line>
<message>error: tactic 'aesop' failed, made no progress</message>
</error>
Initial goal:
  ι : Type u_1
  Ω : Type u_2
  E : Type u_3
  inst✝⁵ : NormedAddCommGroup E
  mΩ : MeasurableSpace Ω
  P : Measure Ω
  X : ι → Ω → E
  inst✝⁴ : LinearOrder ι
  𝓕 : Filtration ι mΩ
  inst✝³ : OrderBot ι
  inst✝² : TopologicalSpace ι
  inst✝¹ : OrderTopology ι
  inst✝ : MeasurableSpace ι
  hX1 : HasLocallyIntegrableSup X 𝓕 P
  hX2 : Adapted 𝓕 X
  h𝓕 : 𝓕.IsRightContinuous
  ⊢ Locally (fun x => ClassDL x 𝓕 P) 𝓕 X P
[2026-01-10 22:01:08] [INFO] Proof verification completed
[2026-01-10 22:01:08] [INFO] Strategy aesop attempt 1: verified=False
[2026-01-10 22:01:08] [INFO] Verification message: Cannot build modified file: <error line="399" column="2">
<code_line>  aesop</code_line>
<message>error: tactic 'aesop' failed, made no progress</message>
</error>
Initial goal:
  ι : Type u_1
  Ω : Type u_2
  E : Type u_3
  inst✝⁵ : NormedAddCommGroup E
  mΩ : MeasurableSpace Ω
  P : Measure Ω
  X : ι → Ω → E
  inst✝⁴ : LinearOrder ι
  𝓕 : Filtration ι mΩ
  inst✝³ : OrderBot ι
  inst✝² : TopologicalSpace ι
  inst✝¹ : OrderTopology ι
  inst✝ : MeasurableSpace ι
  hX1 : HasLocallyIntegrableSup X 𝓕 P
  hX2 : Adapted 𝓕 X
  h𝓕 : 𝓕.IsRightContinuous
  ⊢ Locally (fun x => ClassDL x 𝓕 P) 𝓕 X P

[2026-01-10 22:01:08] [INFO] Attempt 1 failed verification, continuing...
[2026-01-10 22:01:08] [INFO] ========================================
[2026-01-10 22:01:08] [INFO] Pass@k completed. Total results: 1
[2026-01-10 22:01:08] [INFO] FAILED: All 11 strategies x 1 attempts
[2026-01-10 22:01:08] [INFO] Writing results to file: /root/repo/result.json
[2026-01-10 22:01:08] [INFO] Result file written successfully
[2026-01-10 22:01:08] [INFO] Results exported to: /root/repo/result.json
[2026-01-10 22:01:08] [INFO] run_morphcloud_local.py completed successfully

[2026-01-10 22:01:09] [process_single_sorry] Downloading result file...
[2026-01-10 22:01:09] [process_single_sorry] Downloaded result to intermediate_experiment_outputs_full_reservoir/multi_tactic/2026-01-10_20-46-34_multi_tactic/individual/b4b3cf9e44f93e5a7e0e843f06f92b47c51bed271a59ba55bf2e91dc403e353d.json
[2026-01-10 22:01:12] [process_single_sorry] Instance context closed successfully
[2026-01-10 22:01:12] [process_single_sorry] Parsing result file...
[2026-01-10 22:01:12] [process_single_sorry] Successfully parsed result (list format, 1 results)
