[2026-01-10 22:36:53] [process_single_sorry] Starting for sorry b72bfe4740982f87ff1ea934263cf113686ea2f3836d35199520f815abd3c95a
[2026-01-10 22:36:53] [process_single_sorry] Using snapshot: snapshot_ooji21kv
[2026-01-10 22:36:53] [process_single_sorry] Repository: https://github.com/YaelDillies/LeanAPAP@96325adf1d139b2adaa32d9839f096eec959480d
[2026-01-10 22:36:53] [process_single_sorry] Instance name: LeanAPAP_96325adf1d13_multi_tactic_b72bfe4740982f87ff1ea934263cf113686ea2f3836d35199520f815abd3c95a
[2026-01-10 22:36:53] [process_single_sorry] Starting attempt 1/3
[2026-01-10 22:36:53] [process_single_sorry] Starting instance from snapshot...
[2026-01-10 22:36:53] [process_single_sorry] Instance started successfully: morphvm_c323efs3
[2026-01-10 22:36:53] [process_single_sorry] Creating .env file...
[2026-01-10 22:36:57] [process_single_sorry] .env file created (exit_code: 0)
[2026-01-10 22:36:57] [process_single_sorry] Executing agent command...
[2026-01-10 22:39:05] [process_single_sorry] Agent command completed (exit_code: 0)
[2026-01-10 22:39:05] [process_single_sorry] STDOUT:

Results JSON:
[
  {
    "sorry": {
      "repo": {
        "remote": "https://github.com/YaelDillies/LeanAPAP",
        "branch": "master",
        "commit": "96325adf1d139b2adaa32d9839f096eec959480d",
        "lean_version": "v4.27.0-rc1"
      },
      "location": {
        "path": "LeanAPAP/Prereqs/NewMarcinkiewiczZygmund.lean",
        "start_line": 95,
        "start_column": 10,
        "end_line": 95,
        "end_column": 15
      },
      "debug_info": {
        "goal": "ι : Type u_1\nΩ : Type u_2\nE : Type u_3\nA : Finset ι\nm : ℕ\ninst✝³ : MeasurableSpace Ω\nμ : Measure Ω\ninst✝² : IsFiniteMeasure μ\nmE : MeasurableSpace E\ninst✝¹ : NormedAddCommGroup E\ninst✝ : InnerProductSpace ℝ E\nX : ι → Ω → E\niIndepFun_X : iIndepFun X μ\nidentDistrib_neg_X : ∀ (i : ι), IdentDistrib (X i) (-X i) μ μ\nmemLp_X : ∀ i ∈ A, MemLp (X i) (2 * ↑m) μ\nthis : DecidableEq ι\nintegrable_prod_norm_X : ∀ I ∈ piFinset fun x => A ×ˢ A, Integrable (fun ω => ∏ k, ‖X (I k).1 ω‖ * ‖X (I k).2 ω‖) μ\nintegrable_prod_inner_X :\n  ∀ I ∈ piFinset fun x => A ×ˢ A, Integrable (fun ω => ∏ k, inner ℝ (X (I k).1 ω) (X (I k).2 ω)) μ\nEvenIndex : (Fin m → ι × ι) → Prop := fun I => ∀ i ∈ A, Even ({k | (I k).1 = i}.card + {k | (I k).2 = i}.card)\nI : Fin m → ι × ι\nhI : I ∈ piFinset fun x => A ×ˢ A\ni : ι\nhi : i ∈ A\nhI' : Odd ({k | (I k).1 = i}.card + {k | (I k).2 = i}.card)\nY : ι → Ω → E := update X i (-X i)\nidentDistrib_X_Y : ∀ (j : ι), IdentDistrib (X j) (Y j) μ μ\n⊢ IdentDistrib (fun ω => ∏ k, inner ℝ (X (I k).1 ω) (X (I k).2 ω)) (fun ω => ∏ k, inner ℝ (Y (I k).1 ω) (Y (I k).2 ω)) μ\n    μ",
        "url": "https://github.com/YaelDillies/LeanAPAP/blob/96325adf1d139b2adaa32d9839f096eec959480d/LeanAPAP/Prereqs/NewMarcinkiewiczZygmund.lean#L95"
      },
      "metadata": {
        "blame_email_hash": "97e8591fe714",
        "blame_date": "2024-12-30T16:24:59+00:00",
        "inclusion_date": "2025-12-30T00:21:49.637242+00:00"
      },
      "id": "b72bfe4740982f87ff1ea934263cf113686ea2f3836d35199520f815abd3c95a"
    },
    "proof": null,
    "proof_verified": false,
    "feedback": null,
    "verification_message": "All 11 attempts failed (11 strategies x 1 attempts each)",
    "success": true,
    "error_type": null,
    "error_message": null,
    "strategy_name": "all_failed_k=1",
    "proof_attempts": [
      "rfl",
      "simp",
      "simp_all",
      "exact?",
      "grind",
      "ring",
      "norm_num",
      "omega",
      "linarith",
      "nlinarith",
      "aesop"
    ]
  }
]

[2026-01-10 22:39:05] [process_single_sorry] STDERR:
None of PyTorch, TensorFlow >= 2.0, or Flax have been found. Models won't be available and only tokenizers, configuration and file/data utilities can be used.
[2026-01-10 22:37:07] [INFO] ================================================================================
[2026-01-10 22:37:07] [INFO] Starting run_morphcloud_local.py
[2026-01-10 22:37:07] [INFO] ================================================================================
[2026-01-10 22:37:07] [INFO] Environment loaded
[2026-01-10 22:37:07] [INFO] Full command: /root/SorryDB/sorrydb/cli/run_morphcloud_local.py --repo-path /root/repo --sorry-json {"repo": {"remote": "https://github.com/YaelDillies/LeanAPAP", "branch": "master", "commit": "96325adf1d139b2adaa32d9839f096eec959480d", "lean_version": "v4.27.0-rc1"}, "location": {"path": "LeanAPAP/Prereqs/NewMarcinkiewiczZygmund.lean", "start_line": 95, "start_column": 10, "end_line": 95, "end_column": 15}, "debug_info": {"goal": "\u03b9 : Type u_1\n\u03a9 : Type u_2\nE : Type u_3\nA : Finset \u03b9\nm : \u2115\ninst\u271d\u00b3 : MeasurableSpace \u03a9\n\u03bc : Measure \u03a9\ninst\u271d\u00b2 : IsFiniteMeasure \u03bc\nmE : MeasurableSpace E\ninst\u271d\u00b9 : NormedAddCommGroup E\ninst\u271d : InnerProductSpace \u211d E\nX : \u03b9 \u2192 \u03a9 \u2192 E\niIndepFun_X : iIndepFun X \u03bc\nidentDistrib_neg_X : \u2200 (i : \u03b9), IdentDistrib (X i) (-X i) \u03bc \u03bc\nmemLp_X : \u2200 i \u2208 A, MemLp (X i) (2 * \u2191m) \u03bc\nthis : DecidableEq \u03b9\nintegrable_prod_norm_X : \u2200 I \u2208 piFinset fun x => A \u00d7\u02e2 A, Integrable (fun \u03c9 => \u220f k, \u2016X (I k).1 \u03c9\u2016 * \u2016X (I k).2 \u03c9\u2016) \u03bc\nintegrable_prod_inner_X :\n  \u2200 I \u2208 piFinset fun x => A \u00d7\u02e2 A, Integrable (fun \u03c9 => \u220f k, inner \u211d (X (I k).1 \u03c9) (X (I k).2 \u03c9)) \u03bc\nEvenIndex : (Fin m \u2192 \u03b9 \u00d7 \u03b9) \u2192 Prop := fun I => \u2200 i \u2208 A, Even ({k | (I k).1 = i}.card + {k | (I k).2 = i}.card)\nI : Fin m \u2192 \u03b9 \u00d7 \u03b9\nhI : I \u2208 piFinset fun x => A \u00d7\u02e2 A\ni : \u03b9\nhi : i \u2208 A\nhI' : Odd ({k | (I k).1 = i}.card + {k | (I k).2 = i}.card)\nY : \u03b9 \u2192 \u03a9 \u2192 E := update X i (-X i)\nidentDistrib_X_Y : \u2200 (j : \u03b9), IdentDistrib (X j) (Y j) \u03bc \u03bc\n\u22a2 IdentDistrib (fun \u03c9 => \u220f k, inner \u211d (X (I k).1 \u03c9) (X (I k).2 \u03c9)) (fun \u03c9 => \u220f k, inner \u211d (Y (I k).1 \u03c9) (Y (I k).2 \u03c9)) \u03bc\n    \u03bc", "url": "https://github.com/YaelDillies/LeanAPAP/blob/96325adf1d139b2adaa32d9839f096eec959480d/LeanAPAP/Prereqs/NewMarcinkiewiczZygmund.lean#L95"}, "metadata": {"blame_email_hash": "97e8591fe714", "blame_date": "2024-12-30T16:24:59+00:00", "inclusion_date": "2025-12-30T00:21:49.637242+00:00"}, "id": "b72bfe4740982f87ff1ea934263cf113686ea2f3836d35199520f815abd3c95a"} --agent-strategy {"name": "multi_tactic", "args": {}}
[2026-01-10 22:37:07] [INFO] Arguments parsed: repo_path=/root/repo, output_path=/root/repo/result.json
[2026-01-10 22:37:07] [INFO] Strategy spec: {"name": "multi_tactic", "args": {}}...
[2026-01-10 22:37:07] [INFO] Loading sorry data...
[2026-01-10 22:37:07] [INFO] Parsing sorry from JSON string...
[2026-01-10 22:37:07] [INFO] Sorry data parsed from JSON string
[2026-01-10 22:37:07] [INFO] Creating strategy from spec...
[2026-01-10 22:37:07] [INFO] Parsing strategy spec (length: 36 chars)
[2026-01-10 22:37:07] [INFO] Strategy name: multi_tactic
[2026-01-10 22:37:07] [INFO] Strategy args: {}
[2026-01-10 22:37:07] [INFO] Pass@k value: 1
[2026-01-10 22:37:07] [INFO] Creating strategy: multi_tactic
[2026-01-10 22:37:07] [INFO] Creating multi_tactic strategy with tactics: ['rfl', 'simp', 'simp_all', 'exact?', 'grind', 'ring', 'norm_num', 'omega', 'linarith', 'nlinarith', 'aesop']
[2026-01-10 22:37:07] [INFO] Strategies created: ['rfl', 'simp', 'simp_all', 'exact?', 'grind', 'ring', 'norm_num', 'omega', 'linarith', 'nlinarith', 'aesop']
[2026-01-10 22:37:07] [INFO] Pass@k value: 1
[2026-01-10 22:37:07] [INFO] Creating Sorry object...
[2026-01-10 22:37:07] [INFO] Sorry object created: id=b72bfe4740982f87ff1ea934263cf113686ea2f3836d35199520f815abd3c95a
[2026-01-10 22:37:07] [INFO] Sorry location: LeanAPAP/Prereqs/NewMarcinkiewiczZygmund.lean:95
[2026-01-10 22:37:07] [INFO] Context before sorry (lines 90-95):
[2026-01-10 22:37:07] [INFO]   90:         -- `𝔼 ∏ k, ⟨X iₖ, X jₖ⟩ = 𝔼 ∏ k, ⟨Y iₖ, Y jₖ⟩` because `𝔼 ∏ k, ⟨X iₖ, X jₖ⟩` and
[2026-01-10 22:37:07] [INFO]   91:         -- `∏ k, ⟨Y iₖ, Y jₖ⟩` are identically distributed.
[2026-01-10 22:37:07] [INFO]   92:         ∫ ω, ∏ k, inner ℝ (X (I k).1 ω) (X (I k).2 ω) ∂μ
[2026-01-10 22:37:07] [INFO]   93:         _ = ∫ ω, ∏ k, inner ℝ (Y (I k).1 ω) (Y (I k).2 ω) ∂μ := by
[2026-01-10 22:37:07] [INFO]   94:           refine IdentDistrib.integral_eq ?_
[2026-01-10 22:37:07] [INFO]   95:           sorry -- TODO: Upstream result from PFR
[2026-01-10 22:37:07] [INFO] Sorry line:           sorry -- TODO: Upstream result from PFR
[2026-01-10 22:37:07] [INFO] Sorry goal: ι : Type u_1
Ω : Type u_2
E : Type u_3
A : Finset ι
m : ℕ
inst✝³ : MeasurableSpace Ω
μ : Measure Ω
i...
[2026-01-10 22:37:07] [INFO] ========================================
[2026-01-10 22:37:07] [INFO] Trying strategy: rfl (up to 1 attempts)
[2026-01-10 22:37:07] [INFO] --------------------
[2026-01-10 22:37:07] [INFO] Strategy rfl, attempt 1/1
[2026-01-10 22:37:07] [INFO] Starting proof generation...
[2026-01-10 22:37:07] [INFO] Repository path: /root/repo
[2026-01-10 22:37:07] [INFO] Proof generation completed
[2026-01-10 22:37:07] [INFO] Generated proof:
[2026-01-10 22:37:07] [INFO] rfl
[2026-01-10 22:37:07] [INFO] Proof length: 3 chars
[2026-01-10 22:37:07] [INFO] Starting proof verification...
[2026-01-10 22:37:07] [INFO] Verifying at: LeanAPAP/Prereqs/NewMarcinkiewiczZygmund.lean:95
[2026-01-10 22:37:07] [INFO] Using LEAN INTERACT verify
[2026-01-10 22:37:07] [INFO] Checking file
[2026-01-10 22:37:28] [INFO] Cannot build modified file <error line="95" column="10">
<code_line>          rfl -- TODO: Upstream result from PFR</code_line>
<message>error: Tactic `rfl` failed: No `[refl]` lemma registered for relation</message>
</error>
  @IdentDistrib Ω Ω ℝ inst✝³ inst✝³ measurableSpace (fun ω => ∏ k, inner ℝ (X (I k).1 ω) (X (I k).2 ω)) fun ω =>
    ∏ k, inner ℝ (Y (I k).1 ω) (Y (I k).2 ω)

Hint: Add the `[refl]` attribute to reflexivity lemmas for
  @IdentDistrib Ω Ω ℝ inst✝³ inst✝³ measurableSpace (fun ω => ∏ k, inner ℝ (X (I k).1 ω) (X (I k).2 ω)) fun ω =>
    ∏ k, inner ℝ (Y (I k).1 ω) (Y (I k).2 ω)
to use this tactic

ι : Type u_1
Ω : Type u_2
E : Type u_3
A : Finset ι
m : ℕ
inst✝³ : MeasurableSpace Ω
μ : Measure Ω
inst✝² : IsFiniteMeasure μ
mE : MeasurableSpace E
inst✝¹ : NormedAddCommGroup E
inst✝ : InnerProductSpace ℝ E
X : ι → Ω → E
iIndepFun_X : iIndepFun X μ
identDistrib_neg_X : ∀ (i : ι), IdentDistrib (X i) (-X i) μ μ
memLp_X : ∀ i ∈ A, MemLp (X i) (2 * ↑m) μ
this : DecidableEq ι
integrable_prod_norm_X : ∀ I ∈ piFinset fun x => A ×ˢ A, Integrable (fun ω => ∏ k, ‖X (I k).1 ω‖ * ‖X (I k).2 ω‖) μ
integrable_prod_inner_X :
  ∀ I ∈ piFinset fun x => A ×ˢ A, Integrable (fun ω => ∏ k, inner ℝ (X (I k).1 ω) (X (I k).2 ω)) μ
EvenIndex : (Fin m → ι × ι) → Prop := fun I => ∀ i ∈ A, Even (#{k | (I k).1 = i} + #{k | (I k).2 = i})
I : Fin m → ι × ι
hI : I ∈ piFinset fun x => A ×ˢ A
i : ι
hi : i ∈ A
hI' : Odd (#{k | (I k).1 = i} + #{k | (I k).2 = i})
Y : ι → Ω → E := update X i (-X i)
identDistrib_X_Y : ∀ (j : ι), IdentDistrib (X j) (Y j) μ μ
⊢ IdentDistrib (fun ω => ∏ k, inner ℝ (X (I k).1 ω) (X (I k).2 ω)) (fun ω => ∏ k, inner ℝ (Y (I k).1 ω) (Y (I k).2 ω)) μ
    μ
[2026-01-10 22:37:28] [INFO] Proof verification completed
[2026-01-10 22:37:28] [INFO] Strategy rfl attempt 1: verified=False
[2026-01-10 22:37:28] [INFO] Verification message: Cannot build modified file: <error line="95" column="10">
<code_line>          rfl -- TODO: Upstream result from PFR</code_line>
<message>error: Tactic `rfl` failed: No `[refl]` lemma registered for relation</message>
</error>
  @IdentDistrib Ω Ω ℝ inst✝³ inst✝³ measurableSpace (fun ω => ∏ k, inner ℝ (X (I k).1 ω) (X (I k).2 ω)) fun ω =>
    ∏ k, inner ℝ (Y (I k).1 ω) (Y (I k).2 ω)

Hint: Add the `[refl]` attribute to reflexivity lemmas for
  @IdentDistrib Ω Ω ℝ inst✝³ inst✝³ measurableSpace (fun ω => ∏ k, inner ℝ (X (I k).1 ω) (X (I k).2 ω)) fun ω =>
    ∏ k, inner ℝ (Y (I k).1 ω) (Y (I k).2 ω)
to use this tactic

ι : Type u_1
Ω : Type u_2
E : Type u_3
A : Finset ι
m : ℕ
inst✝³ : MeasurableSpace Ω
μ : Measure Ω
inst✝² : IsFiniteMeasure μ
mE : MeasurableSpace E
inst✝¹ : NormedAddCommGroup E
inst✝ : InnerProductSpace ℝ E
X : ι → Ω → E
iIndepFun_X : iIndepFun X μ
identDistrib_neg_X : ∀ (i : ι), IdentDistrib (X i) (-X i) μ μ
memLp_X : ∀ i ∈ A, MemLp (X i) (2 * ↑m) μ
this : DecidableEq ι
integrable_prod_norm_X : ∀ I ∈ piFinset fun x => A ×ˢ A, Integrable (fun ω => ∏ k, ‖X (I k).1 ω‖ * ‖X (I k).2 ω‖) μ
integrable_prod_inner_X :
  ∀ I ∈ piFinset fun x => A ×ˢ A, Integrable (fun ω => ∏ k, inner ℝ (X (I k).1 ω) (X (I k).2 ω)) μ
EvenIndex : (Fin m → ι × ι) → Prop := fun I => ∀ i ∈ A, Even (#{k | (I k).1 = i} + #{k | (I k).2 = i})
I : Fin m → ι × ι
hI : I ∈ piFinset fun x => A ×ˢ A
i : ι
hi : i ∈ A
hI' : Odd (#{k | (I k).1 = i} + #{k | (I k).2 = i})
Y : ι → Ω → E := update X i (-X i)
identDistrib_X_Y : ∀ (j : ι), IdentDistrib (X j) (Y j) μ μ
⊢ IdentDistrib (fun ω => ∏ k, inner ℝ (X (I k).1 ω) (X (I k).2 ω)) (fun ω => ∏ k, inner ℝ (Y (I k).1 ω) (Y (I k).2 ω)) μ
    μ

[2026-01-10 22:37:28] [INFO] Attempt 1 failed verification, continuing...
[2026-01-10 22:37:28] [INFO] ========================================
[2026-01-10 22:37:28] [INFO] Trying strategy: simp (up to 1 attempts)
[2026-01-10 22:37:28] [INFO] --------------------
[2026-01-10 22:37:28] [INFO] Strategy simp, attempt 1/1
[2026-01-10 22:37:28] [INFO] Starting proof generation...
[2026-01-10 22:37:28] [INFO] Repository path: /root/repo
[2026-01-10 22:37:28] [INFO] Proof generation completed
[2026-01-10 22:37:28] [INFO] Generated proof:
[2026-01-10 22:37:28] [INFO] simp
[2026-01-10 22:37:28] [INFO] Proof length: 4 chars
[2026-01-10 22:37:28] [INFO] Starting proof verification...
[2026-01-10 22:37:28] [INFO] Verifying at: LeanAPAP/Prereqs/NewMarcinkiewiczZygmund.lean:95
[2026-01-10 22:37:28] [INFO] Using LEAN INTERACT verify
[2026-01-10 22:37:28] [INFO] Checking file
[2026-01-10 22:37:36] [INFO] Cannot build modified file <error line="95" column="10">
<code_line>          simp -- TODO: Upstream result from PFR</code_line>
<message>error: `simp` made no progress</message>
</error>
[2026-01-10 22:37:36] [INFO] Proof verification completed
[2026-01-10 22:37:36] [INFO] Strategy simp attempt 1: verified=False
[2026-01-10 22:37:36] [INFO] Verification message: Cannot build modified file: <error line="95" column="10">
<code_line>          simp -- TODO: Upstream result from PFR</code_line>
<message>error: `simp` made no progress</message>
</error>

[2026-01-10 22:37:36] [INFO] Attempt 1 failed verification, continuing...
[2026-01-10 22:37:36] [INFO] ========================================
[2026-01-10 22:37:36] [INFO] Trying strategy: simp_all (up to 1 attempts)
[2026-01-10 22:37:36] [INFO] --------------------
[2026-01-10 22:37:36] [INFO] Strategy simp_all, attempt 1/1
[2026-01-10 22:37:36] [INFO] Starting proof generation...
[2026-01-10 22:37:36] [INFO] Repository path: /root/repo
[2026-01-10 22:37:36] [INFO] Proof generation completed
[2026-01-10 22:37:36] [INFO] Generated proof:
[2026-01-10 22:37:36] [INFO] simp_all
[2026-01-10 22:37:36] [INFO] Proof length: 8 chars
[2026-01-10 22:37:36] [INFO] Starting proof verification...
[2026-01-10 22:37:36] [INFO] Verifying at: LeanAPAP/Prereqs/NewMarcinkiewiczZygmund.lean:95
[2026-01-10 22:37:36] [INFO] Using LEAN INTERACT verify
[2026-01-10 22:37:36] [INFO] Checking file
[2026-01-10 22:37:52] [INFO] Cannot build modified file <error line="93" column="64">
<code_line>        _ = ∫ ω, ∏ k, inner ℝ (Y (I k).1 ω) (Y (I k).2 ω) ∂μ := by</code_line>
<message>error: unsolved goals</message>
</error>
ι : Type u_1
Ω : Type u_2
E : Type u_3
A : Finset ι
m : ℕ
inst✝³ : MeasurableSpace Ω
μ : Measure Ω
inst✝² : IsFiniteMeasure μ
mE : MeasurableSpace E
inst✝¹ : NormedAddCommGroup E
inst✝ : InnerProductSpace ℝ E
X : ι → Ω → E
iIndepFun_X : iIndepFun X μ
identDistrib_neg_X : ∀ (i : ι), IdentDistrib (X i) (-X i) μ μ
memLp_X : ∀ i ∈ A, MemLp (X i) (2 * ↑m) μ
this : DecidableEq ι
EvenIndex : (Fin m → ι × ι) → Prop := fun I => ∀ i ∈ A, Even (#{k | (I k).1 = i} + #{k | (I k).2 = i})
I : Fin m → ι × ι
i : ι
Y : ι → Ω → E := update X i (-X i)
integrable_prod_norm_X :
  ∀ (I : Fin m → ι × ι),
    (∀ (a : Fin m), (I a).1 ∈ A ∧ (I a).2 ∈ A) → Integrable (fun ω => ∏ k, ‖X (I k).1 ω‖ * ‖X (I k).2 ω‖) μ
integrable_prod_inner_X :
  ∀ (I : Fin m → ι × ι),
    (∀ (a : Fin m), (I a).1 ∈ A ∧ (I a).2 ∈ A) → Integrable (fun ω => ∏ k, inner ℝ (X (I k).1 ω) (X (I k).2 ω)) μ
hI : ∀ (a : Fin m), (I a).1 ∈ A ∧ (I a).2 ∈ A
hi : i ∈ A
hI' : Odd (#{k | (I k).1 = i} + #{k | (I k).2 = i})
identDistrib_X_Y : ∀ (j : ι), IdentDistrib (X j) (Y j) μ μ
⊢ IdentDistrib (fun ω => ∏ k, inner ℝ (X (I k).1 ω) (X (I k).2 ω)) (fun ω => ∏ k, inner ℝ (Y (I k).1 ω) (Y (I k).2 ω)) μ
    μ
[2026-01-10 22:37:52] [INFO] Proof verification completed
[2026-01-10 22:37:52] [INFO] Strategy simp_all attempt 1: verified=False
[2026-01-10 22:37:52] [INFO] Verification message: Cannot build modified file: <error line="93" column="64">
<code_line>        _ = ∫ ω, ∏ k, inner ℝ (Y (I k).1 ω) (Y (I k).2 ω) ∂μ := by</code_line>
<message>error: unsolved goals</message>
</error>
ι : Type u_1
Ω : Type u_2
E : Type u_3
A : Finset ι
m : ℕ
inst✝³ : MeasurableSpace Ω
μ : Measure Ω
inst✝² : IsFiniteMeasure μ
mE : MeasurableSpace E
inst✝¹ : NormedAddCommGroup E
inst✝ : InnerProductSpace ℝ E
X : ι → Ω → E
iIndepFun_X : iIndepFun X μ
identDistrib_neg_X : ∀ (i : ι), IdentDistrib (X i) (-X i) μ μ
memLp_X : ∀ i ∈ A, MemLp (X i) (2 * ↑m) μ
this : DecidableEq ι
EvenIndex : (Fin m → ι × ι) → Prop := fun I => ∀ i ∈ A, Even (#{k | (I k).1 = i} + #{k | (I k).2 = i})
I : Fin m → ι × ι
i : ι
Y : ι → Ω → E := update X i (-X i)
integrable_prod_norm_X :
  ∀ (I : Fin m → ι × ι),
    (∀ (a : Fin m), (I a).1 ∈ A ∧ (I a).2 ∈ A) → Integrable (fun ω => ∏ k, ‖X (I k).1 ω‖ * ‖X (I k).2 ω‖) μ
integrable_prod_inner_X :
  ∀ (I : Fin m → ι × ι),
    (∀ (a : Fin m), (I a).1 ∈ A ∧ (I a).2 ∈ A) → Integrable (fun ω => ∏ k, inner ℝ (X (I k).1 ω) (X (I k).2 ω)) μ
hI : ∀ (a : Fin m), (I a).1 ∈ A ∧ (I a).2 ∈ A
hi : i ∈ A
hI' : Odd (#{k | (I k).1 = i} + #{k | (I k).2 = i})
identDistrib_X_Y : ∀ (j : ι), IdentDistrib (X j) (Y j) μ μ
⊢ IdentDistrib (fun ω => ∏ k, inner ℝ (X (I k).1 ω) (X (I k).2 ω)) (fun ω => ∏ k, inner ℝ (Y (I k).1 ω) (Y (I k).2 ω)) μ
    μ

[2026-01-10 22:37:52] [INFO] Attempt 1 failed verification, continuing...
[2026-01-10 22:37:52] [INFO] ========================================
[2026-01-10 22:37:52] [INFO] Trying strategy: exact? (up to 1 attempts)
[2026-01-10 22:37:52] [INFO] --------------------
[2026-01-10 22:37:52] [INFO] Strategy exact?, attempt 1/1
[2026-01-10 22:37:52] [INFO] Starting proof generation...
[2026-01-10 22:37:52] [INFO] Repository path: /root/repo
[2026-01-10 22:37:52] [INFO] Proof generation completed
[2026-01-10 22:37:52] [INFO] Generated proof:
[2026-01-10 22:37:52] [INFO] exact?
[2026-01-10 22:37:52] [INFO] Proof length: 6 chars
[2026-01-10 22:37:52] [INFO] Starting proof verification...
[2026-01-10 22:37:52] [INFO] Verifying at: LeanAPAP/Prereqs/NewMarcinkiewiczZygmund.lean:95
[2026-01-10 22:37:52] [INFO] Using LEAN INTERACT verify
[2026-01-10 22:37:52] [INFO] Checking file
[2026-01-10 22:38:06] [INFO] Cannot build modified file <error line="95" column="10">
<code_line>          exact? -- TODO: Upstream result from PFR</code_line>
<message>error: `exact?` could not close the goal. Try `apply?` to see partial suggestions.</message>
</error>
[2026-01-10 22:38:06] [INFO] Proof verification completed
[2026-01-10 22:38:06] [INFO] Strategy exact? attempt 1: verified=False
[2026-01-10 22:38:06] [INFO] Verification message: Cannot build modified file: <error line="95" column="10">
<code_line>          exact? -- TODO: Upstream result from PFR</code_line>
<message>error: `exact?` could not close the goal. Try `apply?` to see partial suggestions.</message>
</error>

[2026-01-10 22:38:06] [INFO] Attempt 1 failed verification, continuing...
[2026-01-10 22:38:06] [INFO] ========================================
[2026-01-10 22:38:06] [INFO] Trying strategy: grind (up to 1 attempts)
[2026-01-10 22:38:06] [INFO] --------------------
[2026-01-10 22:38:06] [INFO] Strategy grind, attempt 1/1
[2026-01-10 22:38:06] [INFO] Starting proof generation...
[2026-01-10 22:38:06] [INFO] Repository path: /root/repo
[2026-01-10 22:38:06] [INFO] Proof generation completed
[2026-01-10 22:38:06] [INFO] Generated proof:
[2026-01-10 22:38:06] [INFO] grind
[2026-01-10 22:38:06] [INFO] Proof length: 5 chars
[2026-01-10 22:38:06] [INFO] Starting proof verification...
[2026-01-10 22:38:06] [INFO] Verifying at: LeanAPAP/Prereqs/NewMarcinkiewiczZygmund.lean:95
[2026-01-10 22:38:06] [INFO] Using LEAN INTERACT verify
[2026-01-10 22:38:06] [INFO] Checking file
[2026-01-10 22:38:14] [INFO] Cannot build modified file <error line="95" column="10">
<code_line>          grind -- TODO: Upstream result from PFR</code_line>
<message>error: `grind` failed</message>
</error>
case grind.1.1.1
ι : Type u_1
Ω : Type u_2
E : Type u_3
A : Finset ι
m : ℕ
inst : MeasurableSpace Ω
μ : Measure Ω
inst_1 : IsFiniteMeasure μ
mE : MeasurableSpace E
inst_2 : NormedAddCommGroup E
inst_3 : InnerProductSpace ℝ E
X : ι → Ω → E
iIndepFun_X : iIndepFun X μ
identDistrib_neg_X : ∀ (i : ι), IdentDistrib (X i) (-X i) μ μ
memLp_X : ∀ i ∈ A, MemLp (X i) (2 * ↑m) μ
this : DecidableEq ι
integrable_prod_norm_X : ∀ I ∈ piFinset fun x => A ×ˢ A, Integrable (fun ω => ∏ k, ‖X (I k).1 ω‖ * ‖X (I k).2 ω‖) μ
integrable_prod_inner_X :
  ∀ I ∈ piFinset fun x => A ×ˢ A, Integrable (fun ω => ∏ k, inner ℝ (X (I k).1 ω) (X (I k).2 ω)) μ
EvenIndex : (Fin m → ι × ι) → Prop := fun I => ∀ i ∈ A, Even (#{k | (I k).1 = i} + #{k | (I k).2 = i})
I : Fin m → ι × ι
hI : I ∈ piFinset fun x => A ×ˢ A
i : ι
hi : i ∈ A
hI' : Odd (#{k | (I k).1 = i} + #{k | (I k).2 = i})
Y : ι → Ω → E := update X i (-X i)
identDistrib_X_Y : ∀ (j : ι), IdentDistrib (X j) (Y j) μ μ
h :
  ¬IdentDistrib (fun ω => ∏ k, inner ℝ (X (I k).1 ω) (X (I k).2 ω))
      (fun ω => ∏ x, inner ℝ (update X i (-X i) (I x).1 ω) (update X i (-X i) (I x).2 ω)) μ μ
left : Even #{k | (I k).1 = i}
right : ¬Even #{k | (I k).2 = i}
h_2 : (fun k => (I k).2 = i) = fun k => (I k).1 = i
h_3 : #{k | (I k).2 = i} = #{k | (I k).1 = i} + #{k | (I k).2 = i}
⊢ False
[grind] Goal diagnostics
  [facts] Asserted facts
    [prop] IsFiniteMeasure μ
    [prop] iIndepFun X μ
    [prop] ∀ (i : ι), IdentDistrib (X i) (-X i) μ μ
    [prop] ∀ i ∈ A, MemLp (X i) (2 * ↑m) μ
    [prop] ∀ I ∈ piFinset fun x => A ×ˢ A, Integrable (fun ω => ∏ k, ‖X (I k).1 ω‖ * ‖X (I k).2 ω‖) μ
    [prop] ∀ I ∈ piFinset fun x => A ×ˢ A, Integrable (fun ω => ∏ k, inner ℝ (X (I k).1 ω) (X (I k).2 ω)) μ
    [prop] I ∈ piFinset fun x => A ×ˢ A
    [prop] i ∈ A
    [prop] Odd (#{k | (I k).1 = i} + #{k | (I k).2 = i})
    [prop] ∀ (j : ι), IdentDistrib (X j) (update X i (-X i) j) μ μ
    [prop] ¬IdentDistrib (fun ω => ∏ k, inner ℝ (X (I k).1 ω) (X (I k).2 ω))
            (fun ω => ∏ x, inner ℝ (update X i (-X i) (I x).1 ω) (update X i (-X i) (I x).2 ω)) μ μ
    [prop] i ∈ A → MemLp (X i) (2 * ↑m) μ
    [prop] (I ∈ piFinset fun x => A ×ˢ A) → Integrable (fun ω => ∏ k, ‖X (I k).1 ω‖ * ‖X (I k).2 ω‖) μ
    [prop] (I ∈ piFinset fun x => A ×ˢ A) → Integrable (fun ω => ∏ k, inner ℝ (X (I k).1 ω) (X (I k).2 ω)) μ
    [prop] (I ∈ piFinset fun x => A ×ˢ A) = ∀ (a : Fin m), I a ∈ A ×ˢ A
    [prop] (¬Odd (#{k | (I k).1 = i} + #{k | (I k).2 = i})) = Even (#{k | (I k).1 = i} + #{k | (I k).2 = i})
    [prop] Odd (#{k | (I k).1 = i} + #{k | (I k).2 = i}) = ((#{k | (I k).1 = i} + #{k | (I k).2 = i}) % 2 = 1)
    [prop] (↑(#{k | (I k).1 = i}) + ↑(#{k | (I k).2 = i})) % 2 + -1 ≤ 0
    [prop] -1 * ((↑(#{k | (I k).1 = i}) + ↑(#{k | (I k).2 = i})) % 2) ≤ 0
    [prop] -1 * ↑(#{k | (I k).1 = i}) + -1 * ↑(#{k | (I k).2 = i}) +
              2 * ((↑(#{k | (I k).1 = i}) + ↑(#{k | (I k).2 = i})) / 2) +
            (↑(#{k | (I k).1 = i}) + ↑(#{k | (I k).2 = i})) % 2 =
          0
    [prop] #{k | (I k).2 = i} ≤ #univ
    [prop] #{k | (I k).1 = i} ≤ #univ
    [prop] IdentDistrib (X i) (-X i) μ μ
    [prop] #univ = Fintype.card (Fin m)
    [prop] IdentDistrib (X i) (update X i (-X i) i) μ μ
    [prop] Even (#{k | (I k).1 = i} + #{k | (I k).2 = i}) = (Even #{k | (I k).1 = i} = Even #{k | (I k).2 = i})
    [prop] Even (#{k | (I k).1 = i} + #{k | (I k).2 = i}) = ((#{k | (I k).1 = i} + #{k | (I k).2 = i}) % 2 = 0)
    [prop] ↑((#{k | (I k).1 = i} + #{k | (I k).2 = i}) % 2) = ↑(#{k | (I k).1 = i}) + ↑(#{k | (I k).2 = i})
    [prop] Even #{k | (I k).2 = i} = (#{k | (I k).2 = i} % 2 = 0)
    [prop] ↑(#{k | (I k).2 = i}) % 2 + -1 ≤ 0
    [prop] -1 * (↑(#{k | (I k).2 = i}) % 2) ≤ 0
    [prop] -1 * ↑(#{k | (I k).2 = i}) + 2 * (↑(#{k | (I k).2 = i}) / 2) + ↑(#{k | (I k).2 = i}) % 2 = 0
    [prop] Even #{k | (I k).1 = i} = (#{k | (I k).1 = i} % 2 = 0)
    [prop] ↑(#{k | (I k).1 = i}) % 2 + -1 ≤ 0
    [prop] -1 * (↑(#{k | (I k).1 = i}) % 2) ≤ 0
    [prop] -1 * ↑(#{k | (I k).1 = i}) + 2 * (↑(#{k | (I k).1 = i}) / 2) + ↑(#{k | (I k).1 = i}) % 2 = 0
    [prop] update X i (-X i) i = -X i
    [prop] ↑(#{k | (I k).1 = i} % 2) = ↑(#{k | (I k).1 = i})
    [prop] ↑(#{k | (I k).2 = i} % 2) = ↑(#{k | (I k).2 = i})
    [prop] Even #{k | (I k).1 = i}
    [prop] ¬Even #{k | (I k).2 = i}
    [prop] (fun k => (I k).2 = i) = fun k => (I k).1 = i
    [prop] #{k | (I k).2 = i} = #{k | (I k).1 = i} + #{k | (I k).2 = i}
  [eqc] True propositions
    [prop] (1 + 1).AtLeastTwo
    [prop] (fun k => (I k).2 = i) = fun k => (I k).1 = i
    [prop] IsFiniteMeasure μ
    [prop] Odd (#{k | (I k).1 = i} + #{k | (I k).2 = i})
    [prop] ↑(#{k | (I k).1 = i}) % 2 + -1 ≤ 0
    [prop] ↑(#{k | (I k).2 = i}) % 2 + -1 ≤ 0
    [prop] (↑(#{k | (I k).1 = i}) + ↑(#{k | (I k).2 = i})) % 2 + -1 ≤ 0
    [prop] -1 * (↑(#{k | (I k).1 = i}) % 2) ≤ 0
    [prop] -1 * (↑(#{k | (I k).2 = i}) % 2) ≤ 0
    [prop] -1 * ((↑(#{k | (I k).1 = i}) + ↑(#{k | (I k).2 = i})) % 2) ≤ 0
    [prop] i ∈ A
    [prop] I ∈ piFinset fun x => A ×ˢ A
    [prop] iIndepFun X μ
    [prop] ∀ (i : ι), IdentDistrib (X i) (-X i) μ μ
    [prop] ∀ (j : ι), IdentDistrib (X j) (update X i (-X i) j) μ μ
    [prop] ∀ i ∈ A, MemLp (X i) (2 * ↑m) μ
    [prop] ∀ I ∈ piFinset fun x => A ×ˢ A, Integrable (fun ω => ∏ k, inner ℝ (X (I k).1 ω) (X (I k).2 ω)) μ
    [prop] ∀ I ∈ piFinset fun x => A ×ˢ A, Integrable (fun ω => ∏ k, ‖X (I k).1 ω‖ * ‖X (I k).2 ω‖) μ
    [prop] (¬Odd (#{k | (I k).1 = i} + #{k | (I k).2 = i})) = Even (#{k | (I k).1 = i} + #{k | (I k).2 = i})
    [prop] Odd (#{k | (I k).1 = i} + #{k | (I k).2 = i}) = ((#{k | (I k).1 = i} + #{k | (I k).2 = i}) % 2 = 1)
    [prop] (I ∈ piFinset fun x => A ×ˢ A) = ∀ (a : Fin m), I a ∈ A ×ˢ A
    [prop] (#{k | (I k).1 = i} + #{k | (I k).2 = i}) % 2 = 1
    [prop] #{k | (I k).1 = i} ≤ #univ
    [prop] #{k | (I k).2 = i} ≤ #univ
    [prop] Integrable (fun ω => ∏ k, inner ℝ (X (I k).1 ω) (X (I k).2 ω)) μ
    [prop] Integrable (fun ω => ∏ k, ‖X (I k).1 ω‖ * ‖X (I k).2 ω‖) μ
    [prop] MemLp (X i) (2 * ↑m) μ
    [prop] ∀ (a : Fin m), I a ∈ A ×ˢ A
    [prop] i ∈ A → MemLp (X i) (2 * ↑m) μ
    [prop] (I ∈ piFinset fun x => A ×ˢ A) → Integrable (fun ω => ∏ k, inner ℝ (X (I k).1 ω) (X (I k).2 ω)) μ
    [prop] (I ∈ piFinset fun x => A ×ˢ A) → Integrable (fun ω => ∏ k, ‖X (I k).1 ω‖ * ‖X (I k).2 ω‖) μ
    [prop] Even (#{k | (I k).1 = i} + #{k | (I k).2 = i}) = (Even #{k | (I k).1 = i} = Even #{k | (I k).2 = i})
    [prop] Even (#{k | (I k).1 = i} + #{k | (I k).2 = i}) = ((#{k | (I k).1 = i} + #{k | (I k).2 = i}) % 2 = 0)
    [prop] #{k | (I k).2 = i} = #{k | (I k).1 = i} + #{k | (I k).2 = i}
    [prop] Even #{k | (I k).1 = i}
    [prop] IdentDistrib (X i) (-X i) μ μ
    [prop] IdentDistrib (X i) (update X i (-X i) i) μ μ
    [prop] Even #{k | (I k).1 = i} = (#{k | (I k).1 = i} % 2 = 0)
    [prop] Even #{k | (I k).2 = i} = (#{k | (I k).2 = i} % 2 = 0)
    [prop] #{k | (I k).1 = i} % 2 = 0
  [eqc] False propositions
    [prop] IdentDistrib (fun ω => ∏ k, inner ℝ (X (I k).1 ω) (X (I k).2 ω))
          (fun ω => ∏ x, inner ℝ (update X i (-X i) (I x).1 ω) (update X i (-X i) (I x).2 ω)) μ μ
    [prop] ¬Odd (#{k | (I k).1 = i} + #{k | (I k).2 = i})
    [prop] Even (#{k | (I k).1 = i} + #{k | (I k).2 = i})
    [prop] Even #{k | (I k).1 = i} = Even #{k | (I k).2 = i}
    [prop] (#{k | (I k).1 = i} + #{k | (I k).2 = i}) % 2 = 0
    [prop] Even #{k | (I k).2 = i}
    [prop] #{k | (I k).2 = i} % 2 = 0
  [eqc] Equivalence classes
    [eqc] {#{k | (I k).2 = i}, #{k | (I k).1 = i} + #{k | (I k).2 = i}}
    [eqc] {@filter (Fin m) fun k => (I k).1 = i, @filter (Fin m) fun k => (I k).2 = i}
    [eqc] {0, #{k | (I k).1 = i} % 2}
    [eqc] {1, (#{k | (I k).1 = i} + #{k | (I k).2 = i}) % 2, #{k | (I k).2 = i} % 2}
    [eqc] {1 + 1, 2}
    [eqc] {fun k => (I k).1 = i, fun k => (I k).2 = i}
    [eqc] {#univ, Fintype.card (Fin m)}
    [eqc] {-X i, update X i (-X i) i}
    [eqc] others
      [eqc] {↑(#{k | (I k).2 = i}), ↑(#{k | (I k).1 = i} + #{k | (I k).2 = i})}
      [eqc] {↑0,
          0,
          -1 * ↑(#{k | (I k).1 = i}) + -1 * ↑(#{k | (I k).2 = i}) +
              2 * ((↑(#{k | (I k).1 = i}) + ↑(#{k | (I k).2 = i})) / 2) +
            (↑(#{k | (I k).1 = i}) + ↑(#{k | (I k).2 = i})) % 2,
          -1 * ↑(#{k | (I k).1 = i}) + 2 * (↑(#{k | (I k).1 = i}) / 2) + ↑(#{k | (I k).1 = i}) % 2,
          -1 * ↑(#{k | (I k).2 = i}) + 2 * (↑(#{k | (I k).2 = i}) / 2) + ↑(#{k | (I k).2 = i}) % 2,
          ↑(#{k | (I k).1 = i} % 2)}
      [eqc] {↑1, ↑((#{k | (I k).1 = i} + #{k | (I k).2 = i}) % 2), ↑(#{k | (I k).2 = i} % 2)}
      [eqc] {↑(1 + 1), ↑2}
      [eqc] {↑(#{k | (I k).1 = i}), ↑(#{k | (I k).1 = i} % 2)}
      [eqc] {↑(#{k | (I k).2 = i}),
          ↑((#{k | (I k).1 = i} + #{k | (I k).2 = i}) % 2),
          ↑(#{k | (I k).1 = i}) + ↑(#{k | (I k).2 = i}),
          ↑(#{k | (I k).2 = i} % 2)}
  [cases] Case analyses
    [cases] [1/2]: Even #{k | (I k).1 = i} = Even #{k | (I k).2 = i}
      [cases] source: E-matching `even_add`
    [cases] [1/2]: (fun k => (I k).2 = i) = fun k => (I k).1 = i
      [cases] source: Initial goal
    [cases] [1/2]: #{k | (I k).2 = i} = #{k | (I k).1 = i} + #{k | (I k).2 = i}
      [cases] source: Model-based theory combination at argument #4 of
            #{k | (I k).2 = i} % 2
          and
            (#{k | (I k).1 = i} + #{k | (I k).2 = i}) % 2
  [ematch] E-matching patterns
    [thm] identDistrib_neg_X: [@IdentDistrib `[Ω] `[Ω] `[E] `[inst] `[inst] `[mE] (X #0) (@Neg.neg `[Ω →
            E] `[Pi.instNeg] (X #0)) `[μ] `[μ]]
    [thm] identDistrib_neg_X: [X #0]
    [thm] identDistrib_neg_X: [@Neg.neg `[Ω → E] `[Pi.instNeg] (X #0)]
    [thm] memLp_X: [@Membership.mem `[ι] `[Finset ι] `[instMembership] `[A] #1]
    [thm] memLp_X: [@MemLp `[E] `[SeminormedAddGroup.toContinuousENorm.toENorm] `[Ω] `[inst] `[PseudoMetricSpace.toUniformSpace.toTopologicalSpace] (X #1) `[2 *
           ↑m] `[μ]]
    [thm] memLp_X: [X #1]
    [thm] integrable_prod_norm_X: [@Membership.mem `[Fin m →
           ι × ι] `[Finset (Fin m → ι × ι)] `[instMembership] `[piFinset fun x => A ×ˢ A] #1]
    [thm] integrable_prod_inner_X: [@Membership.mem `[Fin m →
           ι × ι] `[Finset (Fin m → ι × ι)] `[instMembership] `[piFinset fun x => A ×ˢ A] #1]
    [thm] mem_piFinset: [@Membership.mem _ (Finset _) _ (@piFinset #5 #4 #3 #2 #1) #0]
    [thm] Multiset.mem_add: [@Membership.mem #3 _ _ (@HAdd.hAdd _ _ _ _ #1 #0) #2]
    [thm] Multiset.notMem_zero: [@Membership.mem #1 _ _ (@OfNat.ofNat _ `[0] _) #0]
    [thm] Int.not_odd_iff_even: [@Odd `[ℤ] `[Int.instSemiring] #0]
    [thm] Int.odd_iff: [@Odd `[ℤ] `[Int.instSemiring] #0]
    [thm] not_odd_iff_even: [@Odd `[ℕ] `[instSemiring] #0]
    [thm] odd_iff: [@Odd `[ℕ] `[instSemiring] #0]
    [thm] card_ne_zero_of_mem: [@Membership.mem #3 (Finset _) _ #2 #1, @Finset.card _ #2]
    [thm] card_filter_le: [@Finset.card #3 (@filter _ #1 #0 #2)]
    [thm] mem_filter: [@Membership.mem #4 (Finset _) _ (@filter _ #3 #2 #1) #0]
    [thm] card_filter_le: [@filter #3 #1 #0 #2, @Finset.card _ #2]
    [thm] Finset.card_univ: [@Finset.card #1 (@univ _ #0)]
    [thm] mem_univ: [@Membership.mem #2 (Finset _) _ (@univ _ #1) #0]
    [thm] identDistrib_X_Y: [@IdentDistrib `[Ω] `[Ω] `[E] `[inst] `[inst] `[mE] (X #0) (Y #0) `[μ] `[μ]]
    [thm] identDistrib_X_Y: [X #0]
    [thm] identDistrib_X_Y: [Y #0]
    [thm] Set.mem_prod: [@Membership.mem (Prod #4 #3) _ _ (@SProd.sprod _ _ _ _ #2 #1) #0]
    [thm] mem_product: [@Membership.mem (Prod #4 #3) (Finset (Prod _ _)) _ (@SProd.sprod (Finset _) (Finset _) (Finset (Prod _ _)) _ #2 #1) #0]
    [thm] local_0: [@Membership.mem `[ι × ι] `[Finset (ι × ι)] `[instMembership] `[A ×ˢ A] (I #0)]
    [thm] local_0: [I #0]
    [thm] Int.even_coe_nat: [@Even `[ℤ] `[Int.instAdd] (@NatCast.natCast `[ℤ] `[instNatCastInt] #0)]
    [thm] Int.even_mul: [@Even `[ℤ] `[Int.instAdd] (@HMul.hMul `[ℤ] `[ℤ] `[ℤ] `[instHMul] #1 #0)]
    [thm] Int.even_iff: [@Even `[ℤ] `[Int.instAdd] #0]
    [thm] even_mul: [@Even `[ℕ] `[instAddNat] (@HMul.hMul `[ℕ] `[ℕ] `[ℕ] `[instHMul] #1 #0)]
    [thm] even_add: [@Even `[ℕ] `[instAddNat] (@HAdd.hAdd `[ℕ] `[ℕ] `[ℕ] `[instHAdd] #1 #0)]
    [thm] even_iff: [@Even `[ℕ] `[instAddNat] #0]
    [thm] Even.zero: [@Even #1 _ (@OfNat.ofNat _ `[0] _)]
    [thm] ZMod.natCast_mod: [@NatCast.natCast _ _ (@HMod.hMod `[ℕ] `[ℕ] `[ℕ] `[instHMod] #1 #0)]
    [thm] update.eq_1: [@update #6 #5 #4 #3 #2 #1 #0]
  [cutsat] Assignment satisfying linear constraints
    [assign] m := 3
    [assign] #{k | (I k).1 = i} := 0
    [assign] #{k | (I k).2 = i} := 1
    [assign] #univ := 1
    [assign] Fintype.card (Fin m) := 1
  [linarith] Linarith assignment for `Ω → E`
    [assign] X i := 0
    [assign] update X i (-X i) i := 0
  [ring] Rings
    [ring] Ring `Lean.Grind.Ring.OfSemiring.Q ℕ`
      [basis] Basis
        [_] ↑(#{k | (I k).1 = i}) = 0
    [ring] Ring `ℤ`
      [basis] Basis
        [_] ↑(#{k | (I k).1 = i}) + ↑(#{k | (I k).2 = i}) + -1 * ((↑(#{k | (I k).1 = i}) + ↑(#{k | (I k).2 = i})) % 2) +
                -2 * ((↑(#{k | (I k).1 = i}) + ↑(#{k | (I k).2 = i})) / 2) =
              0
        [_] ↑(#{k | (I k).2 = i}) + -1 * (↑(#{k | (I k).2 = i}) % 2) + -2 * (↑(#{k | (I k).2 = i}) / 2) = 0
        [_] (↑(#{k | (I k).1 = i}) + ↑(#{k | (I k).2 = i})) % 2 +
                        2 * ((↑(#{k | (I k).1 = i}) + ↑(#{k | (I k).2 = i})) / 2) +
                      -1 * (↑(#{k | (I k).2 = i}) % 2) +
                    -2 * (↑(#{k | (I k).2 = i}) / 2) +
                  -1 * (↑(#{k | (I k).1 = i}) % 2) +
                -2 * (↑(#{k | (I k).1 = i}) / 2) =
              0
    [ring] Ring `ZMod 2`
      [basis] Basis
        [_] ↑(#{k | (I k).1 = i}) = 0
[grind] Issues
  [issue] failed to convert to semiring expression
        2
[grind] Diagnostics
  [thm] E-Matching instances
    [thm] even_iff ↦ 3
    [thm] ZMod.natCast_mod ↦ 3
    [thm] card_filter_le ↦ 2
    [thm] Finset.card_univ ↦ 1
    [thm] mem_piFinset ↦ 1
    [thm] even_add ↦ 1
    [thm] not_odd_iff_even ↦ 1
    [thm] odd_iff ↦ 1
    [thm] update.eq_1 ↦ 1
[2026-01-10 22:38:14] [INFO] Proof verification completed
[2026-01-10 22:38:14] [INFO] Strategy grind attempt 1: verified=False
[2026-01-10 22:38:14] [INFO] Verification message: Cannot build modified file: <error line="95" column="10">
<code_line>          grind -- TODO: Upstream result from PFR</code_line>
<message>error: `grind` failed</message>
</error>
case grind.1.1.1
ι : Type u_1
Ω : Type u_2
E : Type u_3
A : Finset ι
m : ℕ
inst : MeasurableSpace Ω
μ : Measure Ω
inst_1 : IsFiniteMeasure μ
mE : MeasurableSpace E
inst_2 : NormedAddCommGroup E
inst_3 : InnerProductSpace ℝ E
X : ι → Ω → E
iIndepFun_X : iIndepFun X μ
identDistrib_neg_X : ∀ (i : ι), IdentDistrib (X i) (-X i) μ μ
memLp_X : ∀ i ∈ A, MemLp (X i) (2 * ↑m) μ
this : DecidableEq ι
integrable_prod_norm_X : ∀ I ∈ piFinset fun x => A ×ˢ A, Integrable (fun ω => ∏ k, ‖X (I k).1 ω‖ * ‖X (I k).2 ω‖) μ
integrable_prod_inner_X :
  ∀ I ∈ piFinset fun x => A ×ˢ A, Integrable (fun ω => ∏ k, inner ℝ (X (I k).1 ω) (X (I k).2 ω)) μ
EvenIndex : (Fin m → ι × ι) → Prop := fun I => ∀ i ∈ A, Even (#{k | (I k).1 = i} + #{k | (I k).2 = i})
I : Fin m → ι × ι
hI : I ∈ piFinset fun x => A ×ˢ A
i : ι
hi : i ∈ A
hI' : Odd (#{k | (I k).1 = i} + #{k | (I k).2 = i})
Y : ι → Ω → E := update X i (-X i)
identDistrib_X_Y : ∀ (j : ι), IdentDistrib (X j) (Y j) μ μ
h :
  ¬IdentDistrib (fun ω => ∏ k, inner ℝ (X (I k).1 ω) (X (I k).2 ω))
      (fun ω => ∏ x, inner ℝ (update X i (-X i) (I x).1 ω) (update X i (-X i) (I x).2 ω)) μ μ
left : Even #{k | (I k).1 = i}
right : ¬Even #{k | (I k).2 = i}
h_2 : (fun k => (I k).2 = i) = fun k => (I k).1 = i
h_3 : #{k | (I k).2 = i} = #{k | (I k).1 = i} + #{k | (I k).2 = i}
⊢ False
[grind] Goal diagnostics
  [facts] Asserted facts
    [prop] IsFiniteMeasure μ
    [prop] iIndepFun X μ
    [prop] ∀ (i : ι), IdentDistrib (X i) (-X i) μ μ
    [prop] ∀ i ∈ A, MemLp (X i) (2 * ↑m) μ
    [prop] ∀ I ∈ piFinset fun x => A ×ˢ A, Integrable (fun ω => ∏ k, ‖X (I k).1 ω‖ * ‖X (I k).2 ω‖) μ
    [prop] ∀ I ∈ piFinset fun x => A ×ˢ A, Integrable (fun ω => ∏ k, inner ℝ (X (I k).1 ω) (X (I k).2 ω)) μ
    [prop] I ∈ piFinset fun x => A ×ˢ A
    [prop] i ∈ A
    [prop] Odd (#{k | (I k).1 = i} + #{k | (I k).2 = i})
    [prop] ∀ (j : ι), IdentDistrib (X j) (update X i (-X i) j) μ μ
    [prop] ¬IdentDistrib (fun ω => ∏ k, inner ℝ (X (I k).1 ω) (X (I k).2 ω))
            (fun ω => ∏ x, inner ℝ (update X i (-X i) (I x).1 ω) (update X i (-X i) (I x).2 ω)) μ μ
    [prop] i ∈ A → MemLp (X i) (2 * ↑m) μ
    [prop] (I ∈ piFinset fun x => A ×ˢ A) → Integrable (fun ω => ∏ k, ‖X (I k).1 ω‖ * ‖X (I k).2 ω‖) μ
    [prop] (I ∈ piFinset fun x => A ×ˢ A) → Integrable (fun ω => ∏ k, inner ℝ (X (I k).1 ω) (X (I k).2 ω)) μ
    [prop] (I ∈ piFinset fun x => A ×ˢ A) = ∀ (a : Fin m), I a ∈ A ×ˢ A
    [prop] (¬Odd (#{k | (I k).1 = i} + #{k | (I k).2 = i})) = Even (#{k | (I k).1 = i} + #{k | (I k).2 = i})
    [prop] Odd (#{k | (I k).1 = i} + #{k | (I k).2 = i}) = ((#{k | (I k).1 = i} + #{k | (I k).2 = i}) % 2 = 1)
    [prop] (↑(#{k | (I k).1 = i}) + ↑(#{k | (I k).2 = i})) % 2 + -1 ≤ 0
    [prop] -1 * ((↑(#{k | (I k).1 = i}) + ↑(#{k | (I k).2 = i})) % 2) ≤ 0
    [prop] -1 * ↑(#{k | (I k).1 = i}) + -1 * ↑(#{k | (I k).2 = i}) +
              2 * ((↑(#{k | (I k).1 = i}) + ↑(#{k | (I k).2 = i})) / 2) +
            (↑(#{k | (I k).1 = i}) + ↑(#{k | (I k).2 = i})) % 2 =
          0
    [prop] #{k | (I k).2 = i} ≤ #univ
    [prop] #{k | (I k).1 = i} ≤ #univ
    [prop] IdentDistrib (X i) (-X i) μ μ
    [prop] #univ = Fintype.card (Fin m)
    [prop] IdentDistrib (X i) (update X i (-X i) i) μ μ
    [prop] Even (#{k | (I k).1 = i} + #{k | (I k).2 = i}) = (Even #{k | (I k).1 = i} = Even #{k | (I k).2 = i})
    [prop] Even (#{k | (I k).1 = i} + #{k | (I k).2 = i}) = ((#{k | (I k).1 = i} + #{k | (I k).2 = i}) % 2 = 0)
    [prop] ↑((#{k | (I k).1 = i} + #{k | (I k).2 = i}) % 2) = ↑(#{k | (I k).1 = i}) + ↑(#{k | (I k).2 = i})
    [prop] Even #{k | (I k).2 = i} = (#{k | (I k).2 = i} % 2 = 0)
    [prop] ↑(#{k | (I k).2 = i}) % 2 + -1 ≤ 0
    [prop] -1 * (↑(#{k | (I k).2 = i}) % 2) ≤ 0
    [prop] -1 * ↑(#{k | (I k).2 = i}) + 2 * (↑(#{k | (I k).2 = i}) / 2) + ↑(#{k | (I k).2 = i}) % 2 = 0
    [prop] Even #{k | (I k).1 = i} = (#{k | (I k).1 = i} % 2 = 0)
    [prop] ↑(#{k | (I k).1 = i}) % 2 + -1 ≤ 0
    [prop] -1 * (↑(#{k | (I k).1 = i}) % 2) ≤ 0
    [prop] -1 * ↑(#{k | (I k).1 = i}) + 2 * (↑(#{k | (I k).1 = i}) / 2) + ↑(#{k | (I k).1 = i}) % 2 = 0
    [prop] update X i (-X i) i = -X i
    [prop] ↑(#{k | (I k).1 = i} % 2) = ↑(#{k | (I k).1 = i})
    [prop] ↑(#{k | (I k).2 = i} % 2) = ↑(#{k | (I k).2 = i})
    [prop] Even #{k | (I k).1 = i}
    [prop] ¬Even #{k | (I k).2 = i}
    [prop] (fun k => (I k).2 = i) = fun k => (I k).1 = i
    [prop] #{k | (I k).2 = i} = #{k | (I k).1 = i} + #{k | (I k).2 = i}
  [eqc] True propositions
    [prop] (1 + 1).AtLeastTwo
    [prop] (fun k => (I k).2 = i) = fun k => (I k).1 = i
    [prop] IsFiniteMeasure μ
    [prop] Odd (#{k | (I k).1 = i} + #{k | (I k).2 = i})
    [prop] ↑(#{k | (I k).1 = i}) % 2 + -1 ≤ 0
    [prop] ↑(#{k | (I k).2 = i}) % 2 + -1 ≤ 0
    [prop] (↑(#{k | (I k).1 = i}) + ↑(#{k | (I k).2 = i})) % 2 + -1 ≤ 0
    [prop] -1 * (↑(#{k | (I k).1 = i}) % 2) ≤ 0
    [prop] -1 * (↑(#{k | (I k).2 = i}) % 2) ≤ 0
    [prop] -1 * ((↑(#{k | (I k).1 = i}) + ↑(#{k | (I k).2 = i})) % 2) ≤ 0
    [prop] i ∈ A
    [prop] I ∈ piFinset fun x => A ×ˢ A
    [prop] iIndepFun X μ
    [prop] ∀ (i : ι), IdentDistrib (X i) (-X i) μ μ
    [prop] ∀ (j : ι), IdentDistrib (X j) (update X i (-X i) j) μ μ
    [prop] ∀ i ∈ A, MemLp (X i) (2 * ↑m) μ
    [prop] ∀ I ∈ piFinset fun x => A ×ˢ A, Integrable (fun ω => ∏ k, inner ℝ (X (I k).1 ω) (X (I k).2 ω)) μ
    [prop] ∀ I ∈ piFinset fun x => A ×ˢ A, Integrable (fun ω => ∏ k, ‖X (I k).1 ω‖ * ‖X (I k).2 ω‖) μ
    [prop] (¬Odd (#{k | (I k).1 = i} + #{k | (I k).2 = i})) = Even (#{k | (I k).1 = i} + #{k | (I k).2 = i})
    [prop] Odd (#{k | (I k).1 = i} + #{k | (I k).2 = i}) = ((#{k | (I k).1 = i} + #{k | (I k).2 = i}) % 2 = 1)
    [prop] (I ∈ piFinset fun x => A ×ˢ A) = ∀ (a : Fin m), I a ∈ A ×ˢ A
    [prop] (#{k | (I k).1 = i} + #{k | (I k).2 = i}) % 2 = 1
    [prop] #{k | (I k).1 = i} ≤ #univ
    [prop] #{k | (I k).2 = i} ≤ #univ
    [prop] Integrable (fun ω => ∏ k, inner ℝ (X (I k).1 ω) (X (I k).2 ω)) μ
    [prop] Integrable (fun ω => ∏ k, ‖X (I k).1 ω‖ * ‖X (I k).2 ω‖) μ
    [prop] MemLp (X i) (2 * ↑m) μ
    [prop] ∀ (a : Fin m), I a ∈ A ×ˢ A
    [prop] i ∈ A → MemLp (X i) (2 * ↑m) μ
    [prop] (I ∈ piFinset fun x => A ×ˢ A) → Integrable (fun ω => ∏ k, inner ℝ (X (I k).1 ω) (X (I k).2 ω)) μ
    [prop] (I ∈ piFinset fun x => A ×ˢ A) → Integrable (fun ω => ∏ k, ‖X (I k).1 ω‖ * ‖X (I k).2 ω‖) μ
    [prop] Even (#{k | (I k).1 = i} + #{k | (I k).2 = i}) = (Even #{k | (I k).1 = i} = Even #{k | (I k).2 = i})
    [prop] Even (#{k | (I k).1 = i} + #{k | (I k).2 = i}) = ((#{k | (I k).1 = i} + #{k | (I k).2 = i}) % 2 = 0)
    [prop] #{k | (I k).2 = i} = #{k | (I k).1 = i} + #{k | (I k).2 = i}
    [prop] Even #{k | (I k).1 = i}
    [prop] IdentDistrib (X i) (-X i) μ μ
    [prop] IdentDistrib (X i) (update X i (-X i) i) μ μ
    [prop] Even #{k | (I k).1 = i} = (#{k | (I k).1 = i} % 2 = 0)
    [prop] Even #{k | (I k).2 = i} = (#{k | (I k).2 = i} % 2 = 0)
    [prop] #{k | (I k).1 = i} % 2 = 0
  [eqc] False propositions
    [prop] IdentDistrib (fun ω => ∏ k, inner ℝ (X (I k).1 ω) (X (I k).2 ω))
          (fun ω => ∏ x, inner ℝ (update X i (-X i) (I x).1 ω) (update X i (-X i) (I x).2 ω)) μ μ
    [prop] ¬Odd (#{k | (I k).1 = i} + #{k | (I k).2 = i})
    [prop] Even (#{k | (I k).1 = i} + #{k | (I k).2 = i})
    [prop] Even #{k | (I k).1 = i} = Even #{k | (I k).2 = i}
    [prop] (#{k | (I k).1 = i} + #{k | (I k).2 = i}) % 2 = 0
    [prop] Even #{k | (I k).2 = i}
    [prop] #{k | (I k).2 = i} % 2 = 0
  [eqc] Equivalence classes
    [eqc] {#{k | (I k).2 = i}, #{k | (I k).1 = i} + #{k | (I k).2 = i}}
    [eqc] {@filter (Fin m) fun k => (I k).1 = i, @filter (Fin m) fun k => (I k).2 = i}
    [eqc] {0, #{k | (I k).1 = i} % 2}
    [eqc] {1, (#{k | (I k).1 = i} + #{k | (I k).2 = i}) % 2, #{k | (I k).2 = i} % 2}
    [eqc] {1 + 1, 2}
    [eqc] {fun k => (I k).1 = i, fun k => (I k).2 = i}
    [eqc] {#univ, Fintype.card (Fin m)}
    [eqc] {-X i, update X i (-X i) i}
    [eqc] others
      [eqc] {↑(#{k | (I k).2 = i}), ↑(#{k | (I k).1 = i} + #{k | (I k).2 = i})}
      [eqc] {↑0,
          0,
          -1 * ↑(#{k | (I k).1 = i}) + -1 * ↑(#{k | (I k).2 = i}) +
              2 * ((↑(#{k | (I k).1 = i}) + ↑(#{k | (I k).2 = i})) / 2) +
            (↑(#{k | (I k).1 = i}) + ↑(#{k | (I k).2 = i})) % 2,
          -1 * ↑(#{k | (I k).1 = i}) + 2 * (↑(#{k | (I k).1 = i}) / 2) + ↑(#{k | (I k).1 = i}) % 2,
          -1 * ↑(#{k | (I k).2 = i}) + 2 * (↑(#{k | (I k).2 = i}) / 2) + ↑(#{k | (I k).2 = i}) % 2,
          ↑(#{k | (I k).1 = i} % 2)}
      [eqc] {↑1, ↑((#{k | (I k).1 = i} + #{k | (I k).2 = i}) % 2), ↑(#{k | (I k).2 = i} % 2)}
      [eqc] {↑(1 + 1), ↑2}
      [eqc] {↑(#{k | (I k).1 = i}), ↑(#{k | (I k).1 = i} % 2)}
      [eqc] {↑(#{k | (I k).2 = i}),
          ↑((#{k | (I k).1 = i} + #{k | (I k).2 = i}) % 2),
          ↑(#{k | (I k).1 = i}) + ↑(#{k | (I k).2 = i}),
          ↑(#{k | (I k).2 = i} % 2)}
  [cases] Case analyses
    [cases] [1/2]: Even #{k | (I k).1 = i} = Even #{k | (I k).2 = i}
      [cases] source: E-matching `even_add`
    [cases] [1/2]: (fun k => (I k).2 = i) = fun k => (I k).1 = i
      [cases] source: Initial goal
    [cases] [1/2]: #{k | (I k).2 = i} = #{k | (I k).1 = i} + #{k | (I k).2 = i}
      [cases] source: Model-based theory combination at argument #4 of
            #{k | (I k).2 = i} % 2
          and
            (#{k | (I k).1 = i} + #{k | (I k).2 = i}) % 2
  [ematch] E-matching patterns
    [thm] identDistrib_neg_X: [@IdentDistrib `[Ω] `[Ω] `[E] `[inst] `[inst] `[mE] (X #0) (@Neg.neg `[Ω →
            E] `[Pi.instNeg] (X #0)) `[μ] `[μ]]
    [thm] identDistrib_neg_X: [X #0]
    [thm] identDistrib_neg_X: [@Neg.neg `[Ω → E] `[Pi.instNeg] (X #0)]
    [thm] memLp_X: [@Membership.mem `[ι] `[Finset ι] `[instMembership] `[A] #1]
    [thm] memLp_X: [@MemLp `[E] `[SeminormedAddGroup.toContinuousENorm.toENorm] `[Ω] `[inst] `[PseudoMetricSpace.toUniformSpace.toTopologicalSpace] (X #1) `[2 *
           ↑m] `[μ]]
    [thm] memLp_X: [X #1]
    [thm] integrable_prod_norm_X: [@Membership.mem `[Fin m →
           ι × ι] `[Finset (Fin m → ι × ι)] `[instMembership] `[piFinset fun x => A ×ˢ A] #1]
    [thm] integrable_prod_inner_X: [@Membership.mem `[Fin m →
           ι × ι] `[Finset (Fin m → ι × ι)] `[instMembership] `[piFinset fun x => A ×ˢ A] #1]
    [thm] mem_piFinset: [@Membership.mem _ (Finset _) _ (@piFinset #5 #4 #3 #2 #1) #0]
    [thm] Multiset.mem_add: [@Membership.mem #3 _ _ (@HAdd.hAdd _ _ _ _ #1 #0) #2]
    [thm] Multiset.notMem_zero: [@Membership.mem #1 _ _ (@OfNat.ofNat _ `[0] _) #0]
    [thm] Int.not_odd_iff_even: [@Odd `[ℤ] `[Int.instSemiring] #0]
    [thm] Int.odd_iff: [@Odd `[ℤ] `[Int.instSemiring] #0]
    [thm] not_odd_iff_even: [@Odd `[ℕ] `[instSemiring] #0]
    [thm] odd_iff: [@Odd `[ℕ] `[instSemiring] #0]
    [thm] card_ne_zero_of_mem: [@Membership.mem #3 (Finset _) _ #2 #1, @Finset.card _ #2]
    [thm] card_filter_le: [@Finset.card #3 (@filter _ #1 #0 #2)]
    [thm] mem_filter: [@Membership.mem #4 (Finset _) _ (@filter _ #3 #2 #1) #0]
    [thm] card_filter_le: [@filter #3 #1 #0 #2, @Finset.card _ #2]
    [thm] Finset.card_univ: [@Finset.card #1 (@univ _ #0)]
    [thm] mem_univ: [@Membership.mem #2 (Finset _) _ (@univ _ #1) #0]
    [thm] identDistrib_X_Y: [@IdentDistrib `[Ω] `[Ω] `[E] `[inst] `[inst] `[mE] (X #0) (Y #0) `[μ] `[μ]]
    [thm] identDistrib_X_Y: [X #0]
    [thm] identDistrib_X_Y: [Y #0]
    [thm] Set.mem_prod: [@Membership.mem (Prod #4 #3) _ _ (@SProd.sprod _ _ _ _ #2 #1) #0]
    [thm] mem_product: [@Membership.mem (Prod #4 #3) (Finset (Prod _ _)) _ (@SProd.sprod (Finset _) (Finset _) (Finset (Prod _ _)) _ #2 #1) #0]
    [thm] local_0: [@Membership.mem `[ι × ι] `[Finset (ι × ι)] `[instMembership] `[A ×ˢ A] (I #0)]
    [thm] local_0: [I #0]
    [thm] Int.even_coe_nat: [@Even `[ℤ] `[Int.instAdd] (@NatCast.natCast `[ℤ] `[instNatCastInt] #0)]
    [thm] Int.even_mul: [@Even `[ℤ] `[Int.instAdd] (@HMul.hMul `[ℤ] `[ℤ] `[ℤ] `[instHMul] #1 #0)]
    [thm] Int.even_iff: [@Even `[ℤ] `[Int.instAdd] #0]
    [thm] even_mul: [@Even `[ℕ] `[instAddNat] (@HMul.hMul `[ℕ] `[ℕ] `[ℕ] `[instHMul] #1 #0)]
    [thm] even_add: [@Even `[ℕ] `[instAddNat] (@HAdd.hAdd `[ℕ] `[ℕ] `[ℕ] `[instHAdd] #1 #0)]
    [thm] even_iff: [@Even `[ℕ] `[instAddNat] #0]
    [thm] Even.zero: [@Even #1 _ (@OfNat.ofNat _ `[0] _)]
    [thm] ZMod.natCast_mod: [@NatCast.natCast _ _ (@HMod.hMod `[ℕ] `[ℕ] `[ℕ] `[instHMod] #1 #0)]
    [thm] update.eq_1: [@update #6 #5 #4 #3 #2 #1 #0]
  [cutsat] Assignment satisfying linear constraints
    [assign] m := 3
    [assign] #{k | (I k).1 = i} := 0
    [assign] #{k | (I k).2 = i} := 1
    [assign] #univ := 1
    [assign] Fintype.card (Fin m) := 1
  [linarith] Linarith assignment for `Ω → E`
    [assign] X i := 0
    [assign] update X i (-X i) i := 0
  [ring] Rings
    [ring] Ring `Lean.Grind.Ring.OfSemiring.Q ℕ`
      [basis] Basis
        [_] ↑(#{k | (I k).1 = i}) = 0
    [ring] Ring `ℤ`
      [basis] Basis
        [_] ↑(#{k | (I k).1 = i}) + ↑(#{k | (I k).2 = i}) + -1 * ((↑(#{k | (I k).1 = i}) + ↑(#{k | (I k).2 = i})) % 2) +
                -2 * ((↑(#{k | (I k).1 = i}) + ↑(#{k | (I k).2 = i})) / 2) =
              0
        [_] ↑(#{k | (I k).2 = i}) + -1 * (↑(#{k | (I k).2 = i}) % 2) + -2 * (↑(#{k | (I k).2 = i}) / 2) = 0
        [_] (↑(#{k | (I k).1 = i}) + ↑(#{k | (I k).2 = i})) % 2 +
                        2 * ((↑(#{k | (I k).1 = i}) + ↑(#{k | (I k).2 = i})) / 2) +
                      -1 * (↑(#{k | (I k).2 = i}) % 2) +
                    -2 * (↑(#{k | (I k).2 = i}) / 2) +
                  -1 * (↑(#{k | (I k).1 = i}) % 2) +
                -2 * (↑(#{k | (I k).1 = i}) / 2) =
              0
    [ring] Ring `ZMod 2`
      [basis] Basis
        [_] ↑(#{k | (I k).1 = i}) = 0
[grind] Issues
  [issue] failed to convert to semiring expression
        2
[grind] Diagnostics
  [thm] E-Matching instances
    [thm] even_iff ↦ 3
    [thm] ZMod.natCast_mod ↦ 3
    [thm] card_filter_le ↦ 2
    [thm] Finset.card_univ ↦ 1
    [thm] mem_piFinset ↦ 1
    [thm] even_add ↦ 1
    [thm] not_odd_iff_even ↦ 1
    [thm] odd_iff ↦ 1
    [thm] update.eq_1 ↦ 1

[2026-01-10 22:38:14] [INFO] Attempt 1 failed verification, continuing...
[2026-01-10 22:38:14] [INFO] ========================================
[2026-01-10 22:38:14] [INFO] Trying strategy: ring (up to 1 attempts)
[2026-01-10 22:38:14] [INFO] --------------------
[2026-01-10 22:38:14] [INFO] Strategy ring, attempt 1/1
[2026-01-10 22:38:14] [INFO] Starting proof generation...
[2026-01-10 22:38:14] [INFO] Repository path: /root/repo
[2026-01-10 22:38:14] [INFO] Proof generation completed
[2026-01-10 22:38:14] [INFO] Generated proof:
[2026-01-10 22:38:14] [INFO] ring
[2026-01-10 22:38:14] [INFO] Proof length: 4 chars
[2026-01-10 22:38:14] [INFO] Starting proof verification...
[2026-01-10 22:38:14] [INFO] Verifying at: LeanAPAP/Prereqs/NewMarcinkiewiczZygmund.lean:95
[2026-01-10 22:38:14] [INFO] Using LEAN INTERACT verify
[2026-01-10 22:38:14] [INFO] Checking file
[2026-01-10 22:38:23] [INFO] Cannot build modified file <error line="95" column="10">
<code_line>          ring -- TODO: Upstream result from PFR</code_line>
<message>error: ring_nf made no progress on goal</message>
</error>
[2026-01-10 22:38:23] [INFO] Proof verification completed
[2026-01-10 22:38:23] [INFO] Strategy ring attempt 1: verified=False
[2026-01-10 22:38:23] [INFO] Verification message: Cannot build modified file: <error line="95" column="10">
<code_line>          ring -- TODO: Upstream result from PFR</code_line>
<message>error: ring_nf made no progress on goal</message>
</error>

[2026-01-10 22:38:23] [INFO] Attempt 1 failed verification, continuing...
[2026-01-10 22:38:23] [INFO] ========================================
[2026-01-10 22:38:23] [INFO] Trying strategy: norm_num (up to 1 attempts)
[2026-01-10 22:38:23] [INFO] --------------------
[2026-01-10 22:38:23] [INFO] Strategy norm_num, attempt 1/1
[2026-01-10 22:38:23] [INFO] Starting proof generation...
[2026-01-10 22:38:23] [INFO] Repository path: /root/repo
[2026-01-10 22:38:23] [INFO] Proof generation completed
[2026-01-10 22:38:23] [INFO] Generated proof:
[2026-01-10 22:38:23] [INFO] norm_num
[2026-01-10 22:38:23] [INFO] Proof length: 8 chars
[2026-01-10 22:38:23] [INFO] Starting proof verification...
[2026-01-10 22:38:23] [INFO] Verifying at: LeanAPAP/Prereqs/NewMarcinkiewiczZygmund.lean:95
[2026-01-10 22:38:23] [INFO] Using LEAN INTERACT verify
[2026-01-10 22:38:23] [INFO] Checking file
[2026-01-10 22:38:30] [INFO] Cannot build modified file <error line="93" column="64">
<code_line>        _ = ∫ ω, ∏ k, inner ℝ (Y (I k).1 ω) (Y (I k).2 ω) ∂μ := by</code_line>
<message>error: unsolved goals</message>
</error>
ι : Type u_1
Ω : Type u_2
E : Type u_3
A : Finset ι
m : ℕ
inst✝³ : MeasurableSpace Ω
μ : Measure Ω
inst✝² : IsFiniteMeasure μ
mE : MeasurableSpace E
inst✝¹ : NormedAddCommGroup E
inst✝ : InnerProductSpace ℝ E
X : ι → Ω → E
iIndepFun_X : iIndepFun X μ
identDistrib_neg_X : ∀ (i : ι), IdentDistrib (X i) (-X i) μ μ
memLp_X : ∀ i ∈ A, MemLp (X i) (2 * ↑m) μ
this : DecidableEq ι
integrable_prod_norm_X : ∀ I ∈ piFinset fun x => A ×ˢ A, Integrable (fun ω => ∏ k, ‖X (I k).1 ω‖ * ‖X (I k).2 ω‖) μ
integrable_prod_inner_X :
  ∀ I ∈ piFinset fun x => A ×ˢ A, Integrable (fun ω => ∏ k, inner ℝ (X (I k).1 ω) (X (I k).2 ω)) μ
EvenIndex : (Fin m → ι × ι) → Prop := fun I => ∀ i ∈ A, Even (#{k | (I k).1 = i} + #{k | (I k).2 = i})
I : Fin m → ι × ι
hI : I ∈ piFinset fun x => A ×ˢ A
i : ι
hi : i ∈ A
hI' : Odd (#{k | (I k).1 = i} + #{k | (I k).2 = i})
Y : ι → Ω → E := update X i (-X i)
identDistrib_X_Y : ∀ (j : ι), IdentDistrib (X j) (Y j) μ μ
⊢ IdentDistrib (fun ω => ∏ k, inner ℝ (X (I k).1 ω) (X (I k).2 ω)) (fun ω => ∏ k, inner ℝ (Y (I k).1 ω) (Y (I k).2 ω)) μ
    μ
[2026-01-10 22:38:30] [INFO] Proof verification completed
[2026-01-10 22:38:30] [INFO] Strategy norm_num attempt 1: verified=False
[2026-01-10 22:38:30] [INFO] Verification message: Cannot build modified file: <error line="93" column="64">
<code_line>        _ = ∫ ω, ∏ k, inner ℝ (Y (I k).1 ω) (Y (I k).2 ω) ∂μ := by</code_line>
<message>error: unsolved goals</message>
</error>
ι : Type u_1
Ω : Type u_2
E : Type u_3
A : Finset ι
m : ℕ
inst✝³ : MeasurableSpace Ω
μ : Measure Ω
inst✝² : IsFiniteMeasure μ
mE : MeasurableSpace E
inst✝¹ : NormedAddCommGroup E
inst✝ : InnerProductSpace ℝ E
X : ι → Ω → E
iIndepFun_X : iIndepFun X μ
identDistrib_neg_X : ∀ (i : ι), IdentDistrib (X i) (-X i) μ μ
memLp_X : ∀ i ∈ A, MemLp (X i) (2 * ↑m) μ
this : DecidableEq ι
integrable_prod_norm_X : ∀ I ∈ piFinset fun x => A ×ˢ A, Integrable (fun ω => ∏ k, ‖X (I k).1 ω‖ * ‖X (I k).2 ω‖) μ
integrable_prod_inner_X :
  ∀ I ∈ piFinset fun x => A ×ˢ A, Integrable (fun ω => ∏ k, inner ℝ (X (I k).1 ω) (X (I k).2 ω)) μ
EvenIndex : (Fin m → ι × ι) → Prop := fun I => ∀ i ∈ A, Even (#{k | (I k).1 = i} + #{k | (I k).2 = i})
I : Fin m → ι × ι
hI : I ∈ piFinset fun x => A ×ˢ A
i : ι
hi : i ∈ A
hI' : Odd (#{k | (I k).1 = i} + #{k | (I k).2 = i})
Y : ι → Ω → E := update X i (-X i)
identDistrib_X_Y : ∀ (j : ι), IdentDistrib (X j) (Y j) μ μ
⊢ IdentDistrib (fun ω => ∏ k, inner ℝ (X (I k).1 ω) (X (I k).2 ω)) (fun ω => ∏ k, inner ℝ (Y (I k).1 ω) (Y (I k).2 ω)) μ
    μ

[2026-01-10 22:38:30] [INFO] Attempt 1 failed verification, continuing...
[2026-01-10 22:38:30] [INFO] ========================================
[2026-01-10 22:38:30] [INFO] Trying strategy: omega (up to 1 attempts)
[2026-01-10 22:38:30] [INFO] --------------------
[2026-01-10 22:38:30] [INFO] Strategy omega, attempt 1/1
[2026-01-10 22:38:30] [INFO] Starting proof generation...
[2026-01-10 22:38:30] [INFO] Repository path: /root/repo
[2026-01-10 22:38:30] [INFO] Proof generation completed
[2026-01-10 22:38:30] [INFO] Generated proof:
[2026-01-10 22:38:30] [INFO] omega
[2026-01-10 22:38:30] [INFO] Proof length: 5 chars
[2026-01-10 22:38:30] [INFO] Starting proof verification...
[2026-01-10 22:38:30] [INFO] Verifying at: LeanAPAP/Prereqs/NewMarcinkiewiczZygmund.lean:95
[2026-01-10 22:38:30] [INFO] Using LEAN INTERACT verify
[2026-01-10 22:38:30] [INFO] Checking file
[2026-01-10 22:38:36] [INFO] Cannot build modified file <error line="95" column="10">
<code_line>          omega -- TODO: Upstream result from PFR</code_line>
<message>error: omega could not prove the goal:</message>
</error>
No usable constraints found. You may need to unfold definitions so `omega` can see linear arithmetic facts about `Nat` and `Int`, which may also involve multiplication, division, and modular remainder by constants.
[2026-01-10 22:38:36] [INFO] Proof verification completed
[2026-01-10 22:38:36] [INFO] Strategy omega attempt 1: verified=False
[2026-01-10 22:38:36] [INFO] Verification message: Cannot build modified file: <error line="95" column="10">
<code_line>          omega -- TODO: Upstream result from PFR</code_line>
<message>error: omega could not prove the goal:</message>
</error>
No usable constraints found. You may need to unfold definitions so `omega` can see linear arithmetic facts about `Nat` and `Int`, which may also involve multiplication, division, and modular remainder by constants.

[2026-01-10 22:38:36] [INFO] Attempt 1 failed verification, continuing...
[2026-01-10 22:38:36] [INFO] ========================================
[2026-01-10 22:38:36] [INFO] Trying strategy: linarith (up to 1 attempts)
[2026-01-10 22:38:36] [INFO] --------------------
[2026-01-10 22:38:36] [INFO] Strategy linarith, attempt 1/1
[2026-01-10 22:38:36] [INFO] Starting proof generation...
[2026-01-10 22:38:36] [INFO] Repository path: /root/repo
[2026-01-10 22:38:36] [INFO] Proof generation completed
[2026-01-10 22:38:36] [INFO] Generated proof:
[2026-01-10 22:38:36] [INFO] linarith
[2026-01-10 22:38:36] [INFO] Proof length: 8 chars
[2026-01-10 22:38:36] [INFO] Starting proof verification...
[2026-01-10 22:38:36] [INFO] Verifying at: LeanAPAP/Prereqs/NewMarcinkiewiczZygmund.lean:95
[2026-01-10 22:38:36] [INFO] Using LEAN INTERACT verify
[2026-01-10 22:38:36] [INFO] Checking file
[2026-01-10 22:38:43] [INFO] Cannot build modified file <error line="95" column="10">
<code_line>          linarith -- TODO: Upstream result from PFR</code_line>
<message>error: linarith failed to find a contradiction</message>
</error>
ι : Type u_1
Ω : Type u_2
E : Type u_3
A : Finset ι
m : ℕ
inst✝³ : MeasurableSpace Ω
μ : Measure Ω
inst✝² : IsFiniteMeasure μ
mE : MeasurableSpace E
inst✝¹ : NormedAddCommGroup E
inst✝ : InnerProductSpace ℝ E
X : ι → Ω → E
iIndepFun_X : iIndepFun X μ
identDistrib_neg_X : ∀ (i : ι), IdentDistrib (X i) (-X i) μ μ
memLp_X : ∀ i ∈ A, MemLp (X i) (2 * ↑m) μ
this : DecidableEq ι
integrable_prod_norm_X : ∀ I ∈ piFinset fun x => A ×ˢ A, Integrable (fun ω => ∏ k, ‖X (I k).1 ω‖ * ‖X (I k).2 ω‖) μ
integrable_prod_inner_X :
  ∀ I ∈ piFinset fun x => A ×ˢ A, Integrable (fun ω => ∏ k, inner ℝ (X (I k).1 ω) (X (I k).2 ω)) μ
EvenIndex : (Fin m → ι × ι) → Prop := fun I => ∀ i ∈ A, Even (#{k | (I k).1 = i} + #{k | (I k).2 = i})
I : Fin m → ι × ι
hI : I ∈ piFinset fun x => A ×ˢ A
i : ι
hi : i ∈ A
hI' : Odd (#{k | (I k).1 = i} + #{k | (I k).2 = i})
Y : ι → Ω → E := update X i (-X i)
identDistrib_X_Y : ∀ (j : ι), IdentDistrib (X j) (Y j) μ μ
⊢ False
failed
[2026-01-10 22:38:43] [INFO] Proof verification completed
[2026-01-10 22:38:43] [INFO] Strategy linarith attempt 1: verified=False
[2026-01-10 22:38:43] [INFO] Verification message: Cannot build modified file: <error line="95" column="10">
<code_line>          linarith -- TODO: Upstream result from PFR</code_line>
<message>error: linarith failed to find a contradiction</message>
</error>
ι : Type u_1
Ω : Type u_2
E : Type u_3
A : Finset ι
m : ℕ
inst✝³ : MeasurableSpace Ω
μ : Measure Ω
inst✝² : IsFiniteMeasure μ
mE : MeasurableSpace E
inst✝¹ : NormedAddCommGroup E
inst✝ : InnerProductSpace ℝ E
X : ι → Ω → E
iIndepFun_X : iIndepFun X μ
identDistrib_neg_X : ∀ (i : ι), IdentDistrib (X i) (-X i) μ μ
memLp_X : ∀ i ∈ A, MemLp (X i) (2 * ↑m) μ
this : DecidableEq ι
integrable_prod_norm_X : ∀ I ∈ piFinset fun x => A ×ˢ A, Integrable (fun ω => ∏ k, ‖X (I k).1 ω‖ * ‖X (I k).2 ω‖) μ
integrable_prod_inner_X :
  ∀ I ∈ piFinset fun x => A ×ˢ A, Integrable (fun ω => ∏ k, inner ℝ (X (I k).1 ω) (X (I k).2 ω)) μ
EvenIndex : (Fin m → ι × ι) → Prop := fun I => ∀ i ∈ A, Even (#{k | (I k).1 = i} + #{k | (I k).2 = i})
I : Fin m → ι × ι
hI : I ∈ piFinset fun x => A ×ˢ A
i : ι
hi : i ∈ A
hI' : Odd (#{k | (I k).1 = i} + #{k | (I k).2 = i})
Y : ι → Ω → E := update X i (-X i)
identDistrib_X_Y : ∀ (j : ι), IdentDistrib (X j) (Y j) μ μ
⊢ False
failed

[2026-01-10 22:38:43] [INFO] Attempt 1 failed verification, continuing...
[2026-01-10 22:38:43] [INFO] ========================================
[2026-01-10 22:38:43] [INFO] Trying strategy: nlinarith (up to 1 attempts)
[2026-01-10 22:38:43] [INFO] --------------------
[2026-01-10 22:38:43] [INFO] Strategy nlinarith, attempt 1/1
[2026-01-10 22:38:43] [INFO] Starting proof generation...
[2026-01-10 22:38:43] [INFO] Repository path: /root/repo
[2026-01-10 22:38:43] [INFO] Proof generation completed
[2026-01-10 22:38:43] [INFO] Generated proof:
[2026-01-10 22:38:43] [INFO] nlinarith
[2026-01-10 22:38:43] [INFO] Proof length: 9 chars
[2026-01-10 22:38:43] [INFO] Starting proof verification...
[2026-01-10 22:38:43] [INFO] Verifying at: LeanAPAP/Prereqs/NewMarcinkiewiczZygmund.lean:95
[2026-01-10 22:38:43] [INFO] Using LEAN INTERACT verify
[2026-01-10 22:38:43] [INFO] Checking file
[2026-01-10 22:38:49] [INFO] Cannot build modified file <error line="95" column="10">
<code_line>          nlinarith -- TODO: Upstream result from PFR</code_line>
<message>error: linarith failed to find a contradiction</message>
</error>
ι : Type u_1
Ω : Type u_2
E : Type u_3
A : Finset ι
m : ℕ
inst✝³ : MeasurableSpace Ω
μ : Measure Ω
inst✝² : IsFiniteMeasure μ
mE : MeasurableSpace E
inst✝¹ : NormedAddCommGroup E
inst✝ : InnerProductSpace ℝ E
X : ι → Ω → E
iIndepFun_X : iIndepFun X μ
identDistrib_neg_X : ∀ (i : ι), IdentDistrib (X i) (-X i) μ μ
memLp_X : ∀ i ∈ A, MemLp (X i) (2 * ↑m) μ
this : DecidableEq ι
integrable_prod_norm_X : ∀ I ∈ piFinset fun x => A ×ˢ A, Integrable (fun ω => ∏ k, ‖X (I k).1 ω‖ * ‖X (I k).2 ω‖) μ
integrable_prod_inner_X :
  ∀ I ∈ piFinset fun x => A ×ˢ A, Integrable (fun ω => ∏ k, inner ℝ (X (I k).1 ω) (X (I k).2 ω)) μ
EvenIndex : (Fin m → ι × ι) → Prop := fun I => ∀ i ∈ A, Even (#{k | (I k).1 = i} + #{k | (I k).2 = i})
I : Fin m → ι × ι
hI : I ∈ piFinset fun x => A ×ˢ A
i : ι
hi : i ∈ A
hI' : Odd (#{k | (I k).1 = i} + #{k | (I k).2 = i})
Y : ι → Ω → E := update X i (-X i)
identDistrib_X_Y : ∀ (j : ι), IdentDistrib (X j) (Y j) μ μ
⊢ False
failed
[2026-01-10 22:38:49] [INFO] Proof verification completed
[2026-01-10 22:38:49] [INFO] Strategy nlinarith attempt 1: verified=False
[2026-01-10 22:38:49] [INFO] Verification message: Cannot build modified file: <error line="95" column="10">
<code_line>          nlinarith -- TODO: Upstream result from PFR</code_line>
<message>error: linarith failed to find a contradiction</message>
</error>
ι : Type u_1
Ω : Type u_2
E : Type u_3
A : Finset ι
m : ℕ
inst✝³ : MeasurableSpace Ω
μ : Measure Ω
inst✝² : IsFiniteMeasure μ
mE : MeasurableSpace E
inst✝¹ : NormedAddCommGroup E
inst✝ : InnerProductSpace ℝ E
X : ι → Ω → E
iIndepFun_X : iIndepFun X μ
identDistrib_neg_X : ∀ (i : ι), IdentDistrib (X i) (-X i) μ μ
memLp_X : ∀ i ∈ A, MemLp (X i) (2 * ↑m) μ
this : DecidableEq ι
integrable_prod_norm_X : ∀ I ∈ piFinset fun x => A ×ˢ A, Integrable (fun ω => ∏ k, ‖X (I k).1 ω‖ * ‖X (I k).2 ω‖) μ
integrable_prod_inner_X :
  ∀ I ∈ piFinset fun x => A ×ˢ A, Integrable (fun ω => ∏ k, inner ℝ (X (I k).1 ω) (X (I k).2 ω)) μ
EvenIndex : (Fin m → ι × ι) → Prop := fun I => ∀ i ∈ A, Even (#{k | (I k).1 = i} + #{k | (I k).2 = i})
I : Fin m → ι × ι
hI : I ∈ piFinset fun x => A ×ˢ A
i : ι
hi : i ∈ A
hI' : Odd (#{k | (I k).1 = i} + #{k | (I k).2 = i})
Y : ι → Ω → E := update X i (-X i)
identDistrib_X_Y : ∀ (j : ι), IdentDistrib (X j) (Y j) μ μ
⊢ False
failed

[2026-01-10 22:38:49] [INFO] Attempt 1 failed verification, continuing...
[2026-01-10 22:38:49] [INFO] ========================================
[2026-01-10 22:38:49] [INFO] Trying strategy: aesop (up to 1 attempts)
[2026-01-10 22:38:49] [INFO] --------------------
[2026-01-10 22:38:49] [INFO] Strategy aesop, attempt 1/1
[2026-01-10 22:38:49] [INFO] Starting proof generation...
[2026-01-10 22:38:49] [INFO] Repository path: /root/repo
[2026-01-10 22:38:49] [INFO] Proof generation completed
[2026-01-10 22:38:49] [INFO] Generated proof:
[2026-01-10 22:38:49] [INFO] aesop
[2026-01-10 22:38:49] [INFO] Proof length: 5 chars
[2026-01-10 22:38:49] [INFO] Starting proof verification...
[2026-01-10 22:38:49] [INFO] Verifying at: LeanAPAP/Prereqs/NewMarcinkiewiczZygmund.lean:95
[2026-01-10 22:38:49] [INFO] Using LEAN INTERACT verify
[2026-01-10 22:38:49] [INFO] Checking file
[2026-01-10 22:39:04] [INFO] Cannot build modified file <error line="93" column="64">
<code_line>        _ = ∫ ω, ∏ k, inner ℝ (Y (I k).1 ω) (Y (I k).2 ω) ∂μ := by</code_line>
<message>error: unsolved goals</message>
</error>
ι : Type u_1
Ω : Type u_2
E : Type u_3
A : Finset ι
m : ℕ
inst : MeasurableSpace Ω
μ : Measure Ω
inst_1 : IsFiniteMeasure μ
mE : MeasurableSpace E
inst_2 : NormedAddCommGroup E
inst_3 : InnerProductSpace ℝ E
X : ι → Ω → E
iIndepFun_X : iIndepFun X μ
identDistrib_neg_X : ∀ (i : ι), IdentDistrib (X i) (-X i) μ μ
memLp_X : ∀ i ∈ A, MemLp (X i) (2 * ↑m) μ
this : DecidableEq ι
EvenIndex : (Fin m → ι × ι) → Prop := fun I => ∀ i ∈ A, Even (#{k | (I k).1 = i} + #{k | (I k).2 = i})
I : Fin m → ι × ι
i : ι
Y : ι → Ω → E := update X i (-X i)
integrable_prod_norm_X :
  ∀ (I : Fin m → ι × ι),
    (∀ (a : Fin m), (I a).1 ∈ A ∧ (I a).2 ∈ A) → Integrable (fun ω => ∏ k, ‖X (I k).1 ω‖ * ‖X (I k).2 ω‖) μ
integrable_prod_inner_X :
  ∀ (I : Fin m → ι × ι),
    (∀ (a : Fin m), (I a).1 ∈ A ∧ (I a).2 ∈ A) → Integrable (fun ω => ∏ k, inner ℝ (X (I k).1 ω) (X (I k).2 ω)) μ
hI : ∀ (a : Fin m), (I a).1 ∈ A ∧ (I a).2 ∈ A
hi : i ∈ A
hI' : Odd (#{k | (I k).1 = i} + #{k | (I k).2 = i})
identDistrib_X_Y : ∀ (j : ι), IdentDistrib (X j) (update X i (-X i) j) μ μ
⊢ IdentDistrib (fun ω => ∏ k, inner ℝ (X (I k).1 ω) (X (I k).2 ω))
    (fun ω => ∏ x, inner ℝ (update X i (-X i) (I x).1 ω) (update X i (-X i) (I x).2 ω)) μ μ
[2026-01-10 22:39:04] [INFO] Proof verification completed
[2026-01-10 22:39:04] [INFO] Strategy aesop attempt 1: verified=False
[2026-01-10 22:39:04] [INFO] Verification message: Cannot build modified file: <error line="93" column="64">
<code_line>        _ = ∫ ω, ∏ k, inner ℝ (Y (I k).1 ω) (Y (I k).2 ω) ∂μ := by</code_line>
<message>error: unsolved goals</message>
</error>
ι : Type u_1
Ω : Type u_2
E : Type u_3
A : Finset ι
m : ℕ
inst : MeasurableSpace Ω
μ : Measure Ω
inst_1 : IsFiniteMeasure μ
mE : MeasurableSpace E
inst_2 : NormedAddCommGroup E
inst_3 : InnerProductSpace ℝ E
X : ι → Ω → E
iIndepFun_X : iIndepFun X μ
identDistrib_neg_X : ∀ (i : ι), IdentDistrib (X i) (-X i) μ μ
memLp_X : ∀ i ∈ A, MemLp (X i) (2 * ↑m) μ
this : DecidableEq ι
EvenIndex : (Fin m → ι × ι) → Prop := fun I => ∀ i ∈ A, Even (#{k | (I k).1 = i} + #{k | (I k).2 = i})
I : Fin m → ι × ι
i : ι
Y : ι → Ω → E := update X i (-X i)
integrable_prod_norm_X :
  ∀ (I : Fin m → ι × ι),
    (∀ (a : Fin m), (I a).1 ∈ A ∧ (I a).2 ∈ A) → Integrable (fun ω => ∏ k, ‖X (I k).1 ω‖ * ‖X (I k).2 ω‖) μ
integrable_prod_inner_X :
  ∀ (I : Fin m → ι × ι),
    (∀ (a : Fin m), (I a).1 ∈ A ∧ (I a).2 ∈ A) → Integrable (fun ω => ∏ k, inner ℝ (X (I k).1 ω) (X (I k).2 ω)) μ
hI : ∀ (a : Fin m), (I a).1 ∈ A ∧ (I a).2 ∈ A
hi : i ∈ A
hI' : Odd (#{k | (I k).1 = i} + #{k | (I k).2 = i})
identDistrib_X_Y : ∀ (j : ι), IdentDistrib (X j) (update X i (-X i) j) μ μ
⊢ IdentDistrib (fun ω => ∏ k, inner ℝ (X (I k).1 ω) (X (I k).2 ω))
    (fun ω => ∏ x, inner ℝ (update X i (-X i) (I x).1 ω) (update X i (-X i) (I x).2 ω)) μ μ

[2026-01-10 22:39:04] [INFO] Attempt 1 failed verification, continuing...
[2026-01-10 22:39:04] [INFO] ========================================
[2026-01-10 22:39:04] [INFO] Pass@k completed. Total results: 1
[2026-01-10 22:39:04] [INFO] FAILED: All 11 strategies x 1 attempts
[2026-01-10 22:39:04] [INFO] Writing results to file: /root/repo/result.json
[2026-01-10 22:39:04] [INFO] Result file written successfully
[2026-01-10 22:39:04] [INFO] Results exported to: /root/repo/result.json
[2026-01-10 22:39:04] [INFO] run_morphcloud_local.py completed successfully

[2026-01-10 22:39:05] [process_single_sorry] Downloading result file...
[2026-01-10 22:39:05] [process_single_sorry] Downloaded result to intermediate_experiment_outputs_full_reservoir/multi_tactic/2026-01-10_20-46-34_multi_tactic/individual/b72bfe4740982f87ff1ea934263cf113686ea2f3836d35199520f815abd3c95a.json
[2026-01-10 22:39:07] [process_single_sorry] Instance context closed successfully
[2026-01-10 22:39:07] [process_single_sorry] Parsing result file...
[2026-01-10 22:39:07] [process_single_sorry] Successfully parsed result (list format, 1 results)
