[2026-01-10 22:30:28] [process_single_sorry] Starting for sorry d536ad7bb65f62e00414be094c25123d6befd7d3347dd7d91fb743f6f50d9e37
[2026-01-10 22:30:28] [process_single_sorry] Using snapshot: snapshot_aqzwlhjg
[2026-01-10 22:30:28] [process_single_sorry] Repository: https://github.com/Verified-zkEVM/VCV-io@eee7f23d73a113216fcca26bbedd25e658dd8a2f
[2026-01-10 22:30:28] [process_single_sorry] Instance name: VCV-io_eee7f23d73a1_multi_tactic_d536ad7bb65f62e00414be094c25123d6befd7d3347dd7d91fb743f6f50d9e37
[2026-01-10 22:30:28] [process_single_sorry] Starting attempt 1/3
[2026-01-10 22:30:28] [process_single_sorry] Starting instance from snapshot...
[2026-01-10 22:30:29] [process_single_sorry] Instance started successfully: morphvm_coerr2fj
[2026-01-10 22:30:29] [process_single_sorry] Creating .env file...
[2026-01-10 22:30:33] [process_single_sorry] .env file created (exit_code: 0)
[2026-01-10 22:30:33] [process_single_sorry] Executing agent command...
[2026-01-10 22:32:14] [process_single_sorry] Agent command completed (exit_code: 0)
[2026-01-10 22:32:14] [process_single_sorry] STDOUT:

Results JSON:
[
  {
    "sorry": {
      "repo": {
        "remote": "https://github.com/Verified-zkEVM/VCV-io",
        "branch": "upstream-pfun",
        "commit": "eee7f23d73a113216fcca26bbedd25e658dd8a2f",
        "lean_version": "v4.24.0"
      },
      "location": {
        "path": "VCVio/EvalDist/Monad/Basic.lean",
        "start_line": 234,
        "start_column": 2,
        "end_line": 234,
        "end_column": 7
      },
      "debug_info": {
        "goal": "α β : Type u\nm : Type u → Type v\ninst✝¹ : Monad m\ninst✝ : HasEvalSPMF m\nmx : m α\nh' : Pr[⊥ | mx] = 0\nmy : α → m β\n⊢ Pr[⊥ | mx >>= my] = ∑' (x : α), Pr[=x | mx] * Pr[⊥ | my x]",
        "url": "https://github.com/Verified-zkEVM/VCV-io/blob/eee7f23d73a113216fcca26bbedd25e658dd8a2f/VCVio/EvalDist/Monad/Basic.lean#L234"
      },
      "metadata": {
        "blame_email_hash": "0c5d39c5ece3",
        "blame_date": "2025-09-29T03:33:19-05:00",
        "inclusion_date": "2025-12-29T23:26:34.423297+00:00"
      },
      "id": "d536ad7bb65f62e00414be094c25123d6befd7d3347dd7d91fb743f6f50d9e37"
    },
    "proof": null,
    "proof_verified": false,
    "feedback": null,
    "verification_message": "All 11 attempts failed (11 strategies x 1 attempts each)",
    "success": true,
    "error_type": null,
    "error_message": null,
    "strategy_name": "all_failed_k=1",
    "proof_attempts": [
      "rfl",
      "simp",
      "simp_all",
      "exact?",
      "grind",
      "ring",
      "norm_num",
      "omega",
      "linarith",
      "nlinarith",
      "aesop"
    ]
  }
]

[2026-01-10 22:32:14] [process_single_sorry] STDERR:
None of PyTorch, TensorFlow >= 2.0, or Flax have been found. Models won't be available and only tokenizers, configuration and file/data utilities can be used.
[2026-01-10 22:30:42] [INFO] ================================================================================
[2026-01-10 22:30:42] [INFO] Starting run_morphcloud_local.py
[2026-01-10 22:30:42] [INFO] ================================================================================
[2026-01-10 22:30:42] [INFO] Environment loaded
[2026-01-10 22:30:42] [INFO] Full command: /root/SorryDB/sorrydb/cli/run_morphcloud_local.py --repo-path /root/repo --sorry-json {"repo": {"remote": "https://github.com/Verified-zkEVM/VCV-io", "branch": "upstream-pfun", "commit": "eee7f23d73a113216fcca26bbedd25e658dd8a2f", "lean_version": "v4.24.0"}, "location": {"path": "VCVio/EvalDist/Monad/Basic.lean", "start_line": 234, "start_column": 2, "end_line": 234, "end_column": 7}, "debug_info": {"goal": "\u03b1 \u03b2 : Type u\nm : Type u \u2192 Type v\ninst\u271d\u00b9 : Monad m\ninst\u271d : HasEvalSPMF m\nmx : m \u03b1\nh' : Pr[\u22a5 | mx] = 0\nmy : \u03b1 \u2192 m \u03b2\n\u22a2 Pr[\u22a5 | mx >>= my] = \u2211' (x : \u03b1), Pr[=x | mx] * Pr[\u22a5 | my x]", "url": "https://github.com/Verified-zkEVM/VCV-io/blob/eee7f23d73a113216fcca26bbedd25e658dd8a2f/VCVio/EvalDist/Monad/Basic.lean#L234"}, "metadata": {"blame_email_hash": "0c5d39c5ece3", "blame_date": "2025-09-29T03:33:19-05:00", "inclusion_date": "2025-12-29T23:26:34.423297+00:00"}, "id": "d536ad7bb65f62e00414be094c25123d6befd7d3347dd7d91fb743f6f50d9e37"} --agent-strategy {"name": "multi_tactic", "args": {}}
[2026-01-10 22:30:42] [INFO] Arguments parsed: repo_path=/root/repo, output_path=/root/repo/result.json
[2026-01-10 22:30:42] [INFO] Strategy spec: {"name": "multi_tactic", "args": {}}...
[2026-01-10 22:30:42] [INFO] Loading sorry data...
[2026-01-10 22:30:42] [INFO] Parsing sorry from JSON string...
[2026-01-10 22:30:42] [INFO] Sorry data parsed from JSON string
[2026-01-10 22:30:42] [INFO] Creating strategy from spec...
[2026-01-10 22:30:42] [INFO] Parsing strategy spec (length: 36 chars)
[2026-01-10 22:30:42] [INFO] Strategy name: multi_tactic
[2026-01-10 22:30:42] [INFO] Strategy args: {}
[2026-01-10 22:30:42] [INFO] Pass@k value: 1
[2026-01-10 22:30:42] [INFO] Creating strategy: multi_tactic
[2026-01-10 22:30:42] [INFO] Creating multi_tactic strategy with tactics: ['rfl', 'simp', 'simp_all', 'exact?', 'grind', 'ring', 'norm_num', 'omega', 'linarith', 'nlinarith', 'aesop']
[2026-01-10 22:30:42] [INFO] Strategies created: ['rfl', 'simp', 'simp_all', 'exact?', 'grind', 'ring', 'norm_num', 'omega', 'linarith', 'nlinarith', 'aesop']
[2026-01-10 22:30:42] [INFO] Pass@k value: 1
[2026-01-10 22:30:42] [INFO] Creating Sorry object...
[2026-01-10 22:30:42] [INFO] Sorry object created: id=d536ad7bb65f62e00414be094c25123d6befd7d3347dd7d91fb743f6f50d9e37
[2026-01-10 22:30:42] [INFO] Sorry location: VCVio/EvalDist/Monad/Basic.lean:234
[2026-01-10 22:30:42] [INFO] Context before sorry (lines 229-234):
[2026-01-10 22:30:42] [INFO]   229:   sorry
[2026-01-10 22:30:42] [INFO]   230: 
[2026-01-10 22:30:42] [INFO]   231: lemma probFailure_bind_of_probFailure_eq_zero [HasEvalSPMF m] {mx : m α}
[2026-01-10 22:30:42] [INFO]   232:     (h' : Pr[⊥ | mx] = 0) {my : α → m β} :
[2026-01-10 22:30:42] [INFO]   233:     Pr[⊥ | mx >>= my] = ∑' x : α, Pr[= x | mx] * Pr[⊥ | my x] := by
[2026-01-10 22:30:42] [INFO]   234:   sorry
[2026-01-10 22:30:42] [INFO] Sorry line:   sorry
[2026-01-10 22:30:42] [INFO] Sorry goal: α β : Type u
m : Type u → Type v
inst✝¹ : Monad m
inst✝ : HasEvalSPMF m
mx : m α
h' : Pr[⊥ | mx] = 0...
[2026-01-10 22:30:42] [INFO] ========================================
[2026-01-10 22:30:42] [INFO] Trying strategy: rfl (up to 1 attempts)
[2026-01-10 22:30:42] [INFO] --------------------
[2026-01-10 22:30:42] [INFO] Strategy rfl, attempt 1/1
[2026-01-10 22:30:42] [INFO] Starting proof generation...
[2026-01-10 22:30:42] [INFO] Repository path: /root/repo
[2026-01-10 22:30:42] [INFO] Proof generation completed
[2026-01-10 22:30:42] [INFO] Generated proof:
[2026-01-10 22:30:42] [INFO] rfl
[2026-01-10 22:30:42] [INFO] Proof length: 3 chars
[2026-01-10 22:30:42] [INFO] Starting proof verification...
[2026-01-10 22:30:42] [INFO] Verifying at: VCVio/EvalDist/Monad/Basic.lean:234
[2026-01-10 22:30:42] [INFO] Using LEAN INTERACT verify
[2026-01-10 22:30:42] [INFO] Checking file
[2026-01-10 22:31:00] [INFO] Cannot build modified file <error line="234" column="2">
<code_line>  rfl</code_line>
<message>error: Tactic `rfl` failed: The left-hand side</message>
</error>
  Pr[⊥ | mx >>= my]
is not definitionally equal to the right-hand side
  ∑' (x : α), Pr[=x | mx] * Pr[⊥ | my x]

α β : Type u
m : Type u → Type v
inst✝¹ : Monad m
inst✝ : HasEvalSPMF m
mx : m α
h' : Pr[⊥ | mx] = 0
my : α → m β
⊢ Pr[⊥ | mx >>= my] = ∑' (x : α), Pr[=x | mx] * Pr[⊥ | my x]
[2026-01-10 22:31:00] [INFO] Proof verification completed
[2026-01-10 22:31:00] [INFO] Strategy rfl attempt 1: verified=False
[2026-01-10 22:31:00] [INFO] Verification message: Cannot build modified file: <error line="234" column="2">
<code_line>  rfl</code_line>
<message>error: Tactic `rfl` failed: The left-hand side</message>
</error>
  Pr[⊥ | mx >>= my]
is not definitionally equal to the right-hand side
  ∑' (x : α), Pr[=x | mx] * Pr[⊥ | my x]

α β : Type u
m : Type u → Type v
inst✝¹ : Monad m
inst✝ : HasEvalSPMF m
mx : m α
h' : Pr[⊥ | mx] = 0
my : α → m β
⊢ Pr[⊥ | mx >>= my] = ∑' (x : α), Pr[=x | mx] * Pr[⊥ | my x]

[2026-01-10 22:31:00] [INFO] Attempt 1 failed verification, continuing...
[2026-01-10 22:31:00] [INFO] ========================================
[2026-01-10 22:31:00] [INFO] Trying strategy: simp (up to 1 attempts)
[2026-01-10 22:31:00] [INFO] --------------------
[2026-01-10 22:31:00] [INFO] Strategy simp, attempt 1/1
[2026-01-10 22:31:00] [INFO] Starting proof generation...
[2026-01-10 22:31:00] [INFO] Repository path: /root/repo
[2026-01-10 22:31:00] [INFO] Proof generation completed
[2026-01-10 22:31:00] [INFO] Generated proof:
[2026-01-10 22:31:00] [INFO] simp
[2026-01-10 22:31:00] [INFO] Proof length: 4 chars
[2026-01-10 22:31:00] [INFO] Starting proof verification...
[2026-01-10 22:31:00] [INFO] Verifying at: VCVio/EvalDist/Monad/Basic.lean:234
[2026-01-10 22:31:00] [INFO] Using LEAN INTERACT verify
[2026-01-10 22:31:00] [INFO] Checking file
[2026-01-10 22:31:06] [INFO] Cannot build modified file <error line="234" column="2">
<code_line>  simp</code_line>
<message>error: `simp` made no progress</message>
</error>
[2026-01-10 22:31:06] [INFO] Proof verification completed
[2026-01-10 22:31:06] [INFO] Strategy simp attempt 1: verified=False
[2026-01-10 22:31:06] [INFO] Verification message: Cannot build modified file: <error line="234" column="2">
<code_line>  simp</code_line>
<message>error: `simp` made no progress</message>
</error>

[2026-01-10 22:31:06] [INFO] Attempt 1 failed verification, continuing...
[2026-01-10 22:31:06] [INFO] ========================================
[2026-01-10 22:31:06] [INFO] Trying strategy: simp_all (up to 1 attempts)
[2026-01-10 22:31:06] [INFO] --------------------
[2026-01-10 22:31:06] [INFO] Strategy simp_all, attempt 1/1
[2026-01-10 22:31:06] [INFO] Starting proof generation...
[2026-01-10 22:31:06] [INFO] Repository path: /root/repo
[2026-01-10 22:31:06] [INFO] Proof generation completed
[2026-01-10 22:31:06] [INFO] Generated proof:
[2026-01-10 22:31:06] [INFO] simp_all
[2026-01-10 22:31:06] [INFO] Proof length: 8 chars
[2026-01-10 22:31:06] [INFO] Starting proof verification...
[2026-01-10 22:31:06] [INFO] Verifying at: VCVio/EvalDist/Monad/Basic.lean:234
[2026-01-10 22:31:06] [INFO] Using LEAN INTERACT verify
[2026-01-10 22:31:06] [INFO] Checking file
[2026-01-10 22:31:13] [INFO] Cannot build modified file <error line="234" column="2">
<code_line>  simp_all</code_line>
<message>error: simp_all made no progress</message>
</error>
[2026-01-10 22:31:13] [INFO] Proof verification completed
[2026-01-10 22:31:13] [INFO] Strategy simp_all attempt 1: verified=False
[2026-01-10 22:31:13] [INFO] Verification message: Cannot build modified file: <error line="234" column="2">
<code_line>  simp_all</code_line>
<message>error: simp_all made no progress</message>
</error>

[2026-01-10 22:31:13] [INFO] Attempt 1 failed verification, continuing...
[2026-01-10 22:31:13] [INFO] ========================================
[2026-01-10 22:31:13] [INFO] Trying strategy: exact? (up to 1 attempts)
[2026-01-10 22:31:13] [INFO] --------------------
[2026-01-10 22:31:13] [INFO] Strategy exact?, attempt 1/1
[2026-01-10 22:31:13] [INFO] Starting proof generation...
[2026-01-10 22:31:13] [INFO] Repository path: /root/repo
[2026-01-10 22:31:13] [INFO] Proof generation completed
[2026-01-10 22:31:13] [INFO] Generated proof:
[2026-01-10 22:31:13] [INFO] exact?
[2026-01-10 22:31:13] [INFO] Proof length: 6 chars
[2026-01-10 22:31:13] [INFO] Starting proof verification...
[2026-01-10 22:31:13] [INFO] Verifying at: VCVio/EvalDist/Monad/Basic.lean:234
[2026-01-10 22:31:13] [INFO] Using LEAN INTERACT verify
[2026-01-10 22:31:13] [INFO] Checking file
[2026-01-10 22:31:25] [INFO] Cannot build modified file <error line="234" column="2">
<code_line>  exact?</code_line>
<message>error: `exact?` could not close the goal. Try `apply?` to see partial suggestions.</message>
</error>
[2026-01-10 22:31:25] [INFO] Proof verification completed
[2026-01-10 22:31:25] [INFO] Strategy exact? attempt 1: verified=False
[2026-01-10 22:31:25] [INFO] Verification message: Cannot build modified file: <error line="234" column="2">
<code_line>  exact?</code_line>
<message>error: `exact?` could not close the goal. Try `apply?` to see partial suggestions.</message>
</error>

[2026-01-10 22:31:25] [INFO] Attempt 1 failed verification, continuing...
[2026-01-10 22:31:25] [INFO] ========================================
[2026-01-10 22:31:25] [INFO] Trying strategy: grind (up to 1 attempts)
[2026-01-10 22:31:25] [INFO] --------------------
[2026-01-10 22:31:25] [INFO] Strategy grind, attempt 1/1
[2026-01-10 22:31:25] [INFO] Starting proof generation...
[2026-01-10 22:31:25] [INFO] Repository path: /root/repo
[2026-01-10 22:31:25] [INFO] Proof generation completed
[2026-01-10 22:31:25] [INFO] Generated proof:
[2026-01-10 22:31:25] [INFO] grind
[2026-01-10 22:31:25] [INFO] Proof length: 5 chars
[2026-01-10 22:31:25] [INFO] Starting proof verification...
[2026-01-10 22:31:25] [INFO] Verifying at: VCVio/EvalDist/Monad/Basic.lean:234
[2026-01-10 22:31:25] [INFO] Using LEAN INTERACT verify
[2026-01-10 22:31:25] [INFO] Checking file
[2026-01-10 22:31:33] [INFO] Cannot build modified file <error line="234" column="2">
<code_line>  grind</code_line>
<message>error: `grind` failed</message>
</error>
case grind
α β : Type u
m : Type u → Type v
inst : Monad m
inst_1 : HasEvalSPMF m
mx : m α
h' : Pr[⊥ | mx] = 0
my : α → m β
h : ¬Pr[⊥ | mx >>= my] = ∑' (x : α), Pr[=x | mx] * Pr[⊥ | my x]
⊢ False
[grind] Goal diagnostics
  [facts] Asserted facts
    [prop] Pr[⊥ | mx] = 0
    [prop] ¬Pr[⊥ | mx >>= my] = ∑' (x : α), Pr[=x | mx] * Pr[⊥ | my x]
  [eqc] False propositions
    [prop] Pr[⊥ | mx >>= my] = ∑' (x : α), Pr[=x | mx] * Pr[⊥ | my x]
  [eqc] Equivalence classes
    [eqc] {0, Pr[⊥ | mx]}
  [ematch] E-matching patterns
    [thm] Option.bind_apply: [@bind `[Option] `[instMonadOption.toBind] #3 #1 #2 #0]
[2026-01-10 22:31:33] [INFO] Proof verification completed
[2026-01-10 22:31:33] [INFO] Strategy grind attempt 1: verified=False
[2026-01-10 22:31:33] [INFO] Verification message: Cannot build modified file: <error line="234" column="2">
<code_line>  grind</code_line>
<message>error: `grind` failed</message>
</error>
case grind
α β : Type u
m : Type u → Type v
inst : Monad m
inst_1 : HasEvalSPMF m
mx : m α
h' : Pr[⊥ | mx] = 0
my : α → m β
h : ¬Pr[⊥ | mx >>= my] = ∑' (x : α), Pr[=x | mx] * Pr[⊥ | my x]
⊢ False
[grind] Goal diagnostics
  [facts] Asserted facts
    [prop] Pr[⊥ | mx] = 0
    [prop] ¬Pr[⊥ | mx >>= my] = ∑' (x : α), Pr[=x | mx] * Pr[⊥ | my x]
  [eqc] False propositions
    [prop] Pr[⊥ | mx >>= my] = ∑' (x : α), Pr[=x | mx] * Pr[⊥ | my x]
  [eqc] Equivalence classes
    [eqc] {0, Pr[⊥ | mx]}
  [ematch] E-matching patterns
    [thm] Option.bind_apply: [@bind `[Option] `[instMonadOption.toBind] #3 #1 #2 #0]

[2026-01-10 22:31:33] [INFO] Attempt 1 failed verification, continuing...
[2026-01-10 22:31:33] [INFO] ========================================
[2026-01-10 22:31:33] [INFO] Trying strategy: ring (up to 1 attempts)
[2026-01-10 22:31:33] [INFO] --------------------
[2026-01-10 22:31:33] [INFO] Strategy ring, attempt 1/1
[2026-01-10 22:31:33] [INFO] Starting proof generation...
[2026-01-10 22:31:33] [INFO] Repository path: /root/repo
[2026-01-10 22:31:33] [INFO] Proof generation completed
[2026-01-10 22:31:33] [INFO] Generated proof:
[2026-01-10 22:31:33] [INFO] ring
[2026-01-10 22:31:33] [INFO] Proof length: 4 chars
[2026-01-10 22:31:33] [INFO] Starting proof verification...
[2026-01-10 22:31:33] [INFO] Verifying at: VCVio/EvalDist/Monad/Basic.lean:234
[2026-01-10 22:31:33] [INFO] Using LEAN INTERACT verify
[2026-01-10 22:31:33] [INFO] Checking file
[2026-01-10 22:31:40] [INFO] Cannot build modified file <error line="234" column="2">
<code_line>  ring</code_line>
<message>error: ring_nf made no progress on goal</message>
</error>
[2026-01-10 22:31:40] [INFO] Proof verification completed
[2026-01-10 22:31:40] [INFO] Strategy ring attempt 1: verified=False
[2026-01-10 22:31:40] [INFO] Verification message: Cannot build modified file: <error line="234" column="2">
<code_line>  ring</code_line>
<message>error: ring_nf made no progress on goal</message>
</error>

[2026-01-10 22:31:40] [INFO] Attempt 1 failed verification, continuing...
[2026-01-10 22:31:40] [INFO] ========================================
[2026-01-10 22:31:40] [INFO] Trying strategy: norm_num (up to 1 attempts)
[2026-01-10 22:31:40] [INFO] --------------------
[2026-01-10 22:31:40] [INFO] Strategy norm_num, attempt 1/1
[2026-01-10 22:31:40] [INFO] Starting proof generation...
[2026-01-10 22:31:40] [INFO] Repository path: /root/repo
[2026-01-10 22:31:40] [INFO] Proof generation completed
[2026-01-10 22:31:40] [INFO] Generated proof:
[2026-01-10 22:31:40] [INFO] norm_num
[2026-01-10 22:31:40] [INFO] Proof length: 8 chars
[2026-01-10 22:31:40] [INFO] Starting proof verification...
[2026-01-10 22:31:40] [INFO] Verifying at: VCVio/EvalDist/Monad/Basic.lean:234
[2026-01-10 22:31:40] [INFO] Using LEAN INTERACT verify
[2026-01-10 22:31:40] [INFO] Checking file
[2026-01-10 22:31:47] [INFO] Cannot build modified file <error line="233" column="65">
<code_line>    Pr[⊥ | mx >>= my] = ∑' x : α, Pr[= x | mx] * Pr[⊥ | my x] := by</code_line>
<message>error: unsolved goals</message>
</error>
α β : Type u
m : Type u → Type v
inst✝¹ : Monad m
inst✝ : HasEvalSPMF m
mx : m α
h' : Pr[⊥ | mx] = 0
my : α → m β
⊢ Pr[⊥ | mx >>= my] = ∑' (x : α), Pr[=x | mx] * Pr[⊥ | my x]
[2026-01-10 22:31:47] [INFO] Proof verification completed
[2026-01-10 22:31:47] [INFO] Strategy norm_num attempt 1: verified=False
[2026-01-10 22:31:47] [INFO] Verification message: Cannot build modified file: <error line="233" column="65">
<code_line>    Pr[⊥ | mx >>= my] = ∑' x : α, Pr[= x | mx] * Pr[⊥ | my x] := by</code_line>
<message>error: unsolved goals</message>
</error>
α β : Type u
m : Type u → Type v
inst✝¹ : Monad m
inst✝ : HasEvalSPMF m
mx : m α
h' : Pr[⊥ | mx] = 0
my : α → m β
⊢ Pr[⊥ | mx >>= my] = ∑' (x : α), Pr[=x | mx] * Pr[⊥ | my x]

[2026-01-10 22:31:47] [INFO] Attempt 1 failed verification, continuing...
[2026-01-10 22:31:47] [INFO] ========================================
[2026-01-10 22:31:47] [INFO] Trying strategy: omega (up to 1 attempts)
[2026-01-10 22:31:47] [INFO] --------------------
[2026-01-10 22:31:47] [INFO] Strategy omega, attempt 1/1
[2026-01-10 22:31:47] [INFO] Starting proof generation...
[2026-01-10 22:31:47] [INFO] Repository path: /root/repo
[2026-01-10 22:31:47] [INFO] Proof generation completed
[2026-01-10 22:31:47] [INFO] Generated proof:
[2026-01-10 22:31:47] [INFO] omega
[2026-01-10 22:31:47] [INFO] Proof length: 5 chars
[2026-01-10 22:31:47] [INFO] Starting proof verification...
[2026-01-10 22:31:47] [INFO] Verifying at: VCVio/EvalDist/Monad/Basic.lean:234
[2026-01-10 22:31:47] [INFO] Using LEAN INTERACT verify
[2026-01-10 22:31:47] [INFO] Checking file
[2026-01-10 22:31:53] [INFO] Cannot build modified file <error line="234" column="2">
<code_line>  omega</code_line>
<message>error: omega could not prove the goal:</message>
</error>
No usable constraints found. You may need to unfold definitions so `omega` can see linear arithmetic facts about `Nat` and `Int`, which may also involve multiplication, division, and modular remainder by constants.
[2026-01-10 22:31:53] [INFO] Proof verification completed
[2026-01-10 22:31:53] [INFO] Strategy omega attempt 1: verified=False
[2026-01-10 22:31:53] [INFO] Verification message: Cannot build modified file: <error line="234" column="2">
<code_line>  omega</code_line>
<message>error: omega could not prove the goal:</message>
</error>
No usable constraints found. You may need to unfold definitions so `omega` can see linear arithmetic facts about `Nat` and `Int`, which may also involve multiplication, division, and modular remainder by constants.

[2026-01-10 22:31:53] [INFO] Attempt 1 failed verification, continuing...
[2026-01-10 22:31:53] [INFO] ========================================
[2026-01-10 22:31:53] [INFO] Trying strategy: linarith (up to 1 attempts)
[2026-01-10 22:31:53] [INFO] --------------------
[2026-01-10 22:31:53] [INFO] Strategy linarith, attempt 1/1
[2026-01-10 22:31:53] [INFO] Starting proof generation...
[2026-01-10 22:31:53] [INFO] Repository path: /root/repo
[2026-01-10 22:31:53] [INFO] Proof generation completed
[2026-01-10 22:31:53] [INFO] Generated proof:
[2026-01-10 22:31:53] [INFO] linarith
[2026-01-10 22:31:53] [INFO] Proof length: 8 chars
[2026-01-10 22:31:53] [INFO] Starting proof verification...
[2026-01-10 22:31:53] [INFO] Verifying at: VCVio/EvalDist/Monad/Basic.lean:234
[2026-01-10 22:31:53] [INFO] Using LEAN INTERACT verify
[2026-01-10 22:31:53] [INFO] Checking file
[2026-01-10 22:32:00] [INFO] Cannot build modified file <error line="234" column="2">
<code_line>  linarith</code_line>
<message>error: linarith failed to find a contradiction</message>
</error>
case h1.h
α β : Type u
m : Type u → Type v
inst✝¹ : Monad m
inst✝ : HasEvalSPMF m
mx : m α
h' : Pr[⊥ | mx] = 0
my : α → m β
a✝ : Pr[⊥ | mx >>= my] < ∑' (x : α), Pr[=x | mx] * Pr[⊥ | my x]
⊢ False
failed
[2026-01-10 22:32:00] [INFO] Proof verification completed
[2026-01-10 22:32:00] [INFO] Strategy linarith attempt 1: verified=False
[2026-01-10 22:32:00] [INFO] Verification message: Cannot build modified file: <error line="234" column="2">
<code_line>  linarith</code_line>
<message>error: linarith failed to find a contradiction</message>
</error>
case h1.h
α β : Type u
m : Type u → Type v
inst✝¹ : Monad m
inst✝ : HasEvalSPMF m
mx : m α
h' : Pr[⊥ | mx] = 0
my : α → m β
a✝ : Pr[⊥ | mx >>= my] < ∑' (x : α), Pr[=x | mx] * Pr[⊥ | my x]
⊢ False
failed

[2026-01-10 22:32:00] [INFO] Attempt 1 failed verification, continuing...
[2026-01-10 22:32:00] [INFO] ========================================
[2026-01-10 22:32:00] [INFO] Trying strategy: nlinarith (up to 1 attempts)
[2026-01-10 22:32:00] [INFO] --------------------
[2026-01-10 22:32:00] [INFO] Strategy nlinarith, attempt 1/1
[2026-01-10 22:32:00] [INFO] Starting proof generation...
[2026-01-10 22:32:00] [INFO] Repository path: /root/repo
[2026-01-10 22:32:00] [INFO] Proof generation completed
[2026-01-10 22:32:00] [INFO] Generated proof:
[2026-01-10 22:32:00] [INFO] nlinarith
[2026-01-10 22:32:00] [INFO] Proof length: 9 chars
[2026-01-10 22:32:00] [INFO] Starting proof verification...
[2026-01-10 22:32:00] [INFO] Verifying at: VCVio/EvalDist/Monad/Basic.lean:234
[2026-01-10 22:32:00] [INFO] Using LEAN INTERACT verify
[2026-01-10 22:32:00] [INFO] Checking file
[2026-01-10 22:32:06] [INFO] Cannot build modified file <error line="234" column="2">
<code_line>  nlinarith</code_line>
<message>error: linarith failed to find a contradiction</message>
</error>
case h1.h
α β : Type u
m : Type u → Type v
inst✝¹ : Monad m
inst✝ : HasEvalSPMF m
mx : m α
h' : Pr[⊥ | mx] = 0
my : α → m β
a✝ : Pr[⊥ | mx >>= my] < ∑' (x : α), Pr[=x | mx] * Pr[⊥ | my x]
⊢ False
failed
[2026-01-10 22:32:06] [INFO] Proof verification completed
[2026-01-10 22:32:06] [INFO] Strategy nlinarith attempt 1: verified=False
[2026-01-10 22:32:06] [INFO] Verification message: Cannot build modified file: <error line="234" column="2">
<code_line>  nlinarith</code_line>
<message>error: linarith failed to find a contradiction</message>
</error>
case h1.h
α β : Type u
m : Type u → Type v
inst✝¹ : Monad m
inst✝ : HasEvalSPMF m
mx : m α
h' : Pr[⊥ | mx] = 0
my : α → m β
a✝ : Pr[⊥ | mx >>= my] < ∑' (x : α), Pr[=x | mx] * Pr[⊥ | my x]
⊢ False
failed

[2026-01-10 22:32:06] [INFO] Attempt 1 failed verification, continuing...
[2026-01-10 22:32:06] [INFO] ========================================
[2026-01-10 22:32:06] [INFO] Trying strategy: aesop (up to 1 attempts)
[2026-01-10 22:32:06] [INFO] --------------------
[2026-01-10 22:32:06] [INFO] Strategy aesop, attempt 1/1
[2026-01-10 22:32:06] [INFO] Starting proof generation...
[2026-01-10 22:32:06] [INFO] Repository path: /root/repo
[2026-01-10 22:32:06] [INFO] Proof generation completed
[2026-01-10 22:32:06] [INFO] Generated proof:
[2026-01-10 22:32:06] [INFO] aesop
[2026-01-10 22:32:06] [INFO] Proof length: 5 chars
[2026-01-10 22:32:06] [INFO] Starting proof verification...
[2026-01-10 22:32:06] [INFO] Verifying at: VCVio/EvalDist/Monad/Basic.lean:234
[2026-01-10 22:32:06] [INFO] Using LEAN INTERACT verify
[2026-01-10 22:32:06] [INFO] Checking file
[2026-01-10 22:32:13] [INFO] Cannot build modified file <error line="234" column="2">
<code_line>  aesop</code_line>
<message>error: tactic 'aesop' failed, made no progress</message>
</error>
Initial goal:
  α β : Type u
  m : Type u → Type v
  inst✝¹ : Monad m
  inst✝ : HasEvalSPMF m
  mx : m α
  h' : Pr[⊥ | mx] = 0
  my : α → m β
  ⊢ Pr[⊥ | mx >>= my] = ∑' (x : α), Pr[=x | mx] * Pr[⊥ | my x]
[2026-01-10 22:32:13] [INFO] Proof verification completed
[2026-01-10 22:32:13] [INFO] Strategy aesop attempt 1: verified=False
[2026-01-10 22:32:13] [INFO] Verification message: Cannot build modified file: <error line="234" column="2">
<code_line>  aesop</code_line>
<message>error: tactic 'aesop' failed, made no progress</message>
</error>
Initial goal:
  α β : Type u
  m : Type u → Type v
  inst✝¹ : Monad m
  inst✝ : HasEvalSPMF m
  mx : m α
  h' : Pr[⊥ | mx] = 0
  my : α → m β
  ⊢ Pr[⊥ | mx >>= my] = ∑' (x : α), Pr[=x | mx] * Pr[⊥ | my x]

[2026-01-10 22:32:13] [INFO] Attempt 1 failed verification, continuing...
[2026-01-10 22:32:13] [INFO] ========================================
[2026-01-10 22:32:13] [INFO] Pass@k completed. Total results: 1
[2026-01-10 22:32:13] [INFO] FAILED: All 11 strategies x 1 attempts
[2026-01-10 22:32:13] [INFO] Writing results to file: /root/repo/result.json
[2026-01-10 22:32:13] [INFO] Result file written successfully
[2026-01-10 22:32:13] [INFO] Results exported to: /root/repo/result.json
[2026-01-10 22:32:13] [INFO] run_morphcloud_local.py completed successfully

[2026-01-10 22:32:14] [process_single_sorry] Downloading result file...
[2026-01-10 22:32:15] [process_single_sorry] Downloaded result to intermediate_experiment_outputs_full_reservoir/multi_tactic/2026-01-10_20-46-34_multi_tactic/individual/d536ad7bb65f62e00414be094c25123d6befd7d3347dd7d91fb743f6f50d9e37.json
[2026-01-10 22:32:16] [process_single_sorry] Instance context closed successfully
[2026-01-10 22:32:16] [process_single_sorry] Parsing result file...
[2026-01-10 22:32:16] [process_single_sorry] Successfully parsed result (list format, 1 results)
