[2026-01-10 22:21:41] [process_single_sorry] Starting for sorry d5d0023753a1213c6e55320813aa8156b1209a687caaa1eedab98f4dbccbb7ae
[2026-01-10 22:21:41] [process_single_sorry] Using snapshot: snapshot_11r0a1ns
[2026-01-10 22:21:41] [process_single_sorry] Repository: https://github.com/VCA-EPFL/graphiti@e2c8c3d6b29d196aaf032a2f0aa7ec5adb1793aa
[2026-01-10 22:21:41] [process_single_sorry] Instance name: graphiti_e2c8c3d6b29d_multi_tactic_d5d0023753a1213c6e55320813aa8156b1209a687caaa1eedab98f4dbccbb7ae
[2026-01-10 22:21:41] [process_single_sorry] Starting attempt 1/3
[2026-01-10 22:21:41] [process_single_sorry] Starting instance from snapshot...
[2026-01-10 22:21:42] [process_single_sorry] Instance started successfully: morphvm_trv4356b
[2026-01-10 22:21:42] [process_single_sorry] Creating .env file...
[2026-01-10 22:21:45] [process_single_sorry] .env file created (exit_code: 0)
[2026-01-10 22:21:45] [process_single_sorry] Executing agent command...
[2026-01-10 22:28:23] [process_single_sorry] Agent command completed (exit_code: 0)
[2026-01-10 22:28:23] [process_single_sorry] STDOUT:
Lake version 5.0.0-6741444 (Lean version 4.21.0)
Current branch: HEAD
Using cache (Azure) from origin: leanprover-community/mathlib4
No files to download
Decompressing 7572 file(s)
Unpacked in 144317 ms
Completed successfully!
⚠ [40/143] Replayed Graphiti.Core.Module
warning: Graphiti/Core/Module.lean:176:4: declaration uses 'sorry'
warning: Graphiti/Core/Module.lean:175:2: declaration uses 'sorry'
warning: Graphiti/Core/Module.lean:185:4: declaration uses 'sorry'
warning: Graphiti/Core/Module.lean:184:2: declaration uses 'sorry'
⚠ [73/143] Replayed Graphiti.Core.Rewrites.JoinRewrite
warning: Graphiti/Core/Rewrites/JoinRewrite.lean:14:4: declaration uses 'sorry'
⚠ [156/320] Replayed Graphiti.Core.ModuleLemmas
warning: Graphiti/Core/ModuleLemmas.lean:1801:8: declaration uses 'sorry'
⚠ [157/320] Replayed Graphiti.Core.Environment
warning: Graphiti/Core/Environment.lean:150:8: declaration uses 'sorry'
⚠ [3089/3096] Replayed Graphiti.Core.ExprLowLemmas
warning: Graphiti/Core/ExprLowLemmas.lean:3069:8: declaration uses 'sorry'
warning: Graphiti/Core/ExprLowLemmas.lean:3153:8: declaration uses 'sorry'
Build completed successfully (3096 jobs).
[22:27:36] INFO     Updated version-specific REPL cache to commit  config.py:388
                    3ecc010bc9b893bd2672bb36d1b1da8205933664                    

Results JSON:
[
  {
    "sorry": {
      "repo": {
        "remote": "https://github.com/VCA-EPFL/graphiti",
        "branch": "faster-commuting",
        "commit": "e2c8c3d6b29d196aaf032a2f0aa7ec5adb1793aa",
        "lean_version": "v4.26.0-rc2"
      },
      "location": {
        "path": "Graphiti/Projects/Noc/Utils.lean",
        "start_line": 190,
        "start_column": 6,
        "end_line": 190,
        "end_column": 11
      },
      "debug_info": {
        "goal": "n : ℕ\nα : Type u_1\nβ : Type u_2\nv : Vector α n\nidx : Fin n\nelt : α\nf : (idx : ℕ) → α → idx < n → β\n⊢ (v.set (↑idx) elt ⋯).mapFinIdx f = (v.mapFinIdx f).set (↑idx) (f (↑idx) elt ⋯) ⋯",
        "url": "https://github.com/VCA-EPFL/graphiti/blob/e2c8c3d6b29d196aaf032a2f0aa7ec5adb1793aa/Graphiti/Projects/Noc/Utils.lean#L190"
      },
      "metadata": {
        "blame_email_hash": "62ce473b4890",
        "blame_date": "2025-08-01T20:10:58+02:00",
        "inclusion_date": "2025-12-29T18:50:25.458860+00:00"
      },
      "id": "d5d0023753a1213c6e55320813aa8156b1209a687caaa1eedab98f4dbccbb7ae"
    },
    "proof": "grind",
    "proof_verified": true,
    "feedback": null,
    "verification_message": "Proof verified successfully",
    "success": true,
    "error_type": null,
    "error_message": null,
    "strategy_name": "grind",
    "proof_attempts": null
  }
]

[2026-01-10 22:28:23] [process_single_sorry] STDERR:
None of PyTorch, TensorFlow >= 2.0, or Flax have been found. Models won't be available and only tokenizers, configuration and file/data utilities can be used.
[2026-01-10 22:22:15] [INFO] ================================================================================
[2026-01-10 22:22:15] [INFO] Starting run_morphcloud_local.py
[2026-01-10 22:22:15] [INFO] ================================================================================
[2026-01-10 22:22:15] [INFO] Environment loaded
[2026-01-10 22:22:15] [INFO] Full command: /root/SorryDB/sorrydb/cli/run_morphcloud_local.py --repo-path /root/repo --sorry-json {"repo": {"remote": "https://github.com/VCA-EPFL/graphiti", "branch": "faster-commuting", "commit": "e2c8c3d6b29d196aaf032a2f0aa7ec5adb1793aa", "lean_version": "v4.26.0-rc2"}, "location": {"path": "Graphiti/Projects/Noc/Utils.lean", "start_line": 190, "start_column": 6, "end_line": 190, "end_column": 11}, "debug_info": {"goal": "n : \u2115\n\u03b1 : Type u_1\n\u03b2 : Type u_2\nv : Vector \u03b1 n\nidx : Fin n\nelt : \u03b1\nf : (idx : \u2115) \u2192 \u03b1 \u2192 idx < n \u2192 \u03b2\n\u22a2 (v.set (\u2191idx) elt \u22ef).mapFinIdx f = (v.mapFinIdx f).set (\u2191idx) (f (\u2191idx) elt \u22ef) \u22ef", "url": "https://github.com/VCA-EPFL/graphiti/blob/e2c8c3d6b29d196aaf032a2f0aa7ec5adb1793aa/Graphiti/Projects/Noc/Utils.lean#L190"}, "metadata": {"blame_email_hash": "62ce473b4890", "blame_date": "2025-08-01T20:10:58+02:00", "inclusion_date": "2025-12-29T18:50:25.458860+00:00"}, "id": "d5d0023753a1213c6e55320813aa8156b1209a687caaa1eedab98f4dbccbb7ae"} --agent-strategy {"name": "multi_tactic", "args": {}}
[2026-01-10 22:22:15] [INFO] Arguments parsed: repo_path=/root/repo, output_path=/root/repo/result.json
[2026-01-10 22:22:15] [INFO] Strategy spec: {"name": "multi_tactic", "args": {}}...
[2026-01-10 22:22:15] [INFO] Loading sorry data...
[2026-01-10 22:22:15] [INFO] Parsing sorry from JSON string...
[2026-01-10 22:22:15] [INFO] Sorry data parsed from JSON string
[2026-01-10 22:22:15] [INFO] Creating strategy from spec...
[2026-01-10 22:22:15] [INFO] Parsing strategy spec (length: 36 chars)
[2026-01-10 22:22:15] [INFO] Strategy name: multi_tactic
[2026-01-10 22:22:15] [INFO] Strategy args: {}
[2026-01-10 22:22:15] [INFO] Pass@k value: 1
[2026-01-10 22:22:15] [INFO] Creating strategy: multi_tactic
[2026-01-10 22:22:15] [INFO] Creating multi_tactic strategy with tactics: ['rfl', 'simp', 'simp_all', 'exact?', 'grind', 'ring', 'norm_num', 'omega', 'linarith', 'nlinarith', 'aesop']
[2026-01-10 22:22:15] [INFO] Strategies created: ['rfl', 'simp', 'simp_all', 'exact?', 'grind', 'ring', 'norm_num', 'omega', 'linarith', 'nlinarith', 'aesop']
[2026-01-10 22:22:15] [INFO] Pass@k value: 1
[2026-01-10 22:22:15] [INFO] Creating Sorry object...
[2026-01-10 22:22:15] [INFO] Sorry object created: id=d5d0023753a1213c6e55320813aa8156b1209a687caaa1eedab98f4dbccbb7ae
[2026-01-10 22:22:15] [INFO] Sorry location: Graphiti/Projects/Noc/Utils.lean:190
[2026-01-10 22:22:15] [INFO] Context before sorry (lines 185-190):
[2026-01-10 22:22:15] [INFO]   185:       sorry
[2026-01-10 22:22:15] [INFO]   186: 
[2026-01-10 22:22:15] [INFO]   187:   theorem vec_set_map {α β} {v : Vector α n} {idx : Fin n} {elt : α}
[2026-01-10 22:22:15] [INFO]   188:     {f : (idx : Nat) → α → (idx < n) → β} :
[2026-01-10 22:22:15] [INFO]   189:     (v.set idx elt).mapFinIdx f = (v.mapFinIdx f).set idx (f idx.1 elt idx.2) := by
[2026-01-10 22:22:15] [INFO]   190:       sorry
[2026-01-10 22:22:15] [INFO] Sorry line:       sorry
[2026-01-10 22:22:15] [INFO] Sorry goal: n : ℕ
α : Type u_1
β : Type u_2
v : Vector α n
idx : Fin n
elt : α
f : (idx : ℕ) → α → idx < n → β
⊢...
[2026-01-10 22:22:15] [INFO] ========================================
[2026-01-10 22:22:15] [INFO] Trying strategy: rfl (up to 1 attempts)
[2026-01-10 22:22:15] [INFO] --------------------
[2026-01-10 22:22:15] [INFO] Strategy rfl, attempt 1/1
[2026-01-10 22:22:15] [INFO] Starting proof generation...
[2026-01-10 22:22:15] [INFO] Repository path: /root/repo
[2026-01-10 22:22:15] [INFO] Proof generation completed
[2026-01-10 22:22:15] [INFO] Generated proof:
[2026-01-10 22:22:15] [INFO] rfl
[2026-01-10 22:22:15] [INFO] Proof length: 3 chars
[2026-01-10 22:22:15] [INFO] Starting proof verification...
[2026-01-10 22:22:15] [INFO] Verifying at: Graphiti/Projects/Noc/Utils.lean:190
[2026-01-10 22:22:15] [INFO] Using LEAN INTERACT verify
[2026-01-10 22:22:15] [INFO] Checking file
[2026-01-10 22:23:27] [INFO] Cannot build modified file Note: This linter can be disabled with `set_option linter.unnecessarySimpa false`

Note: This linter can be disabled with `set_option linter.unnecessarySimpa false`

Note: This linter can be disabled with `set_option linter.unnecessarySimpa false`

Note: This linter can be disabled with `set_option linter.unnecessarySimpa false`

Note: This linter can be disabled with `set_option linter.unnecessarySimpa false`
<error line="190" column="6">
<code_line>      rfl</code_line>
<message>error: Tactic `rfl` failed: The left-hand side</message>
</error>
  (v.set (↑idx) elt ⋯).mapFinIdx f
is not definitionally equal to the right-hand side
  (v.mapFinIdx f).set (↑idx) (f (↑idx) elt ⋯) ⋯

n : ℕ
α : Type u_1
β : Type u_2
v : Vector α n
idx : Fin n
elt : α
f : (idx : ℕ) → α → idx < n → β
⊢ (v.set (↑idx) elt ⋯).mapFinIdx f = (v.mapFinIdx f).set (↑idx) (f (↑idx) elt ⋯) ⋯

Note: This linter can be disabled with `set_option linter.unnecessarySimpa false`

Note: This linter can be disabled with `set_option linter.unnecessarySimpa false`

Note: This linter can be disabled with `set_option linter.unnecessarySimpa false`

Note: This linter can be disabled with `set_option linter.unnecessarySimpa false`

Note: This linter can be disabled with `set_option linter.unnecessarySimpa false`

Note: This linter can be disabled with `set_option linter.unnecessarySimpa false`

Note: This linter can be disabled with `set_option linter.unnecessarySimpa false`

Note: This linter can be disabled with `set_option linter.unnecessarySimpa false`

Note: This linter can be disabled with `set_option linter.unnecessarySimpa false`

Note: This linter can be disabled with `set_option linter.unnecessarySeqFocus false`

Note: This linter can be disabled with `set_option linter.unnecessarySimpa false`

Note: This linter can be disabled with `set_option linter.unnecessarySimpa false`
[2026-01-10 22:23:27] [INFO] Proof verification completed
[2026-01-10 22:23:27] [INFO] Strategy rfl attempt 1: verified=False
[2026-01-10 22:23:27] [INFO] Verification message: Cannot build modified file: Note: This linter can be disabled with `set_option linter.unnecessarySimpa false`

Note: This linter can be disabled with `set_option linter.unnecessarySimpa false`

Note: This linter can be disabled with `set_option linter.unnecessarySimpa false`

Note: This linter can be disabled with `set_option linter.unnecessarySimpa false`

Note: This linter can be disabled with `set_option linter.unnecessarySimpa false`
<error line="190" column="6">
<code_line>      rfl</code_line>
<message>error: Tactic `rfl` failed: The left-hand side</message>
</error>
  (v.set (↑idx) elt ⋯).mapFinIdx f
is not definitionally equal to the right-hand side
  (v.mapFinIdx f).set (↑idx) (f (↑idx) elt ⋯) ⋯

n : ℕ
α : Type u_1
β : Type u_2
v : Vector α n
idx : Fin n
elt : α
f : (idx : ℕ) → α → idx < n → β
⊢ (v.set (↑idx) elt ⋯).mapFinIdx f = (v.mapFinIdx f).set (↑idx) (f (↑idx) elt ⋯) ⋯

Note: This linter can be disabled with `set_option linter.unnecessarySimpa false`

Note: This linter can be disabled with `set_option linter.unnecessarySimpa false`

Note: This linter can be disabled with `set_option linter.unnecessarySimpa false`

Note: This linter can be disabled with `set_option linter.unnecessarySimpa false`

Note: This linter can be disabled with `set_option linter.unnecessarySimpa false`

Note: This linter can be disabled with `set_option linter.unnecessarySimpa false`

Note: This linter can be disabled with `set_option linter.unnecessarySimpa false`

Note: This linter can be disabled with `set_option linter.unnecessarySimpa false`

Note: This linter can be disabled with `set_option linter.unnecessarySimpa false`

Note: This linter can be disabled with `set_option linter.unnecessarySeqFocus false`

Note: This linter can be disabled with `set_option linter.unnecessarySimpa false`

Note: This linter can be disabled with `set_option linter.unnecessarySimpa false`

[2026-01-10 22:23:27] [INFO] Attempt 1 failed verification, continuing...
[2026-01-10 22:23:27] [INFO] ========================================
[2026-01-10 22:23:27] [INFO] Trying strategy: simp (up to 1 attempts)
[2026-01-10 22:23:27] [INFO] --------------------
[2026-01-10 22:23:27] [INFO] Strategy simp, attempt 1/1
[2026-01-10 22:23:27] [INFO] Starting proof generation...
[2026-01-10 22:23:27] [INFO] Repository path: /root/repo
[2026-01-10 22:23:27] [INFO] Proof generation completed
[2026-01-10 22:23:27] [INFO] Generated proof:
[2026-01-10 22:23:27] [INFO] simp
[2026-01-10 22:23:27] [INFO] Proof length: 4 chars
[2026-01-10 22:23:27] [INFO] Starting proof verification...
[2026-01-10 22:23:27] [INFO] Verifying at: Graphiti/Projects/Noc/Utils.lean:190
[2026-01-10 22:23:27] [INFO] Using LEAN INTERACT verify
[2026-01-10 22:23:27] [INFO] Checking file
[2026-01-10 22:23:38] [INFO] Cannot build modified file Note: This linter can be disabled with `set_option linter.unnecessarySimpa false`

Note: This linter can be disabled with `set_option linter.unnecessarySimpa false`

Note: This linter can be disabled with `set_option linter.unnecessarySimpa false`

Note: This linter can be disabled with `set_option linter.unnecessarySimpa false`

Note: This linter can be disabled with `set_option linter.unnecessarySimpa false`
<error line="190" column="6">
<code_line>      simp</code_line>
<message>error: `simp` made no progress</message>
</error>

Note: This linter can be disabled with `set_option linter.unnecessarySimpa false`

Note: This linter can be disabled with `set_option linter.unnecessarySimpa false`

Note: This linter can be disabled with `set_option linter.unnecessarySimpa false`

Note: This linter can be disabled with `set_option linter.unnecessarySimpa false`

Note: This linter can be disabled with `set_option linter.unnecessarySimpa false`

Note: This linter can be disabled with `set_option linter.unnecessarySimpa false`

Note: This linter can be disabled with `set_option linter.unnecessarySimpa false`

Note: This linter can be disabled with `set_option linter.unnecessarySimpa false`

Note: This linter can be disabled with `set_option linter.unnecessarySimpa false`

Note: This linter can be disabled with `set_option linter.unnecessarySeqFocus false`

Note: This linter can be disabled with `set_option linter.unnecessarySimpa false`

Note: This linter can be disabled with `set_option linter.unnecessarySimpa false`
[2026-01-10 22:23:38] [INFO] Proof verification completed
[2026-01-10 22:23:38] [INFO] Strategy simp attempt 1: verified=False
[2026-01-10 22:23:38] [INFO] Verification message: Cannot build modified file: Note: This linter can be disabled with `set_option linter.unnecessarySimpa false`

Note: This linter can be disabled with `set_option linter.unnecessarySimpa false`

Note: This linter can be disabled with `set_option linter.unnecessarySimpa false`

Note: This linter can be disabled with `set_option linter.unnecessarySimpa false`

Note: This linter can be disabled with `set_option linter.unnecessarySimpa false`
<error line="190" column="6">
<code_line>      simp</code_line>
<message>error: `simp` made no progress</message>
</error>

Note: This linter can be disabled with `set_option linter.unnecessarySimpa false`

Note: This linter can be disabled with `set_option linter.unnecessarySimpa false`

Note: This linter can be disabled with `set_option linter.unnecessarySimpa false`

Note: This linter can be disabled with `set_option linter.unnecessarySimpa false`

Note: This linter can be disabled with `set_option linter.unnecessarySimpa false`

Note: This linter can be disabled with `set_option linter.unnecessarySimpa false`

Note: This linter can be disabled with `set_option linter.unnecessarySimpa false`

Note: This linter can be disabled with `set_option linter.unnecessarySimpa false`

Note: This linter can be disabled with `set_option linter.unnecessarySimpa false`

Note: This linter can be disabled with `set_option linter.unnecessarySeqFocus false`

Note: This linter can be disabled with `set_option linter.unnecessarySimpa false`

Note: This linter can be disabled with `set_option linter.unnecessarySimpa false`

[2026-01-10 22:23:38] [INFO] Attempt 1 failed verification, continuing...
[2026-01-10 22:23:38] [INFO] ========================================
[2026-01-10 22:23:38] [INFO] Trying strategy: simp_all (up to 1 attempts)
[2026-01-10 22:23:38] [INFO] --------------------
[2026-01-10 22:23:38] [INFO] Strategy simp_all, attempt 1/1
[2026-01-10 22:23:38] [INFO] Starting proof generation...
[2026-01-10 22:23:38] [INFO] Repository path: /root/repo
[2026-01-10 22:23:38] [INFO] Proof generation completed
[2026-01-10 22:23:38] [INFO] Generated proof:
[2026-01-10 22:23:38] [INFO] simp_all
[2026-01-10 22:23:38] [INFO] Proof length: 8 chars
[2026-01-10 22:23:38] [INFO] Starting proof verification...
[2026-01-10 22:23:38] [INFO] Verifying at: Graphiti/Projects/Noc/Utils.lean:190
[2026-01-10 22:23:38] [INFO] Using LEAN INTERACT verify
[2026-01-10 22:23:38] [INFO] Checking file
[2026-01-10 22:23:49] [INFO] Cannot build modified file Note: This linter can be disabled with `set_option linter.unnecessarySimpa false`

Note: This linter can be disabled with `set_option linter.unnecessarySimpa false`

Note: This linter can be disabled with `set_option linter.unnecessarySimpa false`

Note: This linter can be disabled with `set_option linter.unnecessarySimpa false`

Note: This linter can be disabled with `set_option linter.unnecessarySimpa false`
<error line="190" column="6">
<code_line>      simp_all</code_line>
<message>error: simp_all made no progress</message>
</error>

Note: This linter can be disabled with `set_option linter.unnecessarySimpa false`

Note: This linter can be disabled with `set_option linter.unnecessarySimpa false`

Note: This linter can be disabled with `set_option linter.unnecessarySimpa false`

Note: This linter can be disabled with `set_option linter.unnecessarySimpa false`

Note: This linter can be disabled with `set_option linter.unnecessarySimpa false`

Note: This linter can be disabled with `set_option linter.unnecessarySimpa false`

Note: This linter can be disabled with `set_option linter.unnecessarySimpa false`

Note: This linter can be disabled with `set_option linter.unnecessarySimpa false`

Note: This linter can be disabled with `set_option linter.unnecessarySimpa false`

Note: This linter can be disabled with `set_option linter.unnecessarySeqFocus false`

Note: This linter can be disabled with `set_option linter.unnecessarySimpa false`

Note: This linter can be disabled with `set_option linter.unnecessarySimpa false`
[2026-01-10 22:23:49] [INFO] Proof verification completed
[2026-01-10 22:23:49] [INFO] Strategy simp_all attempt 1: verified=False
[2026-01-10 22:23:49] [INFO] Verification message: Cannot build modified file: Note: This linter can be disabled with `set_option linter.unnecessarySimpa false`

Note: This linter can be disabled with `set_option linter.unnecessarySimpa false`

Note: This linter can be disabled with `set_option linter.unnecessarySimpa false`

Note: This linter can be disabled with `set_option linter.unnecessarySimpa false`

Note: This linter can be disabled with `set_option linter.unnecessarySimpa false`
<error line="190" column="6">
<code_line>      simp_all</code_line>
<message>error: simp_all made no progress</message>
</error>

Note: This linter can be disabled with `set_option linter.unnecessarySimpa false`

Note: This linter can be disabled with `set_option linter.unnecessarySimpa false`

Note: This linter can be disabled with `set_option linter.unnecessarySimpa false`

Note: This linter can be disabled with `set_option linter.unnecessarySimpa false`

Note: This linter can be disabled with `set_option linter.unnecessarySimpa false`

Note: This linter can be disabled with `set_option linter.unnecessarySimpa false`

Note: This linter can be disabled with `set_option linter.unnecessarySimpa false`

Note: This linter can be disabled with `set_option linter.unnecessarySimpa false`

Note: This linter can be disabled with `set_option linter.unnecessarySimpa false`

Note: This linter can be disabled with `set_option linter.unnecessarySeqFocus false`

Note: This linter can be disabled with `set_option linter.unnecessarySimpa false`

Note: This linter can be disabled with `set_option linter.unnecessarySimpa false`

[2026-01-10 22:23:49] [INFO] Attempt 1 failed verification, continuing...
[2026-01-10 22:23:49] [INFO] ========================================
[2026-01-10 22:23:49] [INFO] Trying strategy: exact? (up to 1 attempts)
[2026-01-10 22:23:49] [INFO] --------------------
[2026-01-10 22:23:49] [INFO] Strategy exact?, attempt 1/1
[2026-01-10 22:23:49] [INFO] Starting proof generation...
[2026-01-10 22:23:49] [INFO] Repository path: /root/repo
[2026-01-10 22:23:49] [INFO] Proof generation completed
[2026-01-10 22:23:49] [INFO] Generated proof:
[2026-01-10 22:23:49] [INFO] exact?
[2026-01-10 22:23:49] [INFO] Proof length: 6 chars
[2026-01-10 22:23:49] [INFO] Starting proof verification...
[2026-01-10 22:23:49] [INFO] Verifying at: Graphiti/Projects/Noc/Utils.lean:190
[2026-01-10 22:23:49] [INFO] Using LEAN INTERACT verify
[2026-01-10 22:23:49] [INFO] Checking file
[2026-01-10 22:24:00] [INFO] Cannot build modified file Note: This linter can be disabled with `set_option linter.unnecessarySimpa false`

Note: This linter can be disabled with `set_option linter.unnecessarySimpa false`

Note: This linter can be disabled with `set_option linter.unnecessarySimpa false`

Note: This linter can be disabled with `set_option linter.unnecessarySimpa false`

Note: This linter can be disabled with `set_option linter.unnecessarySimpa false`
<error line="190" column="6">
<code_line>      exact?</code_line>
<message>error: `exact?` could not close the goal. Try `apply?` to see partial suggestions.</message>
</error>

Note: This linter can be disabled with `set_option linter.unnecessarySimpa false`

Note: This linter can be disabled with `set_option linter.unnecessarySimpa false`

Note: This linter can be disabled with `set_option linter.unnecessarySimpa false`

Note: This linter can be disabled with `set_option linter.unnecessarySimpa false`

Note: This linter can be disabled with `set_option linter.unnecessarySimpa false`

Note: This linter can be disabled with `set_option linter.unnecessarySimpa false`

Note: This linter can be disabled with `set_option linter.unnecessarySimpa false`

Note: This linter can be disabled with `set_option linter.unnecessarySimpa false`

Note: This linter can be disabled with `set_option linter.unnecessarySimpa false`

Note: This linter can be disabled with `set_option linter.unnecessarySeqFocus false`

Note: This linter can be disabled with `set_option linter.unnecessarySimpa false`

Note: This linter can be disabled with `set_option linter.unnecessarySimpa false`
[2026-01-10 22:24:00] [INFO] Proof verification completed
[2026-01-10 22:24:00] [INFO] Strategy exact? attempt 1: verified=False
[2026-01-10 22:24:00] [INFO] Verification message: Cannot build modified file: Note: This linter can be disabled with `set_option linter.unnecessarySimpa false`

Note: This linter can be disabled with `set_option linter.unnecessarySimpa false`

Note: This linter can be disabled with `set_option linter.unnecessarySimpa false`

Note: This linter can be disabled with `set_option linter.unnecessarySimpa false`

Note: This linter can be disabled with `set_option linter.unnecessarySimpa false`
<error line="190" column="6">
<code_line>      exact?</code_line>
<message>error: `exact?` could not close the goal. Try `apply?` to see partial suggestions.</message>
</error>

Note: This linter can be disabled with `set_option linter.unnecessarySimpa false`

Note: This linter can be disabled with `set_option linter.unnecessarySimpa false`

Note: This linter can be disabled with `set_option linter.unnecessarySimpa false`

Note: This linter can be disabled with `set_option linter.unnecessarySimpa false`

Note: This linter can be disabled with `set_option linter.unnecessarySimpa false`

Note: This linter can be disabled with `set_option linter.unnecessarySimpa false`

Note: This linter can be disabled with `set_option linter.unnecessarySimpa false`

Note: This linter can be disabled with `set_option linter.unnecessarySimpa false`

Note: This linter can be disabled with `set_option linter.unnecessarySimpa false`

Note: This linter can be disabled with `set_option linter.unnecessarySeqFocus false`

Note: This linter can be disabled with `set_option linter.unnecessarySimpa false`

Note: This linter can be disabled with `set_option linter.unnecessarySimpa false`

[2026-01-10 22:24:00] [INFO] Attempt 1 failed verification, continuing...
[2026-01-10 22:24:00] [INFO] ========================================
[2026-01-10 22:24:00] [INFO] Trying strategy: grind (up to 1 attempts)
[2026-01-10 22:24:00] [INFO] --------------------
[2026-01-10 22:24:00] [INFO] Strategy grind, attempt 1/1
[2026-01-10 22:24:00] [INFO] Starting proof generation...
[2026-01-10 22:24:00] [INFO] Repository path: /root/repo
[2026-01-10 22:24:00] [INFO] Proof generation completed
[2026-01-10 22:24:00] [INFO] Generated proof:
[2026-01-10 22:24:00] [INFO] grind
[2026-01-10 22:24:00] [INFO] Proof length: 5 chars
[2026-01-10 22:24:00] [INFO] Starting proof verification...
[2026-01-10 22:24:00] [INFO] Verifying at: Graphiti/Projects/Noc/Utils.lean:190
[2026-01-10 22:24:00] [INFO] Using LEAN INTERACT verify
[2026-01-10 22:24:00] [INFO] Checking file
[2026-01-10 22:24:09] [INFO] Building REPL config
info: downloading https://releases.lean-lang.org/lean4/v4.21.0/lean-4.21.0-linux.tar.zst
info: installing /root/.elan/toolchains/leanprover--lean4---v4.21.0
[2026-01-10 22:27:36] [INFO] Updated version-specific REPL cache to commit 3ecc010bc9b893bd2672bb36d1b1da8205933664
[2026-01-10 22:28:04] [INFO] Creating Lean server
[2026-01-10 22:28:04] [INFO] Reading original file with timeout 180
[2026-01-10 22:28:14] [INFO] Received response from original file
[2026-01-10 22:28:14] [INFO] Reading modified file
[2026-01-10 22:28:20] [INFO] Proof verified (using LeanInteract)
[2026-01-10 22:28:21] [INFO] Proof verification completed
[2026-01-10 22:28:21] [INFO] Strategy grind attempt 1: verified=True
[2026-01-10 22:28:21] [INFO] Verification message: Proof verified successfully
[2026-01-10 22:28:21] [INFO] SUCCESS! Proof verified on attempt 1
[2026-01-10 22:28:21] [INFO] ========================================
[2026-01-10 22:28:21] [INFO] Pass@k completed. Total results: 1
[2026-01-10 22:28:21] [INFO] SUCCESS: grind
[2026-01-10 22:28:21] [INFO] Writing results to file: /root/repo/result.json
[2026-01-10 22:28:21] [INFO] Result file written successfully
[2026-01-10 22:28:21] [INFO] Results exported to: /root/repo/result.json
[2026-01-10 22:28:21] [INFO] run_morphcloud_local.py completed successfully

[2026-01-10 22:28:23] [process_single_sorry] Downloading result file...
[2026-01-10 22:28:24] [process_single_sorry] Downloaded result to intermediate_experiment_outputs_full_reservoir/multi_tactic/2026-01-10_20-46-34_multi_tactic/individual/d5d0023753a1213c6e55320813aa8156b1209a687caaa1eedab98f4dbccbb7ae.json
[2026-01-10 22:28:29] [process_single_sorry] Instance context closed successfully
[2026-01-10 22:28:29] [process_single_sorry] Parsing result file...
[2026-01-10 22:28:29] [process_single_sorry] Successfully parsed result (list format, 1 results)
