[2026-01-10 20:53:34] [process_single_sorry] Starting for sorry d7e09c373cbc02a8695bb0512273e1fd6718ada70c7dc88b2515e3c1332959df
[2026-01-10 20:53:34] [process_single_sorry] Using snapshot: snapshot_chlyv6ap
[2026-01-10 20:53:34] [process_single_sorry] Repository: https://github.com/AlexKontorovich/PrimeNumberTheoremAnd@653f1fd8f4ccbf3fc22f7933a51fca5fea0a93cf
[2026-01-10 20:53:34] [process_single_sorry] Instance name: PrimeNumberTheoremAnd_653f1fd8f4cc_multi_tactic_d7e09c373cbc02a8695bb0512273e1fd6718ada70c7dc88b2515e3c1332959df
[2026-01-10 20:53:34] [process_single_sorry] Starting attempt 1/3
[2026-01-10 20:53:34] [process_single_sorry] Starting instance from snapshot...
[2026-01-10 20:53:35] [process_single_sorry] Instance started successfully: morphvm_2kdlkyr6
[2026-01-10 20:53:35] [process_single_sorry] Creating .env file...
[2026-01-10 20:53:54] [process_single_sorry] .env file created (exit_code: 0)
[2026-01-10 20:53:54] [process_single_sorry] Executing agent command...
[2026-01-10 20:58:41] [process_single_sorry] Agent command completed (exit_code: 0)
[2026-01-10 20:58:41] [process_single_sorry] STDOUT:

Results JSON:
[
  {
    "sorry": {
      "repo": {
        "remote": "https://github.com/AlexKontorovich/PrimeNumberTheoremAnd",
        "branch": "main",
        "commit": "653f1fd8f4ccbf3fc22f7933a51fca5fea0a93cf",
        "lean_version": "v4.26.0"
      },
      "location": {
        "path": "PrimeNumberTheoremAnd/Lcm.lean",
        "start_line": 484,
        "start_column": 171,
        "end_line": 484,
        "end_column": 176
      },
      "debug_info": {
        "goal": "n : ‚Ąē\nhn : n ‚Č• Lcm.X‚āÄ ^ 2\n‚äĘ ‚ąŹ i, (1 + 1 / ‚ÜĎ(Exists.choose (Lcm.exists_q_primes n hn) i)) ‚Č§ ‚ąŹ i, (1 + (1 + 1 / log ‚ąö‚ÜĎn ^ 3) ^ (‚ÜĎ‚ÜĎi + 1) / ‚ÜĎn)",
        "url": "https://github.com/AlexKontorovich/PrimeNumberTheoremAnd/blob/653f1fd8f4ccbf3fc22f7933a51fca5fea0a93cf/PrimeNumberTheoremAnd/Lcm.lean#L484"
      },
      "metadata": {
        "blame_email_hash": "d7f0e4a42bbb",
        "blame_date": "2025-11-29T20:11:59-08:00",
        "inclusion_date": "2025-12-29T14:36:34.379527+00:00"
      },
      "id": "d7e09c373cbc02a8695bb0512273e1fd6718ada70c7dc88b2515e3c1332959df"
    },
    "proof": null,
    "proof_verified": false,
    "feedback": null,
    "verification_message": "All 11 attempts failed (11 strategies x 1 attempts each)",
    "success": true,
    "error_type": null,
    "error_message": null,
    "strategy_name": "all_failed_k=1",
    "proof_attempts": [
      "rfl",
      "simp",
      "simp_all",
      "exact?",
      "grind",
      "ring",
      "norm_num",
      "omega",
      "linarith",
      "nlinarith",
      "aesop"
    ]
  }
]

[2026-01-10 20:58:41] [process_single_sorry] STDERR:
None of PyTorch, TensorFlow >= 2.0, or Flax have been found. Models won't be available and only tokenizers, configuration and file/data utilities can be used.
[2026-01-10 20:54:27] [INFO] ================================================================================
[2026-01-10 20:54:27] [INFO] Starting run_morphcloud_local.py
[2026-01-10 20:54:27] [INFO] ================================================================================
[2026-01-10 20:54:27] [INFO] Environment loaded
[2026-01-10 20:54:27] [INFO] Full command: /root/SorryDB/sorrydb/cli/run_morphcloud_local.py --repo-path /root/repo --sorry-json {"repo": {"remote": "https://github.com/AlexKontorovich/PrimeNumberTheoremAnd", "branch": "main", "commit": "653f1fd8f4ccbf3fc22f7933a51fca5fea0a93cf", "lean_version": "v4.26.0"}, "location": {"path": "PrimeNumberTheoremAnd/Lcm.lean", "start_line": 484, "start_column": 171, "end_line": 484, "end_column": 176}, "debug_info": {"goal": "n : \u2115\nhn : n \u2265 Lcm.X\u2080 ^ 2\n\u22a2 \u220f i, (1 + 1 / \u2191(Exists.choose (Lcm.exists_q_primes n hn) i)) \u2264 \u220f i, (1 + (1 + 1 / log \u221a\u2191n ^ 3) ^ (\u2191\u2191i + 1) / \u2191n)", "url": "https://github.com/AlexKontorovich/PrimeNumberTheoremAnd/blob/653f1fd8f4ccbf3fc22f7933a51fca5fea0a93cf/PrimeNumberTheoremAnd/Lcm.lean#L484"}, "metadata": {"blame_email_hash": "d7f0e4a42bbb", "blame_date": "2025-11-29T20:11:59-08:00", "inclusion_date": "2025-12-29T14:36:34.379527+00:00"}, "id": "d7e09c373cbc02a8695bb0512273e1fd6718ada70c7dc88b2515e3c1332959df"} --agent-strategy {"name": "multi_tactic", "args": {}}
[2026-01-10 20:54:27] [INFO] Arguments parsed: repo_path=/root/repo, output_path=/root/repo/result.json
[2026-01-10 20:54:27] [INFO] Strategy spec: {"name": "multi_tactic", "args": {}}...
[2026-01-10 20:54:27] [INFO] Loading sorry data...
[2026-01-10 20:54:27] [INFO] Parsing sorry from JSON string...
[2026-01-10 20:54:27] [INFO] Sorry data parsed from JSON string
[2026-01-10 20:54:27] [INFO] Creating strategy from spec...
[2026-01-10 20:54:27] [INFO] Parsing strategy spec (length: 36 chars)
[2026-01-10 20:54:27] [INFO] Strategy name: multi_tactic
[2026-01-10 20:54:27] [INFO] Strategy args: {}
[2026-01-10 20:54:27] [INFO] Pass@k value: 1
[2026-01-10 20:54:27] [INFO] Creating strategy: multi_tactic
[2026-01-10 20:54:27] [INFO] Creating multi_tactic strategy with tactics: ['rfl', 'simp', 'simp_all', 'exact?', 'grind', 'ring', 'norm_num', 'omega', 'linarith', 'nlinarith', 'aesop']
[2026-01-10 20:54:27] [INFO] Strategies created: ['rfl', 'simp', 'simp_all', 'exact?', 'grind', 'ring', 'norm_num', 'omega', 'linarith', 'nlinarith', 'aesop']
[2026-01-10 20:54:27] [INFO] Pass@k value: 1
[2026-01-10 20:54:27] [INFO] Creating Sorry object...
[2026-01-10 20:54:27] [INFO] Sorry object created: id=d7e09c373cbc02a8695bb0512273e1fd6718ada70c7dc88b2515e3c1332959df
[2026-01-10 20:54:27] [INFO] Sorry location: PrimeNumberTheoremAnd/Lcm.lean:484
[2026-01-10 20:54:27] [INFO] Context before sorry (lines 479-484):
[2026-01-10 20:54:27] [INFO]   479:   \prod_{i=1}^3 \Bigl(1 + \frac{\bigl(1 + \frac{1}{\log^3 \sqrt{n}}\bigr)^i}{n} \Bigr).
[2026-01-10 20:54:27] [INFO]   480: \end{equation}
[2026-01-10 20:54:27] [INFO]   481: \end{lemma}
[2026-01-10 20:54:27] [INFO]   482: %%-/
[2026-01-10 20:54:27] [INFO]   483: 
[2026-01-10 20:54:27] [INFO]   484: theorem prod_q_ge {n : ‚Ąē} (hn : n ‚Č• X‚āÄ ^ 2) : ‚ąŹ i, (1 + (1:‚ĄĚ) / ((exists_q_primes hn).choose i)) ‚Č§ ‚ąŹ i:Fin 3, (1 + (1 + 1 / (log (‚ąö(n : ‚ĄĚ))) ^ 3) ^ ((i:‚Ąē)+1:‚ĄĚ) / n) := by sorry
[2026-01-10 20:54:27] [INFO] Sorry line: theorem prod_q_ge {n : ‚Ąē} (hn : n ‚Č• X‚āÄ ^ 2) : ‚ąŹ i, (1 + (1:‚ĄĚ) / ((exists_q_primes hn).choose i)) ‚Č§ ‚ąŹ i:Fin 3, (1 + (1 + 1 / (log (‚ąö(n : ‚ĄĚ))) ^ 3) ^ ((i:‚Ąē)+1:‚ĄĚ) / n) := by sorry
[2026-01-10 20:54:27] [INFO] Sorry goal: n : ‚Ąē
hn : n ‚Č• Lcm.X‚āÄ ^ 2
‚äĘ ‚ąŹ i, (1 + 1 / ‚ÜĎ(Exists.choose (Lcm.exists_q_primes n hn) i)) ‚Č§ ‚ąŹ i, (1 +...
[2026-01-10 20:54:27] [INFO] ========================================
[2026-01-10 20:54:27] [INFO] Trying strategy: rfl (up to 1 attempts)
[2026-01-10 20:54:27] [INFO] --------------------
[2026-01-10 20:54:27] [INFO] Strategy rfl, attempt 1/1
[2026-01-10 20:54:27] [INFO] Starting proof generation...
[2026-01-10 20:54:27] [INFO] Repository path: /root/repo
[2026-01-10 20:54:27] [INFO] Proof generation completed
[2026-01-10 20:54:27] [INFO] Generated proof:
[2026-01-10 20:54:27] [INFO] rfl
[2026-01-10 20:54:27] [INFO] Proof length: 3 chars
[2026-01-10 20:54:27] [INFO] Starting proof verification...
[2026-01-10 20:54:27] [INFO] Verifying at: PrimeNumberTheoremAnd/Lcm.lean:484
[2026-01-10 20:54:27] [INFO] Using LEAN INTERACT verify
[2026-01-10 20:54:27] [INFO] Checking file
[2026-01-10 20:57:00] [INFO] Cannot build modified file <error line="484" column="171">
<code_line>theorem prod_q_ge {n : ‚Ąē} (hn : n ‚Č• X‚āÄ ^ 2) : ‚ąŹ i, (1 + (1:‚ĄĚ) / ((exists_q_primes hn).choose i)) ‚Č§ ‚ąŹ i:Fin 3, (1 + (1 + 1 / (log (‚ąö(n : ‚ĄĚ))) ^ 3) ^ ((i:‚Ąē)+1:‚ĄĚ) / n) := by rfl</code_line>
<message>error: Tactic `rfl` failed: The left-hand side</message>
</error>
  ‚ąŹ i, (1 + 1 / ‚ÜĎ(‚čĮ.choose i))
is not definitionally equal to the right-hand side
  ‚ąŹ i, (1 + (1 + 1 / log ‚ąö‚ÜĎn ^ 3) ^ (‚ÜĎ‚ÜĎi + 1) / ‚ÜĎn)

n : ‚Ąē
hn : n ‚Č• X‚āÄ ^ 2
‚äĘ ‚ąŹ i, (1 + 1 / ‚ÜĎ(‚čĮ.choose i)) ‚Č§ ‚ąŹ i, (1 + (1 + 1 / log ‚ąö‚ÜĎn ^ 3) ^ (‚ÜĎ‚ÜĎi + 1) / ‚ÜĎn)
[2026-01-10 20:57:00] [INFO] Proof verification completed
[2026-01-10 20:57:00] [INFO] Strategy rfl attempt 1: verified=False
[2026-01-10 20:57:00] [INFO] Verification message: Cannot build modified file: <error line="484" column="171">
<code_line>theorem prod_q_ge {n : ‚Ąē} (hn : n ‚Č• X‚āÄ ^ 2) : ‚ąŹ i, (1 + (1:‚ĄĚ) / ((exists_q_primes hn).choose i)) ‚Č§ ‚ąŹ i:Fin 3, (1 + (1 + 1 / (log (‚ąö(n : ‚ĄĚ))) ^ 3) ^ ((i:‚Ąē)+1:‚ĄĚ) / n) := by rfl</code_line>
<message>error: Tactic `rfl` failed: The left-hand side</message>
</error>
  ‚ąŹ i, (1 + 1 / ‚ÜĎ(‚čĮ.choose i))
is not definitionally equal to the right-hand side
  ‚ąŹ i, (1 + (1 + 1 / log ‚ąö‚ÜĎn ^ 3) ^ (‚ÜĎ‚ÜĎi + 1) / ‚ÜĎn)

n : ‚Ąē
hn : n ‚Č• X‚āÄ ^ 2
‚äĘ ‚ąŹ i, (1 + 1 / ‚ÜĎ(‚čĮ.choose i)) ‚Č§ ‚ąŹ i, (1 + (1 + 1 / log ‚ąö‚ÜĎn ^ 3) ^ (‚ÜĎ‚ÜĎi + 1) / ‚ÜĎn)

[2026-01-10 20:57:00] [INFO] Attempt 1 failed verification, continuing...
[2026-01-10 20:57:00] [INFO] ========================================
[2026-01-10 20:57:00] [INFO] Trying strategy: simp (up to 1 attempts)
[2026-01-10 20:57:00] [INFO] --------------------
[2026-01-10 20:57:00] [INFO] Strategy simp, attempt 1/1
[2026-01-10 20:57:00] [INFO] Starting proof generation...
[2026-01-10 20:57:00] [INFO] Repository path: /root/repo
[2026-01-10 20:57:00] [INFO] Proof generation completed
[2026-01-10 20:57:00] [INFO] Generated proof:
[2026-01-10 20:57:00] [INFO] simp
[2026-01-10 20:57:00] [INFO] Proof length: 4 chars
[2026-01-10 20:57:00] [INFO] Starting proof verification...
[2026-01-10 20:57:00] [INFO] Verifying at: PrimeNumberTheoremAnd/Lcm.lean:484
[2026-01-10 20:57:00] [INFO] Using LEAN INTERACT verify
[2026-01-10 20:57:00] [INFO] Checking file
[2026-01-10 20:57:07] [INFO] Cannot build modified file <error line="484" column="168">
<code_line>theorem prod_q_ge {n : ‚Ąē} (hn : n ‚Č• X‚āÄ ^ 2) : ‚ąŹ i, (1 + (1:‚ĄĚ) / ((exists_q_primes hn).choose i)) ‚Č§ ‚ąŹ i:Fin 3, (1 + (1 + 1 / (log (‚ąö(n : ‚ĄĚ))) ^ 3) ^ ((i:‚Ąē)+1:‚ĄĚ) / n) := by simp</code_line>
<message>error: unsolved goals</message>
</error>
n : ‚Ąē
hn : n ‚Č• X‚āÄ ^ 2
‚äĘ ‚ąŹ x, (1 + (‚ÜĎ(‚čĮ.choose x))‚ĀĽ¬Ļ) ‚Č§ ‚ąŹ x, (1 + (1 + (log ‚ąö‚ÜĎn ^ 3)‚ĀĽ¬Ļ) ^ (‚ÜĎ‚ÜĎx + 1) / ‚ÜĎn)
[2026-01-10 20:57:07] [INFO] Proof verification completed
[2026-01-10 20:57:07] [INFO] Strategy simp attempt 1: verified=False
[2026-01-10 20:57:07] [INFO] Verification message: Cannot build modified file: <error line="484" column="168">
<code_line>theorem prod_q_ge {n : ‚Ąē} (hn : n ‚Č• X‚āÄ ^ 2) : ‚ąŹ i, (1 + (1:‚ĄĚ) / ((exists_q_primes hn).choose i)) ‚Č§ ‚ąŹ i:Fin 3, (1 + (1 + 1 / (log (‚ąö(n : ‚ĄĚ))) ^ 3) ^ ((i:‚Ąē)+1:‚ĄĚ) / n) := by simp</code_line>
<message>error: unsolved goals</message>
</error>
n : ‚Ąē
hn : n ‚Č• X‚āÄ ^ 2
‚äĘ ‚ąŹ x, (1 + (‚ÜĎ(‚čĮ.choose x))‚ĀĽ¬Ļ) ‚Č§ ‚ąŹ x, (1 + (1 + (log ‚ąö‚ÜĎn ^ 3)‚ĀĽ¬Ļ) ^ (‚ÜĎ‚ÜĎx + 1) / ‚ÜĎn)

[2026-01-10 20:57:07] [INFO] Attempt 1 failed verification, continuing...
[2026-01-10 20:57:07] [INFO] ========================================
[2026-01-10 20:57:07] [INFO] Trying strategy: simp_all (up to 1 attempts)
[2026-01-10 20:57:07] [INFO] --------------------
[2026-01-10 20:57:07] [INFO] Strategy simp_all, attempt 1/1
[2026-01-10 20:57:07] [INFO] Starting proof generation...
[2026-01-10 20:57:07] [INFO] Repository path: /root/repo
[2026-01-10 20:57:07] [INFO] Proof generation completed
[2026-01-10 20:57:07] [INFO] Generated proof:
[2026-01-10 20:57:07] [INFO] simp_all
[2026-01-10 20:57:07] [INFO] Proof length: 8 chars
[2026-01-10 20:57:07] [INFO] Starting proof verification...
[2026-01-10 20:57:07] [INFO] Verifying at: PrimeNumberTheoremAnd/Lcm.lean:484
[2026-01-10 20:57:07] [INFO] Using LEAN INTERACT verify
[2026-01-10 20:57:07] [INFO] Checking file
[2026-01-10 20:57:13] [INFO] Cannot build modified file <error line="484" column="168">
<code_line>theorem prod_q_ge {n : ‚Ąē} (hn : n ‚Č• X‚āÄ ^ 2) : ‚ąŹ i, (1 + (1:‚ĄĚ) / ((exists_q_primes hn).choose i)) ‚Č§ ‚ąŹ i:Fin 3, (1 + (1 + 1 / (log (‚ąö(n : ‚ĄĚ))) ^ 3) ^ ((i:‚Ąē)+1:‚ĄĚ) / n) := by simp_all</code_line>
<message>error: unsolved goals</message>
</error>
n : ‚Ąē
hn : n ‚Č• X‚āÄ ^ 2
‚äĘ ‚ąŹ x, (1 + (‚ÜĎ(‚čĮ.choose x))‚ĀĽ¬Ļ) ‚Č§ ‚ąŹ x, (1 + (1 + (log ‚ąö‚ÜĎn ^ 3)‚ĀĽ¬Ļ) ^ (‚ÜĎ‚ÜĎx + 1) / ‚ÜĎn)
[2026-01-10 20:57:13] [INFO] Proof verification completed
[2026-01-10 20:57:13] [INFO] Strategy simp_all attempt 1: verified=False
[2026-01-10 20:57:13] [INFO] Verification message: Cannot build modified file: <error line="484" column="168">
<code_line>theorem prod_q_ge {n : ‚Ąē} (hn : n ‚Č• X‚āÄ ^ 2) : ‚ąŹ i, (1 + (1:‚ĄĚ) / ((exists_q_primes hn).choose i)) ‚Č§ ‚ąŹ i:Fin 3, (1 + (1 + 1 / (log (‚ąö(n : ‚ĄĚ))) ^ 3) ^ ((i:‚Ąē)+1:‚ĄĚ) / n) := by simp_all</code_line>
<message>error: unsolved goals</message>
</error>
n : ‚Ąē
hn : n ‚Č• X‚āÄ ^ 2
‚äĘ ‚ąŹ x, (1 + (‚ÜĎ(‚čĮ.choose x))‚ĀĽ¬Ļ) ‚Č§ ‚ąŹ x, (1 + (1 + (log ‚ąö‚ÜĎn ^ 3)‚ĀĽ¬Ļ) ^ (‚ÜĎ‚ÜĎx + 1) / ‚ÜĎn)

[2026-01-10 20:57:13] [INFO] Attempt 1 failed verification, continuing...
[2026-01-10 20:57:13] [INFO] ========================================
[2026-01-10 20:57:13] [INFO] Trying strategy: exact? (up to 1 attempts)
[2026-01-10 20:57:13] [INFO] --------------------
[2026-01-10 20:57:13] [INFO] Strategy exact?, attempt 1/1
[2026-01-10 20:57:13] [INFO] Starting proof generation...
[2026-01-10 20:57:13] [INFO] Repository path: /root/repo
[2026-01-10 20:57:13] [INFO] Proof generation completed
[2026-01-10 20:57:13] [INFO] Generated proof:
[2026-01-10 20:57:13] [INFO] exact?
[2026-01-10 20:57:13] [INFO] Proof length: 6 chars
[2026-01-10 20:57:13] [INFO] Starting proof verification...
[2026-01-10 20:57:13] [INFO] Verifying at: PrimeNumberTheoremAnd/Lcm.lean:484
[2026-01-10 20:57:13] [INFO] Using LEAN INTERACT verify
[2026-01-10 20:57:13] [INFO] Checking file
[2026-01-10 20:57:50] [INFO] Cannot build modified file <error line="484" column="171">
<code_line>theorem prod_q_ge {n : ‚Ąē} (hn : n ‚Č• X‚āÄ ^ 2) : ‚ąŹ i, (1 + (1:‚ĄĚ) / ((exists_q_primes hn).choose i)) ‚Č§ ‚ąŹ i:Fin 3, (1 + (1 + 1 / (log (‚ąö(n : ‚ĄĚ))) ^ 3) ^ ((i:‚Ąē)+1:‚ĄĚ) / n) := by exact?</code_line>
<message>error: `exact?` could not close the goal. Try `apply?` to see partial suggestions.</message>
</error>
[2026-01-10 20:57:50] [INFO] Proof verification completed
[2026-01-10 20:57:50] [INFO] Strategy exact? attempt 1: verified=False
[2026-01-10 20:57:50] [INFO] Verification message: Cannot build modified file: <error line="484" column="171">
<code_line>theorem prod_q_ge {n : ‚Ąē} (hn : n ‚Č• X‚āÄ ^ 2) : ‚ąŹ i, (1 + (1:‚ĄĚ) / ((exists_q_primes hn).choose i)) ‚Č§ ‚ąŹ i:Fin 3, (1 + (1 + 1 / (log (‚ąö(n : ‚ĄĚ))) ^ 3) ^ ((i:‚Ąē)+1:‚ĄĚ) / n) := by exact?</code_line>
<message>error: `exact?` could not close the goal. Try `apply?` to see partial suggestions.</message>
</error>

[2026-01-10 20:57:50] [INFO] Attempt 1 failed verification, continuing...
[2026-01-10 20:57:50] [INFO] ========================================
[2026-01-10 20:57:50] [INFO] Trying strategy: grind (up to 1 attempts)
[2026-01-10 20:57:50] [INFO] --------------------
[2026-01-10 20:57:50] [INFO] Strategy grind, attempt 1/1
[2026-01-10 20:57:50] [INFO] Starting proof generation...
[2026-01-10 20:57:50] [INFO] Repository path: /root/repo
[2026-01-10 20:57:50] [INFO] Proof generation completed
[2026-01-10 20:57:50] [INFO] Generated proof:
[2026-01-10 20:57:50] [INFO] grind
[2026-01-10 20:57:50] [INFO] Proof length: 5 chars
[2026-01-10 20:57:50] [INFO] Starting proof verification...
[2026-01-10 20:57:50] [INFO] Verifying at: PrimeNumberTheoremAnd/Lcm.lean:484
[2026-01-10 20:57:50] [INFO] Using LEAN INTERACT verify
[2026-01-10 20:57:50] [INFO] Checking file
[2026-01-10 20:57:58] [INFO] Cannot build modified file <error line="484" column="171">
<code_line>theorem prod_q_ge {n : ‚Ąē} (hn : n ‚Č• X‚āÄ ^ 2) : ‚ąŹ i, (1 + (1:‚ĄĚ) / ((exists_q_primes hn).choose i)) ‚Č§ ‚ąŹ i:Fin 3, (1 + (1 + 1 / (log (‚ąö(n : ‚ĄĚ))) ^ 3) ^ ((i:‚Ąē)+1:‚ĄĚ) / n) := by grind</code_line>
<message>error: `grind` failed</message>
</error>
case grind.2.1.1.1.2.1.1.1
n : ‚Ąē
hn : 8044834249 ‚Č§ n
h : ¬¨‚ąŹ x, (1 + 1 * (‚ÜĎ(Classical.choose ‚čĮ x))‚ĀĽ¬Ļ) ‚Č§ ‚ąŹ x, (1 + (1 + 1 * (log ‚ąö‚ÜĎn ^ 3)‚ĀĽ¬Ļ) ^ (‚ÜĎ‚ÜĎx + 1) * (‚ÜĎn)‚ĀĽ¬Ļ)
h_1 : ¬¨(fun x => 1 + (1 + 1 * (log ‚ąö‚ÜĎn ^ 3)‚ĀĽ¬Ļ) ^ (‚ÜĎ‚ÜĎx + 1) * (‚ÜĎn)‚ĀĽ¬Ļ) = fun x => 1 + 1 * (‚ÜĎ(Classical.choose ‚čĮ x))‚ĀĽ¬Ļ
w : Fin 3
h_2 : ¬¨1 + (1 + 1 * (log ‚ąö‚ÜĎn ^ 3)‚ĀĽ¬Ļ) ^ (‚ÜĎ‚ÜĎw + 1) * (‚ÜĎn)‚ĀĽ¬Ļ = 1 + 1 * (‚ÜĎ(Classical.choose ‚čĮ w))‚ĀĽ¬Ļ
left : ‚ąÄ (i : Fin 3), Nat.Prime (Classical.choose ‚čĮ i)
left_1 : StrictMono (Classical.choose ‚čĮ)
left_2 : ‚ąÄ (i : Fin 3), ‚ÜĎn * (1 + 1 * (log ‚ąö‚ÜĎn ^ 3)‚ĀĽ¬Ļ) ^ (3 - ‚ÜĎi) ‚Č§ ‚ÜĎ(Classical.choose ‚čĮ i)
right_2 : Classical.choose ‚čĮ 2 + 1 ‚Č§ n
w_1 : Fin 3 ‚Üí ‚Ąē
left_3 : ‚ąÄ (i : Fin 3), Nat.Prime (w_1 i)
left_4 : StrictMono w_1
left_5 : ‚ąÄ (i : Fin 3), ‚ÜĎn * (1 + 1 * (log ‚ąö‚ÜĎn ^ 3)‚ĀĽ¬Ļ) ^ (3 - ‚ÜĎi) ‚Č§ ‚ÜĎ(w_1 i)
right_5 : w_1 2 + 1 ‚Č§ n
h_5 : ‚ÜĎ‚ÜĎw + -3 ‚Č§ 0
h_6 : log ‚ąö‚ÜĎn ^ 3 = 0
h_7 : ‚ÜĎn = 0
h_8 : ¬¨‚ÜĎ(Classical.choose ‚čĮ w) = 0
h_9 : ‚ÜĎ‚ÜĎ2 + -3 ‚Č§ 0
h_10 : w_1 2 = Classical.choose ‚čĮ 2
h_11 : 3 = 3 - ‚ÜĎw
‚äĘ False
[grind] Goal diagnostics
  [facts] Asserted facts
    [prop] 8044834249 ‚Č§ n
    [prop] ¬¨‚ąŹ x, (1 + 1 * (‚ÜĎ(Classical.choose ‚čĮ x))‚ĀĽ¬Ļ) ‚Č§ ‚ąŹ x, (1 + (1 + 1 * (log ‚ąö‚ÜĎn ^ 3)‚ĀĽ¬Ļ) ^ (‚ÜĎ‚ÜĎx + 1) * (‚ÜĎn)‚ĀĽ¬Ļ)
    [prop] ¬¨(fun x => 1 + (1 + 1 * (log ‚ąö‚ÜĎn ^ 3)‚ĀĽ¬Ļ) ^ (‚ÜĎ‚ÜĎx + 1) * (‚ÜĎn)‚ĀĽ¬Ļ) = fun x => 1 + 1 * (‚ÜĎ(Classical.choose ‚čĮ x))‚ĀĽ¬Ļ
    [prop] ‚ąÉ x, ¬¨1 + (1 + 1 * (log ‚ąö‚ÜĎn ^ 3)‚ĀĽ¬Ļ) ^ (‚ÜĎ‚ÜĎx + 1) * (‚ÜĎn)‚ĀĽ¬Ļ = 1 + 1 * (‚ÜĎ(Classical.choose ‚čĮ x))‚ĀĽ¬Ļ
    [prop] ¬¨1 + (1 + 1 * (log ‚ąö‚ÜĎn ^ 3)‚ĀĽ¬Ļ) ^ (‚ÜĎ‚ÜĎw + 1) * (‚ÜĎn)‚ĀĽ¬Ļ = 1 + 1 * (‚ÜĎ(Classical.choose ‚čĮ w))‚ĀĽ¬Ļ
    [prop] if ‚ÜĎ(Classical.choose ‚čĮ w) = 0 then (‚ÜĎ(Classical.choose ‚čĮ w))‚ĀĽ¬Ļ = 0
        else ‚ÜĎ(Classical.choose ‚čĮ w) * (‚ÜĎ(Classical.choose ‚čĮ w))‚ĀĽ¬Ļ = 1
    [prop] if ‚ÜĎn = 0 then (‚ÜĎn)‚ĀĽ¬Ļ = 0 else ‚ÜĎn * (‚ÜĎn)‚ĀĽ¬Ļ = 1
    [prop] if log ‚ąö‚ÜĎn ^ 3 = 0 then (log ‚ąö‚ÜĎn ^ 3)‚ĀĽ¬Ļ = 0 else log ‚ąö‚ÜĎn ^ 3 * (log ‚ąö‚ÜĎn ^ 3)‚ĀĽ¬Ļ = 1
    [prop] ‚ąö‚ÜĎn ^ 2 = max (‚ÜĎn) 0
    [prop] ‚ąÄ (i : Fin 3), Nat.Prime (Classical.choose ‚čĮ i)
    [prop] StrictMono (Classical.choose ‚čĮ)
    [prop] ‚ąÄ (i : Fin 3), ‚ÜĎn * (1 + 1 * (log ‚ąö‚ÜĎn ^ 3)‚ĀĽ¬Ļ) ^ (3 - ‚ÜĎi) ‚Č§ ‚ÜĎ(Classical.choose ‚čĮ i)
    [prop] Classical.choose ‚čĮ 2 + 1 ‚Č§ n
    [prop] max (‚ÜĎn) 0 = if ‚ÜĎn ‚Č§ 0 then 0 else ‚ÜĎn
    [prop] Nat.Prime (Classical.choose ‚čĮ 2)
    [prop] Nat.Prime (Classical.choose ‚čĮ w)
    [prop] ‚ÜĎn * (1 + 1 * (log ‚ąö‚ÜĎn ^ 3)‚ĀĽ¬Ļ) ^ (3 - ‚ÜĎw) ‚Č§ ‚ÜĎ(Classical.choose ‚čĮ w)
    [prop] ‚ÜĎ(3 - ‚ÜĎw) = if ‚ÜĎ‚ÜĎw + -3 ‚Č§ 0 then -1 * ‚ÜĎ‚ÜĎw + 3 else 0
    [prop] ‚ÜĎn * (1 + 1 * (log ‚ąö‚ÜĎn ^ 3)‚ĀĽ¬Ļ) ^ (3 - ‚ÜĎ2) ‚Č§ ‚ÜĎ(Classical.choose ‚čĮ 2)
    [prop] ‚ÜĎ(3 - ‚ÜĎ2) = if ‚ÜĎ‚ÜĎ2 + -3 ‚Č§ 0 then -1 * ‚ÜĎ‚ÜĎ2 + 3 else 0
    [prop] ‚ąÄ (i : Fin 3), Nat.Prime (w_1 i)
    [prop] StrictMono w_1
    [prop] ‚ąÄ (i : Fin 3), ‚ÜĎn * (1 + 1 * (log ‚ąö‚ÜĎn ^ 3)‚ĀĽ¬Ļ) ^ (3 - ‚ÜĎi) ‚Č§ ‚ÜĎ(w_1 i)
    [prop] w_1 2 + 1 ‚Č§ n
    [prop] Nat.Prime (w_1 2)
    [prop] ‚ÜĎn * (1 + 1 * (log ‚ąö‚ÜĎn ^ 3)‚ĀĽ¬Ļ) ^ (3 - ‚ÜĎ2) ‚Č§ ‚ÜĎ(w_1 2)
    [prop] ‚ÜĎn * (1 + 1 * (log ‚ąö‚ÜĎn ^ 3)‚ĀĽ¬Ļ) ^ (3 - ‚ÜĎw) ‚Č§ ‚ÜĎ(w_1 w)
    [prop] Nat.Prime (w_1 w)
    [prop] ‚ÜĎ‚ÜĎw + -3 ‚Č§ 0
    [prop] log ‚ąö‚ÜĎn ^ 3 = 0
    [prop] ‚ÜĎn = 0
    [prop] ‚ąö0 = 0
    [prop] ¬¨‚ÜĎ(Classical.choose ‚čĮ w) = 0
    [prop] ‚ÜĎ‚ÜĎ2 + -3 ‚Č§ 0
    [prop] w_1 2 = Classical.choose ‚čĮ 2
    [prop] 3 = 3 - ‚ÜĎw
  [eqc] True propositions
    [prop] (‚ÜĎn)‚ĀĽ¬Ļ = 0
    [prop] (log ‚ąö‚ÜĎn ^ 3)‚ĀĽ¬Ļ = 0
    [prop] ‚ÜĎn = 0
    [prop] ‚ÜĎ(Classical.choose ‚čĮ w) * (‚ÜĎ(Classical.choose ‚čĮ w))‚ĀĽ¬Ļ = 1
    [prop] log ‚ąö‚ÜĎn ^ 3 = 0
    [prop] ‚ÜĎ‚ÜĎw + -3 ‚Č§ 0
    [prop] ‚ÜĎ‚ÜĎ2 + -3 ‚Č§ 0
    [prop] 8044834249 ‚Č§ n
    [prop] if ‚ÜĎn = 0 then (‚ÜĎn)‚ĀĽ¬Ļ = 0 else ‚ÜĎn * (‚ÜĎn)‚ĀĽ¬Ļ = 1
    [prop] if ‚ÜĎ(Classical.choose ‚čĮ w) = 0 then (‚ÜĎ(Classical.choose ‚čĮ w))‚ĀĽ¬Ļ = 0
        else ‚ÜĎ(Classical.choose ‚čĮ w) * (‚ÜĎ(Classical.choose ‚čĮ w))‚ĀĽ¬Ļ = 1
    [prop] if log ‚ąö‚ÜĎn ^ 3 = 0 then (log ‚ąö‚ÜĎn ^ 3)‚ĀĽ¬Ļ = 0 else log ‚ąö‚ÜĎn ^ 3 * (log ‚ąö‚ÜĎn ^ 3)‚ĀĽ¬Ļ = 1
    [prop] ‚ąÉ x, ¬¨1 + (1 + 1 * (log ‚ąö‚ÜĎn ^ 3)‚ĀĽ¬Ļ) ^ (‚ÜĎ‚ÜĎx + 1) * (‚ÜĎn)‚ĀĽ¬Ļ = 1 + 1 * (‚ÜĎ(Classical.choose ‚čĮ x))‚ĀĽ¬Ļ
    [prop] ‚ąÉ q,
          (‚ąÄ (i : Fin 3), Nat.Prime (q i)) ‚ąß
            StrictMono q ‚ąß (‚ąÄ (i : Fin 3), ‚ÜĎn * (1 + 1 / log ‚ąö‚ÜĎn ^ 3) ^ (3 - ‚ÜĎi) ‚Č§ ‚ÜĎ(q i)) ‚ąß q 2 < n
    [prop] w_1 2 + 1 ‚Č§ n
    [prop] StrictMono w_1
    [prop] ‚ąÄ (i : Fin 3), Nat.Prime (w_1 i)
    [prop] ‚ąÄ (i : Fin 3), ‚ÜĎn * (1 + 1 * (log ‚ąö‚ÜĎn ^ 3)‚ĀĽ¬Ļ) ^ (3 - ‚ÜĎi) ‚Č§ ‚ÜĎ(w_1 i)
    [prop] Nat.Prime (w_1 2)
    [prop] Nat.Prime (Classical.choose ‚čĮ w)
    [prop] 3 = 3 - ‚ÜĎw
    [prop] Classical.choose ‚čĮ 2 + 1 ‚Č§ n
    [prop] ‚ÜĎn * (1 + 1 * (log ‚ąö‚ÜĎn ^ 3)‚ĀĽ¬Ļ) ^ (3 - ‚ÜĎw) ‚Č§ ‚ÜĎ(Classical.choose ‚čĮ w)
    [prop] StrictMono (Classical.choose ‚čĮ)
    [prop] ‚ąÄ (i : Fin 3), Nat.Prime (Classical.choose ‚čĮ i)
    [prop] ‚ąÄ (i : Fin 3), ‚ÜĎn * (1 + 1 * (log ‚ąö‚ÜĎn ^ 3)‚ĀĽ¬Ļ) ^ (3 - ‚ÜĎi) ‚Č§ ‚ÜĎ(Classical.choose ‚čĮ i)
    [prop] Nat.Prime (Classical.choose ‚čĮ 2)
    [prop] w_1 2 = Classical.choose ‚čĮ 2
    [prop] ‚ÜĎn ‚Č§ 0
    [prop] ‚ÜĎn * (1 + 1 * (log ‚ąö‚ÜĎn ^ 3)‚ĀĽ¬Ļ) ^ (3 - ‚ÜĎw) ‚Č§ ‚ÜĎ(w_1 w)
    [prop] ‚ÜĎn * (1 + 1 * (log ‚ąö‚ÜĎn ^ 3)‚ĀĽ¬Ļ) ^ (3 - ‚ÜĎ2) ‚Č§ ‚ÜĎ(Classical.choose ‚čĮ 2)
    [prop] Nat.Prime (w_1 w)
    [prop] ‚ÜĎn * (1 + 1 * (log ‚ąö‚ÜĎn ^ 3)‚ĀĽ¬Ļ) ^ (3 - ‚ÜĎ2) ‚Č§ ‚ÜĎ(w_1 2)
  [eqc] False propositions
    [prop] ‚ÜĎ(Classical.choose ‚čĮ w) = 0
    [prop] (fun x => 1 + (1 + 1 * (log ‚ąö‚ÜĎn ^ 3)‚ĀĽ¬Ļ) ^ (‚ÜĎ‚ÜĎx + 1) * (‚ÜĎn)‚ĀĽ¬Ļ) = fun x => 1 + 1 * (‚ÜĎ(Classical.choose ‚čĮ x))‚ĀĽ¬Ļ
    [prop] ‚ąŹ x, (1 + 1 * (‚ÜĎ(Classical.choose ‚čĮ x))‚ĀĽ¬Ļ) ‚Č§ ‚ąŹ x, (1 + (1 + 1 * (log ‚ąö‚ÜĎn ^ 3)‚ĀĽ¬Ļ) ^ (‚ÜĎ‚ÜĎx + 1) * (‚ÜĎn)‚ĀĽ¬Ļ)
    [prop] 1 + (1 + 1 * (log ‚ąö‚ÜĎn ^ 3)‚ĀĽ¬Ļ) ^ (‚ÜĎ‚ÜĎw + 1) * (‚ÜĎn)‚ĀĽ¬Ļ = 1 + 1 * (‚ÜĎ(Classical.choose ‚čĮ w))‚ĀĽ¬Ļ
  [eqc] Equivalence classes
    [eqc] {3, 3 - ‚ÜĎw}
    [eqc] {‚ÜĎ(Classical.choose ‚čĮ w) * (‚ÜĎ(Classical.choose ‚čĮ w))‚ĀĽ¬Ļ,
        1,
        1 + 1 * (log ‚ąö‚ÜĎn ^ 3)‚ĀĽ¬Ļ,
        1 + (1 + 1 * (log ‚ąö‚ÜĎn ^ 3)‚ĀĽ¬Ļ) ^ (‚ÜĎ‚ÜĎw + 1) * (‚ÜĎn)‚ĀĽ¬Ļ,
        (1 + (1 + 1 * (log ‚ąö‚ÜĎn ^ 3)‚ĀĽ¬Ļ) ^ (‚ÜĎ‚ÜĎw + 1) * (‚ÜĎn)‚ĀĽ¬Ļ - (1 + 1 * (‚ÜĎ(Classical.choose ‚čĮ w))‚ĀĽ¬Ļ)) *
          (1 + (1 + 1 * (log ‚ąö‚ÜĎn ^ 3)‚ĀĽ¬Ļ) ^ (‚ÜĎ‚ÜĎw + 1) * (‚ÜĎn)‚ĀĽ¬Ļ - (1 + 1 * (‚ÜĎ(Classical.choose ‚čĮ w))‚ĀĽ¬Ļ))‚ĀĽ¬Ļ}
    [eqc] {w_1 2, Classical.choose ‚čĮ 2}
    [eqc] {‚ąö‚ÜĎn,
        (‚ÜĎn)‚ĀĽ¬Ļ,
        (log ‚ąö‚ÜĎn ^ 3)‚ĀĽ¬Ļ,
        0,
        (1 + 1 * (log ‚ąö‚ÜĎn ^ 3)‚ĀĽ¬Ļ) ^ (‚ÜĎ‚ÜĎw + 1) * (‚ÜĎn)‚ĀĽ¬Ļ,
        log ‚ąö‚ÜĎn ^ 3,
        ‚ąö0,
        max (‚ÜĎn) 0,
        ‚ąö‚ÜĎn ^ 2}
      [eqc] {‚ÜĎn, if ‚ÜĎn ‚Č§ 0 then 0 else ‚ÜĎn}
    [eqc] {w_1 2 + 1, Classical.choose ‚čĮ 2 + 1}
    [eqc] {-1 ‚ÄĘ (log ‚ąö‚ÜĎn ^ 3)‚ĀĽ¬Ļ + 0 ‚ÄĘ One.one,
        -1 ‚ÄĘ ‚ÜĎn + 0 ‚ÄĘ One.one,
        -1 ‚ÄĘ ((1 + 1 * (log ‚ąö‚ÜĎn ^ 3)‚ĀĽ¬Ļ) ^ (‚ÜĎ‚ÜĎw + 1) * (‚ÜĎn)‚ĀĽ¬Ļ) + 0 ‚ÄĘ One.one}
    [eqc] {1 ‚ÄĘ (log ‚ąö‚ÜĎn ^ 3)‚ĀĽ¬Ļ + 0 ‚ÄĘ One.one,
        1 ‚ÄĘ ‚ÜĎn + 0 ‚ÄĘ One.one,
        1 ‚ÄĘ ((1 + 1 * (log ‚ąö‚ÜĎn ^ 3)‚ĀĽ¬Ļ) ^ (‚ÜĎ‚ÜĎw + 1) * (‚ÜĎn)‚ĀĽ¬Ļ) + 0 ‚ÄĘ One.one}
    [eqc] {-1 ‚ÄĘ (log ‚ąö‚ÜĎn ^ 3)‚ĀĽ¬Ļ, -1 ‚ÄĘ ‚ÜĎn, -1 ‚ÄĘ ((1 + 1 * (log ‚ąö‚ÜĎn ^ 3)‚ĀĽ¬Ļ) ^ (‚ÜĎ‚ÜĎw + 1) * (‚ÜĎn)‚ĀĽ¬Ļ)}
    [eqc] {1 ‚ÄĘ (log ‚ąö‚ÜĎn ^ 3)‚ĀĽ¬Ļ, 1 ‚ÄĘ ‚ÜĎn, 1 ‚ÄĘ ((1 + 1 * (log ‚ąö‚ÜĎn ^ 3)‚ĀĽ¬Ļ) ^ (‚ÜĎ‚ÜĎw + 1) * (‚ÜĎn)‚ĀĽ¬Ļ)}
    [eqc] {-1 ‚ÄĘ ‚ÜĎ(Classical.choose ‚čĮ 2) + 0 ‚ÄĘ One.one, -1 ‚ÄĘ ‚ÜĎ(w_1 2) + 0 ‚ÄĘ One.one}
    [eqc] {1 ‚ÄĘ (‚ÜĎn * (1 + 1 * (log ‚ąö‚ÜĎn ^ 3)‚ĀĽ¬Ļ) ^ (3 - ‚ÜĎ2)) + (-1 ‚ÄĘ ‚ÜĎ(Classical.choose ‚čĮ 2) + 0 ‚ÄĘ One.one),
        1 ‚ÄĘ (‚ÜĎn * (1 + 1 * (log ‚ąö‚ÜĎn ^ 3)‚ĀĽ¬Ļ) ^ (3 - ‚ÜĎ2)) + (-1 ‚ÄĘ ‚ÜĎ(w_1 2) + 0 ‚ÄĘ One.one)}
    [eqc] {-1 ‚ÄĘ ‚ÜĎ(Classical.choose ‚čĮ 2), -1 ‚ÄĘ ‚ÜĎ(w_1 2)}
    [eqc] {1 ‚ÄĘ ‚ÜĎ(w_1 2), 1 ‚ÄĘ ‚ÜĎ(Classical.choose ‚čĮ 2)}
    [eqc] others
      [eqc] {‚ÜĎ(w_1 2), ‚ÜĎ(Classical.choose ‚čĮ 2)}
      [eqc] {‚ÜĎ3, 3, if ‚ÜĎ‚ÜĎw + -3 ‚Č§ 0 then -1 * ‚ÜĎ‚ÜĎw + 3 else 0, -1 * ‚ÜĎ‚ÜĎw + 3, ‚ÜĎ(3 - ‚ÜĎw)}
      [eqc] {0, ‚ÜĎ‚ÜĎw}
      [eqc] {if ‚ÜĎ‚ÜĎ2 + -3 ‚Č§ 0 then -1 * ‚ÜĎ‚ÜĎ2 + 3 else 0, -1 * ‚ÜĎ‚ÜĎ2 + 3, ‚ÜĎ(3 - ‚ÜĎ2)}
      [eqc] {‚ÜĎ(Classical.choose ‚čĮ 2), ‚ÜĎ(w_1 2)}
  [cases] Case analyses
    [cases] [2/2]: (fun x => 1 + (1 + 1 * (log ‚ąö‚ÜĎn ^ 3)‚ĀĽ¬Ļ) ^ (‚ÜĎ‚ÜĎx + 1) * (‚ÜĎn)‚ĀĽ¬Ļ) = fun x =>
          1 + 1 * (‚ÜĎ(Classical.choose ‚čĮ x))‚ĀĽ¬Ļ
      [cases] source: Initial goal
    [cases] [1/1]: ‚ąÉ x, ¬¨1 + (1 + 1 * (log ‚ąö‚ÜĎn ^ 3)‚ĀĽ¬Ļ) ^ (‚ÜĎ‚ÜĎx + 1) * (‚ÜĎn)‚ĀĽ¬Ļ = 1 + 1 * (‚ÜĎ(Classical.choose ‚čĮ x))‚ĀĽ¬Ļ
      [cases] source: Extensionality funext
    [cases] [1/1]: ‚ąÉ q,
          (‚ąÄ (i : Fin 3), Nat.Prime (q i)) ‚ąß
            StrictMono q ‚ąß (‚ąÄ (i : Fin 3), ‚ÜĎn * (1 + 1 / log ‚ąö‚ÜĎn ^ 3) ^ (3 - ‚ÜĎi) ‚Č§ ‚ÜĎ(q i)) ‚ąß q 2 < n
      [cases] source: Extensionality funext
    [cases] [1/2]: if ‚ÜĎ‚ÜĎw + -3 ‚Č§ 0 then -1 * ‚ÜĎ‚ÜĎw + 3 else 0
      [cases] source: E-matching left_2
    [cases] [1/2]: if log ‚ąö‚ÜĎn ^ 3 = 0 then (log ‚ąö‚ÜĎn ^ 3)‚ĀĽ¬Ļ = 0 else log ‚ąö‚ÜĎn ^ 3 * (log ‚ąö‚ÜĎn ^ 3)‚ĀĽ¬Ļ = 1
      [cases] source: Extensionality funext
    [cases] [1/2]: if ‚ÜĎn = 0 then (‚ÜĎn)‚ĀĽ¬Ļ = 0 else ‚ÜĎn * (‚ÜĎn)‚ĀĽ¬Ļ = 1
      [cases] source: Extensionality funext
    [cases] [2/2]: if ‚ÜĎ(Classical.choose ‚čĮ w) = 0 then (‚ÜĎ(Classical.choose ‚čĮ w))‚ĀĽ¬Ļ = 0
        else ‚ÜĎ(Classical.choose ‚čĮ w) * (‚ÜĎ(Classical.choose ‚čĮ w))‚ĀĽ¬Ļ = 1
      [cases] source: Extensionality funext
    [cases] [1/2]: if ‚ÜĎ‚ÜĎ2 + -3 ‚Č§ 0 then -1 * ‚ÜĎ‚ÜĎ2 + 3 else 0
      [cases] source: E-matching left_2
    [cases] [1/2]: w_1 2 = Classical.choose ‚čĮ 2
      [cases] source: Model-based theory combination at argument #0 of
            Nat.Prime (w_1 2)
          and
            Nat.Prime (Classical.choose ‚čĮ 2)
    [cases] [1/2]: 3 = 3 - ‚ÜĎw
      [cases] source: Model-based theory combination at argument #5 of
            (1 + 1 * (log ‚ąö‚ÜĎn ^ 3)‚ĀĽ¬Ļ) ^ (3 - ‚ÜĎw)
          and
            log ‚ąö‚ÜĎn ^ 3
  [ematch] E-matching patterns
    [thm] Angle.coe_pi_add_coe_pi: [@HAdd.hAdd `[Angle] `[Angle] `[Angle] `[instHAdd] `[‚ÜĎŌÄ] `[‚ÜĎŌÄ]]
    [thm] sq_sqrt': [sqrt #0]
    [thm] sqrt_one: [sqrt `[1]]
    [thm] sqrt_zero: [sqrt `[0]]
    [thm] Exists.choose_spec: [@Classical.choose #2 #1 #0]
    [thm] max_def: [@max #3 _ #1 #0]
    [thm] Rat.max_def: [@max `[‚Ąö] `[Rat.instMax] #1 #0]
    [thm] Int.max_def: [@max `[‚Ą§] `[Int.instMax] #1 #0]
    [thm] Nat.max_def: [@max `[‚Ąē] `[Nat.instMax] #1 #0]
    [thm] left: [Nat.Prime (@Classical.choose `[Fin 3 ‚Üí
            ‚Ąē] `[fun q =>
            (‚ąÄ (i : Fin 3), Nat.Prime (q i)) ‚ąß
              StrictMono q ‚ąß
                (‚ąÄ (i : Fin 3), ‚ÜĎn * (1 + 1 / log ‚ąö‚ÜĎn ^ 3) ^ (3 - ‚ÜĎi) ‚Č§ ‚ÜĎ(q i)) ‚ąß
                  q 2 <
                    n] `[‚ÄĻ‚ąÉ q,
              (‚ąÄ (i : Fin 3), Nat.Prime (q i)) ‚ąß
                StrictMono q ‚ąß (‚ąÄ (i : Fin 3), ‚ÜĎn * (1 + 1 / log ‚ąö‚ÜĎn ^ 3) ^ (3 - ‚ÜĎi) ‚Č§ ‚ÜĎ(q i)) ‚ąß q 2 < n‚Äļ] #0)]
    [thm] left: [@Classical.choose `[Fin 3 ‚Üí
           ‚Ąē] `[fun q =>
           (‚ąÄ (i : Fin 3), Nat.Prime (q i)) ‚ąß
             StrictMono q ‚ąß
               (‚ąÄ (i : Fin 3), ‚ÜĎn * (1 + 1 / log ‚ąö‚ÜĎn ^ 3) ^ (3 - ‚ÜĎi) ‚Č§ ‚ÜĎ(q i)) ‚ąß
                 q 2 <
                   n] `[‚ÄĻ‚ąÉ q,
             (‚ąÄ (i : Fin 3), Nat.Prime (q i)) ‚ąß
               StrictMono q ‚ąß (‚ąÄ (i : Fin 3), ‚ÜĎn * (1 + 1 / log ‚ąö‚ÜĎn ^ 3) ^ (3 - ‚ÜĎi) ‚Č§ ‚ÜĎ(q i)) ‚ąß q 2 < n‚Äļ] #0]
    [thm] left_2: [@LE.le `[‚ĄĚ] `[instLE] (@HMul.hMul `[‚ĄĚ] `[‚ĄĚ] `[‚ĄĚ] `[instHMul] `[‚ÜĎn] (@HPow.hPow `[‚ĄĚ] `[‚Ąē] `[‚ĄĚ] `[instHPow] `[1 +
             1 *
               (log ‚ąö‚ÜĎn ^
                   3)‚ĀĽ¬Ļ] (@HSub.hSub `[‚Ąē] `[‚Ąē] `[‚Ąē] `[instHSub] `[3] (@Fin.val `[3] #0)))) (@NatCast.natCast `[‚ĄĚ] `[instNatCast] (@Classical.choose `[Fin
               3 ‚Üí
             ‚Ąē] `[fun q =>
             (‚ąÄ (i : Fin 3), Nat.Prime (q i)) ‚ąß
               StrictMono q ‚ąß
                 (‚ąÄ (i : Fin 3), ‚ÜĎn * (1 + 1 / log ‚ąö‚ÜĎn ^ 3) ^ (3 - ‚ÜĎi) ‚Č§ ‚ÜĎ(q i)) ‚ąß
                   q 2 <
                     n] `[‚ÄĻ‚ąÉ q,
               (‚ąÄ (i : Fin 3), Nat.Prime (q i)) ‚ąß
                 StrictMono q ‚ąß (‚ąÄ (i : Fin 3), ‚ÜĎn * (1 + 1 / log ‚ąö‚ÜĎn ^ 3) ^ (3 - ‚ÜĎi) ‚Č§ ‚ÜĎ(q i)) ‚ąß q 2 < n‚Äļ] #0))]
    [thm] left_2: [@HPow.hPow `[‚ĄĚ] `[‚Ąē] `[‚ĄĚ] `[instHPow] `[1 +
           1 * (log ‚ąö‚ÜĎn ^ 3)‚ĀĽ¬Ļ] (@HSub.hSub `[‚Ąē] `[‚Ąē] `[‚Ąē] `[instHSub] `[3] (@Fin.val `[3] #0))]
    [thm] left_2: [@Fin.val `[3] #0]
    [thm] left_2: [@NatCast.natCast `[‚ĄĚ] `[instNatCast] (@Classical.choose `[Fin 3 ‚Üí
            ‚Ąē] `[fun q =>
            (‚ąÄ (i : Fin 3), Nat.Prime (q i)) ‚ąß
              StrictMono q ‚ąß
                (‚ąÄ (i : Fin 3), ‚ÜĎn * (1 + 1 / log ‚ąö‚ÜĎn ^ 3) ^ (3 - ‚ÜĎi) ‚Č§ ‚ÜĎ(q i)) ‚ąß
                  q 2 <
                    n] `[‚ÄĻ‚ąÉ q,
              (‚ąÄ (i : Fin 3), Nat.Prime (q i)) ‚ąß
                StrictMono q ‚ąß (‚ąÄ (i : Fin 3), ‚ÜĎn * (1 + 1 / log ‚ąö‚ÜĎn ^ 3) ^ (3 - ‚ÜĎi) ‚Č§ ‚ÜĎ(q i)) ‚ąß q 2 < n‚Äļ] #0)]
    [thm] left_2: [@Classical.choose `[Fin 3 ‚Üí
           ‚Ąē] `[fun q =>
           (‚ąÄ (i : Fin 3), Nat.Prime (q i)) ‚ąß
             StrictMono q ‚ąß
               (‚ąÄ (i : Fin 3), ‚ÜĎn * (1 + 1 / log ‚ąö‚ÜĎn ^ 3) ^ (3 - ‚ÜĎi) ‚Č§ ‚ÜĎ(q i)) ‚ąß
                 q 2 <
                   n] `[‚ÄĻ‚ąÉ q,
             (‚ąÄ (i : Fin 3), Nat.Prime (q i)) ‚ąß
               StrictMono q ‚ąß (‚ąÄ (i : Fin 3), ‚ÜĎn * (1 + 1 / log ‚ąö‚ÜĎn ^ 3) ^ (3 - ‚ÜĎi) ‚Č§ ‚ÜĎ(q i)) ‚ąß q 2 < n‚Äļ] #0]
    [thm] left_3: [Nat.Prime (w_1 #0)]
    [thm] left_3: [w_1 #0]
    [thm] left_5: [@LE.le `[‚ĄĚ] `[instLE] (@HMul.hMul `[‚ĄĚ] `[‚ĄĚ] `[‚ĄĚ] `[instHMul] `[‚ÜĎn] (@HPow.hPow `[‚ĄĚ] `[‚Ąē] `[‚ĄĚ] `[instHPow] `[1 +
             1 *
               (log ‚ąö‚ÜĎn ^
                   3)‚ĀĽ¬Ļ] (@HSub.hSub `[‚Ąē] `[‚Ąē] `[‚Ąē] `[instHSub] `[3] (@Fin.val `[3] #0)))) (@NatCast.natCast `[‚ĄĚ] `[instNatCast] (w_1 #0))]
    [thm] left_5: [@HPow.hPow `[‚ĄĚ] `[‚Ąē] `[‚ĄĚ] `[instHPow] `[1 +
           1 * (log ‚ąö‚ÜĎn ^ 3)‚ĀĽ¬Ļ] (@HSub.hSub `[‚Ąē] `[‚Ąē] `[‚Ąē] `[instHSub] `[3] (@Fin.val `[3] #0))]
    [thm] left_5: [@Fin.val `[3] #0]
    [thm] left_5: [@NatCast.natCast `[‚ĄĚ] `[instNatCast] (w_1 #0)]
    [thm] left_5: [w_1 #0]
  [cutsat] Assignment satisfying linear constraints
    [assign] n := 8044834249
    [assign] w := 0
    [assign] w_1 2 := 0
    [assign] ‚ÜĎw := 0
    [assign] Classical.choose ‚čĮ w := 4
    [assign] Classical.choose ‚čĮ 2 := 0
    [assign] w_1 w := 8
    [assign] ‚ÜĎ2 := 2
  [linarith] Linarith assignment for `‚ĄĚ`
    [assign] ŌÄ := 4
    [assign] ‚ąŹ x, (1 + 1 * (‚ÜĎ(Classical.choose ‚čĮ x))‚ĀĽ¬Ļ) := 0
    [assign] ‚ąŹ x, (1 + (1 + 1 * (log ‚ąö‚ÜĎn ^ 3)‚ĀĽ¬Ļ) ^ (‚ÜĎ‚ÜĎx + 1) * (‚ÜĎn)‚ĀĽ¬Ļ) := -1
    [assign] log ‚ąö‚ÜĎn := 10
    [assign] ‚ąö‚ÜĎn := 0
    [assign] „ÄĆlog ‚ąö‚ÜĎn ^ 3„Äć := 0
    [assign] „ÄĆ(1 + 1 * (log ‚ąö‚ÜĎn ^ 3)‚ĀĽ¬Ļ) ^ (‚ÜĎ‚ÜĎw + 1)„Äć := 9
    [assign] ‚ąö0 := 0
    [assign] max (‚ÜĎn) 0 := 0
    [assign] „ÄĆ‚ąö‚ÜĎn ^ 2„Äć := 0
    [assign] „ÄĆ(1 + 1 * (log ‚ąö‚ÜĎn ^ 3)‚ĀĽ¬Ļ) ^ (3 - ‚ÜĎw)„Äć := 15
    [assign] „ÄĆ(1 + 1 * (log ‚ąö‚ÜĎn ^ 3)‚ĀĽ¬Ļ) ^ (3 - ‚ÜĎ2)„Äć := 20
  [ring] Rings
    [ring] Ring `‚Ą§`
      [basis] Basis
        [_] ‚ÜĎ(Classical.choose ‚čĮ 2) + -1 * ‚ÜĎ(w_1 2) = 0
        [_] ‚ÜĎ‚ÜĎw = 0
    [ring] Ring `Lean.Grind.Ring.OfSemiring.Q ‚Ąē`
      [basis] Basis
        [_] ‚ÜĎ(3 - ‚ÜĎw) + -3 = 0
    [ring] Ring `‚ĄĚ`
      [basis] Basis
        [_] log ‚ąö‚ÜĎn ^ 3 = 0
        [_] (‚ÜĎ(Classical.choose ‚čĮ w))‚ĀĽ¬Ļ * ‚ÜĎ(Classical.choose ‚čĮ w) + -1 = 0
        [_] (log ‚ąö‚ÜĎn ^ 3)‚ĀĽ¬Ļ = 0
        [_] (‚ÜĎn)‚ĀĽ¬Ļ = 0
        [_] (1 + (1 + 1 * (log ‚ąö‚ÜĎn ^ 3)‚ĀĽ¬Ļ) ^ (‚ÜĎ‚ÜĎw + 1) * (‚ÜĎn)‚ĀĽ¬Ļ - (1 + 1 * (‚ÜĎ(Classical.choose ‚čĮ w))‚ĀĽ¬Ļ))‚ĀĽ¬Ļ +
                ‚ÜĎ(Classical.choose ‚čĮ w) =
              0
        [_] ‚ąö‚ÜĎn = 0
        [_] ‚ÜĎn = 0
        [_] ‚ÜĎ(Classical.choose ‚čĮ 2) + -1 * ‚ÜĎ(w_1 2) = 0
  [assoc] Operator `max`
    [basis] Basis
      [_] 0 = ‚ÜĎn
    [properties] Properties
      [_] commutative
      [_] idempotent
[grind] Diagnostics
  [thm] E-Matching instances
    [thm] max_def ‚Ü¶ 1
    [thm] Exists.choose_spec ‚Ü¶ 1
    [thm] sq_sqrt' ‚Ü¶ 1
    [thm] sqrt_zero ‚Ü¶ 1
[2026-01-10 20:57:58] [INFO] Proof verification completed
[2026-01-10 20:57:58] [INFO] Strategy grind attempt 1: verified=False
[2026-01-10 20:57:58] [INFO] Verification message: Cannot build modified file: <error line="484" column="171">
<code_line>theorem prod_q_ge {n : ‚Ąē} (hn : n ‚Č• X‚āÄ ^ 2) : ‚ąŹ i, (1 + (1:‚ĄĚ) / ((exists_q_primes hn).choose i)) ‚Č§ ‚ąŹ i:Fin 3, (1 + (1 + 1 / (log (‚ąö(n : ‚ĄĚ))) ^ 3) ^ ((i:‚Ąē)+1:‚ĄĚ) / n) := by grind</code_line>
<message>error: `grind` failed</message>
</error>
case grind.2.1.1.1.2.1.1.1
n : ‚Ąē
hn : 8044834249 ‚Č§ n
h : ¬¨‚ąŹ x, (1 + 1 * (‚ÜĎ(Classical.choose ‚čĮ x))‚ĀĽ¬Ļ) ‚Č§ ‚ąŹ x, (1 + (1 + 1 * (log ‚ąö‚ÜĎn ^ 3)‚ĀĽ¬Ļ) ^ (‚ÜĎ‚ÜĎx + 1) * (‚ÜĎn)‚ĀĽ¬Ļ)
h_1 : ¬¨(fun x => 1 + (1 + 1 * (log ‚ąö‚ÜĎn ^ 3)‚ĀĽ¬Ļ) ^ (‚ÜĎ‚ÜĎx + 1) * (‚ÜĎn)‚ĀĽ¬Ļ) = fun x => 1 + 1 * (‚ÜĎ(Classical.choose ‚čĮ x))‚ĀĽ¬Ļ
w : Fin 3
h_2 : ¬¨1 + (1 + 1 * (log ‚ąö‚ÜĎn ^ 3)‚ĀĽ¬Ļ) ^ (‚ÜĎ‚ÜĎw + 1) * (‚ÜĎn)‚ĀĽ¬Ļ = 1 + 1 * (‚ÜĎ(Classical.choose ‚čĮ w))‚ĀĽ¬Ļ
left : ‚ąÄ (i : Fin 3), Nat.Prime (Classical.choose ‚čĮ i)
left_1 : StrictMono (Classical.choose ‚čĮ)
left_2 : ‚ąÄ (i : Fin 3), ‚ÜĎn * (1 + 1 * (log ‚ąö‚ÜĎn ^ 3)‚ĀĽ¬Ļ) ^ (3 - ‚ÜĎi) ‚Č§ ‚ÜĎ(Classical.choose ‚čĮ i)
right_2 : Classical.choose ‚čĮ 2 + 1 ‚Č§ n
w_1 : Fin 3 ‚Üí ‚Ąē
left_3 : ‚ąÄ (i : Fin 3), Nat.Prime (w_1 i)
left_4 : StrictMono w_1
left_5 : ‚ąÄ (i : Fin 3), ‚ÜĎn * (1 + 1 * (log ‚ąö‚ÜĎn ^ 3)‚ĀĽ¬Ļ) ^ (3 - ‚ÜĎi) ‚Č§ ‚ÜĎ(w_1 i)
right_5 : w_1 2 + 1 ‚Č§ n
h_5 : ‚ÜĎ‚ÜĎw + -3 ‚Č§ 0
h_6 : log ‚ąö‚ÜĎn ^ 3 = 0
h_7 : ‚ÜĎn = 0
h_8 : ¬¨‚ÜĎ(Classical.choose ‚čĮ w) = 0
h_9 : ‚ÜĎ‚ÜĎ2 + -3 ‚Č§ 0
h_10 : w_1 2 = Classical.choose ‚čĮ 2
h_11 : 3 = 3 - ‚ÜĎw
‚äĘ False
[grind] Goal diagnostics
  [facts] Asserted facts
    [prop] 8044834249 ‚Č§ n
    [prop] ¬¨‚ąŹ x, (1 + 1 * (‚ÜĎ(Classical.choose ‚čĮ x))‚ĀĽ¬Ļ) ‚Č§ ‚ąŹ x, (1 + (1 + 1 * (log ‚ąö‚ÜĎn ^ 3)‚ĀĽ¬Ļ) ^ (‚ÜĎ‚ÜĎx + 1) * (‚ÜĎn)‚ĀĽ¬Ļ)
    [prop] ¬¨(fun x => 1 + (1 + 1 * (log ‚ąö‚ÜĎn ^ 3)‚ĀĽ¬Ļ) ^ (‚ÜĎ‚ÜĎx + 1) * (‚ÜĎn)‚ĀĽ¬Ļ) = fun x => 1 + 1 * (‚ÜĎ(Classical.choose ‚čĮ x))‚ĀĽ¬Ļ
    [prop] ‚ąÉ x, ¬¨1 + (1 + 1 * (log ‚ąö‚ÜĎn ^ 3)‚ĀĽ¬Ļ) ^ (‚ÜĎ‚ÜĎx + 1) * (‚ÜĎn)‚ĀĽ¬Ļ = 1 + 1 * (‚ÜĎ(Classical.choose ‚čĮ x))‚ĀĽ¬Ļ
    [prop] ¬¨1 + (1 + 1 * (log ‚ąö‚ÜĎn ^ 3)‚ĀĽ¬Ļ) ^ (‚ÜĎ‚ÜĎw + 1) * (‚ÜĎn)‚ĀĽ¬Ļ = 1 + 1 * (‚ÜĎ(Classical.choose ‚čĮ w))‚ĀĽ¬Ļ
    [prop] if ‚ÜĎ(Classical.choose ‚čĮ w) = 0 then (‚ÜĎ(Classical.choose ‚čĮ w))‚ĀĽ¬Ļ = 0
        else ‚ÜĎ(Classical.choose ‚čĮ w) * (‚ÜĎ(Classical.choose ‚čĮ w))‚ĀĽ¬Ļ = 1
    [prop] if ‚ÜĎn = 0 then (‚ÜĎn)‚ĀĽ¬Ļ = 0 else ‚ÜĎn * (‚ÜĎn)‚ĀĽ¬Ļ = 1
    [prop] if log ‚ąö‚ÜĎn ^ 3 = 0 then (log ‚ąö‚ÜĎn ^ 3)‚ĀĽ¬Ļ = 0 else log ‚ąö‚ÜĎn ^ 3 * (log ‚ąö‚ÜĎn ^ 3)‚ĀĽ¬Ļ = 1
    [prop] ‚ąö‚ÜĎn ^ 2 = max (‚ÜĎn) 0
    [prop] ‚ąÄ (i : Fin 3), Nat.Prime (Classical.choose ‚čĮ i)
    [prop] StrictMono (Classical.choose ‚čĮ)
    [prop] ‚ąÄ (i : Fin 3), ‚ÜĎn * (1 + 1 * (log ‚ąö‚ÜĎn ^ 3)‚ĀĽ¬Ļ) ^ (3 - ‚ÜĎi) ‚Č§ ‚ÜĎ(Classical.choose ‚čĮ i)
    [prop] Classical.choose ‚čĮ 2 + 1 ‚Č§ n
    [prop] max (‚ÜĎn) 0 = if ‚ÜĎn ‚Č§ 0 then 0 else ‚ÜĎn
    [prop] Nat.Prime (Classical.choose ‚čĮ 2)
    [prop] Nat.Prime (Classical.choose ‚čĮ w)
    [prop] ‚ÜĎn * (1 + 1 * (log ‚ąö‚ÜĎn ^ 3)‚ĀĽ¬Ļ) ^ (3 - ‚ÜĎw) ‚Č§ ‚ÜĎ(Classical.choose ‚čĮ w)
    [prop] ‚ÜĎ(3 - ‚ÜĎw) = if ‚ÜĎ‚ÜĎw + -3 ‚Č§ 0 then -1 * ‚ÜĎ‚ÜĎw + 3 else 0
    [prop] ‚ÜĎn * (1 + 1 * (log ‚ąö‚ÜĎn ^ 3)‚ĀĽ¬Ļ) ^ (3 - ‚ÜĎ2) ‚Č§ ‚ÜĎ(Classical.choose ‚čĮ 2)
    [prop] ‚ÜĎ(3 - ‚ÜĎ2) = if ‚ÜĎ‚ÜĎ2 + -3 ‚Č§ 0 then -1 * ‚ÜĎ‚ÜĎ2 + 3 else 0
    [prop] ‚ąÄ (i : Fin 3), Nat.Prime (w_1 i)
    [prop] StrictMono w_1
    [prop] ‚ąÄ (i : Fin 3), ‚ÜĎn * (1 + 1 * (log ‚ąö‚ÜĎn ^ 3)‚ĀĽ¬Ļ) ^ (3 - ‚ÜĎi) ‚Č§ ‚ÜĎ(w_1 i)
    [prop] w_1 2 + 1 ‚Č§ n
    [prop] Nat.Prime (w_1 2)
    [prop] ‚ÜĎn * (1 + 1 * (log ‚ąö‚ÜĎn ^ 3)‚ĀĽ¬Ļ) ^ (3 - ‚ÜĎ2) ‚Č§ ‚ÜĎ(w_1 2)
    [prop] ‚ÜĎn * (1 + 1 * (log ‚ąö‚ÜĎn ^ 3)‚ĀĽ¬Ļ) ^ (3 - ‚ÜĎw) ‚Č§ ‚ÜĎ(w_1 w)
    [prop] Nat.Prime (w_1 w)
    [prop] ‚ÜĎ‚ÜĎw + -3 ‚Č§ 0
    [prop] log ‚ąö‚ÜĎn ^ 3 = 0
    [prop] ‚ÜĎn = 0
    [prop] ‚ąö0 = 0
    [prop] ¬¨‚ÜĎ(Classical.choose ‚čĮ w) = 0
    [prop] ‚ÜĎ‚ÜĎ2 + -3 ‚Č§ 0
    [prop] w_1 2 = Classical.choose ‚čĮ 2
    [prop] 3 = 3 - ‚ÜĎw
  [eqc] True propositions
    [prop] (‚ÜĎn)‚ĀĽ¬Ļ = 0
    [prop] (log ‚ąö‚ÜĎn ^ 3)‚ĀĽ¬Ļ = 0
    [prop] ‚ÜĎn = 0
    [prop] ‚ÜĎ(Classical.choose ‚čĮ w) * (‚ÜĎ(Classical.choose ‚čĮ w))‚ĀĽ¬Ļ = 1
    [prop] log ‚ąö‚ÜĎn ^ 3 = 0
    [prop] ‚ÜĎ‚ÜĎw + -3 ‚Č§ 0
    [prop] ‚ÜĎ‚ÜĎ2 + -3 ‚Č§ 0
    [prop] 8044834249 ‚Č§ n
    [prop] if ‚ÜĎn = 0 then (‚ÜĎn)‚ĀĽ¬Ļ = 0 else ‚ÜĎn * (‚ÜĎn)‚ĀĽ¬Ļ = 1
    [prop] if ‚ÜĎ(Classical.choose ‚čĮ w) = 0 then (‚ÜĎ(Classical.choose ‚čĮ w))‚ĀĽ¬Ļ = 0
        else ‚ÜĎ(Classical.choose ‚čĮ w) * (‚ÜĎ(Classical.choose ‚čĮ w))‚ĀĽ¬Ļ = 1
    [prop] if log ‚ąö‚ÜĎn ^ 3 = 0 then (log ‚ąö‚ÜĎn ^ 3)‚ĀĽ¬Ļ = 0 else log ‚ąö‚ÜĎn ^ 3 * (log ‚ąö‚ÜĎn ^ 3)‚ĀĽ¬Ļ = 1
    [prop] ‚ąÉ x, ¬¨1 + (1 + 1 * (log ‚ąö‚ÜĎn ^ 3)‚ĀĽ¬Ļ) ^ (‚ÜĎ‚ÜĎx + 1) * (‚ÜĎn)‚ĀĽ¬Ļ = 1 + 1 * (‚ÜĎ(Classical.choose ‚čĮ x))‚ĀĽ¬Ļ
    [prop] ‚ąÉ q,
          (‚ąÄ (i : Fin 3), Nat.Prime (q i)) ‚ąß
            StrictMono q ‚ąß (‚ąÄ (i : Fin 3), ‚ÜĎn * (1 + 1 / log ‚ąö‚ÜĎn ^ 3) ^ (3 - ‚ÜĎi) ‚Č§ ‚ÜĎ(q i)) ‚ąß q 2 < n
    [prop] w_1 2 + 1 ‚Č§ n
    [prop] StrictMono w_1
    [prop] ‚ąÄ (i : Fin 3), Nat.Prime (w_1 i)
    [prop] ‚ąÄ (i : Fin 3), ‚ÜĎn * (1 + 1 * (log ‚ąö‚ÜĎn ^ 3)‚ĀĽ¬Ļ) ^ (3 - ‚ÜĎi) ‚Č§ ‚ÜĎ(w_1 i)
    [prop] Nat.Prime (w_1 2)
    [prop] Nat.Prime (Classical.choose ‚čĮ w)
    [prop] 3 = 3 - ‚ÜĎw
    [prop] Classical.choose ‚čĮ 2 + 1 ‚Č§ n
    [prop] ‚ÜĎn * (1 + 1 * (log ‚ąö‚ÜĎn ^ 3)‚ĀĽ¬Ļ) ^ (3 - ‚ÜĎw) ‚Č§ ‚ÜĎ(Classical.choose ‚čĮ w)
    [prop] StrictMono (Classical.choose ‚čĮ)
    [prop] ‚ąÄ (i : Fin 3), Nat.Prime (Classical.choose ‚čĮ i)
    [prop] ‚ąÄ (i : Fin 3), ‚ÜĎn * (1 + 1 * (log ‚ąö‚ÜĎn ^ 3)‚ĀĽ¬Ļ) ^ (3 - ‚ÜĎi) ‚Č§ ‚ÜĎ(Classical.choose ‚čĮ i)
    [prop] Nat.Prime (Classical.choose ‚čĮ 2)
    [prop] w_1 2 = Classical.choose ‚čĮ 2
    [prop] ‚ÜĎn ‚Č§ 0
    [prop] ‚ÜĎn * (1 + 1 * (log ‚ąö‚ÜĎn ^ 3)‚ĀĽ¬Ļ) ^ (3 - ‚ÜĎw) ‚Č§ ‚ÜĎ(w_1 w)
    [prop] ‚ÜĎn * (1 + 1 * (log ‚ąö‚ÜĎn ^ 3)‚ĀĽ¬Ļ) ^ (3 - ‚ÜĎ2) ‚Č§ ‚ÜĎ(Classical.choose ‚čĮ 2)
    [prop] Nat.Prime (w_1 w)
    [prop] ‚ÜĎn * (1 + 1 * (log ‚ąö‚ÜĎn ^ 3)‚ĀĽ¬Ļ) ^ (3 - ‚ÜĎ2) ‚Č§ ‚ÜĎ(w_1 2)
  [eqc] False propositions
    [prop] ‚ÜĎ(Classical.choose ‚čĮ w) = 0
    [prop] (fun x => 1 + (1 + 1 * (log ‚ąö‚ÜĎn ^ 3)‚ĀĽ¬Ļ) ^ (‚ÜĎ‚ÜĎx + 1) * (‚ÜĎn)‚ĀĽ¬Ļ) = fun x => 1 + 1 * (‚ÜĎ(Classical.choose ‚čĮ x))‚ĀĽ¬Ļ
    [prop] ‚ąŹ x, (1 + 1 * (‚ÜĎ(Classical.choose ‚čĮ x))‚ĀĽ¬Ļ) ‚Č§ ‚ąŹ x, (1 + (1 + 1 * (log ‚ąö‚ÜĎn ^ 3)‚ĀĽ¬Ļ) ^ (‚ÜĎ‚ÜĎx + 1) * (‚ÜĎn)‚ĀĽ¬Ļ)
    [prop] 1 + (1 + 1 * (log ‚ąö‚ÜĎn ^ 3)‚ĀĽ¬Ļ) ^ (‚ÜĎ‚ÜĎw + 1) * (‚ÜĎn)‚ĀĽ¬Ļ = 1 + 1 * (‚ÜĎ(Classical.choose ‚čĮ w))‚ĀĽ¬Ļ
  [eqc] Equivalence classes
    [eqc] {3, 3 - ‚ÜĎw}
    [eqc] {‚ÜĎ(Classical.choose ‚čĮ w) * (‚ÜĎ(Classical.choose ‚čĮ w))‚ĀĽ¬Ļ,
        1,
        1 + 1 * (log ‚ąö‚ÜĎn ^ 3)‚ĀĽ¬Ļ,
        1 + (1 + 1 * (log ‚ąö‚ÜĎn ^ 3)‚ĀĽ¬Ļ) ^ (‚ÜĎ‚ÜĎw + 1) * (‚ÜĎn)‚ĀĽ¬Ļ,
        (1 + (1 + 1 * (log ‚ąö‚ÜĎn ^ 3)‚ĀĽ¬Ļ) ^ (‚ÜĎ‚ÜĎw + 1) * (‚ÜĎn)‚ĀĽ¬Ļ - (1 + 1 * (‚ÜĎ(Classical.choose ‚čĮ w))‚ĀĽ¬Ļ)) *
          (1 + (1 + 1 * (log ‚ąö‚ÜĎn ^ 3)‚ĀĽ¬Ļ) ^ (‚ÜĎ‚ÜĎw + 1) * (‚ÜĎn)‚ĀĽ¬Ļ - (1 + 1 * (‚ÜĎ(Classical.choose ‚čĮ w))‚ĀĽ¬Ļ))‚ĀĽ¬Ļ}
    [eqc] {w_1 2, Classical.choose ‚čĮ 2}
    [eqc] {‚ąö‚ÜĎn,
        (‚ÜĎn)‚ĀĽ¬Ļ,
        (log ‚ąö‚ÜĎn ^ 3)‚ĀĽ¬Ļ,
        0,
        (1 + 1 * (log ‚ąö‚ÜĎn ^ 3)‚ĀĽ¬Ļ) ^ (‚ÜĎ‚ÜĎw + 1) * (‚ÜĎn)‚ĀĽ¬Ļ,
        log ‚ąö‚ÜĎn ^ 3,
        ‚ąö0,
        max (‚ÜĎn) 0,
        ‚ąö‚ÜĎn ^ 2}
      [eqc] {‚ÜĎn, if ‚ÜĎn ‚Č§ 0 then 0 else ‚ÜĎn}
    [eqc] {w_1 2 + 1, Classical.choose ‚čĮ 2 + 1}
    [eqc] {-1 ‚ÄĘ (log ‚ąö‚ÜĎn ^ 3)‚ĀĽ¬Ļ + 0 ‚ÄĘ One.one,
        -1 ‚ÄĘ ‚ÜĎn + 0 ‚ÄĘ One.one,
        -1 ‚ÄĘ ((1 + 1 * (log ‚ąö‚ÜĎn ^ 3)‚ĀĽ¬Ļ) ^ (‚ÜĎ‚ÜĎw + 1) * (‚ÜĎn)‚ĀĽ¬Ļ) + 0 ‚ÄĘ One.one}
    [eqc] {1 ‚ÄĘ (log ‚ąö‚ÜĎn ^ 3)‚ĀĽ¬Ļ + 0 ‚ÄĘ One.one,
        1 ‚ÄĘ ‚ÜĎn + 0 ‚ÄĘ One.one,
        1 ‚ÄĘ ((1 + 1 * (log ‚ąö‚ÜĎn ^ 3)‚ĀĽ¬Ļ) ^ (‚ÜĎ‚ÜĎw + 1) * (‚ÜĎn)‚ĀĽ¬Ļ) + 0 ‚ÄĘ One.one}
    [eqc] {-1 ‚ÄĘ (log ‚ąö‚ÜĎn ^ 3)‚ĀĽ¬Ļ, -1 ‚ÄĘ ‚ÜĎn, -1 ‚ÄĘ ((1 + 1 * (log ‚ąö‚ÜĎn ^ 3)‚ĀĽ¬Ļ) ^ (‚ÜĎ‚ÜĎw + 1) * (‚ÜĎn)‚ĀĽ¬Ļ)}
    [eqc] {1 ‚ÄĘ (log ‚ąö‚ÜĎn ^ 3)‚ĀĽ¬Ļ, 1 ‚ÄĘ ‚ÜĎn, 1 ‚ÄĘ ((1 + 1 * (log ‚ąö‚ÜĎn ^ 3)‚ĀĽ¬Ļ) ^ (‚ÜĎ‚ÜĎw + 1) * (‚ÜĎn)‚ĀĽ¬Ļ)}
    [eqc] {-1 ‚ÄĘ ‚ÜĎ(Classical.choose ‚čĮ 2) + 0 ‚ÄĘ One.one, -1 ‚ÄĘ ‚ÜĎ(w_1 2) + 0 ‚ÄĘ One.one}
    [eqc] {1 ‚ÄĘ (‚ÜĎn * (1 + 1 * (log ‚ąö‚ÜĎn ^ 3)‚ĀĽ¬Ļ) ^ (3 - ‚ÜĎ2)) + (-1 ‚ÄĘ ‚ÜĎ(Classical.choose ‚čĮ 2) + 0 ‚ÄĘ One.one),
        1 ‚ÄĘ (‚ÜĎn * (1 + 1 * (log ‚ąö‚ÜĎn ^ 3)‚ĀĽ¬Ļ) ^ (3 - ‚ÜĎ2)) + (-1 ‚ÄĘ ‚ÜĎ(w_1 2) + 0 ‚ÄĘ One.one)}
    [eqc] {-1 ‚ÄĘ ‚ÜĎ(Classical.choose ‚čĮ 2), -1 ‚ÄĘ ‚ÜĎ(w_1 2)}
    [eqc] {1 ‚ÄĘ ‚ÜĎ(w_1 2), 1 ‚ÄĘ ‚ÜĎ(Classical.choose ‚čĮ 2)}
    [eqc] others
      [eqc] {‚ÜĎ(w_1 2), ‚ÜĎ(Classical.choose ‚čĮ 2)}
      [eqc] {‚ÜĎ3, 3, if ‚ÜĎ‚ÜĎw + -3 ‚Č§ 0 then -1 * ‚ÜĎ‚ÜĎw + 3 else 0, -1 * ‚ÜĎ‚ÜĎw + 3, ‚ÜĎ(3 - ‚ÜĎw)}
      [eqc] {0, ‚ÜĎ‚ÜĎw}
      [eqc] {if ‚ÜĎ‚ÜĎ2 + -3 ‚Č§ 0 then -1 * ‚ÜĎ‚ÜĎ2 + 3 else 0, -1 * ‚ÜĎ‚ÜĎ2 + 3, ‚ÜĎ(3 - ‚ÜĎ2)}
      [eqc] {‚ÜĎ(Classical.choose ‚čĮ 2), ‚ÜĎ(w_1 2)}
  [cases] Case analyses
    [cases] [2/2]: (fun x => 1 + (1 + 1 * (log ‚ąö‚ÜĎn ^ 3)‚ĀĽ¬Ļ) ^ (‚ÜĎ‚ÜĎx + 1) * (‚ÜĎn)‚ĀĽ¬Ļ) = fun x =>
          1 + 1 * (‚ÜĎ(Classical.choose ‚čĮ x))‚ĀĽ¬Ļ
      [cases] source: Initial goal
    [cases] [1/1]: ‚ąÉ x, ¬¨1 + (1 + 1 * (log ‚ąö‚ÜĎn ^ 3)‚ĀĽ¬Ļ) ^ (‚ÜĎ‚ÜĎx + 1) * (‚ÜĎn)‚ĀĽ¬Ļ = 1 + 1 * (‚ÜĎ(Classical.choose ‚čĮ x))‚ĀĽ¬Ļ
      [cases] source: Extensionality funext
    [cases] [1/1]: ‚ąÉ q,
          (‚ąÄ (i : Fin 3), Nat.Prime (q i)) ‚ąß
            StrictMono q ‚ąß (‚ąÄ (i : Fin 3), ‚ÜĎn * (1 + 1 / log ‚ąö‚ÜĎn ^ 3) ^ (3 - ‚ÜĎi) ‚Č§ ‚ÜĎ(q i)) ‚ąß q 2 < n
      [cases] source: Extensionality funext
    [cases] [1/2]: if ‚ÜĎ‚ÜĎw + -3 ‚Č§ 0 then -1 * ‚ÜĎ‚ÜĎw + 3 else 0
      [cases] source: E-matching left_2
    [cases] [1/2]: if log ‚ąö‚ÜĎn ^ 3 = 0 then (log ‚ąö‚ÜĎn ^ 3)‚ĀĽ¬Ļ = 0 else log ‚ąö‚ÜĎn ^ 3 * (log ‚ąö‚ÜĎn ^ 3)‚ĀĽ¬Ļ = 1
      [cases] source: Extensionality funext
    [cases] [1/2]: if ‚ÜĎn = 0 then (‚ÜĎn)‚ĀĽ¬Ļ = 0 else ‚ÜĎn * (‚ÜĎn)‚ĀĽ¬Ļ = 1
      [cases] source: Extensionality funext
    [cases] [2/2]: if ‚ÜĎ(Classical.choose ‚čĮ w) = 0 then (‚ÜĎ(Classical.choose ‚čĮ w))‚ĀĽ¬Ļ = 0
        else ‚ÜĎ(Classical.choose ‚čĮ w) * (‚ÜĎ(Classical.choose ‚čĮ w))‚ĀĽ¬Ļ = 1
      [cases] source: Extensionality funext
    [cases] [1/2]: if ‚ÜĎ‚ÜĎ2 + -3 ‚Č§ 0 then -1 * ‚ÜĎ‚ÜĎ2 + 3 else 0
      [cases] source: E-matching left_2
    [cases] [1/2]: w_1 2 = Classical.choose ‚čĮ 2
      [cases] source: Model-based theory combination at argument #0 of
            Nat.Prime (w_1 2)
          and
            Nat.Prime (Classical.choose ‚čĮ 2)
    [cases] [1/2]: 3 = 3 - ‚ÜĎw
      [cases] source: Model-based theory combination at argument #5 of
            (1 + 1 * (log ‚ąö‚ÜĎn ^ 3)‚ĀĽ¬Ļ) ^ (3 - ‚ÜĎw)
          and
            log ‚ąö‚ÜĎn ^ 3
  [ematch] E-matching patterns
    [thm] Angle.coe_pi_add_coe_pi: [@HAdd.hAdd `[Angle] `[Angle] `[Angle] `[instHAdd] `[‚ÜĎŌÄ] `[‚ÜĎŌÄ]]
    [thm] sq_sqrt': [sqrt #0]
    [thm] sqrt_one: [sqrt `[1]]
    [thm] sqrt_zero: [sqrt `[0]]
    [thm] Exists.choose_spec: [@Classical.choose #2 #1 #0]
    [thm] max_def: [@max #3 _ #1 #0]
    [thm] Rat.max_def: [@max `[‚Ąö] `[Rat.instMax] #1 #0]
    [thm] Int.max_def: [@max `[‚Ą§] `[Int.instMax] #1 #0]
    [thm] Nat.max_def: [@max `[‚Ąē] `[Nat.instMax] #1 #0]
    [thm] left: [Nat.Prime (@Classical.choose `[Fin 3 ‚Üí
            ‚Ąē] `[fun q =>
            (‚ąÄ (i : Fin 3), Nat.Prime (q i)) ‚ąß
              StrictMono q ‚ąß
                (‚ąÄ (i : Fin 3), ‚ÜĎn * (1 + 1 / log ‚ąö‚ÜĎn ^ 3) ^ (3 - ‚ÜĎi) ‚Č§ ‚ÜĎ(q i)) ‚ąß
                  q 2 <
                    n] `[‚ÄĻ‚ąÉ q,
              (‚ąÄ (i : Fin 3), Nat.Prime (q i)) ‚ąß
                StrictMono q ‚ąß (‚ąÄ (i : Fin 3), ‚ÜĎn * (1 + 1 / log ‚ąö‚ÜĎn ^ 3) ^ (3 - ‚ÜĎi) ‚Č§ ‚ÜĎ(q i)) ‚ąß q 2 < n‚Äļ] #0)]
    [thm] left: [@Classical.choose `[Fin 3 ‚Üí
           ‚Ąē] `[fun q =>
           (‚ąÄ (i : Fin 3), Nat.Prime (q i)) ‚ąß
             StrictMono q ‚ąß
               (‚ąÄ (i : Fin 3), ‚ÜĎn * (1 + 1 / log ‚ąö‚ÜĎn ^ 3) ^ (3 - ‚ÜĎi) ‚Č§ ‚ÜĎ(q i)) ‚ąß
                 q 2 <
                   n] `[‚ÄĻ‚ąÉ q,
             (‚ąÄ (i : Fin 3), Nat.Prime (q i)) ‚ąß
               StrictMono q ‚ąß (‚ąÄ (i : Fin 3), ‚ÜĎn * (1 + 1 / log ‚ąö‚ÜĎn ^ 3) ^ (3 - ‚ÜĎi) ‚Č§ ‚ÜĎ(q i)) ‚ąß q 2 < n‚Äļ] #0]
    [thm] left_2: [@LE.le `[‚ĄĚ] `[instLE] (@HMul.hMul `[‚ĄĚ] `[‚ĄĚ] `[‚ĄĚ] `[instHMul] `[‚ÜĎn] (@HPow.hPow `[‚ĄĚ] `[‚Ąē] `[‚ĄĚ] `[instHPow] `[1 +
             1 *
               (log ‚ąö‚ÜĎn ^
                   3)‚ĀĽ¬Ļ] (@HSub.hSub `[‚Ąē] `[‚Ąē] `[‚Ąē] `[instHSub] `[3] (@Fin.val `[3] #0)))) (@NatCast.natCast `[‚ĄĚ] `[instNatCast] (@Classical.choose `[Fin
               3 ‚Üí
             ‚Ąē] `[fun q =>
             (‚ąÄ (i : Fin 3), Nat.Prime (q i)) ‚ąß
               StrictMono q ‚ąß
                 (‚ąÄ (i : Fin 3), ‚ÜĎn * (1 + 1 / log ‚ąö‚ÜĎn ^ 3) ^ (3 - ‚ÜĎi) ‚Č§ ‚ÜĎ(q i)) ‚ąß
                   q 2 <
                     n] `[‚ÄĻ‚ąÉ q,
               (‚ąÄ (i : Fin 3), Nat.Prime (q i)) ‚ąß
                 StrictMono q ‚ąß (‚ąÄ (i : Fin 3), ‚ÜĎn * (1 + 1 / log ‚ąö‚ÜĎn ^ 3) ^ (3 - ‚ÜĎi) ‚Č§ ‚ÜĎ(q i)) ‚ąß q 2 < n‚Äļ] #0))]
    [thm] left_2: [@HPow.hPow `[‚ĄĚ] `[‚Ąē] `[‚ĄĚ] `[instHPow] `[1 +
           1 * (log ‚ąö‚ÜĎn ^ 3)‚ĀĽ¬Ļ] (@HSub.hSub `[‚Ąē] `[‚Ąē] `[‚Ąē] `[instHSub] `[3] (@Fin.val `[3] #0))]
    [thm] left_2: [@Fin.val `[3] #0]
    [thm] left_2: [@NatCast.natCast `[‚ĄĚ] `[instNatCast] (@Classical.choose `[Fin 3 ‚Üí
            ‚Ąē] `[fun q =>
            (‚ąÄ (i : Fin 3), Nat.Prime (q i)) ‚ąß
              StrictMono q ‚ąß
                (‚ąÄ (i : Fin 3), ‚ÜĎn * (1 + 1 / log ‚ąö‚ÜĎn ^ 3) ^ (3 - ‚ÜĎi) ‚Č§ ‚ÜĎ(q i)) ‚ąß
                  q 2 <
                    n] `[‚ÄĻ‚ąÉ q,
              (‚ąÄ (i : Fin 3), Nat.Prime (q i)) ‚ąß
                StrictMono q ‚ąß (‚ąÄ (i : Fin 3), ‚ÜĎn * (1 + 1 / log ‚ąö‚ÜĎn ^ 3) ^ (3 - ‚ÜĎi) ‚Č§ ‚ÜĎ(q i)) ‚ąß q 2 < n‚Äļ] #0)]
    [thm] left_2: [@Classical.choose `[Fin 3 ‚Üí
           ‚Ąē] `[fun q =>
           (‚ąÄ (i : Fin 3), Nat.Prime (q i)) ‚ąß
             StrictMono q ‚ąß
               (‚ąÄ (i : Fin 3), ‚ÜĎn * (1 + 1 / log ‚ąö‚ÜĎn ^ 3) ^ (3 - ‚ÜĎi) ‚Č§ ‚ÜĎ(q i)) ‚ąß
                 q 2 <
                   n] `[‚ÄĻ‚ąÉ q,
             (‚ąÄ (i : Fin 3), Nat.Prime (q i)) ‚ąß
               StrictMono q ‚ąß (‚ąÄ (i : Fin 3), ‚ÜĎn * (1 + 1 / log ‚ąö‚ÜĎn ^ 3) ^ (3 - ‚ÜĎi) ‚Č§ ‚ÜĎ(q i)) ‚ąß q 2 < n‚Äļ] #0]
    [thm] left_3: [Nat.Prime (w_1 #0)]
    [thm] left_3: [w_1 #0]
    [thm] left_5: [@LE.le `[‚ĄĚ] `[instLE] (@HMul.hMul `[‚ĄĚ] `[‚ĄĚ] `[‚ĄĚ] `[instHMul] `[‚ÜĎn] (@HPow.hPow `[‚ĄĚ] `[‚Ąē] `[‚ĄĚ] `[instHPow] `[1 +
             1 *
               (log ‚ąö‚ÜĎn ^
                   3)‚ĀĽ¬Ļ] (@HSub.hSub `[‚Ąē] `[‚Ąē] `[‚Ąē] `[instHSub] `[3] (@Fin.val `[3] #0)))) (@NatCast.natCast `[‚ĄĚ] `[instNatCast] (w_1 #0))]
    [thm] left_5: [@HPow.hPow `[‚ĄĚ] `[‚Ąē] `[‚ĄĚ] `[instHPow] `[1 +
           1 * (log ‚ąö‚ÜĎn ^ 3)‚ĀĽ¬Ļ] (@HSub.hSub `[‚Ąē] `[‚Ąē] `[‚Ąē] `[instHSub] `[3] (@Fin.val `[3] #0))]
    [thm] left_5: [@Fin.val `[3] #0]
    [thm] left_5: [@NatCast.natCast `[‚ĄĚ] `[instNatCast] (w_1 #0)]
    [thm] left_5: [w_1 #0]
  [cutsat] Assignment satisfying linear constraints
    [assign] n := 8044834249
    [assign] w := 0
    [assign] w_1 2 := 0
    [assign] ‚ÜĎw := 0
    [assign] Classical.choose ‚čĮ w := 4
    [assign] Classical.choose ‚čĮ 2 := 0
    [assign] w_1 w := 8
    [assign] ‚ÜĎ2 := 2
  [linarith] Linarith assignment for `‚ĄĚ`
    [assign] ŌÄ := 4
    [assign] ‚ąŹ x, (1 + 1 * (‚ÜĎ(Classical.choose ‚čĮ x))‚ĀĽ¬Ļ) := 0
    [assign] ‚ąŹ x, (1 + (1 + 1 * (log ‚ąö‚ÜĎn ^ 3)‚ĀĽ¬Ļ) ^ (‚ÜĎ‚ÜĎx + 1) * (‚ÜĎn)‚ĀĽ¬Ļ) := -1
    [assign] log ‚ąö‚ÜĎn := 10
    [assign] ‚ąö‚ÜĎn := 0
    [assign] „ÄĆlog ‚ąö‚ÜĎn ^ 3„Äć := 0
    [assign] „ÄĆ(1 + 1 * (log ‚ąö‚ÜĎn ^ 3)‚ĀĽ¬Ļ) ^ (‚ÜĎ‚ÜĎw + 1)„Äć := 9
    [assign] ‚ąö0 := 0
    [assign] max (‚ÜĎn) 0 := 0
    [assign] „ÄĆ‚ąö‚ÜĎn ^ 2„Äć := 0
    [assign] „ÄĆ(1 + 1 * (log ‚ąö‚ÜĎn ^ 3)‚ĀĽ¬Ļ) ^ (3 - ‚ÜĎw)„Äć := 15
    [assign] „ÄĆ(1 + 1 * (log ‚ąö‚ÜĎn ^ 3)‚ĀĽ¬Ļ) ^ (3 - ‚ÜĎ2)„Äć := 20
  [ring] Rings
    [ring] Ring `‚Ą§`
      [basis] Basis
        [_] ‚ÜĎ(Classical.choose ‚čĮ 2) + -1 * ‚ÜĎ(w_1 2) = 0
        [_] ‚ÜĎ‚ÜĎw = 0
    [ring] Ring `Lean.Grind.Ring.OfSemiring.Q ‚Ąē`
      [basis] Basis
        [_] ‚ÜĎ(3 - ‚ÜĎw) + -3 = 0
    [ring] Ring `‚ĄĚ`
      [basis] Basis
        [_] log ‚ąö‚ÜĎn ^ 3 = 0
        [_] (‚ÜĎ(Classical.choose ‚čĮ w))‚ĀĽ¬Ļ * ‚ÜĎ(Classical.choose ‚čĮ w) + -1 = 0
        [_] (log ‚ąö‚ÜĎn ^ 3)‚ĀĽ¬Ļ = 0
        [_] (‚ÜĎn)‚ĀĽ¬Ļ = 0
        [_] (1 + (1 + 1 * (log ‚ąö‚ÜĎn ^ 3)‚ĀĽ¬Ļ) ^ (‚ÜĎ‚ÜĎw + 1) * (‚ÜĎn)‚ĀĽ¬Ļ - (1 + 1 * (‚ÜĎ(Classical.choose ‚čĮ w))‚ĀĽ¬Ļ))‚ĀĽ¬Ļ +
                ‚ÜĎ(Classical.choose ‚čĮ w) =
              0
        [_] ‚ąö‚ÜĎn = 0
        [_] ‚ÜĎn = 0
        [_] ‚ÜĎ(Classical.choose ‚čĮ 2) + -1 * ‚ÜĎ(w_1 2) = 0
  [assoc] Operator `max`
    [basis] Basis
      [_] 0 = ‚ÜĎn
    [properties] Properties
      [_] commutative
      [_] idempotent
[grind] Diagnostics
  [thm] E-Matching instances
    [thm] max_def ‚Ü¶ 1
    [thm] Exists.choose_spec ‚Ü¶ 1
    [thm] sq_sqrt' ‚Ü¶ 1
    [thm] sqrt_zero ‚Ü¶ 1

[2026-01-10 20:57:58] [INFO] Attempt 1 failed verification, continuing...
[2026-01-10 20:57:58] [INFO] ========================================
[2026-01-10 20:57:58] [INFO] Trying strategy: ring (up to 1 attempts)
[2026-01-10 20:57:58] [INFO] --------------------
[2026-01-10 20:57:58] [INFO] Strategy ring, attempt 1/1
[2026-01-10 20:57:58] [INFO] Starting proof generation...
[2026-01-10 20:57:58] [INFO] Repository path: /root/repo
[2026-01-10 20:57:58] [INFO] Proof generation completed
[2026-01-10 20:57:58] [INFO] Generated proof:
[2026-01-10 20:57:58] [INFO] ring
[2026-01-10 20:57:58] [INFO] Proof length: 4 chars
[2026-01-10 20:57:58] [INFO] Starting proof verification...
[2026-01-10 20:57:58] [INFO] Verifying at: PrimeNumberTheoremAnd/Lcm.lean:484
[2026-01-10 20:57:58] [INFO] Using LEAN INTERACT verify
[2026-01-10 20:57:58] [INFO] Checking file
[2026-01-10 20:58:05] [INFO] Cannot build modified file Try this:
  [apply] ring_nf
  
  The `ring` tactic failed to close the goal. Use `ring_nf` to obtain a normal form.
    
  Note that `ring` works primarily in *commutative* rings. If you have a noncommutative ring, abelian group or module, consider using `noncomm_ring`, `abel` or `module` instead.
<error line="484" column="168">
<code_line>theorem prod_q_ge {n : ‚Ąē} (hn : n ‚Č• X‚āÄ ^ 2) : ‚ąŹ i, (1 + (1:‚ĄĚ) / ((exists_q_primes hn).choose i)) ‚Č§ ‚ąŹ i:Fin 3, (1 + (1 + 1 / (log (‚ąö(n : ‚ĄĚ))) ^ 3) ^ ((i:‚Ąē)+1:‚ĄĚ) / n) := by ring</code_line>
<message>error: unsolved goals</message>
</error>
n : ‚Ąē
hn : n ‚Č• X‚āÄ ^ 2
‚äĘ ‚ąŹ x, (1 + (‚ÜĎ(‚čĮ.choose x))‚ĀĽ¬Ļ) ‚Č§ ‚ąŹ x, (1 + (1 + (log ‚ąö‚ÜĎn)‚ĀĽ¬Ļ ^ 3) ^ (1 + ‚ÜĎ‚ÜĎx) * (‚ÜĎn)‚ĀĽ¬Ļ)
[2026-01-10 20:58:05] [INFO] Proof verification completed
[2026-01-10 20:58:05] [INFO] Strategy ring attempt 1: verified=False
[2026-01-10 20:58:05] [INFO] Verification message: Cannot build modified file: Try this:
  [apply] ring_nf
  
  The `ring` tactic failed to close the goal. Use `ring_nf` to obtain a normal form.
    
  Note that `ring` works primarily in *commutative* rings. If you have a noncommutative ring, abelian group or module, consider using `noncomm_ring`, `abel` or `module` instead.
<error line="484" column="168">
<code_line>theorem prod_q_ge {n : ‚Ąē} (hn : n ‚Č• X‚āÄ ^ 2) : ‚ąŹ i, (1 + (1:‚ĄĚ) / ((exists_q_primes hn).choose i)) ‚Č§ ‚ąŹ i:Fin 3, (1 + (1 + 1 / (log (‚ąö(n : ‚ĄĚ))) ^ 3) ^ ((i:‚Ąē)+1:‚ĄĚ) / n) := by ring</code_line>
<message>error: unsolved goals</message>
</error>
n : ‚Ąē
hn : n ‚Č• X‚āÄ ^ 2
‚äĘ ‚ąŹ x, (1 + (‚ÜĎ(‚čĮ.choose x))‚ĀĽ¬Ļ) ‚Č§ ‚ąŹ x, (1 + (1 + (log ‚ąö‚ÜĎn)‚ĀĽ¬Ļ ^ 3) ^ (1 + ‚ÜĎ‚ÜĎx) * (‚ÜĎn)‚ĀĽ¬Ļ)

[2026-01-10 20:58:05] [INFO] Attempt 1 failed verification, continuing...
[2026-01-10 20:58:05] [INFO] ========================================
[2026-01-10 20:58:05] [INFO] Trying strategy: norm_num (up to 1 attempts)
[2026-01-10 20:58:05] [INFO] --------------------
[2026-01-10 20:58:05] [INFO] Strategy norm_num, attempt 1/1
[2026-01-10 20:58:05] [INFO] Starting proof generation...
[2026-01-10 20:58:05] [INFO] Repository path: /root/repo
[2026-01-10 20:58:05] [INFO] Proof generation completed
[2026-01-10 20:58:05] [INFO] Generated proof:
[2026-01-10 20:58:05] [INFO] norm_num
[2026-01-10 20:58:05] [INFO] Proof length: 8 chars
[2026-01-10 20:58:05] [INFO] Starting proof verification...
[2026-01-10 20:58:05] [INFO] Verifying at: PrimeNumberTheoremAnd/Lcm.lean:484
[2026-01-10 20:58:05] [INFO] Using LEAN INTERACT verify
[2026-01-10 20:58:05] [INFO] Checking file
[2026-01-10 20:58:12] [INFO] Cannot build modified file <error line="484" column="168">
<code_line>theorem prod_q_ge {n : ‚Ąē} (hn : n ‚Č• X‚āÄ ^ 2) : ‚ąŹ i, (1 + (1:‚ĄĚ) / ((exists_q_primes hn).choose i)) ‚Č§ ‚ąŹ i:Fin 3, (1 + (1 + 1 / (log (‚ąö(n : ‚ĄĚ))) ^ 3) ^ ((i:‚Ąē)+1:‚ĄĚ) / n) := by norm_num</code_line>
<message>error: unsolved goals</message>
</error>
n : ‚Ąē
hn : n ‚Č• X‚āÄ ^ 2
‚äĘ ‚ąŹ x, (1 + (‚ÜĎ(‚čĮ.choose x))‚ĀĽ¬Ļ) ‚Č§ ‚ąŹ x, (1 + (1 + (log ‚ąö‚ÜĎn ^ 3)‚ĀĽ¬Ļ) ^ (‚ÜĎ‚ÜĎx + 1) / ‚ÜĎn)
[2026-01-10 20:58:12] [INFO] Proof verification completed
[2026-01-10 20:58:12] [INFO] Strategy norm_num attempt 1: verified=False
[2026-01-10 20:58:12] [INFO] Verification message: Cannot build modified file: <error line="484" column="168">
<code_line>theorem prod_q_ge {n : ‚Ąē} (hn : n ‚Č• X‚āÄ ^ 2) : ‚ąŹ i, (1 + (1:‚ĄĚ) / ((exists_q_primes hn).choose i)) ‚Č§ ‚ąŹ i:Fin 3, (1 + (1 + 1 / (log (‚ąö(n : ‚ĄĚ))) ^ 3) ^ ((i:‚Ąē)+1:‚ĄĚ) / n) := by norm_num</code_line>
<message>error: unsolved goals</message>
</error>
n : ‚Ąē
hn : n ‚Č• X‚āÄ ^ 2
‚äĘ ‚ąŹ x, (1 + (‚ÜĎ(‚čĮ.choose x))‚ĀĽ¬Ļ) ‚Č§ ‚ąŹ x, (1 + (1 + (log ‚ąö‚ÜĎn ^ 3)‚ĀĽ¬Ļ) ^ (‚ÜĎ‚ÜĎx + 1) / ‚ÜĎn)

[2026-01-10 20:58:12] [INFO] Attempt 1 failed verification, continuing...
[2026-01-10 20:58:12] [INFO] ========================================
[2026-01-10 20:58:12] [INFO] Trying strategy: omega (up to 1 attempts)
[2026-01-10 20:58:12] [INFO] --------------------
[2026-01-10 20:58:12] [INFO] Strategy omega, attempt 1/1
[2026-01-10 20:58:12] [INFO] Starting proof generation...
[2026-01-10 20:58:12] [INFO] Repository path: /root/repo
[2026-01-10 20:58:12] [INFO] Proof generation completed
[2026-01-10 20:58:12] [INFO] Generated proof:
[2026-01-10 20:58:12] [INFO] omega
[2026-01-10 20:58:12] [INFO] Proof length: 5 chars
[2026-01-10 20:58:12] [INFO] Starting proof verification...
[2026-01-10 20:58:12] [INFO] Verifying at: PrimeNumberTheoremAnd/Lcm.lean:484
[2026-01-10 20:58:12] [INFO] Using LEAN INTERACT verify
[2026-01-10 20:58:12] [INFO] Checking file
[2026-01-10 20:58:18] [INFO] Cannot build modified file <error line="484" column="171">
<code_line>theorem prod_q_ge {n : ‚Ąē} (hn : n ‚Č• X‚āÄ ^ 2) : ‚ąŹ i, (1 + (1:‚ĄĚ) / ((exists_q_primes hn).choose i)) ‚Č§ ‚ąŹ i:Fin 3, (1 + (1 + 1 / (log (‚ąö(n : ‚ĄĚ))) ^ 3) ^ ((i:‚Ąē)+1:‚ĄĚ) / n) := by omega</code_line>
<message>error: omega could not prove the goal:</message>
</error>
a possible counterexample may satisfy the constraints
  b ‚Č• 0
  a ‚Č• 0
  a - b ‚Č• 0
where
 a := ‚ÜĎn
 b := ‚ÜĎ(X‚āÄ ^ 2)
[2026-01-10 20:58:18] [INFO] Proof verification completed
[2026-01-10 20:58:18] [INFO] Strategy omega attempt 1: verified=False
[2026-01-10 20:58:18] [INFO] Verification message: Cannot build modified file: <error line="484" column="171">
<code_line>theorem prod_q_ge {n : ‚Ąē} (hn : n ‚Č• X‚āÄ ^ 2) : ‚ąŹ i, (1 + (1:‚ĄĚ) / ((exists_q_primes hn).choose i)) ‚Č§ ‚ąŹ i:Fin 3, (1 + (1 + 1 / (log (‚ąö(n : ‚ĄĚ))) ^ 3) ^ ((i:‚Ąē)+1:‚ĄĚ) / n) := by omega</code_line>
<message>error: omega could not prove the goal:</message>
</error>
a possible counterexample may satisfy the constraints
  b ‚Č• 0
  a ‚Č• 0
  a - b ‚Č• 0
where
 a := ‚ÜĎn
 b := ‚ÜĎ(X‚āÄ ^ 2)

[2026-01-10 20:58:18] [INFO] Attempt 1 failed verification, continuing...
[2026-01-10 20:58:18] [INFO] ========================================
[2026-01-10 20:58:18] [INFO] Trying strategy: linarith (up to 1 attempts)
[2026-01-10 20:58:18] [INFO] --------------------
[2026-01-10 20:58:18] [INFO] Strategy linarith, attempt 1/1
[2026-01-10 20:58:18] [INFO] Starting proof generation...
[2026-01-10 20:58:18] [INFO] Repository path: /root/repo
[2026-01-10 20:58:18] [INFO] Proof generation completed
[2026-01-10 20:58:18] [INFO] Generated proof:
[2026-01-10 20:58:18] [INFO] linarith
[2026-01-10 20:58:18] [INFO] Proof length: 8 chars
[2026-01-10 20:58:18] [INFO] Starting proof verification...
[2026-01-10 20:58:18] [INFO] Verifying at: PrimeNumberTheoremAnd/Lcm.lean:484
[2026-01-10 20:58:18] [INFO] Using LEAN INTERACT verify
[2026-01-10 20:58:18] [INFO] Checking file
[2026-01-10 20:58:25] [INFO] Cannot build modified file <error line="484" column="171">
<code_line>theorem prod_q_ge {n : ‚Ąē} (hn : n ‚Č• X‚āÄ ^ 2) : ‚ąŹ i, (1 + (1:‚ĄĚ) / ((exists_q_primes hn).choose i)) ‚Č§ ‚ąŹ i:Fin 3, (1 + (1 + 1 / (log (‚ąö(n : ‚ĄĚ))) ^ 3) ^ ((i:‚Ąē)+1:‚ĄĚ) / n) := by linarith</code_line>
<message>error: linarith failed to find a contradiction</message>
</error>
case h
n : ‚Ąē
hn : n ‚Č• X‚āÄ ^ 2
a‚úĚ : ‚ąŹ i, (1 + (1 + 1 / log ‚ąö‚ÜĎn ^ 3) ^ (‚ÜĎ‚ÜĎi + 1) / ‚ÜĎn) < ‚ąŹ i, (1 + 1 / ‚ÜĎ(‚čĮ.choose i))
‚äĘ False
failed
[2026-01-10 20:58:25] [INFO] Proof verification completed
[2026-01-10 20:58:25] [INFO] Strategy linarith attempt 1: verified=False
[2026-01-10 20:58:25] [INFO] Verification message: Cannot build modified file: <error line="484" column="171">
<code_line>theorem prod_q_ge {n : ‚Ąē} (hn : n ‚Č• X‚āÄ ^ 2) : ‚ąŹ i, (1 + (1:‚ĄĚ) / ((exists_q_primes hn).choose i)) ‚Č§ ‚ąŹ i:Fin 3, (1 + (1 + 1 / (log (‚ąö(n : ‚ĄĚ))) ^ 3) ^ ((i:‚Ąē)+1:‚ĄĚ) / n) := by linarith</code_line>
<message>error: linarith failed to find a contradiction</message>
</error>
case h
n : ‚Ąē
hn : n ‚Č• X‚āÄ ^ 2
a‚úĚ : ‚ąŹ i, (1 + (1 + 1 / log ‚ąö‚ÜĎn ^ 3) ^ (‚ÜĎ‚ÜĎi + 1) / ‚ÜĎn) < ‚ąŹ i, (1 + 1 / ‚ÜĎ(‚čĮ.choose i))
‚äĘ False
failed

[2026-01-10 20:58:25] [INFO] Attempt 1 failed verification, continuing...
[2026-01-10 20:58:25] [INFO] ========================================
[2026-01-10 20:58:25] [INFO] Trying strategy: nlinarith (up to 1 attempts)
[2026-01-10 20:58:25] [INFO] --------------------
[2026-01-10 20:58:25] [INFO] Strategy nlinarith, attempt 1/1
[2026-01-10 20:58:25] [INFO] Starting proof generation...
[2026-01-10 20:58:25] [INFO] Repository path: /root/repo
[2026-01-10 20:58:25] [INFO] Proof generation completed
[2026-01-10 20:58:25] [INFO] Generated proof:
[2026-01-10 20:58:25] [INFO] nlinarith
[2026-01-10 20:58:25] [INFO] Proof length: 9 chars
[2026-01-10 20:58:25] [INFO] Starting proof verification...
[2026-01-10 20:58:25] [INFO] Verifying at: PrimeNumberTheoremAnd/Lcm.lean:484
[2026-01-10 20:58:25] [INFO] Using LEAN INTERACT verify
[2026-01-10 20:58:25] [INFO] Checking file
[2026-01-10 20:58:32] [INFO] Cannot build modified file <error line="484" column="171">
<code_line>theorem prod_q_ge {n : ‚Ąē} (hn : n ‚Č• X‚āÄ ^ 2) : ‚ąŹ i, (1 + (1:‚ĄĚ) / ((exists_q_primes hn).choose i)) ‚Č§ ‚ąŹ i:Fin 3, (1 + (1 + 1 / (log (‚ąö(n : ‚ĄĚ))) ^ 3) ^ ((i:‚Ąē)+1:‚ĄĚ) / n) := by nlinarith</code_line>
<message>error: linarith failed to find a contradiction</message>
</error>
case h
n : ‚Ąē
hn : n ‚Č• X‚āÄ ^ 2
a‚úĚ : ‚ąŹ i, (1 + (1 + 1 / log ‚ąö‚ÜĎn ^ 3) ^ (‚ÜĎ‚ÜĎi + 1) / ‚ÜĎn) < ‚ąŹ i, (1 + 1 / ‚ÜĎ(‚čĮ.choose i))
‚äĘ False
failed
[2026-01-10 20:58:32] [INFO] Proof verification completed
[2026-01-10 20:58:32] [INFO] Strategy nlinarith attempt 1: verified=False
[2026-01-10 20:58:32] [INFO] Verification message: Cannot build modified file: <error line="484" column="171">
<code_line>theorem prod_q_ge {n : ‚Ąē} (hn : n ‚Č• X‚āÄ ^ 2) : ‚ąŹ i, (1 + (1:‚ĄĚ) / ((exists_q_primes hn).choose i)) ‚Č§ ‚ąŹ i:Fin 3, (1 + (1 + 1 / (log (‚ąö(n : ‚ĄĚ))) ^ 3) ^ ((i:‚Ąē)+1:‚ĄĚ) / n) := by nlinarith</code_line>
<message>error: linarith failed to find a contradiction</message>
</error>
case h
n : ‚Ąē
hn : n ‚Č• X‚āÄ ^ 2
a‚úĚ : ‚ąŹ i, (1 + (1 + 1 / log ‚ąö‚ÜĎn ^ 3) ^ (‚ÜĎ‚ÜĎi + 1) / ‚ÜĎn) < ‚ąŹ i, (1 + 1 / ‚ÜĎ(‚čĮ.choose i))
‚äĘ False
failed

[2026-01-10 20:58:32] [INFO] Attempt 1 failed verification, continuing...
[2026-01-10 20:58:32] [INFO] ========================================
[2026-01-10 20:58:32] [INFO] Trying strategy: aesop (up to 1 attempts)
[2026-01-10 20:58:32] [INFO] --------------------
[2026-01-10 20:58:32] [INFO] Strategy aesop, attempt 1/1
[2026-01-10 20:58:32] [INFO] Starting proof generation...
[2026-01-10 20:58:32] [INFO] Repository path: /root/repo
[2026-01-10 20:58:32] [INFO] Proof generation completed
[2026-01-10 20:58:32] [INFO] Generated proof:
[2026-01-10 20:58:32] [INFO] aesop
[2026-01-10 20:58:32] [INFO] Proof length: 5 chars
[2026-01-10 20:58:32] [INFO] Starting proof verification...
[2026-01-10 20:58:32] [INFO] Verifying at: PrimeNumberTheoremAnd/Lcm.lean:484
[2026-01-10 20:58:32] [INFO] Using LEAN INTERACT verify
[2026-01-10 20:58:32] [INFO] Checking file
[2026-01-10 20:58:40] [INFO] Cannot build modified file <error line="484" column="168">
<code_line>theorem prod_q_ge {n : ‚Ąē} (hn : n ‚Č• X‚āÄ ^ 2) : ‚ąŹ i, (1 + (1:‚ĄĚ) / ((exists_q_primes hn).choose i)) ‚Č§ ‚ąŹ i:Fin 3, (1 + (1 + 1 / (log (‚ąö(n : ‚ĄĚ))) ^ 3) ^ ((i:‚Ąē)+1:‚ĄĚ) / n) := by aesop</code_line>
<message>error: unsolved goals</message>
</error>
n : ‚Ąē
hn : n ‚Č• X‚āÄ ^ 2
‚äĘ ‚ąŹ x, (1 + (‚ÜĎ(‚čĮ.choose x))‚ĀĽ¬Ļ) ‚Č§ ‚ąŹ x, (1 + (1 + (log ‚ąö‚ÜĎn ^ 3)‚ĀĽ¬Ļ) ^ (‚ÜĎ‚ÜĎx + 1) / ‚ÜĎn)
[2026-01-10 20:58:40] [INFO] Proof verification completed
[2026-01-10 20:58:40] [INFO] Strategy aesop attempt 1: verified=False
[2026-01-10 20:58:40] [INFO] Verification message: Cannot build modified file: <error line="484" column="168">
<code_line>theorem prod_q_ge {n : ‚Ąē} (hn : n ‚Č• X‚āÄ ^ 2) : ‚ąŹ i, (1 + (1:‚ĄĚ) / ((exists_q_primes hn).choose i)) ‚Č§ ‚ąŹ i:Fin 3, (1 + (1 + 1 / (log (‚ąö(n : ‚ĄĚ))) ^ 3) ^ ((i:‚Ąē)+1:‚ĄĚ) / n) := by aesop</code_line>
<message>error: unsolved goals</message>
</error>
n : ‚Ąē
hn : n ‚Č• X‚āÄ ^ 2
‚äĘ ‚ąŹ x, (1 + (‚ÜĎ(‚čĮ.choose x))‚ĀĽ¬Ļ) ‚Č§ ‚ąŹ x, (1 + (1 + (log ‚ąö‚ÜĎn ^ 3)‚ĀĽ¬Ļ) ^ (‚ÜĎ‚ÜĎx + 1) / ‚ÜĎn)

[2026-01-10 20:58:40] [INFO] Attempt 1 failed verification, continuing...
[2026-01-10 20:58:40] [INFO] ========================================
[2026-01-10 20:58:40] [INFO] Pass@k completed. Total results: 1
[2026-01-10 20:58:40] [INFO] FAILED: All 11 strategies x 1 attempts
[2026-01-10 20:58:40] [INFO] Writing results to file: /root/repo/result.json
[2026-01-10 20:58:40] [INFO] Result file written successfully
[2026-01-10 20:58:40] [INFO] Results exported to: /root/repo/result.json
[2026-01-10 20:58:40] [INFO] run_morphcloud_local.py completed successfully

[2026-01-10 20:58:41] [process_single_sorry] Downloading result file...
[2026-01-10 20:58:45] [process_single_sorry] Downloaded result to intermediate_experiment_outputs_full_reservoir/multi_tactic/2026-01-10_20-46-34_multi_tactic/individual/d7e09c373cbc02a8695bb0512273e1fd6718ada70c7dc88b2515e3c1332959df.json
[2026-01-10 20:58:47] [process_single_sorry] Instance context closed successfully
[2026-01-10 20:58:47] [process_single_sorry] Parsing result file...
[2026-01-10 20:58:47] [process_single_sorry] Successfully parsed result (list format, 1 results)
