[2026-01-10 22:50:52] [process_single_sorry] Starting for sorry db5156a2e460cc3837c26e0b15d23b7ae5565e8f9bc4a880d994d2c9dde378d6
[2026-01-10 22:50:52] [process_single_sorry] Using snapshot: snapshot_u0020gy1
[2026-01-10 22:50:52] [process_single_sorry] Repository: https://github.com/YellPika/quasi-borel-spaces@e4a6c0c11c41985368f6ad710fd05ef70e29e235
[2026-01-10 22:50:52] [process_single_sorry] Instance name: quasi-borel-spaces_e4a6c0c11c41_multi_tactic_db5156a2e460cc3837c26e0b15d23b7ae5565e8f9bc4a880d994d2c9dde378d6
[2026-01-10 22:50:52] [process_single_sorry] Starting attempt 1/3
[2026-01-10 22:50:52] [process_single_sorry] Starting instance from snapshot...
[2026-01-10 22:50:54] [process_single_sorry] Instance started successfully: morphvm_9oczo5vr
[2026-01-10 22:50:54] [process_single_sorry] Creating .env file...
[2026-01-10 22:50:59] [process_single_sorry] .env file created (exit_code: 0)
[2026-01-10 22:50:59] [process_single_sorry] Executing agent command...
[2026-01-10 22:53:14] [process_single_sorry] Agent command completed (exit_code: 0)
[2026-01-10 22:53:14] [process_single_sorry] STDOUT:

Results JSON:
[
  {
    "sorry": {
      "repo": {
        "remote": "https://github.com/YellPika/quasi-borel-spaces",
        "branch": "main",
        "commit": "e4a6c0c11c41985368f6ad710fd05ef70e29e235",
        "lean_version": "v4.26.0-rc2"
      },
      "location": {
        "path": "QuasiBorelSpaces/ProbabilisticPowerdomain.lean",
        "start_line": 656,
        "start_column": 4,
        "end_line": 656,
        "end_column": 9
      },
      "debug_info": {
        "goal": "case hφ\nX : Type u_1\ninst✝ : OmegaQuasiBorelSpace X\n⊢ Measurable sorry",
        "url": "https://github.com/YellPika/quasi-borel-spaces/blob/e4a6c0c11c41985368f6ad710fd05ef70e29e235/QuasiBorelSpaces/ProbabilisticPowerdomain.lean#L656"
      },
      "metadata": {
        "blame_email_hash": "bc4725fde93b",
        "blame_date": "2025-11-25T12:47:03-05:00",
        "inclusion_date": "2025-12-30T00:40:45.352315+00:00"
      },
      "id": "db5156a2e460cc3837c26e0b15d23b7ae5565e8f9bc4a880d994d2c9dde378d6"
    },
    "proof": null,
    "proof_verified": false,
    "feedback": null,
    "verification_message": "All 11 attempts failed (11 strategies x 1 attempts each)",
    "success": true,
    "error_type": null,
    "error_message": null,
    "strategy_name": "all_failed_k=1",
    "proof_attempts": [
      "rfl",
      "simp",
      "simp_all",
      "exact?",
      "grind",
      "ring",
      "norm_num",
      "omega",
      "linarith",
      "nlinarith",
      "aesop"
    ]
  }
]

[2026-01-10 22:53:14] [process_single_sorry] STDERR:
None of PyTorch, TensorFlow >= 2.0, or Flax have been found. Models won't be available and only tokenizers, configuration and file/data utilities can be used.
[2026-01-10 22:51:08] [INFO] ================================================================================
[2026-01-10 22:51:08] [INFO] Starting run_morphcloud_local.py
[2026-01-10 22:51:08] [INFO] ================================================================================
[2026-01-10 22:51:08] [INFO] Environment loaded
[2026-01-10 22:51:08] [INFO] Full command: /root/SorryDB/sorrydb/cli/run_morphcloud_local.py --repo-path /root/repo --sorry-json {"repo": {"remote": "https://github.com/YellPika/quasi-borel-spaces", "branch": "main", "commit": "e4a6c0c11c41985368f6ad710fd05ef70e29e235", "lean_version": "v4.26.0-rc2"}, "location": {"path": "QuasiBorelSpaces/ProbabilisticPowerdomain.lean", "start_line": 656, "start_column": 4, "end_line": 656, "end_column": 9}, "debug_info": {"goal": "case h\u03c6\nX : Type u_1\ninst\u271d : OmegaQuasiBorelSpace X\n\u22a2 Measurable sorry", "url": "https://github.com/YellPika/quasi-borel-spaces/blob/e4a6c0c11c41985368f6ad710fd05ef70e29e235/QuasiBorelSpaces/ProbabilisticPowerdomain.lean#L656"}, "metadata": {"blame_email_hash": "bc4725fde93b", "blame_date": "2025-11-25T12:47:03-05:00", "inclusion_date": "2025-12-30T00:40:45.352315+00:00"}, "id": "db5156a2e460cc3837c26e0b15d23b7ae5565e8f9bc4a880d994d2c9dde378d6"} --agent-strategy {"name": "multi_tactic", "args": {}}
[2026-01-10 22:51:08] [INFO] Arguments parsed: repo_path=/root/repo, output_path=/root/repo/result.json
[2026-01-10 22:51:08] [INFO] Strategy spec: {"name": "multi_tactic", "args": {}}...
[2026-01-10 22:51:08] [INFO] Loading sorry data...
[2026-01-10 22:51:08] [INFO] Parsing sorry from JSON string...
[2026-01-10 22:51:08] [INFO] Sorry data parsed from JSON string
[2026-01-10 22:51:08] [INFO] Creating strategy from spec...
[2026-01-10 22:51:08] [INFO] Parsing strategy spec (length: 36 chars)
[2026-01-10 22:51:08] [INFO] Strategy name: multi_tactic
[2026-01-10 22:51:08] [INFO] Strategy args: {}
[2026-01-10 22:51:08] [INFO] Pass@k value: 1
[2026-01-10 22:51:08] [INFO] Creating strategy: multi_tactic
[2026-01-10 22:51:08] [INFO] Creating multi_tactic strategy with tactics: ['rfl', 'simp', 'simp_all', 'exact?', 'grind', 'ring', 'norm_num', 'omega', 'linarith', 'nlinarith', 'aesop']
[2026-01-10 22:51:08] [INFO] Strategies created: ['rfl', 'simp', 'simp_all', 'exact?', 'grind', 'ring', 'norm_num', 'omega', 'linarith', 'nlinarith', 'aesop']
[2026-01-10 22:51:08] [INFO] Pass@k value: 1
[2026-01-10 22:51:08] [INFO] Creating Sorry object...
[2026-01-10 22:51:08] [INFO] Sorry object created: id=db5156a2e460cc3837c26e0b15d23b7ae5565e8f9bc4a880d994d2c9dde378d6
[2026-01-10 22:51:08] [INFO] Sorry location: QuasiBorelSpaces/ProbabilisticPowerdomain.lean:656
[2026-01-10 22:51:08] [INFO] Context before sorry (lines 651-656):
[2026-01-10 22:51:08] [INFO]   651: /-- A default instance of `RandomSplit` (placeholder for now) -/
[2026-01-10 22:51:08] [INFO]   652: noncomputable def defaultRandomSplit : RandomSplit := by
[2026-01-10 22:51:08] [INFO]   653:   classical
[2026-01-10 22:51:08] [INFO]   654:   refine ⟨?φ, ?hφ, ?hpres⟩
[2026-01-10 22:51:08] [INFO]   655:   · sorry
[2026-01-10 22:51:08] [INFO]   656:   · sorry
[2026-01-10 22:51:08] [INFO] Sorry line:   · sorry
[2026-01-10 22:51:08] [INFO] Sorry goal: case hφ
X : Type u_1
inst✝ : OmegaQuasiBorelSpace X
⊢ Measurable sorry...
[2026-01-10 22:51:08] [INFO] ========================================
[2026-01-10 22:51:08] [INFO] Trying strategy: rfl (up to 1 attempts)
[2026-01-10 22:51:08] [INFO] --------------------
[2026-01-10 22:51:08] [INFO] Strategy rfl, attempt 1/1
[2026-01-10 22:51:08] [INFO] Starting proof generation...
[2026-01-10 22:51:08] [INFO] Repository path: /root/repo
[2026-01-10 22:51:08] [INFO] Proof generation completed
[2026-01-10 22:51:08] [INFO] Generated proof:
[2026-01-10 22:51:08] [INFO] rfl
[2026-01-10 22:51:08] [INFO] Proof length: 3 chars
[2026-01-10 22:51:08] [INFO] Starting proof verification...
[2026-01-10 22:51:08] [INFO] Verifying at: QuasiBorelSpaces/ProbabilisticPowerdomain.lean:656
[2026-01-10 22:51:08] [INFO] Using LEAN INTERACT verify
[2026-01-10 22:51:08] [INFO] Checking file
[2026-01-10 22:51:31] [INFO] Cannot build modified file <error line="656" column="4">
<code_line>  · rfl</code_line>
<message>error: Tactic `rfl` failed: The left-hand side</message>
</error>
  Prod.instMeasurableSpace
is not definitionally equal to the right-hand side
  sorry

case hφ
X : Type u_1
inst✝ : OmegaQuasiBorelSpace X
⊢ Measurable sorry
[2026-01-10 22:51:31] [INFO] Proof verification completed
[2026-01-10 22:51:31] [INFO] Strategy rfl attempt 1: verified=False
[2026-01-10 22:51:31] [INFO] Verification message: Cannot build modified file: <error line="656" column="4">
<code_line>  · rfl</code_line>
<message>error: Tactic `rfl` failed: The left-hand side</message>
</error>
  Prod.instMeasurableSpace
is not definitionally equal to the right-hand side
  sorry

case hφ
X : Type u_1
inst✝ : OmegaQuasiBorelSpace X
⊢ Measurable sorry

[2026-01-10 22:51:31] [INFO] Attempt 1 failed verification, continuing...
[2026-01-10 22:51:31] [INFO] ========================================
[2026-01-10 22:51:31] [INFO] Trying strategy: simp (up to 1 attempts)
[2026-01-10 22:51:31] [INFO] --------------------
[2026-01-10 22:51:31] [INFO] Strategy simp, attempt 1/1
[2026-01-10 22:51:31] [INFO] Starting proof generation...
[2026-01-10 22:51:31] [INFO] Repository path: /root/repo
[2026-01-10 22:51:31] [INFO] Proof generation completed
[2026-01-10 22:51:31] [INFO] Generated proof:
[2026-01-10 22:51:31] [INFO] simp
[2026-01-10 22:51:31] [INFO] Proof length: 4 chars
[2026-01-10 22:51:31] [INFO] Starting proof verification...
[2026-01-10 22:51:31] [INFO] Verifying at: QuasiBorelSpaces/ProbabilisticPowerdomain.lean:656
[2026-01-10 22:51:31] [INFO] Using LEAN INTERACT verify
[2026-01-10 22:51:31] [INFO] Checking file
[2026-01-10 22:51:40] [INFO] Cannot build modified file <error line="656" column="4">
<code_line>  · simp</code_line>
<message>error: `simp` made no progress</message>
</error>
[2026-01-10 22:51:40] [INFO] Proof verification completed
[2026-01-10 22:51:40] [INFO] Strategy simp attempt 1: verified=False
[2026-01-10 22:51:40] [INFO] Verification message: Cannot build modified file: <error line="656" column="4">
<code_line>  · simp</code_line>
<message>error: `simp` made no progress</message>
</error>

[2026-01-10 22:51:40] [INFO] Attempt 1 failed verification, continuing...
[2026-01-10 22:51:40] [INFO] ========================================
[2026-01-10 22:51:40] [INFO] Trying strategy: simp_all (up to 1 attempts)
[2026-01-10 22:51:40] [INFO] --------------------
[2026-01-10 22:51:40] [INFO] Strategy simp_all, attempt 1/1
[2026-01-10 22:51:40] [INFO] Starting proof generation...
[2026-01-10 22:51:40] [INFO] Repository path: /root/repo
[2026-01-10 22:51:40] [INFO] Proof generation completed
[2026-01-10 22:51:40] [INFO] Generated proof:
[2026-01-10 22:51:40] [INFO] simp_all
[2026-01-10 22:51:40] [INFO] Proof length: 8 chars
[2026-01-10 22:51:40] [INFO] Starting proof verification...
[2026-01-10 22:51:40] [INFO] Verifying at: QuasiBorelSpaces/ProbabilisticPowerdomain.lean:656
[2026-01-10 22:51:40] [INFO] Using LEAN INTERACT verify
[2026-01-10 22:51:40] [INFO] Checking file
[2026-01-10 22:51:49] [INFO] Cannot build modified file <error line="656" column="4">
<code_line>  · simp_all</code_line>
<message>error: simp_all made no progress</message>
</error>
[2026-01-10 22:51:49] [INFO] Proof verification completed
[2026-01-10 22:51:49] [INFO] Strategy simp_all attempt 1: verified=False
[2026-01-10 22:51:49] [INFO] Verification message: Cannot build modified file: <error line="656" column="4">
<code_line>  · simp_all</code_line>
<message>error: simp_all made no progress</message>
</error>

[2026-01-10 22:51:49] [INFO] Attempt 1 failed verification, continuing...
[2026-01-10 22:51:49] [INFO] ========================================
[2026-01-10 22:51:49] [INFO] Trying strategy: exact? (up to 1 attempts)
[2026-01-10 22:51:49] [INFO] --------------------
[2026-01-10 22:51:49] [INFO] Strategy exact?, attempt 1/1
[2026-01-10 22:51:49] [INFO] Starting proof generation...
[2026-01-10 22:51:49] [INFO] Repository path: /root/repo
[2026-01-10 22:51:49] [INFO] Proof generation completed
[2026-01-10 22:51:49] [INFO] Generated proof:
[2026-01-10 22:51:49] [INFO] exact?
[2026-01-10 22:51:49] [INFO] Proof length: 6 chars
[2026-01-10 22:51:49] [INFO] Starting proof verification...
[2026-01-10 22:51:49] [INFO] Verifying at: QuasiBorelSpaces/ProbabilisticPowerdomain.lean:656
[2026-01-10 22:51:49] [INFO] Using LEAN INTERACT verify
[2026-01-10 22:51:49] [INFO] Checking file
[2026-01-10 22:52:09] [INFO] Cannot build modified file <error line="656" column="4">
<code_line>  · exact?</code_line>
<message>error: `exact?` could not close the goal. Try `apply?` to see partial suggestions.</message>
</error>
[2026-01-10 22:52:09] [INFO] Proof verification completed
[2026-01-10 22:52:09] [INFO] Strategy exact? attempt 1: verified=False
[2026-01-10 22:52:09] [INFO] Verification message: Cannot build modified file: <error line="656" column="4">
<code_line>  · exact?</code_line>
<message>error: `exact?` could not close the goal. Try `apply?` to see partial suggestions.</message>
</error>

[2026-01-10 22:52:09] [INFO] Attempt 1 failed verification, continuing...
[2026-01-10 22:52:09] [INFO] ========================================
[2026-01-10 22:52:09] [INFO] Trying strategy: grind (up to 1 attempts)
[2026-01-10 22:52:09] [INFO] --------------------
[2026-01-10 22:52:09] [INFO] Strategy grind, attempt 1/1
[2026-01-10 22:52:09] [INFO] Starting proof generation...
[2026-01-10 22:52:09] [INFO] Repository path: /root/repo
[2026-01-10 22:52:09] [INFO] Proof generation completed
[2026-01-10 22:52:09] [INFO] Generated proof:
[2026-01-10 22:52:09] [INFO] grind
[2026-01-10 22:52:09] [INFO] Proof length: 5 chars
[2026-01-10 22:52:09] [INFO] Starting proof verification...
[2026-01-10 22:52:09] [INFO] Verifying at: QuasiBorelSpaces/ProbabilisticPowerdomain.lean:656
[2026-01-10 22:52:09] [INFO] Using LEAN INTERACT verify
[2026-01-10 22:52:09] [INFO] Checking file
[2026-01-10 22:52:18] [INFO] Cannot build modified file <error line="656" column="4">
<code_line>  · grind</code_line>
<message>error: `grind` failed</message>
</error>
case grind
X : Type u_1
inst : OmegaQuasiBorelSpace X
h : ¬Measurable sorry
⊢ False
[grind] Goal diagnostics
  [facts] Asserted facts
    [prop] ¬Measurable sorry
  [eqc] False propositions
    [prop] Measurable sorry
[2026-01-10 22:52:18] [INFO] Proof verification completed
[2026-01-10 22:52:18] [INFO] Strategy grind attempt 1: verified=False
[2026-01-10 22:52:18] [INFO] Verification message: Cannot build modified file: <error line="656" column="4">
<code_line>  · grind</code_line>
<message>error: `grind` failed</message>
</error>
case grind
X : Type u_1
inst : OmegaQuasiBorelSpace X
h : ¬Measurable sorry
⊢ False
[grind] Goal diagnostics
  [facts] Asserted facts
    [prop] ¬Measurable sorry
  [eqc] False propositions
    [prop] Measurable sorry

[2026-01-10 22:52:18] [INFO] Attempt 1 failed verification, continuing...
[2026-01-10 22:52:18] [INFO] ========================================
[2026-01-10 22:52:18] [INFO] Trying strategy: ring (up to 1 attempts)
[2026-01-10 22:52:18] [INFO] --------------------
[2026-01-10 22:52:18] [INFO] Strategy ring, attempt 1/1
[2026-01-10 22:52:18] [INFO] Starting proof generation...
[2026-01-10 22:52:18] [INFO] Repository path: /root/repo
[2026-01-10 22:52:18] [INFO] Proof generation completed
[2026-01-10 22:52:18] [INFO] Generated proof:
[2026-01-10 22:52:18] [INFO] ring
[2026-01-10 22:52:18] [INFO] Proof length: 4 chars
[2026-01-10 22:52:18] [INFO] Starting proof verification...
[2026-01-10 22:52:18] [INFO] Verifying at: QuasiBorelSpaces/ProbabilisticPowerdomain.lean:656
[2026-01-10 22:52:18] [INFO] Using LEAN INTERACT verify
[2026-01-10 22:52:18] [INFO] Checking file
[2026-01-10 22:52:26] [INFO] Cannot build modified file Try this:
  [apply] ring_nf
  
  The `ring` tactic failed to close the goal. Use `ring_nf` to obtain a normal form.
    
  Note that `ring` works primarily in *commutative* rings. If you have a noncommutative ring, abelian group or module, consider using `noncomm_ring`, `abel` or `module` instead.
<error line="656" column="2">
<code_line>  · ring</code_line>
<message>error: unsolved goals</message>
</error>
case hφ
X : Type u_1
inst✝ : OmegaQuasiBorelSpace X
⊢ Measurable sorry
[2026-01-10 22:52:26] [INFO] Proof verification completed
[2026-01-10 22:52:26] [INFO] Strategy ring attempt 1: verified=False
[2026-01-10 22:52:26] [INFO] Verification message: Cannot build modified file: Try this:
  [apply] ring_nf
  
  The `ring` tactic failed to close the goal. Use `ring_nf` to obtain a normal form.
    
  Note that `ring` works primarily in *commutative* rings. If you have a noncommutative ring, abelian group or module, consider using `noncomm_ring`, `abel` or `module` instead.
<error line="656" column="2">
<code_line>  · ring</code_line>
<message>error: unsolved goals</message>
</error>
case hφ
X : Type u_1
inst✝ : OmegaQuasiBorelSpace X
⊢ Measurable sorry

[2026-01-10 22:52:26] [INFO] Attempt 1 failed verification, continuing...
[2026-01-10 22:52:26] [INFO] ========================================
[2026-01-10 22:52:26] [INFO] Trying strategy: norm_num (up to 1 attempts)
[2026-01-10 22:52:26] [INFO] --------------------
[2026-01-10 22:52:26] [INFO] Strategy norm_num, attempt 1/1
[2026-01-10 22:52:26] [INFO] Starting proof generation...
[2026-01-10 22:52:26] [INFO] Repository path: /root/repo
[2026-01-10 22:52:26] [INFO] Proof generation completed
[2026-01-10 22:52:26] [INFO] Generated proof:
[2026-01-10 22:52:26] [INFO] norm_num
[2026-01-10 22:52:26] [INFO] Proof length: 8 chars
[2026-01-10 22:52:26] [INFO] Starting proof verification...
[2026-01-10 22:52:26] [INFO] Verifying at: QuasiBorelSpaces/ProbabilisticPowerdomain.lean:656
[2026-01-10 22:52:26] [INFO] Using LEAN INTERACT verify
[2026-01-10 22:52:26] [INFO] Checking file
[2026-01-10 22:52:34] [INFO] Cannot build modified file <error line="656" column="2">
<code_line>  · norm_num</code_line>
<message>error: unsolved goals</message>
</error>
case hφ
X : Type u_1
inst✝ : OmegaQuasiBorelSpace X
⊢ Measurable sorry
[2026-01-10 22:52:34] [INFO] Proof verification completed
[2026-01-10 22:52:34] [INFO] Strategy norm_num attempt 1: verified=False
[2026-01-10 22:52:34] [INFO] Verification message: Cannot build modified file: <error line="656" column="2">
<code_line>  · norm_num</code_line>
<message>error: unsolved goals</message>
</error>
case hφ
X : Type u_1
inst✝ : OmegaQuasiBorelSpace X
⊢ Measurable sorry

[2026-01-10 22:52:34] [INFO] Attempt 1 failed verification, continuing...
[2026-01-10 22:52:34] [INFO] ========================================
[2026-01-10 22:52:34] [INFO] Trying strategy: omega (up to 1 attempts)
[2026-01-10 22:52:34] [INFO] --------------------
[2026-01-10 22:52:34] [INFO] Strategy omega, attempt 1/1
[2026-01-10 22:52:34] [INFO] Starting proof generation...
[2026-01-10 22:52:34] [INFO] Repository path: /root/repo
[2026-01-10 22:52:34] [INFO] Proof generation completed
[2026-01-10 22:52:34] [INFO] Generated proof:
[2026-01-10 22:52:34] [INFO] omega
[2026-01-10 22:52:34] [INFO] Proof length: 5 chars
[2026-01-10 22:52:34] [INFO] Starting proof verification...
[2026-01-10 22:52:34] [INFO] Verifying at: QuasiBorelSpaces/ProbabilisticPowerdomain.lean:656
[2026-01-10 22:52:34] [INFO] Using LEAN INTERACT verify
[2026-01-10 22:52:34] [INFO] Checking file
[2026-01-10 22:52:47] [INFO] Cannot build modified file <error line="656" column="4">
<code_line>  · omega</code_line>
<message>error: omega could not prove the goal:</message>
</error>
No usable constraints found. You may need to unfold definitions so `omega` can see linear arithmetic facts about `Nat` and `Int`, which may also involve multiplication, division, and modular remainder by constants.
[2026-01-10 22:52:47] [INFO] Proof verification completed
[2026-01-10 22:52:47] [INFO] Strategy omega attempt 1: verified=False
[2026-01-10 22:52:47] [INFO] Verification message: Cannot build modified file: <error line="656" column="4">
<code_line>  · omega</code_line>
<message>error: omega could not prove the goal:</message>
</error>
No usable constraints found. You may need to unfold definitions so `omega` can see linear arithmetic facts about `Nat` and `Int`, which may also involve multiplication, division, and modular remainder by constants.

[2026-01-10 22:52:47] [INFO] Attempt 1 failed verification, continuing...
[2026-01-10 22:52:47] [INFO] ========================================
[2026-01-10 22:52:47] [INFO] Trying strategy: linarith (up to 1 attempts)
[2026-01-10 22:52:47] [INFO] --------------------
[2026-01-10 22:52:47] [INFO] Strategy linarith, attempt 1/1
[2026-01-10 22:52:47] [INFO] Starting proof generation...
[2026-01-10 22:52:47] [INFO] Repository path: /root/repo
[2026-01-10 22:52:47] [INFO] Proof generation completed
[2026-01-10 22:52:47] [INFO] Generated proof:
[2026-01-10 22:52:47] [INFO] linarith
[2026-01-10 22:52:47] [INFO] Proof length: 8 chars
[2026-01-10 22:52:47] [INFO] Starting proof verification...
[2026-01-10 22:52:47] [INFO] Verifying at: QuasiBorelSpaces/ProbabilisticPowerdomain.lean:656
[2026-01-10 22:52:47] [INFO] Using LEAN INTERACT verify
[2026-01-10 22:52:47] [INFO] Checking file
[2026-01-10 22:52:56] [INFO] Cannot build modified file <error line="656" column="4">
<code_line>  · linarith</code_line>
<message>error: linarith failed to find a contradiction</message>
</error>
case hφ
X : Type u_1
inst✝ : OmegaQuasiBorelSpace X
⊢ False
failed
[2026-01-10 22:52:56] [INFO] Proof verification completed
[2026-01-10 22:52:56] [INFO] Strategy linarith attempt 1: verified=False
[2026-01-10 22:52:56] [INFO] Verification message: Cannot build modified file: <error line="656" column="4">
<code_line>  · linarith</code_line>
<message>error: linarith failed to find a contradiction</message>
</error>
case hφ
X : Type u_1
inst✝ : OmegaQuasiBorelSpace X
⊢ False
failed

[2026-01-10 22:52:56] [INFO] Attempt 1 failed verification, continuing...
[2026-01-10 22:52:56] [INFO] ========================================
[2026-01-10 22:52:56] [INFO] Trying strategy: nlinarith (up to 1 attempts)
[2026-01-10 22:52:56] [INFO] --------------------
[2026-01-10 22:52:56] [INFO] Strategy nlinarith, attempt 1/1
[2026-01-10 22:52:56] [INFO] Starting proof generation...
[2026-01-10 22:52:56] [INFO] Repository path: /root/repo
[2026-01-10 22:52:56] [INFO] Proof generation completed
[2026-01-10 22:52:56] [INFO] Generated proof:
[2026-01-10 22:52:56] [INFO] nlinarith
[2026-01-10 22:52:56] [INFO] Proof length: 9 chars
[2026-01-10 22:52:56] [INFO] Starting proof verification...
[2026-01-10 22:52:56] [INFO] Verifying at: QuasiBorelSpaces/ProbabilisticPowerdomain.lean:656
[2026-01-10 22:52:56] [INFO] Using LEAN INTERACT verify
[2026-01-10 22:52:56] [INFO] Checking file
[2026-01-10 22:53:04] [INFO] Cannot build modified file <error line="656" column="4">
<code_line>  · nlinarith</code_line>
<message>error: linarith failed to find a contradiction</message>
</error>
case hφ
X : Type u_1
inst✝ : OmegaQuasiBorelSpace X
⊢ False
failed
[2026-01-10 22:53:04] [INFO] Proof verification completed
[2026-01-10 22:53:04] [INFO] Strategy nlinarith attempt 1: verified=False
[2026-01-10 22:53:04] [INFO] Verification message: Cannot build modified file: <error line="656" column="4">
<code_line>  · nlinarith</code_line>
<message>error: linarith failed to find a contradiction</message>
</error>
case hφ
X : Type u_1
inst✝ : OmegaQuasiBorelSpace X
⊢ False
failed

[2026-01-10 22:53:04] [INFO] Attempt 1 failed verification, continuing...
[2026-01-10 22:53:04] [INFO] ========================================
[2026-01-10 22:53:04] [INFO] Trying strategy: aesop (up to 1 attempts)
[2026-01-10 22:53:04] [INFO] --------------------
[2026-01-10 22:53:04] [INFO] Strategy aesop, attempt 1/1
[2026-01-10 22:53:04] [INFO] Starting proof generation...
[2026-01-10 22:53:04] [INFO] Repository path: /root/repo
[2026-01-10 22:53:04] [INFO] Proof generation completed
[2026-01-10 22:53:04] [INFO] Generated proof:
[2026-01-10 22:53:04] [INFO] aesop
[2026-01-10 22:53:04] [INFO] Proof length: 5 chars
[2026-01-10 22:53:04] [INFO] Starting proof verification...
[2026-01-10 22:53:04] [INFO] Verifying at: QuasiBorelSpaces/ProbabilisticPowerdomain.lean:656
[2026-01-10 22:53:04] [INFO] Using LEAN INTERACT verify
[2026-01-10 22:53:04] [INFO] Checking file
[2026-01-10 22:53:13] [INFO] Cannot build modified file <error line="656" column="4">
<code_line>  · aesop</code_line>
<message>error: tactic 'aesop' failed, made no progress</message>
</error>
Initial goal:
  case hφ
  X : Type u_1
  inst✝ : OmegaQuasiBorelSpace X
  ⊢ Measurable sorry
[2026-01-10 22:53:13] [INFO] Proof verification completed
[2026-01-10 22:53:13] [INFO] Strategy aesop attempt 1: verified=False
[2026-01-10 22:53:13] [INFO] Verification message: Cannot build modified file: <error line="656" column="4">
<code_line>  · aesop</code_line>
<message>error: tactic 'aesop' failed, made no progress</message>
</error>
Initial goal:
  case hφ
  X : Type u_1
  inst✝ : OmegaQuasiBorelSpace X
  ⊢ Measurable sorry

[2026-01-10 22:53:13] [INFO] Attempt 1 failed verification, continuing...
[2026-01-10 22:53:13] [INFO] ========================================
[2026-01-10 22:53:13] [INFO] Pass@k completed. Total results: 1
[2026-01-10 22:53:13] [INFO] FAILED: All 11 strategies x 1 attempts
[2026-01-10 22:53:13] [INFO] Writing results to file: /root/repo/result.json
[2026-01-10 22:53:13] [INFO] Result file written successfully
[2026-01-10 22:53:13] [INFO] Results exported to: /root/repo/result.json
[2026-01-10 22:53:13] [INFO] run_morphcloud_local.py completed successfully

[2026-01-10 22:53:14] [process_single_sorry] Downloading result file...
[2026-01-10 22:53:15] [process_single_sorry] Downloaded result to intermediate_experiment_outputs_full_reservoir/multi_tactic/2026-01-10_20-46-34_multi_tactic/individual/db5156a2e460cc3837c26e0b15d23b7ae5565e8f9bc4a880d994d2c9dde378d6.json
[2026-01-10 22:53:18] [process_single_sorry] Instance context closed successfully
[2026-01-10 22:53:18] [process_single_sorry] Parsing result file...
[2026-01-10 22:53:18] [process_single_sorry] Successfully parsed result (list format, 1 results)
