[2026-01-10 23:00:52] [process_single_sorry] Starting for sorry df1ab4533ba549f830a943a566cfe24eff42efcf5facf3ecdf98b763c83280b0
[2026-01-10 23:00:52] [process_single_sorry] Using snapshot: snapshot_lqvw8j7y
[2026-01-10 23:00:52] [process_single_sorry] Repository: https://github.com/djvelleman/HTPILeanPackage@12ca2d2d0f0d12e6c2a158cf01268df350a7c884
[2026-01-10 23:00:52] [process_single_sorry] Instance name: HTPILeanPackage_12ca2d2d0f0d_multi_tactic_df1ab4533ba549f830a943a566cfe24eff42efcf5facf3ecdf98b763c83280b0
[2026-01-10 23:00:52] [process_single_sorry] Starting attempt 1/3
[2026-01-10 23:00:52] [process_single_sorry] Starting instance from snapshot...
[2026-01-10 23:01:00] [process_single_sorry] Instance started successfully: morphvm_bjc1krlv
[2026-01-10 23:01:00] [process_single_sorry] Creating .env file...
[2026-01-10 23:01:01] [process_single_sorry] .env file created (exit_code: 0)
[2026-01-10 23:01:01] [process_single_sorry] Executing agent command...
[2026-01-10 23:03:24] [process_single_sorry] Agent command completed (exit_code: 0)
[2026-01-10 23:03:24] [process_single_sorry] STDOUT:

Results JSON:
[
  {
    "sorry": {
      "repo": {
        "remote": "https://github.com/djvelleman/HTPILeanPackage",
        "branch": "master",
        "commit": "12ca2d2d0f0d12e6c2a158cf01268df350a7c884",
        "lean_version": "v4.26.0"
      },
      "location": {
        "path": "Chap8Ex.lean",
        "start_line": 149,
        "start_column": 50,
        "end_line": 149,
        "end_column": 55
      },
      "debug_info": {
        "goal": "U V : Type\nA C : Set U\nf : ↑A → V\ng : ↑C → V\nh : empty (A ∩ C)\n⊢ range (HTPI.Exercises.func_union U V A C f g) = range f ∪ range g",
        "url": "https://github.com/djvelleman/HTPILeanPackage/blob/12ca2d2d0f0d12e6c2a158cf01268df350a7c884/Chap8Ex.lean#L149"
      },
      "metadata": {
        "blame_email_hash": "915d100f01e6",
        "blame_date": "2025-05-12T09:44:57-04:00",
        "inclusion_date": "2025-12-30T01:27:38.194327+00:00"
      },
      "id": "df1ab4533ba549f830a943a566cfe24eff42efcf5facf3ecdf98b763c83280b0"
    },
    "proof": null,
    "proof_verified": false,
    "feedback": null,
    "verification_message": "All 11 attempts failed (11 strategies x 1 attempts each)",
    "success": true,
    "error_type": null,
    "error_message": null,
    "strategy_name": "all_failed_k=1",
    "proof_attempts": [
      "rfl",
      "simp",
      "simp_all",
      "exact?",
      "grind",
      "ring",
      "norm_num",
      "omega",
      "linarith",
      "nlinarith",
      "aesop"
    ]
  }
]

[2026-01-10 23:03:24] [process_single_sorry] STDERR:
None of PyTorch, TensorFlow >= 2.0, or Flax have been found. Models won't be available and only tokenizers, configuration and file/data utilities can be used.
[2026-01-10 23:01:24] [INFO] ================================================================================
[2026-01-10 23:01:24] [INFO] Starting run_morphcloud_local.py
[2026-01-10 23:01:24] [INFO] ================================================================================
[2026-01-10 23:01:24] [INFO] Environment loaded
[2026-01-10 23:01:24] [INFO] Full command: /root/SorryDB/sorrydb/cli/run_morphcloud_local.py --repo-path /root/repo --sorry-json {"repo": {"remote": "https://github.com/djvelleman/HTPILeanPackage", "branch": "master", "commit": "12ca2d2d0f0d12e6c2a158cf01268df350a7c884", "lean_version": "v4.26.0"}, "location": {"path": "Chap8Ex.lean", "start_line": 149, "start_column": 50, "end_line": 149, "end_column": 55}, "debug_info": {"goal": "U V : Type\nA C : Set U\nf : \u2191A \u2192 V\ng : \u2191C \u2192 V\nh : empty (A \u2229 C)\n\u22a2 range (HTPI.Exercises.func_union U V A C f g) = range f \u222a range g", "url": "https://github.com/djvelleman/HTPILeanPackage/blob/12ca2d2d0f0d12e6c2a158cf01268df350a7c884/Chap8Ex.lean#L149"}, "metadata": {"blame_email_hash": "915d100f01e6", "blame_date": "2025-05-12T09:44:57-04:00", "inclusion_date": "2025-12-30T01:27:38.194327+00:00"}, "id": "df1ab4533ba549f830a943a566cfe24eff42efcf5facf3ecdf98b763c83280b0"} --agent-strategy {"name": "multi_tactic", "args": {}}
[2026-01-10 23:01:24] [INFO] Arguments parsed: repo_path=/root/repo, output_path=/root/repo/result.json
[2026-01-10 23:01:24] [INFO] Strategy spec: {"name": "multi_tactic", "args": {}}...
[2026-01-10 23:01:24] [INFO] Loading sorry data...
[2026-01-10 23:01:24] [INFO] Parsing sorry from JSON string...
[2026-01-10 23:01:24] [INFO] Sorry data parsed from JSON string
[2026-01-10 23:01:24] [INFO] Creating strategy from spec...
[2026-01-10 23:01:24] [INFO] Parsing strategy spec (length: 36 chars)
[2026-01-10 23:01:24] [INFO] Strategy name: multi_tactic
[2026-01-10 23:01:24] [INFO] Strategy args: {}
[2026-01-10 23:01:24] [INFO] Pass@k value: 1
[2026-01-10 23:01:24] [INFO] Creating strategy: multi_tactic
[2026-01-10 23:01:24] [INFO] Creating multi_tactic strategy with tactics: ['rfl', 'simp', 'simp_all', 'exact?', 'grind', 'ring', 'norm_num', 'omega', 'linarith', 'nlinarith', 'aesop']
[2026-01-10 23:01:24] [INFO] Strategies created: ['rfl', 'simp', 'simp_all', 'exact?', 'grind', 'ring', 'norm_num', 'omega', 'linarith', 'nlinarith', 'aesop']
[2026-01-10 23:01:24] [INFO] Pass@k value: 1
[2026-01-10 23:01:24] [INFO] Creating Sorry object...
[2026-01-10 23:01:24] [INFO] Sorry object created: id=df1ab4533ba549f830a943a566cfe24eff42efcf5facf3ecdf98b763c83280b0
[2026-01-10 23:01:24] [INFO] Sorry location: Chap8Ex.lean:149
[2026-01-10 23:01:24] [INFO] Context before sorry (lines 144-149):
[2026-01-10 23:01:24] [INFO]   144:     one_to_one (func_union f g) := sorry
[2026-01-10 23:01:24] [INFO]   145: 
[2026-01-10 23:01:24] [INFO]   146: -- 10.
[2026-01-10 23:01:24] [INFO]   147: lemma func_union_range {U V : Type} {A C : Set U}
[2026-01-10 23:01:24] [INFO]   148:     (f : A → V) (g : C → V) (h : empty (A ∩ C)) :
[2026-01-10 23:01:24] [INFO]   149:     range (func_union f g) = range f ∪ range g := sorry
[2026-01-10 23:01:24] [INFO] Sorry line:     range (func_union f g) = range f ∪ range g := sorry
[2026-01-10 23:01:24] [INFO] Sorry goal: U V : Type
A C : Set U
f : ↑A → V
g : ↑C → V
h : empty (A ∩ C)
⊢ range (HTPI.Exercises.func_union U ...
[2026-01-10 23:01:24] [INFO] ========================================
[2026-01-10 23:01:24] [INFO] Trying strategy: rfl (up to 1 attempts)
[2026-01-10 23:01:24] [INFO] --------------------
[2026-01-10 23:01:24] [INFO] Strategy rfl, attempt 1/1
[2026-01-10 23:01:24] [INFO] Starting proof generation...
[2026-01-10 23:01:24] [INFO] Repository path: /root/repo
[2026-01-10 23:01:24] [INFO] Proof generation completed
[2026-01-10 23:01:24] [INFO] Generated proof:
[2026-01-10 23:01:24] [INFO] rfl
[2026-01-10 23:01:24] [INFO] Proof length: 3 chars
[2026-01-10 23:01:24] [INFO] Starting proof verification...
[2026-01-10 23:01:24] [INFO] Verifying at: Chap8Ex.lean:149
[2026-01-10 23:01:24] [INFO] Using LEAN INTERACT verify
[2026-01-10 23:01:24] [INFO] Checking file
[2026-01-10 23:02:20] [INFO] Cannot build modified file Note: This linter can be disabled with `set_option linter.unusedTactic false`
<error line="147" column="0">
<code_line>lemma func_union_range {U V : Type} {A C : Set U}</code_line>
<message>error: Not a definitional equality: the left-hand side</message>
</error>
  range (func_union f g)
is not definitionally equal to the right-hand side
  range f ∪ range g
<error line="149" column="50">
<code_line>    range (func_union f g) = range f ∪ range g := rfl</code_line>
<message>error: Type mismatch</message>
</error>
  rfl
has type
  ?m.20 = ?m.20
but is expected to have type
  range (func_union f g) = range f ∪ range g
[2026-01-10 23:02:20] [INFO] Proof verification completed
[2026-01-10 23:02:20] [INFO] Strategy rfl attempt 1: verified=False
[2026-01-10 23:02:20] [INFO] Verification message: Cannot build modified file: Note: This linter can be disabled with `set_option linter.unusedTactic false`
<error line="147" column="0">
<code_line>lemma func_union_range {U V : Type} {A C : Set U}</code_line>
<message>error: Not a definitional equality: the left-hand side</message>
</error>
  range (func_union f g)
is not definitionally equal to the right-hand side
  range f ∪ range g
<error line="149" column="50">
<code_line>    range (func_union f g) = range f ∪ range g := rfl</code_line>
<message>error: Type mismatch</message>
</error>
  rfl
has type
  ?m.20 = ?m.20
but is expected to have type
  range (func_union f g) = range f ∪ range g

[2026-01-10 23:02:20] [INFO] Attempt 1 failed verification, continuing...
[2026-01-10 23:02:20] [INFO] ========================================
[2026-01-10 23:02:20] [INFO] Trying strategy: simp (up to 1 attempts)
[2026-01-10 23:02:20] [INFO] --------------------
[2026-01-10 23:02:20] [INFO] Strategy simp, attempt 1/1
[2026-01-10 23:02:20] [INFO] Starting proof generation...
[2026-01-10 23:02:20] [INFO] Repository path: /root/repo
[2026-01-10 23:02:20] [INFO] Proof generation completed
[2026-01-10 23:02:20] [INFO] Generated proof:
[2026-01-10 23:02:20] [INFO] simp
[2026-01-10 23:02:20] [INFO] Proof length: 4 chars
[2026-01-10 23:02:20] [INFO] Starting proof verification...
[2026-01-10 23:02:20] [INFO] Verifying at: Chap8Ex.lean:149
[2026-01-10 23:02:20] [INFO] Using LEAN INTERACT verify
[2026-01-10 23:02:20] [INFO] Checking file
[2026-01-10 23:02:25] [INFO] Cannot build modified file Note: This linter can be disabled with `set_option linter.unusedTactic false`
tmpc4wbvdcn.lean:149:50: error(lean.unknownIdentifier): Unknown identifier `simp`
[2026-01-10 23:02:25] [INFO] Proof verification completed
[2026-01-10 23:02:25] [INFO] Strategy simp attempt 1: verified=False
[2026-01-10 23:02:25] [INFO] Verification message: Cannot build modified file: Note: This linter can be disabled with `set_option linter.unusedTactic false`
tmpc4wbvdcn.lean:149:50: error(lean.unknownIdentifier): Unknown identifier `simp`

[2026-01-10 23:02:25] [INFO] Attempt 1 failed verification, continuing...
[2026-01-10 23:02:25] [INFO] ========================================
[2026-01-10 23:02:25] [INFO] Trying strategy: simp_all (up to 1 attempts)
[2026-01-10 23:02:25] [INFO] --------------------
[2026-01-10 23:02:25] [INFO] Strategy simp_all, attempt 1/1
[2026-01-10 23:02:25] [INFO] Starting proof generation...
[2026-01-10 23:02:25] [INFO] Repository path: /root/repo
[2026-01-10 23:02:25] [INFO] Proof generation completed
[2026-01-10 23:02:25] [INFO] Generated proof:
[2026-01-10 23:02:25] [INFO] simp_all
[2026-01-10 23:02:25] [INFO] Proof length: 8 chars
[2026-01-10 23:02:25] [INFO] Starting proof verification...
[2026-01-10 23:02:25] [INFO] Verifying at: Chap8Ex.lean:149
[2026-01-10 23:02:25] [INFO] Using LEAN INTERACT verify
[2026-01-10 23:02:25] [INFO] Checking file
[2026-01-10 23:02:31] [INFO] Cannot build modified file Note: This linter can be disabled with `set_option linter.unusedTactic false`
tmpwft9_min.lean:149:50: error(lean.unknownIdentifier): Unknown identifier `simp_all`
[2026-01-10 23:02:31] [INFO] Proof verification completed
[2026-01-10 23:02:31] [INFO] Strategy simp_all attempt 1: verified=False
[2026-01-10 23:02:31] [INFO] Verification message: Cannot build modified file: Note: This linter can be disabled with `set_option linter.unusedTactic false`
tmpwft9_min.lean:149:50: error(lean.unknownIdentifier): Unknown identifier `simp_all`

[2026-01-10 23:02:31] [INFO] Attempt 1 failed verification, continuing...
[2026-01-10 23:02:31] [INFO] ========================================
[2026-01-10 23:02:31] [INFO] Trying strategy: exact? (up to 1 attempts)
[2026-01-10 23:02:31] [INFO] --------------------
[2026-01-10 23:02:31] [INFO] Strategy exact?, attempt 1/1
[2026-01-10 23:02:31] [INFO] Starting proof generation...
[2026-01-10 23:02:31] [INFO] Repository path: /root/repo
[2026-01-10 23:02:31] [INFO] Proof generation completed
[2026-01-10 23:02:31] [INFO] Generated proof:
[2026-01-10 23:02:31] [INFO] exact?
[2026-01-10 23:02:31] [INFO] Proof length: 6 chars
[2026-01-10 23:02:31] [INFO] Starting proof verification...
[2026-01-10 23:02:31] [INFO] Verifying at: Chap8Ex.lean:149
[2026-01-10 23:02:31] [INFO] Using LEAN INTERACT verify
[2026-01-10 23:02:31] [INFO] Checking file
[2026-01-10 23:02:36] [INFO] Cannot build modified file Note: This linter can be disabled with `set_option linter.unusedTactic false`
tmp74a5b6nx.lean:149:50: error(lean.unknownIdentifier): Unknown identifier `exact?`
[2026-01-10 23:02:36] [INFO] Proof verification completed
[2026-01-10 23:02:36] [INFO] Strategy exact? attempt 1: verified=False
[2026-01-10 23:02:36] [INFO] Verification message: Cannot build modified file: Note: This linter can be disabled with `set_option linter.unusedTactic false`
tmp74a5b6nx.lean:149:50: error(lean.unknownIdentifier): Unknown identifier `exact?`

[2026-01-10 23:02:36] [INFO] Attempt 1 failed verification, continuing...
[2026-01-10 23:02:36] [INFO] ========================================
[2026-01-10 23:02:36] [INFO] Trying strategy: grind (up to 1 attempts)
[2026-01-10 23:02:36] [INFO] --------------------
[2026-01-10 23:02:36] [INFO] Strategy grind, attempt 1/1
[2026-01-10 23:02:36] [INFO] Starting proof generation...
[2026-01-10 23:02:36] [INFO] Repository path: /root/repo
[2026-01-10 23:02:36] [INFO] Proof generation completed
[2026-01-10 23:02:36] [INFO] Generated proof:
[2026-01-10 23:02:36] [INFO] grind
[2026-01-10 23:02:36] [INFO] Proof length: 5 chars
[2026-01-10 23:02:36] [INFO] Starting proof verification...
[2026-01-10 23:02:36] [INFO] Verifying at: Chap8Ex.lean:149
[2026-01-10 23:02:36] [INFO] Using LEAN INTERACT verify
[2026-01-10 23:02:36] [INFO] Checking file
[2026-01-10 23:02:42] [INFO] Cannot build modified file Note: This linter can be disabled with `set_option linter.unusedTactic false`
tmpqi540bhf.lean:149:50: error(lean.unknownIdentifier): Unknown identifier `grind`
[2026-01-10 23:02:42] [INFO] Proof verification completed
[2026-01-10 23:02:42] [INFO] Strategy grind attempt 1: verified=False
[2026-01-10 23:02:42] [INFO] Verification message: Cannot build modified file: Note: This linter can be disabled with `set_option linter.unusedTactic false`
tmpqi540bhf.lean:149:50: error(lean.unknownIdentifier): Unknown identifier `grind`

[2026-01-10 23:02:42] [INFO] Attempt 1 failed verification, continuing...
[2026-01-10 23:02:42] [INFO] ========================================
[2026-01-10 23:02:42] [INFO] Trying strategy: ring (up to 1 attempts)
[2026-01-10 23:02:42] [INFO] --------------------
[2026-01-10 23:02:42] [INFO] Strategy ring, attempt 1/1
[2026-01-10 23:02:42] [INFO] Starting proof generation...
[2026-01-10 23:02:42] [INFO] Repository path: /root/repo
[2026-01-10 23:02:42] [INFO] Proof generation completed
[2026-01-10 23:02:42] [INFO] Generated proof:
[2026-01-10 23:02:42] [INFO] ring
[2026-01-10 23:02:42] [INFO] Proof length: 4 chars
[2026-01-10 23:02:42] [INFO] Starting proof verification...
[2026-01-10 23:02:42] [INFO] Verifying at: Chap8Ex.lean:149
[2026-01-10 23:02:42] [INFO] Using LEAN INTERACT verify
[2026-01-10 23:02:42] [INFO] Checking file
[2026-01-10 23:02:48] [INFO] Cannot build modified file Note: This linter can be disabled with `set_option linter.unusedTactic false`
tmpm4_d8yql.lean:149:50: error(lean.unknownIdentifier): Unknown identifier `ring`
[2026-01-10 23:02:48] [INFO] Proof verification completed
[2026-01-10 23:02:48] [INFO] Strategy ring attempt 1: verified=False
[2026-01-10 23:02:48] [INFO] Verification message: Cannot build modified file: Note: This linter can be disabled with `set_option linter.unusedTactic false`
tmpm4_d8yql.lean:149:50: error(lean.unknownIdentifier): Unknown identifier `ring`

[2026-01-10 23:02:48] [INFO] Attempt 1 failed verification, continuing...
[2026-01-10 23:02:48] [INFO] ========================================
[2026-01-10 23:02:48] [INFO] Trying strategy: norm_num (up to 1 attempts)
[2026-01-10 23:02:48] [INFO] --------------------
[2026-01-10 23:02:48] [INFO] Strategy norm_num, attempt 1/1
[2026-01-10 23:02:48] [INFO] Starting proof generation...
[2026-01-10 23:02:48] [INFO] Repository path: /root/repo
[2026-01-10 23:02:48] [INFO] Proof generation completed
[2026-01-10 23:02:48] [INFO] Generated proof:
[2026-01-10 23:02:48] [INFO] norm_num
[2026-01-10 23:02:48] [INFO] Proof length: 8 chars
[2026-01-10 23:02:48] [INFO] Starting proof verification...
[2026-01-10 23:02:48] [INFO] Verifying at: Chap8Ex.lean:149
[2026-01-10 23:02:48] [INFO] Using LEAN INTERACT verify
[2026-01-10 23:02:48] [INFO] Checking file
[2026-01-10 23:02:53] [INFO] Cannot build modified file Note: This linter can be disabled with `set_option linter.unusedTactic false`
<error line="149" column="50">
<code_line>    range (func_union f g) = range f ∪ range g := norm_num</code_line>
<message>error: Type mismatch</message>
</error>
  norm_num
has type
  Lean.ParserDescr
of sort `Type` but is expected to have type
  range (func_union f g) = range f ∪ range g
of sort `Prop`
[2026-01-10 23:02:53] [INFO] Proof verification completed
[2026-01-10 23:02:53] [INFO] Strategy norm_num attempt 1: verified=False
[2026-01-10 23:02:53] [INFO] Verification message: Cannot build modified file: Note: This linter can be disabled with `set_option linter.unusedTactic false`
<error line="149" column="50">
<code_line>    range (func_union f g) = range f ∪ range g := norm_num</code_line>
<message>error: Type mismatch</message>
</error>
  norm_num
has type
  Lean.ParserDescr
of sort `Type` but is expected to have type
  range (func_union f g) = range f ∪ range g
of sort `Prop`

[2026-01-10 23:02:53] [INFO] Attempt 1 failed verification, continuing...
[2026-01-10 23:02:53] [INFO] ========================================
[2026-01-10 23:02:53] [INFO] Trying strategy: omega (up to 1 attempts)
[2026-01-10 23:02:53] [INFO] --------------------
[2026-01-10 23:02:53] [INFO] Strategy omega, attempt 1/1
[2026-01-10 23:02:53] [INFO] Starting proof generation...
[2026-01-10 23:02:53] [INFO] Repository path: /root/repo
[2026-01-10 23:02:53] [INFO] Proof generation completed
[2026-01-10 23:02:53] [INFO] Generated proof:
[2026-01-10 23:02:53] [INFO] omega
[2026-01-10 23:02:53] [INFO] Proof length: 5 chars
[2026-01-10 23:02:53] [INFO] Starting proof verification...
[2026-01-10 23:02:53] [INFO] Verifying at: Chap8Ex.lean:149
[2026-01-10 23:02:53] [INFO] Using LEAN INTERACT verify
[2026-01-10 23:02:53] [INFO] Checking file
[2026-01-10 23:02:59] [INFO] Cannot build modified file Note: This linter can be disabled with `set_option linter.unusedTactic false`
tmpss6j23p7.lean:149:50: error(lean.unknownIdentifier): Unknown identifier `omega`
[2026-01-10 23:02:59] [INFO] Proof verification completed
[2026-01-10 23:02:59] [INFO] Strategy omega attempt 1: verified=False
[2026-01-10 23:02:59] [INFO] Verification message: Cannot build modified file: Note: This linter can be disabled with `set_option linter.unusedTactic false`
tmpss6j23p7.lean:149:50: error(lean.unknownIdentifier): Unknown identifier `omega`

[2026-01-10 23:02:59] [INFO] Attempt 1 failed verification, continuing...
[2026-01-10 23:02:59] [INFO] ========================================
[2026-01-10 23:02:59] [INFO] Trying strategy: linarith (up to 1 attempts)
[2026-01-10 23:02:59] [INFO] --------------------
[2026-01-10 23:02:59] [INFO] Strategy linarith, attempt 1/1
[2026-01-10 23:02:59] [INFO] Starting proof generation...
[2026-01-10 23:02:59] [INFO] Repository path: /root/repo
[2026-01-10 23:02:59] [INFO] Proof generation completed
[2026-01-10 23:02:59] [INFO] Generated proof:
[2026-01-10 23:02:59] [INFO] linarith
[2026-01-10 23:02:59] [INFO] Proof length: 8 chars
[2026-01-10 23:02:59] [INFO] Starting proof verification...
[2026-01-10 23:02:59] [INFO] Verifying at: Chap8Ex.lean:149
[2026-01-10 23:02:59] [INFO] Using LEAN INTERACT verify
[2026-01-10 23:02:59] [INFO] Checking file
[2026-01-10 23:03:06] [INFO] Cannot build modified file Note: This linter can be disabled with `set_option linter.unusedTactic false`
tmpckke8w_8.lean:149:50: error(lean.unknownIdentifier): Unknown identifier `linarith`
[2026-01-10 23:03:06] [INFO] Proof verification completed
[2026-01-10 23:03:06] [INFO] Strategy linarith attempt 1: verified=False
[2026-01-10 23:03:06] [INFO] Verification message: Cannot build modified file: Note: This linter can be disabled with `set_option linter.unusedTactic false`
tmpckke8w_8.lean:149:50: error(lean.unknownIdentifier): Unknown identifier `linarith`

[2026-01-10 23:03:06] [INFO] Attempt 1 failed verification, continuing...
[2026-01-10 23:03:06] [INFO] ========================================
[2026-01-10 23:03:06] [INFO] Trying strategy: nlinarith (up to 1 attempts)
[2026-01-10 23:03:06] [INFO] --------------------
[2026-01-10 23:03:06] [INFO] Strategy nlinarith, attempt 1/1
[2026-01-10 23:03:06] [INFO] Starting proof generation...
[2026-01-10 23:03:06] [INFO] Repository path: /root/repo
[2026-01-10 23:03:06] [INFO] Proof generation completed
[2026-01-10 23:03:06] [INFO] Generated proof:
[2026-01-10 23:03:06] [INFO] nlinarith
[2026-01-10 23:03:06] [INFO] Proof length: 9 chars
[2026-01-10 23:03:06] [INFO] Starting proof verification...
[2026-01-10 23:03:06] [INFO] Verifying at: Chap8Ex.lean:149
[2026-01-10 23:03:06] [INFO] Using LEAN INTERACT verify
[2026-01-10 23:03:06] [INFO] Checking file
[2026-01-10 23:03:13] [INFO] Cannot build modified file Note: This linter can be disabled with `set_option linter.unusedTactic false`
tmpbwk47zs9.lean:149:50: error(lean.unknownIdentifier): Unknown identifier `nlinarith`
[2026-01-10 23:03:13] [INFO] Proof verification completed
[2026-01-10 23:03:13] [INFO] Strategy nlinarith attempt 1: verified=False
[2026-01-10 23:03:13] [INFO] Verification message: Cannot build modified file: Note: This linter can be disabled with `set_option linter.unusedTactic false`
tmpbwk47zs9.lean:149:50: error(lean.unknownIdentifier): Unknown identifier `nlinarith`

[2026-01-10 23:03:13] [INFO] Attempt 1 failed verification, continuing...
[2026-01-10 23:03:13] [INFO] ========================================
[2026-01-10 23:03:13] [INFO] Trying strategy: aesop (up to 1 attempts)
[2026-01-10 23:03:13] [INFO] --------------------
[2026-01-10 23:03:13] [INFO] Strategy aesop, attempt 1/1
[2026-01-10 23:03:13] [INFO] Starting proof generation...
[2026-01-10 23:03:13] [INFO] Repository path: /root/repo
[2026-01-10 23:03:13] [INFO] Proof generation completed
[2026-01-10 23:03:13] [INFO] Generated proof:
[2026-01-10 23:03:13] [INFO] aesop
[2026-01-10 23:03:13] [INFO] Proof length: 5 chars
[2026-01-10 23:03:13] [INFO] Starting proof verification...
[2026-01-10 23:03:13] [INFO] Verifying at: Chap8Ex.lean:149
[2026-01-10 23:03:13] [INFO] Using LEAN INTERACT verify
[2026-01-10 23:03:13] [INFO] Checking file
[2026-01-10 23:03:22] [INFO] Cannot build modified file Note: This linter can be disabled with `set_option linter.unusedTactic false`
tmp4di_g2a2.lean:149:50: error(lean.unknownIdentifier): Unknown identifier `aesop`
[2026-01-10 23:03:22] [INFO] Proof verification completed
[2026-01-10 23:03:22] [INFO] Strategy aesop attempt 1: verified=False
[2026-01-10 23:03:22] [INFO] Verification message: Cannot build modified file: Note: This linter can be disabled with `set_option linter.unusedTactic false`
tmp4di_g2a2.lean:149:50: error(lean.unknownIdentifier): Unknown identifier `aesop`

[2026-01-10 23:03:22] [INFO] Attempt 1 failed verification, continuing...
[2026-01-10 23:03:22] [INFO] ========================================
[2026-01-10 23:03:22] [INFO] Pass@k completed. Total results: 1
[2026-01-10 23:03:22] [INFO] FAILED: All 11 strategies x 1 attempts
[2026-01-10 23:03:22] [INFO] Writing results to file: /root/repo/result.json
[2026-01-10 23:03:22] [INFO] Result file written successfully
[2026-01-10 23:03:22] [INFO] Results exported to: /root/repo/result.json
[2026-01-10 23:03:22] [INFO] run_morphcloud_local.py completed successfully

[2026-01-10 23:03:24] [process_single_sorry] Downloading result file...
[2026-01-10 23:03:24] [process_single_sorry] Downloaded result to intermediate_experiment_outputs_full_reservoir/multi_tactic/2026-01-10_20-46-34_multi_tactic/individual/df1ab4533ba549f830a943a566cfe24eff42efcf5facf3ecdf98b763c83280b0.json
[2026-01-10 23:03:27] [process_single_sorry] Instance context closed successfully
[2026-01-10 23:03:27] [process_single_sorry] Parsing result file...
[2026-01-10 23:03:27] [process_single_sorry] Successfully parsed result (list format, 1 results)
