[2026-01-10 23:04:40] [process_single_sorry] Starting for sorry ecccd446774441e6ee8403b109ae443f5630b0287edb9949651bccfb55daf26a
[2026-01-10 23:04:40] [process_single_sorry] Using snapshot: snapshot_zh5h003g
[2026-01-10 23:04:40] [process_single_sorry] Repository: https://github.com/fpvandoorn/carleson@8ac3da8b5c31efc2246329fa44adad67950b733a
[2026-01-10 23:04:40] [process_single_sorry] Instance name: carleson_8ac3da8b5c31_multi_tactic_ecccd446774441e6ee8403b109ae443f5630b0287edb9949651bccfb55daf26a
[2026-01-10 23:04:40] [process_single_sorry] Starting attempt 1/3
[2026-01-10 23:04:40] [process_single_sorry] Starting instance from snapshot...
[2026-01-10 23:04:40] [process_single_sorry] Instance started successfully: morphvm_gof1wx5a
[2026-01-10 23:04:40] [process_single_sorry] Creating .env file...
[2026-01-10 23:04:44] [process_single_sorry] .env file created (exit_code: 0)
[2026-01-10 23:04:44] [process_single_sorry] Executing agent command...
[2026-01-10 23:08:46] [process_single_sorry] Agent command completed (exit_code: 0)
[2026-01-10 23:08:46] [process_single_sorry] STDOUT:

Results JSON:
[
  {
    "sorry": {
      "repo": {
        "remote": "https://github.com/fpvandoorn/carleson",
        "branch": "master",
        "commit": "8ac3da8b5c31efc2246329fa44adad67950b733a",
        "lean_version": "v4.27.0-rc1"
      },
      "location": {
        "path": "Carleson/ToMathlib/Lorentz.lean",
        "start_line": 1089,
        "start_column": 10,
        "end_line": 1089,
        "end_column": 15
      },
      "debug_info": {
        "goal": "case e_a.hx\nőĪ : Type u_1\nőĶ' : Type u_3\nm0 : MeasurableSpace őĪ\nőĪ' : Type u_4\nm : MeasurableSpace őĪ'\ninst‚úĚ‚Āī : TopologicalSpace őĪ\nūĚēā : Type u_8\ninst‚úĚ¬≥ : RCLike ūĚēā\ninst‚úĚ¬≤ : TopologicalSpace őĶ'\ninst‚úĚ¬Ļ : ENormedSpace őĶ'\nT : (őĪ ‚Üí ūĚēā) ‚Üí őĪ' ‚Üí őĶ'\np p' : ENNReal\nőľ : Measure őĪ\ninst‚úĚ : IsLocallyFiniteMeasure őľ\nőĹ : Measure őĪ'\nc : NNReal\nc_pos : 0 < c\nhT :\n  @MeasureTheory.HasRestrictedWeakType őĪ m0 őĪ' őĶ' m inst‚úĚ¬≤ inst‚úĚ¬Ļ.toENorm ūĚēā\n    NormedCommRing.toNonUnitalNormedCommRing.toNonUnitalCommRing.toNonUnitalNonAssocCommRing.toNonUnitalNonAssocCommSemiring.toMulZeroClass.toZero\n    NormedField.toNormedCommRing.toAddGroupWithOne.toOne T p p' őľ őĹ ‚ÜĎc\nhpp' : p‚ĀĽ¬Ļ + p'‚ĀĽ¬Ļ = 1\nT_meas :\n  ‚ąÄ {f : őĪ ‚Üí ūĚēā}\n    (a :\n      @MeasureTheory.MemLorentz őĪ ūĚēā m0 SeminormedAddGroup.toContinuousENorm.toENorm\n        PseudoMetricSpace.toUniformSpace.toTopologicalSpace f p 1 őľ),\n    AEStronglyMeasurable (T f) őĹ\nT_subadd :\n  ‚ąÄ (f g : őĪ ‚Üí ūĚēā) (x : őĪ')\n    (a :\n      @MeasureTheory.MemLorentz őĪ ūĚēā m0 SeminormedAddGroup.toContinuousENorm.toENorm\n        PseudoMetricSpace.toUniformSpace.toTopologicalSpace f p 1 őľ)\n    (a :\n      @MeasureTheory.MemLorentz őĪ ūĚēā m0 SeminormedAddGroup.toContinuousENorm.toENorm\n        PseudoMetricSpace.toUniformSpace.toTopologicalSpace g p 1 őľ),\n    ‚ÄĖT (f + g) x‚ÄĖ‚āĎ ‚Č§ ‚ÄĖT f x + T g x‚ÄĖ‚āĎ\nT_submul : ‚ąÄ (a : ūĚēā) (f : őĪ ‚Üí ūĚēā) (x : őĪ'), ‚ÄĖT (a ‚ÄĘ f) x‚ÄĖ‚āĎ ‚Č§ ‚ÄĖa‚ÄĖ‚āĎ ‚ÄĘ ‚ÄĖT f x‚ÄĖ‚āĎ\nweakly_cont_T :\n  ‚ąÄ {f : őĪ ‚Üí ūĚēā} {fs : ‚Ąē ‚Üí őĪ ‚Üí ūĚēā},\n    LocallyIntegrable f őľ ‚Üí\n      (‚ąÄ (n : ‚Ąē), AEStronglyMeasurable (fs n) őľ) ‚Üí\n        (‚ąÄ (a : őĪ), Monotone fun n => ‚ÄĖfs n a‚ÄĖ) ‚Üí\n          (‚ąÄ (a : őĪ), Filter.Tendsto (fun n => fs n a) Filter.atTop (nhds (f a))) ‚Üí\n            ‚ąÄ (G : Set őĪ'),\n              eLpNorm (T f) 1 (őĹ.restrict G) ‚Č§ Filter.limsup (fun n => eLpNorm (T (fs n)) 1 (őĹ.restrict G)) Filter.atTop\nf : őĪ ‚Üí ūĚēā\nhf :\n  @MeasureTheory.MemLorentz őĪ ūĚēā m0 SeminormedAddGroup.toContinuousENorm.toENorm\n    PseudoMetricSpace.toUniformSpace.toTopologicalSpace f p 1 őľ\nclaim :\n  ‚ąÄ (G : Set őĪ'),\n    MeasurableSet G ‚Üí\n      őĹ G < ‚ä§ ‚Üí\n        eLpNorm (T f) 1 (őĹ.restrict G) ‚Č§\n          4 * ‚ÜĎc / p * @MeasureTheory.eLorentzNorm őĪ ūĚēā m0 SeminormedAddGroup.toContinuousENorm.toENorm f p 1 őľ *\n            őĹ G ^ p'‚ĀĽ¬Ļ.toReal\nh : ¬¨p = ‚ä§\nl : NNReal\nG : Set őĪ' := {x | ‚ÜĎl < ‚ÄĖT f x‚ÄĖ‚āĎ}\n‚äĘ őĹ G ‚Č† 0",
        "url": "https://github.com/fpvandoorn/carleson/blob/8ac3da8b5c31efc2246329fa44adad67950b733a/Carleson/ToMathlib/Lorentz.lean#L1089"
      },
      "metadata": {
        "blame_email_hash": "98b4e7a53984",
        "blame_date": "2025-10-22T12:26:31+02:00",
        "inclusion_date": "2025-12-30T02:23:42.938640+00:00"
      },
      "id": "ecccd446774441e6ee8403b109ae443f5630b0287edb9949651bccfb55daf26a"
    },
    "proof": null,
    "proof_verified": false,
    "feedback": null,
    "verification_message": "All 11 attempts failed (11 strategies x 1 attempts each)",
    "success": true,
    "error_type": null,
    "error_message": null,
    "strategy_name": "all_failed_k=1",
    "proof_attempts": [
      "rfl",
      "simp",
      "simp_all",
      "exact?",
      "grind",
      "ring",
      "norm_num",
      "omega",
      "linarith",
      "nlinarith",
      "aesop"
    ]
  }
]

[2026-01-10 23:08:46] [process_single_sorry] STDERR:
None of PyTorch, TensorFlow >= 2.0, or Flax have been found. Models won't be available and only tokenizers, configuration and file/data utilities can be used.
[2026-01-10 23:04:56] [INFO] ================================================================================
[2026-01-10 23:04:56] [INFO] Starting run_morphcloud_local.py
[2026-01-10 23:04:56] [INFO] ================================================================================
[2026-01-10 23:04:56] [INFO] Environment loaded
[2026-01-10 23:04:56] [INFO] Full command: /root/SorryDB/sorrydb/cli/run_morphcloud_local.py --repo-path /root/repo --sorry-json {"repo": {"remote": "https://github.com/fpvandoorn/carleson", "branch": "master", "commit": "8ac3da8b5c31efc2246329fa44adad67950b733a", "lean_version": "v4.27.0-rc1"}, "location": {"path": "Carleson/ToMathlib/Lorentz.lean", "start_line": 1089, "start_column": 10, "end_line": 1089, "end_column": 15}, "debug_info": {"goal": "case e_a.hx\n\u03b1 : Type u_1\n\u03b5' : Type u_3\nm0 : MeasurableSpace \u03b1\n\u03b1' : Type u_4\nm : MeasurableSpace \u03b1'\ninst\u271d\u2074 : TopologicalSpace \u03b1\n\ud835\udd42 : Type u_8\ninst\u271d\u00b3 : RCLike \ud835\udd42\ninst\u271d\u00b2 : TopologicalSpace \u03b5'\ninst\u271d\u00b9 : ENormedSpace \u03b5'\nT : (\u03b1 \u2192 \ud835\udd42) \u2192 \u03b1' \u2192 \u03b5'\np p' : ENNReal\n\u03bc : Measure \u03b1\ninst\u271d : IsLocallyFiniteMeasure \u03bc\n\u03bd : Measure \u03b1'\nc : NNReal\nc_pos : 0 < c\nhT :\n  @MeasureTheory.HasRestrictedWeakType \u03b1 m0 \u03b1' \u03b5' m inst\u271d\u00b2 inst\u271d\u00b9.toENorm \ud835\udd42\n    NormedCommRing.toNonUnitalNormedCommRing.toNonUnitalCommRing.toNonUnitalNonAssocCommRing.toNonUnitalNonAssocCommSemiring.toMulZeroClass.toZero\n    NormedField.toNormedCommRing.toAddGroupWithOne.toOne T p p' \u03bc \u03bd \u2191c\nhpp' : p\u207b\u00b9 + p'\u207b\u00b9 = 1\nT_meas :\n  \u2200 {f : \u03b1 \u2192 \ud835\udd42}\n    (a :\n      @MeasureTheory.MemLorentz \u03b1 \ud835\udd42 m0 SeminormedAddGroup.toContinuousENorm.toENorm\n        PseudoMetricSpace.toUniformSpace.toTopologicalSpace f p 1 \u03bc),\n    AEStronglyMeasurable (T f) \u03bd\nT_subadd :\n  \u2200 (f g : \u03b1 \u2192 \ud835\udd42) (x : \u03b1')\n    (a :\n      @MeasureTheory.MemLorentz \u03b1 \ud835\udd42 m0 SeminormedAddGroup.toContinuousENorm.toENorm\n        PseudoMetricSpace.toUniformSpace.toTopologicalSpace f p 1 \u03bc)\n    (a :\n      @MeasureTheory.MemLorentz \u03b1 \ud835\udd42 m0 SeminormedAddGroup.toContinuousENorm.toENorm\n        PseudoMetricSpace.toUniformSpace.toTopologicalSpace g p 1 \u03bc),\n    \u2016T (f + g) x\u2016\u2091 \u2264 \u2016T f x + T g x\u2016\u2091\nT_submul : \u2200 (a : \ud835\udd42) (f : \u03b1 \u2192 \ud835\udd42) (x : \u03b1'), \u2016T (a \u2022 f) x\u2016\u2091 \u2264 \u2016a\u2016\u2091 \u2022 \u2016T f x\u2016\u2091\nweakly_cont_T :\n  \u2200 {f : \u03b1 \u2192 \ud835\udd42} {fs : \u2115 \u2192 \u03b1 \u2192 \ud835\udd42},\n    LocallyIntegrable f \u03bc \u2192\n      (\u2200 (n : \u2115), AEStronglyMeasurable (fs n) \u03bc) \u2192\n        (\u2200 (a : \u03b1), Monotone fun n => \u2016fs n a\u2016) \u2192\n          (\u2200 (a : \u03b1), Filter.Tendsto (fun n => fs n a) Filter.atTop (nhds (f a))) \u2192\n            \u2200 (G : Set \u03b1'),\n              eLpNorm (T f) 1 (\u03bd.restrict G) \u2264 Filter.limsup (fun n => eLpNorm (T (fs n)) 1 (\u03bd.restrict G)) Filter.atTop\nf : \u03b1 \u2192 \ud835\udd42\nhf :\n  @MeasureTheory.MemLorentz \u03b1 \ud835\udd42 m0 SeminormedAddGroup.toContinuousENorm.toENorm\n    PseudoMetricSpace.toUniformSpace.toTopologicalSpace f p 1 \u03bc\nclaim :\n  \u2200 (G : Set \u03b1'),\n    MeasurableSet G \u2192\n      \u03bd G < \u22a4 \u2192\n        eLpNorm (T f) 1 (\u03bd.restrict G) \u2264\n          4 * \u2191c / p * @MeasureTheory.eLorentzNorm \u03b1 \ud835\udd42 m0 SeminormedAddGroup.toContinuousENorm.toENorm f p 1 \u03bc *\n            \u03bd G ^ p'\u207b\u00b9.toReal\nh : \u00acp = \u22a4\nl : NNReal\nG : Set \u03b1' := {x | \u2191l < \u2016T f x\u2016\u2091}\n\u22a2 \u03bd G \u2260 0", "url": "https://github.com/fpvandoorn/carleson/blob/8ac3da8b5c31efc2246329fa44adad67950b733a/Carleson/ToMathlib/Lorentz.lean#L1089"}, "metadata": {"blame_email_hash": "98b4e7a53984", "blame_date": "2025-10-22T12:26:31+02:00", "inclusion_date": "2025-12-30T02:23:42.938640+00:00"}, "id": "ecccd446774441e6ee8403b109ae443f5630b0287edb9949651bccfb55daf26a"} --agent-strategy {"name": "multi_tactic", "args": {}}
[2026-01-10 23:04:56] [INFO] Arguments parsed: repo_path=/root/repo, output_path=/root/repo/result.json
[2026-01-10 23:04:56] [INFO] Strategy spec: {"name": "multi_tactic", "args": {}}...
[2026-01-10 23:04:56] [INFO] Loading sorry data...
[2026-01-10 23:04:56] [INFO] Parsing sorry from JSON string...
[2026-01-10 23:04:56] [INFO] Sorry data parsed from JSON string
[2026-01-10 23:04:56] [INFO] Creating strategy from spec...
[2026-01-10 23:04:56] [INFO] Parsing strategy spec (length: 36 chars)
[2026-01-10 23:04:56] [INFO] Strategy name: multi_tactic
[2026-01-10 23:04:56] [INFO] Strategy args: {}
[2026-01-10 23:04:56] [INFO] Pass@k value: 1
[2026-01-10 23:04:56] [INFO] Creating strategy: multi_tactic
[2026-01-10 23:04:56] [INFO] Creating multi_tactic strategy with tactics: ['rfl', 'simp', 'simp_all', 'exact?', 'grind', 'ring', 'norm_num', 'omega', 'linarith', 'nlinarith', 'aesop']
[2026-01-10 23:04:56] [INFO] Strategies created: ['rfl', 'simp', 'simp_all', 'exact?', 'grind', 'ring', 'norm_num', 'omega', 'linarith', 'nlinarith', 'aesop']
[2026-01-10 23:04:56] [INFO] Pass@k value: 1
[2026-01-10 23:04:56] [INFO] Creating Sorry object...
[2026-01-10 23:04:56] [INFO] Sorry object created: id=ecccd446774441e6ee8403b109ae443f5630b0287edb9949651bccfb55daf26a
[2026-01-10 23:04:56] [INFO] Sorry location: Carleson/ToMathlib/Lorentz.lean:1089
[2026-01-10 23:04:56] [INFO] Context before sorry (lines 1084-1089):
[2026-01-10 23:04:56] [INFO]   1084:         ¬∑ simp only [ENNReal.toReal_one, ENNReal.rpow_one]
[2026-01-10 23:04:56] [INFO]   1085:         ¬∑ rw [ne_eq, ENNReal.inv_eq_top]
[2026-01-10 23:04:56] [INFO]   1086:           sorry
[2026-01-10 23:04:56] [INFO]   1087:         ¬∑ rw [ne_eq, ENNReal.inv_eq_top]
[2026-01-10 23:04:56] [INFO]   1088:           sorry
[2026-01-10 23:04:56] [INFO]   1089:         ¬∑ sorry
[2026-01-10 23:04:56] [INFO] Sorry line:         ¬∑ sorry
[2026-01-10 23:04:56] [INFO] Sorry goal: case e_a.hx
őĪ : Type u_1
őĶ' : Type u_3
m0 : MeasurableSpace őĪ
őĪ' : Type u_4
m : MeasurableSpace őĪ'
i...
[2026-01-10 23:04:56] [INFO] ========================================
[2026-01-10 23:04:56] [INFO] Trying strategy: rfl (up to 1 attempts)
[2026-01-10 23:04:56] [INFO] --------------------
[2026-01-10 23:04:56] [INFO] Strategy rfl, attempt 1/1
[2026-01-10 23:04:56] [INFO] Starting proof generation...
[2026-01-10 23:04:56] [INFO] Repository path: /root/repo
[2026-01-10 23:04:56] [INFO] Proof generation completed
[2026-01-10 23:04:56] [INFO] Generated proof:
[2026-01-10 23:04:56] [INFO] rfl
[2026-01-10 23:04:56] [INFO] Proof length: 3 chars
[2026-01-10 23:04:56] [INFO] Starting proof verification...
[2026-01-10 23:04:56] [INFO] Verifying at: Carleson/ToMathlib/Lorentz.lean:1089
[2026-01-10 23:04:56] [INFO] Using LEAN INTERACT verify
[2026-01-10 23:04:56] [INFO] Checking file
[2026-01-10 23:05:24] [INFO] Cannot build modified file <error line="1089" column="10">
<code_line>        ¬∑ rfl</code_line>
<message>error: Tactic `rfl` failed: Expected the goal to be a binary relation</message>
</error>

Hint: Reflexivity tactics can only be used on goals of the form `x ~ x` or `R x x`

case e_a.hx
őĪ : Type u_1
őĶ' : Type u_3
m0 : MeasurableSpace őĪ
őĪ' : Type u_4
m : MeasurableSpace őĪ'
inst‚úĚ‚Āī : TopologicalSpace őĪ
ūĚēā : Type u_8
inst‚úĚ¬≥ : RCLike ūĚēā
inst‚úĚ¬≤ : TopologicalSpace őĶ'
inst‚úĚ¬Ļ : ENormedSpace őĶ'
T : (őĪ ‚Üí ūĚēā) ‚Üí őĪ' ‚Üí őĶ'
p p' : ‚ĄĚ‚Č•0‚ąě
őľ : Measure őĪ
inst‚úĚ : IsLocallyFiniteMeasure őľ
őĹ : Measure őĪ'
c : ‚ĄĚ‚Č•0
c_pos : 0 < c
hT : HasRestrictedWeakType T p p' őľ őĹ ‚ÜĎc
hpp' : p‚ĀĽ¬Ļ + p'‚ĀĽ¬Ļ = 1
T_meas : ‚ąÄ {f : őĪ ‚Üí ūĚēā}, MemLorentz f p 1 őľ ‚Üí AEStronglyMeasurable (T f) őĹ
T_subadd : ‚ąÄ (f g : őĪ ‚Üí ūĚēā) (x : őĪ'), MemLorentz f p 1 őľ ‚Üí MemLorentz g p 1 őľ ‚Üí ‚ÄĖT (f + g) x‚ÄĖ‚āĎ ‚Č§ ‚ÄĖT f x + T g x‚ÄĖ‚āĎ
T_submul : ‚ąÄ (a : ūĚēā) (f : őĪ ‚Üí ūĚēā) (x : őĪ'), ‚ÄĖT (a ‚ÄĘ f) x‚ÄĖ‚āĎ ‚Č§ ‚ÄĖa‚ÄĖ‚āĎ ‚ÄĘ ‚ÄĖT f x‚ÄĖ‚āĎ
weakly_cont_T :
  ‚ąÄ {f : őĪ ‚Üí ūĚēā} {fs : ‚Ąē ‚Üí őĪ ‚Üí ūĚēā},
    LocallyIntegrable f őľ ‚Üí
      (‚ąÄ (n : ‚Ąē), AEStronglyMeasurable (fs n) őľ) ‚Üí
        (‚ąÄ (a : őĪ), Monotone fun n => ‚ÄĖfs n a‚ÄĖ) ‚Üí
          (‚ąÄ (a : őĪ), Filter.Tendsto (fun n => fs n a) Filter.atTop (nhds (f a))) ‚Üí
            ‚ąÄ (G : Set őĪ'),
              eLpNorm (T f) 1 (őĹ.restrict G) ‚Č§ Filter.limsup (fun n => eLpNorm (T (fs n)) 1 (őĹ.restrict G)) Filter.atTop
f : őĪ ‚Üí ūĚēā
hf : MemLorentz f p 1 őľ
claim :
  ‚ąÄ (G : Set őĪ'),
    MeasurableSet G ‚Üí őĹ G < ‚ä§ ‚Üí eLpNorm (T f) 1 (őĹ.restrict G) ‚Č§ 4 * ‚ÜĎc / p * eLorentzNorm f p 1 őľ * őĹ G ^ p'‚ĀĽ¬Ļ.toReal
h : ¬¨p = ‚ä§
l : ‚ĄĚ‚Č•0
G : Set őĪ' := {x | ‚ÜĎl < ‚ÄĖT f x‚ÄĖ‚āĎ}
‚äĘ őĹ G ‚Č† 0
[2026-01-10 23:05:24] [INFO] Proof verification completed
[2026-01-10 23:05:24] [INFO] Strategy rfl attempt 1: verified=False
[2026-01-10 23:05:24] [INFO] Verification message: Cannot build modified file: <error line="1089" column="10">
<code_line>        ¬∑ rfl</code_line>
<message>error: Tactic `rfl` failed: Expected the goal to be a binary relation</message>
</error>

Hint: Reflexivity tactics can only be used on goals of the form `x ~ x` or `R x x`

case e_a.hx
őĪ : Type u_1
őĶ' : Type u_3
m0 : MeasurableSpace őĪ
őĪ' : Type u_4
m : MeasurableSpace őĪ'
inst‚úĚ‚Āī : TopologicalSpace őĪ
ūĚēā : Type u_8
inst‚úĚ¬≥ : RCLike ūĚēā
inst‚úĚ¬≤ : TopologicalSpace őĶ'
inst‚úĚ¬Ļ : ENormedSpace őĶ'
T : (őĪ ‚Üí ūĚēā) ‚Üí őĪ' ‚Üí őĶ'
p p' : ‚ĄĚ‚Č•0‚ąě
őľ : Measure őĪ
inst‚úĚ : IsLocallyFiniteMeasure őľ
őĹ : Measure őĪ'
c : ‚ĄĚ‚Č•0
c_pos : 0 < c
hT : HasRestrictedWeakType T p p' őľ őĹ ‚ÜĎc
hpp' : p‚ĀĽ¬Ļ + p'‚ĀĽ¬Ļ = 1
T_meas : ‚ąÄ {f : őĪ ‚Üí ūĚēā}, MemLorentz f p 1 őľ ‚Üí AEStronglyMeasurable (T f) őĹ
T_subadd : ‚ąÄ (f g : őĪ ‚Üí ūĚēā) (x : őĪ'), MemLorentz f p 1 őľ ‚Üí MemLorentz g p 1 őľ ‚Üí ‚ÄĖT (f + g) x‚ÄĖ‚āĎ ‚Č§ ‚ÄĖT f x + T g x‚ÄĖ‚āĎ
T_submul : ‚ąÄ (a : ūĚēā) (f : őĪ ‚Üí ūĚēā) (x : őĪ'), ‚ÄĖT (a ‚ÄĘ f) x‚ÄĖ‚āĎ ‚Č§ ‚ÄĖa‚ÄĖ‚āĎ ‚ÄĘ ‚ÄĖT f x‚ÄĖ‚āĎ
weakly_cont_T :
  ‚ąÄ {f : őĪ ‚Üí ūĚēā} {fs : ‚Ąē ‚Üí őĪ ‚Üí ūĚēā},
    LocallyIntegrable f őľ ‚Üí
      (‚ąÄ (n : ‚Ąē), AEStronglyMeasurable (fs n) őľ) ‚Üí
        (‚ąÄ (a : őĪ), Monotone fun n => ‚ÄĖfs n a‚ÄĖ) ‚Üí
          (‚ąÄ (a : őĪ), Filter.Tendsto (fun n => fs n a) Filter.atTop (nhds (f a))) ‚Üí
            ‚ąÄ (G : Set őĪ'),
              eLpNorm (T f) 1 (őĹ.restrict G) ‚Č§ Filter.limsup (fun n => eLpNorm (T (fs n)) 1 (őĹ.restrict G)) Filter.atTop
f : őĪ ‚Üí ūĚēā
hf : MemLorentz f p 1 őľ
claim :
  ‚ąÄ (G : Set őĪ'),
    MeasurableSet G ‚Üí őĹ G < ‚ä§ ‚Üí eLpNorm (T f) 1 (őĹ.restrict G) ‚Č§ 4 * ‚ÜĎc / p * eLorentzNorm f p 1 őľ * őĹ G ^ p'‚ĀĽ¬Ļ.toReal
h : ¬¨p = ‚ä§
l : ‚ĄĚ‚Č•0
G : Set őĪ' := {x | ‚ÜĎl < ‚ÄĖT f x‚ÄĖ‚āĎ}
‚äĘ őĹ G ‚Č† 0

[2026-01-10 23:05:24] [INFO] Attempt 1 failed verification, continuing...
[2026-01-10 23:05:24] [INFO] ========================================
[2026-01-10 23:05:24] [INFO] Trying strategy: simp (up to 1 attempts)
[2026-01-10 23:05:24] [INFO] --------------------
[2026-01-10 23:05:24] [INFO] Strategy simp, attempt 1/1
[2026-01-10 23:05:24] [INFO] Starting proof generation...
[2026-01-10 23:05:24] [INFO] Repository path: /root/repo
[2026-01-10 23:05:24] [INFO] Proof generation completed
[2026-01-10 23:05:24] [INFO] Generated proof:
[2026-01-10 23:05:24] [INFO] simp
[2026-01-10 23:05:24] [INFO] Proof length: 4 chars
[2026-01-10 23:05:24] [INFO] Starting proof verification...
[2026-01-10 23:05:24] [INFO] Verifying at: Carleson/ToMathlib/Lorentz.lean:1089
[2026-01-10 23:05:24] [INFO] Using LEAN INTERACT verify
[2026-01-10 23:05:24] [INFO] Checking file
[2026-01-10 23:05:36] [INFO] Cannot build modified file <error line="1089" column="8">
<code_line>        ¬∑ simp</code_line>
<message>error: unsolved goals</message>
</error>
case e_a.hx
őĪ : Type u_1
őĶ' : Type u_3
m0 : MeasurableSpace őĪ
őĪ' : Type u_4
m : MeasurableSpace őĪ'
inst‚úĚ‚Āī : TopologicalSpace őĪ
ūĚēā : Type u_8
inst‚úĚ¬≥ : RCLike ūĚēā
inst‚úĚ¬≤ : TopologicalSpace őĶ'
inst‚úĚ¬Ļ : ENormedSpace őĶ'
T : (őĪ ‚Üí ūĚēā) ‚Üí őĪ' ‚Üí őĶ'
p p' : ‚ĄĚ‚Č•0‚ąě
őľ : Measure őĪ
inst‚úĚ : IsLocallyFiniteMeasure őľ
őĹ : Measure őĪ'
c : ‚ĄĚ‚Č•0
c_pos : 0 < c
hT : HasRestrictedWeakType T p p' őľ őĹ ‚ÜĎc
hpp' : p‚ĀĽ¬Ļ + p'‚ĀĽ¬Ļ = 1
T_meas : ‚ąÄ {f : őĪ ‚Üí ūĚēā}, MemLorentz f p 1 őľ ‚Üí AEStronglyMeasurable (T f) őĹ
T_subadd : ‚ąÄ (f g : őĪ ‚Üí ūĚēā) (x : őĪ'), MemLorentz f p 1 őľ ‚Üí MemLorentz g p 1 őľ ‚Üí ‚ÄĖT (f + g) x‚ÄĖ‚āĎ ‚Č§ ‚ÄĖT f x + T g x‚ÄĖ‚āĎ
T_submul : ‚ąÄ (a : ūĚēā) (f : őĪ ‚Üí ūĚēā) (x : őĪ'), ‚ÄĖT (a ‚ÄĘ f) x‚ÄĖ‚āĎ ‚Č§ ‚ÄĖa‚ÄĖ‚āĎ ‚ÄĘ ‚ÄĖT f x‚ÄĖ‚āĎ
weakly_cont_T :
  ‚ąÄ {f : őĪ ‚Üí ūĚēā} {fs : ‚Ąē ‚Üí őĪ ‚Üí ūĚēā},
    LocallyIntegrable f őľ ‚Üí
      (‚ąÄ (n : ‚Ąē), AEStronglyMeasurable (fs n) őľ) ‚Üí
        (‚ąÄ (a : őĪ), Monotone fun n => ‚ÄĖfs n a‚ÄĖ) ‚Üí
          (‚ąÄ (a : őĪ), Filter.Tendsto (fun n => fs n a) Filter.atTop (nhds (f a))) ‚Üí
            ‚ąÄ (G : Set őĪ'),
              eLpNorm (T f) 1 (őĹ.restrict G) ‚Č§ Filter.limsup (fun n => eLpNorm (T (fs n)) 1 (őĹ.restrict G)) Filter.atTop
f : őĪ ‚Üí ūĚēā
hf : MemLorentz f p 1 őľ
claim :
  ‚ąÄ (G : Set őĪ'),
    MeasurableSet G ‚Üí őĹ G < ‚ä§ ‚Üí eLpNorm (T f) 1 (őĹ.restrict G) ‚Č§ 4 * ‚ÜĎc / p * eLorentzNorm f p 1 őľ * őĹ G ^ p'‚ĀĽ¬Ļ.toReal
h : ¬¨p = ‚ä§
l : ‚ĄĚ‚Č•0
G : Set őĪ' := {x | ‚ÜĎl < ‚ÄĖT f x‚ÄĖ‚āĎ}
‚äĘ ¬¨őĹ G = 0
[2026-01-10 23:05:36] [INFO] Proof verification completed
[2026-01-10 23:05:36] [INFO] Strategy simp attempt 1: verified=False
[2026-01-10 23:05:36] [INFO] Verification message: Cannot build modified file: <error line="1089" column="8">
<code_line>        ¬∑ simp</code_line>
<message>error: unsolved goals</message>
</error>
case e_a.hx
őĪ : Type u_1
őĶ' : Type u_3
m0 : MeasurableSpace őĪ
őĪ' : Type u_4
m : MeasurableSpace őĪ'
inst‚úĚ‚Āī : TopologicalSpace őĪ
ūĚēā : Type u_8
inst‚úĚ¬≥ : RCLike ūĚēā
inst‚úĚ¬≤ : TopologicalSpace őĶ'
inst‚úĚ¬Ļ : ENormedSpace őĶ'
T : (őĪ ‚Üí ūĚēā) ‚Üí őĪ' ‚Üí őĶ'
p p' : ‚ĄĚ‚Č•0‚ąě
őľ : Measure őĪ
inst‚úĚ : IsLocallyFiniteMeasure őľ
őĹ : Measure őĪ'
c : ‚ĄĚ‚Č•0
c_pos : 0 < c
hT : HasRestrictedWeakType T p p' őľ őĹ ‚ÜĎc
hpp' : p‚ĀĽ¬Ļ + p'‚ĀĽ¬Ļ = 1
T_meas : ‚ąÄ {f : őĪ ‚Üí ūĚēā}, MemLorentz f p 1 őľ ‚Üí AEStronglyMeasurable (T f) őĹ
T_subadd : ‚ąÄ (f g : őĪ ‚Üí ūĚēā) (x : őĪ'), MemLorentz f p 1 őľ ‚Üí MemLorentz g p 1 őľ ‚Üí ‚ÄĖT (f + g) x‚ÄĖ‚āĎ ‚Č§ ‚ÄĖT f x + T g x‚ÄĖ‚āĎ
T_submul : ‚ąÄ (a : ūĚēā) (f : őĪ ‚Üí ūĚēā) (x : őĪ'), ‚ÄĖT (a ‚ÄĘ f) x‚ÄĖ‚āĎ ‚Č§ ‚ÄĖa‚ÄĖ‚āĎ ‚ÄĘ ‚ÄĖT f x‚ÄĖ‚āĎ
weakly_cont_T :
  ‚ąÄ {f : őĪ ‚Üí ūĚēā} {fs : ‚Ąē ‚Üí őĪ ‚Üí ūĚēā},
    LocallyIntegrable f őľ ‚Üí
      (‚ąÄ (n : ‚Ąē), AEStronglyMeasurable (fs n) őľ) ‚Üí
        (‚ąÄ (a : őĪ), Monotone fun n => ‚ÄĖfs n a‚ÄĖ) ‚Üí
          (‚ąÄ (a : őĪ), Filter.Tendsto (fun n => fs n a) Filter.atTop (nhds (f a))) ‚Üí
            ‚ąÄ (G : Set őĪ'),
              eLpNorm (T f) 1 (őĹ.restrict G) ‚Č§ Filter.limsup (fun n => eLpNorm (T (fs n)) 1 (őĹ.restrict G)) Filter.atTop
f : őĪ ‚Üí ūĚēā
hf : MemLorentz f p 1 őľ
claim :
  ‚ąÄ (G : Set őĪ'),
    MeasurableSet G ‚Üí őĹ G < ‚ä§ ‚Üí eLpNorm (T f) 1 (őĹ.restrict G) ‚Č§ 4 * ‚ÜĎc / p * eLorentzNorm f p 1 őľ * őĹ G ^ p'‚ĀĽ¬Ļ.toReal
h : ¬¨p = ‚ä§
l : ‚ĄĚ‚Č•0
G : Set őĪ' := {x | ‚ÜĎl < ‚ÄĖT f x‚ÄĖ‚āĎ}
‚äĘ ¬¨őĹ G = 0

[2026-01-10 23:05:36] [INFO] Attempt 1 failed verification, continuing...
[2026-01-10 23:05:36] [INFO] ========================================
[2026-01-10 23:05:36] [INFO] Trying strategy: simp_all (up to 1 attempts)
[2026-01-10 23:05:36] [INFO] --------------------
[2026-01-10 23:05:36] [INFO] Strategy simp_all, attempt 1/1
[2026-01-10 23:05:36] [INFO] Starting proof generation...
[2026-01-10 23:05:36] [INFO] Repository path: /root/repo
[2026-01-10 23:05:36] [INFO] Proof generation completed
[2026-01-10 23:05:36] [INFO] Generated proof:
[2026-01-10 23:05:36] [INFO] simp_all
[2026-01-10 23:05:36] [INFO] Proof length: 8 chars
[2026-01-10 23:05:36] [INFO] Starting proof verification...
[2026-01-10 23:05:36] [INFO] Verifying at: Carleson/ToMathlib/Lorentz.lean:1089
[2026-01-10 23:05:36] [INFO] Using LEAN INTERACT verify
[2026-01-10 23:05:36] [INFO] Checking file
[2026-01-10 23:05:51] [INFO] Cannot build modified file <error line="1089" column="8">
<code_line>        ¬∑ simp_all</code_line>
<message>error: unsolved goals</message>
</error>
case e_a.hx
őĪ : Type u_1
őĶ' : Type u_3
m0 : MeasurableSpace őĪ
őĪ' : Type u_4
m : MeasurableSpace őĪ'
inst‚úĚ‚Āī : TopologicalSpace őĪ
ūĚēā : Type u_8
inst‚úĚ¬≥ : RCLike ūĚēā
inst‚úĚ¬≤ : TopologicalSpace őĶ'
inst‚úĚ¬Ļ : ENormedSpace őĶ'
T : (őĪ ‚Üí ūĚēā) ‚Üí őĪ' ‚Üí őĶ'
p p' : ‚ĄĚ‚Č•0‚ąě
őľ : Measure őĪ
inst‚úĚ : IsLocallyFiniteMeasure őľ
őĹ : Measure őĪ'
c : ‚ĄĚ‚Č•0
c_pos : 0 < c
hT : HasRestrictedWeakType T p p' őľ őĹ ‚ÜĎc
hpp' : p‚ĀĽ¬Ļ + p'‚ĀĽ¬Ļ = 1
T_meas : ‚ąÄ {f : őĪ ‚Üí ūĚēā}, MemLorentz f p 1 őľ ‚Üí AEStronglyMeasurable (T f) őĹ
T_subadd : ‚ąÄ (f g : őĪ ‚Üí ūĚēā) (x : őĪ'), MemLorentz f p 1 őľ ‚Üí MemLorentz g p 1 őľ ‚Üí ‚ÄĖT (f + g) x‚ÄĖ‚āĎ ‚Č§ ‚ÄĖT f x + T g x‚ÄĖ‚āĎ
f : őĪ ‚Üí ūĚēā
l : ‚ĄĚ‚Č•0
G : Set őĪ' := {x | ‚ÜĎl < ‚ÄĖT f x‚ÄĖ‚āĎ}
T_submul : ‚ąÄ (a : ūĚēā) (f : őĪ ‚Üí ūĚēā) (x : őĪ'), ‚ÄĖT (a ‚ÄĘ f) x‚ÄĖ‚āĎ ‚Č§ ‚ÄĖa‚ÄĖ‚āĎ * ‚ÄĖT f x‚ÄĖ‚āĎ
weakly_cont_T :
  ‚ąÄ {f : őĪ ‚Üí ūĚēā} {fs : ‚Ąē ‚Üí őĪ ‚Üí ūĚēā},
    LocallyIntegrable f őľ ‚Üí
      (‚ąÄ (n : ‚Ąē), AEStronglyMeasurable (fs n) őľ) ‚Üí
        (‚ąÄ (a : őĪ), Monotone fun n => ‚ÄĖfs n a‚ÄĖ) ‚Üí
          (‚ąÄ (a : őĪ), Filter.Tendsto (fun n => fs n a) Filter.atTop (nhds (f a))) ‚Üí
            ‚ąÄ (G : Set őĪ'),
              eLpNorm (T f) 1 (őĹ.restrict G) ‚Č§ Filter.limsup (fun n => eLpNorm (T (fs n)) 1 (őĹ.restrict G)) Filter.atTop
hf : MemLorentz f p 1 őľ
claim :
  ‚ąÄ (G : Set őĪ'),
    MeasurableSet G ‚Üí őĹ G < ‚ä§ ‚Üí eLpNorm (T f) 1 (őĹ.restrict G) ‚Č§ 4 * ‚ÜĎc / p * eLorentzNorm f p 1 őľ * őĹ G ^ p'.toReal‚ĀĽ¬Ļ
h : ¬¨p = ‚ä§
‚äĘ ¬¨őĹ G = 0
[2026-01-10 23:05:51] [INFO] Proof verification completed
[2026-01-10 23:05:51] [INFO] Strategy simp_all attempt 1: verified=False
[2026-01-10 23:05:51] [INFO] Verification message: Cannot build modified file: <error line="1089" column="8">
<code_line>        ¬∑ simp_all</code_line>
<message>error: unsolved goals</message>
</error>
case e_a.hx
őĪ : Type u_1
őĶ' : Type u_3
m0 : MeasurableSpace őĪ
őĪ' : Type u_4
m : MeasurableSpace őĪ'
inst‚úĚ‚Āī : TopologicalSpace őĪ
ūĚēā : Type u_8
inst‚úĚ¬≥ : RCLike ūĚēā
inst‚úĚ¬≤ : TopologicalSpace őĶ'
inst‚úĚ¬Ļ : ENormedSpace őĶ'
T : (őĪ ‚Üí ūĚēā) ‚Üí őĪ' ‚Üí őĶ'
p p' : ‚ĄĚ‚Č•0‚ąě
őľ : Measure őĪ
inst‚úĚ : IsLocallyFiniteMeasure őľ
őĹ : Measure őĪ'
c : ‚ĄĚ‚Č•0
c_pos : 0 < c
hT : HasRestrictedWeakType T p p' őľ őĹ ‚ÜĎc
hpp' : p‚ĀĽ¬Ļ + p'‚ĀĽ¬Ļ = 1
T_meas : ‚ąÄ {f : őĪ ‚Üí ūĚēā}, MemLorentz f p 1 őľ ‚Üí AEStronglyMeasurable (T f) őĹ
T_subadd : ‚ąÄ (f g : őĪ ‚Üí ūĚēā) (x : őĪ'), MemLorentz f p 1 őľ ‚Üí MemLorentz g p 1 őľ ‚Üí ‚ÄĖT (f + g) x‚ÄĖ‚āĎ ‚Č§ ‚ÄĖT f x + T g x‚ÄĖ‚āĎ
f : őĪ ‚Üí ūĚēā
l : ‚ĄĚ‚Č•0
G : Set őĪ' := {x | ‚ÜĎl < ‚ÄĖT f x‚ÄĖ‚āĎ}
T_submul : ‚ąÄ (a : ūĚēā) (f : őĪ ‚Üí ūĚēā) (x : őĪ'), ‚ÄĖT (a ‚ÄĘ f) x‚ÄĖ‚āĎ ‚Č§ ‚ÄĖa‚ÄĖ‚āĎ * ‚ÄĖT f x‚ÄĖ‚āĎ
weakly_cont_T :
  ‚ąÄ {f : őĪ ‚Üí ūĚēā} {fs : ‚Ąē ‚Üí őĪ ‚Üí ūĚēā},
    LocallyIntegrable f őľ ‚Üí
      (‚ąÄ (n : ‚Ąē), AEStronglyMeasurable (fs n) őľ) ‚Üí
        (‚ąÄ (a : őĪ), Monotone fun n => ‚ÄĖfs n a‚ÄĖ) ‚Üí
          (‚ąÄ (a : őĪ), Filter.Tendsto (fun n => fs n a) Filter.atTop (nhds (f a))) ‚Üí
            ‚ąÄ (G : Set őĪ'),
              eLpNorm (T f) 1 (őĹ.restrict G) ‚Č§ Filter.limsup (fun n => eLpNorm (T (fs n)) 1 (őĹ.restrict G)) Filter.atTop
hf : MemLorentz f p 1 őľ
claim :
  ‚ąÄ (G : Set őĪ'),
    MeasurableSet G ‚Üí őĹ G < ‚ä§ ‚Üí eLpNorm (T f) 1 (őĹ.restrict G) ‚Č§ 4 * ‚ÜĎc / p * eLorentzNorm f p 1 őľ * őĹ G ^ p'.toReal‚ĀĽ¬Ļ
h : ¬¨p = ‚ä§
‚äĘ ¬¨őĹ G = 0

[2026-01-10 23:05:51] [INFO] Attempt 1 failed verification, continuing...
[2026-01-10 23:05:51] [INFO] ========================================
[2026-01-10 23:05:51] [INFO] Trying strategy: exact? (up to 1 attempts)
[2026-01-10 23:05:51] [INFO] --------------------
[2026-01-10 23:05:51] [INFO] Strategy exact?, attempt 1/1
[2026-01-10 23:05:51] [INFO] Starting proof generation...
[2026-01-10 23:05:51] [INFO] Repository path: /root/repo
[2026-01-10 23:05:51] [INFO] Proof generation completed
[2026-01-10 23:05:51] [INFO] Generated proof:
[2026-01-10 23:05:51] [INFO] exact?
[2026-01-10 23:05:51] [INFO] Proof length: 6 chars
[2026-01-10 23:05:51] [INFO] Starting proof verification...
[2026-01-10 23:05:51] [INFO] Verifying at: Carleson/ToMathlib/Lorentz.lean:1089
[2026-01-10 23:05:51] [INFO] Using LEAN INTERACT verify
[2026-01-10 23:05:51] [INFO] Checking file
[2026-01-10 23:06:40] [INFO] Cannot build modified file <error line="1089" column="10">
<code_line>        ¬∑ exact?</code_line>
<message>error: `exact?` could not close the goal. Try `apply?` to see partial suggestions.</message>
</error>
[2026-01-10 23:06:40] [INFO] Proof verification completed
[2026-01-10 23:06:40] [INFO] Strategy exact? attempt 1: verified=False
[2026-01-10 23:06:40] [INFO] Verification message: Cannot build modified file: <error line="1089" column="10">
<code_line>        ¬∑ exact?</code_line>
<message>error: `exact?` could not close the goal. Try `apply?` to see partial suggestions.</message>
</error>

[2026-01-10 23:06:40] [INFO] Attempt 1 failed verification, continuing...
[2026-01-10 23:06:40] [INFO] ========================================
[2026-01-10 23:06:40] [INFO] Trying strategy: grind (up to 1 attempts)
[2026-01-10 23:06:40] [INFO] --------------------
[2026-01-10 23:06:40] [INFO] Strategy grind, attempt 1/1
[2026-01-10 23:06:40] [INFO] Starting proof generation...
[2026-01-10 23:06:40] [INFO] Repository path: /root/repo
[2026-01-10 23:06:40] [INFO] Proof generation completed
[2026-01-10 23:06:40] [INFO] Generated proof:
[2026-01-10 23:06:40] [INFO] grind
[2026-01-10 23:06:40] [INFO] Proof length: 5 chars
[2026-01-10 23:06:40] [INFO] Starting proof verification...
[2026-01-10 23:06:40] [INFO] Verifying at: Carleson/ToMathlib/Lorentz.lean:1089
[2026-01-10 23:06:40] [INFO] Using LEAN INTERACT verify
[2026-01-10 23:06:40] [INFO] Checking file
[2026-01-10 23:06:56] [INFO] Cannot build modified file <error line="1089" column="10">
<code_line>        ¬∑ grind</code_line>
<message>error: `grind` failed</message>
</error>
case grind.1.1.1
őĪ : Type u_1
őĶ' : Type u_3
m0 : MeasurableSpace őĪ
őĪ' : Type u_4
m : MeasurableSpace őĪ'
inst : TopologicalSpace őĪ
ūĚēā : Type u_8
inst_1 : RCLike ūĚēā
inst_2 : TopologicalSpace őĶ'
inst_3 : ENormedSpace őĶ'
T : (őĪ ‚Üí ūĚēā) ‚Üí őĪ' ‚Üí őĶ'
p p' : ‚ĄĚ‚Č•0‚ąě
őľ : Measure őĪ
inst_4 : IsLocallyFiniteMeasure őľ
őĹ : Measure őĪ'
c : ‚ĄĚ‚Č•0
c_pos : 0 < c
hT : HasRestrictedWeakType T p p' őľ őĹ ‚ÜĎc
hpp' : p‚ĀĽ¬Ļ + p'‚ĀĽ¬Ļ = 1
T_meas : ‚ąÄ {f : őĪ ‚Üí ūĚēā}, MemLorentz f p 1 őľ ‚Üí AEStronglyMeasurable (T f) őĹ
T_subadd : ‚ąÄ (f g : őĪ ‚Üí ūĚēā) (x : őĪ'), MemLorentz f p 1 őľ ‚Üí MemLorentz g p 1 őľ ‚Üí ‚ÄĖT (f + g) x‚ÄĖ‚āĎ ‚Č§ ‚ÄĖT f x + T g x‚ÄĖ‚āĎ
T_submul : ‚ąÄ (a : ūĚēā) (f : őĪ ‚Üí ūĚēā) (x : őĪ'), ‚ÄĖT (a ‚ÄĘ f) x‚ÄĖ‚āĎ ‚Č§ ‚ÄĖa‚ÄĖ‚āĎ ‚ÄĘ ‚ÄĖT f x‚ÄĖ‚āĎ
weakly_cont_T :
  ‚ąÄ {f : őĪ ‚Üí ūĚēā} {fs : ‚Ąē ‚Üí őĪ ‚Üí ūĚēā},
    LocallyIntegrable f őľ ‚Üí
      (‚ąÄ (n : ‚Ąē), AEStronglyMeasurable (fs n) őľ) ‚Üí
        (‚ąÄ (a : őĪ), Monotone fun n => ‚ÄĖfs n a‚ÄĖ) ‚Üí
          (‚ąÄ (a : őĪ), Filter.Tendsto (fun n => fs n a) Filter.atTop (nhds (f a))) ‚Üí
            ‚ąÄ (G : Set őĪ'),
              eLpNorm (T f) 1 (őĹ.restrict G) ‚Č§ Filter.limsup (fun n => eLpNorm (T (fs n)) 1 (őĹ.restrict G)) Filter.atTop
f : őĪ ‚Üí ūĚēā
hf : MemLorentz f p 1 őľ
claim :
  ‚ąÄ (G : Set őĪ'),
    MeasurableSet G ‚Üí őĹ G < ‚ä§ ‚Üí eLpNorm (T f) 1 (őĹ.restrict G) ‚Č§ 4 * ‚ÜĎc / p * eLorentzNorm f p 1 őľ * őĹ G ^ p'‚ĀĽ¬Ļ.toReal
h : ¬¨p = ‚ä§
l : ‚ĄĚ‚Č•0
G : Set őĪ' := {x | ‚ÜĎl < ‚ÄĖT f x‚ÄĖ‚āĎ}
h_1 : őĹ {x | ‚ÜĎl < ‚ÄĖT f x‚ÄĖ‚āĎ} = 0
h_2 : {_a | False} = fun x => ‚ÜĎl < ‚ÄĖT f x‚ÄĖ‚āĎ
h_3 : {_a | False} = Set.univ
h_4 : {_x | True} = fun x => ‚ÜĎl < ‚ÄĖT f x‚ÄĖ‚āĎ
‚äĘ False
[grind] Goal diagnostics
  [facts] Asserted facts
    [prop] IsLocallyFiniteMeasure őľ
    [prop] 0 < c
    [prop] HasRestrictedWeakType T p p' őľ őĹ ‚ÜĎc
    [prop] p‚ĀĽ¬Ļ + p'‚ĀĽ¬Ļ = 1
    [prop] ‚ąÄ {f : őĪ ‚Üí ūĚēā}, MemLorentz f p 1 őľ ‚Üí AEStronglyMeasurable (T f) őĹ
    [prop] ‚ąÄ (f g : őĪ ‚Üí ūĚēā) (x : őĪ'), MemLorentz f p 1 őľ ‚Üí MemLorentz g p 1 őľ ‚Üí ‚ÄĖT (f + g) x‚ÄĖ‚āĎ ‚Č§ ‚ÄĖT f x + T g x‚ÄĖ‚āĎ
    [prop] ‚ąÄ (a : ūĚēā) (f : őĪ ‚Üí ūĚēā) (x : őĪ'), ‚ÄĖT (a ‚ÄĘ f) x‚ÄĖ‚āĎ ‚Č§ ‚ÄĖa‚ÄĖ‚āĎ ‚ÄĘ ‚ÄĖT f x‚ÄĖ‚āĎ
    [prop] ‚ąÄ {f : őĪ ‚Üí ūĚēā} {fs : ‚Ąē ‚Üí őĪ ‚Üí ūĚēā},
          LocallyIntegrable f őľ ‚Üí
            ‚ąÄ (G : Set őĪ'),
              eLpNorm (T f) 1 (őĹ.restrict G) ‚Č§
                  Filter.limsup (fun n => eLpNorm (T (fs n)) 1 (őĹ.restrict G)) Filter.atTop ‚ą®
                (‚ąÉ n, ¬¨AEStronglyMeasurable (fs n) őľ) ‚ą®
                  (‚ąÉ a, ¬¨Filter.Tendsto (fun n => fs n a) Filter.atTop (nhds (f a))) ‚ą® ‚ąÉ a, ¬¨Monotone fun n => ‚ÄĖfs n a‚ÄĖ
    [prop] MemLorentz f p 1 őľ
    [prop] ‚ąÄ (G : Set őĪ'),
          MeasurableSet G ‚Üí
            őĹ G < ‚ä§ ‚Üí eLpNorm (T f) 1 (őĹ.restrict G) ‚Č§ 4 * ‚ÜĎc / p * eLorentzNorm f p 1 őľ * őĹ G ^ p'‚ĀĽ¬Ļ.toReal
    [prop] ¬¨p = ‚ä§
    [prop] őĹ {x | ‚ÜĎl < ‚ÄĖT f x‚ÄĖ‚āĎ} = 0
    [prop] MemLorentz f p 1 őľ ‚Üí AEStronglyMeasurable (T f) őĹ
    [prop] ‚ä§ ‚Č§ p ‚Üí p = ‚ä§
    [prop] MeasurableSet {x | ‚ÜĎl < ‚ÄĖT f x‚ÄĖ‚āĎ} ‚Üí
          őĹ {x | ‚ÜĎl < ‚ÄĖT f x‚ÄĖ‚āĎ} < ‚ä§ ‚Üí
            eLpNorm (T f) 1 (őĹ.restrict {x | ‚ÜĎl < ‚ÄĖT f x‚ÄĖ‚āĎ}) ‚Č§
              4 * ‚ÜĎc / p * eLorentzNorm f p 1 őľ * őĹ {x | ‚ÜĎl < ‚ÄĖT f x‚ÄĖ‚āĎ} ^ p'‚ĀĽ¬Ļ.toReal
    [prop] {_x | True} = Set.univ
    [prop] {_a | False} = ‚ąÖ
    [prop] {_a | False} = fun x => ‚ÜĎl < ‚ÄĖT f x‚ÄĖ‚āĎ
    [prop] {_a | False} = Set.univ
    [prop] {_x | True} = fun x => ‚ÜĎl < ‚ÄĖT f x‚ÄĖ‚āĎ
  [eqc] True propositions
    [prop] (3 + 1).AtLeastTwo
    [prop] 0 < c
    [prop] IsLocallyFiniteMeasure őľ
    [prop] MemLorentz f p 1 őľ
    [prop] HasRestrictedWeakType T p p' őľ őĹ ‚ÜĎc
    [prop] ‚ąÄ (a : ūĚēā) (f : őĪ ‚Üí ūĚēā) (x : őĪ'), ‚ÄĖT (a ‚ÄĘ f) x‚ÄĖ‚āĎ ‚Č§ ‚ÄĖa‚ÄĖ‚āĎ ‚ÄĘ ‚ÄĖT f x‚ÄĖ‚āĎ
    [prop] ‚ąÄ (G : Set őĪ'),
          MeasurableSet G ‚Üí
            őĹ G < ‚ä§ ‚Üí eLpNorm (T f) 1 (őĹ.restrict G) ‚Č§ 4 * ‚ÜĎc / p * eLorentzNorm f p 1 őľ * őĹ G ^ p'‚ĀĽ¬Ļ.toReal
    [prop] ‚ąÄ {f : őĪ ‚Üí ūĚēā}, MemLorentz f p 1 őľ ‚Üí AEStronglyMeasurable (T f) őĹ
    [prop] ‚ąÄ (f g : őĪ ‚Üí ūĚēā) (x : őĪ'), MemLorentz f p 1 őľ ‚Üí MemLorentz g p 1 őľ ‚Üí ‚ÄĖT (f + g) x‚ÄĖ‚āĎ ‚Č§ ‚ÄĖT f x + T g x‚ÄĖ‚āĎ
    [prop] ‚ąÄ {f : őĪ ‚Üí ūĚēā} {fs : ‚Ąē ‚Üí őĪ ‚Üí ūĚēā},
          LocallyIntegrable f őľ ‚Üí
            ‚ąÄ (G : Set őĪ'),
              eLpNorm (T f) 1 (őĹ.restrict G) ‚Č§
                  Filter.limsup (fun n => eLpNorm (T (fs n)) 1 (őĹ.restrict G)) Filter.atTop ‚ą®
                (‚ąÉ n, ¬¨AEStronglyMeasurable (fs n) őľ) ‚ą®
                  (‚ąÉ a, ¬¨Filter.Tendsto (fun n => fs n a) Filter.atTop (nhds (f a))) ‚ą® ‚ąÉ a, ¬¨Monotone fun n => ‚ÄĖfs n a‚ÄĖ
    [prop] AEStronglyMeasurable (T f) őĹ
    [prop] MeasurableSet {x | ‚ÜĎl < ‚ÄĖT f x‚ÄĖ‚āĎ} ‚Üí
          őĹ {x | ‚ÜĎl < ‚ÄĖT f x‚ÄĖ‚āĎ} < ‚ä§ ‚Üí
            eLpNorm (T f) 1 (őĹ.restrict {x | ‚ÜĎl < ‚ÄĖT f x‚ÄĖ‚āĎ}) ‚Č§
              4 * ‚ÜĎc / p * eLorentzNorm f p 1 őľ * őĹ {x | ‚ÜĎl < ‚ÄĖT f x‚ÄĖ‚āĎ} ^ p'‚ĀĽ¬Ļ.toReal
    [prop] ‚ä§ ‚Č§ p ‚Üí p = ‚ä§
    [prop] MemLorentz f p 1 őľ ‚Üí AEStronglyMeasurable (T f) őĹ
  [eqc] False propositions
    [prop] p = ‚ä§
    [prop] ‚ä§ ‚Č§ p
  [eqc] Equivalence classes
    [eqc] {0, őĹ {x | ‚ÜĎl < ‚ÄĖT f x‚ÄĖ‚āĎ}}
    [eqc] {1, p‚ĀĽ¬Ļ + p'‚ĀĽ¬Ļ}
    [eqc] {fun x => ‚ÜĎl < ‚ÄĖT f x‚ÄĖ‚āĎ, Set.univ, ‚ąÖ, {_a | False}, {_x | True}}
  [cases] Case analyses
    [cases] [1/2]: (fun _a => False) = fun x => ‚ÜĎl < ‚ÄĖT f x‚ÄĖ‚āĎ
      [cases] source: E-matching `Set.setOf_false`
    [cases] [1/2]: (fun _a => False) = fun _x => True
      [cases] source: E-matching `Set.setOf_false`
    [cases] [1/2]: (fun _x => True) = fun x => ‚ÜĎl < ‚ÄĖT f x‚ÄĖ‚āĎ
      [cases] source: E-matching `Set.setOf_true`
  [ematch] E-matching patterns
    [thm] T_meas: [@MemLorentz `[őĪ] `[ūĚēā] `[m0] `[SeminormedAddGroup.toContinuousENorm.toENorm] `[PseudoMetricSpace.toUniformSpace.toTopologicalSpace] #1 `[p] `[1] `[őľ]]
    [thm] T_meas: [@AEStronglyMeasurable `[őĪ'] `[őĶ'] `[inst_2] `[m] `[m] (T #1) `[őĹ]]
    [thm] T_meas: [T #1]
    [thm] T_subadd: [@LE.le `[‚ĄĚ‚Č•0‚ąě] `[ENNReal.instPartialOrder.toLE] (@enorm `[őĶ'] `[inst_3.toENorm] (T (@HAdd.hAdd `[őĪ ‚Üí
              ūĚēā] `[őĪ ‚Üí
              ūĚēā] `[őĪ ‚Üí
              ūĚēā] `[instHAdd] #4 #3) #2)) (@enorm `[őĶ'] `[inst_3.toENorm] (@HAdd.hAdd `[őĶ'] `[őĶ'] `[őĶ'] `[instHAdd] (T #4 #2) (T #3 #2)))]
    [thm] T_subadd: [@enorm `[őĶ'] `[inst_3.toENorm] (T (@HAdd.hAdd `[őĪ ‚Üí ūĚēā] `[őĪ ‚Üí ūĚēā] `[őĪ ‚Üí ūĚēā] `[instHAdd] #4 #3) #2)]
    [thm] T_subadd: [T (@HAdd.hAdd `[őĪ ‚Üí ūĚēā] `[őĪ ‚Üí ūĚēā] `[őĪ ‚Üí ūĚēā] `[instHAdd] #4 #3) #2]
    [thm] T_subadd: [@enorm `[őĶ'] `[inst_3.toENorm] (@HAdd.hAdd `[őĶ'] `[őĶ'] `[őĶ'] `[instHAdd] (T #4 #2) (T #3 #2))]
    [thm] T_subadd: [@MemLorentz `[őĪ] `[ūĚēā] `[m0] `[SeminormedAddGroup.toContinuousENorm.toENorm] `[PseudoMetricSpace.toUniformSpace.toTopologicalSpace] #4 `[p] `[1] `[őľ],
         @MemLorentz `[őĪ] `[ūĚēā] `[m0] `[SeminormedAddGroup.toContinuousENorm.toENorm] `[PseudoMetricSpace.toUniformSpace.toTopologicalSpace] #3 `[p] `[1] `[őľ],
         T (@HAdd.hAdd `[őĪ ‚Üí ūĚēā] `[őĪ ‚Üí ūĚēā] `[őĪ ‚Üí ūĚēā] `[instHAdd] #4 #3) #2]
    [thm] T_submul: [@LE.le `[‚ĄĚ‚Č•0‚ąě] `[ENNReal.instPartialOrder.toLE] (@enorm `[őĶ'] `[inst_3.toENorm] (T (@HSMul.hSMul `[ūĚēā] `[őĪ ‚Üí
              ūĚēā] `[őĪ ‚Üí
              ūĚēā] `[instHSMul] #2 #1) #0)) (@HSMul.hSMul `[‚ĄĚ‚Č•0‚ąě] `[‚ĄĚ‚Č•0‚ąě] `[‚ĄĚ‚Č•0‚ąě] `[instHSMul] (@enorm `[ūĚēā] `[SeminormedAddGroup.toContinuousENorm.toENorm] #2) (@enorm `[őĶ'] `[inst_3.toENorm] (T #1 #0)))]
    [thm] T_submul: [@enorm `[őĶ'] `[inst_3.toENorm] (T (@HSMul.hSMul `[ūĚēā] `[őĪ ‚Üí ūĚēā] `[őĪ ‚Üí ūĚēā] `[instHSMul] #2 #1) #0)]
    [thm] T_submul: [T (@HSMul.hSMul `[ūĚēā] `[őĪ ‚Üí ūĚēā] `[őĪ ‚Üí ūĚēā] `[instHSMul] #2 #1) #0]
    [thm] claim: [@MeasurableSet `[őĪ'] `[m] #2]
    [thm] top_unique: [@Lean.Grind.eqBwdPattern #4 #1 (@Top.top _ _)]
    [thm] claim: [@LT.lt `[‚ĄĚ‚Č•0‚ąě] `[ENNReal.instPartialOrder.toLT] (@DFunLike.coe `[Measure
            őĪ'] `[Set őĪ'] `[fun x => ‚ĄĚ‚Č•0‚ąě] `[Measure.instFunLike] `[őĹ] #2) `[‚ä§]]
    [thm] claim: [@DFunLike.coe `[Measure őĪ'] `[Set őĪ'] `[fun x => ‚ĄĚ‚Č•0‚ąě] `[Measure.instFunLike] `[őĹ] #2]
    [thm] claim: [@LE.le `[‚ĄĚ‚Č•0‚ąě] `[ENNReal.instPartialOrder.toLE] (@eLpNorm `[őĪ'] `[őĶ'] `[inst_3.toENorm] `[m] `[T
            f] `[1] (@Measure.restrict `[őĪ'] `[m] `[őĹ] #2)) (@HMul.hMul `[‚ĄĚ‚Č•0‚ąě] `[‚ĄĚ‚Č•0‚ąě] `[‚ĄĚ‚Č•0‚ąě] `[instHMul] `[4 * ‚ÜĎc /
              p *
            eLorentzNorm f p 1
              őľ] (@HPow.hPow `[‚ĄĚ‚Č•0‚ąě] `[‚ĄĚ] `[‚ĄĚ‚Č•0‚ąě] `[instHPow] (@DFunLike.coe `[Measure
              őĪ'] `[Set őĪ'] `[fun x => ‚ĄĚ‚Č•0‚ąě] `[Measure.instFunLike] `[őĹ] #2) `[p'‚ĀĽ¬Ļ.toReal]))]
    [thm] claim: [@eLpNorm `[őĪ'] `[őĶ'] `[inst_3.toENorm] `[m] `[T f] `[1] (@Measure.restrict `[őĪ'] `[m] `[őĹ] #2)]
    [thm] claim: [@Measure.restrict `[őĪ'] `[m] `[őĹ] #2]
    [thm] claim: [@HPow.hPow `[‚ĄĚ‚Č•0‚ąě] `[‚ĄĚ] `[‚ĄĚ‚Č•0‚ąě] `[instHPow] (@DFunLike.coe `[Measure
            őĪ'] `[Set őĪ'] `[fun x => ‚ĄĚ‚Č•0‚ąě] `[Measure.instFunLike] `[őĹ] #2) `[p'‚ĀĽ¬Ļ.toReal]]
    [thm] map_div: [@DFunLike.coe #7 #9 _ #6 #2 (@HDiv.hDiv _ _ _ _ #1 #0)]
    [thm] map_inv: [@DFunLike.coe #6 #8 _ #5 #1 (@Inv.inv _ _ #0)]
    [thm] map_add: [@DFunLike.coe #7 #9 _ #4 #2 (@HAdd.hAdd _ _ _ _ #1 #0)]
    [thm] map_mul: [@DFunLike.coe #7 #9 _ #4 #2 (@HMul.hMul _ _ _ _ #1 #0)]
    [thm] map_zero: [@DFunLike.coe #5 #7 _ #2 #0 (@OfNat.ofNat _ `[0] _)]
    [thm] map_one: [@DFunLike.coe #5 #7 _ #2 #0 (@OfNat.ofNat _ `[1] _)]
    [thm] Set.setOf_true: [@setOf #0 _]
    [thm] Set.setOf_false: [@setOf #0 _]
    [thm] top_unique: [@LE.le #4 _ (@Top.top _ _) #1]
    [thm] map_pow: [@DFunLike.coe #7 #9 _ #6 #2 (@HPow.hPow _ `[‚Ąē] _ _ #1 #0)]
    [thm] map_zpow: [@DFunLike.coe #7 #9 _ #6 #2 (@HPow.hPow _ `[‚Ą§] _ _ #1 #0)]
    [thm] Nat.pow_pos: [@HPow.hPow `[‚Ąē] `[‚Ąē] `[‚Ąē] `[instHPow] #2 #1]
    [thm] Nat.div_pow_of_pos: [@HPow.hPow `[‚Ąē] `[‚Ąē] `[‚Ąē] `[instHPow] #2 #1]
  [linarith] Linarith
    [linarith] Linarith assignment for `Lean.Grind.IntModule.OfNatModule.Q ‚ĄĚ‚Č•0`
      [assign] c := 1
    [linarith] Linarith assignment for `Lean.Grind.IntModule.OfNatModule.Q ‚ĄĚ‚Č•0‚ąě`
      [assign] ‚ÜĎp‚ĀĽ¬Ļ := 2
      [assign] ‚ÜĎp'‚ĀĽ¬Ļ := 3
  [ring] Ring `Lean.Grind.Ring.OfSemiring.Q ‚ĄĚ‚Č•0‚ąě`
    [basis] Basis
      [_] ‚ÜĎp‚ĀĽ¬Ļ + ‚ÜĎp'‚ĀĽ¬Ļ + -1 = 0
[grind] Issues
  [issue] failed to create E-match local theorem for
        ‚ąÄ {f : őĪ ‚Üí ūĚēā} {fs : ‚Ąē ‚Üí őĪ ‚Üí ūĚēā},
          LocallyIntegrable f őľ ‚Üí
            ‚ąÄ (G : Set őĪ'),
              eLpNorm (T f) 1 (őĹ.restrict G) ‚Č§
                  Filter.limsup (fun n => eLpNorm (T (fs n)) 1 (őĹ.restrict G)) Filter.atTop ‚ą®
                (‚ąÉ n, ¬¨AEStronglyMeasurable (fs n) őľ) ‚ą®
                  (‚ąÉ a, ¬¨Filter.Tendsto (fun n => fs n a) Filter.atTop (nhds (f a))) ‚ą® ‚ąÉ a, ¬¨Monotone fun n => ‚ÄĖfs n a‚ÄĖ
[grind] Diagnostics
  [thm] E-Matching instances
    [thm] top_unique ‚Ü¶ 1
    [thm] Set.setOf_false ‚Ü¶ 1
    [thm] Set.setOf_true ‚Ü¶ 1
[2026-01-10 23:06:56] [INFO] Proof verification completed
[2026-01-10 23:06:56] [INFO] Strategy grind attempt 1: verified=False
[2026-01-10 23:06:56] [INFO] Verification message: Cannot build modified file: <error line="1089" column="10">
<code_line>        ¬∑ grind</code_line>
<message>error: `grind` failed</message>
</error>
case grind.1.1.1
őĪ : Type u_1
őĶ' : Type u_3
m0 : MeasurableSpace őĪ
őĪ' : Type u_4
m : MeasurableSpace őĪ'
inst : TopologicalSpace őĪ
ūĚēā : Type u_8
inst_1 : RCLike ūĚēā
inst_2 : TopologicalSpace őĶ'
inst_3 : ENormedSpace őĶ'
T : (őĪ ‚Üí ūĚēā) ‚Üí őĪ' ‚Üí őĶ'
p p' : ‚ĄĚ‚Č•0‚ąě
őľ : Measure őĪ
inst_4 : IsLocallyFiniteMeasure őľ
őĹ : Measure őĪ'
c : ‚ĄĚ‚Č•0
c_pos : 0 < c
hT : HasRestrictedWeakType T p p' őľ őĹ ‚ÜĎc
hpp' : p‚ĀĽ¬Ļ + p'‚ĀĽ¬Ļ = 1
T_meas : ‚ąÄ {f : őĪ ‚Üí ūĚēā}, MemLorentz f p 1 őľ ‚Üí AEStronglyMeasurable (T f) őĹ
T_subadd : ‚ąÄ (f g : őĪ ‚Üí ūĚēā) (x : őĪ'), MemLorentz f p 1 őľ ‚Üí MemLorentz g p 1 őľ ‚Üí ‚ÄĖT (f + g) x‚ÄĖ‚āĎ ‚Č§ ‚ÄĖT f x + T g x‚ÄĖ‚āĎ
T_submul : ‚ąÄ (a : ūĚēā) (f : őĪ ‚Üí ūĚēā) (x : őĪ'), ‚ÄĖT (a ‚ÄĘ f) x‚ÄĖ‚āĎ ‚Č§ ‚ÄĖa‚ÄĖ‚āĎ ‚ÄĘ ‚ÄĖT f x‚ÄĖ‚āĎ
weakly_cont_T :
  ‚ąÄ {f : őĪ ‚Üí ūĚēā} {fs : ‚Ąē ‚Üí őĪ ‚Üí ūĚēā},
    LocallyIntegrable f őľ ‚Üí
      (‚ąÄ (n : ‚Ąē), AEStronglyMeasurable (fs n) őľ) ‚Üí
        (‚ąÄ (a : őĪ), Monotone fun n => ‚ÄĖfs n a‚ÄĖ) ‚Üí
          (‚ąÄ (a : őĪ), Filter.Tendsto (fun n => fs n a) Filter.atTop (nhds (f a))) ‚Üí
            ‚ąÄ (G : Set őĪ'),
              eLpNorm (T f) 1 (őĹ.restrict G) ‚Č§ Filter.limsup (fun n => eLpNorm (T (fs n)) 1 (őĹ.restrict G)) Filter.atTop
f : őĪ ‚Üí ūĚēā
hf : MemLorentz f p 1 őľ
claim :
  ‚ąÄ (G : Set őĪ'),
    MeasurableSet G ‚Üí őĹ G < ‚ä§ ‚Üí eLpNorm (T f) 1 (őĹ.restrict G) ‚Č§ 4 * ‚ÜĎc / p * eLorentzNorm f p 1 őľ * őĹ G ^ p'‚ĀĽ¬Ļ.toReal
h : ¬¨p = ‚ä§
l : ‚ĄĚ‚Č•0
G : Set őĪ' := {x | ‚ÜĎl < ‚ÄĖT f x‚ÄĖ‚āĎ}
h_1 : őĹ {x | ‚ÜĎl < ‚ÄĖT f x‚ÄĖ‚āĎ} = 0
h_2 : {_a | False} = fun x => ‚ÜĎl < ‚ÄĖT f x‚ÄĖ‚āĎ
h_3 : {_a | False} = Set.univ
h_4 : {_x | True} = fun x => ‚ÜĎl < ‚ÄĖT f x‚ÄĖ‚āĎ
‚äĘ False
[grind] Goal diagnostics
  [facts] Asserted facts
    [prop] IsLocallyFiniteMeasure őľ
    [prop] 0 < c
    [prop] HasRestrictedWeakType T p p' őľ őĹ ‚ÜĎc
    [prop] p‚ĀĽ¬Ļ + p'‚ĀĽ¬Ļ = 1
    [prop] ‚ąÄ {f : őĪ ‚Üí ūĚēā}, MemLorentz f p 1 őľ ‚Üí AEStronglyMeasurable (T f) őĹ
    [prop] ‚ąÄ (f g : őĪ ‚Üí ūĚēā) (x : őĪ'), MemLorentz f p 1 őľ ‚Üí MemLorentz g p 1 őľ ‚Üí ‚ÄĖT (f + g) x‚ÄĖ‚āĎ ‚Č§ ‚ÄĖT f x + T g x‚ÄĖ‚āĎ
    [prop] ‚ąÄ (a : ūĚēā) (f : őĪ ‚Üí ūĚēā) (x : őĪ'), ‚ÄĖT (a ‚ÄĘ f) x‚ÄĖ‚āĎ ‚Č§ ‚ÄĖa‚ÄĖ‚āĎ ‚ÄĘ ‚ÄĖT f x‚ÄĖ‚āĎ
    [prop] ‚ąÄ {f : őĪ ‚Üí ūĚēā} {fs : ‚Ąē ‚Üí őĪ ‚Üí ūĚēā},
          LocallyIntegrable f őľ ‚Üí
            ‚ąÄ (G : Set őĪ'),
              eLpNorm (T f) 1 (őĹ.restrict G) ‚Č§
                  Filter.limsup (fun n => eLpNorm (T (fs n)) 1 (őĹ.restrict G)) Filter.atTop ‚ą®
                (‚ąÉ n, ¬¨AEStronglyMeasurable (fs n) őľ) ‚ą®
                  (‚ąÉ a, ¬¨Filter.Tendsto (fun n => fs n a) Filter.atTop (nhds (f a))) ‚ą® ‚ąÉ a, ¬¨Monotone fun n => ‚ÄĖfs n a‚ÄĖ
    [prop] MemLorentz f p 1 őľ
    [prop] ‚ąÄ (G : Set őĪ'),
          MeasurableSet G ‚Üí
            őĹ G < ‚ä§ ‚Üí eLpNorm (T f) 1 (őĹ.restrict G) ‚Č§ 4 * ‚ÜĎc / p * eLorentzNorm f p 1 őľ * őĹ G ^ p'‚ĀĽ¬Ļ.toReal
    [prop] ¬¨p = ‚ä§
    [prop] őĹ {x | ‚ÜĎl < ‚ÄĖT f x‚ÄĖ‚āĎ} = 0
    [prop] MemLorentz f p 1 őľ ‚Üí AEStronglyMeasurable (T f) őĹ
    [prop] ‚ä§ ‚Č§ p ‚Üí p = ‚ä§
    [prop] MeasurableSet {x | ‚ÜĎl < ‚ÄĖT f x‚ÄĖ‚āĎ} ‚Üí
          őĹ {x | ‚ÜĎl < ‚ÄĖT f x‚ÄĖ‚āĎ} < ‚ä§ ‚Üí
            eLpNorm (T f) 1 (őĹ.restrict {x | ‚ÜĎl < ‚ÄĖT f x‚ÄĖ‚āĎ}) ‚Č§
              4 * ‚ÜĎc / p * eLorentzNorm f p 1 őľ * őĹ {x | ‚ÜĎl < ‚ÄĖT f x‚ÄĖ‚āĎ} ^ p'‚ĀĽ¬Ļ.toReal
    [prop] {_x | True} = Set.univ
    [prop] {_a | False} = ‚ąÖ
    [prop] {_a | False} = fun x => ‚ÜĎl < ‚ÄĖT f x‚ÄĖ‚āĎ
    [prop] {_a | False} = Set.univ
    [prop] {_x | True} = fun x => ‚ÜĎl < ‚ÄĖT f x‚ÄĖ‚āĎ
  [eqc] True propositions
    [prop] (3 + 1).AtLeastTwo
    [prop] 0 < c
    [prop] IsLocallyFiniteMeasure őľ
    [prop] MemLorentz f p 1 őľ
    [prop] HasRestrictedWeakType T p p' őľ őĹ ‚ÜĎc
    [prop] ‚ąÄ (a : ūĚēā) (f : őĪ ‚Üí ūĚēā) (x : őĪ'), ‚ÄĖT (a ‚ÄĘ f) x‚ÄĖ‚āĎ ‚Č§ ‚ÄĖa‚ÄĖ‚āĎ ‚ÄĘ ‚ÄĖT f x‚ÄĖ‚āĎ
    [prop] ‚ąÄ (G : Set őĪ'),
          MeasurableSet G ‚Üí
            őĹ G < ‚ä§ ‚Üí eLpNorm (T f) 1 (őĹ.restrict G) ‚Č§ 4 * ‚ÜĎc / p * eLorentzNorm f p 1 őľ * őĹ G ^ p'‚ĀĽ¬Ļ.toReal
    [prop] ‚ąÄ {f : őĪ ‚Üí ūĚēā}, MemLorentz f p 1 őľ ‚Üí AEStronglyMeasurable (T f) őĹ
    [prop] ‚ąÄ (f g : őĪ ‚Üí ūĚēā) (x : őĪ'), MemLorentz f p 1 őľ ‚Üí MemLorentz g p 1 őľ ‚Üí ‚ÄĖT (f + g) x‚ÄĖ‚āĎ ‚Č§ ‚ÄĖT f x + T g x‚ÄĖ‚āĎ
    [prop] ‚ąÄ {f : őĪ ‚Üí ūĚēā} {fs : ‚Ąē ‚Üí őĪ ‚Üí ūĚēā},
          LocallyIntegrable f őľ ‚Üí
            ‚ąÄ (G : Set őĪ'),
              eLpNorm (T f) 1 (őĹ.restrict G) ‚Č§
                  Filter.limsup (fun n => eLpNorm (T (fs n)) 1 (őĹ.restrict G)) Filter.atTop ‚ą®
                (‚ąÉ n, ¬¨AEStronglyMeasurable (fs n) őľ) ‚ą®
                  (‚ąÉ a, ¬¨Filter.Tendsto (fun n => fs n a) Filter.atTop (nhds (f a))) ‚ą® ‚ąÉ a, ¬¨Monotone fun n => ‚ÄĖfs n a‚ÄĖ
    [prop] AEStronglyMeasurable (T f) őĹ
    [prop] MeasurableSet {x | ‚ÜĎl < ‚ÄĖT f x‚ÄĖ‚āĎ} ‚Üí
          őĹ {x | ‚ÜĎl < ‚ÄĖT f x‚ÄĖ‚āĎ} < ‚ä§ ‚Üí
            eLpNorm (T f) 1 (őĹ.restrict {x | ‚ÜĎl < ‚ÄĖT f x‚ÄĖ‚āĎ}) ‚Č§
              4 * ‚ÜĎc / p * eLorentzNorm f p 1 őľ * őĹ {x | ‚ÜĎl < ‚ÄĖT f x‚ÄĖ‚āĎ} ^ p'‚ĀĽ¬Ļ.toReal
    [prop] ‚ä§ ‚Č§ p ‚Üí p = ‚ä§
    [prop] MemLorentz f p 1 őľ ‚Üí AEStronglyMeasurable (T f) őĹ
  [eqc] False propositions
    [prop] p = ‚ä§
    [prop] ‚ä§ ‚Č§ p
  [eqc] Equivalence classes
    [eqc] {0, őĹ {x | ‚ÜĎl < ‚ÄĖT f x‚ÄĖ‚āĎ}}
    [eqc] {1, p‚ĀĽ¬Ļ + p'‚ĀĽ¬Ļ}
    [eqc] {fun x => ‚ÜĎl < ‚ÄĖT f x‚ÄĖ‚āĎ, Set.univ, ‚ąÖ, {_a | False}, {_x | True}}
  [cases] Case analyses
    [cases] [1/2]: (fun _a => False) = fun x => ‚ÜĎl < ‚ÄĖT f x‚ÄĖ‚āĎ
      [cases] source: E-matching `Set.setOf_false`
    [cases] [1/2]: (fun _a => False) = fun _x => True
      [cases] source: E-matching `Set.setOf_false`
    [cases] [1/2]: (fun _x => True) = fun x => ‚ÜĎl < ‚ÄĖT f x‚ÄĖ‚āĎ
      [cases] source: E-matching `Set.setOf_true`
  [ematch] E-matching patterns
    [thm] T_meas: [@MemLorentz `[őĪ] `[ūĚēā] `[m0] `[SeminormedAddGroup.toContinuousENorm.toENorm] `[PseudoMetricSpace.toUniformSpace.toTopologicalSpace] #1 `[p] `[1] `[őľ]]
    [thm] T_meas: [@AEStronglyMeasurable `[őĪ'] `[őĶ'] `[inst_2] `[m] `[m] (T #1) `[őĹ]]
    [thm] T_meas: [T #1]
    [thm] T_subadd: [@LE.le `[‚ĄĚ‚Č•0‚ąě] `[ENNReal.instPartialOrder.toLE] (@enorm `[őĶ'] `[inst_3.toENorm] (T (@HAdd.hAdd `[őĪ ‚Üí
              ūĚēā] `[őĪ ‚Üí
              ūĚēā] `[őĪ ‚Üí
              ūĚēā] `[instHAdd] #4 #3) #2)) (@enorm `[őĶ'] `[inst_3.toENorm] (@HAdd.hAdd `[őĶ'] `[őĶ'] `[őĶ'] `[instHAdd] (T #4 #2) (T #3 #2)))]
    [thm] T_subadd: [@enorm `[őĶ'] `[inst_3.toENorm] (T (@HAdd.hAdd `[őĪ ‚Üí ūĚēā] `[őĪ ‚Üí ūĚēā] `[őĪ ‚Üí ūĚēā] `[instHAdd] #4 #3) #2)]
    [thm] T_subadd: [T (@HAdd.hAdd `[őĪ ‚Üí ūĚēā] `[őĪ ‚Üí ūĚēā] `[őĪ ‚Üí ūĚēā] `[instHAdd] #4 #3) #2]
    [thm] T_subadd: [@enorm `[őĶ'] `[inst_3.toENorm] (@HAdd.hAdd `[őĶ'] `[őĶ'] `[őĶ'] `[instHAdd] (T #4 #2) (T #3 #2))]
    [thm] T_subadd: [@MemLorentz `[őĪ] `[ūĚēā] `[m0] `[SeminormedAddGroup.toContinuousENorm.toENorm] `[PseudoMetricSpace.toUniformSpace.toTopologicalSpace] #4 `[p] `[1] `[őľ],
         @MemLorentz `[őĪ] `[ūĚēā] `[m0] `[SeminormedAddGroup.toContinuousENorm.toENorm] `[PseudoMetricSpace.toUniformSpace.toTopologicalSpace] #3 `[p] `[1] `[őľ],
         T (@HAdd.hAdd `[őĪ ‚Üí ūĚēā] `[őĪ ‚Üí ūĚēā] `[őĪ ‚Üí ūĚēā] `[instHAdd] #4 #3) #2]
    [thm] T_submul: [@LE.le `[‚ĄĚ‚Č•0‚ąě] `[ENNReal.instPartialOrder.toLE] (@enorm `[őĶ'] `[inst_3.toENorm] (T (@HSMul.hSMul `[ūĚēā] `[őĪ ‚Üí
              ūĚēā] `[őĪ ‚Üí
              ūĚēā] `[instHSMul] #2 #1) #0)) (@HSMul.hSMul `[‚ĄĚ‚Č•0‚ąě] `[‚ĄĚ‚Č•0‚ąě] `[‚ĄĚ‚Č•0‚ąě] `[instHSMul] (@enorm `[ūĚēā] `[SeminormedAddGroup.toContinuousENorm.toENorm] #2) (@enorm `[őĶ'] `[inst_3.toENorm] (T #1 #0)))]
    [thm] T_submul: [@enorm `[őĶ'] `[inst_3.toENorm] (T (@HSMul.hSMul `[ūĚēā] `[őĪ ‚Üí ūĚēā] `[őĪ ‚Üí ūĚēā] `[instHSMul] #2 #1) #0)]
    [thm] T_submul: [T (@HSMul.hSMul `[ūĚēā] `[őĪ ‚Üí ūĚēā] `[őĪ ‚Üí ūĚēā] `[instHSMul] #2 #1) #0]
    [thm] claim: [@MeasurableSet `[őĪ'] `[m] #2]
    [thm] top_unique: [@Lean.Grind.eqBwdPattern #4 #1 (@Top.top _ _)]
    [thm] claim: [@LT.lt `[‚ĄĚ‚Č•0‚ąě] `[ENNReal.instPartialOrder.toLT] (@DFunLike.coe `[Measure
            őĪ'] `[Set őĪ'] `[fun x => ‚ĄĚ‚Č•0‚ąě] `[Measure.instFunLike] `[őĹ] #2) `[‚ä§]]
    [thm] claim: [@DFunLike.coe `[Measure őĪ'] `[Set őĪ'] `[fun x => ‚ĄĚ‚Č•0‚ąě] `[Measure.instFunLike] `[őĹ] #2]
    [thm] claim: [@LE.le `[‚ĄĚ‚Č•0‚ąě] `[ENNReal.instPartialOrder.toLE] (@eLpNorm `[őĪ'] `[őĶ'] `[inst_3.toENorm] `[m] `[T
            f] `[1] (@Measure.restrict `[őĪ'] `[m] `[őĹ] #2)) (@HMul.hMul `[‚ĄĚ‚Č•0‚ąě] `[‚ĄĚ‚Č•0‚ąě] `[‚ĄĚ‚Č•0‚ąě] `[instHMul] `[4 * ‚ÜĎc /
              p *
            eLorentzNorm f p 1
              őľ] (@HPow.hPow `[‚ĄĚ‚Č•0‚ąě] `[‚ĄĚ] `[‚ĄĚ‚Č•0‚ąě] `[instHPow] (@DFunLike.coe `[Measure
              őĪ'] `[Set őĪ'] `[fun x => ‚ĄĚ‚Č•0‚ąě] `[Measure.instFunLike] `[őĹ] #2) `[p'‚ĀĽ¬Ļ.toReal]))]
    [thm] claim: [@eLpNorm `[őĪ'] `[őĶ'] `[inst_3.toENorm] `[m] `[T f] `[1] (@Measure.restrict `[őĪ'] `[m] `[őĹ] #2)]
    [thm] claim: [@Measure.restrict `[őĪ'] `[m] `[őĹ] #2]
    [thm] claim: [@HPow.hPow `[‚ĄĚ‚Č•0‚ąě] `[‚ĄĚ] `[‚ĄĚ‚Č•0‚ąě] `[instHPow] (@DFunLike.coe `[Measure
            őĪ'] `[Set őĪ'] `[fun x => ‚ĄĚ‚Č•0‚ąě] `[Measure.instFunLike] `[őĹ] #2) `[p'‚ĀĽ¬Ļ.toReal]]
    [thm] map_div: [@DFunLike.coe #7 #9 _ #6 #2 (@HDiv.hDiv _ _ _ _ #1 #0)]
    [thm] map_inv: [@DFunLike.coe #6 #8 _ #5 #1 (@Inv.inv _ _ #0)]
    [thm] map_add: [@DFunLike.coe #7 #9 _ #4 #2 (@HAdd.hAdd _ _ _ _ #1 #0)]
    [thm] map_mul: [@DFunLike.coe #7 #9 _ #4 #2 (@HMul.hMul _ _ _ _ #1 #0)]
    [thm] map_zero: [@DFunLike.coe #5 #7 _ #2 #0 (@OfNat.ofNat _ `[0] _)]
    [thm] map_one: [@DFunLike.coe #5 #7 _ #2 #0 (@OfNat.ofNat _ `[1] _)]
    [thm] Set.setOf_true: [@setOf #0 _]
    [thm] Set.setOf_false: [@setOf #0 _]
    [thm] top_unique: [@LE.le #4 _ (@Top.top _ _) #1]
    [thm] map_pow: [@DFunLike.coe #7 #9 _ #6 #2 (@HPow.hPow _ `[‚Ąē] _ _ #1 #0)]
    [thm] map_zpow: [@DFunLike.coe #7 #9 _ #6 #2 (@HPow.hPow _ `[‚Ą§] _ _ #1 #0)]
    [thm] Nat.pow_pos: [@HPow.hPow `[‚Ąē] `[‚Ąē] `[‚Ąē] `[instHPow] #2 #1]
    [thm] Nat.div_pow_of_pos: [@HPow.hPow `[‚Ąē] `[‚Ąē] `[‚Ąē] `[instHPow] #2 #1]
  [linarith] Linarith
    [linarith] Linarith assignment for `Lean.Grind.IntModule.OfNatModule.Q ‚ĄĚ‚Č•0`
      [assign] c := 1
    [linarith] Linarith assignment for `Lean.Grind.IntModule.OfNatModule.Q ‚ĄĚ‚Č•0‚ąě`
      [assign] ‚ÜĎp‚ĀĽ¬Ļ := 2
      [assign] ‚ÜĎp'‚ĀĽ¬Ļ := 3
  [ring] Ring `Lean.Grind.Ring.OfSemiring.Q ‚ĄĚ‚Č•0‚ąě`
    [basis] Basis
      [_] ‚ÜĎp‚ĀĽ¬Ļ + ‚ÜĎp'‚ĀĽ¬Ļ + -1 = 0
[grind] Issues
  [issue] failed to create E-match local theorem for
        ‚ąÄ {f : őĪ ‚Üí ūĚēā} {fs : ‚Ąē ‚Üí őĪ ‚Üí ūĚēā},
          LocallyIntegrable f őľ ‚Üí
            ‚ąÄ (G : Set őĪ'),
              eLpNorm (T f) 1 (őĹ.restrict G) ‚Č§
                  Filter.limsup (fun n => eLpNorm (T (fs n)) 1 (őĹ.restrict G)) Filter.atTop ‚ą®
                (‚ąÉ n, ¬¨AEStronglyMeasurable (fs n) őľ) ‚ą®
                  (‚ąÉ a, ¬¨Filter.Tendsto (fun n => fs n a) Filter.atTop (nhds (f a))) ‚ą® ‚ąÉ a, ¬¨Monotone fun n => ‚ÄĖfs n a‚ÄĖ
[grind] Diagnostics
  [thm] E-Matching instances
    [thm] top_unique ‚Ü¶ 1
    [thm] Set.setOf_false ‚Ü¶ 1
    [thm] Set.setOf_true ‚Ü¶ 1

[2026-01-10 23:06:56] [INFO] Attempt 1 failed verification, continuing...
[2026-01-10 23:06:56] [INFO] ========================================
[2026-01-10 23:06:56] [INFO] Trying strategy: ring (up to 1 attempts)
[2026-01-10 23:06:56] [INFO] --------------------
[2026-01-10 23:06:56] [INFO] Strategy ring, attempt 1/1
[2026-01-10 23:06:56] [INFO] Starting proof generation...
[2026-01-10 23:06:56] [INFO] Repository path: /root/repo
[2026-01-10 23:06:56] [INFO] Proof generation completed
[2026-01-10 23:06:56] [INFO] Generated proof:
[2026-01-10 23:06:56] [INFO] ring
[2026-01-10 23:06:56] [INFO] Proof length: 4 chars
[2026-01-10 23:06:56] [INFO] Starting proof verification...
[2026-01-10 23:06:56] [INFO] Verifying at: Carleson/ToMathlib/Lorentz.lean:1089
[2026-01-10 23:06:56] [INFO] Using LEAN INTERACT verify
[2026-01-10 23:06:56] [INFO] Checking file
[2026-01-10 23:07:10] [INFO] Cannot build modified file Try this:
  [apply] ring_nf
  
  The `ring` tactic failed to close the goal. Use `ring_nf` to obtain a normal form.
    
  Note that `ring` works primarily in *commutative* rings. If you have a noncommutative ring, abelian group or module, consider using `noncomm_ring`, `abel` or `module` instead.
<error line="1089" column="8">
<code_line>        ¬∑ ring</code_line>
<message>error: unsolved goals</message>
</error>
case e_a.hx
őĪ : Type u_1
őĶ' : Type u_3
m0 : MeasurableSpace őĪ
őĪ' : Type u_4
m : MeasurableSpace őĪ'
inst‚úĚ‚Āī : TopologicalSpace őĪ
ūĚēā : Type u_8
inst‚úĚ¬≥ : RCLike ūĚēā
inst‚úĚ¬≤ : TopologicalSpace őĶ'
inst‚úĚ¬Ļ : ENormedSpace őĶ'
T : (őĪ ‚Üí ūĚēā) ‚Üí őĪ' ‚Üí őĶ'
p p' : ‚ĄĚ‚Č•0‚ąě
őľ : Measure őĪ
inst‚úĚ : IsLocallyFiniteMeasure őľ
őĹ : Measure őĪ'
c : ‚ĄĚ‚Č•0
c_pos : 0 < c
hT : HasRestrictedWeakType T p p' őľ őĹ ‚ÜĎc
hpp' : p‚ĀĽ¬Ļ + p'‚ĀĽ¬Ļ = 1
T_meas : ‚ąÄ {f : őĪ ‚Üí ūĚēā}, MemLorentz f p 1 őľ ‚Üí AEStronglyMeasurable (T f) őĹ
T_subadd : ‚ąÄ (f g : őĪ ‚Üí ūĚēā) (x : őĪ'), MemLorentz f p 1 őľ ‚Üí MemLorentz g p 1 őľ ‚Üí ‚ÄĖT (f + g) x‚ÄĖ‚āĎ ‚Č§ ‚ÄĖT f x + T g x‚ÄĖ‚āĎ
T_submul : ‚ąÄ (a : ūĚēā) (f : őĪ ‚Üí ūĚēā) (x : őĪ'), ‚ÄĖT (a ‚ÄĘ f) x‚ÄĖ‚āĎ ‚Č§ ‚ÄĖa‚ÄĖ‚āĎ ‚ÄĘ ‚ÄĖT f x‚ÄĖ‚āĎ
weakly_cont_T :
  ‚ąÄ {f : őĪ ‚Üí ūĚēā} {fs : ‚Ąē ‚Üí őĪ ‚Üí ūĚēā},
    LocallyIntegrable f őľ ‚Üí
      (‚ąÄ (n : ‚Ąē), AEStronglyMeasurable (fs n) őľ) ‚Üí
        (‚ąÄ (a : őĪ), Monotone fun n => ‚ÄĖfs n a‚ÄĖ) ‚Üí
          (‚ąÄ (a : őĪ), Filter.Tendsto (fun n => fs n a) Filter.atTop (nhds (f a))) ‚Üí
            ‚ąÄ (G : Set őĪ'),
              eLpNorm (T f) 1 (őĹ.restrict G) ‚Č§ Filter.limsup (fun n => eLpNorm (T (fs n)) 1 (őĹ.restrict G)) Filter.atTop
f : őĪ ‚Üí ūĚēā
hf : MemLorentz f p 1 őľ
claim :
  ‚ąÄ (G : Set őĪ'),
    MeasurableSet G ‚Üí őĹ G < ‚ä§ ‚Üí eLpNorm (T f) 1 (őĹ.restrict G) ‚Č§ 4 * ‚ÜĎc / p * eLorentzNorm f p 1 őľ * őĹ G ^ p'‚ĀĽ¬Ļ.toReal
h : ¬¨p = ‚ä§
l : ‚ĄĚ‚Č•0
G : Set őĪ' := {x | ‚ÜĎl < ‚ÄĖT f x‚ÄĖ‚āĎ}
‚äĘ őĹ G ‚Č† 0
[2026-01-10 23:07:10] [INFO] Proof verification completed
[2026-01-10 23:07:10] [INFO] Strategy ring attempt 1: verified=False
[2026-01-10 23:07:10] [INFO] Verification message: Cannot build modified file: Try this:
  [apply] ring_nf
  
  The `ring` tactic failed to close the goal. Use `ring_nf` to obtain a normal form.
    
  Note that `ring` works primarily in *commutative* rings. If you have a noncommutative ring, abelian group or module, consider using `noncomm_ring`, `abel` or `module` instead.
<error line="1089" column="8">
<code_line>        ¬∑ ring</code_line>
<message>error: unsolved goals</message>
</error>
case e_a.hx
őĪ : Type u_1
őĶ' : Type u_3
m0 : MeasurableSpace őĪ
őĪ' : Type u_4
m : MeasurableSpace őĪ'
inst‚úĚ‚Āī : TopologicalSpace őĪ
ūĚēā : Type u_8
inst‚úĚ¬≥ : RCLike ūĚēā
inst‚úĚ¬≤ : TopologicalSpace őĶ'
inst‚úĚ¬Ļ : ENormedSpace őĶ'
T : (őĪ ‚Üí ūĚēā) ‚Üí őĪ' ‚Üí őĶ'
p p' : ‚ĄĚ‚Č•0‚ąě
őľ : Measure őĪ
inst‚úĚ : IsLocallyFiniteMeasure őľ
őĹ : Measure őĪ'
c : ‚ĄĚ‚Č•0
c_pos : 0 < c
hT : HasRestrictedWeakType T p p' őľ őĹ ‚ÜĎc
hpp' : p‚ĀĽ¬Ļ + p'‚ĀĽ¬Ļ = 1
T_meas : ‚ąÄ {f : őĪ ‚Üí ūĚēā}, MemLorentz f p 1 őľ ‚Üí AEStronglyMeasurable (T f) őĹ
T_subadd : ‚ąÄ (f g : őĪ ‚Üí ūĚēā) (x : őĪ'), MemLorentz f p 1 őľ ‚Üí MemLorentz g p 1 őľ ‚Üí ‚ÄĖT (f + g) x‚ÄĖ‚āĎ ‚Č§ ‚ÄĖT f x + T g x‚ÄĖ‚āĎ
T_submul : ‚ąÄ (a : ūĚēā) (f : őĪ ‚Üí ūĚēā) (x : őĪ'), ‚ÄĖT (a ‚ÄĘ f) x‚ÄĖ‚āĎ ‚Č§ ‚ÄĖa‚ÄĖ‚āĎ ‚ÄĘ ‚ÄĖT f x‚ÄĖ‚āĎ
weakly_cont_T :
  ‚ąÄ {f : őĪ ‚Üí ūĚēā} {fs : ‚Ąē ‚Üí őĪ ‚Üí ūĚēā},
    LocallyIntegrable f őľ ‚Üí
      (‚ąÄ (n : ‚Ąē), AEStronglyMeasurable (fs n) őľ) ‚Üí
        (‚ąÄ (a : őĪ), Monotone fun n => ‚ÄĖfs n a‚ÄĖ) ‚Üí
          (‚ąÄ (a : őĪ), Filter.Tendsto (fun n => fs n a) Filter.atTop (nhds (f a))) ‚Üí
            ‚ąÄ (G : Set őĪ'),
              eLpNorm (T f) 1 (őĹ.restrict G) ‚Č§ Filter.limsup (fun n => eLpNorm (T (fs n)) 1 (őĹ.restrict G)) Filter.atTop
f : őĪ ‚Üí ūĚēā
hf : MemLorentz f p 1 őľ
claim :
  ‚ąÄ (G : Set őĪ'),
    MeasurableSet G ‚Üí őĹ G < ‚ä§ ‚Üí eLpNorm (T f) 1 (őĹ.restrict G) ‚Č§ 4 * ‚ÜĎc / p * eLorentzNorm f p 1 őľ * őĹ G ^ p'‚ĀĽ¬Ļ.toReal
h : ¬¨p = ‚ä§
l : ‚ĄĚ‚Č•0
G : Set őĪ' := {x | ‚ÜĎl < ‚ÄĖT f x‚ÄĖ‚āĎ}
‚äĘ őĹ G ‚Č† 0

[2026-01-10 23:07:10] [INFO] Attempt 1 failed verification, continuing...
[2026-01-10 23:07:10] [INFO] ========================================
[2026-01-10 23:07:10] [INFO] Trying strategy: norm_num (up to 1 attempts)
[2026-01-10 23:07:10] [INFO] --------------------
[2026-01-10 23:07:10] [INFO] Strategy norm_num, attempt 1/1
[2026-01-10 23:07:10] [INFO] Starting proof generation...
[2026-01-10 23:07:10] [INFO] Repository path: /root/repo
[2026-01-10 23:07:10] [INFO] Proof generation completed
[2026-01-10 23:07:10] [INFO] Generated proof:
[2026-01-10 23:07:10] [INFO] norm_num
[2026-01-10 23:07:10] [INFO] Proof length: 8 chars
[2026-01-10 23:07:10] [INFO] Starting proof verification...
[2026-01-10 23:07:10] [INFO] Verifying at: Carleson/ToMathlib/Lorentz.lean:1089
[2026-01-10 23:07:10] [INFO] Using LEAN INTERACT verify
[2026-01-10 23:07:10] [INFO] Checking file
[2026-01-10 23:07:23] [INFO] Cannot build modified file <error line="1089" column="8">
<code_line>        ¬∑ norm_num</code_line>
<message>error: unsolved goals</message>
</error>
case e_a.hx
őĪ : Type u_1
őĶ' : Type u_3
m0 : MeasurableSpace őĪ
őĪ' : Type u_4
m : MeasurableSpace őĪ'
inst‚úĚ‚Āī : TopologicalSpace őĪ
ūĚēā : Type u_8
inst‚úĚ¬≥ : RCLike ūĚēā
inst‚úĚ¬≤ : TopologicalSpace őĶ'
inst‚úĚ¬Ļ : ENormedSpace őĶ'
T : (őĪ ‚Üí ūĚēā) ‚Üí őĪ' ‚Üí őĶ'
p p' : ‚ĄĚ‚Č•0‚ąě
őľ : Measure őĪ
inst‚úĚ : IsLocallyFiniteMeasure őľ
őĹ : Measure őĪ'
c : ‚ĄĚ‚Č•0
c_pos : 0 < c
hT : HasRestrictedWeakType T p p' őľ őĹ ‚ÜĎc
hpp' : p‚ĀĽ¬Ļ + p'‚ĀĽ¬Ļ = 1
T_meas : ‚ąÄ {f : őĪ ‚Üí ūĚēā}, MemLorentz f p 1 őľ ‚Üí AEStronglyMeasurable (T f) őĹ
T_subadd : ‚ąÄ (f g : őĪ ‚Üí ūĚēā) (x : őĪ'), MemLorentz f p 1 őľ ‚Üí MemLorentz g p 1 őľ ‚Üí ‚ÄĖT (f + g) x‚ÄĖ‚āĎ ‚Č§ ‚ÄĖT f x + T g x‚ÄĖ‚āĎ
T_submul : ‚ąÄ (a : ūĚēā) (f : őĪ ‚Üí ūĚēā) (x : őĪ'), ‚ÄĖT (a ‚ÄĘ f) x‚ÄĖ‚āĎ ‚Č§ ‚ÄĖa‚ÄĖ‚āĎ ‚ÄĘ ‚ÄĖT f x‚ÄĖ‚āĎ
weakly_cont_T :
  ‚ąÄ {f : őĪ ‚Üí ūĚēā} {fs : ‚Ąē ‚Üí őĪ ‚Üí ūĚēā},
    LocallyIntegrable f őľ ‚Üí
      (‚ąÄ (n : ‚Ąē), AEStronglyMeasurable (fs n) őľ) ‚Üí
        (‚ąÄ (a : őĪ), Monotone fun n => ‚ÄĖfs n a‚ÄĖ) ‚Üí
          (‚ąÄ (a : őĪ), Filter.Tendsto (fun n => fs n a) Filter.atTop (nhds (f a))) ‚Üí
            ‚ąÄ (G : Set őĪ'),
              eLpNorm (T f) 1 (őĹ.restrict G) ‚Č§ Filter.limsup (fun n => eLpNorm (T (fs n)) 1 (őĹ.restrict G)) Filter.atTop
f : őĪ ‚Üí ūĚēā
hf : MemLorentz f p 1 őľ
claim :
  ‚ąÄ (G : Set őĪ'),
    MeasurableSet G ‚Üí őĹ G < ‚ä§ ‚Üí eLpNorm (T f) 1 (őĹ.restrict G) ‚Č§ 4 * ‚ÜĎc / p * eLorentzNorm f p 1 őľ * őĹ G ^ p'‚ĀĽ¬Ļ.toReal
h : ¬¨p = ‚ä§
l : ‚ĄĚ‚Č•0
G : Set őĪ' := {x | ‚ÜĎl < ‚ÄĖT f x‚ÄĖ‚āĎ}
‚äĘ ¬¨őĹ G = 0
[2026-01-10 23:07:23] [INFO] Proof verification completed
[2026-01-10 23:07:23] [INFO] Strategy norm_num attempt 1: verified=False
[2026-01-10 23:07:23] [INFO] Verification message: Cannot build modified file: <error line="1089" column="8">
<code_line>        ¬∑ norm_num</code_line>
<message>error: unsolved goals</message>
</error>
case e_a.hx
őĪ : Type u_1
őĶ' : Type u_3
m0 : MeasurableSpace őĪ
őĪ' : Type u_4
m : MeasurableSpace őĪ'
inst‚úĚ‚Āī : TopologicalSpace őĪ
ūĚēā : Type u_8
inst‚úĚ¬≥ : RCLike ūĚēā
inst‚úĚ¬≤ : TopologicalSpace őĶ'
inst‚úĚ¬Ļ : ENormedSpace őĶ'
T : (őĪ ‚Üí ūĚēā) ‚Üí őĪ' ‚Üí őĶ'
p p' : ‚ĄĚ‚Č•0‚ąě
őľ : Measure őĪ
inst‚úĚ : IsLocallyFiniteMeasure őľ
őĹ : Measure őĪ'
c : ‚ĄĚ‚Č•0
c_pos : 0 < c
hT : HasRestrictedWeakType T p p' őľ őĹ ‚ÜĎc
hpp' : p‚ĀĽ¬Ļ + p'‚ĀĽ¬Ļ = 1
T_meas : ‚ąÄ {f : őĪ ‚Üí ūĚēā}, MemLorentz f p 1 őľ ‚Üí AEStronglyMeasurable (T f) őĹ
T_subadd : ‚ąÄ (f g : őĪ ‚Üí ūĚēā) (x : őĪ'), MemLorentz f p 1 őľ ‚Üí MemLorentz g p 1 őľ ‚Üí ‚ÄĖT (f + g) x‚ÄĖ‚āĎ ‚Č§ ‚ÄĖT f x + T g x‚ÄĖ‚āĎ
T_submul : ‚ąÄ (a : ūĚēā) (f : őĪ ‚Üí ūĚēā) (x : őĪ'), ‚ÄĖT (a ‚ÄĘ f) x‚ÄĖ‚āĎ ‚Č§ ‚ÄĖa‚ÄĖ‚āĎ ‚ÄĘ ‚ÄĖT f x‚ÄĖ‚āĎ
weakly_cont_T :
  ‚ąÄ {f : őĪ ‚Üí ūĚēā} {fs : ‚Ąē ‚Üí őĪ ‚Üí ūĚēā},
    LocallyIntegrable f őľ ‚Üí
      (‚ąÄ (n : ‚Ąē), AEStronglyMeasurable (fs n) őľ) ‚Üí
        (‚ąÄ (a : őĪ), Monotone fun n => ‚ÄĖfs n a‚ÄĖ) ‚Üí
          (‚ąÄ (a : őĪ), Filter.Tendsto (fun n => fs n a) Filter.atTop (nhds (f a))) ‚Üí
            ‚ąÄ (G : Set őĪ'),
              eLpNorm (T f) 1 (őĹ.restrict G) ‚Č§ Filter.limsup (fun n => eLpNorm (T (fs n)) 1 (őĹ.restrict G)) Filter.atTop
f : őĪ ‚Üí ūĚēā
hf : MemLorentz f p 1 őľ
claim :
  ‚ąÄ (G : Set őĪ'),
    MeasurableSet G ‚Üí őĹ G < ‚ä§ ‚Üí eLpNorm (T f) 1 (őĹ.restrict G) ‚Č§ 4 * ‚ÜĎc / p * eLorentzNorm f p 1 őľ * őĹ G ^ p'‚ĀĽ¬Ļ.toReal
h : ¬¨p = ‚ä§
l : ‚ĄĚ‚Č•0
G : Set őĪ' := {x | ‚ÜĎl < ‚ÄĖT f x‚ÄĖ‚āĎ}
‚äĘ ¬¨őĹ G = 0

[2026-01-10 23:07:23] [INFO] Attempt 1 failed verification, continuing...
[2026-01-10 23:07:23] [INFO] ========================================
[2026-01-10 23:07:23] [INFO] Trying strategy: omega (up to 1 attempts)
[2026-01-10 23:07:23] [INFO] --------------------
[2026-01-10 23:07:23] [INFO] Strategy omega, attempt 1/1
[2026-01-10 23:07:23] [INFO] Starting proof generation...
[2026-01-10 23:07:23] [INFO] Repository path: /root/repo
[2026-01-10 23:07:23] [INFO] Proof generation completed
[2026-01-10 23:07:23] [INFO] Generated proof:
[2026-01-10 23:07:23] [INFO] omega
[2026-01-10 23:07:23] [INFO] Proof length: 5 chars
[2026-01-10 23:07:23] [INFO] Starting proof verification...
[2026-01-10 23:07:23] [INFO] Verifying at: Carleson/ToMathlib/Lorentz.lean:1089
[2026-01-10 23:07:23] [INFO] Using LEAN INTERACT verify
[2026-01-10 23:07:23] [INFO] Checking file
[2026-01-10 23:07:41] [INFO] Cannot build modified file <error line="1089" column="10">
<code_line>        ¬∑ omega</code_line>
<message>error: omega could not prove the goal:</message>
</error>
No usable constraints found. You may need to unfold definitions so `omega` can see linear arithmetic facts about `Nat` and `Int`, which may also involve multiplication, division, and modular remainder by constants.
[2026-01-10 23:07:41] [INFO] Proof verification completed
[2026-01-10 23:07:41] [INFO] Strategy omega attempt 1: verified=False
[2026-01-10 23:07:41] [INFO] Verification message: Cannot build modified file: <error line="1089" column="10">
<code_line>        ¬∑ omega</code_line>
<message>error: omega could not prove the goal:</message>
</error>
No usable constraints found. You may need to unfold definitions so `omega` can see linear arithmetic facts about `Nat` and `Int`, which may also involve multiplication, division, and modular remainder by constants.

[2026-01-10 23:07:41] [INFO] Attempt 1 failed verification, continuing...
[2026-01-10 23:07:41] [INFO] ========================================
[2026-01-10 23:07:41] [INFO] Trying strategy: linarith (up to 1 attempts)
[2026-01-10 23:07:41] [INFO] --------------------
[2026-01-10 23:07:41] [INFO] Strategy linarith, attempt 1/1
[2026-01-10 23:07:41] [INFO] Starting proof generation...
[2026-01-10 23:07:41] [INFO] Repository path: /root/repo
[2026-01-10 23:07:41] [INFO] Proof generation completed
[2026-01-10 23:07:41] [INFO] Generated proof:
[2026-01-10 23:07:41] [INFO] linarith
[2026-01-10 23:07:41] [INFO] Proof length: 8 chars
[2026-01-10 23:07:41] [INFO] Starting proof verification...
[2026-01-10 23:07:41] [INFO] Verifying at: Carleson/ToMathlib/Lorentz.lean:1089
[2026-01-10 23:07:41] [INFO] Using LEAN INTERACT verify
[2026-01-10 23:07:41] [INFO] Checking file
[2026-01-10 23:07:53] [INFO] Cannot build modified file <error line="1089" column="10">
<code_line>        ¬∑ linarith</code_line>
<message>error: linarith failed to find a contradiction</message>
</error>
case e_a.hx.h
őĪ : Type u_1
őĶ' : Type u_3
m0 : MeasurableSpace őĪ
őĪ' : Type u_4
m : MeasurableSpace őĪ'
inst‚úĚ‚Āī : TopologicalSpace őĪ
ūĚēā : Type u_8
inst‚úĚ¬≥ : RCLike ūĚēā
inst‚úĚ¬≤ : TopologicalSpace őĶ'
inst‚úĚ¬Ļ : ENormedSpace őĶ'
T : (őĪ ‚Üí ūĚēā) ‚Üí őĪ' ‚Üí őĶ'
p p' : ‚ĄĚ‚Č•0‚ąě
őľ : Measure őĪ
inst‚úĚ : IsLocallyFiniteMeasure őľ
őĹ : Measure őĪ'
c : ‚ĄĚ‚Č•0
c_pos : 0 < c
hT : HasRestrictedWeakType T p p' őľ őĹ ‚ÜĎc
hpp' : p‚ĀĽ¬Ļ + p'‚ĀĽ¬Ļ = 1
T_meas : ‚ąÄ {f : őĪ ‚Üí ūĚēā}, MemLorentz f p 1 őľ ‚Üí AEStronglyMeasurable (T f) őĹ
T_subadd : ‚ąÄ (f g : őĪ ‚Üí ūĚēā) (x : őĪ'), MemLorentz f p 1 őľ ‚Üí MemLorentz g p 1 őľ ‚Üí ‚ÄĖT (f + g) x‚ÄĖ‚āĎ ‚Č§ ‚ÄĖT f x + T g x‚ÄĖ‚āĎ
T_submul : ‚ąÄ (a : ūĚēā) (f : őĪ ‚Üí ūĚēā) (x : őĪ'), ‚ÄĖT (a ‚ÄĘ f) x‚ÄĖ‚āĎ ‚Č§ ‚ÄĖa‚ÄĖ‚āĎ ‚ÄĘ ‚ÄĖT f x‚ÄĖ‚āĎ
weakly_cont_T :
  ‚ąÄ {f : őĪ ‚Üí ūĚēā} {fs : ‚Ąē ‚Üí őĪ ‚Üí ūĚēā},
    LocallyIntegrable f őľ ‚Üí
      (‚ąÄ (n : ‚Ąē), AEStronglyMeasurable (fs n) őľ) ‚Üí
        (‚ąÄ (a : őĪ), Monotone fun n => ‚ÄĖfs n a‚ÄĖ) ‚Üí
          (‚ąÄ (a : őĪ), Filter.Tendsto (fun n => fs n a) Filter.atTop (nhds (f a))) ‚Üí
            ‚ąÄ (G : Set őĪ'),
              eLpNorm (T f) 1 (őĹ.restrict G) ‚Č§ Filter.limsup (fun n => eLpNorm (T (fs n)) 1 (őĹ.restrict G)) Filter.atTop
f : őĪ ‚Üí ūĚēā
hf : MemLorentz f p 1 őľ
claim :
  ‚ąÄ (G : Set őĪ'),
    MeasurableSet G ‚Üí őĹ G < ‚ä§ ‚Üí eLpNorm (T f) 1 (őĹ.restrict G) ‚Č§ 4 * ‚ÜĎc / p * eLorentzNorm f p 1 őľ * őĹ G ^ p'‚ĀĽ¬Ļ.toReal
h : ¬¨p = ‚ä§
l : ‚ĄĚ‚Č•0
G : Set őĪ' := {x | ‚ÜĎl < ‚ÄĖT f x‚ÄĖ‚āĎ}
a‚úĚ : őĹ G = 0
‚äĘ False
failed
[2026-01-10 23:07:53] [INFO] Proof verification completed
[2026-01-10 23:07:53] [INFO] Strategy linarith attempt 1: verified=False
[2026-01-10 23:07:53] [INFO] Verification message: Cannot build modified file: <error line="1089" column="10">
<code_line>        ¬∑ linarith</code_line>
<message>error: linarith failed to find a contradiction</message>
</error>
case e_a.hx.h
őĪ : Type u_1
őĶ' : Type u_3
m0 : MeasurableSpace őĪ
őĪ' : Type u_4
m : MeasurableSpace őĪ'
inst‚úĚ‚Āī : TopologicalSpace őĪ
ūĚēā : Type u_8
inst‚úĚ¬≥ : RCLike ūĚēā
inst‚úĚ¬≤ : TopologicalSpace őĶ'
inst‚úĚ¬Ļ : ENormedSpace őĶ'
T : (őĪ ‚Üí ūĚēā) ‚Üí őĪ' ‚Üí őĶ'
p p' : ‚ĄĚ‚Č•0‚ąě
őľ : Measure őĪ
inst‚úĚ : IsLocallyFiniteMeasure őľ
őĹ : Measure őĪ'
c : ‚ĄĚ‚Č•0
c_pos : 0 < c
hT : HasRestrictedWeakType T p p' őľ őĹ ‚ÜĎc
hpp' : p‚ĀĽ¬Ļ + p'‚ĀĽ¬Ļ = 1
T_meas : ‚ąÄ {f : őĪ ‚Üí ūĚēā}, MemLorentz f p 1 őľ ‚Üí AEStronglyMeasurable (T f) őĹ
T_subadd : ‚ąÄ (f g : őĪ ‚Üí ūĚēā) (x : őĪ'), MemLorentz f p 1 őľ ‚Üí MemLorentz g p 1 őľ ‚Üí ‚ÄĖT (f + g) x‚ÄĖ‚āĎ ‚Č§ ‚ÄĖT f x + T g x‚ÄĖ‚āĎ
T_submul : ‚ąÄ (a : ūĚēā) (f : őĪ ‚Üí ūĚēā) (x : őĪ'), ‚ÄĖT (a ‚ÄĘ f) x‚ÄĖ‚āĎ ‚Č§ ‚ÄĖa‚ÄĖ‚āĎ ‚ÄĘ ‚ÄĖT f x‚ÄĖ‚āĎ
weakly_cont_T :
  ‚ąÄ {f : őĪ ‚Üí ūĚēā} {fs : ‚Ąē ‚Üí őĪ ‚Üí ūĚēā},
    LocallyIntegrable f őľ ‚Üí
      (‚ąÄ (n : ‚Ąē), AEStronglyMeasurable (fs n) őľ) ‚Üí
        (‚ąÄ (a : őĪ), Monotone fun n => ‚ÄĖfs n a‚ÄĖ) ‚Üí
          (‚ąÄ (a : őĪ), Filter.Tendsto (fun n => fs n a) Filter.atTop (nhds (f a))) ‚Üí
            ‚ąÄ (G : Set őĪ'),
              eLpNorm (T f) 1 (őĹ.restrict G) ‚Č§ Filter.limsup (fun n => eLpNorm (T (fs n)) 1 (őĹ.restrict G)) Filter.atTop
f : őĪ ‚Üí ūĚēā
hf : MemLorentz f p 1 őľ
claim :
  ‚ąÄ (G : Set őĪ'),
    MeasurableSet G ‚Üí őĹ G < ‚ä§ ‚Üí eLpNorm (T f) 1 (őĹ.restrict G) ‚Č§ 4 * ‚ÜĎc / p * eLorentzNorm f p 1 őľ * őĹ G ^ p'‚ĀĽ¬Ļ.toReal
h : ¬¨p = ‚ä§
l : ‚ĄĚ‚Č•0
G : Set őĪ' := {x | ‚ÜĎl < ‚ÄĖT f x‚ÄĖ‚āĎ}
a‚úĚ : őĹ G = 0
‚äĘ False
failed

[2026-01-10 23:07:53] [INFO] Attempt 1 failed verification, continuing...
[2026-01-10 23:07:53] [INFO] ========================================
[2026-01-10 23:07:53] [INFO] Trying strategy: nlinarith (up to 1 attempts)
[2026-01-10 23:07:53] [INFO] --------------------
[2026-01-10 23:07:53] [INFO] Strategy nlinarith, attempt 1/1
[2026-01-10 23:07:53] [INFO] Starting proof generation...
[2026-01-10 23:07:53] [INFO] Repository path: /root/repo
[2026-01-10 23:07:53] [INFO] Proof generation completed
[2026-01-10 23:07:53] [INFO] Generated proof:
[2026-01-10 23:07:53] [INFO] nlinarith
[2026-01-10 23:07:53] [INFO] Proof length: 9 chars
[2026-01-10 23:07:53] [INFO] Starting proof verification...
[2026-01-10 23:07:53] [INFO] Verifying at: Carleson/ToMathlib/Lorentz.lean:1089
[2026-01-10 23:07:53] [INFO] Using LEAN INTERACT verify
[2026-01-10 23:07:53] [INFO] Checking file
[2026-01-10 23:08:06] [INFO] Cannot build modified file <error line="1089" column="10">
<code_line>        ¬∑ nlinarith</code_line>
<message>error: linarith failed to find a contradiction</message>
</error>
case e_a.hx.h
őĪ : Type u_1
őĶ' : Type u_3
m0 : MeasurableSpace őĪ
őĪ' : Type u_4
m : MeasurableSpace őĪ'
inst‚úĚ‚Āī : TopologicalSpace őĪ
ūĚēā : Type u_8
inst‚úĚ¬≥ : RCLike ūĚēā
inst‚úĚ¬≤ : TopologicalSpace őĶ'
inst‚úĚ¬Ļ : ENormedSpace őĶ'
T : (őĪ ‚Üí ūĚēā) ‚Üí őĪ' ‚Üí őĶ'
p p' : ‚ĄĚ‚Č•0‚ąě
őľ : Measure őĪ
inst‚úĚ : IsLocallyFiniteMeasure őľ
őĹ : Measure őĪ'
c : ‚ĄĚ‚Č•0
c_pos : 0 < c
hT : HasRestrictedWeakType T p p' őľ őĹ ‚ÜĎc
hpp' : p‚ĀĽ¬Ļ + p'‚ĀĽ¬Ļ = 1
T_meas : ‚ąÄ {f : őĪ ‚Üí ūĚēā}, MemLorentz f p 1 őľ ‚Üí AEStronglyMeasurable (T f) őĹ
T_subadd : ‚ąÄ (f g : őĪ ‚Üí ūĚēā) (x : őĪ'), MemLorentz f p 1 őľ ‚Üí MemLorentz g p 1 őľ ‚Üí ‚ÄĖT (f + g) x‚ÄĖ‚āĎ ‚Č§ ‚ÄĖT f x + T g x‚ÄĖ‚āĎ
T_submul : ‚ąÄ (a : ūĚēā) (f : őĪ ‚Üí ūĚēā) (x : őĪ'), ‚ÄĖT (a ‚ÄĘ f) x‚ÄĖ‚āĎ ‚Č§ ‚ÄĖa‚ÄĖ‚āĎ ‚ÄĘ ‚ÄĖT f x‚ÄĖ‚āĎ
weakly_cont_T :
  ‚ąÄ {f : őĪ ‚Üí ūĚēā} {fs : ‚Ąē ‚Üí őĪ ‚Üí ūĚēā},
    LocallyIntegrable f őľ ‚Üí
      (‚ąÄ (n : ‚Ąē), AEStronglyMeasurable (fs n) őľ) ‚Üí
        (‚ąÄ (a : őĪ), Monotone fun n => ‚ÄĖfs n a‚ÄĖ) ‚Üí
          (‚ąÄ (a : őĪ), Filter.Tendsto (fun n => fs n a) Filter.atTop (nhds (f a))) ‚Üí
            ‚ąÄ (G : Set őĪ'),
              eLpNorm (T f) 1 (őĹ.restrict G) ‚Č§ Filter.limsup (fun n => eLpNorm (T (fs n)) 1 (őĹ.restrict G)) Filter.atTop
f : őĪ ‚Üí ūĚēā
hf : MemLorentz f p 1 őľ
claim :
  ‚ąÄ (G : Set őĪ'),
    MeasurableSet G ‚Üí őĹ G < ‚ä§ ‚Üí eLpNorm (T f) 1 (őĹ.restrict G) ‚Č§ 4 * ‚ÜĎc / p * eLorentzNorm f p 1 őľ * őĹ G ^ p'‚ĀĽ¬Ļ.toReal
h : ¬¨p = ‚ä§
l : ‚ĄĚ‚Č•0
G : Set őĪ' := {x | ‚ÜĎl < ‚ÄĖT f x‚ÄĖ‚āĎ}
a‚úĚ : őĹ G = 0
‚äĘ False
failed
[2026-01-10 23:08:06] [INFO] Proof verification completed
[2026-01-10 23:08:06] [INFO] Strategy nlinarith attempt 1: verified=False
[2026-01-10 23:08:06] [INFO] Verification message: Cannot build modified file: <error line="1089" column="10">
<code_line>        ¬∑ nlinarith</code_line>
<message>error: linarith failed to find a contradiction</message>
</error>
case e_a.hx.h
őĪ : Type u_1
őĶ' : Type u_3
m0 : MeasurableSpace őĪ
őĪ' : Type u_4
m : MeasurableSpace őĪ'
inst‚úĚ‚Āī : TopologicalSpace őĪ
ūĚēā : Type u_8
inst‚úĚ¬≥ : RCLike ūĚēā
inst‚úĚ¬≤ : TopologicalSpace őĶ'
inst‚úĚ¬Ļ : ENormedSpace őĶ'
T : (őĪ ‚Üí ūĚēā) ‚Üí őĪ' ‚Üí őĶ'
p p' : ‚ĄĚ‚Č•0‚ąě
őľ : Measure őĪ
inst‚úĚ : IsLocallyFiniteMeasure őľ
őĹ : Measure őĪ'
c : ‚ĄĚ‚Č•0
c_pos : 0 < c
hT : HasRestrictedWeakType T p p' őľ őĹ ‚ÜĎc
hpp' : p‚ĀĽ¬Ļ + p'‚ĀĽ¬Ļ = 1
T_meas : ‚ąÄ {f : őĪ ‚Üí ūĚēā}, MemLorentz f p 1 őľ ‚Üí AEStronglyMeasurable (T f) őĹ
T_subadd : ‚ąÄ (f g : őĪ ‚Üí ūĚēā) (x : őĪ'), MemLorentz f p 1 őľ ‚Üí MemLorentz g p 1 őľ ‚Üí ‚ÄĖT (f + g) x‚ÄĖ‚āĎ ‚Č§ ‚ÄĖT f x + T g x‚ÄĖ‚āĎ
T_submul : ‚ąÄ (a : ūĚēā) (f : őĪ ‚Üí ūĚēā) (x : őĪ'), ‚ÄĖT (a ‚ÄĘ f) x‚ÄĖ‚āĎ ‚Č§ ‚ÄĖa‚ÄĖ‚āĎ ‚ÄĘ ‚ÄĖT f x‚ÄĖ‚āĎ
weakly_cont_T :
  ‚ąÄ {f : őĪ ‚Üí ūĚēā} {fs : ‚Ąē ‚Üí őĪ ‚Üí ūĚēā},
    LocallyIntegrable f őľ ‚Üí
      (‚ąÄ (n : ‚Ąē), AEStronglyMeasurable (fs n) őľ) ‚Üí
        (‚ąÄ (a : őĪ), Monotone fun n => ‚ÄĖfs n a‚ÄĖ) ‚Üí
          (‚ąÄ (a : őĪ), Filter.Tendsto (fun n => fs n a) Filter.atTop (nhds (f a))) ‚Üí
            ‚ąÄ (G : Set őĪ'),
              eLpNorm (T f) 1 (őĹ.restrict G) ‚Č§ Filter.limsup (fun n => eLpNorm (T (fs n)) 1 (őĹ.restrict G)) Filter.atTop
f : őĪ ‚Üí ūĚēā
hf : MemLorentz f p 1 őľ
claim :
  ‚ąÄ (G : Set őĪ'),
    MeasurableSet G ‚Üí őĹ G < ‚ä§ ‚Üí eLpNorm (T f) 1 (őĹ.restrict G) ‚Č§ 4 * ‚ÜĎc / p * eLorentzNorm f p 1 őľ * őĹ G ^ p'‚ĀĽ¬Ļ.toReal
h : ¬¨p = ‚ä§
l : ‚ĄĚ‚Č•0
G : Set őĪ' := {x | ‚ÜĎl < ‚ÄĖT f x‚ÄĖ‚āĎ}
a‚úĚ : őĹ G = 0
‚äĘ False
failed

[2026-01-10 23:08:06] [INFO] Attempt 1 failed verification, continuing...
[2026-01-10 23:08:06] [INFO] ========================================
[2026-01-10 23:08:06] [INFO] Trying strategy: aesop (up to 1 attempts)
[2026-01-10 23:08:06] [INFO] --------------------
[2026-01-10 23:08:06] [INFO] Strategy aesop, attempt 1/1
[2026-01-10 23:08:06] [INFO] Starting proof generation...
[2026-01-10 23:08:06] [INFO] Repository path: /root/repo
[2026-01-10 23:08:06] [INFO] Proof generation completed
[2026-01-10 23:08:06] [INFO] Generated proof:
[2026-01-10 23:08:06] [INFO] aesop
[2026-01-10 23:08:06] [INFO] Proof length: 5 chars
[2026-01-10 23:08:06] [INFO] Starting proof verification...
[2026-01-10 23:08:06] [INFO] Verifying at: Carleson/ToMathlib/Lorentz.lean:1089
[2026-01-10 23:08:06] [INFO] Using LEAN INTERACT verify
[2026-01-10 23:08:06] [INFO] Checking file
[2026-01-10 23:08:45] [INFO] Cannot build modified file <error line="1089" column="10">
<code_line>        ¬∑ aesop</code_line>
<message>error: Tactic `simp` failed with a nested error:</message>
</error>
(deterministic) timeout at `isDefEq`, maximum number of heartbeats (200000) has been reached

Note: Use `set_option maxHeartbeats <num>` to set the limit.

Hint: Additional diagnostic information may be available using the `set_option diagnostics true` command.
<error line="1079" column="42">
<code_line>      _ = ‚ÜĎl * őĹ G / őĹ G ^ p'‚ĀĽ¬Ļ.toReal := by</code_line>
<message>error: (deterministic) timeout at `whnf`, maximum number of heartbeats (200000) has been reached</message>
</error>

Note: Use `set_option maxHeartbeats <num>` to set the limit.

Hint: Additional diagnostic information may be available using the `set_option diagnostics true` command.
[2026-01-10 23:08:45] [INFO] Proof verification completed
[2026-01-10 23:08:45] [INFO] Strategy aesop attempt 1: verified=False
[2026-01-10 23:08:45] [INFO] Verification message: Cannot build modified file: <error line="1089" column="10">
<code_line>        ¬∑ aesop</code_line>
<message>error: Tactic `simp` failed with a nested error:</message>
</error>
(deterministic) timeout at `isDefEq`, maximum number of heartbeats (200000) has been reached

Note: Use `set_option maxHeartbeats <num>` to set the limit.

Hint: Additional diagnostic information may be available using the `set_option diagnostics true` command.
<error line="1079" column="42">
<code_line>      _ = ‚ÜĎl * őĹ G / őĹ G ^ p'‚ĀĽ¬Ļ.toReal := by</code_line>
<message>error: (deterministic) timeout at `whnf`, maximum number of heartbeats (200000) has been reached</message>
</error>

Note: Use `set_option maxHeartbeats <num>` to set the limit.

Hint: Additional diagnostic information may be available using the `set_option diagnostics true` command.

[2026-01-10 23:08:45] [INFO] Attempt 1 failed verification, continuing...
[2026-01-10 23:08:45] [INFO] ========================================
[2026-01-10 23:08:45] [INFO] Pass@k completed. Total results: 1
[2026-01-10 23:08:45] [INFO] FAILED: All 11 strategies x 1 attempts
[2026-01-10 23:08:45] [INFO] Writing results to file: /root/repo/result.json
[2026-01-10 23:08:45] [INFO] Result file written successfully
[2026-01-10 23:08:45] [INFO] Results exported to: /root/repo/result.json
[2026-01-10 23:08:45] [INFO] run_morphcloud_local.py completed successfully

[2026-01-10 23:08:46] [process_single_sorry] Downloading result file...
[2026-01-10 23:08:46] [process_single_sorry] Downloaded result to intermediate_experiment_outputs_full_reservoir/multi_tactic/2026-01-10_20-46-34_multi_tactic/individual/ecccd446774441e6ee8403b109ae443f5630b0287edb9949651bccfb55daf26a.json
[2026-01-10 23:08:48] [process_single_sorry] Instance context closed successfully
[2026-01-10 23:08:48] [process_single_sorry] Parsing result file...
[2026-01-10 23:08:48] [process_single_sorry] Successfully parsed result (list format, 1 results)
