[2026-01-10 22:42:19] [process_single_sorry] Starting for sorry efdc4ca3469c081863642c084bc3d81722229d19330d4c135c59db565cfa6f2d
[2026-01-10 22:42:19] [process_single_sorry] Using snapshot: snapshot_kyclktwu
[2026-01-10 22:42:19] [process_single_sorry] Repository: https://github.com/YaelDillies/LeanCamCombi@34daaaac92e24dcedf36f3d059764534daa7999d
[2026-01-10 22:42:19] [process_single_sorry] Instance name: LeanCamCombi_34daaaac92e2_multi_tactic_efdc4ca3469c081863642c084bc3d81722229d19330d4c135c59db565cfa6f2d
[2026-01-10 22:42:19] [process_single_sorry] Starting attempt 1/3
[2026-01-10 22:42:19] [process_single_sorry] Starting instance from snapshot...
[2026-01-10 22:42:19] [process_single_sorry] Instance started successfully: morphvm_c031zfp5
[2026-01-10 22:42:19] [process_single_sorry] Creating .env file...
[2026-01-10 22:42:24] [process_single_sorry] .env file created (exit_code: 0)
[2026-01-10 22:42:24] [process_single_sorry] Executing agent command...
[2026-01-10 22:43:58] [process_single_sorry] Agent command completed (exit_code: 0)
[2026-01-10 22:43:58] [process_single_sorry] STDOUT:

Results JSON:
[
  {
    "sorry": {
      "repo": {
        "remote": "https://github.com/YaelDillies/LeanCamCombi",
        "branch": "master",
        "commit": "34daaaac92e24dcedf36f3d059764534daa7999d",
        "lean_version": "v4.26.0"
      },
      "location": {
        "path": "LeanCamCombi/Mathlib/Probability/Combinatorics/BinomialRandomGraph/Defs.lean",
        "start_line": 152,
        "start_column": 82,
        "end_line": 152,
        "end_column": 87
      },
      "debug_info": {
        "goal": "V : Type u_1\nΩ : Type u_2\nm : MeasurableSpace Ω\nG : Ω → SimpleGraph V\ne₁ e₂ : Sym2 V\np : ↑unitInterval\nP : Measure Ω\nhG : @SimpleGraph.IsBinomialRandom V Ω m G p P\n⊢ IdentDistrib (fun ω => e₁ ∈ (G ω).edgeSet) (fun ω => e₂ ∈ (G ω).edgeSet) P P",
        "url": "https://github.com/YaelDillies/LeanCamCombi/blob/34daaaac92e24dcedf36f3d059764534daa7999d/LeanCamCombi/Mathlib/Probability/Combinatorics/BinomialRandomGraph/Defs.lean#L152"
      },
      "metadata": {
        "blame_email_hash": "97e8591fe714",
        "blame_date": "2025-11-25T11:17:41+01:00",
        "inclusion_date": "2025-12-30T00:28:27.081519+00:00"
      },
      "id": "efdc4ca3469c081863642c084bc3d81722229d19330d4c135c59db565cfa6f2d"
    },
    "proof": null,
    "proof_verified": false,
    "feedback": null,
    "verification_message": "All 11 attempts failed (11 strategies x 1 attempts each)",
    "success": true,
    "error_type": null,
    "error_message": null,
    "strategy_name": "all_failed_k=1",
    "proof_attempts": [
      "rfl",
      "simp",
      "simp_all",
      "exact?",
      "grind",
      "ring",
      "norm_num",
      "omega",
      "linarith",
      "nlinarith",
      "aesop"
    ]
  }
]

[2026-01-10 22:43:58] [process_single_sorry] STDERR:
None of PyTorch, TensorFlow >= 2.0, or Flax have been found. Models won't be available and only tokenizers, configuration and file/data utilities can be used.
[2026-01-10 22:42:37] [INFO] ================================================================================
[2026-01-10 22:42:37] [INFO] Starting run_morphcloud_local.py
[2026-01-10 22:42:37] [INFO] ================================================================================
[2026-01-10 22:42:37] [INFO] Environment loaded
[2026-01-10 22:42:37] [INFO] Full command: /root/SorryDB/sorrydb/cli/run_morphcloud_local.py --repo-path /root/repo --sorry-json {"repo": {"remote": "https://github.com/YaelDillies/LeanCamCombi", "branch": "master", "commit": "34daaaac92e24dcedf36f3d059764534daa7999d", "lean_version": "v4.26.0"}, "location": {"path": "LeanCamCombi/Mathlib/Probability/Combinatorics/BinomialRandomGraph/Defs.lean", "start_line": 152, "start_column": 82, "end_line": 152, "end_column": 87}, "debug_info": {"goal": "V : Type u_1\n\u03a9 : Type u_2\nm : MeasurableSpace \u03a9\nG : \u03a9 \u2192 SimpleGraph V\ne\u2081 e\u2082 : Sym2 V\np : \u2191unitInterval\nP : Measure \u03a9\nhG : @SimpleGraph.IsBinomialRandom V \u03a9 m G p P\n\u22a2 IdentDistrib (fun \u03c9 => e\u2081 \u2208 (G \u03c9).edgeSet) (fun \u03c9 => e\u2082 \u2208 (G \u03c9).edgeSet) P P", "url": "https://github.com/YaelDillies/LeanCamCombi/blob/34daaaac92e24dcedf36f3d059764534daa7999d/LeanCamCombi/Mathlib/Probability/Combinatorics/BinomialRandomGraph/Defs.lean#L152"}, "metadata": {"blame_email_hash": "97e8591fe714", "blame_date": "2025-11-25T11:17:41+01:00", "inclusion_date": "2025-12-30T00:28:27.081519+00:00"}, "id": "efdc4ca3469c081863642c084bc3d81722229d19330d4c135c59db565cfa6f2d"} --agent-strategy {"name": "multi_tactic", "args": {}}
[2026-01-10 22:42:37] [INFO] Arguments parsed: repo_path=/root/repo, output_path=/root/repo/result.json
[2026-01-10 22:42:37] [INFO] Strategy spec: {"name": "multi_tactic", "args": {}}...
[2026-01-10 22:42:37] [INFO] Loading sorry data...
[2026-01-10 22:42:37] [INFO] Parsing sorry from JSON string...
[2026-01-10 22:42:37] [INFO] Sorry data parsed from JSON string
[2026-01-10 22:42:37] [INFO] Creating strategy from spec...
[2026-01-10 22:42:37] [INFO] Parsing strategy spec (length: 36 chars)
[2026-01-10 22:42:37] [INFO] Strategy name: multi_tactic
[2026-01-10 22:42:37] [INFO] Strategy args: {}
[2026-01-10 22:42:37] [INFO] Pass@k value: 1
[2026-01-10 22:42:37] [INFO] Creating strategy: multi_tactic
[2026-01-10 22:42:37] [INFO] Creating multi_tactic strategy with tactics: ['rfl', 'simp', 'simp_all', 'exact?', 'grind', 'ring', 'norm_num', 'omega', 'linarith', 'nlinarith', 'aesop']
[2026-01-10 22:42:37] [INFO] Strategies created: ['rfl', 'simp', 'simp_all', 'exact?', 'grind', 'ring', 'norm_num', 'omega', 'linarith', 'nlinarith', 'aesop']
[2026-01-10 22:42:37] [INFO] Pass@k value: 1
[2026-01-10 22:42:37] [INFO] Creating Sorry object...
[2026-01-10 22:42:37] [INFO] Sorry object created: id=efdc4ca3469c081863642c084bc3d81722229d19330d4c135c59db565cfa6f2d
[2026-01-10 22:42:37] [INFO] Sorry location: LeanCamCombi/Mathlib/Probability/Combinatorics/BinomialRandomGraph/Defs.lean:152
[2026-01-10 22:42:37] [INFO] Context before sorry (lines 147-152):
[2026-01-10 22:42:37] [INFO]   147: 
[2026-01-10 22:42:37] [INFO]   148: lemma isBinomialRandom_congr (hGH : G =ᵐ[P] H) : IsBinomialRandom G p P ↔ IsBinomialRandom H p P :=
[2026-01-10 22:42:37] [INFO]   149:   hasLaw_congr hGH
[2026-01-10 22:42:37] [INFO]   150: 
[2026-01-10 22:42:37] [INFO]   151: lemma IsBinomialRandom.identDistrib_mem_edgeSet (hG : IsBinomialRandom G p P) :
[2026-01-10 22:42:37] [INFO]   152:     IdentDistrib (fun ω ↦ e₁ ∈ (G ω).edgeSet) (fun ω ↦ e₂ ∈ (G ω).edgeSet) P P := sorry
[2026-01-10 22:42:37] [INFO] Sorry line:     IdentDistrib (fun ω ↦ e₁ ∈ (G ω).edgeSet) (fun ω ↦ e₂ ∈ (G ω).edgeSet) P P := sorry
[2026-01-10 22:42:37] [INFO] Sorry goal: V : Type u_1
Ω : Type u_2
m : MeasurableSpace Ω
G : Ω → SimpleGraph V
e₁ e₂ : Sym2 V
p : ↑unitInterv...
[2026-01-10 22:42:37] [INFO] ========================================
[2026-01-10 22:42:37] [INFO] Trying strategy: rfl (up to 1 attempts)
[2026-01-10 22:42:37] [INFO] --------------------
[2026-01-10 22:42:37] [INFO] Strategy rfl, attempt 1/1
[2026-01-10 22:42:37] [INFO] Starting proof generation...
[2026-01-10 22:42:37] [INFO] Repository path: /root/repo
[2026-01-10 22:42:37] [INFO] Proof generation completed
[2026-01-10 22:42:37] [INFO] Generated proof:
[2026-01-10 22:42:37] [INFO] rfl
[2026-01-10 22:42:37] [INFO] Proof length: 3 chars
[2026-01-10 22:42:37] [INFO] Starting proof verification...
[2026-01-10 22:42:37] [INFO] Verifying at: LeanCamCombi/Mathlib/Probability/Combinatorics/BinomialRandomGraph/Defs.lean:152
[2026-01-10 22:42:37] [INFO] Using LEAN INTERACT verify
[2026-01-10 22:42:37] [INFO] Checking file
[2026-01-10 22:43:05] [INFO] Cannot build modified file <error line="151" column="0">
<code_line>lemma IsBinomialRandom.identDistrib_mem_edgeSet (hG : IsBinomialRandom G p P) :</code_line>
<message>error: Not a definitional equality: the conclusion should be an equality, but is</message>
</error>
  IdentDistrib (fun ω => e₁ ∈ (G ω).edgeSet) (fun ω => e₂ ∈ (G ω).edgeSet) P P
<error line="152" column="82">
<code_line>    IdentDistrib (fun ω ↦ e₁ ∈ (G ω).edgeSet) (fun ω ↦ e₂ ∈ (G ω).edgeSet) P P := rfl</code_line>
<message>error: Type mismatch</message>
</error>
  rfl
has type
  ?m.24 = ?m.24
but is expected to have type
  IdentDistrib (fun ω => e₁ ∈ (G ω).edgeSet) (fun ω => e₂ ∈ (G ω).edgeSet) P P
[2026-01-10 22:43:05] [INFO] Proof verification completed
[2026-01-10 22:43:05] [INFO] Strategy rfl attempt 1: verified=False
[2026-01-10 22:43:05] [INFO] Verification message: Cannot build modified file: <error line="151" column="0">
<code_line>lemma IsBinomialRandom.identDistrib_mem_edgeSet (hG : IsBinomialRandom G p P) :</code_line>
<message>error: Not a definitional equality: the conclusion should be an equality, but is</message>
</error>
  IdentDistrib (fun ω => e₁ ∈ (G ω).edgeSet) (fun ω => e₂ ∈ (G ω).edgeSet) P P
<error line="152" column="82">
<code_line>    IdentDistrib (fun ω ↦ e₁ ∈ (G ω).edgeSet) (fun ω ↦ e₂ ∈ (G ω).edgeSet) P P := rfl</code_line>
<message>error: Type mismatch</message>
</error>
  rfl
has type
  ?m.24 = ?m.24
but is expected to have type
  IdentDistrib (fun ω => e₁ ∈ (G ω).edgeSet) (fun ω => e₂ ∈ (G ω).edgeSet) P P

[2026-01-10 22:43:05] [INFO] Attempt 1 failed verification, continuing...
[2026-01-10 22:43:05] [INFO] ========================================
[2026-01-10 22:43:05] [INFO] Trying strategy: simp (up to 1 attempts)
[2026-01-10 22:43:05] [INFO] --------------------
[2026-01-10 22:43:05] [INFO] Strategy simp, attempt 1/1
[2026-01-10 22:43:05] [INFO] Starting proof generation...
[2026-01-10 22:43:05] [INFO] Repository path: /root/repo
[2026-01-10 22:43:05] [INFO] Proof generation completed
[2026-01-10 22:43:05] [INFO] Generated proof:
[2026-01-10 22:43:05] [INFO] simp
[2026-01-10 22:43:05] [INFO] Proof length: 4 chars
[2026-01-10 22:43:05] [INFO] Starting proof verification...
[2026-01-10 22:43:05] [INFO] Verifying at: LeanCamCombi/Mathlib/Probability/Combinatorics/BinomialRandomGraph/Defs.lean:152
[2026-01-10 22:43:05] [INFO] Using LEAN INTERACT verify
[2026-01-10 22:43:05] [INFO] Checking file
[2026-01-10 22:43:11] [INFO] Cannot build modified file LeanCamCombi/Mathlib/Probability/Combinatorics/BinomialRandomGraph/tmp525yxrgx.lean:152:82: error(lean.unknownIdentifier): Unknown identifier `simp`
[2026-01-10 22:43:11] [INFO] Proof verification completed
[2026-01-10 22:43:11] [INFO] Strategy simp attempt 1: verified=False
[2026-01-10 22:43:11] [INFO] Verification message: Cannot build modified file: LeanCamCombi/Mathlib/Probability/Combinatorics/BinomialRandomGraph/tmp525yxrgx.lean:152:82: error(lean.unknownIdentifier): Unknown identifier `simp`

[2026-01-10 22:43:11] [INFO] Attempt 1 failed verification, continuing...
[2026-01-10 22:43:11] [INFO] ========================================
[2026-01-10 22:43:11] [INFO] Trying strategy: simp_all (up to 1 attempts)
[2026-01-10 22:43:11] [INFO] --------------------
[2026-01-10 22:43:11] [INFO] Strategy simp_all, attempt 1/1
[2026-01-10 22:43:11] [INFO] Starting proof generation...
[2026-01-10 22:43:11] [INFO] Repository path: /root/repo
[2026-01-10 22:43:11] [INFO] Proof generation completed
[2026-01-10 22:43:11] [INFO] Generated proof:
[2026-01-10 22:43:11] [INFO] simp_all
[2026-01-10 22:43:11] [INFO] Proof length: 8 chars
[2026-01-10 22:43:11] [INFO] Starting proof verification...
[2026-01-10 22:43:11] [INFO] Verifying at: LeanCamCombi/Mathlib/Probability/Combinatorics/BinomialRandomGraph/Defs.lean:152
[2026-01-10 22:43:11] [INFO] Using LEAN INTERACT verify
[2026-01-10 22:43:11] [INFO] Checking file
[2026-01-10 22:43:16] [INFO] Cannot build modified file LeanCamCombi/Mathlib/Probability/Combinatorics/BinomialRandomGraph/tmpk4kai8pe.lean:152:82: error(lean.unknownIdentifier): Unknown identifier `simp_all`
[2026-01-10 22:43:16] [INFO] Proof verification completed
[2026-01-10 22:43:16] [INFO] Strategy simp_all attempt 1: verified=False
[2026-01-10 22:43:16] [INFO] Verification message: Cannot build modified file: LeanCamCombi/Mathlib/Probability/Combinatorics/BinomialRandomGraph/tmpk4kai8pe.lean:152:82: error(lean.unknownIdentifier): Unknown identifier `simp_all`

[2026-01-10 22:43:16] [INFO] Attempt 1 failed verification, continuing...
[2026-01-10 22:43:16] [INFO] ========================================
[2026-01-10 22:43:16] [INFO] Trying strategy: exact? (up to 1 attempts)
[2026-01-10 22:43:16] [INFO] --------------------
[2026-01-10 22:43:16] [INFO] Strategy exact?, attempt 1/1
[2026-01-10 22:43:16] [INFO] Starting proof generation...
[2026-01-10 22:43:16] [INFO] Repository path: /root/repo
[2026-01-10 22:43:16] [INFO] Proof generation completed
[2026-01-10 22:43:16] [INFO] Generated proof:
[2026-01-10 22:43:16] [INFO] exact?
[2026-01-10 22:43:16] [INFO] Proof length: 6 chars
[2026-01-10 22:43:16] [INFO] Starting proof verification...
[2026-01-10 22:43:16] [INFO] Verifying at: LeanCamCombi/Mathlib/Probability/Combinatorics/BinomialRandomGraph/Defs.lean:152
[2026-01-10 22:43:16] [INFO] Using LEAN INTERACT verify
[2026-01-10 22:43:16] [INFO] Checking file
[2026-01-10 22:43:21] [INFO] Cannot build modified file LeanCamCombi/Mathlib/Probability/Combinatorics/BinomialRandomGraph/tmpjehj0pgq.lean:152:82: error(lean.unknownIdentifier): Unknown identifier `exact?`
[2026-01-10 22:43:21] [INFO] Proof verification completed
[2026-01-10 22:43:21] [INFO] Strategy exact? attempt 1: verified=False
[2026-01-10 22:43:21] [INFO] Verification message: Cannot build modified file: LeanCamCombi/Mathlib/Probability/Combinatorics/BinomialRandomGraph/tmpjehj0pgq.lean:152:82: error(lean.unknownIdentifier): Unknown identifier `exact?`

[2026-01-10 22:43:21] [INFO] Attempt 1 failed verification, continuing...
[2026-01-10 22:43:21] [INFO] ========================================
[2026-01-10 22:43:21] [INFO] Trying strategy: grind (up to 1 attempts)
[2026-01-10 22:43:21] [INFO] --------------------
[2026-01-10 22:43:21] [INFO] Strategy grind, attempt 1/1
[2026-01-10 22:43:21] [INFO] Starting proof generation...
[2026-01-10 22:43:21] [INFO] Repository path: /root/repo
[2026-01-10 22:43:21] [INFO] Proof generation completed
[2026-01-10 22:43:21] [INFO] Generated proof:
[2026-01-10 22:43:21] [INFO] grind
[2026-01-10 22:43:21] [INFO] Proof length: 5 chars
[2026-01-10 22:43:21] [INFO] Starting proof verification...
[2026-01-10 22:43:21] [INFO] Verifying at: LeanCamCombi/Mathlib/Probability/Combinatorics/BinomialRandomGraph/Defs.lean:152
[2026-01-10 22:43:21] [INFO] Using LEAN INTERACT verify
[2026-01-10 22:43:21] [INFO] Checking file
[2026-01-10 22:43:26] [INFO] Cannot build modified file LeanCamCombi/Mathlib/Probability/Combinatorics/BinomialRandomGraph/tmpuewqkxl7.lean:152:82: error(lean.unknownIdentifier): Unknown identifier `grind`
[2026-01-10 22:43:26] [INFO] Proof verification completed
[2026-01-10 22:43:26] [INFO] Strategy grind attempt 1: verified=False
[2026-01-10 22:43:26] [INFO] Verification message: Cannot build modified file: LeanCamCombi/Mathlib/Probability/Combinatorics/BinomialRandomGraph/tmpuewqkxl7.lean:152:82: error(lean.unknownIdentifier): Unknown identifier `grind`

[2026-01-10 22:43:26] [INFO] Attempt 1 failed verification, continuing...
[2026-01-10 22:43:26] [INFO] ========================================
[2026-01-10 22:43:26] [INFO] Trying strategy: ring (up to 1 attempts)
[2026-01-10 22:43:26] [INFO] --------------------
[2026-01-10 22:43:26] [INFO] Strategy ring, attempt 1/1
[2026-01-10 22:43:26] [INFO] Starting proof generation...
[2026-01-10 22:43:26] [INFO] Repository path: /root/repo
[2026-01-10 22:43:26] [INFO] Proof generation completed
[2026-01-10 22:43:26] [INFO] Generated proof:
[2026-01-10 22:43:26] [INFO] ring
[2026-01-10 22:43:26] [INFO] Proof length: 4 chars
[2026-01-10 22:43:26] [INFO] Starting proof verification...
[2026-01-10 22:43:26] [INFO] Verifying at: LeanCamCombi/Mathlib/Probability/Combinatorics/BinomialRandomGraph/Defs.lean:152
[2026-01-10 22:43:26] [INFO] Using LEAN INTERACT verify
[2026-01-10 22:43:26] [INFO] Checking file
[2026-01-10 22:43:31] [INFO] Cannot build modified file LeanCamCombi/Mathlib/Probability/Combinatorics/BinomialRandomGraph/tmp_r_cu0wf.lean:152:82: error(lean.unknownIdentifier): Unknown identifier `ring`
[2026-01-10 22:43:31] [INFO] Proof verification completed
[2026-01-10 22:43:31] [INFO] Strategy ring attempt 1: verified=False
[2026-01-10 22:43:31] [INFO] Verification message: Cannot build modified file: LeanCamCombi/Mathlib/Probability/Combinatorics/BinomialRandomGraph/tmp_r_cu0wf.lean:152:82: error(lean.unknownIdentifier): Unknown identifier `ring`

[2026-01-10 22:43:31] [INFO] Attempt 1 failed verification, continuing...
[2026-01-10 22:43:31] [INFO] ========================================
[2026-01-10 22:43:31] [INFO] Trying strategy: norm_num (up to 1 attempts)
[2026-01-10 22:43:31] [INFO] --------------------
[2026-01-10 22:43:31] [INFO] Strategy norm_num, attempt 1/1
[2026-01-10 22:43:31] [INFO] Starting proof generation...
[2026-01-10 22:43:31] [INFO] Repository path: /root/repo
[2026-01-10 22:43:31] [INFO] Proof generation completed
[2026-01-10 22:43:31] [INFO] Generated proof:
[2026-01-10 22:43:31] [INFO] norm_num
[2026-01-10 22:43:31] [INFO] Proof length: 8 chars
[2026-01-10 22:43:31] [INFO] Starting proof verification...
[2026-01-10 22:43:31] [INFO] Verifying at: LeanCamCombi/Mathlib/Probability/Combinatorics/BinomialRandomGraph/Defs.lean:152
[2026-01-10 22:43:31] [INFO] Using LEAN INTERACT verify
[2026-01-10 22:43:31] [INFO] Checking file
[2026-01-10 22:43:36] [INFO] Cannot build modified file <error line="152" column="82">
<code_line>    IdentDistrib (fun ω ↦ e₁ ∈ (G ω).edgeSet) (fun ω ↦ e₂ ∈ (G ω).edgeSet) P P := norm_num</code_line>
<message>error: Type mismatch</message>
</error>
  norm_num
has type
  Lean.ParserDescr
of sort `Type` but is expected to have type
  IdentDistrib (fun ω => e₁ ∈ (G ω).edgeSet) (fun ω => e₂ ∈ (G ω).edgeSet) P P
of sort `Prop`
[2026-01-10 22:43:36] [INFO] Proof verification completed
[2026-01-10 22:43:36] [INFO] Strategy norm_num attempt 1: verified=False
[2026-01-10 22:43:36] [INFO] Verification message: Cannot build modified file: <error line="152" column="82">
<code_line>    IdentDistrib (fun ω ↦ e₁ ∈ (G ω).edgeSet) (fun ω ↦ e₂ ∈ (G ω).edgeSet) P P := norm_num</code_line>
<message>error: Type mismatch</message>
</error>
  norm_num
has type
  Lean.ParserDescr
of sort `Type` but is expected to have type
  IdentDistrib (fun ω => e₁ ∈ (G ω).edgeSet) (fun ω => e₂ ∈ (G ω).edgeSet) P P
of sort `Prop`

[2026-01-10 22:43:36] [INFO] Attempt 1 failed verification, continuing...
[2026-01-10 22:43:36] [INFO] ========================================
[2026-01-10 22:43:36] [INFO] Trying strategy: omega (up to 1 attempts)
[2026-01-10 22:43:36] [INFO] --------------------
[2026-01-10 22:43:36] [INFO] Strategy omega, attempt 1/1
[2026-01-10 22:43:36] [INFO] Starting proof generation...
[2026-01-10 22:43:36] [INFO] Repository path: /root/repo
[2026-01-10 22:43:36] [INFO] Proof generation completed
[2026-01-10 22:43:36] [INFO] Generated proof:
[2026-01-10 22:43:36] [INFO] omega
[2026-01-10 22:43:36] [INFO] Proof length: 5 chars
[2026-01-10 22:43:36] [INFO] Starting proof verification...
[2026-01-10 22:43:36] [INFO] Verifying at: LeanCamCombi/Mathlib/Probability/Combinatorics/BinomialRandomGraph/Defs.lean:152
[2026-01-10 22:43:36] [INFO] Using LEAN INTERACT verify
[2026-01-10 22:43:36] [INFO] Checking file
[2026-01-10 22:43:42] [INFO] Cannot build modified file LeanCamCombi/Mathlib/Probability/Combinatorics/BinomialRandomGraph/tmpyveoc49f.lean:152:82: error(lean.unknownIdentifier): Unknown identifier `omega`
[2026-01-10 22:43:42] [INFO] Proof verification completed
[2026-01-10 22:43:42] [INFO] Strategy omega attempt 1: verified=False
[2026-01-10 22:43:42] [INFO] Verification message: Cannot build modified file: LeanCamCombi/Mathlib/Probability/Combinatorics/BinomialRandomGraph/tmpyveoc49f.lean:152:82: error(lean.unknownIdentifier): Unknown identifier `omega`

[2026-01-10 22:43:42] [INFO] Attempt 1 failed verification, continuing...
[2026-01-10 22:43:42] [INFO] ========================================
[2026-01-10 22:43:42] [INFO] Trying strategy: linarith (up to 1 attempts)
[2026-01-10 22:43:42] [INFO] --------------------
[2026-01-10 22:43:42] [INFO] Strategy linarith, attempt 1/1
[2026-01-10 22:43:42] [INFO] Starting proof generation...
[2026-01-10 22:43:42] [INFO] Repository path: /root/repo
[2026-01-10 22:43:42] [INFO] Proof generation completed
[2026-01-10 22:43:42] [INFO] Generated proof:
[2026-01-10 22:43:42] [INFO] linarith
[2026-01-10 22:43:42] [INFO] Proof length: 8 chars
[2026-01-10 22:43:42] [INFO] Starting proof verification...
[2026-01-10 22:43:42] [INFO] Verifying at: LeanCamCombi/Mathlib/Probability/Combinatorics/BinomialRandomGraph/Defs.lean:152
[2026-01-10 22:43:42] [INFO] Using LEAN INTERACT verify
[2026-01-10 22:43:42] [INFO] Checking file
[2026-01-10 22:43:46] [INFO] Cannot build modified file LeanCamCombi/Mathlib/Probability/Combinatorics/BinomialRandomGraph/tmpzjvgs8s3.lean:152:82: error(lean.unknownIdentifier): Unknown identifier `linarith`
[2026-01-10 22:43:46] [INFO] Proof verification completed
[2026-01-10 22:43:46] [INFO] Strategy linarith attempt 1: verified=False
[2026-01-10 22:43:46] [INFO] Verification message: Cannot build modified file: LeanCamCombi/Mathlib/Probability/Combinatorics/BinomialRandomGraph/tmpzjvgs8s3.lean:152:82: error(lean.unknownIdentifier): Unknown identifier `linarith`

[2026-01-10 22:43:46] [INFO] Attempt 1 failed verification, continuing...
[2026-01-10 22:43:46] [INFO] ========================================
[2026-01-10 22:43:46] [INFO] Trying strategy: nlinarith (up to 1 attempts)
[2026-01-10 22:43:46] [INFO] --------------------
[2026-01-10 22:43:46] [INFO] Strategy nlinarith, attempt 1/1
[2026-01-10 22:43:46] [INFO] Starting proof generation...
[2026-01-10 22:43:46] [INFO] Repository path: /root/repo
[2026-01-10 22:43:46] [INFO] Proof generation completed
[2026-01-10 22:43:46] [INFO] Generated proof:
[2026-01-10 22:43:46] [INFO] nlinarith
[2026-01-10 22:43:46] [INFO] Proof length: 9 chars
[2026-01-10 22:43:46] [INFO] Starting proof verification...
[2026-01-10 22:43:46] [INFO] Verifying at: LeanCamCombi/Mathlib/Probability/Combinatorics/BinomialRandomGraph/Defs.lean:152
[2026-01-10 22:43:46] [INFO] Using LEAN INTERACT verify
[2026-01-10 22:43:46] [INFO] Checking file
[2026-01-10 22:43:51] [INFO] Cannot build modified file LeanCamCombi/Mathlib/Probability/Combinatorics/BinomialRandomGraph/tmp3w8etzqh.lean:152:82: error(lean.unknownIdentifier): Unknown identifier `nlinarith`
[2026-01-10 22:43:51] [INFO] Proof verification completed
[2026-01-10 22:43:51] [INFO] Strategy nlinarith attempt 1: verified=False
[2026-01-10 22:43:51] [INFO] Verification message: Cannot build modified file: LeanCamCombi/Mathlib/Probability/Combinatorics/BinomialRandomGraph/tmp3w8etzqh.lean:152:82: error(lean.unknownIdentifier): Unknown identifier `nlinarith`

[2026-01-10 22:43:51] [INFO] Attempt 1 failed verification, continuing...
[2026-01-10 22:43:51] [INFO] ========================================
[2026-01-10 22:43:51] [INFO] Trying strategy: aesop (up to 1 attempts)
[2026-01-10 22:43:51] [INFO] --------------------
[2026-01-10 22:43:51] [INFO] Strategy aesop, attempt 1/1
[2026-01-10 22:43:51] [INFO] Starting proof generation...
[2026-01-10 22:43:51] [INFO] Repository path: /root/repo
[2026-01-10 22:43:51] [INFO] Proof generation completed
[2026-01-10 22:43:51] [INFO] Generated proof:
[2026-01-10 22:43:51] [INFO] aesop
[2026-01-10 22:43:51] [INFO] Proof length: 5 chars
[2026-01-10 22:43:51] [INFO] Starting proof verification...
[2026-01-10 22:43:51] [INFO] Verifying at: LeanCamCombi/Mathlib/Probability/Combinatorics/BinomialRandomGraph/Defs.lean:152
[2026-01-10 22:43:51] [INFO] Using LEAN INTERACT verify
[2026-01-10 22:43:51] [INFO] Checking file
[2026-01-10 22:43:57] [INFO] Cannot build modified file LeanCamCombi/Mathlib/Probability/Combinatorics/BinomialRandomGraph/tmpa6y075c5.lean:152:82: error(lean.unknownIdentifier): Unknown identifier `aesop`
[2026-01-10 22:43:57] [INFO] Proof verification completed
[2026-01-10 22:43:57] [INFO] Strategy aesop attempt 1: verified=False
[2026-01-10 22:43:57] [INFO] Verification message: Cannot build modified file: LeanCamCombi/Mathlib/Probability/Combinatorics/BinomialRandomGraph/tmpa6y075c5.lean:152:82: error(lean.unknownIdentifier): Unknown identifier `aesop`

[2026-01-10 22:43:57] [INFO] Attempt 1 failed verification, continuing...
[2026-01-10 22:43:57] [INFO] ========================================
[2026-01-10 22:43:57] [INFO] Pass@k completed. Total results: 1
[2026-01-10 22:43:57] [INFO] FAILED: All 11 strategies x 1 attempts
[2026-01-10 22:43:57] [INFO] Writing results to file: /root/repo/result.json
[2026-01-10 22:43:57] [INFO] Result file written successfully
[2026-01-10 22:43:57] [INFO] Results exported to: /root/repo/result.json
[2026-01-10 22:43:57] [INFO] run_morphcloud_local.py completed successfully

[2026-01-10 22:43:58] [process_single_sorry] Downloading result file...
[2026-01-10 22:43:58] [process_single_sorry] Downloaded result to intermediate_experiment_outputs_full_reservoir/multi_tactic/2026-01-10_20-46-34_multi_tactic/individual/efdc4ca3469c081863642c084bc3d81722229d19330d4c135c59db565cfa6f2d.json
[2026-01-10 22:44:00] [process_single_sorry] Instance context closed successfully
[2026-01-10 22:44:00] [process_single_sorry] Parsing result file...
[2026-01-10 22:44:00] [process_single_sorry] Successfully parsed result (list format, 1 results)
