[2026-01-10 22:35:34] [process_single_sorry] Starting for sorry f21478f0a121f93451bcee36606745c43785e8f244b7fccb2b2d3ae7f10798a7
[2026-01-10 22:35:34] [process_single_sorry] Using snapshot: snapshot_ooji21kv
[2026-01-10 22:35:34] [process_single_sorry] Repository: https://github.com/YaelDillies/LeanAPAP@96325adf1d139b2adaa32d9839f096eec959480d
[2026-01-10 22:35:34] [process_single_sorry] Instance name: LeanAPAP_96325adf1d13_multi_tactic_f21478f0a121f93451bcee36606745c43785e8f244b7fccb2b2d3ae7f10798a7
[2026-01-10 22:35:34] [process_single_sorry] Starting attempt 1/3
[2026-01-10 22:35:34] [process_single_sorry] Starting instance from snapshot...
[2026-01-10 22:35:35] [process_single_sorry] Instance started successfully: morphvm_fg0x0a48
[2026-01-10 22:35:35] [process_single_sorry] Creating .env file...
[2026-01-10 22:35:42] [process_single_sorry] .env file created (exit_code: 0)
[2026-01-10 22:35:42] [process_single_sorry] Executing agent command...
[2026-01-10 22:37:25] [process_single_sorry] Agent command completed (exit_code: 0)
[2026-01-10 22:37:25] [process_single_sorry] STDOUT:

Results JSON:
[
  {
    "sorry": {
      "repo": {
        "remote": "https://github.com/YaelDillies/LeanAPAP",
        "branch": "master",
        "commit": "96325adf1d139b2adaa32d9839f096eec959480d",
        "lean_version": "v4.27.0-rc1"
      },
      "location": {
        "path": "LeanAPAP/Prereqs/Inner/Hoelder/Compact.lean",
        "start_line": 97,
        "start_column": 4,
        "end_line": 97,
        "end_column": 9
      },
      "debug_info": {
        "goal": "case some.some.none\nūĚēú : Type u_3\nőĪ : Type u_4\nmőĪ : MeasurableSpace őĪ\ninst‚úĚ¬≤ : DiscreteMeasurableSpace őĪ\ninst‚úĚ¬Ļ : Fintype őĪ\ninst‚úĚ : RCLike ūĚēú\nf g : őĪ ‚Üí ūĚēú\np q : NNReal\nhr‚āÄ : none ‚Č† 0\nhpqr : ENNReal.HolderTriple (some p) (some q) none\n‚äĘ ‚ÄĖf * g‚ÄĖ‚āô_[none] ‚Č§ ‚ÄĖf‚ÄĖ‚āô_[some p] * ‚ÄĖg‚ÄĖ‚āô_[some q]",
        "url": "https://github.com/YaelDillies/LeanAPAP/blob/96325adf1d139b2adaa32d9839f096eec959480d/LeanAPAP/Prereqs/Inner/Hoelder/Compact.lean#L97"
      },
      "metadata": {
        "blame_email_hash": "97e8591fe714",
        "blame_date": "2025-04-04T09:43:59+00:00",
        "inclusion_date": "2025-12-30T00:21:49.637242+00:00"
      },
      "id": "f21478f0a121f93451bcee36606745c43785e8f244b7fccb2b2d3ae7f10798a7"
    },
    "proof": null,
    "proof_verified": false,
    "feedback": null,
    "verification_message": "All 11 attempts failed (11 strategies x 1 attempts each)",
    "success": true,
    "error_type": null,
    "error_message": null,
    "strategy_name": "all_failed_k=1",
    "proof_attempts": [
      "rfl",
      "simp",
      "simp_all",
      "exact?",
      "grind",
      "ring",
      "norm_num",
      "omega",
      "linarith",
      "nlinarith",
      "aesop"
    ]
  }
]

[2026-01-10 22:37:25] [process_single_sorry] STDERR:
None of PyTorch, TensorFlow >= 2.0, or Flax have been found. Models won't be available and only tokenizers, configuration and file/data utilities can be used.
[2026-01-10 22:35:52] [INFO] ================================================================================
[2026-01-10 22:35:52] [INFO] Starting run_morphcloud_local.py
[2026-01-10 22:35:52] [INFO] ================================================================================
[2026-01-10 22:35:52] [INFO] Environment loaded
[2026-01-10 22:35:52] [INFO] Full command: /root/SorryDB/sorrydb/cli/run_morphcloud_local.py --repo-path /root/repo --sorry-json {"repo": {"remote": "https://github.com/YaelDillies/LeanAPAP", "branch": "master", "commit": "96325adf1d139b2adaa32d9839f096eec959480d", "lean_version": "v4.27.0-rc1"}, "location": {"path": "LeanAPAP/Prereqs/Inner/Hoelder/Compact.lean", "start_line": 97, "start_column": 4, "end_line": 97, "end_column": 9}, "debug_info": {"goal": "case some.some.none\n\ud835\udd5c : Type u_3\n\u03b1 : Type u_4\nm\u03b1 : MeasurableSpace \u03b1\ninst\u271d\u00b2 : DiscreteMeasurableSpace \u03b1\ninst\u271d\u00b9 : Fintype \u03b1\ninst\u271d : RCLike \ud835\udd5c\nf g : \u03b1 \u2192 \ud835\udd5c\np q : NNReal\nhr\u2080 : none \u2260 0\nhpqr : ENNReal.HolderTriple (some p) (some q) none\n\u22a2 \u2016f * g\u2016\u2099_[none] \u2264 \u2016f\u2016\u2099_[some p] * \u2016g\u2016\u2099_[some q]", "url": "https://github.com/YaelDillies/LeanAPAP/blob/96325adf1d139b2adaa32d9839f096eec959480d/LeanAPAP/Prereqs/Inner/Hoelder/Compact.lean#L97"}, "metadata": {"blame_email_hash": "97e8591fe714", "blame_date": "2025-04-04T09:43:59+00:00", "inclusion_date": "2025-12-30T00:21:49.637242+00:00"}, "id": "f21478f0a121f93451bcee36606745c43785e8f244b7fccb2b2d3ae7f10798a7"} --agent-strategy {"name": "multi_tactic", "args": {}}
[2026-01-10 22:35:52] [INFO] Arguments parsed: repo_path=/root/repo, output_path=/root/repo/result.json
[2026-01-10 22:35:52] [INFO] Strategy spec: {"name": "multi_tactic", "args": {}}...
[2026-01-10 22:35:52] [INFO] Loading sorry data...
[2026-01-10 22:35:52] [INFO] Parsing sorry from JSON string...
[2026-01-10 22:35:52] [INFO] Sorry data parsed from JSON string
[2026-01-10 22:35:52] [INFO] Creating strategy from spec...
[2026-01-10 22:35:52] [INFO] Parsing strategy spec (length: 36 chars)
[2026-01-10 22:35:52] [INFO] Strategy name: multi_tactic
[2026-01-10 22:35:52] [INFO] Strategy args: {}
[2026-01-10 22:35:52] [INFO] Pass@k value: 1
[2026-01-10 22:35:52] [INFO] Creating strategy: multi_tactic
[2026-01-10 22:35:52] [INFO] Creating multi_tactic strategy with tactics: ['rfl', 'simp', 'simp_all', 'exact?', 'grind', 'ring', 'norm_num', 'omega', 'linarith', 'nlinarith', 'aesop']
[2026-01-10 22:35:52] [INFO] Strategies created: ['rfl', 'simp', 'simp_all', 'exact?', 'grind', 'ring', 'norm_num', 'omega', 'linarith', 'nlinarith', 'aesop']
[2026-01-10 22:35:52] [INFO] Pass@k value: 1
[2026-01-10 22:35:52] [INFO] Creating Sorry object...
[2026-01-10 22:35:52] [INFO] Sorry object created: id=f21478f0a121f93451bcee36606745c43785e8f244b7fccb2b2d3ae7f10798a7
[2026-01-10 22:35:52] [INFO] Sorry location: LeanAPAP/Prereqs/Inner/Hoelder/Compact.lean:97
[2026-01-10 22:35:52] [INFO] Context before sorry (lines 92-97):
[2026-01-10 22:35:52] [INFO]   92:   obtain rfl | p := p
[2026-01-10 22:35:52] [INFO]   93:   ¬∑ sorry
[2026-01-10 22:35:52] [INFO]   94:   obtain rfl | q := q
[2026-01-10 22:35:52] [INFO]   95:   ¬∑ sorry
[2026-01-10 22:35:52] [INFO]   96:   obtain rfl | r := r
[2026-01-10 22:35:52] [INFO]   97:   ¬∑ sorry
[2026-01-10 22:35:52] [INFO] Sorry line:   ¬∑ sorry
[2026-01-10 22:35:52] [INFO] Sorry goal: case some.some.none
ūĚēú : Type u_3
őĪ : Type u_4
mőĪ : MeasurableSpace őĪ
inst‚úĚ¬≤ : DiscreteMeasurableSpac...
[2026-01-10 22:35:52] [INFO] ========================================
[2026-01-10 22:35:52] [INFO] Trying strategy: rfl (up to 1 attempts)
[2026-01-10 22:35:52] [INFO] --------------------
[2026-01-10 22:35:52] [INFO] Strategy rfl, attempt 1/1
[2026-01-10 22:35:52] [INFO] Starting proof generation...
[2026-01-10 22:35:52] [INFO] Repository path: /root/repo
[2026-01-10 22:35:52] [INFO] Proof generation completed
[2026-01-10 22:35:52] [INFO] Generated proof:
[2026-01-10 22:35:52] [INFO] rfl
[2026-01-10 22:35:52] [INFO] Proof length: 3 chars
[2026-01-10 22:35:52] [INFO] Starting proof verification...
[2026-01-10 22:35:52] [INFO] Verifying at: LeanAPAP/Prereqs/Inner/Hoelder/Compact.lean:97
[2026-01-10 22:35:52] [INFO] Using LEAN INTERACT verify
[2026-01-10 22:35:52] [INFO] Checking file
[2026-01-10 22:36:12] [INFO] Cannot build modified file <error line="97" column="4">
<code_line>  ¬∑ rfl</code_line>
<message>error: Tactic `rfl` failed: The left-hand side</message>
</error>
  ‚ÄĖf * g‚ÄĖ‚āô_[none]
is not definitionally equal to the right-hand side
  ‚ÄĖf‚ÄĖ‚āô_[some p] * ‚ÄĖg‚ÄĖ‚āô_[some q]

case some.some.none
ūĚēú : Type u_3
őĪ : Type u_4
mőĪ : MeasurableSpace őĪ
inst‚úĚ¬≤ : DiscreteMeasurableSpace őĪ
inst‚úĚ¬Ļ : Fintype őĪ
inst‚úĚ : RCLike ūĚēú
f g : őĪ ‚Üí ūĚēú
p q : ‚ĄĚ‚Č•0
hr‚āÄ : none ‚Č† 0
hpqr : ENNReal.HolderTriple (some p) (some q) none
‚äĘ ‚ÄĖf * g‚ÄĖ‚āô_[none] ‚Č§ ‚ÄĖf‚ÄĖ‚āô_[some p] * ‚ÄĖg‚ÄĖ‚āô_[some q]
[2026-01-10 22:36:12] [INFO] Proof verification completed
[2026-01-10 22:36:12] [INFO] Strategy rfl attempt 1: verified=False
[2026-01-10 22:36:12] [INFO] Verification message: Cannot build modified file: <error line="97" column="4">
<code_line>  ¬∑ rfl</code_line>
<message>error: Tactic `rfl` failed: The left-hand side</message>
</error>
  ‚ÄĖf * g‚ÄĖ‚āô_[none]
is not definitionally equal to the right-hand side
  ‚ÄĖf‚ÄĖ‚āô_[some p] * ‚ÄĖg‚ÄĖ‚āô_[some q]

case some.some.none
ūĚēú : Type u_3
őĪ : Type u_4
mőĪ : MeasurableSpace őĪ
inst‚úĚ¬≤ : DiscreteMeasurableSpace őĪ
inst‚úĚ¬Ļ : Fintype őĪ
inst‚úĚ : RCLike ūĚēú
f g : őĪ ‚Üí ūĚēú
p q : ‚ĄĚ‚Č•0
hr‚āÄ : none ‚Č† 0
hpqr : ENNReal.HolderTriple (some p) (some q) none
‚äĘ ‚ÄĖf * g‚ÄĖ‚āô_[none] ‚Č§ ‚ÄĖf‚ÄĖ‚āô_[some p] * ‚ÄĖg‚ÄĖ‚āô_[some q]

[2026-01-10 22:36:12] [INFO] Attempt 1 failed verification, continuing...
[2026-01-10 22:36:12] [INFO] ========================================
[2026-01-10 22:36:12] [INFO] Trying strategy: simp (up to 1 attempts)
[2026-01-10 22:36:12] [INFO] --------------------
[2026-01-10 22:36:12] [INFO] Strategy simp, attempt 1/1
[2026-01-10 22:36:12] [INFO] Starting proof generation...
[2026-01-10 22:36:12] [INFO] Repository path: /root/repo
[2026-01-10 22:36:12] [INFO] Proof generation completed
[2026-01-10 22:36:12] [INFO] Generated proof:
[2026-01-10 22:36:12] [INFO] simp
[2026-01-10 22:36:12] [INFO] Proof length: 4 chars
[2026-01-10 22:36:12] [INFO] Starting proof verification...
[2026-01-10 22:36:12] [INFO] Verifying at: LeanAPAP/Prereqs/Inner/Hoelder/Compact.lean:97
[2026-01-10 22:36:12] [INFO] Using LEAN INTERACT verify
[2026-01-10 22:36:12] [INFO] Checking file
[2026-01-10 22:36:17] [INFO] Cannot build modified file <error line="97" column="2">
<code_line>  ¬∑ simp</code_line>
<message>error: unsolved goals</message>
</error>
case some.some.none
ūĚēú : Type u_3
őĪ : Type u_4
mőĪ : MeasurableSpace őĪ
inst‚úĚ¬≤ : DiscreteMeasurableSpace őĪ
inst‚úĚ¬Ļ : Fintype őĪ
inst‚úĚ : RCLike ūĚēú
f g : őĪ ‚Üí ūĚēú
p q : ‚ĄĚ‚Č•0
hr‚āÄ : none ‚Č† 0
hpqr : ENNReal.HolderTriple (some p) (some q) none
‚äĘ ‚ÄĖf * g‚ÄĖ‚āô_[‚ä§] ‚Č§ ‚ÄĖf‚ÄĖ‚āô_[‚ÜĎp] * ‚ÄĖg‚ÄĖ‚āô_[‚ÜĎq]
[2026-01-10 22:36:17] [INFO] Proof verification completed
[2026-01-10 22:36:17] [INFO] Strategy simp attempt 1: verified=False
[2026-01-10 22:36:17] [INFO] Verification message: Cannot build modified file: <error line="97" column="2">
<code_line>  ¬∑ simp</code_line>
<message>error: unsolved goals</message>
</error>
case some.some.none
ūĚēú : Type u_3
őĪ : Type u_4
mőĪ : MeasurableSpace őĪ
inst‚úĚ¬≤ : DiscreteMeasurableSpace őĪ
inst‚úĚ¬Ļ : Fintype őĪ
inst‚úĚ : RCLike ūĚēú
f g : őĪ ‚Üí ūĚēú
p q : ‚ĄĚ‚Č•0
hr‚āÄ : none ‚Č† 0
hpqr : ENNReal.HolderTriple (some p) (some q) none
‚äĘ ‚ÄĖf * g‚ÄĖ‚āô_[‚ä§] ‚Č§ ‚ÄĖf‚ÄĖ‚āô_[‚ÜĎp] * ‚ÄĖg‚ÄĖ‚āô_[‚ÜĎq]

[2026-01-10 22:36:17] [INFO] Attempt 1 failed verification, continuing...
[2026-01-10 22:36:17] [INFO] ========================================
[2026-01-10 22:36:17] [INFO] Trying strategy: simp_all (up to 1 attempts)
[2026-01-10 22:36:17] [INFO] --------------------
[2026-01-10 22:36:17] [INFO] Strategy simp_all, attempt 1/1
[2026-01-10 22:36:17] [INFO] Starting proof generation...
[2026-01-10 22:36:17] [INFO] Repository path: /root/repo
[2026-01-10 22:36:17] [INFO] Proof generation completed
[2026-01-10 22:36:17] [INFO] Generated proof:
[2026-01-10 22:36:17] [INFO] simp_all
[2026-01-10 22:36:17] [INFO] Proof length: 8 chars
[2026-01-10 22:36:17] [INFO] Starting proof verification...
[2026-01-10 22:36:17] [INFO] Verifying at: LeanAPAP/Prereqs/Inner/Hoelder/Compact.lean:97
[2026-01-10 22:36:17] [INFO] Using LEAN INTERACT verify
[2026-01-10 22:36:17] [INFO] Checking file
[2026-01-10 22:36:23] [INFO] Cannot build modified file <error line="97" column="2">
<code_line>  ¬∑ simp_all</code_line>
<message>error: unsolved goals</message>
</error>
case some.some.none
ūĚēú : Type u_3
őĪ : Type u_4
mőĪ : MeasurableSpace őĪ
inst‚úĚ¬≤ : DiscreteMeasurableSpace őĪ
inst‚úĚ¬Ļ : Fintype őĪ
inst‚úĚ : RCLike ūĚēú
f g : őĪ ‚Üí ūĚēú
p q : ‚ĄĚ‚Č•0
hpqr : (‚ÜĎp).HolderTriple ‚ÜĎq ‚ä§
‚äĘ ‚ÄĖf * g‚ÄĖ‚āô_[‚ä§] ‚Č§ ‚ÄĖf‚ÄĖ‚āô_[‚ÜĎp] * ‚ÄĖg‚ÄĖ‚āô_[‚ÜĎq]
[2026-01-10 22:36:23] [INFO] Proof verification completed
[2026-01-10 22:36:23] [INFO] Strategy simp_all attempt 1: verified=False
[2026-01-10 22:36:23] [INFO] Verification message: Cannot build modified file: <error line="97" column="2">
<code_line>  ¬∑ simp_all</code_line>
<message>error: unsolved goals</message>
</error>
case some.some.none
ūĚēú : Type u_3
őĪ : Type u_4
mőĪ : MeasurableSpace őĪ
inst‚úĚ¬≤ : DiscreteMeasurableSpace őĪ
inst‚úĚ¬Ļ : Fintype őĪ
inst‚úĚ : RCLike ūĚēú
f g : őĪ ‚Üí ūĚēú
p q : ‚ĄĚ‚Č•0
hpqr : (‚ÜĎp).HolderTriple ‚ÜĎq ‚ä§
‚äĘ ‚ÄĖf * g‚ÄĖ‚āô_[‚ä§] ‚Č§ ‚ÄĖf‚ÄĖ‚āô_[‚ÜĎp] * ‚ÄĖg‚ÄĖ‚āô_[‚ÜĎq]

[2026-01-10 22:36:23] [INFO] Attempt 1 failed verification, continuing...
[2026-01-10 22:36:23] [INFO] ========================================
[2026-01-10 22:36:23] [INFO] Trying strategy: exact? (up to 1 attempts)
[2026-01-10 22:36:23] [INFO] --------------------
[2026-01-10 22:36:23] [INFO] Strategy exact?, attempt 1/1
[2026-01-10 22:36:23] [INFO] Starting proof generation...
[2026-01-10 22:36:23] [INFO] Repository path: /root/repo
[2026-01-10 22:36:23] [INFO] Proof generation completed
[2026-01-10 22:36:23] [INFO] Generated proof:
[2026-01-10 22:36:23] [INFO] exact?
[2026-01-10 22:36:23] [INFO] Proof length: 6 chars
[2026-01-10 22:36:23] [INFO] Starting proof verification...
[2026-01-10 22:36:23] [INFO] Verifying at: LeanAPAP/Prereqs/Inner/Hoelder/Compact.lean:97
[2026-01-10 22:36:23] [INFO] Using LEAN INTERACT verify
[2026-01-10 22:36:23] [INFO] Checking file
[2026-01-10 22:36:44] [INFO] Cannot build modified file <error line="97" column="4">
<code_line>  ¬∑ exact?</code_line>
<message>error: `exact?` could not close the goal. Try `apply?` to see partial suggestions.</message>
</error>
[2026-01-10 22:36:44] [INFO] Proof verification completed
[2026-01-10 22:36:44] [INFO] Strategy exact? attempt 1: verified=False
[2026-01-10 22:36:44] [INFO] Verification message: Cannot build modified file: <error line="97" column="4">
<code_line>  ¬∑ exact?</code_line>
<message>error: `exact?` could not close the goal. Try `apply?` to see partial suggestions.</message>
</error>

[2026-01-10 22:36:44] [INFO] Attempt 1 failed verification, continuing...
[2026-01-10 22:36:44] [INFO] ========================================
[2026-01-10 22:36:44] [INFO] Trying strategy: grind (up to 1 attempts)
[2026-01-10 22:36:44] [INFO] --------------------
[2026-01-10 22:36:44] [INFO] Strategy grind, attempt 1/1
[2026-01-10 22:36:44] [INFO] Starting proof generation...
[2026-01-10 22:36:44] [INFO] Repository path: /root/repo
[2026-01-10 22:36:44] [INFO] Proof generation completed
[2026-01-10 22:36:44] [INFO] Generated proof:
[2026-01-10 22:36:44] [INFO] grind
[2026-01-10 22:36:44] [INFO] Proof length: 5 chars
[2026-01-10 22:36:44] [INFO] Starting proof verification...
[2026-01-10 22:36:44] [INFO] Verifying at: LeanAPAP/Prereqs/Inner/Hoelder/Compact.lean:97
[2026-01-10 22:36:44] [INFO] Using LEAN INTERACT verify
[2026-01-10 22:36:44] [INFO] Checking file
[2026-01-10 22:36:50] [INFO] Cannot build modified file <error line="97" column="4">
<code_line>  ¬∑ grind</code_line>
<message>error: `grind` failed</message>
</error>
case grind
ūĚēú : Type u_3
őĪ : Type u_4
mőĪ : MeasurableSpace őĪ
inst : DiscreteMeasurableSpace őĪ
inst_1 : Fintype őĪ
inst_2 : RCLike ūĚēú
f g : őĪ ‚Üí ūĚēú
p q : ‚ĄĚ‚Č•0
hr‚āÄ : none ‚Č† 0
hpqr : ENNReal.HolderTriple (some p) (some q) none
h : ¬¨‚ÄĖf * g‚ÄĖ‚āô_[none] ‚Č§ ‚ÄĖf‚ÄĖ‚āô_[some p] * ‚ÄĖg‚ÄĖ‚āô_[some q]
‚äĘ False
[grind] Goal diagnostics
  [facts] Asserted facts
    [prop] DiscreteMeasurableSpace őĪ
    [prop] ¬¨none = 0
    [prop] ENNReal.HolderTriple (some p) (some q) none
    [prop] ¬¨‚ÄĖf * g‚ÄĖ‚āô_[none] ‚Č§ ‚ÄĖf‚ÄĖ‚āô_[some p] * ‚ÄĖg‚ÄĖ‚āô_[some q]
  [eqc] True propositions
    [prop] DiscreteMeasurableSpace őĪ
    [prop] ENNReal.HolderTriple (some p) (some q) none
  [eqc] False propositions
    [prop] none = 0
    [prop] ‚ÄĖf * g‚ÄĖ‚āô_[none] ‚Č§ ‚ÄĖf‚ÄĖ‚āô_[some p] * ‚ÄĖg‚ÄĖ‚āô_[some q]
  [linarith] Linarith assignment for `Lean.Grind.IntModule.OfNatModule.Q ‚ĄĚ‚Č•0`
    [assign] ‚ÄĖf * g‚ÄĖ‚āô_[none] := 0
[2026-01-10 22:36:50] [INFO] Proof verification completed
[2026-01-10 22:36:50] [INFO] Strategy grind attempt 1: verified=False
[2026-01-10 22:36:50] [INFO] Verification message: Cannot build modified file: <error line="97" column="4">
<code_line>  ¬∑ grind</code_line>
<message>error: `grind` failed</message>
</error>
case grind
ūĚēú : Type u_3
őĪ : Type u_4
mőĪ : MeasurableSpace őĪ
inst : DiscreteMeasurableSpace őĪ
inst_1 : Fintype őĪ
inst_2 : RCLike ūĚēú
f g : őĪ ‚Üí ūĚēú
p q : ‚ĄĚ‚Č•0
hr‚āÄ : none ‚Č† 0
hpqr : ENNReal.HolderTriple (some p) (some q) none
h : ¬¨‚ÄĖf * g‚ÄĖ‚āô_[none] ‚Č§ ‚ÄĖf‚ÄĖ‚āô_[some p] * ‚ÄĖg‚ÄĖ‚āô_[some q]
‚äĘ False
[grind] Goal diagnostics
  [facts] Asserted facts
    [prop] DiscreteMeasurableSpace őĪ
    [prop] ¬¨none = 0
    [prop] ENNReal.HolderTriple (some p) (some q) none
    [prop] ¬¨‚ÄĖf * g‚ÄĖ‚āô_[none] ‚Č§ ‚ÄĖf‚ÄĖ‚āô_[some p] * ‚ÄĖg‚ÄĖ‚āô_[some q]
  [eqc] True propositions
    [prop] DiscreteMeasurableSpace őĪ
    [prop] ENNReal.HolderTriple (some p) (some q) none
  [eqc] False propositions
    [prop] none = 0
    [prop] ‚ÄĖf * g‚ÄĖ‚āô_[none] ‚Č§ ‚ÄĖf‚ÄĖ‚āô_[some p] * ‚ÄĖg‚ÄĖ‚āô_[some q]
  [linarith] Linarith assignment for `Lean.Grind.IntModule.OfNatModule.Q ‚ĄĚ‚Č•0`
    [assign] ‚ÄĖf * g‚ÄĖ‚āô_[none] := 0

[2026-01-10 22:36:50] [INFO] Attempt 1 failed verification, continuing...
[2026-01-10 22:36:50] [INFO] ========================================
[2026-01-10 22:36:50] [INFO] Trying strategy: ring (up to 1 attempts)
[2026-01-10 22:36:50] [INFO] --------------------
[2026-01-10 22:36:50] [INFO] Strategy ring, attempt 1/1
[2026-01-10 22:36:50] [INFO] Starting proof generation...
[2026-01-10 22:36:50] [INFO] Repository path: /root/repo
[2026-01-10 22:36:50] [INFO] Proof generation completed
[2026-01-10 22:36:50] [INFO] Generated proof:
[2026-01-10 22:36:50] [INFO] ring
[2026-01-10 22:36:50] [INFO] Proof length: 4 chars
[2026-01-10 22:36:50] [INFO] Starting proof verification...
[2026-01-10 22:36:50] [INFO] Verifying at: LeanAPAP/Prereqs/Inner/Hoelder/Compact.lean:97
[2026-01-10 22:36:50] [INFO] Using LEAN INTERACT verify
[2026-01-10 22:36:50] [INFO] Checking file
[2026-01-10 22:36:55] [INFO] Cannot build modified file Try this:
  [apply] ring_nf
  
  The `ring` tactic failed to close the goal. Use `ring_nf` to obtain a normal form.
    
  Note that `ring` works primarily in *commutative* rings. If you have a noncommutative ring, abelian group or module, consider using `noncomm_ring`, `abel` or `module` instead.
<error line="97" column="2">
<code_line>  ¬∑ ring</code_line>
<message>error: unsolved goals</message>
</error>
case some.some.none
ūĚēú : Type u_3
őĪ : Type u_4
mőĪ : MeasurableSpace őĪ
inst‚úĚ¬≤ : DiscreteMeasurableSpace őĪ
inst‚úĚ¬Ļ : Fintype őĪ
inst‚úĚ : RCLike ūĚēú
f g : őĪ ‚Üí ūĚēú
p q : ‚ĄĚ‚Č•0
hr‚āÄ : none ‚Č† 0
hpqr : ENNReal.HolderTriple (some p) (some q) none
‚äĘ ‚ÄĖf * g‚ÄĖ‚āô_[none] ‚Č§ ‚ÄĖf‚ÄĖ‚āô_[some p] * ‚ÄĖg‚ÄĖ‚āô_[some q]
[2026-01-10 22:36:55] [INFO] Proof verification completed
[2026-01-10 22:36:55] [INFO] Strategy ring attempt 1: verified=False
[2026-01-10 22:36:55] [INFO] Verification message: Cannot build modified file: Try this:
  [apply] ring_nf
  
  The `ring` tactic failed to close the goal. Use `ring_nf` to obtain a normal form.
    
  Note that `ring` works primarily in *commutative* rings. If you have a noncommutative ring, abelian group or module, consider using `noncomm_ring`, `abel` or `module` instead.
<error line="97" column="2">
<code_line>  ¬∑ ring</code_line>
<message>error: unsolved goals</message>
</error>
case some.some.none
ūĚēú : Type u_3
őĪ : Type u_4
mőĪ : MeasurableSpace őĪ
inst‚úĚ¬≤ : DiscreteMeasurableSpace őĪ
inst‚úĚ¬Ļ : Fintype őĪ
inst‚úĚ : RCLike ūĚēú
f g : őĪ ‚Üí ūĚēú
p q : ‚ĄĚ‚Č•0
hr‚āÄ : none ‚Č† 0
hpqr : ENNReal.HolderTriple (some p) (some q) none
‚äĘ ‚ÄĖf * g‚ÄĖ‚āô_[none] ‚Č§ ‚ÄĖf‚ÄĖ‚āô_[some p] * ‚ÄĖg‚ÄĖ‚āô_[some q]

[2026-01-10 22:36:55] [INFO] Attempt 1 failed verification, continuing...
[2026-01-10 22:36:55] [INFO] ========================================
[2026-01-10 22:36:55] [INFO] Trying strategy: norm_num (up to 1 attempts)
[2026-01-10 22:36:55] [INFO] --------------------
[2026-01-10 22:36:55] [INFO] Strategy norm_num, attempt 1/1
[2026-01-10 22:36:55] [INFO] Starting proof generation...
[2026-01-10 22:36:55] [INFO] Repository path: /root/repo
[2026-01-10 22:36:55] [INFO] Proof generation completed
[2026-01-10 22:36:55] [INFO] Generated proof:
[2026-01-10 22:36:55] [INFO] norm_num
[2026-01-10 22:36:55] [INFO] Proof length: 8 chars
[2026-01-10 22:36:55] [INFO] Starting proof verification...
[2026-01-10 22:36:55] [INFO] Verifying at: LeanAPAP/Prereqs/Inner/Hoelder/Compact.lean:97
[2026-01-10 22:36:55] [INFO] Using LEAN INTERACT verify
[2026-01-10 22:36:55] [INFO] Checking file
[2026-01-10 22:37:01] [INFO] Cannot build modified file <error line="97" column="2">
<code_line>  ¬∑ norm_num</code_line>
<message>error: unsolved goals</message>
</error>
case some.some.none
ūĚēú : Type u_3
őĪ : Type u_4
mőĪ : MeasurableSpace őĪ
inst‚úĚ¬≤ : DiscreteMeasurableSpace őĪ
inst‚úĚ¬Ļ : Fintype őĪ
inst‚úĚ : RCLike ūĚēú
f g : őĪ ‚Üí ūĚēú
p q : ‚ĄĚ‚Č•0
hr‚āÄ : none ‚Č† 0
hpqr : ENNReal.HolderTriple (some p) (some q) none
‚äĘ ‚ÄĖf * g‚ÄĖ‚āô_[‚ä§] ‚Č§ ‚ÄĖf‚ÄĖ‚āô_[‚ÜĎp] * ‚ÄĖg‚ÄĖ‚āô_[‚ÜĎq]
[2026-01-10 22:37:01] [INFO] Proof verification completed
[2026-01-10 22:37:01] [INFO] Strategy norm_num attempt 1: verified=False
[2026-01-10 22:37:01] [INFO] Verification message: Cannot build modified file: <error line="97" column="2">
<code_line>  ¬∑ norm_num</code_line>
<message>error: unsolved goals</message>
</error>
case some.some.none
ūĚēú : Type u_3
őĪ : Type u_4
mőĪ : MeasurableSpace őĪ
inst‚úĚ¬≤ : DiscreteMeasurableSpace őĪ
inst‚úĚ¬Ļ : Fintype őĪ
inst‚úĚ : RCLike ūĚēú
f g : őĪ ‚Üí ūĚēú
p q : ‚ĄĚ‚Č•0
hr‚āÄ : none ‚Č† 0
hpqr : ENNReal.HolderTriple (some p) (some q) none
‚äĘ ‚ÄĖf * g‚ÄĖ‚āô_[‚ä§] ‚Č§ ‚ÄĖf‚ÄĖ‚āô_[‚ÜĎp] * ‚ÄĖg‚ÄĖ‚āô_[‚ÜĎq]

[2026-01-10 22:37:01] [INFO] Attempt 1 failed verification, continuing...
[2026-01-10 22:37:01] [INFO] ========================================
[2026-01-10 22:37:01] [INFO] Trying strategy: omega (up to 1 attempts)
[2026-01-10 22:37:01] [INFO] --------------------
[2026-01-10 22:37:01] [INFO] Strategy omega, attempt 1/1
[2026-01-10 22:37:01] [INFO] Starting proof generation...
[2026-01-10 22:37:01] [INFO] Repository path: /root/repo
[2026-01-10 22:37:01] [INFO] Proof generation completed
[2026-01-10 22:37:01] [INFO] Generated proof:
[2026-01-10 22:37:01] [INFO] omega
[2026-01-10 22:37:01] [INFO] Proof length: 5 chars
[2026-01-10 22:37:01] [INFO] Starting proof verification...
[2026-01-10 22:37:01] [INFO] Verifying at: LeanAPAP/Prereqs/Inner/Hoelder/Compact.lean:97
[2026-01-10 22:37:01] [INFO] Using LEAN INTERACT verify
[2026-01-10 22:37:01] [INFO] Checking file
[2026-01-10 22:37:06] [INFO] Cannot build modified file <error line="97" column="4">
<code_line>  ¬∑ omega</code_line>
<message>error: omega could not prove the goal:</message>
</error>
No usable constraints found. You may need to unfold definitions so `omega` can see linear arithmetic facts about `Nat` and `Int`, which may also involve multiplication, division, and modular remainder by constants.
[2026-01-10 22:37:06] [INFO] Proof verification completed
[2026-01-10 22:37:06] [INFO] Strategy omega attempt 1: verified=False
[2026-01-10 22:37:06] [INFO] Verification message: Cannot build modified file: <error line="97" column="4">
<code_line>  ¬∑ omega</code_line>
<message>error: omega could not prove the goal:</message>
</error>
No usable constraints found. You may need to unfold definitions so `omega` can see linear arithmetic facts about `Nat` and `Int`, which may also involve multiplication, division, and modular remainder by constants.

[2026-01-10 22:37:06] [INFO] Attempt 1 failed verification, continuing...
[2026-01-10 22:37:06] [INFO] ========================================
[2026-01-10 22:37:06] [INFO] Trying strategy: linarith (up to 1 attempts)
[2026-01-10 22:37:06] [INFO] --------------------
[2026-01-10 22:37:06] [INFO] Strategy linarith, attempt 1/1
[2026-01-10 22:37:06] [INFO] Starting proof generation...
[2026-01-10 22:37:06] [INFO] Repository path: /root/repo
[2026-01-10 22:37:06] [INFO] Proof generation completed
[2026-01-10 22:37:06] [INFO] Generated proof:
[2026-01-10 22:37:06] [INFO] linarith
[2026-01-10 22:37:06] [INFO] Proof length: 8 chars
[2026-01-10 22:37:06] [INFO] Starting proof verification...
[2026-01-10 22:37:06] [INFO] Verifying at: LeanAPAP/Prereqs/Inner/Hoelder/Compact.lean:97
[2026-01-10 22:37:06] [INFO] Using LEAN INTERACT verify
[2026-01-10 22:37:06] [INFO] Checking file
[2026-01-10 22:37:12] [INFO] Cannot build modified file <error line="97" column="4">
<code_line>  ¬∑ linarith</code_line>
<message>error: linarith failed to find a contradiction</message>
</error>
case some.some.none.h
ūĚēú : Type u_3
őĪ : Type u_4
mőĪ : MeasurableSpace őĪ
inst‚úĚ¬≤ : DiscreteMeasurableSpace őĪ
inst‚úĚ¬Ļ : Fintype őĪ
inst‚úĚ : RCLike ūĚēú
f g : őĪ ‚Üí ūĚēú
p q : ‚ĄĚ‚Č•0
hr‚āÄ : none ‚Č† 0
hpqr : ENNReal.HolderTriple (some p) (some q) none
a‚úĚ : ‚ÄĖf‚ÄĖ‚āô_[some p] * ‚ÄĖg‚ÄĖ‚āô_[some q] < ‚ÄĖf * g‚ÄĖ‚āô_[none]
‚äĘ False
failed
[2026-01-10 22:37:12] [INFO] Proof verification completed
[2026-01-10 22:37:12] [INFO] Strategy linarith attempt 1: verified=False
[2026-01-10 22:37:12] [INFO] Verification message: Cannot build modified file: <error line="97" column="4">
<code_line>  ¬∑ linarith</code_line>
<message>error: linarith failed to find a contradiction</message>
</error>
case some.some.none.h
ūĚēú : Type u_3
őĪ : Type u_4
mőĪ : MeasurableSpace őĪ
inst‚úĚ¬≤ : DiscreteMeasurableSpace őĪ
inst‚úĚ¬Ļ : Fintype őĪ
inst‚úĚ : RCLike ūĚēú
f g : őĪ ‚Üí ūĚēú
p q : ‚ĄĚ‚Č•0
hr‚āÄ : none ‚Č† 0
hpqr : ENNReal.HolderTriple (some p) (some q) none
a‚úĚ : ‚ÄĖf‚ÄĖ‚āô_[some p] * ‚ÄĖg‚ÄĖ‚āô_[some q] < ‚ÄĖf * g‚ÄĖ‚āô_[none]
‚äĘ False
failed

[2026-01-10 22:37:12] [INFO] Attempt 1 failed verification, continuing...
[2026-01-10 22:37:12] [INFO] ========================================
[2026-01-10 22:37:12] [INFO] Trying strategy: nlinarith (up to 1 attempts)
[2026-01-10 22:37:12] [INFO] --------------------
[2026-01-10 22:37:12] [INFO] Strategy nlinarith, attempt 1/1
[2026-01-10 22:37:12] [INFO] Starting proof generation...
[2026-01-10 22:37:12] [INFO] Repository path: /root/repo
[2026-01-10 22:37:12] [INFO] Proof generation completed
[2026-01-10 22:37:12] [INFO] Generated proof:
[2026-01-10 22:37:12] [INFO] nlinarith
[2026-01-10 22:37:12] [INFO] Proof length: 9 chars
[2026-01-10 22:37:12] [INFO] Starting proof verification...
[2026-01-10 22:37:12] [INFO] Verifying at: LeanAPAP/Prereqs/Inner/Hoelder/Compact.lean:97
[2026-01-10 22:37:12] [INFO] Using LEAN INTERACT verify
[2026-01-10 22:37:12] [INFO] Checking file
[2026-01-10 22:37:18] [INFO] Cannot build modified file <error line="97" column="4">
<code_line>  ¬∑ nlinarith</code_line>
<message>error: linarith failed to find a contradiction</message>
</error>
case some.some.none.h
ūĚēú : Type u_3
őĪ : Type u_4
mőĪ : MeasurableSpace őĪ
inst‚úĚ¬≤ : DiscreteMeasurableSpace őĪ
inst‚úĚ¬Ļ : Fintype őĪ
inst‚úĚ : RCLike ūĚēú
f g : őĪ ‚Üí ūĚēú
p q : ‚ĄĚ‚Č•0
hr‚āÄ : none ‚Č† 0
hpqr : ENNReal.HolderTriple (some p) (some q) none
a‚úĚ : ‚ÄĖf‚ÄĖ‚āô_[some p] * ‚ÄĖg‚ÄĖ‚āô_[some q] < ‚ÄĖf * g‚ÄĖ‚āô_[none]
‚äĘ False
failed
[2026-01-10 22:37:18] [INFO] Proof verification completed
[2026-01-10 22:37:18] [INFO] Strategy nlinarith attempt 1: verified=False
[2026-01-10 22:37:18] [INFO] Verification message: Cannot build modified file: <error line="97" column="4">
<code_line>  ¬∑ nlinarith</code_line>
<message>error: linarith failed to find a contradiction</message>
</error>
case some.some.none.h
ūĚēú : Type u_3
őĪ : Type u_4
mőĪ : MeasurableSpace őĪ
inst‚úĚ¬≤ : DiscreteMeasurableSpace őĪ
inst‚úĚ¬Ļ : Fintype őĪ
inst‚úĚ : RCLike ūĚēú
f g : őĪ ‚Üí ūĚēú
p q : ‚ĄĚ‚Č•0
hr‚āÄ : none ‚Č† 0
hpqr : ENNReal.HolderTriple (some p) (some q) none
a‚úĚ : ‚ÄĖf‚ÄĖ‚āô_[some p] * ‚ÄĖg‚ÄĖ‚āô_[some q] < ‚ÄĖf * g‚ÄĖ‚āô_[none]
‚äĘ False
failed

[2026-01-10 22:37:18] [INFO] Attempt 1 failed verification, continuing...
[2026-01-10 22:37:18] [INFO] ========================================
[2026-01-10 22:37:18] [INFO] Trying strategy: aesop (up to 1 attempts)
[2026-01-10 22:37:18] [INFO] --------------------
[2026-01-10 22:37:18] [INFO] Strategy aesop, attempt 1/1
[2026-01-10 22:37:18] [INFO] Starting proof generation...
[2026-01-10 22:37:18] [INFO] Repository path: /root/repo
[2026-01-10 22:37:18] [INFO] Proof generation completed
[2026-01-10 22:37:18] [INFO] Generated proof:
[2026-01-10 22:37:18] [INFO] aesop
[2026-01-10 22:37:18] [INFO] Proof length: 5 chars
[2026-01-10 22:37:18] [INFO] Starting proof verification...
[2026-01-10 22:37:18] [INFO] Verifying at: LeanAPAP/Prereqs/Inner/Hoelder/Compact.lean:97
[2026-01-10 22:37:18] [INFO] Using LEAN INTERACT verify
[2026-01-10 22:37:18] [INFO] Checking file
[2026-01-10 22:37:24] [INFO] Cannot build modified file <error line="97" column="2">
<code_line>  ¬∑ aesop</code_line>
<message>error: unsolved goals</message>
</error>
ūĚēú : Type u_3
őĪ : Type u_4
mőĪ : MeasurableSpace őĪ
inst : DiscreteMeasurableSpace őĪ
inst_1 : Fintype őĪ
inst_2 : RCLike ūĚēú
f g : őĪ ‚Üí ūĚēú
p q : ‚ĄĚ‚Č•0
hpqr : (‚ÜĎp).HolderTriple ‚ÜĎq ‚ä§
‚äĘ ‚ÄĖf * g‚ÄĖ‚āô_[‚ä§] ‚Č§ ‚ÄĖf‚ÄĖ‚āô_[‚ÜĎp] * ‚ÄĖg‚ÄĖ‚āô_[‚ÜĎq]
[2026-01-10 22:37:24] [INFO] Proof verification completed
[2026-01-10 22:37:24] [INFO] Strategy aesop attempt 1: verified=False
[2026-01-10 22:37:24] [INFO] Verification message: Cannot build modified file: <error line="97" column="2">
<code_line>  ¬∑ aesop</code_line>
<message>error: unsolved goals</message>
</error>
ūĚēú : Type u_3
őĪ : Type u_4
mőĪ : MeasurableSpace őĪ
inst : DiscreteMeasurableSpace őĪ
inst_1 : Fintype őĪ
inst_2 : RCLike ūĚēú
f g : őĪ ‚Üí ūĚēú
p q : ‚ĄĚ‚Č•0
hpqr : (‚ÜĎp).HolderTriple ‚ÜĎq ‚ä§
‚äĘ ‚ÄĖf * g‚ÄĖ‚āô_[‚ä§] ‚Č§ ‚ÄĖf‚ÄĖ‚āô_[‚ÜĎp] * ‚ÄĖg‚ÄĖ‚āô_[‚ÜĎq]

[2026-01-10 22:37:24] [INFO] Attempt 1 failed verification, continuing...
[2026-01-10 22:37:24] [INFO] ========================================
[2026-01-10 22:37:24] [INFO] Pass@k completed. Total results: 1
[2026-01-10 22:37:24] [INFO] FAILED: All 11 strategies x 1 attempts
[2026-01-10 22:37:24] [INFO] Writing results to file: /root/repo/result.json
[2026-01-10 22:37:24] [INFO] Result file written successfully
[2026-01-10 22:37:24] [INFO] Results exported to: /root/repo/result.json
[2026-01-10 22:37:24] [INFO] run_morphcloud_local.py completed successfully

[2026-01-10 22:37:25] [process_single_sorry] Downloading result file...
[2026-01-10 22:37:25] [process_single_sorry] Downloaded result to intermediate_experiment_outputs_full_reservoir/multi_tactic/2026-01-10_20-46-34_multi_tactic/individual/f21478f0a121f93451bcee36606745c43785e8f244b7fccb2b2d3ae7f10798a7.json
[2026-01-10 22:37:27] [process_single_sorry] Instance context closed successfully
[2026-01-10 22:37:27] [process_single_sorry] Parsing result file...
[2026-01-10 22:37:27] [process_single_sorry] Successfully parsed result (list format, 1 results)
