[2026-01-11 00:12:31] [process_single_sorry] Starting for sorry f6bcb210224f6041469cf3e687f262bb19975cb77dfbea83c463b5bc3ff9f785
[2026-01-11 00:12:31] [process_single_sorry] Using snapshot: snapshot_s298qocp
[2026-01-11 00:12:31] [process_single_sorry] Repository: https://github.com/FredRaj3/SemicircleLaw@f0dc6edb5e66398f0084bfc328ed6d24f3e1e1f3
[2026-01-11 00:12:31] [process_single_sorry] Instance name: SemicircleLaw_f0dc6edb5e66_multi_tactic_f6bcb210224f6041469cf3e687f262bb19975cb77dfbea83c463b5bc3ff9f785
[2026-01-11 00:12:31] [process_single_sorry] Starting attempt 1/3
[2026-01-11 00:12:31] [process_single_sorry] Starting instance from snapshot...
[2026-01-11 00:12:32] [process_single_sorry] Instance started successfully: morphvm_ux466ogp
[2026-01-11 00:12:32] [process_single_sorry] Creating .env file...
[2026-01-11 00:12:39] [process_single_sorry] .env file created (exit_code: 0)
[2026-01-11 00:12:39] [process_single_sorry] Executing agent command...
[2026-01-11 00:27:40] [process_single_sorry] Retryable error on attempt 1/3: TimeoutError: 
[2026-01-11 00:27:40] [process_single_sorry] Waiting 2 seconds before retry...
[2026-01-11 00:27:42] [process_single_sorry] Starting attempt 2/3
[2026-01-11 00:27:42] [process_single_sorry] Starting instance from snapshot...
[2026-01-11 00:27:43] [process_single_sorry] Instance started successfully: morphvm_9jyrm2nw
[2026-01-11 00:27:43] [process_single_sorry] Creating .env file...
[2026-01-11 00:27:49] [process_single_sorry] .env file created (exit_code: 0)
[2026-01-11 00:27:49] [process_single_sorry] Executing agent command...
[2026-01-11 00:42:51] [process_single_sorry] Retryable error on attempt 2/3: TimeoutError: Command execution timed out after 900 seconds
[2026-01-11 00:42:51] [process_single_sorry] Waiting 2 seconds before retry...
[2026-01-11 00:42:53] [process_single_sorry] Starting attempt 3/3
[2026-01-11 00:42:53] [process_single_sorry] Starting instance from snapshot...
[2026-01-11 00:42:53] [process_single_sorry] Instance started successfully: morphvm_2hansc23
[2026-01-11 00:42:53] [process_single_sorry] Creating .env file...
[2026-01-11 00:42:59] [process_single_sorry] .env file created (exit_code: 0)
[2026-01-11 00:42:59] [process_single_sorry] Executing agent command...
[2026-01-11 00:58:01] [process_single_sorry] Retryable error on attempt 3/3: TimeoutError: Command execution timed out after 900 seconds
[2026-01-11 00:58:01] [process_single_sorry] All 3 attempts exhausted
