[2026-01-11 00:06:23] [process_single_sorry] Starting for sorry f8960f92579ebd7b37d3f8f14732d0e69fd17122f12e36bdbfe91e79d4a988ae
[2026-01-11 00:06:23] [process_single_sorry] Using snapshot: snapshot_3kzcuzim
[2026-01-11 00:06:23] [process_single_sorry] Repository: https://github.com/apnelson1/Matroid@af4cb50b83e8dc05a5c188bd5cf7431b5af421f0
[2026-01-11 00:06:23] [process_single_sorry] Instance name: Matroid_af4cb50b83e8_multi_tactic_f8960f92579ebd7b37d3f8f14732d0e69fd17122f12e36bdbfe91e79d4a988ae
[2026-01-11 00:06:23] [process_single_sorry] Starting attempt 1/3
[2026-01-11 00:06:23] [process_single_sorry] Starting instance from snapshot...
[2026-01-11 00:06:23] [process_single_sorry] Instance started successfully: morphvm_2zwb7v9n
[2026-01-11 00:06:23] [process_single_sorry] Creating .env file...
[2026-01-11 00:06:30] [process_single_sorry] .env file created (exit_code: 0)
[2026-01-11 00:06:30] [process_single_sorry] Executing agent command...
[2026-01-11 00:08:25] [process_single_sorry] Agent command completed (exit_code: 0)
[2026-01-11 00:08:25] [process_single_sorry] STDOUT:

Results JSON:
[
  {
    "sorry": {
      "repo": {
        "remote": "https://github.com/apnelson1/Matroid",
        "branch": "main",
        "commit": "af4cb50b83e8dc05a5c188bd5cf7431b5af421f0",
        "lean_version": "v4.27.0-rc1"
      },
      "location": {
        "path": "Matroid/Representation/CycleSpace_.lean",
        "start_line": 36,
        "start_column": 2,
        "end_line": 36,
        "end_column": 7
      },
      "debug_info": {
        "goal": "case refine_2.refine_2\nα : Type u_1\nW : Type u_3\n𝔽 : Type u_5\nM : Matroid α\ninst✝² : Field 𝔽\ninst✝¹ : AddCommGroup W\ninst✝ : Module 𝔽 W\nv : M.Rep 𝔽 W\nx : α →₀ 𝔽\nx✝ : (Finsupp.linearCombination 𝔽 ⇑v) x = 0 ∧ ↑x.support ⊆ M.E\nh : (Finsupp.linearCombination 𝔽 ⇑v) x = 0\nh' : ↑x.support ⊆ M.E\n⊢ Finsupp.embDomain (Embedding.subtype M.E) ((Finsupp.supportedEquivFinsupp M.E) ⟨x, h'⟩) = x",
        "url": "https://github.com/apnelson1/Matroid/blob/af4cb50b83e8dc05a5c188bd5cf7431b5af421f0/Matroid/Representation/CycleSpace_.lean#L36"
      },
      "metadata": {
        "blame_email_hash": "b4e2115deba9",
        "blame_date": "2025-09-13T20:27:06-04:00",
        "inclusion_date": "2025-12-30T01:01:29.522234+00:00"
      },
      "id": "f8960f92579ebd7b37d3f8f14732d0e69fd17122f12e36bdbfe91e79d4a988ae"
    },
    "proof": null,
    "proof_verified": false,
    "feedback": null,
    "verification_message": "All 11 attempts failed (11 strategies x 1 attempts each)",
    "success": true,
    "error_type": null,
    "error_message": null,
    "strategy_name": "all_failed_k=1",
    "proof_attempts": [
      "rfl",
      "simp",
      "simp_all",
      "exact?",
      "grind",
      "ring",
      "norm_num",
      "omega",
      "linarith",
      "nlinarith",
      "aesop"
    ]
  }
]

[2026-01-11 00:08:25] [process_single_sorry] STDERR:
None of PyTorch, TensorFlow >= 2.0, or Flax have been found. Models won't be available and only tokenizers, configuration and file/data utilities can be used.
[2026-01-11 00:06:53] [INFO] ================================================================================
[2026-01-11 00:06:53] [INFO] Starting run_morphcloud_local.py
[2026-01-11 00:06:53] [INFO] ================================================================================
[2026-01-11 00:06:53] [INFO] Environment loaded
[2026-01-11 00:06:53] [INFO] Full command: /root/SorryDB/sorrydb/cli/run_morphcloud_local.py --repo-path /root/repo --sorry-json {"repo": {"remote": "https://github.com/apnelson1/Matroid", "branch": "main", "commit": "af4cb50b83e8dc05a5c188bd5cf7431b5af421f0", "lean_version": "v4.27.0-rc1"}, "location": {"path": "Matroid/Representation/CycleSpace_.lean", "start_line": 36, "start_column": 2, "end_line": 36, "end_column": 7}, "debug_info": {"goal": "case refine_2.refine_2\n\u03b1 : Type u_1\nW : Type u_3\n\ud835\udd3d : Type u_5\nM : Matroid \u03b1\ninst\u271d\u00b2 : Field \ud835\udd3d\ninst\u271d\u00b9 : AddCommGroup W\ninst\u271d : Module \ud835\udd3d W\nv : M.Rep \ud835\udd3d W\nx : \u03b1 \u2192\u2080 \ud835\udd3d\nx\u271d : (Finsupp.linearCombination \ud835\udd3d \u21d1v) x = 0 \u2227 \u2191x.support \u2286 M.E\nh : (Finsupp.linearCombination \ud835\udd3d \u21d1v) x = 0\nh' : \u2191x.support \u2286 M.E\n\u22a2 Finsupp.embDomain (Embedding.subtype M.E) ((Finsupp.supportedEquivFinsupp M.E) \u27e8x, h'\u27e9) = x", "url": "https://github.com/apnelson1/Matroid/blob/af4cb50b83e8dc05a5c188bd5cf7431b5af421f0/Matroid/Representation/CycleSpace_.lean#L36"}, "metadata": {"blame_email_hash": "b4e2115deba9", "blame_date": "2025-09-13T20:27:06-04:00", "inclusion_date": "2025-12-30T01:01:29.522234+00:00"}, "id": "f8960f92579ebd7b37d3f8f14732d0e69fd17122f12e36bdbfe91e79d4a988ae"} --agent-strategy {"name": "multi_tactic", "args": {}}
[2026-01-11 00:06:53] [INFO] Arguments parsed: repo_path=/root/repo, output_path=/root/repo/result.json
[2026-01-11 00:06:53] [INFO] Strategy spec: {"name": "multi_tactic", "args": {}}...
[2026-01-11 00:06:53] [INFO] Loading sorry data...
[2026-01-11 00:06:53] [INFO] Parsing sorry from JSON string...
[2026-01-11 00:06:53] [INFO] Sorry data parsed from JSON string
[2026-01-11 00:06:53] [INFO] Creating strategy from spec...
[2026-01-11 00:06:53] [INFO] Parsing strategy spec (length: 36 chars)
[2026-01-11 00:06:53] [INFO] Strategy name: multi_tactic
[2026-01-11 00:06:53] [INFO] Strategy args: {}
[2026-01-11 00:06:53] [INFO] Pass@k value: 1
[2026-01-11 00:06:53] [INFO] Creating strategy: multi_tactic
[2026-01-11 00:06:53] [INFO] Creating multi_tactic strategy with tactics: ['rfl', 'simp', 'simp_all', 'exact?', 'grind', 'ring', 'norm_num', 'omega', 'linarith', 'nlinarith', 'aesop']
[2026-01-11 00:06:53] [INFO] Strategies created: ['rfl', 'simp', 'simp_all', 'exact?', 'grind', 'ring', 'norm_num', 'omega', 'linarith', 'nlinarith', 'aesop']
[2026-01-11 00:06:53] [INFO] Pass@k value: 1
[2026-01-11 00:06:53] [INFO] Creating Sorry object...
[2026-01-11 00:06:53] [INFO] Sorry object created: id=f8960f92579ebd7b37d3f8f14732d0e69fd17122f12e36bdbfe91e79d4a988ae
[2026-01-11 00:06:53] [INFO] Sorry location: Matroid/Representation/CycleSpace_.lean:36
[2026-01-11 00:06:53] [INFO] Context before sorry (lines 31-36):
[2026-01-11 00:06:53] [INFO]   31:   · rintro ⟨c, hc, rfl⟩
[2026-01-11 00:06:53] [INFO]   32:     exact ⟨by simpa using hc, by simp [Finsupp.support_subset_iff]⟩
[2026-01-11 00:06:53] [INFO]   33:   refine ⟨Finsupp.supportedEquivFinsupp M.E (⟨x, h'⟩ : Finsupp.supported 𝔽 𝔽 M.E), ?_, ?_⟩
[2026-01-11 00:06:53] [INFO]   34:   · sorry
[2026-01-11 00:06:53] [INFO]   35: 
[2026-01-11 00:06:53] [INFO]   36:   sorry
[2026-01-11 00:06:53] [INFO] Sorry line:   sorry
[2026-01-11 00:06:53] [INFO] Sorry goal: case refine_2.refine_2
α : Type u_1
W : Type u_3
𝔽 : Type u_5
M : Matroid α
inst✝² : Field 𝔽
inst✝¹ ...
[2026-01-11 00:06:53] [INFO] ========================================
[2026-01-11 00:06:53] [INFO] Trying strategy: rfl (up to 1 attempts)
[2026-01-11 00:06:53] [INFO] --------------------
[2026-01-11 00:06:53] [INFO] Strategy rfl, attempt 1/1
[2026-01-11 00:06:53] [INFO] Starting proof generation...
[2026-01-11 00:06:53] [INFO] Repository path: /root/repo
[2026-01-11 00:06:53] [INFO] Proof generation completed
[2026-01-11 00:06:53] [INFO] Generated proof:
[2026-01-11 00:06:53] [INFO] rfl
[2026-01-11 00:06:53] [INFO] Proof length: 3 chars
[2026-01-11 00:06:53] [INFO] Starting proof verification...
[2026-01-11 00:06:53] [INFO] Verifying at: Matroid/Representation/CycleSpace_.lean:36
[2026-01-11 00:06:53] [INFO] Using LEAN INTERACT verify
[2026-01-11 00:06:53] [INFO] Checking file
[2026-01-11 00:07:27] [INFO] Cannot build modified file <error line="36" column="2">
<code_line>  rfl</code_line>
<message>error: Tactic `rfl` failed: The left-hand side</message>
</error>
  Finsupp.embDomain (Embedding.subtype M.E) ((Finsupp.supportedEquivFinsupp M.E) ⟨x, h'⟩)
is not definitionally equal to the right-hand side
  x

case refine_2.refine_2
α : Type u_1
W : Type u_3
𝔽 : Type u_5
M : Matroid α
inst✝² : Field 𝔽
inst✝¹ : AddCommGroup W
inst✝ : Module 𝔽 W
v : M.Rep 𝔽 W
x : α →₀ 𝔽
x✝ : (Finsupp.linearCombination 𝔽 ⇑v) x = 0 ∧ ↑x.support ⊆ M.E
h : (Finsupp.linearCombination 𝔽 ⇑v) x = 0
h' : ↑x.support ⊆ M.E
⊢ Finsupp.embDomain (Embedding.subtype M.E) ((Finsupp.supportedEquivFinsupp M.E) ⟨x, h'⟩) = x
  mem_subtypeCycleSpace_iff

Hint: Omit it from the simp argument list.
  simp only [Rep.cycleSpace, Finsupp.lEmbDomain, mem_map, m̵e̵m̵_̵s̵u̵b̵t̵y̵p̵e̵C̵y̵c̵l̵e̵S̵p̵a̵c̵e̵_̵i̵f̵f̵,̵LinearMap.coe_mk, AddHom.coe_mk,
  ̲  ̲ ̲ ̲Finsupp.fun_support_eq]

Note: This linter can be disabled with `set_option linter.unusedSimpArgs false`
  Finsupp.fun_support_eq

Hint: Omit it from the simp argument list.
  simp only [Rep.cycleSpace, Finsupp.lEmbDomain, mem_map, mem_subtypeCycleSpace_iff,
      LinearMap.coe_mk, AddHom.coe_mk,̵ ̵F̵i̵n̵s̵u̵p̵p̵.̵f̵u̵n̵_̵s̵u̵p̵p̵o̵r̵t̵_̵e̵q̵]

Note: This linter can be disabled with `set_option linter.unusedSimpArgs false`
[2026-01-11 00:07:27] [INFO] Proof verification completed
[2026-01-11 00:07:27] [INFO] Strategy rfl attempt 1: verified=False
[2026-01-11 00:07:27] [INFO] Verification message: Cannot build modified file: <error line="36" column="2">
<code_line>  rfl</code_line>
<message>error: Tactic `rfl` failed: The left-hand side</message>
</error>
  Finsupp.embDomain (Embedding.subtype M.E) ((Finsupp.supportedEquivFinsupp M.E) ⟨x, h'⟩)
is not definitionally equal to the right-hand side
  x

case refine_2.refine_2
α : Type u_1
W : Type u_3
𝔽 : Type u_5
M : Matroid α
inst✝² : Field 𝔽
inst✝¹ : AddCommGroup W
inst✝ : Module 𝔽 W
v : M.Rep 𝔽 W
x : α →₀ 𝔽
x✝ : (Finsupp.linearCombination 𝔽 ⇑v) x = 0 ∧ ↑x.support ⊆ M.E
h : (Finsupp.linearCombination 𝔽 ⇑v) x = 0
h' : ↑x.support ⊆ M.E
⊢ Finsupp.embDomain (Embedding.subtype M.E) ((Finsupp.supportedEquivFinsupp M.E) ⟨x, h'⟩) = x
  mem_subtypeCycleSpace_iff

Hint: Omit it from the simp argument list.
  simp only [Rep.cycleSpace, Finsupp.lEmbDomain, mem_map, m̵e̵m̵_̵s̵u̵b̵t̵y̵p̵e̵C̵y̵c̵l̵e̵S̵p̵a̵c̵e̵_̵i̵f̵f̵,̵LinearMap.coe_mk, AddHom.coe_mk,
  ̲  ̲ ̲ ̲Finsupp.fun_support_eq]

Note: This linter can be disabled with `set_option linter.unusedSimpArgs false`
  Finsupp.fun_support_eq

Hint: Omit it from the simp argument list.
  simp only [Rep.cycleSpace, Finsupp.lEmbDomain, mem_map, mem_subtypeCycleSpace_iff,
      LinearMap.coe_mk, AddHom.coe_mk,̵ ̵F̵i̵n̵s̵u̵p̵p̵.̵f̵u̵n̵_̵s̵u̵p̵p̵o̵r̵t̵_̵e̵q̵]

Note: This linter can be disabled with `set_option linter.unusedSimpArgs false`

[2026-01-11 00:07:27] [INFO] Attempt 1 failed verification, continuing...
[2026-01-11 00:07:27] [INFO] ========================================
[2026-01-11 00:07:27] [INFO] Trying strategy: simp (up to 1 attempts)
[2026-01-11 00:07:27] [INFO] --------------------
[2026-01-11 00:07:27] [INFO] Strategy simp, attempt 1/1
[2026-01-11 00:07:27] [INFO] Starting proof generation...
[2026-01-11 00:07:27] [INFO] Repository path: /root/repo
[2026-01-11 00:07:27] [INFO] Proof generation completed
[2026-01-11 00:07:27] [INFO] Generated proof:
[2026-01-11 00:07:27] [INFO] simp
[2026-01-11 00:07:27] [INFO] Proof length: 4 chars
[2026-01-11 00:07:27] [INFO] Starting proof verification...
[2026-01-11 00:07:27] [INFO] Verifying at: Matroid/Representation/CycleSpace_.lean:36
[2026-01-11 00:07:27] [INFO] Using LEAN INTERACT verify
[2026-01-11 00:07:27] [INFO] Checking file
[2026-01-11 00:07:32] [INFO] Cannot build modified file <error line="36" column="2">
<code_line>  simp</code_line>
<message>error: `simp` made no progress</message>
</error>
  mem_subtypeCycleSpace_iff

Hint: Omit it from the simp argument list.
  simp only [Rep.cycleSpace, Finsupp.lEmbDomain, mem_map, m̵e̵m̵_̵s̵u̵b̵t̵y̵p̵e̵C̵y̵c̵l̵e̵S̵p̵a̵c̵e̵_̵i̵f̵f̵,̵LinearMap.coe_mk, AddHom.coe_mk,
  ̲  ̲ ̲ ̲Finsupp.fun_support_eq]

Note: This linter can be disabled with `set_option linter.unusedSimpArgs false`
  Finsupp.fun_support_eq

Hint: Omit it from the simp argument list.
  simp only [Rep.cycleSpace, Finsupp.lEmbDomain, mem_map, mem_subtypeCycleSpace_iff,
      LinearMap.coe_mk, AddHom.coe_mk,̵ ̵F̵i̵n̵s̵u̵p̵p̵.̵f̵u̵n̵_̵s̵u̵p̵p̵o̵r̵t̵_̵e̵q̵]

Note: This linter can be disabled with `set_option linter.unusedSimpArgs false`
[2026-01-11 00:07:32] [INFO] Proof verification completed
[2026-01-11 00:07:32] [INFO] Strategy simp attempt 1: verified=False
[2026-01-11 00:07:32] [INFO] Verification message: Cannot build modified file: <error line="36" column="2">
<code_line>  simp</code_line>
<message>error: `simp` made no progress</message>
</error>
  mem_subtypeCycleSpace_iff

Hint: Omit it from the simp argument list.
  simp only [Rep.cycleSpace, Finsupp.lEmbDomain, mem_map, m̵e̵m̵_̵s̵u̵b̵t̵y̵p̵e̵C̵y̵c̵l̵e̵S̵p̵a̵c̵e̵_̵i̵f̵f̵,̵LinearMap.coe_mk, AddHom.coe_mk,
  ̲  ̲ ̲ ̲Finsupp.fun_support_eq]

Note: This linter can be disabled with `set_option linter.unusedSimpArgs false`
  Finsupp.fun_support_eq

Hint: Omit it from the simp argument list.
  simp only [Rep.cycleSpace, Finsupp.lEmbDomain, mem_map, mem_subtypeCycleSpace_iff,
      LinearMap.coe_mk, AddHom.coe_mk,̵ ̵F̵i̵n̵s̵u̵p̵p̵.̵f̵u̵n̵_̵s̵u̵p̵p̵o̵r̵t̵_̵e̵q̵]

Note: This linter can be disabled with `set_option linter.unusedSimpArgs false`

[2026-01-11 00:07:32] [INFO] Attempt 1 failed verification, continuing...
[2026-01-11 00:07:32] [INFO] ========================================
[2026-01-11 00:07:32] [INFO] Trying strategy: simp_all (up to 1 attempts)
[2026-01-11 00:07:32] [INFO] --------------------
[2026-01-11 00:07:32] [INFO] Strategy simp_all, attempt 1/1
[2026-01-11 00:07:32] [INFO] Starting proof generation...
[2026-01-11 00:07:32] [INFO] Repository path: /root/repo
[2026-01-11 00:07:32] [INFO] Proof generation completed
[2026-01-11 00:07:32] [INFO] Generated proof:
[2026-01-11 00:07:32] [INFO] simp_all
[2026-01-11 00:07:32] [INFO] Proof length: 8 chars
[2026-01-11 00:07:32] [INFO] Starting proof verification...
[2026-01-11 00:07:32] [INFO] Verifying at: Matroid/Representation/CycleSpace_.lean:36
[2026-01-11 00:07:32] [INFO] Using LEAN INTERACT verify
[2026-01-11 00:07:32] [INFO] Checking file
[2026-01-11 00:07:38] [INFO] Cannot build modified file <error line="26" column="90">
<code_line>    x ∈ v.cycleSpace ↔ Finsupp.linearCombination 𝔽 v x = 0 ∧ (x.support : Set α) ⊆ M.E := by</code_line>
<message>error: unsolved goals</message>
</error>
case refine_2.refine_2
α : Type u_1
W : Type u_3
𝔽 : Type u_5
M : Matroid α
inst✝² : Field 𝔽
inst✝¹ : AddCommGroup W
inst✝ : Module 𝔽 W
v : M.Rep 𝔽 W
x : α →₀ 𝔽
h : (Finsupp.linearCombination 𝔽 ⇑v) x = 0
h' : ↑x.support ⊆ M.E
⊢ Finsupp.embDomain (Embedding.subtype M.E) ((Finsupp.supportedEquivFinsupp M.E) ⟨x, h'⟩) = x
  mem_subtypeCycleSpace_iff

Hint: Omit it from the simp argument list.
  simp only [Rep.cycleSpace, Finsupp.lEmbDomain, mem_map, m̵e̵m̵_̵s̵u̵b̵t̵y̵p̵e̵C̵y̵c̵l̵e̵S̵p̵a̵c̵e̵_̵i̵f̵f̵,̵LinearMap.coe_mk, AddHom.coe_mk,
  ̲  ̲ ̲ ̲Finsupp.fun_support_eq]

Note: This linter can be disabled with `set_option linter.unusedSimpArgs false`
  Finsupp.fun_support_eq

Hint: Omit it from the simp argument list.
  simp only [Rep.cycleSpace, Finsupp.lEmbDomain, mem_map, mem_subtypeCycleSpace_iff,
      LinearMap.coe_mk, AddHom.coe_mk,̵ ̵F̵i̵n̵s̵u̵p̵p̵.̵f̵u̵n̵_̵s̵u̵p̵p̵o̵r̵t̵_̵e̵q̵]

Note: This linter can be disabled with `set_option linter.unusedSimpArgs false`
[2026-01-11 00:07:38] [INFO] Proof verification completed
[2026-01-11 00:07:38] [INFO] Strategy simp_all attempt 1: verified=False
[2026-01-11 00:07:38] [INFO] Verification message: Cannot build modified file: <error line="26" column="90">
<code_line>    x ∈ v.cycleSpace ↔ Finsupp.linearCombination 𝔽 v x = 0 ∧ (x.support : Set α) ⊆ M.E := by</code_line>
<message>error: unsolved goals</message>
</error>
case refine_2.refine_2
α : Type u_1
W : Type u_3
𝔽 : Type u_5
M : Matroid α
inst✝² : Field 𝔽
inst✝¹ : AddCommGroup W
inst✝ : Module 𝔽 W
v : M.Rep 𝔽 W
x : α →₀ 𝔽
h : (Finsupp.linearCombination 𝔽 ⇑v) x = 0
h' : ↑x.support ⊆ M.E
⊢ Finsupp.embDomain (Embedding.subtype M.E) ((Finsupp.supportedEquivFinsupp M.E) ⟨x, h'⟩) = x
  mem_subtypeCycleSpace_iff

Hint: Omit it from the simp argument list.
  simp only [Rep.cycleSpace, Finsupp.lEmbDomain, mem_map, m̵e̵m̵_̵s̵u̵b̵t̵y̵p̵e̵C̵y̵c̵l̵e̵S̵p̵a̵c̵e̵_̵i̵f̵f̵,̵LinearMap.coe_mk, AddHom.coe_mk,
  ̲  ̲ ̲ ̲Finsupp.fun_support_eq]

Note: This linter can be disabled with `set_option linter.unusedSimpArgs false`
  Finsupp.fun_support_eq

Hint: Omit it from the simp argument list.
  simp only [Rep.cycleSpace, Finsupp.lEmbDomain, mem_map, mem_subtypeCycleSpace_iff,
      LinearMap.coe_mk, AddHom.coe_mk,̵ ̵F̵i̵n̵s̵u̵p̵p̵.̵f̵u̵n̵_̵s̵u̵p̵p̵o̵r̵t̵_̵e̵q̵]

Note: This linter can be disabled with `set_option linter.unusedSimpArgs false`

[2026-01-11 00:07:38] [INFO] Attempt 1 failed verification, continuing...
[2026-01-11 00:07:38] [INFO] ========================================
[2026-01-11 00:07:38] [INFO] Trying strategy: exact? (up to 1 attempts)
[2026-01-11 00:07:38] [INFO] --------------------
[2026-01-11 00:07:38] [INFO] Strategy exact?, attempt 1/1
[2026-01-11 00:07:38] [INFO] Starting proof generation...
[2026-01-11 00:07:38] [INFO] Repository path: /root/repo
[2026-01-11 00:07:38] [INFO] Proof generation completed
[2026-01-11 00:07:38] [INFO] Generated proof:
[2026-01-11 00:07:38] [INFO] exact?
[2026-01-11 00:07:38] [INFO] Proof length: 6 chars
[2026-01-11 00:07:38] [INFO] Starting proof verification...
[2026-01-11 00:07:38] [INFO] Verifying at: Matroid/Representation/CycleSpace_.lean:36
[2026-01-11 00:07:38] [INFO] Using LEAN INTERACT verify
[2026-01-11 00:07:38] [INFO] Checking file
[2026-01-11 00:07:51] [INFO] Cannot build modified file <error line="36" column="2">
<code_line>  exact?</code_line>
<message>error: `exact?` could not close the goal. Try `apply?` to see partial suggestions.</message>
</error>
  mem_subtypeCycleSpace_iff

Hint: Omit it from the simp argument list.
  simp only [Rep.cycleSpace, Finsupp.lEmbDomain, mem_map, m̵e̵m̵_̵s̵u̵b̵t̵y̵p̵e̵C̵y̵c̵l̵e̵S̵p̵a̵c̵e̵_̵i̵f̵f̵,̵LinearMap.coe_mk, AddHom.coe_mk,
  ̲  ̲ ̲ ̲Finsupp.fun_support_eq]

Note: This linter can be disabled with `set_option linter.unusedSimpArgs false`
  Finsupp.fun_support_eq

Hint: Omit it from the simp argument list.
  simp only [Rep.cycleSpace, Finsupp.lEmbDomain, mem_map, mem_subtypeCycleSpace_iff,
      LinearMap.coe_mk, AddHom.coe_mk,̵ ̵F̵i̵n̵s̵u̵p̵p̵.̵f̵u̵n̵_̵s̵u̵p̵p̵o̵r̵t̵_̵e̵q̵]

Note: This linter can be disabled with `set_option linter.unusedSimpArgs false`
[2026-01-11 00:07:51] [INFO] Proof verification completed
[2026-01-11 00:07:51] [INFO] Strategy exact? attempt 1: verified=False
[2026-01-11 00:07:51] [INFO] Verification message: Cannot build modified file: <error line="36" column="2">
<code_line>  exact?</code_line>
<message>error: `exact?` could not close the goal. Try `apply?` to see partial suggestions.</message>
</error>
  mem_subtypeCycleSpace_iff

Hint: Omit it from the simp argument list.
  simp only [Rep.cycleSpace, Finsupp.lEmbDomain, mem_map, m̵e̵m̵_̵s̵u̵b̵t̵y̵p̵e̵C̵y̵c̵l̵e̵S̵p̵a̵c̵e̵_̵i̵f̵f̵,̵LinearMap.coe_mk, AddHom.coe_mk,
  ̲  ̲ ̲ ̲Finsupp.fun_support_eq]

Note: This linter can be disabled with `set_option linter.unusedSimpArgs false`
  Finsupp.fun_support_eq

Hint: Omit it from the simp argument list.
  simp only [Rep.cycleSpace, Finsupp.lEmbDomain, mem_map, mem_subtypeCycleSpace_iff,
      LinearMap.coe_mk, AddHom.coe_mk,̵ ̵F̵i̵n̵s̵u̵p̵p̵.̵f̵u̵n̵_̵s̵u̵p̵p̵o̵r̵t̵_̵e̵q̵]

Note: This linter can be disabled with `set_option linter.unusedSimpArgs false`

[2026-01-11 00:07:51] [INFO] Attempt 1 failed verification, continuing...
[2026-01-11 00:07:51] [INFO] ========================================
[2026-01-11 00:07:51] [INFO] Trying strategy: grind (up to 1 attempts)
[2026-01-11 00:07:51] [INFO] --------------------
[2026-01-11 00:07:51] [INFO] Strategy grind, attempt 1/1
[2026-01-11 00:07:51] [INFO] Starting proof generation...
[2026-01-11 00:07:51] [INFO] Repository path: /root/repo
[2026-01-11 00:07:51] [INFO] Proof generation completed
[2026-01-11 00:07:51] [INFO] Generated proof:
[2026-01-11 00:07:51] [INFO] grind
[2026-01-11 00:07:51] [INFO] Proof length: 5 chars
[2026-01-11 00:07:51] [INFO] Starting proof verification...
[2026-01-11 00:07:51] [INFO] Verifying at: Matroid/Representation/CycleSpace_.lean:36
[2026-01-11 00:07:51] [INFO] Using LEAN INTERACT verify
[2026-01-11 00:07:51] [INFO] Checking file
[2026-01-11 00:07:56] [INFO] Cannot build modified file <error line="36" column="2">
<code_line>  grind</code_line>
<message>error: `grind` failed</message>
</error>
case grind.1
α : Type u_1
W : Type u_3
𝔽 : Type u_5
M : Matroid α
inst : Field 𝔽
inst_1 : AddCommGroup W
inst_2 : Module 𝔽 W
v : M.Rep 𝔽 W
x : α →₀ 𝔽
h_1 : (Finsupp.linearCombination 𝔽 ⇑v) x = 0 ∧ ↑x.support ⊆ M.E
h : (Finsupp.linearCombination 𝔽 ⇑v) x = 0
h' : ↑x.support ⊆ M.E
h_2 : ¬Finsupp.embDomain (Embedding.subtype M.E) ((Finsupp.supportedEquivFinsupp M.E) ⟨x, ⋯⟩) = x
w : α
h_3 : ¬(Finsupp.embDomain (Embedding.subtype M.E) ((Finsupp.supportedEquivFinsupp M.E) ⟨x, ⋯⟩)) w = x w
val : α
property : M.E val
h_5 : (Embedding.subtype M.E) ⟨val, ⋯⟩ = w
⊢ False
[grind] Goal diagnostics
  [facts] Asserted facts
    [prop] (Finsupp.linearCombination 𝔽 ⇑v) x = 0 ∧ ↑x.support ⊆ M.E
    [prop] (Finsupp.linearCombination 𝔽 ⇑v) x = 0
    [prop] ↑x.support ⊆ M.E
    [prop] ¬Finsupp.embDomain (Embedding.subtype M.E) ((Finsupp.supportedEquivFinsupp M.E) ⟨x, ⋯⟩) = x
    [prop] ∃ a, ¬(Finsupp.embDomain (Embedding.subtype M.E) ((Finsupp.supportedEquivFinsupp M.E) ⟨x, ⋯⟩)) a = x a
    [prop] (↑x.support ⊆ M.E) = ∀ x_1 ∈ ↑x.support, x_1 ∈ M.E
    [prop] Injective SetLike.coe
    [prop] ¬(Finsupp.embDomain (Embedding.subtype M.E) ((Finsupp.supportedEquivFinsupp M.E) ⟨x, ⋯⟩)) w = x w
    [prop] (Finsupp.embDomain (Embedding.subtype M.E) ((Finsupp.supportedEquivFinsupp M.E) ⟨x, ⋯⟩)) w =
          if h : ∃ a, (Embedding.subtype M.E) a = w then
            ((Finsupp.supportedEquivFinsupp M.E) ⟨x, ⋯⟩) (Classical.choose ⋯)
          else 0
    [prop] M.E val
    [prop] (Embedding.subtype M.E) ⟨val, ⋯⟩ = w
    [prop] (Finsupp.embDomain (Embedding.subtype M.E) ((Finsupp.supportedEquivFinsupp M.E) ⟨x, ⋯⟩))
            ((Embedding.subtype M.E) ⟨val, ⋯⟩) =
          ((Finsupp.supportedEquivFinsupp M.E) ⟨x, ⋯⟩) ⟨val, ⋯⟩
    [prop] Injective ⇑(Embedding.subtype M.E)
    [prop] M.E ↑((⇑(Embedding.subtype M.E))⁻¹ ((Embedding.subtype M.E) ⟨val, ⋯⟩))
  [eqc] True propositions
    [prop] Nonempty (Finset α)
    [prop] (Finsupp.linearCombination 𝔽 ⇑v) x = 0 ∧ ↑x.support ⊆ M.E
    [prop] (Finsupp.linearCombination 𝔽 ⇑v) x = 0
    [prop] ↑x.support ⊆ M.E
    [prop] RingHomInvPair (RingHom.id 𝔽) (RingHom.id 𝔽)
    [prop] ∃ a, ¬(Finsupp.embDomain (Embedding.subtype M.E) ((Finsupp.supportedEquivFinsupp M.E) ⟨x, ⋯⟩)) a = x a
    [prop] (↑x.support ⊆ M.E) = ∀ x_1 ∈ ↑x.support, x_1 ∈ M.E
    [prop] Injective SetLike.coe
    [prop] ∀ x_1 ∈ ↑x.support, x_1 ∈ M.E
    [prop] Nonempty (Subtype M.E)
    [prop] M.E val
    [prop] M.E ↑((⇑(Embedding.subtype M.E))⁻¹ ((Embedding.subtype M.E) ⟨val, ⋯⟩))
    [prop] Injective ⇑(Embedding.subtype M.E)
  [eqc] False propositions
    [prop] Finsupp.embDomain (Embedding.subtype M.E) ((Finsupp.supportedEquivFinsupp M.E) ⟨x, ⋯⟩) = x
    [prop] (Finsupp.embDomain (Embedding.subtype M.E) ((Finsupp.supportedEquivFinsupp M.E) ⟨x, ⋯⟩)) w = x w
  [eqc] Equivalence classes
    [eqc] {0, (Finsupp.linearCombination 𝔽 ⇑v) x}
    [eqc] {Membership.mem M.E, fun x => x ∈ M.E}
    [eqc] {Membership.mem (Finsupp.supported 𝔽 𝔽 M.E), fun x => x ∈ Finsupp.supported 𝔽 𝔽 M.E}
    [eqc] {w, (Embedding.subtype M.E) ⟨val, ⋯⟩}
    [eqc] {(Finsupp.embDomain (Embedding.subtype M.E) ((Finsupp.supportedEquivFinsupp M.E) ⟨x, ⋯⟩)) w,
        (Finsupp.embDomain (Embedding.subtype M.E) ((Finsupp.supportedEquivFinsupp M.E) ⟨x, ⋯⟩))
          ((Embedding.subtype M.E) ⟨val, ⋯⟩),
        ((Finsupp.supportedEquivFinsupp M.E) ⟨x, ⋯⟩) ⟨val, ⋯⟩}
      [eqc] {if h : ∃ a, (Embedding.subtype M.E) a = w then
            ((Finsupp.supportedEquivFinsupp M.E) ⟨x, ⋯⟩) (Classical.choose ⋯)
          else 0}
    [eqc] {val, ↑((⇑(Embedding.subtype M.E))⁻¹ ((Embedding.subtype M.E) ⟨val, ⋯⟩))}
      [eqc] {↑⟨↑((⇑(Embedding.subtype M.E))⁻¹ ((Embedding.subtype M.E) ⟨val, ⋯⟩)), ⋯⟩}
    [eqc] {⟨val, ⋯⟩, ⟨↑((⇑(Embedding.subtype M.E))⁻¹ ((Embedding.subtype M.E) ⟨val, ⋯⟩)), ⋯⟩}
      [eqc] {(⇑(Embedding.subtype M.E))⁻¹ ((Embedding.subtype M.E) ⟨val, ⋯⟩),
          (⇑(Embedding.subtype M.E))⁻¹ ((Embedding.subtype M.E) ⟨val, ⋯⟩)}
    [eqc] others
      [eqc] {x.support, SetLike.coe⁻¹ ↑x.support}
  [cases] Case analyses
    [cases] [1/1]: ∃ a,
          ¬(Finsupp.embDomain (Embedding.subtype M.E) ((Finsupp.supportedEquivFinsupp M.E) ⟨x, ⋯⟩)) a = x a
      [cases] source: Extensionality `Finsupp.ext`
    [cases] [1/2]: if h : ∃ a, (Embedding.subtype M.E) a = w then
          ((Finsupp.supportedEquivFinsupp M.E) ⟨x, ⋯⟩) (Classical.choose ⋯)
        else 0
      [cases] source: E-matching `Finsupp.embDomain_apply`
  [ematch] E-matching patterns
    [thm] Finsupp.zero_apply: [@DFunLike.coe (Finsupp #3 #2 #1) _ _ _ (@OfNat.ofNat (Finsupp _ _ _) `[0] _) #0]
    [thm] map_one: [@DFunLike.coe #5 #7 _ #2 #0 (@OfNat.ofNat _ `[1] _)]
    [thm] map_zero: [@DFunLike.coe #5 #7 _ #2 #0 (@OfNat.ofNat _ `[0] _)]
    [thm] subset_def: [@Subset _ _ #1 #0]
    [thm] Finset.subset_iff: [@Subset (Finset #2) _ #1 #0]
    [thm] Finset.coe_injective: [@SetLike.coe (Finset #0) _ _]
    [thm] Finsupp.support_zero: [@Finsupp.support #2 #1 #0 (@OfNat.ofNat (Finsupp _ _ _) `[0] _)]
    [thm] Finsupp.embDomain_apply: [@DFunLike.coe (Finsupp #5 #4 #3) _ _ _ (@Finsupp.embDomain #6 _ _ _ #2 #1) #0]
    [thm] Finsupp.mem_support_iff: [@Membership.mem #4 (Finset _) _ (@Finsupp.support _ #3 #2 #1) #0]
    [thm] Multiset.notMem_zero: [@Membership.mem #1 _ _ (@OfNat.ofNat _ `[0] _) #0]
    [thm] Finset.mem_coe: [@Membership.mem #2 _ _ (@SetLike.coe (Finset _) _ _ #0) #1]
    [thm] Ideal.one_eq_top: [@OfNat.ofNat (Submodule #1 _ #0 _ _) `[1] _]
    [thm] local_0: [@Membership.mem `[α] `[Set α] `[instMembership] `[↑x.support] #1]
    [thm] local_0: [@Membership.mem `[α] `[Set α] `[instMembership] `[M.E] #1]
    [thm] Finsupp.embDomain_apply_self: [@DFunLike.coe (Finsupp #5 #4 #3) _ _ _ (@Finsupp.embDomain #6 _ _ _ #2 #1) (@DFunLike.coe (Embedding _ _) _ _ _ #2 #0)]
    [thm] Embedding.injective: [@DFunLike.coe (Embedding #2 #1) _ _ _ #0]
    [thm] Subtype.property: [@Subtype.val #2 #1 #0]
  [linarith] Linarith assignment for `W`
    [assign] (Finsupp.linearCombination 𝔽 ⇑v) x := 0
[grind] Diagnostics
  [thm] E-Matching instances
    [thm] Finset.coe_injective ↦ 1
    [thm] Finsupp.embDomain_apply ↦ 1
    [thm] Finsupp.embDomain_apply_self ↦ 1
    [thm] subset_def ↦ 1
    [thm] Subtype.property ↦ 1
    [thm] Embedding.injective ↦ 1
  [cases] Cases instances
    [cases] Subtype ↦ 1
  mem_subtypeCycleSpace_iff

Hint: Omit it from the simp argument list.
  simp only [Rep.cycleSpace, Finsupp.lEmbDomain, mem_map, m̵e̵m̵_̵s̵u̵b̵t̵y̵p̵e̵C̵y̵c̵l̵e̵S̵p̵a̵c̵e̵_̵i̵f̵f̵,̵LinearMap.coe_mk, AddHom.coe_mk,
  ̲  ̲ ̲ ̲Finsupp.fun_support_eq]

Note: This linter can be disabled with `set_option linter.unusedSimpArgs false`
  Finsupp.fun_support_eq

Hint: Omit it from the simp argument list.
  simp only [Rep.cycleSpace, Finsupp.lEmbDomain, mem_map, mem_subtypeCycleSpace_iff,
      LinearMap.coe_mk, AddHom.coe_mk,̵ ̵F̵i̵n̵s̵u̵p̵p̵.̵f̵u̵n̵_̵s̵u̵p̵p̵o̵r̵t̵_̵e̵q̵]

Note: This linter can be disabled with `set_option linter.unusedSimpArgs false`
[2026-01-11 00:07:56] [INFO] Proof verification completed
[2026-01-11 00:07:56] [INFO] Strategy grind attempt 1: verified=False
[2026-01-11 00:07:56] [INFO] Verification message: Cannot build modified file: <error line="36" column="2">
<code_line>  grind</code_line>
<message>error: `grind` failed</message>
</error>
case grind.1
α : Type u_1
W : Type u_3
𝔽 : Type u_5
M : Matroid α
inst : Field 𝔽
inst_1 : AddCommGroup W
inst_2 : Module 𝔽 W
v : M.Rep 𝔽 W
x : α →₀ 𝔽
h_1 : (Finsupp.linearCombination 𝔽 ⇑v) x = 0 ∧ ↑x.support ⊆ M.E
h : (Finsupp.linearCombination 𝔽 ⇑v) x = 0
h' : ↑x.support ⊆ M.E
h_2 : ¬Finsupp.embDomain (Embedding.subtype M.E) ((Finsupp.supportedEquivFinsupp M.E) ⟨x, ⋯⟩) = x
w : α
h_3 : ¬(Finsupp.embDomain (Embedding.subtype M.E) ((Finsupp.supportedEquivFinsupp M.E) ⟨x, ⋯⟩)) w = x w
val : α
property : M.E val
h_5 : (Embedding.subtype M.E) ⟨val, ⋯⟩ = w
⊢ False
[grind] Goal diagnostics
  [facts] Asserted facts
    [prop] (Finsupp.linearCombination 𝔽 ⇑v) x = 0 ∧ ↑x.support ⊆ M.E
    [prop] (Finsupp.linearCombination 𝔽 ⇑v) x = 0
    [prop] ↑x.support ⊆ M.E
    [prop] ¬Finsupp.embDomain (Embedding.subtype M.E) ((Finsupp.supportedEquivFinsupp M.E) ⟨x, ⋯⟩) = x
    [prop] ∃ a, ¬(Finsupp.embDomain (Embedding.subtype M.E) ((Finsupp.supportedEquivFinsupp M.E) ⟨x, ⋯⟩)) a = x a
    [prop] (↑x.support ⊆ M.E) = ∀ x_1 ∈ ↑x.support, x_1 ∈ M.E
    [prop] Injective SetLike.coe
    [prop] ¬(Finsupp.embDomain (Embedding.subtype M.E) ((Finsupp.supportedEquivFinsupp M.E) ⟨x, ⋯⟩)) w = x w
    [prop] (Finsupp.embDomain (Embedding.subtype M.E) ((Finsupp.supportedEquivFinsupp M.E) ⟨x, ⋯⟩)) w =
          if h : ∃ a, (Embedding.subtype M.E) a = w then
            ((Finsupp.supportedEquivFinsupp M.E) ⟨x, ⋯⟩) (Classical.choose ⋯)
          else 0
    [prop] M.E val
    [prop] (Embedding.subtype M.E) ⟨val, ⋯⟩ = w
    [prop] (Finsupp.embDomain (Embedding.subtype M.E) ((Finsupp.supportedEquivFinsupp M.E) ⟨x, ⋯⟩))
            ((Embedding.subtype M.E) ⟨val, ⋯⟩) =
          ((Finsupp.supportedEquivFinsupp M.E) ⟨x, ⋯⟩) ⟨val, ⋯⟩
    [prop] Injective ⇑(Embedding.subtype M.E)
    [prop] M.E ↑((⇑(Embedding.subtype M.E))⁻¹ ((Embedding.subtype M.E) ⟨val, ⋯⟩))
  [eqc] True propositions
    [prop] Nonempty (Finset α)
    [prop] (Finsupp.linearCombination 𝔽 ⇑v) x = 0 ∧ ↑x.support ⊆ M.E
    [prop] (Finsupp.linearCombination 𝔽 ⇑v) x = 0
    [prop] ↑x.support ⊆ M.E
    [prop] RingHomInvPair (RingHom.id 𝔽) (RingHom.id 𝔽)
    [prop] ∃ a, ¬(Finsupp.embDomain (Embedding.subtype M.E) ((Finsupp.supportedEquivFinsupp M.E) ⟨x, ⋯⟩)) a = x a
    [prop] (↑x.support ⊆ M.E) = ∀ x_1 ∈ ↑x.support, x_1 ∈ M.E
    [prop] Injective SetLike.coe
    [prop] ∀ x_1 ∈ ↑x.support, x_1 ∈ M.E
    [prop] Nonempty (Subtype M.E)
    [prop] M.E val
    [prop] M.E ↑((⇑(Embedding.subtype M.E))⁻¹ ((Embedding.subtype M.E) ⟨val, ⋯⟩))
    [prop] Injective ⇑(Embedding.subtype M.E)
  [eqc] False propositions
    [prop] Finsupp.embDomain (Embedding.subtype M.E) ((Finsupp.supportedEquivFinsupp M.E) ⟨x, ⋯⟩) = x
    [prop] (Finsupp.embDomain (Embedding.subtype M.E) ((Finsupp.supportedEquivFinsupp M.E) ⟨x, ⋯⟩)) w = x w
  [eqc] Equivalence classes
    [eqc] {0, (Finsupp.linearCombination 𝔽 ⇑v) x}
    [eqc] {Membership.mem M.E, fun x => x ∈ M.E}
    [eqc] {Membership.mem (Finsupp.supported 𝔽 𝔽 M.E), fun x => x ∈ Finsupp.supported 𝔽 𝔽 M.E}
    [eqc] {w, (Embedding.subtype M.E) ⟨val, ⋯⟩}
    [eqc] {(Finsupp.embDomain (Embedding.subtype M.E) ((Finsupp.supportedEquivFinsupp M.E) ⟨x, ⋯⟩)) w,
        (Finsupp.embDomain (Embedding.subtype M.E) ((Finsupp.supportedEquivFinsupp M.E) ⟨x, ⋯⟩))
          ((Embedding.subtype M.E) ⟨val, ⋯⟩),
        ((Finsupp.supportedEquivFinsupp M.E) ⟨x, ⋯⟩) ⟨val, ⋯⟩}
      [eqc] {if h : ∃ a, (Embedding.subtype M.E) a = w then
            ((Finsupp.supportedEquivFinsupp M.E) ⟨x, ⋯⟩) (Classical.choose ⋯)
          else 0}
    [eqc] {val, ↑((⇑(Embedding.subtype M.E))⁻¹ ((Embedding.subtype M.E) ⟨val, ⋯⟩))}
      [eqc] {↑⟨↑((⇑(Embedding.subtype M.E))⁻¹ ((Embedding.subtype M.E) ⟨val, ⋯⟩)), ⋯⟩}
    [eqc] {⟨val, ⋯⟩, ⟨↑((⇑(Embedding.subtype M.E))⁻¹ ((Embedding.subtype M.E) ⟨val, ⋯⟩)), ⋯⟩}
      [eqc] {(⇑(Embedding.subtype M.E))⁻¹ ((Embedding.subtype M.E) ⟨val, ⋯⟩),
          (⇑(Embedding.subtype M.E))⁻¹ ((Embedding.subtype M.E) ⟨val, ⋯⟩)}
    [eqc] others
      [eqc] {x.support, SetLike.coe⁻¹ ↑x.support}
  [cases] Case analyses
    [cases] [1/1]: ∃ a,
          ¬(Finsupp.embDomain (Embedding.subtype M.E) ((Finsupp.supportedEquivFinsupp M.E) ⟨x, ⋯⟩)) a = x a
      [cases] source: Extensionality `Finsupp.ext`
    [cases] [1/2]: if h : ∃ a, (Embedding.subtype M.E) a = w then
          ((Finsupp.supportedEquivFinsupp M.E) ⟨x, ⋯⟩) (Classical.choose ⋯)
        else 0
      [cases] source: E-matching `Finsupp.embDomain_apply`
  [ematch] E-matching patterns
    [thm] Finsupp.zero_apply: [@DFunLike.coe (Finsupp #3 #2 #1) _ _ _ (@OfNat.ofNat (Finsupp _ _ _) `[0] _) #0]
    [thm] map_one: [@DFunLike.coe #5 #7 _ #2 #0 (@OfNat.ofNat _ `[1] _)]
    [thm] map_zero: [@DFunLike.coe #5 #7 _ #2 #0 (@OfNat.ofNat _ `[0] _)]
    [thm] subset_def: [@Subset _ _ #1 #0]
    [thm] Finset.subset_iff: [@Subset (Finset #2) _ #1 #0]
    [thm] Finset.coe_injective: [@SetLike.coe (Finset #0) _ _]
    [thm] Finsupp.support_zero: [@Finsupp.support #2 #1 #0 (@OfNat.ofNat (Finsupp _ _ _) `[0] _)]
    [thm] Finsupp.embDomain_apply: [@DFunLike.coe (Finsupp #5 #4 #3) _ _ _ (@Finsupp.embDomain #6 _ _ _ #2 #1) #0]
    [thm] Finsupp.mem_support_iff: [@Membership.mem #4 (Finset _) _ (@Finsupp.support _ #3 #2 #1) #0]
    [thm] Multiset.notMem_zero: [@Membership.mem #1 _ _ (@OfNat.ofNat _ `[0] _) #0]
    [thm] Finset.mem_coe: [@Membership.mem #2 _ _ (@SetLike.coe (Finset _) _ _ #0) #1]
    [thm] Ideal.one_eq_top: [@OfNat.ofNat (Submodule #1 _ #0 _ _) `[1] _]
    [thm] local_0: [@Membership.mem `[α] `[Set α] `[instMembership] `[↑x.support] #1]
    [thm] local_0: [@Membership.mem `[α] `[Set α] `[instMembership] `[M.E] #1]
    [thm] Finsupp.embDomain_apply_self: [@DFunLike.coe (Finsupp #5 #4 #3) _ _ _ (@Finsupp.embDomain #6 _ _ _ #2 #1) (@DFunLike.coe (Embedding _ _) _ _ _ #2 #0)]
    [thm] Embedding.injective: [@DFunLike.coe (Embedding #2 #1) _ _ _ #0]
    [thm] Subtype.property: [@Subtype.val #2 #1 #0]
  [linarith] Linarith assignment for `W`
    [assign] (Finsupp.linearCombination 𝔽 ⇑v) x := 0
[grind] Diagnostics
  [thm] E-Matching instances
    [thm] Finset.coe_injective ↦ 1
    [thm] Finsupp.embDomain_apply ↦ 1
    [thm] Finsupp.embDomain_apply_self ↦ 1
    [thm] subset_def ↦ 1
    [thm] Subtype.property ↦ 1
    [thm] Embedding.injective ↦ 1
  [cases] Cases instances
    [cases] Subtype ↦ 1
  mem_subtypeCycleSpace_iff

Hint: Omit it from the simp argument list.
  simp only [Rep.cycleSpace, Finsupp.lEmbDomain, mem_map, m̵e̵m̵_̵s̵u̵b̵t̵y̵p̵e̵C̵y̵c̵l̵e̵S̵p̵a̵c̵e̵_̵i̵f̵f̵,̵LinearMap.coe_mk, AddHom.coe_mk,
  ̲  ̲ ̲ ̲Finsupp.fun_support_eq]

Note: This linter can be disabled with `set_option linter.unusedSimpArgs false`
  Finsupp.fun_support_eq

Hint: Omit it from the simp argument list.
  simp only [Rep.cycleSpace, Finsupp.lEmbDomain, mem_map, mem_subtypeCycleSpace_iff,
      LinearMap.coe_mk, AddHom.coe_mk,̵ ̵F̵i̵n̵s̵u̵p̵p̵.̵f̵u̵n̵_̵s̵u̵p̵p̵o̵r̵t̵_̵e̵q̵]

Note: This linter can be disabled with `set_option linter.unusedSimpArgs false`

[2026-01-11 00:07:56] [INFO] Attempt 1 failed verification, continuing...
[2026-01-11 00:07:56] [INFO] ========================================
[2026-01-11 00:07:56] [INFO] Trying strategy: ring (up to 1 attempts)
[2026-01-11 00:07:56] [INFO] --------------------
[2026-01-11 00:07:56] [INFO] Strategy ring, attempt 1/1
[2026-01-11 00:07:56] [INFO] Starting proof generation...
[2026-01-11 00:07:56] [INFO] Repository path: /root/repo
[2026-01-11 00:07:56] [INFO] Proof generation completed
[2026-01-11 00:07:56] [INFO] Generated proof:
[2026-01-11 00:07:56] [INFO] ring
[2026-01-11 00:07:56] [INFO] Proof length: 4 chars
[2026-01-11 00:07:56] [INFO] Starting proof verification...
[2026-01-11 00:07:56] [INFO] Verifying at: Matroid/Representation/CycleSpace_.lean:36
[2026-01-11 00:07:56] [INFO] Using LEAN INTERACT verify
[2026-01-11 00:07:56] [INFO] Checking file
[2026-01-11 00:08:01] [INFO] Cannot build modified file <error line="36" column="2">
<code_line>  ring</code_line>
<message>error: ring_nf made no progress on goal</message>
</error>
  mem_subtypeCycleSpace_iff

Hint: Omit it from the simp argument list.
  simp only [Rep.cycleSpace, Finsupp.lEmbDomain, mem_map, m̵e̵m̵_̵s̵u̵b̵t̵y̵p̵e̵C̵y̵c̵l̵e̵S̵p̵a̵c̵e̵_̵i̵f̵f̵,̵LinearMap.coe_mk, AddHom.coe_mk,
  ̲  ̲ ̲ ̲Finsupp.fun_support_eq]

Note: This linter can be disabled with `set_option linter.unusedSimpArgs false`
  Finsupp.fun_support_eq

Hint: Omit it from the simp argument list.
  simp only [Rep.cycleSpace, Finsupp.lEmbDomain, mem_map, mem_subtypeCycleSpace_iff,
      LinearMap.coe_mk, AddHom.coe_mk,̵ ̵F̵i̵n̵s̵u̵p̵p̵.̵f̵u̵n̵_̵s̵u̵p̵p̵o̵r̵t̵_̵e̵q̵]

Note: This linter can be disabled with `set_option linter.unusedSimpArgs false`
[2026-01-11 00:08:01] [INFO] Proof verification completed
[2026-01-11 00:08:01] [INFO] Strategy ring attempt 1: verified=False
[2026-01-11 00:08:01] [INFO] Verification message: Cannot build modified file: <error line="36" column="2">
<code_line>  ring</code_line>
<message>error: ring_nf made no progress on goal</message>
</error>
  mem_subtypeCycleSpace_iff

Hint: Omit it from the simp argument list.
  simp only [Rep.cycleSpace, Finsupp.lEmbDomain, mem_map, m̵e̵m̵_̵s̵u̵b̵t̵y̵p̵e̵C̵y̵c̵l̵e̵S̵p̵a̵c̵e̵_̵i̵f̵f̵,̵LinearMap.coe_mk, AddHom.coe_mk,
  ̲  ̲ ̲ ̲Finsupp.fun_support_eq]

Note: This linter can be disabled with `set_option linter.unusedSimpArgs false`
  Finsupp.fun_support_eq

Hint: Omit it from the simp argument list.
  simp only [Rep.cycleSpace, Finsupp.lEmbDomain, mem_map, mem_subtypeCycleSpace_iff,
      LinearMap.coe_mk, AddHom.coe_mk,̵ ̵F̵i̵n̵s̵u̵p̵p̵.̵f̵u̵n̵_̵s̵u̵p̵p̵o̵r̵t̵_̵e̵q̵]

Note: This linter can be disabled with `set_option linter.unusedSimpArgs false`

[2026-01-11 00:08:01] [INFO] Attempt 1 failed verification, continuing...
[2026-01-11 00:08:01] [INFO] ========================================
[2026-01-11 00:08:01] [INFO] Trying strategy: norm_num (up to 1 attempts)
[2026-01-11 00:08:01] [INFO] --------------------
[2026-01-11 00:08:01] [INFO] Strategy norm_num, attempt 1/1
[2026-01-11 00:08:01] [INFO] Starting proof generation...
[2026-01-11 00:08:01] [INFO] Repository path: /root/repo
[2026-01-11 00:08:01] [INFO] Proof generation completed
[2026-01-11 00:08:01] [INFO] Generated proof:
[2026-01-11 00:08:01] [INFO] norm_num
[2026-01-11 00:08:01] [INFO] Proof length: 8 chars
[2026-01-11 00:08:01] [INFO] Starting proof verification...
[2026-01-11 00:08:01] [INFO] Verifying at: Matroid/Representation/CycleSpace_.lean:36
[2026-01-11 00:08:01] [INFO] Using LEAN INTERACT verify
[2026-01-11 00:08:01] [INFO] Checking file
[2026-01-11 00:08:05] [INFO] Cannot build modified file <error line="26" column="90">
<code_line>    x ∈ v.cycleSpace ↔ Finsupp.linearCombination 𝔽 v x = 0 ∧ (x.support : Set α) ⊆ M.E := by</code_line>
<message>error: unsolved goals</message>
</error>
case refine_2.refine_2
α : Type u_1
W : Type u_3
𝔽 : Type u_5
M : Matroid α
inst✝² : Field 𝔽
inst✝¹ : AddCommGroup W
inst✝ : Module 𝔽 W
v : M.Rep 𝔽 W
x : α →₀ 𝔽
x✝ : (Finsupp.linearCombination 𝔽 ⇑v) x = 0 ∧ ↑x.support ⊆ M.E
h : (Finsupp.linearCombination 𝔽 ⇑v) x = 0
h' : ↑x.support ⊆ M.E
⊢ Finsupp.embDomain (Embedding.subtype M.E) ((Finsupp.supportedEquivFinsupp M.E) ⟨x, h'⟩) = x
  mem_subtypeCycleSpace_iff

Hint: Omit it from the simp argument list.
  simp only [Rep.cycleSpace, Finsupp.lEmbDomain, mem_map, m̵e̵m̵_̵s̵u̵b̵t̵y̵p̵e̵C̵y̵c̵l̵e̵S̵p̵a̵c̵e̵_̵i̵f̵f̵,̵LinearMap.coe_mk, AddHom.coe_mk,
  ̲  ̲ ̲ ̲Finsupp.fun_support_eq]

Note: This linter can be disabled with `set_option linter.unusedSimpArgs false`
  Finsupp.fun_support_eq

Hint: Omit it from the simp argument list.
  simp only [Rep.cycleSpace, Finsupp.lEmbDomain, mem_map, mem_subtypeCycleSpace_iff,
      LinearMap.coe_mk, AddHom.coe_mk,̵ ̵F̵i̵n̵s̵u̵p̵p̵.̵f̵u̵n̵_̵s̵u̵p̵p̵o̵r̵t̵_̵e̵q̵]

Note: This linter can be disabled with `set_option linter.unusedSimpArgs false`
[2026-01-11 00:08:05] [INFO] Proof verification completed
[2026-01-11 00:08:05] [INFO] Strategy norm_num attempt 1: verified=False
[2026-01-11 00:08:05] [INFO] Verification message: Cannot build modified file: <error line="26" column="90">
<code_line>    x ∈ v.cycleSpace ↔ Finsupp.linearCombination 𝔽 v x = 0 ∧ (x.support : Set α) ⊆ M.E := by</code_line>
<message>error: unsolved goals</message>
</error>
case refine_2.refine_2
α : Type u_1
W : Type u_3
𝔽 : Type u_5
M : Matroid α
inst✝² : Field 𝔽
inst✝¹ : AddCommGroup W
inst✝ : Module 𝔽 W
v : M.Rep 𝔽 W
x : α →₀ 𝔽
x✝ : (Finsupp.linearCombination 𝔽 ⇑v) x = 0 ∧ ↑x.support ⊆ M.E
h : (Finsupp.linearCombination 𝔽 ⇑v) x = 0
h' : ↑x.support ⊆ M.E
⊢ Finsupp.embDomain (Embedding.subtype M.E) ((Finsupp.supportedEquivFinsupp M.E) ⟨x, h'⟩) = x
  mem_subtypeCycleSpace_iff

Hint: Omit it from the simp argument list.
  simp only [Rep.cycleSpace, Finsupp.lEmbDomain, mem_map, m̵e̵m̵_̵s̵u̵b̵t̵y̵p̵e̵C̵y̵c̵l̵e̵S̵p̵a̵c̵e̵_̵i̵f̵f̵,̵LinearMap.coe_mk, AddHom.coe_mk,
  ̲  ̲ ̲ ̲Finsupp.fun_support_eq]

Note: This linter can be disabled with `set_option linter.unusedSimpArgs false`
  Finsupp.fun_support_eq

Hint: Omit it from the simp argument list.
  simp only [Rep.cycleSpace, Finsupp.lEmbDomain, mem_map, mem_subtypeCycleSpace_iff,
      LinearMap.coe_mk, AddHom.coe_mk,̵ ̵F̵i̵n̵s̵u̵p̵p̵.̵f̵u̵n̵_̵s̵u̵p̵p̵o̵r̵t̵_̵e̵q̵]

Note: This linter can be disabled with `set_option linter.unusedSimpArgs false`

[2026-01-11 00:08:05] [INFO] Attempt 1 failed verification, continuing...
[2026-01-11 00:08:05] [INFO] ========================================
[2026-01-11 00:08:05] [INFO] Trying strategy: omega (up to 1 attempts)
[2026-01-11 00:08:05] [INFO] --------------------
[2026-01-11 00:08:05] [INFO] Strategy omega, attempt 1/1
[2026-01-11 00:08:05] [INFO] Starting proof generation...
[2026-01-11 00:08:05] [INFO] Repository path: /root/repo
[2026-01-11 00:08:05] [INFO] Proof generation completed
[2026-01-11 00:08:05] [INFO] Generated proof:
[2026-01-11 00:08:05] [INFO] omega
[2026-01-11 00:08:05] [INFO] Proof length: 5 chars
[2026-01-11 00:08:05] [INFO] Starting proof verification...
[2026-01-11 00:08:05] [INFO] Verifying at: Matroid/Representation/CycleSpace_.lean:36
[2026-01-11 00:08:05] [INFO] Using LEAN INTERACT verify
[2026-01-11 00:08:05] [INFO] Checking file
[2026-01-11 00:08:09] [INFO] Cannot build modified file <error line="36" column="2">
<code_line>  omega</code_line>
<message>error: omega could not prove the goal:</message>
</error>
No usable constraints found. You may need to unfold definitions so `omega` can see linear arithmetic facts about `Nat` and `Int`, which may also involve multiplication, division, and modular remainder by constants.
  mem_subtypeCycleSpace_iff

Hint: Omit it from the simp argument list.
  simp only [Rep.cycleSpace, Finsupp.lEmbDomain, mem_map, m̵e̵m̵_̵s̵u̵b̵t̵y̵p̵e̵C̵y̵c̵l̵e̵S̵p̵a̵c̵e̵_̵i̵f̵f̵,̵LinearMap.coe_mk, AddHom.coe_mk,
  ̲  ̲ ̲ ̲Finsupp.fun_support_eq]

Note: This linter can be disabled with `set_option linter.unusedSimpArgs false`
  Finsupp.fun_support_eq

Hint: Omit it from the simp argument list.
  simp only [Rep.cycleSpace, Finsupp.lEmbDomain, mem_map, mem_subtypeCycleSpace_iff,
      LinearMap.coe_mk, AddHom.coe_mk,̵ ̵F̵i̵n̵s̵u̵p̵p̵.̵f̵u̵n̵_̵s̵u̵p̵p̵o̵r̵t̵_̵e̵q̵]

Note: This linter can be disabled with `set_option linter.unusedSimpArgs false`
[2026-01-11 00:08:09] [INFO] Proof verification completed
[2026-01-11 00:08:09] [INFO] Strategy omega attempt 1: verified=False
[2026-01-11 00:08:09] [INFO] Verification message: Cannot build modified file: <error line="36" column="2">
<code_line>  omega</code_line>
<message>error: omega could not prove the goal:</message>
</error>
No usable constraints found. You may need to unfold definitions so `omega` can see linear arithmetic facts about `Nat` and `Int`, which may also involve multiplication, division, and modular remainder by constants.
  mem_subtypeCycleSpace_iff

Hint: Omit it from the simp argument list.
  simp only [Rep.cycleSpace, Finsupp.lEmbDomain, mem_map, m̵e̵m̵_̵s̵u̵b̵t̵y̵p̵e̵C̵y̵c̵l̵e̵S̵p̵a̵c̵e̵_̵i̵f̵f̵,̵LinearMap.coe_mk, AddHom.coe_mk,
  ̲  ̲ ̲ ̲Finsupp.fun_support_eq]

Note: This linter can be disabled with `set_option linter.unusedSimpArgs false`
  Finsupp.fun_support_eq

Hint: Omit it from the simp argument list.
  simp only [Rep.cycleSpace, Finsupp.lEmbDomain, mem_map, mem_subtypeCycleSpace_iff,
      LinearMap.coe_mk, AddHom.coe_mk,̵ ̵F̵i̵n̵s̵u̵p̵p̵.̵f̵u̵n̵_̵s̵u̵p̵p̵o̵r̵t̵_̵e̵q̵]

Note: This linter can be disabled with `set_option linter.unusedSimpArgs false`

[2026-01-11 00:08:09] [INFO] Attempt 1 failed verification, continuing...
[2026-01-11 00:08:09] [INFO] ========================================
[2026-01-11 00:08:09] [INFO] Trying strategy: linarith (up to 1 attempts)
[2026-01-11 00:08:09] [INFO] --------------------
[2026-01-11 00:08:09] [INFO] Strategy linarith, attempt 1/1
[2026-01-11 00:08:09] [INFO] Starting proof generation...
[2026-01-11 00:08:09] [INFO] Repository path: /root/repo
[2026-01-11 00:08:09] [INFO] Proof generation completed
[2026-01-11 00:08:09] [INFO] Generated proof:
[2026-01-11 00:08:09] [INFO] linarith
[2026-01-11 00:08:09] [INFO] Proof length: 8 chars
[2026-01-11 00:08:09] [INFO] Starting proof verification...
[2026-01-11 00:08:09] [INFO] Verifying at: Matroid/Representation/CycleSpace_.lean:36
[2026-01-11 00:08:09] [INFO] Using LEAN INTERACT verify
[2026-01-11 00:08:09] [INFO] Checking file
[2026-01-11 00:08:13] [INFO] Cannot build modified file <error line="36" column="2">
<code_line>  linarith</code_line>
<message>error: linarith failed to find a contradiction</message>
</error>
case refine_2.refine_2
α : Type u_1
W : Type u_3
𝔽 : Type u_5
M : Matroid α
inst✝² : Field 𝔽
inst✝¹ : AddCommGroup W
inst✝ : Module 𝔽 W
v : M.Rep 𝔽 W
x : α →₀ 𝔽
x✝ : (Finsupp.linearCombination 𝔽 ⇑v) x = 0 ∧ ↑x.support ⊆ M.E
h : (Finsupp.linearCombination 𝔽 ⇑v) x = 0
h' : ↑x.support ⊆ M.E
⊢ False
failed
  mem_subtypeCycleSpace_iff

Hint: Omit it from the simp argument list.
  simp only [Rep.cycleSpace, Finsupp.lEmbDomain, mem_map, m̵e̵m̵_̵s̵u̵b̵t̵y̵p̵e̵C̵y̵c̵l̵e̵S̵p̵a̵c̵e̵_̵i̵f̵f̵,̵LinearMap.coe_mk, AddHom.coe_mk,
  ̲  ̲ ̲ ̲Finsupp.fun_support_eq]

Note: This linter can be disabled with `set_option linter.unusedSimpArgs false`
  Finsupp.fun_support_eq

Hint: Omit it from the simp argument list.
  simp only [Rep.cycleSpace, Finsupp.lEmbDomain, mem_map, mem_subtypeCycleSpace_iff,
      LinearMap.coe_mk, AddHom.coe_mk,̵ ̵F̵i̵n̵s̵u̵p̵p̵.̵f̵u̵n̵_̵s̵u̵p̵p̵o̵r̵t̵_̵e̵q̵]

Note: This linter can be disabled with `set_option linter.unusedSimpArgs false`
[2026-01-11 00:08:13] [INFO] Proof verification completed
[2026-01-11 00:08:13] [INFO] Strategy linarith attempt 1: verified=False
[2026-01-11 00:08:13] [INFO] Verification message: Cannot build modified file: <error line="36" column="2">
<code_line>  linarith</code_line>
<message>error: linarith failed to find a contradiction</message>
</error>
case refine_2.refine_2
α : Type u_1
W : Type u_3
𝔽 : Type u_5
M : Matroid α
inst✝² : Field 𝔽
inst✝¹ : AddCommGroup W
inst✝ : Module 𝔽 W
v : M.Rep 𝔽 W
x : α →₀ 𝔽
x✝ : (Finsupp.linearCombination 𝔽 ⇑v) x = 0 ∧ ↑x.support ⊆ M.E
h : (Finsupp.linearCombination 𝔽 ⇑v) x = 0
h' : ↑x.support ⊆ M.E
⊢ False
failed
  mem_subtypeCycleSpace_iff

Hint: Omit it from the simp argument list.
  simp only [Rep.cycleSpace, Finsupp.lEmbDomain, mem_map, m̵e̵m̵_̵s̵u̵b̵t̵y̵p̵e̵C̵y̵c̵l̵e̵S̵p̵a̵c̵e̵_̵i̵f̵f̵,̵LinearMap.coe_mk, AddHom.coe_mk,
  ̲  ̲ ̲ ̲Finsupp.fun_support_eq]

Note: This linter can be disabled with `set_option linter.unusedSimpArgs false`
  Finsupp.fun_support_eq

Hint: Omit it from the simp argument list.
  simp only [Rep.cycleSpace, Finsupp.lEmbDomain, mem_map, mem_subtypeCycleSpace_iff,
      LinearMap.coe_mk, AddHom.coe_mk,̵ ̵F̵i̵n̵s̵u̵p̵p̵.̵f̵u̵n̵_̵s̵u̵p̵p̵o̵r̵t̵_̵e̵q̵]

Note: This linter can be disabled with `set_option linter.unusedSimpArgs false`

[2026-01-11 00:08:13] [INFO] Attempt 1 failed verification, continuing...
[2026-01-11 00:08:13] [INFO] ========================================
[2026-01-11 00:08:13] [INFO] Trying strategy: nlinarith (up to 1 attempts)
[2026-01-11 00:08:13] [INFO] --------------------
[2026-01-11 00:08:13] [INFO] Strategy nlinarith, attempt 1/1
[2026-01-11 00:08:13] [INFO] Starting proof generation...
[2026-01-11 00:08:13] [INFO] Repository path: /root/repo
[2026-01-11 00:08:13] [INFO] Proof generation completed
[2026-01-11 00:08:13] [INFO] Generated proof:
[2026-01-11 00:08:13] [INFO] nlinarith
[2026-01-11 00:08:13] [INFO] Proof length: 9 chars
[2026-01-11 00:08:13] [INFO] Starting proof verification...
[2026-01-11 00:08:13] [INFO] Verifying at: Matroid/Representation/CycleSpace_.lean:36
[2026-01-11 00:08:13] [INFO] Using LEAN INTERACT verify
[2026-01-11 00:08:13] [INFO] Checking file
[2026-01-11 00:08:18] [INFO] Cannot build modified file <error line="36" column="2">
<code_line>  nlinarith</code_line>
<message>error: linarith failed to find a contradiction</message>
</error>
case refine_2.refine_2
α : Type u_1
W : Type u_3
𝔽 : Type u_5
M : Matroid α
inst✝² : Field 𝔽
inst✝¹ : AddCommGroup W
inst✝ : Module 𝔽 W
v : M.Rep 𝔽 W
x : α →₀ 𝔽
x✝ : (Finsupp.linearCombination 𝔽 ⇑v) x = 0 ∧ ↑x.support ⊆ M.E
h : (Finsupp.linearCombination 𝔽 ⇑v) x = 0
h' : ↑x.support ⊆ M.E
⊢ False
failed
  mem_subtypeCycleSpace_iff

Hint: Omit it from the simp argument list.
  simp only [Rep.cycleSpace, Finsupp.lEmbDomain, mem_map, m̵e̵m̵_̵s̵u̵b̵t̵y̵p̵e̵C̵y̵c̵l̵e̵S̵p̵a̵c̵e̵_̵i̵f̵f̵,̵LinearMap.coe_mk, AddHom.coe_mk,
  ̲  ̲ ̲ ̲Finsupp.fun_support_eq]

Note: This linter can be disabled with `set_option linter.unusedSimpArgs false`
  Finsupp.fun_support_eq

Hint: Omit it from the simp argument list.
  simp only [Rep.cycleSpace, Finsupp.lEmbDomain, mem_map, mem_subtypeCycleSpace_iff,
      LinearMap.coe_mk, AddHom.coe_mk,̵ ̵F̵i̵n̵s̵u̵p̵p̵.̵f̵u̵n̵_̵s̵u̵p̵p̵o̵r̵t̵_̵e̵q̵]

Note: This linter can be disabled with `set_option linter.unusedSimpArgs false`
[2026-01-11 00:08:18] [INFO] Proof verification completed
[2026-01-11 00:08:18] [INFO] Strategy nlinarith attempt 1: verified=False
[2026-01-11 00:08:18] [INFO] Verification message: Cannot build modified file: <error line="36" column="2">
<code_line>  nlinarith</code_line>
<message>error: linarith failed to find a contradiction</message>
</error>
case refine_2.refine_2
α : Type u_1
W : Type u_3
𝔽 : Type u_5
M : Matroid α
inst✝² : Field 𝔽
inst✝¹ : AddCommGroup W
inst✝ : Module 𝔽 W
v : M.Rep 𝔽 W
x : α →₀ 𝔽
x✝ : (Finsupp.linearCombination 𝔽 ⇑v) x = 0 ∧ ↑x.support ⊆ M.E
h : (Finsupp.linearCombination 𝔽 ⇑v) x = 0
h' : ↑x.support ⊆ M.E
⊢ False
failed
  mem_subtypeCycleSpace_iff

Hint: Omit it from the simp argument list.
  simp only [Rep.cycleSpace, Finsupp.lEmbDomain, mem_map, m̵e̵m̵_̵s̵u̵b̵t̵y̵p̵e̵C̵y̵c̵l̵e̵S̵p̵a̵c̵e̵_̵i̵f̵f̵,̵LinearMap.coe_mk, AddHom.coe_mk,
  ̲  ̲ ̲ ̲Finsupp.fun_support_eq]

Note: This linter can be disabled with `set_option linter.unusedSimpArgs false`
  Finsupp.fun_support_eq

Hint: Omit it from the simp argument list.
  simp only [Rep.cycleSpace, Finsupp.lEmbDomain, mem_map, mem_subtypeCycleSpace_iff,
      LinearMap.coe_mk, AddHom.coe_mk,̵ ̵F̵i̵n̵s̵u̵p̵p̵.̵f̵u̵n̵_̵s̵u̵p̵p̵o̵r̵t̵_̵e̵q̵]

Note: This linter can be disabled with `set_option linter.unusedSimpArgs false`

[2026-01-11 00:08:18] [INFO] Attempt 1 failed verification, continuing...
[2026-01-11 00:08:18] [INFO] ========================================
[2026-01-11 00:08:18] [INFO] Trying strategy: aesop (up to 1 attempts)
[2026-01-11 00:08:18] [INFO] --------------------
[2026-01-11 00:08:18] [INFO] Strategy aesop, attempt 1/1
[2026-01-11 00:08:18] [INFO] Starting proof generation...
[2026-01-11 00:08:18] [INFO] Repository path: /root/repo
[2026-01-11 00:08:18] [INFO] Proof generation completed
[2026-01-11 00:08:18] [INFO] Generated proof:
[2026-01-11 00:08:18] [INFO] aesop
[2026-01-11 00:08:18] [INFO] Proof length: 5 chars
[2026-01-11 00:08:18] [INFO] Starting proof verification...
[2026-01-11 00:08:18] [INFO] Verifying at: Matroid/Representation/CycleSpace_.lean:36
[2026-01-11 00:08:18] [INFO] Using LEAN INTERACT verify
[2026-01-11 00:08:18] [INFO] Checking file
[2026-01-11 00:08:23] [INFO] Cannot build modified file <error line="26" column="90">
<code_line>    x ∈ v.cycleSpace ↔ Finsupp.linearCombination 𝔽 v x = 0 ∧ (x.support : Set α) ⊆ M.E := by</code_line>
<message>error: unsolved goals</message>
</error>
α : Type u_1
W : Type u_3
𝔽 : Type u_5
M : Matroid α
inst : Field 𝔽
inst_1 : AddCommGroup W
inst_2 : Module 𝔽 W
v : M.Rep 𝔽 W
x : α →₀ 𝔽
h : (Finsupp.linearCombination 𝔽 ⇑v) x = 0
h' : ↑x.support ⊆ M.E
⊢ Finsupp.embDomain (Embedding.subtype M.E) ((Finsupp.supportedEquivFinsupp M.E) ⟨x, h'⟩) = x
  mem_subtypeCycleSpace_iff

Hint: Omit it from the simp argument list.
  simp only [Rep.cycleSpace, Finsupp.lEmbDomain, mem_map, m̵e̵m̵_̵s̵u̵b̵t̵y̵p̵e̵C̵y̵c̵l̵e̵S̵p̵a̵c̵e̵_̵i̵f̵f̵,̵LinearMap.coe_mk, AddHom.coe_mk,
  ̲  ̲ ̲ ̲Finsupp.fun_support_eq]

Note: This linter can be disabled with `set_option linter.unusedSimpArgs false`
  Finsupp.fun_support_eq

Hint: Omit it from the simp argument list.
  simp only [Rep.cycleSpace, Finsupp.lEmbDomain, mem_map, mem_subtypeCycleSpace_iff,
      LinearMap.coe_mk, AddHom.coe_mk,̵ ̵F̵i̵n̵s̵u̵p̵p̵.̵f̵u̵n̵_̵s̵u̵p̵p̵o̵r̵t̵_̵e̵q̵]

Note: This linter can be disabled with `set_option linter.unusedSimpArgs false`
[2026-01-11 00:08:23] [INFO] Proof verification completed
[2026-01-11 00:08:23] [INFO] Strategy aesop attempt 1: verified=False
[2026-01-11 00:08:23] [INFO] Verification message: Cannot build modified file: <error line="26" column="90">
<code_line>    x ∈ v.cycleSpace ↔ Finsupp.linearCombination 𝔽 v x = 0 ∧ (x.support : Set α) ⊆ M.E := by</code_line>
<message>error: unsolved goals</message>
</error>
α : Type u_1
W : Type u_3
𝔽 : Type u_5
M : Matroid α
inst : Field 𝔽
inst_1 : AddCommGroup W
inst_2 : Module 𝔽 W
v : M.Rep 𝔽 W
x : α →₀ 𝔽
h : (Finsupp.linearCombination 𝔽 ⇑v) x = 0
h' : ↑x.support ⊆ M.E
⊢ Finsupp.embDomain (Embedding.subtype M.E) ((Finsupp.supportedEquivFinsupp M.E) ⟨x, h'⟩) = x
  mem_subtypeCycleSpace_iff

Hint: Omit it from the simp argument list.
  simp only [Rep.cycleSpace, Finsupp.lEmbDomain, mem_map, m̵e̵m̵_̵s̵u̵b̵t̵y̵p̵e̵C̵y̵c̵l̵e̵S̵p̵a̵c̵e̵_̵i̵f̵f̵,̵LinearMap.coe_mk, AddHom.coe_mk,
  ̲  ̲ ̲ ̲Finsupp.fun_support_eq]

Note: This linter can be disabled with `set_option linter.unusedSimpArgs false`
  Finsupp.fun_support_eq

Hint: Omit it from the simp argument list.
  simp only [Rep.cycleSpace, Finsupp.lEmbDomain, mem_map, mem_subtypeCycleSpace_iff,
      LinearMap.coe_mk, AddHom.coe_mk,̵ ̵F̵i̵n̵s̵u̵p̵p̵.̵f̵u̵n̵_̵s̵u̵p̵p̵o̵r̵t̵_̵e̵q̵]

Note: This linter can be disabled with `set_option linter.unusedSimpArgs false`

[2026-01-11 00:08:23] [INFO] Attempt 1 failed verification, continuing...
[2026-01-11 00:08:23] [INFO] ========================================
[2026-01-11 00:08:23] [INFO] Pass@k completed. Total results: 1
[2026-01-11 00:08:23] [INFO] FAILED: All 11 strategies x 1 attempts
[2026-01-11 00:08:23] [INFO] Writing results to file: /root/repo/result.json
[2026-01-11 00:08:23] [INFO] Result file written successfully
[2026-01-11 00:08:23] [INFO] Results exported to: /root/repo/result.json
[2026-01-11 00:08:23] [INFO] run_morphcloud_local.py completed successfully

[2026-01-11 00:08:25] [process_single_sorry] Downloading result file...
[2026-01-11 00:08:25] [process_single_sorry] Downloaded result to intermediate_experiment_outputs_full_reservoir/multi_tactic/2026-01-10_20-46-34_multi_tactic/individual/f8960f92579ebd7b37d3f8f14732d0e69fd17122f12e36bdbfe91e79d4a988ae.json
[2026-01-11 00:08:28] [process_single_sorry] Instance context closed successfully
[2026-01-11 00:08:28] [process_single_sorry] Parsing result file...
[2026-01-11 00:08:28] [process_single_sorry] Successfully parsed result (list format, 1 results)
