[2025-12-30 21:22:59] [process_single_sorry] Starting for sorry f43139f899f529ca8fcc46252bbdd9c634f778f2520ad9a8da1e9eb1ca5a2ae0
[2025-12-30 21:22:59] [process_single_sorry] Using snapshot: snapshot_tgpu4zwd
[2025-12-30 21:22:59] [process_single_sorry] Repository: https://github.com/or4nge19/NeuralNetworks@b34bd33e6adccef00ce346a9232e64ad49c0c07f
[2025-12-30 21:22:59] [process_single_sorry] Instance name: NeuralNetworks_b34bd33e6adc_rfl_f43139f899f529ca8fcc46252bbdd9c634f778f2520ad9a8da1e9eb1ca5a2ae0
[2025-12-30 21:22:59] [process_single_sorry] Starting attempt 1/3
[2025-12-30 21:22:59] [process_single_sorry] Starting instance from snapshot...
[2025-12-30 21:23:12] [process_single_sorry] Instance started successfully: morphvm_aqt1oemn
[2025-12-30 21:23:12] [process_single_sorry] Creating .env file...
[2025-12-30 21:23:42] [process_single_sorry] .env file created (exit_code: 0)
[2025-12-30 21:23:42] [process_single_sorry] Executing agent command...
[2025-12-30 21:24:27] [process_single_sorry] Agent command completed (exit_code: 0)
[2025-12-30 21:24:27] [process_single_sorry] STDOUT:

Result JSON:
{
  "sorry": {
    "repo": {
      "remote": "https://github.com/or4nge19/NeuralNetworks",
      "branch": "dependabot/github_actions/actions/checkout-6",
      "commit": "b34bd33e6adccef00ce346a9232e64ad49c0c07f",
      "lean_version": "v4.24.0-rc1"
    },
    "location": {
      "path": "NeuralNetworks/Hopfield/Biased.lean",
      "start_line": 109,
      "start_column": 2,
      "end_line": 109,
      "end_column": 7
    },
    "debug_info": {
      "goal": "n : ℕ\nnet : BiasedHopfieldNetwork n\nx : HopfieldState n\ni : Fin n\n⊢ biasedEnergyDiff n net x i ≤ 0",
      "url": "https://github.com/or4nge19/NeuralNetworks/blob/b34bd33e6adccef00ce346a9232e64ad49c0c07f/NeuralNetworks/Hopfield/Biased.lean#L109"
    },
    "metadata": {
      "blame_email_hash": "5979b6178f61",
      "blame_date": "2025-03-03T12:34:17+01:00",
      "inclusion_date": "2025-12-30T17:10:13.381853+00:00"
    },
    "id": "f43139f899f529ca8fcc46252bbdd9c634f778f2520ad9a8da1e9eb1ca5a2ae0"
  },
  "proof": "rfl",
  "proof_verified": false,
  "feedback": null,
  "verification_message": "Cannot build modified file: <error line=\"109\" column=\"2\">\n<code_line>  rfl -- Similar proof as for regular Hopfield network, using biasedLocalField and biasedEnergyDiff</code_line>\n<message>error: Tactic `rfl` failed: The left-hand side</message>\n</error>\n  biasedEnergyDiff net x i\nis not definitionally equal to the right-hand side\n  0\n\nn : ℕ\nnet : BiasedHopfieldNetwork n\nx : HopfieldState n\ni : Fin n\n⊢ biasedEnergyDiff net x i ≤ 0\n",
  "success": true,
  "error_type": null,
  "error_message": null
}

[2025-12-30 21:24:27] [process_single_sorry] STDERR:
None of PyTorch, TensorFlow >= 2.0, or Flax have been found. Models won't be available and only tokenizers, configuration and file/data utilities can be used.
[2025-12-30 21:24:04] [INFO] ================================================================================
[2025-12-30 21:24:04] [INFO] Starting run_morphcloud_local.py
[2025-12-30 21:24:04] [INFO] ================================================================================
[2025-12-30 21:24:04] [INFO] Environment loaded
[2025-12-30 21:24:04] [INFO] Full command: /root/SorryDB/sorrydb/cli/run_morphcloud_local.py --repo-path /root/repo --sorry-json {"repo": {"remote": "https://github.com/or4nge19/NeuralNetworks", "branch": "dependabot/github_actions/actions/checkout-6", "commit": "b34bd33e6adccef00ce346a9232e64ad49c0c07f", "lean_version": "v4.24.0-rc1"}, "location": {"path": "NeuralNetworks/Hopfield/Biased.lean", "start_line": 109, "start_column": 2, "end_line": 109, "end_column": 7}, "debug_info": {"goal": "n : \u2115\nnet : BiasedHopfieldNetwork n\nx : HopfieldState n\ni : Fin n\n\u22a2 biasedEnergyDiff n net x i \u2264 0", "url": "https://github.com/or4nge19/NeuralNetworks/blob/b34bd33e6adccef00ce346a9232e64ad49c0c07f/NeuralNetworks/Hopfield/Biased.lean#L109"}, "metadata": {"blame_email_hash": "5979b6178f61", "blame_date": "2025-03-03T12:34:17+01:00", "inclusion_date": "2025-12-30T17:10:13.381853+00:00"}, "id": "f43139f899f529ca8fcc46252bbdd9c634f778f2520ad9a8da1e9eb1ca5a2ae0"} --agent-strategy {"name": "rfl", "args": {}}
[2025-12-30 21:24:04] [INFO] Arguments parsed: repo_path=/root/repo, output_path=/root/repo/result.json
[2025-12-30 21:24:04] [INFO] Strategy spec: {"name": "rfl", "args": {}}...
[2025-12-30 21:24:04] [INFO] Loading sorry data...
[2025-12-30 21:24:04] [INFO] Parsing sorry from JSON string...
[2025-12-30 21:24:04] [INFO] Sorry data parsed from JSON string
[2025-12-30 21:24:04] [INFO] Creating strategy from spec...
[2025-12-30 21:24:04] [INFO] Parsing strategy spec (length: 27 chars)
[2025-12-30 21:24:04] [INFO] Strategy name: rfl
[2025-12-30 21:24:04] [INFO] Strategy args: {}
[2025-12-30 21:24:04] [INFO] Creating strategy: rfl
[2025-12-30 21:24:04] [INFO] Strategy created: RflStrategy
[2025-12-30 21:24:04] [INFO] Creating Sorry object...
[2025-12-30 21:24:04] [INFO] Sorry object created: id=f43139f899f529ca8fcc46252bbdd9c634f778f2520ad9a8da1e9eb1ca5a2ae0
[2025-12-30 21:24:04] [INFO] Sorry location: NeuralNetworks/Hopfield/Biased.lean:109
[2025-12-30 21:24:04] [INFO] Context before sorry (lines 104-109):
[2025-12-30 21:24:04] [INFO]   104: lemma biasedEnergyDiff_eq_neg_spinDiff_biasedLocalField :
[2025-12-30 21:24:04] [INFO]   105:     biasedEnergyDiff net x i = -((biasedUpdateState net x i i).toReal - (x i).toReal) * biasedLocalField net x i := by
[2025-12-30 21:24:04] [INFO]   106:   sorry -- Similar proof as for regular Hopfield network, just replace localField with biasedLocalField and energy with biasedEnergy
[2025-12-30 21:24:04] [INFO]   107: 
[2025-12-30 21:24:04] [INFO]   108: lemma biasedEnergy_decreasing : biasedEnergyDiff net x i ≤ 0 := by
[2025-12-30 21:24:04] [INFO]   109:   sorry -- Similar proof as for regular Hopfield network, using biasedLocalField and biasedEnergyDiff
[2025-12-30 21:24:04] [INFO] Sorry line:   sorry -- Similar proof as for regular Hopfield network, using biasedLocalField and biasedEnergyDiff
[2025-12-30 21:24:04] [INFO] Sorry goal: n : ℕ
net : BiasedHopfieldNetwork n
x : HopfieldState n
i : Fin n
⊢ biasedEnergyDiff n net x i ≤ 0...
[2025-12-30 21:24:04] [INFO] Starting agent proof generation...
[2025-12-30 21:24:04] [INFO] Repository path: /root/repo
[2025-12-30 21:24:04] [INFO] Agent proof generation completed
[2025-12-30 21:24:04] [INFO] Generated proof:
[2025-12-30 21:24:04] [INFO] rfl
[2025-12-30 21:24:04] [INFO] Proof length: 3 chars
[2025-12-30 21:24:04] [INFO] Starting proof verification...
[2025-12-30 21:24:04] [INFO] Verifying at: NeuralNetworks/Hopfield/Biased.lean:109
[2025-12-30 21:24:04] [INFO] Using LEAN INTERACT verify
[2025-12-30 21:24:04] [INFO] Checking file
[2025-12-30 21:24:20] [INFO] Cannot build modified file <error line="109" column="2">
<code_line>  rfl -- Similar proof as for regular Hopfield network, using biasedLocalField and biasedEnergyDiff</code_line>
<message>error: Tactic `rfl` failed: The left-hand side</message>
</error>
  biasedEnergyDiff net x i
is not definitionally equal to the right-hand side
  0

n : ℕ
net : BiasedHopfieldNetwork n
x : HopfieldState n
i : Fin n
⊢ biasedEnergyDiff net x i ≤ 0
[2025-12-30 21:24:20] [INFO] Proof verification completed
[2025-12-30 21:24:20] [INFO] Proof verified: False
[2025-12-30 21:24:20] [INFO] Verification message: Cannot build modified file: <error line="109" column="2">
<code_line>  rfl -- Similar proof as for regular Hopfield network, using biasedLocalField and biasedEnergyDiff</code_line>
<message>error: Tactic `rfl` failed: The left-hand side</message>
</error>
  biasedEnergyDiff net x i
is not definitionally equal to the right-hand side
  0

n : ℕ
net : BiasedHopfieldNetwork n
x : HopfieldState n
i : Fin n
⊢ biasedEnergyDiff net x i ≤ 0

[2025-12-30 21:24:20] [INFO] Creating result object...
[2025-12-30 21:24:20] [INFO] Result object created
[2025-12-30 21:24:20] [INFO] Writing result to file: /root/repo/result.json
[2025-12-30 21:24:20] [INFO] Result file written successfully
[2025-12-30 21:24:20] [INFO] Result exported to: /root/repo/result.json
[2025-12-30 21:24:20] [INFO] run_morphcloud_local.py completed successfully

[2025-12-30 21:24:27] [process_single_sorry] Downloading result file...
[2025-12-30 21:24:40] [process_single_sorry] Downloaded result to intermediate_experiment_outputs_full_reservoir/rfl/2025-12-30_20-25-17_rfl/individual/f43139f899f529ca8fcc46252bbdd9c634f778f2520ad9a8da1e9eb1ca5a2ae0.json
[2025-12-30 21:24:41] [process_single_sorry] Instance context closed successfully
[2025-12-30 21:24:41] [process_single_sorry] Parsing result file...
[2025-12-30 21:24:41] [process_single_sorry] Successfully parsed result (dict format)
