[2026-01-06 16:10:11] [process_single_sorry] Starting for sorry c48d6c48e6e7a9fa3cecc12c3ff7e40099dfd873d9969e8b29cb11aa40997311
[2026-01-06 16:10:11] [process_single_sorry] Using snapshot: snapshot_6ej26t4r
[2026-01-06 16:10:11] [process_single_sorry] Repository: https://github.com/mo271/FormalBook@4acd53dd6e426c19498f1ea0bc58b758e8200340
[2026-01-06 16:10:11] [process_single_sorry] Instance name: FormalBook_4acd53dd6e42_rfl_c48d6c48e6e7a9fa3cecc12c3ff7e40099dfd873d9969e8b29cb11aa40997311
[2026-01-06 16:10:11] [process_single_sorry] Starting attempt 1/3
[2026-01-06 16:10:11] [process_single_sorry] Starting instance from snapshot...
[2026-01-06 16:10:13] [process_single_sorry] Instance started successfully: morphvm_2b5yn681
[2026-01-06 16:10:13] [process_single_sorry] Creating .env file...
[2026-01-06 16:10:22] [process_single_sorry] .env file created (exit_code: 0)
[2026-01-06 16:10:22] [process_single_sorry] Executing agent command...
[2026-01-06 16:12:29] [process_single_sorry] Agent command completed (exit_code: 0)
[2026-01-06 16:12:29] [process_single_sorry] STDOUT:

Result JSON:
{
  "sorry": {
    "repo": {
      "remote": "https://github.com/mo271/FormalBook",
      "branch": "main",
      "commit": "4acd53dd6e426c19498f1ea0bc58b758e8200340",
      "lean_version": "v4.27.0-rc1"
    },
    "location": {
      "path": "FormalBook/Chapter_28.lean",
      "start_line": 64,
      "start_column": 65,
      "end_line": 64,
      "end_column": 70
    },
    "debug_info": {
      "goal": "α : Type u_1\ninst✝² : Fintype α\ninst✝¹ : DecidableEq α\nG : SimpleGraph α\ninst✝ : DecidableRel G.Adj\ne : Sym2 α\nhe : e ∈ G.edgeFinset\n⊢ {v | v ∈ e}.card = 2",
      "url": "https://github.com/mo271/FormalBook/blob/4acd53dd6e426c19498f1ea0bc58b758e8200340/FormalBook/Chapter_28.lean#L64"
    },
    "metadata": {
      "blame_email_hash": "ef3bc37f67e8",
      "blame_date": "2025-08-31T10:16:06+02:00",
      "inclusion_date": "2025-12-30T16:55:59.176214+00:00"
    },
    "id": "c48d6c48e6e7a9fa3cecc12c3ff7e40099dfd873d9969e8b29cb11aa40997311"
  },
  "proof": "rfl",
  "proof_verified": false,
  "feedback": null,
  "verification_message": "Cannot build modified file: <error line=\"64\" column=\"65\">\n<code_line>    _ = ∑ e ∈ E, 2             := Finset.sum_congr rfl (λ e he ↦ rfl)</code_line>\n<message>error: Type mismatch</message>\n</error>\n  rfl\nhas type\n  ?m.126 = ?m.126\nbut is expected to have type\n  #{v | v ∈ e} = 2\n",
  "success": true,
  "error_type": null,
  "error_message": null
}

[2026-01-06 16:12:29] [process_single_sorry] STDERR:
None of PyTorch, TensorFlow >= 2.0, or Flax have been found. Models won't be available and only tokenizers, configuration and file/data utilities can be used.
[2026-01-06 16:10:58] [INFO] ================================================================================
[2026-01-06 16:10:58] [INFO] Starting run_morphcloud_local.py
[2026-01-06 16:10:58] [INFO] ================================================================================
[2026-01-06 16:10:58] [INFO] Environment loaded
[2026-01-06 16:10:58] [INFO] Full command: /root/SorryDB/sorrydb/cli/run_morphcloud_local.py --repo-path /root/repo --sorry-json {"repo": {"remote": "https://github.com/mo271/FormalBook", "branch": "main", "commit": "4acd53dd6e426c19498f1ea0bc58b758e8200340", "lean_version": "v4.27.0-rc1"}, "location": {"path": "FormalBook/Chapter_28.lean", "start_line": 64, "start_column": 65, "end_line": 64, "end_column": 70}, "debug_info": {"goal": "\u03b1 : Type u_1\ninst\u271d\u00b2 : Fintype \u03b1\ninst\u271d\u00b9 : DecidableEq \u03b1\nG : SimpleGraph \u03b1\ninst\u271d : DecidableRel G.Adj\ne : Sym2 \u03b1\nhe : e \u2208 G.edgeFinset\n\u22a2 {v | v \u2208 e}.card = 2", "url": "https://github.com/mo271/FormalBook/blob/4acd53dd6e426c19498f1ea0bc58b758e8200340/FormalBook/Chapter_28.lean#L64"}, "metadata": {"blame_email_hash": "ef3bc37f67e8", "blame_date": "2025-08-31T10:16:06+02:00", "inclusion_date": "2025-12-30T16:55:59.176214+00:00"}, "id": "c48d6c48e6e7a9fa3cecc12c3ff7e40099dfd873d9969e8b29cb11aa40997311"} --agent-strategy {"name": "rfl", "args": {}}
[2026-01-06 16:10:58] [INFO] Arguments parsed: repo_path=/root/repo, output_path=/root/repo/result.json
[2026-01-06 16:10:58] [INFO] Strategy spec: {"name": "rfl", "args": {}}...
[2026-01-06 16:10:58] [INFO] Loading sorry data...
[2026-01-06 16:10:58] [INFO] Parsing sorry from JSON string...
[2026-01-06 16:10:58] [INFO] Sorry data parsed from JSON string
[2026-01-06 16:10:58] [INFO] Creating strategy from spec...
[2026-01-06 16:10:58] [INFO] Parsing strategy spec (length: 27 chars)
[2026-01-06 16:10:58] [INFO] Strategy name: rfl
[2026-01-06 16:10:58] [INFO] Strategy args: {}
[2026-01-06 16:10:58] [INFO] Creating strategy: rfl
[2026-01-06 16:10:58] [INFO] Strategy created: RflStrategy
[2026-01-06 16:10:58] [INFO] Creating Sorry object...
[2026-01-06 16:10:58] [INFO] Sorry object created: id=c48d6c48e6e7a9fa3cecc12c3ff7e40099dfd873d9969e8b29cb11aa40997311
[2026-01-06 16:10:58] [INFO] Sorry location: FormalBook/Chapter_28.lean:64
[2026-01-06 16:10:58] [INFO] Context before sorry (lines 59-64):
[2026-01-06 16:10:58] [INFO]   59:   calc  ∑ v, d(v)
[2026-01-06 16:10:58] [INFO]   60:     _ = ∑ v, #I(v)             := by simp [G.card_incidenceFinset_eq_degree]
[2026-01-06 16:10:58] [INFO]   61:     _ = ∑ v, #{e ∈ E | v ∈ e}  := by simp [G.incidenceFinset_eq_filter]
[2026-01-06 16:10:58] [INFO]   62:     _ = ∑ e ∈ E, #{v | v ∈ e}  := Finset.sum_card_bipartiteAbove_eq_sum_card_bipartiteBelow _
[2026-01-06 16:10:58] [INFO]   63:     -- FIXME: was (G.card_filter_mem_of_mem_edgeFinset e he)) but is commented out currently in Mathlib.EdgeFinset
[2026-01-06 16:10:58] [INFO]   64:     _ = ∑ e ∈ E, 2             := Finset.sum_congr rfl (λ e he ↦ sorry)
[2026-01-06 16:10:58] [INFO] Sorry line:     _ = ∑ e ∈ E, 2             := Finset.sum_congr rfl (λ e he ↦ sorry)
[2026-01-06 16:10:58] [INFO] Sorry goal: α : Type u_1
inst✝² : Fintype α
inst✝¹ : DecidableEq α
G : SimpleGraph α
inst✝ : DecidableRel G.Adj
...
[2026-01-06 16:10:58] [INFO] Starting agent proof generation...
[2026-01-06 16:10:58] [INFO] Repository path: /root/repo
[2026-01-06 16:10:58] [INFO] Agent proof generation completed
[2026-01-06 16:10:58] [INFO] Generated proof:
[2026-01-06 16:10:58] [INFO] rfl
[2026-01-06 16:10:58] [INFO] Proof length: 3 chars
[2026-01-06 16:10:58] [INFO] Starting proof verification...
[2026-01-06 16:10:58] [INFO] Verifying at: FormalBook/Chapter_28.lean:64
[2026-01-06 16:10:58] [INFO] Using LEAN INTERACT verify
[2026-01-06 16:10:58] [INFO] Checking file
[2026-01-06 16:12:25] [INFO] Cannot build modified file <error line="64" column="65">
<code_line>    _ = ∑ e ∈ E, 2             := Finset.sum_congr rfl (λ e he ↦ rfl)</code_line>
<message>error: Type mismatch</message>
</error>
  rfl
has type
  ?m.126 = ?m.126
but is expected to have type
  #{v | v ∈ e} = 2
[2026-01-06 16:12:25] [INFO] Proof verification completed
[2026-01-06 16:12:25] [INFO] Proof verified: False
[2026-01-06 16:12:25] [INFO] Verification message: Cannot build modified file: <error line="64" column="65">
<code_line>    _ = ∑ e ∈ E, 2             := Finset.sum_congr rfl (λ e he ↦ rfl)</code_line>
<message>error: Type mismatch</message>
</error>
  rfl
has type
  ?m.126 = ?m.126
but is expected to have type
  #{v | v ∈ e} = 2

[2026-01-06 16:12:25] [INFO] Creating result object...
[2026-01-06 16:12:25] [INFO] Result object created
[2026-01-06 16:12:25] [INFO] Writing result to file: /root/repo/result.json
[2026-01-06 16:12:25] [INFO] Result file written successfully
[2026-01-06 16:12:25] [INFO] Result exported to: /root/repo/result.json
[2026-01-06 16:12:25] [INFO] run_morphcloud_local.py completed successfully

[2026-01-06 16:12:29] [process_single_sorry] Downloading result file...
[2026-01-06 16:12:30] [process_single_sorry] Downloaded result to intermediate_experiment_outputs_full_reservoir/rfl/2026-01-06_15-47-28_rfl/individual/c48d6c48e6e7a9fa3cecc12c3ff7e40099dfd873d9969e8b29cb11aa40997311.json
[2026-01-06 16:12:32] [process_single_sorry] Instance context closed successfully
[2026-01-06 16:12:32] [process_single_sorry] Parsing result file...
[2026-01-06 16:12:32] [process_single_sorry] Successfully parsed result (dict format)
