[2026-01-09 17:38:07] [process_single_sorry] Starting for sorry 66aa81ce519e55bca713d5d7ef7023862e09a98b2ef7ee84be3547202c898ad1
[2026-01-09 17:38:07] [process_single_sorry] Using snapshot: snapshot_1eh34s4m
[2026-01-09 17:38:07] [process_single_sorry] Repository: https://github.com/YaelDillies/LeanCamCombi@34daaaac92e24dcedf36f3d059764534daa7999d
[2026-01-09 17:38:07] [process_single_sorry] Instance name: LeanCamCombi_34daaaac92e2_multi_tactic_66aa81ce519e55bca713d5d7ef7023862e09a98b2ef7ee84be3547202c898ad1
[2026-01-09 17:38:07] [process_single_sorry] Starting attempt 1/3
[2026-01-09 17:38:07] [process_single_sorry] Starting instance from snapshot...
[2026-01-09 17:38:08] [process_single_sorry] Instance started successfully: morphvm_ocayyhcg
[2026-01-09 17:38:08] [process_single_sorry] Creating .env file...
[2026-01-09 17:38:22] [process_single_sorry] .env file created (exit_code: 0)
[2026-01-09 17:38:22] [process_single_sorry] Executing agent command...
[2026-01-09 17:40:15] [process_single_sorry] Agent command completed (exit_code: 0)
[2026-01-09 17:40:15] [process_single_sorry] STDOUT:

Results JSON:
[
  {
    "sorry": {
      "repo": {
        "remote": "https://github.com/YaelDillies/LeanCamCombi",
        "branch": "master",
        "commit": "34daaaac92e24dcedf36f3d059764534daa7999d",
        "lean_version": "v4.26.0"
      },
      "location": {
        "path": "LeanCamCombi/Mathlib/Probability/Distributions/Bernoulli.lean",
        "start_line": 133,
        "start_column": 39,
        "end_line": 133,
        "end_column": 44
      },
      "debug_info": {
        "goal": "ι : Type u_1\nΩ : Type u_2\nm : MeasurableSpace Ω\nX : Ω → Set ι\nu : Set ι\np : ↑unitInterval\nP : Measure Ω\nhX : @ProbabilityTheory.IsBernoulliOn ι Ω m X u p P\n⊢ iIndepFun (fun i ω => i ∈ X ω) P",
        "url": "https://github.com/YaelDillies/LeanCamCombi/blob/34daaaac92e24dcedf36f3d059764534daa7999d/LeanCamCombi/Mathlib/Probability/Distributions/Bernoulli.lean#L133"
      },
      "metadata": {
        "blame_email_hash": "97e8591fe714",
        "blame_date": "2025-11-25T11:17:41+01:00",
        "inclusion_date": "2025-12-30T00:28:27.081519+00:00"
      },
      "id": "66aa81ce519e55bca713d5d7ef7023862e09a98b2ef7ee84be3547202c898ad1"
    },
    "proof": null,
    "proof_verified": false,
    "feedback": null,
    "verification_message": "All 11 attempts failed (11 strategies x 1 attempts each)",
    "success": true,
    "error_type": null,
    "error_message": null,
    "strategy_name": "all_failed_k=1",
    "proof_attempts": [
      "rfl",
      "simp",
      "simp_all",
      "exact?",
      "grind",
      "ring",
      "norm_num",
      "omega",
      "linarith",
      "nlinarith",
      "aesop"
    ]
  }
]

[2026-01-09 17:40:15] [process_single_sorry] STDERR:
None of PyTorch, TensorFlow >= 2.0, or Flax have been found. Models won't be available and only tokenizers, configuration and file/data utilities can be used.
[2026-01-09 17:38:39] [INFO] ================================================================================
[2026-01-09 17:38:39] [INFO] Starting run_morphcloud_local.py
[2026-01-09 17:38:39] [INFO] ================================================================================
[2026-01-09 17:38:39] [INFO] Environment loaded
[2026-01-09 17:38:39] [INFO] Full command: /root/SorryDB/sorrydb/cli/run_morphcloud_local.py --repo-path /root/repo --sorry-json {"repo": {"remote": "https://github.com/YaelDillies/LeanCamCombi", "branch": "master", "commit": "34daaaac92e24dcedf36f3d059764534daa7999d", "lean_version": "v4.26.0"}, "location": {"path": "LeanCamCombi/Mathlib/Probability/Distributions/Bernoulli.lean", "start_line": 133, "start_column": 39, "end_line": 133, "end_column": 44}, "debug_info": {"goal": "\u03b9 : Type u_1\n\u03a9 : Type u_2\nm : MeasurableSpace \u03a9\nX : \u03a9 \u2192 Set \u03b9\nu : Set \u03b9\np : \u2191unitInterval\nP : Measure \u03a9\nhX : @ProbabilityTheory.IsBernoulliOn \u03b9 \u03a9 m X u p P\n\u22a2 iIndepFun (fun i \u03c9 => i \u2208 X \u03c9) P", "url": "https://github.com/YaelDillies/LeanCamCombi/blob/34daaaac92e24dcedf36f3d059764534daa7999d/LeanCamCombi/Mathlib/Probability/Distributions/Bernoulli.lean#L133"}, "metadata": {"blame_email_hash": "97e8591fe714", "blame_date": "2025-11-25T11:17:41+01:00", "inclusion_date": "2025-12-30T00:28:27.081519+00:00"}, "id": "66aa81ce519e55bca713d5d7ef7023862e09a98b2ef7ee84be3547202c898ad1"} --agent-strategy {"name": "multi_tactic", "args": {}}
[2026-01-09 17:38:39] [INFO] Arguments parsed: repo_path=/root/repo, output_path=/root/repo/result.json
[2026-01-09 17:38:39] [INFO] Strategy spec: {"name": "multi_tactic", "args": {}}...
[2026-01-09 17:38:39] [INFO] Loading sorry data...
[2026-01-09 17:38:39] [INFO] Parsing sorry from JSON string...
[2026-01-09 17:38:39] [INFO] Sorry data parsed from JSON string
[2026-01-09 17:38:39] [INFO] Creating strategy from spec...
[2026-01-09 17:38:39] [INFO] Parsing strategy spec (length: 36 chars)
[2026-01-09 17:38:39] [INFO] Strategy name: multi_tactic
[2026-01-09 17:38:39] [INFO] Strategy args: {}
[2026-01-09 17:38:39] [INFO] Pass@k value: 1
[2026-01-09 17:38:39] [INFO] Creating strategy: multi_tactic
[2026-01-09 17:38:39] [INFO] Creating multi_tactic strategy with tactics: ['rfl', 'simp', 'simp_all', 'exact?', 'grind', 'ring', 'norm_num', 'omega', 'linarith', 'nlinarith', 'aesop']
[2026-01-09 17:38:39] [INFO] Strategies created: ['rfl', 'simp', 'simp_all', 'exact?', 'grind', 'ring', 'norm_num', 'omega', 'linarith', 'nlinarith', 'aesop']
[2026-01-09 17:38:39] [INFO] Pass@k value: 1
[2026-01-09 17:38:39] [INFO] Creating Sorry object...
[2026-01-09 17:38:39] [INFO] Sorry object created: id=66aa81ce519e55bca713d5d7ef7023862e09a98b2ef7ee84be3547202c898ad1
[2026-01-09 17:38:39] [INFO] Sorry location: LeanCamCombi/Mathlib/Probability/Distributions/Bernoulli.lean:133
[2026-01-09 17:38:39] [INFO] Context before sorry (lines 128-133):
[2026-01-09 17:38:39] [INFO]   128:   aemeasurable_fst := by fun_prop
[2026-01-09 17:38:39] [INFO]   129:   aemeasurable_snd := by fun_prop
[2026-01-09 17:38:39] [INFO]   130:   map_eq := sorry
[2026-01-09 17:38:39] [INFO]   131: 
[2026-01-09 17:38:39] [INFO]   132: lemma IsBernoulliOn.iIndepFun_mem (hX : IsBernoulliOn X u p P) :
[2026-01-09 17:38:39] [INFO]   133:     iIndepFun (fun i ω ↦ i ∈ X ω) P := sorry
[2026-01-09 17:38:39] [INFO] Sorry line:     iIndepFun (fun i ω ↦ i ∈ X ω) P := sorry
[2026-01-09 17:38:39] [INFO] Sorry goal: ι : Type u_1
Ω : Type u_2
m : MeasurableSpace Ω
X : Ω → Set ι
u : Set ι
p : ↑unitInterval
P : Measur...
[2026-01-09 17:38:39] [INFO] ========================================
[2026-01-09 17:38:39] [INFO] Trying strategy: rfl (up to 1 attempts)
[2026-01-09 17:38:39] [INFO] --------------------
[2026-01-09 17:38:39] [INFO] Strategy rfl, attempt 1/1
[2026-01-09 17:38:39] [INFO] Starting proof generation...
[2026-01-09 17:38:39] [INFO] Repository path: /root/repo
[2026-01-09 17:38:39] [INFO] Proof generation completed
[2026-01-09 17:38:39] [INFO] Generated proof:
[2026-01-09 17:38:39] [INFO] rfl
[2026-01-09 17:38:39] [INFO] Proof length: 3 chars
[2026-01-09 17:38:39] [INFO] Starting proof verification...
[2026-01-09 17:38:39] [INFO] Verifying at: LeanCamCombi/Mathlib/Probability/Distributions/Bernoulli.lean:133
[2026-01-09 17:38:39] [INFO] Using LEAN INTERACT verify
[2026-01-09 17:38:39] [INFO] Checking file
[2026-01-09 17:39:06] [INFO] Cannot build modified file <error line="132" column="0">
<code_line>lemma IsBernoulliOn.iIndepFun_mem (hX : IsBernoulliOn X u p P) :</code_line>
<message>error: Not a definitional equality: the left-hand side</message>
</error>
  (dirac ()) {x | (fun a => ((Kernel.const Unit P) a) (⋂ i ∈ s, f i) = ∏ i ∈ s, ((Kernel.const Unit P) a) (f i)) x}ᶜ
is not definitionally equal to the right-hand side
  0
<error line="133" column="39">
<code_line>    iIndepFun (fun i ω ↦ i ∈ X ω) P := rfl</code_line>
<message>error: Type mismatch</message>
</error>
  rfl
has type
  ?m.18 = ?m.18
but is expected to have type
  iIndepFun (fun i ω => i ∈ X ω) P
[2026-01-09 17:39:06] [INFO] Proof verification completed
[2026-01-09 17:39:06] [INFO] Strategy rfl attempt 1: verified=False
[2026-01-09 17:39:06] [INFO] Verification message: Cannot build modified file: <error line="132" column="0">
<code_line>lemma IsBernoulliOn.iIndepFun_mem (hX : IsBernoulliOn X u p P) :</code_line>
<message>error: Not a definitional equality: the left-hand side</message>
</error>
  (dirac ()) {x | (fun a => ((Kernel.const Unit P) a) (⋂ i ∈ s, f i) = ∏ i ∈ s, ((Kernel.const Unit P) a) (f i)) x}ᶜ
is not definitionally equal to the right-hand side
  0
<error line="133" column="39">
<code_line>    iIndepFun (fun i ω ↦ i ∈ X ω) P := rfl</code_line>
<message>error: Type mismatch</message>
</error>
  rfl
has type
  ?m.18 = ?m.18
but is expected to have type
  iIndepFun (fun i ω => i ∈ X ω) P

[2026-01-09 17:39:06] [INFO] Attempt 1 failed verification, continuing...
[2026-01-09 17:39:06] [INFO] ========================================
[2026-01-09 17:39:06] [INFO] Trying strategy: simp (up to 1 attempts)
[2026-01-09 17:39:06] [INFO] --------------------
[2026-01-09 17:39:06] [INFO] Strategy simp, attempt 1/1
[2026-01-09 17:39:06] [INFO] Starting proof generation...
[2026-01-09 17:39:06] [INFO] Repository path: /root/repo
[2026-01-09 17:39:06] [INFO] Proof generation completed
[2026-01-09 17:39:06] [INFO] Generated proof:
[2026-01-09 17:39:06] [INFO] simp
[2026-01-09 17:39:06] [INFO] Proof length: 4 chars
[2026-01-09 17:39:06] [INFO] Starting proof verification...
[2026-01-09 17:39:06] [INFO] Verifying at: LeanCamCombi/Mathlib/Probability/Distributions/Bernoulli.lean:133
[2026-01-09 17:39:06] [INFO] Using LEAN INTERACT verify
[2026-01-09 17:39:06] [INFO] Checking file
[2026-01-09 17:39:14] [INFO] Cannot build modified file LeanCamCombi/Mathlib/Probability/Distributions/tmp2b5zfpd2.lean:133:39: error(lean.unknownIdentifier): Unknown identifier `simp`
[2026-01-09 17:39:14] [INFO] Proof verification completed
[2026-01-09 17:39:14] [INFO] Strategy simp attempt 1: verified=False
[2026-01-09 17:39:14] [INFO] Verification message: Cannot build modified file: LeanCamCombi/Mathlib/Probability/Distributions/tmp2b5zfpd2.lean:133:39: error(lean.unknownIdentifier): Unknown identifier `simp`

[2026-01-09 17:39:14] [INFO] Attempt 1 failed verification, continuing...
[2026-01-09 17:39:14] [INFO] ========================================
[2026-01-09 17:39:14] [INFO] Trying strategy: simp_all (up to 1 attempts)
[2026-01-09 17:39:14] [INFO] --------------------
[2026-01-09 17:39:14] [INFO] Strategy simp_all, attempt 1/1
[2026-01-09 17:39:14] [INFO] Starting proof generation...
[2026-01-09 17:39:14] [INFO] Repository path: /root/repo
[2026-01-09 17:39:14] [INFO] Proof generation completed
[2026-01-09 17:39:14] [INFO] Generated proof:
[2026-01-09 17:39:14] [INFO] simp_all
[2026-01-09 17:39:14] [INFO] Proof length: 8 chars
[2026-01-09 17:39:14] [INFO] Starting proof verification...
[2026-01-09 17:39:14] [INFO] Verifying at: LeanCamCombi/Mathlib/Probability/Distributions/Bernoulli.lean:133
[2026-01-09 17:39:14] [INFO] Using LEAN INTERACT verify
[2026-01-09 17:39:14] [INFO] Checking file
[2026-01-09 17:39:20] [INFO] Cannot build modified file LeanCamCombi/Mathlib/Probability/Distributions/tmp4q8pz_z_.lean:133:39: error(lean.unknownIdentifier): Unknown identifier `simp_all`
[2026-01-09 17:39:20] [INFO] Proof verification completed
[2026-01-09 17:39:20] [INFO] Strategy simp_all attempt 1: verified=False
[2026-01-09 17:39:20] [INFO] Verification message: Cannot build modified file: LeanCamCombi/Mathlib/Probability/Distributions/tmp4q8pz_z_.lean:133:39: error(lean.unknownIdentifier): Unknown identifier `simp_all`

[2026-01-09 17:39:20] [INFO] Attempt 1 failed verification, continuing...
[2026-01-09 17:39:20] [INFO] ========================================
[2026-01-09 17:39:20] [INFO] Trying strategy: exact? (up to 1 attempts)
[2026-01-09 17:39:20] [INFO] --------------------
[2026-01-09 17:39:20] [INFO] Strategy exact?, attempt 1/1
[2026-01-09 17:39:20] [INFO] Starting proof generation...
[2026-01-09 17:39:20] [INFO] Repository path: /root/repo
[2026-01-09 17:39:20] [INFO] Proof generation completed
[2026-01-09 17:39:20] [INFO] Generated proof:
[2026-01-09 17:39:20] [INFO] exact?
[2026-01-09 17:39:20] [INFO] Proof length: 6 chars
[2026-01-09 17:39:20] [INFO] Starting proof verification...
[2026-01-09 17:39:20] [INFO] Verifying at: LeanCamCombi/Mathlib/Probability/Distributions/Bernoulli.lean:133
[2026-01-09 17:39:20] [INFO] Using LEAN INTERACT verify
[2026-01-09 17:39:20] [INFO] Checking file
[2026-01-09 17:39:27] [INFO] Cannot build modified file LeanCamCombi/Mathlib/Probability/Distributions/tmp42n_x5kd.lean:133:39: error(lean.unknownIdentifier): Unknown identifier `exact?`
[2026-01-09 17:39:27] [INFO] Proof verification completed
[2026-01-09 17:39:27] [INFO] Strategy exact? attempt 1: verified=False
[2026-01-09 17:39:27] [INFO] Verification message: Cannot build modified file: LeanCamCombi/Mathlib/Probability/Distributions/tmp42n_x5kd.lean:133:39: error(lean.unknownIdentifier): Unknown identifier `exact?`

[2026-01-09 17:39:27] [INFO] Attempt 1 failed verification, continuing...
[2026-01-09 17:39:27] [INFO] ========================================
[2026-01-09 17:39:27] [INFO] Trying strategy: grind (up to 1 attempts)
[2026-01-09 17:39:27] [INFO] --------------------
[2026-01-09 17:39:27] [INFO] Strategy grind, attempt 1/1
[2026-01-09 17:39:27] [INFO] Starting proof generation...
[2026-01-09 17:39:27] [INFO] Repository path: /root/repo
[2026-01-09 17:39:27] [INFO] Proof generation completed
[2026-01-09 17:39:27] [INFO] Generated proof:
[2026-01-09 17:39:27] [INFO] grind
[2026-01-09 17:39:27] [INFO] Proof length: 5 chars
[2026-01-09 17:39:27] [INFO] Starting proof verification...
[2026-01-09 17:39:27] [INFO] Verifying at: LeanCamCombi/Mathlib/Probability/Distributions/Bernoulli.lean:133
[2026-01-09 17:39:27] [INFO] Using LEAN INTERACT verify
[2026-01-09 17:39:27] [INFO] Checking file
[2026-01-09 17:39:34] [INFO] Cannot build modified file LeanCamCombi/Mathlib/Probability/Distributions/tmptz_w9jus.lean:133:39: error(lean.unknownIdentifier): Unknown identifier `grind`
[2026-01-09 17:39:34] [INFO] Proof verification completed
[2026-01-09 17:39:34] [INFO] Strategy grind attempt 1: verified=False
[2026-01-09 17:39:34] [INFO] Verification message: Cannot build modified file: LeanCamCombi/Mathlib/Probability/Distributions/tmptz_w9jus.lean:133:39: error(lean.unknownIdentifier): Unknown identifier `grind`

[2026-01-09 17:39:34] [INFO] Attempt 1 failed verification, continuing...
[2026-01-09 17:39:34] [INFO] ========================================
[2026-01-09 17:39:34] [INFO] Trying strategy: ring (up to 1 attempts)
[2026-01-09 17:39:34] [INFO] --------------------
[2026-01-09 17:39:34] [INFO] Strategy ring, attempt 1/1
[2026-01-09 17:39:34] [INFO] Starting proof generation...
[2026-01-09 17:39:34] [INFO] Repository path: /root/repo
[2026-01-09 17:39:34] [INFO] Proof generation completed
[2026-01-09 17:39:34] [INFO] Generated proof:
[2026-01-09 17:39:34] [INFO] ring
[2026-01-09 17:39:34] [INFO] Proof length: 4 chars
[2026-01-09 17:39:34] [INFO] Starting proof verification...
[2026-01-09 17:39:34] [INFO] Verifying at: LeanCamCombi/Mathlib/Probability/Distributions/Bernoulli.lean:133
[2026-01-09 17:39:34] [INFO] Using LEAN INTERACT verify
[2026-01-09 17:39:34] [INFO] Checking file
[2026-01-09 17:39:41] [INFO] Cannot build modified file LeanCamCombi/Mathlib/Probability/Distributions/tmp0pckuwel.lean:133:39: error(lean.unknownIdentifier): Unknown identifier `ring`
[2026-01-09 17:39:41] [INFO] Proof verification completed
[2026-01-09 17:39:41] [INFO] Strategy ring attempt 1: verified=False
[2026-01-09 17:39:41] [INFO] Verification message: Cannot build modified file: LeanCamCombi/Mathlib/Probability/Distributions/tmp0pckuwel.lean:133:39: error(lean.unknownIdentifier): Unknown identifier `ring`

[2026-01-09 17:39:41] [INFO] Attempt 1 failed verification, continuing...
[2026-01-09 17:39:41] [INFO] ========================================
[2026-01-09 17:39:41] [INFO] Trying strategy: norm_num (up to 1 attempts)
[2026-01-09 17:39:41] [INFO] --------------------
[2026-01-09 17:39:41] [INFO] Strategy norm_num, attempt 1/1
[2026-01-09 17:39:41] [INFO] Starting proof generation...
[2026-01-09 17:39:41] [INFO] Repository path: /root/repo
[2026-01-09 17:39:41] [INFO] Proof generation completed
[2026-01-09 17:39:41] [INFO] Generated proof:
[2026-01-09 17:39:41] [INFO] norm_num
[2026-01-09 17:39:41] [INFO] Proof length: 8 chars
[2026-01-09 17:39:41] [INFO] Starting proof verification...
[2026-01-09 17:39:41] [INFO] Verifying at: LeanCamCombi/Mathlib/Probability/Distributions/Bernoulli.lean:133
[2026-01-09 17:39:41] [INFO] Using LEAN INTERACT verify
[2026-01-09 17:39:41] [INFO] Checking file
[2026-01-09 17:39:49] [INFO] Cannot build modified file <error line="133" column="39">
<code_line>    iIndepFun (fun i ω ↦ i ∈ X ω) P := norm_num</code_line>
<message>error: Type mismatch</message>
</error>
  norm_num
has type
  Lean.ParserDescr
of sort `Type` but is expected to have type
  iIndepFun (fun i ω => i ∈ X ω) P
of sort `Prop`
[2026-01-09 17:39:49] [INFO] Proof verification completed
[2026-01-09 17:39:49] [INFO] Strategy norm_num attempt 1: verified=False
[2026-01-09 17:39:49] [INFO] Verification message: Cannot build modified file: <error line="133" column="39">
<code_line>    iIndepFun (fun i ω ↦ i ∈ X ω) P := norm_num</code_line>
<message>error: Type mismatch</message>
</error>
  norm_num
has type
  Lean.ParserDescr
of sort `Type` but is expected to have type
  iIndepFun (fun i ω => i ∈ X ω) P
of sort `Prop`

[2026-01-09 17:39:49] [INFO] Attempt 1 failed verification, continuing...
[2026-01-09 17:39:49] [INFO] ========================================
[2026-01-09 17:39:49] [INFO] Trying strategy: omega (up to 1 attempts)
[2026-01-09 17:39:49] [INFO] --------------------
[2026-01-09 17:39:49] [INFO] Strategy omega, attempt 1/1
[2026-01-09 17:39:49] [INFO] Starting proof generation...
[2026-01-09 17:39:49] [INFO] Repository path: /root/repo
[2026-01-09 17:39:49] [INFO] Proof generation completed
[2026-01-09 17:39:49] [INFO] Generated proof:
[2026-01-09 17:39:49] [INFO] omega
[2026-01-09 17:39:49] [INFO] Proof length: 5 chars
[2026-01-09 17:39:49] [INFO] Starting proof verification...
[2026-01-09 17:39:49] [INFO] Verifying at: LeanCamCombi/Mathlib/Probability/Distributions/Bernoulli.lean:133
[2026-01-09 17:39:49] [INFO] Using LEAN INTERACT verify
[2026-01-09 17:39:49] [INFO] Checking file
[2026-01-09 17:39:57] [INFO] Cannot build modified file LeanCamCombi/Mathlib/Probability/Distributions/tmpljedsgsr.lean:133:39: error(lean.unknownIdentifier): Unknown identifier `omega`
[2026-01-09 17:39:57] [INFO] Proof verification completed
[2026-01-09 17:39:57] [INFO] Strategy omega attempt 1: verified=False
[2026-01-09 17:39:57] [INFO] Verification message: Cannot build modified file: LeanCamCombi/Mathlib/Probability/Distributions/tmpljedsgsr.lean:133:39: error(lean.unknownIdentifier): Unknown identifier `omega`

[2026-01-09 17:39:57] [INFO] Attempt 1 failed verification, continuing...
[2026-01-09 17:39:57] [INFO] ========================================
[2026-01-09 17:39:57] [INFO] Trying strategy: linarith (up to 1 attempts)
[2026-01-09 17:39:57] [INFO] --------------------
[2026-01-09 17:39:57] [INFO] Strategy linarith, attempt 1/1
[2026-01-09 17:39:57] [INFO] Starting proof generation...
[2026-01-09 17:39:57] [INFO] Repository path: /root/repo
[2026-01-09 17:39:57] [INFO] Proof generation completed
[2026-01-09 17:39:57] [INFO] Generated proof:
[2026-01-09 17:39:57] [INFO] linarith
[2026-01-09 17:39:57] [INFO] Proof length: 8 chars
[2026-01-09 17:39:57] [INFO] Starting proof verification...
[2026-01-09 17:39:57] [INFO] Verifying at: LeanCamCombi/Mathlib/Probability/Distributions/Bernoulli.lean:133
[2026-01-09 17:39:57] [INFO] Using LEAN INTERACT verify
[2026-01-09 17:39:57] [INFO] Checking file
[2026-01-09 17:40:03] [INFO] Cannot build modified file LeanCamCombi/Mathlib/Probability/Distributions/tmp7w96b8wc.lean:133:39: error(lean.unknownIdentifier): Unknown identifier `linarith`
[2026-01-09 17:40:03] [INFO] Proof verification completed
[2026-01-09 17:40:03] [INFO] Strategy linarith attempt 1: verified=False
[2026-01-09 17:40:03] [INFO] Verification message: Cannot build modified file: LeanCamCombi/Mathlib/Probability/Distributions/tmp7w96b8wc.lean:133:39: error(lean.unknownIdentifier): Unknown identifier `linarith`

[2026-01-09 17:40:03] [INFO] Attempt 1 failed verification, continuing...
[2026-01-09 17:40:03] [INFO] ========================================
[2026-01-09 17:40:03] [INFO] Trying strategy: nlinarith (up to 1 attempts)
[2026-01-09 17:40:03] [INFO] --------------------
[2026-01-09 17:40:03] [INFO] Strategy nlinarith, attempt 1/1
[2026-01-09 17:40:03] [INFO] Starting proof generation...
[2026-01-09 17:40:03] [INFO] Repository path: /root/repo
[2026-01-09 17:40:03] [INFO] Proof generation completed
[2026-01-09 17:40:03] [INFO] Generated proof:
[2026-01-09 17:40:03] [INFO] nlinarith
[2026-01-09 17:40:03] [INFO] Proof length: 9 chars
[2026-01-09 17:40:03] [INFO] Starting proof verification...
[2026-01-09 17:40:03] [INFO] Verifying at: LeanCamCombi/Mathlib/Probability/Distributions/Bernoulli.lean:133
[2026-01-09 17:40:03] [INFO] Using LEAN INTERACT verify
[2026-01-09 17:40:03] [INFO] Checking file
[2026-01-09 17:40:08] [INFO] Cannot build modified file LeanCamCombi/Mathlib/Probability/Distributions/tmpec6vemuh.lean:133:39: error(lean.unknownIdentifier): Unknown identifier `nlinarith`
[2026-01-09 17:40:08] [INFO] Proof verification completed
[2026-01-09 17:40:08] [INFO] Strategy nlinarith attempt 1: verified=False
[2026-01-09 17:40:08] [INFO] Verification message: Cannot build modified file: LeanCamCombi/Mathlib/Probability/Distributions/tmpec6vemuh.lean:133:39: error(lean.unknownIdentifier): Unknown identifier `nlinarith`

[2026-01-09 17:40:08] [INFO] Attempt 1 failed verification, continuing...
[2026-01-09 17:40:08] [INFO] ========================================
[2026-01-09 17:40:08] [INFO] Trying strategy: aesop (up to 1 attempts)
[2026-01-09 17:40:08] [INFO] --------------------
[2026-01-09 17:40:08] [INFO] Strategy aesop, attempt 1/1
[2026-01-09 17:40:08] [INFO] Starting proof generation...
[2026-01-09 17:40:08] [INFO] Repository path: /root/repo
[2026-01-09 17:40:08] [INFO] Proof generation completed
[2026-01-09 17:40:08] [INFO] Generated proof:
[2026-01-09 17:40:08] [INFO] aesop
[2026-01-09 17:40:08] [INFO] Proof length: 5 chars
[2026-01-09 17:40:08] [INFO] Starting proof verification...
[2026-01-09 17:40:08] [INFO] Verifying at: LeanCamCombi/Mathlib/Probability/Distributions/Bernoulli.lean:133
[2026-01-09 17:40:08] [INFO] Using LEAN INTERACT verify
[2026-01-09 17:40:08] [INFO] Checking file
[2026-01-09 17:40:14] [INFO] Cannot build modified file LeanCamCombi/Mathlib/Probability/Distributions/tmpkt700e69.lean:133:39: error(lean.unknownIdentifier): Unknown identifier `aesop`
[2026-01-09 17:40:14] [INFO] Proof verification completed
[2026-01-09 17:40:14] [INFO] Strategy aesop attempt 1: verified=False
[2026-01-09 17:40:14] [INFO] Verification message: Cannot build modified file: LeanCamCombi/Mathlib/Probability/Distributions/tmpkt700e69.lean:133:39: error(lean.unknownIdentifier): Unknown identifier `aesop`

[2026-01-09 17:40:14] [INFO] Attempt 1 failed verification, continuing...
[2026-01-09 17:40:14] [INFO] ========================================
[2026-01-09 17:40:14] [INFO] Pass@k completed. Total results: 1
[2026-01-09 17:40:14] [INFO] FAILED: All 11 strategies x 1 attempts
[2026-01-09 17:40:14] [INFO] Writing results to file: /root/repo/result.json
[2026-01-09 17:40:14] [INFO] Result file written successfully
[2026-01-09 17:40:14] [INFO] Results exported to: /root/repo/result.json
[2026-01-09 17:40:14] [INFO] run_morphcloud_local.py completed successfully

[2026-01-09 17:40:15] [process_single_sorry] Downloading result file...
[2026-01-09 17:40:24] [process_single_sorry] Downloaded result to intermediate_experiment_outputs_full_reservoir/multi_tactic/2026-01-09_17-21-28_multi_tactic/individual/66aa81ce519e55bca713d5d7ef7023862e09a98b2ef7ee84be3547202c898ad1.json
[2026-01-09 17:40:25] [process_single_sorry] Instance context closed successfully
[2026-01-09 17:40:25] [process_single_sorry] Parsing result file...
[2026-01-09 17:40:25] [process_single_sorry] Successfully parsed result (list format, 1 results)
