[2026-01-12 17:37:46] [process_single_sorry] Starting for sorry 0a6b43b3caa9f452240b273e23e6a49540b8731ad88562ea5b370db3a665eb22
[2026-01-12 17:37:46] [process_single_sorry] Using snapshot: snapshot_h3tdsrwe
[2026-01-12 17:37:46] [process_single_sorry] Repository: https://github.com/PatrickMassot/GlimpseOfLean@38ee6e4afd371b18d831ae09244fcd223a1bc535
[2026-01-12 17:37:46] [process_single_sorry] Instance name: GlimpseOfLean_38ee6e4afd37_rfl_0a6b43b3caa9f452240b273e23e6a49540b8731ad88562ea5b370db3a665eb22
[2026-01-12 17:37:46] [process_single_sorry] Starting attempt 1/3
[2026-01-12 17:37:46] [process_single_sorry] Starting instance from snapshot...
[2026-01-12 17:37:48] [process_single_sorry] Instance started successfully: morphvm_tix16jam
[2026-01-12 17:37:48] [process_single_sorry] Creating .env file...
[2026-01-12 17:37:51] [process_single_sorry] .env file created (exit_code: 0)
[2026-01-12 17:37:51] [process_single_sorry] Executing agent command...
[2026-01-12 17:38:36] [process_single_sorry] Agent command completed (exit_code: 0)
[2026-01-12 17:38:36] [process_single_sorry] STDOUT:

Results JSON:
[
  {
    "sorry": {
      "repo": {
        "remote": "https://github.com/PatrickMassot/GlimpseOfLean",
        "branch": "master",
        "commit": "38ee6e4afd371b18d831ae09244fcd223a1bc535",
        "lean_version": "v4.22.0"
      },
      "location": {
        "path": "GlimpseOfLean/Exercises/Topics/RingTheory.lean",
        "start_line": 96,
        "start_column": 4,
        "end_line": 96,
        "end_column": 9
      },
      "debug_info": {
        "goal": "R : Type u_1\nS : Type u_2\ninst✝² : CommRing R\ninst✝¹ : CommRing S\nT : Type u_3\ninst✝ : CommRing T\ng : S ≃+* T\nf : R ≃+* S\n⊢ RightInverse (fun x => f.symm (g.symm x)) fun x => g (f x)",
        "url": "https://github.com/PatrickMassot/GlimpseOfLean/blob/38ee6e4afd371b18d831ae09244fcd223a1bc535/GlimpseOfLean/Exercises/Topics/RingTheory.lean#L96"
      },
      "metadata": {
        "blame_email_hash": "c28576c1d1dd",
        "blame_date": "2025-04-20T11:35:58+02:00",
        "inclusion_date": "2026-01-09T07:53:10.824114+00:00"
      },
      "id": "0a6b43b3caa9f452240b273e23e6a49540b8731ad88562ea5b370db3a665eb22"
    },
    "proof": null,
    "proof_verified": false,
    "feedback": null,
    "verification_message": "All 1 attempts failed (1 strategies x 1 attempts each)",
    "success": true,
    "error_type": null,
    "error_message": null,
    "strategy_name": "all_failed_k=1",
    "proof_attempts": [
      "rfl"
    ]
  }
]

[2026-01-12 17:38:36] [process_single_sorry] STDERR:
None of PyTorch, TensorFlow >= 2.0, or Flax have been found. Models won't be available and only tokenizers, configuration and file/data utilities can be used.
[2026-01-12 17:38:11] [INFO] ================================================================================
[2026-01-12 17:38:11] [INFO] Starting run_morphcloud_local.py
[2026-01-12 17:38:11] [INFO] ================================================================================
[2026-01-12 17:38:11] [INFO] Environment loaded
[2026-01-12 17:38:11] [INFO] Full command: /root/SorryDB/sorrydb/cli/run_morphcloud_local.py --repo-path /root/repo --sorry-json {"repo": {"remote": "https://github.com/PatrickMassot/GlimpseOfLean", "branch": "master", "commit": "38ee6e4afd371b18d831ae09244fcd223a1bc535", "lean_version": "v4.22.0"}, "location": {"path": "GlimpseOfLean/Exercises/Topics/RingTheory.lean", "start_line": 96, "start_column": 4, "end_line": 96, "end_column": 9}, "debug_info": {"goal": "R : Type u_1\nS : Type u_2\ninst\u271d\u00b2 : CommRing R\ninst\u271d\u00b9 : CommRing S\nT : Type u_3\ninst\u271d : CommRing T\ng : S \u2243+* T\nf : R \u2243+* S\n\u22a2 RightInverse (fun x => f.symm (g.symm x)) fun x => g (f x)", "url": "https://github.com/PatrickMassot/GlimpseOfLean/blob/38ee6e4afd371b18d831ae09244fcd223a1bc535/GlimpseOfLean/Exercises/Topics/RingTheory.lean#L96"}, "metadata": {"blame_email_hash": "c28576c1d1dd", "blame_date": "2025-04-20T11:35:58+02:00", "inclusion_date": "2026-01-09T07:53:10.824114+00:00"}, "id": "0a6b43b3caa9f452240b273e23e6a49540b8731ad88562ea5b370db3a665eb22"} --agent-strategy {"name": "rfl", "args": {}}
[2026-01-12 17:38:11] [INFO] Arguments parsed: repo_path=/root/repo, output_path=/root/repo/result.json
[2026-01-12 17:38:11] [INFO] Strategy spec: {"name": "rfl", "args": {}}...
[2026-01-12 17:38:11] [INFO] Loading sorry data...
[2026-01-12 17:38:11] [INFO] Parsing sorry from JSON string...
[2026-01-12 17:38:11] [INFO] Sorry data parsed from JSON string
[2026-01-12 17:38:11] [INFO] Creating strategy from spec...
[2026-01-12 17:38:11] [INFO] Parsing strategy spec (length: 27 chars)
[2026-01-12 17:38:11] [INFO] Strategy name: rfl
[2026-01-12 17:38:11] [INFO] Strategy args: {}
[2026-01-12 17:38:11] [INFO] Pass@k value: 1
[2026-01-12 17:38:11] [INFO] Creating strategy: rfl
[2026-01-12 17:38:11] [INFO] Strategies created: ['RflStrategy']
[2026-01-12 17:38:11] [INFO] Pass@k value: 1
[2026-01-12 17:38:11] [INFO] Creating Sorry object...
[2026-01-12 17:38:11] [INFO] Sorry object created: id=0a6b43b3caa9f452240b273e23e6a49540b8731ad88562ea5b370db3a665eb22
[2026-01-12 17:38:11] [INFO] Sorry location: GlimpseOfLean/Exercises/Topics/RingTheory.lean:96
[2026-01-12 17:38:11] [INFO] Context before sorry (lines 91-96):
[2026-01-12 17:38:11] [INFO]   91:   toFun x := g (f x)
[2026-01-12 17:38:11] [INFO]   92:   invFun x := f.symm (g.symm x)
[2026-01-12 17:38:11] [INFO]   93:   left_inv := by
[2026-01-12 17:38:11] [INFO]   94:     sorry
[2026-01-12 17:38:11] [INFO]   95:   right_inv := by
[2026-01-12 17:38:11] [INFO]   96:     sorry
[2026-01-12 17:38:11] [INFO] Sorry line:     sorry
[2026-01-12 17:38:11] [INFO] Sorry goal: R : Type u_1
S : Type u_2
inst✝² : CommRing R
inst✝¹ : CommRing S
T : Type u_3
inst✝ : CommRing T
g ...
[2026-01-12 17:38:11] [INFO] ========================================
[2026-01-12 17:38:11] [INFO] Trying strategy: RflStrategy (up to 1 attempts)
[2026-01-12 17:38:11] [INFO] --------------------
[2026-01-12 17:38:11] [INFO] Strategy RflStrategy, attempt 1/1
[2026-01-12 17:38:11] [INFO] Starting proof generation...
[2026-01-12 17:38:11] [INFO] Repository path: /root/repo
[2026-01-12 17:38:11] [INFO] Proof generation completed
[2026-01-12 17:38:11] [INFO] Generated proof:
[2026-01-12 17:38:11] [INFO] rfl
[2026-01-12 17:38:11] [INFO] Proof length: 3 chars
[2026-01-12 17:38:11] [INFO] Starting proof verification...
[2026-01-12 17:38:11] [INFO] Verifying at: GlimpseOfLean/Exercises/Topics/RingTheory.lean:96
[2026-01-12 17:38:11] [INFO] Using LEAN INTERACT verify
[2026-01-12 17:38:11] [INFO] Checking file
[2026-01-12 17:38:29] [INFO] Cannot build modified file <error line="96" column="4">
<code_line>    rfl</code_line>
<message>error: tactic 'rfl' failed, the left-hand side</message>
</error>
  fun (x : T) => f.symm (g.symm x)
is not definitionally equal to the right-hand side
  fun (x : R) => g (f x)
R : Type u_1
S : Type u_2
inst✝² : CommRing R
inst✝¹ : CommRing S
T : Type u_3
inst✝ : CommRing T
g : S ≃+* T
f : R ≃+* S
⊢ RightInverse (fun x => f.symm (g.symm x)) fun x => g (f x)
Finset.mem_insert_of_mem.{u_1} {α : Type u_1} [DecidableEq α] {s : Finset α} {a b : α} (h : a ∈ s) : a ∈ insert b s
Finset.mem_insert_self.{u_1} {α : Type u_1} [DecidableEq α] (a : α) (s : Finset α) : a ∈ insert a s
[2026-01-12 17:38:29] [INFO] Proof verification completed
[2026-01-12 17:38:29] [INFO] Strategy RflStrategy attempt 1: verified=False
[2026-01-12 17:38:29] [INFO] Verification message: Cannot build modified file: <error line="96" column="4">
<code_line>    rfl</code_line>
<message>error: tactic 'rfl' failed, the left-hand side</message>
</error>
  fun (x : T) => f.symm (g.symm x)
is not definitionally equal to the right-hand side
  fun (x : R) => g (f x)
R : Type u_1
S : Type u_2
inst✝² : CommRing R
inst✝¹ : CommRing S
T : Type u_3
inst✝ : CommRing T
g : S ≃+* T
f : R ≃+* S
⊢ RightInverse (fun x => f.symm (g.symm x)) fun x => g (f x)
Finset.mem_insert_of_mem.{u_1} {α : Type u_1} [DecidableEq α] {s : Finset α} {a b : α} (h : a ∈ s) : a ∈ insert b s
Finset.mem_insert_self.{u_1} {α : Type u_1} [DecidableEq α] (a : α) (s : Finset α) : a ∈ insert a s

[2026-01-12 17:38:29] [INFO] Attempt 1 failed verification, continuing...
[2026-01-12 17:38:29] [INFO] ========================================
[2026-01-12 17:38:29] [INFO] Pass@k completed. Total results: 1
[2026-01-12 17:38:29] [INFO] FAILED: All 1 strategies x 1 attempts
[2026-01-12 17:38:29] [INFO] Writing results to file: /root/repo/result.json
[2026-01-12 17:38:29] [INFO] Result file written successfully
[2026-01-12 17:38:29] [INFO] Results exported to: /root/repo/result.json
[2026-01-12 17:38:29] [INFO] run_morphcloud_local.py completed successfully

[2026-01-12 17:38:36] [process_single_sorry] Downloading result file...
[2026-01-12 17:38:41] [process_single_sorry] Downloaded result to intermediate_experiment_outputs_full_reservoir_3_months/rfl/2026-01-12_15-54-17_rfl/individual/0a6b43b3caa9f452240b273e23e6a49540b8731ad88562ea5b370db3a665eb22.json
[2026-01-12 17:38:43] [process_single_sorry] Instance context closed successfully
[2026-01-12 17:38:43] [process_single_sorry] Parsing result file...
[2026-01-12 17:38:43] [process_single_sorry] Successfully parsed result (list format, 1 results)
