[2026-01-12 18:46:36] [process_single_sorry] Starting for sorry 2ff43c5a6181bbf962ff72a8e0158c8094babf2fe67d77b796e028e598c5a464
[2026-01-12 18:46:36] [process_single_sorry] Using snapshot: snapshot_ysxpmvny
[2026-01-12 18:46:36] [process_single_sorry] Repository: https://github.com/Beneficial-AI-Foundation/curve25519-dalek-lean-verify@a3e1f35e8e84463a9203b5c265514342427ba11a
[2026-01-12 18:46:36] [process_single_sorry] Instance name: curve25519-dalek-lean-verify_a3e1f35e8e84_rfl_2ff43c5a6181bbf962ff72a8e0158c8094babf2fe67d77b796e028e598c5a464
[2026-01-12 18:46:36] [process_single_sorry] Starting attempt 1/3
[2026-01-12 18:46:36] [process_single_sorry] Starting instance from snapshot...
[2026-01-12 18:46:37] [process_single_sorry] Instance started successfully: morphvm_yq1g2i14
[2026-01-12 18:46:37] [process_single_sorry] Creating .env file...
[2026-01-12 18:48:19] [process_single_sorry] .env file created (exit_code: 0)
[2026-01-12 18:48:19] [process_single_sorry] Executing agent command...
[2026-01-12 18:50:23] [process_single_sorry] Agent command completed (exit_code: 0)
[2026-01-12 18:50:23] [process_single_sorry] STDOUT:

Results JSON:
[
  {
    "sorry": {
      "repo": {
        "remote": "https://github.com/Beneficial-AI-Foundation/curve25519-dalek-lean-verify",
        "branch": "count-aeneas",
        "commit": "a3e1f35e8e84463a9203b5c265514342427ba11a",
        "lean_version": "v4.24.0"
      },
      "location": {
        "path": "Curve25519Dalek/Specs/Backend/Serial/CurveModels/ProjectivePoint/Double.lean",
        "start_line": 112,
        "start_column": 4,
        "end_line": 112,
        "end_column": 9
      },
      "debug_info": {
        "goal": "case h_bounds_b\nq : ProjectivePoint\nh_qX_bounds : ∀ i < 5, ↑q.X[i]! ≤ 2 ^ 52\nh_qY_bounds : ∀ i < 5, ↑q.Y[i]! ≤ 2 ^ 52\nh_qZ_bounds : ∀ i < 5, ↑q.Z[i]! ≤ 2 ^ 52\nXX : u64.field.FieldElement51\n_✝⁴ : [> let XX ← q.X.square <]\nXX_post : Field51_as_Nat XX ≡ Field51_as_Nat q.X ^ 2 [MOD p]\nYY : u64.field.FieldElement51\n_✝³ : [> let YY ← q.Y.square <]\nYY_post : Field51_as_Nat YY ≡ Field51_as_Nat q.Y ^ 2 [MOD p]\nZZ2 : u64.field.FieldElement51\n_✝² : [> let ZZ2 ← q.Z.square2 <]\nZZ2_post : Field51_as_Nat ZZ2 % p = 2 * Field51_as_Nat q.Z ^ 2 % p\nX_plus_Y : u64.field.FieldElement51\n_✝¹ : [> let X_plus_Y ← add q.X q.Y <]\nX_plus_Y_post : ∀ i < 5, ↑X_plus_Y[i]! = ↑q.X[i]! + ↑q.Y[i]!\nX_plus_Y_sq : u64.field.FieldElement51\n_✝ : [> let X_plus_Y_sq ← X_plus_Y.square <]\nX_plus_Y_sq_post : Field51_as_Nat X_plus_Y_sq ≡ Field51_as_Nat X_plus_Y ^ 2 [MOD p]\nYY_plus_XX : u64.field.FieldElement51\n_ : [> let YY_plus_XX ← add YY XX <]\nYY_plus_XX_post : ∀ i < 5, ↑YY_plus_XX[i]! = ↑YY[i]! + ↑XX[i]!\n⊢ ∀ i < 5, ↑XX[i]! ≤ 2 ^ 54",
        "url": "https://github.com/Beneficial-AI-Foundation/curve25519-dalek-lean-verify/blob/a3e1f35e8e84463a9203b5c265514342427ba11a/Curve25519Dalek/Specs/Backend/Serial/CurveModels/ProjectivePoint/Double.lean#L112"
      },
      "metadata": {
        "blame_email_hash": "0f90dc1343ea",
        "blame_date": "2025-11-13T10:04:29+01:00",
        "inclusion_date": "2026-01-08T18:37:27.650997+00:00"
      },
      "id": "2ff43c5a6181bbf962ff72a8e0158c8094babf2fe67d77b796e028e598c5a464"
    },
    "proof": null,
    "proof_verified": false,
    "feedback": null,
    "verification_message": "All 1 attempts failed (1 strategies x 1 attempts each)",
    "success": true,
    "error_type": null,
    "error_message": null,
    "strategy_name": "all_failed_k=1",
    "proof_attempts": [
      "rfl"
    ]
  }
]

[2026-01-12 18:50:23] [process_single_sorry] STDERR:
None of PyTorch, TensorFlow >= 2.0, or Flax have been found. Models won't be available and only tokenizers, configuration and file/data utilities can be used.
[2026-01-12 18:48:39] [INFO] ================================================================================
[2026-01-12 18:48:39] [INFO] Starting run_morphcloud_local.py
[2026-01-12 18:48:39] [INFO] ================================================================================
[2026-01-12 18:48:39] [INFO] Environment loaded
[2026-01-12 18:48:39] [INFO] Full command: /root/SorryDB/sorrydb/cli/run_morphcloud_local.py --repo-path /root/repo --sorry-json {"repo": {"remote": "https://github.com/Beneficial-AI-Foundation/curve25519-dalek-lean-verify", "branch": "count-aeneas", "commit": "a3e1f35e8e84463a9203b5c265514342427ba11a", "lean_version": "v4.24.0"}, "location": {"path": "Curve25519Dalek/Specs/Backend/Serial/CurveModels/ProjectivePoint/Double.lean", "start_line": 112, "start_column": 4, "end_line": 112, "end_column": 9}, "debug_info": {"goal": "case h_bounds_b\nq : ProjectivePoint\nh_qX_bounds : \u2200 i < 5, \u2191q.X[i]! \u2264 2 ^ 52\nh_qY_bounds : \u2200 i < 5, \u2191q.Y[i]! \u2264 2 ^ 52\nh_qZ_bounds : \u2200 i < 5, \u2191q.Z[i]! \u2264 2 ^ 52\nXX : u64.field.FieldElement51\n_\u271d\u2074 : [> let XX \u2190 q.X.square <]\nXX_post : Field51_as_Nat XX \u2261 Field51_as_Nat q.X ^ 2 [MOD p]\nYY : u64.field.FieldElement51\n_\u271d\u00b3 : [> let YY \u2190 q.Y.square <]\nYY_post : Field51_as_Nat YY \u2261 Field51_as_Nat q.Y ^ 2 [MOD p]\nZZ2 : u64.field.FieldElement51\n_\u271d\u00b2 : [> let ZZ2 \u2190 q.Z.square2 <]\nZZ2_post : Field51_as_Nat ZZ2 % p = 2 * Field51_as_Nat q.Z ^ 2 % p\nX_plus_Y : u64.field.FieldElement51\n_\u271d\u00b9 : [> let X_plus_Y \u2190 add q.X q.Y <]\nX_plus_Y_post : \u2200 i < 5, \u2191X_plus_Y[i]! = \u2191q.X[i]! + \u2191q.Y[i]!\nX_plus_Y_sq : u64.field.FieldElement51\n_\u271d : [> let X_plus_Y_sq \u2190 X_plus_Y.square <]\nX_plus_Y_sq_post : Field51_as_Nat X_plus_Y_sq \u2261 Field51_as_Nat X_plus_Y ^ 2 [MOD p]\nYY_plus_XX : u64.field.FieldElement51\n_ : [> let YY_plus_XX \u2190 add YY XX <]\nYY_plus_XX_post : \u2200 i < 5, \u2191YY_plus_XX[i]! = \u2191YY[i]! + \u2191XX[i]!\n\u22a2 \u2200 i < 5, \u2191XX[i]! \u2264 2 ^ 54", "url": "https://github.com/Beneficial-AI-Foundation/curve25519-dalek-lean-verify/blob/a3e1f35e8e84463a9203b5c265514342427ba11a/Curve25519Dalek/Specs/Backend/Serial/CurveModels/ProjectivePoint/Double.lean#L112"}, "metadata": {"blame_email_hash": "0f90dc1343ea", "blame_date": "2025-11-13T10:04:29+01:00", "inclusion_date": "2026-01-08T18:37:27.650997+00:00"}, "id": "2ff43c5a6181bbf962ff72a8e0158c8094babf2fe67d77b796e028e598c5a464"} --agent-strategy {"name": "rfl", "args": {}}
[2026-01-12 18:48:39] [INFO] Arguments parsed: repo_path=/root/repo, output_path=/root/repo/result.json
[2026-01-12 18:48:39] [INFO] Strategy spec: {"name": "rfl", "args": {}}...
[2026-01-12 18:48:39] [INFO] Loading sorry data...
[2026-01-12 18:48:39] [INFO] Parsing sorry from JSON string...
[2026-01-12 18:48:39] [INFO] Sorry data parsed from JSON string
[2026-01-12 18:48:39] [INFO] Creating strategy from spec...
[2026-01-12 18:48:39] [INFO] Parsing strategy spec (length: 27 chars)
[2026-01-12 18:48:39] [INFO] Strategy name: rfl
[2026-01-12 18:48:39] [INFO] Strategy args: {}
[2026-01-12 18:48:39] [INFO] Pass@k value: 1
[2026-01-12 18:48:39] [INFO] Creating strategy: rfl
[2026-01-12 18:48:39] [INFO] Strategies created: ['RflStrategy']
[2026-01-12 18:48:39] [INFO] Pass@k value: 1
[2026-01-12 18:48:39] [INFO] Creating Sorry object...
[2026-01-12 18:48:39] [INFO] Sorry object created: id=2ff43c5a6181bbf962ff72a8e0158c8094babf2fe67d77b796e028e598c5a464
[2026-01-12 18:48:39] [INFO] Sorry location: Curve25519Dalek/Specs/Backend/Serial/CurveModels/ProjectivePoint/Double.lean:112
[2026-01-12 18:48:39] [INFO] Context before sorry (lines 107-112):
[2026-01-12 18:48:39] [INFO]   107:   · -- Goal 6: Precondition for `YY_plus_XX`
[2026-01-12 18:48:39] [INFO]   108:     sorry
[2026-01-12 18:48:39] [INFO]   109:   · -- Goal 7: Precondition for `YY`
[2026-01-12 18:48:39] [INFO]   110:     sorry
[2026-01-12 18:48:39] [INFO]   111:   · -- Goal 8: Precondition for `XX`
[2026-01-12 18:48:39] [INFO]   112:     sorry
[2026-01-12 18:48:39] [INFO] Sorry line:     sorry
[2026-01-12 18:48:39] [INFO] Sorry goal: case h_bounds_b
q : ProjectivePoint
h_qX_bounds : ∀ i < 5, ↑q.X[i]! ≤ 2 ^ 52
h_qY_bounds : ∀ i < 5, ...
[2026-01-12 18:48:39] [INFO] ========================================
[2026-01-12 18:48:39] [INFO] Trying strategy: RflStrategy (up to 1 attempts)
[2026-01-12 18:48:39] [INFO] --------------------
[2026-01-12 18:48:39] [INFO] Strategy RflStrategy, attempt 1/1
[2026-01-12 18:48:39] [INFO] Starting proof generation...
[2026-01-12 18:48:39] [INFO] Repository path: /root/repo
[2026-01-12 18:48:39] [INFO] Proof generation completed
[2026-01-12 18:48:39] [INFO] Generated proof:
[2026-01-12 18:48:39] [INFO] rfl
[2026-01-12 18:48:39] [INFO] Proof length: 3 chars
[2026-01-12 18:48:39] [INFO] Starting proof verification...
[2026-01-12 18:48:39] [INFO] Verifying at: Curve25519Dalek/Specs/Backend/Serial/CurveModels/ProjectivePoint/Double.lean:112
[2026-01-12 18:48:39] [INFO] Using LEAN INTERACT verify
[2026-01-12 18:48:39] [INFO] Checking file
[2026-01-12 18:50:21] [INFO] Cannot build modified file <error line="112" column="4">
<code_line>    rfl</code_line>
<message>error: Tactic `rfl` failed: Expected the goal to be a binary relation</message>
</error>

Hint: Reflexivity tactics can only be used on goals of the form `x ~ x` or `R x x`

case h_bounds_b
q : ProjectivePoint
h_qX_bounds : ∀ i < 5, ↑q.X[i]! ≤ 2 ^ 52
h_qY_bounds : ∀ i < 5, ↑q.Y[i]! ≤ 2 ^ 52
h_qZ_bounds : ∀ i < 5, ↑q.Z[i]! ≤ 2 ^ 52
XX : u64.field.FieldElement51
_✝⁴ : [> let XX ← q.X.square <]
XX_post : Field51_as_Nat XX ≡ Field51_as_Nat q.X ^ 2 [MOD p]
YY : u64.field.FieldElement51
_✝³ : [> let YY ← q.Y.square <]
YY_post : Field51_as_Nat YY ≡ Field51_as_Nat q.Y ^ 2 [MOD p]
ZZ2 : u64.field.FieldElement51
_✝² : [> let ZZ2 ← q.Z.square2 <]
ZZ2_post : Field51_as_Nat ZZ2 % p = 2 * Field51_as_Nat q.Z ^ 2 % p
X_plus_Y : u64.field.FieldElement51
_✝¹ : [> let X_plus_Y ← add q.X q.Y <]
X_plus_Y_post : ∀ i < 5, ↑X_plus_Y[i]! = ↑q.X[i]! + ↑q.Y[i]!
X_plus_Y_sq : u64.field.FieldElement51
_✝ : [> let X_plus_Y_sq ← X_plus_Y.square <]
X_plus_Y_sq_post : Field51_as_Nat X_plus_Y_sq ≡ Field51_as_Nat X_plus_Y ^ 2 [MOD p]
YY_plus_XX : u64.field.FieldElement51
_ : [> let YY_plus_XX ← add YY XX <]
YY_plus_XX_post : ∀ i < 5, ↑YY_plus_XX[i]! = ↑YY[i]! + ↑XX[i]!
⊢ ∀ i < 5, ↑XX[i]! ≤ 2 ^ 54
[2026-01-12 18:50:21] [INFO] Proof verification completed
[2026-01-12 18:50:21] [INFO] Strategy RflStrategy attempt 1: verified=False
[2026-01-12 18:50:21] [INFO] Verification message: Cannot build modified file: <error line="112" column="4">
<code_line>    rfl</code_line>
<message>error: Tactic `rfl` failed: Expected the goal to be a binary relation</message>
</error>

Hint: Reflexivity tactics can only be used on goals of the form `x ~ x` or `R x x`

case h_bounds_b
q : ProjectivePoint
h_qX_bounds : ∀ i < 5, ↑q.X[i]! ≤ 2 ^ 52
h_qY_bounds : ∀ i < 5, ↑q.Y[i]! ≤ 2 ^ 52
h_qZ_bounds : ∀ i < 5, ↑q.Z[i]! ≤ 2 ^ 52
XX : u64.field.FieldElement51
_✝⁴ : [> let XX ← q.X.square <]
XX_post : Field51_as_Nat XX ≡ Field51_as_Nat q.X ^ 2 [MOD p]
YY : u64.field.FieldElement51
_✝³ : [> let YY ← q.Y.square <]
YY_post : Field51_as_Nat YY ≡ Field51_as_Nat q.Y ^ 2 [MOD p]
ZZ2 : u64.field.FieldElement51
_✝² : [> let ZZ2 ← q.Z.square2 <]
ZZ2_post : Field51_as_Nat ZZ2 % p = 2 * Field51_as_Nat q.Z ^ 2 % p
X_plus_Y : u64.field.FieldElement51
_✝¹ : [> let X_plus_Y ← add q.X q.Y <]
X_plus_Y_post : ∀ i < 5, ↑X_plus_Y[i]! = ↑q.X[i]! + ↑q.Y[i]!
X_plus_Y_sq : u64.field.FieldElement51
_✝ : [> let X_plus_Y_sq ← X_plus_Y.square <]
X_plus_Y_sq_post : Field51_as_Nat X_plus_Y_sq ≡ Field51_as_Nat X_plus_Y ^ 2 [MOD p]
YY_plus_XX : u64.field.FieldElement51
_ : [> let YY_plus_XX ← add YY XX <]
YY_plus_XX_post : ∀ i < 5, ↑YY_plus_XX[i]! = ↑YY[i]! + ↑XX[i]!
⊢ ∀ i < 5, ↑XX[i]! ≤ 2 ^ 54

[2026-01-12 18:50:21] [INFO] Attempt 1 failed verification, continuing...
[2026-01-12 18:50:21] [INFO] ========================================
[2026-01-12 18:50:21] [INFO] Pass@k completed. Total results: 1
[2026-01-12 18:50:21] [INFO] FAILED: All 1 strategies x 1 attempts
[2026-01-12 18:50:21] [INFO] Writing results to file: /root/repo/result.json
[2026-01-12 18:50:21] [INFO] Result file written successfully
[2026-01-12 18:50:21] [INFO] Results exported to: /root/repo/result.json
[2026-01-12 18:50:21] [INFO] run_morphcloud_local.py completed successfully

[2026-01-12 18:50:23] [process_single_sorry] Downloading result file...
[2026-01-12 18:50:24] [process_single_sorry] Downloaded result to intermediate_experiment_outputs_full_reservoir_3_months/rfl/2026-01-12_15-54-17_rfl/individual/2ff43c5a6181bbf962ff72a8e0158c8094babf2fe67d77b796e028e598c5a464.json
[2026-01-12 18:50:27] [process_single_sorry] Instance context closed successfully
[2026-01-12 18:50:27] [process_single_sorry] Parsing result file...
[2026-01-12 18:50:27] [process_single_sorry] Successfully parsed result (list format, 1 results)
