[2026-01-12 18:43:40] [process_single_sorry] Starting for sorry 3682b0a8ee96a4e7fc4d6386fcc9359d0a906d681291c502a59e03d234399ec9
[2026-01-12 18:43:40] [process_single_sorry] Using snapshot: snapshot_zglzboza
[2026-01-12 18:43:40] [process_single_sorry] Repository: https://github.com/fpvandoorn/carleson@8fffcb0a3e529df2396f5bd039169412108f6b43
[2026-01-12 18:43:40] [process_single_sorry] Instance name: carleson_8fffcb0a3e52_rfl_3682b0a8ee96a4e7fc4d6386fcc9359d0a906d681291c502a59e03d234399ec9
[2026-01-12 18:43:40] [process_single_sorry] Starting attempt 1/3
[2026-01-12 18:43:40] [process_single_sorry] Starting instance from snapshot...
[2026-01-12 18:43:43] [process_single_sorry] Instance started successfully: morphvm_oi5sdsek
[2026-01-12 18:43:43] [process_single_sorry] Creating .env file...
[2026-01-12 18:44:09] [process_single_sorry] .env file created (exit_code: 0)
[2026-01-12 18:44:09] [process_single_sorry] Executing agent command...
[2026-01-12 18:47:49] [process_single_sorry] Agent command completed (exit_code: 0)
[2026-01-12 18:47:49] [process_single_sorry] STDOUT:

Results JSON:
[
  {
    "sorry": {
      "repo": {
        "remote": "https://github.com/fpvandoorn/carleson",
        "branch": "pitmonticone/workflows-bump_docgen-action",
        "commit": "8fffcb0a3e529df2396f5bd039169412108f6b43",
        "lean_version": "v4.27.0-rc1"
      },
      "location": {
        "path": "Carleson/ToMathlib/Lorentz.lean",
        "start_line": 702,
        "start_column": 4,
        "end_line": 702,
        "end_column": 9
      },
      "debug_info": {
        "goal": "case pos\nα : Type u_1\nε' : Type u_3\nm0 : MeasurableSpace α\nα' : Type u_4\nm : MeasurableSpace α'\ninst✝¹ : TopologicalSpace ε'\ninst✝ : ENormedSpace ε'\np p' : ENNReal\nμ : Measure α\nν : Measure α'\nc : NNReal\nc_pos : 0 < c\nT : (α → NNReal) → α' → ε'\nhT :\n  @MeasureTheory.HasRestrictedWeakType α m0 α' ε' m inst✝¹ inst✝.toENorm NNReal instZeroNNReal instOneNNReal T p p' μ ν\n    ↑c\nhpp' : p.HolderConjugate p'\nweakly_cont_T :\n  @MeasureTheory.WeaklyContinuous α NNReal ε' m0 α' m NNReal.instTopologicalSpace instENormedSpaceNNReal.toENorm\n    inst✝.toENorm NNReal.instConditionallyCompleteLinearOrderBot.toSupSet instPartialOrderNNReal.toPreorder T p μ ν\nG : Set α'\nhG : MeasurableSet G\nhG' : ν G < ⊤\nT_subadditive :\n  ∀ (f g : α → NNReal)\n    (a : @MeasureTheory.MemLorentz α NNReal m0 instENormedSpaceNNReal.toENorm NNReal.instTopologicalSpace f p 1 μ)\n    (a : @MeasureTheory.MemLorentz α NNReal m0 instENormedSpaceNNReal.toENorm NNReal.instTopologicalSpace g p 1 μ),\n    eLpNorm (T (f + g)) 1 (ν.restrict G) ≤ eLpNorm (T f) 1 (ν.restrict G) + eLpNorm (T g) 1 (ν.restrict G)\nT_submult : ∀ (f : α → NNReal) (a : NNReal), eLpNorm (T (a • f)) 1 (ν.restrict G) ≤ eLpNorm (a • T f) 1 (ν.restrict G)\nf : α → NNReal\nhf : Measurable f\nhf' : @MeasureTheory.MemLorentz α NNReal m0 instENormedSpaceNNReal.toENorm NNReal.instTopologicalSpace f p 1 μ\np_ne_top : p = ⊤\n⊢ eLpNorm (T f) 1 (ν.restrict G) ≤\n    ↑c / p * @MeasureTheory.eLorentzNorm α NNReal m0 instENormedSpaceNNReal.toENorm f p 1 μ * ν G ^ p'⁻¹.toReal",
        "url": "https://github.com/fpvandoorn/carleson/blob/8fffcb0a3e529df2396f5bd039169412108f6b43/Carleson/ToMathlib/Lorentz.lean#L702"
      },
      "metadata": {
        "blame_email_hash": "98b4e7a53984",
        "blame_date": "2025-10-22T12:26:31+02:00",
        "inclusion_date": "2026-01-10T01:02:43.097802+00:00"
      },
      "id": "3682b0a8ee96a4e7fc4d6386fcc9359d0a906d681291c502a59e03d234399ec9"
    },
    "proof": null,
    "proof_verified": false,
    "feedback": null,
    "verification_message": "All 1 attempts failed (1 strategies x 1 attempts each)",
    "success": true,
    "error_type": null,
    "error_message": null,
    "strategy_name": "all_failed_k=1",
    "proof_attempts": [
      "rfl"
    ]
  }
]

[2026-01-12 18:47:49] [process_single_sorry] STDERR:
None of PyTorch, TensorFlow >= 2.0, or Flax have been found. Models won't be available and only tokenizers, configuration and file/data utilities can be used.
[2026-01-12 18:45:40] [INFO] ================================================================================
[2026-01-12 18:45:40] [INFO] Starting run_morphcloud_local.py
[2026-01-12 18:45:40] [INFO] ================================================================================
[2026-01-12 18:45:40] [INFO] Environment loaded
[2026-01-12 18:45:40] [INFO] Full command: /root/SorryDB/sorrydb/cli/run_morphcloud_local.py --repo-path /root/repo --sorry-json {"repo": {"remote": "https://github.com/fpvandoorn/carleson", "branch": "pitmonticone/workflows-bump_docgen-action", "commit": "8fffcb0a3e529df2396f5bd039169412108f6b43", "lean_version": "v4.27.0-rc1"}, "location": {"path": "Carleson/ToMathlib/Lorentz.lean", "start_line": 702, "start_column": 4, "end_line": 702, "end_column": 9}, "debug_info": {"goal": "case pos\n\u03b1 : Type u_1\n\u03b5' : Type u_3\nm0 : MeasurableSpace \u03b1\n\u03b1' : Type u_4\nm : MeasurableSpace \u03b1'\ninst\u271d\u00b9 : TopologicalSpace \u03b5'\ninst\u271d : ENormedSpace \u03b5'\np p' : ENNReal\n\u03bc : Measure \u03b1\n\u03bd : Measure \u03b1'\nc : NNReal\nc_pos : 0 < c\nT : (\u03b1 \u2192 NNReal) \u2192 \u03b1' \u2192 \u03b5'\nhT :\n  @MeasureTheory.HasRestrictedWeakType \u03b1 m0 \u03b1' \u03b5' m inst\u271d\u00b9 inst\u271d.toENorm NNReal instZeroNNReal instOneNNReal T p p' \u03bc \u03bd\n    \u2191c\nhpp' : p.HolderConjugate p'\nweakly_cont_T :\n  @MeasureTheory.WeaklyContinuous \u03b1 NNReal \u03b5' m0 \u03b1' m NNReal.instTopologicalSpace instENormedSpaceNNReal.toENorm\n    inst\u271d.toENorm NNReal.instConditionallyCompleteLinearOrderBot.toSupSet instPartialOrderNNReal.toPreorder T p \u03bc \u03bd\nG : Set \u03b1'\nhG : MeasurableSet G\nhG' : \u03bd G < \u22a4\nT_subadditive :\n  \u2200 (f g : \u03b1 \u2192 NNReal)\n    (a : @MeasureTheory.MemLorentz \u03b1 NNReal m0 instENormedSpaceNNReal.toENorm NNReal.instTopologicalSpace f p 1 \u03bc)\n    (a : @MeasureTheory.MemLorentz \u03b1 NNReal m0 instENormedSpaceNNReal.toENorm NNReal.instTopologicalSpace g p 1 \u03bc),\n    eLpNorm (T (f + g)) 1 (\u03bd.restrict G) \u2264 eLpNorm (T f) 1 (\u03bd.restrict G) + eLpNorm (T g) 1 (\u03bd.restrict G)\nT_submult : \u2200 (f : \u03b1 \u2192 NNReal) (a : NNReal), eLpNorm (T (a \u2022 f)) 1 (\u03bd.restrict G) \u2264 eLpNorm (a \u2022 T f) 1 (\u03bd.restrict G)\nf : \u03b1 \u2192 NNReal\nhf : Measurable f\nhf' : @MeasureTheory.MemLorentz \u03b1 NNReal m0 instENormedSpaceNNReal.toENorm NNReal.instTopologicalSpace f p 1 \u03bc\np_ne_top : p = \u22a4\n\u22a2 eLpNorm (T f) 1 (\u03bd.restrict G) \u2264\n    \u2191c / p * @MeasureTheory.eLorentzNorm \u03b1 NNReal m0 instENormedSpaceNNReal.toENorm f p 1 \u03bc * \u03bd G ^ p'\u207b\u00b9.toReal", "url": "https://github.com/fpvandoorn/carleson/blob/8fffcb0a3e529df2396f5bd039169412108f6b43/Carleson/ToMathlib/Lorentz.lean#L702"}, "metadata": {"blame_email_hash": "98b4e7a53984", "blame_date": "2025-10-22T12:26:31+02:00", "inclusion_date": "2026-01-10T01:02:43.097802+00:00"}, "id": "3682b0a8ee96a4e7fc4d6386fcc9359d0a906d681291c502a59e03d234399ec9"} --agent-strategy {"name": "rfl", "args": {}}
[2026-01-12 18:45:40] [INFO] Arguments parsed: repo_path=/root/repo, output_path=/root/repo/result.json
[2026-01-12 18:45:40] [INFO] Strategy spec: {"name": "rfl", "args": {}}...
[2026-01-12 18:45:40] [INFO] Loading sorry data...
[2026-01-12 18:45:40] [INFO] Parsing sorry from JSON string...
[2026-01-12 18:45:40] [INFO] Sorry data parsed from JSON string
[2026-01-12 18:45:40] [INFO] Creating strategy from spec...
[2026-01-12 18:45:40] [INFO] Parsing strategy spec (length: 27 chars)
[2026-01-12 18:45:40] [INFO] Strategy name: rfl
[2026-01-12 18:45:40] [INFO] Strategy args: {}
[2026-01-12 18:45:40] [INFO] Pass@k value: 1
[2026-01-12 18:45:40] [INFO] Creating strategy: rfl
[2026-01-12 18:45:40] [INFO] Strategies created: ['RflStrategy']
[2026-01-12 18:45:40] [INFO] Pass@k value: 1
[2026-01-12 18:45:40] [INFO] Creating Sorry object...
[2026-01-12 18:45:40] [INFO] Sorry object created: id=3682b0a8ee96a4e7fc4d6386fcc9359d0a906d681291c502a59e03d234399ec9
[2026-01-12 18:45:40] [INFO] Sorry location: Carleson/ToMathlib/Lorentz.lean:702
[2026-01-12 18:45:40] [INFO] Context before sorry (lines 697-702):
[2026-01-12 18:45:40] [INFO]   697:     eLpNorm (T (f + g)) 1 (ν.restrict G) ≤ eLpNorm (T f) 1 (ν.restrict G) + eLpNorm (T g) 1 (ν.restrict G))
[2026-01-12 18:45:40] [INFO]   698:   (T_submult : ∀ (f : α → ℝ≥0) (a : ℝ≥0), eLpNorm (T (a • f)) 1 (ν.restrict G) ≤ eLpNorm (a • T f) 1 (ν.restrict G))
[2026-01-12 18:45:40] [INFO]   699:   {f : α → ℝ≥0} (hf : Measurable f) (hf' : MemLorentz f p 1 μ) :
[2026-01-12 18:45:40] [INFO]   700:       eLpNorm (T f) 1 (ν.restrict G) ≤ (c / p) * eLorentzNorm f p 1 μ * ν G ^ p'⁻¹.toReal := by
[2026-01-12 18:45:40] [INFO]   701:   by_cases p_ne_top : p = ∞
[2026-01-12 18:45:40] [INFO]   702:   · sorry --TODO: check whether this works or whether it should be excluded
[2026-01-12 18:45:40] [INFO] Sorry line:   · sorry --TODO: check whether this works or whether it should be excluded
[2026-01-12 18:45:40] [INFO] Sorry goal: case pos
α : Type u_1
ε' : Type u_3
m0 : MeasurableSpace α
α' : Type u_4
m : MeasurableSpace α'
inst...
[2026-01-12 18:45:40] [INFO] ========================================
[2026-01-12 18:45:40] [INFO] Trying strategy: RflStrategy (up to 1 attempts)
[2026-01-12 18:45:40] [INFO] --------------------
[2026-01-12 18:45:40] [INFO] Strategy RflStrategy, attempt 1/1
[2026-01-12 18:45:40] [INFO] Starting proof generation...
[2026-01-12 18:45:40] [INFO] Repository path: /root/repo
[2026-01-12 18:45:40] [INFO] Proof generation completed
[2026-01-12 18:45:40] [INFO] Generated proof:
[2026-01-12 18:45:40] [INFO] rfl
[2026-01-12 18:45:40] [INFO] Proof length: 3 chars
[2026-01-12 18:45:40] [INFO] Starting proof verification...
[2026-01-12 18:45:40] [INFO] Verifying at: Carleson/ToMathlib/Lorentz.lean:702
[2026-01-12 18:45:40] [INFO] Using LEAN INTERACT verify
[2026-01-12 18:45:40] [INFO] Checking file
[2026-01-12 18:47:47] [INFO] Cannot build modified file <error line="702" column="4">
<code_line>  · rfl --TODO: check whether this works or whether it should be excluded</code_line>
<message>error: Tactic `rfl` failed: The left-hand side</message>
</error>
  eLpNorm (T f) 1 (ν.restrict G)
is not definitionally equal to the right-hand side
  ↑c / p * eLorentzNorm f p 1 μ * ν G ^ p'⁻¹.toReal

case pos
α : Type u_1
ε' : Type u_3
m0 : MeasurableSpace α
α' : Type u_4
m : MeasurableSpace α'
inst✝¹ : TopologicalSpace ε'
inst✝ : ENormedSpace ε'
p p' : ℝ≥0∞
μ : Measure α
ν : Measure α'
c : ℝ≥0
c_pos : 0 < c
T : (α → ℝ≥0) → α' → ε'
hT : HasRestrictedWeakType T p p' μ ν ↑c
hpp' : p.HolderConjugate p'
weakly_cont_T : WeaklyContinuous T p μ ν
G : Set α'
hG : MeasurableSet G
hG' : ν G < ⊤
T_subadditive :
  ∀ (f g : α → ℝ≥0),
    MemLorentz f p 1 μ →
      MemLorentz g p 1 μ →
        eLpNorm (T (f + g)) 1 (ν.restrict G) ≤ eLpNorm (T f) 1 (ν.restrict G) + eLpNorm (T g) 1 (ν.restrict G)
T_submult : ∀ (f : α → ℝ≥0) (a : ℝ≥0), eLpNorm (T (a • f)) 1 (ν.restrict G) ≤ eLpNorm (a • T f) 1 (ν.restrict G)
f : α → ℝ≥0
hf : Measurable f
hf' : MemLorentz f p 1 μ
p_ne_top : p = ⊤
⊢ eLpNorm (T f) 1 (ν.restrict G) ≤ ↑c / p * eLorentzNorm f p 1 μ * ν G ^ p'⁻¹.toReal
[2026-01-12 18:47:47] [INFO] Proof verification completed
[2026-01-12 18:47:47] [INFO] Strategy RflStrategy attempt 1: verified=False
[2026-01-12 18:47:47] [INFO] Verification message: Cannot build modified file: <error line="702" column="4">
<code_line>  · rfl --TODO: check whether this works or whether it should be excluded</code_line>
<message>error: Tactic `rfl` failed: The left-hand side</message>
</error>
  eLpNorm (T f) 1 (ν.restrict G)
is not definitionally equal to the right-hand side
  ↑c / p * eLorentzNorm f p 1 μ * ν G ^ p'⁻¹.toReal

case pos
α : Type u_1
ε' : Type u_3
m0 : MeasurableSpace α
α' : Type u_4
m : MeasurableSpace α'
inst✝¹ : TopologicalSpace ε'
inst✝ : ENormedSpace ε'
p p' : ℝ≥0∞
μ : Measure α
ν : Measure α'
c : ℝ≥0
c_pos : 0 < c
T : (α → ℝ≥0) → α' → ε'
hT : HasRestrictedWeakType T p p' μ ν ↑c
hpp' : p.HolderConjugate p'
weakly_cont_T : WeaklyContinuous T p μ ν
G : Set α'
hG : MeasurableSet G
hG' : ν G < ⊤
T_subadditive :
  ∀ (f g : α → ℝ≥0),
    MemLorentz f p 1 μ →
      MemLorentz g p 1 μ →
        eLpNorm (T (f + g)) 1 (ν.restrict G) ≤ eLpNorm (T f) 1 (ν.restrict G) + eLpNorm (T g) 1 (ν.restrict G)
T_submult : ∀ (f : α → ℝ≥0) (a : ℝ≥0), eLpNorm (T (a • f)) 1 (ν.restrict G) ≤ eLpNorm (a • T f) 1 (ν.restrict G)
f : α → ℝ≥0
hf : Measurable f
hf' : MemLorentz f p 1 μ
p_ne_top : p = ⊤
⊢ eLpNorm (T f) 1 (ν.restrict G) ≤ ↑c / p * eLorentzNorm f p 1 μ * ν G ^ p'⁻¹.toReal

[2026-01-12 18:47:47] [INFO] Attempt 1 failed verification, continuing...
[2026-01-12 18:47:47] [INFO] ========================================
[2026-01-12 18:47:47] [INFO] Pass@k completed. Total results: 1
[2026-01-12 18:47:47] [INFO] FAILED: All 1 strategies x 1 attempts
[2026-01-12 18:47:47] [INFO] Writing results to file: /root/repo/result.json
[2026-01-12 18:47:47] [INFO] Result file written successfully
[2026-01-12 18:47:47] [INFO] Results exported to: /root/repo/result.json
[2026-01-12 18:47:47] [INFO] run_morphcloud_local.py completed successfully

[2026-01-12 18:47:49] [process_single_sorry] Downloading result file...
[2026-01-12 18:47:49] [process_single_sorry] Downloaded result to intermediate_experiment_outputs_full_reservoir_3_months/rfl/2026-01-12_15-54-17_rfl/individual/3682b0a8ee96a4e7fc4d6386fcc9359d0a906d681291c502a59e03d234399ec9.json
[2026-01-12 18:47:52] [process_single_sorry] Instance context closed successfully
[2026-01-12 18:47:52] [process_single_sorry] Parsing result file...
[2026-01-12 18:47:52] [process_single_sorry] Successfully parsed result (list format, 1 results)
