[2026-01-12 18:05:08] [process_single_sorry] Starting for sorry 43433bc00059c0ba88604009f346d608c2fb7e94c00b60d4b540f143fefc5885
[2026-01-12 18:05:08] [process_single_sorry] Using snapshot: snapshot_pruguvf7
[2026-01-12 18:05:08] [process_single_sorry] Repository: https://github.com/google-deepmind/formal-imo@d3f9410760a5566c773a9136023a08d9be86684e
[2026-01-12 18:05:08] [process_single_sorry] Instance name: formal-imo_d3f9410760a5_rfl_43433bc00059c0ba88604009f346d608c2fb7e94c00b60d4b540f143fefc5885
[2026-01-12 18:05:08] [process_single_sorry] Starting attempt 1/3
[2026-01-12 18:05:08] [process_single_sorry] Starting instance from snapshot...
[2026-01-12 18:05:12] [process_single_sorry] Instance started successfully: morphvm_rha4a2om
[2026-01-12 18:05:12] [process_single_sorry] Creating .env file...
[2026-01-12 18:05:29] [process_single_sorry] .env file created (exit_code: 0)
[2026-01-12 18:05:29] [process_single_sorry] Executing agent command...
[2026-01-12 18:08:38] [process_single_sorry] Agent command completed (exit_code: 0)
[2026-01-12 18:08:38] [process_single_sorry] STDOUT:

Results JSON:
[
  {
    "sorry": {
      "repo": {
        "remote": "https://github.com/google-deepmind/formal-imo",
        "branch": "main",
        "commit": "d3f9410760a5566c773a9136023a08d9be86684e",
        "lean_version": "v4.22.0"
      },
      "location": {
        "path": "Imo/2008/P5.lean",
        "start_line": 57,
        "start_column": 2,
        "end_line": 57,
        "end_column": 7
      },
      "debug_info": {
        "goal": "n k N M : ℕ\nh : 0 < n ∧ 0 < k ∧ k ≥ n\ninst✝ : NeZero n\nheven : Even (k - n)\nswitch_seq : (Fin (k + 1) → Fin (2 * n) → Bool) → Prop\nSN SM : Finset (Fin (k + 1) → Fin (2 * n) → Bool)\nh₀ :\n  ∀ (s : Fin (k + 1) → Fin (2 * n) → Bool),\n    switch_seq s ↔\n      s 0 = Function.const (Fin (2 * n)) false ∧\n        ∀ (t : Fin k), ∃ i, s t.succ = Function.update (s t.castSucc) i !s t.castSucc i\nh₁ :\n  ∀ (s : Fin (k + 1) → Fin (2 * n) → Bool),\n    s ∈ SN ↔\n      switch_seq s ∧\n        ∀ i ∈ Finset.Ico 0 n, s (Fin.last k) ↑i = true ∧ ∀ i ∈ Finset.Ico n (2 * n), s (Fin.last k) ↑i = false\nh₂ :\n  ∀ (s : Fin (k + 1) → Fin (2 * n) → Bool),\n    s ∈ SM ↔\n      switch_seq s ∧\n        ∀ i ∈ Finset.Ico 0 n, s (Fin.last k) ↑i = true ∧ ∀ i ∈ Finset.Ico n (2 * n), ∀ (t : Fin (k + 1)), s t ↑i = false\nh₃ : N = SN.card ∧ M = SM.card\n⊢ ↑N / ↑M = 2 ^ (k - n)",
        "url": "https://github.com/google-deepmind/formal-imo/blob/d3f9410760a5566c773a9136023a08d9be86684e/Imo/2008/P5.lean#L57"
      },
      "metadata": {
        "blame_email_hash": "0baf90d5af49",
        "blame_date": "2025-01-16T19:10:00+00:00",
        "inclusion_date": "2026-01-10T05:44:37.562726+00:00"
      },
      "id": "43433bc00059c0ba88604009f346d608c2fb7e94c00b60d4b540f143fefc5885"
    },
    "proof": null,
    "proof_verified": false,
    "feedback": null,
    "verification_message": "All 1 attempts failed (1 strategies x 1 attempts each)",
    "success": true,
    "error_type": null,
    "error_message": null,
    "strategy_name": "all_failed_k=1",
    "proof_attempts": [
      "rfl"
    ]
  }
]

[2026-01-12 18:08:38] [process_single_sorry] STDERR:
None of PyTorch, TensorFlow >= 2.0, or Flax have been found. Models won't be available and only tokenizers, configuration and file/data utilities can be used.
[2026-01-12 18:06:00] [INFO] ================================================================================
[2026-01-12 18:06:00] [INFO] Starting run_morphcloud_local.py
[2026-01-12 18:06:00] [INFO] ================================================================================
[2026-01-12 18:06:00] [INFO] Environment loaded
[2026-01-12 18:06:00] [INFO] Full command: /root/SorryDB/sorrydb/cli/run_morphcloud_local.py --repo-path /root/repo --sorry-json {"repo": {"remote": "https://github.com/google-deepmind/formal-imo", "branch": "main", "commit": "d3f9410760a5566c773a9136023a08d9be86684e", "lean_version": "v4.22.0"}, "location": {"path": "Imo/2008/P5.lean", "start_line": 57, "start_column": 2, "end_line": 57, "end_column": 7}, "debug_info": {"goal": "n k N M : \u2115\nh : 0 < n \u2227 0 < k \u2227 k \u2265 n\ninst\u271d : NeZero n\nheven : Even (k - n)\nswitch_seq : (Fin (k + 1) \u2192 Fin (2 * n) \u2192 Bool) \u2192 Prop\nSN SM : Finset (Fin (k + 1) \u2192 Fin (2 * n) \u2192 Bool)\nh\u2080 :\n  \u2200 (s : Fin (k + 1) \u2192 Fin (2 * n) \u2192 Bool),\n    switch_seq s \u2194\n      s 0 = Function.const (Fin (2 * n)) false \u2227\n        \u2200 (t : Fin k), \u2203 i, s t.succ = Function.update (s t.castSucc) i !s t.castSucc i\nh\u2081 :\n  \u2200 (s : Fin (k + 1) \u2192 Fin (2 * n) \u2192 Bool),\n    s \u2208 SN \u2194\n      switch_seq s \u2227\n        \u2200 i \u2208 Finset.Ico 0 n, s (Fin.last k) \u2191i = true \u2227 \u2200 i \u2208 Finset.Ico n (2 * n), s (Fin.last k) \u2191i = false\nh\u2082 :\n  \u2200 (s : Fin (k + 1) \u2192 Fin (2 * n) \u2192 Bool),\n    s \u2208 SM \u2194\n      switch_seq s \u2227\n        \u2200 i \u2208 Finset.Ico 0 n, s (Fin.last k) \u2191i = true \u2227 \u2200 i \u2208 Finset.Ico n (2 * n), \u2200 (t : Fin (k + 1)), s t \u2191i = false\nh\u2083 : N = SN.card \u2227 M = SM.card\n\u22a2 \u2191N / \u2191M = 2 ^ (k - n)", "url": "https://github.com/google-deepmind/formal-imo/blob/d3f9410760a5566c773a9136023a08d9be86684e/Imo/2008/P5.lean#L57"}, "metadata": {"blame_email_hash": "0baf90d5af49", "blame_date": "2025-01-16T19:10:00+00:00", "inclusion_date": "2026-01-10T05:44:37.562726+00:00"}, "id": "43433bc00059c0ba88604009f346d608c2fb7e94c00b60d4b540f143fefc5885"} --agent-strategy {"name": "rfl", "args": {}}
[2026-01-12 18:06:00] [INFO] Arguments parsed: repo_path=/root/repo, output_path=/root/repo/result.json
[2026-01-12 18:06:00] [INFO] Strategy spec: {"name": "rfl", "args": {}}...
[2026-01-12 18:06:00] [INFO] Loading sorry data...
[2026-01-12 18:06:00] [INFO] Parsing sorry from JSON string...
[2026-01-12 18:06:00] [INFO] Sorry data parsed from JSON string
[2026-01-12 18:06:00] [INFO] Creating strategy from spec...
[2026-01-12 18:06:00] [INFO] Parsing strategy spec (length: 27 chars)
[2026-01-12 18:06:00] [INFO] Strategy name: rfl
[2026-01-12 18:06:00] [INFO] Strategy args: {}
[2026-01-12 18:06:00] [INFO] Pass@k value: 1
[2026-01-12 18:06:00] [INFO] Creating strategy: rfl
[2026-01-12 18:06:00] [INFO] Strategies created: ['RflStrategy']
[2026-01-12 18:06:00] [INFO] Pass@k value: 1
[2026-01-12 18:06:00] [INFO] Creating Sorry object...
[2026-01-12 18:06:00] [INFO] Sorry object created: id=43433bc00059c0ba88604009f346d608c2fb7e94c00b60d4b540f143fefc5885
[2026-01-12 18:06:00] [INFO] Sorry location: Imo/2008/P5.lean:57
[2026-01-12 18:06:00] [INFO] Context before sorry (lines 52-57):
[2026-01-12 18:06:00] [INFO]   52:       switch_seq s ∧
[2026-01-12 18:06:00] [INFO]   53:       ∀ i ∈ Finset.Ico 0 n,
[2026-01-12 18:06:00] [INFO]   54:       s (Fin.last _) ↑i = true ∧ ∀ i ∈ Finset.Ico n (2 * n), ∀ t, s t ↑i = false)
[2026-01-12 18:06:00] [INFO]   55:     (h₃ : N = SN.card ∧ M = SM.card) :
[2026-01-12 18:06:00] [INFO]   56:     (N / M : ℚ) = answer(2 ^ (k - n)) := by
[2026-01-12 18:06:00] [INFO]   57:   sorry
[2026-01-12 18:06:00] [INFO] Sorry line:   sorry
[2026-01-12 18:06:00] [INFO] Sorry goal: n k N M : ℕ
h : 0 < n ∧ 0 < k ∧ k ≥ n
inst✝ : NeZero n
heven : Even (k - n)
switch_seq : (Fin (k + 1...
[2026-01-12 18:06:00] [INFO] ========================================
[2026-01-12 18:06:00] [INFO] Trying strategy: RflStrategy (up to 1 attempts)
[2026-01-12 18:06:00] [INFO] --------------------
[2026-01-12 18:06:00] [INFO] Strategy RflStrategy, attempt 1/1
[2026-01-12 18:06:00] [INFO] Starting proof generation...
[2026-01-12 18:06:00] [INFO] Repository path: /root/repo
[2026-01-12 18:06:00] [INFO] Proof generation completed
[2026-01-12 18:06:00] [INFO] Generated proof:
[2026-01-12 18:06:00] [INFO] rfl
[2026-01-12 18:06:00] [INFO] Proof length: 3 chars
[2026-01-12 18:06:00] [INFO] Starting proof verification...
[2026-01-12 18:06:00] [INFO] Verifying at: Imo/2008/P5.lean:57
[2026-01-12 18:06:00] [INFO] Using LEAN INTERACT verify
[2026-01-12 18:06:00] [INFO] Checking file
[2026-01-12 18:08:35] [INFO] Cannot build modified file <error line="57" column="2">
<code_line>  rfl</code_line>
<message>error: tactic 'rfl' failed, the left-hand side</message>
</error>
  ↑N / ↑M
is not definitionally equal to the right-hand side
  2 ^ (k - n)
n k N M : ℕ
h : 0 < n ∧ 0 < k ∧ k ≥ n
inst✝ : NeZero n
heven : Even (k - n)
switch_seq : (Fin (k + 1) → Fin (2 * n) → Bool) → Prop
SN SM : Finset (Fin (k + 1) → Fin (2 * n) → Bool)
h₀ :
  ∀ (s : Fin (k + 1) → Fin (2 * n) → Bool),
    switch_seq s ↔
      s 0 = Function.const (Fin (2 * n)) false ∧
        ∀ (t : Fin k), ∃ i, s t.succ = Function.update (s t.castSucc) i !s t.castSucc i
h₁ :
  ∀ (s : Fin (k + 1) → Fin (2 * n) → Bool),
    s ∈ SN ↔
      switch_seq s ∧
        ∀ i ∈ Finset.Ico 0 n, s (Fin.last k) ↑i = true ∧ ∀ i ∈ Finset.Ico n (2 * n), s (Fin.last k) ↑i = false
h₂ :
  ∀ (s : Fin (k + 1) → Fin (2 * n) → Bool),
    s ∈ SM ↔
      switch_seq s ∧
        ∀ i ∈ Finset.Ico 0 n, s (Fin.last k) ↑i = true ∧ ∀ i ∈ Finset.Ico n (2 * n), ∀ (t : Fin (k + 1)), s t ↑i = false
h₃ : N = SN.card ∧ M = SM.card
⊢ ↑N / ↑M = 2 ^ (k - n)
[2026-01-12 18:08:35] [INFO] Proof verification completed
[2026-01-12 18:08:35] [INFO] Strategy RflStrategy attempt 1: verified=False
[2026-01-12 18:08:35] [INFO] Verification message: Cannot build modified file: <error line="57" column="2">
<code_line>  rfl</code_line>
<message>error: tactic 'rfl' failed, the left-hand side</message>
</error>
  ↑N / ↑M
is not definitionally equal to the right-hand side
  2 ^ (k - n)
n k N M : ℕ
h : 0 < n ∧ 0 < k ∧ k ≥ n
inst✝ : NeZero n
heven : Even (k - n)
switch_seq : (Fin (k + 1) → Fin (2 * n) → Bool) → Prop
SN SM : Finset (Fin (k + 1) → Fin (2 * n) → Bool)
h₀ :
  ∀ (s : Fin (k + 1) → Fin (2 * n) → Bool),
    switch_seq s ↔
      s 0 = Function.const (Fin (2 * n)) false ∧
        ∀ (t : Fin k), ∃ i, s t.succ = Function.update (s t.castSucc) i !s t.castSucc i
h₁ :
  ∀ (s : Fin (k + 1) → Fin (2 * n) → Bool),
    s ∈ SN ↔
      switch_seq s ∧
        ∀ i ∈ Finset.Ico 0 n, s (Fin.last k) ↑i = true ∧ ∀ i ∈ Finset.Ico n (2 * n), s (Fin.last k) ↑i = false
h₂ :
  ∀ (s : Fin (k + 1) → Fin (2 * n) → Bool),
    s ∈ SM ↔
      switch_seq s ∧
        ∀ i ∈ Finset.Ico 0 n, s (Fin.last k) ↑i = true ∧ ∀ i ∈ Finset.Ico n (2 * n), ∀ (t : Fin (k + 1)), s t ↑i = false
h₃ : N = SN.card ∧ M = SM.card
⊢ ↑N / ↑M = 2 ^ (k - n)

[2026-01-12 18:08:35] [INFO] Attempt 1 failed verification, continuing...
[2026-01-12 18:08:35] [INFO] ========================================
[2026-01-12 18:08:35] [INFO] Pass@k completed. Total results: 1
[2026-01-12 18:08:35] [INFO] FAILED: All 1 strategies x 1 attempts
[2026-01-12 18:08:35] [INFO] Writing results to file: /root/repo/result.json
[2026-01-12 18:08:35] [INFO] Result file written successfully
[2026-01-12 18:08:35] [INFO] Results exported to: /root/repo/result.json
[2026-01-12 18:08:35] [INFO] run_morphcloud_local.py completed successfully

[2026-01-12 18:08:38] [process_single_sorry] Downloading result file...
[2026-01-12 18:08:41] [process_single_sorry] Downloaded result to intermediate_experiment_outputs_full_reservoir_3_months/rfl/2026-01-12_15-54-17_rfl/individual/43433bc00059c0ba88604009f346d608c2fb7e94c00b60d4b540f143fefc5885.json
[2026-01-12 18:08:44] [process_single_sorry] Instance context closed successfully
[2026-01-12 18:08:44] [process_single_sorry] Parsing result file...
[2026-01-12 18:08:44] [process_single_sorry] Successfully parsed result (list format, 1 results)
