[2026-01-12 17:31:57] [process_single_sorry] Starting for sorry 4a5c849671c3f17cda27a7b2d46aa6930053eef4d29fdc0a9aa87ab6f1404d1c
[2026-01-12 17:31:57] [process_single_sorry] Using snapshot: snapshot_rv7khmye
[2026-01-12 17:31:57] [process_single_sorry] Repository: https://github.com/FormalizedFormalLogic/Foundation@7c74089c2442ee211abfa1e2dd5a75091800f57b
[2026-01-12 17:31:57] [process_single_sorry] Instance name: Foundation_7c74089c2442_rfl_4a5c849671c3f17cda27a7b2d46aa6930053eef4d29fdc0a9aa87ab6f1404d1c
[2026-01-12 17:31:57] [process_single_sorry] Starting attempt 1/3
[2026-01-12 17:31:57] [process_single_sorry] Starting instance from snapshot...
[2026-01-12 17:32:04] [process_single_sorry] Instance started successfully: morphvm_ohe19nfm
[2026-01-12 17:32:04] [process_single_sorry] Creating .env file...
[2026-01-12 17:32:06] [process_single_sorry] .env file created (exit_code: 0)
[2026-01-12 17:32:06] [process_single_sorry] Executing agent command...
[2026-01-12 17:32:35] [process_single_sorry] Agent command completed (exit_code: 0)
[2026-01-12 17:32:35] [process_single_sorry] STDOUT:

Results JSON:
[
  {
    "sorry": {
      "repo": {
        "remote": "https://github.com/FormalizedFormalLogic/Foundation",
        "branch": "master",
        "commit": "7c74089c2442ee211abfa1e2dd5a75091800f57b",
        "lean_version": "v4.27.0-rc1"
      },
      "location": {
        "path": "Foundation/Propositional/Hilbert/F/Deduction.lean",
        "start_line": 60,
        "start_column": 16,
        "end_line": 60,
        "end_column": 21
      },
      "debug_info": {
        "goal": "case mp.ctx\nőĪ : Type u_1\nAx : Axiom őĪ\nŌÜ : Formula őĪ\ninst‚úĚ : DecidableEq őĪ\nőď : List (Formula őĪ)\nŌÜ‚úĚ : Formula őĪ\nhŌÜ : ŌÜ‚úĚ ‚ąą ‚ÜĎőď.toFinset\n‚äĘ Hilbert.F Ax ‚äĘ ‚čÄőď ‚ěĚ ŌÜ‚úĚ",
        "url": "https://github.com/FormalizedFormalLogic/Foundation/blob/7c74089c2442ee211abfa1e2dd5a75091800f57b/Foundation/Propositional/Hilbert/F/Deduction.lean#L60"
      },
      "metadata": {
        "blame_email_hash": "165d0178d95d",
        "blame_date": "2025-11-23T08:40:14+09:00",
        "inclusion_date": "2026-01-09T01:07:19.040717+00:00"
      },
      "id": "4a5c849671c3f17cda27a7b2d46aa6930053eef4d29fdc0a9aa87ab6f1404d1c"
    },
    "proof": null,
    "proof_verified": false,
    "feedback": null,
    "verification_message": "All 1 attempts failed (1 strategies x 1 attempts each)",
    "success": true,
    "error_type": null,
    "error_message": null,
    "strategy_name": "all_failed_k=1",
    "proof_attempts": [
      "rfl"
    ]
  }
]

[2026-01-12 17:32:35] [process_single_sorry] STDERR:
None of PyTorch, TensorFlow >= 2.0, or Flax have been found. Models won't be available and only tokenizers, configuration and file/data utilities can be used.
[2026-01-12 17:32:15] [INFO] ================================================================================
[2026-01-12 17:32:15] [INFO] Starting run_morphcloud_local.py
[2026-01-12 17:32:15] [INFO] ================================================================================
[2026-01-12 17:32:15] [INFO] Environment loaded
[2026-01-12 17:32:15] [INFO] Full command: /root/SorryDB/sorrydb/cli/run_morphcloud_local.py --repo-path /root/repo --sorry-json {"repo": {"remote": "https://github.com/FormalizedFormalLogic/Foundation", "branch": "master", "commit": "7c74089c2442ee211abfa1e2dd5a75091800f57b", "lean_version": "v4.27.0-rc1"}, "location": {"path": "Foundation/Propositional/Hilbert/F/Deduction.lean", "start_line": 60, "start_column": 16, "end_line": 60, "end_column": 21}, "debug_info": {"goal": "case mp.ctx\n\u03b1 : Type u_1\nAx : Axiom \u03b1\n\u03c6 : Formula \u03b1\ninst\u271d : DecidableEq \u03b1\n\u0393 : List (Formula \u03b1)\n\u03c6\u271d : Formula \u03b1\nh\u03c6 : \u03c6\u271d \u2208 \u2191\u0393.toFinset\n\u22a2 Hilbert.F Ax \u22a2 \u22c0\u0393 \u279d \u03c6\u271d", "url": "https://github.com/FormalizedFormalLogic/Foundation/blob/7c74089c2442ee211abfa1e2dd5a75091800f57b/Foundation/Propositional/Hilbert/F/Deduction.lean#L60"}, "metadata": {"blame_email_hash": "165d0178d95d", "blame_date": "2025-11-23T08:40:14+09:00", "inclusion_date": "2026-01-09T01:07:19.040717+00:00"}, "id": "4a5c849671c3f17cda27a7b2d46aa6930053eef4d29fdc0a9aa87ab6f1404d1c"} --agent-strategy {"name": "rfl", "args": {}}
[2026-01-12 17:32:15] [INFO] Arguments parsed: repo_path=/root/repo, output_path=/root/repo/result.json
[2026-01-12 17:32:15] [INFO] Strategy spec: {"name": "rfl", "args": {}}...
[2026-01-12 17:32:15] [INFO] Loading sorry data...
[2026-01-12 17:32:15] [INFO] Parsing sorry from JSON string...
[2026-01-12 17:32:15] [INFO] Sorry data parsed from JSON string
[2026-01-12 17:32:15] [INFO] Creating strategy from spec...
[2026-01-12 17:32:15] [INFO] Parsing strategy spec (length: 27 chars)
[2026-01-12 17:32:15] [INFO] Strategy name: rfl
[2026-01-12 17:32:15] [INFO] Strategy args: {}
[2026-01-12 17:32:15] [INFO] Pass@k value: 1
[2026-01-12 17:32:15] [INFO] Creating strategy: rfl
[2026-01-12 17:32:15] [INFO] Strategies created: ['RflStrategy']
[2026-01-12 17:32:15] [INFO] Pass@k value: 1
[2026-01-12 17:32:15] [INFO] Creating Sorry object...
[2026-01-12 17:32:15] [INFO] Sorry object created: id=4a5c849671c3f17cda27a7b2d46aa6930053eef4d29fdc0a9aa87ab6f1404d1c
[2026-01-12 17:32:15] [INFO] Sorry location: Foundation/Propositional/Hilbert/F/Deduction.lean:60
[2026-01-12 17:32:15] [INFO] Context before sorry (lines 55-60):
[2026-01-12 17:32:15] [INFO]   55: 
[2026-01-12 17:32:15] [INFO]   56: lemma DT_list {őď : List (Formula őĪ)} : (Deduction Ax őď.toFinset ŌÜ) ‚ÜĒ (Hilbert.F Ax) ‚äĘ őď.conj‚āā ‚ěĚ ŌÜ := by
[2026-01-12 17:32:15] [INFO]   57:   constructor;
[2026-01-12 17:32:15] [INFO]   58:   . intro h;
[2026-01-12 17:32:15] [INFO]   59:     induction h with
[2026-01-12 17:32:15] [INFO]   60:     | ctx hŌÜ => sorry;
[2026-01-12 17:32:15] [INFO] Sorry line:     | ctx hŌÜ => sorry;
[2026-01-12 17:32:15] [INFO] Sorry goal: case mp.ctx
őĪ : Type u_1
Ax : Axiom őĪ
ŌÜ : Formula őĪ
inst‚úĚ : DecidableEq őĪ
őď : List (Formula őĪ)
ŌÜ‚úĚ : ...
[2026-01-12 17:32:15] [INFO] ========================================
[2026-01-12 17:32:15] [INFO] Trying strategy: RflStrategy (up to 1 attempts)
[2026-01-12 17:32:15] [INFO] --------------------
[2026-01-12 17:32:15] [INFO] Strategy RflStrategy, attempt 1/1
[2026-01-12 17:32:15] [INFO] Starting proof generation...
[2026-01-12 17:32:15] [INFO] Repository path: /root/repo
[2026-01-12 17:32:15] [INFO] Proof generation completed
[2026-01-12 17:32:15] [INFO] Generated proof:
[2026-01-12 17:32:15] [INFO] rfl
[2026-01-12 17:32:15] [INFO] Proof length: 3 chars
[2026-01-12 17:32:15] [INFO] Starting proof verification...
[2026-01-12 17:32:15] [INFO] Verifying at: Foundation/Propositional/Hilbert/F/Deduction.lean:60
[2026-01-12 17:32:15] [INFO] Using LEAN INTERACT verify
[2026-01-12 17:32:15] [INFO] Checking file
[2026-01-12 17:32:28] [INFO] Cannot build modified file <error line="60" column="16">
<code_line>    | ctx hŌÜ => rfl;</code_line>
<message>error: Tactic `rfl` failed: The left-hand side</message>
</error>
  Hilbert.F Ax
is not definitionally equal to the right-hand side
  ‚čÄőď ‚ěĚ ŌÜ‚úĚ

case mp.ctx
őĪ : Type u_1
Ax : Axiom őĪ
ŌÜ : Formula őĪ
inst‚úĚ : DecidableEq őĪ
őď : List (Formula őĪ)
ŌÜ‚úĚ : Formula őĪ
hŌÜ : ŌÜ‚úĚ ‚ąą ‚ÜĎőď.toFinset
‚äĘ Hilbert.F Ax ‚äĘ ‚čÄőď ‚ěĚ ŌÜ‚úĚ
[2026-01-12 17:32:28] [INFO] Proof verification completed
[2026-01-12 17:32:28] [INFO] Strategy RflStrategy attempt 1: verified=False
[2026-01-12 17:32:28] [INFO] Verification message: Cannot build modified file: <error line="60" column="16">
<code_line>    | ctx hŌÜ => rfl;</code_line>
<message>error: Tactic `rfl` failed: The left-hand side</message>
</error>
  Hilbert.F Ax
is not definitionally equal to the right-hand side
  ‚čÄőď ‚ěĚ ŌÜ‚úĚ

case mp.ctx
őĪ : Type u_1
Ax : Axiom őĪ
ŌÜ : Formula őĪ
inst‚úĚ : DecidableEq őĪ
őď : List (Formula őĪ)
ŌÜ‚úĚ : Formula őĪ
hŌÜ : ŌÜ‚úĚ ‚ąą ‚ÜĎőď.toFinset
‚äĘ Hilbert.F Ax ‚äĘ ‚čÄőď ‚ěĚ ŌÜ‚úĚ

[2026-01-12 17:32:28] [INFO] Attempt 1 failed verification, continuing...
[2026-01-12 17:32:28] [INFO] ========================================
[2026-01-12 17:32:28] [INFO] Pass@k completed. Total results: 1
[2026-01-12 17:32:28] [INFO] FAILED: All 1 strategies x 1 attempts
[2026-01-12 17:32:28] [INFO] Writing results to file: /root/repo/result.json
[2026-01-12 17:32:28] [INFO] Result file written successfully
[2026-01-12 17:32:28] [INFO] Results exported to: /root/repo/result.json
[2026-01-12 17:32:28] [INFO] run_morphcloud_local.py completed successfully

[2026-01-12 17:32:35] [process_single_sorry] Downloading result file...
[2026-01-12 17:32:36] [process_single_sorry] Downloaded result to intermediate_experiment_outputs_full_reservoir_3_months/rfl/2026-01-12_15-54-17_rfl/individual/4a5c849671c3f17cda27a7b2d46aa6930053eef4d29fdc0a9aa87ab6f1404d1c.json
[2026-01-12 17:32:39] [process_single_sorry] Instance context closed successfully
[2026-01-12 17:32:39] [process_single_sorry] Parsing result file...
[2026-01-12 17:32:39] [process_single_sorry] Successfully parsed result (list format, 1 results)
