[2026-01-12 18:31:29] [process_single_sorry] Starting for sorry 4bcb3018b00d089a47b8632cc98c06074964256fa5125e4f6c49a36d41ca5a0d
[2026-01-12 18:31:29] [process_single_sorry] Using snapshot: snapshot_quwll3t8
[2026-01-12 18:31:29] [process_single_sorry] Repository: https://github.com/thefundamentaltheor3m/Sphere-Packing-Lean@c51fb6a165e3faf4def1861304d5ba2904ef99f8
[2026-01-12 18:31:29] [process_single_sorry] Instance name: Sphere-Packing-Lean_c51fb6a165e3_rfl_4bcb3018b00d089a47b8632cc98c06074964256fa5125e4f6c49a36d41ca5a0d
[2026-01-12 18:31:29] [process_single_sorry] Starting attempt 1/3
[2026-01-12 18:31:29] [process_single_sorry] Starting instance from snapshot...
[2026-01-12 18:31:42] [process_single_sorry] Instance started successfully: morphvm_8b5mf3yc
[2026-01-12 18:31:42] [process_single_sorry] Creating .env file...
[2026-01-12 18:31:52] [process_single_sorry] .env file created (exit_code: 0)
[2026-01-12 18:31:52] [process_single_sorry] Executing agent command...
[2026-01-12 18:34:42] [process_single_sorry] Agent command completed (exit_code: 0)
[2026-01-12 18:34:42] [process_single_sorry] STDOUT:

Results JSON:
[
  {
    "sorry": {
      "repo": {
        "remote": "https://github.com/thefundamentaltheor3m/Sphere-Packing-Lean",
        "branch": "theta-mdiff",
        "commit": "c51fb6a165e3faf4def1861304d5ba2904ef99f8",
        "lean_version": "v4.27.0-rc1"
      },
      "location": {
        "path": "SpherePacking/MagicFunction/a/Integrability/ComplexIntegrands.lean",
        "start_line": 168,
        "start_column": 57,
        "end_line": 168,
        "end_column": 62
      },
      "debug_info": {
        "goal": "r : ℝ\n⊢ ContDiffOn ℝ (↑⊤) (Φ₆' r) upperHalfPlaneSet",
        "url": "https://github.com/thefundamentaltheor3m/Sphere-Packing-Lean/blob/c51fb6a165e3faf4def1861304d5ba2904ef99f8/SpherePacking/MagicFunction/a/Integrability/ComplexIntegrands.lean#L168"
      },
      "metadata": {
        "blame_email_hash": "6564a1602cf3",
        "blame_date": "2026-01-06T00:05:54+04:00",
        "inclusion_date": "2026-01-11T05:35:44.866548+00:00"
      },
      "id": "4bcb3018b00d089a47b8632cc98c06074964256fa5125e4f6c49a36d41ca5a0d"
    },
    "proof": null,
    "proof_verified": false,
    "feedback": null,
    "verification_message": "All 1 attempts failed (1 strategies x 1 attempts each)",
    "success": true,
    "error_type": null,
    "error_message": null,
    "strategy_name": "all_failed_k=1",
    "proof_attempts": [
      "rfl"
    ]
  }
]

[2026-01-12 18:34:42] [process_single_sorry] STDERR:
None of PyTorch, TensorFlow >= 2.0, or Flax have been found. Models won't be available and only tokenizers, configuration and file/data utilities can be used.
[2026-01-12 18:32:26] [INFO] ================================================================================
[2026-01-12 18:32:26] [INFO] Starting run_morphcloud_local.py
[2026-01-12 18:32:26] [INFO] ================================================================================
[2026-01-12 18:32:26] [INFO] Environment loaded
[2026-01-12 18:32:26] [INFO] Full command: /root/SorryDB/sorrydb/cli/run_morphcloud_local.py --repo-path /root/repo --sorry-json {"repo": {"remote": "https://github.com/thefundamentaltheor3m/Sphere-Packing-Lean", "branch": "theta-mdiff", "commit": "c51fb6a165e3faf4def1861304d5ba2904ef99f8", "lean_version": "v4.27.0-rc1"}, "location": {"path": "SpherePacking/MagicFunction/a/Integrability/ComplexIntegrands.lean", "start_line": 168, "start_column": 57, "end_line": 168, "end_column": 62}, "debug_info": {"goal": "r : \u211d\n\u22a2 ContDiffOn \u211d (\u2191\u22a4) (\u03a6\u2086' r) upperHalfPlaneSet", "url": "https://github.com/thefundamentaltheor3m/Sphere-Packing-Lean/blob/c51fb6a165e3faf4def1861304d5ba2904ef99f8/SpherePacking/MagicFunction/a/Integrability/ComplexIntegrands.lean#L168"}, "metadata": {"blame_email_hash": "6564a1602cf3", "blame_date": "2026-01-06T00:05:54+04:00", "inclusion_date": "2026-01-11T05:35:44.866548+00:00"}, "id": "4bcb3018b00d089a47b8632cc98c06074964256fa5125e4f6c49a36d41ca5a0d"} --agent-strategy {"name": "rfl", "args": {}}
[2026-01-12 18:32:26] [INFO] Arguments parsed: repo_path=/root/repo, output_path=/root/repo/result.json
[2026-01-12 18:32:26] [INFO] Strategy spec: {"name": "rfl", "args": {}}...
[2026-01-12 18:32:26] [INFO] Loading sorry data...
[2026-01-12 18:32:26] [INFO] Parsing sorry from JSON string...
[2026-01-12 18:32:26] [INFO] Sorry data parsed from JSON string
[2026-01-12 18:32:26] [INFO] Creating strategy from spec...
[2026-01-12 18:32:26] [INFO] Parsing strategy spec (length: 27 chars)
[2026-01-12 18:32:26] [INFO] Strategy name: rfl
[2026-01-12 18:32:26] [INFO] Strategy args: {}
[2026-01-12 18:32:26] [INFO] Pass@k value: 1
[2026-01-12 18:32:26] [INFO] Creating strategy: rfl
[2026-01-12 18:32:26] [INFO] Strategies created: ['RflStrategy']
[2026-01-12 18:32:26] [INFO] Pass@k value: 1
[2026-01-12 18:32:26] [INFO] Creating Sorry object...
[2026-01-12 18:32:26] [INFO] Sorry object created: id=4bcb3018b00d089a47b8632cc98c06074964256fa5125e4f6c49a36d41ca5a0d
[2026-01-12 18:32:26] [INFO] Sorry location: SpherePacking/MagicFunction/a/Integrability/ComplexIntegrands.lean:168
[2026-01-12 18:32:26] [INFO] Context before sorry (lines 163-168):
[2026-01-12 18:32:26] [INFO]   163: 
[2026-01-12 18:32:26] [INFO]   164: theorem Φ₄'_contDiffOn : ContDiffOn ℝ ∞ (Φ₄' r) ℍ₀ := by sorry
[2026-01-12 18:32:26] [INFO]   165: 
[2026-01-12 18:32:26] [INFO]   166: theorem Φ₅'_contDiffOn : ContDiffOn ℝ ∞ (Φ₅' r) ℍ₀ := by sorry
[2026-01-12 18:32:26] [INFO]   167: 
[2026-01-12 18:32:26] [INFO]   168: theorem Φ₆'_contDiffOn : ContDiffOn ℝ ∞ (Φ₆' r) ℍ₀ := by sorry
[2026-01-12 18:32:26] [INFO] Sorry line: theorem Φ₆'_contDiffOn : ContDiffOn ℝ ∞ (Φ₆' r) ℍ₀ := by sorry
[2026-01-12 18:32:26] [INFO] Sorry goal: r : ℝ
⊢ ContDiffOn ℝ (↑⊤) (Φ₆' r) upperHalfPlaneSet...
[2026-01-12 18:32:26] [INFO] ========================================
[2026-01-12 18:32:26] [INFO] Trying strategy: RflStrategy (up to 1 attempts)
[2026-01-12 18:32:26] [INFO] --------------------
[2026-01-12 18:32:26] [INFO] Strategy RflStrategy, attempt 1/1
[2026-01-12 18:32:26] [INFO] Starting proof generation...
[2026-01-12 18:32:26] [INFO] Repository path: /root/repo
[2026-01-12 18:32:26] [INFO] Proof generation completed
[2026-01-12 18:32:26] [INFO] Generated proof:
[2026-01-12 18:32:26] [INFO] rfl
[2026-01-12 18:32:26] [INFO] Proof length: 3 chars
[2026-01-12 18:32:26] [INFO] Starting proof verification...
[2026-01-12 18:32:26] [INFO] Verifying at: SpherePacking/MagicFunction/a/Integrability/ComplexIntegrands.lean:168
[2026-01-12 18:32:26] [INFO] Using LEAN INTERACT verify
[2026-01-12 18:32:26] [INFO] Checking file
[2026-01-12 18:34:36] [INFO] Cannot build modified file <error line="168" column="57">
<code_line>theorem Φ₆'_contDiffOn : ContDiffOn ℝ ∞ (Φ₆' r) ℍ₀ := by rfl</code_line>
<message>error: Tactic `rfl` failed: The left-hand side</message>
</error>
  Φ₆' r
is not definitionally equal to the right-hand side
  ℍ₀

r : ℝ
⊢ ContDiffOn ℝ ∞ (Φ₆' r) ℍ₀
[2026-01-12 18:34:36] [INFO] Proof verification completed
[2026-01-12 18:34:36] [INFO] Strategy RflStrategy attempt 1: verified=False
[2026-01-12 18:34:36] [INFO] Verification message: Cannot build modified file: <error line="168" column="57">
<code_line>theorem Φ₆'_contDiffOn : ContDiffOn ℝ ∞ (Φ₆' r) ℍ₀ := by rfl</code_line>
<message>error: Tactic `rfl` failed: The left-hand side</message>
</error>
  Φ₆' r
is not definitionally equal to the right-hand side
  ℍ₀

r : ℝ
⊢ ContDiffOn ℝ ∞ (Φ₆' r) ℍ₀

[2026-01-12 18:34:36] [INFO] Attempt 1 failed verification, continuing...
[2026-01-12 18:34:36] [INFO] ========================================
[2026-01-12 18:34:36] [INFO] Pass@k completed. Total results: 1
[2026-01-12 18:34:36] [INFO] FAILED: All 1 strategies x 1 attempts
[2026-01-12 18:34:36] [INFO] Writing results to file: /root/repo/result.json
[2026-01-12 18:34:36] [INFO] Result file written successfully
[2026-01-12 18:34:36] [INFO] Results exported to: /root/repo/result.json
[2026-01-12 18:34:36] [INFO] run_morphcloud_local.py completed successfully

[2026-01-12 18:34:42] [process_single_sorry] Downloading result file...
[2026-01-12 18:34:45] [process_single_sorry] Downloaded result to intermediate_experiment_outputs_full_reservoir_3_months/rfl/2026-01-12_15-54-17_rfl/individual/4bcb3018b00d089a47b8632cc98c06074964256fa5125e4f6c49a36d41ca5a0d.json
[2026-01-12 18:34:50] [process_single_sorry] Instance context closed successfully
[2026-01-12 18:34:50] [process_single_sorry] Parsing result file...
[2026-01-12 18:34:50] [process_single_sorry] Successfully parsed result (list format, 1 results)
