[2026-01-12 17:38:47] [process_single_sorry] Starting for sorry 5a2a74ffa0aae14d2fd9206a64ad37e2908426667b98c5189b0eecefdd413809
[2026-01-12 17:38:47] [process_single_sorry] Using snapshot: snapshot_xnqqx8uq
[2026-01-12 17:38:47] [process_single_sorry] Repository: https://github.com/Paul-Lez/PersistentDecomp@c36471055817ef5332e27b4f99654257f45c68d1
[2026-01-12 17:38:47] [process_single_sorry] Instance name: PersistentDecomp_c36471055817_rfl_5a2a74ffa0aae14d2fd9206a64ad37e2908426667b98c5189b0eecefdd413809
[2026-01-12 17:38:47] [process_single_sorry] Starting attempt 1/3
[2026-01-12 17:38:47] [process_single_sorry] Starting instance from snapshot...
[2026-01-12 17:38:53] [process_single_sorry] Instance started successfully: morphvm_f8c9tv7f
[2026-01-12 17:38:53] [process_single_sorry] Creating .env file...
[2026-01-12 17:39:04] [process_single_sorry] .env file created (exit_code: 0)
[2026-01-12 17:39:04] [process_single_sorry] Executing agent command...
[2026-01-12 17:40:59] [process_single_sorry] Agent command completed (exit_code: 0)
[2026-01-12 17:40:59] [process_single_sorry] STDOUT:

Results JSON:
[
  {
    "sorry": {
      "repo": {
        "remote": "https://github.com/Paul-Lez/PersistentDecomp",
        "branch": "master",
        "commit": "c36471055817ef5332e27b4f99654257f45c68d1",
        "lean_version": "v4.26.0"
      },
      "location": {
        "path": "PersistentDecomp/DirectSumDecompositionDual.lean",
        "start_line": 57,
        "start_column": 4,
        "end_line": 57,
        "end_column": 9
      },
      "debug_info": {
        "goal": "case left\nC : Type\ninst✝¹ : Category.{0, 0} C\nK : Type\ninst✝ : DivisionRing K\nM : CategoryTheory.Functor C (ModuleCat K)\nI : @Dual.DirectSumDecomposition C inst✝¹ K inst✝ M\nc : C\n⊢ iSupIndep fun p => ↑p c",
        "url": "https://github.com/Paul-Lez/PersistentDecomp/blob/c36471055817ef5332e27b4f99654257f45c68d1/PersistentDecomp/DirectSumDecompositionDual.lean#L57"
      },
      "metadata": {
        "blame_email_hash": "97e8591fe714",
        "blame_date": "2025-03-05T17:09:07+00:00",
        "inclusion_date": "2026-01-09T08:06:31.936431+00:00"
      },
      "id": "5a2a74ffa0aae14d2fd9206a64ad37e2908426667b98c5189b0eecefdd413809"
    },
    "proof": null,
    "proof_verified": false,
    "feedback": null,
    "verification_message": "All 1 attempts failed (1 strategies x 1 attempts each)",
    "success": true,
    "error_type": null,
    "error_message": null,
    "strategy_name": "all_failed_k=1",
    "proof_attempts": [
      "rfl"
    ]
  }
]

[2026-01-12 17:40:59] [process_single_sorry] STDERR:
None of PyTorch, TensorFlow >= 2.0, or Flax have been found. Models won't be available and only tokenizers, configuration and file/data utilities can be used.
[2026-01-12 17:39:32] [INFO] ================================================================================
[2026-01-12 17:39:32] [INFO] Starting run_morphcloud_local.py
[2026-01-12 17:39:32] [INFO] ================================================================================
[2026-01-12 17:39:32] [INFO] Environment loaded
[2026-01-12 17:39:32] [INFO] Full command: /root/SorryDB/sorrydb/cli/run_morphcloud_local.py --repo-path /root/repo --sorry-json {"repo": {"remote": "https://github.com/Paul-Lez/PersistentDecomp", "branch": "master", "commit": "c36471055817ef5332e27b4f99654257f45c68d1", "lean_version": "v4.26.0"}, "location": {"path": "PersistentDecomp/DirectSumDecompositionDual.lean", "start_line": 57, "start_column": 4, "end_line": 57, "end_column": 9}, "debug_info": {"goal": "case left\nC : Type\ninst\u271d\u00b9 : Category.{0, 0} C\nK : Type\ninst\u271d : DivisionRing K\nM : CategoryTheory.Functor C (ModuleCat K)\nI : @Dual.DirectSumDecomposition C inst\u271d\u00b9 K inst\u271d M\nc : C\n\u22a2 iSupIndep fun p => \u2191p c", "url": "https://github.com/Paul-Lez/PersistentDecomp/blob/c36471055817ef5332e27b4f99654257f45c68d1/PersistentDecomp/DirectSumDecompositionDual.lean#L57"}, "metadata": {"blame_email_hash": "97e8591fe714", "blame_date": "2025-03-05T17:09:07+00:00", "inclusion_date": "2026-01-09T08:06:31.936431+00:00"}, "id": "5a2a74ffa0aae14d2fd9206a64ad37e2908426667b98c5189b0eecefdd413809"} --agent-strategy {"name": "rfl", "args": {}}
[2026-01-12 17:39:32] [INFO] Arguments parsed: repo_path=/root/repo, output_path=/root/repo/result.json
[2026-01-12 17:39:32] [INFO] Strategy spec: {"name": "rfl", "args": {}}...
[2026-01-12 17:39:32] [INFO] Loading sorry data...
[2026-01-12 17:39:32] [INFO] Parsing sorry from JSON string...
[2026-01-12 17:39:32] [INFO] Sorry data parsed from JSON string
[2026-01-12 17:39:32] [INFO] Creating strategy from spec...
[2026-01-12 17:39:32] [INFO] Parsing strategy spec (length: 27 chars)
[2026-01-12 17:39:32] [INFO] Strategy name: rfl
[2026-01-12 17:39:32] [INFO] Strategy args: {}
[2026-01-12 17:39:32] [INFO] Pass@k value: 1
[2026-01-12 17:39:32] [INFO] Creating strategy: rfl
[2026-01-12 17:39:32] [INFO] Strategies created: ['RflStrategy']
[2026-01-12 17:39:32] [INFO] Pass@k value: 1
[2026-01-12 17:39:32] [INFO] Creating Sorry object...
[2026-01-12 17:39:32] [INFO] Sorry object created: id=5a2a74ffa0aae14d2fd9206a64ad37e2908426667b98c5189b0eecefdd413809
[2026-01-12 17:39:32] [INFO] Sorry location: PersistentDecomp/DirectSumDecompositionDual.lean:57
[2026-01-12 17:39:32] [INFO] Context before sorry (lines 52-57):
[2026-01-12 17:39:32] [INFO]   52: open scoped Classical in
[2026-01-12 17:39:32] [INFO]   53: lemma isInternal (I : DirectSumDecomposition M) (c : C) :
[2026-01-12 17:39:32] [INFO]   54:     IsInternal (M := M.obj c) (S := Submodule K (M.obj c)) fun p : I ↦ p.val c := by
[2026-01-12 17:39:32] [INFO]   55:   rw [DirectSum.isInternal_submodule_iff_iSupIndep_and_iSup_eq_top]
[2026-01-12 17:39:32] [INFO]   56:   constructor
[2026-01-12 17:39:32] [INFO]   57:   · sorry
[2026-01-12 17:39:32] [INFO] Sorry line:   · sorry
[2026-01-12 17:39:32] [INFO] Sorry goal: case left
C : Type
inst✝¹ : Category.{0, 0} C
K : Type
inst✝ : DivisionRing K
M : CategoryTheory.Fun...
[2026-01-12 17:39:32] [INFO] ========================================
[2026-01-12 17:39:32] [INFO] Trying strategy: RflStrategy (up to 1 attempts)
[2026-01-12 17:39:32] [INFO] --------------------
[2026-01-12 17:39:32] [INFO] Strategy RflStrategy, attempt 1/1
[2026-01-12 17:39:32] [INFO] Starting proof generation...
[2026-01-12 17:39:32] [INFO] Repository path: /root/repo
[2026-01-12 17:39:32] [INFO] Proof generation completed
[2026-01-12 17:39:32] [INFO] Generated proof:
[2026-01-12 17:39:32] [INFO] rfl
[2026-01-12 17:39:32] [INFO] Proof length: 3 chars
[2026-01-12 17:39:32] [INFO] Starting proof verification...
[2026-01-12 17:39:32] [INFO] Verifying at: PersistentDecomp/DirectSumDecompositionDual.lean:57
[2026-01-12 17:39:32] [INFO] Using LEAN INTERACT verify
[2026-01-12 17:39:32] [INFO] Checking file
[2026-01-12 17:40:56] [INFO] Cannot build modified file <error line="57" column="4">
<code_line>  · rfl</code_line>
<message>error: Tactic `rfl` failed: The left-hand side</message>
</error>
  Submodule.completeLattice
is not definitionally equal to the right-hand side
  fun p => ↑p c

case left
C : Type
inst✝¹ : Category.{0, 0} C
K : Type
inst✝ : DivisionRing K
M : C ⥤ ModuleCat K
I : DirectSumDecomposition M
c : C
⊢ iSupIndep fun p => ↑p c
[2026-01-12 17:40:56] [INFO] Proof verification completed
[2026-01-12 17:40:56] [INFO] Strategy RflStrategy attempt 1: verified=False
[2026-01-12 17:40:56] [INFO] Verification message: Cannot build modified file: <error line="57" column="4">
<code_line>  · rfl</code_line>
<message>error: Tactic `rfl` failed: The left-hand side</message>
</error>
  Submodule.completeLattice
is not definitionally equal to the right-hand side
  fun p => ↑p c

case left
C : Type
inst✝¹ : Category.{0, 0} C
K : Type
inst✝ : DivisionRing K
M : C ⥤ ModuleCat K
I : DirectSumDecomposition M
c : C
⊢ iSupIndep fun p => ↑p c

[2026-01-12 17:40:56] [INFO] Attempt 1 failed verification, continuing...
[2026-01-12 17:40:56] [INFO] ========================================
[2026-01-12 17:40:56] [INFO] Pass@k completed. Total results: 1
[2026-01-12 17:40:56] [INFO] FAILED: All 1 strategies x 1 attempts
[2026-01-12 17:40:56] [INFO] Writing results to file: /root/repo/result.json
[2026-01-12 17:40:56] [INFO] Result file written successfully
[2026-01-12 17:40:56] [INFO] Results exported to: /root/repo/result.json
[2026-01-12 17:40:56] [INFO] run_morphcloud_local.py completed successfully

[2026-01-12 17:40:59] [process_single_sorry] Downloading result file...
[2026-01-12 17:41:03] [process_single_sorry] Downloaded result to intermediate_experiment_outputs_full_reservoir_3_months/rfl/2026-01-12_15-54-17_rfl/individual/5a2a74ffa0aae14d2fd9206a64ad37e2908426667b98c5189b0eecefdd413809.json
[2026-01-12 17:41:06] [process_single_sorry] Instance context closed successfully
[2026-01-12 17:41:06] [process_single_sorry] Parsing result file...
[2026-01-12 17:41:06] [process_single_sorry] Successfully parsed result (list format, 1 results)
