[2026-01-12 18:31:56] [process_single_sorry] Starting for sorry 6e0f6869a6ea08963614a8c29c966329197d7646f960d10b2ef4ddde7f457f15
[2026-01-12 18:31:56] [process_single_sorry] Using snapshot: snapshot_rrj25vwh
[2026-01-12 18:31:56] [process_single_sorry] Repository: https://github.com/ufmg-smite/lean-smt@1dc27aa315f3182162545d3e8ec5e66012095f5e
[2026-01-12 18:31:56] [process_single_sorry] Instance name: lean-smt_1dc27aa315f3_rfl_6e0f6869a6ea08963614a8c29c966329197d7646f960d10b2ef4ddde7f457f15
[2026-01-12 18:31:56] [process_single_sorry] Starting attempt 1/3
[2026-01-12 18:31:56] [process_single_sorry] Starting instance from snapshot...
[2026-01-12 18:31:57] [process_single_sorry] Instance started successfully: morphvm_m1fbn5vu
[2026-01-12 18:31:57] [process_single_sorry] Creating .env file...
[2026-01-12 18:32:15] [process_single_sorry] .env file created (exit_code: 0)
[2026-01-12 18:32:15] [process_single_sorry] Executing agent command...
[2026-01-12 18:32:46] [process_single_sorry] Agent command completed (exit_code: 0)
[2026-01-12 18:32:46] [process_single_sorry] STDOUT:

Results JSON:
[
  {
    "sorry": {
      "repo": {
        "remote": "https://github.com/ufmg-smite/lean-smt",
        "branch": "main",
        "commit": "1dc27aa315f3182162545d3e8ec5e66012095f5e",
        "lean_version": "v4.26.0"
      },
      "location": {
        "path": "Smt/Reconstruct/BitVec/Bitblast.lean",
        "start_line": 37,
        "start_column": 2,
        "end_line": 37,
        "end_column": 7
      },
      "debug_info": {
        "goal": "w : Nat\nx y : BitVec w\n⊢ (x = y) = (BitVec.beq w x y = true)",
        "url": "https://github.com/ufmg-smite/lean-smt/blob/1dc27aa315f3182162545d3e8ec5e66012095f5e/Smt/Reconstruct/BitVec/Bitblast.lean#L37"
      },
      "metadata": {
        "blame_email_hash": "a29bc6f92c6c",
        "blame_date": "2024-05-08T17:36:04-07:00",
        "inclusion_date": "2026-01-11T06:05:28.647659+00:00"
      },
      "id": "6e0f6869a6ea08963614a8c29c966329197d7646f960d10b2ef4ddde7f457f15"
    },
    "proof": null,
    "proof_verified": false,
    "feedback": null,
    "verification_message": "All 1 attempts failed (1 strategies x 1 attempts each)",
    "success": true,
    "error_type": null,
    "error_message": null,
    "strategy_name": "all_failed_k=1",
    "proof_attempts": [
      "rfl"
    ]
  }
]

[2026-01-12 18:32:46] [process_single_sorry] STDERR:
None of PyTorch, TensorFlow >= 2.0, or Flax have been found. Models won't be available and only tokenizers, configuration and file/data utilities can be used.
[2026-01-12 18:32:32] [INFO] ================================================================================
[2026-01-12 18:32:32] [INFO] Starting run_morphcloud_local.py
[2026-01-12 18:32:32] [INFO] ================================================================================
[2026-01-12 18:32:32] [INFO] Environment loaded
[2026-01-12 18:32:32] [INFO] Full command: /root/SorryDB/sorrydb/cli/run_morphcloud_local.py --repo-path /root/repo --sorry-json {"repo": {"remote": "https://github.com/ufmg-smite/lean-smt", "branch": "main", "commit": "1dc27aa315f3182162545d3e8ec5e66012095f5e", "lean_version": "v4.26.0"}, "location": {"path": "Smt/Reconstruct/BitVec/Bitblast.lean", "start_line": 37, "start_column": 2, "end_line": 37, "end_column": 7}, "debug_info": {"goal": "w : Nat\nx y : BitVec w\n\u22a2 (x = y) = (BitVec.beq w x y = true)", "url": "https://github.com/ufmg-smite/lean-smt/blob/1dc27aa315f3182162545d3e8ec5e66012095f5e/Smt/Reconstruct/BitVec/Bitblast.lean#L37"}, "metadata": {"blame_email_hash": "a29bc6f92c6c", "blame_date": "2024-05-08T17:36:04-07:00", "inclusion_date": "2026-01-11T06:05:28.647659+00:00"}, "id": "6e0f6869a6ea08963614a8c29c966329197d7646f960d10b2ef4ddde7f457f15"} --agent-strategy {"name": "rfl", "args": {}}
[2026-01-12 18:32:32] [INFO] Arguments parsed: repo_path=/root/repo, output_path=/root/repo/result.json
[2026-01-12 18:32:32] [INFO] Strategy spec: {"name": "rfl", "args": {}}...
[2026-01-12 18:32:32] [INFO] Loading sorry data...
[2026-01-12 18:32:32] [INFO] Parsing sorry from JSON string...
[2026-01-12 18:32:32] [INFO] Sorry data parsed from JSON string
[2026-01-12 18:32:32] [INFO] Creating strategy from spec...
[2026-01-12 18:32:32] [INFO] Parsing strategy spec (length: 27 chars)
[2026-01-12 18:32:32] [INFO] Strategy name: rfl
[2026-01-12 18:32:32] [INFO] Strategy args: {}
[2026-01-12 18:32:32] [INFO] Pass@k value: 1
[2026-01-12 18:32:32] [INFO] Creating strategy: rfl
[2026-01-12 18:32:32] [INFO] Strategies created: ['RflStrategy']
[2026-01-12 18:32:32] [INFO] Pass@k value: 1
[2026-01-12 18:32:32] [INFO] Creating Sorry object...
[2026-01-12 18:32:32] [INFO] Sorry object created: id=6e0f6869a6ea08963614a8c29c966329197d7646f960d10b2ef4ddde7f457f15
[2026-01-12 18:32:32] [INFO] Sorry location: Smt/Reconstruct/BitVec/Bitblast.lean:37
[2026-01-12 18:32:32] [INFO] Context before sorry (lines 32-37):
[2026-01-12 18:32:32] [INFO]   32:   go : Nat → Bool
[2026-01-12 18:32:32] [INFO]   33:     | 0     => x.getLsbD (w - 1) == y.getLsbD (w - 1)
[2026-01-12 18:32:32] [INFO]   34:     | i + 1 => x.getLsbD ((w - 1) - (i + 1)) == y.getLsbD ((w - 1) - (i + 1)) && go i
[2026-01-12 18:32:32] [INFO]   35: 
[2026-01-12 18:32:32] [INFO]   36: def eq_eq_beq (x : BitVec w) (y : BitVec w) : (x = y) = x.beq y :=
[2026-01-12 18:32:32] [INFO]   37:   sorry
[2026-01-12 18:32:32] [INFO] Sorry line:   sorry
[2026-01-12 18:32:32] [INFO] Sorry goal: w : Nat
x y : BitVec w
⊢ (x = y) = (BitVec.beq w x y = true)...
[2026-01-12 18:32:32] [INFO] ========================================
[2026-01-12 18:32:32] [INFO] Trying strategy: RflStrategy (up to 1 attempts)
[2026-01-12 18:32:32] [INFO] --------------------
[2026-01-12 18:32:32] [INFO] Strategy RflStrategy, attempt 1/1
[2026-01-12 18:32:32] [INFO] Starting proof generation...
[2026-01-12 18:32:32] [INFO] Repository path: /root/repo
[2026-01-12 18:32:32] [INFO] Proof generation completed
[2026-01-12 18:32:32] [INFO] Generated proof:
[2026-01-12 18:32:32] [INFO] rfl
[2026-01-12 18:32:32] [INFO] Proof length: 3 chars
[2026-01-12 18:32:32] [INFO] Starting proof verification...
[2026-01-12 18:32:32] [INFO] Verifying at: Smt/Reconstruct/BitVec/Bitblast.lean:37
[2026-01-12 18:32:32] [INFO] Using LEAN INTERACT verify
[2026-01-12 18:32:32] [INFO] Checking file
[2026-01-12 18:32:45] [INFO] Cannot build modified file <error line="37" column="2">
<code_line>  rfl</code_line>
<message>error: Type mismatch</message>
</error>
  rfl
has type
  ?m.6 = ?m.6
but is expected to have type
  (x = y) = (x.beq y = true)
<error line="36" column="4">
<code_line>def eq_eq_beq (x : BitVec w) (y : BitVec w) : (x = y) = x.beq y :=</code_line>
<message>error: Not a definitional equality: the left-hand side</message>
</error>
  x = y
is not definitionally equal to the right-hand side
  x.beq y = true
[2026-01-12 18:32:45] [INFO] Proof verification completed
[2026-01-12 18:32:45] [INFO] Strategy RflStrategy attempt 1: verified=False
[2026-01-12 18:32:45] [INFO] Verification message: Cannot build modified file: <error line="37" column="2">
<code_line>  rfl</code_line>
<message>error: Type mismatch</message>
</error>
  rfl
has type
  ?m.6 = ?m.6
but is expected to have type
  (x = y) = (x.beq y = true)
<error line="36" column="4">
<code_line>def eq_eq_beq (x : BitVec w) (y : BitVec w) : (x = y) = x.beq y :=</code_line>
<message>error: Not a definitional equality: the left-hand side</message>
</error>
  x = y
is not definitionally equal to the right-hand side
  x.beq y = true

[2026-01-12 18:32:45] [INFO] Attempt 1 failed verification, continuing...
[2026-01-12 18:32:45] [INFO] ========================================
[2026-01-12 18:32:45] [INFO] Pass@k completed. Total results: 1
[2026-01-12 18:32:45] [INFO] FAILED: All 1 strategies x 1 attempts
[2026-01-12 18:32:45] [INFO] Writing results to file: /root/repo/result.json
[2026-01-12 18:32:45] [INFO] Result file written successfully
[2026-01-12 18:32:45] [INFO] Results exported to: /root/repo/result.json
[2026-01-12 18:32:45] [INFO] run_morphcloud_local.py completed successfully

[2026-01-12 18:32:46] [process_single_sorry] Downloading result file...
[2026-01-12 18:32:46] [process_single_sorry] Downloaded result to intermediate_experiment_outputs_full_reservoir_3_months/rfl/2026-01-12_15-54-17_rfl/individual/6e0f6869a6ea08963614a8c29c966329197d7646f960d10b2ef4ddde7f457f15.json
[2026-01-12 18:32:48] [process_single_sorry] Instance context closed successfully
[2026-01-12 18:32:48] [process_single_sorry] Parsing result file...
[2026-01-12 18:32:48] [process_single_sorry] Successfully parsed result (list format, 1 results)
