[2026-01-12 18:03:43] [process_single_sorry] Starting for sorry 8a724ef361d2cd9fa987d387f151b1a42fe6ba905705d2b08a072469e34db9b0
[2026-01-12 18:03:43] [process_single_sorry] Using snapshot: snapshot_9rl15eoj
[2026-01-12 18:03:43] [process_single_sorry] Repository: https://github.com/goens/lost-pop-lean@4c560bae566c07f890ad5ef39709397e60c89eda
[2026-01-12 18:03:43] [process_single_sorry] Instance name: lost-pop-lean_4c560bae566c_rfl_8a724ef361d2cd9fa987d387f151b1a42fe6ba905705d2b08a072469e34db9b0
[2026-01-12 18:03:43] [process_single_sorry] Starting attempt 1/3
[2026-01-12 18:03:43] [process_single_sorry] Starting instance from snapshot...
[2026-01-12 18:03:48] [process_single_sorry] Instance started successfully: morphvm_pov1fuzn
[2026-01-12 18:03:48] [process_single_sorry] Creating .env file...
[2026-01-12 18:04:04] [process_single_sorry] .env file created (exit_code: 0)
[2026-01-12 18:04:04] [process_single_sorry] Executing agent command...
[2026-01-12 18:04:39] [process_single_sorry] Agent command completed (exit_code: 0)
[2026-01-12 18:04:39] [process_single_sorry] STDOUT:

Results JSON:
[
  {
    "sorry": {
      "repo": {
        "remote": "https://github.com/goens/lost-pop-lean",
        "branch": "mca-mixed-mapping",
        "commit": "4c560bae566c07f890ad5ef39709397e60c89eda",
        "lean_version": "v4.24.0"
      },
      "location": {
        "path": "Pop/Pop.lean",
        "start_line": 531,
        "start_column": 87,
        "end_line": 531,
        "end_column": 92
      },
      "debug_info": {
        "goal": "inst✝ : Arch\nstate : SystemState\nreqId : RequestId\nthId : ThreadId\nreq_old : Request\nreq : Request := ⋯\nrequests' : RequestArray := ⋯\nscope : Scope := ⋯\norderConstraints' : OrderConstraints := ⋯\n⊢ ∀ (id : RequestId), id ∈ List.map Request.id state.removed → id ∈ reqIds requests'",
        "url": "https://github.com/goens/lost-pop-lean/blob/4c560bae566c07f890ad5ef39709397e60c89eda/Pop/Pop.lean#L531"
      },
      "metadata": {
        "blame_email_hash": "21a566744ff6",
        "blame_date": "2023-01-19T17:47:23+00:00",
        "inclusion_date": "2026-01-10T01:16:57.217627+00:00"
      },
      "id": "8a724ef361d2cd9fa987d387f151b1a42fe6ba905705d2b08a072469e34db9b0"
    },
    "proof": null,
    "proof_verified": false,
    "feedback": null,
    "verification_message": "All 1 attempts failed (1 strategies x 1 attempts each)",
    "success": true,
    "error_type": null,
    "error_message": null,
    "strategy_name": "all_failed_k=1",
    "proof_attempts": [
      "rfl"
    ]
  }
]

[2026-01-12 18:04:39] [process_single_sorry] STDERR:
None of PyTorch, TensorFlow >= 2.0, or Flax have been found. Models won't be available and only tokenizers, configuration and file/data utilities can be used.
[2026-01-12 18:04:14] [INFO] ================================================================================
[2026-01-12 18:04:14] [INFO] Starting run_morphcloud_local.py
[2026-01-12 18:04:14] [INFO] ================================================================================
[2026-01-12 18:04:14] [INFO] Environment loaded
[2026-01-12 18:04:14] [INFO] Full command: /root/SorryDB/sorrydb/cli/run_morphcloud_local.py --repo-path /root/repo --sorry-json {"repo": {"remote": "https://github.com/goens/lost-pop-lean", "branch": "mca-mixed-mapping", "commit": "4c560bae566c07f890ad5ef39709397e60c89eda", "lean_version": "v4.24.0"}, "location": {"path": "Pop/Pop.lean", "start_line": 531, "start_column": 87, "end_line": 531, "end_column": 92}, "debug_info": {"goal": "inst\u271d : Arch\nstate : SystemState\nreqId : RequestId\nthId : ThreadId\nreq_old : Request\nreq : Request := \u22ef\nrequests' : RequestArray := \u22ef\nscope : Scope := \u22ef\norderConstraints' : OrderConstraints := \u22ef\n\u22a2 \u2200 (id : RequestId), id \u2208 List.map Request.id state.removed \u2192 id \u2208 reqIds requests'", "url": "https://github.com/goens/lost-pop-lean/blob/4c560bae566c07f890ad5ef39709397e60c89eda/Pop/Pop.lean#L531"}, "metadata": {"blame_email_hash": "21a566744ff6", "blame_date": "2023-01-19T17:47:23+00:00", "inclusion_date": "2026-01-10T01:16:57.217627+00:00"}, "id": "8a724ef361d2cd9fa987d387f151b1a42fe6ba905705d2b08a072469e34db9b0"} --agent-strategy {"name": "rfl", "args": {}}
[2026-01-12 18:04:14] [INFO] Arguments parsed: repo_path=/root/repo, output_path=/root/repo/result.json
[2026-01-12 18:04:14] [INFO] Strategy spec: {"name": "rfl", "args": {}}...
[2026-01-12 18:04:14] [INFO] Loading sorry data...
[2026-01-12 18:04:14] [INFO] Parsing sorry from JSON string...
[2026-01-12 18:04:14] [INFO] Sorry data parsed from JSON string
[2026-01-12 18:04:14] [INFO] Creating strategy from spec...
[2026-01-12 18:04:14] [INFO] Parsing strategy spec (length: 27 chars)
[2026-01-12 18:04:14] [INFO] Strategy name: rfl
[2026-01-12 18:04:14] [INFO] Strategy args: {}
[2026-01-12 18:04:14] [INFO] Pass@k value: 1
[2026-01-12 18:04:14] [INFO] Creating strategy: rfl
[2026-01-12 18:04:14] [INFO] Strategies created: ['RflStrategy']
[2026-01-12 18:04:14] [INFO] Pass@k value: 1
[2026-01-12 18:04:14] [INFO] Creating Sorry object...
[2026-01-12 18:04:14] [INFO] Sorry object created: id=8a724ef361d2cd9fa987d387f151b1a42fe6ba905705d2b08a072469e34db9b0
[2026-01-12 18:04:14] [INFO] Sorry location: Pop/Pop.lean:531
[2026-01-12 18:04:14] [INFO] Context before sorry (lines 526-531):
[2026-01-12 18:04:14] [INFO]   526:     let req := req_old.propagate thId
[2026-01-12 18:04:14] [INFO]   527:     let requests' := state.requests.insert req
[2026-01-12 18:04:14] [INFO]   528:     let scope := state.scopes.jointScope thId req.thread
[2026-01-12 18:04:14] [INFO]   529:     let orderConstraints' := state.updateOrderConstraintsPropagate scope reqId thId
[2026-01-12 18:04:14] [INFO]   530:     let mut res := { state with
[2026-01-12 18:04:14] [INFO]   531:       requests := requests', orderConstraints := orderConstraints', removedCoherent := sorry}
[2026-01-12 18:04:14] [INFO] Sorry line:       requests := requests', orderConstraints := orderConstraints', removedCoherent := sorry}
[2026-01-12 18:04:14] [INFO] Sorry goal: inst✝ : Arch
state : SystemState
reqId : RequestId
thId : ThreadId
req_old : Request
req : Request :...
[2026-01-12 18:04:14] [INFO] ========================================
[2026-01-12 18:04:14] [INFO] Trying strategy: RflStrategy (up to 1 attempts)
[2026-01-12 18:04:14] [INFO] --------------------
[2026-01-12 18:04:14] [INFO] Strategy RflStrategy, attempt 1/1
[2026-01-12 18:04:14] [INFO] Starting proof generation...
[2026-01-12 18:04:14] [INFO] Repository path: /root/repo
[2026-01-12 18:04:14] [INFO] Proof generation completed
[2026-01-12 18:04:14] [INFO] Generated proof:
[2026-01-12 18:04:14] [INFO] rfl
[2026-01-12 18:04:14] [INFO] Proof length: 3 chars
[2026-01-12 18:04:14] [INFO] Starting proof verification...
[2026-01-12 18:04:14] [INFO] Verifying at: Pop/Pop.lean:531
[2026-01-12 18:04:14] [INFO] Using LEAN INTERACT verify
[2026-01-12 18:04:14] [INFO] Checking file
[2026-01-12 18:04:20] [INFO] Cannot build modified file <error line="531" column="87">
<code_line>      requests := requests', orderConstraints := orderConstraints', removedCoherent := rfl}</code_line>
<message>error: Type mismatch</message>
</error>
  rfl
has type
  ?m.104 = ?m.104
but is expected to have type
  ∀ (id : RequestId), id ∈ List.map Request.id state.removed → id ∈ reqIds requests'
[2026-01-12 18:04:20] [INFO] Proof verification completed
[2026-01-12 18:04:20] [INFO] Strategy RflStrategy attempt 1: verified=False
[2026-01-12 18:04:20] [INFO] Verification message: Cannot build modified file: <error line="531" column="87">
<code_line>      requests := requests', orderConstraints := orderConstraints', removedCoherent := rfl}</code_line>
<message>error: Type mismatch</message>
</error>
  rfl
has type
  ?m.104 = ?m.104
but is expected to have type
  ∀ (id : RequestId), id ∈ List.map Request.id state.removed → id ∈ reqIds requests'

[2026-01-12 18:04:20] [INFO] Attempt 1 failed verification, continuing...
[2026-01-12 18:04:20] [INFO] ========================================
[2026-01-12 18:04:20] [INFO] Pass@k completed. Total results: 1
[2026-01-12 18:04:20] [INFO] FAILED: All 1 strategies x 1 attempts
[2026-01-12 18:04:20] [INFO] Writing results to file: /root/repo/result.json
[2026-01-12 18:04:20] [INFO] Result file written successfully
[2026-01-12 18:04:20] [INFO] Results exported to: /root/repo/result.json
[2026-01-12 18:04:20] [INFO] run_morphcloud_local.py completed successfully

[2026-01-12 18:04:39] [process_single_sorry] Downloading result file...
[2026-01-12 18:04:39] [process_single_sorry] Downloaded result to intermediate_experiment_outputs_full_reservoir_3_months/rfl/2026-01-12_15-54-17_rfl/individual/8a724ef361d2cd9fa987d387f151b1a42fe6ba905705d2b08a072469e34db9b0.json
[2026-01-12 18:04:40] [process_single_sorry] Instance context closed successfully
[2026-01-12 18:04:40] [process_single_sorry] Parsing result file...
[2026-01-12 18:04:40] [process_single_sorry] Successfully parsed result (list format, 1 results)
