[2026-01-12 18:35:03] [process_single_sorry] Starting for sorry 991af02a12b9521a705d47dd83b7f55d38027f2794ed0a422f97afeaa4bb4ef3
[2026-01-12 18:35:03] [process_single_sorry] Using snapshot: snapshot_as7vtevx
[2026-01-12 18:35:03] [process_single_sorry] Repository: https://github.com/RemyDegenne/brownian-motion@b0b7e11d4d90cc07aa198d440acf05e21ec9bde1
[2026-01-12 18:35:03] [process_single_sorry] Instance name: brownian-motion_b0b7e11d4d90_rfl_991af02a12b9521a705d47dd83b7f55d38027f2794ed0a422f97afeaa4bb4ef3
[2026-01-12 18:35:03] [process_single_sorry] Starting attempt 1/3
[2026-01-12 18:35:03] [process_single_sorry] Starting instance from snapshot...
[2026-01-12 18:35:05] [process_single_sorry] Instance started successfully: morphvm_rrgzql1d
[2026-01-12 18:35:05] [process_single_sorry] Creating .env file...
[2026-01-12 18:35:24] [process_single_sorry] .env file created (exit_code: 0)
[2026-01-12 18:35:24] [process_single_sorry] Executing agent command...
[2026-01-12 18:37:40] [process_single_sorry] Agent command completed (exit_code: 0)
[2026-01-12 18:37:40] [process_single_sorry] STDOUT:

Results JSON:
[
  {
    "sorry": {
      "repo": {
        "remote": "https://github.com/RemyDegenne/brownian-motion",
        "branch": "blueprint",
        "commit": "b0b7e11d4d90cc07aa198d440acf05e21ec9bde1",
        "lean_version": "v4.25.0"
      },
      "location": {
        "path": "BrownianMotion/StochasticIntegral/SquareIntegrable.lean",
        "start_line": 58,
        "start_column": 10,
        "end_line": 58,
        "end_column": 15
      },
      "debug_info": {
        "goal": "ι : Type u_1\nΩ : Type u_2\nE : Type u_3\ninst✝⁴ : LinearOrder ι\ninst✝³ : TopologicalSpace ι\ninst✝² : NormedAddCommGroup E\ninst✝¹ : NormedSpace ℝ E\ninst✝ : CompleteSpace E\nmΩ : MeasurableSpace Ω\nP : Measure Ω\nX Y : ι → Ω → E\n𝓕 : Filtration ι mΩ\nhX : @ProbabilityTheory.IsSquareIntegrable ι Ω E inst✝⁴ inst✝³ inst✝² inst✝¹ inst✝ mΩ X 𝓕 P\nhY : @ProbabilityTheory.IsSquareIntegrable ι Ω E inst✝⁴ inst✝³ inst✝² inst✝¹ inst✝ mΩ Y 𝓕 P\nhX_bound : ⨆ i, eLpNorm (X i) 2 P < ⊤\nhY_bound : ⨆ i, eLpNorm (Y i) 2 P < ⊤\n⊢ ⨆ i, eLpNorm (X i) 2 P + eLpNorm (Y i) 2 P ≤ (⨆ i, eLpNorm (X i) 2 P) + ⨆ i, eLpNorm (Y i) 2 P",
        "url": "https://github.com/RemyDegenne/brownian-motion/blob/b0b7e11d4d90cc07aa198d440acf05e21ec9bde1/BrownianMotion/StochasticIntegral/SquareIntegrable.lean#L58"
      },
      "metadata": {
        "blame_email_hash": "d765cd676b3d",
        "blame_date": "2025-12-04T13:58:23+01:00",
        "inclusion_date": "2026-01-09T08:22:12.005032+00:00"
      },
      "id": "991af02a12b9521a705d47dd83b7f55d38027f2794ed0a422f97afeaa4bb4ef3"
    },
    "proof": null,
    "proof_verified": false,
    "feedback": null,
    "verification_message": "All 1 attempts failed (1 strategies x 1 attempts each)",
    "success": true,
    "error_type": null,
    "error_message": null,
    "strategy_name": "all_failed_k=1",
    "proof_attempts": [
      "rfl"
    ]
  }
]

[2026-01-12 18:37:40] [process_single_sorry] STDERR:
None of PyTorch, TensorFlow >= 2.0, or Flax have been found. Models won't be available and only tokenizers, configuration and file/data utilities can be used.
[2026-01-12 18:36:03] [INFO] ================================================================================
[2026-01-12 18:36:03] [INFO] Starting run_morphcloud_local.py
[2026-01-12 18:36:03] [INFO] ================================================================================
[2026-01-12 18:36:03] [INFO] Environment loaded
[2026-01-12 18:36:03] [INFO] Full command: /root/SorryDB/sorrydb/cli/run_morphcloud_local.py --repo-path /root/repo --sorry-json {"repo": {"remote": "https://github.com/RemyDegenne/brownian-motion", "branch": "blueprint", "commit": "b0b7e11d4d90cc07aa198d440acf05e21ec9bde1", "lean_version": "v4.25.0"}, "location": {"path": "BrownianMotion/StochasticIntegral/SquareIntegrable.lean", "start_line": 58, "start_column": 10, "end_line": 58, "end_column": 15}, "debug_info": {"goal": "\u03b9 : Type u_1\n\u03a9 : Type u_2\nE : Type u_3\ninst\u271d\u2074 : LinearOrder \u03b9\ninst\u271d\u00b3 : TopologicalSpace \u03b9\ninst\u271d\u00b2 : NormedAddCommGroup E\ninst\u271d\u00b9 : NormedSpace \u211d E\ninst\u271d : CompleteSpace E\nm\u03a9 : MeasurableSpace \u03a9\nP : Measure \u03a9\nX Y : \u03b9 \u2192 \u03a9 \u2192 E\n\ud835\udcd5 : Filtration \u03b9 m\u03a9\nhX : @ProbabilityTheory.IsSquareIntegrable \u03b9 \u03a9 E inst\u271d\u2074 inst\u271d\u00b3 inst\u271d\u00b2 inst\u271d\u00b9 inst\u271d m\u03a9 X \ud835\udcd5 P\nhY : @ProbabilityTheory.IsSquareIntegrable \u03b9 \u03a9 E inst\u271d\u2074 inst\u271d\u00b3 inst\u271d\u00b2 inst\u271d\u00b9 inst\u271d m\u03a9 Y \ud835\udcd5 P\nhX_bound : \u2a06 i, eLpNorm (X i) 2 P < \u22a4\nhY_bound : \u2a06 i, eLpNorm (Y i) 2 P < \u22a4\n\u22a2 \u2a06 i, eLpNorm (X i) 2 P + eLpNorm (Y i) 2 P \u2264 (\u2a06 i, eLpNorm (X i) 2 P) + \u2a06 i, eLpNorm (Y i) 2 P", "url": "https://github.com/RemyDegenne/brownian-motion/blob/b0b7e11d4d90cc07aa198d440acf05e21ec9bde1/BrownianMotion/StochasticIntegral/SquareIntegrable.lean#L58"}, "metadata": {"blame_email_hash": "d765cd676b3d", "blame_date": "2025-12-04T13:58:23+01:00", "inclusion_date": "2026-01-09T08:22:12.005032+00:00"}, "id": "991af02a12b9521a705d47dd83b7f55d38027f2794ed0a422f97afeaa4bb4ef3"} --agent-strategy {"name": "rfl", "args": {}}
[2026-01-12 18:36:03] [INFO] Arguments parsed: repo_path=/root/repo, output_path=/root/repo/result.json
[2026-01-12 18:36:03] [INFO] Strategy spec: {"name": "rfl", "args": {}}...
[2026-01-12 18:36:03] [INFO] Loading sorry data...
[2026-01-12 18:36:03] [INFO] Parsing sorry from JSON string...
[2026-01-12 18:36:03] [INFO] Sorry data parsed from JSON string
[2026-01-12 18:36:03] [INFO] Creating strategy from spec...
[2026-01-12 18:36:03] [INFO] Parsing strategy spec (length: 27 chars)
[2026-01-12 18:36:03] [INFO] Strategy name: rfl
[2026-01-12 18:36:03] [INFO] Strategy args: {}
[2026-01-12 18:36:03] [INFO] Pass@k value: 1
[2026-01-12 18:36:03] [INFO] Creating strategy: rfl
[2026-01-12 18:36:03] [INFO] Strategies created: ['RflStrategy']
[2026-01-12 18:36:03] [INFO] Pass@k value: 1
[2026-01-12 18:36:03] [INFO] Creating Sorry object...
[2026-01-12 18:36:03] [INFO] Sorry object created: id=991af02a12b9521a705d47dd83b7f55d38027f2794ed0a422f97afeaa4bb4ef3
[2026-01-12 18:36:03] [INFO] Sorry location: BrownianMotion/StochasticIntegral/SquareIntegrable.lean:58
[2026-01-12 18:36:03] [INFO] Context before sorry (lines 53-58):
[2026-01-12 18:36:03] [INFO]   53:         ≤ ⨆ i, (eLpNorm (X i) 2 P + eLpNorm (Y i) 2 P) := by
[2026-01-12 18:36:03] [INFO]   54:           refine iSup_mono fun i ↦ ?_
[2026-01-12 18:36:03] [INFO]   55:           exact eLpNorm_add_le ((hX.martingale.adapted i).mono (𝓕.le i)).aestronglyMeasurable
[2026-01-12 18:36:03] [INFO]   56:             ((hY.martingale.adapted i).mono (𝓕.le i)).aestronglyMeasurable (by simp)
[2026-01-12 18:36:03] [INFO]   57:       _ ≤ (⨆ i, eLpNorm (X i) 2 P) + ⨆ i, eLpNorm (Y i) 2 P := by
[2026-01-12 18:36:03] [INFO]   58:           sorry
[2026-01-12 18:36:03] [INFO] Sorry line:           sorry
[2026-01-12 18:36:03] [INFO] Sorry goal: ι : Type u_1
Ω : Type u_2
E : Type u_3
inst✝⁴ : LinearOrder ι
inst✝³ : TopologicalSpace ι
inst✝² : N...
[2026-01-12 18:36:03] [INFO] ========================================
[2026-01-12 18:36:03] [INFO] Trying strategy: RflStrategy (up to 1 attempts)
[2026-01-12 18:36:03] [INFO] --------------------
[2026-01-12 18:36:03] [INFO] Strategy RflStrategy, attempt 1/1
[2026-01-12 18:36:03] [INFO] Starting proof generation...
[2026-01-12 18:36:03] [INFO] Repository path: /root/repo
[2026-01-12 18:36:03] [INFO] Proof generation completed
[2026-01-12 18:36:03] [INFO] Generated proof:
[2026-01-12 18:36:03] [INFO] rfl
[2026-01-12 18:36:03] [INFO] Proof length: 3 chars
[2026-01-12 18:36:03] [INFO] Starting proof verification...
[2026-01-12 18:36:03] [INFO] Verifying at: BrownianMotion/StochasticIntegral/SquareIntegrable.lean:58
[2026-01-12 18:36:03] [INFO] Using LEAN INTERACT verify
[2026-01-12 18:36:03] [INFO] Checking file
[2026-01-12 18:37:31] [INFO] Cannot build modified file <error line="58" column="10">
<code_line>          rfl</code_line>
<message>error: Tactic `rfl` failed: The left-hand side</message>
</error>
  ⨆ i, eLpNorm (X i) 2 P + eLpNorm (Y i) 2 P
is not definitionally equal to the right-hand side
  (⨆ i, eLpNorm (X i) 2 P) + ⨆ i, eLpNorm (Y i) 2 P

ι : Type u_1
Ω : Type u_2
E : Type u_3
inst✝⁴ : LinearOrder ι
inst✝³ : TopologicalSpace ι
inst✝² : NormedAddCommGroup E
inst✝¹ : NormedSpace ℝ E
inst✝ : CompleteSpace E
mΩ : MeasurableSpace Ω
P : Measure Ω
X Y : ι → Ω → E
𝓕 : Filtration ι mΩ
hX : IsSquareIntegrable X 𝓕 P
hY : IsSquareIntegrable Y 𝓕 P
hX_bound : ⨆ i, eLpNorm (X i) 2 P < ⊤
hY_bound : ⨆ i, eLpNorm (Y i) 2 P < ⊤
⊢ ⨆ i, eLpNorm (X i) 2 P + eLpNorm (Y i) 2 P ≤ (⨆ i, eLpNorm (X i) 2 P) + ⨆ i, eLpNorm (Y i) 2 P
[2026-01-12 18:37:31] [INFO] Proof verification completed
[2026-01-12 18:37:31] [INFO] Strategy RflStrategy attempt 1: verified=False
[2026-01-12 18:37:31] [INFO] Verification message: Cannot build modified file: <error line="58" column="10">
<code_line>          rfl</code_line>
<message>error: Tactic `rfl` failed: The left-hand side</message>
</error>
  ⨆ i, eLpNorm (X i) 2 P + eLpNorm (Y i) 2 P
is not definitionally equal to the right-hand side
  (⨆ i, eLpNorm (X i) 2 P) + ⨆ i, eLpNorm (Y i) 2 P

ι : Type u_1
Ω : Type u_2
E : Type u_3
inst✝⁴ : LinearOrder ι
inst✝³ : TopologicalSpace ι
inst✝² : NormedAddCommGroup E
inst✝¹ : NormedSpace ℝ E
inst✝ : CompleteSpace E
mΩ : MeasurableSpace Ω
P : Measure Ω
X Y : ι → Ω → E
𝓕 : Filtration ι mΩ
hX : IsSquareIntegrable X 𝓕 P
hY : IsSquareIntegrable Y 𝓕 P
hX_bound : ⨆ i, eLpNorm (X i) 2 P < ⊤
hY_bound : ⨆ i, eLpNorm (Y i) 2 P < ⊤
⊢ ⨆ i, eLpNorm (X i) 2 P + eLpNorm (Y i) 2 P ≤ (⨆ i, eLpNorm (X i) 2 P) + ⨆ i, eLpNorm (Y i) 2 P

[2026-01-12 18:37:31] [INFO] Attempt 1 failed verification, continuing...
[2026-01-12 18:37:31] [INFO] ========================================
[2026-01-12 18:37:31] [INFO] Pass@k completed. Total results: 1
[2026-01-12 18:37:31] [INFO] FAILED: All 1 strategies x 1 attempts
[2026-01-12 18:37:31] [INFO] Writing results to file: /root/repo/result.json
[2026-01-12 18:37:31] [INFO] Result file written successfully
[2026-01-12 18:37:31] [INFO] Results exported to: /root/repo/result.json
[2026-01-12 18:37:31] [INFO] run_morphcloud_local.py completed successfully

[2026-01-12 18:37:40] [process_single_sorry] Downloading result file...
[2026-01-12 18:37:43] [process_single_sorry] Downloaded result to intermediate_experiment_outputs_full_reservoir_3_months/rfl/2026-01-12_15-54-17_rfl/individual/991af02a12b9521a705d47dd83b7f55d38027f2794ed0a422f97afeaa4bb4ef3.json
[2026-01-12 18:37:46] [process_single_sorry] Instance context closed successfully
[2026-01-12 18:37:46] [process_single_sorry] Parsing result file...
[2026-01-12 18:37:46] [process_single_sorry] Successfully parsed result (list format, 1 results)
