[2026-01-12 17:54:40] [process_single_sorry] Starting for sorry ac5e4e5cf9f4371c13299c18f0db451af905068d53a7bf502c6cb01c682be742
[2026-01-12 17:54:40] [process_single_sorry] Using snapshot: snapshot_qwo9soh1
[2026-01-12 17:54:40] [process_single_sorry] Repository: https://github.com/dagurtomas/LeanCondensed@de8a2f66d0863c0d1b4355aa6743fd228462d7df
[2026-01-12 17:54:40] [process_single_sorry] Instance name: LeanCondensed_de8a2f66d086_rfl_ac5e4e5cf9f4371c13299c18f0db451af905068d53a7bf502c6cb01c682be742
[2026-01-12 17:54:40] [process_single_sorry] Starting attempt 1/3
[2026-01-12 17:54:40] [process_single_sorry] Starting instance from snapshot...
[2026-01-12 17:54:47] [process_single_sorry] Instance started successfully: morphvm_l1cbi7xl
[2026-01-12 17:54:47] [process_single_sorry] Creating .env file...
[2026-01-12 17:54:55] [process_single_sorry] .env file created (exit_code: 0)
[2026-01-12 17:54:55] [process_single_sorry] Executing agent command...
[2026-01-12 17:57:25] [process_single_sorry] Agent command completed (exit_code: 0)
[2026-01-12 17:57:25] [process_single_sorry] STDOUT:

Results JSON:
[
  {
    "sorry": {
      "repo": {
        "remote": "https://github.com/dagurtomas/LeanCondensed",
        "branch": "master",
        "commit": "de8a2f66d0863c0d1b4355aa6743fd228462d7df",
        "lean_version": "v4.26.0-rc2"
      },
      "location": {
        "path": "LeanCondensed/Projects/FreeCondensed.lean",
        "start_line": 25,
        "start_column": 12,
        "end_line": 25,
        "end_column": 17
      },
      "debug_info": {
        "goal": "c : ℤ\n⊢ ∀ (X : FintypeCat), sorry (CategoryStruct.id X) = CategoryStruct.id (LightProfinite.FreeImage.component X c)",
        "url": "https://github.com/dagurtomas/LeanCondensed/blob/de8a2f66d0863c0d1b4355aa6743fd228462d7df/LeanCondensed/Projects/FreeCondensed.lean#L25"
      },
      "metadata": {
        "blame_email_hash": "51ec3153783b",
        "blame_date": "2025-05-11T21:18:53+00:00",
        "inclusion_date": "2026-01-09T22:07:26.702245+00:00"
      },
      "id": "ac5e4e5cf9f4371c13299c18f0db451af905068d53a7bf502c6cb01c682be742"
    },
    "proof": null,
    "proof_verified": false,
    "feedback": null,
    "verification_message": "All 1 attempts failed (1 strategies x 1 attempts each)",
    "success": true,
    "error_type": null,
    "error_message": null,
    "strategy_name": "all_failed_k=1",
    "proof_attempts": [
      "rfl"
    ]
  }
]

[2026-01-12 17:57:25] [process_single_sorry] STDERR:
None of PyTorch, TensorFlow >= 2.0, or Flax have been found. Models won't be available and only tokenizers, configuration and file/data utilities can be used.
[2026-01-12 17:55:13] [INFO] ================================================================================
[2026-01-12 17:55:13] [INFO] Starting run_morphcloud_local.py
[2026-01-12 17:55:13] [INFO] ================================================================================
[2026-01-12 17:55:13] [INFO] Environment loaded
[2026-01-12 17:55:13] [INFO] Full command: /root/SorryDB/sorrydb/cli/run_morphcloud_local.py --repo-path /root/repo --sorry-json {"repo": {"remote": "https://github.com/dagurtomas/LeanCondensed", "branch": "master", "commit": "de8a2f66d0863c0d1b4355aa6743fd228462d7df", "lean_version": "v4.26.0-rc2"}, "location": {"path": "LeanCondensed/Projects/FreeCondensed.lean", "start_line": 25, "start_column": 12, "end_line": 25, "end_column": 17}, "debug_info": {"goal": "c : \u2124\n\u22a2 \u2200 (X : FintypeCat), sorry (CategoryStruct.id X) = CategoryStruct.id (LightProfinite.FreeImage.component X c)", "url": "https://github.com/dagurtomas/LeanCondensed/blob/de8a2f66d0863c0d1b4355aa6743fd228462d7df/LeanCondensed/Projects/FreeCondensed.lean#L25"}, "metadata": {"blame_email_hash": "51ec3153783b", "blame_date": "2025-05-11T21:18:53+00:00", "inclusion_date": "2026-01-09T22:07:26.702245+00:00"}, "id": "ac5e4e5cf9f4371c13299c18f0db451af905068d53a7bf502c6cb01c682be742"} --agent-strategy {"name": "rfl", "args": {}}
[2026-01-12 17:55:13] [INFO] Arguments parsed: repo_path=/root/repo, output_path=/root/repo/result.json
[2026-01-12 17:55:13] [INFO] Strategy spec: {"name": "rfl", "args": {}}...
[2026-01-12 17:55:13] [INFO] Loading sorry data...
[2026-01-12 17:55:13] [INFO] Parsing sorry from JSON string...
[2026-01-12 17:55:13] [INFO] Sorry data parsed from JSON string
[2026-01-12 17:55:13] [INFO] Creating strategy from spec...
[2026-01-12 17:55:13] [INFO] Parsing strategy spec (length: 27 chars)
[2026-01-12 17:55:13] [INFO] Strategy name: rfl
[2026-01-12 17:55:13] [INFO] Strategy args: {}
[2026-01-12 17:55:13] [INFO] Pass@k value: 1
[2026-01-12 17:55:13] [INFO] Creating strategy: rfl
[2026-01-12 17:55:13] [INFO] Strategies created: ['RflStrategy']
[2026-01-12 17:55:13] [INFO] Pass@k value: 1
[2026-01-12 17:55:13] [INFO] Creating Sorry object...
[2026-01-12 17:55:13] [INFO] Sorry object created: id=ac5e4e5cf9f4371c13299c18f0db451af905068d53a7bf502c6cb01c682be742
[2026-01-12 17:55:13] [INFO] Sorry location: LeanCondensed/Projects/FreeCondensed.lean:25
[2026-01-12 17:55:13] [INFO] Context before sorry (lines 20-25):
[2026-01-12 17:55:13] [INFO]   20:   FintypeCat.toLightProfinite.obj (FintypeCat.of (set Si c))
[2026-01-12 17:55:13] [INFO]   21: 
[2026-01-12 17:55:13] [INFO]   22: def functor (c : ℤ) : FintypeCat ⥤ LightProfinite where
[2026-01-12 17:55:13] [INFO]   23:   obj Si := component Si c
[2026-01-12 17:55:13] [INFO]   24:   map := sorry
[2026-01-12 17:55:13] [INFO]   25:   map_id := sorry
[2026-01-12 17:55:13] [INFO] Sorry line:   map_id := sorry
[2026-01-12 17:55:13] [INFO] Sorry goal: c : ℤ
⊢ ∀ (X : FintypeCat), sorry (CategoryStruct.id X) = CategoryStruct.id (LightProfinite.FreeImag...
[2026-01-12 17:55:13] [INFO] ========================================
[2026-01-12 17:55:13] [INFO] Trying strategy: RflStrategy (up to 1 attempts)
[2026-01-12 17:55:13] [INFO] --------------------
[2026-01-12 17:55:13] [INFO] Strategy RflStrategy, attempt 1/1
[2026-01-12 17:55:13] [INFO] Starting proof generation...
[2026-01-12 17:55:13] [INFO] Repository path: /root/repo
[2026-01-12 17:55:13] [INFO] Proof generation completed
[2026-01-12 17:55:13] [INFO] Generated proof:
[2026-01-12 17:55:13] [INFO] rfl
[2026-01-12 17:55:13] [INFO] Proof length: 3 chars
[2026-01-12 17:55:13] [INFO] Starting proof verification...
[2026-01-12 17:55:13] [INFO] Verifying at: LeanCondensed/Projects/FreeCondensed.lean:25
[2026-01-12 17:55:13] [INFO] Using LEAN INTERACT verify
[2026-01-12 17:55:13] [INFO] Checking file
[2026-01-12 17:57:23] [INFO] Cannot build modified file <error line="25" column="12">
<code_line>  map_id := rfl</code_line>
<message>error: Type mismatch</message>
</error>
  rfl
has type
  ?m.9 = ?m.9
but is expected to have type
  ∀ (X : FintypeCat), sorry (𝟙 X) = 𝟙 (component X c)
[2026-01-12 17:57:23] [INFO] Proof verification completed
[2026-01-12 17:57:23] [INFO] Strategy RflStrategy attempt 1: verified=False
[2026-01-12 17:57:23] [INFO] Verification message: Cannot build modified file: <error line="25" column="12">
<code_line>  map_id := rfl</code_line>
<message>error: Type mismatch</message>
</error>
  rfl
has type
  ?m.9 = ?m.9
but is expected to have type
  ∀ (X : FintypeCat), sorry (𝟙 X) = 𝟙 (component X c)

[2026-01-12 17:57:23] [INFO] Attempt 1 failed verification, continuing...
[2026-01-12 17:57:23] [INFO] ========================================
[2026-01-12 17:57:23] [INFO] Pass@k completed. Total results: 1
[2026-01-12 17:57:23] [INFO] FAILED: All 1 strategies x 1 attempts
[2026-01-12 17:57:23] [INFO] Writing results to file: /root/repo/result.json
[2026-01-12 17:57:23] [INFO] Result file written successfully
[2026-01-12 17:57:23] [INFO] Results exported to: /root/repo/result.json
[2026-01-12 17:57:23] [INFO] run_morphcloud_local.py completed successfully

[2026-01-12 17:57:25] [process_single_sorry] Downloading result file...
[2026-01-12 17:57:27] [process_single_sorry] Downloaded result to intermediate_experiment_outputs_full_reservoir_3_months/rfl/2026-01-12_15-54-17_rfl/individual/ac5e4e5cf9f4371c13299c18f0db451af905068d53a7bf502c6cb01c682be742.json
[2026-01-12 17:57:30] [process_single_sorry] Instance context closed successfully
[2026-01-12 17:57:30] [process_single_sorry] Parsing result file...
[2026-01-12 17:57:30] [process_single_sorry] Successfully parsed result (list format, 1 results)
