[2026-01-12 18:25:44] [process_single_sorry] Starting for sorry ae72263ede90a57b902e355ad2617f49e6fe06d5340e5cc6e5a63ef836546cc9
[2026-01-12 18:25:44] [process_single_sorry] Using snapshot: snapshot_tf9pdaaq
[2026-01-12 18:25:44] [process_single_sorry] Repository: https://github.com/peabrainiac/lean-catdg@b583ce5eab44bf8d0dcde6ee5986df0658af8419
[2026-01-12 18:25:44] [process_single_sorry] Instance name: lean-catdg_b583ce5eab44_rfl_ae72263ede90a57b902e355ad2617f49e6fe06d5340e5cc6e5a63ef836546cc9
[2026-01-12 18:25:44] [process_single_sorry] Starting attempt 1/3
[2026-01-12 18:25:44] [process_single_sorry] Starting instance from snapshot...
[2026-01-12 18:25:45] [process_single_sorry] Instance started successfully: morphvm_4xe0jr3f
[2026-01-12 18:25:45] [process_single_sorry] Creating .env file...
[2026-01-12 18:25:52] [process_single_sorry] .env file created (exit_code: 0)
[2026-01-12 18:25:52] [process_single_sorry] Executing agent command...
[2026-01-12 18:27:34] [process_single_sorry] Agent command completed (exit_code: 0)
[2026-01-12 18:27:34] [process_single_sorry] STDOUT:

Results JSON:
[
  {
    "sorry": {
      "repo": {
        "remote": "https://github.com/peabrainiac/lean-catdg",
        "branch": "main",
        "commit": "b583ce5eab44bf8d0dcde6ee5986df0658af8419",
        "lean_version": "v4.26.0"
      },
      "location": {
        "path": "CatDG/Diffeology/LocallyModelled.lean",
        "start_line": 122,
        "start_column": 2,
        "end_line": 122,
        "end_column": 7
      },
      "debug_info": {
        "goal": "n : ℕ\nΓ : ↑{Γ | Finite ↥Γ}\n⊢ LocallyCompactSpace (MulAction.orbitRel.Quotient (↥↑Γ) (Eucl n))",
        "url": "https://github.com/peabrainiac/lean-catdg/blob/b583ce5eab44bf8d0dcde6ee5986df0658af8419/CatDG/Diffeology/LocallyModelled.lean#L122"
      },
      "metadata": {
        "blame_email_hash": "d7da76833f19",
        "blame_date": "2024-09-30T09:28:21+02:00",
        "inclusion_date": "2026-01-11T01:04:33.423577+00:00"
      },
      "id": "ae72263ede90a57b902e355ad2617f49e6fe06d5340e5cc6e5a63ef836546cc9"
    },
    "proof": null,
    "proof_verified": false,
    "feedback": null,
    "verification_message": "All 1 attempts failed (1 strategies x 1 attempts each)",
    "success": true,
    "error_type": null,
    "error_message": null,
    "strategy_name": "all_failed_k=1",
    "proof_attempts": [
      "rfl"
    ]
  }
]

[2026-01-12 18:27:34] [process_single_sorry] STDERR:
None of PyTorch, TensorFlow >= 2.0, or Flax have been found. Models won't be available and only tokenizers, configuration and file/data utilities can be used.
[2026-01-12 18:26:12] [INFO] ================================================================================
[2026-01-12 18:26:12] [INFO] Starting run_morphcloud_local.py
[2026-01-12 18:26:12] [INFO] ================================================================================
[2026-01-12 18:26:12] [INFO] Environment loaded
[2026-01-12 18:26:12] [INFO] Full command: /root/SorryDB/sorrydb/cli/run_morphcloud_local.py --repo-path /root/repo --sorry-json {"repo": {"remote": "https://github.com/peabrainiac/lean-catdg", "branch": "main", "commit": "b583ce5eab44bf8d0dcde6ee5986df0658af8419", "lean_version": "v4.26.0"}, "location": {"path": "CatDG/Diffeology/LocallyModelled.lean", "start_line": 122, "start_column": 2, "end_line": 122, "end_column": 7}, "debug_info": {"goal": "n : \u2115\n\u0393 : \u2191{\u0393 | Finite \u21a5\u0393}\n\u22a2 LocallyCompactSpace (MulAction.orbitRel.Quotient (\u21a5\u2191\u0393) (Eucl n))", "url": "https://github.com/peabrainiac/lean-catdg/blob/b583ce5eab44bf8d0dcde6ee5986df0658af8419/CatDG/Diffeology/LocallyModelled.lean#L122"}, "metadata": {"blame_email_hash": "d7da76833f19", "blame_date": "2024-09-30T09:28:21+02:00", "inclusion_date": "2026-01-11T01:04:33.423577+00:00"}, "id": "ae72263ede90a57b902e355ad2617f49e6fe06d5340e5cc6e5a63ef836546cc9"} --agent-strategy {"name": "rfl", "args": {}}
[2026-01-12 18:26:12] [INFO] Arguments parsed: repo_path=/root/repo, output_path=/root/repo/result.json
[2026-01-12 18:26:12] [INFO] Strategy spec: {"name": "rfl", "args": {}}...
[2026-01-12 18:26:12] [INFO] Loading sorry data...
[2026-01-12 18:26:12] [INFO] Parsing sorry from JSON string...
[2026-01-12 18:26:12] [INFO] Sorry data parsed from JSON string
[2026-01-12 18:26:12] [INFO] Creating strategy from spec...
[2026-01-12 18:26:12] [INFO] Parsing strategy spec (length: 27 chars)
[2026-01-12 18:26:12] [INFO] Strategy name: rfl
[2026-01-12 18:26:12] [INFO] Strategy args: {}
[2026-01-12 18:26:12] [INFO] Pass@k value: 1
[2026-01-12 18:26:12] [INFO] Creating strategy: rfl
[2026-01-12 18:26:12] [INFO] Strategies created: ['RflStrategy']
[2026-01-12 18:26:12] [INFO] Pass@k value: 1
[2026-01-12 18:26:12] [INFO] Creating Sorry object...
[2026-01-12 18:26:12] [INFO] Sorry object created: id=ae72263ede90a57b902e355ad2617f49e6fe06d5340e5cc6e5a63ef836546cc9
[2026-01-12 18:26:12] [INFO] Sorry location: CatDG/Diffeology/LocallyModelled.lean:122
[2026-01-12 18:26:12] [INFO] Context before sorry (lines 117-122):
[2026-01-12 18:26:12] [INFO]   117:   exact hu.isOpenMap_subtype_val.image_mem_nhds ht
[2026-01-12 18:26:12] [INFO]   118: 
[2026-01-12 18:26:12] [INFO]   119: /-- The quotient spaces that orbifolds are modelled on are locally compact. -/
[2026-01-12 18:26:12] [INFO]   120: instance {n : ℕ} {Γ : {Γ : Subgroup ((Eucl n) ≃ₗ[ℝ] (Eucl n)) | Finite Γ}} :
[2026-01-12 18:26:12] [INFO]   121:     LocallyCompactSpace (MulAction.orbitRel.Quotient Γ (Eucl n)) := by
[2026-01-12 18:26:12] [INFO]   122:   sorry
[2026-01-12 18:26:12] [INFO] Sorry line:   sorry
[2026-01-12 18:26:12] [INFO] Sorry goal: n : ℕ
Γ : ↑{Γ | Finite ↥Γ}
⊢ LocallyCompactSpace (MulAction.orbitRel.Quotient (↥↑Γ) (Eucl n))...
[2026-01-12 18:26:12] [INFO] ========================================
[2026-01-12 18:26:12] [INFO] Trying strategy: RflStrategy (up to 1 attempts)
[2026-01-12 18:26:12] [INFO] --------------------
[2026-01-12 18:26:12] [INFO] Strategy RflStrategy, attempt 1/1
[2026-01-12 18:26:12] [INFO] Starting proof generation...
[2026-01-12 18:26:12] [INFO] Repository path: /root/repo
[2026-01-12 18:26:12] [INFO] Proof generation completed
[2026-01-12 18:26:12] [INFO] Generated proof:
[2026-01-12 18:26:12] [INFO] rfl
[2026-01-12 18:26:12] [INFO] Proof length: 3 chars
[2026-01-12 18:26:12] [INFO] Starting proof verification...
[2026-01-12 18:26:12] [INFO] Verifying at: CatDG/Diffeology/LocallyModelled.lean:122
[2026-01-12 18:26:12] [INFO] Using LEAN INTERACT verify
[2026-01-12 18:26:12] [INFO] Checking file
[2026-01-12 18:27:31] [INFO] Cannot build modified file <error line="122" column="2">
<code_line>  rfl</code_line>
<message>error: Tactic `rfl` failed: The left-hand side</message>
</error>
  MulAction.orbitRel.Quotient (↥↑Γ) (Eucl n)
is not definitionally equal to the right-hand side
  instTopologicalSpaceQuotient

n : ℕ
Γ : ↑{Γ | Finite ↥Γ}
⊢ LocallyCompactSpace (MulAction.orbitRel.Quotient (↥↑Γ) (Eucl n))
[2026-01-12 18:27:31] [INFO] Proof verification completed
[2026-01-12 18:27:31] [INFO] Strategy RflStrategy attempt 1: verified=False
[2026-01-12 18:27:31] [INFO] Verification message: Cannot build modified file: <error line="122" column="2">
<code_line>  rfl</code_line>
<message>error: Tactic `rfl` failed: The left-hand side</message>
</error>
  MulAction.orbitRel.Quotient (↥↑Γ) (Eucl n)
is not definitionally equal to the right-hand side
  instTopologicalSpaceQuotient

n : ℕ
Γ : ↑{Γ | Finite ↥Γ}
⊢ LocallyCompactSpace (MulAction.orbitRel.Quotient (↥↑Γ) (Eucl n))

[2026-01-12 18:27:31] [INFO] Attempt 1 failed verification, continuing...
[2026-01-12 18:27:31] [INFO] ========================================
[2026-01-12 18:27:31] [INFO] Pass@k completed. Total results: 1
[2026-01-12 18:27:31] [INFO] FAILED: All 1 strategies x 1 attempts
[2026-01-12 18:27:31] [INFO] Writing results to file: /root/repo/result.json
[2026-01-12 18:27:31] [INFO] Result file written successfully
[2026-01-12 18:27:31] [INFO] Results exported to: /root/repo/result.json
[2026-01-12 18:27:31] [INFO] run_morphcloud_local.py completed successfully

[2026-01-12 18:27:34] [process_single_sorry] Downloading result file...
[2026-01-12 18:27:35] [process_single_sorry] Downloaded result to intermediate_experiment_outputs_full_reservoir_3_months/rfl/2026-01-12_15-54-17_rfl/individual/ae72263ede90a57b902e355ad2617f49e6fe06d5340e5cc6e5a63ef836546cc9.json
[2026-01-12 18:27:37] [process_single_sorry] Instance context closed successfully
[2026-01-12 18:27:37] [process_single_sorry] Parsing result file...
[2026-01-12 18:27:37] [process_single_sorry] Successfully parsed result (list format, 1 results)
