[2026-01-12 18:37:27] [process_single_sorry] Starting for sorry be66a53030d750baaa4d61936be23cd6787b6cce05a023571dca2eb3445dde5b
[2026-01-12 18:37:27] [process_single_sorry] Using snapshot: snapshot_6vq5l9ki
[2026-01-12 18:37:27] [process_single_sorry] Repository: https://github.com/Verified-zkEVM/ArkLib@f04465d1faac1b46505a53fa5af90cfa223ad823
[2026-01-12 18:37:27] [process_single_sorry] Instance name: ArkLib_f04465d1faac_rfl_be66a53030d750baaa4d61936be23cd6787b6cce05a023571dca2eb3445dde5b
[2026-01-12 18:37:27] [process_single_sorry] Starting attempt 1/3
[2026-01-12 18:37:27] [process_single_sorry] Starting instance from snapshot...
[2026-01-12 18:37:40] [process_single_sorry] Instance started successfully: morphvm_w7yja1b9
[2026-01-12 18:37:40] [process_single_sorry] Creating .env file...
[2026-01-12 18:38:08] [process_single_sorry] .env file created (exit_code: 0)
[2026-01-12 18:38:08] [process_single_sorry] Executing agent command...
[2026-01-12 18:40:55] [process_single_sorry] Agent command completed (exit_code: 0)
[2026-01-12 18:40:55] [process_single_sorry] STDOUT:

Results JSON:
[
  {
    "sorry": {
      "repo": {
        "remote": "https://github.com/Verified-zkEVM/ArkLib",
        "branch": "dtumad/finalize-4-26",
        "commit": "f04465d1faac1b46505a53fa5af90cfa223ad823",
        "lean_version": "v4.26.0"
      },
      "location": {
        "path": "ArkLib/CommitmentScheme/MerkleTree.lean",
        "start_line": 213,
        "start_column": 4,
        "end_line": 218,
        "end_column": 14
      },
      "debug_info": {
        "goal": "case succ\nα : Type\ninst✝² : DecidableEq α\ninst✝¹ : SampleableType α\ninst✝ : OracleSpec.DecidableEq (MerkleTree.spec α)\nn : ℕ\nih :\n  ∀ (leaves : List.Vector α (2 ^ n)) (preexisting_cache : QueryCache (MerkleTree.spec α)),\n    HasEvalSPMF.NeverFail\n      (((fun {α_1} x => (simulateQ randomOracle).toFun α_1 x) (MerkleTree.buildMerkleTree α n leaves)).run\n        preexisting_cache)\nleaves : List.Vector α (2 ^ (n + 1))\npreexisting_cache : QueryCache (MerkleTree.spec α)\n⊢ HasEvalSPMF.NeverFail\n    (((fun {α_1} x => (simulateQ randomOracle).toFun α_1 x) (MerkleTree.buildMerkleTree α (n + 1) leaves)).run\n      preexisting_cache)",
        "url": "https://github.com/Verified-zkEVM/ArkLib/blob/f04465d1faac1b46505a53fa5af90cfa223ad823/ArkLib/CommitmentScheme/MerkleTree.lean#L213"
      },
      "metadata": {
        "blame_email_hash": "0c5d39c5ece3",
        "blame_date": "2026-01-07T09:57:59-06:00",
        "inclusion_date": "2026-01-09T16:40:36.355535+00:00"
      },
      "id": "be66a53030d750baaa4d61936be23cd6787b6cce05a023571dca2eb3445dde5b"
    },
    "proof": null,
    "proof_verified": false,
    "feedback": null,
    "verification_message": "All 1 attempts failed (1 strategies x 1 attempts each)",
    "success": true,
    "error_type": null,
    "error_message": null,
    "strategy_name": "all_failed_k=1",
    "proof_attempts": [
      "rfl"
    ]
  }
]

[2026-01-12 18:40:55] [process_single_sorry] STDERR:
None of PyTorch, TensorFlow >= 2.0, or Flax have been found. Models won't be available and only tokenizers, configuration and file/data utilities can be used.
[2026-01-12 18:38:57] [INFO] ================================================================================
[2026-01-12 18:38:57] [INFO] Starting run_morphcloud_local.py
[2026-01-12 18:38:57] [INFO] ================================================================================
[2026-01-12 18:38:57] [INFO] Environment loaded
[2026-01-12 18:38:57] [INFO] Full command: /root/SorryDB/sorrydb/cli/run_morphcloud_local.py --repo-path /root/repo --sorry-json {"repo": {"remote": "https://github.com/Verified-zkEVM/ArkLib", "branch": "dtumad/finalize-4-26", "commit": "f04465d1faac1b46505a53fa5af90cfa223ad823", "lean_version": "v4.26.0"}, "location": {"path": "ArkLib/CommitmentScheme/MerkleTree.lean", "start_line": 213, "start_column": 4, "end_line": 218, "end_column": 14}, "debug_info": {"goal": "case succ\n\u03b1 : Type\ninst\u271d\u00b2 : DecidableEq \u03b1\ninst\u271d\u00b9 : SampleableType \u03b1\ninst\u271d : OracleSpec.DecidableEq (MerkleTree.spec \u03b1)\nn : \u2115\nih :\n  \u2200 (leaves : List.Vector \u03b1 (2 ^ n)) (preexisting_cache : QueryCache (MerkleTree.spec \u03b1)),\n    HasEvalSPMF.NeverFail\n      (((fun {\u03b1_1} x => (simulateQ randomOracle).toFun \u03b1_1 x) (MerkleTree.buildMerkleTree \u03b1 n leaves)).run\n        preexisting_cache)\nleaves : List.Vector \u03b1 (2 ^ (n + 1))\npreexisting_cache : QueryCache (MerkleTree.spec \u03b1)\n\u22a2 HasEvalSPMF.NeverFail\n    (((fun {\u03b1_1} x => (simulateQ randomOracle).toFun \u03b1_1 x) (MerkleTree.buildMerkleTree \u03b1 (n + 1) leaves)).run\n      preexisting_cache)", "url": "https://github.com/Verified-zkEVM/ArkLib/blob/f04465d1faac1b46505a53fa5af90cfa223ad823/ArkLib/CommitmentScheme/MerkleTree.lean#L213"}, "metadata": {"blame_email_hash": "0c5d39c5ece3", "blame_date": "2026-01-07T09:57:59-06:00", "inclusion_date": "2026-01-09T16:40:36.355535+00:00"}, "id": "be66a53030d750baaa4d61936be23cd6787b6cce05a023571dca2eb3445dde5b"} --agent-strategy {"name": "rfl", "args": {}}
[2026-01-12 18:38:57] [INFO] Arguments parsed: repo_path=/root/repo, output_path=/root/repo/result.json
[2026-01-12 18:38:57] [INFO] Strategy spec: {"name": "rfl", "args": {}}...
[2026-01-12 18:38:57] [INFO] Loading sorry data...
[2026-01-12 18:38:57] [INFO] Parsing sorry from JSON string...
[2026-01-12 18:38:57] [INFO] Sorry data parsed from JSON string
[2026-01-12 18:38:57] [INFO] Creating strategy from spec...
[2026-01-12 18:38:57] [INFO] Parsing strategy spec (length: 27 chars)
[2026-01-12 18:38:57] [INFO] Strategy name: rfl
[2026-01-12 18:38:57] [INFO] Strategy args: {}
[2026-01-12 18:38:57] [INFO] Pass@k value: 1
[2026-01-12 18:38:57] [INFO] Creating strategy: rfl
[2026-01-12 18:38:57] [INFO] Strategies created: ['RflStrategy']
[2026-01-12 18:38:57] [INFO] Pass@k value: 1
[2026-01-12 18:38:57] [INFO] Creating Sorry object...
[2026-01-12 18:38:57] [INFO] Sorry object created: id=be66a53030d750baaa4d61936be23cd6787b6cce05a023571dca2eb3445dde5b
[2026-01-12 18:38:57] [INFO] Sorry location: ArkLib/CommitmentScheme/MerkleTree.lean:213
[2026-01-12 18:38:57] [INFO] Context before sorry (lines 208-213):
[2026-01-12 18:38:57] [INFO]   208:   -- and therefore can't fail.
[2026-01-12 18:38:57] [INFO]   209:   induction n generalizing preexisting_cache with
[2026-01-12 18:38:57] [INFO]   210:   | zero =>
[2026-01-12 18:38:57] [INFO]   211:     simp [buildMerkleTree]
[2026-01-12 18:38:57] [INFO]   212:   | succ n ih =>
[2026-01-12 18:38:57] [INFO]   213:     stop
[2026-01-12 18:38:57] [INFO] Sorry line:     stop
[2026-01-12 18:38:57] [INFO] Sorry goal: case succ
α : Type
inst✝² : DecidableEq α
inst✝¹ : SampleableType α
inst✝ : OracleSpec.DecidableEq (...
[2026-01-12 18:38:57] [INFO] ========================================
[2026-01-12 18:38:57] [INFO] Trying strategy: RflStrategy (up to 1 attempts)
[2026-01-12 18:38:57] [INFO] --------------------
[2026-01-12 18:38:57] [INFO] Strategy RflStrategy, attempt 1/1
[2026-01-12 18:38:57] [INFO] Starting proof generation...
[2026-01-12 18:38:57] [INFO] Repository path: /root/repo
[2026-01-12 18:38:57] [INFO] Proof generation completed
[2026-01-12 18:38:57] [INFO] Generated proof:
[2026-01-12 18:38:57] [INFO] rfl
[2026-01-12 18:38:57] [INFO] Proof length: 3 chars
[2026-01-12 18:38:57] [INFO] Starting proof verification...
[2026-01-12 18:38:57] [INFO] Verifying at: ArkLib/CommitmentScheme/MerkleTree.lean:213
[2026-01-12 18:38:57] [INFO] Using LEAN INTERACT verify
[2026-01-12 18:38:57] [INFO] Checking file
[2026-01-12 18:40:53] [INFO] Cannot build modified file <error line="213" column="4">
<code_line>    rfl</code_line>
<message>error: Tactic `rfl` failed: The left-hand side</message>
</error>
  hasEvalSPMF_of_hasEvalPMF
is not definitionally equal to the right-hand side
  ((fun {α_1} x => (simulateQ randomOracle).toFun α_1 x) (buildMerkleTree α (n + 1) leaves)).run preexisting_cache

case succ
α : Type
inst✝² : DecidableEq α
inst✝¹ : SampleableType α
inst✝ : (spec α).DecidableEq
n : ℕ
ih :
  ∀ (leaves : List.Vector α (2 ^ n)) (preexisting_cache : (spec α).QueryCache),
    HasEvalSPMF.NeverFail
      (((fun {α_1} x => (simulateQ randomOracle).toFun α_1 x) (buildMerkleTree α n leaves)).run preexisting_cache)
leaves : List.Vector α (2 ^ (n + 1))
preexisting_cache : (spec α).QueryCache
⊢ HasEvalSPMF.NeverFail
    (((fun {α_1} x => (simulateQ randomOracle).toFun α_1 x) (buildMerkleTree α (n + 1) leaves)).run preexisting_cache)
0
2
7
[2026-01-12 18:40:53] [INFO] Proof verification completed
[2026-01-12 18:40:53] [INFO] Strategy RflStrategy attempt 1: verified=False
[2026-01-12 18:40:53] [INFO] Verification message: Cannot build modified file: <error line="213" column="4">
<code_line>    rfl</code_line>
<message>error: Tactic `rfl` failed: The left-hand side</message>
</error>
  hasEvalSPMF_of_hasEvalPMF
is not definitionally equal to the right-hand side
  ((fun {α_1} x => (simulateQ randomOracle).toFun α_1 x) (buildMerkleTree α (n + 1) leaves)).run preexisting_cache

case succ
α : Type
inst✝² : DecidableEq α
inst✝¹ : SampleableType α
inst✝ : (spec α).DecidableEq
n : ℕ
ih :
  ∀ (leaves : List.Vector α (2 ^ n)) (preexisting_cache : (spec α).QueryCache),
    HasEvalSPMF.NeverFail
      (((fun {α_1} x => (simulateQ randomOracle).toFun α_1 x) (buildMerkleTree α n leaves)).run preexisting_cache)
leaves : List.Vector α (2 ^ (n + 1))
preexisting_cache : (spec α).QueryCache
⊢ HasEvalSPMF.NeverFail
    (((fun {α_1} x => (simulateQ randomOracle).toFun α_1 x) (buildMerkleTree α (n + 1) leaves)).run preexisting_cache)
0
2
7

[2026-01-12 18:40:53] [INFO] Attempt 1 failed verification, continuing...
[2026-01-12 18:40:53] [INFO] ========================================
[2026-01-12 18:40:53] [INFO] Pass@k completed. Total results: 1
[2026-01-12 18:40:53] [INFO] FAILED: All 1 strategies x 1 attempts
[2026-01-12 18:40:53] [INFO] Writing results to file: /root/repo/result.json
[2026-01-12 18:40:53] [INFO] Result file written successfully
[2026-01-12 18:40:53] [INFO] Results exported to: /root/repo/result.json
[2026-01-12 18:40:53] [INFO] run_morphcloud_local.py completed successfully

[2026-01-12 18:40:55] [process_single_sorry] Downloading result file...
[2026-01-12 18:40:55] [process_single_sorry] Downloaded result to intermediate_experiment_outputs_full_reservoir_3_months/rfl/2026-01-12_15-54-17_rfl/individual/be66a53030d750baaa4d61936be23cd6787b6cce05a023571dca2eb3445dde5b.json
[2026-01-12 18:40:58] [process_single_sorry] Instance context closed successfully
[2026-01-12 18:40:58] [process_single_sorry] Parsing result file...
[2026-01-12 18:40:58] [process_single_sorry] Successfully parsed result (list format, 1 results)
