[2026-01-12 17:27:10] [process_single_sorry] Starting for sorry cbdf9a4b30d47359ae72c74c987b612fdf4ad2732143c802a4b869497601ab28
[2026-01-12 17:27:10] [process_single_sorry] Using snapshot: snapshot_7qbjh9p6
[2026-01-12 17:27:10] [process_single_sorry] Repository: https://github.com/AlexKontorovich/PrimeNumberTheoremAnd@ddcb6542f2b62883c8642d3db4ecc115afcce33e
[2026-01-12 17:27:10] [process_single_sorry] Instance name: PrimeNumberTheoremAnd_ddcb6542f2b6_rfl_cbdf9a4b30d47359ae72c74c987b612fdf4ad2732143c802a4b869497601ab28
[2026-01-12 17:27:10] [process_single_sorry] Starting attempt 1/3
[2026-01-12 17:27:10] [process_single_sorry] Starting instance from snapshot...
[2026-01-12 17:27:11] [process_single_sorry] Instance started successfully: morphvm_hg5wf0oy
[2026-01-12 17:27:11] [process_single_sorry] Creating .env file...
[2026-01-12 17:27:25] [process_single_sorry] .env file created (exit_code: 0)
[2026-01-12 17:27:25] [process_single_sorry] Executing agent command...
[2026-01-12 17:32:04] [process_single_sorry] Agent command completed (exit_code: 0)
[2026-01-12 17:32:04] [process_single_sorry] STDOUT:

Results JSON:
[
  {
    "sorry": {
      "repo": {
        "remote": "https://github.com/AlexKontorovich/PrimeNumberTheoremAnd",
        "branch": "More-FKS",
        "commit": "ddcb6542f2b62883c8642d3db4ecc115afcce33e",
        "lean_version": "v4.26.0"
      },
      "location": {
        "path": "PrimeNumberTheoremAnd/FioriKadiriSwidinsky.lean",
        "start_line": 160,
        "start_column": 16,
        "end_line": 160,
        "end_column": 21
      },
      "debug_info": {
        "goal": "σ₁ σ₂ α δ d CC_1 c₁ CC_2 c₂ : ℝ\nh : (σ₁, σ₂, α, δ, d, CC_1, c₁, CC_2, c₂) ∈ FKS.table_8\n⊢ ∀ T ≥ 3e12,\n    ∀ σ ∈ Set.Icc σ₁ σ₂, riemannZeta.N' σ T ≤ c₁ * T ^ (8 / 3 * (1 - σ)) * log T ^ (5 - 2 * σ) + c₂ * log T ^ 2",
        "url": "https://github.com/AlexKontorovich/PrimeNumberTheoremAnd/blob/ddcb6542f2b62883c8642d3db4ecc115afcce33e/PrimeNumberTheoremAnd/FioriKadiriSwidinsky.lean#L160"
      },
      "metadata": {
        "blame_email_hash": "d7f0e4a42bbb",
        "blame_date": "2026-01-06T21:02:57-08:00",
        "inclusion_date": "2026-01-08T16:02:15.154672+00:00"
      },
      "id": "cbdf9a4b30d47359ae72c74c987b612fdf4ad2732143c802a4b869497601ab28"
    },
    "proof": null,
    "proof_verified": false,
    "feedback": null,
    "verification_message": "All 1 attempts failed (1 strategies x 1 attempts each)",
    "success": true,
    "error_type": null,
    "error_message": null,
    "strategy_name": "all_failed_k=1",
    "proof_attempts": [
      "rfl"
    ]
  }
]

[2026-01-12 17:32:04] [process_single_sorry] STDERR:
None of PyTorch, TensorFlow >= 2.0, or Flax have been found. Models won't be available and only tokenizers, configuration and file/data utilities can be used.
[2026-01-12 17:28:23] [INFO] ================================================================================
[2026-01-12 17:28:23] [INFO] Starting run_morphcloud_local.py
[2026-01-12 17:28:23] [INFO] ================================================================================
[2026-01-12 17:28:23] [INFO] Environment loaded
[2026-01-12 17:28:23] [INFO] Full command: /root/SorryDB/sorrydb/cli/run_morphcloud_local.py --repo-path /root/repo --sorry-json {"repo": {"remote": "https://github.com/AlexKontorovich/PrimeNumberTheoremAnd", "branch": "More-FKS", "commit": "ddcb6542f2b62883c8642d3db4ecc115afcce33e", "lean_version": "v4.26.0"}, "location": {"path": "PrimeNumberTheoremAnd/FioriKadiriSwidinsky.lean", "start_line": 160, "start_column": 16, "end_line": 160, "end_column": 21}, "debug_info": {"goal": "\u03c3\u2081 \u03c3\u2082 \u03b1 \u03b4 d CC_1 c\u2081 CC_2 c\u2082 : \u211d\nh : (\u03c3\u2081, \u03c3\u2082, \u03b1, \u03b4, d, CC_1, c\u2081, CC_2, c\u2082) \u2208 FKS.table_8\n\u22a2 \u2200 T \u2265 3e12,\n    \u2200 \u03c3 \u2208 Set.Icc \u03c3\u2081 \u03c3\u2082, riemannZeta.N' \u03c3 T \u2264 c\u2081 * T ^ (8 / 3 * (1 - \u03c3)) * log T ^ (5 - 2 * \u03c3) + c\u2082 * log T ^ 2", "url": "https://github.com/AlexKontorovich/PrimeNumberTheoremAnd/blob/ddcb6542f2b62883c8642d3db4ecc115afcce33e/PrimeNumberTheoremAnd/FioriKadiriSwidinsky.lean#L160"}, "metadata": {"blame_email_hash": "d7f0e4a42bbb", "blame_date": "2026-01-06T21:02:57-08:00", "inclusion_date": "2026-01-08T16:02:15.154672+00:00"}, "id": "cbdf9a4b30d47359ae72c74c987b612fdf4ad2732143c802a4b869497601ab28"} --agent-strategy {"name": "rfl", "args": {}}
[2026-01-12 17:28:23] [INFO] Arguments parsed: repo_path=/root/repo, output_path=/root/repo/result.json
[2026-01-12 17:28:23] [INFO] Strategy spec: {"name": "rfl", "args": {}}...
[2026-01-12 17:28:23] [INFO] Loading sorry data...
[2026-01-12 17:28:23] [INFO] Parsing sorry from JSON string...
[2026-01-12 17:28:23] [INFO] Sorry data parsed from JSON string
[2026-01-12 17:28:23] [INFO] Creating strategy from spec...
[2026-01-12 17:28:23] [INFO] Parsing strategy spec (length: 27 chars)
[2026-01-12 17:28:23] [INFO] Strategy name: rfl
[2026-01-12 17:28:23] [INFO] Strategy args: {}
[2026-01-12 17:28:23] [INFO] Pass@k value: 1
[2026-01-12 17:28:23] [INFO] Creating strategy: rfl
[2026-01-12 17:28:23] [INFO] Strategies created: ['RflStrategy']
[2026-01-12 17:28:23] [INFO] Pass@k value: 1
[2026-01-12 17:28:23] [INFO] Creating Sorry object...
[2026-01-12 17:28:23] [INFO] Sorry object created: id=cbdf9a4b30d47359ae72c74c987b612fdf4ad2732143c802a4b869497601ab28
[2026-01-12 17:28:23] [INFO] Sorry location: PrimeNumberTheoremAnd/FioriKadiriSwidinsky.lean:160
[2026-01-12 17:28:23] [INFO] Context before sorry (lines 155-160):
[2026-01-12 17:28:23] [INFO]   155:     σ_range := Set.Icc σ₁ σ₂
[2026-01-12 17:28:23] [INFO]   156:     c₁ σ := c₁
[2026-01-12 17:28:23] [INFO]   157:     c₂ σ := c₂
[2026-01-12 17:28:23] [INFO]   158:     p σ := 8 / 3 * (1 - σ)
[2026-01-12 17:28:23] [INFO]   159:     q σ := 5 - 2 * σ
[2026-01-12 17:28:23] [INFO]   160:     bound := by sorry
[2026-01-12 17:28:23] [INFO] Sorry line:     bound := by sorry
[2026-01-12 17:28:23] [INFO] Sorry goal: σ₁ σ₂ α δ d CC_1 c₁ CC_2 c₂ : ℝ
h : (σ₁, σ₂, α, δ, d, CC_1, c₁, CC_2, c₂) ∈ FKS.table_8
⊢ ∀ T ≥ 3e12...
[2026-01-12 17:28:23] [INFO] ========================================
[2026-01-12 17:28:23] [INFO] Trying strategy: RflStrategy (up to 1 attempts)
[2026-01-12 17:28:23] [INFO] --------------------
[2026-01-12 17:28:23] [INFO] Strategy RflStrategy, attempt 1/1
[2026-01-12 17:28:23] [INFO] Starting proof generation...
[2026-01-12 17:28:23] [INFO] Repository path: /root/repo
[2026-01-12 17:28:23] [INFO] Proof generation completed
[2026-01-12 17:28:23] [INFO] Generated proof:
[2026-01-12 17:28:23] [INFO] rfl
[2026-01-12 17:28:23] [INFO] Proof length: 3 chars
[2026-01-12 17:28:23] [INFO] Starting proof verification...
[2026-01-12 17:28:23] [INFO] Verifying at: PrimeNumberTheoremAnd/FioriKadiriSwidinsky.lean:160
[2026-01-12 17:28:23] [INFO] Using LEAN INTERACT verify
[2026-01-12 17:28:23] [INFO] Checking file
[2026-01-12 17:31:57] [INFO] Cannot build modified file <error line="160" column="16">
<code_line>    bound := by rfl</code_line>
<message>error: Tactic `rfl` failed: Expected the goal to be a binary relation</message>
</error>

Hint: Reflexivity tactics can only be used on goals of the form `x ~ x` or `R x x`

σ₁ σ₂ α δ d CC_1 c₁ CC_2 c₂ : ℝ
h : (σ₁, σ₂, α, δ, d, CC_1, c₁, CC_2, c₂) ∈ table_8
⊢ ∀ T ≥ 3e12,
    ∀ σ ∈ Set.Icc σ₁ σ₂, riemannZeta.N' σ T ≤ c₁ * T ^ (8 / 3 * (1 - σ)) * log T ^ (5 - 2 * σ) + c₂ * log T ^ 2
[2026-01-12 17:31:57] [INFO] Proof verification completed
[2026-01-12 17:31:57] [INFO] Strategy RflStrategy attempt 1: verified=False
[2026-01-12 17:31:57] [INFO] Verification message: Cannot build modified file: <error line="160" column="16">
<code_line>    bound := by rfl</code_line>
<message>error: Tactic `rfl` failed: Expected the goal to be a binary relation</message>
</error>

Hint: Reflexivity tactics can only be used on goals of the form `x ~ x` or `R x x`

σ₁ σ₂ α δ d CC_1 c₁ CC_2 c₂ : ℝ
h : (σ₁, σ₂, α, δ, d, CC_1, c₁, CC_2, c₂) ∈ table_8
⊢ ∀ T ≥ 3e12,
    ∀ σ ∈ Set.Icc σ₁ σ₂, riemannZeta.N' σ T ≤ c₁ * T ^ (8 / 3 * (1 - σ)) * log T ^ (5 - 2 * σ) + c₂ * log T ^ 2

[2026-01-12 17:31:57] [INFO] Attempt 1 failed verification, continuing...
[2026-01-12 17:31:57] [INFO] ========================================
[2026-01-12 17:31:57] [INFO] Pass@k completed. Total results: 1
[2026-01-12 17:31:57] [INFO] FAILED: All 1 strategies x 1 attempts
[2026-01-12 17:31:57] [INFO] Writing results to file: /root/repo/result.json
[2026-01-12 17:31:57] [INFO] Result file written successfully
[2026-01-12 17:31:57] [INFO] Results exported to: /root/repo/result.json
[2026-01-12 17:31:57] [INFO] run_morphcloud_local.py completed successfully

[2026-01-12 17:32:04] [process_single_sorry] Downloading result file...
[2026-01-12 17:32:07] [process_single_sorry] Downloaded result to intermediate_experiment_outputs_full_reservoir_3_months/rfl/2026-01-12_15-54-17_rfl/individual/cbdf9a4b30d47359ae72c74c987b612fdf4ad2732143c802a4b869497601ab28.json
[2026-01-12 17:32:10] [process_single_sorry] Instance context closed successfully
[2026-01-12 17:32:10] [process_single_sorry] Parsing result file...
[2026-01-12 17:32:10] [process_single_sorry] Successfully parsed result (list format, 1 results)
