[2026-01-12 17:30:17] [process_single_sorry] Starting for sorry cf1403caad2cff4cf181f8e61e8b277a5febc14f84af9b8d80a5e141cba13dce
[2026-01-12 17:30:17] [process_single_sorry] Using snapshot: snapshot_2b23ppje
[2026-01-12 17:30:17] [process_single_sorry] Repository: https://github.com/Clap-lang/clap-lean@326f55435f91295d95a6166b060cace7ef92e6e4
[2026-01-12 17:30:17] [process_single_sorry] Instance name: clap-lean_326f55435f91_rfl_cf1403caad2cff4cf181f8e61e8b277a5febc14f84af9b8d80a5e141cba13dce
[2026-01-12 17:30:17] [process_single_sorry] Starting attempt 1/3
[2026-01-12 17:30:17] [process_single_sorry] Starting instance from snapshot...
[2026-01-12 17:30:18] [process_single_sorry] Instance started successfully: morphvm_sxtqmmiz
[2026-01-12 17:30:18] [process_single_sorry] Creating .env file...
[2026-01-12 17:30:22] [process_single_sorry] .env file created (exit_code: 0)
[2026-01-12 17:30:22] [process_single_sorry] Executing agent command...
[2026-01-12 17:31:02] [process_single_sorry] Agent command completed (exit_code: 0)
[2026-01-12 17:31:02] [process_single_sorry] STDOUT:

Results JSON:
[
  {
    "sorry": {
      "repo": {
        "remote": "https://github.com/Clap-lang/clap-lean",
        "branch": "assert_range2",
        "commit": "326f55435f91295d95a6166b060cace7ef92e6e4",
        "lean_version": "v4.26.0-rc2"
      },
      "location": {
        "path": "Clap/Spec.lean",
        "start_line": 140,
        "start_column": 6,
        "end_line": 140,
        "end_column": 11
      },
      "debug_info": {
        "goal": "case isFalse\np : ‚Ąē\ninst‚úĚ¬Ļ : Fact (Nat.Prime p)\ninst‚úĚ : NeZero p\nel : ZMod p\ner : Exp (ZMod p) (ZMod p)\ncl : Option Unit\ncr : Circuit p (ZMod p)\nw : ‚Ąē\nhe : el = er.eval\nhc : Simulation.s_bisim cl cr.eval\nx‚úĚ¬Ļ : Option Unit\nx‚úĚ : Unit ‚Üí Option Unit\na‚úĚ : Unit\nhel : er.eval.val < 2 ^ w\nh‚úĚ : ¬¨er.eval.val < 2 ^ w\n‚äĘ Simulation.s_bisim cl cr.eval",
        "url": "https://github.com/Clap-lang/clap-lean/blob/326f55435f91295d95a6166b060cace7ef92e6e4/Clap/Spec.lean#L140"
      },
      "metadata": {
        "blame_email_hash": "f97ff5f0ac04",
        "blame_date": "2025-12-10T16:58:05+01:00",
        "inclusion_date": "2026-01-08T22:26:21.439472+00:00"
      },
      "id": "cf1403caad2cff4cf181f8e61e8b277a5febc14f84af9b8d80a5e141cba13dce"
    },
    "proof": null,
    "proof_verified": false,
    "feedback": null,
    "verification_message": "All 1 attempts failed (1 strategies x 1 attempts each)",
    "success": true,
    "error_type": null,
    "error_message": null,
    "strategy_name": "all_failed_k=1",
    "proof_attempts": [
      "rfl"
    ]
  }
]

[2026-01-12 17:31:02] [process_single_sorry] STDERR:
None of PyTorch, TensorFlow >= 2.0, or Flax have been found. Models won't be available and only tokenizers, configuration and file/data utilities can be used.
[2026-01-12 17:30:38] [INFO] ================================================================================
[2026-01-12 17:30:38] [INFO] Starting run_morphcloud_local.py
[2026-01-12 17:30:38] [INFO] ================================================================================
[2026-01-12 17:30:38] [INFO] Environment loaded
[2026-01-12 17:30:38] [INFO] Full command: /root/SorryDB/sorrydb/cli/run_morphcloud_local.py --repo-path /root/repo --sorry-json {"repo": {"remote": "https://github.com/Clap-lang/clap-lean", "branch": "assert_range2", "commit": "326f55435f91295d95a6166b060cace7ef92e6e4", "lean_version": "v4.26.0-rc2"}, "location": {"path": "Clap/Spec.lean", "start_line": 140, "start_column": 6, "end_line": 140, "end_column": 11}, "debug_info": {"goal": "case isFalse\np : \u2115\ninst\u271d\u00b9 : Fact (Nat.Prime p)\ninst\u271d : NeZero p\nel : ZMod p\ner : Exp (ZMod p) (ZMod p)\ncl : Option Unit\ncr : Circuit p (ZMod p)\nw : \u2115\nhe : el = er.eval\nhc : Simulation.s_bisim cl cr.eval\nx\u271d\u00b9 : Option Unit\nx\u271d : Unit \u2192 Option Unit\na\u271d : Unit\nhel : er.eval.val < 2 ^ w\nh\u271d : \u00acer.eval.val < 2 ^ w\n\u22a2 Simulation.s_bisim cl cr.eval", "url": "https://github.com/Clap-lang/clap-lean/blob/326f55435f91295d95a6166b060cace7ef92e6e4/Clap/Spec.lean#L140"}, "metadata": {"blame_email_hash": "f97ff5f0ac04", "blame_date": "2025-12-10T16:58:05+01:00", "inclusion_date": "2026-01-08T22:26:21.439472+00:00"}, "id": "cf1403caad2cff4cf181f8e61e8b277a5febc14f84af9b8d80a5e141cba13dce"} --agent-strategy {"name": "rfl", "args": {}}
[2026-01-12 17:30:38] [INFO] Arguments parsed: repo_path=/root/repo, output_path=/root/repo/result.json
[2026-01-12 17:30:38] [INFO] Strategy spec: {"name": "rfl", "args": {}}...
[2026-01-12 17:30:38] [INFO] Loading sorry data...
[2026-01-12 17:30:38] [INFO] Parsing sorry from JSON string...
[2026-01-12 17:30:38] [INFO] Sorry data parsed from JSON string
[2026-01-12 17:30:38] [INFO] Creating strategy from spec...
[2026-01-12 17:30:38] [INFO] Parsing strategy spec (length: 27 chars)
[2026-01-12 17:30:38] [INFO] Strategy name: rfl
[2026-01-12 17:30:38] [INFO] Strategy args: {}
[2026-01-12 17:30:38] [INFO] Pass@k value: 1
[2026-01-12 17:30:38] [INFO] Creating strategy: rfl
[2026-01-12 17:30:38] [INFO] Strategies created: ['RflStrategy']
[2026-01-12 17:30:38] [INFO] Pass@k value: 1
[2026-01-12 17:30:38] [INFO] Creating Sorry object...
[2026-01-12 17:30:38] [INFO] Sorry object created: id=cf1403caad2cff4cf181f8e61e8b277a5febc14f84af9b8d80a5e141cba13dce
[2026-01-12 17:30:38] [INFO] Sorry location: Clap/Spec.lean:140
[2026-01-12 17:30:38] [INFO] Context before sorry (lines 135-140):
[2026-01-12 17:30:38] [INFO]   135:     rw [he] at hel
[2026-01-12 17:30:38] [INFO]   136:     simp
[2026-01-12 17:30:38] [INFO]   137:     split
[2026-01-12 17:30:38] [INFO]   138:     . apply hc
[2026-01-12 17:30:38] [INFO]   139:     . -- contradiction
[2026-01-12 17:30:38] [INFO]   140:       sorry
[2026-01-12 17:30:38] [INFO] Sorry line:       sorry
[2026-01-12 17:30:38] [INFO] Sorry goal: case isFalse
p : ‚Ąē
inst‚úĚ¬Ļ : Fact (Nat.Prime p)
inst‚úĚ : NeZero p
el : ZMod p
er : Exp (ZMod p) (ZMod ...
[2026-01-12 17:30:38] [INFO] ========================================
[2026-01-12 17:30:38] [INFO] Trying strategy: RflStrategy (up to 1 attempts)
[2026-01-12 17:30:38] [INFO] --------------------
[2026-01-12 17:30:38] [INFO] Strategy RflStrategy, attempt 1/1
[2026-01-12 17:30:38] [INFO] Starting proof generation...
[2026-01-12 17:30:38] [INFO] Repository path: /root/repo
[2026-01-12 17:30:38] [INFO] Proof generation completed
[2026-01-12 17:30:38] [INFO] Generated proof:
[2026-01-12 17:30:38] [INFO] rfl
[2026-01-12 17:30:38] [INFO] Proof length: 3 chars
[2026-01-12 17:30:38] [INFO] Starting proof verification...
[2026-01-12 17:30:38] [INFO] Verifying at: Clap/Spec.lean:140
[2026-01-12 17:30:38] [INFO] Using LEAN INTERACT verify
[2026-01-12 17:30:38] [INFO] Checking file
[2026-01-12 17:31:00] [INFO] Cannot build modified file <error line="140" column="6">
<code_line>      rfl</code_line>
<message>error: Tactic `rfl` failed: The left-hand side</message>
</error>
  cl
is not definitionally equal to the right-hand side
  cr.eval

case isFalse
p : ‚Ąē
inst‚úĚ¬Ļ : Fact (Nat.Prime p)
inst‚úĚ : NeZero p
el : ZMod p
er : Exp (ZMod p) (ZMod p)
cl : Option Unit
cr : Circuit p (ZMod p)
w : ‚Ąē
he : el = er.eval
hc : Simulation.s_bisim cl cr.eval
x‚úĚ¬Ļ : Option Unit
x‚úĚ : Unit ‚Üí Option Unit
a‚úĚ : Unit
hel : er.eval.val < 2 ^ w
h‚úĚ : ¬¨er.eval.val < 2 ^ w
‚äĘ Simulation.s_bisim cl cr.eval
[2026-01-12 17:31:00] [INFO] Proof verification completed
[2026-01-12 17:31:00] [INFO] Strategy RflStrategy attempt 1: verified=False
[2026-01-12 17:31:00] [INFO] Verification message: Cannot build modified file: <error line="140" column="6">
<code_line>      rfl</code_line>
<message>error: Tactic `rfl` failed: The left-hand side</message>
</error>
  cl
is not definitionally equal to the right-hand side
  cr.eval

case isFalse
p : ‚Ąē
inst‚úĚ¬Ļ : Fact (Nat.Prime p)
inst‚úĚ : NeZero p
el : ZMod p
er : Exp (ZMod p) (ZMod p)
cl : Option Unit
cr : Circuit p (ZMod p)
w : ‚Ąē
he : el = er.eval
hc : Simulation.s_bisim cl cr.eval
x‚úĚ¬Ļ : Option Unit
x‚úĚ : Unit ‚Üí Option Unit
a‚úĚ : Unit
hel : er.eval.val < 2 ^ w
h‚úĚ : ¬¨er.eval.val < 2 ^ w
‚äĘ Simulation.s_bisim cl cr.eval

[2026-01-12 17:31:00] [INFO] Attempt 1 failed verification, continuing...
[2026-01-12 17:31:00] [INFO] ========================================
[2026-01-12 17:31:00] [INFO] Pass@k completed. Total results: 1
[2026-01-12 17:31:00] [INFO] FAILED: All 1 strategies x 1 attempts
[2026-01-12 17:31:00] [INFO] Writing results to file: /root/repo/result.json
[2026-01-12 17:31:00] [INFO] Result file written successfully
[2026-01-12 17:31:00] [INFO] Results exported to: /root/repo/result.json
[2026-01-12 17:31:00] [INFO] run_morphcloud_local.py completed successfully

[2026-01-12 17:31:02] [process_single_sorry] Downloading result file...
[2026-01-12 17:31:03] [process_single_sorry] Downloaded result to intermediate_experiment_outputs_full_reservoir_3_months/rfl/2026-01-12_15-54-17_rfl/individual/cf1403caad2cff4cf181f8e61e8b277a5febc14f84af9b8d80a5e141cba13dce.json
[2026-01-12 17:31:05] [process_single_sorry] Instance context closed successfully
[2026-01-12 17:31:05] [process_single_sorry] Parsing result file...
[2026-01-12 17:31:05] [process_single_sorry] Successfully parsed result (list format, 1 results)
