[2026-01-12 17:49:19] [process_single_sorry] Starting for sorry d15323edc797dd8337d7b6c400b379f40c17233f2a9400bd169beea4e5fff959
[2026-01-12 17:49:19] [process_single_sorry] Using snapshot: snapshot_3oblj90a
[2026-01-12 17:49:19] [process_single_sorry] Repository: https://github.com/YaelDillies/LeanCamCombi@34daaaac92e24dcedf36f3d059764534daa7999d
[2026-01-12 17:49:19] [process_single_sorry] Instance name: LeanCamCombi_34daaaac92e2_rfl_d15323edc797dd8337d7b6c400b379f40c17233f2a9400bd169beea4e5fff959
[2026-01-12 17:49:19] [process_single_sorry] Starting attempt 1/3
[2026-01-12 17:49:19] [process_single_sorry] Starting instance from snapshot...
[2026-01-12 17:49:26] [process_single_sorry] Instance started successfully: morphvm_5jwc20js
[2026-01-12 17:49:26] [process_single_sorry] Creating .env file...
[2026-01-12 17:49:34] [process_single_sorry] .env file created (exit_code: 0)
[2026-01-12 17:49:34] [process_single_sorry] Executing agent command...
[2026-01-12 17:50:42] [process_single_sorry] Agent command completed (exit_code: 0)
[2026-01-12 17:50:42] [process_single_sorry] STDOUT:

Results JSON:
[
  {
    "sorry": {
      "repo": {
        "remote": "https://github.com/YaelDillies/LeanCamCombi",
        "branch": "master",
        "commit": "34daaaac92e24dcedf36f3d059764534daa7999d",
        "lean_version": "v4.26.0"
      },
      "location": {
        "path": "LeanCamCombi/Mathlib/Probability/Distributions/Bernoulli.lean",
        "start_line": 138,
        "start_column": 18,
        "end_line": 138,
        "end_column": 23
      },
      "debug_info": {
        "goal": "ι : Type u_1\nΩ : Type u_2\nm : MeasurableSpace Ω\nX : Ω → Set ι\nu : Set ι\np : ↑unitInterval\nP : Measure Ω\nhX : @ProbabilityTheory.IsBernoulliOn ι Ω m X u p P\n⊢ AEMeasurable (fun ω => u \\ X ω) P",
        "url": "https://github.com/YaelDillies/LeanCamCombi/blob/34daaaac92e24dcedf36f3d059764534daa7999d/LeanCamCombi/Mathlib/Probability/Distributions/Bernoulli.lean#L138"
      },
      "metadata": {
        "blame_email_hash": "97e8591fe714",
        "blame_date": "2025-11-25T11:17:41+01:00",
        "inclusion_date": "2026-01-09T19:54:28.458891+00:00"
      },
      "id": "d15323edc797dd8337d7b6c400b379f40c17233f2a9400bd169beea4e5fff959"
    },
    "proof": null,
    "proof_verified": false,
    "feedback": null,
    "verification_message": "All 1 attempts failed (1 strategies x 1 attempts each)",
    "success": true,
    "error_type": null,
    "error_message": null,
    "strategy_name": "all_failed_k=1",
    "proof_attempts": [
      "rfl"
    ]
  }
]

[2026-01-12 17:50:42] [process_single_sorry] STDERR:
None of PyTorch, TensorFlow >= 2.0, or Flax have been found. Models won't be available and only tokenizers, configuration and file/data utilities can be used.
[2026-01-12 17:49:53] [INFO] ================================================================================
[2026-01-12 17:49:53] [INFO] Starting run_morphcloud_local.py
[2026-01-12 17:49:53] [INFO] ================================================================================
[2026-01-12 17:49:53] [INFO] Environment loaded
[2026-01-12 17:49:53] [INFO] Full command: /root/SorryDB/sorrydb/cli/run_morphcloud_local.py --repo-path /root/repo --sorry-json {"repo": {"remote": "https://github.com/YaelDillies/LeanCamCombi", "branch": "master", "commit": "34daaaac92e24dcedf36f3d059764534daa7999d", "lean_version": "v4.26.0"}, "location": {"path": "LeanCamCombi/Mathlib/Probability/Distributions/Bernoulli.lean", "start_line": 138, "start_column": 18, "end_line": 138, "end_column": 23}, "debug_info": {"goal": "\u03b9 : Type u_1\n\u03a9 : Type u_2\nm : MeasurableSpace \u03a9\nX : \u03a9 \u2192 Set \u03b9\nu : Set \u03b9\np : \u2191unitInterval\nP : Measure \u03a9\nhX : @ProbabilityTheory.IsBernoulliOn \u03b9 \u03a9 m X u p P\n\u22a2 AEMeasurable (fun \u03c9 => u \\ X \u03c9) P", "url": "https://github.com/YaelDillies/LeanCamCombi/blob/34daaaac92e24dcedf36f3d059764534daa7999d/LeanCamCombi/Mathlib/Probability/Distributions/Bernoulli.lean#L138"}, "metadata": {"blame_email_hash": "97e8591fe714", "blame_date": "2025-11-25T11:17:41+01:00", "inclusion_date": "2026-01-09T19:54:28.458891+00:00"}, "id": "d15323edc797dd8337d7b6c400b379f40c17233f2a9400bd169beea4e5fff959"} --agent-strategy {"name": "rfl", "args": {}}
[2026-01-12 17:49:53] [INFO] Arguments parsed: repo_path=/root/repo, output_path=/root/repo/result.json
[2026-01-12 17:49:53] [INFO] Strategy spec: {"name": "rfl", "args": {}}...
[2026-01-12 17:49:53] [INFO] Loading sorry data...
[2026-01-12 17:49:53] [INFO] Parsing sorry from JSON string...
[2026-01-12 17:49:53] [INFO] Sorry data parsed from JSON string
[2026-01-12 17:49:53] [INFO] Creating strategy from spec...
[2026-01-12 17:49:53] [INFO] Parsing strategy spec (length: 27 chars)
[2026-01-12 17:49:53] [INFO] Strategy name: rfl
[2026-01-12 17:49:53] [INFO] Strategy args: {}
[2026-01-12 17:49:53] [INFO] Pass@k value: 1
[2026-01-12 17:49:53] [INFO] Creating strategy: rfl
[2026-01-12 17:49:53] [INFO] Strategies created: ['RflStrategy']
[2026-01-12 17:49:53] [INFO] Pass@k value: 1
[2026-01-12 17:49:53] [INFO] Creating Sorry object...
[2026-01-12 17:49:53] [INFO] Sorry object created: id=d15323edc797dd8337d7b6c400b379f40c17233f2a9400bd169beea4e5fff959
[2026-01-12 17:49:53] [INFO] Sorry location: LeanCamCombi/Mathlib/Probability/Distributions/Bernoulli.lean:138
[2026-01-12 17:49:53] [INFO] Context before sorry (lines 133-138):
[2026-01-12 17:49:53] [INFO]   133:     iIndepFun (fun i ω ↦ i ∈ X ω) P := sorry
[2026-01-12 17:49:53] [INFO]   134: 
[2026-01-12 17:49:53] [INFO]   135: lemma IsBernoulliOn.sdiff (hX : IsBernoulliOn X u p P) :
[2026-01-12 17:49:53] [INFO]   136:     IsBernoulliOn (fun ω ↦ u \ X ω) u (σ p) P where
[2026-01-12 17:49:53] [INFO]   137:   map_eq := sorry
[2026-01-12 17:49:53] [INFO]   138:   aemeasurable := sorry
[2026-01-12 17:49:53] [INFO] Sorry line:   aemeasurable := sorry
[2026-01-12 17:49:53] [INFO] Sorry goal: ι : Type u_1
Ω : Type u_2
m : MeasurableSpace Ω
X : Ω → Set ι
u : Set ι
p : ↑unitInterval
P : Measur...
[2026-01-12 17:49:53] [INFO] ========================================
[2026-01-12 17:49:53] [INFO] Trying strategy: RflStrategy (up to 1 attempts)
[2026-01-12 17:49:53] [INFO] --------------------
[2026-01-12 17:49:53] [INFO] Strategy RflStrategy, attempt 1/1
[2026-01-12 17:49:53] [INFO] Starting proof generation...
[2026-01-12 17:49:53] [INFO] Repository path: /root/repo
[2026-01-12 17:49:53] [INFO] Proof generation completed
[2026-01-12 17:49:53] [INFO] Generated proof:
[2026-01-12 17:49:53] [INFO] rfl
[2026-01-12 17:49:53] [INFO] Proof length: 3 chars
[2026-01-12 17:49:53] [INFO] Starting proof verification...
[2026-01-12 17:49:53] [INFO] Verifying at: LeanCamCombi/Mathlib/Probability/Distributions/Bernoulli.lean:138
[2026-01-12 17:49:53] [INFO] Using LEAN INTERACT verify
[2026-01-12 17:49:53] [INFO] Checking file
[2026-01-12 17:50:40] [INFO] Cannot build modified file <error line="138" column="18">
<code_line>  aemeasurable := rfl</code_line>
<message>error: Type mismatch</message>
</error>
  rfl
has type
  ?m.21 = ?m.21
but is expected to have type
  AEMeasurable (fun ω => u \ X ω) P
[2026-01-12 17:50:40] [INFO] Proof verification completed
[2026-01-12 17:50:40] [INFO] Strategy RflStrategy attempt 1: verified=False
[2026-01-12 17:50:40] [INFO] Verification message: Cannot build modified file: <error line="138" column="18">
<code_line>  aemeasurable := rfl</code_line>
<message>error: Type mismatch</message>
</error>
  rfl
has type
  ?m.21 = ?m.21
but is expected to have type
  AEMeasurable (fun ω => u \ X ω) P

[2026-01-12 17:50:40] [INFO] Attempt 1 failed verification, continuing...
[2026-01-12 17:50:40] [INFO] ========================================
[2026-01-12 17:50:40] [INFO] Pass@k completed. Total results: 1
[2026-01-12 17:50:40] [INFO] FAILED: All 1 strategies x 1 attempts
[2026-01-12 17:50:40] [INFO] Writing results to file: /root/repo/result.json
[2026-01-12 17:50:40] [INFO] Result file written successfully
[2026-01-12 17:50:40] [INFO] Results exported to: /root/repo/result.json
[2026-01-12 17:50:40] [INFO] run_morphcloud_local.py completed successfully

[2026-01-12 17:50:42] [process_single_sorry] Downloading result file...
[2026-01-12 17:50:44] [process_single_sorry] Downloaded result to intermediate_experiment_outputs_full_reservoir_3_months/rfl/2026-01-12_15-54-17_rfl/individual/d15323edc797dd8337d7b6c400b379f40c17233f2a9400bd169beea4e5fff959.json
[2026-01-12 17:50:47] [process_single_sorry] Instance context closed successfully
[2026-01-12 17:50:47] [process_single_sorry] Parsing result file...
[2026-01-12 17:50:47] [process_single_sorry] Successfully parsed result (list format, 1 results)
