[2026-01-12 18:34:50] [process_single_sorry] Starting for sorry d7eee5c1d845f9d69d959b50c68470880820ef91665e336f30a84cf523771419
[2026-01-12 18:34:50] [process_single_sorry] Using snapshot: snapshot_iyr4mfj4
[2026-01-12 18:34:50] [process_single_sorry] Repository: https://github.com/kbuzzard/ClassFieldTheory@d5afa813a4bb4d159ffeaf468f2b6a6821ed3827
[2026-01-12 18:34:50] [process_single_sorry] Instance name: ClassFieldTheory_d5afa813a4bb_rfl_d7eee5c1d845f9d69d959b50c68470880820ef91665e336f30a84cf523771419
[2026-01-12 18:34:50] [process_single_sorry] Starting attempt 1/3
[2026-01-12 18:34:50] [process_single_sorry] Starting instance from snapshot...
[2026-01-12 18:34:55] [process_single_sorry] Instance started successfully: morphvm_mbn5ipud
[2026-01-12 18:34:55] [process_single_sorry] Creating .env file...
[2026-01-12 18:35:03] [process_single_sorry] .env file created (exit_code: 0)
[2026-01-12 18:35:03] [process_single_sorry] Executing agent command...
[2026-01-12 18:37:30] [process_single_sorry] Agent command completed (exit_code: 0)
[2026-01-12 18:37:30] [process_single_sorry] STDOUT:

Results JSON:
[
  {
    "sorry": {
      "repo": {
        "remote": "https://github.com/kbuzzard/ClassFieldTheory",
        "branch": "kbuzzard-bump",
        "commit": "d5afa813a4bb4d159ffeaf468f2b6a6821ed3827",
        "lean_version": "v4.26.0-rc2"
      },
      "location": {
        "path": "ClassFieldTheory/IsNonarchimedeanLocalField/ValuationExactSequence.lean",
        "start_line": 54,
        "start_column": 10,
        "end_line": 54,
        "end_column": 15
      },
      "debug_info": {
        "goal": "G K L : Type\ninst✝¹¹ : Group G\ninst✝¹⁰ : Finite G\ninst✝⁹ : CommRing K\ninst✝⁸ : ValuativeRel K\ninst✝⁷ : Field L\ninst✝⁶ : ValuativeRel L\ninst✝⁵ : TopologicalSpace L\ninst✝⁴ : IsNonarchimedeanLocalField L\ninst✝³ : MulSemiringAction G L\ninst✝² : Algebra K L\ninst✝¹ : ValuativeExtension K L\ninst✝ : IsGaloisGroup G K L\n⊢ CategoryStruct.comp { hom := ModuleCat.ofHom (ker_v L).toIntLinearMap, comm := ⋯ }\n      { hom := ModuleCat.ofHom (v L).toIntLinearMap, comm := ⋯ } =\n    0",
        "url": "https://github.com/kbuzzard/ClassFieldTheory/blob/d5afa813a4bb4d159ffeaf468f2b6a6821ed3827/ClassFieldTheory/IsNonarchimedeanLocalField/ValuationExactSequence.lean#L54"
      },
      "metadata": {
        "blame_email_hash": "c7989443bd81",
        "blame_date": "2025-11-14T14:32:37+00:00",
        "inclusion_date": "2026-01-10T07:14:41.703639+00:00"
      },
      "id": "d7eee5c1d845f9d69d959b50c68470880820ef91665e336f30a84cf523771419"
    },
    "proof": null,
    "proof_verified": false,
    "feedback": null,
    "verification_message": "All 1 attempts failed (1 strategies x 1 attempts each)",
    "success": true,
    "error_type": null,
    "error_message": null,
    "strategy_name": "all_failed_k=1",
    "proof_attempts": [
      "rfl"
    ]
  }
]

[2026-01-12 18:37:30] [process_single_sorry] STDERR:
None of PyTorch, TensorFlow >= 2.0, or Flax have been found. Models won't be available and only tokenizers, configuration and file/data utilities can be used.
[2026-01-12 18:35:37] [INFO] ================================================================================
[2026-01-12 18:35:37] [INFO] Starting run_morphcloud_local.py
[2026-01-12 18:35:37] [INFO] ================================================================================
[2026-01-12 18:35:37] [INFO] Environment loaded
[2026-01-12 18:35:37] [INFO] Full command: /root/SorryDB/sorrydb/cli/run_morphcloud_local.py --repo-path /root/repo --sorry-json {"repo": {"remote": "https://github.com/kbuzzard/ClassFieldTheory", "branch": "kbuzzard-bump", "commit": "d5afa813a4bb4d159ffeaf468f2b6a6821ed3827", "lean_version": "v4.26.0-rc2"}, "location": {"path": "ClassFieldTheory/IsNonarchimedeanLocalField/ValuationExactSequence.lean", "start_line": 54, "start_column": 10, "end_line": 54, "end_column": 15}, "debug_info": {"goal": "G K L : Type\ninst\u271d\u00b9\u00b9 : Group G\ninst\u271d\u00b9\u2070 : Finite G\ninst\u271d\u2079 : CommRing K\ninst\u271d\u2078 : ValuativeRel K\ninst\u271d\u2077 : Field L\ninst\u271d\u2076 : ValuativeRel L\ninst\u271d\u2075 : TopologicalSpace L\ninst\u271d\u2074 : IsNonarchimedeanLocalField L\ninst\u271d\u00b3 : MulSemiringAction G L\ninst\u271d\u00b2 : Algebra K L\ninst\u271d\u00b9 : ValuativeExtension K L\ninst\u271d : IsGaloisGroup G K L\n\u22a2 CategoryStruct.comp { hom := ModuleCat.ofHom (ker_v L).toIntLinearMap, comm := \u22ef }\n      { hom := ModuleCat.ofHom (v L).toIntLinearMap, comm := \u22ef } =\n    0", "url": "https://github.com/kbuzzard/ClassFieldTheory/blob/d5afa813a4bb4d159ffeaf468f2b6a6821ed3827/ClassFieldTheory/IsNonarchimedeanLocalField/ValuationExactSequence.lean#L54"}, "metadata": {"blame_email_hash": "c7989443bd81", "blame_date": "2025-11-14T14:32:37+00:00", "inclusion_date": "2026-01-10T07:14:41.703639+00:00"}, "id": "d7eee5c1d845f9d69d959b50c68470880820ef91665e336f30a84cf523771419"} --agent-strategy {"name": "rfl", "args": {}}
[2026-01-12 18:35:37] [INFO] Arguments parsed: repo_path=/root/repo, output_path=/root/repo/result.json
[2026-01-12 18:35:37] [INFO] Strategy spec: {"name": "rfl", "args": {}}...
[2026-01-12 18:35:37] [INFO] Loading sorry data...
[2026-01-12 18:35:37] [INFO] Parsing sorry from JSON string...
[2026-01-12 18:35:37] [INFO] Sorry data parsed from JSON string
[2026-01-12 18:35:37] [INFO] Creating strategy from spec...
[2026-01-12 18:35:37] [INFO] Parsing strategy spec (length: 27 chars)
[2026-01-12 18:35:37] [INFO] Strategy name: rfl
[2026-01-12 18:35:37] [INFO] Strategy args: {}
[2026-01-12 18:35:37] [INFO] Pass@k value: 1
[2026-01-12 18:35:37] [INFO] Creating strategy: rfl
[2026-01-12 18:35:37] [INFO] Strategies created: ['RflStrategy']
[2026-01-12 18:35:37] [INFO] Pass@k value: 1
[2026-01-12 18:35:37] [INFO] Creating Sorry object...
[2026-01-12 18:35:37] [INFO] Sorry object created: id=d7eee5c1d845f9d69d959b50c68470880820ef91665e336f30a84cf523771419
[2026-01-12 18:35:37] [INFO] Sorry location: ClassFieldTheory/IsNonarchimedeanLocalField/ValuationExactSequence.lean:54
[2026-01-12 18:35:37] [INFO] Context before sorry (lines 49-54):
[2026-01-12 18:35:37] [INFO]   49:       ext (u : Additive Lˣ)
[2026-01-12 18:35:37] [INFO]   50:       obtain ⟨u, rfl⟩ := Additive.ofMul.surjective u
[2026-01-12 18:35:37] [INFO]   51:       -- should follow from `valuation_ringEquiv`
[2026-01-12 18:35:37] [INFO]   52:       sorry
[2026-01-12 18:35:37] [INFO]   53:   }
[2026-01-12 18:35:37] [INFO]   54:   zero := sorry -- v(𝒪[L]ˣ) = 0, follows from (easy direction of) ker_v_ker in
[2026-01-12 18:35:37] [INFO] Sorry line:   zero := sorry -- v(𝒪[L]ˣ) = 0, follows from (easy direction of) ker_v_ker in
[2026-01-12 18:35:37] [INFO] Sorry goal: G K L : Type
inst✝¹¹ : Group G
inst✝¹⁰ : Finite G
inst✝⁹ : CommRing K
inst✝⁸ : ValuativeRel K
inst✝⁷...
[2026-01-12 18:35:37] [INFO] ========================================
[2026-01-12 18:35:37] [INFO] Trying strategy: RflStrategy (up to 1 attempts)
[2026-01-12 18:35:37] [INFO] --------------------
[2026-01-12 18:35:37] [INFO] Strategy RflStrategy, attempt 1/1
[2026-01-12 18:35:37] [INFO] Starting proof generation...
[2026-01-12 18:35:37] [INFO] Repository path: /root/repo
[2026-01-12 18:35:37] [INFO] Proof generation completed
[2026-01-12 18:35:37] [INFO] Generated proof:
[2026-01-12 18:35:37] [INFO] rfl
[2026-01-12 18:35:37] [INFO] Proof length: 3 chars
[2026-01-12 18:35:37] [INFO] Starting proof verification...
[2026-01-12 18:35:37] [INFO] Verifying at: ClassFieldTheory/IsNonarchimedeanLocalField/ValuationExactSequence.lean:54
[2026-01-12 18:35:37] [INFO] Using LEAN INTERACT verify
[2026-01-12 18:35:37] [INFO] Checking file
[2026-01-12 18:37:28] [INFO] Cannot build modified file <error line="54" column="10">
<code_line>  zero := rfl -- v(𝒪[L]ˣ) = 0, follows from (easy direction of) ker_v_ker in</code_line>
<message>error: Type mismatch</message>
</error>
  rfl
has type
  ?m.104 = ?m.104
but is expected to have type
  { hom := ModuleCat.ofHom (ker_v L).toIntLinearMap, comm := ⋯ } ≫
      { hom := ModuleCat.ofHom (v L).toIntLinearMap, comm := ⋯ } =
    0
[2026-01-12 18:37:28] [INFO] Proof verification completed
[2026-01-12 18:37:28] [INFO] Strategy RflStrategy attempt 1: verified=False
[2026-01-12 18:37:28] [INFO] Verification message: Cannot build modified file: <error line="54" column="10">
<code_line>  zero := rfl -- v(𝒪[L]ˣ) = 0, follows from (easy direction of) ker_v_ker in</code_line>
<message>error: Type mismatch</message>
</error>
  rfl
has type
  ?m.104 = ?m.104
but is expected to have type
  { hom := ModuleCat.ofHom (ker_v L).toIntLinearMap, comm := ⋯ } ≫
      { hom := ModuleCat.ofHom (v L).toIntLinearMap, comm := ⋯ } =
    0

[2026-01-12 18:37:28] [INFO] Attempt 1 failed verification, continuing...
[2026-01-12 18:37:28] [INFO] ========================================
[2026-01-12 18:37:28] [INFO] Pass@k completed. Total results: 1
[2026-01-12 18:37:28] [INFO] FAILED: All 1 strategies x 1 attempts
[2026-01-12 18:37:28] [INFO] Writing results to file: /root/repo/result.json
[2026-01-12 18:37:28] [INFO] Result file written successfully
[2026-01-12 18:37:28] [INFO] Results exported to: /root/repo/result.json
[2026-01-12 18:37:28] [INFO] run_morphcloud_local.py completed successfully

[2026-01-12 18:37:30] [process_single_sorry] Downloading result file...
[2026-01-12 18:37:37] [process_single_sorry] Downloaded result to intermediate_experiment_outputs_full_reservoir_3_months/rfl/2026-01-12_15-54-17_rfl/individual/d7eee5c1d845f9d69d959b50c68470880820ef91665e336f30a84cf523771419.json
[2026-01-12 18:37:40] [process_single_sorry] Instance context closed successfully
[2026-01-12 18:37:40] [process_single_sorry] Parsing result file...
[2026-01-12 18:37:40] [process_single_sorry] Successfully parsed result (list format, 1 results)
