[2026-01-12 17:47:50] [process_single_sorry] Starting for sorry dbe51996ca5c6b6785f94f3c3c68a1bbcc80dd77e6b466a124b781971aca383f
[2026-01-12 17:47:50] [process_single_sorry] Using snapshot: snapshot_ojl2eu0g
[2026-01-12 17:47:50] [process_single_sorry] Repository: https://github.com/leanprover-community/mathlib4@3553b46195d3457be68d016ea3b14b2aab5e53ad
[2026-01-12 17:47:50] [process_single_sorry] Instance name: mathlib4_3553b46195d3_rfl_dbe51996ca5c6b6785f94f3c3c68a1bbcc80dd77e6b466a124b781971aca383f
[2026-01-12 17:47:50] [process_single_sorry] Starting attempt 1/3
[2026-01-12 17:47:50] [process_single_sorry] Starting instance from snapshot...
[2026-01-12 17:47:53] [process_single_sorry] Instance started successfully: morphvm_l9i4drsc
[2026-01-12 17:47:53] [process_single_sorry] Creating .env file...
[2026-01-12 17:48:02] [process_single_sorry] .env file created (exit_code: 0)
[2026-01-12 17:48:02] [process_single_sorry] Executing agent command...
[2026-01-12 17:50:15] [process_single_sorry] Agent command completed (exit_code: 0)
[2026-01-12 17:50:15] [process_single_sorry] STDOUT:

Results JSON:
[
  {
    "sorry": {
      "repo": {
        "remote": "https://github.com/leanprover-community/mathlib4",
        "branch": "MR_fae_WeakDeriv",
        "commit": "3553b46195d3457be68d016ea3b14b2aab5e53ad",
        "lean_version": "v4.27.0-rc1"
      },
      "location": {
        "path": "Mathlib/Analysis/Distribution/Distribution.lean",
        "start_line": 356,
        "start_column": 61,
        "end_line": 356,
        "end_column": 66
      },
      "debug_info": {
        "goal": "E : Type u_1\ninstãô¿ôý : NormedAddCommGroup E\ninstãô¿ô¿ : NormedSpace ã E\nöˋ : Opens E\nF : Type u_2\ninstãô¿ã¯ : AddCommGroup F\ninstãã¿ : Module ã F\ninstãã¡ : TopologicalSpace F\nF' : Type u_3\ninstããñ : AddCommGroup F'\ninstããÑ : Module ã F'\ninstããç : TopologicalSpace F'\nn k : ãã\ninstããÇ : IsTopologicalAddGroup F\ninstãô° : ContinuousSMul ã F\ninstãôý : IsTopologicalAddGroup F'\ninstãô¿ : ContinuousSMul ã F'\ninstã : FiniteDimensional ã E\nT : @Distribution E instãô¿ôý instãô¿ô¿ öˋ F instãô¿ã¯ instãã¿ instãã¡ ãÊ\nf : TestFunction öˋ ã ãÊ\nthis : FiniteDimensional ã E\nãÂ Continuous fun v =>\n    (@DFunLike.coe\n        (@Distribution E instãô¿ôý instãô¿ô¿ öˋ F instãô¿ã¯ instãã¿ instãã¡ ãÊ ãL[ã]\n          @Distribution E instãô¿ôý instãô¿ô¿ öˋ F instãô¿ã¯ instãã¿ instãã¡ ãÊ)\n        (@Distribution E instãô¿ôý instãô¿ô¿ öˋ F instãô¿ã¯ instãã¿ instãã¡ ãÊ)\n        (fun x => @Distribution E instãô¿ôý instãô¿ô¿ öˋ F instãô¿ã¯ instãã¿ instãã¡ ãÊ) ContinuousLinearMap.funLike\n        (@Distribution.lineDerivCLM E instãô¿ôý instãô¿ô¿ öˋ F instãô¿ã¯ instãã¿ instãã¡ instããÇ instãô° v) T)\n      f",
        "url": "https://github.com/leanprover-community/mathlib4/blob/3553b46195d3457be68d016ea3b14b2aab5e53ad/Mathlib/Analysis/Distribution/Distribution.lean#L356"
      },
      "metadata": {
        "blame_email_hash": "0a3759cf16cc",
        "blame_date": "2025-12-10T18:42:45+01:00",
        "inclusion_date": "2026-01-10T16:31:03.661625+00:00"
      },
      "id": "dbe51996ca5c6b6785f94f3c3c68a1bbcc80dd77e6b466a124b781971aca383f"
    },
    "proof": null,
    "proof_verified": false,
    "feedback": null,
    "verification_message": "All 1 attempts failed (1 strategies x 1 attempts each)",
    "success": true,
    "error_type": null,
    "error_message": null,
    "strategy_name": "all_failed_k=1",
    "proof_attempts": [
      "rfl"
    ]
  }
]

[2026-01-12 17:50:15] [process_single_sorry] STDERR:
None of PyTorch, TensorFlow >= 2.0, or Flax have been found. Models won't be available and only tokenizers, configuration and file/data utilities can be used.
[2026-01-12 17:48:36] [INFO] ================================================================================
[2026-01-12 17:48:36] [INFO] Starting run_morphcloud_local.py
[2026-01-12 17:48:36] [INFO] ================================================================================
[2026-01-12 17:48:36] [INFO] Environment loaded
[2026-01-12 17:48:36] [INFO] Full command: /root/SorryDB/sorrydb/cli/run_morphcloud_local.py --repo-path /root/repo --sorry-json {"repo": {"remote": "https://github.com/leanprover-community/mathlib4", "branch": "MR_fae_WeakDeriv", "commit": "3553b46195d3457be68d016ea3b14b2aab5e53ad", "lean_version": "v4.27.0-rc1"}, "location": {"path": "Mathlib/Analysis/Distribution/Distribution.lean", "start_line": 356, "start_column": 61, "end_line": 356, "end_column": 66}, "debug_info": {"goal": "E : Type u_1\ninst\u271d\u00b9\u00b2 : NormedAddCommGroup E\ninst\u271d\u00b9\u00b9 : NormedSpace \u211d E\n\u03a9 : Opens E\nF : Type u_2\ninst\u271d\u00b9\u2070 : AddCommGroup F\ninst\u271d\u2079 : Module \u211d F\ninst\u271d\u2078 : TopologicalSpace F\nF' : Type u_3\ninst\u271d\u2077 : AddCommGroup F'\ninst\u271d\u2076 : Module \u211d F'\ninst\u271d\u2075 : TopologicalSpace F'\nn k : \u2115\u221e\ninst\u271d\u2074 : IsTopologicalAddGroup F\ninst\u271d\u00b3 : ContinuousSMul \u211d F\ninst\u271d\u00b2 : IsTopologicalAddGroup F'\ninst\u271d\u00b9 : ContinuousSMul \u211d F'\ninst\u271d : FiniteDimensional \u211d E\nT : @Distribution E inst\u271d\u00b9\u00b2 inst\u271d\u00b9\u00b9 \u03a9 F inst\u271d\u00b9\u2070 inst\u271d\u2079 inst\u271d\u2078 \u22a4\nf : TestFunction \u03a9 \u211d \u22a4\nthis : FiniteDimensional \u211d E\n\u22a2 Continuous fun v =>\n    (@DFunLike.coe\n        (@Distribution E inst\u271d\u00b9\u00b2 inst\u271d\u00b9\u00b9 \u03a9 F inst\u271d\u00b9\u2070 inst\u271d\u2079 inst\u271d\u2078 \u22a4 \u2192L[\u211d]\n          @Distribution E inst\u271d\u00b9\u00b2 inst\u271d\u00b9\u00b9 \u03a9 F inst\u271d\u00b9\u2070 inst\u271d\u2079 inst\u271d\u2078 \u22a4)\n        (@Distribution E inst\u271d\u00b9\u00b2 inst\u271d\u00b9\u00b9 \u03a9 F inst\u271d\u00b9\u2070 inst\u271d\u2079 inst\u271d\u2078 \u22a4)\n        (fun x => @Distribution E inst\u271d\u00b9\u00b2 inst\u271d\u00b9\u00b9 \u03a9 F inst\u271d\u00b9\u2070 inst\u271d\u2079 inst\u271d\u2078 \u22a4) ContinuousLinearMap.funLike\n        (@Distribution.lineDerivCLM E inst\u271d\u00b9\u00b2 inst\u271d\u00b9\u00b9 \u03a9 F inst\u271d\u00b9\u2070 inst\u271d\u2079 inst\u271d\u2078 inst\u271d\u2074 inst\u271d\u00b3 v) T)\n      f", "url": "https://github.com/leanprover-community/mathlib4/blob/3553b46195d3457be68d016ea3b14b2aab5e53ad/Mathlib/Analysis/Distribution/Distribution.lean#L356"}, "metadata": {"blame_email_hash": "0a3759cf16cc", "blame_date": "2025-12-10T18:42:45+01:00", "inclusion_date": "2026-01-10T16:31:03.661625+00:00"}, "id": "dbe51996ca5c6b6785f94f3c3c68a1bbcc80dd77e6b466a124b781971aca383f"} --agent-strategy {"name": "rfl", "args": {}}
[2026-01-12 17:48:36] [INFO] Arguments parsed: repo_path=/root/repo, output_path=/root/repo/result.json
[2026-01-12 17:48:36] [INFO] Strategy spec: {"name": "rfl", "args": {}}...
[2026-01-12 17:48:36] [INFO] Loading sorry data...
[2026-01-12 17:48:36] [INFO] Parsing sorry from JSON string...
[2026-01-12 17:48:36] [INFO] Sorry data parsed from JSON string
[2026-01-12 17:48:36] [INFO] Creating strategy from spec...
[2026-01-12 17:48:36] [INFO] Parsing strategy spec (length: 27 chars)
[2026-01-12 17:48:36] [INFO] Strategy name: rfl
[2026-01-12 17:48:36] [INFO] Strategy args: {}
[2026-01-12 17:48:36] [INFO] Pass@k value: 1
[2026-01-12 17:48:36] [INFO] Creating strategy: rfl
[2026-01-12 17:48:36] [INFO] Strategies created: ['RflStrategy']
[2026-01-12 17:48:36] [INFO] Pass@k value: 1
[2026-01-12 17:48:36] [INFO] Creating Sorry object...
[2026-01-12 17:48:36] [INFO] Sorry object created: id=dbe51996ca5c6b6785f94f3c3c68a1bbcc80dd77e6b466a124b781971aca383f
[2026-01-12 17:48:36] [INFO] Sorry location: Mathlib/Analysis/Distribution/Distribution.lean:356
[2026-01-12 17:48:36] [INFO] Context before sorry (lines 351-356):
[2026-01-12 17:48:36] [INFO]   351:   toFun T :=
[2026-01-12 17:48:36] [INFO]   352:   { toFun f :=
[2026-01-12 17:48:36] [INFO]   353:     { toFun v := lineDerivCLM v T f
[2026-01-12 17:48:36] [INFO]   354:       map_add' := sorry
[2026-01-12 17:48:36] [INFO]   355:       map_smul' := sorry
[2026-01-12 17:48:36] [INFO]   356:       cont := have : FiniteDimensional ã E := inferInstance; sorry }
[2026-01-12 17:48:36] [INFO] Sorry line:       cont := have : FiniteDimensional ã E := inferInstance; sorry }
[2026-01-12 17:48:36] [INFO] Sorry goal: E : Type u_1
instãô¿ôý : NormedAddCommGroup E
instãô¿ô¿ : NormedSpace ã E
öˋ : Opens E
F : Type u_2
instã...
[2026-01-12 17:48:36] [INFO] ========================================
[2026-01-12 17:48:36] [INFO] Trying strategy: RflStrategy (up to 1 attempts)
[2026-01-12 17:48:36] [INFO] --------------------
[2026-01-12 17:48:36] [INFO] Strategy RflStrategy, attempt 1/1
[2026-01-12 17:48:36] [INFO] Starting proof generation...
[2026-01-12 17:48:36] [INFO] Repository path: /root/repo
[2026-01-12 17:48:36] [INFO] Proof generation completed
[2026-01-12 17:48:36] [INFO] Generated proof:
[2026-01-12 17:48:36] [INFO] rfl
[2026-01-12 17:48:36] [INFO] Proof length: 3 chars
[2026-01-12 17:48:36] [INFO] Starting proof verification...
[2026-01-12 17:48:36] [INFO] Verifying at: Mathlib/Analysis/Distribution/Distribution.lean:356
[2026-01-12 17:48:36] [INFO] Using LEAN INTERACT verify
[2026-01-12 17:48:36] [INFO] Checking file
[2026-01-12 17:50:12] [INFO] Cannot build modified file <error line="356" column="61">
<code_line>      cont := have : FiniteDimensional ã E := inferInstance; rfl }</code_line>
<message>error: Type mismatch</message>
</error>
  rfl
has type
  ?m.119 = ?m.119
but is expected to have type
  Continuous fun v => ((lineDerivCLM v) T) f
[2026-01-12 17:50:12] [INFO] Proof verification completed
[2026-01-12 17:50:12] [INFO] Strategy RflStrategy attempt 1: verified=False
[2026-01-12 17:50:12] [INFO] Verification message: Cannot build modified file: <error line="356" column="61">
<code_line>      cont := have : FiniteDimensional ã E := inferInstance; rfl }</code_line>
<message>error: Type mismatch</message>
</error>
  rfl
has type
  ?m.119 = ?m.119
but is expected to have type
  Continuous fun v => ((lineDerivCLM v) T) f

[2026-01-12 17:50:12] [INFO] Attempt 1 failed verification, continuing...
[2026-01-12 17:50:12] [INFO] ========================================
[2026-01-12 17:50:12] [INFO] Pass@k completed. Total results: 1
[2026-01-12 17:50:12] [INFO] FAILED: All 1 strategies x 1 attempts
[2026-01-12 17:50:12] [INFO] Writing results to file: /root/repo/result.json
[2026-01-12 17:50:12] [INFO] Result file written successfully
[2026-01-12 17:50:12] [INFO] Results exported to: /root/repo/result.json
[2026-01-12 17:50:12] [INFO] run_morphcloud_local.py completed successfully

[2026-01-12 17:50:15] [process_single_sorry] Downloading result file...
[2026-01-12 17:50:18] [process_single_sorry] Downloaded result to intermediate_experiment_outputs_full_reservoir_3_months/rfl/2026-01-12_15-54-17_rfl/individual/dbe51996ca5c6b6785f94f3c3c68a1bbcc80dd77e6b466a124b781971aca383f.json
[2026-01-12 17:50:21] [process_single_sorry] Instance context closed successfully
[2026-01-12 17:50:21] [process_single_sorry] Parsing result file...
[2026-01-12 17:50:21] [process_single_sorry] Successfully parsed result (list format, 1 results)
