[2026-01-12 18:28:41] [process_single_sorry] Starting for sorry f04d97e3e2005d44038828750c84dfa82f71e47811d3275146b494495fe23bad
[2026-01-12 18:28:41] [process_single_sorry] Using snapshot: snapshot_xvqsob4f
[2026-01-12 18:28:41] [process_single_sorry] Repository: https://github.com/siddhartha-gadgil/LeanLion@56951aea7f2dbbb5c6826b81b329dae4586f4244
[2026-01-12 18:28:41] [process_single_sorry] Instance name: LeanLion_56951aea7f2d_rfl_f04d97e3e2005d44038828750c84dfa82f71e47811d3275146b494495fe23bad
[2026-01-12 18:28:41] [process_single_sorry] Starting attempt 1/3
[2026-01-12 18:28:41] [process_single_sorry] Starting instance from snapshot...
[2026-01-12 18:28:44] [process_single_sorry] Instance started successfully: morphvm_vbojvgkq
[2026-01-12 18:28:44] [process_single_sorry] Creating .env file...
[2026-01-12 18:28:53] [process_single_sorry] .env file created (exit_code: 0)
[2026-01-12 18:28:53] [process_single_sorry] Executing agent command...
[2026-01-12 18:30:19] [process_single_sorry] Agent command completed (exit_code: 0)
[2026-01-12 18:30:19] [process_single_sorry] STDOUT:

Results JSON:
[
  {
    "sorry": {
      "repo": {
        "remote": "https://github.com/siddhartha-gadgil/LeanLion",
        "branch": "main",
        "commit": "56951aea7f2dbbb5c6826b81b329dae4586f4244",
        "lean_version": "v4.22.0"
      },
      "location": {
        "path": "LeanLion/MetaExamples.lean",
        "start_line": 31,
        "start_column": 2,
        "end_line": 31,
        "end_column": 7
      },
      "debug_info": {
        "goal": "a b : String\n⊢ a + b = a + b",
        "url": "https://github.com/siddhartha-gadgil/LeanLion/blob/56951aea7f2dbbb5c6826b81b329dae4586f4244/LeanLion/MetaExamples.lean#L31"
      },
      "metadata": {
        "blame_email_hash": "7b8d77610b35",
        "blame_date": "2024-04-24T05:07:11+05:30",
        "inclusion_date": "2026-01-11T02:40:23.242378+00:00"
      },
      "id": "f04d97e3e2005d44038828750c84dfa82f71e47811d3275146b494495fe23bad"
    },
    "proof": null,
    "proof_verified": false,
    "feedback": null,
    "verification_message": "All 1 attempts failed (1 strategies x 1 attempts each)",
    "success": true,
    "error_type": null,
    "error_message": null,
    "strategy_name": "all_failed_k=1",
    "proof_attempts": [
      "rfl"
    ]
  }
]

[2026-01-12 18:30:19] [process_single_sorry] STDERR:
None of PyTorch, TensorFlow >= 2.0, or Flax have been found. Models won't be available and only tokenizers, configuration and file/data utilities can be used.
[2026-01-12 18:29:26] [INFO] ================================================================================
[2026-01-12 18:29:26] [INFO] Starting run_morphcloud_local.py
[2026-01-12 18:29:26] [INFO] ================================================================================
[2026-01-12 18:29:26] [INFO] Environment loaded
[2026-01-12 18:29:26] [INFO] Full command: /root/SorryDB/sorrydb/cli/run_morphcloud_local.py --repo-path /root/repo --sorry-json {"repo": {"remote": "https://github.com/siddhartha-gadgil/LeanLion", "branch": "main", "commit": "56951aea7f2dbbb5c6826b81b329dae4586f4244", "lean_version": "v4.22.0"}, "location": {"path": "LeanLion/MetaExamples.lean", "start_line": 31, "start_column": 2, "end_line": 31, "end_column": 7}, "debug_info": {"goal": "a b : String\n\u22a2 a + b = a + b", "url": "https://github.com/siddhartha-gadgil/LeanLion/blob/56951aea7f2dbbb5c6826b81b329dae4586f4244/LeanLion/MetaExamples.lean#L31"}, "metadata": {"blame_email_hash": "7b8d77610b35", "blame_date": "2024-04-24T05:07:11+05:30", "inclusion_date": "2026-01-11T02:40:23.242378+00:00"}, "id": "f04d97e3e2005d44038828750c84dfa82f71e47811d3275146b494495fe23bad"} --agent-strategy {"name": "rfl", "args": {}}
[2026-01-12 18:29:26] [INFO] Arguments parsed: repo_path=/root/repo, output_path=/root/repo/result.json
[2026-01-12 18:29:26] [INFO] Strategy spec: {"name": "rfl", "args": {}}...
[2026-01-12 18:29:26] [INFO] Loading sorry data...
[2026-01-12 18:29:26] [INFO] Parsing sorry from JSON string...
[2026-01-12 18:29:26] [INFO] Sorry data parsed from JSON string
[2026-01-12 18:29:26] [INFO] Creating strategy from spec...
[2026-01-12 18:29:26] [INFO] Parsing strategy spec (length: 27 chars)
[2026-01-12 18:29:26] [INFO] Strategy name: rfl
[2026-01-12 18:29:26] [INFO] Strategy args: {}
[2026-01-12 18:29:26] [INFO] Pass@k value: 1
[2026-01-12 18:29:26] [INFO] Creating strategy: rfl
[2026-01-12 18:29:26] [INFO] Strategies created: ['RflStrategy']
[2026-01-12 18:29:26] [INFO] Pass@k value: 1
[2026-01-12 18:29:26] [INFO] Creating Sorry object...
[2026-01-12 18:29:26] [INFO] Sorry object created: id=f04d97e3e2005d44038828750c84dfa82f71e47811d3275146b494495fe23bad
[2026-01-12 18:29:26] [INFO] Sorry location: LeanLion/MetaExamples.lean:31
[2026-01-12 18:29:26] [INFO] Context before sorry (lines 26-31):
[2026-01-12 18:29:26] [INFO]   26: 
[2026-01-12 18:29:26] [INFO]   27: 
[2026-01-12 18:29:26] [INFO]   28: example (a b  : String) : collapse' a b = collapse a b := by
[2026-01-12 18:29:26] [INFO]   29:   unfold collapse collapse'
[2026-01-12 18:29:26] [INFO]   30:   -- rfl
[2026-01-12 18:29:26] [INFO]   31:   sorry
[2026-01-12 18:29:26] [INFO] Sorry line:   sorry
[2026-01-12 18:29:26] [INFO] Sorry goal: a b : String
⊢ a + b = a + b...
[2026-01-12 18:29:26] [INFO] ========================================
[2026-01-12 18:29:26] [INFO] Trying strategy: RflStrategy (up to 1 attempts)
[2026-01-12 18:29:26] [INFO] --------------------
[2026-01-12 18:29:26] [INFO] Strategy RflStrategy, attempt 1/1
[2026-01-12 18:29:26] [INFO] Starting proof generation...
[2026-01-12 18:29:26] [INFO] Repository path: /root/repo
[2026-01-12 18:29:26] [INFO] Proof generation completed
[2026-01-12 18:29:26] [INFO] Generated proof:
[2026-01-12 18:29:26] [INFO] rfl
[2026-01-12 18:29:26] [INFO] Proof length: 3 chars
[2026-01-12 18:29:26] [INFO] Starting proof verification...
[2026-01-12 18:29:26] [INFO] Verifying at: LeanLion/MetaExamples.lean:31
[2026-01-12 18:29:26] [INFO] Using LEAN INTERACT verify
[2026-01-12 18:29:26] [INFO] Checking file
[2026-01-12 18:30:17] [INFO] Cannot build modified file <error line="31" column="2">
<code_line>  rfl</code_line>
<message>error: tactic 'rfl' failed, the left-hand side</message>
</error>
  @HAdd.hAdd String String String Collapse' a b
is not definitionally equal to the right-hand side
  @HAdd.hAdd String String String Collapse a b
a b : String
⊢ a + b = a + b
true
false
false
["Nat", "@HMul.hMul", "@instHMul", "instMulNat", "@HAdd.hAdd", "@instHAdd", "instAddNat", "@OfNat.ofNat", "1", "3"]
Lean.findDocString? (env : Environment) (declName : Name) (includeBuiltin : Bool := true) : IO (Option String)
Lean.Environment.constants (env : Environment) : ConstMap
@[reducible] def Lean.ConstMap : Type :=
SMap Name ConstantInfo
Lean.SMap.map₁.{u, v} {α : Type u} {β : Type v} [BEq α] [Hashable α] (self : SMap α β) : Std.HashMap α β
some
  "Applies a function that returns an `Option` to each element of a list, collecting the non-`none`\nvalues.\n\n`O(|l|)`.\n\nExample:\n```lean example\n#eval [1, 2, 5, 2, 7, 7].filterMap fun x =>\n  if x > 2 then some (2 * x) else none\n```\n```output\n[10, 14, 14]\n```\n"
failed to pretty print expression (use 'set_option pp.rawOnError true' for raw representation)
[`Lean.Expr.bvar, `Lean.Expr.fvar, `Lean.Expr.mvar, `Lean.Expr.sort, `Lean.Expr.const, `Lean.Expr.app, `Lean.Expr.lam,
  `Lean.Expr.forallE, `Lean.Expr.letE, `Lean.Expr.lit, `Lean.Expr.mdata, `Lean.Expr.proj]
[`Lean.ConstantInfo.axiomInfo, `Lean.ConstantInfo.defnInfo, `Lean.ConstantInfo.thmInfo, `Lean.ConstantInfo.opaqueInfo,
  `Lean.ConstantInfo.quotInfo, `Lean.ConstantInfo.inductInfo, `Lean.ConstantInfo.ctorInfo, `Lean.ConstantInfo.recInfo]
Lean.ConstantInfo.rec.{u} {motive : ConstantInfo → Sort u}
  (axiomInfo : (val : AxiomVal) → motive (ConstantInfo.axiomInfo val))
  (defnInfo : (val : DefinitionVal) → motive (ConstantInfo.defnInfo val))
  (thmInfo : (val : TheoremVal) → motive (ConstantInfo.thmInfo val))
  (opaqueInfo : (val : OpaqueVal) → motive (ConstantInfo.opaqueInfo val))
  (quotInfo : (val : QuotVal) → motive (ConstantInfo.quotInfo val))
  (inductInfo : (val : InductiveVal) → motive (ConstantInfo.inductInfo val))
  (ctorInfo : (val : ConstructorVal) → motive (ConstantInfo.ctorInfo val))
  (recInfo : (val : RecursorVal) → motive (ConstantInfo.recInfo val)) (t : ConstantInfo) : motive t
Nat.rec : String → (Nat → String → String) → Nat → String
120
[`Nat.pred_le_pred]
Lean.mkIdent (val : Name) : Ident
4
Lean.Environment.find? (env : Environment) (n : Name) (skipRealize : Bool := false) : Option ConstantInfo
Lean.ConstantInfo.defnInfo (val : DefinitionVal) : ConstantInfo
Lean.PrettyPrinter.delab (e : Expr) (optionsPerPos : PrettyPrinter.Delaborator.OptionsPerPos := ∅) : MetaM Term
List.map.{u, v} {α : Type u} {β : Type v} (f : α → β) (l : List α) : List β
[1, 4, 9, 16, 25]
[4, 9]
List.flatMap.{u, v} {α : Type u} {β : Type v} (b : α → List β) (as : List α) : List β
[1, 4, 9, 16, 25]
[1, 25, 4, 9, 16, 25]
[2026-01-12 18:30:17] [INFO] Proof verification completed
[2026-01-12 18:30:17] [INFO] Strategy RflStrategy attempt 1: verified=False
[2026-01-12 18:30:17] [INFO] Verification message: Cannot build modified file: <error line="31" column="2">
<code_line>  rfl</code_line>
<message>error: tactic 'rfl' failed, the left-hand side</message>
</error>
  @HAdd.hAdd String String String Collapse' a b
is not definitionally equal to the right-hand side
  @HAdd.hAdd String String String Collapse a b
a b : String
⊢ a + b = a + b
true
false
false
["Nat", "@HMul.hMul", "@instHMul", "instMulNat", "@HAdd.hAdd", "@instHAdd", "instAddNat", "@OfNat.ofNat", "1", "3"]
Lean.findDocString? (env : Environment) (declName : Name) (includeBuiltin : Bool := true) : IO (Option String)
Lean.Environment.constants (env : Environment) : ConstMap
@[reducible] def Lean.ConstMap : Type :=
SMap Name ConstantInfo
Lean.SMap.map₁.{u, v} {α : Type u} {β : Type v} [BEq α] [Hashable α] (self : SMap α β) : Std.HashMap α β
some
  "Applies a function that returns an `Option` to each element of a list, collecting the non-`none`\nvalues.\n\n`O(|l|)`.\n\nExample:\n```lean example\n#eval [1, 2, 5, 2, 7, 7].filterMap fun x =>\n  if x > 2 then some (2 * x) else none\n```\n```output\n[10, 14, 14]\n```\n"
failed to pretty print expression (use 'set_option pp.rawOnError true' for raw representation)
[`Lean.Expr.bvar, `Lean.Expr.fvar, `Lean.Expr.mvar, `Lean.Expr.sort, `Lean.Expr.const, `Lean.Expr.app, `Lean.Expr.lam,
  `Lean.Expr.forallE, `Lean.Expr.letE, `Lean.Expr.lit, `Lean.Expr.mdata, `Lean.Expr.proj]
[`Lean.ConstantInfo.axiomInfo, `Lean.ConstantInfo.defnInfo, `Lean.ConstantInfo.thmInfo, `Lean.ConstantInfo.opaqueInfo,
  `Lean.ConstantInfo.quotInfo, `Lean.ConstantInfo.inductInfo, `Lean.ConstantInfo.ctorInfo, `Lean.ConstantInfo.recInfo]
Lean.ConstantInfo.rec.{u} {motive : ConstantInfo → Sort u}
  (axiomInfo : (val : AxiomVal) → motive (ConstantInfo.axiomInfo val))
  (defnInfo : (val : DefinitionVal) → motive (ConstantInfo.defnInfo val))
  (thmInfo : (val : TheoremVal) → motive (ConstantInfo.thmInfo val))
  (opaqueInfo : (val : OpaqueVal) → motive (ConstantInfo.opaqueInfo val))
  (quotInfo : (val : QuotVal) → motive (ConstantInfo.quotInfo val))
  (inductInfo : (val : InductiveVal) → motive (ConstantInfo.inductInfo val))
  (ctorInfo : (val : ConstructorVal) → motive (ConstantInfo.ctorInfo val))
  (recInfo : (val : RecursorVal) → motive (ConstantInfo.recInfo val)) (t : ConstantInfo) : motive t
Nat.rec : String → (Nat → String → String) → Nat → String
120
[`Nat.pred_le_pred]
Lean.mkIdent (val : Name) : Ident
4
Lean.Environment.find? (env : Environment) (n : Name) (skipRealize : Bool := false) : Option ConstantInfo
Lean.ConstantInfo.defnInfo (val : DefinitionVal) : ConstantInfo
Lean.PrettyPrinter.delab (e : Expr) (optionsPerPos : PrettyPrinter.Delaborator.OptionsPerPos := ∅) : MetaM Term
List.map.{u, v} {α : Type u} {β : Type v} (f : α → β) (l : List α) : List β
[1, 4, 9, 16, 25]
[4, 9]
List.flatMap.{u, v} {α : Type u} {β : Type v} (b : α → List β) (as : List α) : List β
[1, 4, 9, 16, 25]
[1, 25, 4, 9, 16, 25]

[2026-01-12 18:30:17] [INFO] Attempt 1 failed verification, continuing...
[2026-01-12 18:30:17] [INFO] ========================================
[2026-01-12 18:30:17] [INFO] Pass@k completed. Total results: 1
[2026-01-12 18:30:17] [INFO] FAILED: All 1 strategies x 1 attempts
[2026-01-12 18:30:17] [INFO] Writing results to file: /root/repo/result.json
[2026-01-12 18:30:17] [INFO] Result file written successfully
[2026-01-12 18:30:17] [INFO] Results exported to: /root/repo/result.json
[2026-01-12 18:30:17] [INFO] run_morphcloud_local.py completed successfully

[2026-01-12 18:30:19] [process_single_sorry] Downloading result file...
[2026-01-12 18:30:20] [process_single_sorry] Downloaded result to intermediate_experiment_outputs_full_reservoir_3_months/rfl/2026-01-12_15-54-17_rfl/individual/f04d97e3e2005d44038828750c84dfa82f71e47811d3275146b494495fe23bad.json
[2026-01-12 18:30:23] [process_single_sorry] Instance context closed successfully
[2026-01-12 18:30:23] [process_single_sorry] Parsing result file...
[2026-01-12 18:30:23] [process_single_sorry] Successfully parsed result (list format, 1 results)
