[2026-01-12 18:47:45] [process_single_sorry] Starting for sorry f94da07d360bea14fff54062097e87087405b7b936537b075a4235497730a094
[2026-01-12 18:47:45] [process_single_sorry] Using snapshot: snapshot_3bvxj3zn
[2026-01-12 18:47:45] [process_single_sorry] Repository: https://github.com/leanprover-community/mathlib4@861fc3b59e8bf25fcb33e5fa7361c6a646febb9a
[2026-01-12 18:47:45] [process_single_sorry] Instance name: mathlib4_861fc3b59e8b_rfl_f94da07d360bea14fff54062097e87087405b7b936537b075a4235497730a094
[2026-01-12 18:47:45] [process_single_sorry] Starting attempt 1/3
[2026-01-12 18:47:45] [process_single_sorry] Starting instance from snapshot...
[2026-01-12 18:47:46] [process_single_sorry] Instance started successfully: morphvm_qtlgxyz6
[2026-01-12 18:47:46] [process_single_sorry] Creating .env file...
[2026-01-12 18:47:59] [process_single_sorry] .env file created (exit_code: 0)
[2026-01-12 18:47:59] [process_single_sorry] Executing agent command...
[2026-01-12 18:48:19] [process_single_sorry] Agent command completed (exit_code: 0)
[2026-01-12 18:48:19] [process_single_sorry] STDOUT:

Results JSON:
[
  {
    "sorry": {
      "repo": {
        "remote": "https://github.com/leanprover-community/mathlib4",
        "branch": "marcinkiewicz_zygmund",
        "commit": "861fc3b59e8bf25fcb33e5fa7361c6a646febb9a",
        "lean_version": "v4.26.0-rc1"
      },
      "location": {
        "path": "Mathlib/Probability/MarcinkiewiczZygmund.lean",
        "start_line": 58,
        "start_column": 71,
        "end_line": 58,
        "end_column": 76
      },
      "debug_info": {
        "goal": "ι : Type u_1\nΩ : Type u_2\nE : Type u_3\nA : Finset ι\nm : ℕ\ninst✝³ : MeasurableSpace Ω\nμ : Measure Ω\ninst✝² : IsFiniteMeasure μ\nmE : MeasurableSpace E\ninst✝¹ : NormedAddCommGroup E\ninst✝ : InnerProductSpace ℝ E\nX : ι → Ω → E\niIndepFun_X : iIndepFun X μ\nidentDistrib_neg_X : ∀ (i : ι), IdentDistrib (X i) (-X i) μ μ\nmemLp_X : ∀ i ∈ A, MemLp (X i) (2 * ↑m) μ\nthis : DecidableEq ι\nintegrable_prod_norm_X : ∀ I ∈ piFinset fun x => A ×ˢ A, Integrable (fun ω => ∏ k, ‖X (I k).1 ω‖ * ‖X (I k).2 ω‖) μ\nI : Fin m → ι × ι\nhI : I ∈ piFinset fun x => A ×ˢ A\n⊢ Integrable (fun ω => ∏ k, inner ℝ (X (I k).1 ω) (X (I k).2 ω)) μ",
        "url": "https://github.com/leanprover-community/mathlib4/blob/861fc3b59e8bf25fcb33e5fa7361c6a646febb9a/Mathlib/Probability/MarcinkiewiczZygmund.lean#L58"
      },
      "metadata": {
        "blame_email_hash": "97e8591fe714",
        "blame_date": "2024-12-30T17:00:00+00:00",
        "inclusion_date": "2026-01-10T16:47:45.083590+00:00"
      },
      "id": "f94da07d360bea14fff54062097e87087405b7b936537b075a4235497730a094"
    },
    "proof": null,
    "proof_verified": false,
    "feedback": null,
    "verification_message": "All 1 attempts failed (1 strategies x 1 attempts each)",
    "success": true,
    "error_type": null,
    "error_message": null,
    "strategy_name": "all_failed_k=1",
    "proof_attempts": [
      "rfl"
    ]
  }
]

[2026-01-12 18:48:19] [process_single_sorry] STDERR:
None of PyTorch, TensorFlow >= 2.0, or Flax have been found. Models won't be available and only tokenizers, configuration and file/data utilities can be used.
[2026-01-12 18:48:12] [INFO] ================================================================================
[2026-01-12 18:48:12] [INFO] Starting run_morphcloud_local.py
[2026-01-12 18:48:12] [INFO] ================================================================================
[2026-01-12 18:48:12] [INFO] Environment loaded
[2026-01-12 18:48:12] [INFO] Full command: /root/SorryDB/sorrydb/cli/run_morphcloud_local.py --repo-path /root/repo --sorry-json {"repo": {"remote": "https://github.com/leanprover-community/mathlib4", "branch": "marcinkiewicz_zygmund", "commit": "861fc3b59e8bf25fcb33e5fa7361c6a646febb9a", "lean_version": "v4.26.0-rc1"}, "location": {"path": "Mathlib/Probability/MarcinkiewiczZygmund.lean", "start_line": 58, "start_column": 71, "end_line": 58, "end_column": 76}, "debug_info": {"goal": "\u03b9 : Type u_1\n\u03a9 : Type u_2\nE : Type u_3\nA : Finset \u03b9\nm : \u2115\ninst\u271d\u00b3 : MeasurableSpace \u03a9\n\u03bc : Measure \u03a9\ninst\u271d\u00b2 : IsFiniteMeasure \u03bc\nmE : MeasurableSpace E\ninst\u271d\u00b9 : NormedAddCommGroup E\ninst\u271d : InnerProductSpace \u211d E\nX : \u03b9 \u2192 \u03a9 \u2192 E\niIndepFun_X : iIndepFun X \u03bc\nidentDistrib_neg_X : \u2200 (i : \u03b9), IdentDistrib (X i) (-X i) \u03bc \u03bc\nmemLp_X : \u2200 i \u2208 A, MemLp (X i) (2 * \u2191m) \u03bc\nthis : DecidableEq \u03b9\nintegrable_prod_norm_X : \u2200 I \u2208 piFinset fun x => A \u00d7\u02e2 A, Integrable (fun \u03c9 => \u220f k, \u2016X (I k).1 \u03c9\u2016 * \u2016X (I k).2 \u03c9\u2016) \u03bc\nI : Fin m \u2192 \u03b9 \u00d7 \u03b9\nhI : I \u2208 piFinset fun x => A \u00d7\u02e2 A\n\u22a2 Integrable (fun \u03c9 => \u220f k, inner \u211d (X (I k).1 \u03c9) (X (I k).2 \u03c9)) \u03bc", "url": "https://github.com/leanprover-community/mathlib4/blob/861fc3b59e8bf25fcb33e5fa7361c6a646febb9a/Mathlib/Probability/MarcinkiewiczZygmund.lean#L58"}, "metadata": {"blame_email_hash": "97e8591fe714", "blame_date": "2024-12-30T17:00:00+00:00", "inclusion_date": "2026-01-10T16:47:45.083590+00:00"}, "id": "f94da07d360bea14fff54062097e87087405b7b936537b075a4235497730a094"} --agent-strategy {"name": "rfl", "args": {}}
[2026-01-12 18:48:12] [INFO] Arguments parsed: repo_path=/root/repo, output_path=/root/repo/result.json
[2026-01-12 18:48:12] [INFO] Strategy spec: {"name": "rfl", "args": {}}...
[2026-01-12 18:48:12] [INFO] Loading sorry data...
[2026-01-12 18:48:12] [INFO] Parsing sorry from JSON string...
[2026-01-12 18:48:12] [INFO] Sorry data parsed from JSON string
[2026-01-12 18:48:12] [INFO] Creating strategy from spec...
[2026-01-12 18:48:12] [INFO] Parsing strategy spec (length: 27 chars)
[2026-01-12 18:48:12] [INFO] Strategy name: rfl
[2026-01-12 18:48:12] [INFO] Strategy args: {}
[2026-01-12 18:48:12] [INFO] Pass@k value: 1
[2026-01-12 18:48:12] [INFO] Creating strategy: rfl
[2026-01-12 18:48:12] [INFO] Strategies created: ['RflStrategy']
[2026-01-12 18:48:12] [INFO] Pass@k value: 1
[2026-01-12 18:48:12] [INFO] Creating Sorry object...
[2026-01-12 18:48:12] [INFO] Sorry object created: id=f94da07d360bea14fff54062097e87087405b7b936537b075a4235497730a094
[2026-01-12 18:48:12] [INFO] Sorry location: Mathlib/Probability/MarcinkiewiczZygmund.lean:58
[2026-01-12 18:48:12] [INFO] Context before sorry (lines 53-58):
[2026-01-12 18:48:12] [INFO]   53:   -- Turn the `L^p` assumption on the `X i` into various integrability conditions.
[2026-01-12 18:48:12] [INFO]   54:   have integrable_prod_norm_X I (hI : I ∈ A ×ˢ A ^^ m) :
[2026-01-12 18:48:12] [INFO]   55:     Integrable (fun ω ↦ ∏ k, ‖X (I k).1 ω‖ * ‖X (I k).2 ω‖) μ := by
[2026-01-12 18:48:12] [INFO]   56:     sorry
[2026-01-12 18:48:12] [INFO]   57:   have integrable_prod_inner_X I (hI : I ∈ A ×ˢ A ^^ m) :
[2026-01-12 18:48:12] [INFO]   58:     Integrable (fun ω ↦ ∏ k, inner ℝ (X (I k).1 ω) (X (I k).2 ω)) μ := sorry
[2026-01-12 18:48:12] [INFO] Sorry line:     Integrable (fun ω ↦ ∏ k, inner ℝ (X (I k).1 ω) (X (I k).2 ω)) μ := sorry
[2026-01-12 18:48:12] [INFO] Sorry goal: ι : Type u_1
Ω : Type u_2
E : Type u_3
A : Finset ι
m : ℕ
inst✝³ : MeasurableSpace Ω
μ : Measure Ω
i...
[2026-01-12 18:48:12] [INFO] ========================================
[2026-01-12 18:48:12] [INFO] Trying strategy: RflStrategy (up to 1 attempts)
[2026-01-12 18:48:12] [INFO] --------------------
[2026-01-12 18:48:12] [INFO] Strategy RflStrategy, attempt 1/1
[2026-01-12 18:48:12] [INFO] Starting proof generation...
[2026-01-12 18:48:12] [INFO] Repository path: /root/repo
[2026-01-12 18:48:12] [INFO] Proof generation completed
[2026-01-12 18:48:12] [INFO] Generated proof:
[2026-01-12 18:48:12] [INFO] rfl
[2026-01-12 18:48:12] [INFO] Proof length: 3 chars
[2026-01-12 18:48:12] [INFO] Starting proof verification...
[2026-01-12 18:48:12] [INFO] Verifying at: Mathlib/Probability/MarcinkiewiczZygmund.lean:58
[2026-01-12 18:48:12] [INFO] Using LEAN INTERACT verify
[2026-01-12 18:48:12] [INFO] Checking file
[2026-01-12 18:48:16] [INFO] Cannot build modified file <input>:1:0: error: `module` keyword is experimental and not enabled here
[2026-01-12 18:48:16] [INFO] Proof verification completed
[2026-01-12 18:48:16] [INFO] Strategy RflStrategy attempt 1: verified=False
[2026-01-12 18:48:16] [INFO] Verification message: Cannot build modified file: <input>:1:0: error: `module` keyword is experimental and not enabled here

[2026-01-12 18:48:16] [INFO] Attempt 1 failed verification, continuing...
[2026-01-12 18:48:16] [INFO] ========================================
[2026-01-12 18:48:16] [INFO] Pass@k completed. Total results: 1
[2026-01-12 18:48:16] [INFO] FAILED: All 1 strategies x 1 attempts
[2026-01-12 18:48:16] [INFO] Writing results to file: /root/repo/result.json
[2026-01-12 18:48:16] [INFO] Result file written successfully
[2026-01-12 18:48:16] [INFO] Results exported to: /root/repo/result.json
[2026-01-12 18:48:16] [INFO] run_morphcloud_local.py completed successfully

[2026-01-12 18:48:19] [process_single_sorry] Downloading result file...
[2026-01-12 18:48:20] [process_single_sorry] Downloaded result to intermediate_experiment_outputs_full_reservoir_3_months/rfl/2026-01-12_15-54-17_rfl/individual/f94da07d360bea14fff54062097e87087405b7b936537b075a4235497730a094.json
[2026-01-12 18:48:21] [process_single_sorry] Instance context closed successfully
[2026-01-12 18:48:21] [process_single_sorry] Parsing result file...
[2026-01-12 18:48:21] [process_single_sorry] Successfully parsed result (list format, 1 results)
