[2026-01-13 02:21:35] [process_single_sorry] Starting for sorry 0f7aad5ec859c11221071a7068e5db43071514d71d04ab9df23effdcdfa958ae
[2026-01-13 02:21:35] [process_single_sorry] Using snapshot: snapshot_4t5t7hvx
[2026-01-13 02:21:35] [process_single_sorry] Repository: https://github.com/Verified-zkEVM/VCV-io@2049180482d07341e984f723c047d6d030a839bb
[2026-01-13 02:21:35] [process_single_sorry] Instance name: VCV-io_2049180482d0_multi_tactic_0f7aad5ec859c11221071a7068e5db43071514d71d04ab9df23effdcdfa958ae
[2026-01-13 02:21:35] [process_single_sorry] Starting attempt 1/3
[2026-01-13 02:21:35] [process_single_sorry] Starting instance from snapshot...
[2026-01-13 02:21:35] [process_single_sorry] Instance started successfully: morphvm_bs9rus5g
[2026-01-13 02:21:35] [process_single_sorry] Creating .env file...
[2026-01-13 02:21:38] [process_single_sorry] .env file created (exit_code: 0)
[2026-01-13 02:21:38] [process_single_sorry] Executing agent command...
[2026-01-13 02:25:44] [process_single_sorry] Agent command completed (exit_code: 0)
[2026-01-13 02:25:44] [process_single_sorry] STDOUT:

Results JSON:
[
  {
    "sorry": {
      "repo": {
        "remote": "https://github.com/Verified-zkEVM/VCV-io",
        "branch": "pfunction-4-26",
        "commit": "2049180482d07341e984f723c047d6d030a839bb",
        "lean_version": "v4.26.0"
      },
      "location": {
        "path": "VCVio/OracleComp/Constructions/UniformSelect.lean",
        "start_line": 381,
        "start_column": 37,
        "end_line": 381,
        "end_column": 42
      },
      "debug_info": {
        "goal": "α : Type\nhα : OracleComp.SampleableType α\nn : ℕ\nhn : NeZero n\nx y : Fin n\n⊢ Pr[=x | ⋯ ▸ OracleComp.uniformSample (Fin (n - 1 + 1)) (OracleComp.instSampleableTypeFinHAddNatOfNat (n - 1))] =\n    Pr[=y | ⋯ ▸ OracleComp.uniformSample (Fin (n - 1 + 1)) (OracleComp.instSampleableTypeFinHAddNatOfNat (n - 1))]",
        "url": "https://github.com/Verified-zkEVM/VCV-io/blob/2049180482d07341e984f723c047d6d030a839bb/VCVio/OracleComp/Constructions/UniformSelect.lean#L381"
      },
      "metadata": {
        "blame_email_hash": "0c5d39c5ece3",
        "blame_date": "2026-01-07T09:44:41-06:00",
        "inclusion_date": "2026-01-09T18:48:59.522800+00:00"
      },
      "id": "0f7aad5ec859c11221071a7068e5db43071514d71d04ab9df23effdcdfa958ae"
    },
    "proof": null,
    "proof_verified": false,
    "feedback": null,
    "verification_message": "All 11 attempts failed (11 strategies x 1 attempts each)",
    "success": true,
    "error_type": null,
    "error_message": null,
    "strategy_name": "all_failed_k=1",
    "proof_attempts": [
      "rfl",
      "simp",
      "simp_all",
      "exact?",
      "grind",
      "ring",
      "norm_num",
      "omega",
      "linarith",
      "nlinarith",
      "aesop"
    ]
  }
]

[2026-01-13 02:25:44] [process_single_sorry] STDERR:
None of PyTorch, TensorFlow >= 2.0, or Flax have been found. Models won't be available and only tokenizers, configuration and file/data utilities can be used.
[2026-01-13 02:22:04] [INFO] ================================================================================
[2026-01-13 02:22:04] [INFO] Starting run_morphcloud_local.py
[2026-01-13 02:22:04] [INFO] ================================================================================
[2026-01-13 02:22:04] [INFO] Environment loaded
[2026-01-13 02:22:04] [INFO] Full command: /root/SorryDB/sorrydb/cli/run_morphcloud_local.py --repo-path /root/repo --sorry-json {"repo": {"remote": "https://github.com/Verified-zkEVM/VCV-io", "branch": "pfunction-4-26", "commit": "2049180482d07341e984f723c047d6d030a839bb", "lean_version": "v4.26.0"}, "location": {"path": "VCVio/OracleComp/Constructions/UniformSelect.lean", "start_line": 381, "start_column": 37, "end_line": 381, "end_column": 42}, "debug_info": {"goal": "\u03b1 : Type\nh\u03b1 : OracleComp.SampleableType \u03b1\nn : \u2115\nhn : NeZero n\nx y : Fin n\n\u22a2 Pr[=x | \u22ef \u25b8 OracleComp.uniformSample (Fin (n - 1 + 1)) (OracleComp.instSampleableTypeFinHAddNatOfNat (n - 1))] =\n    Pr[=y | \u22ef \u25b8 OracleComp.uniformSample (Fin (n - 1 + 1)) (OracleComp.instSampleableTypeFinHAddNatOfNat (n - 1))]", "url": "https://github.com/Verified-zkEVM/VCV-io/blob/2049180482d07341e984f723c047d6d030a839bb/VCVio/OracleComp/Constructions/UniformSelect.lean#L381"}, "metadata": {"blame_email_hash": "0c5d39c5ece3", "blame_date": "2026-01-07T09:44:41-06:00", "inclusion_date": "2026-01-09T18:48:59.522800+00:00"}, "id": "0f7aad5ec859c11221071a7068e5db43071514d71d04ab9df23effdcdfa958ae"} --agent-strategy {"name": "multi_tactic", "args": {}}
[2026-01-13 02:22:04] [INFO] Arguments parsed: repo_path=/root/repo, output_path=/root/repo/result.json
[2026-01-13 02:22:04] [INFO] Strategy spec: {"name": "multi_tactic", "args": {}}...
[2026-01-13 02:22:04] [INFO] Loading sorry data...
[2026-01-13 02:22:04] [INFO] Parsing sorry from JSON string...
[2026-01-13 02:22:04] [INFO] Sorry data parsed from JSON string
[2026-01-13 02:22:04] [INFO] Creating strategy from spec...
[2026-01-13 02:22:04] [INFO] Parsing strategy spec (length: 36 chars)
[2026-01-13 02:22:04] [INFO] Strategy name: multi_tactic
[2026-01-13 02:22:04] [INFO] Strategy args: {}
[2026-01-13 02:22:04] [INFO] Pass@k value: 1
[2026-01-13 02:22:04] [INFO] Creating strategy: multi_tactic
[2026-01-13 02:22:04] [INFO] Creating multi_tactic strategy with tactics: ['rfl', 'simp', 'simp_all', 'exact?', 'grind', 'ring', 'norm_num', 'omega', 'linarith', 'nlinarith', 'aesop']
[2026-01-13 02:22:04] [INFO] Strategies created: ['rfl', 'simp', 'simp_all', 'exact?', 'grind', 'ring', 'norm_num', 'omega', 'linarith', 'nlinarith', 'aesop']
[2026-01-13 02:22:04] [INFO] Pass@k value: 1
[2026-01-13 02:22:04] [INFO] Creating Sorry object...
[2026-01-13 02:22:04] [INFO] Sorry object created: id=0f7aad5ec859c11221071a7068e5db43071514d71d04ab9df23effdcdfa958ae
[2026-01-13 02:22:04] [INFO] Sorry location: VCVio/OracleComp/Constructions/UniformSelect.lean:381
[2026-01-13 02:22:04] [INFO] Context before sorry (lines 376-381):
[2026-01-13 02:22:04] [INFO]   376: 
[2026-01-13 02:22:04] [INFO]   377: /-- Version of `Fin` selection using the `NeZero` typeclass, avoiding the need for `n + 1`. -/
[2026-01-13 02:22:04] [INFO]   378: instance (n : ℕ) [hn : NeZero n] : SampleableType (Fin n) where
[2026-01-13 02:22:04] [INFO]   379:   selectElem := congr_arg Fin (Nat.succ_pred (NeZero.ne n)).symm ▸ $ᵗ (Fin (n - 1 + 1))
[2026-01-13 02:22:04] [INFO]   380:   mem_support_selectElem x := by sorry --rw [mem_support_eqRec_iff]; simp
[2026-01-13 02:22:04] [INFO]   381:   probOutput_selectElem_eq x y := by sorry --simp [probOutput_eqRec]
[2026-01-13 02:22:04] [INFO] Sorry line:   probOutput_selectElem_eq x y := by sorry --simp [probOutput_eqRec]
[2026-01-13 02:22:04] [INFO] Sorry goal: α : Type
hα : OracleComp.SampleableType α
n : ℕ
hn : NeZero n
x y : Fin n
⊢ Pr[=x | ⋯ ▸ OracleComp.u...
[2026-01-13 02:22:04] [INFO] ========================================
[2026-01-13 02:22:04] [INFO] Trying strategy: rfl (up to 1 attempts)
[2026-01-13 02:22:04] [INFO] --------------------
[2026-01-13 02:22:04] [INFO] Strategy rfl, attempt 1/1
[2026-01-13 02:22:04] [INFO] Starting proof generation...
[2026-01-13 02:22:04] [INFO] Repository path: /root/repo
[2026-01-13 02:22:04] [INFO] Proof generation completed
[2026-01-13 02:22:04] [INFO] Generated proof:
[2026-01-13 02:22:04] [INFO] rfl
[2026-01-13 02:22:04] [INFO] Proof length: 3 chars
[2026-01-13 02:22:04] [INFO] Starting proof verification...
[2026-01-13 02:22:04] [INFO] Verifying at: VCVio/OracleComp/Constructions/UniformSelect.lean:381
[2026-01-13 02:22:04] [INFO] Using LEAN INTERACT verify
[2026-01-13 02:22:04] [INFO] Checking file
[2026-01-13 02:24:10] [INFO] Cannot build modified file <error line="381" column="37">
<code_line>  probOutput_selectElem_eq x y := by rfl --simp [probOutput_eqRec]</code_line>
<message>error: Tactic `rfl` failed: The left-hand side</message>
</error>
  Pr[=x | ⋯ ▸ $ᵗFin (n - 1 + 1)]
is not definitionally equal to the right-hand side
  Pr[=y | ⋯ ▸ $ᵗFin (n - 1 + 1)]

α : Type
hα : SampleableType α
n : ℕ
hn : NeZero n
x y : Fin n
⊢ Pr[=x | ⋯ ▸ $ᵗFin (n - 1 + 1)] = Pr[=y | ⋯ ▸ $ᵗFin (n - 1 + 1)]
[2026-01-13 02:24:10] [INFO] Proof verification completed
[2026-01-13 02:24:10] [INFO] Strategy rfl attempt 1: verified=False
[2026-01-13 02:24:10] [INFO] Verification message: Cannot build modified file: <error line="381" column="37">
<code_line>  probOutput_selectElem_eq x y := by rfl --simp [probOutput_eqRec]</code_line>
<message>error: Tactic `rfl` failed: The left-hand side</message>
</error>
  Pr[=x | ⋯ ▸ $ᵗFin (n - 1 + 1)]
is not definitionally equal to the right-hand side
  Pr[=y | ⋯ ▸ $ᵗFin (n - 1 + 1)]

α : Type
hα : SampleableType α
n : ℕ
hn : NeZero n
x y : Fin n
⊢ Pr[=x | ⋯ ▸ $ᵗFin (n - 1 + 1)] = Pr[=y | ⋯ ▸ $ᵗFin (n - 1 + 1)]

[2026-01-13 02:24:10] [INFO] Attempt 1 failed verification, continuing...
[2026-01-13 02:24:10] [INFO] ========================================
[2026-01-13 02:24:10] [INFO] Trying strategy: simp (up to 1 attempts)
[2026-01-13 02:24:10] [INFO] --------------------
[2026-01-13 02:24:10] [INFO] Strategy simp, attempt 1/1
[2026-01-13 02:24:10] [INFO] Starting proof generation...
[2026-01-13 02:24:10] [INFO] Repository path: /root/repo
[2026-01-13 02:24:10] [INFO] Proof generation completed
[2026-01-13 02:24:10] [INFO] Generated proof:
[2026-01-13 02:24:10] [INFO] simp
[2026-01-13 02:24:10] [INFO] Proof length: 4 chars
[2026-01-13 02:24:10] [INFO] Starting proof verification...
[2026-01-13 02:24:10] [INFO] Verifying at: VCVio/OracleComp/Constructions/UniformSelect.lean:381
[2026-01-13 02:24:10] [INFO] Using LEAN INTERACT verify
[2026-01-13 02:24:10] [INFO] Checking file
[2026-01-13 02:24:20] [INFO] Cannot build modified file <error line="381" column="34">
<code_line>  probOutput_selectElem_eq x y := by simp --simp [probOutput_eqRec]</code_line>
<message>error: unsolved goals</message>
</error>
α : Type
hα : SampleableType α
n : ℕ
hn : NeZero n
x y : Fin n
⊢ Pr[=x | ⋯ ▸ $ᵗFin (n - 1 + 1)] = Pr[=y | ⋯ ▸ $ᵗFin (n - 1 + 1)]
[2026-01-13 02:24:20] [INFO] Proof verification completed
[2026-01-13 02:24:20] [INFO] Strategy simp attempt 1: verified=False
[2026-01-13 02:24:20] [INFO] Verification message: Cannot build modified file: <error line="381" column="34">
<code_line>  probOutput_selectElem_eq x y := by simp --simp [probOutput_eqRec]</code_line>
<message>error: unsolved goals</message>
</error>
α : Type
hα : SampleableType α
n : ℕ
hn : NeZero n
x y : Fin n
⊢ Pr[=x | ⋯ ▸ $ᵗFin (n - 1 + 1)] = Pr[=y | ⋯ ▸ $ᵗFin (n - 1 + 1)]

[2026-01-13 02:24:20] [INFO] Attempt 1 failed verification, continuing...
[2026-01-13 02:24:20] [INFO] ========================================
[2026-01-13 02:24:20] [INFO] Trying strategy: simp_all (up to 1 attempts)
[2026-01-13 02:24:20] [INFO] --------------------
[2026-01-13 02:24:20] [INFO] Strategy simp_all, attempt 1/1
[2026-01-13 02:24:20] [INFO] Starting proof generation...
[2026-01-13 02:24:20] [INFO] Repository path: /root/repo
[2026-01-13 02:24:20] [INFO] Proof generation completed
[2026-01-13 02:24:20] [INFO] Generated proof:
[2026-01-13 02:24:20] [INFO] simp_all
[2026-01-13 02:24:20] [INFO] Proof length: 8 chars
[2026-01-13 02:24:20] [INFO] Starting proof verification...
[2026-01-13 02:24:20] [INFO] Verifying at: VCVio/OracleComp/Constructions/UniformSelect.lean:381
[2026-01-13 02:24:20] [INFO] Using LEAN INTERACT verify
[2026-01-13 02:24:20] [INFO] Checking file
[2026-01-13 02:24:28] [INFO] Cannot build modified file <error line="381" column="34">
<code_line>  probOutput_selectElem_eq x y := by simp_all --simp [probOutput_eqRec]</code_line>
<message>error: unsolved goals</message>
</error>
α : Type
hα : SampleableType α
n : ℕ
hn : NeZero n
x y : Fin n
⊢ Pr[=x | ⋯ ▸ $ᵗFin (n - 1 + 1)] = Pr[=y | ⋯ ▸ $ᵗFin (n - 1 + 1)]
[2026-01-13 02:24:28] [INFO] Proof verification completed
[2026-01-13 02:24:28] [INFO] Strategy simp_all attempt 1: verified=False
[2026-01-13 02:24:28] [INFO] Verification message: Cannot build modified file: <error line="381" column="34">
<code_line>  probOutput_selectElem_eq x y := by simp_all --simp [probOutput_eqRec]</code_line>
<message>error: unsolved goals</message>
</error>
α : Type
hα : SampleableType α
n : ℕ
hn : NeZero n
x y : Fin n
⊢ Pr[=x | ⋯ ▸ $ᵗFin (n - 1 + 1)] = Pr[=y | ⋯ ▸ $ᵗFin (n - 1 + 1)]

[2026-01-13 02:24:28] [INFO] Attempt 1 failed verification, continuing...
[2026-01-13 02:24:28] [INFO] ========================================
[2026-01-13 02:24:28] [INFO] Trying strategy: exact? (up to 1 attempts)
[2026-01-13 02:24:28] [INFO] --------------------
[2026-01-13 02:24:28] [INFO] Strategy exact?, attempt 1/1
[2026-01-13 02:24:28] [INFO] Starting proof generation...
[2026-01-13 02:24:28] [INFO] Repository path: /root/repo
[2026-01-13 02:24:28] [INFO] Proof generation completed
[2026-01-13 02:24:28] [INFO] Generated proof:
[2026-01-13 02:24:28] [INFO] exact?
[2026-01-13 02:24:28] [INFO] Proof length: 6 chars
[2026-01-13 02:24:28] [INFO] Starting proof verification...
[2026-01-13 02:24:28] [INFO] Verifying at: VCVio/OracleComp/Constructions/UniformSelect.lean:381
[2026-01-13 02:24:28] [INFO] Using LEAN INTERACT verify
[2026-01-13 02:24:28] [INFO] Checking file
[2026-01-13 02:24:57] [INFO] Cannot build modified file <error line="381" column="37">
<code_line>  probOutput_selectElem_eq x y := by exact? --simp [probOutput_eqRec]</code_line>
<message>error: `exact?` could not close the goal. Try `apply?` to see partial suggestions.</message>
</error>
[2026-01-13 02:24:57] [INFO] Proof verification completed
[2026-01-13 02:24:57] [INFO] Strategy exact? attempt 1: verified=False
[2026-01-13 02:24:57] [INFO] Verification message: Cannot build modified file: <error line="381" column="37">
<code_line>  probOutput_selectElem_eq x y := by exact? --simp [probOutput_eqRec]</code_line>
<message>error: `exact?` could not close the goal. Try `apply?` to see partial suggestions.</message>
</error>

[2026-01-13 02:24:57] [INFO] Attempt 1 failed verification, continuing...
[2026-01-13 02:24:57] [INFO] ========================================
[2026-01-13 02:24:57] [INFO] Trying strategy: grind (up to 1 attempts)
[2026-01-13 02:24:57] [INFO] --------------------
[2026-01-13 02:24:57] [INFO] Strategy grind, attempt 1/1
[2026-01-13 02:24:57] [INFO] Starting proof generation...
[2026-01-13 02:24:57] [INFO] Repository path: /root/repo
[2026-01-13 02:24:57] [INFO] Proof generation completed
[2026-01-13 02:24:57] [INFO] Generated proof:
[2026-01-13 02:24:57] [INFO] grind
[2026-01-13 02:24:57] [INFO] Proof length: 5 chars
[2026-01-13 02:24:57] [INFO] Starting proof verification...
[2026-01-13 02:24:57] [INFO] Verifying at: VCVio/OracleComp/Constructions/UniformSelect.lean:381
[2026-01-13 02:24:57] [INFO] Using LEAN INTERACT verify
[2026-01-13 02:24:57] [INFO] Checking file
[2026-01-13 02:25:05] [INFO] Cannot build modified file <error line="381" column="37">
<code_line>  probOutput_selectElem_eq x y := by grind --simp [probOutput_eqRec]</code_line>
<message>error: `grind` failed</message>
</error>
case grind.1.1
α : Type
hα : SampleableType α
n : ℕ
hn : NeZero n
x y : Fin n
h : ¬Pr[=x | ⋯ ▸ $ᵗFin (n - 1 + 1)] = Pr[=y | ⋯ ▸ $ᵗFin (n - 1 + 1)]
h_1 : -1 * ↑n + 1 ≤ 0
h_2 : n = n.pred + 1
⊢ False
[grind] Goal diagnostics
  [facts] Asserted facts
    [prop] NeZero n
    [prop] ¬Pr[=x | ⋯ ▸ $ᵗFin (n - 1 + 1)] = Pr[=y | ⋯ ▸ $ᵗFin (n - 1 + 1)]
    [prop] ↑(n - 1) = if -1 * ↑n + 1 ≤ 0 then ↑n + -1 else 0
    [prop] -1 * ↑n + 1 ≤ 0
    [prop] n = n.pred + 1
  [eqc] True propositions
    [prop] n = n.pred + 1
    [prop] Fin n.pred.succ = Fin n
    [prop] NeZero n
    [prop] -1 * ↑n + 1 ≤ 0
  [eqc] False propositions
    [prop] Pr[=x | ⋯ ▸ $ᵗFin (n - 1 + 1)] = Pr[=y | ⋯ ▸ $ᵗFin (n - 1 + 1)]
  [eqc] Equivalence classes
    [eqc] {n, n.pred + 1, n - 1 + 1}
    [eqc] {Fin n, Fin n.pred.succ, Fin (n.pred + 1), Fin (n - 1 + 1)}
    [eqc] {n.pred, n - 1}
    [eqc] {$ᵗFin (n - 1 + 1), ⋯ ▸ $ᵗFin (n - 1 + 1)}
    [eqc] others
      [eqc] {↑n.pred, ↑(n - 1)}
      [eqc] {↑n, ↑(n.pred + 1), ↑(n - 1 + 1)}
      [eqc] {↑n.pred, ↑(n - 1), if -1 * ↑n + 1 ≤ 0 then ↑n + -1 else 0, ↑n + -1}
  [cases] Case analyses
    [cases] [1/2]: if -1 * ↑n + 1 ≤ 0 then ↑n + -1 else 0
      [cases] source: Initial goal
    [cases] [1/2]: n = n.pred + 1
      [cases] source: Model-based theory combination at argument #0 of
            Fin (n.pred + 1)
          and
            Fin n
  [ematch] E-matching patterns
    [thm] Real.Angle.coe_pi_add_coe_pi: [@HAdd.hAdd `[Real.Angle] `[Real.Angle] `[Real.Angle] `[instHAdd] `[↑Real.pi] `[↑Real.pi]]
  [cutsat] Assignment satisfying linear constraints
    [assign] n := 1
    [assign] n.pred := 0
    [assign] n.pred.succ := 2
  [ring] Rings
    [ring] Ring `Lean.Grind.Ring.OfSemiring.Q ℕ`
      [basis] Basis
        [_] ↑n.pred + -1 * ↑(n - 1) = 0
    [ring] Ring `ℤ`
      [basis] Basis
        [_] ↑n.pred + -1 * ↑n + 1 = 0
        [_] ↑(n - 1) + -1 * ↑n + 1 = 0
[2026-01-13 02:25:05] [INFO] Proof verification completed
[2026-01-13 02:25:05] [INFO] Strategy grind attempt 1: verified=False
[2026-01-13 02:25:05] [INFO] Verification message: Cannot build modified file: <error line="381" column="37">
<code_line>  probOutput_selectElem_eq x y := by grind --simp [probOutput_eqRec]</code_line>
<message>error: `grind` failed</message>
</error>
case grind.1.1
α : Type
hα : SampleableType α
n : ℕ
hn : NeZero n
x y : Fin n
h : ¬Pr[=x | ⋯ ▸ $ᵗFin (n - 1 + 1)] = Pr[=y | ⋯ ▸ $ᵗFin (n - 1 + 1)]
h_1 : -1 * ↑n + 1 ≤ 0
h_2 : n = n.pred + 1
⊢ False
[grind] Goal diagnostics
  [facts] Asserted facts
    [prop] NeZero n
    [prop] ¬Pr[=x | ⋯ ▸ $ᵗFin (n - 1 + 1)] = Pr[=y | ⋯ ▸ $ᵗFin (n - 1 + 1)]
    [prop] ↑(n - 1) = if -1 * ↑n + 1 ≤ 0 then ↑n + -1 else 0
    [prop] -1 * ↑n + 1 ≤ 0
    [prop] n = n.pred + 1
  [eqc] True propositions
    [prop] n = n.pred + 1
    [prop] Fin n.pred.succ = Fin n
    [prop] NeZero n
    [prop] -1 * ↑n + 1 ≤ 0
  [eqc] False propositions
    [prop] Pr[=x | ⋯ ▸ $ᵗFin (n - 1 + 1)] = Pr[=y | ⋯ ▸ $ᵗFin (n - 1 + 1)]
  [eqc] Equivalence classes
    [eqc] {n, n.pred + 1, n - 1 + 1}
    [eqc] {Fin n, Fin n.pred.succ, Fin (n.pred + 1), Fin (n - 1 + 1)}
    [eqc] {n.pred, n - 1}
    [eqc] {$ᵗFin (n - 1 + 1), ⋯ ▸ $ᵗFin (n - 1 + 1)}
    [eqc] others
      [eqc] {↑n.pred, ↑(n - 1)}
      [eqc] {↑n, ↑(n.pred + 1), ↑(n - 1 + 1)}
      [eqc] {↑n.pred, ↑(n - 1), if -1 * ↑n + 1 ≤ 0 then ↑n + -1 else 0, ↑n + -1}
  [cases] Case analyses
    [cases] [1/2]: if -1 * ↑n + 1 ≤ 0 then ↑n + -1 else 0
      [cases] source: Initial goal
    [cases] [1/2]: n = n.pred + 1
      [cases] source: Model-based theory combination at argument #0 of
            Fin (n.pred + 1)
          and
            Fin n
  [ematch] E-matching patterns
    [thm] Real.Angle.coe_pi_add_coe_pi: [@HAdd.hAdd `[Real.Angle] `[Real.Angle] `[Real.Angle] `[instHAdd] `[↑Real.pi] `[↑Real.pi]]
  [cutsat] Assignment satisfying linear constraints
    [assign] n := 1
    [assign] n.pred := 0
    [assign] n.pred.succ := 2
  [ring] Rings
    [ring] Ring `Lean.Grind.Ring.OfSemiring.Q ℕ`
      [basis] Basis
        [_] ↑n.pred + -1 * ↑(n - 1) = 0
    [ring] Ring `ℤ`
      [basis] Basis
        [_] ↑n.pred + -1 * ↑n + 1 = 0
        [_] ↑(n - 1) + -1 * ↑n + 1 = 0

[2026-01-13 02:25:05] [INFO] Attempt 1 failed verification, continuing...
[2026-01-13 02:25:05] [INFO] ========================================
[2026-01-13 02:25:05] [INFO] Trying strategy: ring (up to 1 attempts)
[2026-01-13 02:25:05] [INFO] --------------------
[2026-01-13 02:25:05] [INFO] Strategy ring, attempt 1/1
[2026-01-13 02:25:05] [INFO] Starting proof generation...
[2026-01-13 02:25:05] [INFO] Repository path: /root/repo
[2026-01-13 02:25:05] [INFO] Proof generation completed
[2026-01-13 02:25:05] [INFO] Generated proof:
[2026-01-13 02:25:05] [INFO] ring
[2026-01-13 02:25:05] [INFO] Proof length: 4 chars
[2026-01-13 02:25:05] [INFO] Starting proof verification...
[2026-01-13 02:25:05] [INFO] Verifying at: VCVio/OracleComp/Constructions/UniformSelect.lean:381
[2026-01-13 02:25:05] [INFO] Using LEAN INTERACT verify
[2026-01-13 02:25:05] [INFO] Checking file
[2026-01-13 02:25:11] [INFO] Cannot build modified file <error line="381" column="37">
<code_line>  probOutput_selectElem_eq x y := by ring --simp [probOutput_eqRec]</code_line>
<message>error: ring_nf made no progress on goal</message>
</error>
[2026-01-13 02:25:11] [INFO] Proof verification completed
[2026-01-13 02:25:11] [INFO] Strategy ring attempt 1: verified=False
[2026-01-13 02:25:11] [INFO] Verification message: Cannot build modified file: <error line="381" column="37">
<code_line>  probOutput_selectElem_eq x y := by ring --simp [probOutput_eqRec]</code_line>
<message>error: ring_nf made no progress on goal</message>
</error>

[2026-01-13 02:25:11] [INFO] Attempt 1 failed verification, continuing...
[2026-01-13 02:25:11] [INFO] ========================================
[2026-01-13 02:25:11] [INFO] Trying strategy: norm_num (up to 1 attempts)
[2026-01-13 02:25:11] [INFO] --------------------
[2026-01-13 02:25:11] [INFO] Strategy norm_num, attempt 1/1
[2026-01-13 02:25:11] [INFO] Starting proof generation...
[2026-01-13 02:25:11] [INFO] Repository path: /root/repo
[2026-01-13 02:25:11] [INFO] Proof generation completed
[2026-01-13 02:25:11] [INFO] Generated proof:
[2026-01-13 02:25:11] [INFO] norm_num
[2026-01-13 02:25:11] [INFO] Proof length: 8 chars
[2026-01-13 02:25:11] [INFO] Starting proof verification...
[2026-01-13 02:25:11] [INFO] Verifying at: VCVio/OracleComp/Constructions/UniformSelect.lean:381
[2026-01-13 02:25:11] [INFO] Using LEAN INTERACT verify
[2026-01-13 02:25:11] [INFO] Checking file
[2026-01-13 02:25:17] [INFO] Cannot build modified file <error line="381" column="34">
<code_line>  probOutput_selectElem_eq x y := by norm_num --simp [probOutput_eqRec]</code_line>
<message>error: unsolved goals</message>
</error>
α : Type
hα : SampleableType α
n : ℕ
hn : NeZero n
x y : Fin n
⊢ Pr[=x | ⋯ ▸ $ᵗFin (n - 1 + 1)] = Pr[=y | ⋯ ▸ $ᵗFin (n - 1 + 1)]
[2026-01-13 02:25:17] [INFO] Proof verification completed
[2026-01-13 02:25:17] [INFO] Strategy norm_num attempt 1: verified=False
[2026-01-13 02:25:17] [INFO] Verification message: Cannot build modified file: <error line="381" column="34">
<code_line>  probOutput_selectElem_eq x y := by norm_num --simp [probOutput_eqRec]</code_line>
<message>error: unsolved goals</message>
</error>
α : Type
hα : SampleableType α
n : ℕ
hn : NeZero n
x y : Fin n
⊢ Pr[=x | ⋯ ▸ $ᵗFin (n - 1 + 1)] = Pr[=y | ⋯ ▸ $ᵗFin (n - 1 + 1)]

[2026-01-13 02:25:17] [INFO] Attempt 1 failed verification, continuing...
[2026-01-13 02:25:17] [INFO] ========================================
[2026-01-13 02:25:17] [INFO] Trying strategy: omega (up to 1 attempts)
[2026-01-13 02:25:17] [INFO] --------------------
[2026-01-13 02:25:17] [INFO] Strategy omega, attempt 1/1
[2026-01-13 02:25:17] [INFO] Starting proof generation...
[2026-01-13 02:25:17] [INFO] Repository path: /root/repo
[2026-01-13 02:25:17] [INFO] Proof generation completed
[2026-01-13 02:25:17] [INFO] Generated proof:
[2026-01-13 02:25:17] [INFO] omega
[2026-01-13 02:25:17] [INFO] Proof length: 5 chars
[2026-01-13 02:25:17] [INFO] Starting proof verification...
[2026-01-13 02:25:17] [INFO] Verifying at: VCVio/OracleComp/Constructions/UniformSelect.lean:381
[2026-01-13 02:25:17] [INFO] Using LEAN INTERACT verify
[2026-01-13 02:25:17] [INFO] Checking file
[2026-01-13 02:25:26] [INFO] Cannot build modified file <error line="381" column="37">
<code_line>  probOutput_selectElem_eq x y := by omega --simp [probOutput_eqRec]</code_line>
<message>error: omega could not prove the goal:</message>
</error>
No usable constraints found. You may need to unfold definitions so `omega` can see linear arithmetic facts about `Nat` and `Int`, which may also involve multiplication, division, and modular remainder by constants.
[2026-01-13 02:25:26] [INFO] Proof verification completed
[2026-01-13 02:25:26] [INFO] Strategy omega attempt 1: verified=False
[2026-01-13 02:25:26] [INFO] Verification message: Cannot build modified file: <error line="381" column="37">
<code_line>  probOutput_selectElem_eq x y := by omega --simp [probOutput_eqRec]</code_line>
<message>error: omega could not prove the goal:</message>
</error>
No usable constraints found. You may need to unfold definitions so `omega` can see linear arithmetic facts about `Nat` and `Int`, which may also involve multiplication, division, and modular remainder by constants.

[2026-01-13 02:25:26] [INFO] Attempt 1 failed verification, continuing...
[2026-01-13 02:25:26] [INFO] ========================================
[2026-01-13 02:25:26] [INFO] Trying strategy: linarith (up to 1 attempts)
[2026-01-13 02:25:26] [INFO] --------------------
[2026-01-13 02:25:26] [INFO] Strategy linarith, attempt 1/1
[2026-01-13 02:25:26] [INFO] Starting proof generation...
[2026-01-13 02:25:26] [INFO] Repository path: /root/repo
[2026-01-13 02:25:26] [INFO] Proof generation completed
[2026-01-13 02:25:26] [INFO] Generated proof:
[2026-01-13 02:25:26] [INFO] linarith
[2026-01-13 02:25:26] [INFO] Proof length: 8 chars
[2026-01-13 02:25:26] [INFO] Starting proof verification...
[2026-01-13 02:25:26] [INFO] Verifying at: VCVio/OracleComp/Constructions/UniformSelect.lean:381
[2026-01-13 02:25:26] [INFO] Using LEAN INTERACT verify
[2026-01-13 02:25:26] [INFO] Checking file
[2026-01-13 02:25:32] [INFO] Cannot build modified file <error line="381" column="37">
<code_line>  probOutput_selectElem_eq x y := by linarith --simp [probOutput_eqRec]</code_line>
<message>error: linarith failed to find a contradiction</message>
</error>
case h1.h
α : Type
hα : SampleableType α
n : ℕ
hn : NeZero n
x y : Fin n
a✝ : Pr[=x | ⋯ ▸ $ᵗFin (n - 1 + 1)] < Pr[=y | ⋯ ▸ $ᵗFin (n - 1 + 1)]
⊢ False
failed
[2026-01-13 02:25:32] [INFO] Proof verification completed
[2026-01-13 02:25:32] [INFO] Strategy linarith attempt 1: verified=False
[2026-01-13 02:25:32] [INFO] Verification message: Cannot build modified file: <error line="381" column="37">
<code_line>  probOutput_selectElem_eq x y := by linarith --simp [probOutput_eqRec]</code_line>
<message>error: linarith failed to find a contradiction</message>
</error>
case h1.h
α : Type
hα : SampleableType α
n : ℕ
hn : NeZero n
x y : Fin n
a✝ : Pr[=x | ⋯ ▸ $ᵗFin (n - 1 + 1)] < Pr[=y | ⋯ ▸ $ᵗFin (n - 1 + 1)]
⊢ False
failed

[2026-01-13 02:25:32] [INFO] Attempt 1 failed verification, continuing...
[2026-01-13 02:25:32] [INFO] ========================================
[2026-01-13 02:25:32] [INFO] Trying strategy: nlinarith (up to 1 attempts)
[2026-01-13 02:25:32] [INFO] --------------------
[2026-01-13 02:25:32] [INFO] Strategy nlinarith, attempt 1/1
[2026-01-13 02:25:32] [INFO] Starting proof generation...
[2026-01-13 02:25:32] [INFO] Repository path: /root/repo
[2026-01-13 02:25:32] [INFO] Proof generation completed
[2026-01-13 02:25:32] [INFO] Generated proof:
[2026-01-13 02:25:32] [INFO] nlinarith
[2026-01-13 02:25:32] [INFO] Proof length: 9 chars
[2026-01-13 02:25:32] [INFO] Starting proof verification...
[2026-01-13 02:25:32] [INFO] Verifying at: VCVio/OracleComp/Constructions/UniformSelect.lean:381
[2026-01-13 02:25:32] [INFO] Using LEAN INTERACT verify
[2026-01-13 02:25:32] [INFO] Checking file
[2026-01-13 02:25:37] [INFO] Cannot build modified file <error line="381" column="37">
<code_line>  probOutput_selectElem_eq x y := by nlinarith --simp [probOutput_eqRec]</code_line>
<message>error: linarith failed to find a contradiction</message>
</error>
case h1.h
α : Type
hα : SampleableType α
n : ℕ
hn : NeZero n
x y : Fin n
a✝ : Pr[=x | ⋯ ▸ $ᵗFin (n - 1 + 1)] < Pr[=y | ⋯ ▸ $ᵗFin (n - 1 + 1)]
⊢ False
failed
[2026-01-13 02:25:37] [INFO] Proof verification completed
[2026-01-13 02:25:37] [INFO] Strategy nlinarith attempt 1: verified=False
[2026-01-13 02:25:37] [INFO] Verification message: Cannot build modified file: <error line="381" column="37">
<code_line>  probOutput_selectElem_eq x y := by nlinarith --simp [probOutput_eqRec]</code_line>
<message>error: linarith failed to find a contradiction</message>
</error>
case h1.h
α : Type
hα : SampleableType α
n : ℕ
hn : NeZero n
x y : Fin n
a✝ : Pr[=x | ⋯ ▸ $ᵗFin (n - 1 + 1)] < Pr[=y | ⋯ ▸ $ᵗFin (n - 1 + 1)]
⊢ False
failed

[2026-01-13 02:25:37] [INFO] Attempt 1 failed verification, continuing...
[2026-01-13 02:25:37] [INFO] ========================================
[2026-01-13 02:25:37] [INFO] Trying strategy: aesop (up to 1 attempts)
[2026-01-13 02:25:37] [INFO] --------------------
[2026-01-13 02:25:37] [INFO] Strategy aesop, attempt 1/1
[2026-01-13 02:25:37] [INFO] Starting proof generation...
[2026-01-13 02:25:37] [INFO] Repository path: /root/repo
[2026-01-13 02:25:37] [INFO] Proof generation completed
[2026-01-13 02:25:37] [INFO] Generated proof:
[2026-01-13 02:25:37] [INFO] aesop
[2026-01-13 02:25:37] [INFO] Proof length: 5 chars
[2026-01-13 02:25:37] [INFO] Starting proof verification...
[2026-01-13 02:25:37] [INFO] Verifying at: VCVio/OracleComp/Constructions/UniformSelect.lean:381
[2026-01-13 02:25:37] [INFO] Using LEAN INTERACT verify
[2026-01-13 02:25:37] [INFO] Checking file
[2026-01-13 02:25:43] [INFO] Cannot build modified file <error line="381" column="34">
<code_line>  probOutput_selectElem_eq x y := by aesop --simp [probOutput_eqRec]</code_line>
<message>error: unsolved goals</message>
</error>
α : Type
hα : SampleableType α
n : ℕ
hn : NeZero n
x y : Fin n
⊢ Pr[=x | ⋯ ▸ $ᵗFin (n - 1 + 1)] = Pr[=y | ⋯ ▸ $ᵗFin (n - 1 + 1)]
[2026-01-13 02:25:43] [INFO] Proof verification completed
[2026-01-13 02:25:43] [INFO] Strategy aesop attempt 1: verified=False
[2026-01-13 02:25:43] [INFO] Verification message: Cannot build modified file: <error line="381" column="34">
<code_line>  probOutput_selectElem_eq x y := by aesop --simp [probOutput_eqRec]</code_line>
<message>error: unsolved goals</message>
</error>
α : Type
hα : SampleableType α
n : ℕ
hn : NeZero n
x y : Fin n
⊢ Pr[=x | ⋯ ▸ $ᵗFin (n - 1 + 1)] = Pr[=y | ⋯ ▸ $ᵗFin (n - 1 + 1)]

[2026-01-13 02:25:43] [INFO] Attempt 1 failed verification, continuing...
[2026-01-13 02:25:43] [INFO] ========================================
[2026-01-13 02:25:43] [INFO] Pass@k completed. Total results: 1
[2026-01-13 02:25:43] [INFO] FAILED: All 11 strategies x 1 attempts
[2026-01-13 02:25:43] [INFO] Writing results to file: /root/repo/result.json
[2026-01-13 02:25:43] [INFO] Result file written successfully
[2026-01-13 02:25:43] [INFO] Results exported to: /root/repo/result.json
[2026-01-13 02:25:43] [INFO] run_morphcloud_local.py completed successfully

[2026-01-13 02:25:44] [process_single_sorry] Downloading result file...
[2026-01-13 02:25:44] [process_single_sorry] Downloaded result to intermediate_experiment_outputs_full_reservoir_3_months/multi_tactic/2026-01-13_01-27-45_multi_tactic/individual/0f7aad5ec859c11221071a7068e5db43071514d71d04ab9df23effdcdfa958ae.json
[2026-01-13 02:25:47] [process_single_sorry] Instance context closed successfully
[2026-01-13 02:25:47] [process_single_sorry] Parsing result file...
[2026-01-13 02:25:47] [process_single_sorry] Successfully parsed result (list format, 1 results)
