[2026-01-13 01:44:47] [process_single_sorry] Starting for sorry 17472a24e21bb66b7d692a4b6e9eb645d5dd0e62659e8e0fe465281644757c10
[2026-01-13 01:44:47] [process_single_sorry] Using snapshot: snapshot_btp893mj
[2026-01-13 01:44:47] [process_single_sorry] Repository: https://github.com/fpvandoorn/LeanCourse25@cd0f32f5b07311e08a9e89733a1375f54eb790c0
[2026-01-13 01:44:47] [process_single_sorry] Instance name: LeanCourse25_cd0f32f5b073_multi_tactic_17472a24e21bb66b7d692a4b6e9eb645d5dd0e62659e8e0fe465281644757c10
[2026-01-13 01:44:47] [process_single_sorry] Starting attempt 1/3
[2026-01-13 01:44:47] [process_single_sorry] Starting instance from snapshot...
[2026-01-13 01:44:50] [process_single_sorry] Instance started successfully: morphvm_z09wh5gu
[2026-01-13 01:44:50] [process_single_sorry] Creating .env file...
[2026-01-13 01:44:57] [process_single_sorry] .env file created (exit_code: 0)
[2026-01-13 01:44:57] [process_single_sorry] Executing agent command...
[2026-01-13 01:46:56] [process_single_sorry] Agent command completed (exit_code: 0)
[2026-01-13 01:46:56] [process_single_sorry] STDOUT:

Results JSON:
[
  {
    "sorry": {
      "repo": {
        "remote": "https://github.com/fpvandoorn/LeanCourse25",
        "branch": "master",
        "commit": "cd0f32f5b07311e08a9e89733a1375f54eb790c0",
        "lean_version": "v4.24.0"
      },
      "location": {
        "path": "LeanCourse25/Lectures/Lecture21After.lean",
        "start_line": 109,
        "start_column": 52,
        "end_line": 109,
        "end_column": 57
      },
      "debug_info": {
        "goal": "a b c d n : ℤ\n⊢ a + b * n + d - 37 = 4",
        "url": "https://github.com/fpvandoorn/LeanCourse25/blob/cd0f32f5b07311e08a9e89733a1375f54eb790c0/LeanCourse25/Lectures/Lecture21After.lean#L109"
      },
      "metadata": {
        "blame_email_hash": "13ebe891461f",
        "blame_date": "2026-01-08T12:15:26+01:00",
        "inclusion_date": "2026-01-10T00:19:36.813828+00:00"
      },
      "id": "17472a24e21bb66b7d692a4b6e9eb645d5dd0e62659e8e0fe465281644757c10"
    },
    "proof": null,
    "proof_verified": false,
    "feedback": null,
    "verification_message": "All 11 attempts failed (11 strategies x 1 attempts each)",
    "success": true,
    "error_type": null,
    "error_message": null,
    "strategy_name": "all_failed_k=1",
    "proof_attempts": [
      "rfl",
      "simp",
      "simp_all",
      "exact?",
      "grind",
      "ring",
      "norm_num",
      "omega",
      "linarith",
      "nlinarith",
      "aesop"
    ]
  }
]

[2026-01-13 01:46:56] [process_single_sorry] STDERR:
None of PyTorch, TensorFlow >= 2.0, or Flax have been found. Models won't be available and only tokenizers, configuration and file/data utilities can be used.
[2026-01-13 01:45:20] [INFO] ================================================================================
[2026-01-13 01:45:20] [INFO] Starting run_morphcloud_local.py
[2026-01-13 01:45:20] [INFO] ================================================================================
[2026-01-13 01:45:20] [INFO] Environment loaded
[2026-01-13 01:45:20] [INFO] Full command: /root/SorryDB/sorrydb/cli/run_morphcloud_local.py --repo-path /root/repo --sorry-json {"repo": {"remote": "https://github.com/fpvandoorn/LeanCourse25", "branch": "master", "commit": "cd0f32f5b07311e08a9e89733a1375f54eb790c0", "lean_version": "v4.24.0"}, "location": {"path": "LeanCourse25/Lectures/Lecture21After.lean", "start_line": 109, "start_column": 52, "end_line": 109, "end_column": 57}, "debug_info": {"goal": "a b c d n : \u2124\n\u22a2 a + b * n + d - 37 = 4", "url": "https://github.com/fpvandoorn/LeanCourse25/blob/cd0f32f5b07311e08a9e89733a1375f54eb790c0/LeanCourse25/Lectures/Lecture21After.lean#L109"}, "metadata": {"blame_email_hash": "13ebe891461f", "blame_date": "2026-01-08T12:15:26+01:00", "inclusion_date": "2026-01-10T00:19:36.813828+00:00"}, "id": "17472a24e21bb66b7d692a4b6e9eb645d5dd0e62659e8e0fe465281644757c10"} --agent-strategy {"name": "multi_tactic", "args": {}}
[2026-01-13 01:45:20] [INFO] Arguments parsed: repo_path=/root/repo, output_path=/root/repo/result.json
[2026-01-13 01:45:20] [INFO] Strategy spec: {"name": "multi_tactic", "args": {}}...
[2026-01-13 01:45:20] [INFO] Loading sorry data...
[2026-01-13 01:45:20] [INFO] Parsing sorry from JSON string...
[2026-01-13 01:45:20] [INFO] Sorry data parsed from JSON string
[2026-01-13 01:45:20] [INFO] Creating strategy from spec...
[2026-01-13 01:45:20] [INFO] Parsing strategy spec (length: 36 chars)
[2026-01-13 01:45:20] [INFO] Strategy name: multi_tactic
[2026-01-13 01:45:20] [INFO] Strategy args: {}
[2026-01-13 01:45:20] [INFO] Pass@k value: 1
[2026-01-13 01:45:20] [INFO] Creating strategy: multi_tactic
[2026-01-13 01:45:20] [INFO] Creating multi_tactic strategy with tactics: ['rfl', 'simp', 'simp_all', 'exact?', 'grind', 'ring', 'norm_num', 'omega', 'linarith', 'nlinarith', 'aesop']
[2026-01-13 01:45:20] [INFO] Strategies created: ['rfl', 'simp', 'simp_all', 'exact?', 'grind', 'ring', 'norm_num', 'omega', 'linarith', 'nlinarith', 'aesop']
[2026-01-13 01:45:20] [INFO] Pass@k value: 1
[2026-01-13 01:45:20] [INFO] Creating Sorry object...
[2026-01-13 01:45:20] [INFO] Sorry object created: id=17472a24e21bb66b7d692a4b6e9eb645d5dd0e62659e8e0fe465281644757c10
[2026-01-13 01:45:20] [INFO] Sorry location: LeanCourse25/Lectures/Lecture21After.lean:109
[2026-01-13 01:45:20] [INFO] Context before sorry (lines 104-109):
[2026-01-13 01:45:20] [INFO]   104: -- no need for spaces before closing parentheses
[2026-01-13 01:45:20] [INFO]   105: -- put spaces round colons
[2026-01-13 01:45:20] [INFO]   106: example  {a b c d n:ℤ } : a+(b * n + d  ) -  ( 37) = 4 := sorry
[2026-01-13 01:45:20] [INFO]   107: 
[2026-01-13 01:45:20] [INFO]   108: -- better: let's insert this ourselves!
[2026-01-13 01:45:20] [INFO]   109: example {a b c d n : ℤ} : a + b * n + d - 37 = 4 := sorry
[2026-01-13 01:45:20] [INFO] Sorry line: example {a b c d n : ℤ} : a + b * n + d - 37 = 4 := sorry
[2026-01-13 01:45:20] [INFO] Sorry goal: a b c d n : ℤ
⊢ a + b * n + d - 37 = 4...
[2026-01-13 01:45:20] [INFO] ========================================
[2026-01-13 01:45:20] [INFO] Trying strategy: rfl (up to 1 attempts)
[2026-01-13 01:45:20] [INFO] --------------------
[2026-01-13 01:45:20] [INFO] Strategy rfl, attempt 1/1
[2026-01-13 01:45:20] [INFO] Starting proof generation...
[2026-01-13 01:45:20] [INFO] Repository path: /root/repo
[2026-01-13 01:45:20] [INFO] Proof generation completed
[2026-01-13 01:45:20] [INFO] Generated proof:
[2026-01-13 01:45:20] [INFO] rfl
[2026-01-13 01:45:20] [INFO] Proof length: 3 chars
[2026-01-13 01:45:20] [INFO] Starting proof verification...
[2026-01-13 01:45:20] [INFO] Verifying at: LeanCourse25/Lectures/Lecture21After.lean:109
[2026-01-13 01:45:20] [INFO] Using LEAN INTERACT verify
[2026-01-13 01:45:20] [INFO] Checking file
[2026-01-13 01:45:52] [INFO] Cannot build modified file <error line="109" column="52">
<code_line>example {a b c d n : ℤ} : a + b * n + d - 37 = 4 := rfl</code_line>
<message>error: Type mismatch</message>
</error>
  rfl
has type
  ?m.23 = ?m.23
but is expected to have type
  a + b * n + d - 37 = 4

Note: This linter can be disabled with `set_option linter.unusedVariables false`

Note: This linter can be disabled with `set_option linter.unusedVariables false`

Note: This linter can be disabled with `set_option linter.unusedVariables false`
  exact h0
Please focus on the current goal, for instance using `·` (typed as "\.").

Note: This linter can be disabled with `set_option linter.style.multiGoal false`

Note: This linter can be disabled with `set_option linter.flexible false`
… and 'exact hm' uses '⊢'!

Note: This linter can be disabled with `set_option linter.unusedTactic false`
[2026-01-13 01:45:52] [INFO] Proof verification completed
[2026-01-13 01:45:52] [INFO] Strategy rfl attempt 1: verified=False
[2026-01-13 01:45:52] [INFO] Verification message: Cannot build modified file: <error line="109" column="52">
<code_line>example {a b c d n : ℤ} : a + b * n + d - 37 = 4 := rfl</code_line>
<message>error: Type mismatch</message>
</error>
  rfl
has type
  ?m.23 = ?m.23
but is expected to have type
  a + b * n + d - 37 = 4

Note: This linter can be disabled with `set_option linter.unusedVariables false`

Note: This linter can be disabled with `set_option linter.unusedVariables false`

Note: This linter can be disabled with `set_option linter.unusedVariables false`
  exact h0
Please focus on the current goal, for instance using `·` (typed as "\.").

Note: This linter can be disabled with `set_option linter.style.multiGoal false`

Note: This linter can be disabled with `set_option linter.flexible false`
… and 'exact hm' uses '⊢'!

Note: This linter can be disabled with `set_option linter.unusedTactic false`

[2026-01-13 01:45:52] [INFO] Attempt 1 failed verification, continuing...
[2026-01-13 01:45:52] [INFO] ========================================
[2026-01-13 01:45:52] [INFO] Trying strategy: simp (up to 1 attempts)
[2026-01-13 01:45:52] [INFO] --------------------
[2026-01-13 01:45:52] [INFO] Strategy simp, attempt 1/1
[2026-01-13 01:45:52] [INFO] Starting proof generation...
[2026-01-13 01:45:52] [INFO] Repository path: /root/repo
[2026-01-13 01:45:52] [INFO] Proof generation completed
[2026-01-13 01:45:52] [INFO] Generated proof:
[2026-01-13 01:45:52] [INFO] simp
[2026-01-13 01:45:52] [INFO] Proof length: 4 chars
[2026-01-13 01:45:52] [INFO] Starting proof verification...
[2026-01-13 01:45:52] [INFO] Verifying at: LeanCourse25/Lectures/Lecture21After.lean:109
[2026-01-13 01:45:52] [INFO] Using LEAN INTERACT verify
[2026-01-13 01:45:52] [INFO] Checking file
[2026-01-13 01:46:00] [INFO] Cannot build modified file LeanCourse25/Lectures/tmp13emq5lb.lean:109:52: error(lean.unknownIdentifier): Unknown identifier `simp`

Note: This linter can be disabled with `set_option linter.unusedVariables false`

Note: This linter can be disabled with `set_option linter.unusedVariables false`

Note: This linter can be disabled with `set_option linter.unusedVariables false`
  exact h0
Please focus on the current goal, for instance using `·` (typed as "\.").

Note: This linter can be disabled with `set_option linter.style.multiGoal false`

Note: This linter can be disabled with `set_option linter.flexible false`
… and 'exact hm' uses '⊢'!

Note: This linter can be disabled with `set_option linter.unusedTactic false`
[2026-01-13 01:46:00] [INFO] Proof verification completed
[2026-01-13 01:46:00] [INFO] Strategy simp attempt 1: verified=False
[2026-01-13 01:46:00] [INFO] Verification message: Cannot build modified file: LeanCourse25/Lectures/tmp13emq5lb.lean:109:52: error(lean.unknownIdentifier): Unknown identifier `simp`

Note: This linter can be disabled with `set_option linter.unusedVariables false`

Note: This linter can be disabled with `set_option linter.unusedVariables false`

Note: This linter can be disabled with `set_option linter.unusedVariables false`
  exact h0
Please focus on the current goal, for instance using `·` (typed as "\.").

Note: This linter can be disabled with `set_option linter.style.multiGoal false`

Note: This linter can be disabled with `set_option linter.flexible false`
… and 'exact hm' uses '⊢'!

Note: This linter can be disabled with `set_option linter.unusedTactic false`

[2026-01-13 01:46:00] [INFO] Attempt 1 failed verification, continuing...
[2026-01-13 01:46:00] [INFO] ========================================
[2026-01-13 01:46:00] [INFO] Trying strategy: simp_all (up to 1 attempts)
[2026-01-13 01:46:00] [INFO] --------------------
[2026-01-13 01:46:00] [INFO] Strategy simp_all, attempt 1/1
[2026-01-13 01:46:00] [INFO] Starting proof generation...
[2026-01-13 01:46:00] [INFO] Repository path: /root/repo
[2026-01-13 01:46:00] [INFO] Proof generation completed
[2026-01-13 01:46:00] [INFO] Generated proof:
[2026-01-13 01:46:00] [INFO] simp_all
[2026-01-13 01:46:00] [INFO] Proof length: 8 chars
[2026-01-13 01:46:00] [INFO] Starting proof verification...
[2026-01-13 01:46:00] [INFO] Verifying at: LeanCourse25/Lectures/Lecture21After.lean:109
[2026-01-13 01:46:00] [INFO] Using LEAN INTERACT verify
[2026-01-13 01:46:00] [INFO] Checking file
[2026-01-13 01:46:06] [INFO] Cannot build modified file LeanCourse25/Lectures/tmpml7cfp4j.lean:109:52: error(lean.unknownIdentifier): Unknown identifier `simp_all`

Note: This linter can be disabled with `set_option linter.unusedVariables false`

Note: This linter can be disabled with `set_option linter.unusedVariables false`

Note: This linter can be disabled with `set_option linter.unusedVariables false`
  exact h0
Please focus on the current goal, for instance using `·` (typed as "\.").

Note: This linter can be disabled with `set_option linter.style.multiGoal false`

Note: This linter can be disabled with `set_option linter.flexible false`
… and 'exact hm' uses '⊢'!

Note: This linter can be disabled with `set_option linter.unusedTactic false`
[2026-01-13 01:46:06] [INFO] Proof verification completed
[2026-01-13 01:46:06] [INFO] Strategy simp_all attempt 1: verified=False
[2026-01-13 01:46:06] [INFO] Verification message: Cannot build modified file: LeanCourse25/Lectures/tmpml7cfp4j.lean:109:52: error(lean.unknownIdentifier): Unknown identifier `simp_all`

Note: This linter can be disabled with `set_option linter.unusedVariables false`

Note: This linter can be disabled with `set_option linter.unusedVariables false`

Note: This linter can be disabled with `set_option linter.unusedVariables false`
  exact h0
Please focus on the current goal, for instance using `·` (typed as "\.").

Note: This linter can be disabled with `set_option linter.style.multiGoal false`

Note: This linter can be disabled with `set_option linter.flexible false`
… and 'exact hm' uses '⊢'!

Note: This linter can be disabled with `set_option linter.unusedTactic false`

[2026-01-13 01:46:06] [INFO] Attempt 1 failed verification, continuing...
[2026-01-13 01:46:06] [INFO] ========================================
[2026-01-13 01:46:06] [INFO] Trying strategy: exact? (up to 1 attempts)
[2026-01-13 01:46:06] [INFO] --------------------
[2026-01-13 01:46:06] [INFO] Strategy exact?, attempt 1/1
[2026-01-13 01:46:06] [INFO] Starting proof generation...
[2026-01-13 01:46:06] [INFO] Repository path: /root/repo
[2026-01-13 01:46:06] [INFO] Proof generation completed
[2026-01-13 01:46:06] [INFO] Generated proof:
[2026-01-13 01:46:06] [INFO] exact?
[2026-01-13 01:46:06] [INFO] Proof length: 6 chars
[2026-01-13 01:46:06] [INFO] Starting proof verification...
[2026-01-13 01:46:06] [INFO] Verifying at: LeanCourse25/Lectures/Lecture21After.lean:109
[2026-01-13 01:46:06] [INFO] Using LEAN INTERACT verify
[2026-01-13 01:46:06] [INFO] Checking file
[2026-01-13 01:46:12] [INFO] Cannot build modified file LeanCourse25/Lectures/tmpj209rlvs.lean:109:52: error(lean.unknownIdentifier): Unknown identifier `exact?`

Note: This linter can be disabled with `set_option linter.unusedVariables false`

Note: This linter can be disabled with `set_option linter.unusedVariables false`

Note: This linter can be disabled with `set_option linter.unusedVariables false`
  exact h0
Please focus on the current goal, for instance using `·` (typed as "\.").

Note: This linter can be disabled with `set_option linter.style.multiGoal false`

Note: This linter can be disabled with `set_option linter.flexible false`
… and 'exact hm' uses '⊢'!

Note: This linter can be disabled with `set_option linter.unusedTactic false`
[2026-01-13 01:46:12] [INFO] Proof verification completed
[2026-01-13 01:46:12] [INFO] Strategy exact? attempt 1: verified=False
[2026-01-13 01:46:12] [INFO] Verification message: Cannot build modified file: LeanCourse25/Lectures/tmpj209rlvs.lean:109:52: error(lean.unknownIdentifier): Unknown identifier `exact?`

Note: This linter can be disabled with `set_option linter.unusedVariables false`

Note: This linter can be disabled with `set_option linter.unusedVariables false`

Note: This linter can be disabled with `set_option linter.unusedVariables false`
  exact h0
Please focus on the current goal, for instance using `·` (typed as "\.").

Note: This linter can be disabled with `set_option linter.style.multiGoal false`

Note: This linter can be disabled with `set_option linter.flexible false`
… and 'exact hm' uses '⊢'!

Note: This linter can be disabled with `set_option linter.unusedTactic false`

[2026-01-13 01:46:12] [INFO] Attempt 1 failed verification, continuing...
[2026-01-13 01:46:12] [INFO] ========================================
[2026-01-13 01:46:12] [INFO] Trying strategy: grind (up to 1 attempts)
[2026-01-13 01:46:12] [INFO] --------------------
[2026-01-13 01:46:12] [INFO] Strategy grind, attempt 1/1
[2026-01-13 01:46:12] [INFO] Starting proof generation...
[2026-01-13 01:46:12] [INFO] Repository path: /root/repo
[2026-01-13 01:46:12] [INFO] Proof generation completed
[2026-01-13 01:46:12] [INFO] Generated proof:
[2026-01-13 01:46:12] [INFO] grind
[2026-01-13 01:46:12] [INFO] Proof length: 5 chars
[2026-01-13 01:46:12] [INFO] Starting proof verification...
[2026-01-13 01:46:12] [INFO] Verifying at: LeanCourse25/Lectures/Lecture21After.lean:109
[2026-01-13 01:46:12] [INFO] Using LEAN INTERACT verify
[2026-01-13 01:46:12] [INFO] Checking file
[2026-01-13 01:46:17] [INFO] Cannot build modified file LeanCourse25/Lectures/tmpyr2cr57z.lean:109:52: error(lean.unknownIdentifier): Unknown identifier `grind`

Note: This linter can be disabled with `set_option linter.unusedVariables false`

Note: This linter can be disabled with `set_option linter.unusedVariables false`

Note: This linter can be disabled with `set_option linter.unusedVariables false`
  exact h0
Please focus on the current goal, for instance using `·` (typed as "\.").

Note: This linter can be disabled with `set_option linter.style.multiGoal false`

Note: This linter can be disabled with `set_option linter.flexible false`
… and 'exact hm' uses '⊢'!

Note: This linter can be disabled with `set_option linter.unusedTactic false`
[2026-01-13 01:46:17] [INFO] Proof verification completed
[2026-01-13 01:46:17] [INFO] Strategy grind attempt 1: verified=False
[2026-01-13 01:46:17] [INFO] Verification message: Cannot build modified file: LeanCourse25/Lectures/tmpyr2cr57z.lean:109:52: error(lean.unknownIdentifier): Unknown identifier `grind`

Note: This linter can be disabled with `set_option linter.unusedVariables false`

Note: This linter can be disabled with `set_option linter.unusedVariables false`

Note: This linter can be disabled with `set_option linter.unusedVariables false`
  exact h0
Please focus on the current goal, for instance using `·` (typed as "\.").

Note: This linter can be disabled with `set_option linter.style.multiGoal false`

Note: This linter can be disabled with `set_option linter.flexible false`
… and 'exact hm' uses '⊢'!

Note: This linter can be disabled with `set_option linter.unusedTactic false`

[2026-01-13 01:46:17] [INFO] Attempt 1 failed verification, continuing...
[2026-01-13 01:46:17] [INFO] ========================================
[2026-01-13 01:46:17] [INFO] Trying strategy: ring (up to 1 attempts)
[2026-01-13 01:46:17] [INFO] --------------------
[2026-01-13 01:46:17] [INFO] Strategy ring, attempt 1/1
[2026-01-13 01:46:17] [INFO] Starting proof generation...
[2026-01-13 01:46:17] [INFO] Repository path: /root/repo
[2026-01-13 01:46:17] [INFO] Proof generation completed
[2026-01-13 01:46:17] [INFO] Generated proof:
[2026-01-13 01:46:17] [INFO] ring
[2026-01-13 01:46:17] [INFO] Proof length: 4 chars
[2026-01-13 01:46:17] [INFO] Starting proof verification...
[2026-01-13 01:46:17] [INFO] Verifying at: LeanCourse25/Lectures/Lecture21After.lean:109
[2026-01-13 01:46:17] [INFO] Using LEAN INTERACT verify
[2026-01-13 01:46:17] [INFO] Checking file
[2026-01-13 01:46:23] [INFO] Cannot build modified file LeanCourse25/Lectures/tmp80730mct.lean:109:52: error(lean.unknownIdentifier): Unknown identifier `ring`

Note: This linter can be disabled with `set_option linter.unusedVariables false`

Note: This linter can be disabled with `set_option linter.unusedVariables false`

Note: This linter can be disabled with `set_option linter.unusedVariables false`
  exact h0
Please focus on the current goal, for instance using `·` (typed as "\.").

Note: This linter can be disabled with `set_option linter.style.multiGoal false`

Note: This linter can be disabled with `set_option linter.flexible false`
… and 'exact hm' uses '⊢'!

Note: This linter can be disabled with `set_option linter.unusedTactic false`
[2026-01-13 01:46:23] [INFO] Proof verification completed
[2026-01-13 01:46:23] [INFO] Strategy ring attempt 1: verified=False
[2026-01-13 01:46:23] [INFO] Verification message: Cannot build modified file: LeanCourse25/Lectures/tmp80730mct.lean:109:52: error(lean.unknownIdentifier): Unknown identifier `ring`

Note: This linter can be disabled with `set_option linter.unusedVariables false`

Note: This linter can be disabled with `set_option linter.unusedVariables false`

Note: This linter can be disabled with `set_option linter.unusedVariables false`
  exact h0
Please focus on the current goal, for instance using `·` (typed as "\.").

Note: This linter can be disabled with `set_option linter.style.multiGoal false`

Note: This linter can be disabled with `set_option linter.flexible false`
… and 'exact hm' uses '⊢'!

Note: This linter can be disabled with `set_option linter.unusedTactic false`

[2026-01-13 01:46:23] [INFO] Attempt 1 failed verification, continuing...
[2026-01-13 01:46:23] [INFO] ========================================
[2026-01-13 01:46:23] [INFO] Trying strategy: norm_num (up to 1 attempts)
[2026-01-13 01:46:23] [INFO] --------------------
[2026-01-13 01:46:23] [INFO] Strategy norm_num, attempt 1/1
[2026-01-13 01:46:23] [INFO] Starting proof generation...
[2026-01-13 01:46:23] [INFO] Repository path: /root/repo
[2026-01-13 01:46:23] [INFO] Proof generation completed
[2026-01-13 01:46:23] [INFO] Generated proof:
[2026-01-13 01:46:23] [INFO] norm_num
[2026-01-13 01:46:23] [INFO] Proof length: 8 chars
[2026-01-13 01:46:23] [INFO] Starting proof verification...
[2026-01-13 01:46:23] [INFO] Verifying at: LeanCourse25/Lectures/Lecture21After.lean:109
[2026-01-13 01:46:23] [INFO] Using LEAN INTERACT verify
[2026-01-13 01:46:23] [INFO] Checking file
[2026-01-13 01:46:29] [INFO] Cannot build modified file <error line="109" column="52">
<code_line>example {a b c d n : ℤ} : a + b * n + d - 37 = 4 := norm_num</code_line>
<message>error: Type mismatch</message>
</error>
  norm_num
has type
  Lean.ParserDescr
of sort `Type` but is expected to have type
  a + b * n + d - 37 = 4
of sort `Prop`

Note: This linter can be disabled with `set_option linter.unusedVariables false`

Note: This linter can be disabled with `set_option linter.unusedVariables false`

Note: This linter can be disabled with `set_option linter.unusedVariables false`
  exact h0
Please focus on the current goal, for instance using `·` (typed as "\.").

Note: This linter can be disabled with `set_option linter.style.multiGoal false`

Note: This linter can be disabled with `set_option linter.flexible false`
… and 'exact hm' uses '⊢'!

Note: This linter can be disabled with `set_option linter.unusedTactic false`
[2026-01-13 01:46:29] [INFO] Proof verification completed
[2026-01-13 01:46:29] [INFO] Strategy norm_num attempt 1: verified=False
[2026-01-13 01:46:29] [INFO] Verification message: Cannot build modified file: <error line="109" column="52">
<code_line>example {a b c d n : ℤ} : a + b * n + d - 37 = 4 := norm_num</code_line>
<message>error: Type mismatch</message>
</error>
  norm_num
has type
  Lean.ParserDescr
of sort `Type` but is expected to have type
  a + b * n + d - 37 = 4
of sort `Prop`

Note: This linter can be disabled with `set_option linter.unusedVariables false`

Note: This linter can be disabled with `set_option linter.unusedVariables false`

Note: This linter can be disabled with `set_option linter.unusedVariables false`
  exact h0
Please focus on the current goal, for instance using `·` (typed as "\.").

Note: This linter can be disabled with `set_option linter.style.multiGoal false`

Note: This linter can be disabled with `set_option linter.flexible false`
… and 'exact hm' uses '⊢'!

Note: This linter can be disabled with `set_option linter.unusedTactic false`

[2026-01-13 01:46:29] [INFO] Attempt 1 failed verification, continuing...
[2026-01-13 01:46:29] [INFO] ========================================
[2026-01-13 01:46:29] [INFO] Trying strategy: omega (up to 1 attempts)
[2026-01-13 01:46:29] [INFO] --------------------
[2026-01-13 01:46:29] [INFO] Strategy omega, attempt 1/1
[2026-01-13 01:46:29] [INFO] Starting proof generation...
[2026-01-13 01:46:29] [INFO] Repository path: /root/repo
[2026-01-13 01:46:29] [INFO] Proof generation completed
[2026-01-13 01:46:29] [INFO] Generated proof:
[2026-01-13 01:46:29] [INFO] omega
[2026-01-13 01:46:29] [INFO] Proof length: 5 chars
[2026-01-13 01:46:29] [INFO] Starting proof verification...
[2026-01-13 01:46:29] [INFO] Verifying at: LeanCourse25/Lectures/Lecture21After.lean:109
[2026-01-13 01:46:29] [INFO] Using LEAN INTERACT verify
[2026-01-13 01:46:29] [INFO] Checking file
[2026-01-13 01:46:35] [INFO] Cannot build modified file LeanCourse25/Lectures/tmp_35qwzs5.lean:109:52: error(lean.unknownIdentifier): Unknown identifier `omega`

Note: This linter can be disabled with `set_option linter.unusedVariables false`

Note: This linter can be disabled with `set_option linter.unusedVariables false`

Note: This linter can be disabled with `set_option linter.unusedVariables false`
  exact h0
Please focus on the current goal, for instance using `·` (typed as "\.").

Note: This linter can be disabled with `set_option linter.style.multiGoal false`

Note: This linter can be disabled with `set_option linter.flexible false`
… and 'exact hm' uses '⊢'!

Note: This linter can be disabled with `set_option linter.unusedTactic false`
[2026-01-13 01:46:35] [INFO] Proof verification completed
[2026-01-13 01:46:35] [INFO] Strategy omega attempt 1: verified=False
[2026-01-13 01:46:35] [INFO] Verification message: Cannot build modified file: LeanCourse25/Lectures/tmp_35qwzs5.lean:109:52: error(lean.unknownIdentifier): Unknown identifier `omega`

Note: This linter can be disabled with `set_option linter.unusedVariables false`

Note: This linter can be disabled with `set_option linter.unusedVariables false`

Note: This linter can be disabled with `set_option linter.unusedVariables false`
  exact h0
Please focus on the current goal, for instance using `·` (typed as "\.").

Note: This linter can be disabled with `set_option linter.style.multiGoal false`

Note: This linter can be disabled with `set_option linter.flexible false`
… and 'exact hm' uses '⊢'!

Note: This linter can be disabled with `set_option linter.unusedTactic false`

[2026-01-13 01:46:35] [INFO] Attempt 1 failed verification, continuing...
[2026-01-13 01:46:35] [INFO] ========================================
[2026-01-13 01:46:35] [INFO] Trying strategy: linarith (up to 1 attempts)
[2026-01-13 01:46:35] [INFO] --------------------
[2026-01-13 01:46:35] [INFO] Strategy linarith, attempt 1/1
[2026-01-13 01:46:35] [INFO] Starting proof generation...
[2026-01-13 01:46:35] [INFO] Repository path: /root/repo
[2026-01-13 01:46:35] [INFO] Proof generation completed
[2026-01-13 01:46:35] [INFO] Generated proof:
[2026-01-13 01:46:35] [INFO] linarith
[2026-01-13 01:46:35] [INFO] Proof length: 8 chars
[2026-01-13 01:46:35] [INFO] Starting proof verification...
[2026-01-13 01:46:35] [INFO] Verifying at: LeanCourse25/Lectures/Lecture21After.lean:109
[2026-01-13 01:46:35] [INFO] Using LEAN INTERACT verify
[2026-01-13 01:46:35] [INFO] Checking file
[2026-01-13 01:46:41] [INFO] Cannot build modified file LeanCourse25/Lectures/tmpks9uli_e.lean:109:52: error(lean.unknownIdentifier): Unknown identifier `linarith`

Note: This linter can be disabled with `set_option linter.unusedVariables false`

Note: This linter can be disabled with `set_option linter.unusedVariables false`

Note: This linter can be disabled with `set_option linter.unusedVariables false`
  exact h0
Please focus on the current goal, for instance using `·` (typed as "\.").

Note: This linter can be disabled with `set_option linter.style.multiGoal false`

Note: This linter can be disabled with `set_option linter.flexible false`
… and 'exact hm' uses '⊢'!

Note: This linter can be disabled with `set_option linter.unusedTactic false`
[2026-01-13 01:46:41] [INFO] Proof verification completed
[2026-01-13 01:46:41] [INFO] Strategy linarith attempt 1: verified=False
[2026-01-13 01:46:41] [INFO] Verification message: Cannot build modified file: LeanCourse25/Lectures/tmpks9uli_e.lean:109:52: error(lean.unknownIdentifier): Unknown identifier `linarith`

Note: This linter can be disabled with `set_option linter.unusedVariables false`

Note: This linter can be disabled with `set_option linter.unusedVariables false`

Note: This linter can be disabled with `set_option linter.unusedVariables false`
  exact h0
Please focus on the current goal, for instance using `·` (typed as "\.").

Note: This linter can be disabled with `set_option linter.style.multiGoal false`

Note: This linter can be disabled with `set_option linter.flexible false`
… and 'exact hm' uses '⊢'!

Note: This linter can be disabled with `set_option linter.unusedTactic false`

[2026-01-13 01:46:41] [INFO] Attempt 1 failed verification, continuing...
[2026-01-13 01:46:41] [INFO] ========================================
[2026-01-13 01:46:41] [INFO] Trying strategy: nlinarith (up to 1 attempts)
[2026-01-13 01:46:41] [INFO] --------------------
[2026-01-13 01:46:41] [INFO] Strategy nlinarith, attempt 1/1
[2026-01-13 01:46:41] [INFO] Starting proof generation...
[2026-01-13 01:46:41] [INFO] Repository path: /root/repo
[2026-01-13 01:46:41] [INFO] Proof generation completed
[2026-01-13 01:46:41] [INFO] Generated proof:
[2026-01-13 01:46:41] [INFO] nlinarith
[2026-01-13 01:46:41] [INFO] Proof length: 9 chars
[2026-01-13 01:46:41] [INFO] Starting proof verification...
[2026-01-13 01:46:41] [INFO] Verifying at: LeanCourse25/Lectures/Lecture21After.lean:109
[2026-01-13 01:46:41] [INFO] Using LEAN INTERACT verify
[2026-01-13 01:46:41] [INFO] Checking file
[2026-01-13 01:46:48] [INFO] Cannot build modified file LeanCourse25/Lectures/tmpi9hhkuio.lean:109:52: error(lean.unknownIdentifier): Unknown identifier `nlinarith`

Note: This linter can be disabled with `set_option linter.unusedVariables false`

Note: This linter can be disabled with `set_option linter.unusedVariables false`

Note: This linter can be disabled with `set_option linter.unusedVariables false`
  exact h0
Please focus on the current goal, for instance using `·` (typed as "\.").

Note: This linter can be disabled with `set_option linter.style.multiGoal false`

Note: This linter can be disabled with `set_option linter.flexible false`
… and 'exact hm' uses '⊢'!

Note: This linter can be disabled with `set_option linter.unusedTactic false`
[2026-01-13 01:46:48] [INFO] Proof verification completed
[2026-01-13 01:46:48] [INFO] Strategy nlinarith attempt 1: verified=False
[2026-01-13 01:46:48] [INFO] Verification message: Cannot build modified file: LeanCourse25/Lectures/tmpi9hhkuio.lean:109:52: error(lean.unknownIdentifier): Unknown identifier `nlinarith`

Note: This linter can be disabled with `set_option linter.unusedVariables false`

Note: This linter can be disabled with `set_option linter.unusedVariables false`

Note: This linter can be disabled with `set_option linter.unusedVariables false`
  exact h0
Please focus on the current goal, for instance using `·` (typed as "\.").

Note: This linter can be disabled with `set_option linter.style.multiGoal false`

Note: This linter can be disabled with `set_option linter.flexible false`
… and 'exact hm' uses '⊢'!

Note: This linter can be disabled with `set_option linter.unusedTactic false`

[2026-01-13 01:46:48] [INFO] Attempt 1 failed verification, continuing...
[2026-01-13 01:46:48] [INFO] ========================================
[2026-01-13 01:46:48] [INFO] Trying strategy: aesop (up to 1 attempts)
[2026-01-13 01:46:48] [INFO] --------------------
[2026-01-13 01:46:48] [INFO] Strategy aesop, attempt 1/1
[2026-01-13 01:46:48] [INFO] Starting proof generation...
[2026-01-13 01:46:48] [INFO] Repository path: /root/repo
[2026-01-13 01:46:48] [INFO] Proof generation completed
[2026-01-13 01:46:48] [INFO] Generated proof:
[2026-01-13 01:46:48] [INFO] aesop
[2026-01-13 01:46:48] [INFO] Proof length: 5 chars
[2026-01-13 01:46:48] [INFO] Starting proof verification...
[2026-01-13 01:46:48] [INFO] Verifying at: LeanCourse25/Lectures/Lecture21After.lean:109
[2026-01-13 01:46:48] [INFO] Using LEAN INTERACT verify
[2026-01-13 01:46:48] [INFO] Checking file
[2026-01-13 01:46:54] [INFO] Cannot build modified file LeanCourse25/Lectures/tmpphk03bcz.lean:109:52: error(lean.unknownIdentifier): Unknown identifier `aesop`

Note: This linter can be disabled with `set_option linter.unusedVariables false`

Note: This linter can be disabled with `set_option linter.unusedVariables false`

Note: This linter can be disabled with `set_option linter.unusedVariables false`
  exact h0
Please focus on the current goal, for instance using `·` (typed as "\.").

Note: This linter can be disabled with `set_option linter.style.multiGoal false`

Note: This linter can be disabled with `set_option linter.flexible false`
… and 'exact hm' uses '⊢'!

Note: This linter can be disabled with `set_option linter.unusedTactic false`
[2026-01-13 01:46:54] [INFO] Proof verification completed
[2026-01-13 01:46:54] [INFO] Strategy aesop attempt 1: verified=False
[2026-01-13 01:46:54] [INFO] Verification message: Cannot build modified file: LeanCourse25/Lectures/tmpphk03bcz.lean:109:52: error(lean.unknownIdentifier): Unknown identifier `aesop`

Note: This linter can be disabled with `set_option linter.unusedVariables false`

Note: This linter can be disabled with `set_option linter.unusedVariables false`

Note: This linter can be disabled with `set_option linter.unusedVariables false`
  exact h0
Please focus on the current goal, for instance using `·` (typed as "\.").

Note: This linter can be disabled with `set_option linter.style.multiGoal false`

Note: This linter can be disabled with `set_option linter.flexible false`
… and 'exact hm' uses '⊢'!

Note: This linter can be disabled with `set_option linter.unusedTactic false`

[2026-01-13 01:46:54] [INFO] Attempt 1 failed verification, continuing...
[2026-01-13 01:46:54] [INFO] ========================================
[2026-01-13 01:46:54] [INFO] Pass@k completed. Total results: 1
[2026-01-13 01:46:54] [INFO] FAILED: All 11 strategies x 1 attempts
[2026-01-13 01:46:54] [INFO] Writing results to file: /root/repo/result.json
[2026-01-13 01:46:54] [INFO] Result file written successfully
[2026-01-13 01:46:54] [INFO] Results exported to: /root/repo/result.json
[2026-01-13 01:46:54] [INFO] run_morphcloud_local.py completed successfully

[2026-01-13 01:46:56] [process_single_sorry] Downloading result file...
[2026-01-13 01:46:56] [process_single_sorry] Downloaded result to intermediate_experiment_outputs_full_reservoir_3_months/multi_tactic/2026-01-13_01-27-45_multi_tactic/individual/17472a24e21bb66b7d692a4b6e9eb645d5dd0e62659e8e0fe465281644757c10.json
[2026-01-13 01:46:59] [process_single_sorry] Instance context closed successfully
[2026-01-13 01:46:59] [process_single_sorry] Parsing result file...
[2026-01-13 01:46:59] [process_single_sorry] Successfully parsed result (list format, 1 results)
