[2026-01-13 03:47:53] [process_single_sorry] Starting for sorry 52f1d9a96fb6c98abbf2c0d3e4de61011ce9cf3017e3f07c6626756911ca711e
[2026-01-13 03:47:53] [process_single_sorry] Using snapshot: snapshot_zto64dt2
[2026-01-13 03:47:53] [process_single_sorry] Repository: https://github.com/google-deepmind/formal-imo@d3f9410760a5566c773a9136023a08d9be86684e
[2026-01-13 03:47:53] [process_single_sorry] Instance name: formal-imo_d3f9410760a5_multi_tactic_52f1d9a96fb6c98abbf2c0d3e4de61011ce9cf3017e3f07c6626756911ca711e
[2026-01-13 03:47:53] [process_single_sorry] Starting attempt 1/3
[2026-01-13 03:47:53] [process_single_sorry] Starting instance from snapshot...
[2026-01-13 03:47:54] [process_single_sorry] Instance started successfully: morphvm_oz99dou2
[2026-01-13 03:47:54] [process_single_sorry] Creating .env file...
[2026-01-13 03:47:58] [process_single_sorry] .env file created (exit_code: 0)
[2026-01-13 03:47:58] [process_single_sorry] Executing agent command...
[2026-01-13 03:50:42] [process_single_sorry] Agent command completed (exit_code: 0)
[2026-01-13 03:50:42] [process_single_sorry] STDOUT:

Results JSON:
[
  {
    "sorry": {
      "repo": {
        "remote": "https://github.com/google-deepmind/formal-imo",
        "branch": "main",
        "commit": "d3f9410760a5566c773a9136023a08d9be86684e",
        "lean_version": "v4.22.0"
      },
      "location": {
        "path": "Imo/1984/P1.lean",
        "start_line": 28,
        "start_column": 2,
        "end_line": 28,
        "end_column": 7
      },
      "debug_info": {
        "goal": "x y z : ℝ\nh₀ : 0 ≤ x ∧ 0 ≤ y ∧ 0 ≤ z\nh₁ : x + y + z = 1\n⊢ 0 ≤ y * z + z * x + x * y - 2 * x * y * z ∧ y * z + z * x + x * y - 2 * x * y * z ≤ 7 / 27",
        "url": "https://github.com/google-deepmind/formal-imo/blob/d3f9410760a5566c773a9136023a08d9be86684e/Imo/1984/P1.lean#L28"
      },
      "metadata": {
        "blame_email_hash": "0baf90d5af49",
        "blame_date": "2025-01-16T19:10:00+00:00",
        "inclusion_date": "2026-01-10T05:44:37.562726+00:00"
      },
      "id": "52f1d9a96fb6c98abbf2c0d3e4de61011ce9cf3017e3f07c6626756911ca711e"
    },
    "proof": null,
    "proof_verified": false,
    "feedback": null,
    "verification_message": "All 11 attempts failed (11 strategies x 1 attempts each)",
    "success": true,
    "error_type": null,
    "error_message": null,
    "strategy_name": "all_failed_k=1",
    "proof_attempts": [
      "rfl",
      "simp",
      "simp_all",
      "exact?",
      "grind",
      "ring",
      "norm_num",
      "omega",
      "linarith",
      "nlinarith",
      "aesop"
    ]
  }
]

[2026-01-13 03:50:42] [process_single_sorry] STDERR:
None of PyTorch, TensorFlow >= 2.0, or Flax have been found. Models won't be available and only tokenizers, configuration and file/data utilities can be used.
[2026-01-13 03:48:17] [INFO] ================================================================================
[2026-01-13 03:48:17] [INFO] Starting run_morphcloud_local.py
[2026-01-13 03:48:17] [INFO] ================================================================================
[2026-01-13 03:48:17] [INFO] Environment loaded
[2026-01-13 03:48:17] [INFO] Full command: /root/SorryDB/sorrydb/cli/run_morphcloud_local.py --repo-path /root/repo --sorry-json {"repo": {"remote": "https://github.com/google-deepmind/formal-imo", "branch": "main", "commit": "d3f9410760a5566c773a9136023a08d9be86684e", "lean_version": "v4.22.0"}, "location": {"path": "Imo/1984/P1.lean", "start_line": 28, "start_column": 2, "end_line": 28, "end_column": 7}, "debug_info": {"goal": "x y z : \u211d\nh\u2080 : 0 \u2264 x \u2227 0 \u2264 y \u2227 0 \u2264 z\nh\u2081 : x + y + z = 1\n\u22a2 0 \u2264 y * z + z * x + x * y - 2 * x * y * z \u2227 y * z + z * x + x * y - 2 * x * y * z \u2264 7 / 27", "url": "https://github.com/google-deepmind/formal-imo/blob/d3f9410760a5566c773a9136023a08d9be86684e/Imo/1984/P1.lean#L28"}, "metadata": {"blame_email_hash": "0baf90d5af49", "blame_date": "2025-01-16T19:10:00+00:00", "inclusion_date": "2026-01-10T05:44:37.562726+00:00"}, "id": "52f1d9a96fb6c98abbf2c0d3e4de61011ce9cf3017e3f07c6626756911ca711e"} --agent-strategy {"name": "multi_tactic", "args": {}}
[2026-01-13 03:48:17] [INFO] Arguments parsed: repo_path=/root/repo, output_path=/root/repo/result.json
[2026-01-13 03:48:17] [INFO] Strategy spec: {"name": "multi_tactic", "args": {}}...
[2026-01-13 03:48:17] [INFO] Loading sorry data...
[2026-01-13 03:48:17] [INFO] Parsing sorry from JSON string...
[2026-01-13 03:48:17] [INFO] Sorry data parsed from JSON string
[2026-01-13 03:48:17] [INFO] Creating strategy from spec...
[2026-01-13 03:48:17] [INFO] Parsing strategy spec (length: 36 chars)
[2026-01-13 03:48:17] [INFO] Strategy name: multi_tactic
[2026-01-13 03:48:17] [INFO] Strategy args: {}
[2026-01-13 03:48:17] [INFO] Pass@k value: 1
[2026-01-13 03:48:17] [INFO] Creating strategy: multi_tactic
[2026-01-13 03:48:17] [INFO] Creating multi_tactic strategy with tactics: ['rfl', 'simp', 'simp_all', 'exact?', 'grind', 'ring', 'norm_num', 'omega', 'linarith', 'nlinarith', 'aesop']
[2026-01-13 03:48:17] [INFO] Strategies created: ['rfl', 'simp', 'simp_all', 'exact?', 'grind', 'ring', 'norm_num', 'omega', 'linarith', 'nlinarith', 'aesop']
[2026-01-13 03:48:17] [INFO] Pass@k value: 1
[2026-01-13 03:48:17] [INFO] Creating Sorry object...
[2026-01-13 03:48:17] [INFO] Sorry object created: id=52f1d9a96fb6c98abbf2c0d3e4de61011ce9cf3017e3f07c6626756911ca711e
[2026-01-13 03:48:17] [INFO] Sorry location: Imo/1984/P1.lean:28
[2026-01-13 03:48:17] [INFO] Context before sorry (lines 23-28):
[2026-01-13 03:48:17] [INFO]   23: Prove that $0\le yz+zx+xy-2xyz\le{7\over27}$, where $x,y$ and $z$ are non-negative real numbers satisfying $x+y+z=1$. -/
[2026-01-13 03:48:17] [INFO]   24: @[imo_problem_subject algebra]
[2026-01-13 03:48:17] [INFO]   25: theorem imo_1984_p1 (x y z : ℝ) (h₀ : 0 ≤ x ∧ 0 ≤ y ∧ 0 ≤ z) (h₁ : x + y + z = 1) :
[2026-01-13 03:48:17] [INFO]   26:     0 ≤ y * z + z * x + x * y - 2 * x * y * z ∧
[2026-01-13 03:48:17] [INFO]   27:       y * z + z * x + x * y - 2 * x * y * z ≤ (7 : ℝ) / (27 : ℝ) := by
[2026-01-13 03:48:17] [INFO]   28:   sorry
[2026-01-13 03:48:17] [INFO] Sorry line:   sorry
[2026-01-13 03:48:17] [INFO] Sorry goal: x y z : ℝ
h₀ : 0 ≤ x ∧ 0 ≤ y ∧ 0 ≤ z
h₁ : x + y + z = 1
⊢ 0 ≤ y * z + z * x + x * y - 2 * x * y * z ...
[2026-01-13 03:48:17] [INFO] ========================================
[2026-01-13 03:48:17] [INFO] Trying strategy: rfl (up to 1 attempts)
[2026-01-13 03:48:17] [INFO] --------------------
[2026-01-13 03:48:17] [INFO] Strategy rfl, attempt 1/1
[2026-01-13 03:48:17] [INFO] Starting proof generation...
[2026-01-13 03:48:17] [INFO] Repository path: /root/repo
[2026-01-13 03:48:17] [INFO] Proof generation completed
[2026-01-13 03:48:17] [INFO] Generated proof:
[2026-01-13 03:48:17] [INFO] rfl
[2026-01-13 03:48:17] [INFO] Proof length: 3 chars
[2026-01-13 03:48:17] [INFO] Starting proof verification...
[2026-01-13 03:48:17] [INFO] Verifying at: Imo/1984/P1.lean:28
[2026-01-13 03:48:17] [INFO] Using LEAN INTERACT verify
[2026-01-13 03:48:17] [INFO] Checking file
[2026-01-13 03:49:00] [INFO] Cannot build modified file <error line="28" column="2">
<code_line>  rfl</code_line>
<message>error: tactic 'rfl' failed, the left-hand side</message>
</error>
  0 ≤ y * z + z * x + x * y - 2 * x * y * z
is not definitionally equal to the right-hand side
  y * z + z * x + x * y - 2 * x * y * z ≤ 7 / 27
x y z : ℝ
h₀ : 0 ≤ x ∧ 0 ≤ y ∧ 0 ≤ z
h₁ : x + y + z = 1
⊢ 0 ≤ y * z + z * x + x * y - 2 * x * y * z ∧ y * z + z * x + x * y - 2 * x * y * z ≤ 7 / 27
[2026-01-13 03:49:00] [INFO] Proof verification completed
[2026-01-13 03:49:00] [INFO] Strategy rfl attempt 1: verified=False
[2026-01-13 03:49:00] [INFO] Verification message: Cannot build modified file: <error line="28" column="2">
<code_line>  rfl</code_line>
<message>error: tactic 'rfl' failed, the left-hand side</message>
</error>
  0 ≤ y * z + z * x + x * y - 2 * x * y * z
is not definitionally equal to the right-hand side
  y * z + z * x + x * y - 2 * x * y * z ≤ 7 / 27
x y z : ℝ
h₀ : 0 ≤ x ∧ 0 ≤ y ∧ 0 ≤ z
h₁ : x + y + z = 1
⊢ 0 ≤ y * z + z * x + x * y - 2 * x * y * z ∧ y * z + z * x + x * y - 2 * x * y * z ≤ 7 / 27

[2026-01-13 03:49:00] [INFO] Attempt 1 failed verification, continuing...
[2026-01-13 03:49:00] [INFO] ========================================
[2026-01-13 03:49:00] [INFO] Trying strategy: simp (up to 1 attempts)
[2026-01-13 03:49:00] [INFO] --------------------
[2026-01-13 03:49:00] [INFO] Strategy simp, attempt 1/1
[2026-01-13 03:49:00] [INFO] Starting proof generation...
[2026-01-13 03:49:00] [INFO] Repository path: /root/repo
[2026-01-13 03:49:00] [INFO] Proof generation completed
[2026-01-13 03:49:00] [INFO] Generated proof:
[2026-01-13 03:49:00] [INFO] simp
[2026-01-13 03:49:00] [INFO] Proof length: 4 chars
[2026-01-13 03:49:00] [INFO] Starting proof verification...
[2026-01-13 03:49:00] [INFO] Verifying at: Imo/1984/P1.lean:28
[2026-01-13 03:49:00] [INFO] Using LEAN INTERACT verify
[2026-01-13 03:49:00] [INFO] Checking file
[2026-01-13 03:49:07] [INFO] Cannot build modified file <error line="27" column="68">
<code_line>      y * z + z * x + x * y - 2 * x * y * z ≤ (7 : ℝ) / (27 : ℝ) := by</code_line>
<message>error: unsolved goals</message>
</error>
x y z : ℝ
h₀ : 0 ≤ x ∧ 0 ≤ y ∧ 0 ≤ z
h₁ : x + y + z = 1
⊢ 2 * x * y * z ≤ y * z + z * x + x * y ∧ y * z + z * x + x * y ≤ 7 / 27 + 2 * x * y * z
[2026-01-13 03:49:07] [INFO] Proof verification completed
[2026-01-13 03:49:07] [INFO] Strategy simp attempt 1: verified=False
[2026-01-13 03:49:07] [INFO] Verification message: Cannot build modified file: <error line="27" column="68">
<code_line>      y * z + z * x + x * y - 2 * x * y * z ≤ (7 : ℝ) / (27 : ℝ) := by</code_line>
<message>error: unsolved goals</message>
</error>
x y z : ℝ
h₀ : 0 ≤ x ∧ 0 ≤ y ∧ 0 ≤ z
h₁ : x + y + z = 1
⊢ 2 * x * y * z ≤ y * z + z * x + x * y ∧ y * z + z * x + x * y ≤ 7 / 27 + 2 * x * y * z

[2026-01-13 03:49:07] [INFO] Attempt 1 failed verification, continuing...
[2026-01-13 03:49:07] [INFO] ========================================
[2026-01-13 03:49:07] [INFO] Trying strategy: simp_all (up to 1 attempts)
[2026-01-13 03:49:07] [INFO] --------------------
[2026-01-13 03:49:07] [INFO] Strategy simp_all, attempt 1/1
[2026-01-13 03:49:07] [INFO] Starting proof generation...
[2026-01-13 03:49:07] [INFO] Repository path: /root/repo
[2026-01-13 03:49:07] [INFO] Proof generation completed
[2026-01-13 03:49:07] [INFO] Generated proof:
[2026-01-13 03:49:07] [INFO] simp_all
[2026-01-13 03:49:07] [INFO] Proof length: 8 chars
[2026-01-13 03:49:07] [INFO] Starting proof verification...
[2026-01-13 03:49:07] [INFO] Verifying at: Imo/1984/P1.lean:28
[2026-01-13 03:49:07] [INFO] Using LEAN INTERACT verify
[2026-01-13 03:49:07] [INFO] Checking file
[2026-01-13 03:49:14] [INFO] Cannot build modified file <error line="27" column="68">
<code_line>      y * z + z * x + x * y - 2 * x * y * z ≤ (7 : ℝ) / (27 : ℝ) := by</code_line>
<message>error: unsolved goals</message>
</error>
x y z : ℝ
h₀ : 0 ≤ x ∧ 0 ≤ y ∧ 0 ≤ z
h₁ : x + y + z = 1
⊢ 2 * x * y * z ≤ y * z + z * x + x * y ∧ y * z + z * x + x * y ≤ 7 / 27 + 2 * x * y * z
[2026-01-13 03:49:14] [INFO] Proof verification completed
[2026-01-13 03:49:14] [INFO] Strategy simp_all attempt 1: verified=False
[2026-01-13 03:49:14] [INFO] Verification message: Cannot build modified file: <error line="27" column="68">
<code_line>      y * z + z * x + x * y - 2 * x * y * z ≤ (7 : ℝ) / (27 : ℝ) := by</code_line>
<message>error: unsolved goals</message>
</error>
x y z : ℝ
h₀ : 0 ≤ x ∧ 0 ≤ y ∧ 0 ≤ z
h₁ : x + y + z = 1
⊢ 2 * x * y * z ≤ y * z + z * x + x * y ∧ y * z + z * x + x * y ≤ 7 / 27 + 2 * x * y * z

[2026-01-13 03:49:14] [INFO] Attempt 1 failed verification, continuing...
[2026-01-13 03:49:14] [INFO] ========================================
[2026-01-13 03:49:14] [INFO] Trying strategy: exact? (up to 1 attempts)
[2026-01-13 03:49:14] [INFO] --------------------
[2026-01-13 03:49:14] [INFO] Strategy exact?, attempt 1/1
[2026-01-13 03:49:14] [INFO] Starting proof generation...
[2026-01-13 03:49:14] [INFO] Repository path: /root/repo
[2026-01-13 03:49:14] [INFO] Proof generation completed
[2026-01-13 03:49:14] [INFO] Generated proof:
[2026-01-13 03:49:14] [INFO] exact?
[2026-01-13 03:49:14] [INFO] Proof length: 6 chars
[2026-01-13 03:49:14] [INFO] Starting proof verification...
[2026-01-13 03:49:14] [INFO] Verifying at: Imo/1984/P1.lean:28
[2026-01-13 03:49:14] [INFO] Using LEAN INTERACT verify
[2026-01-13 03:49:14] [INFO] Checking file
[2026-01-13 03:49:48] [INFO] Cannot build modified file <error line="28" column="2">
<code_line>  exact?</code_line>
<message>error: `exact?` could not close the goal. Try `apply?` to see partial suggestions.</message>
</error>
[2026-01-13 03:49:48] [INFO] Proof verification completed
[2026-01-13 03:49:48] [INFO] Strategy exact? attempt 1: verified=False
[2026-01-13 03:49:48] [INFO] Verification message: Cannot build modified file: <error line="28" column="2">
<code_line>  exact?</code_line>
<message>error: `exact?` could not close the goal. Try `apply?` to see partial suggestions.</message>
</error>

[2026-01-13 03:49:48] [INFO] Attempt 1 failed verification, continuing...
[2026-01-13 03:49:48] [INFO] ========================================
[2026-01-13 03:49:48] [INFO] Trying strategy: grind (up to 1 attempts)
[2026-01-13 03:49:48] [INFO] --------------------
[2026-01-13 03:49:48] [INFO] Strategy grind, attempt 1/1
[2026-01-13 03:49:48] [INFO] Starting proof generation...
[2026-01-13 03:49:48] [INFO] Repository path: /root/repo
[2026-01-13 03:49:48] [INFO] Proof generation completed
[2026-01-13 03:49:48] [INFO] Generated proof:
[2026-01-13 03:49:48] [INFO] grind
[2026-01-13 03:49:48] [INFO] Proof length: 5 chars
[2026-01-13 03:49:48] [INFO] Starting proof verification...
[2026-01-13 03:49:48] [INFO] Verifying at: Imo/1984/P1.lean:28
[2026-01-13 03:49:48] [INFO] Using LEAN INTERACT verify
[2026-01-13 03:49:48] [INFO] Checking file
[2026-01-13 03:49:57] [INFO] Cannot build modified file <error line="28" column="2">
<code_line>  grind</code_line>
<message>error: `grind` failed</message>
</error>
case grind.1
x y z : ℝ
left : 0 ≤ x
left_1 : 0 ≤ y
right_1 : 0 ≤ z
h₁ : x + y + z = 1
h_1 : ¬0 ≤ y * z + z * x + x * y - 2 * x * y * z
⊢ False
[grind] Goal diagnostics
  [facts] Asserted facts
    [prop] 0 ≤ x
    [prop] 0 ≤ y
    [prop] 0 ≤ z
    [prop] x + y + z = 1
    [prop] ¬0 ≤ y * z + z * x + x * y - 2 * x * y * z ∨ ¬y * z + z * x + x * y - 2 * x * y * z ≤ 7 * 27⁻¹
    [prop] 27 * 27⁻¹ = 1
    [prop] ¬0 ≤ y * z + z * x + x * y - 2 * x * y * z
  [eqc] True propositions
    [prop] (0 + 2).AtLeastTwo
    [prop] (5 + 2).AtLeastTwo
    [prop] (25 + 2).AtLeastTwo
    [prop] ¬0 ≤ y * z + z * x + x * y - 2 * x * y * z
    [prop] ¬0 ≤ y * z + z * x + x * y - 2 * x * y * z ∨ ¬y * z + z * x + x * y - 2 * x * y * z ≤ 7 * 27⁻¹
    [prop] 0 ≤ x
    [prop] 0 ≤ y
    [prop] 0 ≤ z
  [eqc] False propositions
    [prop] 0 ≤ y * z + z * x + x * y - 2 * x * y * z
  [eqc] Equivalence classes
    [eqc] {1, x + y + z, 27 * 27⁻¹}
  [cases] Case analyses
    [cases] [1/2]: ¬0 ≤ y * z + z * x + x * y - 2 * x * y * z ∨ ¬y * z + z * x + x * y - 2 * x * y * z ≤ 7 * 27⁻¹
      [cases] source: Initial goal
  [linarith] Linarith assignment for `ℝ`
    [assign] x := 1
    [assign] y := 0
    [assign] z := 0
    [assign] 27⁻¹ := 1/27
  [ring] Ring `ℝ`
    [basis] Basis
      [_] x + y + z + -1 = 0
      [_] 27 * 27⁻¹ + -1 = 0
[grind] Issues
  [issue] `grind linarith` term with unexpected instance
        x * y * z
  [issue] `grind linarith` term with unexpected instance
        x * y
  [issue] `grind linarith` term with unexpected instance
        x * z
  [issue] `grind linarith` term with unexpected instance
        y * z
[2026-01-13 03:49:57] [INFO] Proof verification completed
[2026-01-13 03:49:57] [INFO] Strategy grind attempt 1: verified=False
[2026-01-13 03:49:57] [INFO] Verification message: Cannot build modified file: <error line="28" column="2">
<code_line>  grind</code_line>
<message>error: `grind` failed</message>
</error>
case grind.1
x y z : ℝ
left : 0 ≤ x
left_1 : 0 ≤ y
right_1 : 0 ≤ z
h₁ : x + y + z = 1
h_1 : ¬0 ≤ y * z + z * x + x * y - 2 * x * y * z
⊢ False
[grind] Goal diagnostics
  [facts] Asserted facts
    [prop] 0 ≤ x
    [prop] 0 ≤ y
    [prop] 0 ≤ z
    [prop] x + y + z = 1
    [prop] ¬0 ≤ y * z + z * x + x * y - 2 * x * y * z ∨ ¬y * z + z * x + x * y - 2 * x * y * z ≤ 7 * 27⁻¹
    [prop] 27 * 27⁻¹ = 1
    [prop] ¬0 ≤ y * z + z * x + x * y - 2 * x * y * z
  [eqc] True propositions
    [prop] (0 + 2).AtLeastTwo
    [prop] (5 + 2).AtLeastTwo
    [prop] (25 + 2).AtLeastTwo
    [prop] ¬0 ≤ y * z + z * x + x * y - 2 * x * y * z
    [prop] ¬0 ≤ y * z + z * x + x * y - 2 * x * y * z ∨ ¬y * z + z * x + x * y - 2 * x * y * z ≤ 7 * 27⁻¹
    [prop] 0 ≤ x
    [prop] 0 ≤ y
    [prop] 0 ≤ z
  [eqc] False propositions
    [prop] 0 ≤ y * z + z * x + x * y - 2 * x * y * z
  [eqc] Equivalence classes
    [eqc] {1, x + y + z, 27 * 27⁻¹}
  [cases] Case analyses
    [cases] [1/2]: ¬0 ≤ y * z + z * x + x * y - 2 * x * y * z ∨ ¬y * z + z * x + x * y - 2 * x * y * z ≤ 7 * 27⁻¹
      [cases] source: Initial goal
  [linarith] Linarith assignment for `ℝ`
    [assign] x := 1
    [assign] y := 0
    [assign] z := 0
    [assign] 27⁻¹ := 1/27
  [ring] Ring `ℝ`
    [basis] Basis
      [_] x + y + z + -1 = 0
      [_] 27 * 27⁻¹ + -1 = 0
[grind] Issues
  [issue] `grind linarith` term with unexpected instance
        x * y * z
  [issue] `grind linarith` term with unexpected instance
        x * y
  [issue] `grind linarith` term with unexpected instance
        x * z
  [issue] `grind linarith` term with unexpected instance
        y * z

[2026-01-13 03:49:57] [INFO] Attempt 1 failed verification, continuing...
[2026-01-13 03:49:57] [INFO] ========================================
[2026-01-13 03:49:57] [INFO] Trying strategy: ring (up to 1 attempts)
[2026-01-13 03:49:57] [INFO] --------------------
[2026-01-13 03:49:57] [INFO] Strategy ring, attempt 1/1
[2026-01-13 03:49:57] [INFO] Starting proof generation...
[2026-01-13 03:49:57] [INFO] Repository path: /root/repo
[2026-01-13 03:49:57] [INFO] Proof generation completed
[2026-01-13 03:49:57] [INFO] Generated proof:
[2026-01-13 03:49:57] [INFO] ring
[2026-01-13 03:49:57] [INFO] Proof length: 4 chars
[2026-01-13 03:49:57] [INFO] Starting proof verification...
[2026-01-13 03:49:57] [INFO] Verifying at: Imo/1984/P1.lean:28
[2026-01-13 03:49:57] [INFO] Using LEAN INTERACT verify
[2026-01-13 03:49:57] [INFO] Checking file
[2026-01-13 03:50:05] [INFO] Cannot build modified file Try this: ring_nf
<error line="27" column="68">
<code_line>      y * z + z * x + x * y - 2 * x * y * z ≤ (7 : ℝ) / (27 : ℝ) := by</code_line>
<message>error: unsolved goals</message>
</error>
x y z : ℝ
h₀ : 0 ≤ x ∧ 0 ≤ y ∧ 0 ≤ z
h₁ : x + y + z = 1
⊢ 0 ≤ y * z - y * z * x * 2 + y * x + z * x ∧ y * z - y * z * x * 2 + y * x + z * x ≤ 7 / 27
[2026-01-13 03:50:05] [INFO] Proof verification completed
[2026-01-13 03:50:05] [INFO] Strategy ring attempt 1: verified=False
[2026-01-13 03:50:05] [INFO] Verification message: Cannot build modified file: Try this: ring_nf
<error line="27" column="68">
<code_line>      y * z + z * x + x * y - 2 * x * y * z ≤ (7 : ℝ) / (27 : ℝ) := by</code_line>
<message>error: unsolved goals</message>
</error>
x y z : ℝ
h₀ : 0 ≤ x ∧ 0 ≤ y ∧ 0 ≤ z
h₁ : x + y + z = 1
⊢ 0 ≤ y * z - y * z * x * 2 + y * x + z * x ∧ y * z - y * z * x * 2 + y * x + z * x ≤ 7 / 27

[2026-01-13 03:50:05] [INFO] Attempt 1 failed verification, continuing...
[2026-01-13 03:50:05] [INFO] ========================================
[2026-01-13 03:50:05] [INFO] Trying strategy: norm_num (up to 1 attempts)
[2026-01-13 03:50:05] [INFO] --------------------
[2026-01-13 03:50:05] [INFO] Strategy norm_num, attempt 1/1
[2026-01-13 03:50:05] [INFO] Starting proof generation...
[2026-01-13 03:50:05] [INFO] Repository path: /root/repo
[2026-01-13 03:50:05] [INFO] Proof generation completed
[2026-01-13 03:50:05] [INFO] Generated proof:
[2026-01-13 03:50:05] [INFO] norm_num
[2026-01-13 03:50:05] [INFO] Proof length: 8 chars
[2026-01-13 03:50:05] [INFO] Starting proof verification...
[2026-01-13 03:50:05] [INFO] Verifying at: Imo/1984/P1.lean:28
[2026-01-13 03:50:05] [INFO] Using LEAN INTERACT verify
[2026-01-13 03:50:05] [INFO] Checking file
[2026-01-13 03:50:12] [INFO] Cannot build modified file <error line="27" column="68">
<code_line>      y * z + z * x + x * y - 2 * x * y * z ≤ (7 : ℝ) / (27 : ℝ) := by</code_line>
<message>error: unsolved goals</message>
</error>
x y z : ℝ
h₀ : 0 ≤ x ∧ 0 ≤ y ∧ 0 ≤ z
h₁ : x + y + z = 1
⊢ 2 * x * y * z ≤ y * z + z * x + x * y ∧ y * z + z * x + x * y ≤ 7 / 27 + 2 * x * y * z
[2026-01-13 03:50:12] [INFO] Proof verification completed
[2026-01-13 03:50:12] [INFO] Strategy norm_num attempt 1: verified=False
[2026-01-13 03:50:12] [INFO] Verification message: Cannot build modified file: <error line="27" column="68">
<code_line>      y * z + z * x + x * y - 2 * x * y * z ≤ (7 : ℝ) / (27 : ℝ) := by</code_line>
<message>error: unsolved goals</message>
</error>
x y z : ℝ
h₀ : 0 ≤ x ∧ 0 ≤ y ∧ 0 ≤ z
h₁ : x + y + z = 1
⊢ 2 * x * y * z ≤ y * z + z * x + x * y ∧ y * z + z * x + x * y ≤ 7 / 27 + 2 * x * y * z

[2026-01-13 03:50:12] [INFO] Attempt 1 failed verification, continuing...
[2026-01-13 03:50:12] [INFO] ========================================
[2026-01-13 03:50:12] [INFO] Trying strategy: omega (up to 1 attempts)
[2026-01-13 03:50:12] [INFO] --------------------
[2026-01-13 03:50:12] [INFO] Strategy omega, attempt 1/1
[2026-01-13 03:50:12] [INFO] Starting proof generation...
[2026-01-13 03:50:12] [INFO] Repository path: /root/repo
[2026-01-13 03:50:12] [INFO] Proof generation completed
[2026-01-13 03:50:12] [INFO] Generated proof:
[2026-01-13 03:50:12] [INFO] omega
[2026-01-13 03:50:12] [INFO] Proof length: 5 chars
[2026-01-13 03:50:12] [INFO] Starting proof verification...
[2026-01-13 03:50:12] [INFO] Verifying at: Imo/1984/P1.lean:28
[2026-01-13 03:50:12] [INFO] Using LEAN INTERACT verify
[2026-01-13 03:50:12] [INFO] Checking file
[2026-01-13 03:50:19] [INFO] Cannot build modified file <error line="28" column="2">
<code_line>  omega</code_line>
<message>error: omega could not prove the goal:</message>
</error>
No usable constraints found. You may need to unfold definitions so `omega` can see linear arithmetic facts about `Nat` and `Int`, which may also involve multiplication, division, and modular remainder by constants.
[2026-01-13 03:50:19] [INFO] Proof verification completed
[2026-01-13 03:50:19] [INFO] Strategy omega attempt 1: verified=False
[2026-01-13 03:50:19] [INFO] Verification message: Cannot build modified file: <error line="28" column="2">
<code_line>  omega</code_line>
<message>error: omega could not prove the goal:</message>
</error>
No usable constraints found. You may need to unfold definitions so `omega` can see linear arithmetic facts about `Nat` and `Int`, which may also involve multiplication, division, and modular remainder by constants.

[2026-01-13 03:50:19] [INFO] Attempt 1 failed verification, continuing...
[2026-01-13 03:50:19] [INFO] ========================================
[2026-01-13 03:50:19] [INFO] Trying strategy: linarith (up to 1 attempts)
[2026-01-13 03:50:19] [INFO] --------------------
[2026-01-13 03:50:19] [INFO] Strategy linarith, attempt 1/1
[2026-01-13 03:50:19] [INFO] Starting proof generation...
[2026-01-13 03:50:19] [INFO] Repository path: /root/repo
[2026-01-13 03:50:19] [INFO] Proof generation completed
[2026-01-13 03:50:19] [INFO] Generated proof:
[2026-01-13 03:50:19] [INFO] linarith
[2026-01-13 03:50:19] [INFO] Proof length: 8 chars
[2026-01-13 03:50:19] [INFO] Starting proof verification...
[2026-01-13 03:50:19] [INFO] Verifying at: Imo/1984/P1.lean:28
[2026-01-13 03:50:19] [INFO] Using LEAN INTERACT verify
[2026-01-13 03:50:19] [INFO] Checking file
[2026-01-13 03:50:28] [INFO] Cannot build modified file <error line="28" column="2">
<code_line>  linarith</code_line>
<message>error: linarith failed to find a contradiction</message>
</error>
x y z : ℝ
h₀ : 0 ≤ x ∧ 0 ≤ y ∧ 0 ≤ z
h₁ : x + y + z = 1
⊢ False
failed
[2026-01-13 03:50:28] [INFO] Proof verification completed
[2026-01-13 03:50:28] [INFO] Strategy linarith attempt 1: verified=False
[2026-01-13 03:50:28] [INFO] Verification message: Cannot build modified file: <error line="28" column="2">
<code_line>  linarith</code_line>
<message>error: linarith failed to find a contradiction</message>
</error>
x y z : ℝ
h₀ : 0 ≤ x ∧ 0 ≤ y ∧ 0 ≤ z
h₁ : x + y + z = 1
⊢ False
failed

[2026-01-13 03:50:28] [INFO] Attempt 1 failed verification, continuing...
[2026-01-13 03:50:28] [INFO] ========================================
[2026-01-13 03:50:28] [INFO] Trying strategy: nlinarith (up to 1 attempts)
[2026-01-13 03:50:28] [INFO] --------------------
[2026-01-13 03:50:28] [INFO] Strategy nlinarith, attempt 1/1
[2026-01-13 03:50:28] [INFO] Starting proof generation...
[2026-01-13 03:50:28] [INFO] Repository path: /root/repo
[2026-01-13 03:50:28] [INFO] Proof generation completed
[2026-01-13 03:50:28] [INFO] Generated proof:
[2026-01-13 03:50:28] [INFO] nlinarith
[2026-01-13 03:50:28] [INFO] Proof length: 9 chars
[2026-01-13 03:50:28] [INFO] Starting proof verification...
[2026-01-13 03:50:28] [INFO] Verifying at: Imo/1984/P1.lean:28
[2026-01-13 03:50:28] [INFO] Using LEAN INTERACT verify
[2026-01-13 03:50:28] [INFO] Checking file
[2026-01-13 03:50:34] [INFO] Cannot build modified file <error line="28" column="2">
<code_line>  nlinarith</code_line>
<message>error: linarith failed to find a contradiction</message>
</error>
x y z : ℝ
h₀ : 0 ≤ x ∧ 0 ≤ y ∧ 0 ≤ z
h₁ : x + y + z = 1
⊢ False
failed
[2026-01-13 03:50:34] [INFO] Proof verification completed
[2026-01-13 03:50:34] [INFO] Strategy nlinarith attempt 1: verified=False
[2026-01-13 03:50:34] [INFO] Verification message: Cannot build modified file: <error line="28" column="2">
<code_line>  nlinarith</code_line>
<message>error: linarith failed to find a contradiction</message>
</error>
x y z : ℝ
h₀ : 0 ≤ x ∧ 0 ≤ y ∧ 0 ≤ z
h₁ : x + y + z = 1
⊢ False
failed

[2026-01-13 03:50:34] [INFO] Attempt 1 failed verification, continuing...
[2026-01-13 03:50:34] [INFO] ========================================
[2026-01-13 03:50:34] [INFO] Trying strategy: aesop (up to 1 attempts)
[2026-01-13 03:50:34] [INFO] --------------------
[2026-01-13 03:50:34] [INFO] Strategy aesop, attempt 1/1
[2026-01-13 03:50:34] [INFO] Starting proof generation...
[2026-01-13 03:50:34] [INFO] Repository path: /root/repo
[2026-01-13 03:50:34] [INFO] Proof generation completed
[2026-01-13 03:50:34] [INFO] Generated proof:
[2026-01-13 03:50:34] [INFO] aesop
[2026-01-13 03:50:34] [INFO] Proof length: 5 chars
[2026-01-13 03:50:34] [INFO] Starting proof verification...
[2026-01-13 03:50:34] [INFO] Verifying at: Imo/1984/P1.lean:28
[2026-01-13 03:50:34] [INFO] Using LEAN INTERACT verify
[2026-01-13 03:50:34] [INFO] Checking file
[2026-01-13 03:50:41] [INFO] Cannot build modified file <error line="27" column="68">
<code_line>      y * z + z * x + x * y - 2 * x * y * z ≤ (7 : ℝ) / (27 : ℝ) := by</code_line>
<message>error: unsolved goals</message>
</error>
case left
x y z : ℝ
h₁ : x + y + z = 1
left : 0 ≤ x
left_1 : 0 ≤ y
right : 0 ≤ z
⊢ 2 * x * y * z ≤ y * z + z * x + x * y

case right
x y z : ℝ
h₁ : x + y + z = 1
left : 0 ≤ x
left_1 : 0 ≤ y
right : 0 ≤ z
⊢ y * z + z * x + x * y ≤ 7 / 27 + 2 * x * y * z
[2026-01-13 03:50:41] [INFO] Proof verification completed
[2026-01-13 03:50:41] [INFO] Strategy aesop attempt 1: verified=False
[2026-01-13 03:50:41] [INFO] Verification message: Cannot build modified file: <error line="27" column="68">
<code_line>      y * z + z * x + x * y - 2 * x * y * z ≤ (7 : ℝ) / (27 : ℝ) := by</code_line>
<message>error: unsolved goals</message>
</error>
case left
x y z : ℝ
h₁ : x + y + z = 1
left : 0 ≤ x
left_1 : 0 ≤ y
right : 0 ≤ z
⊢ 2 * x * y * z ≤ y * z + z * x + x * y

case right
x y z : ℝ
h₁ : x + y + z = 1
left : 0 ≤ x
left_1 : 0 ≤ y
right : 0 ≤ z
⊢ y * z + z * x + x * y ≤ 7 / 27 + 2 * x * y * z

[2026-01-13 03:50:41] [INFO] Attempt 1 failed verification, continuing...
[2026-01-13 03:50:41] [INFO] ========================================
[2026-01-13 03:50:41] [INFO] Pass@k completed. Total results: 1
[2026-01-13 03:50:41] [INFO] FAILED: All 11 strategies x 1 attempts
[2026-01-13 03:50:41] [INFO] Writing results to file: /root/repo/result.json
[2026-01-13 03:50:41] [INFO] Result file written successfully
[2026-01-13 03:50:41] [INFO] Results exported to: /root/repo/result.json
[2026-01-13 03:50:41] [INFO] run_morphcloud_local.py completed successfully

[2026-01-13 03:50:42] [process_single_sorry] Downloading result file...
[2026-01-13 03:50:43] [process_single_sorry] Downloaded result to intermediate_experiment_outputs_full_reservoir_3_months/multi_tactic/2026-01-13_01-27-45_multi_tactic/individual/52f1d9a96fb6c98abbf2c0d3e4de61011ce9cf3017e3f07c6626756911ca711e.json
[2026-01-13 03:50:45] [process_single_sorry] Instance context closed successfully
[2026-01-13 03:50:45] [process_single_sorry] Parsing result file...
[2026-01-13 03:50:45] [process_single_sorry] Successfully parsed result (list format, 1 results)
