[2026-01-13 01:52:03] [process_single_sorry] Starting for sorry 6dddca7fd368d85056848259adb7130176e3e80142788019c479e92710b34dda
[2026-01-13 01:52:03] [process_single_sorry] Using snapshot: snapshot_63xmfusx
[2026-01-13 01:52:03] [process_single_sorry] Repository: https://github.com/Paul-Lez/PersistentDecomp@c36471055817ef5332e27b4f99654257f45c68d1
[2026-01-13 01:52:03] [process_single_sorry] Instance name: PersistentDecomp_c36471055817_multi_tactic_6dddca7fd368d85056848259adb7130176e3e80142788019c479e92710b34dda
[2026-01-13 01:52:03] [process_single_sorry] Starting attempt 1/3
[2026-01-13 01:52:03] [process_single_sorry] Starting instance from snapshot...
[2026-01-13 01:52:03] [process_single_sorry] Instance started successfully: morphvm_onf3xi1z
[2026-01-13 01:52:03] [process_single_sorry] Creating .env file...
[2026-01-13 01:52:08] [process_single_sorry] .env file created (exit_code: 0)
[2026-01-13 01:52:08] [process_single_sorry] Executing agent command...
[2026-01-13 01:53:31] [process_single_sorry] Agent command completed (exit_code: 0)
[2026-01-13 01:53:31] [process_single_sorry] STDOUT:

Results JSON:
[
  {
    "sorry": {
      "repo": {
        "remote": "https://github.com/Paul-Lez/PersistentDecomp",
        "branch": "master",
        "commit": "c36471055817ef5332e27b4f99654257f45c68d1",
        "lean_version": "v4.26.0"
      },
      "location": {
        "path": "PersistentDecomp/DirectSumDecompositionDual.lean",
        "start_line": 333,
        "start_column": 18,
        "end_line": 333,
        "end_column": 23
      },
      "debug_info": {
        "goal": "C : Type\ninst✝¹ : Category.{0, 0} C\nK : Type\ninst✝ : DivisionRing K\nM : CategoryTheory.Functor C (ModuleCat K)\nD : @Dual.DirectSumDecomposition C inst✝¹ K inst✝ M\nhmax : IsMin D\nx y : PersistenceSubmodule M\nhxy : Disjoint x y\nhN : x ⊔ y ∈ D\nhx : ¬x = ⊥\nhy : ¬y = ⊥\nB : (N : PersistenceSubmodule M) → N ∈ D → Set (PersistenceSubmodule M) := ⋯\n⊢ ∀ (N : PersistenceSubmodule M) (hN : N ∈ D), ⊥ ∉ B N hN",
        "url": "https://github.com/Paul-Lez/PersistentDecomp/blob/c36471055817ef5332e27b4f99654257f45c68d1/PersistentDecomp/DirectSumDecompositionDual.lean#L333"
      },
      "metadata": {
        "blame_email_hash": "721f194e21be",
        "blame_date": "2024-11-13T00:24:08+01:00",
        "inclusion_date": "2026-01-09T08:06:31.936431+00:00"
      },
      "id": "6dddca7fd368d85056848259adb7130176e3e80142788019c479e92710b34dda"
    },
    "proof": null,
    "proof_verified": false,
    "feedback": null,
    "verification_message": "All 11 attempts failed (11 strategies x 1 attempts each)",
    "success": true,
    "error_type": null,
    "error_message": null,
    "strategy_name": "all_failed_k=1",
    "proof_attempts": [
      "rfl",
      "simp",
      "simp_all",
      "exact?",
      "grind",
      "ring",
      "norm_num",
      "omega",
      "linarith",
      "nlinarith",
      "aesop"
    ]
  }
]

[2026-01-13 01:53:31] [process_single_sorry] STDERR:
None of PyTorch, TensorFlow >= 2.0, or Flax have been found. Models won't be available and only tokenizers, configuration and file/data utilities can be used.
[2026-01-13 01:52:20] [INFO] ================================================================================
[2026-01-13 01:52:20] [INFO] Starting run_morphcloud_local.py
[2026-01-13 01:52:20] [INFO] ================================================================================
[2026-01-13 01:52:20] [INFO] Environment loaded
[2026-01-13 01:52:20] [INFO] Full command: /root/SorryDB/sorrydb/cli/run_morphcloud_local.py --repo-path /root/repo --sorry-json {"repo": {"remote": "https://github.com/Paul-Lez/PersistentDecomp", "branch": "master", "commit": "c36471055817ef5332e27b4f99654257f45c68d1", "lean_version": "v4.26.0"}, "location": {"path": "PersistentDecomp/DirectSumDecompositionDual.lean", "start_line": 333, "start_column": 18, "end_line": 333, "end_column": 23}, "debug_info": {"goal": "C : Type\ninst\u271d\u00b9 : Category.{0, 0} C\nK : Type\ninst\u271d : DivisionRing K\nM : CategoryTheory.Functor C (ModuleCat K)\nD : @Dual.DirectSumDecomposition C inst\u271d\u00b9 K inst\u271d M\nhmax : IsMin D\nx y : PersistenceSubmodule M\nhxy : Disjoint x y\nhN : x \u2294 y \u2208 D\nhx : \u00acx = \u22a5\nhy : \u00acy = \u22a5\nB : (N : PersistenceSubmodule M) \u2192 N \u2208 D \u2192 Set (PersistenceSubmodule M) := \u22ef\n\u22a2 \u2200 (N : PersistenceSubmodule M) (hN : N \u2208 D), \u22a5 \u2209 B N hN", "url": "https://github.com/Paul-Lez/PersistentDecomp/blob/c36471055817ef5332e27b4f99654257f45c68d1/PersistentDecomp/DirectSumDecompositionDual.lean#L333"}, "metadata": {"blame_email_hash": "721f194e21be", "blame_date": "2024-11-13T00:24:08+01:00", "inclusion_date": "2026-01-09T08:06:31.936431+00:00"}, "id": "6dddca7fd368d85056848259adb7130176e3e80142788019c479e92710b34dda"} --agent-strategy {"name": "multi_tactic", "args": {}}
[2026-01-13 01:52:20] [INFO] Arguments parsed: repo_path=/root/repo, output_path=/root/repo/result.json
[2026-01-13 01:52:20] [INFO] Strategy spec: {"name": "multi_tactic", "args": {}}...
[2026-01-13 01:52:20] [INFO] Loading sorry data...
[2026-01-13 01:52:20] [INFO] Parsing sorry from JSON string...
[2026-01-13 01:52:20] [INFO] Sorry data parsed from JSON string
[2026-01-13 01:52:20] [INFO] Creating strategy from spec...
[2026-01-13 01:52:20] [INFO] Parsing strategy spec (length: 36 chars)
[2026-01-13 01:52:20] [INFO] Strategy name: multi_tactic
[2026-01-13 01:52:20] [INFO] Strategy args: {}
[2026-01-13 01:52:20] [INFO] Pass@k value: 1
[2026-01-13 01:52:20] [INFO] Creating strategy: multi_tactic
[2026-01-13 01:52:20] [INFO] Creating multi_tactic strategy with tactics: ['rfl', 'simp', 'simp_all', 'exact?', 'grind', 'ring', 'norm_num', 'omega', 'linarith', 'nlinarith', 'aesop']
[2026-01-13 01:52:20] [INFO] Strategies created: ['rfl', 'simp', 'simp_all', 'exact?', 'grind', 'ring', 'norm_num', 'omega', 'linarith', 'nlinarith', 'aesop']
[2026-01-13 01:52:20] [INFO] Pass@k value: 1
[2026-01-13 01:52:20] [INFO] Creating Sorry object...
[2026-01-13 01:52:20] [INFO] Sorry object created: id=6dddca7fd368d85056848259adb7130176e3e80142788019c479e92710b34dda
[2026-01-13 01:52:20] [INFO] Sorry location: PersistentDecomp/DirectSumDecompositionDual.lean:333
[2026-01-13 01:52:20] [INFO] Context before sorry (lines 328-333):
[2026-01-13 01:52:20] [INFO]   328:   by_contra hNotMax
[2026-01-13 01:52:20] [INFO]   329:   simp only [_root_.Indecomposable, not_forall, not_or] at hNotMax
[2026-01-13 01:52:20] [INFO]   330:   obtain ⟨x, y, hxy, rfl, hx, hy⟩ := hNotMax
[2026-01-13 01:52:20] [INFO]   331:   let B (N) (hN : N ∈ D) : Set (PersistenceSubmodule M) := if N = x ⊔ y then {x, y} else {N}
[2026-01-13 01:52:20] [INFO]   332:   set newD : DirectSumDecomposition M := refinement
[2026-01-13 01:52:20] [INFO]   333:     B sorry sorry sorry
[2026-01-13 01:52:20] [INFO] Sorry line:     B sorry sorry sorry
[2026-01-13 01:52:20] [INFO] Sorry goal: C : Type
inst✝¹ : Category.{0, 0} C
K : Type
inst✝ : DivisionRing K
M : CategoryTheory.Functor C (Mo...
[2026-01-13 01:52:20] [INFO] ========================================
[2026-01-13 01:52:20] [INFO] Trying strategy: rfl (up to 1 attempts)
[2026-01-13 01:52:20] [INFO] --------------------
[2026-01-13 01:52:20] [INFO] Strategy rfl, attempt 1/1
[2026-01-13 01:52:20] [INFO] Starting proof generation...
[2026-01-13 01:52:20] [INFO] Repository path: /root/repo
[2026-01-13 01:52:20] [INFO] Proof generation completed
[2026-01-13 01:52:20] [INFO] Generated proof:
[2026-01-13 01:52:20] [INFO] rfl
[2026-01-13 01:52:20] [INFO] Proof length: 3 chars
[2026-01-13 01:52:20] [INFO] Starting proof verification...
[2026-01-13 01:52:20] [INFO] Verifying at: PersistentDecomp/DirectSumDecompositionDual.lean:333
[2026-01-13 01:52:20] [INFO] Using LEAN INTERACT verify
[2026-01-13 01:52:20] [INFO] Checking file
[2026-01-13 01:52:35] [INFO] Cannot build modified file <error line="333" column="18">
<code_line>    B sorry sorry rfl</code_line>
<message>error: Application type mismatch: The argument</message>
</error>
  rfl
has type
  ?m.115 = ?m.115
but is expected to have type
  ∀ (N : PersistenceSubmodule M) (hN : N ∈ D), ⊥ ∉ B N hN
in the application
  refinement B ⋯ ⋯ ⋯
[2026-01-13 01:52:35] [INFO] Proof verification completed
[2026-01-13 01:52:35] [INFO] Strategy rfl attempt 1: verified=False
[2026-01-13 01:52:35] [INFO] Verification message: Cannot build modified file: <error line="333" column="18">
<code_line>    B sorry sorry rfl</code_line>
<message>error: Application type mismatch: The argument</message>
</error>
  rfl
has type
  ?m.115 = ?m.115
but is expected to have type
  ∀ (N : PersistenceSubmodule M) (hN : N ∈ D), ⊥ ∉ B N hN
in the application
  refinement B ⋯ ⋯ ⋯

[2026-01-13 01:52:35] [INFO] Attempt 1 failed verification, continuing...
[2026-01-13 01:52:35] [INFO] ========================================
[2026-01-13 01:52:35] [INFO] Trying strategy: simp (up to 1 attempts)
[2026-01-13 01:52:35] [INFO] --------------------
[2026-01-13 01:52:35] [INFO] Strategy simp, attempt 1/1
[2026-01-13 01:52:35] [INFO] Starting proof generation...
[2026-01-13 01:52:35] [INFO] Repository path: /root/repo
[2026-01-13 01:52:35] [INFO] Proof generation completed
[2026-01-13 01:52:35] [INFO] Generated proof:
[2026-01-13 01:52:35] [INFO] simp
[2026-01-13 01:52:35] [INFO] Proof length: 4 chars
[2026-01-13 01:52:35] [INFO] Starting proof verification...
[2026-01-13 01:52:35] [INFO] Verifying at: PersistentDecomp/DirectSumDecompositionDual.lean:333
[2026-01-13 01:52:35] [INFO] Using LEAN INTERACT verify
[2026-01-13 01:52:35] [INFO] Checking file
[2026-01-13 01:52:40] [INFO] Cannot build modified file PersistentDecomp/tmp0cew67im.lean:333:18: error(lean.unknownIdentifier): Unknown identifier `simp`
[2026-01-13 01:52:40] [INFO] Proof verification completed
[2026-01-13 01:52:40] [INFO] Strategy simp attempt 1: verified=False
[2026-01-13 01:52:40] [INFO] Verification message: Cannot build modified file: PersistentDecomp/tmp0cew67im.lean:333:18: error(lean.unknownIdentifier): Unknown identifier `simp`

[2026-01-13 01:52:40] [INFO] Attempt 1 failed verification, continuing...
[2026-01-13 01:52:40] [INFO] ========================================
[2026-01-13 01:52:40] [INFO] Trying strategy: simp_all (up to 1 attempts)
[2026-01-13 01:52:40] [INFO] --------------------
[2026-01-13 01:52:40] [INFO] Strategy simp_all, attempt 1/1
[2026-01-13 01:52:40] [INFO] Starting proof generation...
[2026-01-13 01:52:40] [INFO] Repository path: /root/repo
[2026-01-13 01:52:40] [INFO] Proof generation completed
[2026-01-13 01:52:40] [INFO] Generated proof:
[2026-01-13 01:52:40] [INFO] simp_all
[2026-01-13 01:52:40] [INFO] Proof length: 8 chars
[2026-01-13 01:52:40] [INFO] Starting proof verification...
[2026-01-13 01:52:40] [INFO] Verifying at: PersistentDecomp/DirectSumDecompositionDual.lean:333
[2026-01-13 01:52:40] [INFO] Using LEAN INTERACT verify
[2026-01-13 01:52:40] [INFO] Checking file
[2026-01-13 01:52:46] [INFO] Cannot build modified file PersistentDecomp/tmpi_4xcqgc.lean:333:18: error(lean.unknownIdentifier): Unknown identifier `simp_all`
[2026-01-13 01:52:46] [INFO] Proof verification completed
[2026-01-13 01:52:46] [INFO] Strategy simp_all attempt 1: verified=False
[2026-01-13 01:52:46] [INFO] Verification message: Cannot build modified file: PersistentDecomp/tmpi_4xcqgc.lean:333:18: error(lean.unknownIdentifier): Unknown identifier `simp_all`

[2026-01-13 01:52:46] [INFO] Attempt 1 failed verification, continuing...
[2026-01-13 01:52:46] [INFO] ========================================
[2026-01-13 01:52:46] [INFO] Trying strategy: exact? (up to 1 attempts)
[2026-01-13 01:52:46] [INFO] --------------------
[2026-01-13 01:52:46] [INFO] Strategy exact?, attempt 1/1
[2026-01-13 01:52:46] [INFO] Starting proof generation...
[2026-01-13 01:52:46] [INFO] Repository path: /root/repo
[2026-01-13 01:52:46] [INFO] Proof generation completed
[2026-01-13 01:52:46] [INFO] Generated proof:
[2026-01-13 01:52:46] [INFO] exact?
[2026-01-13 01:52:46] [INFO] Proof length: 6 chars
[2026-01-13 01:52:46] [INFO] Starting proof verification...
[2026-01-13 01:52:46] [INFO] Verifying at: PersistentDecomp/DirectSumDecompositionDual.lean:333
[2026-01-13 01:52:46] [INFO] Using LEAN INTERACT verify
[2026-01-13 01:52:46] [INFO] Checking file
[2026-01-13 01:52:52] [INFO] Cannot build modified file PersistentDecomp/tmpunvttpns.lean:333:18: error(lean.unknownIdentifier): Unknown identifier `exact?`
[2026-01-13 01:52:52] [INFO] Proof verification completed
[2026-01-13 01:52:52] [INFO] Strategy exact? attempt 1: verified=False
[2026-01-13 01:52:52] [INFO] Verification message: Cannot build modified file: PersistentDecomp/tmpunvttpns.lean:333:18: error(lean.unknownIdentifier): Unknown identifier `exact?`

[2026-01-13 01:52:52] [INFO] Attempt 1 failed verification, continuing...
[2026-01-13 01:52:52] [INFO] ========================================
[2026-01-13 01:52:52] [INFO] Trying strategy: grind (up to 1 attempts)
[2026-01-13 01:52:52] [INFO] --------------------
[2026-01-13 01:52:52] [INFO] Strategy grind, attempt 1/1
[2026-01-13 01:52:52] [INFO] Starting proof generation...
[2026-01-13 01:52:52] [INFO] Repository path: /root/repo
[2026-01-13 01:52:52] [INFO] Proof generation completed
[2026-01-13 01:52:52] [INFO] Generated proof:
[2026-01-13 01:52:52] [INFO] grind
[2026-01-13 01:52:52] [INFO] Proof length: 5 chars
[2026-01-13 01:52:52] [INFO] Starting proof verification...
[2026-01-13 01:52:52] [INFO] Verifying at: PersistentDecomp/DirectSumDecompositionDual.lean:333
[2026-01-13 01:52:52] [INFO] Using LEAN INTERACT verify
[2026-01-13 01:52:52] [INFO] Checking file
[2026-01-13 01:52:58] [INFO] Cannot build modified file PersistentDecomp/tmp7n0m7w71.lean:333:18: error(lean.unknownIdentifier): Unknown identifier `grind`
[2026-01-13 01:52:58] [INFO] Proof verification completed
[2026-01-13 01:52:58] [INFO] Strategy grind attempt 1: verified=False
[2026-01-13 01:52:58] [INFO] Verification message: Cannot build modified file: PersistentDecomp/tmp7n0m7w71.lean:333:18: error(lean.unknownIdentifier): Unknown identifier `grind`

[2026-01-13 01:52:58] [INFO] Attempt 1 failed verification, continuing...
[2026-01-13 01:52:58] [INFO] ========================================
[2026-01-13 01:52:58] [INFO] Trying strategy: ring (up to 1 attempts)
[2026-01-13 01:52:58] [INFO] --------------------
[2026-01-13 01:52:58] [INFO] Strategy ring, attempt 1/1
[2026-01-13 01:52:58] [INFO] Starting proof generation...
[2026-01-13 01:52:58] [INFO] Repository path: /root/repo
[2026-01-13 01:52:58] [INFO] Proof generation completed
[2026-01-13 01:52:58] [INFO] Generated proof:
[2026-01-13 01:52:58] [INFO] ring
[2026-01-13 01:52:58] [INFO] Proof length: 4 chars
[2026-01-13 01:52:58] [INFO] Starting proof verification...
[2026-01-13 01:52:58] [INFO] Verifying at: PersistentDecomp/DirectSumDecompositionDual.lean:333
[2026-01-13 01:52:58] [INFO] Using LEAN INTERACT verify
[2026-01-13 01:52:58] [INFO] Checking file
[2026-01-13 01:53:03] [INFO] Cannot build modified file PersistentDecomp/tmpvmg_fuo6.lean:333:18: error(lean.unknownIdentifier): Unknown identifier `ring`
[2026-01-13 01:53:03] [INFO] Proof verification completed
[2026-01-13 01:53:03] [INFO] Strategy ring attempt 1: verified=False
[2026-01-13 01:53:03] [INFO] Verification message: Cannot build modified file: PersistentDecomp/tmpvmg_fuo6.lean:333:18: error(lean.unknownIdentifier): Unknown identifier `ring`

[2026-01-13 01:53:03] [INFO] Attempt 1 failed verification, continuing...
[2026-01-13 01:53:03] [INFO] ========================================
[2026-01-13 01:53:03] [INFO] Trying strategy: norm_num (up to 1 attempts)
[2026-01-13 01:53:03] [INFO] --------------------
[2026-01-13 01:53:03] [INFO] Strategy norm_num, attempt 1/1
[2026-01-13 01:53:03] [INFO] Starting proof generation...
[2026-01-13 01:53:03] [INFO] Repository path: /root/repo
[2026-01-13 01:53:03] [INFO] Proof generation completed
[2026-01-13 01:53:03] [INFO] Generated proof:
[2026-01-13 01:53:03] [INFO] norm_num
[2026-01-13 01:53:03] [INFO] Proof length: 8 chars
[2026-01-13 01:53:03] [INFO] Starting proof verification...
[2026-01-13 01:53:03] [INFO] Verifying at: PersistentDecomp/DirectSumDecompositionDual.lean:333
[2026-01-13 01:53:03] [INFO] Using LEAN INTERACT verify
[2026-01-13 01:53:03] [INFO] Checking file
[2026-01-13 01:53:09] [INFO] Cannot build modified file <error line="333" column="18">
<code_line>    B sorry sorry norm_num</code_line>
<message>error: Application type mismatch: The argument</message>
</error>
  norm_num
has type
  Lean.ParserDescr
of sort `Type` but is expected to have type
  ∀ (N : PersistenceSubmodule M) (hN : N ∈ D), ⊥ ∉ B N hN
of sort `Prop` in the application
  refinement B ⋯ ⋯ norm_num
[2026-01-13 01:53:09] [INFO] Proof verification completed
[2026-01-13 01:53:09] [INFO] Strategy norm_num attempt 1: verified=False
[2026-01-13 01:53:09] [INFO] Verification message: Cannot build modified file: <error line="333" column="18">
<code_line>    B sorry sorry norm_num</code_line>
<message>error: Application type mismatch: The argument</message>
</error>
  norm_num
has type
  Lean.ParserDescr
of sort `Type` but is expected to have type
  ∀ (N : PersistenceSubmodule M) (hN : N ∈ D), ⊥ ∉ B N hN
of sort `Prop` in the application
  refinement B ⋯ ⋯ norm_num

[2026-01-13 01:53:09] [INFO] Attempt 1 failed verification, continuing...
[2026-01-13 01:53:09] [INFO] ========================================
[2026-01-13 01:53:09] [INFO] Trying strategy: omega (up to 1 attempts)
[2026-01-13 01:53:09] [INFO] --------------------
[2026-01-13 01:53:09] [INFO] Strategy omega, attempt 1/1
[2026-01-13 01:53:09] [INFO] Starting proof generation...
[2026-01-13 01:53:09] [INFO] Repository path: /root/repo
[2026-01-13 01:53:09] [INFO] Proof generation completed
[2026-01-13 01:53:09] [INFO] Generated proof:
[2026-01-13 01:53:09] [INFO] omega
[2026-01-13 01:53:09] [INFO] Proof length: 5 chars
[2026-01-13 01:53:09] [INFO] Starting proof verification...
[2026-01-13 01:53:09] [INFO] Verifying at: PersistentDecomp/DirectSumDecompositionDual.lean:333
[2026-01-13 01:53:09] [INFO] Using LEAN INTERACT verify
[2026-01-13 01:53:09] [INFO] Checking file
[2026-01-13 01:53:14] [INFO] Cannot build modified file PersistentDecomp/tmp2g5u17r0.lean:333:18: error(lean.unknownIdentifier): Unknown identifier `omega`
[2026-01-13 01:53:14] [INFO] Proof verification completed
[2026-01-13 01:53:14] [INFO] Strategy omega attempt 1: verified=False
[2026-01-13 01:53:14] [INFO] Verification message: Cannot build modified file: PersistentDecomp/tmp2g5u17r0.lean:333:18: error(lean.unknownIdentifier): Unknown identifier `omega`

[2026-01-13 01:53:14] [INFO] Attempt 1 failed verification, continuing...
[2026-01-13 01:53:14] [INFO] ========================================
[2026-01-13 01:53:14] [INFO] Trying strategy: linarith (up to 1 attempts)
[2026-01-13 01:53:14] [INFO] --------------------
[2026-01-13 01:53:14] [INFO] Strategy linarith, attempt 1/1
[2026-01-13 01:53:14] [INFO] Starting proof generation...
[2026-01-13 01:53:14] [INFO] Repository path: /root/repo
[2026-01-13 01:53:14] [INFO] Proof generation completed
[2026-01-13 01:53:14] [INFO] Generated proof:
[2026-01-13 01:53:14] [INFO] linarith
[2026-01-13 01:53:14] [INFO] Proof length: 8 chars
[2026-01-13 01:53:14] [INFO] Starting proof verification...
[2026-01-13 01:53:14] [INFO] Verifying at: PersistentDecomp/DirectSumDecompositionDual.lean:333
[2026-01-13 01:53:14] [INFO] Using LEAN INTERACT verify
[2026-01-13 01:53:14] [INFO] Checking file
[2026-01-13 01:53:20] [INFO] Cannot build modified file PersistentDecomp/tmp30g6rd0o.lean:333:18: error(lean.unknownIdentifier): Unknown identifier `linarith`
[2026-01-13 01:53:20] [INFO] Proof verification completed
[2026-01-13 01:53:20] [INFO] Strategy linarith attempt 1: verified=False
[2026-01-13 01:53:20] [INFO] Verification message: Cannot build modified file: PersistentDecomp/tmp30g6rd0o.lean:333:18: error(lean.unknownIdentifier): Unknown identifier `linarith`

[2026-01-13 01:53:20] [INFO] Attempt 1 failed verification, continuing...
[2026-01-13 01:53:20] [INFO] ========================================
[2026-01-13 01:53:20] [INFO] Trying strategy: nlinarith (up to 1 attempts)
[2026-01-13 01:53:20] [INFO] --------------------
[2026-01-13 01:53:20] [INFO] Strategy nlinarith, attempt 1/1
[2026-01-13 01:53:20] [INFO] Starting proof generation...
[2026-01-13 01:53:20] [INFO] Repository path: /root/repo
[2026-01-13 01:53:20] [INFO] Proof generation completed
[2026-01-13 01:53:20] [INFO] Generated proof:
[2026-01-13 01:53:20] [INFO] nlinarith
[2026-01-13 01:53:20] [INFO] Proof length: 9 chars
[2026-01-13 01:53:20] [INFO] Starting proof verification...
[2026-01-13 01:53:20] [INFO] Verifying at: PersistentDecomp/DirectSumDecompositionDual.lean:333
[2026-01-13 01:53:20] [INFO] Using LEAN INTERACT verify
[2026-01-13 01:53:20] [INFO] Checking file
[2026-01-13 01:53:25] [INFO] Cannot build modified file PersistentDecomp/tmpsro8n5sf.lean:333:18: error(lean.unknownIdentifier): Unknown identifier `nlinarith`
[2026-01-13 01:53:25] [INFO] Proof verification completed
[2026-01-13 01:53:25] [INFO] Strategy nlinarith attempt 1: verified=False
[2026-01-13 01:53:25] [INFO] Verification message: Cannot build modified file: PersistentDecomp/tmpsro8n5sf.lean:333:18: error(lean.unknownIdentifier): Unknown identifier `nlinarith`

[2026-01-13 01:53:25] [INFO] Attempt 1 failed verification, continuing...
[2026-01-13 01:53:25] [INFO] ========================================
[2026-01-13 01:53:25] [INFO] Trying strategy: aesop (up to 1 attempts)
[2026-01-13 01:53:25] [INFO] --------------------
[2026-01-13 01:53:25] [INFO] Strategy aesop, attempt 1/1
[2026-01-13 01:53:25] [INFO] Starting proof generation...
[2026-01-13 01:53:25] [INFO] Repository path: /root/repo
[2026-01-13 01:53:25] [INFO] Proof generation completed
[2026-01-13 01:53:25] [INFO] Generated proof:
[2026-01-13 01:53:25] [INFO] aesop
[2026-01-13 01:53:25] [INFO] Proof length: 5 chars
[2026-01-13 01:53:25] [INFO] Starting proof verification...
[2026-01-13 01:53:25] [INFO] Verifying at: PersistentDecomp/DirectSumDecompositionDual.lean:333
[2026-01-13 01:53:25] [INFO] Using LEAN INTERACT verify
[2026-01-13 01:53:25] [INFO] Checking file
[2026-01-13 01:53:30] [INFO] Cannot build modified file PersistentDecomp/tmppy4i7fil.lean:333:18: error(lean.unknownIdentifier): Unknown identifier `aesop`
[2026-01-13 01:53:30] [INFO] Proof verification completed
[2026-01-13 01:53:30] [INFO] Strategy aesop attempt 1: verified=False
[2026-01-13 01:53:30] [INFO] Verification message: Cannot build modified file: PersistentDecomp/tmppy4i7fil.lean:333:18: error(lean.unknownIdentifier): Unknown identifier `aesop`

[2026-01-13 01:53:30] [INFO] Attempt 1 failed verification, continuing...
[2026-01-13 01:53:30] [INFO] ========================================
[2026-01-13 01:53:30] [INFO] Pass@k completed. Total results: 1
[2026-01-13 01:53:30] [INFO] FAILED: All 11 strategies x 1 attempts
[2026-01-13 01:53:30] [INFO] Writing results to file: /root/repo/result.json
[2026-01-13 01:53:30] [INFO] Result file written successfully
[2026-01-13 01:53:30] [INFO] Results exported to: /root/repo/result.json
[2026-01-13 01:53:30] [INFO] run_morphcloud_local.py completed successfully

[2026-01-13 01:53:31] [process_single_sorry] Downloading result file...
[2026-01-13 01:53:31] [process_single_sorry] Downloaded result to intermediate_experiment_outputs_full_reservoir_3_months/multi_tactic/2026-01-13_01-27-45_multi_tactic/individual/6dddca7fd368d85056848259adb7130176e3e80142788019c479e92710b34dda.json
[2026-01-13 01:53:33] [process_single_sorry] Instance context closed successfully
[2026-01-13 01:53:33] [process_single_sorry] Parsing result file...
[2026-01-13 01:53:33] [process_single_sorry] Successfully parsed result (list format, 1 results)
