[2026-01-13 04:11:22] [process_single_sorry] Starting for sorry 7369da08fba1eccc2ad42ab6055967e687b013ed76f7d6e69bc1d9a0b48366e3
[2026-01-13 04:11:22] [process_single_sorry] Using snapshot: snapshot_0nk1xatd
[2026-01-13 04:11:22] [process_single_sorry] Repository: https://github.com/lean-dojo/LeanMillenniumPrizeProblems@aca048ef73ce1156156cce5845945b902aa66698
[2026-01-13 04:11:22] [process_single_sorry] Instance name: LeanMillenniumPrizeProblems_aca048ef73ce_multi_tactic_7369da08fba1eccc2ad42ab6055967e687b013ed76f7d6e69bc1d9a0b48366e3
[2026-01-13 04:11:22] [process_single_sorry] Starting attempt 1/3
[2026-01-13 04:11:22] [process_single_sorry] Starting instance from snapshot...
[2026-01-13 04:11:23] [process_single_sorry] Instance started successfully: morphvm_ps110f19
[2026-01-13 04:11:23] [process_single_sorry] Creating .env file...
[2026-01-13 04:11:34] [process_single_sorry] .env file created (exit_code: 0)
[2026-01-13 04:11:34] [process_single_sorry] Executing agent command...
[2026-01-13 04:15:07] [process_single_sorry] Agent command completed (exit_code: 0)
[2026-01-13 04:15:07] [process_single_sorry] STDOUT:

Results JSON:
[
  {
    "sorry": {
      "repo": {
        "remote": "https://github.com/lean-dojo/LeanMillenniumPrizeProblems",
        "branch": "main",
        "commit": "aca048ef73ce1156156cce5845945b902aa66698",
        "lean_version": "v4.18.0-rc1"
      },
      "location": {
        "path": "Problems/BirchSwinnertonDyer/Mordellweil.lean",
        "start_line": 221,
        "start_column": 44,
        "end_line": 221,
        "end_column": 49
      },
      "debug_info": {
        "goal": "K : Type u\ninstтЬЭ┬▓ : Field K\ninstтЬЭ┬╣ : NumberField K\ninstтЬЭ : DecidableEq K\nE : EllipticCurve K\nP Q : MordellWeilGroup E\nxтВБ yтВБ xтВВ yтВВ s : K\nW : WeierstrassCurve K := тЖСE\nxтВГ : K := s ^ 2 + W.aтВБ * s - W.aтВВ - xтВБ - xтВВ\nyтВГ : K := s * (xтВБ - xтВГ) - yтВБ - W.aтВБ * xтВГ - W.aтВГ\nтКв let W := тЖСE;\n  yтВГ ^ 2 + W.aтВБ * xтВГ * yтВГ + W.aтВГ * yтВГ = xтВГ ^ 3 + W.aтВВ * xтВГ ^ 2 + W.aтВД * xтВГ + W.aтВЖ",
        "url": "https://github.com/lean-dojo/LeanMillenniumPrizeProblems/blob/aca048ef73ce1156156cce5845945b902aa66698/Problems/BirchSwinnertonDyer/Mordellweil.lean#L221"
      },
      "metadata": {
        "blame_email_hash": "91e2e741ca6f",
        "blame_date": "2025-03-15T14:36:52-07:00",
        "inclusion_date": "2026-01-10T14:16:40.616571+00:00"
      },
      "id": "7369da08fba1eccc2ad42ab6055967e687b013ed76f7d6e69bc1d9a0b48366e3"
    },
    "proof": null,
    "proof_verified": false,
    "feedback": null,
    "verification_message": "All 11 attempts failed (11 strategies x 1 attempts each)",
    "success": true,
    "error_type": null,
    "error_message": null,
    "strategy_name": "all_failed_k=1",
    "proof_attempts": [
      "rfl",
      "simp",
      "simp_all",
      "exact?",
      "grind",
      "ring",
      "norm_num",
      "omega",
      "linarith",
      "nlinarith",
      "aesop"
    ]
  }
]

[2026-01-13 04:15:07] [process_single_sorry] STDERR:
None of PyTorch, TensorFlow >= 2.0, or Flax have been found. Models won't be available and only tokenizers, configuration and file/data utilities can be used.
[2026-01-13 04:12:42] [INFO] ================================================================================
[2026-01-13 04:12:42] [INFO] Starting run_morphcloud_local.py
[2026-01-13 04:12:42] [INFO] ================================================================================
[2026-01-13 04:12:42] [INFO] Environment loaded
[2026-01-13 04:12:42] [INFO] Full command: /root/SorryDB/sorrydb/cli/run_morphcloud_local.py --repo-path /root/repo --sorry-json {"repo": {"remote": "https://github.com/lean-dojo/LeanMillenniumPrizeProblems", "branch": "main", "commit": "aca048ef73ce1156156cce5845945b902aa66698", "lean_version": "v4.18.0-rc1"}, "location": {"path": "Problems/BirchSwinnertonDyer/Mordellweil.lean", "start_line": 221, "start_column": 44, "end_line": 221, "end_column": 49}, "debug_info": {"goal": "K : Type u\ninst\u271d\u00b2 : Field K\ninst\u271d\u00b9 : NumberField K\ninst\u271d : DecidableEq K\nE : EllipticCurve K\nP Q : MordellWeilGroup E\nx\u2081 y\u2081 x\u2082 y\u2082 s : K\nW : WeierstrassCurve K := \u2191E\nx\u2083 : K := s ^ 2 + W.a\u2081 * s - W.a\u2082 - x\u2081 - x\u2082\ny\u2083 : K := s * (x\u2081 - x\u2083) - y\u2081 - W.a\u2081 * x\u2083 - W.a\u2083\n\u22a2 let W := \u2191E;\n  y\u2083 ^ 2 + W.a\u2081 * x\u2083 * y\u2083 + W.a\u2083 * y\u2083 = x\u2083 ^ 3 + W.a\u2082 * x\u2083 ^ 2 + W.a\u2084 * x\u2083 + W.a\u2086", "url": "https://github.com/lean-dojo/LeanMillenniumPrizeProblems/blob/aca048ef73ce1156156cce5845945b902aa66698/Problems/BirchSwinnertonDyer/Mordellweil.lean#L221"}, "metadata": {"blame_email_hash": "91e2e741ca6f", "blame_date": "2025-03-15T14:36:52-07:00", "inclusion_date": "2026-01-10T14:16:40.616571+00:00"}, "id": "7369da08fba1eccc2ad42ab6055967e687b013ed76f7d6e69bc1d9a0b48366e3"} --agent-strategy {"name": "multi_tactic", "args": {}}
[2026-01-13 04:12:42] [INFO] Arguments parsed: repo_path=/root/repo, output_path=/root/repo/result.json
[2026-01-13 04:12:42] [INFO] Strategy spec: {"name": "multi_tactic", "args": {}}...
[2026-01-13 04:12:42] [INFO] Loading sorry data...
[2026-01-13 04:12:42] [INFO] Parsing sorry from JSON string...
[2026-01-13 04:12:42] [INFO] Sorry data parsed from JSON string
[2026-01-13 04:12:42] [INFO] Creating strategy from spec...
[2026-01-13 04:12:42] [INFO] Parsing strategy spec (length: 36 chars)
[2026-01-13 04:12:42] [INFO] Strategy name: multi_tactic
[2026-01-13 04:12:42] [INFO] Strategy args: {}
[2026-01-13 04:12:42] [INFO] Pass@k value: 1
[2026-01-13 04:12:42] [INFO] Creating strategy: multi_tactic
[2026-01-13 04:12:42] [INFO] Creating multi_tactic strategy with tactics: ['rfl', 'simp', 'simp_all', 'exact?', 'grind', 'ring', 'norm_num', 'omega', 'linarith', 'nlinarith', 'aesop']
[2026-01-13 04:12:42] [INFO] Strategies created: ['rfl', 'simp', 'simp_all', 'exact?', 'grind', 'ring', 'norm_num', 'omega', 'linarith', 'nlinarith', 'aesop']
[2026-01-13 04:12:42] [INFO] Pass@k value: 1
[2026-01-13 04:12:42] [INFO] Creating Sorry object...
[2026-01-13 04:12:42] [INFO] Sorry object created: id=7369da08fba1eccc2ad42ab6055967e687b013ed76f7d6e69bc1d9a0b48366e3
[2026-01-13 04:12:42] [INFO] Sorry location: Problems/BirchSwinnertonDyer/Mordellweil.lean:221
[2026-01-13 04:12:42] [INFO] Context before sorry (lines 216-221):
[2026-01-13 04:12:42] [INFO]   216:         | none => MordellWeilGroup.infinity E
[2026-01-13 04:12:42] [INFO]   217:         | some s =>  -- Changed ╬╗ to s (for slope)
[2026-01-13 04:12:42] [INFO]   218:           let W := E.val
[2026-01-13 04:12:42] [INFO]   219:           let xтВГ := s^2 + W.aтВБ*s - W.aтВВ - xтВБ - xтВВ
[2026-01-13 04:12:42] [INFO]   220:           let yтВГ := s*(xтВБ - xтВГ) - yтВБ - W.aтВБ*xтВГ - W.aтВГ
[2026-01-13 04:12:42] [INFO]   221:           MordellWeilGroup.mk_point E xтВГ yтВГ sorry
[2026-01-13 04:12:42] [INFO] Sorry line:           MordellWeilGroup.mk_point E xтВГ yтВГ sorry
[2026-01-13 04:12:42] [INFO] Sorry goal: K : Type u
instтЬЭ┬▓ : Field K
instтЬЭ┬╣ : NumberField K
instтЬЭ : DecidableEq K
E : EllipticCurve K
P Q : M...
[2026-01-13 04:12:42] [INFO] ========================================
[2026-01-13 04:12:42] [INFO] Trying strategy: rfl (up to 1 attempts)
[2026-01-13 04:12:42] [INFO] --------------------
[2026-01-13 04:12:42] [INFO] Strategy rfl, attempt 1/1
[2026-01-13 04:12:42] [INFO] Starting proof generation...
[2026-01-13 04:12:42] [INFO] Repository path: /root/repo
[2026-01-13 04:12:42] [INFO] Proof generation completed
[2026-01-13 04:12:42] [INFO] Generated proof:
[2026-01-13 04:12:42] [INFO] rfl
[2026-01-13 04:12:42] [INFO] Proof length: 3 chars
[2026-01-13 04:12:42] [INFO] Starting proof verification...
[2026-01-13 04:12:42] [INFO] Verifying at: Problems/BirchSwinnertonDyer/Mordellweil.lean:221
[2026-01-13 04:12:42] [INFO] Using LEAN INTERACT verify
[2026-01-13 04:12:42] [INFO] Checking file
[2026-01-13 04:14:27] [INFO] Cannot build modified file <error line="221" column="44">
<code_line>          MordellWeilGroup.mk_point E xтВГ yтВГ rfl</code_line>
<message>error: application type mismatch</message>
</error>
  mk_point E xтВГ yтВГ тЛп
argument
  rfl
has type
  ?m.13328 = ?m.13328 : Prop
but is expected to have type
  let W := тЖСE;
  yтВГ ^ 2 + W.aтВБ * xтВГ * yтВГ + W.aтВГ * yтВГ = xтВГ ^ 3 + W.aтВВ * xтВГ ^ 2 + W.aтВД * xтВГ + W.aтВЖ : Prop
[2026-01-13 04:14:27] [INFO] Proof verification completed
[2026-01-13 04:14:27] [INFO] Strategy rfl attempt 1: verified=False
[2026-01-13 04:14:27] [INFO] Verification message: Cannot build modified file: <error line="221" column="44">
<code_line>          MordellWeilGroup.mk_point E xтВГ yтВГ rfl</code_line>
<message>error: application type mismatch</message>
</error>
  mk_point E xтВГ yтВГ тЛп
argument
  rfl
has type
  ?m.13328 = ?m.13328 : Prop
but is expected to have type
  let W := тЖСE;
  yтВГ ^ 2 + W.aтВБ * xтВГ * yтВГ + W.aтВГ * yтВГ = xтВГ ^ 3 + W.aтВВ * xтВГ ^ 2 + W.aтВД * xтВГ + W.aтВЖ : Prop

[2026-01-13 04:14:27] [INFO] Attempt 1 failed verification, continuing...
[2026-01-13 04:14:27] [INFO] ========================================
[2026-01-13 04:14:27] [INFO] Trying strategy: simp (up to 1 attempts)
[2026-01-13 04:14:27] [INFO] --------------------
[2026-01-13 04:14:27] [INFO] Strategy simp, attempt 1/1
[2026-01-13 04:14:27] [INFO] Starting proof generation...
[2026-01-13 04:14:27] [INFO] Repository path: /root/repo
[2026-01-13 04:14:27] [INFO] Proof generation completed
[2026-01-13 04:14:27] [INFO] Generated proof:
[2026-01-13 04:14:27] [INFO] simp
[2026-01-13 04:14:27] [INFO] Proof length: 4 chars
[2026-01-13 04:14:27] [INFO] Starting proof verification...
[2026-01-13 04:14:27] [INFO] Verifying at: Problems/BirchSwinnertonDyer/Mordellweil.lean:221
[2026-01-13 04:14:27] [INFO] Using LEAN INTERACT verify
[2026-01-13 04:14:27] [INFO] Checking file
[2026-01-13 04:14:31] [INFO] Cannot build modified file <error line="221" column="44">
<code_line>          MordellWeilGroup.mk_point E xтВГ yтВГ simp</code_line>
<message>error: unknown identifier 'simp'</message>
</error>
[2026-01-13 04:14:31] [INFO] Proof verification completed
[2026-01-13 04:14:31] [INFO] Strategy simp attempt 1: verified=False
[2026-01-13 04:14:31] [INFO] Verification message: Cannot build modified file: <error line="221" column="44">
<code_line>          MordellWeilGroup.mk_point E xтВГ yтВГ simp</code_line>
<message>error: unknown identifier 'simp'</message>
</error>

[2026-01-13 04:14:31] [INFO] Attempt 1 failed verification, continuing...
[2026-01-13 04:14:31] [INFO] ========================================
[2026-01-13 04:14:31] [INFO] Trying strategy: simp_all (up to 1 attempts)
[2026-01-13 04:14:31] [INFO] --------------------
[2026-01-13 04:14:31] [INFO] Strategy simp_all, attempt 1/1
[2026-01-13 04:14:31] [INFO] Starting proof generation...
[2026-01-13 04:14:31] [INFO] Repository path: /root/repo
[2026-01-13 04:14:31] [INFO] Proof generation completed
[2026-01-13 04:14:31] [INFO] Generated proof:
[2026-01-13 04:14:31] [INFO] simp_all
[2026-01-13 04:14:31] [INFO] Proof length: 8 chars
[2026-01-13 04:14:31] [INFO] Starting proof verification...
[2026-01-13 04:14:31] [INFO] Verifying at: Problems/BirchSwinnertonDyer/Mordellweil.lean:221
[2026-01-13 04:14:31] [INFO] Using LEAN INTERACT verify
[2026-01-13 04:14:31] [INFO] Checking file
[2026-01-13 04:14:35] [INFO] Cannot build modified file <error line="221" column="44">
<code_line>          MordellWeilGroup.mk_point E xтВГ yтВГ simp_all</code_line>
<message>error: unknown identifier 'simp_all'</message>
</error>
[2026-01-13 04:14:35] [INFO] Proof verification completed
[2026-01-13 04:14:35] [INFO] Strategy simp_all attempt 1: verified=False
[2026-01-13 04:14:35] [INFO] Verification message: Cannot build modified file: <error line="221" column="44">
<code_line>          MordellWeilGroup.mk_point E xтВГ yтВГ simp_all</code_line>
<message>error: unknown identifier 'simp_all'</message>
</error>

[2026-01-13 04:14:35] [INFO] Attempt 1 failed verification, continuing...
[2026-01-13 04:14:35] [INFO] ========================================
[2026-01-13 04:14:35] [INFO] Trying strategy: exact? (up to 1 attempts)
[2026-01-13 04:14:35] [INFO] --------------------
[2026-01-13 04:14:35] [INFO] Strategy exact?, attempt 1/1
[2026-01-13 04:14:35] [INFO] Starting proof generation...
[2026-01-13 04:14:35] [INFO] Repository path: /root/repo
[2026-01-13 04:14:35] [INFO] Proof generation completed
[2026-01-13 04:14:35] [INFO] Generated proof:
[2026-01-13 04:14:35] [INFO] exact?
[2026-01-13 04:14:35] [INFO] Proof length: 6 chars
[2026-01-13 04:14:35] [INFO] Starting proof verification...
[2026-01-13 04:14:35] [INFO] Verifying at: Problems/BirchSwinnertonDyer/Mordellweil.lean:221
[2026-01-13 04:14:35] [INFO] Using LEAN INTERACT verify
[2026-01-13 04:14:35] [INFO] Checking file
[2026-01-13 04:14:40] [INFO] Cannot build modified file <error line="221" column="44">
<code_line>          MordellWeilGroup.mk_point E xтВГ yтВГ exact?</code_line>
<message>error: unknown identifier 'exact?'</message>
</error>
[2026-01-13 04:14:40] [INFO] Proof verification completed
[2026-01-13 04:14:40] [INFO] Strategy exact? attempt 1: verified=False
[2026-01-13 04:14:40] [INFO] Verification message: Cannot build modified file: <error line="221" column="44">
<code_line>          MordellWeilGroup.mk_point E xтВГ yтВГ exact?</code_line>
<message>error: unknown identifier 'exact?'</message>
</error>

[2026-01-13 04:14:40] [INFO] Attempt 1 failed verification, continuing...
[2026-01-13 04:14:40] [INFO] ========================================
[2026-01-13 04:14:40] [INFO] Trying strategy: grind (up to 1 attempts)
[2026-01-13 04:14:40] [INFO] --------------------
[2026-01-13 04:14:40] [INFO] Strategy grind, attempt 1/1
[2026-01-13 04:14:40] [INFO] Starting proof generation...
[2026-01-13 04:14:40] [INFO] Repository path: /root/repo
[2026-01-13 04:14:40] [INFO] Proof generation completed
[2026-01-13 04:14:40] [INFO] Generated proof:
[2026-01-13 04:14:40] [INFO] grind
[2026-01-13 04:14:40] [INFO] Proof length: 5 chars
[2026-01-13 04:14:40] [INFO] Starting proof verification...
[2026-01-13 04:14:40] [INFO] Verifying at: Problems/BirchSwinnertonDyer/Mordellweil.lean:221
[2026-01-13 04:14:40] [INFO] Using LEAN INTERACT verify
[2026-01-13 04:14:40] [INFO] Checking file
[2026-01-13 04:14:43] [INFO] Cannot build modified file <error line="221" column="44">
<code_line>          MordellWeilGroup.mk_point E xтВГ yтВГ grind</code_line>
<message>error: unknown identifier 'grind'</message>
</error>
[2026-01-13 04:14:43] [INFO] Proof verification completed
[2026-01-13 04:14:43] [INFO] Strategy grind attempt 1: verified=False
[2026-01-13 04:14:43] [INFO] Verification message: Cannot build modified file: <error line="221" column="44">
<code_line>          MordellWeilGroup.mk_point E xтВГ yтВГ grind</code_line>
<message>error: unknown identifier 'grind'</message>
</error>

[2026-01-13 04:14:43] [INFO] Attempt 1 failed verification, continuing...
[2026-01-13 04:14:43] [INFO] ========================================
[2026-01-13 04:14:43] [INFO] Trying strategy: ring (up to 1 attempts)
[2026-01-13 04:14:43] [INFO] --------------------
[2026-01-13 04:14:43] [INFO] Strategy ring, attempt 1/1
[2026-01-13 04:14:43] [INFO] Starting proof generation...
[2026-01-13 04:14:43] [INFO] Repository path: /root/repo
[2026-01-13 04:14:43] [INFO] Proof generation completed
[2026-01-13 04:14:43] [INFO] Generated proof:
[2026-01-13 04:14:43] [INFO] ring
[2026-01-13 04:14:43] [INFO] Proof length: 4 chars
[2026-01-13 04:14:43] [INFO] Starting proof verification...
[2026-01-13 04:14:43] [INFO] Verifying at: Problems/BirchSwinnertonDyer/Mordellweil.lean:221
[2026-01-13 04:14:43] [INFO] Using LEAN INTERACT verify
[2026-01-13 04:14:43] [INFO] Checking file
[2026-01-13 04:14:47] [INFO] Cannot build modified file <error line="221" column="44">
<code_line>          MordellWeilGroup.mk_point E xтВГ yтВГ ring</code_line>
<message>error: unknown identifier 'ring'</message>
</error>
[2026-01-13 04:14:47] [INFO] Proof verification completed
[2026-01-13 04:14:47] [INFO] Strategy ring attempt 1: verified=False
[2026-01-13 04:14:47] [INFO] Verification message: Cannot build modified file: <error line="221" column="44">
<code_line>          MordellWeilGroup.mk_point E xтВГ yтВГ ring</code_line>
<message>error: unknown identifier 'ring'</message>
</error>

[2026-01-13 04:14:47] [INFO] Attempt 1 failed verification, continuing...
[2026-01-13 04:14:47] [INFO] ========================================
[2026-01-13 04:14:47] [INFO] Trying strategy: norm_num (up to 1 attempts)
[2026-01-13 04:14:47] [INFO] --------------------
[2026-01-13 04:14:47] [INFO] Strategy norm_num, attempt 1/1
[2026-01-13 04:14:47] [INFO] Starting proof generation...
[2026-01-13 04:14:47] [INFO] Repository path: /root/repo
[2026-01-13 04:14:47] [INFO] Proof generation completed
[2026-01-13 04:14:47] [INFO] Generated proof:
[2026-01-13 04:14:47] [INFO] norm_num
[2026-01-13 04:14:47] [INFO] Proof length: 8 chars
[2026-01-13 04:14:47] [INFO] Starting proof verification...
[2026-01-13 04:14:47] [INFO] Verifying at: Problems/BirchSwinnertonDyer/Mordellweil.lean:221
[2026-01-13 04:14:47] [INFO] Using LEAN INTERACT verify
[2026-01-13 04:14:47] [INFO] Checking file
[2026-01-13 04:14:51] [INFO] Cannot build modified file <error line="221" column="44">
<code_line>          MordellWeilGroup.mk_point E xтВГ yтВГ norm_num</code_line>
<message>error: application type mismatch</message>
</error>
  mk_point E xтВГ yтВГ norm_num
argument
  norm_num
has type
  Lean.ParserDescr : Type
but is expected to have type
  let W := тЖСE;
  yтВГ ^ 2 + W.aтВБ * xтВГ * yтВГ + W.aтВГ * yтВГ = xтВГ ^ 3 + W.aтВВ * xтВГ ^ 2 + W.aтВД * xтВГ + W.aтВЖ : Prop
[2026-01-13 04:14:51] [INFO] Proof verification completed
[2026-01-13 04:14:51] [INFO] Strategy norm_num attempt 1: verified=False
[2026-01-13 04:14:51] [INFO] Verification message: Cannot build modified file: <error line="221" column="44">
<code_line>          MordellWeilGroup.mk_point E xтВГ yтВГ norm_num</code_line>
<message>error: application type mismatch</message>
</error>
  mk_point E xтВГ yтВГ norm_num
argument
  norm_num
has type
  Lean.ParserDescr : Type
but is expected to have type
  let W := тЖСE;
  yтВГ ^ 2 + W.aтВБ * xтВГ * yтВГ + W.aтВГ * yтВГ = xтВГ ^ 3 + W.aтВВ * xтВГ ^ 2 + W.aтВД * xтВГ + W.aтВЖ : Prop

[2026-01-13 04:14:51] [INFO] Attempt 1 failed verification, continuing...
[2026-01-13 04:14:51] [INFO] ========================================
[2026-01-13 04:14:51] [INFO] Trying strategy: omega (up to 1 attempts)
[2026-01-13 04:14:51] [INFO] --------------------
[2026-01-13 04:14:51] [INFO] Strategy omega, attempt 1/1
[2026-01-13 04:14:51] [INFO] Starting proof generation...
[2026-01-13 04:14:51] [INFO] Repository path: /root/repo
[2026-01-13 04:14:51] [INFO] Proof generation completed
[2026-01-13 04:14:51] [INFO] Generated proof:
[2026-01-13 04:14:51] [INFO] omega
[2026-01-13 04:14:51] [INFO] Proof length: 5 chars
[2026-01-13 04:14:51] [INFO] Starting proof verification...
[2026-01-13 04:14:51] [INFO] Verifying at: Problems/BirchSwinnertonDyer/Mordellweil.lean:221
[2026-01-13 04:14:51] [INFO] Using LEAN INTERACT verify
[2026-01-13 04:14:51] [INFO] Checking file
[2026-01-13 04:14:55] [INFO] Cannot build modified file <error line="221" column="44">
<code_line>          MordellWeilGroup.mk_point E xтВГ yтВГ omega</code_line>
<message>error: unknown identifier 'omega'</message>
</error>
[2026-01-13 04:14:55] [INFO] Proof verification completed
[2026-01-13 04:14:55] [INFO] Strategy omega attempt 1: verified=False
[2026-01-13 04:14:55] [INFO] Verification message: Cannot build modified file: <error line="221" column="44">
<code_line>          MordellWeilGroup.mk_point E xтВГ yтВГ omega</code_line>
<message>error: unknown identifier 'omega'</message>
</error>

[2026-01-13 04:14:55] [INFO] Attempt 1 failed verification, continuing...
[2026-01-13 04:14:55] [INFO] ========================================
[2026-01-13 04:14:55] [INFO] Trying strategy: linarith (up to 1 attempts)
[2026-01-13 04:14:55] [INFO] --------------------
[2026-01-13 04:14:55] [INFO] Strategy linarith, attempt 1/1
[2026-01-13 04:14:55] [INFO] Starting proof generation...
[2026-01-13 04:14:55] [INFO] Repository path: /root/repo
[2026-01-13 04:14:55] [INFO] Proof generation completed
[2026-01-13 04:14:55] [INFO] Generated proof:
[2026-01-13 04:14:55] [INFO] linarith
[2026-01-13 04:14:55] [INFO] Proof length: 8 chars
[2026-01-13 04:14:55] [INFO] Starting proof verification...
[2026-01-13 04:14:55] [INFO] Verifying at: Problems/BirchSwinnertonDyer/Mordellweil.lean:221
[2026-01-13 04:14:55] [INFO] Using LEAN INTERACT verify
[2026-01-13 04:14:55] [INFO] Checking file
[2026-01-13 04:14:59] [INFO] Cannot build modified file <error line="221" column="44">
<code_line>          MordellWeilGroup.mk_point E xтВГ yтВГ linarith</code_line>
<message>error: application type mismatch</message>
</error>
  mk_point E xтВГ yтВГ linarith
argument
  linarith
has type
  Lean.ParserDescr : Type
but is expected to have type
  let W := тЖСE;
  yтВГ ^ 2 + W.aтВБ * xтВГ * yтВГ + W.aтВГ * yтВГ = xтВГ ^ 3 + W.aтВВ * xтВГ ^ 2 + W.aтВД * xтВГ + W.aтВЖ : Prop
[2026-01-13 04:14:59] [INFO] Proof verification completed
[2026-01-13 04:14:59] [INFO] Strategy linarith attempt 1: verified=False
[2026-01-13 04:14:59] [INFO] Verification message: Cannot build modified file: <error line="221" column="44">
<code_line>          MordellWeilGroup.mk_point E xтВГ yтВГ linarith</code_line>
<message>error: application type mismatch</message>
</error>
  mk_point E xтВГ yтВГ linarith
argument
  linarith
has type
  Lean.ParserDescr : Type
but is expected to have type
  let W := тЖСE;
  yтВГ ^ 2 + W.aтВБ * xтВГ * yтВГ + W.aтВГ * yтВГ = xтВГ ^ 3 + W.aтВВ * xтВГ ^ 2 + W.aтВД * xтВГ + W.aтВЖ : Prop

[2026-01-13 04:14:59] [INFO] Attempt 1 failed verification, continuing...
[2026-01-13 04:14:59] [INFO] ========================================
[2026-01-13 04:14:59] [INFO] Trying strategy: nlinarith (up to 1 attempts)
[2026-01-13 04:14:59] [INFO] --------------------
[2026-01-13 04:14:59] [INFO] Strategy nlinarith, attempt 1/1
[2026-01-13 04:14:59] [INFO] Starting proof generation...
[2026-01-13 04:14:59] [INFO] Repository path: /root/repo
[2026-01-13 04:14:59] [INFO] Proof generation completed
[2026-01-13 04:14:59] [INFO] Generated proof:
[2026-01-13 04:14:59] [INFO] nlinarith
[2026-01-13 04:14:59] [INFO] Proof length: 9 chars
[2026-01-13 04:14:59] [INFO] Starting proof verification...
[2026-01-13 04:14:59] [INFO] Verifying at: Problems/BirchSwinnertonDyer/Mordellweil.lean:221
[2026-01-13 04:14:59] [INFO] Using LEAN INTERACT verify
[2026-01-13 04:14:59] [INFO] Checking file
[2026-01-13 04:15:03] [INFO] Cannot build modified file <error line="221" column="44">
<code_line>          MordellWeilGroup.mk_point E xтВГ yтВГ nlinarith</code_line>
<message>error: application type mismatch</message>
</error>
  mk_point E xтВГ yтВГ nlinarith
argument
  nlinarith
has type
  Lean.ParserDescr : Type
but is expected to have type
  let W := тЖСE;
  yтВГ ^ 2 + W.aтВБ * xтВГ * yтВГ + W.aтВГ * yтВГ = xтВГ ^ 3 + W.aтВВ * xтВГ ^ 2 + W.aтВД * xтВГ + W.aтВЖ : Prop
[2026-01-13 04:15:03] [INFO] Proof verification completed
[2026-01-13 04:15:03] [INFO] Strategy nlinarith attempt 1: verified=False
[2026-01-13 04:15:03] [INFO] Verification message: Cannot build modified file: <error line="221" column="44">
<code_line>          MordellWeilGroup.mk_point E xтВГ yтВГ nlinarith</code_line>
<message>error: application type mismatch</message>
</error>
  mk_point E xтВГ yтВГ nlinarith
argument
  nlinarith
has type
  Lean.ParserDescr : Type
but is expected to have type
  let W := тЖСE;
  yтВГ ^ 2 + W.aтВБ * xтВГ * yтВГ + W.aтВГ * yтВГ = xтВГ ^ 3 + W.aтВВ * xтВГ ^ 2 + W.aтВД * xтВГ + W.aтВЖ : Prop

[2026-01-13 04:15:03] [INFO] Attempt 1 failed verification, continuing...
[2026-01-13 04:15:03] [INFO] ========================================
[2026-01-13 04:15:03] [INFO] Trying strategy: aesop (up to 1 attempts)
[2026-01-13 04:15:03] [INFO] --------------------
[2026-01-13 04:15:03] [INFO] Strategy aesop, attempt 1/1
[2026-01-13 04:15:03] [INFO] Starting proof generation...
[2026-01-13 04:15:03] [INFO] Repository path: /root/repo
[2026-01-13 04:15:03] [INFO] Proof generation completed
[2026-01-13 04:15:03] [INFO] Generated proof:
[2026-01-13 04:15:03] [INFO] aesop
[2026-01-13 04:15:03] [INFO] Proof length: 5 chars
[2026-01-13 04:15:03] [INFO] Starting proof verification...
[2026-01-13 04:15:03] [INFO] Verifying at: Problems/BirchSwinnertonDyer/Mordellweil.lean:221
[2026-01-13 04:15:03] [INFO] Using LEAN INTERACT verify
[2026-01-13 04:15:03] [INFO] Checking file
[2026-01-13 04:15:06] [INFO] Cannot build modified file <error line="221" column="44">
<code_line>          MordellWeilGroup.mk_point E xтВГ yтВГ aesop</code_line>
<message>error: unknown identifier 'aesop'</message>
</error>
[2026-01-13 04:15:06] [INFO] Proof verification completed
[2026-01-13 04:15:06] [INFO] Strategy aesop attempt 1: verified=False
[2026-01-13 04:15:06] [INFO] Verification message: Cannot build modified file: <error line="221" column="44">
<code_line>          MordellWeilGroup.mk_point E xтВГ yтВГ aesop</code_line>
<message>error: unknown identifier 'aesop'</message>
</error>

[2026-01-13 04:15:06] [INFO] Attempt 1 failed verification, continuing...
[2026-01-13 04:15:06] [INFO] ========================================
[2026-01-13 04:15:06] [INFO] Pass@k completed. Total results: 1
[2026-01-13 04:15:06] [INFO] FAILED: All 11 strategies x 1 attempts
[2026-01-13 04:15:06] [INFO] Writing results to file: /root/repo/result.json
[2026-01-13 04:15:06] [INFO] Result file written successfully
[2026-01-13 04:15:06] [INFO] Results exported to: /root/repo/result.json
[2026-01-13 04:15:06] [INFO] run_morphcloud_local.py completed successfully

[2026-01-13 04:15:07] [process_single_sorry] Downloading result file...
[2026-01-13 04:15:08] [process_single_sorry] Downloaded result to intermediate_experiment_outputs_full_reservoir_3_months/multi_tactic/2026-01-13_01-27-45_multi_tactic/individual/7369da08fba1eccc2ad42ab6055967e687b013ed76f7d6e69bc1d9a0b48366e3.json
[2026-01-13 04:15:09] [process_single_sorry] Instance context closed successfully
[2026-01-13 04:15:09] [process_single_sorry] Parsing result file...
[2026-01-13 04:15:09] [process_single_sorry] Successfully parsed result (list format, 1 results)
