[2026-01-13 06:38:14] [process_single_sorry] Starting for sorry 7de3b41fca06da6ca3114135efc12ce9c19bc66b45f40919c3db5c354c98a876
[2026-01-13 06:38:14] [process_single_sorry] Using snapshot: snapshot_lv4fwck6
[2026-01-13 06:38:14] [process_single_sorry] Repository: https://github.com/ImperialCollegeLondon/FLT@6eb65c5b8ae3fd94d5cf9005d9399266cd77cb70
[2026-01-13 06:38:14] [process_single_sorry] Instance name: FLT_6eb65c5b8ae3_multi_tactic_7de3b41fca06da6ca3114135efc12ce9c19bc66b45f40919c3db5c354c98a876
[2026-01-13 06:38:14] [process_single_sorry] Starting attempt 1/3
[2026-01-13 06:38:14] [process_single_sorry] Starting instance from snapshot...
[2026-01-13 06:38:20] [process_single_sorry] Instance started successfully: morphvm_kn64md4n
[2026-01-13 06:38:20] [process_single_sorry] Creating .env file...
[2026-01-13 06:38:25] [process_single_sorry] .env file created (exit_code: 0)
[2026-01-13 06:38:25] [process_single_sorry] Executing agent command...
[2026-01-13 06:40:55] [process_single_sorry] Agent command completed (exit_code: 0)
[2026-01-13 06:40:55] [process_single_sorry] STDOUT:

Results JSON:
[
  {
    "sorry": {
      "repo": {
        "remote": "https://github.com/ImperialCollegeLondon/FLT",
        "branch": "pitmonticone/workflows-fix_docgen-action",
        "commit": "6eb65c5b8ae3fd94d5cf9005d9399266cd77cb70",
        "lean_version": "v4.27.0-rc1"
      },
      "location": {
        "path": "FLT/Data/HurwitzRatHat.lean",
        "start_line": 58,
        "start_column": 29,
        "end_line": 58,
        "end_column": 34
      },
      "debug_info": {
        "goal": "⊢ Function.Injective ⇑HurwitzRatHat.j₂",
        "url": "https://github.com/ImperialCollegeLondon/FLT/blob/6eb65c5b8ae3fd94d5cf9005d9399266cd77cb70/FLT/Data/HurwitzRatHat.lean#L58"
      },
      "metadata": {
        "blame_email_hash": "c7989443bd81",
        "blame_date": "2025-10-22T12:09:36+01:00",
        "inclusion_date": "2026-01-09T05:57:19.460342+00:00"
      },
      "id": "7de3b41fca06da6ca3114135efc12ce9c19bc66b45f40919c3db5c354c98a876"
    },
    "proof": null,
    "proof_verified": false,
    "feedback": null,
    "verification_message": "All 11 attempts failed (11 strategies x 1 attempts each)",
    "success": true,
    "error_type": null,
    "error_message": null,
    "strategy_name": "all_failed_k=1",
    "proof_attempts": [
      "rfl",
      "simp",
      "simp_all",
      "exact?",
      "grind",
      "ring",
      "norm_num",
      "omega",
      "linarith",
      "nlinarith",
      "aesop"
    ]
  }
]

[2026-01-13 06:40:55] [process_single_sorry] STDERR:
None of PyTorch, TensorFlow >= 2.0, or Flax have been found. Models won't be available and only tokenizers, configuration and file/data utilities can be used.
[2026-01-13 06:38:48] [INFO] ================================================================================
[2026-01-13 06:38:48] [INFO] Starting run_morphcloud_local.py
[2026-01-13 06:38:48] [INFO] ================================================================================
[2026-01-13 06:38:48] [INFO] Environment loaded
[2026-01-13 06:38:48] [INFO] Full command: /root/SorryDB/sorrydb/cli/run_morphcloud_local.py --repo-path /root/repo --sorry-json {"repo": {"remote": "https://github.com/ImperialCollegeLondon/FLT", "branch": "pitmonticone/workflows-fix_docgen-action", "commit": "6eb65c5b8ae3fd94d5cf9005d9399266cd77cb70", "lean_version": "v4.27.0-rc1"}, "location": {"path": "FLT/Data/HurwitzRatHat.lean", "start_line": 58, "start_column": 29, "end_line": 58, "end_column": 34}, "debug_info": {"goal": "\u22a2 Function.Injective \u21d1HurwitzRatHat.j\u2082", "url": "https://github.com/ImperialCollegeLondon/FLT/blob/6eb65c5b8ae3fd94d5cf9005d9399266cd77cb70/FLT/Data/HurwitzRatHat.lean#L58"}, "metadata": {"blame_email_hash": "c7989443bd81", "blame_date": "2025-10-22T12:09:36+01:00", "inclusion_date": "2026-01-09T05:57:19.460342+00:00"}, "id": "7de3b41fca06da6ca3114135efc12ce9c19bc66b45f40919c3db5c354c98a876"} --agent-strategy {"name": "multi_tactic", "args": {}}
[2026-01-13 06:38:48] [INFO] Arguments parsed: repo_path=/root/repo, output_path=/root/repo/result.json
[2026-01-13 06:38:48] [INFO] Strategy spec: {"name": "multi_tactic", "args": {}}...
[2026-01-13 06:38:48] [INFO] Loading sorry data...
[2026-01-13 06:38:48] [INFO] Parsing sorry from JSON string...
[2026-01-13 06:38:48] [INFO] Sorry data parsed from JSON string
[2026-01-13 06:38:48] [INFO] Creating strategy from spec...
[2026-01-13 06:38:48] [INFO] Parsing strategy spec (length: 36 chars)
[2026-01-13 06:38:48] [INFO] Strategy name: multi_tactic
[2026-01-13 06:38:48] [INFO] Strategy args: {}
[2026-01-13 06:38:48] [INFO] Pass@k value: 1
[2026-01-13 06:38:48] [INFO] Creating strategy: multi_tactic
[2026-01-13 06:38:48] [INFO] Creating multi_tactic strategy with tactics: ['rfl', 'simp', 'simp_all', 'exact?', 'grind', 'ring', 'norm_num', 'omega', 'linarith', 'nlinarith', 'aesop']
[2026-01-13 06:38:48] [INFO] Strategies created: ['rfl', 'simp', 'simp_all', 'exact?', 'grind', 'ring', 'norm_num', 'omega', 'linarith', 'nlinarith', 'aesop']
[2026-01-13 06:38:48] [INFO] Pass@k value: 1
[2026-01-13 06:38:48] [INFO] Creating Sorry object...
[2026-01-13 06:38:48] [INFO] Sorry object created: id=7de3b41fca06da6ca3114135efc12ce9c19bc66b45f40919c3db5c354c98a876
[2026-01-13 06:38:48] [INFO] Sorry location: FLT/Data/HurwitzRatHat.lean:58
[2026-01-13 06:38:48] [INFO] Context before sorry (lines 53-58):
[2026-01-13 06:38:48] [INFO]   53: noncomputable abbrev j₂ : 𝓞^ →ₐ[ℤ] D^ :=
[2026-01-13 06:38:48] [INFO]   54:   ((Algebra.TensorProduct.assoc ℤ ℤ ℚ 𝓞 ZHat).symm : ℚ ⊗ 𝓞^ ≃ₐ[ℤ] D ⊗ ZHat).toAlgHom.comp
[2026-01-13 06:38:48] [INFO]   55:   (Algebra.TensorProduct.includeRight : 𝓞^ →ₐ[ℤ] ℚ ⊗ 𝓞^)
[2026-01-13 06:38:48] [INFO]   56: 
[2026-01-13 06:38:48] [INFO]   57: lemma injective_zHat :
[2026-01-13 06:38:48] [INFO]   58:     Function.Injective j₂ := sorry -- flatness
[2026-01-13 06:38:48] [INFO] Sorry line:     Function.Injective j₂ := sorry -- flatness
[2026-01-13 06:38:48] [INFO] Sorry goal: ⊢ Function.Injective ⇑HurwitzRatHat.j₂...
[2026-01-13 06:38:48] [INFO] ========================================
[2026-01-13 06:38:48] [INFO] Trying strategy: rfl (up to 1 attempts)
[2026-01-13 06:38:48] [INFO] --------------------
[2026-01-13 06:38:48] [INFO] Strategy rfl, attempt 1/1
[2026-01-13 06:38:48] [INFO] Starting proof generation...
[2026-01-13 06:38:48] [INFO] Repository path: /root/repo
[2026-01-13 06:38:48] [INFO] Proof generation completed
[2026-01-13 06:38:48] [INFO] Generated proof:
[2026-01-13 06:38:48] [INFO] rfl
[2026-01-13 06:38:48] [INFO] Proof length: 3 chars
[2026-01-13 06:38:48] [INFO] Starting proof verification...
[2026-01-13 06:38:48] [INFO] Verifying at: FLT/Data/HurwitzRatHat.lean:58
[2026-01-13 06:38:48] [INFO] Using LEAN INTERACT verify
[2026-01-13 06:38:48] [INFO] Checking file
[2026-01-13 06:39:49] [INFO] Cannot build modified file <error line="57" column="0">
<code_line>lemma injective_zHat :</code_line>
<message>error: Not a definitional equality: the left-hand side</message>
</error>
  a₁
is not definitionally equal to the right-hand side
  a₂
<error line="58" column="29">
<code_line>    Function.Injective j₂ := rfl -- flatness</code_line>
<message>error: Type mismatch</message>
</error>
  rfl
has type
  ?m.5 = ?m.5
but is expected to have type
  Function.Injective ⇑j₂
[2026-01-13 06:39:49] [INFO] Proof verification completed
[2026-01-13 06:39:49] [INFO] Strategy rfl attempt 1: verified=False
[2026-01-13 06:39:49] [INFO] Verification message: Cannot build modified file: <error line="57" column="0">
<code_line>lemma injective_zHat :</code_line>
<message>error: Not a definitional equality: the left-hand side</message>
</error>
  a₁
is not definitionally equal to the right-hand side
  a₂
<error line="58" column="29">
<code_line>    Function.Injective j₂ := rfl -- flatness</code_line>
<message>error: Type mismatch</message>
</error>
  rfl
has type
  ?m.5 = ?m.5
but is expected to have type
  Function.Injective ⇑j₂

[2026-01-13 06:39:49] [INFO] Attempt 1 failed verification, continuing...
[2026-01-13 06:39:49] [INFO] ========================================
[2026-01-13 06:39:49] [INFO] Trying strategy: simp (up to 1 attempts)
[2026-01-13 06:39:49] [INFO] --------------------
[2026-01-13 06:39:49] [INFO] Strategy simp, attempt 1/1
[2026-01-13 06:39:49] [INFO] Starting proof generation...
[2026-01-13 06:39:49] [INFO] Repository path: /root/repo
[2026-01-13 06:39:49] [INFO] Proof generation completed
[2026-01-13 06:39:49] [INFO] Generated proof:
[2026-01-13 06:39:49] [INFO] simp
[2026-01-13 06:39:49] [INFO] Proof length: 4 chars
[2026-01-13 06:39:49] [INFO] Starting proof verification...
[2026-01-13 06:39:49] [INFO] Verifying at: FLT/Data/HurwitzRatHat.lean:58
[2026-01-13 06:39:49] [INFO] Using LEAN INTERACT verify
[2026-01-13 06:39:49] [INFO] Checking file
[2026-01-13 06:39:55] [INFO] Cannot build modified file FLT/Data/tmpr5ji40z5.lean:58:29: error(lean.unknownIdentifier): Unknown identifier `simp`
[2026-01-13 06:39:55] [INFO] Proof verification completed
[2026-01-13 06:39:55] [INFO] Strategy simp attempt 1: verified=False
[2026-01-13 06:39:55] [INFO] Verification message: Cannot build modified file: FLT/Data/tmpr5ji40z5.lean:58:29: error(lean.unknownIdentifier): Unknown identifier `simp`

[2026-01-13 06:39:55] [INFO] Attempt 1 failed verification, continuing...
[2026-01-13 06:39:55] [INFO] ========================================
[2026-01-13 06:39:55] [INFO] Trying strategy: simp_all (up to 1 attempts)
[2026-01-13 06:39:55] [INFO] --------------------
[2026-01-13 06:39:55] [INFO] Strategy simp_all, attempt 1/1
[2026-01-13 06:39:55] [INFO] Starting proof generation...
[2026-01-13 06:39:55] [INFO] Repository path: /root/repo
[2026-01-13 06:39:55] [INFO] Proof generation completed
[2026-01-13 06:39:55] [INFO] Generated proof:
[2026-01-13 06:39:55] [INFO] simp_all
[2026-01-13 06:39:55] [INFO] Proof length: 8 chars
[2026-01-13 06:39:55] [INFO] Starting proof verification...
[2026-01-13 06:39:55] [INFO] Verifying at: FLT/Data/HurwitzRatHat.lean:58
[2026-01-13 06:39:55] [INFO] Using LEAN INTERACT verify
[2026-01-13 06:39:55] [INFO] Checking file
[2026-01-13 06:40:01] [INFO] Cannot build modified file FLT/Data/tmpnm42ry1c.lean:58:29: error(lean.unknownIdentifier): Unknown identifier `simp_all`
[2026-01-13 06:40:01] [INFO] Proof verification completed
[2026-01-13 06:40:01] [INFO] Strategy simp_all attempt 1: verified=False
[2026-01-13 06:40:01] [INFO] Verification message: Cannot build modified file: FLT/Data/tmpnm42ry1c.lean:58:29: error(lean.unknownIdentifier): Unknown identifier `simp_all`

[2026-01-13 06:40:01] [INFO] Attempt 1 failed verification, continuing...
[2026-01-13 06:40:01] [INFO] ========================================
[2026-01-13 06:40:01] [INFO] Trying strategy: exact? (up to 1 attempts)
[2026-01-13 06:40:01] [INFO] --------------------
[2026-01-13 06:40:01] [INFO] Strategy exact?, attempt 1/1
[2026-01-13 06:40:01] [INFO] Starting proof generation...
[2026-01-13 06:40:01] [INFO] Repository path: /root/repo
[2026-01-13 06:40:01] [INFO] Proof generation completed
[2026-01-13 06:40:01] [INFO] Generated proof:
[2026-01-13 06:40:01] [INFO] exact?
[2026-01-13 06:40:01] [INFO] Proof length: 6 chars
[2026-01-13 06:40:01] [INFO] Starting proof verification...
[2026-01-13 06:40:01] [INFO] Verifying at: FLT/Data/HurwitzRatHat.lean:58
[2026-01-13 06:40:01] [INFO] Using LEAN INTERACT verify
[2026-01-13 06:40:01] [INFO] Checking file
[2026-01-13 06:40:08] [INFO] Cannot build modified file FLT/Data/tmp_rvz6ke5.lean:58:29: error(lean.unknownIdentifier): Unknown identifier `exact?`
[2026-01-13 06:40:08] [INFO] Proof verification completed
[2026-01-13 06:40:08] [INFO] Strategy exact? attempt 1: verified=False
[2026-01-13 06:40:08] [INFO] Verification message: Cannot build modified file: FLT/Data/tmp_rvz6ke5.lean:58:29: error(lean.unknownIdentifier): Unknown identifier `exact?`

[2026-01-13 06:40:08] [INFO] Attempt 1 failed verification, continuing...
[2026-01-13 06:40:08] [INFO] ========================================
[2026-01-13 06:40:08] [INFO] Trying strategy: grind (up to 1 attempts)
[2026-01-13 06:40:08] [INFO] --------------------
[2026-01-13 06:40:08] [INFO] Strategy grind, attempt 1/1
[2026-01-13 06:40:08] [INFO] Starting proof generation...
[2026-01-13 06:40:08] [INFO] Repository path: /root/repo
[2026-01-13 06:40:08] [INFO] Proof generation completed
[2026-01-13 06:40:08] [INFO] Generated proof:
[2026-01-13 06:40:08] [INFO] grind
[2026-01-13 06:40:08] [INFO] Proof length: 5 chars
[2026-01-13 06:40:08] [INFO] Starting proof verification...
[2026-01-13 06:40:08] [INFO] Verifying at: FLT/Data/HurwitzRatHat.lean:58
[2026-01-13 06:40:08] [INFO] Using LEAN INTERACT verify
[2026-01-13 06:40:08] [INFO] Checking file
[2026-01-13 06:40:14] [INFO] Cannot build modified file FLT/Data/tmpdrn8b33v.lean:58:29: error(lean.unknownIdentifier): Unknown identifier `grind`
[2026-01-13 06:40:14] [INFO] Proof verification completed
[2026-01-13 06:40:14] [INFO] Strategy grind attempt 1: verified=False
[2026-01-13 06:40:14] [INFO] Verification message: Cannot build modified file: FLT/Data/tmpdrn8b33v.lean:58:29: error(lean.unknownIdentifier): Unknown identifier `grind`

[2026-01-13 06:40:14] [INFO] Attempt 1 failed verification, continuing...
[2026-01-13 06:40:14] [INFO] ========================================
[2026-01-13 06:40:14] [INFO] Trying strategy: ring (up to 1 attempts)
[2026-01-13 06:40:14] [INFO] --------------------
[2026-01-13 06:40:14] [INFO] Strategy ring, attempt 1/1
[2026-01-13 06:40:14] [INFO] Starting proof generation...
[2026-01-13 06:40:14] [INFO] Repository path: /root/repo
[2026-01-13 06:40:14] [INFO] Proof generation completed
[2026-01-13 06:40:14] [INFO] Generated proof:
[2026-01-13 06:40:14] [INFO] ring
[2026-01-13 06:40:14] [INFO] Proof length: 4 chars
[2026-01-13 06:40:14] [INFO] Starting proof verification...
[2026-01-13 06:40:14] [INFO] Verifying at: FLT/Data/HurwitzRatHat.lean:58
[2026-01-13 06:40:14] [INFO] Using LEAN INTERACT verify
[2026-01-13 06:40:14] [INFO] Checking file
[2026-01-13 06:40:21] [INFO] Cannot build modified file FLT/Data/tmpmwoz717m.lean:58:29: error(lean.unknownIdentifier): Unknown identifier `ring`
[2026-01-13 06:40:21] [INFO] Proof verification completed
[2026-01-13 06:40:21] [INFO] Strategy ring attempt 1: verified=False
[2026-01-13 06:40:21] [INFO] Verification message: Cannot build modified file: FLT/Data/tmpmwoz717m.lean:58:29: error(lean.unknownIdentifier): Unknown identifier `ring`

[2026-01-13 06:40:21] [INFO] Attempt 1 failed verification, continuing...
[2026-01-13 06:40:21] [INFO] ========================================
[2026-01-13 06:40:21] [INFO] Trying strategy: norm_num (up to 1 attempts)
[2026-01-13 06:40:21] [INFO] --------------------
[2026-01-13 06:40:21] [INFO] Strategy norm_num, attempt 1/1
[2026-01-13 06:40:21] [INFO] Starting proof generation...
[2026-01-13 06:40:21] [INFO] Repository path: /root/repo
[2026-01-13 06:40:21] [INFO] Proof generation completed
[2026-01-13 06:40:21] [INFO] Generated proof:
[2026-01-13 06:40:21] [INFO] norm_num
[2026-01-13 06:40:21] [INFO] Proof length: 8 chars
[2026-01-13 06:40:21] [INFO] Starting proof verification...
[2026-01-13 06:40:21] [INFO] Verifying at: FLT/Data/HurwitzRatHat.lean:58
[2026-01-13 06:40:21] [INFO] Using LEAN INTERACT verify
[2026-01-13 06:40:21] [INFO] Checking file
[2026-01-13 06:40:27] [INFO] Cannot build modified file <error line="58" column="29">
<code_line>    Function.Injective j₂ := norm_num -- flatness</code_line>
<message>error: Type mismatch</message>
</error>
  norm_num
has type
  Lean.ParserDescr
of sort `Type` but is expected to have type
  Function.Injective ⇑j₂
of sort `Prop`
[2026-01-13 06:40:27] [INFO] Proof verification completed
[2026-01-13 06:40:27] [INFO] Strategy norm_num attempt 1: verified=False
[2026-01-13 06:40:27] [INFO] Verification message: Cannot build modified file: <error line="58" column="29">
<code_line>    Function.Injective j₂ := norm_num -- flatness</code_line>
<message>error: Type mismatch</message>
</error>
  norm_num
has type
  Lean.ParserDescr
of sort `Type` but is expected to have type
  Function.Injective ⇑j₂
of sort `Prop`

[2026-01-13 06:40:27] [INFO] Attempt 1 failed verification, continuing...
[2026-01-13 06:40:27] [INFO] ========================================
[2026-01-13 06:40:27] [INFO] Trying strategy: omega (up to 1 attempts)
[2026-01-13 06:40:27] [INFO] --------------------
[2026-01-13 06:40:27] [INFO] Strategy omega, attempt 1/1
[2026-01-13 06:40:27] [INFO] Starting proof generation...
[2026-01-13 06:40:27] [INFO] Repository path: /root/repo
[2026-01-13 06:40:27] [INFO] Proof generation completed
[2026-01-13 06:40:27] [INFO] Generated proof:
[2026-01-13 06:40:27] [INFO] omega
[2026-01-13 06:40:27] [INFO] Proof length: 5 chars
[2026-01-13 06:40:27] [INFO] Starting proof verification...
[2026-01-13 06:40:27] [INFO] Verifying at: FLT/Data/HurwitzRatHat.lean:58
[2026-01-13 06:40:27] [INFO] Using LEAN INTERACT verify
[2026-01-13 06:40:27] [INFO] Checking file
[2026-01-13 06:40:34] [INFO] Cannot build modified file FLT/Data/tmpbo0fj0ge.lean:58:29: error(lean.unknownIdentifier): Unknown identifier `omega`
[2026-01-13 06:40:34] [INFO] Proof verification completed
[2026-01-13 06:40:34] [INFO] Strategy omega attempt 1: verified=False
[2026-01-13 06:40:34] [INFO] Verification message: Cannot build modified file: FLT/Data/tmpbo0fj0ge.lean:58:29: error(lean.unknownIdentifier): Unknown identifier `omega`

[2026-01-13 06:40:34] [INFO] Attempt 1 failed verification, continuing...
[2026-01-13 06:40:34] [INFO] ========================================
[2026-01-13 06:40:34] [INFO] Trying strategy: linarith (up to 1 attempts)
[2026-01-13 06:40:34] [INFO] --------------------
[2026-01-13 06:40:34] [INFO] Strategy linarith, attempt 1/1
[2026-01-13 06:40:34] [INFO] Starting proof generation...
[2026-01-13 06:40:34] [INFO] Repository path: /root/repo
[2026-01-13 06:40:34] [INFO] Proof generation completed
[2026-01-13 06:40:34] [INFO] Generated proof:
[2026-01-13 06:40:34] [INFO] linarith
[2026-01-13 06:40:34] [INFO] Proof length: 8 chars
[2026-01-13 06:40:34] [INFO] Starting proof verification...
[2026-01-13 06:40:34] [INFO] Verifying at: FLT/Data/HurwitzRatHat.lean:58
[2026-01-13 06:40:34] [INFO] Using LEAN INTERACT verify
[2026-01-13 06:40:34] [INFO] Checking file
[2026-01-13 06:40:39] [INFO] Cannot build modified file FLT/Data/tmpfqwpmuj5.lean:58:29: error(lean.unknownIdentifier): Unknown identifier `linarith`
[2026-01-13 06:40:39] [INFO] Proof verification completed
[2026-01-13 06:40:39] [INFO] Strategy linarith attempt 1: verified=False
[2026-01-13 06:40:39] [INFO] Verification message: Cannot build modified file: FLT/Data/tmpfqwpmuj5.lean:58:29: error(lean.unknownIdentifier): Unknown identifier `linarith`

[2026-01-13 06:40:39] [INFO] Attempt 1 failed verification, continuing...
[2026-01-13 06:40:39] [INFO] ========================================
[2026-01-13 06:40:39] [INFO] Trying strategy: nlinarith (up to 1 attempts)
[2026-01-13 06:40:39] [INFO] --------------------
[2026-01-13 06:40:39] [INFO] Strategy nlinarith, attempt 1/1
[2026-01-13 06:40:39] [INFO] Starting proof generation...
[2026-01-13 06:40:39] [INFO] Repository path: /root/repo
[2026-01-13 06:40:39] [INFO] Proof generation completed
[2026-01-13 06:40:39] [INFO] Generated proof:
[2026-01-13 06:40:39] [INFO] nlinarith
[2026-01-13 06:40:39] [INFO] Proof length: 9 chars
[2026-01-13 06:40:39] [INFO] Starting proof verification...
[2026-01-13 06:40:39] [INFO] Verifying at: FLT/Data/HurwitzRatHat.lean:58
[2026-01-13 06:40:39] [INFO] Using LEAN INTERACT verify
[2026-01-13 06:40:39] [INFO] Checking file
[2026-01-13 06:40:47] [INFO] Cannot build modified file FLT/Data/tmphhrhvg8a.lean:58:29: error(lean.unknownIdentifier): Unknown identifier `nlinarith`
[2026-01-13 06:40:47] [INFO] Proof verification completed
[2026-01-13 06:40:47] [INFO] Strategy nlinarith attempt 1: verified=False
[2026-01-13 06:40:47] [INFO] Verification message: Cannot build modified file: FLT/Data/tmphhrhvg8a.lean:58:29: error(lean.unknownIdentifier): Unknown identifier `nlinarith`

[2026-01-13 06:40:47] [INFO] Attempt 1 failed verification, continuing...
[2026-01-13 06:40:47] [INFO] ========================================
[2026-01-13 06:40:47] [INFO] Trying strategy: aesop (up to 1 attempts)
[2026-01-13 06:40:47] [INFO] --------------------
[2026-01-13 06:40:47] [INFO] Strategy aesop, attempt 1/1
[2026-01-13 06:40:47] [INFO] Starting proof generation...
[2026-01-13 06:40:47] [INFO] Repository path: /root/repo
[2026-01-13 06:40:47] [INFO] Proof generation completed
[2026-01-13 06:40:47] [INFO] Generated proof:
[2026-01-13 06:40:47] [INFO] aesop
[2026-01-13 06:40:47] [INFO] Proof length: 5 chars
[2026-01-13 06:40:47] [INFO] Starting proof verification...
[2026-01-13 06:40:47] [INFO] Verifying at: FLT/Data/HurwitzRatHat.lean:58
[2026-01-13 06:40:47] [INFO] Using LEAN INTERACT verify
[2026-01-13 06:40:47] [INFO] Checking file
[2026-01-13 06:40:53] [INFO] Cannot build modified file FLT/Data/tmpv9im98j8.lean:58:29: error(lean.unknownIdentifier): Unknown identifier `aesop`
[2026-01-13 06:40:53] [INFO] Proof verification completed
[2026-01-13 06:40:53] [INFO] Strategy aesop attempt 1: verified=False
[2026-01-13 06:40:53] [INFO] Verification message: Cannot build modified file: FLT/Data/tmpv9im98j8.lean:58:29: error(lean.unknownIdentifier): Unknown identifier `aesop`

[2026-01-13 06:40:53] [INFO] Attempt 1 failed verification, continuing...
[2026-01-13 06:40:53] [INFO] ========================================
[2026-01-13 06:40:53] [INFO] Pass@k completed. Total results: 1
[2026-01-13 06:40:53] [INFO] FAILED: All 11 strategies x 1 attempts
[2026-01-13 06:40:53] [INFO] Writing results to file: /root/repo/result.json
[2026-01-13 06:40:53] [INFO] Result file written successfully
[2026-01-13 06:40:53] [INFO] Results exported to: /root/repo/result.json
[2026-01-13 06:40:53] [INFO] run_morphcloud_local.py completed successfully

[2026-01-13 06:40:55] [process_single_sorry] Downloading result file...
[2026-01-13 06:40:55] [process_single_sorry] Downloaded result to intermediate_experiment_outputs_full_reservoir_3_months/multi_tactic/2026-01-13_01-27-45_multi_tactic/individual/7de3b41fca06da6ca3114135efc12ce9c19bc66b45f40919c3db5c354c98a876.json
[2026-01-13 06:40:58] [process_single_sorry] Instance context closed successfully
[2026-01-13 06:40:58] [process_single_sorry] Parsing result file...
[2026-01-13 06:40:58] [process_single_sorry] Successfully parsed result (list format, 1 results)
