[2026-01-13 01:51:23] [process_single_sorry] Starting for sorry 8b4915d8f509d45d4304de41a2446c0c84fcbfc1571aa1afb3e192af9647e3b1
[2026-01-13 01:51:23] [process_single_sorry] Using snapshot: snapshot_63xmfusx
[2026-01-13 01:51:23] [process_single_sorry] Repository: https://github.com/Paul-Lez/PersistentDecomp@c36471055817ef5332e27b4f99654257f45c68d1
[2026-01-13 01:51:23] [process_single_sorry] Instance name: PersistentDecomp_c36471055817_multi_tactic_8b4915d8f509d45d4304de41a2446c0c84fcbfc1571aa1afb3e192af9647e3b1
[2026-01-13 01:51:23] [process_single_sorry] Starting attempt 1/3
[2026-01-13 01:51:23] [process_single_sorry] Starting instance from snapshot...
[2026-01-13 01:51:26] [process_single_sorry] Instance started successfully: morphvm_1z1h9v2b
[2026-01-13 01:51:26] [process_single_sorry] Creating .env file...
[2026-01-13 01:51:29] [process_single_sorry] .env file created (exit_code: 0)
[2026-01-13 01:51:29] [process_single_sorry] Executing agent command...
[2026-01-13 01:53:25] [process_single_sorry] Agent command completed (exit_code: 0)
[2026-01-13 01:53:25] [process_single_sorry] STDOUT:

Results JSON:
[
  {
    "sorry": {
      "repo": {
        "remote": "https://github.com/Paul-Lez/PersistentDecomp",
        "branch": "master",
        "commit": "c36471055817ef5332e27b4f99654257f45c68d1",
        "lean_version": "v4.26.0"
      },
      "location": {
        "path": "PersistentDecomp/DirectSumDecompositionDual.lean",
        "start_line": 320,
        "start_column": 36,
        "end_line": 320,
        "end_column": 41
      },
      "debug_info": {
        "goal": "C : Type\ninst✝¹ : Category.{0, 0} C\nK : Type\ninst✝ : DivisionRing K\nM : CategoryTheory.Functor C (ModuleCat K)\nD : @Dual.DirectSumDecomposition C inst✝¹ K inst✝ M\nB : (N : PersistenceSubmodule M) → N ∈ D → Set (PersistenceSubmodule M)\nhB : ∀ (N : PersistenceSubmodule M) (hN : N ∈ D), N = sSup (B N hN)\nhB' : ∀ (N : PersistenceSubmodule M) (hN : N ∈ D), sSupIndep (B N hN)\nhB'' : ∀ (N : PersistenceSubmodule M) (hN : N ∈ D), ⊥ ∉ B N hN\nH : ∃ N, ∃ (hN : N ∈ D), B N hN ≠ {N}\n⊢ @Dual.DirectSumDecomposition.refinement C inst✝¹ K inst✝ M D B hB hB' hB'' < D",
        "url": "https://github.com/Paul-Lez/PersistentDecomp/blob/c36471055817ef5332e27b4f99654257f45c68d1/PersistentDecomp/DirectSumDecompositionDual.lean#L320"
      },
      "metadata": {
        "blame_email_hash": "721f194e21be",
        "blame_date": "2024-11-13T00:24:08+01:00",
        "inclusion_date": "2026-01-09T08:06:31.936431+00:00"
      },
      "id": "8b4915d8f509d45d4304de41a2446c0c84fcbfc1571aa1afb3e192af9647e3b1"
    },
    "proof": null,
    "proof_verified": false,
    "feedback": null,
    "verification_message": "All 11 attempts failed (11 strategies x 1 attempts each)",
    "success": true,
    "error_type": null,
    "error_message": null,
    "strategy_name": "all_failed_k=1",
    "proof_attempts": [
      "rfl",
      "simp",
      "simp_all",
      "exact?",
      "grind",
      "ring",
      "norm_num",
      "omega",
      "linarith",
      "nlinarith",
      "aesop"
    ]
  }
]

[2026-01-13 01:53:25] [process_single_sorry] STDERR:
None of PyTorch, TensorFlow >= 2.0, or Flax have been found. Models won't be available and only tokenizers, configuration and file/data utilities can be used.
[2026-01-13 01:51:46] [INFO] ================================================================================
[2026-01-13 01:51:46] [INFO] Starting run_morphcloud_local.py
[2026-01-13 01:51:46] [INFO] ================================================================================
[2026-01-13 01:51:46] [INFO] Environment loaded
[2026-01-13 01:51:46] [INFO] Full command: /root/SorryDB/sorrydb/cli/run_morphcloud_local.py --repo-path /root/repo --sorry-json {"repo": {"remote": "https://github.com/Paul-Lez/PersistentDecomp", "branch": "master", "commit": "c36471055817ef5332e27b4f99654257f45c68d1", "lean_version": "v4.26.0"}, "location": {"path": "PersistentDecomp/DirectSumDecompositionDual.lean", "start_line": 320, "start_column": 36, "end_line": 320, "end_column": 41}, "debug_info": {"goal": "C : Type\ninst\u271d\u00b9 : Category.{0, 0} C\nK : Type\ninst\u271d : DivisionRing K\nM : CategoryTheory.Functor C (ModuleCat K)\nD : @Dual.DirectSumDecomposition C inst\u271d\u00b9 K inst\u271d M\nB : (N : PersistenceSubmodule M) \u2192 N \u2208 D \u2192 Set (PersistenceSubmodule M)\nhB : \u2200 (N : PersistenceSubmodule M) (hN : N \u2208 D), N = sSup (B N hN)\nhB' : \u2200 (N : PersistenceSubmodule M) (hN : N \u2208 D), sSupIndep (B N hN)\nhB'' : \u2200 (N : PersistenceSubmodule M) (hN : N \u2208 D), \u22a5 \u2209 B N hN\nH : \u2203 N, \u2203 (hN : N \u2208 D), B N hN \u2260 {N}\n\u22a2 @Dual.DirectSumDecomposition.refinement C inst\u271d\u00b9 K inst\u271d M D B hB hB' hB'' < D", "url": "https://github.com/Paul-Lez/PersistentDecomp/blob/c36471055817ef5332e27b4f99654257f45c68d1/PersistentDecomp/DirectSumDecompositionDual.lean#L320"}, "metadata": {"blame_email_hash": "721f194e21be", "blame_date": "2024-11-13T00:24:08+01:00", "inclusion_date": "2026-01-09T08:06:31.936431+00:00"}, "id": "8b4915d8f509d45d4304de41a2446c0c84fcbfc1571aa1afb3e192af9647e3b1"} --agent-strategy {"name": "multi_tactic", "args": {}}
[2026-01-13 01:51:46] [INFO] Arguments parsed: repo_path=/root/repo, output_path=/root/repo/result.json
[2026-01-13 01:51:46] [INFO] Strategy spec: {"name": "multi_tactic", "args": {}}...
[2026-01-13 01:51:46] [INFO] Loading sorry data...
[2026-01-13 01:51:46] [INFO] Parsing sorry from JSON string...
[2026-01-13 01:51:46] [INFO] Sorry data parsed from JSON string
[2026-01-13 01:51:46] [INFO] Creating strategy from spec...
[2026-01-13 01:51:46] [INFO] Parsing strategy spec (length: 36 chars)
[2026-01-13 01:51:46] [INFO] Strategy name: multi_tactic
[2026-01-13 01:51:46] [INFO] Strategy args: {}
[2026-01-13 01:51:46] [INFO] Pass@k value: 1
[2026-01-13 01:51:46] [INFO] Creating strategy: multi_tactic
[2026-01-13 01:51:46] [INFO] Creating multi_tactic strategy with tactics: ['rfl', 'simp', 'simp_all', 'exact?', 'grind', 'ring', 'norm_num', 'omega', 'linarith', 'nlinarith', 'aesop']
[2026-01-13 01:51:46] [INFO] Strategies created: ['rfl', 'simp', 'simp_all', 'exact?', 'grind', 'ring', 'norm_num', 'omega', 'linarith', 'nlinarith', 'aesop']
[2026-01-13 01:51:46] [INFO] Pass@k value: 1
[2026-01-13 01:51:46] [INFO] Creating Sorry object...
[2026-01-13 01:51:46] [INFO] Sorry object created: id=8b4915d8f509d45d4304de41a2446c0c84fcbfc1571aa1afb3e192af9647e3b1
[2026-01-13 01:51:46] [INFO] Sorry location: PersistentDecomp/DirectSumDecompositionDual.lean:320
[2026-01-13 01:51:46] [INFO] Context before sorry (lines 315-320):
[2026-01-13 01:51:46] [INFO]   315: lemma refinement_lt_of_exists_ne_singleton (B : ∀ N ∈ D, Set (PersistenceSubmodule M))
[2026-01-13 01:51:46] [INFO]   316:     (hB : ∀ N hN, N = sSup (B N hN))
[2026-01-13 01:51:46] [INFO]   317:     (hB' : ∀ N hN, sSupIndep (B N hN))
[2026-01-13 01:51:46] [INFO]   318:     (hB'' : ∀ N hN, ⊥ ∉ B N hN)
[2026-01-13 01:51:46] [INFO]   319:     (H : ∃ (N : PersistenceSubmodule M) (hN : N ∈ D), B N hN ≠ {N}) :
[2026-01-13 01:51:46] [INFO]   320:     refinement B hB hB' hB'' < D := sorry
[2026-01-13 01:51:46] [INFO] Sorry line:     refinement B hB hB' hB'' < D := sorry
[2026-01-13 01:51:46] [INFO] Sorry goal: C : Type
inst✝¹ : Category.{0, 0} C
K : Type
inst✝ : DivisionRing K
M : CategoryTheory.Functor C (Mo...
[2026-01-13 01:51:46] [INFO] ========================================
[2026-01-13 01:51:46] [INFO] Trying strategy: rfl (up to 1 attempts)
[2026-01-13 01:51:46] [INFO] --------------------
[2026-01-13 01:51:46] [INFO] Strategy rfl, attempt 1/1
[2026-01-13 01:51:46] [INFO] Starting proof generation...
[2026-01-13 01:51:46] [INFO] Repository path: /root/repo
[2026-01-13 01:51:46] [INFO] Proof generation completed
[2026-01-13 01:51:46] [INFO] Generated proof:
[2026-01-13 01:51:46] [INFO] rfl
[2026-01-13 01:51:46] [INFO] Proof length: 3 chars
[2026-01-13 01:51:46] [INFO] Starting proof verification...
[2026-01-13 01:51:46] [INFO] Verifying at: PersistentDecomp/DirectSumDecompositionDual.lean:320
[2026-01-13 01:51:46] [INFO] Using LEAN INTERACT verify
[2026-01-13 01:51:46] [INFO] Checking file
[2026-01-13 01:52:16] [INFO] Cannot build modified file <error line="313" column="0">
<code_line>/-- If one of the decompositions of the `N`'s is non-trivial then `refinement B hB hB' hB''`</code_line>
<message>error: Not a definitional equality: the conclusion should be an equality, but is</message>
</error>
  (fun D₁ D₂ => D₁.IsRefinement D₂) (refinement B hB hB' hB'') D ∧
    ¬(fun D₁ D₂ => D₁.IsRefinement D₂) D (refinement B hB hB' hB'')
<error line="320" column="36">
<code_line>    refinement B hB hB' hB'' < D := rfl</code_line>
<message>error: Type mismatch</message>
</error>
  rfl
has type
  ?m.57 = ?m.57
but is expected to have type
  refinement B hB hB' hB'' < D
[2026-01-13 01:52:16] [INFO] Proof verification completed
[2026-01-13 01:52:16] [INFO] Strategy rfl attempt 1: verified=False
[2026-01-13 01:52:16] [INFO] Verification message: Cannot build modified file: <error line="313" column="0">
<code_line>/-- If one of the decompositions of the `N`'s is non-trivial then `refinement B hB hB' hB''`</code_line>
<message>error: Not a definitional equality: the conclusion should be an equality, but is</message>
</error>
  (fun D₁ D₂ => D₁.IsRefinement D₂) (refinement B hB hB' hB'') D ∧
    ¬(fun D₁ D₂ => D₁.IsRefinement D₂) D (refinement B hB hB' hB'')
<error line="320" column="36">
<code_line>    refinement B hB hB' hB'' < D := rfl</code_line>
<message>error: Type mismatch</message>
</error>
  rfl
has type
  ?m.57 = ?m.57
but is expected to have type
  refinement B hB hB' hB'' < D

[2026-01-13 01:52:16] [INFO] Attempt 1 failed verification, continuing...
[2026-01-13 01:52:16] [INFO] ========================================
[2026-01-13 01:52:16] [INFO] Trying strategy: simp (up to 1 attempts)
[2026-01-13 01:52:16] [INFO] --------------------
[2026-01-13 01:52:16] [INFO] Strategy simp, attempt 1/1
[2026-01-13 01:52:16] [INFO] Starting proof generation...
[2026-01-13 01:52:16] [INFO] Repository path: /root/repo
[2026-01-13 01:52:16] [INFO] Proof generation completed
[2026-01-13 01:52:16] [INFO] Generated proof:
[2026-01-13 01:52:16] [INFO] simp
[2026-01-13 01:52:16] [INFO] Proof length: 4 chars
[2026-01-13 01:52:16] [INFO] Starting proof verification...
[2026-01-13 01:52:16] [INFO] Verifying at: PersistentDecomp/DirectSumDecompositionDual.lean:320
[2026-01-13 01:52:16] [INFO] Using LEAN INTERACT verify
[2026-01-13 01:52:16] [INFO] Checking file
[2026-01-13 01:52:25] [INFO] Cannot build modified file PersistentDecomp/tmp2xwyonxz.lean:320:36: error(lean.unknownIdentifier): Unknown identifier `simp`
[2026-01-13 01:52:25] [INFO] Proof verification completed
[2026-01-13 01:52:25] [INFO] Strategy simp attempt 1: verified=False
[2026-01-13 01:52:25] [INFO] Verification message: Cannot build modified file: PersistentDecomp/tmp2xwyonxz.lean:320:36: error(lean.unknownIdentifier): Unknown identifier `simp`

[2026-01-13 01:52:25] [INFO] Attempt 1 failed verification, continuing...
[2026-01-13 01:52:25] [INFO] ========================================
[2026-01-13 01:52:25] [INFO] Trying strategy: simp_all (up to 1 attempts)
[2026-01-13 01:52:25] [INFO] --------------------
[2026-01-13 01:52:25] [INFO] Strategy simp_all, attempt 1/1
[2026-01-13 01:52:25] [INFO] Starting proof generation...
[2026-01-13 01:52:25] [INFO] Repository path: /root/repo
[2026-01-13 01:52:25] [INFO] Proof generation completed
[2026-01-13 01:52:25] [INFO] Generated proof:
[2026-01-13 01:52:25] [INFO] simp_all
[2026-01-13 01:52:25] [INFO] Proof length: 8 chars
[2026-01-13 01:52:25] [INFO] Starting proof verification...
[2026-01-13 01:52:25] [INFO] Verifying at: PersistentDecomp/DirectSumDecompositionDual.lean:320
[2026-01-13 01:52:25] [INFO] Using LEAN INTERACT verify
[2026-01-13 01:52:25] [INFO] Checking file
[2026-01-13 01:52:32] [INFO] Cannot build modified file PersistentDecomp/tmp4jq3_a91.lean:320:36: error(lean.unknownIdentifier): Unknown identifier `simp_all`
[2026-01-13 01:52:32] [INFO] Proof verification completed
[2026-01-13 01:52:32] [INFO] Strategy simp_all attempt 1: verified=False
[2026-01-13 01:52:32] [INFO] Verification message: Cannot build modified file: PersistentDecomp/tmp4jq3_a91.lean:320:36: error(lean.unknownIdentifier): Unknown identifier `simp_all`

[2026-01-13 01:52:32] [INFO] Attempt 1 failed verification, continuing...
[2026-01-13 01:52:32] [INFO] ========================================
[2026-01-13 01:52:32] [INFO] Trying strategy: exact? (up to 1 attempts)
[2026-01-13 01:52:32] [INFO] --------------------
[2026-01-13 01:52:32] [INFO] Strategy exact?, attempt 1/1
[2026-01-13 01:52:32] [INFO] Starting proof generation...
[2026-01-13 01:52:32] [INFO] Repository path: /root/repo
[2026-01-13 01:52:32] [INFO] Proof generation completed
[2026-01-13 01:52:32] [INFO] Generated proof:
[2026-01-13 01:52:32] [INFO] exact?
[2026-01-13 01:52:32] [INFO] Proof length: 6 chars
[2026-01-13 01:52:32] [INFO] Starting proof verification...
[2026-01-13 01:52:32] [INFO] Verifying at: PersistentDecomp/DirectSumDecompositionDual.lean:320
[2026-01-13 01:52:32] [INFO] Using LEAN INTERACT verify
[2026-01-13 01:52:32] [INFO] Checking file
[2026-01-13 01:52:38] [INFO] Cannot build modified file PersistentDecomp/tmppdfm7t72.lean:320:36: error(lean.unknownIdentifier): Unknown identifier `exact?`
[2026-01-13 01:52:38] [INFO] Proof verification completed
[2026-01-13 01:52:38] [INFO] Strategy exact? attempt 1: verified=False
[2026-01-13 01:52:38] [INFO] Verification message: Cannot build modified file: PersistentDecomp/tmppdfm7t72.lean:320:36: error(lean.unknownIdentifier): Unknown identifier `exact?`

[2026-01-13 01:52:38] [INFO] Attempt 1 failed verification, continuing...
[2026-01-13 01:52:38] [INFO] ========================================
[2026-01-13 01:52:38] [INFO] Trying strategy: grind (up to 1 attempts)
[2026-01-13 01:52:38] [INFO] --------------------
[2026-01-13 01:52:38] [INFO] Strategy grind, attempt 1/1
[2026-01-13 01:52:38] [INFO] Starting proof generation...
[2026-01-13 01:52:38] [INFO] Repository path: /root/repo
[2026-01-13 01:52:38] [INFO] Proof generation completed
[2026-01-13 01:52:38] [INFO] Generated proof:
[2026-01-13 01:52:38] [INFO] grind
[2026-01-13 01:52:38] [INFO] Proof length: 5 chars
[2026-01-13 01:52:38] [INFO] Starting proof verification...
[2026-01-13 01:52:38] [INFO] Verifying at: PersistentDecomp/DirectSumDecompositionDual.lean:320
[2026-01-13 01:52:38] [INFO] Using LEAN INTERACT verify
[2026-01-13 01:52:38] [INFO] Checking file
[2026-01-13 01:52:44] [INFO] Cannot build modified file PersistentDecomp/tmpm5tlrc0k.lean:320:36: error(lean.unknownIdentifier): Unknown identifier `grind`
[2026-01-13 01:52:44] [INFO] Proof verification completed
[2026-01-13 01:52:44] [INFO] Strategy grind attempt 1: verified=False
[2026-01-13 01:52:44] [INFO] Verification message: Cannot build modified file: PersistentDecomp/tmpm5tlrc0k.lean:320:36: error(lean.unknownIdentifier): Unknown identifier `grind`

[2026-01-13 01:52:44] [INFO] Attempt 1 failed verification, continuing...
[2026-01-13 01:52:44] [INFO] ========================================
[2026-01-13 01:52:44] [INFO] Trying strategy: ring (up to 1 attempts)
[2026-01-13 01:52:44] [INFO] --------------------
[2026-01-13 01:52:44] [INFO] Strategy ring, attempt 1/1
[2026-01-13 01:52:44] [INFO] Starting proof generation...
[2026-01-13 01:52:44] [INFO] Repository path: /root/repo
[2026-01-13 01:52:44] [INFO] Proof generation completed
[2026-01-13 01:52:44] [INFO] Generated proof:
[2026-01-13 01:52:44] [INFO] ring
[2026-01-13 01:52:44] [INFO] Proof length: 4 chars
[2026-01-13 01:52:44] [INFO] Starting proof verification...
[2026-01-13 01:52:44] [INFO] Verifying at: PersistentDecomp/DirectSumDecompositionDual.lean:320
[2026-01-13 01:52:44] [INFO] Using LEAN INTERACT verify
[2026-01-13 01:52:44] [INFO] Checking file
[2026-01-13 01:52:51] [INFO] Cannot build modified file PersistentDecomp/tmpgv2ke52t.lean:320:36: error(lean.unknownIdentifier): Unknown identifier `ring`
[2026-01-13 01:52:51] [INFO] Proof verification completed
[2026-01-13 01:52:51] [INFO] Strategy ring attempt 1: verified=False
[2026-01-13 01:52:51] [INFO] Verification message: Cannot build modified file: PersistentDecomp/tmpgv2ke52t.lean:320:36: error(lean.unknownIdentifier): Unknown identifier `ring`

[2026-01-13 01:52:51] [INFO] Attempt 1 failed verification, continuing...
[2026-01-13 01:52:51] [INFO] ========================================
[2026-01-13 01:52:51] [INFO] Trying strategy: norm_num (up to 1 attempts)
[2026-01-13 01:52:51] [INFO] --------------------
[2026-01-13 01:52:51] [INFO] Strategy norm_num, attempt 1/1
[2026-01-13 01:52:51] [INFO] Starting proof generation...
[2026-01-13 01:52:51] [INFO] Repository path: /root/repo
[2026-01-13 01:52:51] [INFO] Proof generation completed
[2026-01-13 01:52:51] [INFO] Generated proof:
[2026-01-13 01:52:51] [INFO] norm_num
[2026-01-13 01:52:51] [INFO] Proof length: 8 chars
[2026-01-13 01:52:51] [INFO] Starting proof verification...
[2026-01-13 01:52:51] [INFO] Verifying at: PersistentDecomp/DirectSumDecompositionDual.lean:320
[2026-01-13 01:52:51] [INFO] Using LEAN INTERACT verify
[2026-01-13 01:52:51] [INFO] Checking file
[2026-01-13 01:52:58] [INFO] Cannot build modified file <error line="320" column="36">
<code_line>    refinement B hB hB' hB'' < D := norm_num</code_line>
<message>error: Type mismatch</message>
</error>
  norm_num
has type
  Lean.ParserDescr
of sort `Type` but is expected to have type
  refinement B hB hB' hB'' < D
of sort `Prop`
[2026-01-13 01:52:58] [INFO] Proof verification completed
[2026-01-13 01:52:58] [INFO] Strategy norm_num attempt 1: verified=False
[2026-01-13 01:52:58] [INFO] Verification message: Cannot build modified file: <error line="320" column="36">
<code_line>    refinement B hB hB' hB'' < D := norm_num</code_line>
<message>error: Type mismatch</message>
</error>
  norm_num
has type
  Lean.ParserDescr
of sort `Type` but is expected to have type
  refinement B hB hB' hB'' < D
of sort `Prop`

[2026-01-13 01:52:58] [INFO] Attempt 1 failed verification, continuing...
[2026-01-13 01:52:58] [INFO] ========================================
[2026-01-13 01:52:58] [INFO] Trying strategy: omega (up to 1 attempts)
[2026-01-13 01:52:58] [INFO] --------------------
[2026-01-13 01:52:58] [INFO] Strategy omega, attempt 1/1
[2026-01-13 01:52:58] [INFO] Starting proof generation...
[2026-01-13 01:52:58] [INFO] Repository path: /root/repo
[2026-01-13 01:52:58] [INFO] Proof generation completed
[2026-01-13 01:52:58] [INFO] Generated proof:
[2026-01-13 01:52:58] [INFO] omega
[2026-01-13 01:52:58] [INFO] Proof length: 5 chars
[2026-01-13 01:52:58] [INFO] Starting proof verification...
[2026-01-13 01:52:58] [INFO] Verifying at: PersistentDecomp/DirectSumDecompositionDual.lean:320
[2026-01-13 01:52:58] [INFO] Using LEAN INTERACT verify
[2026-01-13 01:52:58] [INFO] Checking file
[2026-01-13 01:53:05] [INFO] Cannot build modified file PersistentDecomp/tmplavwmvpa.lean:320:36: error(lean.unknownIdentifier): Unknown identifier `omega`
[2026-01-13 01:53:05] [INFO] Proof verification completed
[2026-01-13 01:53:05] [INFO] Strategy omega attempt 1: verified=False
[2026-01-13 01:53:05] [INFO] Verification message: Cannot build modified file: PersistentDecomp/tmplavwmvpa.lean:320:36: error(lean.unknownIdentifier): Unknown identifier `omega`

[2026-01-13 01:53:05] [INFO] Attempt 1 failed verification, continuing...
[2026-01-13 01:53:05] [INFO] ========================================
[2026-01-13 01:53:05] [INFO] Trying strategy: linarith (up to 1 attempts)
[2026-01-13 01:53:05] [INFO] --------------------
[2026-01-13 01:53:05] [INFO] Strategy linarith, attempt 1/1
[2026-01-13 01:53:05] [INFO] Starting proof generation...
[2026-01-13 01:53:05] [INFO] Repository path: /root/repo
[2026-01-13 01:53:05] [INFO] Proof generation completed
[2026-01-13 01:53:05] [INFO] Generated proof:
[2026-01-13 01:53:05] [INFO] linarith
[2026-01-13 01:53:05] [INFO] Proof length: 8 chars
[2026-01-13 01:53:05] [INFO] Starting proof verification...
[2026-01-13 01:53:05] [INFO] Verifying at: PersistentDecomp/DirectSumDecompositionDual.lean:320
[2026-01-13 01:53:05] [INFO] Using LEAN INTERACT verify
[2026-01-13 01:53:05] [INFO] Checking file
[2026-01-13 01:53:11] [INFO] Cannot build modified file PersistentDecomp/tmpkbp5hy69.lean:320:36: error(lean.unknownIdentifier): Unknown identifier `linarith`
[2026-01-13 01:53:11] [INFO] Proof verification completed
[2026-01-13 01:53:11] [INFO] Strategy linarith attempt 1: verified=False
[2026-01-13 01:53:11] [INFO] Verification message: Cannot build modified file: PersistentDecomp/tmpkbp5hy69.lean:320:36: error(lean.unknownIdentifier): Unknown identifier `linarith`

[2026-01-13 01:53:11] [INFO] Attempt 1 failed verification, continuing...
[2026-01-13 01:53:11] [INFO] ========================================
[2026-01-13 01:53:11] [INFO] Trying strategy: nlinarith (up to 1 attempts)
[2026-01-13 01:53:11] [INFO] --------------------
[2026-01-13 01:53:11] [INFO] Strategy nlinarith, attempt 1/1
[2026-01-13 01:53:11] [INFO] Starting proof generation...
[2026-01-13 01:53:11] [INFO] Repository path: /root/repo
[2026-01-13 01:53:11] [INFO] Proof generation completed
[2026-01-13 01:53:11] [INFO] Generated proof:
[2026-01-13 01:53:11] [INFO] nlinarith
[2026-01-13 01:53:11] [INFO] Proof length: 9 chars
[2026-01-13 01:53:11] [INFO] Starting proof verification...
[2026-01-13 01:53:11] [INFO] Verifying at: PersistentDecomp/DirectSumDecompositionDual.lean:320
[2026-01-13 01:53:11] [INFO] Using LEAN INTERACT verify
[2026-01-13 01:53:11] [INFO] Checking file
[2026-01-13 01:53:18] [INFO] Cannot build modified file PersistentDecomp/tmp5baj_e_t.lean:320:36: error(lean.unknownIdentifier): Unknown identifier `nlinarith`
[2026-01-13 01:53:18] [INFO] Proof verification completed
[2026-01-13 01:53:18] [INFO] Strategy nlinarith attempt 1: verified=False
[2026-01-13 01:53:18] [INFO] Verification message: Cannot build modified file: PersistentDecomp/tmp5baj_e_t.lean:320:36: error(lean.unknownIdentifier): Unknown identifier `nlinarith`

[2026-01-13 01:53:18] [INFO] Attempt 1 failed verification, continuing...
[2026-01-13 01:53:18] [INFO] ========================================
[2026-01-13 01:53:18] [INFO] Trying strategy: aesop (up to 1 attempts)
[2026-01-13 01:53:18] [INFO] --------------------
[2026-01-13 01:53:18] [INFO] Strategy aesop, attempt 1/1
[2026-01-13 01:53:18] [INFO] Starting proof generation...
[2026-01-13 01:53:18] [INFO] Repository path: /root/repo
[2026-01-13 01:53:18] [INFO] Proof generation completed
[2026-01-13 01:53:18] [INFO] Generated proof:
[2026-01-13 01:53:18] [INFO] aesop
[2026-01-13 01:53:18] [INFO] Proof length: 5 chars
[2026-01-13 01:53:18] [INFO] Starting proof verification...
[2026-01-13 01:53:18] [INFO] Verifying at: PersistentDecomp/DirectSumDecompositionDual.lean:320
[2026-01-13 01:53:18] [INFO] Using LEAN INTERACT verify
[2026-01-13 01:53:18] [INFO] Checking file
[2026-01-13 01:53:24] [INFO] Cannot build modified file PersistentDecomp/tmpq2rijx3q.lean:320:36: error(lean.unknownIdentifier): Unknown identifier `aesop`
[2026-01-13 01:53:24] [INFO] Proof verification completed
[2026-01-13 01:53:24] [INFO] Strategy aesop attempt 1: verified=False
[2026-01-13 01:53:24] [INFO] Verification message: Cannot build modified file: PersistentDecomp/tmpq2rijx3q.lean:320:36: error(lean.unknownIdentifier): Unknown identifier `aesop`

[2026-01-13 01:53:24] [INFO] Attempt 1 failed verification, continuing...
[2026-01-13 01:53:24] [INFO] ========================================
[2026-01-13 01:53:24] [INFO] Pass@k completed. Total results: 1
[2026-01-13 01:53:24] [INFO] FAILED: All 11 strategies x 1 attempts
[2026-01-13 01:53:24] [INFO] Writing results to file: /root/repo/result.json
[2026-01-13 01:53:24] [INFO] Result file written successfully
[2026-01-13 01:53:24] [INFO] Results exported to: /root/repo/result.json
[2026-01-13 01:53:24] [INFO] run_morphcloud_local.py completed successfully

[2026-01-13 01:53:25] [process_single_sorry] Downloading result file...
[2026-01-13 01:53:25] [process_single_sorry] Downloaded result to intermediate_experiment_outputs_full_reservoir_3_months/multi_tactic/2026-01-13_01-27-45_multi_tactic/individual/8b4915d8f509d45d4304de41a2446c0c84fcbfc1571aa1afb3e192af9647e3b1.json
[2026-01-13 01:53:28] [process_single_sorry] Instance context closed successfully
[2026-01-13 01:53:28] [process_single_sorry] Parsing result file...
[2026-01-13 01:53:28] [process_single_sorry] Successfully parsed result (list format, 1 results)
