[2026-01-13 06:15:13] [process_single_sorry] Starting for sorry 8e09fb8c42cb83dd59eb4dd714081484620aa618af607cc4da008764ad2a0536
[2026-01-13 06:15:13] [process_single_sorry] Using snapshot: snapshot_vkc5y5na
[2026-01-13 06:15:13] [process_single_sorry] Repository: https://github.com/Verified-zkEVM/clean@6dfafe27ea1e733e1e7f01610a63789772eccec6
[2026-01-13 06:15:13] [process_single_sorry] Instance name: clean_6dfafe27ea1e_multi_tactic_8e09fb8c42cb83dd59eb4dd714081484620aa618af607cc4da008764ad2a0536
[2026-01-13 06:15:13] [process_single_sorry] Starting attempt 1/3
[2026-01-13 06:15:13] [process_single_sorry] Starting instance from snapshot...
[2026-01-13 06:15:14] [process_single_sorry] Instance started successfully: morphvm_lr4nj6d4
[2026-01-13 06:15:14] [process_single_sorry] Creating .env file...
[2026-01-13 06:15:27] [process_single_sorry] .env file created (exit_code: 0)
[2026-01-13 06:15:27] [process_single_sorry] Executing agent command...
[2026-01-13 06:16:47] [process_single_sorry] Agent command completed (exit_code: 0)
[2026-01-13 06:16:47] [process_single_sorry] STDOUT:

Results JSON:
[
  {
    "sorry": {
      "repo": {
        "remote": "https://github.com/Verified-zkEVM/clean",
        "branch": "faster-femto",
        "commit": "6dfafe27ea1e733e1e7f01610a63789772eccec6",
        "lean_version": "v4.23.0-rc2"
      },
      "location": {
        "path": "Clean/Utils/Test/TestCircuitProofStart.lean",
        "start_line": 86,
        "start_column": 2,
        "end_line": 86,
        "end_column": 7
      },
      "debug_info": {
        "goal": "F : Type\ninst✝² : Field F\nInput Output : TypeMap\ninst✝¹ : ProvableType Input\ninst✝ : ProvableType Output\ncircuit : ElaboratedCircuit F Input Output\nAssumptions : Input F → Prop\nSpec : Input F → Output F → Prop\ni₀ : ℕ\nenv : Environment F\ninput_var : Var Input F\ninput : Input F\nh_input : eval env input_var = input\nh_assumptions : Assumptions input\nh_holds : ConstraintsHold.Soundness env (ElaboratedCircuit.main input_var i₀).2\nthis✝⁵ : ℕ\nthis✝⁴ : Environment F\nthis✝³ : Input (Expression F)\nthis✝² : Input F\nthis✝¹ : eval env input_var = input\nthis✝ : Assumptions input\nthis : ConstraintsHold.Soundness env (ElaboratedCircuit.main input_var i₀).2\n⊢ Spec input (eval env (ElaboratedCircuit.output input_var i₀))",
        "url": "https://github.com/Verified-zkEVM/clean/blob/6dfafe27ea1e733e1e7f01610a63789772eccec6/Clean/Utils/Test/TestCircuitProofStart.lean#L86"
      },
      "metadata": {
        "blame_email_hash": "57adedd38fb4",
        "blame_date": "2025-07-21T15:26:59+01:00",
        "inclusion_date": "2026-01-09T19:14:04.633183+00:00"
      },
      "id": "8e09fb8c42cb83dd59eb4dd714081484620aa618af607cc4da008764ad2a0536"
    },
    "proof": null,
    "proof_verified": false,
    "feedback": null,
    "verification_message": "All 11 attempts failed (11 strategies x 1 attempts each)",
    "success": true,
    "error_type": null,
    "error_message": null,
    "strategy_name": "all_failed_k=1",
    "proof_attempts": [
      "rfl",
      "simp",
      "simp_all",
      "exact?",
      "grind",
      "ring",
      "norm_num",
      "omega",
      "linarith",
      "nlinarith",
      "aesop"
    ]
  }
]

[2026-01-13 06:16:47] [process_single_sorry] STDERR:
None of PyTorch, TensorFlow >= 2.0, or Flax have been found. Models won't be available and only tokenizers, configuration and file/data utilities can be used.
[2026-01-13 06:15:43] [INFO] ================================================================================
[2026-01-13 06:15:43] [INFO] Starting run_morphcloud_local.py
[2026-01-13 06:15:43] [INFO] ================================================================================
[2026-01-13 06:15:43] [INFO] Environment loaded
[2026-01-13 06:15:43] [INFO] Full command: /root/SorryDB/sorrydb/cli/run_morphcloud_local.py --repo-path /root/repo --sorry-json {"repo": {"remote": "https://github.com/Verified-zkEVM/clean", "branch": "faster-femto", "commit": "6dfafe27ea1e733e1e7f01610a63789772eccec6", "lean_version": "v4.23.0-rc2"}, "location": {"path": "Clean/Utils/Test/TestCircuitProofStart.lean", "start_line": 86, "start_column": 2, "end_line": 86, "end_column": 7}, "debug_info": {"goal": "F : Type\ninst\u271d\u00b2 : Field F\nInput Output : TypeMap\ninst\u271d\u00b9 : ProvableType Input\ninst\u271d : ProvableType Output\ncircuit : ElaboratedCircuit F Input Output\nAssumptions : Input F \u2192 Prop\nSpec : Input F \u2192 Output F \u2192 Prop\ni\u2080 : \u2115\nenv : Environment F\ninput_var : Var Input F\ninput : Input F\nh_input : eval env input_var = input\nh_assumptions : Assumptions input\nh_holds : ConstraintsHold.Soundness env (ElaboratedCircuit.main input_var i\u2080).2\nthis\u271d\u2075 : \u2115\nthis\u271d\u2074 : Environment F\nthis\u271d\u00b3 : Input (Expression F)\nthis\u271d\u00b2 : Input F\nthis\u271d\u00b9 : eval env input_var = input\nthis\u271d : Assumptions input\nthis : ConstraintsHold.Soundness env (ElaboratedCircuit.main input_var i\u2080).2\n\u22a2 Spec input (eval env (ElaboratedCircuit.output input_var i\u2080))", "url": "https://github.com/Verified-zkEVM/clean/blob/6dfafe27ea1e733e1e7f01610a63789772eccec6/Clean/Utils/Test/TestCircuitProofStart.lean#L86"}, "metadata": {"blame_email_hash": "57adedd38fb4", "blame_date": "2025-07-21T15:26:59+01:00", "inclusion_date": "2026-01-09T19:14:04.633183+00:00"}, "id": "8e09fb8c42cb83dd59eb4dd714081484620aa618af607cc4da008764ad2a0536"} --agent-strategy {"name": "multi_tactic", "args": {}}
[2026-01-13 06:15:43] [INFO] Arguments parsed: repo_path=/root/repo, output_path=/root/repo/result.json
[2026-01-13 06:15:43] [INFO] Strategy spec: {"name": "multi_tactic", "args": {}}...
[2026-01-13 06:15:43] [INFO] Loading sorry data...
[2026-01-13 06:15:43] [INFO] Parsing sorry from JSON string...
[2026-01-13 06:15:43] [INFO] Sorry data parsed from JSON string
[2026-01-13 06:15:43] [INFO] Creating strategy from spec...
[2026-01-13 06:15:43] [INFO] Parsing strategy spec (length: 36 chars)
[2026-01-13 06:15:43] [INFO] Strategy name: multi_tactic
[2026-01-13 06:15:43] [INFO] Strategy args: {}
[2026-01-13 06:15:43] [INFO] Pass@k value: 1
[2026-01-13 06:15:43] [INFO] Creating strategy: multi_tactic
[2026-01-13 06:15:43] [INFO] Creating multi_tactic strategy with tactics: ['rfl', 'simp', 'simp_all', 'exact?', 'grind', 'ring', 'norm_num', 'omega', 'linarith', 'nlinarith', 'aesop']
[2026-01-13 06:15:43] [INFO] Strategies created: ['rfl', 'simp', 'simp_all', 'exact?', 'grind', 'ring', 'norm_num', 'omega', 'linarith', 'nlinarith', 'aesop']
[2026-01-13 06:15:43] [INFO] Pass@k value: 1
[2026-01-13 06:15:43] [INFO] Creating Sorry object...
[2026-01-13 06:15:43] [INFO] Sorry object created: id=8e09fb8c42cb83dd59eb4dd714081484620aa618af607cc4da008764ad2a0536
[2026-01-13 06:15:43] [INFO] Sorry location: Clean/Utils/Test/TestCircuitProofStart.lean:86
[2026-01-13 06:15:43] [INFO] Context before sorry (lines 81-86):
[2026-01-13 06:15:43] [INFO]   81:   have : Input (Expression F) := input_var
[2026-01-13 06:15:43] [INFO]   82:   have : Input F := input
[2026-01-13 06:15:43] [INFO]   83:   have : eval env input_var = input := h_input
[2026-01-13 06:15:43] [INFO]   84:   have : Assumptions input := h_assumptions
[2026-01-13 06:15:43] [INFO]   85:   have : ConstraintsHold.Soundness env (circuit.main input_var i₀).2 := h_holds
[2026-01-13 06:15:43] [INFO]   86:   sorry
[2026-01-13 06:15:43] [INFO] Sorry line:   sorry
[2026-01-13 06:15:43] [INFO] Sorry goal: F : Type
inst✝² : Field F
Input Output : TypeMap
inst✝¹ : ProvableType Input
inst✝ : ProvableType Ou...
[2026-01-13 06:15:43] [INFO] ========================================
[2026-01-13 06:15:43] [INFO] Trying strategy: rfl (up to 1 attempts)
[2026-01-13 06:15:43] [INFO] --------------------
[2026-01-13 06:15:43] [INFO] Strategy rfl, attempt 1/1
[2026-01-13 06:15:43] [INFO] Starting proof generation...
[2026-01-13 06:15:43] [INFO] Repository path: /root/repo
[2026-01-13 06:15:43] [INFO] Proof generation completed
[2026-01-13 06:15:43] [INFO] Generated proof:
[2026-01-13 06:15:43] [INFO] rfl
[2026-01-13 06:15:43] [INFO] Proof length: 3 chars
[2026-01-13 06:15:43] [INFO] Starting proof verification...
[2026-01-13 06:15:43] [INFO] Verifying at: Clean/Utils/Test/TestCircuitProofStart.lean:86
[2026-01-13 06:15:43] [INFO] Using LEAN INTERACT verify
[2026-01-13 06:15:43] [INFO] Checking file
[2026-01-13 06:16:08] [INFO] Cannot build modified file <error line="86" column="2">
<code_line>  rfl</code_line>
<message>error: Tactic `rfl` failed: The left-hand side</message>
</error>
  input
is not definitionally equal to the right-hand side
  eval env (ElaboratedCircuit.output input_var i₀)

F : Type
inst✝² : Field F
Input Output : TypeMap
inst✝¹ : ProvableType Input
inst✝ : ProvableType Output
circuit : ElaboratedCircuit F Input Output
Assumptions : Input F → Prop
Spec : Input F → Output F → Prop
i₀ : ℕ
env : Environment F
input_var : Var Input F
input : Input F
h_input : eval env input_var = input
h_assumptions : Assumptions input
h_holds : ConstraintsHold.Soundness env (ElaboratedCircuit.main input_var i₀).2
this✝⁵ : ℕ
this✝⁴ : Environment F
this✝³ : Input (Expression F)
this✝² : Input F
this✝¹ : eval env input_var = input
this✝ : Assumptions input
this : ConstraintsHold.Soundness env (ElaboratedCircuit.main input_var i₀).2
⊢ Spec input (eval env (ElaboratedCircuit.output input_var i₀))
[2026-01-13 06:16:08] [INFO] Proof verification completed
[2026-01-13 06:16:08] [INFO] Strategy rfl attempt 1: verified=False
[2026-01-13 06:16:08] [INFO] Verification message: Cannot build modified file: <error line="86" column="2">
<code_line>  rfl</code_line>
<message>error: Tactic `rfl` failed: The left-hand side</message>
</error>
  input
is not definitionally equal to the right-hand side
  eval env (ElaboratedCircuit.output input_var i₀)

F : Type
inst✝² : Field F
Input Output : TypeMap
inst✝¹ : ProvableType Input
inst✝ : ProvableType Output
circuit : ElaboratedCircuit F Input Output
Assumptions : Input F → Prop
Spec : Input F → Output F → Prop
i₀ : ℕ
env : Environment F
input_var : Var Input F
input : Input F
h_input : eval env input_var = input
h_assumptions : Assumptions input
h_holds : ConstraintsHold.Soundness env (ElaboratedCircuit.main input_var i₀).2
this✝⁵ : ℕ
this✝⁴ : Environment F
this✝³ : Input (Expression F)
this✝² : Input F
this✝¹ : eval env input_var = input
this✝ : Assumptions input
this : ConstraintsHold.Soundness env (ElaboratedCircuit.main input_var i₀).2
⊢ Spec input (eval env (ElaboratedCircuit.output input_var i₀))

[2026-01-13 06:16:08] [INFO] Attempt 1 failed verification, continuing...
[2026-01-13 06:16:08] [INFO] ========================================
[2026-01-13 06:16:08] [INFO] Trying strategy: simp (up to 1 attempts)
[2026-01-13 06:16:08] [INFO] --------------------
[2026-01-13 06:16:08] [INFO] Strategy simp, attempt 1/1
[2026-01-13 06:16:08] [INFO] Starting proof generation...
[2026-01-13 06:16:08] [INFO] Repository path: /root/repo
[2026-01-13 06:16:08] [INFO] Proof generation completed
[2026-01-13 06:16:08] [INFO] Generated proof:
[2026-01-13 06:16:08] [INFO] simp
[2026-01-13 06:16:08] [INFO] Proof length: 4 chars
[2026-01-13 06:16:08] [INFO] Starting proof verification...
[2026-01-13 06:16:08] [INFO] Verifying at: Clean/Utils/Test/TestCircuitProofStart.lean:86
[2026-01-13 06:16:08] [INFO] Using LEAN INTERACT verify
[2026-01-13 06:16:08] [INFO] Checking file
[2026-01-13 06:16:12] [INFO] Cannot build modified file <error line="86" column="2">
<code_line>  simp</code_line>
<message>error: `simp` made no progress</message>
</error>
[2026-01-13 06:16:12] [INFO] Proof verification completed
[2026-01-13 06:16:12] [INFO] Strategy simp attempt 1: verified=False
[2026-01-13 06:16:12] [INFO] Verification message: Cannot build modified file: <error line="86" column="2">
<code_line>  simp</code_line>
<message>error: `simp` made no progress</message>
</error>

[2026-01-13 06:16:12] [INFO] Attempt 1 failed verification, continuing...
[2026-01-13 06:16:12] [INFO] ========================================
[2026-01-13 06:16:12] [INFO] Trying strategy: simp_all (up to 1 attempts)
[2026-01-13 06:16:12] [INFO] --------------------
[2026-01-13 06:16:12] [INFO] Strategy simp_all, attempt 1/1
[2026-01-13 06:16:12] [INFO] Starting proof generation...
[2026-01-13 06:16:12] [INFO] Repository path: /root/repo
[2026-01-13 06:16:12] [INFO] Proof generation completed
[2026-01-13 06:16:12] [INFO] Generated proof:
[2026-01-13 06:16:12] [INFO] simp_all
[2026-01-13 06:16:12] [INFO] Proof length: 8 chars
[2026-01-13 06:16:12] [INFO] Starting proof verification...
[2026-01-13 06:16:12] [INFO] Verifying at: Clean/Utils/Test/TestCircuitProofStart.lean:86
[2026-01-13 06:16:12] [INFO] Using LEAN INTERACT verify
[2026-01-13 06:16:12] [INFO] Checking file
[2026-01-13 06:16:16] [INFO] Cannot build modified file <error line="75" column="44">
<code_line>    Soundness F circuit Assumptions Spec := by</code_line>
<message>error: unsolved goals</message>
</error>
F : Type
inst✝² : Field F
Input Output : TypeMap
inst✝¹ : ProvableType Input
inst✝ : ProvableType Output
circuit : ElaboratedCircuit F Input Output
Assumptions : Input F → Prop
Spec : Input F → Output F → Prop
i₀ : ℕ
env : Environment F
input_var : Var Input F
input : Input F
this✝⁵ : ℕ
this✝⁴ : Environment F
this✝³ : Input (Expression F)
this✝² : Input F
this✝¹ : eval env input_var = input
this✝ : Assumptions input
this : ConstraintsHold.Soundness env (ElaboratedCircuit.main input_var i₀).2
⊢ Spec input (eval env (ElaboratedCircuit.output input_var i₀))
[2026-01-13 06:16:16] [INFO] Proof verification completed
[2026-01-13 06:16:16] [INFO] Strategy simp_all attempt 1: verified=False
[2026-01-13 06:16:16] [INFO] Verification message: Cannot build modified file: <error line="75" column="44">
<code_line>    Soundness F circuit Assumptions Spec := by</code_line>
<message>error: unsolved goals</message>
</error>
F : Type
inst✝² : Field F
Input Output : TypeMap
inst✝¹ : ProvableType Input
inst✝ : ProvableType Output
circuit : ElaboratedCircuit F Input Output
Assumptions : Input F → Prop
Spec : Input F → Output F → Prop
i₀ : ℕ
env : Environment F
input_var : Var Input F
input : Input F
this✝⁵ : ℕ
this✝⁴ : Environment F
this✝³ : Input (Expression F)
this✝² : Input F
this✝¹ : eval env input_var = input
this✝ : Assumptions input
this : ConstraintsHold.Soundness env (ElaboratedCircuit.main input_var i₀).2
⊢ Spec input (eval env (ElaboratedCircuit.output input_var i₀))

[2026-01-13 06:16:16] [INFO] Attempt 1 failed verification, continuing...
[2026-01-13 06:16:16] [INFO] ========================================
[2026-01-13 06:16:16] [INFO] Trying strategy: exact? (up to 1 attempts)
[2026-01-13 06:16:16] [INFO] --------------------
[2026-01-13 06:16:16] [INFO] Strategy exact?, attempt 1/1
[2026-01-13 06:16:16] [INFO] Starting proof generation...
[2026-01-13 06:16:16] [INFO] Repository path: /root/repo
[2026-01-13 06:16:16] [INFO] Proof generation completed
[2026-01-13 06:16:16] [INFO] Generated proof:
[2026-01-13 06:16:16] [INFO] exact?
[2026-01-13 06:16:16] [INFO] Proof length: 6 chars
[2026-01-13 06:16:16] [INFO] Starting proof verification...
[2026-01-13 06:16:16] [INFO] Verifying at: Clean/Utils/Test/TestCircuitProofStart.lean:86
[2026-01-13 06:16:16] [INFO] Using LEAN INTERACT verify
[2026-01-13 06:16:16] [INFO] Checking file
[2026-01-13 06:16:24] [INFO] Cannot build modified file <error line="86" column="2">
<code_line>  exact?</code_line>
<message>error: `exact?` could not close the goal.</message>
</error>
[2026-01-13 06:16:24] [INFO] Proof verification completed
[2026-01-13 06:16:24] [INFO] Strategy exact? attempt 1: verified=False
[2026-01-13 06:16:24] [INFO] Verification message: Cannot build modified file: <error line="86" column="2">
<code_line>  exact?</code_line>
<message>error: `exact?` could not close the goal.</message>
</error>

[2026-01-13 06:16:24] [INFO] Attempt 1 failed verification, continuing...
[2026-01-13 06:16:24] [INFO] ========================================
[2026-01-13 06:16:24] [INFO] Trying strategy: grind (up to 1 attempts)
[2026-01-13 06:16:24] [INFO] --------------------
[2026-01-13 06:16:24] [INFO] Strategy grind, attempt 1/1
[2026-01-13 06:16:24] [INFO] Starting proof generation...
[2026-01-13 06:16:24] [INFO] Repository path: /root/repo
[2026-01-13 06:16:24] [INFO] Proof generation completed
[2026-01-13 06:16:24] [INFO] Generated proof:
[2026-01-13 06:16:24] [INFO] grind
[2026-01-13 06:16:24] [INFO] Proof length: 5 chars
[2026-01-13 06:16:24] [INFO] Starting proof verification...
[2026-01-13 06:16:24] [INFO] Verifying at: Clean/Utils/Test/TestCircuitProofStart.lean:86
[2026-01-13 06:16:24] [INFO] Using LEAN INTERACT verify
[2026-01-13 06:16:24] [INFO] Checking file
[2026-01-13 06:16:27] [INFO] Cannot build modified file <error line="86" column="2">
<code_line>  grind</code_line>
<message>error: `grind` failed</message>
</error>
case grind
F : Type
inst : Field F
Input Output : Type → Type
inst_1 : ProvableType Input
inst_2 : ProvableType Output
circuit : ElaboratedCircuit F Input Output
Assumptions : Input F → Prop
Spec : Input F → Output F → Prop
i₀ : ℕ
env : Environment F
input_var : Input (Expression F)
input : Input F
h_input : eval env input_var = input
h_assumptions : Assumptions input
h_holds : ConstraintsHold.Soundness env (ElaboratedCircuit.main input_var i₀).2
this : ℕ
this_1 : Environment F
this_2 : Input (Expression F)
this_3 : Input F
this_4 : eval env input_var = input
this_5 : Assumptions input
this_6 : ConstraintsHold.Soundness env (ElaboratedCircuit.main input_var i₀).2
h : ¬Spec input (eval env (ElaboratedCircuit.output input_var i₀))
⊢ False
[grind] Goal diagnostics
  [facts] Asserted facts
    [prop] eval env input_var = input
    [prop] Assumptions input
    [prop] ConstraintsHold.Soundness env (ElaboratedCircuit.main input_var i₀).2
    [prop] eval env input_var = input
    [prop] Assumptions input
    [prop] ConstraintsHold.Soundness env (ElaboratedCircuit.main input_var i₀).2
    [prop] ¬Spec input (eval env (ElaboratedCircuit.output input_var i₀))
  [eqc] True propositions
    [prop] Assumptions input
    [prop] ConstraintsHold.Soundness env (ElaboratedCircuit.main input_var i₀).2
  [eqc] False propositions
    [prop] Spec input (eval env (ElaboratedCircuit.output input_var i₀))
  [eqc] Equivalence classes
    [eqc] {input, eval env input_var}
    [eqc] {((ElaboratedCircuit.main input_var i₀).1, (ElaboratedCircuit.main input_var i₀).2).1,
        (ElaboratedCircuit.main input_var i₀).1}
    [eqc] {((ElaboratedCircuit.main input_var i₀).1, (ElaboratedCircuit.main input_var i₀).2).2,
        (ElaboratedCircuit.main input_var i₀).2}
    [eqc] {((ElaboratedCircuit.main input_var i₀).1, (ElaboratedCircuit.main input_var i₀).2),
        ElaboratedCircuit.main input_var i₀}
[2026-01-13 06:16:27] [INFO] Proof verification completed
[2026-01-13 06:16:27] [INFO] Strategy grind attempt 1: verified=False
[2026-01-13 06:16:27] [INFO] Verification message: Cannot build modified file: <error line="86" column="2">
<code_line>  grind</code_line>
<message>error: `grind` failed</message>
</error>
case grind
F : Type
inst : Field F
Input Output : Type → Type
inst_1 : ProvableType Input
inst_2 : ProvableType Output
circuit : ElaboratedCircuit F Input Output
Assumptions : Input F → Prop
Spec : Input F → Output F → Prop
i₀ : ℕ
env : Environment F
input_var : Input (Expression F)
input : Input F
h_input : eval env input_var = input
h_assumptions : Assumptions input
h_holds : ConstraintsHold.Soundness env (ElaboratedCircuit.main input_var i₀).2
this : ℕ
this_1 : Environment F
this_2 : Input (Expression F)
this_3 : Input F
this_4 : eval env input_var = input
this_5 : Assumptions input
this_6 : ConstraintsHold.Soundness env (ElaboratedCircuit.main input_var i₀).2
h : ¬Spec input (eval env (ElaboratedCircuit.output input_var i₀))
⊢ False
[grind] Goal diagnostics
  [facts] Asserted facts
    [prop] eval env input_var = input
    [prop] Assumptions input
    [prop] ConstraintsHold.Soundness env (ElaboratedCircuit.main input_var i₀).2
    [prop] eval env input_var = input
    [prop] Assumptions input
    [prop] ConstraintsHold.Soundness env (ElaboratedCircuit.main input_var i₀).2
    [prop] ¬Spec input (eval env (ElaboratedCircuit.output input_var i₀))
  [eqc] True propositions
    [prop] Assumptions input
    [prop] ConstraintsHold.Soundness env (ElaboratedCircuit.main input_var i₀).2
  [eqc] False propositions
    [prop] Spec input (eval env (ElaboratedCircuit.output input_var i₀))
  [eqc] Equivalence classes
    [eqc] {input, eval env input_var}
    [eqc] {((ElaboratedCircuit.main input_var i₀).1, (ElaboratedCircuit.main input_var i₀).2).1,
        (ElaboratedCircuit.main input_var i₀).1}
    [eqc] {((ElaboratedCircuit.main input_var i₀).1, (ElaboratedCircuit.main input_var i₀).2).2,
        (ElaboratedCircuit.main input_var i₀).2}
    [eqc] {((ElaboratedCircuit.main input_var i₀).1, (ElaboratedCircuit.main input_var i₀).2),
        ElaboratedCircuit.main input_var i₀}

[2026-01-13 06:16:27] [INFO] Attempt 1 failed verification, continuing...
[2026-01-13 06:16:27] [INFO] ========================================
[2026-01-13 06:16:27] [INFO] Trying strategy: ring (up to 1 attempts)
[2026-01-13 06:16:27] [INFO] --------------------
[2026-01-13 06:16:27] [INFO] Strategy ring, attempt 1/1
[2026-01-13 06:16:27] [INFO] Starting proof generation...
[2026-01-13 06:16:27] [INFO] Repository path: /root/repo
[2026-01-13 06:16:27] [INFO] Proof generation completed
[2026-01-13 06:16:27] [INFO] Generated proof:
[2026-01-13 06:16:27] [INFO] ring
[2026-01-13 06:16:27] [INFO] Proof length: 4 chars
[2026-01-13 06:16:27] [INFO] Starting proof verification...
[2026-01-13 06:16:27] [INFO] Verifying at: Clean/Utils/Test/TestCircuitProofStart.lean:86
[2026-01-13 06:16:27] [INFO] Using LEAN INTERACT verify
[2026-01-13 06:16:27] [INFO] Checking file
[2026-01-13 06:16:31] [INFO] Cannot build modified file <error line="86" column="2">
<code_line>  ring</code_line>
<message>error: ring_nf made no progress</message>
</error>
[2026-01-13 06:16:31] [INFO] Proof verification completed
[2026-01-13 06:16:31] [INFO] Strategy ring attempt 1: verified=False
[2026-01-13 06:16:31] [INFO] Verification message: Cannot build modified file: <error line="86" column="2">
<code_line>  ring</code_line>
<message>error: ring_nf made no progress</message>
</error>

[2026-01-13 06:16:31] [INFO] Attempt 1 failed verification, continuing...
[2026-01-13 06:16:31] [INFO] ========================================
[2026-01-13 06:16:31] [INFO] Trying strategy: norm_num (up to 1 attempts)
[2026-01-13 06:16:31] [INFO] --------------------
[2026-01-13 06:16:31] [INFO] Strategy norm_num, attempt 1/1
[2026-01-13 06:16:31] [INFO] Starting proof generation...
[2026-01-13 06:16:31] [INFO] Repository path: /root/repo
[2026-01-13 06:16:31] [INFO] Proof generation completed
[2026-01-13 06:16:31] [INFO] Generated proof:
[2026-01-13 06:16:31] [INFO] norm_num
[2026-01-13 06:16:31] [INFO] Proof length: 8 chars
[2026-01-13 06:16:31] [INFO] Starting proof verification...
[2026-01-13 06:16:31] [INFO] Verifying at: Clean/Utils/Test/TestCircuitProofStart.lean:86
[2026-01-13 06:16:31] [INFO] Using LEAN INTERACT verify
[2026-01-13 06:16:31] [INFO] Checking file
[2026-01-13 06:16:34] [INFO] Cannot build modified file <error line="75" column="44">
<code_line>    Soundness F circuit Assumptions Spec := by</code_line>
<message>error: unsolved goals</message>
</error>
F : Type
inst✝² : Field F
Input Output : TypeMap
inst✝¹ : ProvableType Input
inst✝ : ProvableType Output
circuit : ElaboratedCircuit F Input Output
Assumptions : Input F → Prop
Spec : Input F → Output F → Prop
i₀ : ℕ
env : Environment F
input_var : Var Input F
input : Input F
h_input : eval env input_var = input
h_assumptions : Assumptions input
h_holds : ConstraintsHold.Soundness env (ElaboratedCircuit.main input_var i₀).2
this✝⁵ : ℕ
this✝⁴ : Environment F
this✝³ : Input (Expression F)
this✝² : Input F
this✝¹ : eval env input_var = input
this✝ : Assumptions input
this : ConstraintsHold.Soundness env (ElaboratedCircuit.main input_var i₀).2
⊢ Spec input (eval env (ElaboratedCircuit.output input_var i₀))
[2026-01-13 06:16:34] [INFO] Proof verification completed
[2026-01-13 06:16:34] [INFO] Strategy norm_num attempt 1: verified=False
[2026-01-13 06:16:34] [INFO] Verification message: Cannot build modified file: <error line="75" column="44">
<code_line>    Soundness F circuit Assumptions Spec := by</code_line>
<message>error: unsolved goals</message>
</error>
F : Type
inst✝² : Field F
Input Output : TypeMap
inst✝¹ : ProvableType Input
inst✝ : ProvableType Output
circuit : ElaboratedCircuit F Input Output
Assumptions : Input F → Prop
Spec : Input F → Output F → Prop
i₀ : ℕ
env : Environment F
input_var : Var Input F
input : Input F
h_input : eval env input_var = input
h_assumptions : Assumptions input
h_holds : ConstraintsHold.Soundness env (ElaboratedCircuit.main input_var i₀).2
this✝⁵ : ℕ
this✝⁴ : Environment F
this✝³ : Input (Expression F)
this✝² : Input F
this✝¹ : eval env input_var = input
this✝ : Assumptions input
this : ConstraintsHold.Soundness env (ElaboratedCircuit.main input_var i₀).2
⊢ Spec input (eval env (ElaboratedCircuit.output input_var i₀))

[2026-01-13 06:16:34] [INFO] Attempt 1 failed verification, continuing...
[2026-01-13 06:16:34] [INFO] ========================================
[2026-01-13 06:16:34] [INFO] Trying strategy: omega (up to 1 attempts)
[2026-01-13 06:16:34] [INFO] --------------------
[2026-01-13 06:16:34] [INFO] Strategy omega, attempt 1/1
[2026-01-13 06:16:34] [INFO] Starting proof generation...
[2026-01-13 06:16:34] [INFO] Repository path: /root/repo
[2026-01-13 06:16:34] [INFO] Proof generation completed
[2026-01-13 06:16:34] [INFO] Generated proof:
[2026-01-13 06:16:34] [INFO] omega
[2026-01-13 06:16:34] [INFO] Proof length: 5 chars
[2026-01-13 06:16:34] [INFO] Starting proof verification...
[2026-01-13 06:16:34] [INFO] Verifying at: Clean/Utils/Test/TestCircuitProofStart.lean:86
[2026-01-13 06:16:34] [INFO] Using LEAN INTERACT verify
[2026-01-13 06:16:34] [INFO] Checking file
[2026-01-13 06:16:37] [INFO] Cannot build modified file <error line="86" column="2">
<code_line>  omega</code_line>
<message>error: omega could not prove the goal:</message>
</error>
No usable constraints found. You may need to unfold definitions so `omega` can see linear arithmetic facts about `Nat` and `Int`, which may also involve multiplication, division, and modular remainder by constants.
[2026-01-13 06:16:37] [INFO] Proof verification completed
[2026-01-13 06:16:37] [INFO] Strategy omega attempt 1: verified=False
[2026-01-13 06:16:37] [INFO] Verification message: Cannot build modified file: <error line="86" column="2">
<code_line>  omega</code_line>
<message>error: omega could not prove the goal:</message>
</error>
No usable constraints found. You may need to unfold definitions so `omega` can see linear arithmetic facts about `Nat` and `Int`, which may also involve multiplication, division, and modular remainder by constants.

[2026-01-13 06:16:37] [INFO] Attempt 1 failed verification, continuing...
[2026-01-13 06:16:37] [INFO] ========================================
[2026-01-13 06:16:37] [INFO] Trying strategy: linarith (up to 1 attempts)
[2026-01-13 06:16:37] [INFO] --------------------
[2026-01-13 06:16:37] [INFO] Strategy linarith, attempt 1/1
[2026-01-13 06:16:37] [INFO] Starting proof generation...
[2026-01-13 06:16:37] [INFO] Repository path: /root/repo
[2026-01-13 06:16:37] [INFO] Proof generation completed
[2026-01-13 06:16:37] [INFO] Generated proof:
[2026-01-13 06:16:37] [INFO] linarith
[2026-01-13 06:16:37] [INFO] Proof length: 8 chars
[2026-01-13 06:16:37] [INFO] Starting proof verification...
[2026-01-13 06:16:37] [INFO] Verifying at: Clean/Utils/Test/TestCircuitProofStart.lean:86
[2026-01-13 06:16:37] [INFO] Using LEAN INTERACT verify
[2026-01-13 06:16:37] [INFO] Checking file
[2026-01-13 06:16:40] [INFO] Cannot build modified file <error line="86" column="2">
<code_line>  linarith</code_line>
<message>error: linarith failed to find a contradiction</message>
</error>
F : Type
inst✝² : Field F
Input Output : TypeMap
inst✝¹ : ProvableType Input
inst✝ : ProvableType Output
circuit : ElaboratedCircuit F Input Output
Assumptions : Input F → Prop
Spec : Input F → Output F → Prop
i₀ : ℕ
env : Environment F
input_var : Var Input F
input : Input F
h_input : eval env input_var = input
h_assumptions : Assumptions input
h_holds : ConstraintsHold.Soundness env (ElaboratedCircuit.main input_var i₀).2
this✝⁵ : ℕ
this✝⁴ : Environment F
this✝³ : Input (Expression F)
this✝² : Input F
this✝¹ : eval env input_var = input
this✝ : Assumptions input
this : ConstraintsHold.Soundness env (ElaboratedCircuit.main input_var i₀).2
⊢ False
failed
[2026-01-13 06:16:40] [INFO] Proof verification completed
[2026-01-13 06:16:40] [INFO] Strategy linarith attempt 1: verified=False
[2026-01-13 06:16:40] [INFO] Verification message: Cannot build modified file: <error line="86" column="2">
<code_line>  linarith</code_line>
<message>error: linarith failed to find a contradiction</message>
</error>
F : Type
inst✝² : Field F
Input Output : TypeMap
inst✝¹ : ProvableType Input
inst✝ : ProvableType Output
circuit : ElaboratedCircuit F Input Output
Assumptions : Input F → Prop
Spec : Input F → Output F → Prop
i₀ : ℕ
env : Environment F
input_var : Var Input F
input : Input F
h_input : eval env input_var = input
h_assumptions : Assumptions input
h_holds : ConstraintsHold.Soundness env (ElaboratedCircuit.main input_var i₀).2
this✝⁵ : ℕ
this✝⁴ : Environment F
this✝³ : Input (Expression F)
this✝² : Input F
this✝¹ : eval env input_var = input
this✝ : Assumptions input
this : ConstraintsHold.Soundness env (ElaboratedCircuit.main input_var i₀).2
⊢ False
failed

[2026-01-13 06:16:40] [INFO] Attempt 1 failed verification, continuing...
[2026-01-13 06:16:40] [INFO] ========================================
[2026-01-13 06:16:40] [INFO] Trying strategy: nlinarith (up to 1 attempts)
[2026-01-13 06:16:40] [INFO] --------------------
[2026-01-13 06:16:40] [INFO] Strategy nlinarith, attempt 1/1
[2026-01-13 06:16:40] [INFO] Starting proof generation...
[2026-01-13 06:16:40] [INFO] Repository path: /root/repo
[2026-01-13 06:16:40] [INFO] Proof generation completed
[2026-01-13 06:16:40] [INFO] Generated proof:
[2026-01-13 06:16:40] [INFO] nlinarith
[2026-01-13 06:16:40] [INFO] Proof length: 9 chars
[2026-01-13 06:16:40] [INFO] Starting proof verification...
[2026-01-13 06:16:40] [INFO] Verifying at: Clean/Utils/Test/TestCircuitProofStart.lean:86
[2026-01-13 06:16:40] [INFO] Using LEAN INTERACT verify
[2026-01-13 06:16:40] [INFO] Checking file
[2026-01-13 06:16:43] [INFO] Cannot build modified file <error line="86" column="2">
<code_line>  nlinarith</code_line>
<message>error: linarith failed to find a contradiction</message>
</error>
F : Type
inst✝² : Field F
Input Output : TypeMap
inst✝¹ : ProvableType Input
inst✝ : ProvableType Output
circuit : ElaboratedCircuit F Input Output
Assumptions : Input F → Prop
Spec : Input F → Output F → Prop
i₀ : ℕ
env : Environment F
input_var : Var Input F
input : Input F
h_input : eval env input_var = input
h_assumptions : Assumptions input
h_holds : ConstraintsHold.Soundness env (ElaboratedCircuit.main input_var i₀).2
this✝⁵ : ℕ
this✝⁴ : Environment F
this✝³ : Input (Expression F)
this✝² : Input F
this✝¹ : eval env input_var = input
this✝ : Assumptions input
this : ConstraintsHold.Soundness env (ElaboratedCircuit.main input_var i₀).2
⊢ False
failed
[2026-01-13 06:16:43] [INFO] Proof verification completed
[2026-01-13 06:16:43] [INFO] Strategy nlinarith attempt 1: verified=False
[2026-01-13 06:16:43] [INFO] Verification message: Cannot build modified file: <error line="86" column="2">
<code_line>  nlinarith</code_line>
<message>error: linarith failed to find a contradiction</message>
</error>
F : Type
inst✝² : Field F
Input Output : TypeMap
inst✝¹ : ProvableType Input
inst✝ : ProvableType Output
circuit : ElaboratedCircuit F Input Output
Assumptions : Input F → Prop
Spec : Input F → Output F → Prop
i₀ : ℕ
env : Environment F
input_var : Var Input F
input : Input F
h_input : eval env input_var = input
h_assumptions : Assumptions input
h_holds : ConstraintsHold.Soundness env (ElaboratedCircuit.main input_var i₀).2
this✝⁵ : ℕ
this✝⁴ : Environment F
this✝³ : Input (Expression F)
this✝² : Input F
this✝¹ : eval env input_var = input
this✝ : Assumptions input
this : ConstraintsHold.Soundness env (ElaboratedCircuit.main input_var i₀).2
⊢ False
failed

[2026-01-13 06:16:43] [INFO] Attempt 1 failed verification, continuing...
[2026-01-13 06:16:43] [INFO] ========================================
[2026-01-13 06:16:43] [INFO] Trying strategy: aesop (up to 1 attempts)
[2026-01-13 06:16:43] [INFO] --------------------
[2026-01-13 06:16:43] [INFO] Strategy aesop, attempt 1/1
[2026-01-13 06:16:43] [INFO] Starting proof generation...
[2026-01-13 06:16:43] [INFO] Repository path: /root/repo
[2026-01-13 06:16:43] [INFO] Proof generation completed
[2026-01-13 06:16:43] [INFO] Generated proof:
[2026-01-13 06:16:43] [INFO] aesop
[2026-01-13 06:16:43] [INFO] Proof length: 5 chars
[2026-01-13 06:16:43] [INFO] Starting proof verification...
[2026-01-13 06:16:43] [INFO] Verifying at: Clean/Utils/Test/TestCircuitProofStart.lean:86
[2026-01-13 06:16:43] [INFO] Using LEAN INTERACT verify
[2026-01-13 06:16:43] [INFO] Checking file
[2026-01-13 06:16:46] [INFO] Cannot build modified file <error line="75" column="44">
<code_line>    Soundness F circuit Assumptions Spec := by</code_line>
<message>error: unsolved goals</message>
</error>
F : Type
inst : Field F
Input Output : TypeMap
inst_1 : ProvableType Input
inst_2 : ProvableType Output
circuit : ElaboratedCircuit F Input Output
Assumptions : Input F → Prop
Spec : Input F → Output F → Prop
i₀ : ℕ
env : Environment F
input_var : Var Input F
this_1 : ℕ
this_2 : Environment F
this_3 : Input (Expression F)
this_4 : Input F
this : ConstraintsHold.Soundness env (ElaboratedCircuit.main input_var i₀).2
this_6 : Assumptions (eval env input_var)
⊢ Spec (eval env input_var) (eval env (ElaboratedCircuit.output input_var i₀))
[2026-01-13 06:16:46] [INFO] Proof verification completed
[2026-01-13 06:16:46] [INFO] Strategy aesop attempt 1: verified=False
[2026-01-13 06:16:46] [INFO] Verification message: Cannot build modified file: <error line="75" column="44">
<code_line>    Soundness F circuit Assumptions Spec := by</code_line>
<message>error: unsolved goals</message>
</error>
F : Type
inst : Field F
Input Output : TypeMap
inst_1 : ProvableType Input
inst_2 : ProvableType Output
circuit : ElaboratedCircuit F Input Output
Assumptions : Input F → Prop
Spec : Input F → Output F → Prop
i₀ : ℕ
env : Environment F
input_var : Var Input F
this_1 : ℕ
this_2 : Environment F
this_3 : Input (Expression F)
this_4 : Input F
this : ConstraintsHold.Soundness env (ElaboratedCircuit.main input_var i₀).2
this_6 : Assumptions (eval env input_var)
⊢ Spec (eval env input_var) (eval env (ElaboratedCircuit.output input_var i₀))

[2026-01-13 06:16:46] [INFO] Attempt 1 failed verification, continuing...
[2026-01-13 06:16:46] [INFO] ========================================
[2026-01-13 06:16:46] [INFO] Pass@k completed. Total results: 1
[2026-01-13 06:16:46] [INFO] FAILED: All 11 strategies x 1 attempts
[2026-01-13 06:16:46] [INFO] Writing results to file: /root/repo/result.json
[2026-01-13 06:16:46] [INFO] Result file written successfully
[2026-01-13 06:16:46] [INFO] Results exported to: /root/repo/result.json
[2026-01-13 06:16:46] [INFO] run_morphcloud_local.py completed successfully

[2026-01-13 06:16:47] [process_single_sorry] Downloading result file...
[2026-01-13 06:16:48] [process_single_sorry] Downloaded result to intermediate_experiment_outputs_full_reservoir_3_months/multi_tactic/2026-01-13_01-27-45_multi_tactic/individual/8e09fb8c42cb83dd59eb4dd714081484620aa618af607cc4da008764ad2a0536.json
[2026-01-13 06:16:50] [process_single_sorry] Instance context closed successfully
[2026-01-13 06:16:50] [process_single_sorry] Parsing result file...
[2026-01-13 06:16:50] [process_single_sorry] Successfully parsed result (list format, 1 results)
