[2026-01-13 05:30:18] [process_single_sorry] Starting for sorry 902e699746fa16082ff6bede94130834cc8c8f9b2d42f496487c4920fa3ea4df
[2026-01-13 05:30:18] [process_single_sorry] Using snapshot: snapshot_i0qan33f
[2026-01-13 05:30:18] [process_single_sorry] Repository: https://github.com/mo271/FormalBook@865934361ca7005e0a874efb39f5809117052e85
[2026-01-13 05:30:18] [process_single_sorry] Instance name: FormalBook_865934361ca7_multi_tactic_902e699746fa16082ff6bede94130834cc8c8f9b2d42f496487c4920fa3ea4df
[2026-01-13 05:30:18] [process_single_sorry] Starting attempt 1/3
[2026-01-13 05:30:18] [process_single_sorry] Starting instance from snapshot...
[2026-01-13 05:30:19] [process_single_sorry] Instance started successfully: morphvm_x5h0m8ox
[2026-01-13 05:30:19] [process_single_sorry] Creating .env file...
[2026-01-13 05:30:22] [process_single_sorry] .env file created (exit_code: 0)
[2026-01-13 05:30:22] [process_single_sorry] Executing agent command...
[2026-01-13 05:33:07] [process_single_sorry] Agent command completed (exit_code: 0)
[2026-01-13 05:33:07] [process_single_sorry] STDOUT:

Results JSON:
[
  {
    "sorry": {
      "repo": {
        "remote": "https://github.com/mo271/FormalBook",
        "branch": "main",
        "commit": "865934361ca7005e0a874efb39f5809117052e85",
        "lean_version": "v4.27.0-rc1"
      },
      "location": {
        "path": "FormalBook/Chapter_04.lean",
        "start_line": 53,
        "start_column": 6,
        "end_line": 53,
        "end_column": 11
      },
      "debug_info": {
        "goal": "case right.right\np : ℕ\nh : Fact (Nat.Prime p)\n⊢ ∃ m, p = 4 * m + 1 → {s | s ^ 2 = -1}.card = 0",
        "url": "https://github.com/mo271/FormalBook/blob/865934361ca7005e0a874efb39f5809117052e85/FormalBook/Chapter_04.lean#L53"
      },
      "metadata": {
        "blame_email_hash": "ef3bc37f67e8",
        "blame_date": "2024-10-20T20:48:44+02:00",
        "inclusion_date": "2026-01-10T23:51:38.906486+00:00"
      },
      "id": "902e699746fa16082ff6bede94130834cc8c8f9b2d42f496487c4920fa3ea4df"
    },
    "proof": null,
    "proof_verified": false,
    "feedback": null,
    "verification_message": "All 11 attempts failed (11 strategies x 1 attempts each)",
    "success": true,
    "error_type": null,
    "error_message": null,
    "strategy_name": "all_failed_k=1",
    "proof_attempts": [
      "rfl",
      "simp",
      "simp_all",
      "exact?",
      "grind",
      "ring",
      "norm_num",
      "omega",
      "linarith",
      "nlinarith",
      "aesop"
    ]
  }
]

[2026-01-13 05:33:07] [process_single_sorry] STDERR:
None of PyTorch, TensorFlow >= 2.0, or Flax have been found. Models won't be available and only tokenizers, configuration and file/data utilities can be used.
[2026-01-13 05:30:35] [INFO] ================================================================================
[2026-01-13 05:30:35] [INFO] Starting run_morphcloud_local.py
[2026-01-13 05:30:35] [INFO] ================================================================================
[2026-01-13 05:30:35] [INFO] Environment loaded
[2026-01-13 05:30:35] [INFO] Full command: /root/SorryDB/sorrydb/cli/run_morphcloud_local.py --repo-path /root/repo --sorry-json {"repo": {"remote": "https://github.com/mo271/FormalBook", "branch": "main", "commit": "865934361ca7005e0a874efb39f5809117052e85", "lean_version": "v4.27.0-rc1"}, "location": {"path": "FormalBook/Chapter_04.lean", "start_line": 53, "start_column": 6, "end_line": 53, "end_column": 11}, "debug_info": {"goal": "case right.right\np : \u2115\nh : Fact (Nat.Prime p)\n\u22a2 \u2203 m, p = 4 * m + 1 \u2192 {s | s ^ 2 = -1}.card = 0", "url": "https://github.com/mo271/FormalBook/blob/865934361ca7005e0a874efb39f5809117052e85/FormalBook/Chapter_04.lean#L53"}, "metadata": {"blame_email_hash": "ef3bc37f67e8", "blame_date": "2024-10-20T20:48:44+02:00", "inclusion_date": "2026-01-10T23:51:38.906486+00:00"}, "id": "902e699746fa16082ff6bede94130834cc8c8f9b2d42f496487c4920fa3ea4df"} --agent-strategy {"name": "multi_tactic", "args": {}}
[2026-01-13 05:30:35] [INFO] Arguments parsed: repo_path=/root/repo, output_path=/root/repo/result.json
[2026-01-13 05:30:35] [INFO] Strategy spec: {"name": "multi_tactic", "args": {}}...
[2026-01-13 05:30:35] [INFO] Loading sorry data...
[2026-01-13 05:30:35] [INFO] Parsing sorry from JSON string...
[2026-01-13 05:30:35] [INFO] Sorry data parsed from JSON string
[2026-01-13 05:30:35] [INFO] Creating strategy from spec...
[2026-01-13 05:30:35] [INFO] Parsing strategy spec (length: 36 chars)
[2026-01-13 05:30:35] [INFO] Strategy name: multi_tactic
[2026-01-13 05:30:35] [INFO] Strategy args: {}
[2026-01-13 05:30:35] [INFO] Pass@k value: 1
[2026-01-13 05:30:35] [INFO] Creating strategy: multi_tactic
[2026-01-13 05:30:35] [INFO] Creating multi_tactic strategy with tactics: ['rfl', 'simp', 'simp_all', 'exact?', 'grind', 'ring', 'norm_num', 'omega', 'linarith', 'nlinarith', 'aesop']
[2026-01-13 05:30:35] [INFO] Strategies created: ['rfl', 'simp', 'simp_all', 'exact?', 'grind', 'ring', 'norm_num', 'omega', 'linarith', 'nlinarith', 'aesop']
[2026-01-13 05:30:35] [INFO] Pass@k value: 1
[2026-01-13 05:30:35] [INFO] Creating Sorry object...
[2026-01-13 05:30:35] [INFO] Sorry object created: id=902e699746fa16082ff6bede94130834cc8c8f9b2d42f496487c4920fa3ea4df
[2026-01-13 05:30:35] [INFO] Sorry location: FormalBook/Chapter_04.lean:53
[2026-01-13 05:30:35] [INFO] Context before sorry (lines 48-53):
[2026-01-13 05:30:35] [INFO]   48:   · sorry
[2026-01-13 05:30:35] [INFO]   49:   · constructor
[2026-01-13 05:30:35] [INFO]   50:     · intro hp
[2026-01-13 05:30:35] [INFO]   51:       -- TODO: figure out how to easily write `use 1` here to follow more closely the book
[2026-01-13 05:30:35] [INFO]   52:       aesop
[2026-01-13 05:30:35] [INFO]   53:     · sorry
[2026-01-13 05:30:35] [INFO] Sorry line:     · sorry
[2026-01-13 05:30:35] [INFO] Sorry goal: case right.right
p : ℕ
h : Fact (Nat.Prime p)
⊢ ∃ m, p = 4 * m + 1 → {s | s ^ 2 = -1}.card = 0...
[2026-01-13 05:30:35] [INFO] ========================================
[2026-01-13 05:30:35] [INFO] Trying strategy: rfl (up to 1 attempts)
[2026-01-13 05:30:35] [INFO] --------------------
[2026-01-13 05:30:35] [INFO] Strategy rfl, attempt 1/1
[2026-01-13 05:30:35] [INFO] Starting proof generation...
[2026-01-13 05:30:35] [INFO] Repository path: /root/repo
[2026-01-13 05:30:35] [INFO] Proof generation completed
[2026-01-13 05:30:35] [INFO] Generated proof:
[2026-01-13 05:30:35] [INFO] rfl
[2026-01-13 05:30:35] [INFO] Proof length: 3 chars
[2026-01-13 05:30:35] [INFO] Starting proof verification...
[2026-01-13 05:30:35] [INFO] Verifying at: FormalBook/Chapter_04.lean:53
[2026-01-13 05:30:35] [INFO] Using LEAN INTERACT verify
[2026-01-13 05:30:35] [INFO] Checking file
[2026-01-13 05:31:01] [INFO] Cannot build modified file <error line="53" column="6">
<code_line>    · rfl</code_line>
<message>error: Tactic `rfl` failed: The left-hand side</message>
</error>
  ℕ
is not definitionally equal to the right-hand side
  fun m => p = 4 * m + 1 → {s | s ^ 2 = -1}.card = 0

case right.right
p : ℕ
h : Fact (Nat.Prime p)
⊢ ∃ m, p = 4 * m + 1 → {s | s ^ 2 = -1}.card = 0
  Prod.mk.injEq

Hint: Omit it from the simp argument list.
  simp only [secondInvo, secondInvo_fun, sub_sub_cancel, id_eq, Subtype.mk.injEq, P̵r̵o̵d̵.̵m̵k̵.̵i̵n̵j̵E̵q̵,̵
  ̵ ̵ ̵ ̵ ̵and_true]

Note: This linter can be disabled with `set_option linter.unusedSimpArgs false`
  and_true

Hint: Omit it from the simp argument list.
  simp only [secondInvo, secondInvo_fun, sub_sub_cancel, id_eq, Subtype.mk.injEq, Prod.mk.injEq,̵
  ̵ ̵ ̵ ̵ ̵a̵n̵d̵_̵t̵r̵u̵e̵]

Note: This linter can be disabled with `set_option linter.unusedSimpArgs false`
  Subtype.mk.injEq

Hint: Omit it from the simp argument list.
  simp only [ ̵S̵u̵b̵t̵y̵p̵e̵.̵m̵k̵.̵i̵n̵j̵E̵q̵,̵ ̵Prod.mk.injEq, true_and] at hf

Note: This linter can be disabled with `set_option linter.unusedSimpArgs false`
  Prod.mk.injEq

Hint: Omit it from the simp argument list.
  simp only [̵ ̵S̵u̵b̵t̵y̵p̵e̵.̵m̵k̵.̵i̵n̵j̵E̵q̵,̵ ̵P̵r̵o̵d̵.̵m̵k̵.̵i̵n̵j̵E̵q̵,̵[̲S̲u̲b̲t̲y̲p̲e̲.̲m̲k̲.̲i̲n̲j̲E̲q̲,̲ true_and] at hf

Note: This linter can be disabled with `set_option linter.unusedSimpArgs false`
  true_and

Hint: Omit it from the simp argument list.
  simp only [̵ ̵S̵u̵b̵t̵y̵p̵e̵.̵m̵k̵.̵i̵n̵j̵E̵q̵,̵ ̵P̵r̵o̵d̵.̵m̵k̵.̵i̵n̵j̵E̵q̵,̵ ̵t̵r̵u̵e̵_̵a̵n̵d̵]̵[̲S̲u̲b̲t̲y̲p̲e̲.̲m̲k̲.̲i̲n̲j̲E̲q̲,̲ ̲P̲r̲o̲d̲.̲m̲k̲.̲i̲n̲j̲E̲q̲]̲ at hf

Note: This linter can be disabled with `set_option linter.unusedSimpArgs false`
(2, 5, 6)
[2026-01-13 05:31:01] [INFO] Proof verification completed
[2026-01-13 05:31:01] [INFO] Strategy rfl attempt 1: verified=False
[2026-01-13 05:31:01] [INFO] Verification message: Cannot build modified file: <error line="53" column="6">
<code_line>    · rfl</code_line>
<message>error: Tactic `rfl` failed: The left-hand side</message>
</error>
  ℕ
is not definitionally equal to the right-hand side
  fun m => p = 4 * m + 1 → {s | s ^ 2 = -1}.card = 0

case right.right
p : ℕ
h : Fact (Nat.Prime p)
⊢ ∃ m, p = 4 * m + 1 → {s | s ^ 2 = -1}.card = 0
  Prod.mk.injEq

Hint: Omit it from the simp argument list.
  simp only [secondInvo, secondInvo_fun, sub_sub_cancel, id_eq, Subtype.mk.injEq, P̵r̵o̵d̵.̵m̵k̵.̵i̵n̵j̵E̵q̵,̵
  ̵ ̵ ̵ ̵ ̵and_true]

Note: This linter can be disabled with `set_option linter.unusedSimpArgs false`
  and_true

Hint: Omit it from the simp argument list.
  simp only [secondInvo, secondInvo_fun, sub_sub_cancel, id_eq, Subtype.mk.injEq, Prod.mk.injEq,̵
  ̵ ̵ ̵ ̵ ̵a̵n̵d̵_̵t̵r̵u̵e̵]

Note: This linter can be disabled with `set_option linter.unusedSimpArgs false`
  Subtype.mk.injEq

Hint: Omit it from the simp argument list.
  simp only [ ̵S̵u̵b̵t̵y̵p̵e̵.̵m̵k̵.̵i̵n̵j̵E̵q̵,̵ ̵Prod.mk.injEq, true_and] at hf

Note: This linter can be disabled with `set_option linter.unusedSimpArgs false`
  Prod.mk.injEq

Hint: Omit it from the simp argument list.
  simp only [̵ ̵S̵u̵b̵t̵y̵p̵e̵.̵m̵k̵.̵i̵n̵j̵E̵q̵,̵ ̵P̵r̵o̵d̵.̵m̵k̵.̵i̵n̵j̵E̵q̵,̵[̲S̲u̲b̲t̲y̲p̲e̲.̲m̲k̲.̲i̲n̲j̲E̲q̲,̲ true_and] at hf

Note: This linter can be disabled with `set_option linter.unusedSimpArgs false`
  true_and

Hint: Omit it from the simp argument list.
  simp only [̵ ̵S̵u̵b̵t̵y̵p̵e̵.̵m̵k̵.̵i̵n̵j̵E̵q̵,̵ ̵P̵r̵o̵d̵.̵m̵k̵.̵i̵n̵j̵E̵q̵,̵ ̵t̵r̵u̵e̵_̵a̵n̵d̵]̵[̲S̲u̲b̲t̲y̲p̲e̲.̲m̲k̲.̲i̲n̲j̲E̲q̲,̲ ̲P̲r̲o̲d̲.̲m̲k̲.̲i̲n̲j̲E̲q̲]̲ at hf

Note: This linter can be disabled with `set_option linter.unusedSimpArgs false`
(2, 5, 6)

[2026-01-13 05:31:01] [INFO] Attempt 1 failed verification, continuing...
[2026-01-13 05:31:01] [INFO] ========================================
[2026-01-13 05:31:01] [INFO] Trying strategy: simp (up to 1 attempts)
[2026-01-13 05:31:01] [INFO] --------------------
[2026-01-13 05:31:01] [INFO] Strategy simp, attempt 1/1
[2026-01-13 05:31:01] [INFO] Starting proof generation...
[2026-01-13 05:31:01] [INFO] Repository path: /root/repo
[2026-01-13 05:31:01] [INFO] Proof generation completed
[2026-01-13 05:31:01] [INFO] Generated proof:
[2026-01-13 05:31:01] [INFO] simp
[2026-01-13 05:31:01] [INFO] Proof length: 4 chars
[2026-01-13 05:31:01] [INFO] Starting proof verification...
[2026-01-13 05:31:01] [INFO] Verifying at: FormalBook/Chapter_04.lean:53
[2026-01-13 05:31:01] [INFO] Using LEAN INTERACT verify
[2026-01-13 05:31:01] [INFO] Checking file
[2026-01-13 05:31:13] [INFO] Cannot build modified file <error line="53" column="4">
<code_line>    · simp</code_line>
<message>error: unsolved goals</message>
</error>
case right.right
p : ℕ
h : Fact (Nat.Prime p)
⊢ ∃ m, p = 4 * m + 1 → ∀ ⦃x : ZMod p⦄, ¬x ^ 2 = -1
  Prod.mk.injEq

Hint: Omit it from the simp argument list.
  simp only [secondInvo, secondInvo_fun, sub_sub_cancel, id_eq, Subtype.mk.injEq, P̵r̵o̵d̵.̵m̵k̵.̵i̵n̵j̵E̵q̵,̵
  ̵ ̵ ̵ ̵ ̵and_true]

Note: This linter can be disabled with `set_option linter.unusedSimpArgs false`
  and_true

Hint: Omit it from the simp argument list.
  simp only [secondInvo, secondInvo_fun, sub_sub_cancel, id_eq, Subtype.mk.injEq, Prod.mk.injEq,̵
  ̵ ̵ ̵ ̵ ̵a̵n̵d̵_̵t̵r̵u̵e̵]

Note: This linter can be disabled with `set_option linter.unusedSimpArgs false`
  Subtype.mk.injEq

Hint: Omit it from the simp argument list.
  simp only [ ̵S̵u̵b̵t̵y̵p̵e̵.̵m̵k̵.̵i̵n̵j̵E̵q̵,̵ ̵Prod.mk.injEq, true_and] at hf

Note: This linter can be disabled with `set_option linter.unusedSimpArgs false`
  Prod.mk.injEq

Hint: Omit it from the simp argument list.
  simp only [̵ ̵S̵u̵b̵t̵y̵p̵e̵.̵m̵k̵.̵i̵n̵j̵E̵q̵,̵ ̵P̵r̵o̵d̵.̵m̵k̵.̵i̵n̵j̵E̵q̵,̵[̲S̲u̲b̲t̲y̲p̲e̲.̲m̲k̲.̲i̲n̲j̲E̲q̲,̲ true_and] at hf

Note: This linter can be disabled with `set_option linter.unusedSimpArgs false`
  true_and

Hint: Omit it from the simp argument list.
  simp only [̵ ̵S̵u̵b̵t̵y̵p̵e̵.̵m̵k̵.̵i̵n̵j̵E̵q̵,̵ ̵P̵r̵o̵d̵.̵m̵k̵.̵i̵n̵j̵E̵q̵,̵ ̵t̵r̵u̵e̵_̵a̵n̵d̵]̵[̲S̲u̲b̲t̲y̲p̲e̲.̲m̲k̲.̲i̲n̲j̲E̲q̲,̲ ̲P̲r̲o̲d̲.̲m̲k̲.̲i̲n̲j̲E̲q̲]̲ at hf

Note: This linter can be disabled with `set_option linter.unusedSimpArgs false`
(2, 5, 6)
[2026-01-13 05:31:13] [INFO] Proof verification completed
[2026-01-13 05:31:13] [INFO] Strategy simp attempt 1: verified=False
[2026-01-13 05:31:13] [INFO] Verification message: Cannot build modified file: <error line="53" column="4">
<code_line>    · simp</code_line>
<message>error: unsolved goals</message>
</error>
case right.right
p : ℕ
h : Fact (Nat.Prime p)
⊢ ∃ m, p = 4 * m + 1 → ∀ ⦃x : ZMod p⦄, ¬x ^ 2 = -1
  Prod.mk.injEq

Hint: Omit it from the simp argument list.
  simp only [secondInvo, secondInvo_fun, sub_sub_cancel, id_eq, Subtype.mk.injEq, P̵r̵o̵d̵.̵m̵k̵.̵i̵n̵j̵E̵q̵,̵
  ̵ ̵ ̵ ̵ ̵and_true]

Note: This linter can be disabled with `set_option linter.unusedSimpArgs false`
  and_true

Hint: Omit it from the simp argument list.
  simp only [secondInvo, secondInvo_fun, sub_sub_cancel, id_eq, Subtype.mk.injEq, Prod.mk.injEq,̵
  ̵ ̵ ̵ ̵ ̵a̵n̵d̵_̵t̵r̵u̵e̵]

Note: This linter can be disabled with `set_option linter.unusedSimpArgs false`
  Subtype.mk.injEq

Hint: Omit it from the simp argument list.
  simp only [ ̵S̵u̵b̵t̵y̵p̵e̵.̵m̵k̵.̵i̵n̵j̵E̵q̵,̵ ̵Prod.mk.injEq, true_and] at hf

Note: This linter can be disabled with `set_option linter.unusedSimpArgs false`
  Prod.mk.injEq

Hint: Omit it from the simp argument list.
  simp only [̵ ̵S̵u̵b̵t̵y̵p̵e̵.̵m̵k̵.̵i̵n̵j̵E̵q̵,̵ ̵P̵r̵o̵d̵.̵m̵k̵.̵i̵n̵j̵E̵q̵,̵[̲S̲u̲b̲t̲y̲p̲e̲.̲m̲k̲.̲i̲n̲j̲E̲q̲,̲ true_and] at hf

Note: This linter can be disabled with `set_option linter.unusedSimpArgs false`
  true_and

Hint: Omit it from the simp argument list.
  simp only [̵ ̵S̵u̵b̵t̵y̵p̵e̵.̵m̵k̵.̵i̵n̵j̵E̵q̵,̵ ̵P̵r̵o̵d̵.̵m̵k̵.̵i̵n̵j̵E̵q̵,̵ ̵t̵r̵u̵e̵_̵a̵n̵d̵]̵[̲S̲u̲b̲t̲y̲p̲e̲.̲m̲k̲.̲i̲n̲j̲E̲q̲,̲ ̲P̲r̲o̲d̲.̲m̲k̲.̲i̲n̲j̲E̲q̲]̲ at hf

Note: This linter can be disabled with `set_option linter.unusedSimpArgs false`
(2, 5, 6)

[2026-01-13 05:31:13] [INFO] Attempt 1 failed verification, continuing...
[2026-01-13 05:31:13] [INFO] ========================================
[2026-01-13 05:31:13] [INFO] Trying strategy: simp_all (up to 1 attempts)
[2026-01-13 05:31:13] [INFO] --------------------
[2026-01-13 05:31:13] [INFO] Strategy simp_all, attempt 1/1
[2026-01-13 05:31:13] [INFO] Starting proof generation...
[2026-01-13 05:31:13] [INFO] Repository path: /root/repo
[2026-01-13 05:31:13] [INFO] Proof generation completed
[2026-01-13 05:31:13] [INFO] Generated proof:
[2026-01-13 05:31:13] [INFO] simp_all
[2026-01-13 05:31:13] [INFO] Proof length: 8 chars
[2026-01-13 05:31:13] [INFO] Starting proof verification...
[2026-01-13 05:31:13] [INFO] Verifying at: FormalBook/Chapter_04.lean:53
[2026-01-13 05:31:13] [INFO] Using LEAN INTERACT verify
[2026-01-13 05:31:13] [INFO] Checking file
[2026-01-13 05:31:25] [INFO] Cannot build modified file <error line="53" column="4">
<code_line>    · simp_all</code_line>
<message>error: unsolved goals</message>
</error>
case right.right
p : ℕ
h : Fact (Nat.Prime p)
⊢ ∃ m, p = 4 * m + 1 → ∀ ⦃x : ZMod p⦄, ¬x ^ 2 = -1
  Prod.mk.injEq

Hint: Omit it from the simp argument list.
  simp only [secondInvo, secondInvo_fun, sub_sub_cancel, id_eq, Subtype.mk.injEq, P̵r̵o̵d̵.̵m̵k̵.̵i̵n̵j̵E̵q̵,̵
  ̵ ̵ ̵ ̵ ̵and_true]

Note: This linter can be disabled with `set_option linter.unusedSimpArgs false`
  and_true

Hint: Omit it from the simp argument list.
  simp only [secondInvo, secondInvo_fun, sub_sub_cancel, id_eq, Subtype.mk.injEq, Prod.mk.injEq,̵
  ̵ ̵ ̵ ̵ ̵a̵n̵d̵_̵t̵r̵u̵e̵]

Note: This linter can be disabled with `set_option linter.unusedSimpArgs false`
  Subtype.mk.injEq

Hint: Omit it from the simp argument list.
  simp only [ ̵S̵u̵b̵t̵y̵p̵e̵.̵m̵k̵.̵i̵n̵j̵E̵q̵,̵ ̵Prod.mk.injEq, true_and] at hf

Note: This linter can be disabled with `set_option linter.unusedSimpArgs false`
  Prod.mk.injEq

Hint: Omit it from the simp argument list.
  simp only [̵ ̵S̵u̵b̵t̵y̵p̵e̵.̵m̵k̵.̵i̵n̵j̵E̵q̵,̵ ̵P̵r̵o̵d̵.̵m̵k̵.̵i̵n̵j̵E̵q̵,̵[̲S̲u̲b̲t̲y̲p̲e̲.̲m̲k̲.̲i̲n̲j̲E̲q̲,̲ true_and] at hf

Note: This linter can be disabled with `set_option linter.unusedSimpArgs false`
  true_and

Hint: Omit it from the simp argument list.
  simp only [̵ ̵S̵u̵b̵t̵y̵p̵e̵.̵m̵k̵.̵i̵n̵j̵E̵q̵,̵ ̵P̵r̵o̵d̵.̵m̵k̵.̵i̵n̵j̵E̵q̵,̵ ̵t̵r̵u̵e̵_̵a̵n̵d̵]̵[̲S̲u̲b̲t̲y̲p̲e̲.̲m̲k̲.̲i̲n̲j̲E̲q̲,̲ ̲P̲r̲o̲d̲.̲m̲k̲.̲i̲n̲j̲E̲q̲]̲ at hf

Note: This linter can be disabled with `set_option linter.unusedSimpArgs false`
(2, 5, 6)
[2026-01-13 05:31:25] [INFO] Proof verification completed
[2026-01-13 05:31:25] [INFO] Strategy simp_all attempt 1: verified=False
[2026-01-13 05:31:25] [INFO] Verification message: Cannot build modified file: <error line="53" column="4">
<code_line>    · simp_all</code_line>
<message>error: unsolved goals</message>
</error>
case right.right
p : ℕ
h : Fact (Nat.Prime p)
⊢ ∃ m, p = 4 * m + 1 → ∀ ⦃x : ZMod p⦄, ¬x ^ 2 = -1
  Prod.mk.injEq

Hint: Omit it from the simp argument list.
  simp only [secondInvo, secondInvo_fun, sub_sub_cancel, id_eq, Subtype.mk.injEq, P̵r̵o̵d̵.̵m̵k̵.̵i̵n̵j̵E̵q̵,̵
  ̵ ̵ ̵ ̵ ̵and_true]

Note: This linter can be disabled with `set_option linter.unusedSimpArgs false`
  and_true

Hint: Omit it from the simp argument list.
  simp only [secondInvo, secondInvo_fun, sub_sub_cancel, id_eq, Subtype.mk.injEq, Prod.mk.injEq,̵
  ̵ ̵ ̵ ̵ ̵a̵n̵d̵_̵t̵r̵u̵e̵]

Note: This linter can be disabled with `set_option linter.unusedSimpArgs false`
  Subtype.mk.injEq

Hint: Omit it from the simp argument list.
  simp only [ ̵S̵u̵b̵t̵y̵p̵e̵.̵m̵k̵.̵i̵n̵j̵E̵q̵,̵ ̵Prod.mk.injEq, true_and] at hf

Note: This linter can be disabled with `set_option linter.unusedSimpArgs false`
  Prod.mk.injEq

Hint: Omit it from the simp argument list.
  simp only [̵ ̵S̵u̵b̵t̵y̵p̵e̵.̵m̵k̵.̵i̵n̵j̵E̵q̵,̵ ̵P̵r̵o̵d̵.̵m̵k̵.̵i̵n̵j̵E̵q̵,̵[̲S̲u̲b̲t̲y̲p̲e̲.̲m̲k̲.̲i̲n̲j̲E̲q̲,̲ true_and] at hf

Note: This linter can be disabled with `set_option linter.unusedSimpArgs false`
  true_and

Hint: Omit it from the simp argument list.
  simp only [̵ ̵S̵u̵b̵t̵y̵p̵e̵.̵m̵k̵.̵i̵n̵j̵E̵q̵,̵ ̵P̵r̵o̵d̵.̵m̵k̵.̵i̵n̵j̵E̵q̵,̵ ̵t̵r̵u̵e̵_̵a̵n̵d̵]̵[̲S̲u̲b̲t̲y̲p̲e̲.̲m̲k̲.̲i̲n̲j̲E̲q̲,̲ ̲P̲r̲o̲d̲.̲m̲k̲.̲i̲n̲j̲E̲q̲]̲ at hf

Note: This linter can be disabled with `set_option linter.unusedSimpArgs false`
(2, 5, 6)

[2026-01-13 05:31:25] [INFO] Attempt 1 failed verification, continuing...
[2026-01-13 05:31:25] [INFO] ========================================
[2026-01-13 05:31:25] [INFO] Trying strategy: exact? (up to 1 attempts)
[2026-01-13 05:31:25] [INFO] --------------------
[2026-01-13 05:31:25] [INFO] Strategy exact?, attempt 1/1
[2026-01-13 05:31:25] [INFO] Starting proof generation...
[2026-01-13 05:31:25] [INFO] Repository path: /root/repo
[2026-01-13 05:31:25] [INFO] Proof generation completed
[2026-01-13 05:31:25] [INFO] Generated proof:
[2026-01-13 05:31:25] [INFO] exact?
[2026-01-13 05:31:25] [INFO] Proof length: 6 chars
[2026-01-13 05:31:25] [INFO] Starting proof verification...
[2026-01-13 05:31:25] [INFO] Verifying at: FormalBook/Chapter_04.lean:53
[2026-01-13 05:31:25] [INFO] Using LEAN INTERACT verify
[2026-01-13 05:31:25] [INFO] Checking file
[2026-01-13 05:31:45] [INFO] Cannot build modified file <error line="53" column="6">
<code_line>    · exact?</code_line>
<message>error: `exact?` could not close the goal. Try `apply?` to see partial suggestions.</message>
</error>
  Prod.mk.injEq

Hint: Omit it from the simp argument list.
  simp only [secondInvo, secondInvo_fun, sub_sub_cancel, id_eq, Subtype.mk.injEq, P̵r̵o̵d̵.̵m̵k̵.̵i̵n̵j̵E̵q̵,̵
  ̵ ̵ ̵ ̵ ̵and_true]

Note: This linter can be disabled with `set_option linter.unusedSimpArgs false`
  and_true

Hint: Omit it from the simp argument list.
  simp only [secondInvo, secondInvo_fun, sub_sub_cancel, id_eq, Subtype.mk.injEq, Prod.mk.injEq,̵
  ̵ ̵ ̵ ̵ ̵a̵n̵d̵_̵t̵r̵u̵e̵]

Note: This linter can be disabled with `set_option linter.unusedSimpArgs false`
  Subtype.mk.injEq

Hint: Omit it from the simp argument list.
  simp only [ ̵S̵u̵b̵t̵y̵p̵e̵.̵m̵k̵.̵i̵n̵j̵E̵q̵,̵ ̵Prod.mk.injEq, true_and] at hf

Note: This linter can be disabled with `set_option linter.unusedSimpArgs false`
  Prod.mk.injEq

Hint: Omit it from the simp argument list.
  simp only [̵ ̵S̵u̵b̵t̵y̵p̵e̵.̵m̵k̵.̵i̵n̵j̵E̵q̵,̵ ̵P̵r̵o̵d̵.̵m̵k̵.̵i̵n̵j̵E̵q̵,̵[̲S̲u̲b̲t̲y̲p̲e̲.̲m̲k̲.̲i̲n̲j̲E̲q̲,̲ true_and] at hf

Note: This linter can be disabled with `set_option linter.unusedSimpArgs false`
  true_and

Hint: Omit it from the simp argument list.
  simp only [̵ ̵S̵u̵b̵t̵y̵p̵e̵.̵m̵k̵.̵i̵n̵j̵E̵q̵,̵ ̵P̵r̵o̵d̵.̵m̵k̵.̵i̵n̵j̵E̵q̵,̵ ̵t̵r̵u̵e̵_̵a̵n̵d̵]̵[̲S̲u̲b̲t̲y̲p̲e̲.̲m̲k̲.̲i̲n̲j̲E̲q̲,̲ ̲P̲r̲o̲d̲.̲m̲k̲.̲i̲n̲j̲E̲q̲]̲ at hf

Note: This linter can be disabled with `set_option linter.unusedSimpArgs false`
(2, 5, 6)
[2026-01-13 05:31:45] [INFO] Proof verification completed
[2026-01-13 05:31:45] [INFO] Strategy exact? attempt 1: verified=False
[2026-01-13 05:31:45] [INFO] Verification message: Cannot build modified file: <error line="53" column="6">
<code_line>    · exact?</code_line>
<message>error: `exact?` could not close the goal. Try `apply?` to see partial suggestions.</message>
</error>
  Prod.mk.injEq

Hint: Omit it from the simp argument list.
  simp only [secondInvo, secondInvo_fun, sub_sub_cancel, id_eq, Subtype.mk.injEq, P̵r̵o̵d̵.̵m̵k̵.̵i̵n̵j̵E̵q̵,̵
  ̵ ̵ ̵ ̵ ̵and_true]

Note: This linter can be disabled with `set_option linter.unusedSimpArgs false`
  and_true

Hint: Omit it from the simp argument list.
  simp only [secondInvo, secondInvo_fun, sub_sub_cancel, id_eq, Subtype.mk.injEq, Prod.mk.injEq,̵
  ̵ ̵ ̵ ̵ ̵a̵n̵d̵_̵t̵r̵u̵e̵]

Note: This linter can be disabled with `set_option linter.unusedSimpArgs false`
  Subtype.mk.injEq

Hint: Omit it from the simp argument list.
  simp only [ ̵S̵u̵b̵t̵y̵p̵e̵.̵m̵k̵.̵i̵n̵j̵E̵q̵,̵ ̵Prod.mk.injEq, true_and] at hf

Note: This linter can be disabled with `set_option linter.unusedSimpArgs false`
  Prod.mk.injEq

Hint: Omit it from the simp argument list.
  simp only [̵ ̵S̵u̵b̵t̵y̵p̵e̵.̵m̵k̵.̵i̵n̵j̵E̵q̵,̵ ̵P̵r̵o̵d̵.̵m̵k̵.̵i̵n̵j̵E̵q̵,̵[̲S̲u̲b̲t̲y̲p̲e̲.̲m̲k̲.̲i̲n̲j̲E̲q̲,̲ true_and] at hf

Note: This linter can be disabled with `set_option linter.unusedSimpArgs false`
  true_and

Hint: Omit it from the simp argument list.
  simp only [̵ ̵S̵u̵b̵t̵y̵p̵e̵.̵m̵k̵.̵i̵n̵j̵E̵q̵,̵ ̵P̵r̵o̵d̵.̵m̵k̵.̵i̵n̵j̵E̵q̵,̵ ̵t̵r̵u̵e̵_̵a̵n̵d̵]̵[̲S̲u̲b̲t̲y̲p̲e̲.̲m̲k̲.̲i̲n̲j̲E̲q̲,̲ ̲P̲r̲o̲d̲.̲m̲k̲.̲i̲n̲j̲E̲q̲]̲ at hf

Note: This linter can be disabled with `set_option linter.unusedSimpArgs false`
(2, 5, 6)

[2026-01-13 05:31:45] [INFO] Attempt 1 failed verification, continuing...
[2026-01-13 05:31:45] [INFO] ========================================
[2026-01-13 05:31:45] [INFO] Trying strategy: grind (up to 1 attempts)
[2026-01-13 05:31:45] [INFO] --------------------
[2026-01-13 05:31:45] [INFO] Strategy grind, attempt 1/1
[2026-01-13 05:31:45] [INFO] Starting proof generation...
[2026-01-13 05:31:45] [INFO] Repository path: /root/repo
[2026-01-13 05:31:45] [INFO] Proof generation completed
[2026-01-13 05:31:45] [INFO] Generated proof:
[2026-01-13 05:31:45] [INFO] grind
[2026-01-13 05:31:45] [INFO] Proof length: 5 chars
[2026-01-13 05:31:45] [INFO] Starting proof verification...
[2026-01-13 05:31:45] [INFO] Verifying at: FormalBook/Chapter_04.lean:53
[2026-01-13 05:31:45] [INFO] Using LEAN INTERACT verify
[2026-01-13 05:31:45] [INFO] Checking file
[2026-01-13 05:31:56] [INFO] Cannot build modified file <error line="53" column="6">
<code_line>    · grind</code_line>
<message>error: `grind` failed</message>
</error>
case grind
p : ℕ
h : Fact (Nat.Prime p)
h_1 : ∀ (a : ℕ), ¬(p = 4 * a + 1 → {s | s ^ 2 = -1}.card = 0)
⊢ False
[grind] Goal diagnostics
  [facts] Asserted facts
    [prop] Fact (Nat.Prime p)
    [prop] ∀ (a : ℕ), ¬(p = 4 * a + 1 → {s | s ^ 2 = -1}.card = 0)
  [eqc] True propositions
    [prop] Fact (Nat.Prime p)
    [prop] ∀ (a : ℕ), ¬(p = 4 * a + 1 → {s | s ^ 2 = -1}.card = 0)
  [ematch] E-matching patterns
    [thm] h_1: [@HMul.hMul `[ℕ] `[ℕ] `[ℕ] `[instHMul] `[4] #0]
  [cutsat] Assignment satisfying linear constraints
    [assign] p := 1
  Prod.mk.injEq

Hint: Omit it from the simp argument list.
  simp only [secondInvo, secondInvo_fun, sub_sub_cancel, id_eq, Subtype.mk.injEq, P̵r̵o̵d̵.̵m̵k̵.̵i̵n̵j̵E̵q̵,̵
  ̵ ̵ ̵ ̵ ̵and_true]

Note: This linter can be disabled with `set_option linter.unusedSimpArgs false`
  and_true

Hint: Omit it from the simp argument list.
  simp only [secondInvo, secondInvo_fun, sub_sub_cancel, id_eq, Subtype.mk.injEq, Prod.mk.injEq,̵
  ̵ ̵ ̵ ̵ ̵a̵n̵d̵_̵t̵r̵u̵e̵]

Note: This linter can be disabled with `set_option linter.unusedSimpArgs false`
  Subtype.mk.injEq

Hint: Omit it from the simp argument list.
  simp only [ ̵S̵u̵b̵t̵y̵p̵e̵.̵m̵k̵.̵i̵n̵j̵E̵q̵,̵ ̵Prod.mk.injEq, true_and] at hf

Note: This linter can be disabled with `set_option linter.unusedSimpArgs false`
  Prod.mk.injEq

Hint: Omit it from the simp argument list.
  simp only [̵ ̵S̵u̵b̵t̵y̵p̵e̵.̵m̵k̵.̵i̵n̵j̵E̵q̵,̵ ̵P̵r̵o̵d̵.̵m̵k̵.̵i̵n̵j̵E̵q̵,̵[̲S̲u̲b̲t̲y̲p̲e̲.̲m̲k̲.̲i̲n̲j̲E̲q̲,̲ true_and] at hf

Note: This linter can be disabled with `set_option linter.unusedSimpArgs false`
  true_and

Hint: Omit it from the simp argument list.
  simp only [̵ ̵S̵u̵b̵t̵y̵p̵e̵.̵m̵k̵.̵i̵n̵j̵E̵q̵,̵ ̵P̵r̵o̵d̵.̵m̵k̵.̵i̵n̵j̵E̵q̵,̵ ̵t̵r̵u̵e̵_̵a̵n̵d̵]̵[̲S̲u̲b̲t̲y̲p̲e̲.̲m̲k̲.̲i̲n̲j̲E̲q̲,̲ ̲P̲r̲o̲d̲.̲m̲k̲.̲i̲n̲j̲E̲q̲]̲ at hf

Note: This linter can be disabled with `set_option linter.unusedSimpArgs false`
(2, 5, 6)
[2026-01-13 05:31:56] [INFO] Proof verification completed
[2026-01-13 05:31:56] [INFO] Strategy grind attempt 1: verified=False
[2026-01-13 05:31:56] [INFO] Verification message: Cannot build modified file: <error line="53" column="6">
<code_line>    · grind</code_line>
<message>error: `grind` failed</message>
</error>
case grind
p : ℕ
h : Fact (Nat.Prime p)
h_1 : ∀ (a : ℕ), ¬(p = 4 * a + 1 → {s | s ^ 2 = -1}.card = 0)
⊢ False
[grind] Goal diagnostics
  [facts] Asserted facts
    [prop] Fact (Nat.Prime p)
    [prop] ∀ (a : ℕ), ¬(p = 4 * a + 1 → {s | s ^ 2 = -1}.card = 0)
  [eqc] True propositions
    [prop] Fact (Nat.Prime p)
    [prop] ∀ (a : ℕ), ¬(p = 4 * a + 1 → {s | s ^ 2 = -1}.card = 0)
  [ematch] E-matching patterns
    [thm] h_1: [@HMul.hMul `[ℕ] `[ℕ] `[ℕ] `[instHMul] `[4] #0]
  [cutsat] Assignment satisfying linear constraints
    [assign] p := 1
  Prod.mk.injEq

Hint: Omit it from the simp argument list.
  simp only [secondInvo, secondInvo_fun, sub_sub_cancel, id_eq, Subtype.mk.injEq, P̵r̵o̵d̵.̵m̵k̵.̵i̵n̵j̵E̵q̵,̵
  ̵ ̵ ̵ ̵ ̵and_true]

Note: This linter can be disabled with `set_option linter.unusedSimpArgs false`
  and_true

Hint: Omit it from the simp argument list.
  simp only [secondInvo, secondInvo_fun, sub_sub_cancel, id_eq, Subtype.mk.injEq, Prod.mk.injEq,̵
  ̵ ̵ ̵ ̵ ̵a̵n̵d̵_̵t̵r̵u̵e̵]

Note: This linter can be disabled with `set_option linter.unusedSimpArgs false`
  Subtype.mk.injEq

Hint: Omit it from the simp argument list.
  simp only [ ̵S̵u̵b̵t̵y̵p̵e̵.̵m̵k̵.̵i̵n̵j̵E̵q̵,̵ ̵Prod.mk.injEq, true_and] at hf

Note: This linter can be disabled with `set_option linter.unusedSimpArgs false`
  Prod.mk.injEq

Hint: Omit it from the simp argument list.
  simp only [̵ ̵S̵u̵b̵t̵y̵p̵e̵.̵m̵k̵.̵i̵n̵j̵E̵q̵,̵ ̵P̵r̵o̵d̵.̵m̵k̵.̵i̵n̵j̵E̵q̵,̵[̲S̲u̲b̲t̲y̲p̲e̲.̲m̲k̲.̲i̲n̲j̲E̲q̲,̲ true_and] at hf

Note: This linter can be disabled with `set_option linter.unusedSimpArgs false`
  true_and

Hint: Omit it from the simp argument list.
  simp only [̵ ̵S̵u̵b̵t̵y̵p̵e̵.̵m̵k̵.̵i̵n̵j̵E̵q̵,̵ ̵P̵r̵o̵d̵.̵m̵k̵.̵i̵n̵j̵E̵q̵,̵ ̵t̵r̵u̵e̵_̵a̵n̵d̵]̵[̲S̲u̲b̲t̲y̲p̲e̲.̲m̲k̲.̲i̲n̲j̲E̲q̲,̲ ̲P̲r̲o̲d̲.̲m̲k̲.̲i̲n̲j̲E̲q̲]̲ at hf

Note: This linter can be disabled with `set_option linter.unusedSimpArgs false`
(2, 5, 6)

[2026-01-13 05:31:56] [INFO] Attempt 1 failed verification, continuing...
[2026-01-13 05:31:56] [INFO] ========================================
[2026-01-13 05:31:56] [INFO] Trying strategy: ring (up to 1 attempts)
[2026-01-13 05:31:56] [INFO] --------------------
[2026-01-13 05:31:56] [INFO] Strategy ring, attempt 1/1
[2026-01-13 05:31:56] [INFO] Starting proof generation...
[2026-01-13 05:31:56] [INFO] Repository path: /root/repo
[2026-01-13 05:31:56] [INFO] Proof generation completed
[2026-01-13 05:31:56] [INFO] Generated proof:
[2026-01-13 05:31:56] [INFO] ring
[2026-01-13 05:31:56] [INFO] Proof length: 4 chars
[2026-01-13 05:31:56] [INFO] Starting proof verification...
[2026-01-13 05:31:56] [INFO] Verifying at: FormalBook/Chapter_04.lean:53
[2026-01-13 05:31:56] [INFO] Using LEAN INTERACT verify
[2026-01-13 05:31:56] [INFO] Checking file
[2026-01-13 05:32:07] [INFO] Cannot build modified file Try this:
  [apply] ring_nf
  
  The `ring` tactic failed to close the goal. Use `ring_nf` to obtain a normal form.
    
  Note that `ring` works primarily in *commutative* rings. If you have a noncommutative ring, abelian group or module, consider using `noncomm_ring`, `abel` or `module` instead.
<error line="53" column="4">
<code_line>    · ring</code_line>
<message>error: unsolved goals</message>
</error>
case right.right
p : ℕ
h : Fact (Nat.Prime p)
⊢ ∃ m, p = 1 + m * 4 → {s | s ^ 2 = -1}.card = 0
  Prod.mk.injEq

Hint: Omit it from the simp argument list.
  simp only [secondInvo, secondInvo_fun, sub_sub_cancel, id_eq, Subtype.mk.injEq, P̵r̵o̵d̵.̵m̵k̵.̵i̵n̵j̵E̵q̵,̵
  ̵ ̵ ̵ ̵ ̵and_true]

Note: This linter can be disabled with `set_option linter.unusedSimpArgs false`
  and_true

Hint: Omit it from the simp argument list.
  simp only [secondInvo, secondInvo_fun, sub_sub_cancel, id_eq, Subtype.mk.injEq, Prod.mk.injEq,̵
  ̵ ̵ ̵ ̵ ̵a̵n̵d̵_̵t̵r̵u̵e̵]

Note: This linter can be disabled with `set_option linter.unusedSimpArgs false`
  Subtype.mk.injEq

Hint: Omit it from the simp argument list.
  simp only [ ̵S̵u̵b̵t̵y̵p̵e̵.̵m̵k̵.̵i̵n̵j̵E̵q̵,̵ ̵Prod.mk.injEq, true_and] at hf

Note: This linter can be disabled with `set_option linter.unusedSimpArgs false`
  Prod.mk.injEq

Hint: Omit it from the simp argument list.
  simp only [̵ ̵S̵u̵b̵t̵y̵p̵e̵.̵m̵k̵.̵i̵n̵j̵E̵q̵,̵ ̵P̵r̵o̵d̵.̵m̵k̵.̵i̵n̵j̵E̵q̵,̵[̲S̲u̲b̲t̲y̲p̲e̲.̲m̲k̲.̲i̲n̲j̲E̲q̲,̲ true_and] at hf

Note: This linter can be disabled with `set_option linter.unusedSimpArgs false`
  true_and

Hint: Omit it from the simp argument list.
  simp only [̵ ̵S̵u̵b̵t̵y̵p̵e̵.̵m̵k̵.̵i̵n̵j̵E̵q̵,̵ ̵P̵r̵o̵d̵.̵m̵k̵.̵i̵n̵j̵E̵q̵,̵ ̵t̵r̵u̵e̵_̵a̵n̵d̵]̵[̲S̲u̲b̲t̲y̲p̲e̲.̲m̲k̲.̲i̲n̲j̲E̲q̲,̲ ̲P̲r̲o̲d̲.̲m̲k̲.̲i̲n̲j̲E̲q̲]̲ at hf

Note: This linter can be disabled with `set_option linter.unusedSimpArgs false`
(2, 5, 6)
[2026-01-13 05:32:07] [INFO] Proof verification completed
[2026-01-13 05:32:07] [INFO] Strategy ring attempt 1: verified=False
[2026-01-13 05:32:07] [INFO] Verification message: Cannot build modified file: Try this:
  [apply] ring_nf
  
  The `ring` tactic failed to close the goal. Use `ring_nf` to obtain a normal form.
    
  Note that `ring` works primarily in *commutative* rings. If you have a noncommutative ring, abelian group or module, consider using `noncomm_ring`, `abel` or `module` instead.
<error line="53" column="4">
<code_line>    · ring</code_line>
<message>error: unsolved goals</message>
</error>
case right.right
p : ℕ
h : Fact (Nat.Prime p)
⊢ ∃ m, p = 1 + m * 4 → {s | s ^ 2 = -1}.card = 0
  Prod.mk.injEq

Hint: Omit it from the simp argument list.
  simp only [secondInvo, secondInvo_fun, sub_sub_cancel, id_eq, Subtype.mk.injEq, P̵r̵o̵d̵.̵m̵k̵.̵i̵n̵j̵E̵q̵,̵
  ̵ ̵ ̵ ̵ ̵and_true]

Note: This linter can be disabled with `set_option linter.unusedSimpArgs false`
  and_true

Hint: Omit it from the simp argument list.
  simp only [secondInvo, secondInvo_fun, sub_sub_cancel, id_eq, Subtype.mk.injEq, Prod.mk.injEq,̵
  ̵ ̵ ̵ ̵ ̵a̵n̵d̵_̵t̵r̵u̵e̵]

Note: This linter can be disabled with `set_option linter.unusedSimpArgs false`
  Subtype.mk.injEq

Hint: Omit it from the simp argument list.
  simp only [ ̵S̵u̵b̵t̵y̵p̵e̵.̵m̵k̵.̵i̵n̵j̵E̵q̵,̵ ̵Prod.mk.injEq, true_and] at hf

Note: This linter can be disabled with `set_option linter.unusedSimpArgs false`
  Prod.mk.injEq

Hint: Omit it from the simp argument list.
  simp only [̵ ̵S̵u̵b̵t̵y̵p̵e̵.̵m̵k̵.̵i̵n̵j̵E̵q̵,̵ ̵P̵r̵o̵d̵.̵m̵k̵.̵i̵n̵j̵E̵q̵,̵[̲S̲u̲b̲t̲y̲p̲e̲.̲m̲k̲.̲i̲n̲j̲E̲q̲,̲ true_and] at hf

Note: This linter can be disabled with `set_option linter.unusedSimpArgs false`
  true_and

Hint: Omit it from the simp argument list.
  simp only [̵ ̵S̵u̵b̵t̵y̵p̵e̵.̵m̵k̵.̵i̵n̵j̵E̵q̵,̵ ̵P̵r̵o̵d̵.̵m̵k̵.̵i̵n̵j̵E̵q̵,̵ ̵t̵r̵u̵e̵_̵a̵n̵d̵]̵[̲S̲u̲b̲t̲y̲p̲e̲.̲m̲k̲.̲i̲n̲j̲E̲q̲,̲ ̲P̲r̲o̲d̲.̲m̲k̲.̲i̲n̲j̲E̲q̲]̲ at hf

Note: This linter can be disabled with `set_option linter.unusedSimpArgs false`
(2, 5, 6)

[2026-01-13 05:32:07] [INFO] Attempt 1 failed verification, continuing...
[2026-01-13 05:32:07] [INFO] ========================================
[2026-01-13 05:32:07] [INFO] Trying strategy: norm_num (up to 1 attempts)
[2026-01-13 05:32:07] [INFO] --------------------
[2026-01-13 05:32:07] [INFO] Strategy norm_num, attempt 1/1
[2026-01-13 05:32:07] [INFO] Starting proof generation...
[2026-01-13 05:32:07] [INFO] Repository path: /root/repo
[2026-01-13 05:32:07] [INFO] Proof generation completed
[2026-01-13 05:32:07] [INFO] Generated proof:
[2026-01-13 05:32:07] [INFO] norm_num
[2026-01-13 05:32:07] [INFO] Proof length: 8 chars
[2026-01-13 05:32:07] [INFO] Starting proof verification...
[2026-01-13 05:32:07] [INFO] Verifying at: FormalBook/Chapter_04.lean:53
[2026-01-13 05:32:07] [INFO] Using LEAN INTERACT verify
[2026-01-13 05:32:07] [INFO] Checking file
[2026-01-13 05:32:17] [INFO] Cannot build modified file <error line="53" column="4">
<code_line>    · norm_num</code_line>
<message>error: unsolved goals</message>
</error>
case right.right
p : ℕ
h : Fact (Nat.Prime p)
⊢ ∃ m, p = 4 * m + 1 → ∀ ⦃x : ZMod p⦄, ¬x ^ 2 = -1
  Prod.mk.injEq

Hint: Omit it from the simp argument list.
  simp only [secondInvo, secondInvo_fun, sub_sub_cancel, id_eq, Subtype.mk.injEq, P̵r̵o̵d̵.̵m̵k̵.̵i̵n̵j̵E̵q̵,̵
  ̵ ̵ ̵ ̵ ̵and_true]

Note: This linter can be disabled with `set_option linter.unusedSimpArgs false`
  and_true

Hint: Omit it from the simp argument list.
  simp only [secondInvo, secondInvo_fun, sub_sub_cancel, id_eq, Subtype.mk.injEq, Prod.mk.injEq,̵
  ̵ ̵ ̵ ̵ ̵a̵n̵d̵_̵t̵r̵u̵e̵]

Note: This linter can be disabled with `set_option linter.unusedSimpArgs false`
  Subtype.mk.injEq

Hint: Omit it from the simp argument list.
  simp only [ ̵S̵u̵b̵t̵y̵p̵e̵.̵m̵k̵.̵i̵n̵j̵E̵q̵,̵ ̵Prod.mk.injEq, true_and] at hf

Note: This linter can be disabled with `set_option linter.unusedSimpArgs false`
  Prod.mk.injEq

Hint: Omit it from the simp argument list.
  simp only [̵ ̵S̵u̵b̵t̵y̵p̵e̵.̵m̵k̵.̵i̵n̵j̵E̵q̵,̵ ̵P̵r̵o̵d̵.̵m̵k̵.̵i̵n̵j̵E̵q̵,̵[̲S̲u̲b̲t̲y̲p̲e̲.̲m̲k̲.̲i̲n̲j̲E̲q̲,̲ true_and] at hf

Note: This linter can be disabled with `set_option linter.unusedSimpArgs false`
  true_and

Hint: Omit it from the simp argument list.
  simp only [̵ ̵S̵u̵b̵t̵y̵p̵e̵.̵m̵k̵.̵i̵n̵j̵E̵q̵,̵ ̵P̵r̵o̵d̵.̵m̵k̵.̵i̵n̵j̵E̵q̵,̵ ̵t̵r̵u̵e̵_̵a̵n̵d̵]̵[̲S̲u̲b̲t̲y̲p̲e̲.̲m̲k̲.̲i̲n̲j̲E̲q̲,̲ ̲P̲r̲o̲d̲.̲m̲k̲.̲i̲n̲j̲E̲q̲]̲ at hf

Note: This linter can be disabled with `set_option linter.unusedSimpArgs false`
(2, 5, 6)
[2026-01-13 05:32:17] [INFO] Proof verification completed
[2026-01-13 05:32:17] [INFO] Strategy norm_num attempt 1: verified=False
[2026-01-13 05:32:17] [INFO] Verification message: Cannot build modified file: <error line="53" column="4">
<code_line>    · norm_num</code_line>
<message>error: unsolved goals</message>
</error>
case right.right
p : ℕ
h : Fact (Nat.Prime p)
⊢ ∃ m, p = 4 * m + 1 → ∀ ⦃x : ZMod p⦄, ¬x ^ 2 = -1
  Prod.mk.injEq

Hint: Omit it from the simp argument list.
  simp only [secondInvo, secondInvo_fun, sub_sub_cancel, id_eq, Subtype.mk.injEq, P̵r̵o̵d̵.̵m̵k̵.̵i̵n̵j̵E̵q̵,̵
  ̵ ̵ ̵ ̵ ̵and_true]

Note: This linter can be disabled with `set_option linter.unusedSimpArgs false`
  and_true

Hint: Omit it from the simp argument list.
  simp only [secondInvo, secondInvo_fun, sub_sub_cancel, id_eq, Subtype.mk.injEq, Prod.mk.injEq,̵
  ̵ ̵ ̵ ̵ ̵a̵n̵d̵_̵t̵r̵u̵e̵]

Note: This linter can be disabled with `set_option linter.unusedSimpArgs false`
  Subtype.mk.injEq

Hint: Omit it from the simp argument list.
  simp only [ ̵S̵u̵b̵t̵y̵p̵e̵.̵m̵k̵.̵i̵n̵j̵E̵q̵,̵ ̵Prod.mk.injEq, true_and] at hf

Note: This linter can be disabled with `set_option linter.unusedSimpArgs false`
  Prod.mk.injEq

Hint: Omit it from the simp argument list.
  simp only [̵ ̵S̵u̵b̵t̵y̵p̵e̵.̵m̵k̵.̵i̵n̵j̵E̵q̵,̵ ̵P̵r̵o̵d̵.̵m̵k̵.̵i̵n̵j̵E̵q̵,̵[̲S̲u̲b̲t̲y̲p̲e̲.̲m̲k̲.̲i̲n̲j̲E̲q̲,̲ true_and] at hf

Note: This linter can be disabled with `set_option linter.unusedSimpArgs false`
  true_and

Hint: Omit it from the simp argument list.
  simp only [̵ ̵S̵u̵b̵t̵y̵p̵e̵.̵m̵k̵.̵i̵n̵j̵E̵q̵,̵ ̵P̵r̵o̵d̵.̵m̵k̵.̵i̵n̵j̵E̵q̵,̵ ̵t̵r̵u̵e̵_̵a̵n̵d̵]̵[̲S̲u̲b̲t̲y̲p̲e̲.̲m̲k̲.̲i̲n̲j̲E̲q̲,̲ ̲P̲r̲o̲d̲.̲m̲k̲.̲i̲n̲j̲E̲q̲]̲ at hf

Note: This linter can be disabled with `set_option linter.unusedSimpArgs false`
(2, 5, 6)

[2026-01-13 05:32:17] [INFO] Attempt 1 failed verification, continuing...
[2026-01-13 05:32:17] [INFO] ========================================
[2026-01-13 05:32:17] [INFO] Trying strategy: omega (up to 1 attempts)
[2026-01-13 05:32:17] [INFO] --------------------
[2026-01-13 05:32:17] [INFO] Strategy omega, attempt 1/1
[2026-01-13 05:32:17] [INFO] Starting proof generation...
[2026-01-13 05:32:17] [INFO] Repository path: /root/repo
[2026-01-13 05:32:17] [INFO] Proof generation completed
[2026-01-13 05:32:17] [INFO] Generated proof:
[2026-01-13 05:32:17] [INFO] omega
[2026-01-13 05:32:17] [INFO] Proof length: 5 chars
[2026-01-13 05:32:17] [INFO] Starting proof verification...
[2026-01-13 05:32:17] [INFO] Verifying at: FormalBook/Chapter_04.lean:53
[2026-01-13 05:32:17] [INFO] Using LEAN INTERACT verify
[2026-01-13 05:32:17] [INFO] Checking file
[2026-01-13 05:32:31] [INFO] Cannot build modified file <error line="53" column="6">
<code_line>    · omega</code_line>
<message>error: omega could not prove the goal:</message>
</error>
No usable constraints found. You may need to unfold definitions so `omega` can see linear arithmetic facts about `Nat` and `Int`, which may also involve multiplication, division, and modular remainder by constants.
  Prod.mk.injEq

Hint: Omit it from the simp argument list.
  simp only [secondInvo, secondInvo_fun, sub_sub_cancel, id_eq, Subtype.mk.injEq, P̵r̵o̵d̵.̵m̵k̵.̵i̵n̵j̵E̵q̵,̵
  ̵ ̵ ̵ ̵ ̵and_true]

Note: This linter can be disabled with `set_option linter.unusedSimpArgs false`
  and_true

Hint: Omit it from the simp argument list.
  simp only [secondInvo, secondInvo_fun, sub_sub_cancel, id_eq, Subtype.mk.injEq, Prod.mk.injEq,̵
  ̵ ̵ ̵ ̵ ̵a̵n̵d̵_̵t̵r̵u̵e̵]

Note: This linter can be disabled with `set_option linter.unusedSimpArgs false`
  Subtype.mk.injEq

Hint: Omit it from the simp argument list.
  simp only [ ̵S̵u̵b̵t̵y̵p̵e̵.̵m̵k̵.̵i̵n̵j̵E̵q̵,̵ ̵Prod.mk.injEq, true_and] at hf

Note: This linter can be disabled with `set_option linter.unusedSimpArgs false`
  Prod.mk.injEq

Hint: Omit it from the simp argument list.
  simp only [̵ ̵S̵u̵b̵t̵y̵p̵e̵.̵m̵k̵.̵i̵n̵j̵E̵q̵,̵ ̵P̵r̵o̵d̵.̵m̵k̵.̵i̵n̵j̵E̵q̵,̵[̲S̲u̲b̲t̲y̲p̲e̲.̲m̲k̲.̲i̲n̲j̲E̲q̲,̲ true_and] at hf

Note: This linter can be disabled with `set_option linter.unusedSimpArgs false`
  true_and

Hint: Omit it from the simp argument list.
  simp only [̵ ̵S̵u̵b̵t̵y̵p̵e̵.̵m̵k̵.̵i̵n̵j̵E̵q̵,̵ ̵P̵r̵o̵d̵.̵m̵k̵.̵i̵n̵j̵E̵q̵,̵ ̵t̵r̵u̵e̵_̵a̵n̵d̵]̵[̲S̲u̲b̲t̲y̲p̲e̲.̲m̲k̲.̲i̲n̲j̲E̲q̲,̲ ̲P̲r̲o̲d̲.̲m̲k̲.̲i̲n̲j̲E̲q̲]̲ at hf

Note: This linter can be disabled with `set_option linter.unusedSimpArgs false`
(2, 5, 6)
[2026-01-13 05:32:31] [INFO] Proof verification completed
[2026-01-13 05:32:31] [INFO] Strategy omega attempt 1: verified=False
[2026-01-13 05:32:31] [INFO] Verification message: Cannot build modified file: <error line="53" column="6">
<code_line>    · omega</code_line>
<message>error: omega could not prove the goal:</message>
</error>
No usable constraints found. You may need to unfold definitions so `omega` can see linear arithmetic facts about `Nat` and `Int`, which may also involve multiplication, division, and modular remainder by constants.
  Prod.mk.injEq

Hint: Omit it from the simp argument list.
  simp only [secondInvo, secondInvo_fun, sub_sub_cancel, id_eq, Subtype.mk.injEq, P̵r̵o̵d̵.̵m̵k̵.̵i̵n̵j̵E̵q̵,̵
  ̵ ̵ ̵ ̵ ̵and_true]

Note: This linter can be disabled with `set_option linter.unusedSimpArgs false`
  and_true

Hint: Omit it from the simp argument list.
  simp only [secondInvo, secondInvo_fun, sub_sub_cancel, id_eq, Subtype.mk.injEq, Prod.mk.injEq,̵
  ̵ ̵ ̵ ̵ ̵a̵n̵d̵_̵t̵r̵u̵e̵]

Note: This linter can be disabled with `set_option linter.unusedSimpArgs false`
  Subtype.mk.injEq

Hint: Omit it from the simp argument list.
  simp only [ ̵S̵u̵b̵t̵y̵p̵e̵.̵m̵k̵.̵i̵n̵j̵E̵q̵,̵ ̵Prod.mk.injEq, true_and] at hf

Note: This linter can be disabled with `set_option linter.unusedSimpArgs false`
  Prod.mk.injEq

Hint: Omit it from the simp argument list.
  simp only [̵ ̵S̵u̵b̵t̵y̵p̵e̵.̵m̵k̵.̵i̵n̵j̵E̵q̵,̵ ̵P̵r̵o̵d̵.̵m̵k̵.̵i̵n̵j̵E̵q̵,̵[̲S̲u̲b̲t̲y̲p̲e̲.̲m̲k̲.̲i̲n̲j̲E̲q̲,̲ true_and] at hf

Note: This linter can be disabled with `set_option linter.unusedSimpArgs false`
  true_and

Hint: Omit it from the simp argument list.
  simp only [̵ ̵S̵u̵b̵t̵y̵p̵e̵.̵m̵k̵.̵i̵n̵j̵E̵q̵,̵ ̵P̵r̵o̵d̵.̵m̵k̵.̵i̵n̵j̵E̵q̵,̵ ̵t̵r̵u̵e̵_̵a̵n̵d̵]̵[̲S̲u̲b̲t̲y̲p̲e̲.̲m̲k̲.̲i̲n̲j̲E̲q̲,̲ ̲P̲r̲o̲d̲.̲m̲k̲.̲i̲n̲j̲E̲q̲]̲ at hf

Note: This linter can be disabled with `set_option linter.unusedSimpArgs false`
(2, 5, 6)

[2026-01-13 05:32:31] [INFO] Attempt 1 failed verification, continuing...
[2026-01-13 05:32:31] [INFO] ========================================
[2026-01-13 05:32:31] [INFO] Trying strategy: linarith (up to 1 attempts)
[2026-01-13 05:32:31] [INFO] --------------------
[2026-01-13 05:32:31] [INFO] Strategy linarith, attempt 1/1
[2026-01-13 05:32:31] [INFO] Starting proof generation...
[2026-01-13 05:32:31] [INFO] Repository path: /root/repo
[2026-01-13 05:32:31] [INFO] Proof generation completed
[2026-01-13 05:32:31] [INFO] Generated proof:
[2026-01-13 05:32:31] [INFO] linarith
[2026-01-13 05:32:31] [INFO] Proof length: 8 chars
[2026-01-13 05:32:31] [INFO] Starting proof verification...
[2026-01-13 05:32:31] [INFO] Verifying at: FormalBook/Chapter_04.lean:53
[2026-01-13 05:32:31] [INFO] Using LEAN INTERACT verify
[2026-01-13 05:32:31] [INFO] Checking file
[2026-01-13 05:32:44] [INFO] Cannot build modified file <error line="53" column="6">
<code_line>    · linarith</code_line>
<message>error: linarith failed to find a contradiction</message>
</error>
case right.right
p : ℕ
h : Fact (Nat.Prime p)
⊢ False
failed
  Prod.mk.injEq

Hint: Omit it from the simp argument list.
  simp only [secondInvo, secondInvo_fun, sub_sub_cancel, id_eq, Subtype.mk.injEq, P̵r̵o̵d̵.̵m̵k̵.̵i̵n̵j̵E̵q̵,̵
  ̵ ̵ ̵ ̵ ̵and_true]

Note: This linter can be disabled with `set_option linter.unusedSimpArgs false`
  and_true

Hint: Omit it from the simp argument list.
  simp only [secondInvo, secondInvo_fun, sub_sub_cancel, id_eq, Subtype.mk.injEq, Prod.mk.injEq,̵
  ̵ ̵ ̵ ̵ ̵a̵n̵d̵_̵t̵r̵u̵e̵]

Note: This linter can be disabled with `set_option linter.unusedSimpArgs false`
  Subtype.mk.injEq

Hint: Omit it from the simp argument list.
  simp only [ ̵S̵u̵b̵t̵y̵p̵e̵.̵m̵k̵.̵i̵n̵j̵E̵q̵,̵ ̵Prod.mk.injEq, true_and] at hf

Note: This linter can be disabled with `set_option linter.unusedSimpArgs false`
  Prod.mk.injEq

Hint: Omit it from the simp argument list.
  simp only [̵ ̵S̵u̵b̵t̵y̵p̵e̵.̵m̵k̵.̵i̵n̵j̵E̵q̵,̵ ̵P̵r̵o̵d̵.̵m̵k̵.̵i̵n̵j̵E̵q̵,̵[̲S̲u̲b̲t̲y̲p̲e̲.̲m̲k̲.̲i̲n̲j̲E̲q̲,̲ true_and] at hf

Note: This linter can be disabled with `set_option linter.unusedSimpArgs false`
  true_and

Hint: Omit it from the simp argument list.
  simp only [̵ ̵S̵u̵b̵t̵y̵p̵e̵.̵m̵k̵.̵i̵n̵j̵E̵q̵,̵ ̵P̵r̵o̵d̵.̵m̵k̵.̵i̵n̵j̵E̵q̵,̵ ̵t̵r̵u̵e̵_̵a̵n̵d̵]̵[̲S̲u̲b̲t̲y̲p̲e̲.̲m̲k̲.̲i̲n̲j̲E̲q̲,̲ ̲P̲r̲o̲d̲.̲m̲k̲.̲i̲n̲j̲E̲q̲]̲ at hf

Note: This linter can be disabled with `set_option linter.unusedSimpArgs false`
(2, 5, 6)
[2026-01-13 05:32:44] [INFO] Proof verification completed
[2026-01-13 05:32:44] [INFO] Strategy linarith attempt 1: verified=False
[2026-01-13 05:32:44] [INFO] Verification message: Cannot build modified file: <error line="53" column="6">
<code_line>    · linarith</code_line>
<message>error: linarith failed to find a contradiction</message>
</error>
case right.right
p : ℕ
h : Fact (Nat.Prime p)
⊢ False
failed
  Prod.mk.injEq

Hint: Omit it from the simp argument list.
  simp only [secondInvo, secondInvo_fun, sub_sub_cancel, id_eq, Subtype.mk.injEq, P̵r̵o̵d̵.̵m̵k̵.̵i̵n̵j̵E̵q̵,̵
  ̵ ̵ ̵ ̵ ̵and_true]

Note: This linter can be disabled with `set_option linter.unusedSimpArgs false`
  and_true

Hint: Omit it from the simp argument list.
  simp only [secondInvo, secondInvo_fun, sub_sub_cancel, id_eq, Subtype.mk.injEq, Prod.mk.injEq,̵
  ̵ ̵ ̵ ̵ ̵a̵n̵d̵_̵t̵r̵u̵e̵]

Note: This linter can be disabled with `set_option linter.unusedSimpArgs false`
  Subtype.mk.injEq

Hint: Omit it from the simp argument list.
  simp only [ ̵S̵u̵b̵t̵y̵p̵e̵.̵m̵k̵.̵i̵n̵j̵E̵q̵,̵ ̵Prod.mk.injEq, true_and] at hf

Note: This linter can be disabled with `set_option linter.unusedSimpArgs false`
  Prod.mk.injEq

Hint: Omit it from the simp argument list.
  simp only [̵ ̵S̵u̵b̵t̵y̵p̵e̵.̵m̵k̵.̵i̵n̵j̵E̵q̵,̵ ̵P̵r̵o̵d̵.̵m̵k̵.̵i̵n̵j̵E̵q̵,̵[̲S̲u̲b̲t̲y̲p̲e̲.̲m̲k̲.̲i̲n̲j̲E̲q̲,̲ true_and] at hf

Note: This linter can be disabled with `set_option linter.unusedSimpArgs false`
  true_and

Hint: Omit it from the simp argument list.
  simp only [̵ ̵S̵u̵b̵t̵y̵p̵e̵.̵m̵k̵.̵i̵n̵j̵E̵q̵,̵ ̵P̵r̵o̵d̵.̵m̵k̵.̵i̵n̵j̵E̵q̵,̵ ̵t̵r̵u̵e̵_̵a̵n̵d̵]̵[̲S̲u̲b̲t̲y̲p̲e̲.̲m̲k̲.̲i̲n̲j̲E̲q̲,̲ ̲P̲r̲o̲d̲.̲m̲k̲.̲i̲n̲j̲E̲q̲]̲ at hf

Note: This linter can be disabled with `set_option linter.unusedSimpArgs false`
(2, 5, 6)

[2026-01-13 05:32:44] [INFO] Attempt 1 failed verification, continuing...
[2026-01-13 05:32:44] [INFO] ========================================
[2026-01-13 05:32:44] [INFO] Trying strategy: nlinarith (up to 1 attempts)
[2026-01-13 05:32:44] [INFO] --------------------
[2026-01-13 05:32:44] [INFO] Strategy nlinarith, attempt 1/1
[2026-01-13 05:32:44] [INFO] Starting proof generation...
[2026-01-13 05:32:44] [INFO] Repository path: /root/repo
[2026-01-13 05:32:44] [INFO] Proof generation completed
[2026-01-13 05:32:44] [INFO] Generated proof:
[2026-01-13 05:32:44] [INFO] nlinarith
[2026-01-13 05:32:44] [INFO] Proof length: 9 chars
[2026-01-13 05:32:44] [INFO] Starting proof verification...
[2026-01-13 05:32:44] [INFO] Verifying at: FormalBook/Chapter_04.lean:53
[2026-01-13 05:32:44] [INFO] Using LEAN INTERACT verify
[2026-01-13 05:32:44] [INFO] Checking file
[2026-01-13 05:32:55] [INFO] Cannot build modified file <error line="53" column="6">
<code_line>    · nlinarith</code_line>
<message>error: linarith failed to find a contradiction</message>
</error>
case right.right
p : ℕ
h : Fact (Nat.Prime p)
⊢ False
failed
  Prod.mk.injEq

Hint: Omit it from the simp argument list.
  simp only [secondInvo, secondInvo_fun, sub_sub_cancel, id_eq, Subtype.mk.injEq, P̵r̵o̵d̵.̵m̵k̵.̵i̵n̵j̵E̵q̵,̵
  ̵ ̵ ̵ ̵ ̵and_true]

Note: This linter can be disabled with `set_option linter.unusedSimpArgs false`
  and_true

Hint: Omit it from the simp argument list.
  simp only [secondInvo, secondInvo_fun, sub_sub_cancel, id_eq, Subtype.mk.injEq, Prod.mk.injEq,̵
  ̵ ̵ ̵ ̵ ̵a̵n̵d̵_̵t̵r̵u̵e̵]

Note: This linter can be disabled with `set_option linter.unusedSimpArgs false`
  Subtype.mk.injEq

Hint: Omit it from the simp argument list.
  simp only [ ̵S̵u̵b̵t̵y̵p̵e̵.̵m̵k̵.̵i̵n̵j̵E̵q̵,̵ ̵Prod.mk.injEq, true_and] at hf

Note: This linter can be disabled with `set_option linter.unusedSimpArgs false`
  Prod.mk.injEq

Hint: Omit it from the simp argument list.
  simp only [̵ ̵S̵u̵b̵t̵y̵p̵e̵.̵m̵k̵.̵i̵n̵j̵E̵q̵,̵ ̵P̵r̵o̵d̵.̵m̵k̵.̵i̵n̵j̵E̵q̵,̵[̲S̲u̲b̲t̲y̲p̲e̲.̲m̲k̲.̲i̲n̲j̲E̲q̲,̲ true_and] at hf

Note: This linter can be disabled with `set_option linter.unusedSimpArgs false`
  true_and

Hint: Omit it from the simp argument list.
  simp only [̵ ̵S̵u̵b̵t̵y̵p̵e̵.̵m̵k̵.̵i̵n̵j̵E̵q̵,̵ ̵P̵r̵o̵d̵.̵m̵k̵.̵i̵n̵j̵E̵q̵,̵ ̵t̵r̵u̵e̵_̵a̵n̵d̵]̵[̲S̲u̲b̲t̲y̲p̲e̲.̲m̲k̲.̲i̲n̲j̲E̲q̲,̲ ̲P̲r̲o̲d̲.̲m̲k̲.̲i̲n̲j̲E̲q̲]̲ at hf

Note: This linter can be disabled with `set_option linter.unusedSimpArgs false`
(2, 5, 6)
[2026-01-13 05:32:55] [INFO] Proof verification completed
[2026-01-13 05:32:55] [INFO] Strategy nlinarith attempt 1: verified=False
[2026-01-13 05:32:55] [INFO] Verification message: Cannot build modified file: <error line="53" column="6">
<code_line>    · nlinarith</code_line>
<message>error: linarith failed to find a contradiction</message>
</error>
case right.right
p : ℕ
h : Fact (Nat.Prime p)
⊢ False
failed
  Prod.mk.injEq

Hint: Omit it from the simp argument list.
  simp only [secondInvo, secondInvo_fun, sub_sub_cancel, id_eq, Subtype.mk.injEq, P̵r̵o̵d̵.̵m̵k̵.̵i̵n̵j̵E̵q̵,̵
  ̵ ̵ ̵ ̵ ̵and_true]

Note: This linter can be disabled with `set_option linter.unusedSimpArgs false`
  and_true

Hint: Omit it from the simp argument list.
  simp only [secondInvo, secondInvo_fun, sub_sub_cancel, id_eq, Subtype.mk.injEq, Prod.mk.injEq,̵
  ̵ ̵ ̵ ̵ ̵a̵n̵d̵_̵t̵r̵u̵e̵]

Note: This linter can be disabled with `set_option linter.unusedSimpArgs false`
  Subtype.mk.injEq

Hint: Omit it from the simp argument list.
  simp only [ ̵S̵u̵b̵t̵y̵p̵e̵.̵m̵k̵.̵i̵n̵j̵E̵q̵,̵ ̵Prod.mk.injEq, true_and] at hf

Note: This linter can be disabled with `set_option linter.unusedSimpArgs false`
  Prod.mk.injEq

Hint: Omit it from the simp argument list.
  simp only [̵ ̵S̵u̵b̵t̵y̵p̵e̵.̵m̵k̵.̵i̵n̵j̵E̵q̵,̵ ̵P̵r̵o̵d̵.̵m̵k̵.̵i̵n̵j̵E̵q̵,̵[̲S̲u̲b̲t̲y̲p̲e̲.̲m̲k̲.̲i̲n̲j̲E̲q̲,̲ true_and] at hf

Note: This linter can be disabled with `set_option linter.unusedSimpArgs false`
  true_and

Hint: Omit it from the simp argument list.
  simp only [̵ ̵S̵u̵b̵t̵y̵p̵e̵.̵m̵k̵.̵i̵n̵j̵E̵q̵,̵ ̵P̵r̵o̵d̵.̵m̵k̵.̵i̵n̵j̵E̵q̵,̵ ̵t̵r̵u̵e̵_̵a̵n̵d̵]̵[̲S̲u̲b̲t̲y̲p̲e̲.̲m̲k̲.̲i̲n̲j̲E̲q̲,̲ ̲P̲r̲o̲d̲.̲m̲k̲.̲i̲n̲j̲E̲q̲]̲ at hf

Note: This linter can be disabled with `set_option linter.unusedSimpArgs false`
(2, 5, 6)

[2026-01-13 05:32:55] [INFO] Attempt 1 failed verification, continuing...
[2026-01-13 05:32:55] [INFO] ========================================
[2026-01-13 05:32:55] [INFO] Trying strategy: aesop (up to 1 attempts)
[2026-01-13 05:32:55] [INFO] --------------------
[2026-01-13 05:32:55] [INFO] Strategy aesop, attempt 1/1
[2026-01-13 05:32:55] [INFO] Starting proof generation...
[2026-01-13 05:32:55] [INFO] Repository path: /root/repo
[2026-01-13 05:32:55] [INFO] Proof generation completed
[2026-01-13 05:32:55] [INFO] Generated proof:
[2026-01-13 05:32:55] [INFO] aesop
[2026-01-13 05:32:55] [INFO] Proof length: 5 chars
[2026-01-13 05:32:55] [INFO] Starting proof verification...
[2026-01-13 05:32:55] [INFO] Verifying at: FormalBook/Chapter_04.lean:53
[2026-01-13 05:32:55] [INFO] Using LEAN INTERACT verify
[2026-01-13 05:32:55] [INFO] Checking file
[2026-01-13 05:33:06] [INFO] Cannot build modified file <error line="53" column="4">
<code_line>    · aesop</code_line>
<message>error: unsolved goals</message>
</error>
case right.right
p : ℕ
h : Fact (Nat.Prime p)
⊢ ∃ m, p = 4 * m + 1 → ∀ ⦃x : ZMod p⦄, ¬x ^ 2 = -1
  Prod.mk.injEq

Hint: Omit it from the simp argument list.
  simp only [secondInvo, secondInvo_fun, sub_sub_cancel, id_eq, Subtype.mk.injEq, P̵r̵o̵d̵.̵m̵k̵.̵i̵n̵j̵E̵q̵,̵
  ̵ ̵ ̵ ̵ ̵and_true]

Note: This linter can be disabled with `set_option linter.unusedSimpArgs false`
  and_true

Hint: Omit it from the simp argument list.
  simp only [secondInvo, secondInvo_fun, sub_sub_cancel, id_eq, Subtype.mk.injEq, Prod.mk.injEq,̵
  ̵ ̵ ̵ ̵ ̵a̵n̵d̵_̵t̵r̵u̵e̵]

Note: This linter can be disabled with `set_option linter.unusedSimpArgs false`
  Subtype.mk.injEq

Hint: Omit it from the simp argument list.
  simp only [ ̵S̵u̵b̵t̵y̵p̵e̵.̵m̵k̵.̵i̵n̵j̵E̵q̵,̵ ̵Prod.mk.injEq, true_and] at hf

Note: This linter can be disabled with `set_option linter.unusedSimpArgs false`
  Prod.mk.injEq

Hint: Omit it from the simp argument list.
  simp only [̵ ̵S̵u̵b̵t̵y̵p̵e̵.̵m̵k̵.̵i̵n̵j̵E̵q̵,̵ ̵P̵r̵o̵d̵.̵m̵k̵.̵i̵n̵j̵E̵q̵,̵[̲S̲u̲b̲t̲y̲p̲e̲.̲m̲k̲.̲i̲n̲j̲E̲q̲,̲ true_and] at hf

Note: This linter can be disabled with `set_option linter.unusedSimpArgs false`
  true_and

Hint: Omit it from the simp argument list.
  simp only [̵ ̵S̵u̵b̵t̵y̵p̵e̵.̵m̵k̵.̵i̵n̵j̵E̵q̵,̵ ̵P̵r̵o̵d̵.̵m̵k̵.̵i̵n̵j̵E̵q̵,̵ ̵t̵r̵u̵e̵_̵a̵n̵d̵]̵[̲S̲u̲b̲t̲y̲p̲e̲.̲m̲k̲.̲i̲n̲j̲E̲q̲,̲ ̲P̲r̲o̲d̲.̲m̲k̲.̲i̲n̲j̲E̲q̲]̲ at hf

Note: This linter can be disabled with `set_option linter.unusedSimpArgs false`
(2, 5, 6)
[2026-01-13 05:33:06] [INFO] Proof verification completed
[2026-01-13 05:33:06] [INFO] Strategy aesop attempt 1: verified=False
[2026-01-13 05:33:06] [INFO] Verification message: Cannot build modified file: <error line="53" column="4">
<code_line>    · aesop</code_line>
<message>error: unsolved goals</message>
</error>
case right.right
p : ℕ
h : Fact (Nat.Prime p)
⊢ ∃ m, p = 4 * m + 1 → ∀ ⦃x : ZMod p⦄, ¬x ^ 2 = -1
  Prod.mk.injEq

Hint: Omit it from the simp argument list.
  simp only [secondInvo, secondInvo_fun, sub_sub_cancel, id_eq, Subtype.mk.injEq, P̵r̵o̵d̵.̵m̵k̵.̵i̵n̵j̵E̵q̵,̵
  ̵ ̵ ̵ ̵ ̵and_true]

Note: This linter can be disabled with `set_option linter.unusedSimpArgs false`
  and_true

Hint: Omit it from the simp argument list.
  simp only [secondInvo, secondInvo_fun, sub_sub_cancel, id_eq, Subtype.mk.injEq, Prod.mk.injEq,̵
  ̵ ̵ ̵ ̵ ̵a̵n̵d̵_̵t̵r̵u̵e̵]

Note: This linter can be disabled with `set_option linter.unusedSimpArgs false`
  Subtype.mk.injEq

Hint: Omit it from the simp argument list.
  simp only [ ̵S̵u̵b̵t̵y̵p̵e̵.̵m̵k̵.̵i̵n̵j̵E̵q̵,̵ ̵Prod.mk.injEq, true_and] at hf

Note: This linter can be disabled with `set_option linter.unusedSimpArgs false`
  Prod.mk.injEq

Hint: Omit it from the simp argument list.
  simp only [̵ ̵S̵u̵b̵t̵y̵p̵e̵.̵m̵k̵.̵i̵n̵j̵E̵q̵,̵ ̵P̵r̵o̵d̵.̵m̵k̵.̵i̵n̵j̵E̵q̵,̵[̲S̲u̲b̲t̲y̲p̲e̲.̲m̲k̲.̲i̲n̲j̲E̲q̲,̲ true_and] at hf

Note: This linter can be disabled with `set_option linter.unusedSimpArgs false`
  true_and

Hint: Omit it from the simp argument list.
  simp only [̵ ̵S̵u̵b̵t̵y̵p̵e̵.̵m̵k̵.̵i̵n̵j̵E̵q̵,̵ ̵P̵r̵o̵d̵.̵m̵k̵.̵i̵n̵j̵E̵q̵,̵ ̵t̵r̵u̵e̵_̵a̵n̵d̵]̵[̲S̲u̲b̲t̲y̲p̲e̲.̲m̲k̲.̲i̲n̲j̲E̲q̲,̲ ̲P̲r̲o̲d̲.̲m̲k̲.̲i̲n̲j̲E̲q̲]̲ at hf

Note: This linter can be disabled with `set_option linter.unusedSimpArgs false`
(2, 5, 6)

[2026-01-13 05:33:06] [INFO] Attempt 1 failed verification, continuing...
[2026-01-13 05:33:06] [INFO] ========================================
[2026-01-13 05:33:06] [INFO] Pass@k completed. Total results: 1
[2026-01-13 05:33:06] [INFO] FAILED: All 11 strategies x 1 attempts
[2026-01-13 05:33:06] [INFO] Writing results to file: /root/repo/result.json
[2026-01-13 05:33:06] [INFO] Result file written successfully
[2026-01-13 05:33:06] [INFO] Results exported to: /root/repo/result.json
[2026-01-13 05:33:06] [INFO] run_morphcloud_local.py completed successfully

[2026-01-13 05:33:07] [process_single_sorry] Downloading result file...
[2026-01-13 05:33:07] [process_single_sorry] Downloaded result to intermediate_experiment_outputs_full_reservoir_3_months/multi_tactic/2026-01-13_01-27-45_multi_tactic/individual/902e699746fa16082ff6bede94130834cc8c8f9b2d42f496487c4920fa3ea4df.json
[2026-01-13 05:33:09] [process_single_sorry] Instance context closed successfully
[2026-01-13 05:33:09] [process_single_sorry] Parsing result file...
[2026-01-13 05:33:09] [process_single_sorry] Successfully parsed result (list format, 1 results)
