[2026-01-13 01:47:01] [process_single_sorry] Starting for sorry 93dc6a532525066bb37d011a6b2736bb7682fa18d621c08b6d5d04023e8c525f
[2026-01-13 01:47:01] [process_single_sorry] Using snapshot: snapshot_vnu63fgc
[2026-01-13 01:47:01] [process_single_sorry] Repository: https://github.com/PatrickMassot/GlimpseOfLean@38ee6e4afd371b18d831ae09244fcd223a1bc535
[2026-01-13 01:47:01] [process_single_sorry] Instance name: GlimpseOfLean_38ee6e4afd37_multi_tactic_93dc6a532525066bb37d011a6b2736bb7682fa18d621c08b6d5d04023e8c525f
[2026-01-13 01:47:01] [process_single_sorry] Starting attempt 1/3
[2026-01-13 01:47:01] [process_single_sorry] Starting instance from snapshot...
[2026-01-13 01:47:02] [process_single_sorry] Instance started successfully: morphvm_ste02b8s
[2026-01-13 01:47:02] [process_single_sorry] Creating .env file...
[2026-01-13 01:47:11] [process_single_sorry] .env file created (exit_code: 0)
[2026-01-13 01:47:11] [process_single_sorry] Executing agent command...
[2026-01-13 01:51:20] [process_single_sorry] Agent command completed (exit_code: 0)
[2026-01-13 01:51:20] [process_single_sorry] STDOUT:
Lake version 5.0.0-6741444 (Lean version 4.21.0)
Current branch: HEAD
Using cache from origin: leanprover-community/mathlib4
No files to download
Decompressing 7067 file(s)
Unpacked in 2189 ms
Completed successfully!
ℹ [3053/3086] Replayed GlimpseOfLean.Solutions.Shorter
info: GlimpseOfLean/Solutions/Shorter.lean:529:33: Try this: exact le_of_lt ε_pos
info: GlimpseOfLean/Solutions/Shorter.lean:551:22: Try this: exact half_pos ε_pos
info: GlimpseOfLean/Solutions/Shorter.lean:552:22: Try this: exact half_pos ε_pos
info: GlimpseOfLean/Solutions/Shorter.lean:561:60: Try this: exact abs_add_le (u n - l) (v n - l')
info: GlimpseOfLean/Solutions/Shorter.lean:606:22: Try this: exact half_pos ε_pos
info: GlimpseOfLean/Solutions/Shorter.lean:607:23: Try this: exact half_pos ε_pos
info: GlimpseOfLean/Solutions/Shorter.lean:609:62: Try this: exact abs_sub_le l (u (max N N')) l'
info: GlimpseOfLean/Solutions/Shorter.lean:610:71: Try this: exact abs_sub_comm l (u (max N N'))
info: GlimpseOfLean/Solutions/Shorter.lean:611:49: Try this: exact Nat.le_max_left N N'
info: GlimpseOfLean/Solutions/Shorter.lean:611:68: Try this: exact Nat.le_max_right N N'
info: GlimpseOfLean/Solutions/Shorter.lean:639:13: Try this: exact Nat.zero_le (φ 0)
info: GlimpseOfLean/Solutions/Shorter.lean:642:42: Try this: exact lt_add_one n
info: GlimpseOfLean/Solutions/Shorter.lean:658:2: Try this: exact Nat.le_max_right N N'
info: GlimpseOfLean/Solutions/Shorter.lean:660:23: Try this: exact Nat.le_max_left N N'
info: GlimpseOfLean/Solutions/Shorter.lean:661:27: Try this: exact id_le_extraction' h (max N N')
info: GlimpseOfLean/Solutions/Shorter.lean:694:16: Try this: exact hn
info: GlimpseOfLean/Solutions/Shorter.lean:704:2: Try this: exact subseq_tendsto_of_tendsto' hl φ_extr
info: GlimpseOfLean/Solutions/Shorter.lean:717:24: Try this: exact half_pos ε_pos
info: GlimpseOfLean/Solutions/Shorter.lean:722:36: Try this: exact abs_add_le (u p - l) (l - u q)
info: GlimpseOfLean/Solutions/Shorter.lean:723:45: Try this: exact abs_sub_comm l (u q)
info: GlimpseOfLean/Solutions/Shorter.lean:724:32: Try this: exact hN p hp
info: GlimpseOfLean/Solutions/Shorter.lean:724:40: Try this: exact hN q hq
ℹ [3060/3086] Replayed GlimpseOfLean.Solutions.Topics.RingTheory
info: GlimpseOfLean/Solutions/Topics/RingTheory.lean:389:0: Finset.mem_insert_of_mem.{u_1} {α : Type u_1} [DecidableEq α] {s : Finset α} {a b : α} (h : a ∈ s) : a ∈ insert b s
info: GlimpseOfLean/Solutions/Topics/RingTheory.lean:391:0: Finset.mem_insert_self.{u_1} {α : Type u_1} [DecidableEq α] (a : α) (s : Finset α) : a ∈ insert a s
Build completed successfully.
[01:49:08] INFO     Updated version-specific REPL cache to commit  config.py:388
                    01f47235d43c9e04251ab0ecf3312a28c267b438                    
Lake version 5.0.0-6741444 (Lean version 4.21.0)
Current branch: HEAD
Using cache from origin: leanprover-community/mathlib4
No files to download
Decompressing 7067 file(s)
Unpacked in 375 ms
Completed successfully!
ℹ [3053/3086] Replayed GlimpseOfLean.Solutions.Shorter
info: GlimpseOfLean/Solutions/Shorter.lean:529:33: Try this: exact le_of_lt ε_pos
info: GlimpseOfLean/Solutions/Shorter.lean:551:22: Try this: exact half_pos ε_pos
info: GlimpseOfLean/Solutions/Shorter.lean:552:22: Try this: exact half_pos ε_pos
info: GlimpseOfLean/Solutions/Shorter.lean:561:60: Try this: exact abs_add_le (u n - l) (v n - l')
info: GlimpseOfLean/Solutions/Shorter.lean:606:22: Try this: exact half_pos ε_pos
info: GlimpseOfLean/Solutions/Shorter.lean:607:23: Try this: exact half_pos ε_pos
info: GlimpseOfLean/Solutions/Shorter.lean:609:62: Try this: exact abs_sub_le l (u (max N N')) l'
info: GlimpseOfLean/Solutions/Shorter.lean:610:71: Try this: exact abs_sub_comm l (u (max N N'))
info: GlimpseOfLean/Solutions/Shorter.lean:611:49: Try this: exact Nat.le_max_left N N'
info: GlimpseOfLean/Solutions/Shorter.lean:611:68: Try this: exact Nat.le_max_right N N'
info: GlimpseOfLean/Solutions/Shorter.lean:639:13: Try this: exact Nat.zero_le (φ 0)
info: GlimpseOfLean/Solutions/Shorter.lean:642:42: Try this: exact lt_add_one n
info: GlimpseOfLean/Solutions/Shorter.lean:658:2: Try this: exact Nat.le_max_right N N'
info: GlimpseOfLean/Solutions/Shorter.lean:660:23: Try this: exact Nat.le_max_left N N'
info: GlimpseOfLean/Solutions/Shorter.lean:661:27: Try this: exact id_le_extraction' h (max N N')
info: GlimpseOfLean/Solutions/Shorter.lean:694:16: Try this: exact hn
info: GlimpseOfLean/Solutions/Shorter.lean:704:2: Try this: exact subseq_tendsto_of_tendsto' hl φ_extr
info: GlimpseOfLean/Solutions/Shorter.lean:717:24: Try this: exact half_pos ε_pos
info: GlimpseOfLean/Solutions/Shorter.lean:722:36: Try this: exact abs_add_le (u p - l) (l - u q)
info: GlimpseOfLean/Solutions/Shorter.lean:723:45: Try this: exact abs_sub_comm l (u q)
info: GlimpseOfLean/Solutions/Shorter.lean:724:32: Try this: exact hN p hp
info: GlimpseOfLean/Solutions/Shorter.lean:724:40: Try this: exact hN q hq
ℹ [3060/3086] Replayed GlimpseOfLean.Solutions.Topics.RingTheory
info: GlimpseOfLean/Solutions/Topics/RingTheory.lean:389:0: Finset.mem_insert_of_mem.{u_1} {α : Type u_1} [DecidableEq α] {s : Finset α} {a b : α} (h : a ∈ s) : a ∈ insert b s
info: GlimpseOfLean/Solutions/Topics/RingTheory.lean:391:0: Finset.mem_insert_self.{u_1} {α : Type u_1} [DecidableEq α] (a : α) (s : Finset α) : a ∈ insert a s
Build completed successfully.
Lake version 5.0.0-6741444 (Lean version 4.21.0)
Current branch: HEAD
Using cache from origin: leanprover-community/mathlib4
No files to download
Decompressing 7067 file(s)
Unpacked in 218 ms
Completed successfully!
ℹ [3053/3086] Replayed GlimpseOfLean.Solutions.Shorter
info: GlimpseOfLean/Solutions/Shorter.lean:529:33: Try this: exact le_of_lt ε_pos
info: GlimpseOfLean/Solutions/Shorter.lean:551:22: Try this: exact half_pos ε_pos
info: GlimpseOfLean/Solutions/Shorter.lean:552:22: Try this: exact half_pos ε_pos
info: GlimpseOfLean/Solutions/Shorter.lean:561:60: Try this: exact abs_add_le (u n - l) (v n - l')
info: GlimpseOfLean/Solutions/Shorter.lean:606:22: Try this: exact half_pos ε_pos
info: GlimpseOfLean/Solutions/Shorter.lean:607:23: Try this: exact half_pos ε_pos
info: GlimpseOfLean/Solutions/Shorter.lean:609:62: Try this: exact abs_sub_le l (u (max N N')) l'
info: GlimpseOfLean/Solutions/Shorter.lean:610:71: Try this: exact abs_sub_comm l (u (max N N'))
info: GlimpseOfLean/Solutions/Shorter.lean:611:49: Try this: exact Nat.le_max_left N N'
info: GlimpseOfLean/Solutions/Shorter.lean:611:68: Try this: exact Nat.le_max_right N N'
info: GlimpseOfLean/Solutions/Shorter.lean:639:13: Try this: exact Nat.zero_le (φ 0)
info: GlimpseOfLean/Solutions/Shorter.lean:642:42: Try this: exact lt_add_one n
info: GlimpseOfLean/Solutions/Shorter.lean:658:2: Try this: exact Nat.le_max_right N N'
info: GlimpseOfLean/Solutions/Shorter.lean:660:23: Try this: exact Nat.le_max_left N N'
info: GlimpseOfLean/Solutions/Shorter.lean:661:27: Try this: exact id_le_extraction' h (max N N')
info: GlimpseOfLean/Solutions/Shorter.lean:694:16: Try this: exact hn
info: GlimpseOfLean/Solutions/Shorter.lean:704:2: Try this: exact subseq_tendsto_of_tendsto' hl φ_extr
info: GlimpseOfLean/Solutions/Shorter.lean:717:24: Try this: exact half_pos ε_pos
info: GlimpseOfLean/Solutions/Shorter.lean:722:36: Try this: exact abs_add_le (u p - l) (l - u q)
info: GlimpseOfLean/Solutions/Shorter.lean:723:45: Try this: exact abs_sub_comm l (u q)
info: GlimpseOfLean/Solutions/Shorter.lean:724:32: Try this: exact hN p hp
info: GlimpseOfLean/Solutions/Shorter.lean:724:40: Try this: exact hN q hq
ℹ [3060/3086] Replayed GlimpseOfLean.Solutions.Topics.RingTheory
info: GlimpseOfLean/Solutions/Topics/RingTheory.lean:389:0: Finset.mem_insert_of_mem.{u_1} {α : Type u_1} [DecidableEq α] {s : Finset α} {a b : α} (h : a ∈ s) : a ∈ insert b s
info: GlimpseOfLean/Solutions/Topics/RingTheory.lean:391:0: Finset.mem_insert_self.{u_1} {α : Type u_1} [DecidableEq α] (a : α) (s : Finset α) : a ∈ insert a s
Build completed successfully.
Lake version 5.0.0-6741444 (Lean version 4.21.0)
Current branch: HEAD
Using cache from origin: leanprover-community/mathlib4
No files to download
Decompressing 7067 file(s)
Unpacked in 249 ms
Completed successfully!
ℹ [3053/3086] Replayed GlimpseOfLean.Solutions.Shorter
info: GlimpseOfLean/Solutions/Shorter.lean:529:33: Try this: exact le_of_lt ε_pos
info: GlimpseOfLean/Solutions/Shorter.lean:551:22: Try this: exact half_pos ε_pos
info: GlimpseOfLean/Solutions/Shorter.lean:552:22: Try this: exact half_pos ε_pos
info: GlimpseOfLean/Solutions/Shorter.lean:561:60: Try this: exact abs_add_le (u n - l) (v n - l')
info: GlimpseOfLean/Solutions/Shorter.lean:606:22: Try this: exact half_pos ε_pos
info: GlimpseOfLean/Solutions/Shorter.lean:607:23: Try this: exact half_pos ε_pos
info: GlimpseOfLean/Solutions/Shorter.lean:609:62: Try this: exact abs_sub_le l (u (max N N')) l'
info: GlimpseOfLean/Solutions/Shorter.lean:610:71: Try this: exact abs_sub_comm l (u (max N N'))
info: GlimpseOfLean/Solutions/Shorter.lean:611:49: Try this: exact Nat.le_max_left N N'
info: GlimpseOfLean/Solutions/Shorter.lean:611:68: Try this: exact Nat.le_max_right N N'
info: GlimpseOfLean/Solutions/Shorter.lean:639:13: Try this: exact Nat.zero_le (φ 0)
info: GlimpseOfLean/Solutions/Shorter.lean:642:42: Try this: exact lt_add_one n
info: GlimpseOfLean/Solutions/Shorter.lean:658:2: Try this: exact Nat.le_max_right N N'
info: GlimpseOfLean/Solutions/Shorter.lean:660:23: Try this: exact Nat.le_max_left N N'
info: GlimpseOfLean/Solutions/Shorter.lean:661:27: Try this: exact id_le_extraction' h (max N N')
info: GlimpseOfLean/Solutions/Shorter.lean:694:16: Try this: exact hn
info: GlimpseOfLean/Solutions/Shorter.lean:704:2: Try this: exact subseq_tendsto_of_tendsto' hl φ_extr
info: GlimpseOfLean/Solutions/Shorter.lean:717:24: Try this: exact half_pos ε_pos
info: GlimpseOfLean/Solutions/Shorter.lean:722:36: Try this: exact abs_add_le (u p - l) (l - u q)
info: GlimpseOfLean/Solutions/Shorter.lean:723:45: Try this: exact abs_sub_comm l (u q)
info: GlimpseOfLean/Solutions/Shorter.lean:724:32: Try this: exact hN p hp
info: GlimpseOfLean/Solutions/Shorter.lean:724:40: Try this: exact hN q hq
ℹ [3060/3086] Replayed GlimpseOfLean.Solutions.Topics.RingTheory
info: GlimpseOfLean/Solutions/Topics/RingTheory.lean:389:0: Finset.mem_insert_of_mem.{u_1} {α : Type u_1} [DecidableEq α] {s : Finset α} {a b : α} (h : a ∈ s) : a ∈ insert b s
info: GlimpseOfLean/Solutions/Topics/RingTheory.lean:391:0: Finset.mem_insert_self.{u_1} {α : Type u_1} [DecidableEq α] (a : α) (s : Finset α) : a ∈ insert a s
Build completed successfully.

Results JSON:
[
  {
    "sorry": {
      "repo": {
        "remote": "https://github.com/PatrickMassot/GlimpseOfLean",
        "branch": "master",
        "commit": "38ee6e4afd371b18d831ae09244fcd223a1bc535",
        "lean_version": "v4.22.0"
      },
      "location": {
        "path": "GlimpseOfLean/Exercises/Topics/RingTheory.lean",
        "start_line": 74,
        "start_column": 4,
        "end_line": 74,
        "end_column": 9
      },
      "debug_info": {
        "goal": "R : Type u_1\nS : Type u_2\ninst✝² : CommRing R\ninst✝¹ : CommRing S\nT : Type u_3\ninst✝ : CommRing T\ng : S →+* T\nf : R →+* S\n⊢ ∀ (x y : R), g (f (x + y)) = g (f x) + g (f y)",
        "url": "https://github.com/PatrickMassot/GlimpseOfLean/blob/38ee6e4afd371b18d831ae09244fcd223a1bc535/GlimpseOfLean/Exercises/Topics/RingTheory.lean#L74"
      },
      "metadata": {
        "blame_email_hash": "c28576c1d1dd",
        "blame_date": "2025-04-20T11:35:58+02:00",
        "inclusion_date": "2026-01-09T07:53:10.824114+00:00"
      },
      "id": "93dc6a532525066bb37d011a6b2736bb7682fa18d621c08b6d5d04023e8c525f"
    },
    "proof": null,
    "proof_verified": false,
    "feedback": null,
    "verification_message": "All 11 attempts failed (11 strategies x 1 attempts each)",
    "success": true,
    "error_type": null,
    "error_message": null,
    "strategy_name": "all_failed_k=1",
    "proof_attempts": [
      "rfl",
      "simp",
      "simp_all",
      "exact?",
      "grind",
      "ring",
      "norm_num",
      "omega",
      "linarith",
      "nlinarith",
      "aesop"
    ]
  }
]

[2026-01-13 01:51:20] [process_single_sorry] STDERR:
None of PyTorch, TensorFlow >= 2.0, or Flax have been found. Models won't be available and only tokenizers, configuration and file/data utilities can be used.
[2026-01-13 01:47:29] [INFO] ================================================================================
[2026-01-13 01:47:29] [INFO] Starting run_morphcloud_local.py
[2026-01-13 01:47:29] [INFO] ================================================================================
[2026-01-13 01:47:29] [INFO] Environment loaded
[2026-01-13 01:47:29] [INFO] Full command: /root/SorryDB/sorrydb/cli/run_morphcloud_local.py --repo-path /root/repo --sorry-json {"repo": {"remote": "https://github.com/PatrickMassot/GlimpseOfLean", "branch": "master", "commit": "38ee6e4afd371b18d831ae09244fcd223a1bc535", "lean_version": "v4.22.0"}, "location": {"path": "GlimpseOfLean/Exercises/Topics/RingTheory.lean", "start_line": 74, "start_column": 4, "end_line": 74, "end_column": 9}, "debug_info": {"goal": "R : Type u_1\nS : Type u_2\ninst\u271d\u00b2 : CommRing R\ninst\u271d\u00b9 : CommRing S\nT : Type u_3\ninst\u271d : CommRing T\ng : S \u2192+* T\nf : R \u2192+* S\n\u22a2 \u2200 (x y : R), g (f (x + y)) = g (f x) + g (f y)", "url": "https://github.com/PatrickMassot/GlimpseOfLean/blob/38ee6e4afd371b18d831ae09244fcd223a1bc535/GlimpseOfLean/Exercises/Topics/RingTheory.lean#L74"}, "metadata": {"blame_email_hash": "c28576c1d1dd", "blame_date": "2025-04-20T11:35:58+02:00", "inclusion_date": "2026-01-09T07:53:10.824114+00:00"}, "id": "93dc6a532525066bb37d011a6b2736bb7682fa18d621c08b6d5d04023e8c525f"} --agent-strategy {"name": "multi_tactic", "args": {}}
[2026-01-13 01:47:29] [INFO] Arguments parsed: repo_path=/root/repo, output_path=/root/repo/result.json
[2026-01-13 01:47:29] [INFO] Strategy spec: {"name": "multi_tactic", "args": {}}...
[2026-01-13 01:47:29] [INFO] Loading sorry data...
[2026-01-13 01:47:29] [INFO] Parsing sorry from JSON string...
[2026-01-13 01:47:29] [INFO] Sorry data parsed from JSON string
[2026-01-13 01:47:29] [INFO] Creating strategy from spec...
[2026-01-13 01:47:29] [INFO] Parsing strategy spec (length: 36 chars)
[2026-01-13 01:47:29] [INFO] Strategy name: multi_tactic
[2026-01-13 01:47:29] [INFO] Strategy args: {}
[2026-01-13 01:47:29] [INFO] Pass@k value: 1
[2026-01-13 01:47:29] [INFO] Creating strategy: multi_tactic
[2026-01-13 01:47:29] [INFO] Creating multi_tactic strategy with tactics: ['rfl', 'simp', 'simp_all', 'exact?', 'grind', 'ring', 'norm_num', 'omega', 'linarith', 'nlinarith', 'aesop']
[2026-01-13 01:47:29] [INFO] Strategies created: ['rfl', 'simp', 'simp_all', 'exact?', 'grind', 'ring', 'norm_num', 'omega', 'linarith', 'nlinarith', 'aesop']
[2026-01-13 01:47:29] [INFO] Pass@k value: 1
[2026-01-13 01:47:29] [INFO] Creating Sorry object...
[2026-01-13 01:47:29] [INFO] Sorry object created: id=93dc6a532525066bb37d011a6b2736bb7682fa18d621c08b6d5d04023e8c525f
[2026-01-13 01:47:29] [INFO] Sorry location: GlimpseOfLean/Exercises/Topics/RingTheory.lean:74
[2026-01-13 01:47:29] [INFO] Context before sorry (lines 69-74):
[2026-01-13 01:47:29] [INFO]   69:   map_mul' := by
[2026-01-13 01:47:29] [INFO]   70:     sorry
[2026-01-13 01:47:29] [INFO]   71:   map_zero' := by
[2026-01-13 01:47:29] [INFO]   72:     sorry
[2026-01-13 01:47:29] [INFO]   73:   map_add' := by
[2026-01-13 01:47:29] [INFO]   74:     sorry
[2026-01-13 01:47:29] [INFO] Sorry line:     sorry
[2026-01-13 01:47:29] [INFO] Sorry goal: R : Type u_1
S : Type u_2
inst✝² : CommRing R
inst✝¹ : CommRing S
T : Type u_3
inst✝ : CommRing T
g ...
[2026-01-13 01:47:29] [INFO] ========================================
[2026-01-13 01:47:29] [INFO] Trying strategy: rfl (up to 1 attempts)
[2026-01-13 01:47:29] [INFO] --------------------
[2026-01-13 01:47:29] [INFO] Strategy rfl, attempt 1/1
[2026-01-13 01:47:29] [INFO] Starting proof generation...
[2026-01-13 01:47:29] [INFO] Repository path: /root/repo
[2026-01-13 01:47:29] [INFO] Proof generation completed
[2026-01-13 01:47:29] [INFO] Generated proof:
[2026-01-13 01:47:29] [INFO] rfl
[2026-01-13 01:47:29] [INFO] Proof length: 3 chars
[2026-01-13 01:47:29] [INFO] Starting proof verification...
[2026-01-13 01:47:29] [INFO] Verifying at: GlimpseOfLean/Exercises/Topics/RingTheory.lean:74
[2026-01-13 01:47:29] [INFO] Using LEAN INTERACT verify
[2026-01-13 01:47:29] [INFO] Checking file
[2026-01-13 01:48:02] [INFO] Cannot build modified file <error line="74" column="4">
<code_line>    rfl</code_line>
<message>error: tactic 'rfl' failed, expected goal to be a binary relation</message>
</error>
R : Type u_1
S : Type u_2
inst✝² : CommRing R
inst✝¹ : CommRing S
T : Type u_3
inst✝ : CommRing T
g : S →+* T
f : R →+* S
⊢ ∀ (x y : R), g (f (x + y)) = g (f x) + g (f y)
Finset.mem_insert_of_mem.{u_1} {α : Type u_1} [DecidableEq α] {s : Finset α} {a b : α} (h : a ∈ s) : a ∈ insert b s
Finset.mem_insert_self.{u_1} {α : Type u_1} [DecidableEq α] (a : α) (s : Finset α) : a ∈ insert a s
[2026-01-13 01:48:02] [INFO] Proof verification completed
[2026-01-13 01:48:02] [INFO] Strategy rfl attempt 1: verified=False
[2026-01-13 01:48:02] [INFO] Verification message: Cannot build modified file: <error line="74" column="4">
<code_line>    rfl</code_line>
<message>error: tactic 'rfl' failed, expected goal to be a binary relation</message>
</error>
R : Type u_1
S : Type u_2
inst✝² : CommRing R
inst✝¹ : CommRing S
T : Type u_3
inst✝ : CommRing T
g : S →+* T
f : R →+* S
⊢ ∀ (x y : R), g (f (x + y)) = g (f x) + g (f y)
Finset.mem_insert_of_mem.{u_1} {α : Type u_1} [DecidableEq α] {s : Finset α} {a b : α} (h : a ∈ s) : a ∈ insert b s
Finset.mem_insert_self.{u_1} {α : Type u_1} [DecidableEq α] (a : α) (s : Finset α) : a ∈ insert a s

[2026-01-13 01:48:02] [INFO] Attempt 1 failed verification, continuing...
[2026-01-13 01:48:02] [INFO] ========================================
[2026-01-13 01:48:02] [INFO] Trying strategy: simp (up to 1 attempts)
[2026-01-13 01:48:02] [INFO] --------------------
[2026-01-13 01:48:02] [INFO] Strategy simp, attempt 1/1
[2026-01-13 01:48:02] [INFO] Starting proof generation...
[2026-01-13 01:48:02] [INFO] Repository path: /root/repo
[2026-01-13 01:48:02] [INFO] Proof generation completed
[2026-01-13 01:48:02] [INFO] Generated proof:
[2026-01-13 01:48:02] [INFO] simp
[2026-01-13 01:48:02] [INFO] Proof length: 4 chars
[2026-01-13 01:48:02] [INFO] Starting proof verification...
[2026-01-13 01:48:02] [INFO] Verifying at: GlimpseOfLean/Exercises/Topics/RingTheory.lean:74
[2026-01-13 01:48:02] [INFO] Using LEAN INTERACT verify
[2026-01-13 01:48:02] [INFO] Checking file
[2026-01-13 01:48:05] [INFO] Building REPL config
info: downloading https://releases.lean-lang.org/lean4/v4.21.0/lean-4.21.0-linux.tar.zst
info: installing /root/.elan/toolchains/leanprover--lean4---v4.21.0
[2026-01-13 01:49:08] [INFO] Updated version-specific REPL cache to commit 01f47235d43c9e04251ab0ecf3312a28c267b438
[2026-01-13 01:49:38] [INFO] Creating Lean server
[2026-01-13 01:49:38] [INFO] Reading original file with timeout 180
[2026-01-13 01:49:43] [INFO] Received response from original file
[2026-01-13 01:49:43] [INFO] Reading modified file
[2026-01-13 01:49:45] [INFO] Matching sorry index, but goals do not agree
[2026-01-13 01:49:45] [INFO] Proof verification completed
[2026-01-13 01:49:45] [INFO] Strategy simp attempt 1: verified=False
[2026-01-13 01:49:45] [INFO] Verification message: Matching sorry index, but goals do not agree
[2026-01-13 01:49:45] [INFO] Attempt 1 failed verification, continuing...
[2026-01-13 01:49:45] [INFO] ========================================
[2026-01-13 01:49:45] [INFO] Trying strategy: simp_all (up to 1 attempts)
[2026-01-13 01:49:45] [INFO] --------------------
[2026-01-13 01:49:45] [INFO] Strategy simp_all, attempt 1/1
[2026-01-13 01:49:45] [INFO] Starting proof generation...
[2026-01-13 01:49:45] [INFO] Repository path: /root/repo
[2026-01-13 01:49:45] [INFO] Proof generation completed
[2026-01-13 01:49:45] [INFO] Generated proof:
[2026-01-13 01:49:45] [INFO] simp_all
[2026-01-13 01:49:45] [INFO] Proof length: 8 chars
[2026-01-13 01:49:45] [INFO] Starting proof verification...
[2026-01-13 01:49:45] [INFO] Verifying at: GlimpseOfLean/Exercises/Topics/RingTheory.lean:74
[2026-01-13 01:49:45] [INFO] Using LEAN INTERACT verify
[2026-01-13 01:49:45] [INFO] Checking file
[2026-01-13 01:49:49] [INFO] Building REPL config
[2026-01-13 01:49:56] [INFO] Creating Lean server
[2026-01-13 01:49:56] [INFO] Reading original file with timeout 180
[2026-01-13 01:50:00] [INFO] Received response from original file
[2026-01-13 01:50:00] [INFO] Reading modified file
[2026-01-13 01:50:02] [INFO] Matching sorry index, but goals do not agree
[2026-01-13 01:50:02] [INFO] Proof verification completed
[2026-01-13 01:50:02] [INFO] Strategy simp_all attempt 1: verified=False
[2026-01-13 01:50:02] [INFO] Verification message: Matching sorry index, but goals do not agree
[2026-01-13 01:50:02] [INFO] Attempt 1 failed verification, continuing...
[2026-01-13 01:50:02] [INFO] ========================================
[2026-01-13 01:50:02] [INFO] Trying strategy: exact? (up to 1 attempts)
[2026-01-13 01:50:02] [INFO] --------------------
[2026-01-13 01:50:02] [INFO] Strategy exact?, attempt 1/1
[2026-01-13 01:50:02] [INFO] Starting proof generation...
[2026-01-13 01:50:02] [INFO] Repository path: /root/repo
[2026-01-13 01:50:02] [INFO] Proof generation completed
[2026-01-13 01:50:02] [INFO] Generated proof:
[2026-01-13 01:50:02] [INFO] exact?
[2026-01-13 01:50:02] [INFO] Proof length: 6 chars
[2026-01-13 01:50:02] [INFO] Starting proof verification...
[2026-01-13 01:50:02] [INFO] Verifying at: GlimpseOfLean/Exercises/Topics/RingTheory.lean:74
[2026-01-13 01:50:02] [INFO] Using LEAN INTERACT verify
[2026-01-13 01:50:02] [INFO] Checking file
[2026-01-13 01:50:17] [INFO] Cannot build modified file <error line="74" column="4">
<code_line>    exact?</code_line>
<message>error: `exact?` could not close the goal. Try `apply?` to see partial suggestions.</message>
</error>
Finset.mem_insert_of_mem.{u_1} {α : Type u_1} [DecidableEq α] {s : Finset α} {a b : α} (h : a ∈ s) : a ∈ insert b s
Finset.mem_insert_self.{u_1} {α : Type u_1} [DecidableEq α] (a : α) (s : Finset α) : a ∈ insert a s
[2026-01-13 01:50:17] [INFO] Proof verification completed
[2026-01-13 01:50:17] [INFO] Strategy exact? attempt 1: verified=False
[2026-01-13 01:50:17] [INFO] Verification message: Cannot build modified file: <error line="74" column="4">
<code_line>    exact?</code_line>
<message>error: `exact?` could not close the goal. Try `apply?` to see partial suggestions.</message>
</error>
Finset.mem_insert_of_mem.{u_1} {α : Type u_1} [DecidableEq α] {s : Finset α} {a b : α} (h : a ∈ s) : a ∈ insert b s
Finset.mem_insert_self.{u_1} {α : Type u_1} [DecidableEq α] (a : α) (s : Finset α) : a ∈ insert a s

[2026-01-13 01:50:17] [INFO] Attempt 1 failed verification, continuing...
[2026-01-13 01:50:17] [INFO] ========================================
[2026-01-13 01:50:17] [INFO] Trying strategy: grind (up to 1 attempts)
[2026-01-13 01:50:17] [INFO] --------------------
[2026-01-13 01:50:17] [INFO] Strategy grind, attempt 1/1
[2026-01-13 01:50:17] [INFO] Starting proof generation...
[2026-01-13 01:50:17] [INFO] Repository path: /root/repo
[2026-01-13 01:50:17] [INFO] Proof generation completed
[2026-01-13 01:50:17] [INFO] Generated proof:
[2026-01-13 01:50:17] [INFO] grind
[2026-01-13 01:50:17] [INFO] Proof length: 5 chars
[2026-01-13 01:50:17] [INFO] Starting proof verification...
[2026-01-13 01:50:17] [INFO] Verifying at: GlimpseOfLean/Exercises/Topics/RingTheory.lean:74
[2026-01-13 01:50:17] [INFO] Using LEAN INTERACT verify
[2026-01-13 01:50:17] [INFO] Checking file
[2026-01-13 01:50:22] [INFO] Cannot build modified file <error line="74" column="4">
<code_line>    grind</code_line>
<message>error: `grind` failed</message>
</error>
case grind
R : Type u_1
S : Type u_2
inst : CommRing R
inst_1 : CommRing S
T : Type u_3
inst_2 : CommRing T
g : S →+* T
f : R →+* S
x y : R
h : ¬g (f (x + y)) = g (f x) + g (f y)
⊢ False
[grind] Goal diagnostics
  [facts] Asserted facts
    [prop] ¬g (f (x + y)) = g (f x) + g (f y)
  [eqc] False propositions
    [prop] g (f (x + y)) = g (f x) + g (f y)
  [linarith] Linarith
    [linarith] Linarith assignment for `R`
      [assign] x := 0
      [assign] y := 0
    [linarith] Linarith assignment for `T`
      [assign] g (f x) := 0
      [assign] g (f y) := 0
      [assign] g (f (x + y)) := 1
Finset.mem_insert_of_mem.{u_1} {α : Type u_1} [DecidableEq α] {s : Finset α} {a b : α} (h : a ∈ s) : a ∈ insert b s
Finset.mem_insert_self.{u_1} {α : Type u_1} [DecidableEq α] (a : α) (s : Finset α) : a ∈ insert a s
[2026-01-13 01:50:22] [INFO] Proof verification completed
[2026-01-13 01:50:22] [INFO] Strategy grind attempt 1: verified=False
[2026-01-13 01:50:22] [INFO] Verification message: Cannot build modified file: <error line="74" column="4">
<code_line>    grind</code_line>
<message>error: `grind` failed</message>
</error>
case grind
R : Type u_1
S : Type u_2
inst : CommRing R
inst_1 : CommRing S
T : Type u_3
inst_2 : CommRing T
g : S →+* T
f : R →+* S
x y : R
h : ¬g (f (x + y)) = g (f x) + g (f y)
⊢ False
[grind] Goal diagnostics
  [facts] Asserted facts
    [prop] ¬g (f (x + y)) = g (f x) + g (f y)
  [eqc] False propositions
    [prop] g (f (x + y)) = g (f x) + g (f y)
  [linarith] Linarith
    [linarith] Linarith assignment for `R`
      [assign] x := 0
      [assign] y := 0
    [linarith] Linarith assignment for `T`
      [assign] g (f x) := 0
      [assign] g (f y) := 0
      [assign] g (f (x + y)) := 1
Finset.mem_insert_of_mem.{u_1} {α : Type u_1} [DecidableEq α] {s : Finset α} {a b : α} (h : a ∈ s) : a ∈ insert b s
Finset.mem_insert_self.{u_1} {α : Type u_1} [DecidableEq α] (a : α) (s : Finset α) : a ∈ insert a s

[2026-01-13 01:50:22] [INFO] Attempt 1 failed verification, continuing...
[2026-01-13 01:50:22] [INFO] ========================================
[2026-01-13 01:50:22] [INFO] Trying strategy: ring (up to 1 attempts)
[2026-01-13 01:50:22] [INFO] --------------------
[2026-01-13 01:50:22] [INFO] Strategy ring, attempt 1/1
[2026-01-13 01:50:22] [INFO] Starting proof generation...
[2026-01-13 01:50:22] [INFO] Repository path: /root/repo
[2026-01-13 01:50:22] [INFO] Proof generation completed
[2026-01-13 01:50:22] [INFO] Generated proof:
[2026-01-13 01:50:22] [INFO] ring
[2026-01-13 01:50:22] [INFO] Proof length: 4 chars
[2026-01-13 01:50:22] [INFO] Starting proof verification...
[2026-01-13 01:50:22] [INFO] Verifying at: GlimpseOfLean/Exercises/Topics/RingTheory.lean:74
[2026-01-13 01:50:22] [INFO] Using LEAN INTERACT verify
[2026-01-13 01:50:22] [INFO] Checking file
[2026-01-13 01:50:27] [INFO] Cannot build modified file <error line="73" column="14">
<code_line>  map_add' := by</code_line>
<message>error: unsolved goals</message>
</error>
R : Type u_1
S : Type u_2
inst✝² : CommRing R
inst✝¹ : CommRing S
T : Type u_3
inst✝ : CommRing T
g : S →+* T
f : R →+* S
⊢ ∀ (x y : R), g (f (x + y)) = g (f x) + g (f y)
Finset.mem_insert_of_mem.{u_1} {α : Type u_1} [DecidableEq α] {s : Finset α} {a b : α} (h : a ∈ s) : a ∈ insert b s
Finset.mem_insert_self.{u_1} {α : Type u_1} [DecidableEq α] (a : α) (s : Finset α) : a ∈ insert a s
[2026-01-13 01:50:27] [INFO] Proof verification completed
[2026-01-13 01:50:27] [INFO] Strategy ring attempt 1: verified=False
[2026-01-13 01:50:27] [INFO] Verification message: Cannot build modified file: <error line="73" column="14">
<code_line>  map_add' := by</code_line>
<message>error: unsolved goals</message>
</error>
R : Type u_1
S : Type u_2
inst✝² : CommRing R
inst✝¹ : CommRing S
T : Type u_3
inst✝ : CommRing T
g : S →+* T
f : R →+* S
⊢ ∀ (x y : R), g (f (x + y)) = g (f x) + g (f y)
Finset.mem_insert_of_mem.{u_1} {α : Type u_1} [DecidableEq α] {s : Finset α} {a b : α} (h : a ∈ s) : a ∈ insert b s
Finset.mem_insert_self.{u_1} {α : Type u_1} [DecidableEq α] (a : α) (s : Finset α) : a ∈ insert a s

[2026-01-13 01:50:27] [INFO] Attempt 1 failed verification, continuing...
[2026-01-13 01:50:27] [INFO] ========================================
[2026-01-13 01:50:27] [INFO] Trying strategy: norm_num (up to 1 attempts)
[2026-01-13 01:50:27] [INFO] --------------------
[2026-01-13 01:50:27] [INFO] Strategy norm_num, attempt 1/1
[2026-01-13 01:50:27] [INFO] Starting proof generation...
[2026-01-13 01:50:27] [INFO] Repository path: /root/repo
[2026-01-13 01:50:27] [INFO] Proof generation completed
[2026-01-13 01:50:27] [INFO] Generated proof:
[2026-01-13 01:50:27] [INFO] norm_num
[2026-01-13 01:50:27] [INFO] Proof length: 8 chars
[2026-01-13 01:50:27] [INFO] Starting proof verification...
[2026-01-13 01:50:27] [INFO] Verifying at: GlimpseOfLean/Exercises/Topics/RingTheory.lean:74
[2026-01-13 01:50:27] [INFO] Using LEAN INTERACT verify
[2026-01-13 01:50:27] [INFO] Checking file
[2026-01-13 01:50:32] [INFO] Building REPL config
[2026-01-13 01:50:37] [INFO] Creating Lean server
[2026-01-13 01:50:37] [INFO] Reading original file with timeout 180
[2026-01-13 01:50:42] [INFO] Received response from original file
[2026-01-13 01:50:42] [INFO] Reading modified file
[2026-01-13 01:50:44] [INFO] Matching sorry index, but goals do not agree
[2026-01-13 01:50:44] [INFO] Proof verification completed
[2026-01-13 01:50:44] [INFO] Strategy norm_num attempt 1: verified=False
[2026-01-13 01:50:44] [INFO] Verification message: Matching sorry index, but goals do not agree
[2026-01-13 01:50:44] [INFO] Attempt 1 failed verification, continuing...
[2026-01-13 01:50:44] [INFO] ========================================
[2026-01-13 01:50:44] [INFO] Trying strategy: omega (up to 1 attempts)
[2026-01-13 01:50:44] [INFO] --------------------
[2026-01-13 01:50:44] [INFO] Strategy omega, attempt 1/1
[2026-01-13 01:50:44] [INFO] Starting proof generation...
[2026-01-13 01:50:44] [INFO] Repository path: /root/repo
[2026-01-13 01:50:44] [INFO] Proof generation completed
[2026-01-13 01:50:44] [INFO] Generated proof:
[2026-01-13 01:50:44] [INFO] omega
[2026-01-13 01:50:44] [INFO] Proof length: 5 chars
[2026-01-13 01:50:44] [INFO] Starting proof verification...
[2026-01-13 01:50:44] [INFO] Verifying at: GlimpseOfLean/Exercises/Topics/RingTheory.lean:74
[2026-01-13 01:50:44] [INFO] Using LEAN INTERACT verify
[2026-01-13 01:50:44] [INFO] Checking file
[2026-01-13 01:50:48] [INFO] Cannot build modified file <error line="74" column="4">
<code_line>    omega</code_line>
<message>error: omega could not prove the goal:</message>
</error>
No usable constraints found. You may need to unfold definitions so `omega` can see linear arithmetic facts about `Nat` and `Int`, which may also involve multiplication, division, and modular remainder by constants.
Finset.mem_insert_of_mem.{u_1} {α : Type u_1} [DecidableEq α] {s : Finset α} {a b : α} (h : a ∈ s) : a ∈ insert b s
Finset.mem_insert_self.{u_1} {α : Type u_1} [DecidableEq α] (a : α) (s : Finset α) : a ∈ insert a s
[2026-01-13 01:50:48] [INFO] Proof verification completed
[2026-01-13 01:50:48] [INFO] Strategy omega attempt 1: verified=False
[2026-01-13 01:50:48] [INFO] Verification message: Cannot build modified file: <error line="74" column="4">
<code_line>    omega</code_line>
<message>error: omega could not prove the goal:</message>
</error>
No usable constraints found. You may need to unfold definitions so `omega` can see linear arithmetic facts about `Nat` and `Int`, which may also involve multiplication, division, and modular remainder by constants.
Finset.mem_insert_of_mem.{u_1} {α : Type u_1} [DecidableEq α] {s : Finset α} {a b : α} (h : a ∈ s) : a ∈ insert b s
Finset.mem_insert_self.{u_1} {α : Type u_1} [DecidableEq α] (a : α) (s : Finset α) : a ∈ insert a s

[2026-01-13 01:50:48] [INFO] Attempt 1 failed verification, continuing...
[2026-01-13 01:50:48] [INFO] ========================================
[2026-01-13 01:50:48] [INFO] Trying strategy: linarith (up to 1 attempts)
[2026-01-13 01:50:48] [INFO] --------------------
[2026-01-13 01:50:48] [INFO] Strategy linarith, attempt 1/1
[2026-01-13 01:50:48] [INFO] Starting proof generation...
[2026-01-13 01:50:48] [INFO] Repository path: /root/repo
[2026-01-13 01:50:48] [INFO] Proof generation completed
[2026-01-13 01:50:48] [INFO] Generated proof:
[2026-01-13 01:50:48] [INFO] linarith
[2026-01-13 01:50:48] [INFO] Proof length: 8 chars
[2026-01-13 01:50:48] [INFO] Starting proof verification...
[2026-01-13 01:50:48] [INFO] Verifying at: GlimpseOfLean/Exercises/Topics/RingTheory.lean:74
[2026-01-13 01:50:48] [INFO] Using LEAN INTERACT verify
[2026-01-13 01:50:48] [INFO] Checking file
[2026-01-13 01:50:54] [INFO] Cannot build modified file <error line="74" column="4">
<code_line>    linarith</code_line>
<message>error: linarith failed to find a contradiction</message>
</error>
R : Type u_1
S : Type u_2
inst✝² : CommRing R
inst✝¹ : CommRing S
T : Type u_3
inst✝ : CommRing T
g : S →+* T
f : R →+* S
⊢ False
failed
Finset.mem_insert_of_mem.{u_1} {α : Type u_1} [DecidableEq α] {s : Finset α} {a b : α} (h : a ∈ s) : a ∈ insert b s
Finset.mem_insert_self.{u_1} {α : Type u_1} [DecidableEq α] (a : α) (s : Finset α) : a ∈ insert a s
[2026-01-13 01:50:54] [INFO] Proof verification completed
[2026-01-13 01:50:54] [INFO] Strategy linarith attempt 1: verified=False
[2026-01-13 01:50:54] [INFO] Verification message: Cannot build modified file: <error line="74" column="4">
<code_line>    linarith</code_line>
<message>error: linarith failed to find a contradiction</message>
</error>
R : Type u_1
S : Type u_2
inst✝² : CommRing R
inst✝¹ : CommRing S
T : Type u_3
inst✝ : CommRing T
g : S →+* T
f : R →+* S
⊢ False
failed
Finset.mem_insert_of_mem.{u_1} {α : Type u_1} [DecidableEq α] {s : Finset α} {a b : α} (h : a ∈ s) : a ∈ insert b s
Finset.mem_insert_self.{u_1} {α : Type u_1} [DecidableEq α] (a : α) (s : Finset α) : a ∈ insert a s

[2026-01-13 01:50:54] [INFO] Attempt 1 failed verification, continuing...
[2026-01-13 01:50:54] [INFO] ========================================
[2026-01-13 01:50:54] [INFO] Trying strategy: nlinarith (up to 1 attempts)
[2026-01-13 01:50:54] [INFO] --------------------
[2026-01-13 01:50:54] [INFO] Strategy nlinarith, attempt 1/1
[2026-01-13 01:50:54] [INFO] Starting proof generation...
[2026-01-13 01:50:54] [INFO] Repository path: /root/repo
[2026-01-13 01:50:54] [INFO] Proof generation completed
[2026-01-13 01:50:54] [INFO] Generated proof:
[2026-01-13 01:50:54] [INFO] nlinarith
[2026-01-13 01:50:54] [INFO] Proof length: 9 chars
[2026-01-13 01:50:54] [INFO] Starting proof verification...
[2026-01-13 01:50:54] [INFO] Verifying at: GlimpseOfLean/Exercises/Topics/RingTheory.lean:74
[2026-01-13 01:50:54] [INFO] Using LEAN INTERACT verify
[2026-01-13 01:50:54] [INFO] Checking file
[2026-01-13 01:50:58] [INFO] Cannot build modified file <error line="74" column="4">
<code_line>    nlinarith</code_line>
<message>error: linarith failed to find a contradiction</message>
</error>
R : Type u_1
S : Type u_2
inst✝² : CommRing R
inst✝¹ : CommRing S
T : Type u_3
inst✝ : CommRing T
g : S →+* T
f : R →+* S
⊢ False
failed
Finset.mem_insert_of_mem.{u_1} {α : Type u_1} [DecidableEq α] {s : Finset α} {a b : α} (h : a ∈ s) : a ∈ insert b s
Finset.mem_insert_self.{u_1} {α : Type u_1} [DecidableEq α] (a : α) (s : Finset α) : a ∈ insert a s
[2026-01-13 01:50:58] [INFO] Proof verification completed
[2026-01-13 01:50:58] [INFO] Strategy nlinarith attempt 1: verified=False
[2026-01-13 01:50:58] [INFO] Verification message: Cannot build modified file: <error line="74" column="4">
<code_line>    nlinarith</code_line>
<message>error: linarith failed to find a contradiction</message>
</error>
R : Type u_1
S : Type u_2
inst✝² : CommRing R
inst✝¹ : CommRing S
T : Type u_3
inst✝ : CommRing T
g : S →+* T
f : R →+* S
⊢ False
failed
Finset.mem_insert_of_mem.{u_1} {α : Type u_1} [DecidableEq α] {s : Finset α} {a b : α} (h : a ∈ s) : a ∈ insert b s
Finset.mem_insert_self.{u_1} {α : Type u_1} [DecidableEq α] (a : α) (s : Finset α) : a ∈ insert a s

[2026-01-13 01:50:58] [INFO] Attempt 1 failed verification, continuing...
[2026-01-13 01:50:58] [INFO] ========================================
[2026-01-13 01:50:58] [INFO] Trying strategy: aesop (up to 1 attempts)
[2026-01-13 01:50:58] [INFO] --------------------
[2026-01-13 01:50:58] [INFO] Strategy aesop, attempt 1/1
[2026-01-13 01:50:58] [INFO] Starting proof generation...
[2026-01-13 01:50:58] [INFO] Repository path: /root/repo
[2026-01-13 01:50:58] [INFO] Proof generation completed
[2026-01-13 01:50:58] [INFO] Generated proof:
[2026-01-13 01:50:58] [INFO] aesop
[2026-01-13 01:50:58] [INFO] Proof length: 5 chars
[2026-01-13 01:50:58] [INFO] Starting proof verification...
[2026-01-13 01:50:58] [INFO] Verifying at: GlimpseOfLean/Exercises/Topics/RingTheory.lean:74
[2026-01-13 01:50:58] [INFO] Using LEAN INTERACT verify
[2026-01-13 01:50:58] [INFO] Checking file
[2026-01-13 01:51:04] [INFO] Building REPL config
[2026-01-13 01:51:11] [INFO] Creating Lean server
[2026-01-13 01:51:11] [INFO] Reading original file with timeout 180
[2026-01-13 01:51:15] [INFO] Received response from original file
[2026-01-13 01:51:15] [INFO] Reading modified file
[2026-01-13 01:51:17] [INFO] Matching sorry index, but goals do not agree
[2026-01-13 01:51:17] [INFO] Proof verification completed
[2026-01-13 01:51:17] [INFO] Strategy aesop attempt 1: verified=False
[2026-01-13 01:51:17] [INFO] Verification message: Matching sorry index, but goals do not agree
[2026-01-13 01:51:17] [INFO] Attempt 1 failed verification, continuing...
[2026-01-13 01:51:17] [INFO] ========================================
[2026-01-13 01:51:17] [INFO] Pass@k completed. Total results: 1
[2026-01-13 01:51:17] [INFO] FAILED: All 11 strategies x 1 attempts
[2026-01-13 01:51:17] [INFO] Writing results to file: /root/repo/result.json
[2026-01-13 01:51:17] [INFO] Result file written successfully
[2026-01-13 01:51:17] [INFO] Results exported to: /root/repo/result.json
[2026-01-13 01:51:17] [INFO] run_morphcloud_local.py completed successfully

[2026-01-13 01:51:20] [process_single_sorry] Downloading result file...
[2026-01-13 01:51:20] [process_single_sorry] Downloaded result to intermediate_experiment_outputs_full_reservoir_3_months/multi_tactic/2026-01-13_01-27-45_multi_tactic/individual/93dc6a532525066bb37d011a6b2736bb7682fa18d621c08b6d5d04023e8c525f.json
[2026-01-13 01:51:23] [process_single_sorry] Instance context closed successfully
[2026-01-13 01:51:23] [process_single_sorry] Parsing result file...
[2026-01-13 01:51:23] [process_single_sorry] Successfully parsed result (list format, 1 results)
