[2026-01-13 04:08:14] [process_single_sorry] Starting for sorry c59a0f54ccb28acade3f221266624d47f842f9899e41c458eed591c3c821d1c8
[2026-01-13 04:08:14] [process_single_sorry] Using snapshot: snapshot_fove3zen
[2026-01-13 04:08:14] [process_single_sorry] Repository: https://github.com/knowsys/Formale-Systeme-in-LEAN@ba05b7c08b42f31c9886795e9462fd5f82628bb7
[2026-01-13 04:08:14] [process_single_sorry] Instance name: Formale-Systeme-in-LEAN_ba05b7c08b42_multi_tactic_c59a0f54ccb28acade3f221266624d47f842f9899e41c458eed591c3c821d1c8
[2026-01-13 04:08:14] [process_single_sorry] Starting attempt 1/3
[2026-01-13 04:08:14] [process_single_sorry] Starting instance from snapshot...
[2026-01-13 04:08:14] [process_single_sorry] Instance started successfully: morphvm_5tckq6rg
[2026-01-13 04:08:14] [process_single_sorry] Creating .env file...
[2026-01-13 04:08:17] [process_single_sorry] .env file created (exit_code: 0)
[2026-01-13 04:08:17] [process_single_sorry] Executing agent command...
[2026-01-13 04:09:46] [process_single_sorry] Agent command completed (exit_code: 0)
[2026-01-13 04:09:46] [process_single_sorry] STDOUT:

Results JSON:
[
  {
    "sorry": {
      "repo": {
        "remote": "https://github.com/knowsys/Formale-Systeme-in-LEAN",
        "branch": "main",
        "commit": "ba05b7c08b42f31c9886795e9462fd5f82628bb7",
        "lean_version": "v4.24.0"
      },
      "location": {
        "path": "FormaleSystemeInLean/Chomsky/ContextFree/Theorems.lean",
        "start_line": 382,
        "start_column": 10,
        "end_line": 382,
        "end_column": 15
      },
      "debug_info": {
        "goal": "α : Type\nlanguage : ContextFreeLanguage α\nh_eps_not_in_language : ε ∉ ↑language\nnt : Type\ncfg : ContextFreeGrammar α nt\nh_cfg_gen_is_lang : coerceLang α cfg.Z cfg.GeneratedLanguage = ↑language\nnt₂ : Type\nh_eps_not_gen : ε ∉ cfg.GeneratedLanguage\ncfg_CNF : { cfg₂ // isInChomskyNormalForm α nt₂ cfg₂ } := generate_equivalent_CNF α nt nt₂ ⟨cfg, h_eps_not_gen⟩\nh_cfg_CNF_gen_is_lang :\n  coerceLang α cfg.Z cfg.GeneratedLanguage = coerceLang α (↑cfg_CNF).Z (↑cfg_CNF).GeneratedLanguage\nz : ↑{z | z ∈ ↑language ∧ z.len ≥ 2 ^ (↑cfg_CNF).V.card}\nz₂ : Word { x // x ∈ (↑cfg_CNF).Z }\nz₂_mem✝ : z₂ ∈ (↑cfg_CNF).GeneratedLanguage ∧ coerceWord α (↑cfg_CNF).Z z₂ = ↑z\nz_eq_z₂ : coerceWord α (↑cfg_CNF).Z z₂ = ↑z\nz₂_mem :\n  ∀ {p : Prop},\n    (∀ (a : Inhabited ((↑cfg_CNF).ContextFreeDerivation [Sum.inl (↑cfg_CNF).start] (Sum.inr <$> z₂))), p) → p\nh_exists_deriv_z₂ : Inhabited ((↑cfg_CNF).ContextFreeDerivation [Sum.inl (↑cfg_CNF).start] (Sum.inr <$> z₂))\ndefault_deriv_z₂ : (↑cfg_CNF).ContextFreeDerivation [Sum.inl (↑cfg_CNF).start] (Sum.inr <$> z₂) := default\nproof_exhaustive : default_deriv_z₂.exhaustiveCondition\ndefault_derivTree_z₂ : (↑cfg_CNF).DerivationTree := default_deriv_z₂.toDerivationTree proof_exhaustive ⋯\ndefaultDerivTree_z₂_respects_result :\n  (default_deriv_z₂.toDerivationTree proof_exhaustive ⋯).result = (Sum.inr <$> z₂).VZtoZ proof_exhaustive\nx✝ : DecidableEq { x // x ∈ (↑cfg_CNF).V } := sorry\ndefaultDerivTree_z₂_respects_start : ContextFreeGrammar.DerivationTree.startingSymbol ⋯ = (↑cfg_CNF).start\nlemma_deriv_leaf_count : default_derivTree_z₂.result.len = default_derivTree_z₂.collectLeaves'.length\nlemma_deriv_log : ∃ path, path.derivation.length ≥ z₂.len.log2\nlemma_multiple_var :\n  default_deriv_z₂.length ≥ (↑cfg_CNF).V.card → ∃ var u' u'' deriv₁ deriv₂ deriv₃, Sum.inl var ∈ u' ∧ Sum.inl var ∈ u''\n⊢ ∃ u v w x y,\n    ↑z = u * v * w * x * y ∧\n      (v * x).len ≥ 1 ∧ (v * w * x).len ≤ 2 ^ (↑cfg_CNF).V.card ∧ ∀ (k : ℕ), u * v ^ k * w * x ^ k * y ∈ ↑language",
        "url": "https://github.com/knowsys/Formale-Systeme-in-LEAN/blob/ba05b7c08b42f31c9886795e9462fd5f82628bb7/FormaleSystemeInLean/Chomsky/ContextFree/Theorems.lean#L382"
      },
      "metadata": {
        "blame_email_hash": "aec9bd29b56a",
        "blame_date": "2024-07-11T15:19:22+02:00",
        "inclusion_date": "2026-01-10T14:08:07.173266+00:00"
      },
      "id": "c59a0f54ccb28acade3f221266624d47f842f9899e41c458eed591c3c821d1c8"
    },
    "proof": null,
    "proof_verified": false,
    "feedback": null,
    "verification_message": "All 11 attempts failed (11 strategies x 1 attempts each)",
    "success": true,
    "error_type": null,
    "error_message": null,
    "strategy_name": "all_failed_k=1",
    "proof_attempts": [
      "rfl",
      "simp",
      "simp_all",
      "exact?",
      "grind",
      "ring",
      "norm_num",
      "omega",
      "linarith",
      "nlinarith",
      "aesop"
    ]
  }
]

[2026-01-13 04:09:46] [process_single_sorry] STDERR:
None of PyTorch, TensorFlow >= 2.0, or Flax have been found. Models won't be available and only tokenizers, configuration and file/data utilities can be used.
[2026-01-13 04:08:29] [INFO] ================================================================================
[2026-01-13 04:08:29] [INFO] Starting run_morphcloud_local.py
[2026-01-13 04:08:29] [INFO] ================================================================================
[2026-01-13 04:08:29] [INFO] Environment loaded
[2026-01-13 04:08:29] [INFO] Full command: /root/SorryDB/sorrydb/cli/run_morphcloud_local.py --repo-path /root/repo --sorry-json {"repo": {"remote": "https://github.com/knowsys/Formale-Systeme-in-LEAN", "branch": "main", "commit": "ba05b7c08b42f31c9886795e9462fd5f82628bb7", "lean_version": "v4.24.0"}, "location": {"path": "FormaleSystemeInLean/Chomsky/ContextFree/Theorems.lean", "start_line": 382, "start_column": 10, "end_line": 382, "end_column": 15}, "debug_info": {"goal": "\u03b1 : Type\nlanguage : ContextFreeLanguage \u03b1\nh_eps_not_in_language : \u03b5 \u2209 \u2191language\nnt : Type\ncfg : ContextFreeGrammar \u03b1 nt\nh_cfg_gen_is_lang : coerceLang \u03b1 cfg.Z cfg.GeneratedLanguage = \u2191language\nnt\u2082 : Type\nh_eps_not_gen : \u03b5 \u2209 cfg.GeneratedLanguage\ncfg_CNF : { cfg\u2082 // isInChomskyNormalForm \u03b1 nt\u2082 cfg\u2082 } := generate_equivalent_CNF \u03b1 nt nt\u2082 \u27e8cfg, h_eps_not_gen\u27e9\nh_cfg_CNF_gen_is_lang :\n  coerceLang \u03b1 cfg.Z cfg.GeneratedLanguage = coerceLang \u03b1 (\u2191cfg_CNF).Z (\u2191cfg_CNF).GeneratedLanguage\nz : \u2191{z | z \u2208 \u2191language \u2227 z.len \u2265 2 ^ (\u2191cfg_CNF).V.card}\nz\u2082 : Word { x // x \u2208 (\u2191cfg_CNF).Z }\nz\u2082_mem\u271d : z\u2082 \u2208 (\u2191cfg_CNF).GeneratedLanguage \u2227 coerceWord \u03b1 (\u2191cfg_CNF).Z z\u2082 = \u2191z\nz_eq_z\u2082 : coerceWord \u03b1 (\u2191cfg_CNF).Z z\u2082 = \u2191z\nz\u2082_mem :\n  \u2200 {p : Prop},\n    (\u2200 (a : Inhabited ((\u2191cfg_CNF).ContextFreeDerivation [Sum.inl (\u2191cfg_CNF).start] (Sum.inr <$> z\u2082))), p) \u2192 p\nh_exists_deriv_z\u2082 : Inhabited ((\u2191cfg_CNF).ContextFreeDerivation [Sum.inl (\u2191cfg_CNF).start] (Sum.inr <$> z\u2082))\ndefault_deriv_z\u2082 : (\u2191cfg_CNF).ContextFreeDerivation [Sum.inl (\u2191cfg_CNF).start] (Sum.inr <$> z\u2082) := default\nproof_exhaustive : default_deriv_z\u2082.exhaustiveCondition\ndefault_derivTree_z\u2082 : (\u2191cfg_CNF).DerivationTree := default_deriv_z\u2082.toDerivationTree proof_exhaustive \u22ef\ndefaultDerivTree_z\u2082_respects_result :\n  (default_deriv_z\u2082.toDerivationTree proof_exhaustive \u22ef).result = (Sum.inr <$> z\u2082).VZtoZ proof_exhaustive\nx\u271d : DecidableEq { x // x \u2208 (\u2191cfg_CNF).V } := sorry\ndefaultDerivTree_z\u2082_respects_start : ContextFreeGrammar.DerivationTree.startingSymbol \u22ef = (\u2191cfg_CNF).start\nlemma_deriv_leaf_count : default_derivTree_z\u2082.result.len = default_derivTree_z\u2082.collectLeaves'.length\nlemma_deriv_log : \u2203 path, path.derivation.length \u2265 z\u2082.len.log2\nlemma_multiple_var :\n  default_deriv_z\u2082.length \u2265 (\u2191cfg_CNF).V.card \u2192 \u2203 var u' u'' deriv\u2081 deriv\u2082 deriv\u2083, Sum.inl var \u2208 u' \u2227 Sum.inl var \u2208 u''\n\u22a2 \u2203 u v w x y,\n    \u2191z = u * v * w * x * y \u2227\n      (v * x).len \u2265 1 \u2227 (v * w * x).len \u2264 2 ^ (\u2191cfg_CNF).V.card \u2227 \u2200 (k : \u2115), u * v ^ k * w * x ^ k * y \u2208 \u2191language", "url": "https://github.com/knowsys/Formale-Systeme-in-LEAN/blob/ba05b7c08b42f31c9886795e9462fd5f82628bb7/FormaleSystemeInLean/Chomsky/ContextFree/Theorems.lean#L382"}, "metadata": {"blame_email_hash": "aec9bd29b56a", "blame_date": "2024-07-11T15:19:22+02:00", "inclusion_date": "2026-01-10T14:08:07.173266+00:00"}, "id": "c59a0f54ccb28acade3f221266624d47f842f9899e41c458eed591c3c821d1c8"} --agent-strategy {"name": "multi_tactic", "args": {}}
[2026-01-13 04:08:29] [INFO] Arguments parsed: repo_path=/root/repo, output_path=/root/repo/result.json
[2026-01-13 04:08:29] [INFO] Strategy spec: {"name": "multi_tactic", "args": {}}...
[2026-01-13 04:08:29] [INFO] Loading sorry data...
[2026-01-13 04:08:29] [INFO] Parsing sorry from JSON string...
[2026-01-13 04:08:29] [INFO] Sorry data parsed from JSON string
[2026-01-13 04:08:29] [INFO] Creating strategy from spec...
[2026-01-13 04:08:29] [INFO] Parsing strategy spec (length: 36 chars)
[2026-01-13 04:08:29] [INFO] Strategy name: multi_tactic
[2026-01-13 04:08:29] [INFO] Strategy args: {}
[2026-01-13 04:08:29] [INFO] Pass@k value: 1
[2026-01-13 04:08:29] [INFO] Creating strategy: multi_tactic
[2026-01-13 04:08:29] [INFO] Creating multi_tactic strategy with tactics: ['rfl', 'simp', 'simp_all', 'exact?', 'grind', 'ring', 'norm_num', 'omega', 'linarith', 'nlinarith', 'aesop']
[2026-01-13 04:08:29] [INFO] Strategies created: ['rfl', 'simp', 'simp_all', 'exact?', 'grind', 'ring', 'norm_num', 'omega', 'linarith', 'nlinarith', 'aesop']
[2026-01-13 04:08:29] [INFO] Pass@k value: 1
[2026-01-13 04:08:29] [INFO] Creating Sorry object...
[2026-01-13 04:08:29] [INFO] Sorry object created: id=c59a0f54ccb28acade3f221266624d47f842f9899e41c458eed591c3c821d1c8
[2026-01-13 04:08:29] [INFO] Sorry location: FormaleSystemeInLean/Chomsky/ContextFree/Theorems.lean:382
[2026-01-13 04:08:29] [INFO] Context before sorry (lines 377-382):
[2026-01-13 04:08:29] [INFO]   377:           --• Wir können annehmen, dass das obere doppelte Vorkommen der gewählten
[2026-01-13 04:08:29] [INFO]   378:           --Variable maximal |V| Schritte von der vorletzten Ebene (d.h. der letzten im inneren
[2026-01-13 04:08:29] [INFO]   379:           --Binärbaum) entfernt ist
[2026-01-13 04:08:29] [INFO]   380:           --• Also kann der Baum unterhalb dieses Vorkommens maximal 2|V| = n Blätter haben
[2026-01-13 04:08:29] [INFO]   381:           --(dies sind die Symbole in vwx)
[2026-01-13 04:08:29] [INFO]   382:           sorry
[2026-01-13 04:08:29] [INFO] Sorry line:           sorry
[2026-01-13 04:08:29] [INFO] Sorry goal: α : Type
language : ContextFreeLanguage α
h_eps_not_in_language : ε ∉ ↑language
nt : Type
cfg : Cont...
[2026-01-13 04:08:29] [INFO] ========================================
[2026-01-13 04:08:29] [INFO] Trying strategy: rfl (up to 1 attempts)
[2026-01-13 04:08:29] [INFO] --------------------
[2026-01-13 04:08:29] [INFO] Strategy rfl, attempt 1/1
[2026-01-13 04:08:29] [INFO] Starting proof generation...
[2026-01-13 04:08:29] [INFO] Repository path: /root/repo
[2026-01-13 04:08:29] [INFO] Proof generation completed
[2026-01-13 04:08:29] [INFO] Generated proof:
[2026-01-13 04:08:29] [INFO] rfl
[2026-01-13 04:08:29] [INFO] Proof length: 3 chars
[2026-01-13 04:08:29] [INFO] Starting proof verification...
[2026-01-13 04:08:29] [INFO] Verifying at: FormaleSystemeInLean/Chomsky/ContextFree/Theorems.lean:382
[2026-01-13 04:08:29] [INFO] Using LEAN INTERACT verify
[2026-01-13 04:08:29] [INFO] Checking file
[2026-01-13 04:08:41] [INFO] Cannot build modified file <error line="382" column="10">
<code_line>          rfl</code_line>
<message>error: Tactic `rfl` failed: The left-hand side</message>
</error>
  Word α
is not definitionally equal to the right-hand side
  fun u =>
    ∃ v w x y,
      ↑z = u * v * w * x * y ∧
        (v * x).len ≥ 1 ∧ (v * w * x).len ≤ 2 ^ (↑cfg_CNF).V.card ∧ ∀ (k : ℕ), u * v ^ k * w * x ^ k * y ∈ ↑language

α : Type
language : ContextFreeLanguage
h_eps_not_in_language : ε ∉ ↑language
nt : Type
cfg : ContextFreeGrammar α nt
h_cfg_gen_is_lang : coerceLang cfg.GeneratedLanguage = ↑language
nt₂ : Type
h_eps_not_gen : ε ∉ cfg.GeneratedLanguage
cfg_CNF : { cfg₂ // isInChomskyNormalForm cfg₂ } := generate_equivalent_CNF ⟨cfg, h_eps_not_gen⟩
h_cfg_CNF_gen_is_lang : coerceLang cfg.GeneratedLanguage = coerceLang (↑cfg_CNF).GeneratedLanguage
z : ↑{z | z ∈ ↑language ∧ z.len ≥ 2 ^ (↑cfg_CNF).V.card}
z₂ : Word { x // x ∈ (↑cfg_CNF).Z }
z₂_mem✝ : z₂ ∈ (↑cfg_CNF).GeneratedLanguage ∧ coerceWord z₂ = ↑z
z_eq_z₂ : coerceWord z₂ = ↑z
z₂_mem :
  ∀ {p : Prop},
    (∀ (a : Inhabited ((↑cfg_CNF).ContextFreeDerivation [Sum.inl (↑cfg_CNF).start] (Sum.inr <$> z₂))), p) → p
h_exists_deriv_z₂ : Inhabited ((↑cfg_CNF).ContextFreeDerivation [Sum.inl (↑cfg_CNF).start] (Sum.inr <$> z₂))
default_deriv_z₂ : (↑cfg_CNF).ContextFreeDerivation [Sum.inl (↑cfg_CNF).start] (Sum.inr <$> z₂) := default
proof_exhaustive : default_deriv_z₂.exhaustiveCondition
default_derivTree_z₂ : (↑cfg_CNF).DerivationTree := default_deriv_z₂.toDerivationTree proof_exhaustive ⋯
defaultDerivTree_z₂_respects_result :
  (default_deriv_z₂.toDerivationTree proof_exhaustive ⋯).result = (Sum.inr <$> z₂).VZtoZ proof_exhaustive
x✝ : DecidableEq { x // x ∈ (↑cfg_CNF).V } := sorry
defaultDerivTree_z₂_respects_start : ContextFreeGrammar.DerivationTree.startingSymbol ⋯ = (↑cfg_CNF).start
lemma_deriv_leaf_count : default_derivTree_z₂.result.len = default_derivTree_z₂.collectLeaves'.length
lemma_deriv_log : ∃ path, path.derivation.length ≥ z₂.len.log2
lemma_multiple_var :
  default_deriv_z₂.length ≥ (↑cfg_CNF).V.card → ∃ var u' u'' deriv₁ deriv₂ deriv₃, Sum.inl var ∈ u' ∧ Sum.inl var ∈ u''
⊢ ∃ u v w x y,
    ↑z = u * v * w * x * y ∧
      (v * x).len ≥ 1 ∧ (v * w * x).len ≤ 2 ^ (↑cfg_CNF).V.card ∧ ∀ (k : ℕ), u * v ^ k * w * x ^ k * y ∈ ↑language
[2026-01-13 04:08:41] [INFO] Proof verification completed
[2026-01-13 04:08:41] [INFO] Strategy rfl attempt 1: verified=False
[2026-01-13 04:08:41] [INFO] Verification message: Cannot build modified file: <error line="382" column="10">
<code_line>          rfl</code_line>
<message>error: Tactic `rfl` failed: The left-hand side</message>
</error>
  Word α
is not definitionally equal to the right-hand side
  fun u =>
    ∃ v w x y,
      ↑z = u * v * w * x * y ∧
        (v * x).len ≥ 1 ∧ (v * w * x).len ≤ 2 ^ (↑cfg_CNF).V.card ∧ ∀ (k : ℕ), u * v ^ k * w * x ^ k * y ∈ ↑language

α : Type
language : ContextFreeLanguage
h_eps_not_in_language : ε ∉ ↑language
nt : Type
cfg : ContextFreeGrammar α nt
h_cfg_gen_is_lang : coerceLang cfg.GeneratedLanguage = ↑language
nt₂ : Type
h_eps_not_gen : ε ∉ cfg.GeneratedLanguage
cfg_CNF : { cfg₂ // isInChomskyNormalForm cfg₂ } := generate_equivalent_CNF ⟨cfg, h_eps_not_gen⟩
h_cfg_CNF_gen_is_lang : coerceLang cfg.GeneratedLanguage = coerceLang (↑cfg_CNF).GeneratedLanguage
z : ↑{z | z ∈ ↑language ∧ z.len ≥ 2 ^ (↑cfg_CNF).V.card}
z₂ : Word { x // x ∈ (↑cfg_CNF).Z }
z₂_mem✝ : z₂ ∈ (↑cfg_CNF).GeneratedLanguage ∧ coerceWord z₂ = ↑z
z_eq_z₂ : coerceWord z₂ = ↑z
z₂_mem :
  ∀ {p : Prop},
    (∀ (a : Inhabited ((↑cfg_CNF).ContextFreeDerivation [Sum.inl (↑cfg_CNF).start] (Sum.inr <$> z₂))), p) → p
h_exists_deriv_z₂ : Inhabited ((↑cfg_CNF).ContextFreeDerivation [Sum.inl (↑cfg_CNF).start] (Sum.inr <$> z₂))
default_deriv_z₂ : (↑cfg_CNF).ContextFreeDerivation [Sum.inl (↑cfg_CNF).start] (Sum.inr <$> z₂) := default
proof_exhaustive : default_deriv_z₂.exhaustiveCondition
default_derivTree_z₂ : (↑cfg_CNF).DerivationTree := default_deriv_z₂.toDerivationTree proof_exhaustive ⋯
defaultDerivTree_z₂_respects_result :
  (default_deriv_z₂.toDerivationTree proof_exhaustive ⋯).result = (Sum.inr <$> z₂).VZtoZ proof_exhaustive
x✝ : DecidableEq { x // x ∈ (↑cfg_CNF).V } := sorry
defaultDerivTree_z₂_respects_start : ContextFreeGrammar.DerivationTree.startingSymbol ⋯ = (↑cfg_CNF).start
lemma_deriv_leaf_count : default_derivTree_z₂.result.len = default_derivTree_z₂.collectLeaves'.length
lemma_deriv_log : ∃ path, path.derivation.length ≥ z₂.len.log2
lemma_multiple_var :
  default_deriv_z₂.length ≥ (↑cfg_CNF).V.card → ∃ var u' u'' deriv₁ deriv₂ deriv₃, Sum.inl var ∈ u' ∧ Sum.inl var ∈ u''
⊢ ∃ u v w x y,
    ↑z = u * v * w * x * y ∧
      (v * x).len ≥ 1 ∧ (v * w * x).len ≤ 2 ^ (↑cfg_CNF).V.card ∧ ∀ (k : ℕ), u * v ^ k * w * x ^ k * y ∈ ↑language

[2026-01-13 04:08:41] [INFO] Attempt 1 failed verification, continuing...
[2026-01-13 04:08:41] [INFO] ========================================
[2026-01-13 04:08:41] [INFO] Trying strategy: simp (up to 1 attempts)
[2026-01-13 04:08:41] [INFO] --------------------
[2026-01-13 04:08:41] [INFO] Strategy simp, attempt 1/1
[2026-01-13 04:08:41] [INFO] Starting proof generation...
[2026-01-13 04:08:41] [INFO] Repository path: /root/repo
[2026-01-13 04:08:41] [INFO] Proof generation completed
[2026-01-13 04:08:41] [INFO] Generated proof:
[2026-01-13 04:08:41] [INFO] simp
[2026-01-13 04:08:41] [INFO] Proof length: 4 chars
[2026-01-13 04:08:41] [INFO] Starting proof verification...
[2026-01-13 04:08:41] [INFO] Verifying at: FormaleSystemeInLean/Chomsky/ContextFree/Theorems.lean:382
[2026-01-13 04:08:41] [INFO] Using LEAN INTERACT verify
[2026-01-13 04:08:41] [INFO] Checking file
[2026-01-13 04:08:45] [INFO] Cannot build modified file <error line="322" column="17">
<code_line>          case f =></code_line>
<message>error: unsolved goals</message>
</error>
α : Type
language : ContextFreeLanguage
h_eps_not_in_language : ε ∉ ↑language
nt : Type
cfg : ContextFreeGrammar α nt
h_cfg_gen_is_lang : coerceLang cfg.GeneratedLanguage = ↑language
nt₂ : Type
h_eps_not_gen : ε ∉ cfg.GeneratedLanguage
cfg_CNF : { cfg₂ // isInChomskyNormalForm cfg₂ } := generate_equivalent_CNF ⟨cfg, h_eps_not_gen⟩
h_cfg_CNF_gen_is_lang : coerceLang cfg.GeneratedLanguage = coerceLang (↑cfg_CNF).GeneratedLanguage
z : ↑{z | z ∈ ↑language ∧ z.len ≥ 2 ^ (↑cfg_CNF).V.card}
z₂ : Word { x // x ∈ (↑cfg_CNF).Z }
z₂_mem✝ : z₂ ∈ (↑cfg_CNF).GeneratedLanguage ∧ coerceWord z₂ = ↑z
z_eq_z₂ : coerceWord z₂ = ↑z
z₂_mem :
  ∀ {p : Prop},
    (∀ (a : Inhabited ((↑cfg_CNF).ContextFreeDerivation [Sum.inl (↑cfg_CNF).start] (Sum.inr <$> z₂))), p) → p
h_exists_deriv_z₂ : Inhabited ((↑cfg_CNF).ContextFreeDerivation [Sum.inl (↑cfg_CNF).start] (Sum.inr <$> z₂))
default_deriv_z₂ : (↑cfg_CNF).ContextFreeDerivation [Sum.inl (↑cfg_CNF).start] (Sum.inr <$> z₂) := default
proof_exhaustive : default_deriv_z₂.exhaustiveCondition
default_derivTree_z₂ : (↑cfg_CNF).DerivationTree := default_deriv_z₂.toDerivationTree proof_exhaustive ⋯
defaultDerivTree_z₂_respects_result :
  (default_deriv_z₂.toDerivationTree proof_exhaustive ⋯).result = (Sum.inr <$> z₂).VZtoZ proof_exhaustive
x✝ : DecidableEq { x // x ∈ (↑cfg_CNF).V } := sorry
defaultDerivTree_z₂_respects_start : ContextFreeGrammar.DerivationTree.startingSymbol ⋯ = (↑cfg_CNF).start
lemma_deriv_leaf_count : default_derivTree_z₂.result.len = default_derivTree_z₂.collectLeaves'.length
lemma_deriv_log : ∃ path, path.derivation.length ≥ z₂.len.log2
lemma_multiple_var :
  default_deriv_z₂.length ≥ (↑cfg_CNF).V.card → ∃ var u' u'' deriv₁ deriv₂ deriv₃, Sum.inl var ∈ u' ∧ Sum.inl var ∈ u''
⊢ ∃ u v w x y,
    ↑z = u * v * w * x * y ∧
      1 ≤ (v * x).len ∧ (v * w * x).len ≤ 2 ^ (↑cfg_CNF).V.card ∧ ∀ (k : ℕ), u * v ^ k * w * x ^ k * y ∈ ↑language
[2026-01-13 04:08:45] [INFO] Proof verification completed
[2026-01-13 04:08:45] [INFO] Strategy simp attempt 1: verified=False
[2026-01-13 04:08:45] [INFO] Verification message: Cannot build modified file: <error line="322" column="17">
<code_line>          case f =></code_line>
<message>error: unsolved goals</message>
</error>
α : Type
language : ContextFreeLanguage
h_eps_not_in_language : ε ∉ ↑language
nt : Type
cfg : ContextFreeGrammar α nt
h_cfg_gen_is_lang : coerceLang cfg.GeneratedLanguage = ↑language
nt₂ : Type
h_eps_not_gen : ε ∉ cfg.GeneratedLanguage
cfg_CNF : { cfg₂ // isInChomskyNormalForm cfg₂ } := generate_equivalent_CNF ⟨cfg, h_eps_not_gen⟩
h_cfg_CNF_gen_is_lang : coerceLang cfg.GeneratedLanguage = coerceLang (↑cfg_CNF).GeneratedLanguage
z : ↑{z | z ∈ ↑language ∧ z.len ≥ 2 ^ (↑cfg_CNF).V.card}
z₂ : Word { x // x ∈ (↑cfg_CNF).Z }
z₂_mem✝ : z₂ ∈ (↑cfg_CNF).GeneratedLanguage ∧ coerceWord z₂ = ↑z
z_eq_z₂ : coerceWord z₂ = ↑z
z₂_mem :
  ∀ {p : Prop},
    (∀ (a : Inhabited ((↑cfg_CNF).ContextFreeDerivation [Sum.inl (↑cfg_CNF).start] (Sum.inr <$> z₂))), p) → p
h_exists_deriv_z₂ : Inhabited ((↑cfg_CNF).ContextFreeDerivation [Sum.inl (↑cfg_CNF).start] (Sum.inr <$> z₂))
default_deriv_z₂ : (↑cfg_CNF).ContextFreeDerivation [Sum.inl (↑cfg_CNF).start] (Sum.inr <$> z₂) := default
proof_exhaustive : default_deriv_z₂.exhaustiveCondition
default_derivTree_z₂ : (↑cfg_CNF).DerivationTree := default_deriv_z₂.toDerivationTree proof_exhaustive ⋯
defaultDerivTree_z₂_respects_result :
  (default_deriv_z₂.toDerivationTree proof_exhaustive ⋯).result = (Sum.inr <$> z₂).VZtoZ proof_exhaustive
x✝ : DecidableEq { x // x ∈ (↑cfg_CNF).V } := sorry
defaultDerivTree_z₂_respects_start : ContextFreeGrammar.DerivationTree.startingSymbol ⋯ = (↑cfg_CNF).start
lemma_deriv_leaf_count : default_derivTree_z₂.result.len = default_derivTree_z₂.collectLeaves'.length
lemma_deriv_log : ∃ path, path.derivation.length ≥ z₂.len.log2
lemma_multiple_var :
  default_deriv_z₂.length ≥ (↑cfg_CNF).V.card → ∃ var u' u'' deriv₁ deriv₂ deriv₃, Sum.inl var ∈ u' ∧ Sum.inl var ∈ u''
⊢ ∃ u v w x y,
    ↑z = u * v * w * x * y ∧
      1 ≤ (v * x).len ∧ (v * w * x).len ≤ 2 ^ (↑cfg_CNF).V.card ∧ ∀ (k : ℕ), u * v ^ k * w * x ^ k * y ∈ ↑language

[2026-01-13 04:08:45] [INFO] Attempt 1 failed verification, continuing...
[2026-01-13 04:08:45] [INFO] ========================================
[2026-01-13 04:08:45] [INFO] Trying strategy: simp_all (up to 1 attempts)
[2026-01-13 04:08:45] [INFO] --------------------
[2026-01-13 04:08:45] [INFO] Strategy simp_all, attempt 1/1
[2026-01-13 04:08:45] [INFO] Starting proof generation...
[2026-01-13 04:08:45] [INFO] Repository path: /root/repo
[2026-01-13 04:08:45] [INFO] Proof generation completed
[2026-01-13 04:08:45] [INFO] Generated proof:
[2026-01-13 04:08:45] [INFO] simp_all
[2026-01-13 04:08:45] [INFO] Proof length: 8 chars
[2026-01-13 04:08:45] [INFO] Starting proof verification...
[2026-01-13 04:08:45] [INFO] Verifying at: FormaleSystemeInLean/Chomsky/ContextFree/Theorems.lean:382
[2026-01-13 04:08:45] [INFO] Using LEAN INTERACT verify
[2026-01-13 04:08:45] [INFO] Checking file
[2026-01-13 04:08:52] [INFO] Cannot build modified file <error line="322" column="17">
<code_line>          case f =></code_line>
<message>error: unsolved goals</message>
</error>
α : Type
language : ContextFreeLanguage
h_eps_not_in_language : ε ∉ ↑language
nt : Type
cfg : ContextFreeGrammar α nt
nt₂ : Type
h_eps_not_gen : ε ∉ cfg.GeneratedLanguage
cfg_CNF : { cfg₂ // isInChomskyNormalForm cfg₂ } := generate_equivalent_CNF ⟨cfg, h_eps_not_gen⟩
z : ↑{z | z ∈ ↑language ∧ z.len ≥ 2 ^ (↑cfg_CNF).V.card}
z₂ : Word { x // x ∈ (↑cfg_CNF).Z }
z₂_mem : z₂ ∈ (↑cfg_CNF).GeneratedLanguage ∧ coerceWord z₂ = ↑z
h_exists_deriv_z₂ : Inhabited ((↑cfg_CNF).ContextFreeDerivation [Sum.inl (↑cfg_CNF).start] (Sum.inr <$> z₂))
default_deriv_z₂ : (↑cfg_CNF).ContextFreeDerivation [Sum.inl (↑cfg_CNF).start] (Sum.inr <$> z₂) := default
proof_exhaustive : default_deriv_z₂.exhaustiveCondition
default_derivTree_z₂ : (↑cfg_CNF).DerivationTree := default_deriv_z₂.toDerivationTree proof_exhaustive ⋯
defaultDerivTree_z₂_respects_result :
  (default_deriv_z₂.toDerivationTree proof_exhaustive ⋯).result = (Sum.inr <$> z₂).VZtoZ proof_exhaustive
x✝ : DecidableEq { x // x ∈ (↑cfg_CNF).V } := sorry
h_cfg_gen_is_lang : coerceLang (↑cfg_CNF).GeneratedLanguage = ↑language
h_cfg_CNF_gen_is_lang : coerceLang cfg.GeneratedLanguage = ↑language
defaultDerivTree_z₂_respects_start : ContextFreeGrammar.DerivationTree.startingSymbol ⋯ = (↑cfg_CNF).start
lemma_deriv_leaf_count : default_derivTree_z₂.result.len = default_derivTree_z₂.collectLeaves'.length
lemma_deriv_log : ∃ path, z₂.len.log2 ≤ path.derivation.length
lemma_multiple_var :
  (↑cfg_CNF).V.card ≤ default_deriv_z₂.length →
    ∃ a,
      ∃ (b : a ∈ (↑cfg_CNF).V),
        ∃ u',
          Sum.inl ⟨a, b⟩ ∈ u' ∧
            ∃ x,
              Nonempty ((↑cfg_CNF).ContextFreeDerivation x (List.map Sum.inr z₂)) ∧
                Nonempty ((↑cfg_CNF).ContextFreeDerivation u' x) ∧
                  Nonempty ((↑cfg_CNF).ContextFreeDerivation [Sum.inl (↑cfg_CNF).start] u') ∧ Sum.inl ⟨a, b⟩ ∈ x
⊢ ∃ u v w x y,
    ↑z = u * v * w * x * y ∧
      1 ≤ (v * x).len ∧ (v * w * x).len ≤ 2 ^ (↑cfg_CNF).V.card ∧ ∀ (k : ℕ), u * v ^ k * w * x ^ k * y ∈ ↑language
[2026-01-13 04:08:52] [INFO] Proof verification completed
[2026-01-13 04:08:52] [INFO] Strategy simp_all attempt 1: verified=False
[2026-01-13 04:08:52] [INFO] Verification message: Cannot build modified file: <error line="322" column="17">
<code_line>          case f =></code_line>
<message>error: unsolved goals</message>
</error>
α : Type
language : ContextFreeLanguage
h_eps_not_in_language : ε ∉ ↑language
nt : Type
cfg : ContextFreeGrammar α nt
nt₂ : Type
h_eps_not_gen : ε ∉ cfg.GeneratedLanguage
cfg_CNF : { cfg₂ // isInChomskyNormalForm cfg₂ } := generate_equivalent_CNF ⟨cfg, h_eps_not_gen⟩
z : ↑{z | z ∈ ↑language ∧ z.len ≥ 2 ^ (↑cfg_CNF).V.card}
z₂ : Word { x // x ∈ (↑cfg_CNF).Z }
z₂_mem : z₂ ∈ (↑cfg_CNF).GeneratedLanguage ∧ coerceWord z₂ = ↑z
h_exists_deriv_z₂ : Inhabited ((↑cfg_CNF).ContextFreeDerivation [Sum.inl (↑cfg_CNF).start] (Sum.inr <$> z₂))
default_deriv_z₂ : (↑cfg_CNF).ContextFreeDerivation [Sum.inl (↑cfg_CNF).start] (Sum.inr <$> z₂) := default
proof_exhaustive : default_deriv_z₂.exhaustiveCondition
default_derivTree_z₂ : (↑cfg_CNF).DerivationTree := default_deriv_z₂.toDerivationTree proof_exhaustive ⋯
defaultDerivTree_z₂_respects_result :
  (default_deriv_z₂.toDerivationTree proof_exhaustive ⋯).result = (Sum.inr <$> z₂).VZtoZ proof_exhaustive
x✝ : DecidableEq { x // x ∈ (↑cfg_CNF).V } := sorry
h_cfg_gen_is_lang : coerceLang (↑cfg_CNF).GeneratedLanguage = ↑language
h_cfg_CNF_gen_is_lang : coerceLang cfg.GeneratedLanguage = ↑language
defaultDerivTree_z₂_respects_start : ContextFreeGrammar.DerivationTree.startingSymbol ⋯ = (↑cfg_CNF).start
lemma_deriv_leaf_count : default_derivTree_z₂.result.len = default_derivTree_z₂.collectLeaves'.length
lemma_deriv_log : ∃ path, z₂.len.log2 ≤ path.derivation.length
lemma_multiple_var :
  (↑cfg_CNF).V.card ≤ default_deriv_z₂.length →
    ∃ a,
      ∃ (b : a ∈ (↑cfg_CNF).V),
        ∃ u',
          Sum.inl ⟨a, b⟩ ∈ u' ∧
            ∃ x,
              Nonempty ((↑cfg_CNF).ContextFreeDerivation x (List.map Sum.inr z₂)) ∧
                Nonempty ((↑cfg_CNF).ContextFreeDerivation u' x) ∧
                  Nonempty ((↑cfg_CNF).ContextFreeDerivation [Sum.inl (↑cfg_CNF).start] u') ∧ Sum.inl ⟨a, b⟩ ∈ x
⊢ ∃ u v w x y,
    ↑z = u * v * w * x * y ∧
      1 ≤ (v * x).len ∧ (v * w * x).len ≤ 2 ^ (↑cfg_CNF).V.card ∧ ∀ (k : ℕ), u * v ^ k * w * x ^ k * y ∈ ↑language

[2026-01-13 04:08:52] [INFO] Attempt 1 failed verification, continuing...
[2026-01-13 04:08:52] [INFO] ========================================
[2026-01-13 04:08:52] [INFO] Trying strategy: exact? (up to 1 attempts)
[2026-01-13 04:08:52] [INFO] --------------------
[2026-01-13 04:08:52] [INFO] Strategy exact?, attempt 1/1
[2026-01-13 04:08:52] [INFO] Starting proof generation...
[2026-01-13 04:08:52] [INFO] Repository path: /root/repo
[2026-01-13 04:08:52] [INFO] Proof generation completed
[2026-01-13 04:08:52] [INFO] Generated proof:
[2026-01-13 04:08:52] [INFO] exact?
[2026-01-13 04:08:52] [INFO] Proof length: 6 chars
[2026-01-13 04:08:52] [INFO] Starting proof verification...
[2026-01-13 04:08:52] [INFO] Verifying at: FormaleSystemeInLean/Chomsky/ContextFree/Theorems.lean:382
[2026-01-13 04:08:52] [INFO] Using LEAN INTERACT verify
[2026-01-13 04:08:52] [INFO] Checking file
[2026-01-13 04:09:10] [INFO] Cannot build modified file <error line="382" column="10">
<code_line>          exact?</code_line>
<message>error: `exact?` could not close the goal. Try `apply?` to see partial suggestions.</message>
</error>
[2026-01-13 04:09:10] [INFO] Proof verification completed
[2026-01-13 04:09:10] [INFO] Strategy exact? attempt 1: verified=False
[2026-01-13 04:09:10] [INFO] Verification message: Cannot build modified file: <error line="382" column="10">
<code_line>          exact?</code_line>
<message>error: `exact?` could not close the goal. Try `apply?` to see partial suggestions.</message>
</error>

[2026-01-13 04:09:10] [INFO] Attempt 1 failed verification, continuing...
[2026-01-13 04:09:10] [INFO] ========================================
[2026-01-13 04:09:10] [INFO] Trying strategy: grind (up to 1 attempts)
[2026-01-13 04:09:10] [INFO] --------------------
[2026-01-13 04:09:10] [INFO] Strategy grind, attempt 1/1
[2026-01-13 04:09:10] [INFO] Starting proof generation...
[2026-01-13 04:09:10] [INFO] Repository path: /root/repo
[2026-01-13 04:09:10] [INFO] Proof generation completed
[2026-01-13 04:09:10] [INFO] Generated proof:
[2026-01-13 04:09:10] [INFO] grind
[2026-01-13 04:09:10] [INFO] Proof length: 5 chars
[2026-01-13 04:09:10] [INFO] Starting proof verification...
[2026-01-13 04:09:10] [INFO] Verifying at: FormaleSystemeInLean/Chomsky/ContextFree/Theorems.lean:382
[2026-01-13 04:09:10] [INFO] Using LEAN INTERACT verify
[2026-01-13 04:09:10] [INFO] Checking file
[2026-01-13 04:09:15] [INFO] Cannot build modified file <error line="382" column="10">
<code_line>          grind</code_line>
<message>error: `grind` failed</message>
</error>
case grind.1.1.2
α : Type
language : ContextFreeLanguage
h_eps_not_in_language : ε ∉ ↑language
nt : Type
cfg : ContextFreeGrammar α nt
h_cfg_gen_is_lang : coerceLang cfg.GeneratedLanguage = ↑language
nt₂ : Type
h_eps_not_gen : ε ∉ cfg.GeneratedLanguage
h_cfg_CNF_gen_is_lang :
  coerceLang cfg.GeneratedLanguage = coerceLang (↑(generate_equivalent_CNF ⟨cfg, ⋯⟩)).GeneratedLanguage
val : Word α
property : val ∈ {z | z ∈ ↑language ∧ 2 ^ (↑(generate_equivalent_CNF ⟨cfg, h_eps_not_gen⟩)).V.card ≤ z.len}
z₂ : Word { x // x ∈ (↑(generate_equivalent_CNF ⟨cfg, h_eps_not_gen⟩)).Z }
left : z₂ ∈ (↑(generate_equivalent_CNF ⟨cfg, ⋯⟩)).GeneratedLanguage
right z_eq_z₂ : coerceWord z₂ = val
z₂_mem_1 :
  ∀ {p : Prop},
    (∀
        (a :
          Inhabited
            ((↑(generate_equivalent_CNF ⟨cfg, h_eps_not_gen⟩)).ContextFreeDerivation
              [Sum.inl (↑(generate_equivalent_CNF ⟨cfg, h_eps_not_gen⟩)).start] (Sum.inr <$> z₂))),
        p) →
      p
h_exists_deriv_z₂ :
  Inhabited
    ((↑(generate_equivalent_CNF ⟨cfg, h_eps_not_gen⟩)).ContextFreeDerivation
      [Sum.inl (↑(generate_equivalent_CNF ⟨cfg, h_eps_not_gen⟩)).start] (Sum.inr <$> z₂))
proof_exhaustive : default.exhaustiveCondition
defaultDerivTree_z₂_respects_result : (default.toDerivationTree ⋯ ⋯).result = (Sum.inr <$> z₂).VZtoZ ⋯
defaultDerivTree_z₂_respects_start :
  ContextFreeGrammar.DerivationTree.startingSymbol ⋯ = (↑(generate_equivalent_CNF ⟨cfg, ⋯⟩)).start
lemma_deriv_leaf_count :
  (default.toDerivationTree ⋯ ⋯).result.len = (default.toDerivationTree ⋯ ⋯).collectLeaves'.length
w :
  (↑(generate_equivalent_CNF ⟨cfg, ⋯⟩)).ExhaustiveContextFreeDerivation
    [Sum.inl (↑(generate_equivalent_CNF ⟨cfg, ⋯⟩)).start] (default.toDerivationTree ⋯ ⋯).result.ZtoVZ
h : z₂.len.log2 ≤ w.derivation.length
lemma_multiple_var :
  (↑(generate_equivalent_CNF ⟨cfg, ⋯⟩)).V.card ≤ default.length →
    ∃ var u', Sum.inl var ∈ u' ∧ ∃ u'' deriv₁ deriv₂ deriv₃, Sum.inl var ∈ u''
h_1 :
  ∀ (a a_1 a_2 a_3 a_4 : Word α),
    val = a * a_1 * a_2 * a_3 * a_4 →
      (a_1 * a_3).len = 0 ∨
        2 ^ (↑(generate_equivalent_CNF ⟨cfg, h_eps_not_gen⟩)).V.card + 1 ≤ (a_1 * a_2 * a_3).len ∨
          ¬∀ (k : ℕ), a * a_1 ^ k * a_2 * a_3 ^ k * a_4 ∈ ↑language
h_2 : (↑(generate_equivalent_CNF ⟨cfg, ⋯⟩)).V.card ≤ default.length
val_1 : nt₂
property_1 : val_1 ∈ (↑(generate_equivalent_CNF ⟨cfg, ⋯⟩)).V
w_2 :
  Word
    ({ x // x ∈ (↑(generate_equivalent_CNF ⟨cfg, h_eps_not_gen⟩)).V } ⊕
      { x // x ∈ (↑(generate_equivalent_CNF ⟨cfg, h_eps_not_gen⟩)).Z })
left_1 : Sum.inl ⟨val_1, ⋯⟩ ∈ w_2
w_3 :
  Word
    ({ x // x ∈ (↑(generate_equivalent_CNF ⟨cfg, h_eps_not_gen⟩)).V } ⊕
      { x // x ∈ (↑(generate_equivalent_CNF ⟨cfg, h_eps_not_gen⟩)).Z })
w_4 :
  (↑(generate_equivalent_CNF ⟨cfg, ⋯⟩)).ContextFreeDerivation [Sum.inl (↑(generate_equivalent_CNF ⟨cfg, ⋯⟩)).start] w_2
w_5 : (↑(generate_equivalent_CNF ⟨cfg, ⋯⟩)).ContextFreeDerivation w_2 w_3
w_6 : (↑(generate_equivalent_CNF ⟨cfg, ⋯⟩)).ContextFreeDerivation w_3 (Sum.inr <$> z₂)
h_8 : Sum.inl ⟨val_1, ⋯⟩ ∈ w_3
h_9 : (fun _x => True) = fun z => z ∈ ↑language ∧ 2 ^ (↑(generate_equivalent_CNF ⟨cfg, h_eps_not_gen⟩)).V.card ≤ z.len
h_10 :
  ¬(fun _a => False) = fun z => z ∈ ↑language ∧ 2 ^ (↑(generate_equivalent_CNF ⟨cfg, h_eps_not_gen⟩)).V.card ≤ z.len
w_7 : Word α
h_12 : False = (w_7 ∉ ↑language ∨ w_7.len + 1 ≤ 2 ^ (↑(generate_equivalent_CNF ⟨cfg, ⋯⟩)).V.card)
⊢ False
[grind] Goal diagnostics
  [facts] Asserted facts
    [prop] ε ∉ ↑language
    [prop] coerceLang cfg.GeneratedLanguage = ↑language
    [prop] ε ∉ cfg.GeneratedLanguage
    [prop] coerceLang cfg.GeneratedLanguage = coerceLang (↑(generate_equivalent_CNF ⟨cfg, ⋯⟩)).GeneratedLanguage
    [prop] val ∈ {z | z ∈ ↑language ∧ 2 ^ (↑(generate_equivalent_CNF ⟨cfg, h_eps_not_gen⟩)).V.card ≤ z.len}
    [prop] z₂ ∈ (↑(generate_equivalent_CNF ⟨cfg, ⋯⟩)).GeneratedLanguage
    [prop] coerceWord z₂ = val
    [prop] coerceWord z₂ = val
    [prop] ∀ {p : Prop},
          (∀
              (a :
                Inhabited
                  ((↑(generate_equivalent_CNF ⟨cfg, h_eps_not_gen⟩)).ContextFreeDerivation
                    [Sum.inl (↑(generate_equivalent_CNF ⟨cfg, h_eps_not_gen⟩)).start] (Sum.inr <$> z₂))),
              p) →
            p
    [prop] default.exhaustiveCondition
    [prop] (default.toDerivationTree ⋯ ⋯).result = (Sum.inr <$> z₂).VZtoZ ⋯
    [prop] ContextFreeGrammar.DerivationTree.startingSymbol ⋯ = (↑(generate_equivalent_CNF ⟨cfg, ⋯⟩)).start
    [prop] (default.toDerivationTree ⋯ ⋯).result.len = (default.toDerivationTree ⋯ ⋯).collectLeaves'.length
    [prop] z₂.len.log2 ≤ w.derivation.length
    [prop] (↑(generate_equivalent_CNF ⟨cfg, ⋯⟩)).V.card ≤ default.length →
          ∃ var u', Sum.inl var ∈ u' ∧ ∃ u'' deriv₁ deriv₂ deriv₃, Sum.inl var ∈ u''
    [prop] ∀ (a a_1 a_2 a_3 a_4 : Word α),
          val = a * a_1 * a_2 * a_3 * a_4 →
            (a_1 * a_3).len = 0 ∨
              2 ^ (↑(generate_equivalent_CNF ⟨cfg, h_eps_not_gen⟩)).V.card + 1 ≤ (a_1 * a_2 * a_3).len ∨
                ¬∀ (k : ℕ), a * a_1 ^ k * a_2 * a_3 ^ k * a_4 ∈ ↑language
    [prop] (↑(↑(generate_equivalent_CNF ⟨cfg, ⋯⟩)).start ∈ (↑(generate_equivalent_CNF ⟨cfg, ⋯⟩)).V) =
          (↑(↑(generate_equivalent_CNF ⟨cfg, ⋯⟩)).start ∈ (↑(generate_equivalent_CNF ⟨cfg, ⋯⟩)).V)
    [prop] (↑(ContextFreeGrammar.DerivationTree.startingSymbol ⋯) ∈ (↑(generate_equivalent_CNF ⟨cfg, ⋯⟩)).V) =
          (↑(ContextFreeGrammar.DerivationTree.startingSymbol ⋯) ∈ (↑(generate_equivalent_CNF ⟨cfg, ⋯⟩)).V)
    [prop] (val ∈ {z | z ∈ ↑language ∧ 2 ^ (↑(generate_equivalent_CNF ⟨cfg, h_eps_not_gen⟩)).V.card ≤ z.len}) =
          (val ∈ ↑language ∧ 2 ^ (↑(generate_equivalent_CNF ⟨cfg, ⋯⟩)).V.card ≤ val.len)
    [prop] {_x | True} = Set.univ
    [prop] {_a | False} = ∅
    [prop] ↑(↑(generate_equivalent_CNF ⟨cfg, ⋯⟩)).start ∈ (↑(generate_equivalent_CNF ⟨cfg, ⋯⟩)).V →
          ¬(↑(generate_equivalent_CNF ⟨cfg, ⋯⟩)).V.card = 0
    [prop] (↑(generate_equivalent_CNF ⟨cfg, ⋯⟩)).V.card ≤ default.length
    [prop] val_1 ∈ (↑(generate_equivalent_CNF ⟨cfg, ⋯⟩)).V
    [prop] Sum.inl ⟨val_1, ⋯⟩ ∈ w_2
    [prop] Sum.inl ⟨val_1, ⋯⟩ ∈ w_3
    [prop] (val_1 ∈ (↑(generate_equivalent_CNF ⟨cfg, ⋯⟩)).V) = (val_1 ∈ (↑(generate_equivalent_CNF ⟨cfg, ⋯⟩)).V)
    [prop] val_1 ∈ (↑(generate_equivalent_CNF ⟨cfg, ⋯⟩)).V → ¬(↑(generate_equivalent_CNF ⟨cfg, ⋯⟩)).V.card = 0
    [prop] (fun _x => True) = fun z =>
          z ∈ ↑language ∧ 2 ^ (↑(generate_equivalent_CNF ⟨cfg, h_eps_not_gen⟩)).V.card ≤ z.len
    [prop] val ∈ Set.univ
    [prop] ¬(fun _a => False) = fun z =>
            z ∈ ↑language ∧ 2 ^ (↑(generate_equivalent_CNF ⟨cfg, h_eps_not_gen⟩)).V.card ≤ z.len
    [prop] ∃ x, False = (x ∉ ↑language ∨ x.len + 1 ≤ 2 ^ (↑(generate_equivalent_CNF ⟨cfg, h_eps_not_gen⟩)).V.card)
    [prop] ∀ {h : ∀ (x : Word α), False}, False
    [prop] False = (w_7 ∉ ↑language ∨ w_7.len + 1 ≤ 2 ^ (↑(generate_equivalent_CNF ⟨cfg, ⋯⟩)).V.card)
  [eqc] True propositions
    [prop] ε ∉ cfg.GeneratedLanguage
    [prop] ∃ var u', Sum.inl var ∈ u' ∧ ∃ u'' deriv₁ deriv₂ deriv₃, Sum.inl var ∈ u''
    [prop] (default.toDerivationTree ⋯ ⋯).isTotal = true
    [prop] isInChomskyNormalForm ↑(generate_equivalent_CNF ⟨cfg, ⋯⟩)
    [prop] z₂.len.log2 ≤ w.derivation.length
    [prop] (↑(generate_equivalent_CNF ⟨cfg, ⋯⟩)).V.card ≤ default.length
    [prop] val_1 ∈ (↑(generate_equivalent_CNF ⟨cfg, ⋯⟩)).V
    [prop] ↑(↑(generate_equivalent_CNF ⟨cfg, ⋯⟩)).start ∈ (↑(generate_equivalent_CNF ⟨cfg, ⋯⟩)).V
    [prop] ↑(ContextFreeGrammar.DerivationTree.startingSymbol ⋯) ∈ (↑(generate_equivalent_CNF ⟨cfg, ⋯⟩)).V
    [prop] val ∈ {z | z ∈ ↑language ∧ 2 ^ (↑(generate_equivalent_CNF ⟨cfg, h_eps_not_gen⟩)).V.card ≤ z.len}
    [prop] z₂ ∈ (↑(generate_equivalent_CNF ⟨cfg, ⋯⟩)).GeneratedLanguage
    [prop] Sum.inl ⟨val_1, ⋯⟩ ∈ w_2
    [prop] Sum.inl ⟨val_1, ⋯⟩ ∈ w_3
    [prop] default.exhaustiveCondition
    [prop] default.startsIn1Condition
    [prop] ∀ {p : Prop},
          (∀
              (a :
                Inhabited
                  ((↑(generate_equivalent_CNF ⟨cfg, h_eps_not_gen⟩)).ContextFreeDerivation
                    [Sum.inl (↑(generate_equivalent_CNF ⟨cfg, h_eps_not_gen⟩)).start] (Sum.inr <$> z₂))),
              p) →
            p
    [prop] ∀ (a a_1 a_2 a_3 a_4 : Word α),
          val = a * a_1 * a_2 * a_3 * a_4 →
            (a_1 * a_3).len = 0 ∨
              2 ^ (↑(generate_equivalent_CNF ⟨cfg, h_eps_not_gen⟩)).V.card + 1 ≤ (a_1 * a_2 * a_3).len ∨
                ¬∀ (k : ℕ), a * a_1 ^ k * a_2 * a_3 ^ k * a_4 ∈ ↑language
    [prop] (↑(generate_equivalent_CNF ⟨cfg, ⋯⟩)).V.card ≤ default.length →
          ∃ var u', Sum.inl var ∈ u' ∧ ∃ u'' deriv₁ deriv₂ deriv₃, Sum.inl var ∈ u''
    [prop] ¬(↑(generate_equivalent_CNF ⟨cfg, ⋯⟩)).V.card = 0
    [prop] val ∈ ↑language ∧ 2 ^ (↑(generate_equivalent_CNF ⟨cfg, ⋯⟩)).V.card ≤ val.len
    [prop] (val_1 ∈ (↑(generate_equivalent_CNF ⟨cfg, ⋯⟩)).V) = (val_1 ∈ (↑(generate_equivalent_CNF ⟨cfg, ⋯⟩)).V)
    [prop] (↑(↑(generate_equivalent_CNF ⟨cfg, ⋯⟩)).start ∈ (↑(generate_equivalent_CNF ⟨cfg, ⋯⟩)).V) =
          (↑(↑(generate_equivalent_CNF ⟨cfg, ⋯⟩)).start ∈ (↑(generate_equivalent_CNF ⟨cfg, ⋯⟩)).V)
    [prop] (↑(ContextFreeGrammar.DerivationTree.startingSymbol ⋯) ∈ (↑(generate_equivalent_CNF ⟨cfg, ⋯⟩)).V) =
          (↑(ContextFreeGrammar.DerivationTree.startingSymbol ⋯) ∈ (↑(generate_equivalent_CNF ⟨cfg, ⋯⟩)).V)
    [prop] (val ∈ {z | z ∈ ↑language ∧ 2 ^ (↑(generate_equivalent_CNF ⟨cfg, h_eps_not_gen⟩)).V.card ≤ z.len}) =
          (val ∈ ↑language ∧ 2 ^ (↑(generate_equivalent_CNF ⟨cfg, ⋯⟩)).V.card ≤ val.len)
    [prop] (fun _x => True) = fun z =>
          z ∈ ↑language ∧ 2 ^ (↑(generate_equivalent_CNF ⟨cfg, h_eps_not_gen⟩)).V.card ≤ z.len
    [prop] 2 ^ (↑(generate_equivalent_CNF ⟨cfg, ⋯⟩)).V.card ≤ val.len
    [prop] val ∈ ↑language
    [prop] val_1 ∈ (↑(generate_equivalent_CNF ⟨cfg, ⋯⟩)).V → ¬(↑(generate_equivalent_CNF ⟨cfg, ⋯⟩)).V.card = 0
    [prop] ↑(↑(generate_equivalent_CNF ⟨cfg, ⋯⟩)).start ∈ (↑(generate_equivalent_CNF ⟨cfg, ⋯⟩)).V →
          ¬(↑(generate_equivalent_CNF ⟨cfg, ⋯⟩)).V.card = 0
    [prop] ∃ x, False = (x ∉ ↑language ∨ x.len + 1 ≤ 2 ^ (↑(generate_equivalent_CNF ⟨cfg, h_eps_not_gen⟩)).V.card)
    [prop] False = (w_7 ∉ ↑language ∨ w_7.len + 1 ≤ 2 ^ (↑(generate_equivalent_CNF ⟨cfg, ⋯⟩)).V.card)
    [prop] val ∈ Set.univ
    [prop] w_7 ∈ ↑language
    [prop] ∀ {h : ∀ (x : Word α), False}, False
  [eqc] False propositions
    [prop] ε ∈ ↑language
    [prop] ε ∈ cfg.GeneratedLanguage
    [prop] (↑(generate_equivalent_CNF ⟨cfg, ⋯⟩)).V.card = 0
    [prop] (fun _a => False) = fun _x => True
    [prop] (fun _a => False) = fun z =>
          z ∈ ↑language ∧ 2 ^ (↑(generate_equivalent_CNF ⟨cfg, h_eps_not_gen⟩)).V.card ≤ z.len
    [prop] w_7 ∉ ↑language
    [prop] w_7 ∉ ↑language ∨ w_7.len + 1 ≤ 2 ^ (↑(generate_equivalent_CNF ⟨cfg, ⋯⟩)).V.card
    [prop] w_7.len + 1 ≤ 2 ^ (↑(generate_equivalent_CNF ⟨cfg, ⋯⟩)).V.card
    [prop] ∀ (x : Word α), False
  [eqc] Equivalence classes
    [eqc] {val, coerceWord z₂}
    [eqc] {true, (default.toDerivationTree ⋯ ⋯).isTotal}
    [eqc] {Language.is_context_free, fun l => l.is_context_free}
    [eqc] {(default.toDerivationTree ⋯ ⋯).collectLeaves'.length, (default.toDerivationTree ⋯ ⋯).result.len}
    [eqc] {isInChomskyNormalForm, fun cfg₂ => isInChomskyNormalForm cfg₂}
    [eqc] {{z | z ∈ ↑language ∧ 2 ^ (↑(generate_equivalent_CNF ⟨cfg, h_eps_not_gen⟩)).V.card ≤ z.len},
        Set.univ,
        {_x | True}}
    [eqc] {↑⟨↑(↑(generate_equivalent_CNF ⟨cfg, ⋯⟩)).start, ⋯⟩,
        ↑(↑(generate_equivalent_CNF ⟨cfg, ⋯⟩)).start,
        ↑(ContextFreeGrammar.DerivationTree.startingSymbol ⋯)}
    [eqc] {↑language,
        coerceLang cfg.GeneratedLanguage,
        coerceLang (↑(generate_equivalent_CNF ⟨cfg, ⋯⟩)).GeneratedLanguage}
    [eqc] {↑⟨↑(generate_equivalent_CNF ⟨cfg, ⋯⟩), ⋯⟩,
        ↑(generate_equivalent_CNF ⟨cfg, h_eps_not_gen⟩),
        ↑(generate_equivalent_CNF ⟨cfg, ⋯⟩)}
    [eqc] {(default.toDerivationTree ⋯ ⋯).result, (Sum.inr <$> z₂).VZtoZ ⋯}
    [eqc] {Membership.mem cfg.Z, fun x => x ∈ cfg.Z}
    [eqc] {Membership.mem (↑(generate_equivalent_CNF ⟨cfg, h_eps_not_gen⟩)).Z,
        fun x => x ∈ (↑(generate_equivalent_CNF ⟨cfg, h_eps_not_gen⟩)).Z}
    [eqc] {Membership.mem (↑(generate_equivalent_CNF ⟨cfg, h_eps_not_gen⟩)).V,
        Membership.mem (↑(generate_equivalent_CNF ⟨cfg, ⋯⟩)).V,
        fun x => x ∈ (↑(generate_equivalent_CNF ⟨cfg, h_eps_not_gen⟩)).V,
        fun x => x ∈ (↑(generate_equivalent_CNF ⟨cfg, ⋯⟩)).V}
    [eqc] {⟨↑(↑(generate_equivalent_CNF ⟨cfg, ⋯⟩)).start, ⋯⟩,
        ⟨↑(ContextFreeGrammar.DerivationTree.startingSymbol ⋯), ⋯⟩,
        (↑(generate_equivalent_CNF ⟨cfg, ⋯⟩)).start,
        ContextFreeGrammar.DerivationTree.startingSymbol ⋯}
    [eqc] {⟨↑(generate_equivalent_CNF ⟨cfg, ⋯⟩), ⋯⟩,
        generate_equivalent_CNF ⟨cfg, h_eps_not_gen⟩,
        generate_equivalent_CNF ⟨cfg, ⋯⟩}
    [eqc] {(↑(generate_equivalent_CNF ⟨cfg, h_eps_not_gen⟩)).V, (↑(generate_equivalent_CNF ⟨cfg, ⋯⟩)).V}
    [eqc] {(↑(generate_equivalent_CNF ⟨cfg, h_eps_not_gen⟩)).Z, (↑(generate_equivalent_CNF ⟨cfg, ⋯⟩)).Z}
    [eqc] {fun z => z ∈ ↑language ∧ 2 ^ (↑(generate_equivalent_CNF ⟨cfg, h_eps_not_gen⟩)).V.card ≤ z.len,
        fun _x => True}
    [eqc] {∅, {_a | False}}
  [cases] Case analyses
    [cases] [1/2]: (↑(generate_equivalent_CNF ⟨cfg, ⋯⟩)).V.card ≤ default.length
      [cases] source: Initial goal
    [cases] [1/1]: ∃ var u', Sum.inl var ∈ u' ∧ ∃ u'' deriv₁ deriv₂ deriv₃, Sum.inl var ∈ u''
      [cases] source: Initial goal
    [cases] [1/2]: (fun _x => True) = fun z =>
          z ∈ ↑language ∧ 2 ^ (↑(generate_equivalent_CNF ⟨cfg, h_eps_not_gen⟩)).V.card ≤ z.len
      [cases] source: E-matching Set.setOf_true
    [cases] [2/2]: (fun _a => False) = fun z =>
          z ∈ ↑language ∧ 2 ^ (↑(generate_equivalent_CNF ⟨cfg, h_eps_not_gen⟩)).V.card ≤ z.len
      [cases] source: E-matching Set.setOf_false
    [cases] [1/1]: ∃ x,
          False = (x ∉ ↑language ∨ x.len + 1 ≤ 2 ^ (↑(generate_equivalent_CNF ⟨cfg, h_eps_not_gen⟩)).V.card)
      [cases] source: Extensionality funext
  [ematch] E-matching patterns
    [thm] Set.mem_setOf_eq: [@Membership.mem #2 _ _ (@setOf _ #0) #1]
    [thm] Set.setOf_true: [@setOf #0 _]
    [thm] Set.setOf_false: [@setOf #0 _]
    [thm] Option.map_apply: [@Functor.map `[Option] `[instFunctorOption] #3 #2 #1 #0]
    [thm] List.length_cons: [@List.length #2 (@List.cons _ #1 #0)]
    [thm] List.length_nil: [@List.length #0 (@List.nil _)]
    [thm] Finset.card_ne_zero_of_mem: [@Membership.mem #3 (Finset _) _ #2 #1, @Finset.card _ #2]
    [thm] h_1: [@HMul.hMul `[Word
           α] `[Word
           α] `[Word
           α] `[instHMul] (@HMul.hMul `[Word
            α] `[Word
            α] `[Word
            α] `[instHMul] (@HMul.hMul `[Word
             α] `[Word α] `[Word α] `[instHMul] (@HMul.hMul `[Word α] `[Word α] `[Word α] `[instHMul] #5 #4) #3) #2) #1]
    [thm] h_1: [@HMul.hMul `[Word α] `[Word α] `[Word α] `[instHMul] #4 #2,
         @HMul.hMul `[Word α] `[Word α] `[Word α] `[instHMul] #4 #3,
         @HMul.hMul `[Word
           α] `[Word
           α] `[Word
           α] `[instHMul] (@HMul.hMul `[Word
            α] `[Word
            α] `[Word
            α] `[instHMul] (@HMul.hMul `[Word
             α] `[Word α] `[Word α] `[instHMul] (@HMul.hMul `[Word α] `[Word α] `[Word α] `[instHMul] #5 #4) #3) #2) #1]
    [thm] Set.mem_univ: [@Membership.mem #1 _ _ (@Set.univ _) #0]
    [thm] Finset.card_empty: [@Finset.card #0 (@EmptyCollection.emptyCollection (Finset _) _)]
    [thm] Finset.notMem_empty: [@Membership.mem #1 (Finset _) _ (@EmptyCollection.emptyCollection (Finset _) _) #0]
    [thm] Set.mem_empty_iff_false: [@Membership.mem #1 _ _ (@EmptyCollection.emptyCollection _ _) #0]
    [thm] Multiset.mem_add: [@Membership.mem #3 _ _ (@HAdd.hAdd _ _ _ _ #1 #0) #2]
  [cutsat] Assignment satisfying linear constraints
    [assign] z₂.len.log2 := 0
    [assign] (↑(generate_equivalent_CNF ⟨cfg, ⋯⟩)).V.card := 1
    [assign] (default.toDerivationTree ⋯ ⋯).collectLeaves'.length := 3
    [assign] z₂.len := 4
    [assign] (default.toDerivationTree ⋯ ⋯).result.len := 3
    [assign] default.length := 1
    [assign] w.derivation.length := 0
    [assign] 「2 ^ (↑(generate_equivalent_CNF ⟨cfg, ⋯⟩)).V.card」 := 0
    [assign] val.len := 0
    [assign] 「2 ^ (↑(generate_equivalent_CNF ⟨cfg, ⋯⟩)).V.card」 := 0
    [assign] w_7.len := 0
[grind] Issues
  [issue] failed to create E-match local theorem for
        ∀ {p : Prop},
          (∀
              (a :
                Inhabited
                  ((↑(generate_equivalent_CNF ⟨cfg, h_eps_not_gen⟩)).ContextFreeDerivation
                    [Sum.inl (↑(generate_equivalent_CNF ⟨cfg, h_eps_not_gen⟩)).start] (Sum.inr <$> z₂))),
              p) →
            p
[grind] Diagnostics
  [thm] E-Matching instances
    [thm] Finset.card_ne_zero_of_mem ↦ 2
    [thm] Set.mem_empty_iff_false ↦ 1
    [thm] Set.mem_setOf_eq ↦ 1
    [thm] Set.mem_univ ↦ 1
    [thm] Set.setOf_false ↦ 1
    [thm] Set.setOf_true ↦ 1
  [cases] Cases instances
    [cases] Subtype ↦ 2
[2026-01-13 04:09:15] [INFO] Proof verification completed
[2026-01-13 04:09:15] [INFO] Strategy grind attempt 1: verified=False
[2026-01-13 04:09:15] [INFO] Verification message: Cannot build modified file: <error line="382" column="10">
<code_line>          grind</code_line>
<message>error: `grind` failed</message>
</error>
case grind.1.1.2
α : Type
language : ContextFreeLanguage
h_eps_not_in_language : ε ∉ ↑language
nt : Type
cfg : ContextFreeGrammar α nt
h_cfg_gen_is_lang : coerceLang cfg.GeneratedLanguage = ↑language
nt₂ : Type
h_eps_not_gen : ε ∉ cfg.GeneratedLanguage
h_cfg_CNF_gen_is_lang :
  coerceLang cfg.GeneratedLanguage = coerceLang (↑(generate_equivalent_CNF ⟨cfg, ⋯⟩)).GeneratedLanguage
val : Word α
property : val ∈ {z | z ∈ ↑language ∧ 2 ^ (↑(generate_equivalent_CNF ⟨cfg, h_eps_not_gen⟩)).V.card ≤ z.len}
z₂ : Word { x // x ∈ (↑(generate_equivalent_CNF ⟨cfg, h_eps_not_gen⟩)).Z }
left : z₂ ∈ (↑(generate_equivalent_CNF ⟨cfg, ⋯⟩)).GeneratedLanguage
right z_eq_z₂ : coerceWord z₂ = val
z₂_mem_1 :
  ∀ {p : Prop},
    (∀
        (a :
          Inhabited
            ((↑(generate_equivalent_CNF ⟨cfg, h_eps_not_gen⟩)).ContextFreeDerivation
              [Sum.inl (↑(generate_equivalent_CNF ⟨cfg, h_eps_not_gen⟩)).start] (Sum.inr <$> z₂))),
        p) →
      p
h_exists_deriv_z₂ :
  Inhabited
    ((↑(generate_equivalent_CNF ⟨cfg, h_eps_not_gen⟩)).ContextFreeDerivation
      [Sum.inl (↑(generate_equivalent_CNF ⟨cfg, h_eps_not_gen⟩)).start] (Sum.inr <$> z₂))
proof_exhaustive : default.exhaustiveCondition
defaultDerivTree_z₂_respects_result : (default.toDerivationTree ⋯ ⋯).result = (Sum.inr <$> z₂).VZtoZ ⋯
defaultDerivTree_z₂_respects_start :
  ContextFreeGrammar.DerivationTree.startingSymbol ⋯ = (↑(generate_equivalent_CNF ⟨cfg, ⋯⟩)).start
lemma_deriv_leaf_count :
  (default.toDerivationTree ⋯ ⋯).result.len = (default.toDerivationTree ⋯ ⋯).collectLeaves'.length
w :
  (↑(generate_equivalent_CNF ⟨cfg, ⋯⟩)).ExhaustiveContextFreeDerivation
    [Sum.inl (↑(generate_equivalent_CNF ⟨cfg, ⋯⟩)).start] (default.toDerivationTree ⋯ ⋯).result.ZtoVZ
h : z₂.len.log2 ≤ w.derivation.length
lemma_multiple_var :
  (↑(generate_equivalent_CNF ⟨cfg, ⋯⟩)).V.card ≤ default.length →
    ∃ var u', Sum.inl var ∈ u' ∧ ∃ u'' deriv₁ deriv₂ deriv₃, Sum.inl var ∈ u''
h_1 :
  ∀ (a a_1 a_2 a_3 a_4 : Word α),
    val = a * a_1 * a_2 * a_3 * a_4 →
      (a_1 * a_3).len = 0 ∨
        2 ^ (↑(generate_equivalent_CNF ⟨cfg, h_eps_not_gen⟩)).V.card + 1 ≤ (a_1 * a_2 * a_3).len ∨
          ¬∀ (k : ℕ), a * a_1 ^ k * a_2 * a_3 ^ k * a_4 ∈ ↑language
h_2 : (↑(generate_equivalent_CNF ⟨cfg, ⋯⟩)).V.card ≤ default.length
val_1 : nt₂
property_1 : val_1 ∈ (↑(generate_equivalent_CNF ⟨cfg, ⋯⟩)).V
w_2 :
  Word
    ({ x // x ∈ (↑(generate_equivalent_CNF ⟨cfg, h_eps_not_gen⟩)).V } ⊕
      { x // x ∈ (↑(generate_equivalent_CNF ⟨cfg, h_eps_not_gen⟩)).Z })
left_1 : Sum.inl ⟨val_1, ⋯⟩ ∈ w_2
w_3 :
  Word
    ({ x // x ∈ (↑(generate_equivalent_CNF ⟨cfg, h_eps_not_gen⟩)).V } ⊕
      { x // x ∈ (↑(generate_equivalent_CNF ⟨cfg, h_eps_not_gen⟩)).Z })
w_4 :
  (↑(generate_equivalent_CNF ⟨cfg, ⋯⟩)).ContextFreeDerivation [Sum.inl (↑(generate_equivalent_CNF ⟨cfg, ⋯⟩)).start] w_2
w_5 : (↑(generate_equivalent_CNF ⟨cfg, ⋯⟩)).ContextFreeDerivation w_2 w_3
w_6 : (↑(generate_equivalent_CNF ⟨cfg, ⋯⟩)).ContextFreeDerivation w_3 (Sum.inr <$> z₂)
h_8 : Sum.inl ⟨val_1, ⋯⟩ ∈ w_3
h_9 : (fun _x => True) = fun z => z ∈ ↑language ∧ 2 ^ (↑(generate_equivalent_CNF ⟨cfg, h_eps_not_gen⟩)).V.card ≤ z.len
h_10 :
  ¬(fun _a => False) = fun z => z ∈ ↑language ∧ 2 ^ (↑(generate_equivalent_CNF ⟨cfg, h_eps_not_gen⟩)).V.card ≤ z.len
w_7 : Word α
h_12 : False = (w_7 ∉ ↑language ∨ w_7.len + 1 ≤ 2 ^ (↑(generate_equivalent_CNF ⟨cfg, ⋯⟩)).V.card)
⊢ False
[grind] Goal diagnostics
  [facts] Asserted facts
    [prop] ε ∉ ↑language
    [prop] coerceLang cfg.GeneratedLanguage = ↑language
    [prop] ε ∉ cfg.GeneratedLanguage
    [prop] coerceLang cfg.GeneratedLanguage = coerceLang (↑(generate_equivalent_CNF ⟨cfg, ⋯⟩)).GeneratedLanguage
    [prop] val ∈ {z | z ∈ ↑language ∧ 2 ^ (↑(generate_equivalent_CNF ⟨cfg, h_eps_not_gen⟩)).V.card ≤ z.len}
    [prop] z₂ ∈ (↑(generate_equivalent_CNF ⟨cfg, ⋯⟩)).GeneratedLanguage
    [prop] coerceWord z₂ = val
    [prop] coerceWord z₂ = val
    [prop] ∀ {p : Prop},
          (∀
              (a :
                Inhabited
                  ((↑(generate_equivalent_CNF ⟨cfg, h_eps_not_gen⟩)).ContextFreeDerivation
                    [Sum.inl (↑(generate_equivalent_CNF ⟨cfg, h_eps_not_gen⟩)).start] (Sum.inr <$> z₂))),
              p) →
            p
    [prop] default.exhaustiveCondition
    [prop] (default.toDerivationTree ⋯ ⋯).result = (Sum.inr <$> z₂).VZtoZ ⋯
    [prop] ContextFreeGrammar.DerivationTree.startingSymbol ⋯ = (↑(generate_equivalent_CNF ⟨cfg, ⋯⟩)).start
    [prop] (default.toDerivationTree ⋯ ⋯).result.len = (default.toDerivationTree ⋯ ⋯).collectLeaves'.length
    [prop] z₂.len.log2 ≤ w.derivation.length
    [prop] (↑(generate_equivalent_CNF ⟨cfg, ⋯⟩)).V.card ≤ default.length →
          ∃ var u', Sum.inl var ∈ u' ∧ ∃ u'' deriv₁ deriv₂ deriv₃, Sum.inl var ∈ u''
    [prop] ∀ (a a_1 a_2 a_3 a_4 : Word α),
          val = a * a_1 * a_2 * a_3 * a_4 →
            (a_1 * a_3).len = 0 ∨
              2 ^ (↑(generate_equivalent_CNF ⟨cfg, h_eps_not_gen⟩)).V.card + 1 ≤ (a_1 * a_2 * a_3).len ∨
                ¬∀ (k : ℕ), a * a_1 ^ k * a_2 * a_3 ^ k * a_4 ∈ ↑language
    [prop] (↑(↑(generate_equivalent_CNF ⟨cfg, ⋯⟩)).start ∈ (↑(generate_equivalent_CNF ⟨cfg, ⋯⟩)).V) =
          (↑(↑(generate_equivalent_CNF ⟨cfg, ⋯⟩)).start ∈ (↑(generate_equivalent_CNF ⟨cfg, ⋯⟩)).V)
    [prop] (↑(ContextFreeGrammar.DerivationTree.startingSymbol ⋯) ∈ (↑(generate_equivalent_CNF ⟨cfg, ⋯⟩)).V) =
          (↑(ContextFreeGrammar.DerivationTree.startingSymbol ⋯) ∈ (↑(generate_equivalent_CNF ⟨cfg, ⋯⟩)).V)
    [prop] (val ∈ {z | z ∈ ↑language ∧ 2 ^ (↑(generate_equivalent_CNF ⟨cfg, h_eps_not_gen⟩)).V.card ≤ z.len}) =
          (val ∈ ↑language ∧ 2 ^ (↑(generate_equivalent_CNF ⟨cfg, ⋯⟩)).V.card ≤ val.len)
    [prop] {_x | True} = Set.univ
    [prop] {_a | False} = ∅
    [prop] ↑(↑(generate_equivalent_CNF ⟨cfg, ⋯⟩)).start ∈ (↑(generate_equivalent_CNF ⟨cfg, ⋯⟩)).V →
          ¬(↑(generate_equivalent_CNF ⟨cfg, ⋯⟩)).V.card = 0
    [prop] (↑(generate_equivalent_CNF ⟨cfg, ⋯⟩)).V.card ≤ default.length
    [prop] val_1 ∈ (↑(generate_equivalent_CNF ⟨cfg, ⋯⟩)).V
    [prop] Sum.inl ⟨val_1, ⋯⟩ ∈ w_2
    [prop] Sum.inl ⟨val_1, ⋯⟩ ∈ w_3
    [prop] (val_1 ∈ (↑(generate_equivalent_CNF ⟨cfg, ⋯⟩)).V) = (val_1 ∈ (↑(generate_equivalent_CNF ⟨cfg, ⋯⟩)).V)
    [prop] val_1 ∈ (↑(generate_equivalent_CNF ⟨cfg, ⋯⟩)).V → ¬(↑(generate_equivalent_CNF ⟨cfg, ⋯⟩)).V.card = 0
    [prop] (fun _x => True) = fun z =>
          z ∈ ↑language ∧ 2 ^ (↑(generate_equivalent_CNF ⟨cfg, h_eps_not_gen⟩)).V.card ≤ z.len
    [prop] val ∈ Set.univ
    [prop] ¬(fun _a => False) = fun z =>
            z ∈ ↑language ∧ 2 ^ (↑(generate_equivalent_CNF ⟨cfg, h_eps_not_gen⟩)).V.card ≤ z.len
    [prop] ∃ x, False = (x ∉ ↑language ∨ x.len + 1 ≤ 2 ^ (↑(generate_equivalent_CNF ⟨cfg, h_eps_not_gen⟩)).V.card)
    [prop] ∀ {h : ∀ (x : Word α), False}, False
    [prop] False = (w_7 ∉ ↑language ∨ w_7.len + 1 ≤ 2 ^ (↑(generate_equivalent_CNF ⟨cfg, ⋯⟩)).V.card)
  [eqc] True propositions
    [prop] ε ∉ cfg.GeneratedLanguage
    [prop] ∃ var u', Sum.inl var ∈ u' ∧ ∃ u'' deriv₁ deriv₂ deriv₃, Sum.inl var ∈ u''
    [prop] (default.toDerivationTree ⋯ ⋯).isTotal = true
    [prop] isInChomskyNormalForm ↑(generate_equivalent_CNF ⟨cfg, ⋯⟩)
    [prop] z₂.len.log2 ≤ w.derivation.length
    [prop] (↑(generate_equivalent_CNF ⟨cfg, ⋯⟩)).V.card ≤ default.length
    [prop] val_1 ∈ (↑(generate_equivalent_CNF ⟨cfg, ⋯⟩)).V
    [prop] ↑(↑(generate_equivalent_CNF ⟨cfg, ⋯⟩)).start ∈ (↑(generate_equivalent_CNF ⟨cfg, ⋯⟩)).V
    [prop] ↑(ContextFreeGrammar.DerivationTree.startingSymbol ⋯) ∈ (↑(generate_equivalent_CNF ⟨cfg, ⋯⟩)).V
    [prop] val ∈ {z | z ∈ ↑language ∧ 2 ^ (↑(generate_equivalent_CNF ⟨cfg, h_eps_not_gen⟩)).V.card ≤ z.len}
    [prop] z₂ ∈ (↑(generate_equivalent_CNF ⟨cfg, ⋯⟩)).GeneratedLanguage
    [prop] Sum.inl ⟨val_1, ⋯⟩ ∈ w_2
    [prop] Sum.inl ⟨val_1, ⋯⟩ ∈ w_3
    [prop] default.exhaustiveCondition
    [prop] default.startsIn1Condition
    [prop] ∀ {p : Prop},
          (∀
              (a :
                Inhabited
                  ((↑(generate_equivalent_CNF ⟨cfg, h_eps_not_gen⟩)).ContextFreeDerivation
                    [Sum.inl (↑(generate_equivalent_CNF ⟨cfg, h_eps_not_gen⟩)).start] (Sum.inr <$> z₂))),
              p) →
            p
    [prop] ∀ (a a_1 a_2 a_3 a_4 : Word α),
          val = a * a_1 * a_2 * a_3 * a_4 →
            (a_1 * a_3).len = 0 ∨
              2 ^ (↑(generate_equivalent_CNF ⟨cfg, h_eps_not_gen⟩)).V.card + 1 ≤ (a_1 * a_2 * a_3).len ∨
                ¬∀ (k : ℕ), a * a_1 ^ k * a_2 * a_3 ^ k * a_4 ∈ ↑language
    [prop] (↑(generate_equivalent_CNF ⟨cfg, ⋯⟩)).V.card ≤ default.length →
          ∃ var u', Sum.inl var ∈ u' ∧ ∃ u'' deriv₁ deriv₂ deriv₃, Sum.inl var ∈ u''
    [prop] ¬(↑(generate_equivalent_CNF ⟨cfg, ⋯⟩)).V.card = 0
    [prop] val ∈ ↑language ∧ 2 ^ (↑(generate_equivalent_CNF ⟨cfg, ⋯⟩)).V.card ≤ val.len
    [prop] (val_1 ∈ (↑(generate_equivalent_CNF ⟨cfg, ⋯⟩)).V) = (val_1 ∈ (↑(generate_equivalent_CNF ⟨cfg, ⋯⟩)).V)
    [prop] (↑(↑(generate_equivalent_CNF ⟨cfg, ⋯⟩)).start ∈ (↑(generate_equivalent_CNF ⟨cfg, ⋯⟩)).V) =
          (↑(↑(generate_equivalent_CNF ⟨cfg, ⋯⟩)).start ∈ (↑(generate_equivalent_CNF ⟨cfg, ⋯⟩)).V)
    [prop] (↑(ContextFreeGrammar.DerivationTree.startingSymbol ⋯) ∈ (↑(generate_equivalent_CNF ⟨cfg, ⋯⟩)).V) =
          (↑(ContextFreeGrammar.DerivationTree.startingSymbol ⋯) ∈ (↑(generate_equivalent_CNF ⟨cfg, ⋯⟩)).V)
    [prop] (val ∈ {z | z ∈ ↑language ∧ 2 ^ (↑(generate_equivalent_CNF ⟨cfg, h_eps_not_gen⟩)).V.card ≤ z.len}) =
          (val ∈ ↑language ∧ 2 ^ (↑(generate_equivalent_CNF ⟨cfg, ⋯⟩)).V.card ≤ val.len)
    [prop] (fun _x => True) = fun z =>
          z ∈ ↑language ∧ 2 ^ (↑(generate_equivalent_CNF ⟨cfg, h_eps_not_gen⟩)).V.card ≤ z.len
    [prop] 2 ^ (↑(generate_equivalent_CNF ⟨cfg, ⋯⟩)).V.card ≤ val.len
    [prop] val ∈ ↑language
    [prop] val_1 ∈ (↑(generate_equivalent_CNF ⟨cfg, ⋯⟩)).V → ¬(↑(generate_equivalent_CNF ⟨cfg, ⋯⟩)).V.card = 0
    [prop] ↑(↑(generate_equivalent_CNF ⟨cfg, ⋯⟩)).start ∈ (↑(generate_equivalent_CNF ⟨cfg, ⋯⟩)).V →
          ¬(↑(generate_equivalent_CNF ⟨cfg, ⋯⟩)).V.card = 0
    [prop] ∃ x, False = (x ∉ ↑language ∨ x.len + 1 ≤ 2 ^ (↑(generate_equivalent_CNF ⟨cfg, h_eps_not_gen⟩)).V.card)
    [prop] False = (w_7 ∉ ↑language ∨ w_7.len + 1 ≤ 2 ^ (↑(generate_equivalent_CNF ⟨cfg, ⋯⟩)).V.card)
    [prop] val ∈ Set.univ
    [prop] w_7 ∈ ↑language
    [prop] ∀ {h : ∀ (x : Word α), False}, False
  [eqc] False propositions
    [prop] ε ∈ ↑language
    [prop] ε ∈ cfg.GeneratedLanguage
    [prop] (↑(generate_equivalent_CNF ⟨cfg, ⋯⟩)).V.card = 0
    [prop] (fun _a => False) = fun _x => True
    [prop] (fun _a => False) = fun z =>
          z ∈ ↑language ∧ 2 ^ (↑(generate_equivalent_CNF ⟨cfg, h_eps_not_gen⟩)).V.card ≤ z.len
    [prop] w_7 ∉ ↑language
    [prop] w_7 ∉ ↑language ∨ w_7.len + 1 ≤ 2 ^ (↑(generate_equivalent_CNF ⟨cfg, ⋯⟩)).V.card
    [prop] w_7.len + 1 ≤ 2 ^ (↑(generate_equivalent_CNF ⟨cfg, ⋯⟩)).V.card
    [prop] ∀ (x : Word α), False
  [eqc] Equivalence classes
    [eqc] {val, coerceWord z₂}
    [eqc] {true, (default.toDerivationTree ⋯ ⋯).isTotal}
    [eqc] {Language.is_context_free, fun l => l.is_context_free}
    [eqc] {(default.toDerivationTree ⋯ ⋯).collectLeaves'.length, (default.toDerivationTree ⋯ ⋯).result.len}
    [eqc] {isInChomskyNormalForm, fun cfg₂ => isInChomskyNormalForm cfg₂}
    [eqc] {{z | z ∈ ↑language ∧ 2 ^ (↑(generate_equivalent_CNF ⟨cfg, h_eps_not_gen⟩)).V.card ≤ z.len},
        Set.univ,
        {_x | True}}
    [eqc] {↑⟨↑(↑(generate_equivalent_CNF ⟨cfg, ⋯⟩)).start, ⋯⟩,
        ↑(↑(generate_equivalent_CNF ⟨cfg, ⋯⟩)).start,
        ↑(ContextFreeGrammar.DerivationTree.startingSymbol ⋯)}
    [eqc] {↑language,
        coerceLang cfg.GeneratedLanguage,
        coerceLang (↑(generate_equivalent_CNF ⟨cfg, ⋯⟩)).GeneratedLanguage}
    [eqc] {↑⟨↑(generate_equivalent_CNF ⟨cfg, ⋯⟩), ⋯⟩,
        ↑(generate_equivalent_CNF ⟨cfg, h_eps_not_gen⟩),
        ↑(generate_equivalent_CNF ⟨cfg, ⋯⟩)}
    [eqc] {(default.toDerivationTree ⋯ ⋯).result, (Sum.inr <$> z₂).VZtoZ ⋯}
    [eqc] {Membership.mem cfg.Z, fun x => x ∈ cfg.Z}
    [eqc] {Membership.mem (↑(generate_equivalent_CNF ⟨cfg, h_eps_not_gen⟩)).Z,
        fun x => x ∈ (↑(generate_equivalent_CNF ⟨cfg, h_eps_not_gen⟩)).Z}
    [eqc] {Membership.mem (↑(generate_equivalent_CNF ⟨cfg, h_eps_not_gen⟩)).V,
        Membership.mem (↑(generate_equivalent_CNF ⟨cfg, ⋯⟩)).V,
        fun x => x ∈ (↑(generate_equivalent_CNF ⟨cfg, h_eps_not_gen⟩)).V,
        fun x => x ∈ (↑(generate_equivalent_CNF ⟨cfg, ⋯⟩)).V}
    [eqc] {⟨↑(↑(generate_equivalent_CNF ⟨cfg, ⋯⟩)).start, ⋯⟩,
        ⟨↑(ContextFreeGrammar.DerivationTree.startingSymbol ⋯), ⋯⟩,
        (↑(generate_equivalent_CNF ⟨cfg, ⋯⟩)).start,
        ContextFreeGrammar.DerivationTree.startingSymbol ⋯}
    [eqc] {⟨↑(generate_equivalent_CNF ⟨cfg, ⋯⟩), ⋯⟩,
        generate_equivalent_CNF ⟨cfg, h_eps_not_gen⟩,
        generate_equivalent_CNF ⟨cfg, ⋯⟩}
    [eqc] {(↑(generate_equivalent_CNF ⟨cfg, h_eps_not_gen⟩)).V, (↑(generate_equivalent_CNF ⟨cfg, ⋯⟩)).V}
    [eqc] {(↑(generate_equivalent_CNF ⟨cfg, h_eps_not_gen⟩)).Z, (↑(generate_equivalent_CNF ⟨cfg, ⋯⟩)).Z}
    [eqc] {fun z => z ∈ ↑language ∧ 2 ^ (↑(generate_equivalent_CNF ⟨cfg, h_eps_not_gen⟩)).V.card ≤ z.len,
        fun _x => True}
    [eqc] {∅, {_a | False}}
  [cases] Case analyses
    [cases] [1/2]: (↑(generate_equivalent_CNF ⟨cfg, ⋯⟩)).V.card ≤ default.length
      [cases] source: Initial goal
    [cases] [1/1]: ∃ var u', Sum.inl var ∈ u' ∧ ∃ u'' deriv₁ deriv₂ deriv₃, Sum.inl var ∈ u''
      [cases] source: Initial goal
    [cases] [1/2]: (fun _x => True) = fun z =>
          z ∈ ↑language ∧ 2 ^ (↑(generate_equivalent_CNF ⟨cfg, h_eps_not_gen⟩)).V.card ≤ z.len
      [cases] source: E-matching Set.setOf_true
    [cases] [2/2]: (fun _a => False) = fun z =>
          z ∈ ↑language ∧ 2 ^ (↑(generate_equivalent_CNF ⟨cfg, h_eps_not_gen⟩)).V.card ≤ z.len
      [cases] source: E-matching Set.setOf_false
    [cases] [1/1]: ∃ x,
          False = (x ∉ ↑language ∨ x.len + 1 ≤ 2 ^ (↑(generate_equivalent_CNF ⟨cfg, h_eps_not_gen⟩)).V.card)
      [cases] source: Extensionality funext
  [ematch] E-matching patterns
    [thm] Set.mem_setOf_eq: [@Membership.mem #2 _ _ (@setOf _ #0) #1]
    [thm] Set.setOf_true: [@setOf #0 _]
    [thm] Set.setOf_false: [@setOf #0 _]
    [thm] Option.map_apply: [@Functor.map `[Option] `[instFunctorOption] #3 #2 #1 #0]
    [thm] List.length_cons: [@List.length #2 (@List.cons _ #1 #0)]
    [thm] List.length_nil: [@List.length #0 (@List.nil _)]
    [thm] Finset.card_ne_zero_of_mem: [@Membership.mem #3 (Finset _) _ #2 #1, @Finset.card _ #2]
    [thm] h_1: [@HMul.hMul `[Word
           α] `[Word
           α] `[Word
           α] `[instHMul] (@HMul.hMul `[Word
            α] `[Word
            α] `[Word
            α] `[instHMul] (@HMul.hMul `[Word
             α] `[Word α] `[Word α] `[instHMul] (@HMul.hMul `[Word α] `[Word α] `[Word α] `[instHMul] #5 #4) #3) #2) #1]
    [thm] h_1: [@HMul.hMul `[Word α] `[Word α] `[Word α] `[instHMul] #4 #2,
         @HMul.hMul `[Word α] `[Word α] `[Word α] `[instHMul] #4 #3,
         @HMul.hMul `[Word
           α] `[Word
           α] `[Word
           α] `[instHMul] (@HMul.hMul `[Word
            α] `[Word
            α] `[Word
            α] `[instHMul] (@HMul.hMul `[Word
             α] `[Word α] `[Word α] `[instHMul] (@HMul.hMul `[Word α] `[Word α] `[Word α] `[instHMul] #5 #4) #3) #2) #1]
    [thm] Set.mem_univ: [@Membership.mem #1 _ _ (@Set.univ _) #0]
    [thm] Finset.card_empty: [@Finset.card #0 (@EmptyCollection.emptyCollection (Finset _) _)]
    [thm] Finset.notMem_empty: [@Membership.mem #1 (Finset _) _ (@EmptyCollection.emptyCollection (Finset _) _) #0]
    [thm] Set.mem_empty_iff_false: [@Membership.mem #1 _ _ (@EmptyCollection.emptyCollection _ _) #0]
    [thm] Multiset.mem_add: [@Membership.mem #3 _ _ (@HAdd.hAdd _ _ _ _ #1 #0) #2]
  [cutsat] Assignment satisfying linear constraints
    [assign] z₂.len.log2 := 0
    [assign] (↑(generate_equivalent_CNF ⟨cfg, ⋯⟩)).V.card := 1
    [assign] (default.toDerivationTree ⋯ ⋯).collectLeaves'.length := 3
    [assign] z₂.len := 4
    [assign] (default.toDerivationTree ⋯ ⋯).result.len := 3
    [assign] default.length := 1
    [assign] w.derivation.length := 0
    [assign] 「2 ^ (↑(generate_equivalent_CNF ⟨cfg, ⋯⟩)).V.card」 := 0
    [assign] val.len := 0
    [assign] 「2 ^ (↑(generate_equivalent_CNF ⟨cfg, ⋯⟩)).V.card」 := 0
    [assign] w_7.len := 0
[grind] Issues
  [issue] failed to create E-match local theorem for
        ∀ {p : Prop},
          (∀
              (a :
                Inhabited
                  ((↑(generate_equivalent_CNF ⟨cfg, h_eps_not_gen⟩)).ContextFreeDerivation
                    [Sum.inl (↑(generate_equivalent_CNF ⟨cfg, h_eps_not_gen⟩)).start] (Sum.inr <$> z₂))),
              p) →
            p
[grind] Diagnostics
  [thm] E-Matching instances
    [thm] Finset.card_ne_zero_of_mem ↦ 2
    [thm] Set.mem_empty_iff_false ↦ 1
    [thm] Set.mem_setOf_eq ↦ 1
    [thm] Set.mem_univ ↦ 1
    [thm] Set.setOf_false ↦ 1
    [thm] Set.setOf_true ↦ 1
  [cases] Cases instances
    [cases] Subtype ↦ 2

[2026-01-13 04:09:15] [INFO] Attempt 1 failed verification, continuing...
[2026-01-13 04:09:15] [INFO] ========================================
[2026-01-13 04:09:15] [INFO] Trying strategy: ring (up to 1 attempts)
[2026-01-13 04:09:15] [INFO] --------------------
[2026-01-13 04:09:15] [INFO] Strategy ring, attempt 1/1
[2026-01-13 04:09:15] [INFO] Starting proof generation...
[2026-01-13 04:09:15] [INFO] Repository path: /root/repo
[2026-01-13 04:09:15] [INFO] Proof generation completed
[2026-01-13 04:09:15] [INFO] Generated proof:
[2026-01-13 04:09:15] [INFO] ring
[2026-01-13 04:09:15] [INFO] Proof length: 4 chars
[2026-01-13 04:09:15] [INFO] Starting proof verification...
[2026-01-13 04:09:15] [INFO] Verifying at: FormaleSystemeInLean/Chomsky/ContextFree/Theorems.lean:382
[2026-01-13 04:09:15] [INFO] Using LEAN INTERACT verify
[2026-01-13 04:09:15] [INFO] Checking file
[2026-01-13 04:09:18] [INFO] Cannot build modified file <error line="382" column="11">
<code_line>          ring</code_line>
<message>error: unknown tactic</message>
</error>
<error line="322" column="17">
<code_line>          case f =></code_line>
<message>error: unsolved goals</message>
</error>
α : Type
language : ContextFreeLanguage
h_eps_not_in_language : ε ∉ ↑language
nt : Type
cfg : ContextFreeGrammar α nt
h_cfg_gen_is_lang : coerceLang cfg.GeneratedLanguage = ↑language
nt₂ : Type
h_eps_not_gen : ε ∉ cfg.GeneratedLanguage
cfg_CNF : { cfg₂ // isInChomskyNormalForm cfg₂ } := generate_equivalent_CNF ⟨cfg, h_eps_not_gen⟩
h_cfg_CNF_gen_is_lang : coerceLang cfg.GeneratedLanguage = coerceLang (↑cfg_CNF).GeneratedLanguage
z : ↑{z | z ∈ ↑language ∧ z.len ≥ 2 ^ (↑cfg_CNF).V.card}
z₂ : Word { x // x ∈ (↑cfg_CNF).Z }
z₂_mem✝ : z₂ ∈ (↑cfg_CNF).GeneratedLanguage ∧ coerceWord z₂ = ↑z
z_eq_z₂ : coerceWord z₂ = ↑z
z₂_mem :
  ∀ {p : Prop},
    (∀ (a : Inhabited ((↑cfg_CNF).ContextFreeDerivation [Sum.inl (↑cfg_CNF).start] (Sum.inr <$> z₂))), p) → p
h_exists_deriv_z₂ : Inhabited ((↑cfg_CNF).ContextFreeDerivation [Sum.inl (↑cfg_CNF).start] (Sum.inr <$> z₂))
default_deriv_z₂ : (↑cfg_CNF).ContextFreeDerivation [Sum.inl (↑cfg_CNF).start] (Sum.inr <$> z₂) := default
proof_exhaustive : default_deriv_z₂.exhaustiveCondition
default_derivTree_z₂ : (↑cfg_CNF).DerivationTree := default_deriv_z₂.toDerivationTree proof_exhaustive ⋯
defaultDerivTree_z₂_respects_result :
  (default_deriv_z₂.toDerivationTree proof_exhaustive ⋯).result = (Sum.inr <$> z₂).VZtoZ proof_exhaustive
x✝ : DecidableEq { x // x ∈ (↑cfg_CNF).V } := sorry
defaultDerivTree_z₂_respects_start : ContextFreeGrammar.DerivationTree.startingSymbol ⋯ = (↑cfg_CNF).start
lemma_deriv_leaf_count : default_derivTree_z₂.result.len = default_derivTree_z₂.collectLeaves'.length
lemma_deriv_log : ∃ path, path.derivation.length ≥ z₂.len.log2
lemma_multiple_var :
  default_deriv_z₂.length ≥ (↑cfg_CNF).V.card → ∃ var u' u'' deriv₁ deriv₂ deriv₃, Sum.inl var ∈ u' ∧ Sum.inl var ∈ u''
⊢ ∃ u v w x y,
    ↑z = u * v * w * x * y ∧
      (v * x).len ≥ 1 ∧ (v * w * x).len ≤ 2 ^ (↑cfg_CNF).V.card ∧ ∀ (k : ℕ), u * v ^ k * w * x ^ k * y ∈ ↑language
[2026-01-13 04:09:18] [INFO] Proof verification completed
[2026-01-13 04:09:18] [INFO] Strategy ring attempt 1: verified=False
[2026-01-13 04:09:18] [INFO] Verification message: Cannot build modified file: <error line="382" column="11">
<code_line>          ring</code_line>
<message>error: unknown tactic</message>
</error>
<error line="322" column="17">
<code_line>          case f =></code_line>
<message>error: unsolved goals</message>
</error>
α : Type
language : ContextFreeLanguage
h_eps_not_in_language : ε ∉ ↑language
nt : Type
cfg : ContextFreeGrammar α nt
h_cfg_gen_is_lang : coerceLang cfg.GeneratedLanguage = ↑language
nt₂ : Type
h_eps_not_gen : ε ∉ cfg.GeneratedLanguage
cfg_CNF : { cfg₂ // isInChomskyNormalForm cfg₂ } := generate_equivalent_CNF ⟨cfg, h_eps_not_gen⟩
h_cfg_CNF_gen_is_lang : coerceLang cfg.GeneratedLanguage = coerceLang (↑cfg_CNF).GeneratedLanguage
z : ↑{z | z ∈ ↑language ∧ z.len ≥ 2 ^ (↑cfg_CNF).V.card}
z₂ : Word { x // x ∈ (↑cfg_CNF).Z }
z₂_mem✝ : z₂ ∈ (↑cfg_CNF).GeneratedLanguage ∧ coerceWord z₂ = ↑z
z_eq_z₂ : coerceWord z₂ = ↑z
z₂_mem :
  ∀ {p : Prop},
    (∀ (a : Inhabited ((↑cfg_CNF).ContextFreeDerivation [Sum.inl (↑cfg_CNF).start] (Sum.inr <$> z₂))), p) → p
h_exists_deriv_z₂ : Inhabited ((↑cfg_CNF).ContextFreeDerivation [Sum.inl (↑cfg_CNF).start] (Sum.inr <$> z₂))
default_deriv_z₂ : (↑cfg_CNF).ContextFreeDerivation [Sum.inl (↑cfg_CNF).start] (Sum.inr <$> z₂) := default
proof_exhaustive : default_deriv_z₂.exhaustiveCondition
default_derivTree_z₂ : (↑cfg_CNF).DerivationTree := default_deriv_z₂.toDerivationTree proof_exhaustive ⋯
defaultDerivTree_z₂_respects_result :
  (default_deriv_z₂.toDerivationTree proof_exhaustive ⋯).result = (Sum.inr <$> z₂).VZtoZ proof_exhaustive
x✝ : DecidableEq { x // x ∈ (↑cfg_CNF).V } := sorry
defaultDerivTree_z₂_respects_start : ContextFreeGrammar.DerivationTree.startingSymbol ⋯ = (↑cfg_CNF).start
lemma_deriv_leaf_count : default_derivTree_z₂.result.len = default_derivTree_z₂.collectLeaves'.length
lemma_deriv_log : ∃ path, path.derivation.length ≥ z₂.len.log2
lemma_multiple_var :
  default_deriv_z₂.length ≥ (↑cfg_CNF).V.card → ∃ var u' u'' deriv₁ deriv₂ deriv₃, Sum.inl var ∈ u' ∧ Sum.inl var ∈ u''
⊢ ∃ u v w x y,
    ↑z = u * v * w * x * y ∧
      (v * x).len ≥ 1 ∧ (v * w * x).len ≤ 2 ^ (↑cfg_CNF).V.card ∧ ∀ (k : ℕ), u * v ^ k * w * x ^ k * y ∈ ↑language

[2026-01-13 04:09:18] [INFO] Attempt 1 failed verification, continuing...
[2026-01-13 04:09:18] [INFO] ========================================
[2026-01-13 04:09:18] [INFO] Trying strategy: norm_num (up to 1 attempts)
[2026-01-13 04:09:18] [INFO] --------------------
[2026-01-13 04:09:18] [INFO] Strategy norm_num, attempt 1/1
[2026-01-13 04:09:18] [INFO] Starting proof generation...
[2026-01-13 04:09:18] [INFO] Repository path: /root/repo
[2026-01-13 04:09:18] [INFO] Proof generation completed
[2026-01-13 04:09:18] [INFO] Generated proof:
[2026-01-13 04:09:18] [INFO] norm_num
[2026-01-13 04:09:18] [INFO] Proof length: 8 chars
[2026-01-13 04:09:18] [INFO] Starting proof verification...
[2026-01-13 04:09:18] [INFO] Verifying at: FormaleSystemeInLean/Chomsky/ContextFree/Theorems.lean:382
[2026-01-13 04:09:18] [INFO] Using LEAN INTERACT verify
[2026-01-13 04:09:18] [INFO] Checking file
[2026-01-13 04:09:21] [INFO] Cannot build modified file <error line="382" column="11">
<code_line>          norm_num</code_line>
<message>error: unknown tactic</message>
</error>
<error line="322" column="17">
<code_line>          case f =></code_line>
<message>error: unsolved goals</message>
</error>
α : Type
language : ContextFreeLanguage
h_eps_not_in_language : ε ∉ ↑language
nt : Type
cfg : ContextFreeGrammar α nt
h_cfg_gen_is_lang : coerceLang cfg.GeneratedLanguage = ↑language
nt₂ : Type
h_eps_not_gen : ε ∉ cfg.GeneratedLanguage
cfg_CNF : { cfg₂ // isInChomskyNormalForm cfg₂ } := generate_equivalent_CNF ⟨cfg, h_eps_not_gen⟩
h_cfg_CNF_gen_is_lang : coerceLang cfg.GeneratedLanguage = coerceLang (↑cfg_CNF).GeneratedLanguage
z : ↑{z | z ∈ ↑language ∧ z.len ≥ 2 ^ (↑cfg_CNF).V.card}
z₂ : Word { x // x ∈ (↑cfg_CNF).Z }
z₂_mem✝ : z₂ ∈ (↑cfg_CNF).GeneratedLanguage ∧ coerceWord z₂ = ↑z
z_eq_z₂ : coerceWord z₂ = ↑z
z₂_mem :
  ∀ {p : Prop},
    (∀ (a : Inhabited ((↑cfg_CNF).ContextFreeDerivation [Sum.inl (↑cfg_CNF).start] (Sum.inr <$> z₂))), p) → p
h_exists_deriv_z₂ : Inhabited ((↑cfg_CNF).ContextFreeDerivation [Sum.inl (↑cfg_CNF).start] (Sum.inr <$> z₂))
default_deriv_z₂ : (↑cfg_CNF).ContextFreeDerivation [Sum.inl (↑cfg_CNF).start] (Sum.inr <$> z₂) := default
proof_exhaustive : default_deriv_z₂.exhaustiveCondition
default_derivTree_z₂ : (↑cfg_CNF).DerivationTree := default_deriv_z₂.toDerivationTree proof_exhaustive ⋯
defaultDerivTree_z₂_respects_result :
  (default_deriv_z₂.toDerivationTree proof_exhaustive ⋯).result = (Sum.inr <$> z₂).VZtoZ proof_exhaustive
x✝ : DecidableEq { x // x ∈ (↑cfg_CNF).V } := sorry
defaultDerivTree_z₂_respects_start : ContextFreeGrammar.DerivationTree.startingSymbol ⋯ = (↑cfg_CNF).start
lemma_deriv_leaf_count : default_derivTree_z₂.result.len = default_derivTree_z₂.collectLeaves'.length
lemma_deriv_log : ∃ path, path.derivation.length ≥ z₂.len.log2
lemma_multiple_var :
  default_deriv_z₂.length ≥ (↑cfg_CNF).V.card → ∃ var u' u'' deriv₁ deriv₂ deriv₃, Sum.inl var ∈ u' ∧ Sum.inl var ∈ u''
⊢ ∃ u v w x y,
    ↑z = u * v * w * x * y ∧
      (v * x).len ≥ 1 ∧ (v * w * x).len ≤ 2 ^ (↑cfg_CNF).V.card ∧ ∀ (k : ℕ), u * v ^ k * w * x ^ k * y ∈ ↑language
[2026-01-13 04:09:21] [INFO] Proof verification completed
[2026-01-13 04:09:21] [INFO] Strategy norm_num attempt 1: verified=False
[2026-01-13 04:09:21] [INFO] Verification message: Cannot build modified file: <error line="382" column="11">
<code_line>          norm_num</code_line>
<message>error: unknown tactic</message>
</error>
<error line="322" column="17">
<code_line>          case f =></code_line>
<message>error: unsolved goals</message>
</error>
α : Type
language : ContextFreeLanguage
h_eps_not_in_language : ε ∉ ↑language
nt : Type
cfg : ContextFreeGrammar α nt
h_cfg_gen_is_lang : coerceLang cfg.GeneratedLanguage = ↑language
nt₂ : Type
h_eps_not_gen : ε ∉ cfg.GeneratedLanguage
cfg_CNF : { cfg₂ // isInChomskyNormalForm cfg₂ } := generate_equivalent_CNF ⟨cfg, h_eps_not_gen⟩
h_cfg_CNF_gen_is_lang : coerceLang cfg.GeneratedLanguage = coerceLang (↑cfg_CNF).GeneratedLanguage
z : ↑{z | z ∈ ↑language ∧ z.len ≥ 2 ^ (↑cfg_CNF).V.card}
z₂ : Word { x // x ∈ (↑cfg_CNF).Z }
z₂_mem✝ : z₂ ∈ (↑cfg_CNF).GeneratedLanguage ∧ coerceWord z₂ = ↑z
z_eq_z₂ : coerceWord z₂ = ↑z
z₂_mem :
  ∀ {p : Prop},
    (∀ (a : Inhabited ((↑cfg_CNF).ContextFreeDerivation [Sum.inl (↑cfg_CNF).start] (Sum.inr <$> z₂))), p) → p
h_exists_deriv_z₂ : Inhabited ((↑cfg_CNF).ContextFreeDerivation [Sum.inl (↑cfg_CNF).start] (Sum.inr <$> z₂))
default_deriv_z₂ : (↑cfg_CNF).ContextFreeDerivation [Sum.inl (↑cfg_CNF).start] (Sum.inr <$> z₂) := default
proof_exhaustive : default_deriv_z₂.exhaustiveCondition
default_derivTree_z₂ : (↑cfg_CNF).DerivationTree := default_deriv_z₂.toDerivationTree proof_exhaustive ⋯
defaultDerivTree_z₂_respects_result :
  (default_deriv_z₂.toDerivationTree proof_exhaustive ⋯).result = (Sum.inr <$> z₂).VZtoZ proof_exhaustive
x✝ : DecidableEq { x // x ∈ (↑cfg_CNF).V } := sorry
defaultDerivTree_z₂_respects_start : ContextFreeGrammar.DerivationTree.startingSymbol ⋯ = (↑cfg_CNF).start
lemma_deriv_leaf_count : default_derivTree_z₂.result.len = default_derivTree_z₂.collectLeaves'.length
lemma_deriv_log : ∃ path, path.derivation.length ≥ z₂.len.log2
lemma_multiple_var :
  default_deriv_z₂.length ≥ (↑cfg_CNF).V.card → ∃ var u' u'' deriv₁ deriv₂ deriv₃, Sum.inl var ∈ u' ∧ Sum.inl var ∈ u''
⊢ ∃ u v w x y,
    ↑z = u * v * w * x * y ∧
      (v * x).len ≥ 1 ∧ (v * w * x).len ≤ 2 ^ (↑cfg_CNF).V.card ∧ ∀ (k : ℕ), u * v ^ k * w * x ^ k * y ∈ ↑language

[2026-01-13 04:09:21] [INFO] Attempt 1 failed verification, continuing...
[2026-01-13 04:09:21] [INFO] ========================================
[2026-01-13 04:09:21] [INFO] Trying strategy: omega (up to 1 attempts)
[2026-01-13 04:09:21] [INFO] --------------------
[2026-01-13 04:09:21] [INFO] Strategy omega, attempt 1/1
[2026-01-13 04:09:21] [INFO] Starting proof generation...
[2026-01-13 04:09:21] [INFO] Repository path: /root/repo
[2026-01-13 04:09:21] [INFO] Proof generation completed
[2026-01-13 04:09:21] [INFO] Generated proof:
[2026-01-13 04:09:21] [INFO] omega
[2026-01-13 04:09:21] [INFO] Proof length: 5 chars
[2026-01-13 04:09:21] [INFO] Starting proof verification...
[2026-01-13 04:09:21] [INFO] Verifying at: FormaleSystemeInLean/Chomsky/ContextFree/Theorems.lean:382
[2026-01-13 04:09:21] [INFO] Using LEAN INTERACT verify
[2026-01-13 04:09:21] [INFO] Checking file
[2026-01-13 04:09:25] [INFO] Cannot build modified file <error line="382" column="10">
<code_line>          omega</code_line>
<message>error: omega could not prove the goal:</message>
</error>
a possible counterexample may satisfy the constraints
  e ≥ 0
  d ≥ 0
  d - e ≥ 1
  c ≥ 0
  b ≥ 0
  b - c ≥ 0
  a ≥ 0
where
 a := ↑default_derivTree_z₂.collectLeaves'.length
 b := ↑lemma_deriv_log.choose.derivation.length
 c := ↑z₂.len.log2
 d := ↑(↑cfg_CNF).V.card
 e := ↑default_deriv_z₂.length
[2026-01-13 04:09:25] [INFO] Proof verification completed
[2026-01-13 04:09:25] [INFO] Strategy omega attempt 1: verified=False
[2026-01-13 04:09:25] [INFO] Verification message: Cannot build modified file: <error line="382" column="10">
<code_line>          omega</code_line>
<message>error: omega could not prove the goal:</message>
</error>
a possible counterexample may satisfy the constraints
  e ≥ 0
  d ≥ 0
  d - e ≥ 1
  c ≥ 0
  b ≥ 0
  b - c ≥ 0
  a ≥ 0
where
 a := ↑default_derivTree_z₂.collectLeaves'.length
 b := ↑lemma_deriv_log.choose.derivation.length
 c := ↑z₂.len.log2
 d := ↑(↑cfg_CNF).V.card
 e := ↑default_deriv_z₂.length

[2026-01-13 04:09:25] [INFO] Attempt 1 failed verification, continuing...
[2026-01-13 04:09:25] [INFO] ========================================
[2026-01-13 04:09:25] [INFO] Trying strategy: linarith (up to 1 attempts)
[2026-01-13 04:09:25] [INFO] --------------------
[2026-01-13 04:09:25] [INFO] Strategy linarith, attempt 1/1
[2026-01-13 04:09:25] [INFO] Starting proof generation...
[2026-01-13 04:09:25] [INFO] Repository path: /root/repo
[2026-01-13 04:09:25] [INFO] Proof generation completed
[2026-01-13 04:09:25] [INFO] Generated proof:
[2026-01-13 04:09:25] [INFO] linarith
[2026-01-13 04:09:25] [INFO] Proof length: 8 chars
[2026-01-13 04:09:25] [INFO] Starting proof verification...
[2026-01-13 04:09:25] [INFO] Verifying at: FormaleSystemeInLean/Chomsky/ContextFree/Theorems.lean:382
[2026-01-13 04:09:25] [INFO] Using LEAN INTERACT verify
[2026-01-13 04:09:25] [INFO] Checking file
[2026-01-13 04:09:28] [INFO] Cannot build modified file <error line="382" column="11">
<code_line>          linarith</code_line>
<message>error: unknown tactic</message>
</error>
<error line="322" column="17">
<code_line>          case f =></code_line>
<message>error: unsolved goals</message>
</error>
α : Type
language : ContextFreeLanguage
h_eps_not_in_language : ε ∉ ↑language
nt : Type
cfg : ContextFreeGrammar α nt
h_cfg_gen_is_lang : coerceLang cfg.GeneratedLanguage = ↑language
nt₂ : Type
h_eps_not_gen : ε ∉ cfg.GeneratedLanguage
cfg_CNF : { cfg₂ // isInChomskyNormalForm cfg₂ } := generate_equivalent_CNF ⟨cfg, h_eps_not_gen⟩
h_cfg_CNF_gen_is_lang : coerceLang cfg.GeneratedLanguage = coerceLang (↑cfg_CNF).GeneratedLanguage
z : ↑{z | z ∈ ↑language ∧ z.len ≥ 2 ^ (↑cfg_CNF).V.card}
z₂ : Word { x // x ∈ (↑cfg_CNF).Z }
z₂_mem✝ : z₂ ∈ (↑cfg_CNF).GeneratedLanguage ∧ coerceWord z₂ = ↑z
z_eq_z₂ : coerceWord z₂ = ↑z
z₂_mem :
  ∀ {p : Prop},
    (∀ (a : Inhabited ((↑cfg_CNF).ContextFreeDerivation [Sum.inl (↑cfg_CNF).start] (Sum.inr <$> z₂))), p) → p
h_exists_deriv_z₂ : Inhabited ((↑cfg_CNF).ContextFreeDerivation [Sum.inl (↑cfg_CNF).start] (Sum.inr <$> z₂))
default_deriv_z₂ : (↑cfg_CNF).ContextFreeDerivation [Sum.inl (↑cfg_CNF).start] (Sum.inr <$> z₂) := default
proof_exhaustive : default_deriv_z₂.exhaustiveCondition
default_derivTree_z₂ : (↑cfg_CNF).DerivationTree := default_deriv_z₂.toDerivationTree proof_exhaustive ⋯
defaultDerivTree_z₂_respects_result :
  (default_deriv_z₂.toDerivationTree proof_exhaustive ⋯).result = (Sum.inr <$> z₂).VZtoZ proof_exhaustive
x✝ : DecidableEq { x // x ∈ (↑cfg_CNF).V } := sorry
defaultDerivTree_z₂_respects_start : ContextFreeGrammar.DerivationTree.startingSymbol ⋯ = (↑cfg_CNF).start
lemma_deriv_leaf_count : default_derivTree_z₂.result.len = default_derivTree_z₂.collectLeaves'.length
lemma_deriv_log : ∃ path, path.derivation.length ≥ z₂.len.log2
lemma_multiple_var :
  default_deriv_z₂.length ≥ (↑cfg_CNF).V.card → ∃ var u' u'' deriv₁ deriv₂ deriv₃, Sum.inl var ∈ u' ∧ Sum.inl var ∈ u''
⊢ ∃ u v w x y,
    ↑z = u * v * w * x * y ∧
      (v * x).len ≥ 1 ∧ (v * w * x).len ≤ 2 ^ (↑cfg_CNF).V.card ∧ ∀ (k : ℕ), u * v ^ k * w * x ^ k * y ∈ ↑language
[2026-01-13 04:09:28] [INFO] Proof verification completed
[2026-01-13 04:09:28] [INFO] Strategy linarith attempt 1: verified=False
[2026-01-13 04:09:28] [INFO] Verification message: Cannot build modified file: <error line="382" column="11">
<code_line>          linarith</code_line>
<message>error: unknown tactic</message>
</error>
<error line="322" column="17">
<code_line>          case f =></code_line>
<message>error: unsolved goals</message>
</error>
α : Type
language : ContextFreeLanguage
h_eps_not_in_language : ε ∉ ↑language
nt : Type
cfg : ContextFreeGrammar α nt
h_cfg_gen_is_lang : coerceLang cfg.GeneratedLanguage = ↑language
nt₂ : Type
h_eps_not_gen : ε ∉ cfg.GeneratedLanguage
cfg_CNF : { cfg₂ // isInChomskyNormalForm cfg₂ } := generate_equivalent_CNF ⟨cfg, h_eps_not_gen⟩
h_cfg_CNF_gen_is_lang : coerceLang cfg.GeneratedLanguage = coerceLang (↑cfg_CNF).GeneratedLanguage
z : ↑{z | z ∈ ↑language ∧ z.len ≥ 2 ^ (↑cfg_CNF).V.card}
z₂ : Word { x // x ∈ (↑cfg_CNF).Z }
z₂_mem✝ : z₂ ∈ (↑cfg_CNF).GeneratedLanguage ∧ coerceWord z₂ = ↑z
z_eq_z₂ : coerceWord z₂ = ↑z
z₂_mem :
  ∀ {p : Prop},
    (∀ (a : Inhabited ((↑cfg_CNF).ContextFreeDerivation [Sum.inl (↑cfg_CNF).start] (Sum.inr <$> z₂))), p) → p
h_exists_deriv_z₂ : Inhabited ((↑cfg_CNF).ContextFreeDerivation [Sum.inl (↑cfg_CNF).start] (Sum.inr <$> z₂))
default_deriv_z₂ : (↑cfg_CNF).ContextFreeDerivation [Sum.inl (↑cfg_CNF).start] (Sum.inr <$> z₂) := default
proof_exhaustive : default_deriv_z₂.exhaustiveCondition
default_derivTree_z₂ : (↑cfg_CNF).DerivationTree := default_deriv_z₂.toDerivationTree proof_exhaustive ⋯
defaultDerivTree_z₂_respects_result :
  (default_deriv_z₂.toDerivationTree proof_exhaustive ⋯).result = (Sum.inr <$> z₂).VZtoZ proof_exhaustive
x✝ : DecidableEq { x // x ∈ (↑cfg_CNF).V } := sorry
defaultDerivTree_z₂_respects_start : ContextFreeGrammar.DerivationTree.startingSymbol ⋯ = (↑cfg_CNF).start
lemma_deriv_leaf_count : default_derivTree_z₂.result.len = default_derivTree_z₂.collectLeaves'.length
lemma_deriv_log : ∃ path, path.derivation.length ≥ z₂.len.log2
lemma_multiple_var :
  default_deriv_z₂.length ≥ (↑cfg_CNF).V.card → ∃ var u' u'' deriv₁ deriv₂ deriv₃, Sum.inl var ∈ u' ∧ Sum.inl var ∈ u''
⊢ ∃ u v w x y,
    ↑z = u * v * w * x * y ∧
      (v * x).len ≥ 1 ∧ (v * w * x).len ≤ 2 ^ (↑cfg_CNF).V.card ∧ ∀ (k : ℕ), u * v ^ k * w * x ^ k * y ∈ ↑language

[2026-01-13 04:09:28] [INFO] Attempt 1 failed verification, continuing...
[2026-01-13 04:09:28] [INFO] ========================================
[2026-01-13 04:09:28] [INFO] Trying strategy: nlinarith (up to 1 attempts)
[2026-01-13 04:09:28] [INFO] --------------------
[2026-01-13 04:09:28] [INFO] Strategy nlinarith, attempt 1/1
[2026-01-13 04:09:28] [INFO] Starting proof generation...
[2026-01-13 04:09:28] [INFO] Repository path: /root/repo
[2026-01-13 04:09:28] [INFO] Proof generation completed
[2026-01-13 04:09:28] [INFO] Generated proof:
[2026-01-13 04:09:28] [INFO] nlinarith
[2026-01-13 04:09:28] [INFO] Proof length: 9 chars
[2026-01-13 04:09:28] [INFO] Starting proof verification...
[2026-01-13 04:09:28] [INFO] Verifying at: FormaleSystemeInLean/Chomsky/ContextFree/Theorems.lean:382
[2026-01-13 04:09:28] [INFO] Using LEAN INTERACT verify
[2026-01-13 04:09:28] [INFO] Checking file
[2026-01-13 04:09:31] [INFO] Cannot build modified file <error line="382" column="11">
<code_line>          nlinarith</code_line>
<message>error: unknown tactic</message>
</error>
<error line="322" column="17">
<code_line>          case f =></code_line>
<message>error: unsolved goals</message>
</error>
α : Type
language : ContextFreeLanguage
h_eps_not_in_language : ε ∉ ↑language
nt : Type
cfg : ContextFreeGrammar α nt
h_cfg_gen_is_lang : coerceLang cfg.GeneratedLanguage = ↑language
nt₂ : Type
h_eps_not_gen : ε ∉ cfg.GeneratedLanguage
cfg_CNF : { cfg₂ // isInChomskyNormalForm cfg₂ } := generate_equivalent_CNF ⟨cfg, h_eps_not_gen⟩
h_cfg_CNF_gen_is_lang : coerceLang cfg.GeneratedLanguage = coerceLang (↑cfg_CNF).GeneratedLanguage
z : ↑{z | z ∈ ↑language ∧ z.len ≥ 2 ^ (↑cfg_CNF).V.card}
z₂ : Word { x // x ∈ (↑cfg_CNF).Z }
z₂_mem✝ : z₂ ∈ (↑cfg_CNF).GeneratedLanguage ∧ coerceWord z₂ = ↑z
z_eq_z₂ : coerceWord z₂ = ↑z
z₂_mem :
  ∀ {p : Prop},
    (∀ (a : Inhabited ((↑cfg_CNF).ContextFreeDerivation [Sum.inl (↑cfg_CNF).start] (Sum.inr <$> z₂))), p) → p
h_exists_deriv_z₂ : Inhabited ((↑cfg_CNF).ContextFreeDerivation [Sum.inl (↑cfg_CNF).start] (Sum.inr <$> z₂))
default_deriv_z₂ : (↑cfg_CNF).ContextFreeDerivation [Sum.inl (↑cfg_CNF).start] (Sum.inr <$> z₂) := default
proof_exhaustive : default_deriv_z₂.exhaustiveCondition
default_derivTree_z₂ : (↑cfg_CNF).DerivationTree := default_deriv_z₂.toDerivationTree proof_exhaustive ⋯
defaultDerivTree_z₂_respects_result :
  (default_deriv_z₂.toDerivationTree proof_exhaustive ⋯).result = (Sum.inr <$> z₂).VZtoZ proof_exhaustive
x✝ : DecidableEq { x // x ∈ (↑cfg_CNF).V } := sorry
defaultDerivTree_z₂_respects_start : ContextFreeGrammar.DerivationTree.startingSymbol ⋯ = (↑cfg_CNF).start
lemma_deriv_leaf_count : default_derivTree_z₂.result.len = default_derivTree_z₂.collectLeaves'.length
lemma_deriv_log : ∃ path, path.derivation.length ≥ z₂.len.log2
lemma_multiple_var :
  default_deriv_z₂.length ≥ (↑cfg_CNF).V.card → ∃ var u' u'' deriv₁ deriv₂ deriv₃, Sum.inl var ∈ u' ∧ Sum.inl var ∈ u''
⊢ ∃ u v w x y,
    ↑z = u * v * w * x * y ∧
      (v * x).len ≥ 1 ∧ (v * w * x).len ≤ 2 ^ (↑cfg_CNF).V.card ∧ ∀ (k : ℕ), u * v ^ k * w * x ^ k * y ∈ ↑language
[2026-01-13 04:09:31] [INFO] Proof verification completed
[2026-01-13 04:09:31] [INFO] Strategy nlinarith attempt 1: verified=False
[2026-01-13 04:09:31] [INFO] Verification message: Cannot build modified file: <error line="382" column="11">
<code_line>          nlinarith</code_line>
<message>error: unknown tactic</message>
</error>
<error line="322" column="17">
<code_line>          case f =></code_line>
<message>error: unsolved goals</message>
</error>
α : Type
language : ContextFreeLanguage
h_eps_not_in_language : ε ∉ ↑language
nt : Type
cfg : ContextFreeGrammar α nt
h_cfg_gen_is_lang : coerceLang cfg.GeneratedLanguage = ↑language
nt₂ : Type
h_eps_not_gen : ε ∉ cfg.GeneratedLanguage
cfg_CNF : { cfg₂ // isInChomskyNormalForm cfg₂ } := generate_equivalent_CNF ⟨cfg, h_eps_not_gen⟩
h_cfg_CNF_gen_is_lang : coerceLang cfg.GeneratedLanguage = coerceLang (↑cfg_CNF).GeneratedLanguage
z : ↑{z | z ∈ ↑language ∧ z.len ≥ 2 ^ (↑cfg_CNF).V.card}
z₂ : Word { x // x ∈ (↑cfg_CNF).Z }
z₂_mem✝ : z₂ ∈ (↑cfg_CNF).GeneratedLanguage ∧ coerceWord z₂ = ↑z
z_eq_z₂ : coerceWord z₂ = ↑z
z₂_mem :
  ∀ {p : Prop},
    (∀ (a : Inhabited ((↑cfg_CNF).ContextFreeDerivation [Sum.inl (↑cfg_CNF).start] (Sum.inr <$> z₂))), p) → p
h_exists_deriv_z₂ : Inhabited ((↑cfg_CNF).ContextFreeDerivation [Sum.inl (↑cfg_CNF).start] (Sum.inr <$> z₂))
default_deriv_z₂ : (↑cfg_CNF).ContextFreeDerivation [Sum.inl (↑cfg_CNF).start] (Sum.inr <$> z₂) := default
proof_exhaustive : default_deriv_z₂.exhaustiveCondition
default_derivTree_z₂ : (↑cfg_CNF).DerivationTree := default_deriv_z₂.toDerivationTree proof_exhaustive ⋯
defaultDerivTree_z₂_respects_result :
  (default_deriv_z₂.toDerivationTree proof_exhaustive ⋯).result = (Sum.inr <$> z₂).VZtoZ proof_exhaustive
x✝ : DecidableEq { x // x ∈ (↑cfg_CNF).V } := sorry
defaultDerivTree_z₂_respects_start : ContextFreeGrammar.DerivationTree.startingSymbol ⋯ = (↑cfg_CNF).start
lemma_deriv_leaf_count : default_derivTree_z₂.result.len = default_derivTree_z₂.collectLeaves'.length
lemma_deriv_log : ∃ path, path.derivation.length ≥ z₂.len.log2
lemma_multiple_var :
  default_deriv_z₂.length ≥ (↑cfg_CNF).V.card → ∃ var u' u'' deriv₁ deriv₂ deriv₃, Sum.inl var ∈ u' ∧ Sum.inl var ∈ u''
⊢ ∃ u v w x y,
    ↑z = u * v * w * x * y ∧
      (v * x).len ≥ 1 ∧ (v * w * x).len ≤ 2 ^ (↑cfg_CNF).V.card ∧ ∀ (k : ℕ), u * v ^ k * w * x ^ k * y ∈ ↑language

[2026-01-13 04:09:31] [INFO] Attempt 1 failed verification, continuing...
[2026-01-13 04:09:31] [INFO] ========================================
[2026-01-13 04:09:31] [INFO] Trying strategy: aesop (up to 1 attempts)
[2026-01-13 04:09:31] [INFO] --------------------
[2026-01-13 04:09:31] [INFO] Strategy aesop, attempt 1/1
[2026-01-13 04:09:31] [INFO] Starting proof generation...
[2026-01-13 04:09:31] [INFO] Repository path: /root/repo
[2026-01-13 04:09:31] [INFO] Proof generation completed
[2026-01-13 04:09:31] [INFO] Generated proof:
[2026-01-13 04:09:31] [INFO] aesop
[2026-01-13 04:09:31] [INFO] Proof length: 5 chars
[2026-01-13 04:09:31] [INFO] Starting proof verification...
[2026-01-13 04:09:31] [INFO] Verifying at: FormaleSystemeInLean/Chomsky/ContextFree/Theorems.lean:382
[2026-01-13 04:09:31] [INFO] Using LEAN INTERACT verify
[2026-01-13 04:09:31] [INFO] Checking file
[2026-01-13 04:09:45] [INFO] Cannot build modified file <error line="322" column="17">
<code_line>          case f =></code_line>
<message>error: unsolved goals</message>
</error>
α : Type
language : ContextFreeLanguage
h_eps_not_in_language : ε ∉ ↑language
nt : Type
cfg : ContextFreeGrammar α nt
nt₂ : Type
h_eps_not_gen : ε ∉ cfg.GeneratedLanguage
cfg_CNF : { cfg₂ // isInChomskyNormalForm cfg₂ } := generate_equivalent_CNF ⟨cfg, h_eps_not_gen⟩
z : ↑{z | z ∈ ↑language ∧ z.len ≥ 2 ^ (↑cfg_CNF).V.card}
z₂ : Word { x // x ∈ (↑cfg_CNF).Z }
z₂_mem_1 : z₂ ∈ (↑cfg_CNF).GeneratedLanguage ∧ coerceWord z₂ = ↑z
h_exists_deriv_z₂ : Inhabited ((↑cfg_CNF).ContextFreeDerivation [Sum.inl (↑cfg_CNF).start] (Sum.inr <$> z₂))
default_deriv_z₂ : (↑cfg_CNF).ContextFreeDerivation [Sum.inl (↑cfg_CNF).start] (Sum.inr <$> z₂) := default
proof_exhaustive : default_deriv_z₂.exhaustiveCondition
default_derivTree_z₂ : (↑cfg_CNF).DerivationTree := default_deriv_z₂.toDerivationTree proof_exhaustive ⋯
defaultDerivTree_z₂_respects_result :
  (default_deriv_z₂.toDerivationTree proof_exhaustive ⋯).result = (Sum.inr <$> z₂).VZtoZ proof_exhaustive
x : DecidableEq { x // x ∈ (↑cfg_CNF).V } := sorry
h_cfg_gen_is_lang : coerceLang (↑(generate_equivalent_CNF ⟨cfg, h_eps_not_gen⟩)).GeneratedLanguage = ↑language
h_cfg_CNF_gen_is_lang : coerceLang cfg.GeneratedLanguage = ↑language
defaultDerivTree_z₂_respects_start :
  ContextFreeGrammar.DerivationTree.startingSymbol ⋯ = (↑(generate_equivalent_CNF ⟨cfg, h_eps_not_gen⟩)).start
lemma_deriv_leaf_count :
  (default.toDerivationTree proof_exhaustive ⋯).result.len =
    (default.toDerivationTree proof_exhaustive ⋯).collectLeaves'.length
lemma_deriv_log : ∃ path, z₂.len.log2 ≤ path.derivation.length
lemma_multiple_var :
  (↑(generate_equivalent_CNF ⟨cfg, h_eps_not_gen⟩)).V.card ≤ default.length →
    ∃ a,
      ∃ (b : a ∈ (↑(generate_equivalent_CNF ⟨cfg, h_eps_not_gen⟩)).V),
        ∃ u',
          Sum.inl ⟨a, b⟩ ∈ u' ∧
            ∃ x,
              Nonempty
                  ((↑(generate_equivalent_CNF ⟨cfg, h_eps_not_gen⟩)).ContextFreeDerivation x (List.map Sum.inr z₂)) ∧
                Nonempty ((↑(generate_equivalent_CNF ⟨cfg, h_eps_not_gen⟩)).ContextFreeDerivation u' x) ∧
                  Nonempty
                      ((↑(generate_equivalent_CNF ⟨cfg, h_eps_not_gen⟩)).ContextFreeDerivation
                        [Sum.inl (↑(generate_equivalent_CNF ⟨cfg, h_eps_not_gen⟩)).start] u') ∧
                    Sum.inl ⟨a, b⟩ ∈ x
⊢ ∃ u v w x y,
    ↑z = u * v * w * x * y ∧
      1 ≤ (v * x).len ∧
        (v * w * x).len ≤ 2 ^ (↑(generate_equivalent_CNF ⟨cfg, h_eps_not_gen⟩)).V.card ∧
          ∀ (k : ℕ), u * v ^ k * w * x ^ k * y ∈ ↑language
[2026-01-13 04:09:45] [INFO] Proof verification completed
[2026-01-13 04:09:45] [INFO] Strategy aesop attempt 1: verified=False
[2026-01-13 04:09:45] [INFO] Verification message: Cannot build modified file: <error line="322" column="17">
<code_line>          case f =></code_line>
<message>error: unsolved goals</message>
</error>
α : Type
language : ContextFreeLanguage
h_eps_not_in_language : ε ∉ ↑language
nt : Type
cfg : ContextFreeGrammar α nt
nt₂ : Type
h_eps_not_gen : ε ∉ cfg.GeneratedLanguage
cfg_CNF : { cfg₂ // isInChomskyNormalForm cfg₂ } := generate_equivalent_CNF ⟨cfg, h_eps_not_gen⟩
z : ↑{z | z ∈ ↑language ∧ z.len ≥ 2 ^ (↑cfg_CNF).V.card}
z₂ : Word { x // x ∈ (↑cfg_CNF).Z }
z₂_mem_1 : z₂ ∈ (↑cfg_CNF).GeneratedLanguage ∧ coerceWord z₂ = ↑z
h_exists_deriv_z₂ : Inhabited ((↑cfg_CNF).ContextFreeDerivation [Sum.inl (↑cfg_CNF).start] (Sum.inr <$> z₂))
default_deriv_z₂ : (↑cfg_CNF).ContextFreeDerivation [Sum.inl (↑cfg_CNF).start] (Sum.inr <$> z₂) := default
proof_exhaustive : default_deriv_z₂.exhaustiveCondition
default_derivTree_z₂ : (↑cfg_CNF).DerivationTree := default_deriv_z₂.toDerivationTree proof_exhaustive ⋯
defaultDerivTree_z₂_respects_result :
  (default_deriv_z₂.toDerivationTree proof_exhaustive ⋯).result = (Sum.inr <$> z₂).VZtoZ proof_exhaustive
x : DecidableEq { x // x ∈ (↑cfg_CNF).V } := sorry
h_cfg_gen_is_lang : coerceLang (↑(generate_equivalent_CNF ⟨cfg, h_eps_not_gen⟩)).GeneratedLanguage = ↑language
h_cfg_CNF_gen_is_lang : coerceLang cfg.GeneratedLanguage = ↑language
defaultDerivTree_z₂_respects_start :
  ContextFreeGrammar.DerivationTree.startingSymbol ⋯ = (↑(generate_equivalent_CNF ⟨cfg, h_eps_not_gen⟩)).start
lemma_deriv_leaf_count :
  (default.toDerivationTree proof_exhaustive ⋯).result.len =
    (default.toDerivationTree proof_exhaustive ⋯).collectLeaves'.length
lemma_deriv_log : ∃ path, z₂.len.log2 ≤ path.derivation.length
lemma_multiple_var :
  (↑(generate_equivalent_CNF ⟨cfg, h_eps_not_gen⟩)).V.card ≤ default.length →
    ∃ a,
      ∃ (b : a ∈ (↑(generate_equivalent_CNF ⟨cfg, h_eps_not_gen⟩)).V),
        ∃ u',
          Sum.inl ⟨a, b⟩ ∈ u' ∧
            ∃ x,
              Nonempty
                  ((↑(generate_equivalent_CNF ⟨cfg, h_eps_not_gen⟩)).ContextFreeDerivation x (List.map Sum.inr z₂)) ∧
                Nonempty ((↑(generate_equivalent_CNF ⟨cfg, h_eps_not_gen⟩)).ContextFreeDerivation u' x) ∧
                  Nonempty
                      ((↑(generate_equivalent_CNF ⟨cfg, h_eps_not_gen⟩)).ContextFreeDerivation
                        [Sum.inl (↑(generate_equivalent_CNF ⟨cfg, h_eps_not_gen⟩)).start] u') ∧
                    Sum.inl ⟨a, b⟩ ∈ x
⊢ ∃ u v w x y,
    ↑z = u * v * w * x * y ∧
      1 ≤ (v * x).len ∧
        (v * w * x).len ≤ 2 ^ (↑(generate_equivalent_CNF ⟨cfg, h_eps_not_gen⟩)).V.card ∧
          ∀ (k : ℕ), u * v ^ k * w * x ^ k * y ∈ ↑language

[2026-01-13 04:09:45] [INFO] Attempt 1 failed verification, continuing...
[2026-01-13 04:09:45] [INFO] ========================================
[2026-01-13 04:09:45] [INFO] Pass@k completed. Total results: 1
[2026-01-13 04:09:45] [INFO] FAILED: All 11 strategies x 1 attempts
[2026-01-13 04:09:45] [INFO] Writing results to file: /root/repo/result.json
[2026-01-13 04:09:45] [INFO] Result file written successfully
[2026-01-13 04:09:45] [INFO] Results exported to: /root/repo/result.json
[2026-01-13 04:09:45] [INFO] run_morphcloud_local.py completed successfully

[2026-01-13 04:09:46] [process_single_sorry] Downloading result file...
[2026-01-13 04:09:46] [process_single_sorry] Downloaded result to intermediate_experiment_outputs_full_reservoir_3_months/multi_tactic/2026-01-13_01-27-45_multi_tactic/individual/c59a0f54ccb28acade3f221266624d47f842f9899e41c458eed591c3c821d1c8.json
[2026-01-13 04:09:48] [process_single_sorry] Instance context closed successfully
[2026-01-13 04:09:48] [process_single_sorry] Parsing result file...
[2026-01-13 04:09:48] [process_single_sorry] Successfully parsed result (list format, 1 results)
