[2026-01-13 04:15:09] [process_single_sorry] Starting for sorry c6babd68119809cd60e1018b202f6637b83154c753d205de6d4aed96fbc9c36b
[2026-01-13 04:15:09] [process_single_sorry] Using snapshot: snapshot_6tin9kd7
[2026-01-13 04:15:09] [process_single_sorry] Repository: https://github.com/leanprover-community/aesop@5391fe11b1446d55ca49929326cd6bba91e2f39c
[2026-01-13 04:15:09] [process_single_sorry] Instance name: aesop_5391fe11b144_multi_tactic_c6babd68119809cd60e1018b202f6637b83154c753d205de6d4aed96fbc9c36b
[2026-01-13 04:15:09] [process_single_sorry] Starting attempt 1/3
[2026-01-13 04:15:09] [process_single_sorry] Starting instance from snapshot...
[2026-01-13 04:15:09] [process_single_sorry] Instance started successfully: morphvm_3ctrmjxk
[2026-01-13 04:15:09] [process_single_sorry] Creating .env file...
[2026-01-13 04:15:13] [process_single_sorry] .env file created (exit_code: 1)
[2026-01-13 04:15:13] [process_single_sorry] Executing agent command...
[2026-01-13 04:48:34] [process_single_sorry] Retryable error on attempt 1/3: TimeoutError: 
[2026-01-13 04:48:34] [process_single_sorry] Waiting 2 seconds before retry...
[2026-01-13 04:48:36] [process_single_sorry] Starting attempt 2/3
[2026-01-13 04:48:36] [process_single_sorry] Starting instance from snapshot...
[2026-01-13 04:48:36] [process_single_sorry] Instance started successfully: morphvm_mp8girvc
[2026-01-13 04:48:36] [process_single_sorry] Creating .env file...
[2026-01-13 04:48:38] [process_single_sorry] .env file created (exit_code: 1)
[2026-01-13 04:48:38] [process_single_sorry] Executing agent command...
[2026-01-13 05:21:59] [process_single_sorry] Retryable error on attempt 2/3: TimeoutError: 
[2026-01-13 05:21:59] [process_single_sorry] Waiting 2 seconds before retry...
[2026-01-13 05:22:02] [process_single_sorry] Starting attempt 3/3
[2026-01-13 05:22:02] [process_single_sorry] Starting instance from snapshot...
[2026-01-13 05:22:02] [process_single_sorry] Instance started successfully: morphvm_bypms4p1
[2026-01-13 05:22:02] [process_single_sorry] Creating .env file...
[2026-01-13 05:22:05] [process_single_sorry] .env file created (exit_code: 1)
[2026-01-13 05:22:05] [process_single_sorry] Executing agent command...
[2026-01-13 05:55:26] [process_single_sorry] Retryable error on attempt 3/3: TimeoutError: 
[2026-01-13 05:55:26] [process_single_sorry] All 3 attempts exhausted
