[2026-01-13 03:19:24] [process_single_sorry] Starting for sorry db170cbf846a645482fe7924d9c528c86aea179f1b205e032beecf1995111a35
[2026-01-13 03:19:24] [process_single_sorry] Using snapshot: snapshot_63dx52v8
[2026-01-13 03:19:24] [process_single_sorry] Repository: https://github.com/apnelson1/Matroid@3d4d082a70e17cc7ed1db37a316b7525e8f5f437
[2026-01-13 03:19:24] [process_single_sorry] Instance name: Matroid_3d4d082a70e1_multi_tactic_db170cbf846a645482fe7924d9c528c86aea179f1b205e032beecf1995111a35
[2026-01-13 03:19:24] [process_single_sorry] Starting attempt 1/3
[2026-01-13 03:19:24] [process_single_sorry] Starting instance from snapshot...
[2026-01-13 03:19:26] [process_single_sorry] Instance started successfully: morphvm_sndp0kr3
[2026-01-13 03:19:26] [process_single_sorry] Creating .env file...
[2026-01-13 03:19:33] [process_single_sorry] .env file created (exit_code: 0)
[2026-01-13 03:19:33] [process_single_sorry] Executing agent command...
[2026-01-13 03:21:10] [process_single_sorry] Agent command completed (exit_code: 0)
[2026-01-13 03:21:10] [process_single_sorry] STDOUT:

Results JSON:
[
  {
    "sorry": {
      "repo": {
        "remote": "https://github.com/apnelson1/Matroid",
        "branch": "main",
        "commit": "3d4d082a70e17cc7ed1db37a316b7525e8f5f437",
        "lean_version": "v4.27.0-rc1"
      },
      "location": {
        "path": "Matroid/Graph/Matching.lean",
        "start_line": 77,
        "start_column": 4,
        "end_line": 77,
        "end_column": 9
      },
      "debug_info": {
        "goal": "α : Type u_1\nβ : Type u_2\nG : Graph α β\nM : Set β\nhM : @Graph.IsMatching α β G M\nhsu : G.vertexSet ⊆ V(G, M)\nM' : Set β\nhM' : @Graph.IsMatching α β G M'\n⊢ M'.encard ≤ M.encard",
        "url": "https://github.com/apnelson1/Matroid/blob/3d4d082a70e17cc7ed1db37a316b7525e8f5f437/Matroid/Graph/Matching.lean#L77"
      },
      "metadata": {
        "blame_email_hash": "b4e2115deba9",
        "blame_date": "2026-01-07T13:03:27-05:00",
        "inclusion_date": "2026-01-09T21:37:16.429659+00:00"
      },
      "id": "db170cbf846a645482fe7924d9c528c86aea179f1b205e032beecf1995111a35"
    },
    "proof": null,
    "proof_verified": false,
    "feedback": null,
    "verification_message": "All 11 attempts failed (11 strategies x 1 attempts each)",
    "success": true,
    "error_type": null,
    "error_message": null,
    "strategy_name": "all_failed_k=1",
    "proof_attempts": [
      "rfl",
      "simp",
      "simp_all",
      "exact?",
      "grind",
      "ring",
      "norm_num",
      "omega",
      "linarith",
      "nlinarith",
      "aesop"
    ]
  }
]

[2026-01-13 03:21:10] [process_single_sorry] STDERR:
None of PyTorch, TensorFlow >= 2.0, or Flax have been found. Models won't be available and only tokenizers, configuration and file/data utilities can be used.
[2026-01-13 03:19:45] [INFO] ================================================================================
[2026-01-13 03:19:45] [INFO] Starting run_morphcloud_local.py
[2026-01-13 03:19:45] [INFO] ================================================================================
[2026-01-13 03:19:45] [INFO] Environment loaded
[2026-01-13 03:19:45] [INFO] Full command: /root/SorryDB/sorrydb/cli/run_morphcloud_local.py --repo-path /root/repo --sorry-json {"repo": {"remote": "https://github.com/apnelson1/Matroid", "branch": "main", "commit": "3d4d082a70e17cc7ed1db37a316b7525e8f5f437", "lean_version": "v4.27.0-rc1"}, "location": {"path": "Matroid/Graph/Matching.lean", "start_line": 77, "start_column": 4, "end_line": 77, "end_column": 9}, "debug_info": {"goal": "\u03b1 : Type u_1\n\u03b2 : Type u_2\nG : Graph \u03b1 \u03b2\nM : Set \u03b2\nhM : @Graph.IsMatching \u03b1 \u03b2 G M\nhsu : G.vertexSet \u2286 V(G, M)\nM' : Set \u03b2\nhM' : @Graph.IsMatching \u03b1 \u03b2 G M'\n\u22a2 M'.encard \u2264 M.encard", "url": "https://github.com/apnelson1/Matroid/blob/3d4d082a70e17cc7ed1db37a316b7525e8f5f437/Matroid/Graph/Matching.lean#L77"}, "metadata": {"blame_email_hash": "b4e2115deba9", "blame_date": "2026-01-07T13:03:27-05:00", "inclusion_date": "2026-01-09T21:37:16.429659+00:00"}, "id": "db170cbf846a645482fe7924d9c528c86aea179f1b205e032beecf1995111a35"} --agent-strategy {"name": "multi_tactic", "args": {}}
[2026-01-13 03:19:45] [INFO] Arguments parsed: repo_path=/root/repo, output_path=/root/repo/result.json
[2026-01-13 03:19:45] [INFO] Strategy spec: {"name": "multi_tactic", "args": {}}...
[2026-01-13 03:19:45] [INFO] Loading sorry data...
[2026-01-13 03:19:45] [INFO] Parsing sorry from JSON string...
[2026-01-13 03:19:45] [INFO] Sorry data parsed from JSON string
[2026-01-13 03:19:45] [INFO] Creating strategy from spec...
[2026-01-13 03:19:45] [INFO] Parsing strategy spec (length: 36 chars)
[2026-01-13 03:19:45] [INFO] Strategy name: multi_tactic
[2026-01-13 03:19:45] [INFO] Strategy args: {}
[2026-01-13 03:19:45] [INFO] Pass@k value: 1
[2026-01-13 03:19:45] [INFO] Creating strategy: multi_tactic
[2026-01-13 03:19:45] [INFO] Creating multi_tactic strategy with tactics: ['rfl', 'simp', 'simp_all', 'exact?', 'grind', 'ring', 'norm_num', 'omega', 'linarith', 'nlinarith', 'aesop']
[2026-01-13 03:19:45] [INFO] Strategies created: ['rfl', 'simp', 'simp_all', 'exact?', 'grind', 'ring', 'norm_num', 'omega', 'linarith', 'nlinarith', 'aesop']
[2026-01-13 03:19:45] [INFO] Pass@k value: 1
[2026-01-13 03:19:45] [INFO] Creating Sorry object...
[2026-01-13 03:19:45] [INFO] Sorry object created: id=db170cbf846a645482fe7924d9c528c86aea179f1b205e032beecf1995111a35
[2026-01-13 03:19:45] [INFO] Sorry location: Matroid/Graph/Matching.lean:77
[2026-01-13 03:19:45] [INFO] Context before sorry (lines 72-77):
[2026-01-13 03:19:45] [INFO]   72: 
[2026-01-13 03:19:45] [INFO]   73: lemma IsMatching.isMaxMatching_of_vertex_subset (hM : G.IsMatching M) (hsu : V(G) ⊆ V(G, M)) :
[2026-01-13 03:19:45] [INFO]   74:     G.IsMaxMatching M where
[2026-01-13 03:19:45] [INFO]   75:   toIsMatching := hM
[2026-01-13 03:19:45] [INFO]   76:   max M' hM' := by
[2026-01-13 03:19:45] [INFO]   77:     sorry
[2026-01-13 03:19:45] [INFO] Sorry line:     sorry
[2026-01-13 03:19:45] [INFO] Sorry goal: α : Type u_1
β : Type u_2
G : Graph α β
M : Set β
hM : @Graph.IsMatching α β G M
hsu : G.vertexSet ⊆...
[2026-01-13 03:19:45] [INFO] ========================================
[2026-01-13 03:19:45] [INFO] Trying strategy: rfl (up to 1 attempts)
[2026-01-13 03:19:45] [INFO] --------------------
[2026-01-13 03:19:45] [INFO] Strategy rfl, attempt 1/1
[2026-01-13 03:19:45] [INFO] Starting proof generation...
[2026-01-13 03:19:45] [INFO] Repository path: /root/repo
[2026-01-13 03:19:45] [INFO] Proof generation completed
[2026-01-13 03:19:45] [INFO] Generated proof:
[2026-01-13 03:19:45] [INFO] rfl
[2026-01-13 03:19:45] [INFO] Proof length: 3 chars
[2026-01-13 03:19:45] [INFO] Starting proof verification...
[2026-01-13 03:19:45] [INFO] Verifying at: Matroid/Graph/Matching.lean:77
[2026-01-13 03:19:45] [INFO] Using LEAN INTERACT verify
[2026-01-13 03:19:45] [INFO] Checking file
[2026-01-13 03:20:06] [INFO] Cannot build modified file <error line="77" column="4">
<code_line>    rfl</code_line>
<message>error: Tactic `rfl` failed: The left-hand side</message>
</error>
  M'.encard
is not definitionally equal to the right-hand side
  M.encard

α : Type u_1
β : Type u_2
G : Graph α β
M : Set β
hM : G.IsMatching M
hsu : V(G) ⊆ V(G, M)
M' : Set β
hM' : G.IsMatching M'
⊢ M'.encard ≤ M.encard

Note: This linter can be disabled with `set_option linter.unusedVariables false`

Note: This linter can be disabled with `set_option linter.unusedVariables false`
[2026-01-13 03:20:06] [INFO] Proof verification completed
[2026-01-13 03:20:06] [INFO] Strategy rfl attempt 1: verified=False
[2026-01-13 03:20:06] [INFO] Verification message: Cannot build modified file: <error line="77" column="4">
<code_line>    rfl</code_line>
<message>error: Tactic `rfl` failed: The left-hand side</message>
</error>
  M'.encard
is not definitionally equal to the right-hand side
  M.encard

α : Type u_1
β : Type u_2
G : Graph α β
M : Set β
hM : G.IsMatching M
hsu : V(G) ⊆ V(G, M)
M' : Set β
hM' : G.IsMatching M'
⊢ M'.encard ≤ M.encard

Note: This linter can be disabled with `set_option linter.unusedVariables false`

Note: This linter can be disabled with `set_option linter.unusedVariables false`

[2026-01-13 03:20:06] [INFO] Attempt 1 failed verification, continuing...
[2026-01-13 03:20:06] [INFO] ========================================
[2026-01-13 03:20:06] [INFO] Trying strategy: simp (up to 1 attempts)
[2026-01-13 03:20:06] [INFO] --------------------
[2026-01-13 03:20:06] [INFO] Strategy simp, attempt 1/1
[2026-01-13 03:20:06] [INFO] Starting proof generation...
[2026-01-13 03:20:06] [INFO] Repository path: /root/repo
[2026-01-13 03:20:06] [INFO] Proof generation completed
[2026-01-13 03:20:06] [INFO] Generated proof:
[2026-01-13 03:20:06] [INFO] simp
[2026-01-13 03:20:06] [INFO] Proof length: 4 chars
[2026-01-13 03:20:06] [INFO] Starting proof verification...
[2026-01-13 03:20:06] [INFO] Verifying at: Matroid/Graph/Matching.lean:77
[2026-01-13 03:20:06] [INFO] Using LEAN INTERACT verify
[2026-01-13 03:20:06] [INFO] Checking file
[2026-01-13 03:20:12] [INFO] Cannot build modified file <error line="77" column="4">
<code_line>    simp</code_line>
<message>error: `simp` made no progress</message>
</error>

Note: This linter can be disabled with `set_option linter.unusedVariables false`

Note: This linter can be disabled with `set_option linter.unusedVariables false`
[2026-01-13 03:20:12] [INFO] Proof verification completed
[2026-01-13 03:20:12] [INFO] Strategy simp attempt 1: verified=False
[2026-01-13 03:20:12] [INFO] Verification message: Cannot build modified file: <error line="77" column="4">
<code_line>    simp</code_line>
<message>error: `simp` made no progress</message>
</error>

Note: This linter can be disabled with `set_option linter.unusedVariables false`

Note: This linter can be disabled with `set_option linter.unusedVariables false`

[2026-01-13 03:20:12] [INFO] Attempt 1 failed verification, continuing...
[2026-01-13 03:20:12] [INFO] ========================================
[2026-01-13 03:20:12] [INFO] Trying strategy: simp_all (up to 1 attempts)
[2026-01-13 03:20:12] [INFO] --------------------
[2026-01-13 03:20:12] [INFO] Strategy simp_all, attempt 1/1
[2026-01-13 03:20:12] [INFO] Starting proof generation...
[2026-01-13 03:20:12] [INFO] Repository path: /root/repo
[2026-01-13 03:20:12] [INFO] Proof generation completed
[2026-01-13 03:20:12] [INFO] Generated proof:
[2026-01-13 03:20:12] [INFO] simp_all
[2026-01-13 03:20:12] [INFO] Proof length: 8 chars
[2026-01-13 03:20:12] [INFO] Starting proof verification...
[2026-01-13 03:20:12] [INFO] Verifying at: Matroid/Graph/Matching.lean:77
[2026-01-13 03:20:12] [INFO] Using LEAN INTERACT verify
[2026-01-13 03:20:12] [INFO] Checking file
[2026-01-13 03:20:18] [INFO] Cannot build modified file <error line="77" column="4">
<code_line>    simp_all</code_line>
<message>error: simp_all made no progress</message>
</error>

Note: This linter can be disabled with `set_option linter.unusedVariables false`

Note: This linter can be disabled with `set_option linter.unusedVariables false`
[2026-01-13 03:20:18] [INFO] Proof verification completed
[2026-01-13 03:20:18] [INFO] Strategy simp_all attempt 1: verified=False
[2026-01-13 03:20:18] [INFO] Verification message: Cannot build modified file: <error line="77" column="4">
<code_line>    simp_all</code_line>
<message>error: simp_all made no progress</message>
</error>

Note: This linter can be disabled with `set_option linter.unusedVariables false`

Note: This linter can be disabled with `set_option linter.unusedVariables false`

[2026-01-13 03:20:18] [INFO] Attempt 1 failed verification, continuing...
[2026-01-13 03:20:18] [INFO] ========================================
[2026-01-13 03:20:18] [INFO] Trying strategy: exact? (up to 1 attempts)
[2026-01-13 03:20:18] [INFO] --------------------
[2026-01-13 03:20:18] [INFO] Strategy exact?, attempt 1/1
[2026-01-13 03:20:18] [INFO] Starting proof generation...
[2026-01-13 03:20:18] [INFO] Repository path: /root/repo
[2026-01-13 03:20:18] [INFO] Proof generation completed
[2026-01-13 03:20:18] [INFO] Generated proof:
[2026-01-13 03:20:18] [INFO] exact?
[2026-01-13 03:20:18] [INFO] Proof length: 6 chars
[2026-01-13 03:20:18] [INFO] Starting proof verification...
[2026-01-13 03:20:18] [INFO] Verifying at: Matroid/Graph/Matching.lean:77
[2026-01-13 03:20:18] [INFO] Using LEAN INTERACT verify
[2026-01-13 03:20:18] [INFO] Checking file
[2026-01-13 03:20:36] [INFO] Cannot build modified file <error line="77" column="4">
<code_line>    exact?</code_line>
<message>error: `exact?` could not close the goal. Try `apply?` to see partial suggestions.</message>
</error>

Note: This linter can be disabled with `set_option linter.unusedVariables false`

Note: This linter can be disabled with `set_option linter.unusedVariables false`
[2026-01-13 03:20:36] [INFO] Proof verification completed
[2026-01-13 03:20:36] [INFO] Strategy exact? attempt 1: verified=False
[2026-01-13 03:20:36] [INFO] Verification message: Cannot build modified file: <error line="77" column="4">
<code_line>    exact?</code_line>
<message>error: `exact?` could not close the goal. Try `apply?` to see partial suggestions.</message>
</error>

Note: This linter can be disabled with `set_option linter.unusedVariables false`

Note: This linter can be disabled with `set_option linter.unusedVariables false`

[2026-01-13 03:20:36] [INFO] Attempt 1 failed verification, continuing...
[2026-01-13 03:20:36] [INFO] ========================================
[2026-01-13 03:20:36] [INFO] Trying strategy: grind (up to 1 attempts)
[2026-01-13 03:20:36] [INFO] --------------------
[2026-01-13 03:20:36] [INFO] Strategy grind, attempt 1/1
[2026-01-13 03:20:36] [INFO] Starting proof generation...
[2026-01-13 03:20:36] [INFO] Repository path: /root/repo
[2026-01-13 03:20:36] [INFO] Proof generation completed
[2026-01-13 03:20:36] [INFO] Generated proof:
[2026-01-13 03:20:36] [INFO] grind
[2026-01-13 03:20:36] [INFO] Proof length: 5 chars
[2026-01-13 03:20:36] [INFO] Starting proof verification...
[2026-01-13 03:20:36] [INFO] Verifying at: Matroid/Graph/Matching.lean:77
[2026-01-13 03:20:36] [INFO] Using LEAN INTERACT verify
[2026-01-13 03:20:36] [INFO] Checking file
[2026-01-13 03:20:42] [INFO] Cannot build modified file <error line="77" column="4">
<code_line>    grind</code_line>
<message>error: `grind` failed</message>
</error>
case grind
α : Type u_1
β : Type u_2
G : Graph α β
M : Set β
hM : G.IsMatching M
hsu : V(G) ⊆ V(G, M)
M' : Set β
hM' : G.IsMatching M'
h : ¬M'.encard ≤ M.encard
⊢ False
[grind] Goal diagnostics
  [facts] Asserted facts
    [prop] G.IsMatching M
    [prop] V(G) ⊆ V(G, M)
    [prop] G.IsMatching M'
    [prop] ¬M'.encard ≤ M.encard
    [prop] (V(G) ⊆ V(G, M)) = ∀ x ∈ V(G), x ∈ V(G, M)
  [eqc] True propositions
    [prop] G.IsMatching M
    [prop] G.IsMatching M'
    [prop] V(G) ⊆ V(G, M)
    [prop] (V(G) ⊆ V(G, M)) = ∀ x ∈ V(G), x ∈ V(G, M)
    [prop] ∀ x ∈ V(G), x ∈ V(G, M)
  [eqc] False propositions
    [prop] M'.encard ≤ M.encard
  [ematch] E-matching patterns
    [thm] subset_def: [@Subset _ _ #1 #0]
    [thm] local_0: [@Membership.mem `[α] `[Set α] `[Set.instMembership] `[V(G)] #1]
    [thm] local_0: [@Membership.mem `[α] `[Set α] `[Set.instMembership] `[V(G, M)] #1]
[grind] Diagnostics
  [thm] E-Matching instances
    [thm] subset_def ↦ 1

Note: This linter can be disabled with `set_option linter.unusedVariables false`

Note: This linter can be disabled with `set_option linter.unusedVariables false`
[2026-01-13 03:20:42] [INFO] Proof verification completed
[2026-01-13 03:20:42] [INFO] Strategy grind attempt 1: verified=False
[2026-01-13 03:20:42] [INFO] Verification message: Cannot build modified file: <error line="77" column="4">
<code_line>    grind</code_line>
<message>error: `grind` failed</message>
</error>
case grind
α : Type u_1
β : Type u_2
G : Graph α β
M : Set β
hM : G.IsMatching M
hsu : V(G) ⊆ V(G, M)
M' : Set β
hM' : G.IsMatching M'
h : ¬M'.encard ≤ M.encard
⊢ False
[grind] Goal diagnostics
  [facts] Asserted facts
    [prop] G.IsMatching M
    [prop] V(G) ⊆ V(G, M)
    [prop] G.IsMatching M'
    [prop] ¬M'.encard ≤ M.encard
    [prop] (V(G) ⊆ V(G, M)) = ∀ x ∈ V(G), x ∈ V(G, M)
  [eqc] True propositions
    [prop] G.IsMatching M
    [prop] G.IsMatching M'
    [prop] V(G) ⊆ V(G, M)
    [prop] (V(G) ⊆ V(G, M)) = ∀ x ∈ V(G), x ∈ V(G, M)
    [prop] ∀ x ∈ V(G), x ∈ V(G, M)
  [eqc] False propositions
    [prop] M'.encard ≤ M.encard
  [ematch] E-matching patterns
    [thm] subset_def: [@Subset _ _ #1 #0]
    [thm] local_0: [@Membership.mem `[α] `[Set α] `[Set.instMembership] `[V(G)] #1]
    [thm] local_0: [@Membership.mem `[α] `[Set α] `[Set.instMembership] `[V(G, M)] #1]
[grind] Diagnostics
  [thm] E-Matching instances
    [thm] subset_def ↦ 1

Note: This linter can be disabled with `set_option linter.unusedVariables false`

Note: This linter can be disabled with `set_option linter.unusedVariables false`

[2026-01-13 03:20:42] [INFO] Attempt 1 failed verification, continuing...
[2026-01-13 03:20:42] [INFO] ========================================
[2026-01-13 03:20:42] [INFO] Trying strategy: ring (up to 1 attempts)
[2026-01-13 03:20:42] [INFO] --------------------
[2026-01-13 03:20:42] [INFO] Strategy ring, attempt 1/1
[2026-01-13 03:20:42] [INFO] Starting proof generation...
[2026-01-13 03:20:42] [INFO] Repository path: /root/repo
[2026-01-13 03:20:42] [INFO] Proof generation completed
[2026-01-13 03:20:42] [INFO] Generated proof:
[2026-01-13 03:20:42] [INFO] ring
[2026-01-13 03:20:42] [INFO] Proof length: 4 chars
[2026-01-13 03:20:42] [INFO] Starting proof verification...
[2026-01-13 03:20:42] [INFO] Verifying at: Matroid/Graph/Matching.lean:77
[2026-01-13 03:20:42] [INFO] Using LEAN INTERACT verify
[2026-01-13 03:20:42] [INFO] Checking file
[2026-01-13 03:20:47] [INFO] Cannot build modified file <error line="77" column="4">
<code_line>    ring</code_line>
<message>error: ring_nf made no progress on goal</message>
</error>

Note: This linter can be disabled with `set_option linter.unusedVariables false`

Note: This linter can be disabled with `set_option linter.unusedVariables false`
[2026-01-13 03:20:47] [INFO] Proof verification completed
[2026-01-13 03:20:47] [INFO] Strategy ring attempt 1: verified=False
[2026-01-13 03:20:47] [INFO] Verification message: Cannot build modified file: <error line="77" column="4">
<code_line>    ring</code_line>
<message>error: ring_nf made no progress on goal</message>
</error>

Note: This linter can be disabled with `set_option linter.unusedVariables false`

Note: This linter can be disabled with `set_option linter.unusedVariables false`

[2026-01-13 03:20:47] [INFO] Attempt 1 failed verification, continuing...
[2026-01-13 03:20:47] [INFO] ========================================
[2026-01-13 03:20:47] [INFO] Trying strategy: norm_num (up to 1 attempts)
[2026-01-13 03:20:47] [INFO] --------------------
[2026-01-13 03:20:47] [INFO] Strategy norm_num, attempt 1/1
[2026-01-13 03:20:47] [INFO] Starting proof generation...
[2026-01-13 03:20:47] [INFO] Repository path: /root/repo
[2026-01-13 03:20:47] [INFO] Proof generation completed
[2026-01-13 03:20:47] [INFO] Generated proof:
[2026-01-13 03:20:47] [INFO] norm_num
[2026-01-13 03:20:47] [INFO] Proof length: 8 chars
[2026-01-13 03:20:47] [INFO] Starting proof verification...
[2026-01-13 03:20:47] [INFO] Verifying at: Matroid/Graph/Matching.lean:77
[2026-01-13 03:20:47] [INFO] Using LEAN INTERACT verify
[2026-01-13 03:20:47] [INFO] Checking file
[2026-01-13 03:20:51] [INFO] Cannot build modified file <error line="76" column="16">
<code_line>  max M' hM' := by</code_line>
<message>error: unsolved goals</message>
</error>
α : Type u_1
β : Type u_2
G : Graph α β
M : Set β
hM : G.IsMatching M
hsu : V(G) ⊆ V(G, M)
M' : Set β
hM' : G.IsMatching M'
⊢ M'.encard ≤ M.encard

Note: This linter can be disabled with `set_option linter.unusedVariables false`

Note: This linter can be disabled with `set_option linter.unusedVariables false`
[2026-01-13 03:20:51] [INFO] Proof verification completed
[2026-01-13 03:20:51] [INFO] Strategy norm_num attempt 1: verified=False
[2026-01-13 03:20:51] [INFO] Verification message: Cannot build modified file: <error line="76" column="16">
<code_line>  max M' hM' := by</code_line>
<message>error: unsolved goals</message>
</error>
α : Type u_1
β : Type u_2
G : Graph α β
M : Set β
hM : G.IsMatching M
hsu : V(G) ⊆ V(G, M)
M' : Set β
hM' : G.IsMatching M'
⊢ M'.encard ≤ M.encard

Note: This linter can be disabled with `set_option linter.unusedVariables false`

Note: This linter can be disabled with `set_option linter.unusedVariables false`

[2026-01-13 03:20:51] [INFO] Attempt 1 failed verification, continuing...
[2026-01-13 03:20:51] [INFO] ========================================
[2026-01-13 03:20:51] [INFO] Trying strategy: omega (up to 1 attempts)
[2026-01-13 03:20:51] [INFO] --------------------
[2026-01-13 03:20:51] [INFO] Strategy omega, attempt 1/1
[2026-01-13 03:20:51] [INFO] Starting proof generation...
[2026-01-13 03:20:51] [INFO] Repository path: /root/repo
[2026-01-13 03:20:51] [INFO] Proof generation completed
[2026-01-13 03:20:51] [INFO] Generated proof:
[2026-01-13 03:20:51] [INFO] omega
[2026-01-13 03:20:51] [INFO] Proof length: 5 chars
[2026-01-13 03:20:51] [INFO] Starting proof verification...
[2026-01-13 03:20:51] [INFO] Verifying at: Matroid/Graph/Matching.lean:77
[2026-01-13 03:20:51] [INFO] Using LEAN INTERACT verify
[2026-01-13 03:20:51] [INFO] Checking file
[2026-01-13 03:20:56] [INFO] Cannot build modified file <error line="77" column="4">
<code_line>    omega</code_line>
<message>error: omega could not prove the goal:</message>
</error>
No usable constraints found. You may need to unfold definitions so `omega` can see linear arithmetic facts about `Nat` and `Int`, which may also involve multiplication, division, and modular remainder by constants.

Note: This linter can be disabled with `set_option linter.unusedVariables false`

Note: This linter can be disabled with `set_option linter.unusedVariables false`
[2026-01-13 03:20:56] [INFO] Proof verification completed
[2026-01-13 03:20:56] [INFO] Strategy omega attempt 1: verified=False
[2026-01-13 03:20:56] [INFO] Verification message: Cannot build modified file: <error line="77" column="4">
<code_line>    omega</code_line>
<message>error: omega could not prove the goal:</message>
</error>
No usable constraints found. You may need to unfold definitions so `omega` can see linear arithmetic facts about `Nat` and `Int`, which may also involve multiplication, division, and modular remainder by constants.

Note: This linter can be disabled with `set_option linter.unusedVariables false`

Note: This linter can be disabled with `set_option linter.unusedVariables false`

[2026-01-13 03:20:56] [INFO] Attempt 1 failed verification, continuing...
[2026-01-13 03:20:56] [INFO] ========================================
[2026-01-13 03:20:56] [INFO] Trying strategy: linarith (up to 1 attempts)
[2026-01-13 03:20:56] [INFO] --------------------
[2026-01-13 03:20:56] [INFO] Strategy linarith, attempt 1/1
[2026-01-13 03:20:56] [INFO] Starting proof generation...
[2026-01-13 03:20:56] [INFO] Repository path: /root/repo
[2026-01-13 03:20:56] [INFO] Proof generation completed
[2026-01-13 03:20:56] [INFO] Generated proof:
[2026-01-13 03:20:56] [INFO] linarith
[2026-01-13 03:20:56] [INFO] Proof length: 8 chars
[2026-01-13 03:20:56] [INFO] Starting proof verification...
[2026-01-13 03:20:56] [INFO] Verifying at: Matroid/Graph/Matching.lean:77
[2026-01-13 03:20:56] [INFO] Using LEAN INTERACT verify
[2026-01-13 03:20:56] [INFO] Checking file
[2026-01-13 03:21:00] [INFO] Cannot build modified file <error line="77" column="4">
<code_line>    linarith</code_line>
<message>error: linarith failed to find a contradiction</message>
</error>
case h
α : Type u_1
β : Type u_2
G : Graph α β
M : Set β
hM : G.IsMatching M
hsu : V(G) ⊆ V(G, M)
M' : Set β
hM' : G.IsMatching M'
a✝ : M.encard < M'.encard
⊢ False
failed

Note: This linter can be disabled with `set_option linter.unusedVariables false`

Note: This linter can be disabled with `set_option linter.unusedVariables false`
[2026-01-13 03:21:00] [INFO] Proof verification completed
[2026-01-13 03:21:00] [INFO] Strategy linarith attempt 1: verified=False
[2026-01-13 03:21:00] [INFO] Verification message: Cannot build modified file: <error line="77" column="4">
<code_line>    linarith</code_line>
<message>error: linarith failed to find a contradiction</message>
</error>
case h
α : Type u_1
β : Type u_2
G : Graph α β
M : Set β
hM : G.IsMatching M
hsu : V(G) ⊆ V(G, M)
M' : Set β
hM' : G.IsMatching M'
a✝ : M.encard < M'.encard
⊢ False
failed

Note: This linter can be disabled with `set_option linter.unusedVariables false`

Note: This linter can be disabled with `set_option linter.unusedVariables false`

[2026-01-13 03:21:00] [INFO] Attempt 1 failed verification, continuing...
[2026-01-13 03:21:00] [INFO] ========================================
[2026-01-13 03:21:00] [INFO] Trying strategy: nlinarith (up to 1 attempts)
[2026-01-13 03:21:00] [INFO] --------------------
[2026-01-13 03:21:00] [INFO] Strategy nlinarith, attempt 1/1
[2026-01-13 03:21:00] [INFO] Starting proof generation...
[2026-01-13 03:21:00] [INFO] Repository path: /root/repo
[2026-01-13 03:21:00] [INFO] Proof generation completed
[2026-01-13 03:21:00] [INFO] Generated proof:
[2026-01-13 03:21:00] [INFO] nlinarith
[2026-01-13 03:21:00] [INFO] Proof length: 9 chars
[2026-01-13 03:21:00] [INFO] Starting proof verification...
[2026-01-13 03:21:00] [INFO] Verifying at: Matroid/Graph/Matching.lean:77
[2026-01-13 03:21:00] [INFO] Using LEAN INTERACT verify
[2026-01-13 03:21:00] [INFO] Checking file
[2026-01-13 03:21:04] [INFO] Cannot build modified file <error line="77" column="4">
<code_line>    nlinarith</code_line>
<message>error: linarith failed to find a contradiction</message>
</error>
case h
α : Type u_1
β : Type u_2
G : Graph α β
M : Set β
hM : G.IsMatching M
hsu : V(G) ⊆ V(G, M)
M' : Set β
hM' : G.IsMatching M'
a✝ : M.encard < M'.encard
⊢ False
failed

Note: This linter can be disabled with `set_option linter.unusedVariables false`

Note: This linter can be disabled with `set_option linter.unusedVariables false`
[2026-01-13 03:21:04] [INFO] Proof verification completed
[2026-01-13 03:21:04] [INFO] Strategy nlinarith attempt 1: verified=False
[2026-01-13 03:21:04] [INFO] Verification message: Cannot build modified file: <error line="77" column="4">
<code_line>    nlinarith</code_line>
<message>error: linarith failed to find a contradiction</message>
</error>
case h
α : Type u_1
β : Type u_2
G : Graph α β
M : Set β
hM : G.IsMatching M
hsu : V(G) ⊆ V(G, M)
M' : Set β
hM' : G.IsMatching M'
a✝ : M.encard < M'.encard
⊢ False
failed

Note: This linter can be disabled with `set_option linter.unusedVariables false`

Note: This linter can be disabled with `set_option linter.unusedVariables false`

[2026-01-13 03:21:04] [INFO] Attempt 1 failed verification, continuing...
[2026-01-13 03:21:04] [INFO] ========================================
[2026-01-13 03:21:04] [INFO] Trying strategy: aesop (up to 1 attempts)
[2026-01-13 03:21:04] [INFO] --------------------
[2026-01-13 03:21:04] [INFO] Strategy aesop, attempt 1/1
[2026-01-13 03:21:04] [INFO] Starting proof generation...
[2026-01-13 03:21:04] [INFO] Repository path: /root/repo
[2026-01-13 03:21:04] [INFO] Proof generation completed
[2026-01-13 03:21:04] [INFO] Generated proof:
[2026-01-13 03:21:04] [INFO] aesop
[2026-01-13 03:21:04] [INFO] Proof length: 5 chars
[2026-01-13 03:21:04] [INFO] Starting proof verification...
[2026-01-13 03:21:04] [INFO] Verifying at: Matroid/Graph/Matching.lean:77
[2026-01-13 03:21:04] [INFO] Using LEAN INTERACT verify
[2026-01-13 03:21:04] [INFO] Checking file
[2026-01-13 03:21:09] [INFO] Cannot build modified file <error line="77" column="4">
<code_line>    aesop</code_line>
<message>error: tactic 'aesop' failed, made no progress</message>
</error>
Initial goal:
  α : Type u_1
  β : Type u_2
  G : Graph α β
  M : Set β
  hM : G.IsMatching M
  hsu : V(G) ⊆ V(G, M)
  M' : Set β
  hM' : G.IsMatching M'
  ⊢ M'.encard ≤ M.encard

Note: This linter can be disabled with `set_option linter.unusedVariables false`

Note: This linter can be disabled with `set_option linter.unusedVariables false`
[2026-01-13 03:21:09] [INFO] Proof verification completed
[2026-01-13 03:21:09] [INFO] Strategy aesop attempt 1: verified=False
[2026-01-13 03:21:09] [INFO] Verification message: Cannot build modified file: <error line="77" column="4">
<code_line>    aesop</code_line>
<message>error: tactic 'aesop' failed, made no progress</message>
</error>
Initial goal:
  α : Type u_1
  β : Type u_2
  G : Graph α β
  M : Set β
  hM : G.IsMatching M
  hsu : V(G) ⊆ V(G, M)
  M' : Set β
  hM' : G.IsMatching M'
  ⊢ M'.encard ≤ M.encard

Note: This linter can be disabled with `set_option linter.unusedVariables false`

Note: This linter can be disabled with `set_option linter.unusedVariables false`

[2026-01-13 03:21:09] [INFO] Attempt 1 failed verification, continuing...
[2026-01-13 03:21:09] [INFO] ========================================
[2026-01-13 03:21:09] [INFO] Pass@k completed. Total results: 1
[2026-01-13 03:21:09] [INFO] FAILED: All 11 strategies x 1 attempts
[2026-01-13 03:21:09] [INFO] Writing results to file: /root/repo/result.json
[2026-01-13 03:21:09] [INFO] Result file written successfully
[2026-01-13 03:21:09] [INFO] Results exported to: /root/repo/result.json
[2026-01-13 03:21:09] [INFO] run_morphcloud_local.py completed successfully

[2026-01-13 03:21:10] [process_single_sorry] Downloading result file...
[2026-01-13 03:21:10] [process_single_sorry] Downloaded result to intermediate_experiment_outputs_full_reservoir_3_months/multi_tactic/2026-01-13_01-27-45_multi_tactic/individual/db170cbf846a645482fe7924d9c528c86aea179f1b205e032beecf1995111a35.json
[2026-01-13 03:21:12] [process_single_sorry] Instance context closed successfully
[2026-01-13 03:21:12] [process_single_sorry] Parsing result file...
[2026-01-13 03:21:12] [process_single_sorry] Successfully parsed result (list format, 1 results)
