[2026-01-13 01:27:51] [process_single_sorry] Starting for sorry e7ab0ba61340728cf16a367b4a8a6b820bb6667f24c8736a2120716c5ebaaed3
[2026-01-13 01:27:51] [process_single_sorry] Using snapshot: snapshot_f529gbm4
[2026-01-13 01:27:51] [process_single_sorry] Repository: https://github.com/AlexKontorovich/PrimeNumberTheoremAnd@ddcb6542f2b62883c8642d3db4ecc115afcce33e
[2026-01-13 01:27:51] [process_single_sorry] Instance name: PrimeNumberTheoremAnd_ddcb6542f2b6_multi_tactic_e7ab0ba61340728cf16a367b4a8a6b820bb6667f24c8736a2120716c5ebaaed3
[2026-01-13 01:27:51] [process_single_sorry] Starting attempt 1/3
[2026-01-13 01:27:51] [process_single_sorry] Starting instance from snapshot...
[2026-01-13 01:27:53] [process_single_sorry] Instance started successfully: morphvm_o2e9r8cd
[2026-01-13 01:27:53] [process_single_sorry] Creating .env file...
[2026-01-13 01:28:11] [process_single_sorry] .env file created (exit_code: 0)
[2026-01-13 01:28:11] [process_single_sorry] Executing agent command...
[2026-01-13 01:32:49] [process_single_sorry] Agent command completed (exit_code: 0)
[2026-01-13 01:32:49] [process_single_sorry] STDOUT:

Results JSON:
[
  {
    "sorry": {
      "repo": {
        "remote": "https://github.com/AlexKontorovich/PrimeNumberTheoremAnd",
        "branch": "More-FKS",
        "commit": "ddcb6542f2b62883c8642d3db4ecc115afcce33e",
        "lean_version": "v4.26.0"
      },
      "location": {
        "path": "PrimeNumberTheoremAnd/FioriKadiriSwidinsky.lean",
        "start_line": 320,
        "start_column": 320,
        "end_line": 320,
        "end_column": 325
      },
      "debug_info": {
        "goal": "I : FKS.Inputs\nσ₂ T x : ℝ\nK : ℕ\nhσ₂ : σ₂ ∈ Set.Ioc (5 / 8) 1\nt_seq : Fin (K + 2) → ℝ\nht0 : t_seq 0 = max (FKS.Hσ (FKS.Inputs.H₀ I) (FKS.Inputs.R I) σ₂) (exp (√(log x) / FKS.Inputs.R I))\nhtK : t_seq (Fin.last (K + 1)) = T\nht_incr : StrictMono t_seq\n⊢ FKS.riemannZeta.Sigma T x σ₂ 1 ≤ 2 * riemannZeta.N' σ₂ T * x ^ (-1 / (FKS.Inputs.R I * log (t_seq 0))) / t_seq 0 ∧\n    FKS.riemannZeta.Sigma T x σ₂ 1 ≤\n      2 *\n          ∑ k ∈ Finset.Ioo 0 (Fin.last (K + 1)),\n            riemannZeta.N' σ₂ (t_seq k) *\n              (x ^ (-1 / (FKS.Inputs.R I * log (t_seq (k - 1)))) / t_seq (k - 1) -\n                x ^ (-1 / (FKS.Inputs.R I * log (t_seq k))) / t_seq k) +\n        x ^ (-1 / (FKS.Inputs.R I * log (t_seq (Fin.last K).castSucc))) / t_seq (Fin.last K).castSucc *\n          riemannZeta.N' σ₂ T",
        "url": "https://github.com/AlexKontorovich/PrimeNumberTheoremAnd/blob/ddcb6542f2b62883c8642d3db4ecc115afcce33e/PrimeNumberTheoremAnd/FioriKadiriSwidinsky.lean#L320"
      },
      "metadata": {
        "blame_email_hash": "d7f0e4a42bbb",
        "blame_date": "2026-01-07T18:50:29-08:00",
        "inclusion_date": "2026-01-08T16:02:15.154672+00:00"
      },
      "id": "e7ab0ba61340728cf16a367b4a8a6b820bb6667f24c8736a2120716c5ebaaed3"
    },
    "proof": null,
    "proof_verified": false,
    "feedback": null,
    "verification_message": "All 11 attempts failed (11 strategies x 1 attempts each)",
    "success": true,
    "error_type": null,
    "error_message": null,
    "strategy_name": "all_failed_k=1",
    "proof_attempts": [
      "rfl",
      "simp",
      "simp_all",
      "exact?",
      "grind",
      "ring",
      "norm_num",
      "omega",
      "linarith",
      "nlinarith",
      "aesop"
    ]
  }
]

[2026-01-13 01:32:49] [process_single_sorry] STDERR:
None of PyTorch, TensorFlow >= 2.0, or Flax have been found. Models won't be available and only tokenizers, configuration and file/data utilities can be used.
[2026-01-13 01:28:45] [INFO] ================================================================================
[2026-01-13 01:28:45] [INFO] Starting run_morphcloud_local.py
[2026-01-13 01:28:45] [INFO] ================================================================================
[2026-01-13 01:28:45] [INFO] Environment loaded
[2026-01-13 01:28:45] [INFO] Full command: /root/SorryDB/sorrydb/cli/run_morphcloud_local.py --repo-path /root/repo --sorry-json {"repo": {"remote": "https://github.com/AlexKontorovich/PrimeNumberTheoremAnd", "branch": "More-FKS", "commit": "ddcb6542f2b62883c8642d3db4ecc115afcce33e", "lean_version": "v4.26.0"}, "location": {"path": "PrimeNumberTheoremAnd/FioriKadiriSwidinsky.lean", "start_line": 320, "start_column": 320, "end_line": 320, "end_column": 325}, "debug_info": {"goal": "I : FKS.Inputs\n\u03c3\u2082 T x : \u211d\nK : \u2115\nh\u03c3\u2082 : \u03c3\u2082 \u2208 Set.Ioc (5 / 8) 1\nt_seq : Fin (K + 2) \u2192 \u211d\nht0 : t_seq 0 = max (FKS.H\u03c3 (FKS.Inputs.H\u2080 I) (FKS.Inputs.R I) \u03c3\u2082) (exp (\u221a(log x) / FKS.Inputs.R I))\nhtK : t_seq (Fin.last (K + 1)) = T\nht_incr : StrictMono t_seq\n\u22a2 FKS.riemannZeta.Sigma T x \u03c3\u2082 1 \u2264 2 * riemannZeta.N' \u03c3\u2082 T * x ^ (-1 / (FKS.Inputs.R I * log (t_seq 0))) / t_seq 0 \u2227\n    FKS.riemannZeta.Sigma T x \u03c3\u2082 1 \u2264\n      2 *\n          \u2211 k \u2208 Finset.Ioo 0 (Fin.last (K + 1)),\n            riemannZeta.N' \u03c3\u2082 (t_seq k) *\n              (x ^ (-1 / (FKS.Inputs.R I * log (t_seq (k - 1)))) / t_seq (k - 1) -\n                x ^ (-1 / (FKS.Inputs.R I * log (t_seq k))) / t_seq k) +\n        x ^ (-1 / (FKS.Inputs.R I * log (t_seq (Fin.last K).castSucc))) / t_seq (Fin.last K).castSucc *\n          riemannZeta.N' \u03c3\u2082 T", "url": "https://github.com/AlexKontorovich/PrimeNumberTheoremAnd/blob/ddcb6542f2b62883c8642d3db4ecc115afcce33e/PrimeNumberTheoremAnd/FioriKadiriSwidinsky.lean#L320"}, "metadata": {"blame_email_hash": "d7f0e4a42bbb", "blame_date": "2026-01-07T18:50:29-08:00", "inclusion_date": "2026-01-08T16:02:15.154672+00:00"}, "id": "e7ab0ba61340728cf16a367b4a8a6b820bb6667f24c8736a2120716c5ebaaed3"} --agent-strategy {"name": "multi_tactic", "args": {}}
[2026-01-13 01:28:45] [INFO] Arguments parsed: repo_path=/root/repo, output_path=/root/repo/result.json
[2026-01-13 01:28:45] [INFO] Strategy spec: {"name": "multi_tactic", "args": {}}...
[2026-01-13 01:28:45] [INFO] Loading sorry data...
[2026-01-13 01:28:45] [INFO] Parsing sorry from JSON string...
[2026-01-13 01:28:45] [INFO] Sorry data parsed from JSON string
[2026-01-13 01:28:45] [INFO] Creating strategy from spec...
[2026-01-13 01:28:45] [INFO] Parsing strategy spec (length: 36 chars)
[2026-01-13 01:28:45] [INFO] Strategy name: multi_tactic
[2026-01-13 01:28:45] [INFO] Strategy args: {}
[2026-01-13 01:28:45] [INFO] Pass@k value: 1
[2026-01-13 01:28:45] [INFO] Creating strategy: multi_tactic
[2026-01-13 01:28:45] [INFO] Creating multi_tactic strategy with tactics: ['rfl', 'simp', 'simp_all', 'exact?', 'grind', 'ring', 'norm_num', 'omega', 'linarith', 'nlinarith', 'aesop']
[2026-01-13 01:28:45] [INFO] Strategies created: ['rfl', 'simp', 'simp_all', 'exact?', 'grind', 'ring', 'norm_num', 'omega', 'linarith', 'nlinarith', 'aesop']
[2026-01-13 01:28:45] [INFO] Pass@k value: 1
[2026-01-13 01:28:45] [INFO] Creating Sorry object...
[2026-01-13 01:28:45] [INFO] Sorry object created: id=e7ab0ba61340728cf16a367b4a8a6b820bb6667f24c8736a2120716c5ebaaed3
[2026-01-13 01:28:45] [INFO] Sorry location: PrimeNumberTheoremAnd/FioriKadiriSwidinsky.lean:320
[2026-01-13 01:28:45] [INFO] Context before sorry (lines 315-320):
[2026-01-13 01:28:45] [INFO]   315: "fks-proposition-3-11"
[2026-01-13 01:28:45] [INFO]   316:   (title := "FKS Proposition 3.11")
[2026-01-13 01:28:45] [INFO]   317:   (statement := /-- Let $5/8 < \sigma_2 \leq 1$, $t_0 = t_0(\sigma_2,x) = \max(H_{\sigma_2}, \exp( \sqrt{\log x}/R))$ and $T > 0$.  Let $K \geq 2$ and consider a strictly increasing sequence $(t_k)_{k=0}^K$ such that $t_k = T$.  Then $\Sigma_{\sigma_2}^1 ≤ 2 N(\sigma_2,T) x^{-1/R\log t_0}/t_0$ and $\Sigma_{\sigma_2}^1 ≤ 2 ((\sum_{k=1}^{K-1} N(\sigma_2, t_k) (x^{-1/R\log t_{k-1}} / t_{k-1} - x^{-1/(R \log t_k)}/t_k)) + x^{-1/R \log t_{K-1}}/t_{K-1} N(\sigma_2,T))$.-/)]
[2026-01-13 01:28:45] [INFO]   318: theorem proposition_3_11 (I : Inputs) {σ₂ T x : ℝ} (K : ℕ) (hσ₂ : σ₂ ∈ Set.Ioc (5 / 8) 1) (t_seq : Fin (K + 2) → ℝ) (ht0 : t_seq 0 = max (Hσ I.H₀ I.R σ₂) (exp (sqrt (log x) / I.R))) (htK : t_seq (Fin.last (K + 1)) = T) (ht_incr : StrictMono t_seq) : riemannZeta.Sigma T x σ₂ 1 ≤ 2 * (riemannZeta.N' σ₂ T) * x^(-1 / (I.R * log (t_seq 0))) / (t_seq 0)
[2026-01-13 01:28:45] [INFO]   319:   ∧
[2026-01-13 01:28:45] [INFO]   320:   riemannZeta.Sigma T x σ₂ 1 ≤ 2 * (∑ k ∈ Finset.Ioo 0 (Fin.last (K+1)), riemannZeta.N' σ₂ (t_seq k) * (x^(-1 / (I.R * log (t_seq (k - 1)))) / (t_seq (k - 1)) - x^(-1 / (I.R * log (t_seq k))) / (t_seq k)) ) + x^(-1 / (I.R * log (t_seq (Fin.last K).castSucc))) / (t_seq (Fin.last K).castSucc) * riemannZeta.N' σ₂ T := by sorry
[2026-01-13 01:28:45] [INFO] Sorry line:   riemannZeta.Sigma T x σ₂ 1 ≤ 2 * (∑ k ∈ Finset.Ioo 0 (Fin.last (K+1)), riemannZeta.N' σ₂ (t_seq k) * (x^(-1 / (I.R * log (t_seq (k - 1)))) / (t_seq (k - 1)) - x^(-1 / (I.R * log (t_seq k))) / (t_seq k)) ) + x^(-1 / (I.R * log (t_seq (Fin.last K).castSucc))) / (t_seq (Fin.last K).castSucc) * riemannZeta.N' σ₂ T := by sorry
[2026-01-13 01:28:45] [INFO] Sorry goal: I : FKS.Inputs
σ₂ T x : ℝ
K : ℕ
hσ₂ : σ₂ ∈ Set.Ioc (5 / 8) 1
t_seq : Fin (K + 2) → ℝ
ht0 : t_seq 0 =...
[2026-01-13 01:28:45] [INFO] ========================================
[2026-01-13 01:28:45] [INFO] Trying strategy: rfl (up to 1 attempts)
[2026-01-13 01:28:45] [INFO] --------------------
[2026-01-13 01:28:45] [INFO] Strategy rfl, attempt 1/1
[2026-01-13 01:28:45] [INFO] Starting proof generation...
[2026-01-13 01:28:45] [INFO] Repository path: /root/repo
[2026-01-13 01:28:45] [INFO] Proof generation completed
[2026-01-13 01:28:45] [INFO] Generated proof:
[2026-01-13 01:28:45] [INFO] rfl
[2026-01-13 01:28:45] [INFO] Proof length: 3 chars
[2026-01-13 01:28:45] [INFO] Starting proof verification...
[2026-01-13 01:28:45] [INFO] Verifying at: PrimeNumberTheoremAnd/FioriKadiriSwidinsky.lean:320
[2026-01-13 01:28:45] [INFO] Using LEAN INTERACT verify
[2026-01-13 01:28:45] [INFO] Checking file
[2026-01-13 01:30:34] [INFO] Cannot build modified file <error line="320" column="320">
<code_line>  riemannZeta.Sigma T x σ₂ 1 ≤ 2 * (∑ k ∈ Finset.Ioo 0 (Fin.last (K+1)), riemannZeta.N' σ₂ (t_seq k) * (x^(-1 / (I.R * log (t_seq (k - 1)))) / (t_seq (k - 1)) - x^(-1 / (I.R * log (t_seq k))) / (t_seq k)) ) + x^(-1 / (I.R * log (t_seq (Fin.last K).castSucc))) / (t_seq (Fin.last K).castSucc) * riemannZeta.N' σ₂ T := by rfl</code_line>
<message>error: Tactic `rfl` failed: The left-hand side</message>
</error>
  riemannZeta.Sigma T x σ₂ 1 ≤ 2 * riemannZeta.N' σ₂ T * x ^ (-1 / (I.R * log (t_seq 0))) / t_seq 0
is not definitionally equal to the right-hand side
  riemannZeta.Sigma T x σ₂ 1 ≤
    2 *
        ∑ k ∈ Finset.Ioo 0 (Fin.last (K + 1)),
          riemannZeta.N' σ₂ (t_seq k) *
            (x ^ (-1 / (I.R * log (t_seq (k - 1)))) / t_seq (k - 1) - x ^ (-1 / (I.R * log (t_seq k))) / t_seq k) +
      x ^ (-1 / (I.R * log (t_seq (Fin.last K).castSucc))) / t_seq (Fin.last K).castSucc * riemannZeta.N' σ₂ T

I : Inputs
σ₂ T x : ℝ
K : ℕ
hσ₂ : σ₂ ∈ Set.Ioc (5 / 8) 1
t_seq : Fin (K + 2) → ℝ
ht0 : t_seq 0 = max (Hσ I.H₀ I.R σ₂) (rexp (√(log x) / I.R))
htK : t_seq (Fin.last (K + 1)) = T
ht_incr : StrictMono t_seq
⊢ riemannZeta.Sigma T x σ₂ 1 ≤ 2 * riemannZeta.N' σ₂ T * x ^ (-1 / (I.R * log (t_seq 0))) / t_seq 0 ∧
    riemannZeta.Sigma T x σ₂ 1 ≤
      2 *
          ∑ k ∈ Finset.Ioo 0 (Fin.last (K + 1)),
            riemannZeta.N' σ₂ (t_seq k) *
              (x ^ (-1 / (I.R * log (t_seq (k - 1)))) / t_seq (k - 1) - x ^ (-1 / (I.R * log (t_seq k))) / t_seq k) +
        x ^ (-1 / (I.R * log (t_seq (Fin.last K).castSucc))) / t_seq (Fin.last K).castSucc * riemannZeta.N' σ₂ T
[2026-01-13 01:30:34] [INFO] Proof verification completed
[2026-01-13 01:30:34] [INFO] Strategy rfl attempt 1: verified=False
[2026-01-13 01:30:34] [INFO] Verification message: Cannot build modified file: <error line="320" column="320">
<code_line>  riemannZeta.Sigma T x σ₂ 1 ≤ 2 * (∑ k ∈ Finset.Ioo 0 (Fin.last (K+1)), riemannZeta.N' σ₂ (t_seq k) * (x^(-1 / (I.R * log (t_seq (k - 1)))) / (t_seq (k - 1)) - x^(-1 / (I.R * log (t_seq k))) / (t_seq k)) ) + x^(-1 / (I.R * log (t_seq (Fin.last K).castSucc))) / (t_seq (Fin.last K).castSucc) * riemannZeta.N' σ₂ T := by rfl</code_line>
<message>error: Tactic `rfl` failed: The left-hand side</message>
</error>
  riemannZeta.Sigma T x σ₂ 1 ≤ 2 * riemannZeta.N' σ₂ T * x ^ (-1 / (I.R * log (t_seq 0))) / t_seq 0
is not definitionally equal to the right-hand side
  riemannZeta.Sigma T x σ₂ 1 ≤
    2 *
        ∑ k ∈ Finset.Ioo 0 (Fin.last (K + 1)),
          riemannZeta.N' σ₂ (t_seq k) *
            (x ^ (-1 / (I.R * log (t_seq (k - 1)))) / t_seq (k - 1) - x ^ (-1 / (I.R * log (t_seq k))) / t_seq k) +
      x ^ (-1 / (I.R * log (t_seq (Fin.last K).castSucc))) / t_seq (Fin.last K).castSucc * riemannZeta.N' σ₂ T

I : Inputs
σ₂ T x : ℝ
K : ℕ
hσ₂ : σ₂ ∈ Set.Ioc (5 / 8) 1
t_seq : Fin (K + 2) → ℝ
ht0 : t_seq 0 = max (Hσ I.H₀ I.R σ₂) (rexp (√(log x) / I.R))
htK : t_seq (Fin.last (K + 1)) = T
ht_incr : StrictMono t_seq
⊢ riemannZeta.Sigma T x σ₂ 1 ≤ 2 * riemannZeta.N' σ₂ T * x ^ (-1 / (I.R * log (t_seq 0))) / t_seq 0 ∧
    riemannZeta.Sigma T x σ₂ 1 ≤
      2 *
          ∑ k ∈ Finset.Ioo 0 (Fin.last (K + 1)),
            riemannZeta.N' σ₂ (t_seq k) *
              (x ^ (-1 / (I.R * log (t_seq (k - 1)))) / t_seq (k - 1) - x ^ (-1 / (I.R * log (t_seq k))) / t_seq k) +
        x ^ (-1 / (I.R * log (t_seq (Fin.last K).castSucc))) / t_seq (Fin.last K).castSucc * riemannZeta.N' σ₂ T

[2026-01-13 01:30:34] [INFO] Attempt 1 failed verification, continuing...
[2026-01-13 01:30:34] [INFO] ========================================
[2026-01-13 01:30:34] [INFO] Trying strategy: simp (up to 1 attempts)
[2026-01-13 01:30:34] [INFO] --------------------
[2026-01-13 01:30:34] [INFO] Strategy simp, attempt 1/1
[2026-01-13 01:30:34] [INFO] Starting proof generation...
[2026-01-13 01:30:34] [INFO] Repository path: /root/repo
[2026-01-13 01:30:34] [INFO] Proof generation completed
[2026-01-13 01:30:34] [INFO] Generated proof:
[2026-01-13 01:30:34] [INFO] simp
[2026-01-13 01:30:34] [INFO] Proof length: 4 chars
[2026-01-13 01:30:34] [INFO] Starting proof verification...
[2026-01-13 01:30:34] [INFO] Verifying at: PrimeNumberTheoremAnd/FioriKadiriSwidinsky.lean:320
[2026-01-13 01:30:34] [INFO] Using LEAN INTERACT verify
[2026-01-13 01:30:34] [INFO] Checking file
[2026-01-13 01:30:43] [INFO] Cannot build modified file <error line="320" column="320">
<code_line>  riemannZeta.Sigma T x σ₂ 1 ≤ 2 * (∑ k ∈ Finset.Ioo 0 (Fin.last (K+1)), riemannZeta.N' σ₂ (t_seq k) * (x^(-1 / (I.R * log (t_seq (k - 1)))) / (t_seq (k - 1)) - x^(-1 / (I.R * log (t_seq k))) / (t_seq k)) ) + x^(-1 / (I.R * log (t_seq (Fin.last K).castSucc))) / (t_seq (Fin.last K).castSucc) * riemannZeta.N' σ₂ T := by simp</code_line>
<message>error: `simp` made no progress</message>
</error>
[2026-01-13 01:30:43] [INFO] Proof verification completed
[2026-01-13 01:30:43] [INFO] Strategy simp attempt 1: verified=False
[2026-01-13 01:30:43] [INFO] Verification message: Cannot build modified file: <error line="320" column="320">
<code_line>  riemannZeta.Sigma T x σ₂ 1 ≤ 2 * (∑ k ∈ Finset.Ioo 0 (Fin.last (K+1)), riemannZeta.N' σ₂ (t_seq k) * (x^(-1 / (I.R * log (t_seq (k - 1)))) / (t_seq (k - 1)) - x^(-1 / (I.R * log (t_seq k))) / (t_seq k)) ) + x^(-1 / (I.R * log (t_seq (Fin.last K).castSucc))) / (t_seq (Fin.last K).castSucc) * riemannZeta.N' σ₂ T := by simp</code_line>
<message>error: `simp` made no progress</message>
</error>

[2026-01-13 01:30:43] [INFO] Attempt 1 failed verification, continuing...
[2026-01-13 01:30:43] [INFO] ========================================
[2026-01-13 01:30:43] [INFO] Trying strategy: simp_all (up to 1 attempts)
[2026-01-13 01:30:43] [INFO] --------------------
[2026-01-13 01:30:43] [INFO] Strategy simp_all, attempt 1/1
[2026-01-13 01:30:43] [INFO] Starting proof generation...
[2026-01-13 01:30:43] [INFO] Repository path: /root/repo
[2026-01-13 01:30:43] [INFO] Proof generation completed
[2026-01-13 01:30:43] [INFO] Generated proof:
[2026-01-13 01:30:43] [INFO] simp_all
[2026-01-13 01:30:43] [INFO] Proof length: 8 chars
[2026-01-13 01:30:43] [INFO] Starting proof verification...
[2026-01-13 01:30:43] [INFO] Verifying at: PrimeNumberTheoremAnd/FioriKadiriSwidinsky.lean:320
[2026-01-13 01:30:43] [INFO] Using LEAN INTERACT verify
[2026-01-13 01:30:43] [INFO] Checking file
[2026-01-13 01:30:51] [INFO] Cannot build modified file <error line="320" column="317">
<code_line>  riemannZeta.Sigma T x σ₂ 1 ≤ 2 * (∑ k ∈ Finset.Ioo 0 (Fin.last (K+1)), riemannZeta.N' σ₂ (t_seq k) * (x^(-1 / (I.R * log (t_seq (k - 1)))) / (t_seq (k - 1)) - x^(-1 / (I.R * log (t_seq k))) / (t_seq k)) ) + x^(-1 / (I.R * log (t_seq (Fin.last K).castSucc))) / (t_seq (Fin.last K).castSucc) * riemannZeta.N' σ₂ T := by simp_all</code_line>
<message>error: unsolved goals</message>
</error>
I : Inputs
σ₂ T x : ℝ
K : ℕ
t_seq : Fin (K + 2) → ℝ
hσ₂ : 5 / 8 < σ₂ ∧ σ₂ ≤ 1
ht0 : t_seq 0 = max (Hσ I.H₀ I.R σ₂) (rexp (√(log x) / I.R))
htK : t_seq (Fin.last (K + 1)) = T
ht_incr : StrictMono t_seq
⊢ riemannZeta.Sigma T x σ₂ 1 ≤
      2 * riemannZeta.N' σ₂ T * x ^ (-1 / (I.R * log (max (Hσ I.H₀ I.R σ₂) (rexp (√(log x) / I.R))))) /
        max (Hσ I.H₀ I.R σ₂) (rexp (√(log x) / I.R)) ∧
    riemannZeta.Sigma T x σ₂ 1 ≤
      2 *
          ∑ k ∈ Finset.Ioo 0 (Fin.last (K + 1)),
            riemannZeta.N' σ₂ (t_seq k) *
              (x ^ (-1 / (I.R * log (t_seq (k - 1)))) / t_seq (k - 1) - x ^ (-1 / (I.R * log (t_seq k))) / t_seq k) +
        x ^ (-1 / (I.R * log (t_seq (Fin.last K).castSucc))) / t_seq (Fin.last K).castSucc * riemannZeta.N' σ₂ T
[2026-01-13 01:30:51] [INFO] Proof verification completed
[2026-01-13 01:30:51] [INFO] Strategy simp_all attempt 1: verified=False
[2026-01-13 01:30:51] [INFO] Verification message: Cannot build modified file: <error line="320" column="317">
<code_line>  riemannZeta.Sigma T x σ₂ 1 ≤ 2 * (∑ k ∈ Finset.Ioo 0 (Fin.last (K+1)), riemannZeta.N' σ₂ (t_seq k) * (x^(-1 / (I.R * log (t_seq (k - 1)))) / (t_seq (k - 1)) - x^(-1 / (I.R * log (t_seq k))) / (t_seq k)) ) + x^(-1 / (I.R * log (t_seq (Fin.last K).castSucc))) / (t_seq (Fin.last K).castSucc) * riemannZeta.N' σ₂ T := by simp_all</code_line>
<message>error: unsolved goals</message>
</error>
I : Inputs
σ₂ T x : ℝ
K : ℕ
t_seq : Fin (K + 2) → ℝ
hσ₂ : 5 / 8 < σ₂ ∧ σ₂ ≤ 1
ht0 : t_seq 0 = max (Hσ I.H₀ I.R σ₂) (rexp (√(log x) / I.R))
htK : t_seq (Fin.last (K + 1)) = T
ht_incr : StrictMono t_seq
⊢ riemannZeta.Sigma T x σ₂ 1 ≤
      2 * riemannZeta.N' σ₂ T * x ^ (-1 / (I.R * log (max (Hσ I.H₀ I.R σ₂) (rexp (√(log x) / I.R))))) /
        max (Hσ I.H₀ I.R σ₂) (rexp (√(log x) / I.R)) ∧
    riemannZeta.Sigma T x σ₂ 1 ≤
      2 *
          ∑ k ∈ Finset.Ioo 0 (Fin.last (K + 1)),
            riemannZeta.N' σ₂ (t_seq k) *
              (x ^ (-1 / (I.R * log (t_seq (k - 1)))) / t_seq (k - 1) - x ^ (-1 / (I.R * log (t_seq k))) / t_seq k) +
        x ^ (-1 / (I.R * log (t_seq (Fin.last K).castSucc))) / t_seq (Fin.last K).castSucc * riemannZeta.N' σ₂ T

[2026-01-13 01:30:51] [INFO] Attempt 1 failed verification, continuing...
[2026-01-13 01:30:51] [INFO] ========================================
[2026-01-13 01:30:51] [INFO] Trying strategy: exact? (up to 1 attempts)
[2026-01-13 01:30:51] [INFO] --------------------
[2026-01-13 01:30:51] [INFO] Strategy exact?, attempt 1/1
[2026-01-13 01:30:51] [INFO] Starting proof generation...
[2026-01-13 01:30:51] [INFO] Repository path: /root/repo
[2026-01-13 01:30:51] [INFO] Proof generation completed
[2026-01-13 01:30:51] [INFO] Generated proof:
[2026-01-13 01:30:51] [INFO] exact?
[2026-01-13 01:30:51] [INFO] Proof length: 6 chars
[2026-01-13 01:30:51] [INFO] Starting proof verification...
[2026-01-13 01:30:51] [INFO] Verifying at: PrimeNumberTheoremAnd/FioriKadiriSwidinsky.lean:320
[2026-01-13 01:30:51] [INFO] Using LEAN INTERACT verify
[2026-01-13 01:30:51] [INFO] Checking file
[2026-01-13 01:31:41] [INFO] Cannot build modified file <error line="320" column="320">
<code_line>  riemannZeta.Sigma T x σ₂ 1 ≤ 2 * (∑ k ∈ Finset.Ioo 0 (Fin.last (K+1)), riemannZeta.N' σ₂ (t_seq k) * (x^(-1 / (I.R * log (t_seq (k - 1)))) / (t_seq (k - 1)) - x^(-1 / (I.R * log (t_seq k))) / (t_seq k)) ) + x^(-1 / (I.R * log (t_seq (Fin.last K).castSucc))) / (t_seq (Fin.last K).castSucc) * riemannZeta.N' σ₂ T := by exact?</code_line>
<message>error: `exact?` could not close the goal. Try `apply?` to see partial suggestions.</message>
</error>
[2026-01-13 01:31:41] [INFO] Proof verification completed
[2026-01-13 01:31:41] [INFO] Strategy exact? attempt 1: verified=False
[2026-01-13 01:31:41] [INFO] Verification message: Cannot build modified file: <error line="320" column="320">
<code_line>  riemannZeta.Sigma T x σ₂ 1 ≤ 2 * (∑ k ∈ Finset.Ioo 0 (Fin.last (K+1)), riemannZeta.N' σ₂ (t_seq k) * (x^(-1 / (I.R * log (t_seq (k - 1)))) / (t_seq (k - 1)) - x^(-1 / (I.R * log (t_seq k))) / (t_seq k)) ) + x^(-1 / (I.R * log (t_seq (Fin.last K).castSucc))) / (t_seq (Fin.last K).castSucc) * riemannZeta.N' σ₂ T := by exact?</code_line>
<message>error: `exact?` could not close the goal. Try `apply?` to see partial suggestions.</message>
</error>

[2026-01-13 01:31:41] [INFO] Attempt 1 failed verification, continuing...
[2026-01-13 01:31:41] [INFO] ========================================
[2026-01-13 01:31:41] [INFO] Trying strategy: grind (up to 1 attempts)
[2026-01-13 01:31:41] [INFO] --------------------
[2026-01-13 01:31:41] [INFO] Strategy grind, attempt 1/1
[2026-01-13 01:31:41] [INFO] Starting proof generation...
[2026-01-13 01:31:41] [INFO] Repository path: /root/repo
[2026-01-13 01:31:41] [INFO] Proof generation completed
[2026-01-13 01:31:41] [INFO] Generated proof:
[2026-01-13 01:31:41] [INFO] grind
[2026-01-13 01:31:41] [INFO] Proof length: 5 chars
[2026-01-13 01:31:41] [INFO] Starting proof verification...
[2026-01-13 01:31:41] [INFO] Verifying at: PrimeNumberTheoremAnd/FioriKadiriSwidinsky.lean:320
[2026-01-13 01:31:41] [INFO] Using LEAN INTERACT verify
[2026-01-13 01:31:41] [INFO] Checking file
[2026-01-13 01:31:52] [INFO] Cannot build modified file <error line="320" column="320">
<code_line>  riemannZeta.Sigma T x σ₂ 1 ≤ 2 * (∑ k ∈ Finset.Ioo 0 (Fin.last (K+1)), riemannZeta.N' σ₂ (t_seq k) * (x^(-1 / (I.R * log (t_seq (k - 1)))) / (t_seq (k - 1)) - x^(-1 / (I.R * log (t_seq k))) / (t_seq k)) ) + x^(-1 / (I.R * log (t_seq (Fin.last K).castSucc))) / (t_seq (Fin.last K).castSucc) * riemannZeta.N' σ₂ T := by grind</code_line>
<message>error: `grind` failed</message>
</error>
case grind.1.1.1.1.1.1.1.1
I : Inputs
σ₂ T x : ℝ
K : ℕ
hσ₂ : σ₂ ∈ Set.Ioc (5 * 8⁻¹) 1
t_seq : Fin (K + 2) → ℝ
ht0 : t_seq 0 = max (Hσ I.H₀ I.R σ₂) (rexp (√(log x) * I.R⁻¹))
htK : t_seq (Fin.last (K + 1)) = T
ht_incr : StrictMono t_seq
h_1 : I.R * log (t_seq 0) = 0
h_2 : t_seq 0 = 0
h_3 : I.R * log (t_seq (Fin.last K).castSucc) = 0
h_4 : t_seq (Fin.last K).castSucc = 0
h_5 : ¬riemannZeta.Sigma T x σ₂ 1 ≤ 2 * riemannZeta.N' σ₂ T * x ^ (-1 * (I.R * log (t_seq 0))⁻¹) * (t_seq 0)⁻¹
h_6 : I.R = 0
h_7 : Hσ I.H₀ I.R σ₂ ≤ rexp (√(log x) * I.R⁻¹)
h_8 : log x ≤ 0
⊢ False
[grind] Goal diagnostics
  [facts] Asserted facts
    [prop] σ₂ ∈ Set.Ioc (5 * 8⁻¹) 1
    [prop] 8 * 8⁻¹ = 1
    [prop] t_seq 0 = max (Hσ I.H₀ I.R σ₂) (rexp (√(log x) * I.R⁻¹))
    [prop] if I.R = 0 then I.R⁻¹ = 0 else I.R * I.R⁻¹ = 1
    [prop] t_seq (Fin.last (K + 1)) = T
    [prop] StrictMono t_seq
    [prop] ¬riemannZeta.Sigma T x σ₂ 1 ≤ 2 * riemannZeta.N' σ₂ T * x ^ (-1 * (I.R * log (t_seq 0))⁻¹) * (t_seq 0)⁻¹ ∨
          ¬riemannZeta.Sigma T x σ₂ 1 ≤
              2 *
                  ∑ x_1 ∈ Finset.Ioo 0 (Fin.last (K + 1)),
                    riemannZeta.N' σ₂ (t_seq x_1) *
                      (x ^ (-1 * (I.R * log (t_seq (x_1 - 1)))⁻¹) * (t_seq (x_1 - 1))⁻¹ -
                        x ^ (-1 * (I.R * log (t_seq x_1))⁻¹) * (t_seq x_1)⁻¹) +
                x ^ (-1 * (I.R * log (t_seq (Fin.last K).castSucc))⁻¹) * (t_seq (Fin.last K).castSucc)⁻¹ *
                  riemannZeta.N' σ₂ T
    [prop] if t_seq (Fin.last K).castSucc = 0 then (t_seq (Fin.last K).castSucc)⁻¹ = 0
        else t_seq (Fin.last K).castSucc * (t_seq (Fin.last K).castSucc)⁻¹ = 1
    [prop] if I.R * log (t_seq (Fin.last K).castSucc) = 0 then (I.R * log (t_seq (Fin.last K).castSucc))⁻¹ = 0
        else I.R * log (t_seq (Fin.last K).castSucc) * (I.R * log (t_seq (Fin.last K).castSucc))⁻¹ = 1
    [prop] if t_seq 0 = 0 then (t_seq 0)⁻¹ = 0 else t_seq 0 * (t_seq 0)⁻¹ = 1
    [prop] if I.R * log (t_seq 0) = 0 then (I.R * log (t_seq 0))⁻¹ = 0
        else I.R * log (t_seq 0) * (I.R * log (t_seq 0))⁻¹ = 1
    [prop] (σ₂ ∈ Set.Ioc (5 * 8⁻¹) 1) = (5 * 8⁻¹ < σ₂ ∧ σ₂ ≤ 1)
    [prop] max (Hσ I.H₀ I.R σ₂) (rexp (√(log x) * I.R⁻¹)) =
          if Hσ I.H₀ I.R σ₂ ≤ rexp (√(log x) * I.R⁻¹) then rexp (√(log x) * I.R⁻¹) else Hσ I.H₀ I.R σ₂
    [prop] √(log x) ^ 2 = max (log x) 0
    [prop] max (log x) 0 = if log x ≤ 0 then 0 else log x
    [prop] I.R * log (t_seq 0) = 0
    [prop] t_seq 0 = 0
    [prop] I.R * log (t_seq (Fin.last K).castSucc) = 0
    [prop] t_seq (Fin.last K).castSucc = 0
    [prop] ¬riemannZeta.Sigma T x σ₂ 1 ≤ 2 * riemannZeta.N' σ₂ T * x ^ (-1 * (I.R * log (t_seq 0))⁻¹) * (t_seq 0)⁻¹
    [prop] I.R = 0
    [prop] Hσ I.H₀ I.R σ₂ ≤ rexp (√(log x) * I.R⁻¹)
    [prop] log x ≤ 0
  [eqc] True propositions
    [prop] (1 + 1).AtLeastTwo
    [prop] (4 + 1).AtLeastTwo
    [prop] (7 + 1).AtLeastTwo
    [prop] ¬riemannZeta.Sigma T x σ₂ 1 ≤ 2 * riemannZeta.N' σ₂ T * x ^ (-1 * (I.R * log (t_seq 0))⁻¹) * (t_seq 0)⁻¹
    [prop] ¬riemannZeta.Sigma T x σ₂ 1 ≤ 2 * riemannZeta.N' σ₂ T * x ^ (-1 * (I.R * log (t_seq 0))⁻¹) * (t_seq 0)⁻¹ ∨
          ¬riemannZeta.Sigma T x σ₂ 1 ≤
              2 *
                  ∑ x_1 ∈ Finset.Ioo 0 (Fin.last (K + 1)),
                    riemannZeta.N' σ₂ (t_seq x_1) *
                      (x ^ (-1 * (I.R * log (t_seq (x_1 - 1)))⁻¹) * (t_seq (x_1 - 1))⁻¹ -
                        x ^ (-1 * (I.R * log (t_seq x_1))⁻¹) * (t_seq x_1)⁻¹) +
                x ^ (-1 * (I.R * log (t_seq (Fin.last K).castSucc))⁻¹) * (t_seq (Fin.last K).castSucc)⁻¹ *
                  riemannZeta.N' σ₂ T
    [prop] t_seq (Fin.last K).castSucc = 0
    [prop] t_seq 0 = 0
    [prop] I.R = 0
    [prop] (t_seq (Fin.last K).castSucc)⁻¹ = 0
    [prop] (t_seq 0)⁻¹ = 0
    [prop] I.R⁻¹ = 0
    [prop] (I.R * log (t_seq (Fin.last K).castSucc))⁻¹ = 0
    [prop] (I.R * log (t_seq 0))⁻¹ = 0
    [prop] I.R * log (t_seq (Fin.last K).castSucc) = 0
    [prop] I.R * log (t_seq 0) = 0
    [prop] NeZero (K + 2)
    [prop] σ₂ ∈ Set.Ioc (5 * 8⁻¹) 1
    [prop] StrictMono t_seq
    [prop] if t_seq (Fin.last K).castSucc = 0 then (t_seq (Fin.last K).castSucc)⁻¹ = 0
        else t_seq (Fin.last K).castSucc * (t_seq (Fin.last K).castSucc)⁻¹ = 1
    [prop] if t_seq 0 = 0 then (t_seq 0)⁻¹ = 0 else t_seq 0 * (t_seq 0)⁻¹ = 1
    [prop] if I.R = 0 then I.R⁻¹ = 0 else I.R * I.R⁻¹ = 1
    [prop] if I.R * log (t_seq (Fin.last K).castSucc) = 0 then (I.R * log (t_seq (Fin.last K).castSucc))⁻¹ = 0
        else I.R * log (t_seq (Fin.last K).castSucc) * (I.R * log (t_seq (Fin.last K).castSucc))⁻¹ = 1
    [prop] if I.R * log (t_seq 0) = 0 then (I.R * log (t_seq 0))⁻¹ = 0
        else I.R * log (t_seq 0) * (I.R * log (t_seq 0))⁻¹ = 1
    [prop] 5 * 8⁻¹ < σ₂ ∧ σ₂ ≤ 1
    [prop] (σ₂ ∈ Set.Ioc (5 * 8⁻¹) 1) = (5 * 8⁻¹ < σ₂ ∧ σ₂ ≤ 1)
    [prop] σ₂ ≤ 1
    [prop] Hσ I.H₀ I.R σ₂ ≤ rexp (√(log x) * I.R⁻¹)
    [prop] 5 * 8⁻¹ < σ₂
    [prop] log x ≤ 0
  [eqc] False propositions
    [prop] riemannZeta.Sigma T x σ₂ 1 ≤ 2 * riemannZeta.N' σ₂ T * x ^ (-1 * (I.R * log (t_seq 0))⁻¹) * (t_seq 0)⁻¹
  [eqc] Equivalence classes
    [eqc] {T, t_seq (Fin.last (K + 1))}
    [eqc] {t_seq (Fin.last K).castSucc,
        t_seq 0,
        I.R,
        rexp (√(log x) * I.R⁻¹),
        (t_seq (Fin.last K).castSucc)⁻¹,
        (t_seq 0)⁻¹,
        I.R⁻¹,
        (I.R * log (t_seq (Fin.last K).castSucc))⁻¹,
        (I.R * log (t_seq 0))⁻¹,
        0,
        max (Hσ I.H₀ I.R σ₂) (rexp (√(log x) * I.R⁻¹)),
        I.R * log (t_seq (Fin.last K).castSucc),
        I.R * log (t_seq 0),
        √(log x) * I.R⁻¹,
        -1 * (I.R * log (t_seq (Fin.last K).castSucc))⁻¹,
        -1 * (I.R * log (t_seq 0))⁻¹,
        max (log x) 0,
        √(log x) ^ 2}
      [eqc] {if Hσ I.H₀ I.R σ₂ ≤ rexp (√(log x) * I.R⁻¹) then rexp (√(log x) * I.R⁻¹) else Hσ I.H₀ I.R σ₂,
          if log x ≤ 0 then 0 else log x}
    [eqc] {Fin (K + 2), Fin (K + 1 + 1)}
    [eqc] {Fin.instPartialOrder, Fin.instPartialOrder}
    [eqc] {log (t_seq (Fin.last K).castSucc), log (t_seq 0)}
    [eqc] {Fin.instPartialOrder.toPreorder, Fin.instPartialOrder.toPreorder}
    [eqc] {2, 1 + 1}
    [eqc] {1, 8 * 8⁻¹}
    [eqc] {K + 2, K + 1 + 1}
    [eqc] {-1 • (I.R * log (t_seq (Fin.last K).castSucc))⁻¹ + 0 • One.one,
        -1 • (I.R * log (t_seq 0))⁻¹ + 0 • One.one,
        -1 • (I.R * log (t_seq (Fin.last K).castSucc)) + 0 • One.one,
        -1 • (I.R * log (t_seq 0)) + 0 • One.one,
        -1 • (√(log x) * I.R⁻¹) + 0 • One.one,
        -1 • rexp (√(log x) * I.R⁻¹) + 0 • One.one}
    [eqc] {1 • rexp (√(log x) * I.R⁻¹) + 0 • One.one,
        1 • (I.R * log (t_seq (Fin.last K).castSucc))⁻¹ + 0 • One.one,
        1 • (I.R * log (t_seq 0))⁻¹ + 0 • One.one,
        1 • (I.R * log (t_seq (Fin.last K).castSucc)) + 0 • One.one,
        1 • (I.R * log (t_seq 0)) + 0 • One.one,
        1 • (√(log x) * I.R⁻¹) + 0 • One.one}
    [eqc] {x ^ (-1 * (I.R * log (t_seq (Fin.last K).castSucc))⁻¹), x ^ (-1 * (I.R * log (t_seq 0))⁻¹)}
    [eqc] {-1 • (I.R * log (t_seq (Fin.last K).castSucc))⁻¹,
        -1 • (I.R * log (t_seq 0))⁻¹,
        -1 • (I.R * log (t_seq (Fin.last K).castSucc)),
        -1 • (I.R * log (t_seq 0)),
        -1 • (√(log x) * I.R⁻¹),
        -1 • rexp (√(log x) * I.R⁻¹)}
    [eqc] {1 • rexp (√(log x) * I.R⁻¹),
        1 • (I.R * log (t_seq (Fin.last K).castSucc))⁻¹,
        1 • (I.R * log (t_seq 0))⁻¹,
        1 • (I.R * log (t_seq (Fin.last K).castSucc)),
        1 • (I.R * log (t_seq 0)),
        1 • (√(log x) * I.R⁻¹)}
    [eqc] others
      [eqc] {↑(K + 2), ↑(K + 1 + 1)}
  [cases] Case analyses
    [cases] [1/2]: if I.R * log (t_seq 0) = 0 then (I.R * log (t_seq 0))⁻¹ = 0
        else I.R * log (t_seq 0) * (I.R * log (t_seq 0))⁻¹ = 1
      [cases] source: Initial goal
    [cases] [1/2]: if t_seq 0 = 0 then (t_seq 0)⁻¹ = 0 else t_seq 0 * (t_seq 0)⁻¹ = 1
      [cases] source: Initial goal
    [cases] [1/2]: if I.R * log (t_seq (Fin.last K).castSucc) = 0 then (I.R * log (t_seq (Fin.last K).castSucc))⁻¹ = 0
        else I.R * log (t_seq (Fin.last K).castSucc) * (I.R * log (t_seq (Fin.last K).castSucc))⁻¹ = 1
      [cases] source: Initial goal
    [cases] [1/2]: if t_seq (Fin.last K).castSucc = 0 then (t_seq (Fin.last K).castSucc)⁻¹ = 0
        else t_seq (Fin.last K).castSucc * (t_seq (Fin.last K).castSucc)⁻¹ = 1
      [cases] source: Initial goal
    [cases] [1/2]: ¬riemannZeta.Sigma T x σ₂ 1 ≤
              2 * riemannZeta.N' σ₂ T * x ^ (-1 * (I.R * log (t_seq 0))⁻¹) * (t_seq 0)⁻¹ ∨
          ¬riemannZeta.Sigma T x σ₂ 1 ≤
              2 *
                  ∑ x_1 ∈ Finset.Ioo 0 (Fin.last (K + 1)),
                    riemannZeta.N' σ₂ (t_seq x_1) *
                      (x ^ (-1 * (I.R * log (t_seq (x_1 - 1)))⁻¹) * (t_seq (x_1 - 1))⁻¹ -
                        x ^ (-1 * (I.R * log (t_seq x_1))⁻¹) * (t_seq x_1)⁻¹) +
                x ^ (-1 * (I.R * log (t_seq (Fin.last K).castSucc))⁻¹) * (t_seq (Fin.last K).castSucc)⁻¹ *
                  riemannZeta.N' σ₂ T
      [cases] source: Initial goal
    [cases] [1/2]: if I.R = 0 then I.R⁻¹ = 0 else I.R * I.R⁻¹ = 1
      [cases] source: Initial goal
    [cases] [1/2]: if Hσ I.H₀ I.R σ₂ ≤ rexp (√(log x) * I.R⁻¹) then rexp (√(log x) * I.R⁻¹) else Hσ I.H₀ I.R σ₂
      [cases] source: E-matching max_def
    [cases] [1/2]: if log x ≤ 0 then 0 else log x
      [cases] source: E-matching max_def
  [ematch] E-matching patterns
    [thm] Set.mem_Ioc: [@Membership.mem #4 _ _ (@Set.Ioc _ #3 #2 #1) #0]
    [thm] Multiset.notMem_zero: [@Membership.mem #1 _ _ (@OfNat.ofNat _ `[0] _) #0]
    [thm] Multiset.mem_add: [@Membership.mem #3 _ _ (@HAdd.hAdd _ _ _ _ #1 #0) #2]
    [thm] Angle.coe_pi_add_coe_pi: [@HAdd.hAdd `[Angle] `[Angle] `[Angle] `[instHAdd] `[↑π] `[↑π]]
    [thm] max_def: [@max #3 _ #1 #0]
    [thm] Rat.max_def: [@max `[ℚ] `[Rat.instMax] #1 #0]
    [thm] Int.max_def: [@max `[ℤ] `[Int.instMax] #1 #0]
    [thm] Nat.max_def: [@max `[ℕ] `[Nat.instMax] #1 #0]
    [thm] sq_sqrt': [sqrt #0]
    [thm] sqrt_one: [sqrt `[1]]
    [thm] sqrt_zero: [sqrt `[0]]
  [cutsat] Assignment satisfying linear constraints
    [assign] K := 0
  [linarith] Linarith assignment for `ℝ`
    [assign] σ₂ := 1
    [assign] T := 15
    [assign] x := 14
    [assign] π := 3
    [assign] t_seq (Fin.last (K + 1)) := 15
    [assign] t_seq (Fin.last K).castSucc := 0
    [assign] t_seq 0 := 0
    [assign] I.H₀ := 12
    [assign] I.R := 0
    [assign] rexp (√(log x) * I.R⁻¹) := 0
    [assign] log x := -1
    [assign] log (t_seq (Fin.last K).castSucc) := 23
    [assign] log (t_seq 0) := 23
    [assign] √(log x) := 13
    [assign] riemannZeta.N' σ₂ T := 20
    [assign] Hσ I.H₀ I.R σ₂ := 0
    [assign] riemannZeta.Sigma T x σ₂ 1 := 1
    [assign] max (Hσ I.H₀ I.R σ₂) (rexp (√(log x) * I.R⁻¹)) := 0
    [assign] ∑ x_1 ∈ Finset.Ioo 0 (Fin.last (K + 1)),
          riemannZeta.N' σ₂ (t_seq x_1) *
            (x ^ (-1 * (I.R * log (t_seq (x_1 - 1)))⁻¹) * (t_seq (x_1 - 1))⁻¹ -
              x ^ (-1 * (I.R * log (t_seq x_1))⁻¹) * (t_seq x_1)⁻¹) := 26
    [assign] 「x ^ (-1 * (I.R * log (t_seq (Fin.last K).castSucc))⁻¹)」 := 21
    [assign] 「x ^ (-1 * (I.R * log (t_seq 0))⁻¹)」 := 21
    [assign] max (log x) 0 := 0
    [assign] 「√(log x) ^ 2」 := 0
  [ring] Ring `ℝ`
    [basis] Basis
      [_] √(log x) ^ 2 = 0
      [_] 8 * 8⁻¹ + -1 = 0
      [_] I.R⁻¹ = 0
      [_] I.R = 0
      [_] log (t_seq 0) + -1 * log (t_seq (Fin.last K).castSucc) = 0
      [_] (I.R * log (t_seq 0))⁻¹ = 0
      [_] x ^ (-1 * (I.R * log (t_seq 0))⁻¹) + -1 * x ^ (-1 * (I.R * log (t_seq (Fin.last K).castSucc))⁻¹) = 0
      [_] (t_seq 0)⁻¹ = 0
      [_] (I.R * log (t_seq (Fin.last K).castSucc))⁻¹ = 0
      [_] (t_seq (Fin.last K).castSucc)⁻¹ = 0
      [_] rexp (√(log x) * I.R⁻¹) = 0
  [assoc] Operator `max`
    [basis] Basis
      [_] 0 = rexp (√(log x) * I.R⁻¹)
      [_] max (rexp (√(log x) * I.R⁻¹)) (log x) = rexp (√(log x) * I.R⁻¹)
      [_] max (Hσ I.H₀ I.R σ₂) (rexp (√(log x) * I.R⁻¹)) = rexp (√(log x) * I.R⁻¹)
    [properties] Properties
      [_] commutative
      [_] idempotent
[grind] Diagnostics
  [thm] E-Matching instances
    [thm] max_def ↦ 2
    [thm] sq_sqrt' ↦ 1
    [thm] Set.mem_Ioc ↦ 1
[2026-01-13 01:31:52] [INFO] Proof verification completed
[2026-01-13 01:31:52] [INFO] Strategy grind attempt 1: verified=False
[2026-01-13 01:31:52] [INFO] Verification message: Cannot build modified file: <error line="320" column="320">
<code_line>  riemannZeta.Sigma T x σ₂ 1 ≤ 2 * (∑ k ∈ Finset.Ioo 0 (Fin.last (K+1)), riemannZeta.N' σ₂ (t_seq k) * (x^(-1 / (I.R * log (t_seq (k - 1)))) / (t_seq (k - 1)) - x^(-1 / (I.R * log (t_seq k))) / (t_seq k)) ) + x^(-1 / (I.R * log (t_seq (Fin.last K).castSucc))) / (t_seq (Fin.last K).castSucc) * riemannZeta.N' σ₂ T := by grind</code_line>
<message>error: `grind` failed</message>
</error>
case grind.1.1.1.1.1.1.1.1
I : Inputs
σ₂ T x : ℝ
K : ℕ
hσ₂ : σ₂ ∈ Set.Ioc (5 * 8⁻¹) 1
t_seq : Fin (K + 2) → ℝ
ht0 : t_seq 0 = max (Hσ I.H₀ I.R σ₂) (rexp (√(log x) * I.R⁻¹))
htK : t_seq (Fin.last (K + 1)) = T
ht_incr : StrictMono t_seq
h_1 : I.R * log (t_seq 0) = 0
h_2 : t_seq 0 = 0
h_3 : I.R * log (t_seq (Fin.last K).castSucc) = 0
h_4 : t_seq (Fin.last K).castSucc = 0
h_5 : ¬riemannZeta.Sigma T x σ₂ 1 ≤ 2 * riemannZeta.N' σ₂ T * x ^ (-1 * (I.R * log (t_seq 0))⁻¹) * (t_seq 0)⁻¹
h_6 : I.R = 0
h_7 : Hσ I.H₀ I.R σ₂ ≤ rexp (√(log x) * I.R⁻¹)
h_8 : log x ≤ 0
⊢ False
[grind] Goal diagnostics
  [facts] Asserted facts
    [prop] σ₂ ∈ Set.Ioc (5 * 8⁻¹) 1
    [prop] 8 * 8⁻¹ = 1
    [prop] t_seq 0 = max (Hσ I.H₀ I.R σ₂) (rexp (√(log x) * I.R⁻¹))
    [prop] if I.R = 0 then I.R⁻¹ = 0 else I.R * I.R⁻¹ = 1
    [prop] t_seq (Fin.last (K + 1)) = T
    [prop] StrictMono t_seq
    [prop] ¬riemannZeta.Sigma T x σ₂ 1 ≤ 2 * riemannZeta.N' σ₂ T * x ^ (-1 * (I.R * log (t_seq 0))⁻¹) * (t_seq 0)⁻¹ ∨
          ¬riemannZeta.Sigma T x σ₂ 1 ≤
              2 *
                  ∑ x_1 ∈ Finset.Ioo 0 (Fin.last (K + 1)),
                    riemannZeta.N' σ₂ (t_seq x_1) *
                      (x ^ (-1 * (I.R * log (t_seq (x_1 - 1)))⁻¹) * (t_seq (x_1 - 1))⁻¹ -
                        x ^ (-1 * (I.R * log (t_seq x_1))⁻¹) * (t_seq x_1)⁻¹) +
                x ^ (-1 * (I.R * log (t_seq (Fin.last K).castSucc))⁻¹) * (t_seq (Fin.last K).castSucc)⁻¹ *
                  riemannZeta.N' σ₂ T
    [prop] if t_seq (Fin.last K).castSucc = 0 then (t_seq (Fin.last K).castSucc)⁻¹ = 0
        else t_seq (Fin.last K).castSucc * (t_seq (Fin.last K).castSucc)⁻¹ = 1
    [prop] if I.R * log (t_seq (Fin.last K).castSucc) = 0 then (I.R * log (t_seq (Fin.last K).castSucc))⁻¹ = 0
        else I.R * log (t_seq (Fin.last K).castSucc) * (I.R * log (t_seq (Fin.last K).castSucc))⁻¹ = 1
    [prop] if t_seq 0 = 0 then (t_seq 0)⁻¹ = 0 else t_seq 0 * (t_seq 0)⁻¹ = 1
    [prop] if I.R * log (t_seq 0) = 0 then (I.R * log (t_seq 0))⁻¹ = 0
        else I.R * log (t_seq 0) * (I.R * log (t_seq 0))⁻¹ = 1
    [prop] (σ₂ ∈ Set.Ioc (5 * 8⁻¹) 1) = (5 * 8⁻¹ < σ₂ ∧ σ₂ ≤ 1)
    [prop] max (Hσ I.H₀ I.R σ₂) (rexp (√(log x) * I.R⁻¹)) =
          if Hσ I.H₀ I.R σ₂ ≤ rexp (√(log x) * I.R⁻¹) then rexp (√(log x) * I.R⁻¹) else Hσ I.H₀ I.R σ₂
    [prop] √(log x) ^ 2 = max (log x) 0
    [prop] max (log x) 0 = if log x ≤ 0 then 0 else log x
    [prop] I.R * log (t_seq 0) = 0
    [prop] t_seq 0 = 0
    [prop] I.R * log (t_seq (Fin.last K).castSucc) = 0
    [prop] t_seq (Fin.last K).castSucc = 0
    [prop] ¬riemannZeta.Sigma T x σ₂ 1 ≤ 2 * riemannZeta.N' σ₂ T * x ^ (-1 * (I.R * log (t_seq 0))⁻¹) * (t_seq 0)⁻¹
    [prop] I.R = 0
    [prop] Hσ I.H₀ I.R σ₂ ≤ rexp (√(log x) * I.R⁻¹)
    [prop] log x ≤ 0
  [eqc] True propositions
    [prop] (1 + 1).AtLeastTwo
    [prop] (4 + 1).AtLeastTwo
    [prop] (7 + 1).AtLeastTwo
    [prop] ¬riemannZeta.Sigma T x σ₂ 1 ≤ 2 * riemannZeta.N' σ₂ T * x ^ (-1 * (I.R * log (t_seq 0))⁻¹) * (t_seq 0)⁻¹
    [prop] ¬riemannZeta.Sigma T x σ₂ 1 ≤ 2 * riemannZeta.N' σ₂ T * x ^ (-1 * (I.R * log (t_seq 0))⁻¹) * (t_seq 0)⁻¹ ∨
          ¬riemannZeta.Sigma T x σ₂ 1 ≤
              2 *
                  ∑ x_1 ∈ Finset.Ioo 0 (Fin.last (K + 1)),
                    riemannZeta.N' σ₂ (t_seq x_1) *
                      (x ^ (-1 * (I.R * log (t_seq (x_1 - 1)))⁻¹) * (t_seq (x_1 - 1))⁻¹ -
                        x ^ (-1 * (I.R * log (t_seq x_1))⁻¹) * (t_seq x_1)⁻¹) +
                x ^ (-1 * (I.R * log (t_seq (Fin.last K).castSucc))⁻¹) * (t_seq (Fin.last K).castSucc)⁻¹ *
                  riemannZeta.N' σ₂ T
    [prop] t_seq (Fin.last K).castSucc = 0
    [prop] t_seq 0 = 0
    [prop] I.R = 0
    [prop] (t_seq (Fin.last K).castSucc)⁻¹ = 0
    [prop] (t_seq 0)⁻¹ = 0
    [prop] I.R⁻¹ = 0
    [prop] (I.R * log (t_seq (Fin.last K).castSucc))⁻¹ = 0
    [prop] (I.R * log (t_seq 0))⁻¹ = 0
    [prop] I.R * log (t_seq (Fin.last K).castSucc) = 0
    [prop] I.R * log (t_seq 0) = 0
    [prop] NeZero (K + 2)
    [prop] σ₂ ∈ Set.Ioc (5 * 8⁻¹) 1
    [prop] StrictMono t_seq
    [prop] if t_seq (Fin.last K).castSucc = 0 then (t_seq (Fin.last K).castSucc)⁻¹ = 0
        else t_seq (Fin.last K).castSucc * (t_seq (Fin.last K).castSucc)⁻¹ = 1
    [prop] if t_seq 0 = 0 then (t_seq 0)⁻¹ = 0 else t_seq 0 * (t_seq 0)⁻¹ = 1
    [prop] if I.R = 0 then I.R⁻¹ = 0 else I.R * I.R⁻¹ = 1
    [prop] if I.R * log (t_seq (Fin.last K).castSucc) = 0 then (I.R * log (t_seq (Fin.last K).castSucc))⁻¹ = 0
        else I.R * log (t_seq (Fin.last K).castSucc) * (I.R * log (t_seq (Fin.last K).castSucc))⁻¹ = 1
    [prop] if I.R * log (t_seq 0) = 0 then (I.R * log (t_seq 0))⁻¹ = 0
        else I.R * log (t_seq 0) * (I.R * log (t_seq 0))⁻¹ = 1
    [prop] 5 * 8⁻¹ < σ₂ ∧ σ₂ ≤ 1
    [prop] (σ₂ ∈ Set.Ioc (5 * 8⁻¹) 1) = (5 * 8⁻¹ < σ₂ ∧ σ₂ ≤ 1)
    [prop] σ₂ ≤ 1
    [prop] Hσ I.H₀ I.R σ₂ ≤ rexp (√(log x) * I.R⁻¹)
    [prop] 5 * 8⁻¹ < σ₂
    [prop] log x ≤ 0
  [eqc] False propositions
    [prop] riemannZeta.Sigma T x σ₂ 1 ≤ 2 * riemannZeta.N' σ₂ T * x ^ (-1 * (I.R * log (t_seq 0))⁻¹) * (t_seq 0)⁻¹
  [eqc] Equivalence classes
    [eqc] {T, t_seq (Fin.last (K + 1))}
    [eqc] {t_seq (Fin.last K).castSucc,
        t_seq 0,
        I.R,
        rexp (√(log x) * I.R⁻¹),
        (t_seq (Fin.last K).castSucc)⁻¹,
        (t_seq 0)⁻¹,
        I.R⁻¹,
        (I.R * log (t_seq (Fin.last K).castSucc))⁻¹,
        (I.R * log (t_seq 0))⁻¹,
        0,
        max (Hσ I.H₀ I.R σ₂) (rexp (√(log x) * I.R⁻¹)),
        I.R * log (t_seq (Fin.last K).castSucc),
        I.R * log (t_seq 0),
        √(log x) * I.R⁻¹,
        -1 * (I.R * log (t_seq (Fin.last K).castSucc))⁻¹,
        -1 * (I.R * log (t_seq 0))⁻¹,
        max (log x) 0,
        √(log x) ^ 2}
      [eqc] {if Hσ I.H₀ I.R σ₂ ≤ rexp (√(log x) * I.R⁻¹) then rexp (√(log x) * I.R⁻¹) else Hσ I.H₀ I.R σ₂,
          if log x ≤ 0 then 0 else log x}
    [eqc] {Fin (K + 2), Fin (K + 1 + 1)}
    [eqc] {Fin.instPartialOrder, Fin.instPartialOrder}
    [eqc] {log (t_seq (Fin.last K).castSucc), log (t_seq 0)}
    [eqc] {Fin.instPartialOrder.toPreorder, Fin.instPartialOrder.toPreorder}
    [eqc] {2, 1 + 1}
    [eqc] {1, 8 * 8⁻¹}
    [eqc] {K + 2, K + 1 + 1}
    [eqc] {-1 • (I.R * log (t_seq (Fin.last K).castSucc))⁻¹ + 0 • One.one,
        -1 • (I.R * log (t_seq 0))⁻¹ + 0 • One.one,
        -1 • (I.R * log (t_seq (Fin.last K).castSucc)) + 0 • One.one,
        -1 • (I.R * log (t_seq 0)) + 0 • One.one,
        -1 • (√(log x) * I.R⁻¹) + 0 • One.one,
        -1 • rexp (√(log x) * I.R⁻¹) + 0 • One.one}
    [eqc] {1 • rexp (√(log x) * I.R⁻¹) + 0 • One.one,
        1 • (I.R * log (t_seq (Fin.last K).castSucc))⁻¹ + 0 • One.one,
        1 • (I.R * log (t_seq 0))⁻¹ + 0 • One.one,
        1 • (I.R * log (t_seq (Fin.last K).castSucc)) + 0 • One.one,
        1 • (I.R * log (t_seq 0)) + 0 • One.one,
        1 • (√(log x) * I.R⁻¹) + 0 • One.one}
    [eqc] {x ^ (-1 * (I.R * log (t_seq (Fin.last K).castSucc))⁻¹), x ^ (-1 * (I.R * log (t_seq 0))⁻¹)}
    [eqc] {-1 • (I.R * log (t_seq (Fin.last K).castSucc))⁻¹,
        -1 • (I.R * log (t_seq 0))⁻¹,
        -1 • (I.R * log (t_seq (Fin.last K).castSucc)),
        -1 • (I.R * log (t_seq 0)),
        -1 • (√(log x) * I.R⁻¹),
        -1 • rexp (√(log x) * I.R⁻¹)}
    [eqc] {1 • rexp (√(log x) * I.R⁻¹),
        1 • (I.R * log (t_seq (Fin.last K).castSucc))⁻¹,
        1 • (I.R * log (t_seq 0))⁻¹,
        1 • (I.R * log (t_seq (Fin.last K).castSucc)),
        1 • (I.R * log (t_seq 0)),
        1 • (√(log x) * I.R⁻¹)}
    [eqc] others
      [eqc] {↑(K + 2), ↑(K + 1 + 1)}
  [cases] Case analyses
    [cases] [1/2]: if I.R * log (t_seq 0) = 0 then (I.R * log (t_seq 0))⁻¹ = 0
        else I.R * log (t_seq 0) * (I.R * log (t_seq 0))⁻¹ = 1
      [cases] source: Initial goal
    [cases] [1/2]: if t_seq 0 = 0 then (t_seq 0)⁻¹ = 0 else t_seq 0 * (t_seq 0)⁻¹ = 1
      [cases] source: Initial goal
    [cases] [1/2]: if I.R * log (t_seq (Fin.last K).castSucc) = 0 then (I.R * log (t_seq (Fin.last K).castSucc))⁻¹ = 0
        else I.R * log (t_seq (Fin.last K).castSucc) * (I.R * log (t_seq (Fin.last K).castSucc))⁻¹ = 1
      [cases] source: Initial goal
    [cases] [1/2]: if t_seq (Fin.last K).castSucc = 0 then (t_seq (Fin.last K).castSucc)⁻¹ = 0
        else t_seq (Fin.last K).castSucc * (t_seq (Fin.last K).castSucc)⁻¹ = 1
      [cases] source: Initial goal
    [cases] [1/2]: ¬riemannZeta.Sigma T x σ₂ 1 ≤
              2 * riemannZeta.N' σ₂ T * x ^ (-1 * (I.R * log (t_seq 0))⁻¹) * (t_seq 0)⁻¹ ∨
          ¬riemannZeta.Sigma T x σ₂ 1 ≤
              2 *
                  ∑ x_1 ∈ Finset.Ioo 0 (Fin.last (K + 1)),
                    riemannZeta.N' σ₂ (t_seq x_1) *
                      (x ^ (-1 * (I.R * log (t_seq (x_1 - 1)))⁻¹) * (t_seq (x_1 - 1))⁻¹ -
                        x ^ (-1 * (I.R * log (t_seq x_1))⁻¹) * (t_seq x_1)⁻¹) +
                x ^ (-1 * (I.R * log (t_seq (Fin.last K).castSucc))⁻¹) * (t_seq (Fin.last K).castSucc)⁻¹ *
                  riemannZeta.N' σ₂ T
      [cases] source: Initial goal
    [cases] [1/2]: if I.R = 0 then I.R⁻¹ = 0 else I.R * I.R⁻¹ = 1
      [cases] source: Initial goal
    [cases] [1/2]: if Hσ I.H₀ I.R σ₂ ≤ rexp (√(log x) * I.R⁻¹) then rexp (√(log x) * I.R⁻¹) else Hσ I.H₀ I.R σ₂
      [cases] source: E-matching max_def
    [cases] [1/2]: if log x ≤ 0 then 0 else log x
      [cases] source: E-matching max_def
  [ematch] E-matching patterns
    [thm] Set.mem_Ioc: [@Membership.mem #4 _ _ (@Set.Ioc _ #3 #2 #1) #0]
    [thm] Multiset.notMem_zero: [@Membership.mem #1 _ _ (@OfNat.ofNat _ `[0] _) #0]
    [thm] Multiset.mem_add: [@Membership.mem #3 _ _ (@HAdd.hAdd _ _ _ _ #1 #0) #2]
    [thm] Angle.coe_pi_add_coe_pi: [@HAdd.hAdd `[Angle] `[Angle] `[Angle] `[instHAdd] `[↑π] `[↑π]]
    [thm] max_def: [@max #3 _ #1 #0]
    [thm] Rat.max_def: [@max `[ℚ] `[Rat.instMax] #1 #0]
    [thm] Int.max_def: [@max `[ℤ] `[Int.instMax] #1 #0]
    [thm] Nat.max_def: [@max `[ℕ] `[Nat.instMax] #1 #0]
    [thm] sq_sqrt': [sqrt #0]
    [thm] sqrt_one: [sqrt `[1]]
    [thm] sqrt_zero: [sqrt `[0]]
  [cutsat] Assignment satisfying linear constraints
    [assign] K := 0
  [linarith] Linarith assignment for `ℝ`
    [assign] σ₂ := 1
    [assign] T := 15
    [assign] x := 14
    [assign] π := 3
    [assign] t_seq (Fin.last (K + 1)) := 15
    [assign] t_seq (Fin.last K).castSucc := 0
    [assign] t_seq 0 := 0
    [assign] I.H₀ := 12
    [assign] I.R := 0
    [assign] rexp (√(log x) * I.R⁻¹) := 0
    [assign] log x := -1
    [assign] log (t_seq (Fin.last K).castSucc) := 23
    [assign] log (t_seq 0) := 23
    [assign] √(log x) := 13
    [assign] riemannZeta.N' σ₂ T := 20
    [assign] Hσ I.H₀ I.R σ₂ := 0
    [assign] riemannZeta.Sigma T x σ₂ 1 := 1
    [assign] max (Hσ I.H₀ I.R σ₂) (rexp (√(log x) * I.R⁻¹)) := 0
    [assign] ∑ x_1 ∈ Finset.Ioo 0 (Fin.last (K + 1)),
          riemannZeta.N' σ₂ (t_seq x_1) *
            (x ^ (-1 * (I.R * log (t_seq (x_1 - 1)))⁻¹) * (t_seq (x_1 - 1))⁻¹ -
              x ^ (-1 * (I.R * log (t_seq x_1))⁻¹) * (t_seq x_1)⁻¹) := 26
    [assign] 「x ^ (-1 * (I.R * log (t_seq (Fin.last K).castSucc))⁻¹)」 := 21
    [assign] 「x ^ (-1 * (I.R * log (t_seq 0))⁻¹)」 := 21
    [assign] max (log x) 0 := 0
    [assign] 「√(log x) ^ 2」 := 0
  [ring] Ring `ℝ`
    [basis] Basis
      [_] √(log x) ^ 2 = 0
      [_] 8 * 8⁻¹ + -1 = 0
      [_] I.R⁻¹ = 0
      [_] I.R = 0
      [_] log (t_seq 0) + -1 * log (t_seq (Fin.last K).castSucc) = 0
      [_] (I.R * log (t_seq 0))⁻¹ = 0
      [_] x ^ (-1 * (I.R * log (t_seq 0))⁻¹) + -1 * x ^ (-1 * (I.R * log (t_seq (Fin.last K).castSucc))⁻¹) = 0
      [_] (t_seq 0)⁻¹ = 0
      [_] (I.R * log (t_seq (Fin.last K).castSucc))⁻¹ = 0
      [_] (t_seq (Fin.last K).castSucc)⁻¹ = 0
      [_] rexp (√(log x) * I.R⁻¹) = 0
  [assoc] Operator `max`
    [basis] Basis
      [_] 0 = rexp (√(log x) * I.R⁻¹)
      [_] max (rexp (√(log x) * I.R⁻¹)) (log x) = rexp (√(log x) * I.R⁻¹)
      [_] max (Hσ I.H₀ I.R σ₂) (rexp (√(log x) * I.R⁻¹)) = rexp (√(log x) * I.R⁻¹)
    [properties] Properties
      [_] commutative
      [_] idempotent
[grind] Diagnostics
  [thm] E-Matching instances
    [thm] max_def ↦ 2
    [thm] sq_sqrt' ↦ 1
    [thm] Set.mem_Ioc ↦ 1

[2026-01-13 01:31:52] [INFO] Attempt 1 failed verification, continuing...
[2026-01-13 01:31:52] [INFO] ========================================
[2026-01-13 01:31:52] [INFO] Trying strategy: ring (up to 1 attempts)
[2026-01-13 01:31:52] [INFO] --------------------
[2026-01-13 01:31:52] [INFO] Strategy ring, attempt 1/1
[2026-01-13 01:31:52] [INFO] Starting proof generation...
[2026-01-13 01:31:52] [INFO] Repository path: /root/repo
[2026-01-13 01:31:52] [INFO] Proof generation completed
[2026-01-13 01:31:52] [INFO] Generated proof:
[2026-01-13 01:31:52] [INFO] ring
[2026-01-13 01:31:52] [INFO] Proof length: 4 chars
[2026-01-13 01:31:52] [INFO] Starting proof verification...
[2026-01-13 01:31:52] [INFO] Verifying at: PrimeNumberTheoremAnd/FioriKadiriSwidinsky.lean:320
[2026-01-13 01:31:52] [INFO] Using LEAN INTERACT verify
[2026-01-13 01:31:52] [INFO] Checking file
[2026-01-13 01:32:01] [INFO] Cannot build modified file Try this:
  [apply] ring_nf
  
  The `ring` tactic failed to close the goal. Use `ring_nf` to obtain a normal form.
    
  Note that `ring` works primarily in *commutative* rings. If you have a noncommutative ring, abelian group or module, consider using `noncomm_ring`, `abel` or `module` instead.
<error line="320" column="317">
<code_line>  riemannZeta.Sigma T x σ₂ 1 ≤ 2 * (∑ k ∈ Finset.Ioo 0 (Fin.last (K+1)), riemannZeta.N' σ₂ (t_seq k) * (x^(-1 / (I.R * log (t_seq (k - 1)))) / (t_seq (k - 1)) - x^(-1 / (I.R * log (t_seq k))) / (t_seq k)) ) + x^(-1 / (I.R * log (t_seq (Fin.last K).castSucc))) / (t_seq (Fin.last K).castSucc) * riemannZeta.N' σ₂ T := by ring</code_line>
<message>error: unsolved goals</message>
</error>
I : Inputs
σ₂ T x : ℝ
K : ℕ
hσ₂ : σ₂ ∈ Set.Ioc (5 / 8) 1
t_seq : Fin (K + 2) → ℝ
ht0 : t_seq 0 = max (Hσ I.H₀ I.R σ₂) (rexp (√(log x) / I.R))
htK : t_seq (Fin.last (K + 1)) = T
ht_incr : StrictMono t_seq
⊢ riemannZeta.Sigma T x σ₂ 1 ≤ riemannZeta.N' σ₂ T * x ^ (-(I.R⁻¹ * (log (t_seq 0))⁻¹)) * (t_seq 0)⁻¹ * 2 ∧
    riemannZeta.Sigma T x σ₂ 1 ≤
      riemannZeta.N' σ₂ T * x ^ (-(I.R⁻¹ * (log (t_seq (Fin.last K).castSucc))⁻¹)) * (t_seq (Fin.last K).castSucc)⁻¹ +
        (∑ x_1 ∈ Finset.Ioo 0 (Fin.last (K + 1)),
            (riemannZeta.N' σ₂ (t_seq x_1) * x ^ (-(I.R⁻¹ * (log (t_seq (x_1 - 1)))⁻¹)) * (t_seq (x_1 - 1))⁻¹ -
              riemannZeta.N' σ₂ (t_seq x_1) * x ^ (-(I.R⁻¹ * (log (t_seq x_1))⁻¹)) * (t_seq x_1)⁻¹)) *
          2
[2026-01-13 01:32:01] [INFO] Proof verification completed
[2026-01-13 01:32:01] [INFO] Strategy ring attempt 1: verified=False
[2026-01-13 01:32:01] [INFO] Verification message: Cannot build modified file: Try this:
  [apply] ring_nf
  
  The `ring` tactic failed to close the goal. Use `ring_nf` to obtain a normal form.
    
  Note that `ring` works primarily in *commutative* rings. If you have a noncommutative ring, abelian group or module, consider using `noncomm_ring`, `abel` or `module` instead.
<error line="320" column="317">
<code_line>  riemannZeta.Sigma T x σ₂ 1 ≤ 2 * (∑ k ∈ Finset.Ioo 0 (Fin.last (K+1)), riemannZeta.N' σ₂ (t_seq k) * (x^(-1 / (I.R * log (t_seq (k - 1)))) / (t_seq (k - 1)) - x^(-1 / (I.R * log (t_seq k))) / (t_seq k)) ) + x^(-1 / (I.R * log (t_seq (Fin.last K).castSucc))) / (t_seq (Fin.last K).castSucc) * riemannZeta.N' σ₂ T := by ring</code_line>
<message>error: unsolved goals</message>
</error>
I : Inputs
σ₂ T x : ℝ
K : ℕ
hσ₂ : σ₂ ∈ Set.Ioc (5 / 8) 1
t_seq : Fin (K + 2) → ℝ
ht0 : t_seq 0 = max (Hσ I.H₀ I.R σ₂) (rexp (√(log x) / I.R))
htK : t_seq (Fin.last (K + 1)) = T
ht_incr : StrictMono t_seq
⊢ riemannZeta.Sigma T x σ₂ 1 ≤ riemannZeta.N' σ₂ T * x ^ (-(I.R⁻¹ * (log (t_seq 0))⁻¹)) * (t_seq 0)⁻¹ * 2 ∧
    riemannZeta.Sigma T x σ₂ 1 ≤
      riemannZeta.N' σ₂ T * x ^ (-(I.R⁻¹ * (log (t_seq (Fin.last K).castSucc))⁻¹)) * (t_seq (Fin.last K).castSucc)⁻¹ +
        (∑ x_1 ∈ Finset.Ioo 0 (Fin.last (K + 1)),
            (riemannZeta.N' σ₂ (t_seq x_1) * x ^ (-(I.R⁻¹ * (log (t_seq (x_1 - 1)))⁻¹)) * (t_seq (x_1 - 1))⁻¹ -
              riemannZeta.N' σ₂ (t_seq x_1) * x ^ (-(I.R⁻¹ * (log (t_seq x_1))⁻¹)) * (t_seq x_1)⁻¹)) *
          2

[2026-01-13 01:32:01] [INFO] Attempt 1 failed verification, continuing...
[2026-01-13 01:32:01] [INFO] ========================================
[2026-01-13 01:32:01] [INFO] Trying strategy: norm_num (up to 1 attempts)
[2026-01-13 01:32:01] [INFO] --------------------
[2026-01-13 01:32:01] [INFO] Strategy norm_num, attempt 1/1
[2026-01-13 01:32:01] [INFO] Starting proof generation...
[2026-01-13 01:32:01] [INFO] Repository path: /root/repo
[2026-01-13 01:32:01] [INFO] Proof generation completed
[2026-01-13 01:32:01] [INFO] Generated proof:
[2026-01-13 01:32:01] [INFO] norm_num
[2026-01-13 01:32:01] [INFO] Proof length: 8 chars
[2026-01-13 01:32:01] [INFO] Starting proof verification...
[2026-01-13 01:32:01] [INFO] Verifying at: PrimeNumberTheoremAnd/FioriKadiriSwidinsky.lean:320
[2026-01-13 01:32:01] [INFO] Using LEAN INTERACT verify
[2026-01-13 01:32:01] [INFO] Checking file
[2026-01-13 01:32:10] [INFO] Cannot build modified file <error line="320" column="317">
<code_line>  riemannZeta.Sigma T x σ₂ 1 ≤ 2 * (∑ k ∈ Finset.Ioo 0 (Fin.last (K+1)), riemannZeta.N' σ₂ (t_seq k) * (x^(-1 / (I.R * log (t_seq (k - 1)))) / (t_seq (k - 1)) - x^(-1 / (I.R * log (t_seq k))) / (t_seq k)) ) + x^(-1 / (I.R * log (t_seq (Fin.last K).castSucc))) / (t_seq (Fin.last K).castSucc) * riemannZeta.N' σ₂ T := by norm_num</code_line>
<message>error: unsolved goals</message>
</error>
I : Inputs
σ₂ T x : ℝ
K : ℕ
hσ₂ : σ₂ ∈ Set.Ioc (5 / 8) 1
t_seq : Fin (K + 2) → ℝ
ht0 : t_seq 0 = max (Hσ I.H₀ I.R σ₂) (rexp (√(log x) / I.R))
htK : t_seq (Fin.last (K + 1)) = T
ht_incr : StrictMono t_seq
⊢ riemannZeta.Sigma T x σ₂ 1 ≤ 2 * riemannZeta.N' σ₂ T * x ^ (-1 / (I.R * log (t_seq 0))) / t_seq 0 ∧
    riemannZeta.Sigma T x σ₂ 1 ≤
      2 *
          ∑ k ∈ Finset.Ioo 0 (Fin.last (K + 1)),
            riemannZeta.N' σ₂ (t_seq k) *
              (x ^ (-1 / (I.R * log (t_seq (k - 1)))) / t_seq (k - 1) - x ^ (-1 / (I.R * log (t_seq k))) / t_seq k) +
        x ^ (-1 / (I.R * log (t_seq (Fin.last K).castSucc))) / t_seq (Fin.last K).castSucc * riemannZeta.N' σ₂ T
[2026-01-13 01:32:10] [INFO] Proof verification completed
[2026-01-13 01:32:10] [INFO] Strategy norm_num attempt 1: verified=False
[2026-01-13 01:32:10] [INFO] Verification message: Cannot build modified file: <error line="320" column="317">
<code_line>  riemannZeta.Sigma T x σ₂ 1 ≤ 2 * (∑ k ∈ Finset.Ioo 0 (Fin.last (K+1)), riemannZeta.N' σ₂ (t_seq k) * (x^(-1 / (I.R * log (t_seq (k - 1)))) / (t_seq (k - 1)) - x^(-1 / (I.R * log (t_seq k))) / (t_seq k)) ) + x^(-1 / (I.R * log (t_seq (Fin.last K).castSucc))) / (t_seq (Fin.last K).castSucc) * riemannZeta.N' σ₂ T := by norm_num</code_line>
<message>error: unsolved goals</message>
</error>
I : Inputs
σ₂ T x : ℝ
K : ℕ
hσ₂ : σ₂ ∈ Set.Ioc (5 / 8) 1
t_seq : Fin (K + 2) → ℝ
ht0 : t_seq 0 = max (Hσ I.H₀ I.R σ₂) (rexp (√(log x) / I.R))
htK : t_seq (Fin.last (K + 1)) = T
ht_incr : StrictMono t_seq
⊢ riemannZeta.Sigma T x σ₂ 1 ≤ 2 * riemannZeta.N' σ₂ T * x ^ (-1 / (I.R * log (t_seq 0))) / t_seq 0 ∧
    riemannZeta.Sigma T x σ₂ 1 ≤
      2 *
          ∑ k ∈ Finset.Ioo 0 (Fin.last (K + 1)),
            riemannZeta.N' σ₂ (t_seq k) *
              (x ^ (-1 / (I.R * log (t_seq (k - 1)))) / t_seq (k - 1) - x ^ (-1 / (I.R * log (t_seq k))) / t_seq k) +
        x ^ (-1 / (I.R * log (t_seq (Fin.last K).castSucc))) / t_seq (Fin.last K).castSucc * riemannZeta.N' σ₂ T

[2026-01-13 01:32:10] [INFO] Attempt 1 failed verification, continuing...
[2026-01-13 01:32:10] [INFO] ========================================
[2026-01-13 01:32:10] [INFO] Trying strategy: omega (up to 1 attempts)
[2026-01-13 01:32:10] [INFO] --------------------
[2026-01-13 01:32:10] [INFO] Strategy omega, attempt 1/1
[2026-01-13 01:32:10] [INFO] Starting proof generation...
[2026-01-13 01:32:10] [INFO] Repository path: /root/repo
[2026-01-13 01:32:10] [INFO] Proof generation completed
[2026-01-13 01:32:10] [INFO] Generated proof:
[2026-01-13 01:32:10] [INFO] omega
[2026-01-13 01:32:10] [INFO] Proof length: 5 chars
[2026-01-13 01:32:10] [INFO] Starting proof verification...
[2026-01-13 01:32:10] [INFO] Verifying at: PrimeNumberTheoremAnd/FioriKadiriSwidinsky.lean:320
[2026-01-13 01:32:10] [INFO] Using LEAN INTERACT verify
[2026-01-13 01:32:10] [INFO] Checking file
[2026-01-13 01:32:19] [INFO] Cannot build modified file <error line="320" column="320">
<code_line>  riemannZeta.Sigma T x σ₂ 1 ≤ 2 * (∑ k ∈ Finset.Ioo 0 (Fin.last (K+1)), riemannZeta.N' σ₂ (t_seq k) * (x^(-1 / (I.R * log (t_seq (k - 1)))) / (t_seq (k - 1)) - x^(-1 / (I.R * log (t_seq k))) / (t_seq k)) ) + x^(-1 / (I.R * log (t_seq (Fin.last K).castSucc))) / (t_seq (Fin.last K).castSucc) * riemannZeta.N' σ₂ T := by omega</code_line>
<message>error: omega could not prove the goal:</message>
</error>
No usable constraints found. You may need to unfold definitions so `omega` can see linear arithmetic facts about `Nat` and `Int`, which may also involve multiplication, division, and modular remainder by constants.
[2026-01-13 01:32:19] [INFO] Proof verification completed
[2026-01-13 01:32:19] [INFO] Strategy omega attempt 1: verified=False
[2026-01-13 01:32:19] [INFO] Verification message: Cannot build modified file: <error line="320" column="320">
<code_line>  riemannZeta.Sigma T x σ₂ 1 ≤ 2 * (∑ k ∈ Finset.Ioo 0 (Fin.last (K+1)), riemannZeta.N' σ₂ (t_seq k) * (x^(-1 / (I.R * log (t_seq (k - 1)))) / (t_seq (k - 1)) - x^(-1 / (I.R * log (t_seq k))) / (t_seq k)) ) + x^(-1 / (I.R * log (t_seq (Fin.last K).castSucc))) / (t_seq (Fin.last K).castSucc) * riemannZeta.N' σ₂ T := by omega</code_line>
<message>error: omega could not prove the goal:</message>
</error>
No usable constraints found. You may need to unfold definitions so `omega` can see linear arithmetic facts about `Nat` and `Int`, which may also involve multiplication, division, and modular remainder by constants.

[2026-01-13 01:32:19] [INFO] Attempt 1 failed verification, continuing...
[2026-01-13 01:32:19] [INFO] ========================================
[2026-01-13 01:32:19] [INFO] Trying strategy: linarith (up to 1 attempts)
[2026-01-13 01:32:19] [INFO] --------------------
[2026-01-13 01:32:19] [INFO] Strategy linarith, attempt 1/1
[2026-01-13 01:32:19] [INFO] Starting proof generation...
[2026-01-13 01:32:19] [INFO] Repository path: /root/repo
[2026-01-13 01:32:19] [INFO] Proof generation completed
[2026-01-13 01:32:19] [INFO] Generated proof:
[2026-01-13 01:32:19] [INFO] linarith
[2026-01-13 01:32:19] [INFO] Proof length: 8 chars
[2026-01-13 01:32:19] [INFO] Starting proof verification...
[2026-01-13 01:32:19] [INFO] Verifying at: PrimeNumberTheoremAnd/FioriKadiriSwidinsky.lean:320
[2026-01-13 01:32:19] [INFO] Using LEAN INTERACT verify
[2026-01-13 01:32:19] [INFO] Checking file
[2026-01-13 01:32:27] [INFO] Cannot build modified file <error line="320" column="320">
<code_line>  riemannZeta.Sigma T x σ₂ 1 ≤ 2 * (∑ k ∈ Finset.Ioo 0 (Fin.last (K+1)), riemannZeta.N' σ₂ (t_seq k) * (x^(-1 / (I.R * log (t_seq (k - 1)))) / (t_seq (k - 1)) - x^(-1 / (I.R * log (t_seq k))) / (t_seq k)) ) + x^(-1 / (I.R * log (t_seq (Fin.last K).castSucc))) / (t_seq (Fin.last K).castSucc) * riemannZeta.N' σ₂ T := by linarith</code_line>
<message>error: linarith failed to find a contradiction</message>
</error>
I : Inputs
σ₂ T x : ℝ
K : ℕ
hσ₂ : σ₂ ∈ Set.Ioc (5 / 8) 1
t_seq : Fin (K + 2) → ℝ
ht0 : t_seq 0 = max (Hσ I.H₀ I.R σ₂) (rexp (√(log x) / I.R))
htK : t_seq (Fin.last (K + 1)) = T
ht_incr : StrictMono t_seq
⊢ False
failed
[2026-01-13 01:32:27] [INFO] Proof verification completed
[2026-01-13 01:32:27] [INFO] Strategy linarith attempt 1: verified=False
[2026-01-13 01:32:27] [INFO] Verification message: Cannot build modified file: <error line="320" column="320">
<code_line>  riemannZeta.Sigma T x σ₂ 1 ≤ 2 * (∑ k ∈ Finset.Ioo 0 (Fin.last (K+1)), riemannZeta.N' σ₂ (t_seq k) * (x^(-1 / (I.R * log (t_seq (k - 1)))) / (t_seq (k - 1)) - x^(-1 / (I.R * log (t_seq k))) / (t_seq k)) ) + x^(-1 / (I.R * log (t_seq (Fin.last K).castSucc))) / (t_seq (Fin.last K).castSucc) * riemannZeta.N' σ₂ T := by linarith</code_line>
<message>error: linarith failed to find a contradiction</message>
</error>
I : Inputs
σ₂ T x : ℝ
K : ℕ
hσ₂ : σ₂ ∈ Set.Ioc (5 / 8) 1
t_seq : Fin (K + 2) → ℝ
ht0 : t_seq 0 = max (Hσ I.H₀ I.R σ₂) (rexp (√(log x) / I.R))
htK : t_seq (Fin.last (K + 1)) = T
ht_incr : StrictMono t_seq
⊢ False
failed

[2026-01-13 01:32:27] [INFO] Attempt 1 failed verification, continuing...
[2026-01-13 01:32:27] [INFO] ========================================
[2026-01-13 01:32:27] [INFO] Trying strategy: nlinarith (up to 1 attempts)
[2026-01-13 01:32:27] [INFO] --------------------
[2026-01-13 01:32:27] [INFO] Strategy nlinarith, attempt 1/1
[2026-01-13 01:32:27] [INFO] Starting proof generation...
[2026-01-13 01:32:27] [INFO] Repository path: /root/repo
[2026-01-13 01:32:27] [INFO] Proof generation completed
[2026-01-13 01:32:27] [INFO] Generated proof:
[2026-01-13 01:32:27] [INFO] nlinarith
[2026-01-13 01:32:27] [INFO] Proof length: 9 chars
[2026-01-13 01:32:27] [INFO] Starting proof verification...
[2026-01-13 01:32:27] [INFO] Verifying at: PrimeNumberTheoremAnd/FioriKadiriSwidinsky.lean:320
[2026-01-13 01:32:27] [INFO] Using LEAN INTERACT verify
[2026-01-13 01:32:27] [INFO] Checking file
[2026-01-13 01:32:36] [INFO] Cannot build modified file <error line="320" column="320">
<code_line>  riemannZeta.Sigma T x σ₂ 1 ≤ 2 * (∑ k ∈ Finset.Ioo 0 (Fin.last (K+1)), riemannZeta.N' σ₂ (t_seq k) * (x^(-1 / (I.R * log (t_seq (k - 1)))) / (t_seq (k - 1)) - x^(-1 / (I.R * log (t_seq k))) / (t_seq k)) ) + x^(-1 / (I.R * log (t_seq (Fin.last K).castSucc))) / (t_seq (Fin.last K).castSucc) * riemannZeta.N' σ₂ T := by nlinarith</code_line>
<message>error: linarith failed to find a contradiction</message>
</error>
I : Inputs
σ₂ T x : ℝ
K : ℕ
hσ₂ : σ₂ ∈ Set.Ioc (5 / 8) 1
t_seq : Fin (K + 2) → ℝ
ht0 : t_seq 0 = max (Hσ I.H₀ I.R σ₂) (rexp (√(log x) / I.R))
htK : t_seq (Fin.last (K + 1)) = T
ht_incr : StrictMono t_seq
⊢ False
failed
[2026-01-13 01:32:36] [INFO] Proof verification completed
[2026-01-13 01:32:36] [INFO] Strategy nlinarith attempt 1: verified=False
[2026-01-13 01:32:36] [INFO] Verification message: Cannot build modified file: <error line="320" column="320">
<code_line>  riemannZeta.Sigma T x σ₂ 1 ≤ 2 * (∑ k ∈ Finset.Ioo 0 (Fin.last (K+1)), riemannZeta.N' σ₂ (t_seq k) * (x^(-1 / (I.R * log (t_seq (k - 1)))) / (t_seq (k - 1)) - x^(-1 / (I.R * log (t_seq k))) / (t_seq k)) ) + x^(-1 / (I.R * log (t_seq (Fin.last K).castSucc))) / (t_seq (Fin.last K).castSucc) * riemannZeta.N' σ₂ T := by nlinarith</code_line>
<message>error: linarith failed to find a contradiction</message>
</error>
I : Inputs
σ₂ T x : ℝ
K : ℕ
hσ₂ : σ₂ ∈ Set.Ioc (5 / 8) 1
t_seq : Fin (K + 2) → ℝ
ht0 : t_seq 0 = max (Hσ I.H₀ I.R σ₂) (rexp (√(log x) / I.R))
htK : t_seq (Fin.last (K + 1)) = T
ht_incr : StrictMono t_seq
⊢ False
failed

[2026-01-13 01:32:36] [INFO] Attempt 1 failed verification, continuing...
[2026-01-13 01:32:36] [INFO] ========================================
[2026-01-13 01:32:36] [INFO] Trying strategy: aesop (up to 1 attempts)
[2026-01-13 01:32:36] [INFO] --------------------
[2026-01-13 01:32:36] [INFO] Strategy aesop, attempt 1/1
[2026-01-13 01:32:36] [INFO] Starting proof generation...
[2026-01-13 01:32:36] [INFO] Repository path: /root/repo
[2026-01-13 01:32:36] [INFO] Proof generation completed
[2026-01-13 01:32:36] [INFO] Generated proof:
[2026-01-13 01:32:36] [INFO] aesop
[2026-01-13 01:32:36] [INFO] Proof length: 5 chars
[2026-01-13 01:32:36] [INFO] Starting proof verification...
[2026-01-13 01:32:36] [INFO] Verifying at: PrimeNumberTheoremAnd/FioriKadiriSwidinsky.lean:320
[2026-01-13 01:32:36] [INFO] Using LEAN INTERACT verify
[2026-01-13 01:32:36] [INFO] Checking file
[2026-01-13 01:32:47] [INFO] Cannot build modified file <error line="320" column="317">
<code_line>  riemannZeta.Sigma T x σ₂ 1 ≤ 2 * (∑ k ∈ Finset.Ioo 0 (Fin.last (K+1)), riemannZeta.N' σ₂ (t_seq k) * (x^(-1 / (I.R * log (t_seq (k - 1)))) / (t_seq (k - 1)) - x^(-1 / (I.R * log (t_seq k))) / (t_seq k)) ) + x^(-1 / (I.R * log (t_seq (Fin.last K).castSucc))) / (t_seq (Fin.last K).castSucc) * riemannZeta.N' σ₂ T := by aesop</code_line>
<message>error: unsolved goals</message>
</error>
case left
I : Inputs
σ₂ x : ℝ
K : ℕ
t_seq : Fin (K + 2) → ℝ
ht0 : t_seq 0 = max (Hσ I.H₀ I.R σ₂) (rexp (√(log x) / I.R))
ht_incr : StrictMono t_seq
left : 5 / 8 < σ₂
right : σ₂ ≤ 1
⊢ riemannZeta.Sigma (t_seq (Fin.last (K + 1))) x σ₂ 1 ≤
    2 * riemannZeta.N' σ₂ (t_seq (Fin.last (K + 1))) *
        x ^ (-1 / (I.R * log (max (Hσ I.H₀ I.R σ₂) (rexp (√(log x) / I.R))))) /
      max (Hσ I.H₀ I.R σ₂) (rexp (√(log x) / I.R))

case right
I : Inputs
σ₂ x : ℝ
K : ℕ
t_seq : Fin (K + 2) → ℝ
ht0 : t_seq 0 = max (Hσ I.H₀ I.R σ₂) (rexp (√(log x) / I.R))
ht_incr : StrictMono t_seq
left : 5 / 8 < σ₂
right : σ₂ ≤ 1
⊢ riemannZeta.Sigma (t_seq (Fin.last (K + 1))) x σ₂ 1 ≤
    2 *
        ∑ k ∈ Finset.Ioo 0 (Fin.last (K + 1)),
          riemannZeta.N' σ₂ (t_seq k) *
            (x ^ (-1 / (I.R * log (t_seq (k - 1)))) / t_seq (k - 1) - x ^ (-1 / (I.R * log (t_seq k))) / t_seq k) +
      x ^ (-1 / (I.R * log (t_seq (Fin.last K).castSucc))) / t_seq (Fin.last K).castSucc *
        riemannZeta.N' σ₂ (t_seq (Fin.last (K + 1)))
[2026-01-13 01:32:47] [INFO] Proof verification completed
[2026-01-13 01:32:47] [INFO] Strategy aesop attempt 1: verified=False
[2026-01-13 01:32:47] [INFO] Verification message: Cannot build modified file: <error line="320" column="317">
<code_line>  riemannZeta.Sigma T x σ₂ 1 ≤ 2 * (∑ k ∈ Finset.Ioo 0 (Fin.last (K+1)), riemannZeta.N' σ₂ (t_seq k) * (x^(-1 / (I.R * log (t_seq (k - 1)))) / (t_seq (k - 1)) - x^(-1 / (I.R * log (t_seq k))) / (t_seq k)) ) + x^(-1 / (I.R * log (t_seq (Fin.last K).castSucc))) / (t_seq (Fin.last K).castSucc) * riemannZeta.N' σ₂ T := by aesop</code_line>
<message>error: unsolved goals</message>
</error>
case left
I : Inputs
σ₂ x : ℝ
K : ℕ
t_seq : Fin (K + 2) → ℝ
ht0 : t_seq 0 = max (Hσ I.H₀ I.R σ₂) (rexp (√(log x) / I.R))
ht_incr : StrictMono t_seq
left : 5 / 8 < σ₂
right : σ₂ ≤ 1
⊢ riemannZeta.Sigma (t_seq (Fin.last (K + 1))) x σ₂ 1 ≤
    2 * riemannZeta.N' σ₂ (t_seq (Fin.last (K + 1))) *
        x ^ (-1 / (I.R * log (max (Hσ I.H₀ I.R σ₂) (rexp (√(log x) / I.R))))) /
      max (Hσ I.H₀ I.R σ₂) (rexp (√(log x) / I.R))

case right
I : Inputs
σ₂ x : ℝ
K : ℕ
t_seq : Fin (K + 2) → ℝ
ht0 : t_seq 0 = max (Hσ I.H₀ I.R σ₂) (rexp (√(log x) / I.R))
ht_incr : StrictMono t_seq
left : 5 / 8 < σ₂
right : σ₂ ≤ 1
⊢ riemannZeta.Sigma (t_seq (Fin.last (K + 1))) x σ₂ 1 ≤
    2 *
        ∑ k ∈ Finset.Ioo 0 (Fin.last (K + 1)),
          riemannZeta.N' σ₂ (t_seq k) *
            (x ^ (-1 / (I.R * log (t_seq (k - 1)))) / t_seq (k - 1) - x ^ (-1 / (I.R * log (t_seq k))) / t_seq k) +
      x ^ (-1 / (I.R * log (t_seq (Fin.last K).castSucc))) / t_seq (Fin.last K).castSucc *
        riemannZeta.N' σ₂ (t_seq (Fin.last (K + 1)))

[2026-01-13 01:32:47] [INFO] Attempt 1 failed verification, continuing...
[2026-01-13 01:32:47] [INFO] ========================================
[2026-01-13 01:32:47] [INFO] Pass@k completed. Total results: 1
[2026-01-13 01:32:47] [INFO] FAILED: All 11 strategies x 1 attempts
[2026-01-13 01:32:47] [INFO] Writing results to file: /root/repo/result.json
[2026-01-13 01:32:47] [INFO] Result file written successfully
[2026-01-13 01:32:47] [INFO] Results exported to: /root/repo/result.json
[2026-01-13 01:32:47] [INFO] run_morphcloud_local.py completed successfully

[2026-01-13 01:32:49] [process_single_sorry] Downloading result file...
[2026-01-13 01:32:49] [process_single_sorry] Downloaded result to intermediate_experiment_outputs_full_reservoir_3_months/multi_tactic/2026-01-13_01-27-45_multi_tactic/individual/e7ab0ba61340728cf16a367b4a8a6b820bb6667f24c8736a2120716c5ebaaed3.json
[2026-01-13 01:32:52] [process_single_sorry] Instance context closed successfully
[2026-01-13 01:32:52] [process_single_sorry] Parsing result file...
[2026-01-13 01:32:52] [process_single_sorry] Successfully parsed result (list format, 1 results)
