[2026-01-13 03:31:10] [process_single_sorry] Starting for sorry f1f4edac7457a9b76d727986b05d4b6345da68a40ba0e724c68480c90a95f66a
[2026-01-13 03:31:10] [process_single_sorry] Using snapshot: snapshot_62m7z7mk
[2026-01-13 03:31:10] [process_single_sorry] Repository: https://github.com/djvelleman/HTPILeanPackage@12ca2d2d0f0d12e6c2a158cf01268df350a7c884
[2026-01-13 03:31:10] [process_single_sorry] Instance name: HTPILeanPackage_12ca2d2d0f0d_multi_tactic_f1f4edac7457a9b76d727986b05d4b6345da68a40ba0e724c68480c90a95f66a
[2026-01-13 03:31:10] [process_single_sorry] Starting attempt 1/3
[2026-01-13 03:31:10] [process_single_sorry] Starting instance from snapshot...
[2026-01-13 03:31:11] [process_single_sorry] Instance started successfully: morphvm_ikf3fh3z
[2026-01-13 03:31:11] [process_single_sorry] Creating .env file...
[2026-01-13 03:31:15] [process_single_sorry] .env file created (exit_code: 0)
[2026-01-13 03:31:15] [process_single_sorry] Executing agent command...
[2026-01-13 03:33:00] [process_single_sorry] Agent command completed (exit_code: 0)
[2026-01-13 03:33:00] [process_single_sorry] STDOUT:

Results JSON:
[
  {
    "sorry": {
      "repo": {
        "remote": "https://github.com/djvelleman/HTPILeanPackage",
        "branch": "master",
        "commit": "12ca2d2d0f0d12e6c2a158cf01268df350a7c884",
        "lean_version": "v4.26.0"
      },
      "location": {
        "path": "Chap8Ex.lean",
        "start_line": 30,
        "start_column": 45,
        "end_line": 30,
        "end_column": 50
      },
      "debug_info": {
        "goal": "U V : Type\nh1 : U ∼ V\nh2 : ctble U\n⊢ ctble V",
        "url": "https://github.com/djvelleman/HTPILeanPackage/blob/12ca2d2d0f0d12e6c2a158cf01268df350a7c884/Chap8Ex.lean#L30"
      },
      "metadata": {
        "blame_email_hash": "915d100f01e6",
        "blame_date": "2025-05-12T09:44:57-04:00",
        "inclusion_date": "2026-01-09T22:11:53.147284+00:00"
      },
      "id": "f1f4edac7457a9b76d727986b05d4b6345da68a40ba0e724c68480c90a95f66a"
    },
    "proof": null,
    "proof_verified": false,
    "feedback": null,
    "verification_message": "All 11 attempts failed (11 strategies x 1 attempts each)",
    "success": true,
    "error_type": null,
    "error_message": null,
    "strategy_name": "all_failed_k=1",
    "proof_attempts": [
      "rfl",
      "simp",
      "simp_all",
      "exact?",
      "grind",
      "ring",
      "norm_num",
      "omega",
      "linarith",
      "nlinarith",
      "aesop"
    ]
  }
]

[2026-01-13 03:33:00] [process_single_sorry] STDERR:
None of PyTorch, TensorFlow >= 2.0, or Flax have been found. Models won't be available and only tokenizers, configuration and file/data utilities can be used.
[2026-01-13 03:31:30] [INFO] ================================================================================
[2026-01-13 03:31:30] [INFO] Starting run_morphcloud_local.py
[2026-01-13 03:31:30] [INFO] ================================================================================
[2026-01-13 03:31:30] [INFO] Environment loaded
[2026-01-13 03:31:30] [INFO] Full command: /root/SorryDB/sorrydb/cli/run_morphcloud_local.py --repo-path /root/repo --sorry-json {"repo": {"remote": "https://github.com/djvelleman/HTPILeanPackage", "branch": "master", "commit": "12ca2d2d0f0d12e6c2a158cf01268df350a7c884", "lean_version": "v4.26.0"}, "location": {"path": "Chap8Ex.lean", "start_line": 30, "start_column": 45, "end_line": 30, "end_column": 50}, "debug_info": {"goal": "U V : Type\nh1 : U \u223c V\nh2 : ctble U\n\u22a2 ctble V", "url": "https://github.com/djvelleman/HTPILeanPackage/blob/12ca2d2d0f0d12e6c2a158cf01268df350a7c884/Chap8Ex.lean#L30"}, "metadata": {"blame_email_hash": "915d100f01e6", "blame_date": "2025-05-12T09:44:57-04:00", "inclusion_date": "2026-01-09T22:11:53.147284+00:00"}, "id": "f1f4edac7457a9b76d727986b05d4b6345da68a40ba0e724c68480c90a95f66a"} --agent-strategy {"name": "multi_tactic", "args": {}}
[2026-01-13 03:31:30] [INFO] Arguments parsed: repo_path=/root/repo, output_path=/root/repo/result.json
[2026-01-13 03:31:30] [INFO] Strategy spec: {"name": "multi_tactic", "args": {}}...
[2026-01-13 03:31:30] [INFO] Loading sorry data...
[2026-01-13 03:31:30] [INFO] Parsing sorry from JSON string...
[2026-01-13 03:31:30] [INFO] Sorry data parsed from JSON string
[2026-01-13 03:31:30] [INFO] Creating strategy from spec...
[2026-01-13 03:31:30] [INFO] Parsing strategy spec (length: 36 chars)
[2026-01-13 03:31:30] [INFO] Strategy name: multi_tactic
[2026-01-13 03:31:30] [INFO] Strategy args: {}
[2026-01-13 03:31:30] [INFO] Pass@k value: 1
[2026-01-13 03:31:30] [INFO] Creating strategy: multi_tactic
[2026-01-13 03:31:30] [INFO] Creating multi_tactic strategy with tactics: ['rfl', 'simp', 'simp_all', 'exact?', 'grind', 'ring', 'norm_num', 'omega', 'linarith', 'nlinarith', 'aesop']
[2026-01-13 03:31:30] [INFO] Strategies created: ['rfl', 'simp', 'simp_all', 'exact?', 'grind', 'ring', 'norm_num', 'omega', 'linarith', 'nlinarith', 'aesop']
[2026-01-13 03:31:30] [INFO] Pass@k value: 1
[2026-01-13 03:31:30] [INFO] Creating Sorry object...
[2026-01-13 03:31:30] [INFO] Sorry object created: id=f1f4edac7457a9b76d727986b05d4b6345da68a40ba0e724c68480c90a95f66a
[2026-01-13 03:31:30] [INFO] Sorry location: Chap8Ex.lean:30
[2026-01-13 03:31:30] [INFO] Context before sorry (lines 25-30):
[2026-01-13 03:31:30] [INFO]   25:     onto f ↔ range f = Univ V := sorry
[2026-01-13 03:31:30] [INFO]   26: 
[2026-01-13 03:31:30] [INFO]   27: -- 7.
[2026-01-13 03:31:30] [INFO]   28: -- Don't use ctble_iff_set_nat_equinum to prove this lemma
[2026-01-13 03:31:30] [INFO]   29: lemma ctble_of_ctble_equinum {U V : Type}
[2026-01-13 03:31:30] [INFO]   30:     (h1 : U ∼ V) (h2 : ctble U) : ctble V := sorry
[2026-01-13 03:31:30] [INFO] Sorry line:     (h1 : U ∼ V) (h2 : ctble U) : ctble V := sorry
[2026-01-13 03:31:30] [INFO] Sorry goal: U V : Type
h1 : U ∼ V
h2 : ctble U
⊢ ctble V...
[2026-01-13 03:31:30] [INFO] ========================================
[2026-01-13 03:31:30] [INFO] Trying strategy: rfl (up to 1 attempts)
[2026-01-13 03:31:30] [INFO] --------------------
[2026-01-13 03:31:30] [INFO] Strategy rfl, attempt 1/1
[2026-01-13 03:31:30] [INFO] Starting proof generation...
[2026-01-13 03:31:30] [INFO] Repository path: /root/repo
[2026-01-13 03:31:30] [INFO] Proof generation completed
[2026-01-13 03:31:30] [INFO] Generated proof:
[2026-01-13 03:31:30] [INFO] rfl
[2026-01-13 03:31:30] [INFO] Proof length: 3 chars
[2026-01-13 03:31:30] [INFO] Starting proof verification...
[2026-01-13 03:31:30] [INFO] Verifying at: Chap8Ex.lean:30
[2026-01-13 03:31:30] [INFO] Using LEAN INTERACT verify
[2026-01-13 03:31:30] [INFO] Checking file
[2026-01-13 03:32:02] [INFO] Cannot build modified file <error line="29" column="0">
<code_line>lemma ctble_of_ctble_equinum {U V : Type}</code_line>
<message>error: Not a definitional equality: the conclusion should be an equality, but is `finite V ∨ denum V` </message>
</error>
<error line="30" column="45">
<code_line>    (h1 : U ∼ V) (h2 : ctble U) : ctble V := rfl</code_line>
<message>error: Type mismatch</message>
</error>
  rfl
has type
  ?m.2 = ?m.2
but is expected to have type
  ctble V

Note: This linter can be disabled with `set_option linter.unusedTactic false`
[2026-01-13 03:32:02] [INFO] Proof verification completed
[2026-01-13 03:32:02] [INFO] Strategy rfl attempt 1: verified=False
[2026-01-13 03:32:02] [INFO] Verification message: Cannot build modified file: <error line="29" column="0">
<code_line>lemma ctble_of_ctble_equinum {U V : Type}</code_line>
<message>error: Not a definitional equality: the conclusion should be an equality, but is `finite V ∨ denum V` </message>
</error>
<error line="30" column="45">
<code_line>    (h1 : U ∼ V) (h2 : ctble U) : ctble V := rfl</code_line>
<message>error: Type mismatch</message>
</error>
  rfl
has type
  ?m.2 = ?m.2
but is expected to have type
  ctble V

Note: This linter can be disabled with `set_option linter.unusedTactic false`

[2026-01-13 03:32:02] [INFO] Attempt 1 failed verification, continuing...
[2026-01-13 03:32:02] [INFO] ========================================
[2026-01-13 03:32:02] [INFO] Trying strategy: simp (up to 1 attempts)
[2026-01-13 03:32:02] [INFO] --------------------
[2026-01-13 03:32:02] [INFO] Strategy simp, attempt 1/1
[2026-01-13 03:32:02] [INFO] Starting proof generation...
[2026-01-13 03:32:02] [INFO] Repository path: /root/repo
[2026-01-13 03:32:02] [INFO] Proof generation completed
[2026-01-13 03:32:02] [INFO] Generated proof:
[2026-01-13 03:32:02] [INFO] simp
[2026-01-13 03:32:02] [INFO] Proof length: 4 chars
[2026-01-13 03:32:02] [INFO] Starting proof verification...
[2026-01-13 03:32:02] [INFO] Verifying at: Chap8Ex.lean:30
[2026-01-13 03:32:02] [INFO] Using LEAN INTERACT verify
[2026-01-13 03:32:02] [INFO] Checking file
[2026-01-13 03:32:09] [INFO] Cannot build modified file tmp9tf5lyqv.lean:30:45: error(lean.unknownIdentifier): Unknown identifier `simp`

Note: This linter can be disabled with `set_option linter.unusedTactic false`
[2026-01-13 03:32:09] [INFO] Proof verification completed
[2026-01-13 03:32:09] [INFO] Strategy simp attempt 1: verified=False
[2026-01-13 03:32:09] [INFO] Verification message: Cannot build modified file: tmp9tf5lyqv.lean:30:45: error(lean.unknownIdentifier): Unknown identifier `simp`

Note: This linter can be disabled with `set_option linter.unusedTactic false`

[2026-01-13 03:32:09] [INFO] Attempt 1 failed verification, continuing...
[2026-01-13 03:32:09] [INFO] ========================================
[2026-01-13 03:32:09] [INFO] Trying strategy: simp_all (up to 1 attempts)
[2026-01-13 03:32:09] [INFO] --------------------
[2026-01-13 03:32:09] [INFO] Strategy simp_all, attempt 1/1
[2026-01-13 03:32:09] [INFO] Starting proof generation...
[2026-01-13 03:32:09] [INFO] Repository path: /root/repo
[2026-01-13 03:32:09] [INFO] Proof generation completed
[2026-01-13 03:32:09] [INFO] Generated proof:
[2026-01-13 03:32:09] [INFO] simp_all
[2026-01-13 03:32:09] [INFO] Proof length: 8 chars
[2026-01-13 03:32:09] [INFO] Starting proof verification...
[2026-01-13 03:32:09] [INFO] Verifying at: Chap8Ex.lean:30
[2026-01-13 03:32:09] [INFO] Using LEAN INTERACT verify
[2026-01-13 03:32:09] [INFO] Checking file
[2026-01-13 03:32:14] [INFO] Cannot build modified file tmpyyg70xo0.lean:30:45: error(lean.unknownIdentifier): Unknown identifier `simp_all`

Note: This linter can be disabled with `set_option linter.unusedTactic false`
[2026-01-13 03:32:14] [INFO] Proof verification completed
[2026-01-13 03:32:14] [INFO] Strategy simp_all attempt 1: verified=False
[2026-01-13 03:32:14] [INFO] Verification message: Cannot build modified file: tmpyyg70xo0.lean:30:45: error(lean.unknownIdentifier): Unknown identifier `simp_all`

Note: This linter can be disabled with `set_option linter.unusedTactic false`

[2026-01-13 03:32:14] [INFO] Attempt 1 failed verification, continuing...
[2026-01-13 03:32:14] [INFO] ========================================
[2026-01-13 03:32:14] [INFO] Trying strategy: exact? (up to 1 attempts)
[2026-01-13 03:32:14] [INFO] --------------------
[2026-01-13 03:32:14] [INFO] Strategy exact?, attempt 1/1
[2026-01-13 03:32:14] [INFO] Starting proof generation...
[2026-01-13 03:32:14] [INFO] Repository path: /root/repo
[2026-01-13 03:32:14] [INFO] Proof generation completed
[2026-01-13 03:32:14] [INFO] Generated proof:
[2026-01-13 03:32:14] [INFO] exact?
[2026-01-13 03:32:14] [INFO] Proof length: 6 chars
[2026-01-13 03:32:14] [INFO] Starting proof verification...
[2026-01-13 03:32:14] [INFO] Verifying at: Chap8Ex.lean:30
[2026-01-13 03:32:14] [INFO] Using LEAN INTERACT verify
[2026-01-13 03:32:14] [INFO] Checking file
[2026-01-13 03:32:19] [INFO] Cannot build modified file tmp471h_1f7.lean:30:45: error(lean.unknownIdentifier): Unknown identifier `exact?`

Note: This linter can be disabled with `set_option linter.unusedTactic false`
[2026-01-13 03:32:19] [INFO] Proof verification completed
[2026-01-13 03:32:19] [INFO] Strategy exact? attempt 1: verified=False
[2026-01-13 03:32:19] [INFO] Verification message: Cannot build modified file: tmp471h_1f7.lean:30:45: error(lean.unknownIdentifier): Unknown identifier `exact?`

Note: This linter can be disabled with `set_option linter.unusedTactic false`

[2026-01-13 03:32:19] [INFO] Attempt 1 failed verification, continuing...
[2026-01-13 03:32:19] [INFO] ========================================
[2026-01-13 03:32:19] [INFO] Trying strategy: grind (up to 1 attempts)
[2026-01-13 03:32:19] [INFO] --------------------
[2026-01-13 03:32:19] [INFO] Strategy grind, attempt 1/1
[2026-01-13 03:32:19] [INFO] Starting proof generation...
[2026-01-13 03:32:19] [INFO] Repository path: /root/repo
[2026-01-13 03:32:19] [INFO] Proof generation completed
[2026-01-13 03:32:19] [INFO] Generated proof:
[2026-01-13 03:32:19] [INFO] grind
[2026-01-13 03:32:19] [INFO] Proof length: 5 chars
[2026-01-13 03:32:19] [INFO] Starting proof verification...
[2026-01-13 03:32:19] [INFO] Verifying at: Chap8Ex.lean:30
[2026-01-13 03:32:19] [INFO] Using LEAN INTERACT verify
[2026-01-13 03:32:19] [INFO] Checking file
[2026-01-13 03:32:24] [INFO] Cannot build modified file tmp8s_c74qt.lean:30:45: error(lean.unknownIdentifier): Unknown identifier `grind`

Note: This linter can be disabled with `set_option linter.unusedTactic false`
[2026-01-13 03:32:24] [INFO] Proof verification completed
[2026-01-13 03:32:24] [INFO] Strategy grind attempt 1: verified=False
[2026-01-13 03:32:24] [INFO] Verification message: Cannot build modified file: tmp8s_c74qt.lean:30:45: error(lean.unknownIdentifier): Unknown identifier `grind`

Note: This linter can be disabled with `set_option linter.unusedTactic false`

[2026-01-13 03:32:24] [INFO] Attempt 1 failed verification, continuing...
[2026-01-13 03:32:24] [INFO] ========================================
[2026-01-13 03:32:24] [INFO] Trying strategy: ring (up to 1 attempts)
[2026-01-13 03:32:24] [INFO] --------------------
[2026-01-13 03:32:24] [INFO] Strategy ring, attempt 1/1
[2026-01-13 03:32:24] [INFO] Starting proof generation...
[2026-01-13 03:32:24] [INFO] Repository path: /root/repo
[2026-01-13 03:32:24] [INFO] Proof generation completed
[2026-01-13 03:32:24] [INFO] Generated proof:
[2026-01-13 03:32:24] [INFO] ring
[2026-01-13 03:32:24] [INFO] Proof length: 4 chars
[2026-01-13 03:32:24] [INFO] Starting proof verification...
[2026-01-13 03:32:24] [INFO] Verifying at: Chap8Ex.lean:30
[2026-01-13 03:32:24] [INFO] Using LEAN INTERACT verify
[2026-01-13 03:32:24] [INFO] Checking file
[2026-01-13 03:32:30] [INFO] Cannot build modified file tmpb_9t600r.lean:30:45: error(lean.unknownIdentifier): Unknown identifier `ring`

Note: This linter can be disabled with `set_option linter.unusedTactic false`
[2026-01-13 03:32:30] [INFO] Proof verification completed
[2026-01-13 03:32:30] [INFO] Strategy ring attempt 1: verified=False
[2026-01-13 03:32:30] [INFO] Verification message: Cannot build modified file: tmpb_9t600r.lean:30:45: error(lean.unknownIdentifier): Unknown identifier `ring`

Note: This linter can be disabled with `set_option linter.unusedTactic false`

[2026-01-13 03:32:30] [INFO] Attempt 1 failed verification, continuing...
[2026-01-13 03:32:30] [INFO] ========================================
[2026-01-13 03:32:30] [INFO] Trying strategy: norm_num (up to 1 attempts)
[2026-01-13 03:32:30] [INFO] --------------------
[2026-01-13 03:32:30] [INFO] Strategy norm_num, attempt 1/1
[2026-01-13 03:32:30] [INFO] Starting proof generation...
[2026-01-13 03:32:30] [INFO] Repository path: /root/repo
[2026-01-13 03:32:30] [INFO] Proof generation completed
[2026-01-13 03:32:30] [INFO] Generated proof:
[2026-01-13 03:32:30] [INFO] norm_num
[2026-01-13 03:32:30] [INFO] Proof length: 8 chars
[2026-01-13 03:32:30] [INFO] Starting proof verification...
[2026-01-13 03:32:30] [INFO] Verifying at: Chap8Ex.lean:30
[2026-01-13 03:32:30] [INFO] Using LEAN INTERACT verify
[2026-01-13 03:32:30] [INFO] Checking file
[2026-01-13 03:32:37] [INFO] Cannot build modified file <error line="30" column="45">
<code_line>    (h1 : U ∼ V) (h2 : ctble U) : ctble V := norm_num</code_line>
<message>error: Type mismatch</message>
</error>
  norm_num
has type
  Lean.ParserDescr
of sort `Type` but is expected to have type
  ctble V
of sort `Prop`

Note: This linter can be disabled with `set_option linter.unusedTactic false`
[2026-01-13 03:32:37] [INFO] Proof verification completed
[2026-01-13 03:32:37] [INFO] Strategy norm_num attempt 1: verified=False
[2026-01-13 03:32:37] [INFO] Verification message: Cannot build modified file: <error line="30" column="45">
<code_line>    (h1 : U ∼ V) (h2 : ctble U) : ctble V := norm_num</code_line>
<message>error: Type mismatch</message>
</error>
  norm_num
has type
  Lean.ParserDescr
of sort `Type` but is expected to have type
  ctble V
of sort `Prop`

Note: This linter can be disabled with `set_option linter.unusedTactic false`

[2026-01-13 03:32:37] [INFO] Attempt 1 failed verification, continuing...
[2026-01-13 03:32:37] [INFO] ========================================
[2026-01-13 03:32:37] [INFO] Trying strategy: omega (up to 1 attempts)
[2026-01-13 03:32:37] [INFO] --------------------
[2026-01-13 03:32:37] [INFO] Strategy omega, attempt 1/1
[2026-01-13 03:32:37] [INFO] Starting proof generation...
[2026-01-13 03:32:37] [INFO] Repository path: /root/repo
[2026-01-13 03:32:37] [INFO] Proof generation completed
[2026-01-13 03:32:37] [INFO] Generated proof:
[2026-01-13 03:32:37] [INFO] omega
[2026-01-13 03:32:37] [INFO] Proof length: 5 chars
[2026-01-13 03:32:37] [INFO] Starting proof verification...
[2026-01-13 03:32:37] [INFO] Verifying at: Chap8Ex.lean:30
[2026-01-13 03:32:37] [INFO] Using LEAN INTERACT verify
[2026-01-13 03:32:37] [INFO] Checking file
[2026-01-13 03:32:42] [INFO] Cannot build modified file tmp0t9f7nm9.lean:30:45: error(lean.unknownIdentifier): Unknown identifier `omega`

Note: This linter can be disabled with `set_option linter.unusedTactic false`
[2026-01-13 03:32:42] [INFO] Proof verification completed
[2026-01-13 03:32:42] [INFO] Strategy omega attempt 1: verified=False
[2026-01-13 03:32:42] [INFO] Verification message: Cannot build modified file: tmp0t9f7nm9.lean:30:45: error(lean.unknownIdentifier): Unknown identifier `omega`

Note: This linter can be disabled with `set_option linter.unusedTactic false`

[2026-01-13 03:32:42] [INFO] Attempt 1 failed verification, continuing...
[2026-01-13 03:32:42] [INFO] ========================================
[2026-01-13 03:32:42] [INFO] Trying strategy: linarith (up to 1 attempts)
[2026-01-13 03:32:42] [INFO] --------------------
[2026-01-13 03:32:42] [INFO] Strategy linarith, attempt 1/1
[2026-01-13 03:32:42] [INFO] Starting proof generation...
[2026-01-13 03:32:42] [INFO] Repository path: /root/repo
[2026-01-13 03:32:42] [INFO] Proof generation completed
[2026-01-13 03:32:42] [INFO] Generated proof:
[2026-01-13 03:32:42] [INFO] linarith
[2026-01-13 03:32:42] [INFO] Proof length: 8 chars
[2026-01-13 03:32:42] [INFO] Starting proof verification...
[2026-01-13 03:32:42] [INFO] Verifying at: Chap8Ex.lean:30
[2026-01-13 03:32:42] [INFO] Using LEAN INTERACT verify
[2026-01-13 03:32:42] [INFO] Checking file
[2026-01-13 03:32:47] [INFO] Cannot build modified file tmpj4xsl5a6.lean:30:45: error(lean.unknownIdentifier): Unknown identifier `linarith`

Note: This linter can be disabled with `set_option linter.unusedTactic false`
[2026-01-13 03:32:47] [INFO] Proof verification completed
[2026-01-13 03:32:47] [INFO] Strategy linarith attempt 1: verified=False
[2026-01-13 03:32:47] [INFO] Verification message: Cannot build modified file: tmpj4xsl5a6.lean:30:45: error(lean.unknownIdentifier): Unknown identifier `linarith`

Note: This linter can be disabled with `set_option linter.unusedTactic false`

[2026-01-13 03:32:47] [INFO] Attempt 1 failed verification, continuing...
[2026-01-13 03:32:47] [INFO] ========================================
[2026-01-13 03:32:47] [INFO] Trying strategy: nlinarith (up to 1 attempts)
[2026-01-13 03:32:47] [INFO] --------------------
[2026-01-13 03:32:47] [INFO] Strategy nlinarith, attempt 1/1
[2026-01-13 03:32:47] [INFO] Starting proof generation...
[2026-01-13 03:32:47] [INFO] Repository path: /root/repo
[2026-01-13 03:32:47] [INFO] Proof generation completed
[2026-01-13 03:32:47] [INFO] Generated proof:
[2026-01-13 03:32:47] [INFO] nlinarith
[2026-01-13 03:32:47] [INFO] Proof length: 9 chars
[2026-01-13 03:32:47] [INFO] Starting proof verification...
[2026-01-13 03:32:47] [INFO] Verifying at: Chap8Ex.lean:30
[2026-01-13 03:32:47] [INFO] Using LEAN INTERACT verify
[2026-01-13 03:32:47] [INFO] Checking file
[2026-01-13 03:32:53] [INFO] Cannot build modified file tmpdixezjvb.lean:30:45: error(lean.unknownIdentifier): Unknown identifier `nlinarith`

Note: This linter can be disabled with `set_option linter.unusedTactic false`
[2026-01-13 03:32:53] [INFO] Proof verification completed
[2026-01-13 03:32:53] [INFO] Strategy nlinarith attempt 1: verified=False
[2026-01-13 03:32:53] [INFO] Verification message: Cannot build modified file: tmpdixezjvb.lean:30:45: error(lean.unknownIdentifier): Unknown identifier `nlinarith`

Note: This linter can be disabled with `set_option linter.unusedTactic false`

[2026-01-13 03:32:53] [INFO] Attempt 1 failed verification, continuing...
[2026-01-13 03:32:53] [INFO] ========================================
[2026-01-13 03:32:53] [INFO] Trying strategy: aesop (up to 1 attempts)
[2026-01-13 03:32:53] [INFO] --------------------
[2026-01-13 03:32:53] [INFO] Strategy aesop, attempt 1/1
[2026-01-13 03:32:53] [INFO] Starting proof generation...
[2026-01-13 03:32:53] [INFO] Repository path: /root/repo
[2026-01-13 03:32:53] [INFO] Proof generation completed
[2026-01-13 03:32:53] [INFO] Generated proof:
[2026-01-13 03:32:53] [INFO] aesop
[2026-01-13 03:32:53] [INFO] Proof length: 5 chars
[2026-01-13 03:32:53] [INFO] Starting proof verification...
[2026-01-13 03:32:53] [INFO] Verifying at: Chap8Ex.lean:30
[2026-01-13 03:32:53] [INFO] Using LEAN INTERACT verify
[2026-01-13 03:32:53] [INFO] Checking file
[2026-01-13 03:32:59] [INFO] Cannot build modified file tmpskh_s291.lean:30:45: error(lean.unknownIdentifier): Unknown identifier `aesop`

Note: This linter can be disabled with `set_option linter.unusedTactic false`
[2026-01-13 03:32:59] [INFO] Proof verification completed
[2026-01-13 03:32:59] [INFO] Strategy aesop attempt 1: verified=False
[2026-01-13 03:32:59] [INFO] Verification message: Cannot build modified file: tmpskh_s291.lean:30:45: error(lean.unknownIdentifier): Unknown identifier `aesop`

Note: This linter can be disabled with `set_option linter.unusedTactic false`

[2026-01-13 03:32:59] [INFO] Attempt 1 failed verification, continuing...
[2026-01-13 03:32:59] [INFO] ========================================
[2026-01-13 03:32:59] [INFO] Pass@k completed. Total results: 1
[2026-01-13 03:32:59] [INFO] FAILED: All 11 strategies x 1 attempts
[2026-01-13 03:32:59] [INFO] Writing results to file: /root/repo/result.json
[2026-01-13 03:32:59] [INFO] Result file written successfully
[2026-01-13 03:32:59] [INFO] Results exported to: /root/repo/result.json
[2026-01-13 03:32:59] [INFO] run_morphcloud_local.py completed successfully

[2026-01-13 03:33:00] [process_single_sorry] Downloading result file...
[2026-01-13 03:33:00] [process_single_sorry] Downloaded result to intermediate_experiment_outputs_full_reservoir_3_months/multi_tactic/2026-01-13_01-27-45_multi_tactic/individual/f1f4edac7457a9b76d727986b05d4b6345da68a40ba0e724c68480c90a95f66a.json
[2026-01-13 03:33:02] [process_single_sorry] Instance context closed successfully
[2026-01-13 03:33:02] [process_single_sorry] Parsing result file...
[2026-01-13 03:33:02] [process_single_sorry] Successfully parsed result (list format, 1 results)
