[2026-01-13 05:28:56] [process_single_sorry] Starting for sorry fafb865c35ed180a88ec7877c6fb3432fc771002d0021d4e0dd67de1341ec201
[2026-01-13 05:28:56] [process_single_sorry] Using snapshot: snapshot_i0qan33f
[2026-01-13 05:28:56] [process_single_sorry] Repository: https://github.com/mo271/FormalBook@865934361ca7005e0a874efb39f5809117052e85
[2026-01-13 05:28:56] [process_single_sorry] Instance name: FormalBook_865934361ca7_multi_tactic_fafb865c35ed180a88ec7877c6fb3432fc771002d0021d4e0dd67de1341ec201
[2026-01-13 05:28:56] [process_single_sorry] Starting attempt 1/3
[2026-01-13 05:28:56] [process_single_sorry] Starting instance from snapshot...
[2026-01-13 05:28:57] [process_single_sorry] Instance started successfully: morphvm_ii24jjjt
[2026-01-13 05:28:57] [process_single_sorry] Creating .env file...
[2026-01-13 05:29:00] [process_single_sorry] .env file created (exit_code: 0)
[2026-01-13 05:29:00] [process_single_sorry] Executing agent command...
[2026-01-13 05:30:29] [process_single_sorry] Agent command completed (exit_code: 0)
[2026-01-13 05:30:29] [process_single_sorry] STDOUT:

Results JSON:
[
  {
    "sorry": {
      "repo": {
        "remote": "https://github.com/mo271/FormalBook",
        "branch": "main",
        "commit": "865934361ca7005e0a874efb39f5809117052e85",
        "lean_version": "v4.27.0-rc1"
      },
      "location": {
        "path": "FormalBook/Chapter_24.lean",
        "start_line": 38,
        "start_column": 76,
        "end_line": 38,
        "end_column": 81
      },
      "debug_info": {
        "goal": "n : ℕ\nM : Matrix (Fin n) (Fin n) ℝ\n⊢ M ∈ doublyStochastic ℝ (Fin n) → M.permanent ≥ ↑n.factorial / ↑n ^ n",
        "url": "https://github.com/mo271/FormalBook/blob/865934361ca7005e0a874efb39f5809117052e85/FormalBook/Chapter_24.lean#L38"
      },
      "metadata": {
        "blame_email_hash": "ef3bc37f67e8",
        "blame_date": "2024-11-20T15:34:40+01:00",
        "inclusion_date": "2026-01-10T23:51:38.906486+00:00"
      },
      "id": "fafb865c35ed180a88ec7877c6fb3432fc771002d0021d4e0dd67de1341ec201"
    },
    "proof": null,
    "proof_verified": false,
    "feedback": null,
    "verification_message": "All 11 attempts failed (11 strategies x 1 attempts each)",
    "success": true,
    "error_type": null,
    "error_message": null,
    "strategy_name": "all_failed_k=1",
    "proof_attempts": [
      "rfl",
      "simp",
      "simp_all",
      "exact?",
      "grind",
      "ring",
      "norm_num",
      "omega",
      "linarith",
      "nlinarith",
      "aesop"
    ]
  }
]

[2026-01-13 05:30:29] [process_single_sorry] STDERR:
None of PyTorch, TensorFlow >= 2.0, or Flax have been found. Models won't be available and only tokenizers, configuration and file/data utilities can be used.
[2026-01-13 05:29:17] [INFO] ================================================================================
[2026-01-13 05:29:17] [INFO] Starting run_morphcloud_local.py
[2026-01-13 05:29:17] [INFO] ================================================================================
[2026-01-13 05:29:17] [INFO] Environment loaded
[2026-01-13 05:29:17] [INFO] Full command: /root/SorryDB/sorrydb/cli/run_morphcloud_local.py --repo-path /root/repo --sorry-json {"repo": {"remote": "https://github.com/mo271/FormalBook", "branch": "main", "commit": "865934361ca7005e0a874efb39f5809117052e85", "lean_version": "v4.27.0-rc1"}, "location": {"path": "FormalBook/Chapter_24.lean", "start_line": 38, "start_column": 76, "end_line": 38, "end_column": 81}, "debug_info": {"goal": "n : \u2115\nM : Matrix (Fin n) (Fin n) \u211d\n\u22a2 M \u2208 doublyStochastic \u211d (Fin n) \u2192 M.permanent \u2265 \u2191n.factorial / \u2191n ^ n", "url": "https://github.com/mo271/FormalBook/blob/865934361ca7005e0a874efb39f5809117052e85/FormalBook/Chapter_24.lean#L38"}, "metadata": {"blame_email_hash": "ef3bc37f67e8", "blame_date": "2024-11-20T15:34:40+01:00", "inclusion_date": "2026-01-10T23:51:38.906486+00:00"}, "id": "fafb865c35ed180a88ec7877c6fb3432fc771002d0021d4e0dd67de1341ec201"} --agent-strategy {"name": "multi_tactic", "args": {}}
[2026-01-13 05:29:17] [INFO] Arguments parsed: repo_path=/root/repo, output_path=/root/repo/result.json
[2026-01-13 05:29:17] [INFO] Strategy spec: {"name": "multi_tactic", "args": {}}...
[2026-01-13 05:29:17] [INFO] Loading sorry data...
[2026-01-13 05:29:17] [INFO] Parsing sorry from JSON string...
[2026-01-13 05:29:17] [INFO] Sorry data parsed from JSON string
[2026-01-13 05:29:17] [INFO] Creating strategy from spec...
[2026-01-13 05:29:17] [INFO] Parsing strategy spec (length: 36 chars)
[2026-01-13 05:29:17] [INFO] Strategy name: multi_tactic
[2026-01-13 05:29:17] [INFO] Strategy args: {}
[2026-01-13 05:29:17] [INFO] Pass@k value: 1
[2026-01-13 05:29:17] [INFO] Creating strategy: multi_tactic
[2026-01-13 05:29:17] [INFO] Creating multi_tactic strategy with tactics: ['rfl', 'simp', 'simp_all', 'exact?', 'grind', 'ring', 'norm_num', 'omega', 'linarith', 'nlinarith', 'aesop']
[2026-01-13 05:29:17] [INFO] Strategies created: ['rfl', 'simp', 'simp_all', 'exact?', 'grind', 'ring', 'norm_num', 'omega', 'linarith', 'nlinarith', 'aesop']
[2026-01-13 05:29:17] [INFO] Pass@k value: 1
[2026-01-13 05:29:17] [INFO] Creating Sorry object...
[2026-01-13 05:29:17] [INFO] Sorry object created: id=fafb865c35ed180a88ec7877c6fb3432fc771002d0021d4e0dd67de1341ec201
[2026-01-13 05:29:17] [INFO] Sorry location: FormalBook/Chapter_24.lean:38
[2026-01-13 05:29:17] [INFO] Context before sorry (lines 33-38):
[2026-01-13 05:29:17] [INFO]   33: 
[2026-01-13 05:29:17] [INFO]   34: variable {n : ℕ}
[2026-01-13 05:29:17] [INFO]   35: 
[2026-01-13 05:29:17] [INFO]   36: 
[2026-01-13 05:29:17] [INFO]   37: theorem permanent_conjecture (M : Matrix (Fin n) (Fin n) ℝ) :
[2026-01-13 05:29:17] [INFO]   38:     M ∈ doublyStochastic ℝ (Fin n) → permanent M ≥ (n.factorial)/(n ^ n) := sorry
[2026-01-13 05:29:17] [INFO] Sorry line:     M ∈ doublyStochastic ℝ (Fin n) → permanent M ≥ (n.factorial)/(n ^ n) := sorry
[2026-01-13 05:29:17] [INFO] Sorry goal: n : ℕ
M : Matrix (Fin n) (Fin n) ℝ
⊢ M ∈ doublyStochastic ℝ (Fin n) → M.permanent ≥ ↑n.factorial / ↑...
[2026-01-13 05:29:17] [INFO] ========================================
[2026-01-13 05:29:17] [INFO] Trying strategy: rfl (up to 1 attempts)
[2026-01-13 05:29:17] [INFO] --------------------
[2026-01-13 05:29:17] [INFO] Strategy rfl, attempt 1/1
[2026-01-13 05:29:17] [INFO] Starting proof generation...
[2026-01-13 05:29:17] [INFO] Repository path: /root/repo
[2026-01-13 05:29:17] [INFO] Proof generation completed
[2026-01-13 05:29:17] [INFO] Generated proof:
[2026-01-13 05:29:17] [INFO] rfl
[2026-01-13 05:29:17] [INFO] Proof length: 3 chars
[2026-01-13 05:29:17] [INFO] Starting proof verification...
[2026-01-13 05:29:17] [INFO] Verifying at: FormalBook/Chapter_24.lean:38
[2026-01-13 05:29:17] [INFO] Using LEAN INTERACT verify
[2026-01-13 05:29:17] [INFO] Checking file
[2026-01-13 05:29:43] [INFO] Cannot build modified file <error line="37" column="0">
<code_line>theorem permanent_conjecture (M : Matrix (Fin n) (Fin n) ℝ) :</code_line>
<message>error: Not a definitional equality: the conclusion should be an equality, but is</message>
</error>
  Real.wrapped✝.1 (↑n.factorial / ↑n ^ n) M.permanent
<error line="38" column="76">
<code_line>    M ∈ doublyStochastic ℝ (Fin n) → permanent M ≥ (n.factorial)/(n ^ n) := rfl</code_line>
<message>error: Type mismatch</message>
</error>
  rfl
has type
  ?m.25 = ?m.25
but is expected to have type
  M ∈ doublyStochastic ℝ (Fin n) → M.permanent ≥ ↑n.factorial / ↑n ^ n
[2026-01-13 05:29:43] [INFO] Proof verification completed
[2026-01-13 05:29:43] [INFO] Strategy rfl attempt 1: verified=False
[2026-01-13 05:29:43] [INFO] Verification message: Cannot build modified file: <error line="37" column="0">
<code_line>theorem permanent_conjecture (M : Matrix (Fin n) (Fin n) ℝ) :</code_line>
<message>error: Not a definitional equality: the conclusion should be an equality, but is</message>
</error>
  Real.wrapped✝.1 (↑n.factorial / ↑n ^ n) M.permanent
<error line="38" column="76">
<code_line>    M ∈ doublyStochastic ℝ (Fin n) → permanent M ≥ (n.factorial)/(n ^ n) := rfl</code_line>
<message>error: Type mismatch</message>
</error>
  rfl
has type
  ?m.25 = ?m.25
but is expected to have type
  M ∈ doublyStochastic ℝ (Fin n) → M.permanent ≥ ↑n.factorial / ↑n ^ n

[2026-01-13 05:29:43] [INFO] Attempt 1 failed verification, continuing...
[2026-01-13 05:29:43] [INFO] ========================================
[2026-01-13 05:29:43] [INFO] Trying strategy: simp (up to 1 attempts)
[2026-01-13 05:29:43] [INFO] --------------------
[2026-01-13 05:29:43] [INFO] Strategy simp, attempt 1/1
[2026-01-13 05:29:43] [INFO] Starting proof generation...
[2026-01-13 05:29:43] [INFO] Repository path: /root/repo
[2026-01-13 05:29:43] [INFO] Proof generation completed
[2026-01-13 05:29:43] [INFO] Generated proof:
[2026-01-13 05:29:43] [INFO] simp
[2026-01-13 05:29:43] [INFO] Proof length: 4 chars
[2026-01-13 05:29:43] [INFO] Starting proof verification...
[2026-01-13 05:29:43] [INFO] Verifying at: FormalBook/Chapter_24.lean:38
[2026-01-13 05:29:43] [INFO] Using LEAN INTERACT verify
[2026-01-13 05:29:43] [INFO] Checking file
[2026-01-13 05:29:48] [INFO] Cannot build modified file FormalBook/tmpoangzigf.lean:38:76: error(lean.unknownIdentifier): Unknown identifier `simp`
[2026-01-13 05:29:48] [INFO] Proof verification completed
[2026-01-13 05:29:48] [INFO] Strategy simp attempt 1: verified=False
[2026-01-13 05:29:48] [INFO] Verification message: Cannot build modified file: FormalBook/tmpoangzigf.lean:38:76: error(lean.unknownIdentifier): Unknown identifier `simp`

[2026-01-13 05:29:48] [INFO] Attempt 1 failed verification, continuing...
[2026-01-13 05:29:48] [INFO] ========================================
[2026-01-13 05:29:48] [INFO] Trying strategy: simp_all (up to 1 attempts)
[2026-01-13 05:29:48] [INFO] --------------------
[2026-01-13 05:29:48] [INFO] Strategy simp_all, attempt 1/1
[2026-01-13 05:29:48] [INFO] Starting proof generation...
[2026-01-13 05:29:48] [INFO] Repository path: /root/repo
[2026-01-13 05:29:48] [INFO] Proof generation completed
[2026-01-13 05:29:48] [INFO] Generated proof:
[2026-01-13 05:29:48] [INFO] simp_all
[2026-01-13 05:29:48] [INFO] Proof length: 8 chars
[2026-01-13 05:29:48] [INFO] Starting proof verification...
[2026-01-13 05:29:48] [INFO] Verifying at: FormalBook/Chapter_24.lean:38
[2026-01-13 05:29:48] [INFO] Using LEAN INTERACT verify
[2026-01-13 05:29:48] [INFO] Checking file
[2026-01-13 05:29:53] [INFO] Cannot build modified file FormalBook/tmpyoyo9avu.lean:38:76: error(lean.unknownIdentifier): Unknown identifier `simp_all`
[2026-01-13 05:29:53] [INFO] Proof verification completed
[2026-01-13 05:29:53] [INFO] Strategy simp_all attempt 1: verified=False
[2026-01-13 05:29:53] [INFO] Verification message: Cannot build modified file: FormalBook/tmpyoyo9avu.lean:38:76: error(lean.unknownIdentifier): Unknown identifier `simp_all`

[2026-01-13 05:29:53] [INFO] Attempt 1 failed verification, continuing...
[2026-01-13 05:29:53] [INFO] ========================================
[2026-01-13 05:29:53] [INFO] Trying strategy: exact? (up to 1 attempts)
[2026-01-13 05:29:53] [INFO] --------------------
[2026-01-13 05:29:53] [INFO] Strategy exact?, attempt 1/1
[2026-01-13 05:29:53] [INFO] Starting proof generation...
[2026-01-13 05:29:53] [INFO] Repository path: /root/repo
[2026-01-13 05:29:53] [INFO] Proof generation completed
[2026-01-13 05:29:53] [INFO] Generated proof:
[2026-01-13 05:29:53] [INFO] exact?
[2026-01-13 05:29:53] [INFO] Proof length: 6 chars
[2026-01-13 05:29:53] [INFO] Starting proof verification...
[2026-01-13 05:29:53] [INFO] Verifying at: FormalBook/Chapter_24.lean:38
[2026-01-13 05:29:53] [INFO] Using LEAN INTERACT verify
[2026-01-13 05:29:53] [INFO] Checking file
[2026-01-13 05:29:57] [INFO] Cannot build modified file FormalBook/tmpwfhzch_4.lean:38:76: error(lean.unknownIdentifier): Unknown identifier `exact?`
[2026-01-13 05:29:57] [INFO] Proof verification completed
[2026-01-13 05:29:57] [INFO] Strategy exact? attempt 1: verified=False
[2026-01-13 05:29:57] [INFO] Verification message: Cannot build modified file: FormalBook/tmpwfhzch_4.lean:38:76: error(lean.unknownIdentifier): Unknown identifier `exact?`

[2026-01-13 05:29:57] [INFO] Attempt 1 failed verification, continuing...
[2026-01-13 05:29:57] [INFO] ========================================
[2026-01-13 05:29:57] [INFO] Trying strategy: grind (up to 1 attempts)
[2026-01-13 05:29:57] [INFO] --------------------
[2026-01-13 05:29:57] [INFO] Strategy grind, attempt 1/1
[2026-01-13 05:29:57] [INFO] Starting proof generation...
[2026-01-13 05:29:57] [INFO] Repository path: /root/repo
[2026-01-13 05:29:57] [INFO] Proof generation completed
[2026-01-13 05:29:57] [INFO] Generated proof:
[2026-01-13 05:29:57] [INFO] grind
[2026-01-13 05:29:57] [INFO] Proof length: 5 chars
[2026-01-13 05:29:57] [INFO] Starting proof verification...
[2026-01-13 05:29:57] [INFO] Verifying at: FormalBook/Chapter_24.lean:38
[2026-01-13 05:29:57] [INFO] Using LEAN INTERACT verify
[2026-01-13 05:29:57] [INFO] Checking file
[2026-01-13 05:30:01] [INFO] Cannot build modified file FormalBook/tmp13tktcvx.lean:38:76: error(lean.unknownIdentifier): Unknown identifier `grind`
[2026-01-13 05:30:01] [INFO] Proof verification completed
[2026-01-13 05:30:01] [INFO] Strategy grind attempt 1: verified=False
[2026-01-13 05:30:01] [INFO] Verification message: Cannot build modified file: FormalBook/tmp13tktcvx.lean:38:76: error(lean.unknownIdentifier): Unknown identifier `grind`

[2026-01-13 05:30:01] [INFO] Attempt 1 failed verification, continuing...
[2026-01-13 05:30:01] [INFO] ========================================
[2026-01-13 05:30:01] [INFO] Trying strategy: ring (up to 1 attempts)
[2026-01-13 05:30:01] [INFO] --------------------
[2026-01-13 05:30:01] [INFO] Strategy ring, attempt 1/1
[2026-01-13 05:30:01] [INFO] Starting proof generation...
[2026-01-13 05:30:01] [INFO] Repository path: /root/repo
[2026-01-13 05:30:01] [INFO] Proof generation completed
[2026-01-13 05:30:01] [INFO] Generated proof:
[2026-01-13 05:30:01] [INFO] ring
[2026-01-13 05:30:01] [INFO] Proof length: 4 chars
[2026-01-13 05:30:01] [INFO] Starting proof verification...
[2026-01-13 05:30:01] [INFO] Verifying at: FormalBook/Chapter_24.lean:38
[2026-01-13 05:30:01] [INFO] Using LEAN INTERACT verify
[2026-01-13 05:30:01] [INFO] Checking file
[2026-01-13 05:30:05] [INFO] Cannot build modified file FormalBook/tmp3azlxhkv.lean:38:76: error(lean.unknownIdentifier): Unknown identifier `ring`
[2026-01-13 05:30:05] [INFO] Proof verification completed
[2026-01-13 05:30:05] [INFO] Strategy ring attempt 1: verified=False
[2026-01-13 05:30:05] [INFO] Verification message: Cannot build modified file: FormalBook/tmp3azlxhkv.lean:38:76: error(lean.unknownIdentifier): Unknown identifier `ring`

[2026-01-13 05:30:05] [INFO] Attempt 1 failed verification, continuing...
[2026-01-13 05:30:05] [INFO] ========================================
[2026-01-13 05:30:05] [INFO] Trying strategy: norm_num (up to 1 attempts)
[2026-01-13 05:30:05] [INFO] --------------------
[2026-01-13 05:30:05] [INFO] Strategy norm_num, attempt 1/1
[2026-01-13 05:30:05] [INFO] Starting proof generation...
[2026-01-13 05:30:05] [INFO] Repository path: /root/repo
[2026-01-13 05:30:05] [INFO] Proof generation completed
[2026-01-13 05:30:05] [INFO] Generated proof:
[2026-01-13 05:30:05] [INFO] norm_num
[2026-01-13 05:30:05] [INFO] Proof length: 8 chars
[2026-01-13 05:30:05] [INFO] Starting proof verification...
[2026-01-13 05:30:05] [INFO] Verifying at: FormalBook/Chapter_24.lean:38
[2026-01-13 05:30:05] [INFO] Using LEAN INTERACT verify
[2026-01-13 05:30:05] [INFO] Checking file
[2026-01-13 05:30:10] [INFO] Cannot build modified file <error line="38" column="76">
<code_line>    M ∈ doublyStochastic ℝ (Fin n) → permanent M ≥ (n.factorial)/(n ^ n) := norm_num</code_line>
<message>error: Type mismatch</message>
</error>
  norm_num
has type
  Lean.ParserDescr
of sort `Type` but is expected to have type
  M ∈ doublyStochastic ℝ (Fin n) → M.permanent ≥ ↑n.factorial / ↑n ^ n
of sort `Prop`
[2026-01-13 05:30:10] [INFO] Proof verification completed
[2026-01-13 05:30:10] [INFO] Strategy norm_num attempt 1: verified=False
[2026-01-13 05:30:10] [INFO] Verification message: Cannot build modified file: <error line="38" column="76">
<code_line>    M ∈ doublyStochastic ℝ (Fin n) → permanent M ≥ (n.factorial)/(n ^ n) := norm_num</code_line>
<message>error: Type mismatch</message>
</error>
  norm_num
has type
  Lean.ParserDescr
of sort `Type` but is expected to have type
  M ∈ doublyStochastic ℝ (Fin n) → M.permanent ≥ ↑n.factorial / ↑n ^ n
of sort `Prop`

[2026-01-13 05:30:10] [INFO] Attempt 1 failed verification, continuing...
[2026-01-13 05:30:10] [INFO] ========================================
[2026-01-13 05:30:10] [INFO] Trying strategy: omega (up to 1 attempts)
[2026-01-13 05:30:10] [INFO] --------------------
[2026-01-13 05:30:10] [INFO] Strategy omega, attempt 1/1
[2026-01-13 05:30:10] [INFO] Starting proof generation...
[2026-01-13 05:30:10] [INFO] Repository path: /root/repo
[2026-01-13 05:30:10] [INFO] Proof generation completed
[2026-01-13 05:30:10] [INFO] Generated proof:
[2026-01-13 05:30:10] [INFO] omega
[2026-01-13 05:30:10] [INFO] Proof length: 5 chars
[2026-01-13 05:30:10] [INFO] Starting proof verification...
[2026-01-13 05:30:10] [INFO] Verifying at: FormalBook/Chapter_24.lean:38
[2026-01-13 05:30:10] [INFO] Using LEAN INTERACT verify
[2026-01-13 05:30:10] [INFO] Checking file
[2026-01-13 05:30:14] [INFO] Cannot build modified file FormalBook/tmp0btnhaou.lean:38:76: error(lean.unknownIdentifier): Unknown identifier `omega`
[2026-01-13 05:30:14] [INFO] Proof verification completed
[2026-01-13 05:30:14] [INFO] Strategy omega attempt 1: verified=False
[2026-01-13 05:30:14] [INFO] Verification message: Cannot build modified file: FormalBook/tmp0btnhaou.lean:38:76: error(lean.unknownIdentifier): Unknown identifier `omega`

[2026-01-13 05:30:14] [INFO] Attempt 1 failed verification, continuing...
[2026-01-13 05:30:14] [INFO] ========================================
[2026-01-13 05:30:14] [INFO] Trying strategy: linarith (up to 1 attempts)
[2026-01-13 05:30:14] [INFO] --------------------
[2026-01-13 05:30:14] [INFO] Strategy linarith, attempt 1/1
[2026-01-13 05:30:14] [INFO] Starting proof generation...
[2026-01-13 05:30:14] [INFO] Repository path: /root/repo
[2026-01-13 05:30:14] [INFO] Proof generation completed
[2026-01-13 05:30:14] [INFO] Generated proof:
[2026-01-13 05:30:14] [INFO] linarith
[2026-01-13 05:30:14] [INFO] Proof length: 8 chars
[2026-01-13 05:30:14] [INFO] Starting proof verification...
[2026-01-13 05:30:14] [INFO] Verifying at: FormalBook/Chapter_24.lean:38
[2026-01-13 05:30:14] [INFO] Using LEAN INTERACT verify
[2026-01-13 05:30:14] [INFO] Checking file
[2026-01-13 05:30:19] [INFO] Cannot build modified file FormalBook/tmp2tbzwsoy.lean:38:76: error(lean.unknownIdentifier): Unknown identifier `linarith`
[2026-01-13 05:30:19] [INFO] Proof verification completed
[2026-01-13 05:30:19] [INFO] Strategy linarith attempt 1: verified=False
[2026-01-13 05:30:19] [INFO] Verification message: Cannot build modified file: FormalBook/tmp2tbzwsoy.lean:38:76: error(lean.unknownIdentifier): Unknown identifier `linarith`

[2026-01-13 05:30:19] [INFO] Attempt 1 failed verification, continuing...
[2026-01-13 05:30:19] [INFO] ========================================
[2026-01-13 05:30:19] [INFO] Trying strategy: nlinarith (up to 1 attempts)
[2026-01-13 05:30:19] [INFO] --------------------
[2026-01-13 05:30:19] [INFO] Strategy nlinarith, attempt 1/1
[2026-01-13 05:30:19] [INFO] Starting proof generation...
[2026-01-13 05:30:19] [INFO] Repository path: /root/repo
[2026-01-13 05:30:19] [INFO] Proof generation completed
[2026-01-13 05:30:19] [INFO] Generated proof:
[2026-01-13 05:30:19] [INFO] nlinarith
[2026-01-13 05:30:19] [INFO] Proof length: 9 chars
[2026-01-13 05:30:19] [INFO] Starting proof verification...
[2026-01-13 05:30:19] [INFO] Verifying at: FormalBook/Chapter_24.lean:38
[2026-01-13 05:30:19] [INFO] Using LEAN INTERACT verify
[2026-01-13 05:30:19] [INFO] Checking file
[2026-01-13 05:30:23] [INFO] Cannot build modified file FormalBook/tmpl_00h_df.lean:38:76: error(lean.unknownIdentifier): Unknown identifier `nlinarith`
[2026-01-13 05:30:23] [INFO] Proof verification completed
[2026-01-13 05:30:23] [INFO] Strategy nlinarith attempt 1: verified=False
[2026-01-13 05:30:23] [INFO] Verification message: Cannot build modified file: FormalBook/tmpl_00h_df.lean:38:76: error(lean.unknownIdentifier): Unknown identifier `nlinarith`

[2026-01-13 05:30:23] [INFO] Attempt 1 failed verification, continuing...
[2026-01-13 05:30:23] [INFO] ========================================
[2026-01-13 05:30:23] [INFO] Trying strategy: aesop (up to 1 attempts)
[2026-01-13 05:30:23] [INFO] --------------------
[2026-01-13 05:30:23] [INFO] Strategy aesop, attempt 1/1
[2026-01-13 05:30:23] [INFO] Starting proof generation...
[2026-01-13 05:30:23] [INFO] Repository path: /root/repo
[2026-01-13 05:30:23] [INFO] Proof generation completed
[2026-01-13 05:30:23] [INFO] Generated proof:
[2026-01-13 05:30:23] [INFO] aesop
[2026-01-13 05:30:23] [INFO] Proof length: 5 chars
[2026-01-13 05:30:23] [INFO] Starting proof verification...
[2026-01-13 05:30:23] [INFO] Verifying at: FormalBook/Chapter_24.lean:38
[2026-01-13 05:30:23] [INFO] Using LEAN INTERACT verify
[2026-01-13 05:30:23] [INFO] Checking file
[2026-01-13 05:30:28] [INFO] Cannot build modified file FormalBook/tmp2e45vcis.lean:38:76: error(lean.unknownIdentifier): Unknown identifier `aesop`
[2026-01-13 05:30:28] [INFO] Proof verification completed
[2026-01-13 05:30:28] [INFO] Strategy aesop attempt 1: verified=False
[2026-01-13 05:30:28] [INFO] Verification message: Cannot build modified file: FormalBook/tmp2e45vcis.lean:38:76: error(lean.unknownIdentifier): Unknown identifier `aesop`

[2026-01-13 05:30:28] [INFO] Attempt 1 failed verification, continuing...
[2026-01-13 05:30:28] [INFO] ========================================
[2026-01-13 05:30:28] [INFO] Pass@k completed. Total results: 1
[2026-01-13 05:30:28] [INFO] FAILED: All 11 strategies x 1 attempts
[2026-01-13 05:30:28] [INFO] Writing results to file: /root/repo/result.json
[2026-01-13 05:30:28] [INFO] Result file written successfully
[2026-01-13 05:30:28] [INFO] Results exported to: /root/repo/result.json
[2026-01-13 05:30:28] [INFO] run_morphcloud_local.py completed successfully

[2026-01-13 05:30:29] [process_single_sorry] Downloading result file...
[2026-01-13 05:30:29] [process_single_sorry] Downloaded result to intermediate_experiment_outputs_full_reservoir_3_months/multi_tactic/2026-01-13_01-27-45_multi_tactic/individual/fafb865c35ed180a88ec7877c6fb3432fc771002d0021d4e0dd67de1341ec201.json
[2026-01-13 05:30:32] [process_single_sorry] Instance context closed successfully
[2026-01-13 05:30:32] [process_single_sorry] Parsing result file...
[2026-01-13 05:30:32] [process_single_sorry] Successfully parsed result (list format, 1 results)
