[2025-12-30 23:28:43] [process_single_sorry] Starting for sorry 9b0532a8560c95c6e62711bd75f9af4c8f3ef2da12999bf0238d8ca36a4d08b9
[2025-12-30 23:28:43] [process_single_sorry] Using snapshot: snapshot_yhuvj1dk
[2025-12-30 23:28:43] [process_single_sorry] Repository: https://github.com/emilyriehl/infinity-cosmos@9bce1fd64da0ef1c3e1c0574b53c67f613ca6b68
[2025-12-30 23:28:43] [process_single_sorry] Instance name: infinity-cosmos_9bce1fd64da0_rfl_9b0532a8560c95c6e62711bd75f9af4c8f3ef2da12999bf0238d8ca36a4d08b9
[2025-12-30 23:28:43] [process_single_sorry] Starting attempt 1/3
[2025-12-30 23:28:43] [process_single_sorry] Starting instance from snapshot...
[2025-12-30 23:28:45] [process_single_sorry] Instance started successfully: morphvm_elyf8gsk
[2025-12-30 23:28:45] [process_single_sorry] Creating .env file...
[2025-12-30 23:28:57] [process_single_sorry] .env file created (exit_code: 0)
[2025-12-30 23:28:57] [process_single_sorry] Executing agent command...
[2025-12-30 23:29:47] [process_single_sorry] Agent command completed (exit_code: 0)
[2025-12-30 23:29:47] [process_single_sorry] STDOUT:

Result JSON:
{
  "sorry": {
    "repo": {
      "remote": "https://github.com/emilyriehl/infinity-cosmos",
      "branch": "main",
      "commit": "9bce1fd64da0ef1c3e1c0574b53c67f613ca6b68",
      "lean_version": "v4.26.0-rc2"
    },
    "location": {
      "path": "InfinityCosmos/ForMathlib/InfinityCosmos/Isofibrations.lean",
      "start_line": 70,
      "start_column": 44,
      "end_line": 70,
      "end_column": 49
    },
    "debug_info": {
      "goal": "K : Type u\ninst✝¹ : Category.{v, u} K\ninst✝ : InfinityCosmos K\nX Y X' Y' : K\nf : X ↠ Y\ng : X' ↠ Y'\n⊢ IsIsofibration (prod.map ↑f ↑g)",
      "url": "https://github.com/emilyriehl/infinity-cosmos/blob/9bce1fd64da0ef1c3e1c0574b53c67f613ca6b68/InfinityCosmos/ForMathlib/InfinityCosmos/Isofibrations.lean#L70"
    },
    "metadata": {
      "blame_email_hash": "eaaeec08515d",
      "blame_date": "2024-12-03T11:33:30-05:00",
      "inclusion_date": "2025-12-30T01:42:30.984213+00:00"
    },
    "id": "9b0532a8560c95c6e62711bd75f9af4c8f3ef2da12999bf0238d8ca36a4d08b9"
  },
  "proof": "rfl",
  "proof_verified": false,
  "feedback": null,
  "verification_message": "Cannot build modified file: <error line=\"70\" column=\"44\">\n<code_line>    IsIsofibration (prod.map f.1 g.1) := by rfl</code_line>\n<message>error: Tactic `rfl` failed: The left-hand side</message>\n</error>\n  Y ⨯ Y'\nis not definitionally equal to the right-hand side\n  prod.map ↑f ↑g\n\nK : Type u\ninst✝¹ : Category.{v, u} K\ninst✝ : InfinityCosmos K\nX Y X' Y' : K\nf : X ↠ Y\ng : X' ↠ Y'\n⊢ IsIsofibration (prod.map ↑f ↑g)\n",
  "success": true,
  "error_type": null,
  "error_message": null
}

[2025-12-30 23:29:47] [process_single_sorry] STDERR:
None of PyTorch, TensorFlow >= 2.0, or Flax have been found. Models won't be available and only tokenizers, configuration and file/data utilities can be used.
[2025-12-30 23:29:23] [INFO] ================================================================================
[2025-12-30 23:29:23] [INFO] Starting run_morphcloud_local.py
[2025-12-30 23:29:23] [INFO] ================================================================================
[2025-12-30 23:29:23] [INFO] Environment loaded
[2025-12-30 23:29:23] [INFO] Full command: /root/SorryDB/sorrydb/cli/run_morphcloud_local.py --repo-path /root/repo --sorry-json {"repo": {"remote": "https://github.com/emilyriehl/infinity-cosmos", "branch": "main", "commit": "9bce1fd64da0ef1c3e1c0574b53c67f613ca6b68", "lean_version": "v4.26.0-rc2"}, "location": {"path": "InfinityCosmos/ForMathlib/InfinityCosmos/Isofibrations.lean", "start_line": 70, "start_column": 44, "end_line": 70, "end_column": 49}, "debug_info": {"goal": "K : Type u\ninst\u271d\u00b9 : Category.{v, u} K\ninst\u271d : InfinityCosmos K\nX Y X' Y' : K\nf : X \u21a0 Y\ng : X' \u21a0 Y'\n\u22a2 IsIsofibration (prod.map \u2191f \u2191g)", "url": "https://github.com/emilyriehl/infinity-cosmos/blob/9bce1fd64da0ef1c3e1c0574b53c67f613ca6b68/InfinityCosmos/ForMathlib/InfinityCosmos/Isofibrations.lean#L70"}, "metadata": {"blame_email_hash": "eaaeec08515d", "blame_date": "2024-12-03T11:33:30-05:00", "inclusion_date": "2025-12-30T01:42:30.984213+00:00"}, "id": "9b0532a8560c95c6e62711bd75f9af4c8f3ef2da12999bf0238d8ca36a4d08b9"} --agent-strategy {"name": "rfl", "args": {}}
[2025-12-30 23:29:23] [INFO] Arguments parsed: repo_path=/root/repo, output_path=/root/repo/result.json
[2025-12-30 23:29:23] [INFO] Strategy spec: {"name": "rfl", "args": {}}...
[2025-12-30 23:29:23] [INFO] Loading sorry data...
[2025-12-30 23:29:23] [INFO] Parsing sorry from JSON string...
[2025-12-30 23:29:23] [INFO] Sorry data parsed from JSON string
[2025-12-30 23:29:23] [INFO] Creating strategy from spec...
[2025-12-30 23:29:23] [INFO] Parsing strategy spec (length: 27 chars)
[2025-12-30 23:29:23] [INFO] Strategy name: rfl
[2025-12-30 23:29:23] [INFO] Strategy args: {}
[2025-12-30 23:29:23] [INFO] Creating strategy: rfl
[2025-12-30 23:29:23] [INFO] Strategy created: RflStrategy
[2025-12-30 23:29:23] [INFO] Creating Sorry object...
[2025-12-30 23:29:23] [INFO] Sorry object created: id=9b0532a8560c95c6e62711bd75f9af4c8f3ef2da12999bf0238d8ca36a4d08b9
[2025-12-30 23:29:23] [INFO] Sorry location: InfinityCosmos/ForMathlib/InfinityCosmos/Isofibrations.lean:70
[2025-12-30 23:29:23] [INFO] Context before sorry (lines 65-70):
[2025-12-30 23:29:23] [INFO]   65: 
[2025-12-30 23:29:23] [INFO]   66: @[simp]
[2025-12-30 23:29:23] [INFO]   67: lemma toTerminalIsofibration_map (A : K) : (toTerminalIsofibration A).1 = terminal.from A := rfl
[2025-12-30 23:29:23] [INFO]   68: 
[2025-12-30 23:29:23] [INFO]   69: theorem binary_prod_map_fibrant {X Y X' Y' : K} {f : X ↠ Y} {g : X' ↠ Y'} :
[2025-12-30 23:29:23] [INFO]   70:     IsIsofibration (prod.map f.1 g.1) := by sorry
[2025-12-30 23:29:23] [INFO] Sorry line:     IsIsofibration (prod.map f.1 g.1) := by sorry
[2025-12-30 23:29:23] [INFO] Sorry goal: K : Type u
inst✝¹ : Category.{v, u} K
inst✝ : InfinityCosmos K
X Y X' Y' : K
f : X ↠ Y
g : X' ↠ Y'
⊢...
[2025-12-30 23:29:23] [INFO] Starting agent proof generation...
[2025-12-30 23:29:23] [INFO] Repository path: /root/repo
[2025-12-30 23:29:23] [INFO] Agent proof generation completed
[2025-12-30 23:29:23] [INFO] Generated proof:
[2025-12-30 23:29:23] [INFO] rfl
[2025-12-30 23:29:23] [INFO] Proof length: 3 chars
[2025-12-30 23:29:23] [INFO] Starting proof verification...
[2025-12-30 23:29:23] [INFO] Verifying at: InfinityCosmos/ForMathlib/InfinityCosmos/Isofibrations.lean:70
[2025-12-30 23:29:23] [INFO] Using LEAN INTERACT verify
[2025-12-30 23:29:23] [INFO] Checking file
[2025-12-30 23:29:45] [INFO] Cannot build modified file <error line="70" column="44">
<code_line>    IsIsofibration (prod.map f.1 g.1) := by rfl</code_line>
<message>error: Tactic `rfl` failed: The left-hand side</message>
</error>
  Y ⨯ Y'
is not definitionally equal to the right-hand side
  prod.map ↑f ↑g

K : Type u
inst✝¹ : Category.{v, u} K
inst✝ : InfinityCosmos K
X Y X' Y' : K
f : X ↠ Y
g : X' ↠ Y'
⊢ IsIsofibration (prod.map ↑f ↑g)
[2025-12-30 23:29:45] [INFO] Proof verification completed
[2025-12-30 23:29:45] [INFO] Proof verified: False
[2025-12-30 23:29:45] [INFO] Verification message: Cannot build modified file: <error line="70" column="44">
<code_line>    IsIsofibration (prod.map f.1 g.1) := by rfl</code_line>
<message>error: Tactic `rfl` failed: The left-hand side</message>
</error>
  Y ⨯ Y'
is not definitionally equal to the right-hand side
  prod.map ↑f ↑g

K : Type u
inst✝¹ : Category.{v, u} K
inst✝ : InfinityCosmos K
X Y X' Y' : K
f : X ↠ Y
g : X' ↠ Y'
⊢ IsIsofibration (prod.map ↑f ↑g)

[2025-12-30 23:29:45] [INFO] Creating result object...
[2025-12-30 23:29:45] [INFO] Result object created
[2025-12-30 23:29:45] [INFO] Writing result to file: /root/repo/result.json
[2025-12-30 23:29:45] [INFO] Result file written successfully
[2025-12-30 23:29:45] [INFO] Result exported to: /root/repo/result.json
[2025-12-30 23:29:45] [INFO] run_morphcloud_local.py completed successfully

[2025-12-30 23:29:47] [process_single_sorry] Downloading result file...
[2025-12-30 23:29:47] [process_single_sorry] Downloaded result to intermediate_experiment_outputs_full_reservoir/rfl/2025-12-30_23-00-43_rfl/individual/9b0532a8560c95c6e62711bd75f9af4c8f3ef2da12999bf0238d8ca36a4d08b9.json
[2025-12-30 23:29:49] [process_single_sorry] Instance context closed successfully
[2025-12-30 23:29:49] [process_single_sorry] Parsing result file...
[2025-12-30 23:29:49] [process_single_sorry] Successfully parsed result (dict format)
