[2025-12-17 15:23:02] [process_single_sorry] Starting for sorry 1cd908817168a7d0d3a780aa8f1fd847cef58b5806681b24804a1c6ea9779095
[2025-12-17 15:23:02] [process_single_sorry] Using snapshot: snapshot_tksociwl
[2025-12-17 15:23:02] [process_single_sorry] Repository: https://github.com/AlexKontorovich/PrimeNumberTheoremAnd@1efa1d238ebf635e3accff64c51f761a313f4cbc
[2025-12-17 15:23:02] [process_single_sorry] Instance name: PrimeNumberTheoremAnd_1efa1d238ebf_supersimple_1cd908817168a7d0d3a780aa8f1fd847cef58b5806681b24804a1c6ea9779095
[2025-12-17 15:23:02] [process_single_sorry] Starting attempt 1/3
[2025-12-17 15:23:02] [process_single_sorry] Starting instance from snapshot...
[2025-12-17 15:23:08] [process_single_sorry] Instance started successfully: morphvm_k9vi9hc8
[2025-12-17 15:23:08] [process_single_sorry] Creating .env file...
[2025-12-17 15:23:14] [process_single_sorry] .env file created (exit_code: 0)
[2025-12-17 15:23:14] [process_single_sorry] Executing agent command...
[2025-12-17 15:26:14] [process_single_sorry] Agent command completed (exit_code: 0)
[2025-12-17 15:26:14] [process_single_sorry] STDOUT:
Current branch: HEAD
Using cache (Azure) from origin: leanprover-community/mathlib4
No files to download
Decompressing 7727 file(s)
Unpacked in 91058 ms
Completed successfully!
⚠ [3412/3466] Replayed PrimeNumberTheoremAnd.Wiener
warning: PrimeNumberTheoremAnd/Wiener.lean:2323:6: declaration uses 'sorry'
warning: PrimeNumberTheoremAnd/Wiener.lean:2348:6: declaration uses 'sorry'
warning: PrimeNumberTheoremAnd/Wiener.lean:2370:6: declaration uses 'sorry'
⚠ [3422/3466] Replayed PrimeNumberTheoremAnd.Consequences
warning: PrimeNumberTheoremAnd/Consequences.lean:450:8: declaration uses 'sorry'
warning: PrimeNumberTheoremAnd/Consequences.lean:552:8: declaration uses 'sorry'
warning: PrimeNumberTheoremAnd/Consequences.lean:2634:8: declaration uses 'sorry'
warning: PrimeNumberTheoremAnd/Consequences.lean:2669:8: declaration uses 'sorry'
warning: PrimeNumberTheoremAnd/Consequences.lean:2693:8: declaration uses 'sorry'
ℹ [3438/3466] Replayed PrimeNumberTheoremAnd.MediumPNT
info: PrimeNumberTheoremAnd/MediumPNT.lean:4341:0: 'MediumPNT' depends on axioms: [propext, Classical.choice, Quot.sound]
⚠ [3439/3466] Replayed PrimeNumberTheoremAnd.StrongPNT
warning: PrimeNumberTheoremAnd/StrongPNT.lean:591:8: declaration uses 'sorry'
warning: PrimeNumberTheoremAnd/StrongPNT.lean:650:6: declaration uses 'sorry'
warning: PrimeNumberTheoremAnd/StrongPNT.lean:719:6: declaration uses 'sorry'
warning: PrimeNumberTheoremAnd/StrongPNT.lean:781:8: declaration uses 'sorry'
warning: PrimeNumberTheoremAnd/StrongPNT.lean:808:8: declaration uses 'sorry'
warning: PrimeNumberTheoremAnd/StrongPNT.lean:873:6: declaration uses 'sorry'
warning: PrimeNumberTheoremAnd/StrongPNT.lean:962:6: declaration uses 'sorry'
warning: PrimeNumberTheoremAnd/StrongPNT.lean:1042:6: declaration uses 'sorry'
⚠ [3557/3564] Replayed PrimeNumberTheoremAnd.FioriKadiriSwidinsky
warning: PrimeNumberTheoremAnd/FioriKadiriSwidinsky.lean:9:4: '' starts on column 4, but all commands should start at the beginning of the line.

Note: This linter can be disabled with `set_option linter.style.commandStart false`
⚠ [3558/3564] Replayed PrimeNumberTheoremAnd.PrimarySummary
warning: PrimeNumberTheoremAnd/PrimarySummary.lean:31:8: declaration uses 'sorry'
warning: PrimeNumberTheoremAnd/PrimarySummary.lean:39:8: declaration uses 'sorry'
warning: PrimeNumberTheoremAnd/PrimarySummary.lean:47:8: declaration uses 'sorry'
warning: PrimeNumberTheoremAnd/PrimarySummary.lean:56:8: declaration uses 'sorry'
⚠ [3560/3564] Replayed PrimeNumberTheoremAnd.FKS2
warning: PrimeNumberTheoremAnd/FKS2.lean:20:8: declaration uses 'sorry'
warning: PrimeNumberTheoremAnd/FKS2.lean:57:8: declaration uses 'sorry'
⚠ [3561/3564] Replayed PrimeNumberTheoremAnd.SecondarySummary
warning: PrimeNumberTheoremAnd/SecondarySummary.lean:36:8: declaration uses 'sorry'
warning: PrimeNumberTheoremAnd/SecondarySummary.lean:36:15: missing space in the source

This part of the code
  'PT_Cor2: Eπ.classicalBound'
should be written as
  'PT_Cor2 : Eπ.classicalBound'


Note: This linter can be disabled with `set_option linter.style.commandStart false`
warning: PrimeNumberTheoremAnd/SecondarySummary.lean:48:8: declaration uses 'sorry'
warning: PrimeNumberTheoremAnd/SecondarySummary.lean:48:16: missing space in the source

This part of the code
  'JY_Cor13: Eπ.classicalBound'
should be written as
  'JY_Cor13 : Eπ.classicalBound'


Note: This linter can be disabled with `set_option linter.style.commandStart false`
warning: PrimeNumberTheoremAnd/SecondarySummary.lean:60:8: declaration uses 'sorry'
warning: PrimeNumberTheoremAnd/SecondarySummary.lean:60:16: missing space in the source

This part of the code
  'JY_Thm14: Eπ.vinogradovBound'
should be written as
  'JY_Thm14 : Eπ.vinogradovBound'


Note: This linter can be disabled with `set_option linter.style.commandStart false`
warning: PrimeNumberTheoremAnd/SecondarySummary.lean:74:8: declaration uses 'sorry'
warning: PrimeNumberTheoremAnd/SecondarySummary.lean:74:18: missing space in the source

This part of the code
  'FKS2_Cor22: Eπ.classicalBound'
should be written as
  'FKS2_Cor22 : Eπ.classicalBound'


Note: This linter can be disabled with `set_option linter.style.commandStart false`
warning: PrimeNumberTheoremAnd/SecondarySummary.lean:86:8: declaration uses 'sorry'
warning: PrimeNumberTheoremAnd/SecondarySummary.lean:100:8: declaration uses 'sorry'
⚠ [3562/3564] Replayed PrimeNumberTheoremAnd.Lcm
warning: PrimeNumberTheoremAnd/Lcm.lean:102:8: declaration uses 'sorry'
warning: PrimeNumberTheoremAnd/Lcm.lean:129:8: declaration uses 'sorry'
warning: PrimeNumberTheoremAnd/Lcm.lean:131:8: declaration uses 'sorry'
warning: PrimeNumberTheoremAnd/Lcm.lean:152:8: declaration uses 'sorry'
warning: PrimeNumberTheoremAnd/Lcm.lean:185:8: declaration uses 'sorry'
warning: PrimeNumberTheoremAnd/Lcm.lean:187:8: declaration uses 'sorry'
warning: PrimeNumberTheoremAnd/Lcm.lean:189:8: declaration uses 'sorry'
warning: PrimeNumberTheoremAnd/Lcm.lean:224:8: declaration uses 'sorry'
warning: PrimeNumberTheoremAnd/Lcm.lean:226:8: declaration uses 'sorry'
warning: PrimeNumberTheoremAnd/Lcm.lean:228:8: declaration uses 'sorry'
warning: PrimeNumberTheoremAnd/Lcm.lean:278:8: declaration uses 'sorry'
warning: PrimeNumberTheoremAnd/Lcm.lean:322:8: declaration uses 'sorry'
warning: PrimeNumberTheoremAnd/Lcm.lean:350:8: declaration uses 'sorry'
warning: PrimeNumberTheoremAnd/Lcm.lean:440:8: declaration uses 'sorry'
warning: PrimeNumberTheoremAnd/Lcm.lean:460:8: declaration uses 'sorry'
warning: PrimeNumberTheoremAnd/Lcm.lean:484:8: declaration uses 'sorry'
warning: PrimeNumberTheoremAnd/Lcm.lean:517:8: declaration uses 'sorry'
warning: PrimeNumberTheoremAnd/Lcm.lean:554:8: declaration uses 'sorry'
warning: PrimeNumberTheoremAnd/Lcm.lean:593:8: declaration uses 'sorry'
warning: PrimeNumberTheoremAnd/Lcm.lean:595:8: declaration uses 'sorry'
warning: PrimeNumberTheoremAnd/Lcm.lean:624:8: declaration uses 'sorry'
warning: PrimeNumberTheoremAnd/Lcm.lean:626:8: declaration uses 'sorry'
warning: PrimeNumberTheoremAnd/Lcm.lean:651:8: declaration uses 'sorry'
warning: PrimeNumberTheoremAnd/Lcm.lean:675:18: declaration uses 'sorry'
warning: PrimeNumberTheoremAnd/Lcm.lean:675:18: declaration uses 'sorry'
warning: PrimeNumberTheoremAnd/Lcm.lean:675:18: declaration uses 'sorry'
warning: PrimeNumberTheoremAnd/Lcm.lean:675:18: declaration uses 'sorry'
warning: PrimeNumberTheoremAnd/Lcm.lean:675:18: declaration uses 'sorry'
warning: PrimeNumberTheoremAnd/Lcm.lean:675:18: declaration uses 'sorry'
warning: PrimeNumberTheoremAnd/Lcm.lean:675:18: declaration uses 'sorry'
warning: PrimeNumberTheoremAnd/Lcm.lean:675:18: declaration uses 'sorry'
warning: PrimeNumberTheoremAnd/Lcm.lean:675:18: declaration uses 'sorry'
warning: PrimeNumberTheoremAnd/Lcm.lean:706:8: declaration uses 'sorry'
Build completed successfully (3564 jobs).
sorry

Result JSON:
{
  "sorry": {
    "repo": {
      "remote": "https://github.com/AlexKontorovich/PrimeNumberTheoremAnd",
      "branch": "main",
      "commit": "1efa1d238ebf635e3accff64c51f761a313f4cbc",
      "lean_version": "v4.26.0"
    },
    "location": {
      "path": "PrimeNumberTheoremAnd/SecondarySummary.lean",
      "start_line": 60,
      "start_column": 61,
      "end_line": 60,
      "end_column": 66
    },
    "debug_info": {
      "goal": "\u22a2 E\u03c0.vinogradovBound 28e-3 0.801 0.1853 2",
      "url": "https://github.com/AlexKontorovich/PrimeNumberTheoremAnd/blob/1efa1d238ebf635e3accff64c51f761a313f4cbc/PrimeNumberTheoremAnd/SecondarySummary.lean#L60"
    },
    "metadata": {
      "blame_email_hash": "d7f0e4a42bbb",
      "blame_date": "2025-11-30T12:46:56-08:00",
      "inclusion_date": "2025-12-15T21:02:15.014781+00:00"
    },
    "id": "1cd908817168a7d0d3a780aa8f1fd847cef58b5806681b24804a1c6ea9779095"
  },
  "proof": null,
  "proof_verified": false,
  "feedback": null,
  "verification_message": "Error occurred during execution: An error occurred while preparing the Lean REPL. The requested Lean version `v4.26.0` does not match the fetched Lean version in the repository `v4.8.0-rc1`.Please open an issue on GitHub if you think this is a bug.",
  "success": false,
  "error_type": "ValueError",
  "error_message": "An error occurred while preparing the Lean REPL. The requested Lean version `v4.26.0` does not match the fetched Lean version in the repository `v4.8.0-rc1`.Please open an issue on GitHub if you think this is a bug.\n\nTraceback:\nTraceback (most recent call last):\n  File \"/root/SorryDB/sorrydb/cli/run_morphcloud_local.py\", line 247, in <module>\n    proof_verified, error_msg = verify_lean_interact(\n                                ^^^^^^^^^^^^^^^^^^^^^\n  File \"/root/SorryDB/sorrydb/utils/verify_lean_interact.py\", line 89, in verify_lean_interact\n    config = LeanREPLConfig(\n             ^^^^^^^^^^^^^^^\n  File \"/root/.cache/pypoetry/virtualenvs/sorrydb-K-1wbk_P-py3.11/lib/python3.11/site-packages/lean_interact/config.py\", line 151, in __init__\n    self._setup_repl()\n  File \"/root/.cache/pypoetry/virtualenvs/sorrydb-K-1wbk_P-py3.11/lib/python3.11/site-packages/lean_interact/config.py\", line 160, in _setup_repl\n    self._prepare_git_repl()\n  File \"/root/.cache/pypoetry/virtualenvs/sorrydb-K-1wbk_P-py3.11/lib/python3.11/site-packages/lean_interact/config.py\", line 226, in _prepare_git_repl\n    self._validate_and_set_lean_version(get_tag_name)\n  File \"/root/.cache/pypoetry/virtualenvs/sorrydb-K-1wbk_P-py3.11/lib/python3.11/site-packages/lean_interact/config.py\", line 337, in _validate_and_set_lean_version\n    raise ValueError(\nValueError: An error occurred while preparing the Lean REPL. The requested Lean version `v4.26.0` does not match the fetched Lean version in the repository `v4.8.0-rc1`.Please open an issue on GitHub if you think this is a bug.\n"
}

[2025-12-17 15:26:14] [process_single_sorry] STDERR:
None of PyTorch, TensorFlow >= 2.0, or Flax have been found. Models won't be available and only tokenizers, configuration and file/data utilities can be used.
[2025-12-17 15:23:31] [INFO] ================================================================================
[2025-12-17 15:23:31] [INFO] Starting run_morphcloud_local.py
[2025-12-17 15:23:31] [INFO] ================================================================================
[2025-12-17 15:23:31] [INFO] Environment loaded
[2025-12-17 15:23:31] [INFO] Arguments parsed: repo_path=/root/repo, output_path=/root/repo/result.json
[2025-12-17 15:23:31] [INFO] Strategy spec: {"name": "supersimple", "args": {}}...
[2025-12-17 15:23:31] [INFO] Loading sorry data...
[2025-12-17 15:23:31] [INFO] Parsing sorry from JSON string...
[2025-12-17 15:23:31] [INFO] Sorry data parsed from JSON string
[2025-12-17 15:23:31] [INFO] Creating strategy from spec...
[2025-12-17 15:23:31] [INFO] Parsing strategy spec (length: 35 chars)
[2025-12-17 15:23:31] [INFO] Strategy name: supersimple
[2025-12-17 15:23:31] [INFO] Strategy args: {}
[2025-12-17 15:23:31] [INFO] Creating strategy: supersimple
[2025-12-17 15:23:31] [INFO] Strategy created: ProveAllStrategy
[2025-12-17 15:23:31] [INFO] Creating Sorry object...
[2025-12-17 15:23:31] [INFO] Sorry object created: id=1cd908817168a7d0d3a780aa8f1fd847cef58b5806681b24804a1c6ea9779095
[2025-12-17 15:23:31] [INFO] Sorry location: PrimeNumberTheoremAnd/SecondarySummary.lean:60
[2025-12-17 15:23:31] [INFO] Sorry goal: ⊢ Eπ.vinogradovBound 28e-3 0.801 0.1853 2...
[2025-12-17 15:23:31] [INFO] Starting agent proof generation...
[2025-12-17 15:23:31] [INFO] Repository path: /root/repo
[2025-12-17 15:23:31] [INFO] Using LEAN INTERACT verify
[2025-12-17 15:23:31] [INFO] Checking file
[2025-12-17 15:23:55] [INFO] Cannot build modified file PrimeNumberTheoremAnd/tmpo_4ubk90.lean:60:61: error(lean.unknownIdentifier): Unknown identifier `all_goals`

╭─ Error at line 60:77
│  theorem JY_Thm14: Eπ.vinogradovBound 0.028 0.801 0.1853 2 := all_goals intros; first | ((all_goals try rfl) ; (all_goals try simp_all) ; (all_goals try exact?)) | (all_goals ((try rfl) ; (try simp_all) ; (try exact?)))
│                                                                              ^^^
╰─ error: unexpected token ';'; expected command
[2025-12-17 15:23:55] [INFO] Failed to prove with tactic list: ['rfl', 'simp_all', 'exact?'], with error: Cannot build modified file: PrimeNumberTheoremAnd/tmpo_4ubk90.lean:60:61: error(lean.unknownIdentifier): Unknown identifier `all_goals`

╭─ Error at line 60:77
│  theorem JY_Thm14: Eπ.vinogradovBound 0.028 0.801 0.1853 2 := all_goals intros; first | ((all_goals try rfl) ; (all_goals try simp_all) ; (all_goals try exact?)) | (all_goals ((try rfl) ; (try simp_all) ; (try exact?)))
│                                                                              ^^^
╰─ error: unexpected token ';'; expected command

[2025-12-17 15:23:55] [INFO] Using LEAN INTERACT verify
[2025-12-17 15:23:55] [INFO] Checking file
[2025-12-17 15:23:59] [INFO] Cannot build modified file PrimeNumberTheoremAnd/tmpuzyzu429.lean:60:61: error(lean.unknownIdentifier): Unknown identifier `all_goals`

╭─ Error at line 60:77
│  theorem JY_Thm14: Eπ.vinogradovBound 0.028 0.801 0.1853 2 := all_goals intros; first | ((all_goals try grind)) | (all_goals ((try grind)))
│                                                                              ^^^
╰─ error: unexpected token ';'; expected command
[2025-12-17 15:23:59] [INFO] Failed to prove with tactic list: ['grind'], with error: Cannot build modified file: PrimeNumberTheoremAnd/tmpuzyzu429.lean:60:61: error(lean.unknownIdentifier): Unknown identifier `all_goals`

╭─ Error at line 60:77
│  theorem JY_Thm14: Eπ.vinogradovBound 0.028 0.801 0.1853 2 := all_goals intros; first | ((all_goals try grind)) | (all_goals ((try grind)))
│                                                                              ^^^
╰─ error: unexpected token ';'; expected command

[2025-12-17 15:23:59] [INFO] Using LEAN INTERACT verify
[2025-12-17 15:23:59] [INFO] Checking file
[2025-12-17 15:24:02] [INFO] Cannot build modified file PrimeNumberTheoremAnd/tmpxonb1g0c.lean:60:61: error(lean.unknownIdentifier): Unknown identifier `all_goals`

╭─ Error at line 60:77
│  theorem JY_Thm14: Eπ.vinogradovBound 0.028 0.801 0.1853 2 := all_goals intros; first | ((all_goals try ring) ; (all_goals try norm_num) ; (all_goals try omega) ; (all_goals try linarith) ; (all_goals try nlinarith) ; (all_goals try aesop)) | (all_goals ((try ring) ; (try norm_num) ; (try omega) ; (try linarith) ; (try nlinarith) ; (try aesop)))
│                                                                              ^^^
╰─ error: unexpected token ';'; expected command
[2025-12-17 15:24:02] [INFO] Failed to prove with tactic list: ['ring', 'norm_num', 'omega', 'linarith', 'nlinarith', 'aesop'], with error: Cannot build modified file: PrimeNumberTheoremAnd/tmpxonb1g0c.lean:60:61: error(lean.unknownIdentifier): Unknown identifier `all_goals`

╭─ Error at line 60:77
│  theorem JY_Thm14: Eπ.vinogradovBound 0.028 0.801 0.1853 2 := all_goals intros; first | ((all_goals try ring) ; (all_goals try norm_num) ; (all_goals try omega) ; (all_goals try linarith) ; (all_goals try nlinarith) ; (all_goals try aesop)) | (all_goals ((try ring) ; (try norm_num) ; (try omega) ; (try linarith) ; (try nlinarith) ; (try aesop)))
│                                                                              ^^^
╰─ error: unexpected token ';'; expected command

[2025-12-17 15:24:02] [INFO] Agent proof generation completed
[2025-12-17 15:24:02] [INFO] Generated proof:
[2025-12-17 15:24:02] [INFO] Proof length: 5 chars
[2025-12-17 15:24:02] [INFO] Starting proof verification...
[2025-12-17 15:24:02] [INFO] Verifying at: PrimeNumberTheoremAnd/SecondarySummary.lean:60
[2025-12-17 15:24:02] [INFO] Using LEAN INTERACT verify
[2025-12-17 15:24:02] [INFO] Checking file
[2025-12-17 15:24:07] [INFO] Building REPL config
[2025-12-17 15:26:13] [ERROR] Error during execution: ValueError: An error occurred while preparing the Lean REPL. The requested Lean version `v4.26.0` does not match the fetched Lean version in the repository `v4.8.0-rc1`.Please open an issue on GitHub if you think this is a bug.
[2025-12-17 15:26:13] [ERROR] Full traceback:
[2025-12-17 15:26:13] [ERROR] Traceback (most recent call last):
  File "/root/SorryDB/sorrydb/cli/run_morphcloud_local.py", line 247, in <module>
    proof_verified, error_msg = verify_lean_interact(
                                ^^^^^^^^^^^^^^^^^^^^^
  File "/root/SorryDB/sorrydb/utils/verify_lean_interact.py", line 89, in verify_lean_interact
    config = LeanREPLConfig(
             ^^^^^^^^^^^^^^^
  File "/root/.cache/pypoetry/virtualenvs/sorrydb-K-1wbk_P-py3.11/lib/python3.11/site-packages/lean_interact/config.py", line 151, in __init__
    self._setup_repl()
  File "/root/.cache/pypoetry/virtualenvs/sorrydb-K-1wbk_P-py3.11/lib/python3.11/site-packages/lean_interact/config.py", line 160, in _setup_repl
    self._prepare_git_repl()
  File "/root/.cache/pypoetry/virtualenvs/sorrydb-K-1wbk_P-py3.11/lib/python3.11/site-packages/lean_interact/config.py", line 226, in _prepare_git_repl
    self._validate_and_set_lean_version(get_tag_name)
  File "/root/.cache/pypoetry/virtualenvs/sorrydb-K-1wbk_P-py3.11/lib/python3.11/site-packages/lean_interact/config.py", line 337, in _validate_and_set_lean_version
    raise ValueError(
ValueError: An error occurred while preparing the Lean REPL. The requested Lean version `v4.26.0` does not match the fetched Lean version in the repository `v4.8.0-rc1`.Please open an issue on GitHub if you think this is a bug.

[2025-12-17 15:26:13] [INFO] Error result created
[2025-12-17 15:26:13] [INFO] Serializing result to JSON...
[2025-12-17 15:26:13] [INFO] Result JSON size: 2942 chars
[2025-12-17 15:26:13] [INFO] Writing result to file: /root/repo/result.json
[2025-12-17 15:26:13] [INFO] Result file written successfully
[2025-12-17 15:26:13] [INFO] Result exported to: /root/repo/result.json
[2025-12-17 15:26:13] [INFO] run_morphcloud_local.py completed successfully

[2025-12-17 15:26:14] [process_single_sorry] Downloading result file...
[2025-12-17 15:26:14] [process_single_sorry] Downloaded result to outputs/simple/2025-12-17_15-15-09_supersimple/individual/1cd908817168a7d0d3a780aa8f1fd847cef58b5806681b24804a1c6ea9779095.json
[2025-12-17 15:26:18] [process_single_sorry] Instance context closed successfully
[2025-12-17 15:26:18] [process_single_sorry] Parsing result file...
[2025-12-17 15:26:18] [process_single_sorry] Successfully parsed result (dict format)
