[2025-12-17 15:27:13] [process_single_sorry] Starting for sorry d2b61c41de8664677093cd6de9e2d6b227cbbb3bf93254095c9db8086aad9f89
[2025-12-17 15:27:13] [process_single_sorry] Using snapshot: snapshot_qh133sbw
[2025-12-17 15:27:13] [process_single_sorry] Repository: https://github.com/HEPLean/PhysLean@25c552a2c25a922bf5dbdb120a212ea73b365f5b
[2025-12-17 15:27:13] [process_single_sorry] Instance name: PhysLean_25c552a2c25a_supersimple_d2b61c41de8664677093cd6de9e2d6b227cbbb3bf93254095c9db8086aad9f89
[2025-12-17 15:27:13] [process_single_sorry] Starting attempt 1/3
[2025-12-17 15:27:13] [process_single_sorry] Starting instance from snapshot...
[2025-12-17 15:27:15] [process_single_sorry] Instance started successfully: morphvm_5u8ekl5q
[2025-12-17 15:27:15] [process_single_sorry] Creating .env file...
[2025-12-17 15:27:58] [process_single_sorry] .env file created (exit_code: 0)
[2025-12-17 15:27:58] [process_single_sorry] Executing agent command...
[2025-12-17 15:36:21] [process_single_sorry] TimeoutError on attempt 1/3: 
[2025-12-17 15:36:21] [process_single_sorry] Retrying immediately...
[2025-12-17 15:36:21] [process_single_sorry] Starting attempt 2/3
[2025-12-17 15:36:21] [process_single_sorry] Starting instance from snapshot...
[2025-12-17 15:36:23] [process_single_sorry] Instance started successfully: morphvm_vsddq649
[2025-12-17 15:36:23] [process_single_sorry] Creating .env file...
[2025-12-17 15:37:05] [process_single_sorry] .env file created (exit_code: 0)
[2025-12-17 15:37:05] [process_single_sorry] Executing agent command...
[2025-12-17 15:42:22] [process_single_sorry] Agent command completed (exit_code: 0)
[2025-12-17 15:42:22] [process_single_sorry] STDOUT:
Current branch: HEAD
Using cache from origin: leanprover-community/mathlib4
No files to download
Decompressing 7067 file(s)
Unpacked in 9296 ms
Completed successfully!
Build completed successfully.
sorry
[15:41:51] INFO     Updated version-specific REPL cache to commit  config.py:387
                    a7ccc86c540eca3135954e73ca6bb963a835d428                    

Result JSON:
{
  "sorry": {
    "repo": {
      "remote": "https://github.com/HEPLean/PhysLean",
      "branch": "StringsCharges",
      "commit": "25c552a2c25a922bf5dbdb120a212ea73b365f5b",
      "lean_version": "v4.22.0"
    },
    "location": {
      "path": "PhysLean/ClassicalMechanics/HarmonicOscillator/Solution.lean",
      "start_line": 328,
      "start_column": 30,
      "end_line": 328,
      "end_column": 35
    },
    "debug_info": {
      "goal": "S : HarmonicOscillator\nIC : ClassicalMechanics.HarmonicOscillator.InitialConditions\nx : Time \u2192 Space 1\n\u22a2 S.EquationOfMotion x \u2227\n      x 0 = ClassicalMechanics.HarmonicOscillator.InitialConditions.x\u2080 IC \u2227\n        Time.deriv x 0 = ClassicalMechanics.HarmonicOscillator.InitialConditions.v\u2080 IC \u2192\n    x = ClassicalMechanics.HarmonicOscillator.InitialConditions.trajectory S IC",
      "url": "https://github.com/HEPLean/PhysLean/blob/25c552a2c25a922bf5dbdb120a212ea73b365f5b/PhysLean/ClassicalMechanics/HarmonicOscillator/Solution.lean#L328"
    },
    "metadata": {
      "blame_email_hash": "7187e3a9e9f5",
      "blame_date": "2025-09-14T18:48:30+01:00",
      "inclusion_date": "2025-09-17T03:53:50.079672+00:00"
    },
    "id": "d2b61c41de8664677093cd6de9e2d6b227cbbb3bf93254095c9db8086aad9f89"
  },
  "proof": "sorry",
  "proof_verified": false,
  "feedback": null,
  "verification_message": "Expected one less sorry in modified file",
  "success": true,
  "error_type": null,
  "error_message": null
}

[2025-12-17 15:42:22] [process_single_sorry] STDERR:
None of PyTorch, TensorFlow >= 2.0, or Flax have been found. Models won't be available and only tokenizers, configuration and file/data utilities can be used.
[2025-12-17 15:38:21] [INFO] ================================================================================
[2025-12-17 15:38:21] [INFO] Starting run_morphcloud_local.py
[2025-12-17 15:38:21] [INFO] ================================================================================
[2025-12-17 15:38:21] [INFO] Environment loaded
[2025-12-17 15:38:21] [INFO] Arguments parsed: repo_path=/root/repo, output_path=/root/repo/result.json
[2025-12-17 15:38:21] [INFO] Strategy spec: {"name": "supersimple", "args": {}}...
[2025-12-17 15:38:21] [INFO] Loading sorry data...
[2025-12-17 15:38:21] [INFO] Parsing sorry from JSON string...
[2025-12-17 15:38:21] [INFO] Sorry data parsed from JSON string
[2025-12-17 15:38:21] [INFO] Creating strategy from spec...
[2025-12-17 15:38:21] [INFO] Parsing strategy spec (length: 35 chars)
[2025-12-17 15:38:21] [INFO] Strategy name: supersimple
[2025-12-17 15:38:21] [INFO] Strategy args: {}
[2025-12-17 15:38:21] [INFO] Creating strategy: supersimple
[2025-12-17 15:38:21] [INFO] Strategy created: ProveAllStrategy
[2025-12-17 15:38:21] [INFO] Creating Sorry object...
[2025-12-17 15:38:21] [INFO] Sorry object created: id=d2b61c41de8664677093cd6de9e2d6b227cbbb3bf93254095c9db8086aad9f89
[2025-12-17 15:38:21] [INFO] Sorry location: PhysLean/ClassicalMechanics/HarmonicOscillator/Solution.lean:328
[2025-12-17 15:38:21] [INFO] Sorry goal: S : HarmonicOscillator
IC : ClassicalMechanics.HarmonicOscillator.InitialConditions
x : Time → Space...
[2025-12-17 15:38:21] [INFO] Starting agent proof generation...
[2025-12-17 15:38:21] [INFO] Repository path: /root/repo
[2025-12-17 15:38:21] [INFO] Using LEAN INTERACT verify
[2025-12-17 15:38:21] [INFO] Checking file
[2025-12-17 15:40:04] [INFO] Cannot build modified file ╭─ Error at line 328:27
│      x = IC.trajectory S := by all_goals intros; first | ((all_goals try rfl) ; (all_goals try simp_all) ; (all_goals try exact?)) | (all_goals ((try rfl) ; (try simp_all) ; (try exact?)))
│                            ^^^
╰─ error: unsolved goals
S : HarmonicOscillator
IC : InitialConditions
x : Time → Space 1
a✝ : S.EquationOfMotion x ∧ x 0 = IC.x₀ ∧ ∂ₜ x 0 = IC.v₀
⊢ x = trajectory S IC
[2025-12-17 15:40:04] [INFO] Failed to prove with tactic list: ['rfl', 'simp_all', 'exact?'], with error: Cannot build modified file: ╭─ Error at line 328:27
│      x = IC.trajectory S := by all_goals intros; first | ((all_goals try rfl) ; (all_goals try simp_all) ; (all_goals try exact?)) | (all_goals ((try rfl) ; (try simp_all) ; (try exact?)))
│                            ^^^
╰─ error: unsolved goals
S : HarmonicOscillator
IC : InitialConditions
x : Time → Space 1
a✝ : S.EquationOfMotion x ∧ x 0 = IC.x₀ ∧ ∂ₜ x 0 = IC.v₀
⊢ x = trajectory S IC

[2025-12-17 15:40:04] [INFO] Using LEAN INTERACT verify
[2025-12-17 15:40:04] [INFO] Checking file
[2025-12-17 15:40:17] [INFO] Cannot build modified file ╭─ Error at line 328:27
│      x = IC.trajectory S := by all_goals intros; first | ((all_goals try grind)) | (all_goals ((try grind)))
│                            ^^^
╰─ error: unsolved goals
S : HarmonicOscillator
IC : InitialConditions
x : Time → Space 1
a✝ : S.EquationOfMotion x ∧ x 0 = IC.x₀ ∧ ∂ₜ x 0 = IC.v₀
⊢ x = trajectory S IC
[2025-12-17 15:40:17] [INFO] Failed to prove with tactic list: ['grind'], with error: Cannot build modified file: ╭─ Error at line 328:27
│      x = IC.trajectory S := by all_goals intros; first | ((all_goals try grind)) | (all_goals ((try grind)))
│                            ^^^
╰─ error: unsolved goals
S : HarmonicOscillator
IC : InitialConditions
x : Time → Space 1
a✝ : S.EquationOfMotion x ∧ x 0 = IC.x₀ ∧ ∂ₜ x 0 = IC.v₀
⊢ x = trajectory S IC

[2025-12-17 15:40:17] [INFO] Using LEAN INTERACT verify
[2025-12-17 15:40:17] [INFO] Checking file
[2025-12-17 15:40:28] [INFO] Cannot build modified file ╭─ Error at line 328:27
│      x = IC.trajectory S := by all_goals intros; first | ((all_goals try ring) ; (all_goals try norm_num) ; (all_goals try omega) ; (all_goals try linarith) ; (all_goals try nlinarith) ; (all_goals try aesop)) | (all_goals ((try ring) ; (try norm_num) ; (try omega) ; (try linarith) ; (try nlinarith) ; (try aesop)))
│                            ^^^
╰─ error: unsolved goals
S : HarmonicOscillator
IC : InitialConditions
x : Time → Space 1
left : S.EquationOfMotion x
left_1 : x 0 = IC.x₀
right : ∂ₜ x 0 = IC.v₀
⊢ x = trajectory S IC
[2025-12-17 15:40:28] [INFO] Failed to prove with tactic list: ['ring', 'norm_num', 'omega', 'linarith', 'nlinarith', 'aesop'], with error: Cannot build modified file: ╭─ Error at line 328:27
│      x = IC.trajectory S := by all_goals intros; first | ((all_goals try ring) ; (all_goals try norm_num) ; (all_goals try omega) ; (all_goals try linarith) ; (all_goals try nlinarith) ; (all_goals try aesop)) | (all_goals ((try ring) ; (try norm_num) ; (try omega) ; (try linarith) ; (try nlinarith) ; (try aesop)))
│                            ^^^
╰─ error: unsolved goals
S : HarmonicOscillator
IC : InitialConditions
x : Time → Space 1
left : S.EquationOfMotion x
left_1 : x 0 = IC.x₀
right : ∂ₜ x 0 = IC.v₀
⊢ x = trajectory S IC

[2025-12-17 15:40:28] [INFO] Agent proof generation completed
[2025-12-17 15:40:28] [INFO] Generated proof:
[2025-12-17 15:40:28] [INFO] Proof length: 5 chars
[2025-12-17 15:40:28] [INFO] Starting proof verification...
[2025-12-17 15:40:28] [INFO] Verifying at: PhysLean/ClassicalMechanics/HarmonicOscillator/Solution.lean:328
[2025-12-17 15:40:28] [INFO] Using LEAN INTERACT verify
[2025-12-17 15:40:28] [INFO] Checking file
[2025-12-17 15:40:38] [INFO] Building REPL config
[2025-12-17 15:41:51] [INFO] Updated version-specific REPL cache to commit a7ccc86c540eca3135954e73ca6bb963a835d428
[2025-12-17 15:42:10] [INFO] Creating Lean server
[2025-12-17 15:42:10] [INFO] Reading original file with timeout 60
[2025-12-17 15:42:20] [INFO] Received response from original file
[2025-12-17 15:42:20] [INFO] Reading modified file
[2025-12-17 15:42:20] [INFO] Expected one less sorry in modified file
[2025-12-17 15:42:21] [INFO] Proof verification completed
[2025-12-17 15:42:21] [INFO] Proof verified: False
[2025-12-17 15:42:21] [INFO] Verification message: Expected one less sorry in modified file
[2025-12-17 15:42:21] [INFO] Creating result object...
[2025-12-17 15:42:21] [INFO] Result object created
[2025-12-17 15:42:21] [INFO] Serializing result to JSON...
[2025-12-17 15:42:21] [INFO] Result JSON size: 1498 chars
[2025-12-17 15:42:21] [INFO] Writing result to file: /root/repo/result.json
[2025-12-17 15:42:21] [INFO] Result file written successfully
[2025-12-17 15:42:21] [INFO] Result exported to: /root/repo/result.json
[2025-12-17 15:42:21] [INFO] run_morphcloud_local.py completed successfully

[2025-12-17 15:42:22] [process_single_sorry] Downloading result file...
[2025-12-17 15:42:22] [process_single_sorry] Downloaded result to outputs/simple/2025-12-17_15-15-09_supersimple/individual/d2b61c41de8664677093cd6de9e2d6b227cbbb3bf93254095c9db8086aad9f89.json
[2025-12-17 15:42:25] [process_single_sorry] Instance context closed successfully
[2025-12-17 15:42:25] [process_single_sorry] Parsing result file...
[2025-12-17 15:42:25] [process_single_sorry] Successfully parsed result (dict format)
