[2026-01-12 17:51:14] [process_single_sorry] Starting for sorry 0f2bfe3583f5ef5d30aa9915edc43525642737d7ac15068b4c0075fc84afe252
[2026-01-12 17:51:14] [process_single_sorry] Using snapshot: snapshot_syh6yney
[2026-01-12 17:51:14] [process_single_sorry] Repository: https://github.com/YaelDillies/Toric@473f9cef185fb50872b61316a84142d45ae6ed00
[2026-01-12 17:51:14] [process_single_sorry] Instance name: Toric_473f9cef185f_rfl_0f2bfe3583f5ef5d30aa9915edc43525642737d7ac15068b4c0075fc84afe252
[2026-01-12 17:51:14] [process_single_sorry] Starting attempt 1/3
[2026-01-12 17:51:14] [process_single_sorry] Starting instance from snapshot...
[2026-01-12 17:51:16] [process_single_sorry] Instance started successfully: morphvm_n46b5ecp
[2026-01-12 17:51:16] [process_single_sorry] Creating .env file...
[2026-01-12 17:51:20] [process_single_sorry] .env file created (exit_code: 0)
[2026-01-12 17:51:20] [process_single_sorry] Executing agent command...
[2026-01-12 17:53:10] [process_single_sorry] Agent command completed (exit_code: 0)
[2026-01-12 17:53:10] [process_single_sorry] STDOUT:

Results JSON:
[
  {
    "sorry": {
      "repo": {
        "remote": "https://github.com/YaelDillies/Toric",
        "branch": "master",
        "commit": "473f9cef185fb50872b61316a84142d45ae6ed00",
        "lean_version": "v4.26.0"
      },
      "location": {
        "path": "Toric/Mathlib/RingTheory/HopfAlgebra/Convolution.lean",
        "start_line": 163,
        "start_column": 67,
        "end_line": 163,
        "end_column": 72
      },
      "debug_info": {
        "goal": "R : Type u_1\nA : Type u_2\nC : Type u_3\ninst✝⁵ : CommSemiring R\ninst✝⁴ : CommSemiring A\ninst✝³ : CommSemiring C\ninst✝² : HopfAlgebra R A\ninst✝¹ : HopfAlgebra R C\ninst✝ : IsCocomm R C\nf : C →ₐc[R] A\n⊢ f⁻¹ * f = 1",
        "url": "https://github.com/YaelDillies/Toric/blob/473f9cef185fb50872b61316a84142d45ae6ed00/Toric/Mathlib/RingTheory/HopfAlgebra/Convolution.lean#L163"
      },
      "metadata": {
        "blame_email_hash": "97e8591fe714",
        "blame_date": "2025-05-24T18:33:52+00:00",
        "inclusion_date": "2026-01-09T20:13:00.590099+00:00"
      },
      "id": "0f2bfe3583f5ef5d30aa9915edc43525642737d7ac15068b4c0075fc84afe252"
    },
    "proof": null,
    "proof_verified": false,
    "feedback": null,
    "verification_message": "All 1 attempts failed (1 strategies x 1 attempts each)",
    "success": true,
    "error_type": null,
    "error_message": null,
    "strategy_name": "all_failed_k=1",
    "proof_attempts": [
      "rfl"
    ]
  }
]

[2026-01-12 17:53:10] [process_single_sorry] STDERR:
None of PyTorch, TensorFlow >= 2.0, or Flax have been found. Models won't be available and only tokenizers, configuration and file/data utilities can be used.
[2026-01-12 17:51:49] [INFO] ================================================================================
[2026-01-12 17:51:49] [INFO] Starting run_morphcloud_local.py
[2026-01-12 17:51:49] [INFO] ================================================================================
[2026-01-12 17:51:49] [INFO] Environment loaded
[2026-01-12 17:51:49] [INFO] Full command: /root/SorryDB/sorrydb/cli/run_morphcloud_local.py --repo-path /root/repo --sorry-json {"repo": {"remote": "https://github.com/YaelDillies/Toric", "branch": "master", "commit": "473f9cef185fb50872b61316a84142d45ae6ed00", "lean_version": "v4.26.0"}, "location": {"path": "Toric/Mathlib/RingTheory/HopfAlgebra/Convolution.lean", "start_line": 163, "start_column": 67, "end_line": 163, "end_column": 72}, "debug_info": {"goal": "R : Type u_1\nA : Type u_2\nC : Type u_3\ninst\u271d\u2075 : CommSemiring R\ninst\u271d\u2074 : CommSemiring A\ninst\u271d\u00b3 : CommSemiring C\ninst\u271d\u00b2 : HopfAlgebra R A\ninst\u271d\u00b9 : HopfAlgebra R C\ninst\u271d : IsCocomm R C\nf : C \u2192\u2090c[R] A\n\u22a2 f\u207b\u00b9 * f = 1", "url": "https://github.com/YaelDillies/Toric/blob/473f9cef185fb50872b61316a84142d45ae6ed00/Toric/Mathlib/RingTheory/HopfAlgebra/Convolution.lean#L163"}, "metadata": {"blame_email_hash": "97e8591fe714", "blame_date": "2025-05-24T18:33:52+00:00", "inclusion_date": "2026-01-09T20:13:00.590099+00:00"}, "id": "0f2bfe3583f5ef5d30aa9915edc43525642737d7ac15068b4c0075fc84afe252"} --agent-strategy {"name": "rfl", "args": {}}
[2026-01-12 17:51:49] [INFO] Arguments parsed: repo_path=/root/repo, output_path=/root/repo/result.json
[2026-01-12 17:51:49] [INFO] Strategy spec: {"name": "rfl", "args": {}}...
[2026-01-12 17:51:49] [INFO] Loading sorry data...
[2026-01-12 17:51:49] [INFO] Parsing sorry from JSON string...
[2026-01-12 17:51:49] [INFO] Sorry data parsed from JSON string
[2026-01-12 17:51:49] [INFO] Creating strategy from spec...
[2026-01-12 17:51:49] [INFO] Parsing strategy spec (length: 27 chars)
[2026-01-12 17:51:49] [INFO] Strategy name: rfl
[2026-01-12 17:51:49] [INFO] Strategy args: {}
[2026-01-12 17:51:49] [INFO] Pass@k value: 1
[2026-01-12 17:51:49] [INFO] Creating strategy: rfl
[2026-01-12 17:51:49] [INFO] Strategies created: ['RflStrategy']
[2026-01-12 17:51:49] [INFO] Pass@k value: 1
[2026-01-12 17:51:49] [INFO] Creating Sorry object...
[2026-01-12 17:51:49] [INFO] Sorry object created: id=0f2bfe3583f5ef5d30aa9915edc43525642737d7ac15068b4c0075fc84afe252
[2026-01-12 17:51:49] [INFO] Sorry location: Toric/Mathlib/RingTheory/HopfAlgebra/Convolution.lean:163
[2026-01-12 17:51:49] [INFO] Context before sorry (lines 158-163):
[2026-01-12 17:51:49] [INFO]   158: lemma inv_def (f : C →ₐc[R] A) : f⁻¹ = antipodeBialgHom.comp f := rfl
[2026-01-12 17:51:49] [INFO]   159: 
[2026-01-12 17:51:49] [INFO]   160: set_option linter.unusedSectionVars false in
[2026-01-12 17:51:49] [INFO]   161: @[simp] lemma inv_apply (f : C →ₐc[R] A) (c : C) : f⁻¹ c = antipode R (f c) := rfl
[2026-01-12 17:51:49] [INFO]   162: 
[2026-01-12 17:51:49] [INFO]   163: private lemma inv_convMul_cancel (f : C →ₐc[R] A) : f⁻¹ * f = 1 := sorry
[2026-01-12 17:51:49] [INFO] Sorry line: private lemma inv_convMul_cancel (f : C →ₐc[R] A) : f⁻¹ * f = 1 := sorry
[2026-01-12 17:51:49] [INFO] Sorry goal: R : Type u_1
A : Type u_2
C : Type u_3
inst✝⁵ : CommSemiring R
inst✝⁴ : CommSemiring A
inst✝³ : Comm...
[2026-01-12 17:51:49] [INFO] ========================================
[2026-01-12 17:51:49] [INFO] Trying strategy: RflStrategy (up to 1 attempts)
[2026-01-12 17:51:49] [INFO] --------------------
[2026-01-12 17:51:49] [INFO] Strategy RflStrategy, attempt 1/1
[2026-01-12 17:51:49] [INFO] Starting proof generation...
[2026-01-12 17:51:49] [INFO] Repository path: /root/repo
[2026-01-12 17:51:49] [INFO] Proof generation completed
[2026-01-12 17:51:49] [INFO] Generated proof:
[2026-01-12 17:51:49] [INFO] rfl
[2026-01-12 17:51:49] [INFO] Proof length: 3 chars
[2026-01-12 17:51:49] [INFO] Starting proof verification...
[2026-01-12 17:51:49] [INFO] Verifying at: Toric/Mathlib/RingTheory/HopfAlgebra/Convolution.lean:163
[2026-01-12 17:51:49] [INFO] Using LEAN INTERACT verify
[2026-01-12 17:51:49] [INFO] Checking file
[2026-01-12 17:53:09] [INFO] Cannot build modified file <error line="163" column="0">
<code_line>private lemma inv_convMul_cancel (f : C →ₐc[R] A) : f⁻¹ * f = 1 := rfl</code_line>
<message>error: Not a definitional equality: the left-hand side</message>
</error>
  f⁻¹ * f
is not definitionally equal to the right-hand side
  1
<error line="163" column="67">
<code_line>private lemma inv_convMul_cancel (f : C →ₐc[R] A) : f⁻¹ * f = 1 := rfl</code_line>
<message>error: Type mismatch</message>
</error>
  rfl
has type
  ?m.26 = ?m.26
but is expected to have type
  f⁻¹ * f = 1
[2026-01-12 17:53:09] [INFO] Proof verification completed
[2026-01-12 17:53:09] [INFO] Strategy RflStrategy attempt 1: verified=False
[2026-01-12 17:53:09] [INFO] Verification message: Cannot build modified file: <error line="163" column="0">
<code_line>private lemma inv_convMul_cancel (f : C →ₐc[R] A) : f⁻¹ * f = 1 := rfl</code_line>
<message>error: Not a definitional equality: the left-hand side</message>
</error>
  f⁻¹ * f
is not definitionally equal to the right-hand side
  1
<error line="163" column="67">
<code_line>private lemma inv_convMul_cancel (f : C →ₐc[R] A) : f⁻¹ * f = 1 := rfl</code_line>
<message>error: Type mismatch</message>
</error>
  rfl
has type
  ?m.26 = ?m.26
but is expected to have type
  f⁻¹ * f = 1

[2026-01-12 17:53:09] [INFO] Attempt 1 failed verification, continuing...
[2026-01-12 17:53:09] [INFO] ========================================
[2026-01-12 17:53:09] [INFO] Pass@k completed. Total results: 1
[2026-01-12 17:53:09] [INFO] FAILED: All 1 strategies x 1 attempts
[2026-01-12 17:53:09] [INFO] Writing results to file: /root/repo/result.json
[2026-01-12 17:53:09] [INFO] Result file written successfully
[2026-01-12 17:53:09] [INFO] Results exported to: /root/repo/result.json
[2026-01-12 17:53:09] [INFO] run_morphcloud_local.py completed successfully

[2026-01-12 17:53:10] [process_single_sorry] Downloading result file...
[2026-01-12 17:53:11] [process_single_sorry] Downloaded result to intermediate_experiment_outputs_full_reservoir_3_months/rfl/2026-01-12_15-54-17_rfl/individual/0f2bfe3583f5ef5d30aa9915edc43525642737d7ac15068b4c0075fc84afe252.json
[2026-01-12 17:53:13] [process_single_sorry] Instance context closed successfully
[2026-01-12 17:53:13] [process_single_sorry] Parsing result file...
[2026-01-12 17:53:13] [process_single_sorry] Successfully parsed result (list format, 1 results)
