[2026-01-12 17:51:38] [process_single_sorry] Starting for sorry 1bf6e3f83266c0918a10ef0f219d73d522a7a65bcc66a5e847d54183d1aff753
[2026-01-12 17:51:38] [process_single_sorry] Using snapshot: snapshot_rprae3lj
[2026-01-12 17:51:38] [process_single_sorry] Repository: https://github.com/YellPika/quasi-borel-spaces@8b7a20cef02945dbb9544e09b4f09f268cc18abe
[2026-01-12 17:51:38] [process_single_sorry] Instance name: quasi-borel-spaces_8b7a20cef029_rfl_1bf6e3f83266c0918a10ef0f219d73d522a7a65bcc66a5e847d54183d1aff753
[2026-01-12 17:51:38] [process_single_sorry] Starting attempt 1/3
[2026-01-12 17:51:38] [process_single_sorry] Starting instance from snapshot...
[2026-01-12 17:51:47] [process_single_sorry] Instance started successfully: morphvm_xybucpjo
[2026-01-12 17:51:47] [process_single_sorry] Creating .env file...
[2026-01-12 17:51:50] [process_single_sorry] .env file created (exit_code: 0)
[2026-01-12 17:51:50] [process_single_sorry] Executing agent command...
[2026-01-12 17:52:37] [process_single_sorry] Agent command completed (exit_code: 0)
[2026-01-12 17:52:37] [process_single_sorry] STDOUT:

Results JSON:
[
  {
    "sorry": {
      "repo": {
        "remote": "https://github.com/YellPika/quasi-borel-spaces",
        "branch": "main",
        "commit": "8b7a20cef02945dbb9544e09b4f09f268cc18abe",
        "lean_version": "v4.26.0-rc2"
      },
      "location": {
        "path": "QuasiBorelSpaces/ProbabilisticPowerdomain.lean",
        "start_line": 121,
        "start_column": 4,
        "end_line": 121,
        "end_column": 9
      },
      "debug_info": {
        "goal": "case hpres\nX : Type u_1\ninst✝ : OmegaQuasiBorelSpace X\n⊢ Measure.map sorry volume = volume.prod volume",
        "url": "https://github.com/YellPika/quasi-borel-spaces/blob/8b7a20cef02945dbb9544e09b4f09f268cc18abe/QuasiBorelSpaces/ProbabilisticPowerdomain.lean#L121"
      },
      "metadata": {
        "blame_email_hash": "bc4725fde93b",
        "blame_date": "2025-11-25T12:47:03-05:00",
        "inclusion_date": "2026-01-09T20:28:15.843747+00:00"
      },
      "id": "1bf6e3f83266c0918a10ef0f219d73d522a7a65bcc66a5e847d54183d1aff753"
    },
    "proof": null,
    "proof_verified": false,
    "feedback": null,
    "verification_message": "All 1 attempts failed (1 strategies x 1 attempts each)",
    "success": true,
    "error_type": null,
    "error_message": null,
    "strategy_name": "all_failed_k=1",
    "proof_attempts": [
      "rfl"
    ]
  }
]

[2026-01-12 17:52:37] [process_single_sorry] STDERR:
None of PyTorch, TensorFlow >= 2.0, or Flax have been found. Models won't be available and only tokenizers, configuration and file/data utilities can be used.
[2026-01-12 17:52:08] [INFO] ================================================================================
[2026-01-12 17:52:08] [INFO] Starting run_morphcloud_local.py
[2026-01-12 17:52:08] [INFO] ================================================================================
[2026-01-12 17:52:08] [INFO] Environment loaded
[2026-01-12 17:52:08] [INFO] Full command: /root/SorryDB/sorrydb/cli/run_morphcloud_local.py --repo-path /root/repo --sorry-json {"repo": {"remote": "https://github.com/YellPika/quasi-borel-spaces", "branch": "main", "commit": "8b7a20cef02945dbb9544e09b4f09f268cc18abe", "lean_version": "v4.26.0-rc2"}, "location": {"path": "QuasiBorelSpaces/ProbabilisticPowerdomain.lean", "start_line": 121, "start_column": 4, "end_line": 121, "end_column": 9}, "debug_info": {"goal": "case hpres\nX : Type u_1\ninst\u271d : OmegaQuasiBorelSpace X\n\u22a2 Measure.map sorry volume = volume.prod volume", "url": "https://github.com/YellPika/quasi-borel-spaces/blob/8b7a20cef02945dbb9544e09b4f09f268cc18abe/QuasiBorelSpaces/ProbabilisticPowerdomain.lean#L121"}, "metadata": {"blame_email_hash": "bc4725fde93b", "blame_date": "2025-11-25T12:47:03-05:00", "inclusion_date": "2026-01-09T20:28:15.843747+00:00"}, "id": "1bf6e3f83266c0918a10ef0f219d73d522a7a65bcc66a5e847d54183d1aff753"} --agent-strategy {"name": "rfl", "args": {}}
[2026-01-12 17:52:08] [INFO] Arguments parsed: repo_path=/root/repo, output_path=/root/repo/result.json
[2026-01-12 17:52:08] [INFO] Strategy spec: {"name": "rfl", "args": {}}...
[2026-01-12 17:52:08] [INFO] Loading sorry data...
[2026-01-12 17:52:08] [INFO] Parsing sorry from JSON string...
[2026-01-12 17:52:08] [INFO] Sorry data parsed from JSON string
[2026-01-12 17:52:08] [INFO] Creating strategy from spec...
[2026-01-12 17:52:08] [INFO] Parsing strategy spec (length: 27 chars)
[2026-01-12 17:52:08] [INFO] Strategy name: rfl
[2026-01-12 17:52:08] [INFO] Strategy args: {}
[2026-01-12 17:52:08] [INFO] Pass@k value: 1
[2026-01-12 17:52:08] [INFO] Creating strategy: rfl
[2026-01-12 17:52:08] [INFO] Strategies created: ['RflStrategy']
[2026-01-12 17:52:08] [INFO] Pass@k value: 1
[2026-01-12 17:52:08] [INFO] Creating Sorry object...
[2026-01-12 17:52:08] [INFO] Sorry object created: id=1bf6e3f83266c0918a10ef0f219d73d522a7a65bcc66a5e847d54183d1aff753
[2026-01-12 17:52:08] [INFO] Sorry location: QuasiBorelSpaces/ProbabilisticPowerdomain.lean:121
[2026-01-12 17:52:08] [INFO] Context before sorry (lines 116-121):
[2026-01-12 17:52:08] [INFO]   116: noncomputable def defaultRandomSplit : RandomSplit := by
[2026-01-12 17:52:08] [INFO]   117:   classical
[2026-01-12 17:52:08] [INFO]   118:   refine ⟨?φ, ?hφ, ?hpres⟩
[2026-01-12 17:52:08] [INFO]   119:   · sorry
[2026-01-12 17:52:08] [INFO]   120:   · sorry
[2026-01-12 17:52:08] [INFO]   121:   · sorry
[2026-01-12 17:52:08] [INFO] Sorry line:   · sorry
[2026-01-12 17:52:08] [INFO] Sorry goal: case hpres
X : Type u_1
inst✝ : OmegaQuasiBorelSpace X
⊢ Measure.map sorry volume = volume.prod volu...
[2026-01-12 17:52:08] [INFO] ========================================
[2026-01-12 17:52:08] [INFO] Trying strategy: RflStrategy (up to 1 attempts)
[2026-01-12 17:52:08] [INFO] --------------------
[2026-01-12 17:52:08] [INFO] Strategy RflStrategy, attempt 1/1
[2026-01-12 17:52:08] [INFO] Starting proof generation...
[2026-01-12 17:52:08] [INFO] Repository path: /root/repo
[2026-01-12 17:52:08] [INFO] Proof generation completed
[2026-01-12 17:52:08] [INFO] Generated proof:
[2026-01-12 17:52:08] [INFO] rfl
[2026-01-12 17:52:08] [INFO] Proof length: 3 chars
[2026-01-12 17:52:08] [INFO] Starting proof verification...
[2026-01-12 17:52:08] [INFO] Verifying at: QuasiBorelSpaces/ProbabilisticPowerdomain.lean:121
[2026-01-12 17:52:08] [INFO] Using LEAN INTERACT verify
[2026-01-12 17:52:08] [INFO] Checking file
[2026-01-12 17:52:37] [INFO] Cannot build modified file <error line="121" column="4">
<code_line>  · rfl</code_line>
<message>error: Tactic `rfl` failed: The left-hand side</message>
</error>
  Measure.map sorry volume
is not definitionally equal to the right-hand side
  volume.prod volume

case hpres
X : Type u_1
inst✝ : OmegaQuasiBorelSpace X
⊢ Measure.map sorry volume = volume.prod volume
[2026-01-12 17:52:37] [INFO] Proof verification completed
[2026-01-12 17:52:37] [INFO] Strategy RflStrategy attempt 1: verified=False
[2026-01-12 17:52:37] [INFO] Verification message: Cannot build modified file: <error line="121" column="4">
<code_line>  · rfl</code_line>
<message>error: Tactic `rfl` failed: The left-hand side</message>
</error>
  Measure.map sorry volume
is not definitionally equal to the right-hand side
  volume.prod volume

case hpres
X : Type u_1
inst✝ : OmegaQuasiBorelSpace X
⊢ Measure.map sorry volume = volume.prod volume

[2026-01-12 17:52:37] [INFO] Attempt 1 failed verification, continuing...
[2026-01-12 17:52:37] [INFO] ========================================
[2026-01-12 17:52:37] [INFO] Pass@k completed. Total results: 1
[2026-01-12 17:52:37] [INFO] FAILED: All 1 strategies x 1 attempts
[2026-01-12 17:52:37] [INFO] Writing results to file: /root/repo/result.json
[2026-01-12 17:52:37] [INFO] Result file written successfully
[2026-01-12 17:52:37] [INFO] Results exported to: /root/repo/result.json
[2026-01-12 17:52:37] [INFO] run_morphcloud_local.py completed successfully

[2026-01-12 17:52:37] [process_single_sorry] Downloading result file...
[2026-01-12 17:52:38] [process_single_sorry] Downloaded result to intermediate_experiment_outputs_full_reservoir_3_months/rfl/2026-01-12_15-54-17_rfl/individual/1bf6e3f83266c0918a10ef0f219d73d522a7a65bcc66a5e847d54183d1aff753.json
[2026-01-12 17:52:40] [process_single_sorry] Instance context closed successfully
[2026-01-12 17:52:40] [process_single_sorry] Parsing result file...
[2026-01-12 17:52:40] [process_single_sorry] Successfully parsed result (list format, 1 results)
