[2026-01-12 18:12:58] [process_single_sorry] Starting for sorry 528661e09c5ef031b0e99404e7a8ff5640bb42ab242e73b55a6e22e61313317c
[2026-01-12 18:12:58] [process_single_sorry] Using snapshot: snapshot_vgom4ltq
[2026-01-12 18:12:58] [process_single_sorry] Repository: https://github.com/knowsys/Formale-Systeme-in-LEAN@ba05b7c08b42f31c9886795e9462fd5f82628bb7
[2026-01-12 18:12:58] [process_single_sorry] Instance name: Formale-Systeme-in-LEAN_ba05b7c08b42_rfl_528661e09c5ef031b0e99404e7a8ff5640bb42ab242e73b55a6e22e61313317c
[2026-01-12 18:12:58] [process_single_sorry] Starting attempt 1/3
[2026-01-12 18:12:58] [process_single_sorry] Starting instance from snapshot...
[2026-01-12 18:12:59] [process_single_sorry] Instance started successfully: morphvm_mf1g4p3q
[2026-01-12 18:12:59] [process_single_sorry] Creating .env file...
[2026-01-12 18:13:07] [process_single_sorry] .env file created (exit_code: 0)
[2026-01-12 18:13:07] [process_single_sorry] Executing agent command...
[2026-01-12 18:14:39] [process_single_sorry] Agent command completed (exit_code: 0)
[2026-01-12 18:14:39] [process_single_sorry] STDOUT:

Results JSON:
[
  {
    "sorry": {
      "repo": {
        "remote": "https://github.com/knowsys/Formale-Systeme-in-LEAN",
        "branch": "main",
        "commit": "ba05b7c08b42f31c9886795e9462fd5f82628bb7",
        "lean_version": "v4.24.0"
      },
      "location": {
        "path": "FormaleSystemeInLean/Chomsky/ContextFree/Theorems.lean",
        "start_line": 52,
        "start_column": 2,
        "end_line": 52,
        "end_column": 7
      },
      "debug_info": {
        "goal": "α nt : Type\n⊢ ∀ (word : Word α) (G : ContextFreeGrammar α nt),\n    word ∈ coerceLang α G.Z G.GeneratedLanguage → ∃ word₂ ∈ G.GeneratedLanguage, coerceWord α G.Z word₂ = word",
        "url": "https://github.com/knowsys/Formale-Systeme-in-LEAN/blob/ba05b7c08b42f31c9886795e9462fd5f82628bb7/FormaleSystemeInLean/Chomsky/ContextFree/Theorems.lean#L52"
      },
      "metadata": {
        "blame_email_hash": "aec9bd29b56a",
        "blame_date": "2024-07-11T15:19:22+02:00",
        "inclusion_date": "2026-01-10T14:08:07.173266+00:00"
      },
      "id": "528661e09c5ef031b0e99404e7a8ff5640bb42ab242e73b55a6e22e61313317c"
    },
    "proof": null,
    "proof_verified": false,
    "feedback": null,
    "verification_message": "All 1 attempts failed (1 strategies x 1 attempts each)",
    "success": true,
    "error_type": null,
    "error_message": null,
    "strategy_name": "all_failed_k=1",
    "proof_attempts": [
      "rfl"
    ]
  }
]

[2026-01-12 18:14:39] [process_single_sorry] STDERR:
None of PyTorch, TensorFlow >= 2.0, or Flax have been found. Models won't be available and only tokenizers, configuration and file/data utilities can be used.
[2026-01-12 18:13:35] [INFO] ================================================================================
[2026-01-12 18:13:35] [INFO] Starting run_morphcloud_local.py
[2026-01-12 18:13:35] [INFO] ================================================================================
[2026-01-12 18:13:35] [INFO] Environment loaded
[2026-01-12 18:13:35] [INFO] Full command: /root/SorryDB/sorrydb/cli/run_morphcloud_local.py --repo-path /root/repo --sorry-json {"repo": {"remote": "https://github.com/knowsys/Formale-Systeme-in-LEAN", "branch": "main", "commit": "ba05b7c08b42f31c9886795e9462fd5f82628bb7", "lean_version": "v4.24.0"}, "location": {"path": "FormaleSystemeInLean/Chomsky/ContextFree/Theorems.lean", "start_line": 52, "start_column": 2, "end_line": 52, "end_column": 7}, "debug_info": {"goal": "\u03b1 nt : Type\n\u22a2 \u2200 (word : Word \u03b1) (G : ContextFreeGrammar \u03b1 nt),\n    word \u2208 coerceLang \u03b1 G.Z G.GeneratedLanguage \u2192 \u2203 word\u2082 \u2208 G.GeneratedLanguage, coerceWord \u03b1 G.Z word\u2082 = word", "url": "https://github.com/knowsys/Formale-Systeme-in-LEAN/blob/ba05b7c08b42f31c9886795e9462fd5f82628bb7/FormaleSystemeInLean/Chomsky/ContextFree/Theorems.lean#L52"}, "metadata": {"blame_email_hash": "aec9bd29b56a", "blame_date": "2024-07-11T15:19:22+02:00", "inclusion_date": "2026-01-10T14:08:07.173266+00:00"}, "id": "528661e09c5ef031b0e99404e7a8ff5640bb42ab242e73b55a6e22e61313317c"} --agent-strategy {"name": "rfl", "args": {}}
[2026-01-12 18:13:35] [INFO] Arguments parsed: repo_path=/root/repo, output_path=/root/repo/result.json
[2026-01-12 18:13:35] [INFO] Strategy spec: {"name": "rfl", "args": {}}...
[2026-01-12 18:13:35] [INFO] Loading sorry data...
[2026-01-12 18:13:35] [INFO] Parsing sorry from JSON string...
[2026-01-12 18:13:35] [INFO] Sorry data parsed from JSON string
[2026-01-12 18:13:35] [INFO] Creating strategy from spec...
[2026-01-12 18:13:35] [INFO] Parsing strategy spec (length: 27 chars)
[2026-01-12 18:13:35] [INFO] Strategy name: rfl
[2026-01-12 18:13:35] [INFO] Strategy args: {}
[2026-01-12 18:13:35] [INFO] Pass@k value: 1
[2026-01-12 18:13:35] [INFO] Creating strategy: rfl
[2026-01-12 18:13:35] [INFO] Strategies created: ['RflStrategy']
[2026-01-12 18:13:35] [INFO] Pass@k value: 1
[2026-01-12 18:13:35] [INFO] Creating Sorry object...
[2026-01-12 18:13:35] [INFO] Sorry object created: id=528661e09c5ef031b0e99404e7a8ff5640bb42ab242e73b55a6e22e61313317c
[2026-01-12 18:13:35] [INFO] Sorry location: FormaleSystemeInLean/Chomsky/ContextFree/Theorems.lean:52
[2026-01-12 18:13:35] [INFO] Context before sorry (lines 47-52):
[2026-01-12 18:13:35] [INFO]   47:   language that is of the type of the context-free grammar's terminal symbol finset.-/
[2026-01-12 18:13:35] [INFO]   48: theorem coerceCFGLang_mem_imp_word_of_type :
[2026-01-12 18:13:35] [INFO]   49:   ∀ word : Word α, ∀ G : ContextFreeGrammar α nt,
[2026-01-12 18:13:35] [INFO]   50:   word ∈ coerceLang G.GeneratedLanguage →
[2026-01-12 18:13:35] [INFO]   51:   ∃ word₂ : Word G.Z, word₂ ∈ G.GeneratedLanguage ∧ coerceWord word₂ = word := by
[2026-01-12 18:13:35] [INFO]   52:   sorry
[2026-01-12 18:13:35] [INFO] Sorry line:   sorry
[2026-01-12 18:13:35] [INFO] Sorry goal: α nt : Type
⊢ ∀ (word : Word α) (G : ContextFreeGrammar α nt),
    word ∈ coerceLang α G.Z G.Generat...
[2026-01-12 18:13:35] [INFO] ========================================
[2026-01-12 18:13:35] [INFO] Trying strategy: RflStrategy (up to 1 attempts)
[2026-01-12 18:13:35] [INFO] --------------------
[2026-01-12 18:13:35] [INFO] Strategy RflStrategy, attempt 1/1
[2026-01-12 18:13:35] [INFO] Starting proof generation...
[2026-01-12 18:13:35] [INFO] Repository path: /root/repo
[2026-01-12 18:13:35] [INFO] Proof generation completed
[2026-01-12 18:13:35] [INFO] Generated proof:
[2026-01-12 18:13:35] [INFO] rfl
[2026-01-12 18:13:35] [INFO] Proof length: 3 chars
[2026-01-12 18:13:35] [INFO] Starting proof verification...
[2026-01-12 18:13:35] [INFO] Verifying at: FormaleSystemeInLean/Chomsky/ContextFree/Theorems.lean:52
[2026-01-12 18:13:35] [INFO] Using LEAN INTERACT verify
[2026-01-12 18:13:35] [INFO] Checking file
[2026-01-12 18:14:36] [INFO] Cannot build modified file <error line="52" column="2">
<code_line>  rfl</code_line>
<message>error: Tactic `rfl` failed: Expected the goal to be a binary relation</message>
</error>

Hint: Reflexivity tactics can only be used on goals of the form `x ~ x` or `R x x`

α nt : Type
⊢ ∀ (word : Word α) (G : ContextFreeGrammar α nt),
    word ∈ coerceLang G.GeneratedLanguage → ∃ word₂ ∈ G.GeneratedLanguage, coerceWord word₂ = word
[2026-01-12 18:14:36] [INFO] Proof verification completed
[2026-01-12 18:14:36] [INFO] Strategy RflStrategy attempt 1: verified=False
[2026-01-12 18:14:36] [INFO] Verification message: Cannot build modified file: <error line="52" column="2">
<code_line>  rfl</code_line>
<message>error: Tactic `rfl` failed: Expected the goal to be a binary relation</message>
</error>

Hint: Reflexivity tactics can only be used on goals of the form `x ~ x` or `R x x`

α nt : Type
⊢ ∀ (word : Word α) (G : ContextFreeGrammar α nt),
    word ∈ coerceLang G.GeneratedLanguage → ∃ word₂ ∈ G.GeneratedLanguage, coerceWord word₂ = word

[2026-01-12 18:14:36] [INFO] Attempt 1 failed verification, continuing...
[2026-01-12 18:14:36] [INFO] ========================================
[2026-01-12 18:14:36] [INFO] Pass@k completed. Total results: 1
[2026-01-12 18:14:36] [INFO] FAILED: All 1 strategies x 1 attempts
[2026-01-12 18:14:36] [INFO] Writing results to file: /root/repo/result.json
[2026-01-12 18:14:36] [INFO] Result file written successfully
[2026-01-12 18:14:36] [INFO] Results exported to: /root/repo/result.json
[2026-01-12 18:14:36] [INFO] run_morphcloud_local.py completed successfully

[2026-01-12 18:14:39] [process_single_sorry] Downloading result file...
[2026-01-12 18:14:42] [process_single_sorry] Downloaded result to intermediate_experiment_outputs_full_reservoir_3_months/rfl/2026-01-12_15-54-17_rfl/individual/528661e09c5ef031b0e99404e7a8ff5640bb42ab242e73b55a6e22e61313317c.json
[2026-01-12 18:14:44] [process_single_sorry] Instance context closed successfully
[2026-01-12 18:14:44] [process_single_sorry] Parsing result file...
[2026-01-12 18:14:44] [process_single_sorry] Successfully parsed result (list format, 1 results)
