[2026-01-12 18:44:38] [process_single_sorry] Starting for sorry 52a98fab8f3e329069f76616d18af57ec45de54ba53b03d64e9b65d3207c9fe1
[2026-01-12 18:44:38] [process_single_sorry] Using snapshot: snapshot_qlrr1re2
[2026-01-12 18:44:38] [process_single_sorry] Repository: https://github.com/google-deepmind/formal-conjectures@40df92c5af58a2a2592dfe7b2dd967cb5942db42
[2026-01-12 18:44:38] [process_single_sorry] Instance name: formal-conjectures_40df92c5af58_rfl_52a98fab8f3e329069f76616d18af57ec45de54ba53b03d64e9b65d3207c9fe1
[2026-01-12 18:44:38] [process_single_sorry] Starting attempt 1/3
[2026-01-12 18:44:38] [process_single_sorry] Starting instance from snapshot...
[2026-01-12 18:44:47] [process_single_sorry] Instance started successfully: morphvm_ti7h0di1
[2026-01-12 18:44:47] [process_single_sorry] Creating .env file...
[2026-01-12 18:45:29] [process_single_sorry] .env file created (exit_code: 0)
[2026-01-12 18:45:29] [process_single_sorry] Executing agent command...
[2026-01-12 18:48:09] [process_single_sorry] Agent command completed (exit_code: 0)
[2026-01-12 18:48:09] [process_single_sorry] STDOUT:

Results JSON:
[
  {
    "sorry": {
      "repo": {
        "remote": "https://github.com/google-deepmind/formal-conjectures",
        "branch": "test",
        "commit": "40df92c5af58a2a2592dfe7b2dd967cb5942db42",
        "lean_version": "v4.22.0"
      },
      "location": {
        "path": "FormalConjectures/ErdosProblems/153.lean",
        "start_line": 44,
        "start_column": 2,
        "end_line": 44,
        "end_column": 7
      },
      "debug_info": {
        "goal": "⊢ sorry ↔ Tendsto Erdos153.f atTop atTop",
        "url": "https://github.com/google-deepmind/formal-conjectures/blob/40df92c5af58a2a2592dfe7b2dd967cb5942db42/FormalConjectures/ErdosProblems/153.lean#L44"
      },
      "metadata": {
        "blame_email_hash": "772e0408a85a",
        "blame_date": "2026-01-08T00:38:26-05:00",
        "inclusion_date": "2026-01-10T04:12:41.315622+00:00"
      },
      "id": "52a98fab8f3e329069f76616d18af57ec45de54ba53b03d64e9b65d3207c9fe1"
    },
    "proof": null,
    "proof_verified": false,
    "feedback": null,
    "verification_message": "All 1 attempts failed (1 strategies x 1 attempts each)",
    "success": true,
    "error_type": null,
    "error_message": null,
    "strategy_name": "all_failed_k=1",
    "proof_attempts": [
      "rfl"
    ]
  }
]

[2026-01-12 18:48:09] [process_single_sorry] STDERR:
None of PyTorch, TensorFlow >= 2.0, or Flax have been found. Models won't be available and only tokenizers, configuration and file/data utilities can be used.
[2026-01-12 18:45:57] [INFO] ================================================================================
[2026-01-12 18:45:57] [INFO] Starting run_morphcloud_local.py
[2026-01-12 18:45:57] [INFO] ================================================================================
[2026-01-12 18:45:57] [INFO] Environment loaded
[2026-01-12 18:45:57] [INFO] Full command: /root/SorryDB/sorrydb/cli/run_morphcloud_local.py --repo-path /root/repo --sorry-json {"repo": {"remote": "https://github.com/google-deepmind/formal-conjectures", "branch": "test", "commit": "40df92c5af58a2a2592dfe7b2dd967cb5942db42", "lean_version": "v4.22.0"}, "location": {"path": "FormalConjectures/ErdosProblems/153.lean", "start_line": 44, "start_column": 2, "end_line": 44, "end_column": 7}, "debug_info": {"goal": "\u22a2 sorry \u2194 Tendsto Erdos153.f atTop atTop", "url": "https://github.com/google-deepmind/formal-conjectures/blob/40df92c5af58a2a2592dfe7b2dd967cb5942db42/FormalConjectures/ErdosProblems/153.lean#L44"}, "metadata": {"blame_email_hash": "772e0408a85a", "blame_date": "2026-01-08T00:38:26-05:00", "inclusion_date": "2026-01-10T04:12:41.315622+00:00"}, "id": "52a98fab8f3e329069f76616d18af57ec45de54ba53b03d64e9b65d3207c9fe1"} --agent-strategy {"name": "rfl", "args": {}}
[2026-01-12 18:45:57] [INFO] Arguments parsed: repo_path=/root/repo, output_path=/root/repo/result.json
[2026-01-12 18:45:57] [INFO] Strategy spec: {"name": "rfl", "args": {}}...
[2026-01-12 18:45:57] [INFO] Loading sorry data...
[2026-01-12 18:45:57] [INFO] Parsing sorry from JSON string...
[2026-01-12 18:45:57] [INFO] Sorry data parsed from JSON string
[2026-01-12 18:45:57] [INFO] Creating strategy from spec...
[2026-01-12 18:45:57] [INFO] Parsing strategy spec (length: 27 chars)
[2026-01-12 18:45:57] [INFO] Strategy name: rfl
[2026-01-12 18:45:57] [INFO] Strategy args: {}
[2026-01-12 18:45:57] [INFO] Pass@k value: 1
[2026-01-12 18:45:57] [INFO] Creating strategy: rfl
[2026-01-12 18:45:57] [INFO] Strategies created: ['RflStrategy']
[2026-01-12 18:45:57] [INFO] Pass@k value: 1
[2026-01-12 18:45:57] [INFO] Creating Sorry object...
[2026-01-12 18:45:57] [INFO] Sorry object created: id=52a98fab8f3e329069f76616d18af57ec45de54ba53b03d64e9b65d3207c9fe1
[2026-01-12 18:45:57] [INFO] Sorry location: FormalConjectures/ErdosProblems/153.lean:44
[2026-01-12 18:45:57] [INFO] Context before sorry (lines 39-44):
[2026-01-12 18:45:57] [INFO]   39:   ∑ i : Set.Ico 1 ((A.1 + A).card), (s ⟨i, i.2.2⟩ - s ⟨i - 1, by grind⟩) ^ 2 / (n : ℝ)
[2026-01-12 18:45:57] [INFO]   40: 
[2026-01-12 18:45:57] [INFO]   41: /-- Must `lim f n = ∞`? -/
[2026-01-12 18:45:57] [INFO]   42: @[category research open, AMS 5]
[2026-01-12 18:45:57] [INFO]   43: theorem erdos_153 : answer(sorry) ↔ Tendsto f atTop atTop := by
[2026-01-12 18:45:57] [INFO]   44:   sorry
[2026-01-12 18:45:57] [INFO] Sorry line:   sorry
[2026-01-12 18:45:57] [INFO] Sorry goal: ⊢ sorry ↔ Tendsto Erdos153.f atTop atTop...
[2026-01-12 18:45:57] [INFO] ========================================
[2026-01-12 18:45:57] [INFO] Trying strategy: RflStrategy (up to 1 attempts)
[2026-01-12 18:45:57] [INFO] --------------------
[2026-01-12 18:45:57] [INFO] Strategy RflStrategy, attempt 1/1
[2026-01-12 18:45:57] [INFO] Starting proof generation...
[2026-01-12 18:45:57] [INFO] Repository path: /root/repo
[2026-01-12 18:45:57] [INFO] Proof generation completed
[2026-01-12 18:45:57] [INFO] Generated proof:
[2026-01-12 18:45:57] [INFO] rfl
[2026-01-12 18:45:57] [INFO] Proof length: 3 chars
[2026-01-12 18:45:57] [INFO] Starting proof verification...
[2026-01-12 18:45:57] [INFO] Verifying at: FormalConjectures/ErdosProblems/153.lean:44
[2026-01-12 18:45:57] [INFO] Using LEAN INTERACT verify
[2026-01-12 18:45:57] [INFO] Checking file
[2026-01-12 18:48:08] [INFO] Cannot build modified file <error line="44" column="2">
<code_line>  rfl</code_line>
<message>error: tactic 'rfl' failed, the left-hand side</message>
</error>
  sorry
is not definitionally equal to the right-hand side
  Tendsto f atTop atTop
⊢ sorry ↔ Tendsto f atTop atTop
[2026-01-12 18:48:08] [INFO] Proof verification completed
[2026-01-12 18:48:08] [INFO] Strategy RflStrategy attempt 1: verified=False
[2026-01-12 18:48:08] [INFO] Verification message: Cannot build modified file: <error line="44" column="2">
<code_line>  rfl</code_line>
<message>error: tactic 'rfl' failed, the left-hand side</message>
</error>
  sorry
is not definitionally equal to the right-hand side
  Tendsto f atTop atTop
⊢ sorry ↔ Tendsto f atTop atTop

[2026-01-12 18:48:08] [INFO] Attempt 1 failed verification, continuing...
[2026-01-12 18:48:08] [INFO] ========================================
[2026-01-12 18:48:08] [INFO] Pass@k completed. Total results: 1
[2026-01-12 18:48:08] [INFO] FAILED: All 1 strategies x 1 attempts
[2026-01-12 18:48:08] [INFO] Writing results to file: /root/repo/result.json
[2026-01-12 18:48:08] [INFO] Result file written successfully
[2026-01-12 18:48:08] [INFO] Results exported to: /root/repo/result.json
[2026-01-12 18:48:08] [INFO] run_morphcloud_local.py completed successfully

[2026-01-12 18:48:09] [process_single_sorry] Downloading result file...
[2026-01-12 18:48:13] [process_single_sorry] Retryable error on attempt 1/3: SSHException: EOF during negotiation
[2026-01-12 18:48:13] [process_single_sorry] Waiting 2 seconds before retry...
[2026-01-12 18:48:19] [process_single_sorry] Starting attempt 2/3
[2026-01-12 18:48:19] [process_single_sorry] Starting instance from snapshot...
[2026-01-12 18:48:33] [process_single_sorry] Instance started successfully: morphvm_cvkax7h8
[2026-01-12 18:48:33] [process_single_sorry] Creating .env file...
[2026-01-12 18:48:43] [process_single_sorry] .env file created (exit_code: 0)
[2026-01-12 18:48:43] [process_single_sorry] Executing agent command...
[2026-01-12 18:51:03] [process_single_sorry] Agent command completed (exit_code: 0)
[2026-01-12 18:51:03] [process_single_sorry] STDOUT:

Results JSON:
[
  {
    "sorry": {
      "repo": {
        "remote": "https://github.com/google-deepmind/formal-conjectures",
        "branch": "test",
        "commit": "40df92c5af58a2a2592dfe7b2dd967cb5942db42",
        "lean_version": "v4.22.0"
      },
      "location": {
        "path": "FormalConjectures/ErdosProblems/153.lean",
        "start_line": 44,
        "start_column": 2,
        "end_line": 44,
        "end_column": 7
      },
      "debug_info": {
        "goal": "⊢ sorry ↔ Tendsto Erdos153.f atTop atTop",
        "url": "https://github.com/google-deepmind/formal-conjectures/blob/40df92c5af58a2a2592dfe7b2dd967cb5942db42/FormalConjectures/ErdosProblems/153.lean#L44"
      },
      "metadata": {
        "blame_email_hash": "772e0408a85a",
        "blame_date": "2026-01-08T00:38:26-05:00",
        "inclusion_date": "2026-01-10T04:12:41.315622+00:00"
      },
      "id": "52a98fab8f3e329069f76616d18af57ec45de54ba53b03d64e9b65d3207c9fe1"
    },
    "proof": null,
    "proof_verified": false,
    "feedback": null,
    "verification_message": "All 1 attempts failed (1 strategies x 1 attempts each)",
    "success": true,
    "error_type": null,
    "error_message": null,
    "strategy_name": "all_failed_k=1",
    "proof_attempts": [
      "rfl"
    ]
  }
]

[2026-01-12 18:51:03] [process_single_sorry] STDERR:
None of PyTorch, TensorFlow >= 2.0, or Flax have been found. Models won't be available and only tokenizers, configuration and file/data utilities can be used.
[2026-01-12 18:49:13] [INFO] ================================================================================
[2026-01-12 18:49:13] [INFO] Starting run_morphcloud_local.py
[2026-01-12 18:49:13] [INFO] ================================================================================
[2026-01-12 18:49:13] [INFO] Environment loaded
[2026-01-12 18:49:13] [INFO] Full command: /root/SorryDB/sorrydb/cli/run_morphcloud_local.py --repo-path /root/repo --sorry-json {"repo": {"remote": "https://github.com/google-deepmind/formal-conjectures", "branch": "test", "commit": "40df92c5af58a2a2592dfe7b2dd967cb5942db42", "lean_version": "v4.22.0"}, "location": {"path": "FormalConjectures/ErdosProblems/153.lean", "start_line": 44, "start_column": 2, "end_line": 44, "end_column": 7}, "debug_info": {"goal": "\u22a2 sorry \u2194 Tendsto Erdos153.f atTop atTop", "url": "https://github.com/google-deepmind/formal-conjectures/blob/40df92c5af58a2a2592dfe7b2dd967cb5942db42/FormalConjectures/ErdosProblems/153.lean#L44"}, "metadata": {"blame_email_hash": "772e0408a85a", "blame_date": "2026-01-08T00:38:26-05:00", "inclusion_date": "2026-01-10T04:12:41.315622+00:00"}, "id": "52a98fab8f3e329069f76616d18af57ec45de54ba53b03d64e9b65d3207c9fe1"} --agent-strategy {"name": "rfl", "args": {}}
[2026-01-12 18:49:13] [INFO] Arguments parsed: repo_path=/root/repo, output_path=/root/repo/result.json
[2026-01-12 18:49:13] [INFO] Strategy spec: {"name": "rfl", "args": {}}...
[2026-01-12 18:49:13] [INFO] Loading sorry data...
[2026-01-12 18:49:13] [INFO] Parsing sorry from JSON string...
[2026-01-12 18:49:13] [INFO] Sorry data parsed from JSON string
[2026-01-12 18:49:13] [INFO] Creating strategy from spec...
[2026-01-12 18:49:13] [INFO] Parsing strategy spec (length: 27 chars)
[2026-01-12 18:49:13] [INFO] Strategy name: rfl
[2026-01-12 18:49:13] [INFO] Strategy args: {}
[2026-01-12 18:49:13] [INFO] Pass@k value: 1
[2026-01-12 18:49:13] [INFO] Creating strategy: rfl
[2026-01-12 18:49:13] [INFO] Strategies created: ['RflStrategy']
[2026-01-12 18:49:13] [INFO] Pass@k value: 1
[2026-01-12 18:49:13] [INFO] Creating Sorry object...
[2026-01-12 18:49:13] [INFO] Sorry object created: id=52a98fab8f3e329069f76616d18af57ec45de54ba53b03d64e9b65d3207c9fe1
[2026-01-12 18:49:13] [INFO] Sorry location: FormalConjectures/ErdosProblems/153.lean:44
[2026-01-12 18:49:13] [INFO] Context before sorry (lines 39-44):
[2026-01-12 18:49:13] [INFO]   39:   ∑ i : Set.Ico 1 ((A.1 + A).card), (s ⟨i, i.2.2⟩ - s ⟨i - 1, by grind⟩) ^ 2 / (n : ℝ)
[2026-01-12 18:49:13] [INFO]   40: 
[2026-01-12 18:49:13] [INFO]   41: /-- Must `lim f n = ∞`? -/
[2026-01-12 18:49:13] [INFO]   42: @[category research open, AMS 5]
[2026-01-12 18:49:13] [INFO]   43: theorem erdos_153 : answer(sorry) ↔ Tendsto f atTop atTop := by
[2026-01-12 18:49:13] [INFO]   44:   sorry
[2026-01-12 18:49:13] [INFO] Sorry line:   sorry
[2026-01-12 18:49:13] [INFO] Sorry goal: ⊢ sorry ↔ Tendsto Erdos153.f atTop atTop...
[2026-01-12 18:49:13] [INFO] ========================================
[2026-01-12 18:49:13] [INFO] Trying strategy: RflStrategy (up to 1 attempts)
[2026-01-12 18:49:13] [INFO] --------------------
[2026-01-12 18:49:13] [INFO] Strategy RflStrategy, attempt 1/1
[2026-01-12 18:49:13] [INFO] Starting proof generation...
[2026-01-12 18:49:13] [INFO] Repository path: /root/repo
[2026-01-12 18:49:13] [INFO] Proof generation completed
[2026-01-12 18:49:13] [INFO] Generated proof:
[2026-01-12 18:49:13] [INFO] rfl
[2026-01-12 18:49:13] [INFO] Proof length: 3 chars
[2026-01-12 18:49:13] [INFO] Starting proof verification...
[2026-01-12 18:49:13] [INFO] Verifying at: FormalConjectures/ErdosProblems/153.lean:44
[2026-01-12 18:49:13] [INFO] Using LEAN INTERACT verify
[2026-01-12 18:49:13] [INFO] Checking file
[2026-01-12 18:51:02] [INFO] Cannot build modified file <error line="44" column="2">
<code_line>  rfl</code_line>
<message>error: tactic 'rfl' failed, the left-hand side</message>
</error>
  sorry
is not definitionally equal to the right-hand side
  Tendsto f atTop atTop
⊢ sorry ↔ Tendsto f atTop atTop
[2026-01-12 18:51:02] [INFO] Proof verification completed
[2026-01-12 18:51:02] [INFO] Strategy RflStrategy attempt 1: verified=False
[2026-01-12 18:51:02] [INFO] Verification message: Cannot build modified file: <error line="44" column="2">
<code_line>  rfl</code_line>
<message>error: tactic 'rfl' failed, the left-hand side</message>
</error>
  sorry
is not definitionally equal to the right-hand side
  Tendsto f atTop atTop
⊢ sorry ↔ Tendsto f atTop atTop

[2026-01-12 18:51:02] [INFO] Attempt 1 failed verification, continuing...
[2026-01-12 18:51:02] [INFO] ========================================
[2026-01-12 18:51:02] [INFO] Pass@k completed. Total results: 1
[2026-01-12 18:51:02] [INFO] FAILED: All 1 strategies x 1 attempts
[2026-01-12 18:51:02] [INFO] Writing results to file: /root/repo/result.json
[2026-01-12 18:51:02] [INFO] Result file written successfully
[2026-01-12 18:51:02] [INFO] Results exported to: /root/repo/result.json
[2026-01-12 18:51:02] [INFO] run_morphcloud_local.py completed successfully

[2026-01-12 18:51:03] [process_single_sorry] Downloading result file...
[2026-01-12 18:51:04] [process_single_sorry] Downloaded result to intermediate_experiment_outputs_full_reservoir_3_months/rfl/2026-01-12_15-54-17_rfl/individual/52a98fab8f3e329069f76616d18af57ec45de54ba53b03d64e9b65d3207c9fe1.json
[2026-01-12 18:51:08] [process_single_sorry] Instance context closed successfully
[2026-01-12 18:51:08] [process_single_sorry] Parsing result file...
[2026-01-12 18:51:08] [process_single_sorry] Successfully parsed result (list format, 1 results)
