[2026-01-12 17:52:40] [process_single_sorry] Starting for sorry 980324dfae4c1011a65c66208abdf3dad7949a2aac9a8356332ae94ded47ce52
[2026-01-12 17:52:40] [process_single_sorry] Using snapshot: snapshot_jxtwoaj5
[2026-01-12 17:52:40] [process_single_sorry] Repository: https://github.com/apnelson1/Matroid@3d4d082a70e17cc7ed1db37a316b7525e8f5f437
[2026-01-12 17:52:40] [process_single_sorry] Instance name: Matroid_3d4d082a70e1_rfl_980324dfae4c1011a65c66208abdf3dad7949a2aac9a8356332ae94ded47ce52
[2026-01-12 17:52:40] [process_single_sorry] Starting attempt 1/3
[2026-01-12 17:52:40] [process_single_sorry] Starting instance from snapshot...
[2026-01-12 17:52:45] [process_single_sorry] Instance started successfully: morphvm_86wesl9d
[2026-01-12 17:52:45] [process_single_sorry] Creating .env file...
[2026-01-12 17:52:52] [process_single_sorry] .env file created (exit_code: 0)
[2026-01-12 17:52:52] [process_single_sorry] Executing agent command...
[2026-01-12 17:53:58] [process_single_sorry] Agent command completed (exit_code: 0)
[2026-01-12 17:53:58] [process_single_sorry] STDOUT:

Results JSON:
[
  {
    "sorry": {
      "repo": {
        "remote": "https://github.com/apnelson1/Matroid",
        "branch": "main",
        "commit": "3d4d082a70e17cc7ed1db37a316b7525e8f5f437",
        "lean_version": "v4.27.0-rc1"
      },
      "location": {
        "path": "Matroid/Graph/Matching.lean",
        "start_line": 263,
        "start_column": 4,
        "end_line": 263,
        "end_column": 9
      },
      "debug_info": {
        "goal": "α : Type u_1\nβ : Type u_2\nG✝ H C : Graph α β\nS X Y : Set α\nM M' : Set β\nu v x y z : α\ne f : β\nP P' : WList α β\nhM : @Graph.IsMatching α β G✝ M\nG : Graph α β\n⊢ ∀ ⦃I B : Set α⦄,\n    (∃ M, @Graph.IsMatching α β G M ∧ I ⊆ V(G, M)) →\n      ¬Maximal (fun S => ∃ M, @Graph.IsMatching α β G M ∧ S ⊆ V(G, M)) I →\n        Maximal (fun S => ∃ M, @Graph.IsMatching α β G M ∧ S ⊆ V(G, M)) B →\n          ∃ x ∈ B \\ I, ∃ M, @Graph.IsMatching α β G M ∧ insert x I ⊆ V(G, M)",
        "url": "https://github.com/apnelson1/Matroid/blob/3d4d082a70e17cc7ed1db37a316b7525e8f5f437/Matroid/Graph/Matching.lean#L263"
      },
      "metadata": {
        "blame_email_hash": "b4e2115deba9",
        "blame_date": "2026-01-07T13:03:27-05:00",
        "inclusion_date": "2026-01-09T21:37:16.429659+00:00"
      },
      "id": "980324dfae4c1011a65c66208abdf3dad7949a2aac9a8356332ae94ded47ce52"
    },
    "proof": null,
    "proof_verified": false,
    "feedback": null,
    "verification_message": "All 1 attempts failed (1 strategies x 1 attempts each)",
    "success": true,
    "error_type": null,
    "error_message": null,
    "strategy_name": "all_failed_k=1",
    "proof_attempts": [
      "rfl"
    ]
  }
]

[2026-01-12 17:53:58] [process_single_sorry] STDERR:
None of PyTorch, TensorFlow >= 2.0, or Flax have been found. Models won't be available and only tokenizers, configuration and file/data utilities can be used.
[2026-01-12 17:53:11] [INFO] ================================================================================
[2026-01-12 17:53:11] [INFO] Starting run_morphcloud_local.py
[2026-01-12 17:53:11] [INFO] ================================================================================
[2026-01-12 17:53:11] [INFO] Environment loaded
[2026-01-12 17:53:11] [INFO] Full command: /root/SorryDB/sorrydb/cli/run_morphcloud_local.py --repo-path /root/repo --sorry-json {"repo": {"remote": "https://github.com/apnelson1/Matroid", "branch": "main", "commit": "3d4d082a70e17cc7ed1db37a316b7525e8f5f437", "lean_version": "v4.27.0-rc1"}, "location": {"path": "Matroid/Graph/Matching.lean", "start_line": 263, "start_column": 4, "end_line": 263, "end_column": 9}, "debug_info": {"goal": "\u03b1 : Type u_1\n\u03b2 : Type u_2\nG\u271d H C : Graph \u03b1 \u03b2\nS X Y : Set \u03b1\nM M' : Set \u03b2\nu v x y z : \u03b1\ne f : \u03b2\nP P' : WList \u03b1 \u03b2\nhM : @Graph.IsMatching \u03b1 \u03b2 G\u271d M\nG : Graph \u03b1 \u03b2\n\u22a2 \u2200 \u2983I B : Set \u03b1\u2984,\n    (\u2203 M, @Graph.IsMatching \u03b1 \u03b2 G M \u2227 I \u2286 V(G, M)) \u2192\n      \u00acMaximal (fun S => \u2203 M, @Graph.IsMatching \u03b1 \u03b2 G M \u2227 S \u2286 V(G, M)) I \u2192\n        Maximal (fun S => \u2203 M, @Graph.IsMatching \u03b1 \u03b2 G M \u2227 S \u2286 V(G, M)) B \u2192\n          \u2203 x \u2208 B \\ I, \u2203 M, @Graph.IsMatching \u03b1 \u03b2 G M \u2227 insert x I \u2286 V(G, M)", "url": "https://github.com/apnelson1/Matroid/blob/3d4d082a70e17cc7ed1db37a316b7525e8f5f437/Matroid/Graph/Matching.lean#L263"}, "metadata": {"blame_email_hash": "b4e2115deba9", "blame_date": "2026-01-07T13:03:27-05:00", "inclusion_date": "2026-01-09T21:37:16.429659+00:00"}, "id": "980324dfae4c1011a65c66208abdf3dad7949a2aac9a8356332ae94ded47ce52"} --agent-strategy {"name": "rfl", "args": {}}
[2026-01-12 17:53:11] [INFO] Arguments parsed: repo_path=/root/repo, output_path=/root/repo/result.json
[2026-01-12 17:53:11] [INFO] Strategy spec: {"name": "rfl", "args": {}}...
[2026-01-12 17:53:11] [INFO] Loading sorry data...
[2026-01-12 17:53:11] [INFO] Parsing sorry from JSON string...
[2026-01-12 17:53:11] [INFO] Sorry data parsed from JSON string
[2026-01-12 17:53:11] [INFO] Creating strategy from spec...
[2026-01-12 17:53:11] [INFO] Parsing strategy spec (length: 27 chars)
[2026-01-12 17:53:11] [INFO] Strategy name: rfl
[2026-01-12 17:53:11] [INFO] Strategy args: {}
[2026-01-12 17:53:11] [INFO] Pass@k value: 1
[2026-01-12 17:53:11] [INFO] Creating strategy: rfl
[2026-01-12 17:53:11] [INFO] Strategies created: ['RflStrategy']
[2026-01-12 17:53:11] [INFO] Pass@k value: 1
[2026-01-12 17:53:11] [INFO] Creating Sorry object...
[2026-01-12 17:53:11] [INFO] Sorry object created: id=980324dfae4c1011a65c66208abdf3dad7949a2aac9a8356332ae94ded47ce52
[2026-01-12 17:53:11] [INFO] Sorry location: Matroid/Graph/Matching.lean:263
[2026-01-12 17:53:11] [INFO] Context before sorry (lines 258-263):
[2026-01-12 17:53:11] [INFO]   258:   indep_empty := by
[2026-01-12 17:53:11] [INFO]   259:     sorry
[2026-01-12 17:53:11] [INFO]   260:   indep_subset := by
[2026-01-12 17:53:11] [INFO]   261:     sorry
[2026-01-12 17:53:11] [INFO]   262:   indep_aug := by
[2026-01-12 17:53:11] [INFO]   263:     sorry
[2026-01-12 17:53:11] [INFO] Sorry line:     sorry
[2026-01-12 17:53:11] [INFO] Sorry goal: α : Type u_1
β : Type u_2
G✝ H C : Graph α β
S X Y : Set α
M M' : Set β
u v x y z : α
e f : β
P P' :...
[2026-01-12 17:53:11] [INFO] ========================================
[2026-01-12 17:53:11] [INFO] Trying strategy: RflStrategy (up to 1 attempts)
[2026-01-12 17:53:11] [INFO] --------------------
[2026-01-12 17:53:11] [INFO] Strategy RflStrategy, attempt 1/1
[2026-01-12 17:53:11] [INFO] Starting proof generation...
[2026-01-12 17:53:11] [INFO] Repository path: /root/repo
[2026-01-12 17:53:11] [INFO] Proof generation completed
[2026-01-12 17:53:11] [INFO] Generated proof:
[2026-01-12 17:53:11] [INFO] rfl
[2026-01-12 17:53:11] [INFO] Proof length: 3 chars
[2026-01-12 17:53:11] [INFO] Starting proof verification...
[2026-01-12 17:53:11] [INFO] Verifying at: Matroid/Graph/Matching.lean:263
[2026-01-12 17:53:11] [INFO] Using LEAN INTERACT verify
[2026-01-12 17:53:11] [INFO] Checking file
[2026-01-12 17:53:56] [INFO] Cannot build modified file Note: This linter can be disabled with `set_option linter.unusedVariables false`

Note: This linter can be disabled with `set_option linter.unusedVariables false`
<error line="263" column="4">
<code_line>    rfl</code_line>
<message>error: Tactic `rfl` failed: Expected the goal to be a binary relation</message>
</error>

Hint: Reflexivity tactics can only be used on goals of the form `x ~ x` or `R x x`

α : Type u_1
β : Type u_2
G✝ H C : Graph α β
S X Y : Set α
M M' : Set β
u v x y z : α
e f : β
P P' : WList α β
hM : G✝.IsMatching M
G : Graph α β
⊢ ∀ ⦃I B : Set α⦄,
    (∃ M, G.IsMatching M ∧ I ⊆ V(G, M)) →
      ¬Maximal (fun S => ∃ M, G.IsMatching M ∧ S ⊆ V(G, M)) I →
        Maximal (fun S => ∃ M, G.IsMatching M ∧ S ⊆ V(G, M)) B → ∃ x ∈ B \ I, ∃ M, G.IsMatching M ∧ insert x I ⊆ V(G, M)
[2026-01-12 17:53:56] [INFO] Proof verification completed
[2026-01-12 17:53:56] [INFO] Strategy RflStrategy attempt 1: verified=False
[2026-01-12 17:53:56] [INFO] Verification message: Cannot build modified file: Note: This linter can be disabled with `set_option linter.unusedVariables false`

Note: This linter can be disabled with `set_option linter.unusedVariables false`
<error line="263" column="4">
<code_line>    rfl</code_line>
<message>error: Tactic `rfl` failed: Expected the goal to be a binary relation</message>
</error>

Hint: Reflexivity tactics can only be used on goals of the form `x ~ x` or `R x x`

α : Type u_1
β : Type u_2
G✝ H C : Graph α β
S X Y : Set α
M M' : Set β
u v x y z : α
e f : β
P P' : WList α β
hM : G✝.IsMatching M
G : Graph α β
⊢ ∀ ⦃I B : Set α⦄,
    (∃ M, G.IsMatching M ∧ I ⊆ V(G, M)) →
      ¬Maximal (fun S => ∃ M, G.IsMatching M ∧ S ⊆ V(G, M)) I →
        Maximal (fun S => ∃ M, G.IsMatching M ∧ S ⊆ V(G, M)) B → ∃ x ∈ B \ I, ∃ M, G.IsMatching M ∧ insert x I ⊆ V(G, M)

[2026-01-12 17:53:56] [INFO] Attempt 1 failed verification, continuing...
[2026-01-12 17:53:56] [INFO] ========================================
[2026-01-12 17:53:56] [INFO] Pass@k completed. Total results: 1
[2026-01-12 17:53:56] [INFO] FAILED: All 1 strategies x 1 attempts
[2026-01-12 17:53:56] [INFO] Writing results to file: /root/repo/result.json
[2026-01-12 17:53:56] [INFO] Result file written successfully
[2026-01-12 17:53:56] [INFO] Results exported to: /root/repo/result.json
[2026-01-12 17:53:56] [INFO] run_morphcloud_local.py completed successfully

[2026-01-12 17:53:58] [process_single_sorry] Downloading result file...
[2026-01-12 17:54:01] [process_single_sorry] Downloaded result to intermediate_experiment_outputs_full_reservoir_3_months/rfl/2026-01-12_15-54-17_rfl/individual/980324dfae4c1011a65c66208abdf3dad7949a2aac9a8356332ae94ded47ce52.json
[2026-01-12 17:54:03] [process_single_sorry] Instance context closed successfully
[2026-01-12 17:54:03] [process_single_sorry] Parsing result file...
[2026-01-12 17:54:03] [process_single_sorry] Successfully parsed result (list format, 1 results)
