[2026-01-12 18:00:24] [process_single_sorry] Starting for sorry d6572ff068f577cf0e8622737b34f1963775ee7962e59ec47fc4844f1dcc07d7
[2026-01-12 18:00:24] [process_single_sorry] Using snapshot: snapshot_spcvsjxu
[2026-01-12 18:00:24] [process_single_sorry] Repository: https://github.com/emilyriehl/infinity-cosmos@4879c0d72718cea60c09ee7143aa393e65f2ea91
[2026-01-12 18:00:24] [process_single_sorry] Instance name: infinity-cosmos_4879c0d72718_rfl_d6572ff068f577cf0e8622737b34f1963775ee7962e59ec47fc4844f1dcc07d7
[2026-01-12 18:00:24] [process_single_sorry] Starting attempt 1/3
[2026-01-12 18:00:24] [process_single_sorry] Starting instance from snapshot...
[2026-01-12 18:00:27] [process_single_sorry] Instance started successfully: morphvm_gkczg0ni
[2026-01-12 18:00:27] [process_single_sorry] Creating .env file...
[2026-01-12 18:01:24] [process_single_sorry] .env file created (exit_code: 0)
[2026-01-12 18:01:24] [process_single_sorry] Executing agent command...
[2026-01-12 18:04:39] [process_single_sorry] Agent command completed (exit_code: 0)
[2026-01-12 18:04:39] [process_single_sorry] STDOUT:

Results JSON:
[
  {
    "sorry": {
      "repo": {
        "remote": "https://github.com/emilyriehl/infinity-cosmos",
        "branch": "main",
        "commit": "4879c0d72718cea60c09ee7143aa393e65f2ea91",
        "lean_version": "v4.26.0-rc2"
      },
      "location": {
        "path": "InfinityCosmos/ForMathlib/InfinityCosmos/Isofibrations.lean",
        "start_line": 70,
        "start_column": 44,
        "end_line": 70,
        "end_column": 49
      },
      "debug_info": {
        "goal": "K : Type u\ninst✝¹ : Category.{v, u} K\ninst✝ : InfinityCosmos K\nX Y X' Y' : K\nf : X ↠ Y\ng : X' ↠ Y'\n⊢ IsIsofibration (prod.map ↑f ↑g)",
        "url": "https://github.com/emilyriehl/infinity-cosmos/blob/4879c0d72718cea60c09ee7143aa393e65f2ea91/InfinityCosmos/ForMathlib/InfinityCosmos/Isofibrations.lean#L70"
      },
      "metadata": {
        "blame_email_hash": "eaaeec08515d",
        "blame_date": "2024-12-03T11:33:30-05:00",
        "inclusion_date": "2026-01-09T23:09:15.507182+00:00"
      },
      "id": "d6572ff068f577cf0e8622737b34f1963775ee7962e59ec47fc4844f1dcc07d7"
    },
    "proof": null,
    "proof_verified": false,
    "feedback": null,
    "verification_message": "All 1 attempts failed (1 strategies x 1 attempts each)",
    "success": true,
    "error_type": null,
    "error_message": null,
    "strategy_name": "all_failed_k=1",
    "proof_attempts": [
      "rfl"
    ]
  }
]

[2026-01-12 18:04:39] [process_single_sorry] STDERR:
None of PyTorch, TensorFlow >= 2.0, or Flax have been found. Models won't be available and only tokenizers, configuration and file/data utilities can be used.
[2026-01-12 18:02:28] [INFO] ================================================================================
[2026-01-12 18:02:28] [INFO] Starting run_morphcloud_local.py
[2026-01-12 18:02:28] [INFO] ================================================================================
[2026-01-12 18:02:28] [INFO] Environment loaded
[2026-01-12 18:02:28] [INFO] Full command: /root/SorryDB/sorrydb/cli/run_morphcloud_local.py --repo-path /root/repo --sorry-json {"repo": {"remote": "https://github.com/emilyriehl/infinity-cosmos", "branch": "main", "commit": "4879c0d72718cea60c09ee7143aa393e65f2ea91", "lean_version": "v4.26.0-rc2"}, "location": {"path": "InfinityCosmos/ForMathlib/InfinityCosmos/Isofibrations.lean", "start_line": 70, "start_column": 44, "end_line": 70, "end_column": 49}, "debug_info": {"goal": "K : Type u\ninst\u271d\u00b9 : Category.{v, u} K\ninst\u271d : InfinityCosmos K\nX Y X' Y' : K\nf : X \u21a0 Y\ng : X' \u21a0 Y'\n\u22a2 IsIsofibration (prod.map \u2191f \u2191g)", "url": "https://github.com/emilyriehl/infinity-cosmos/blob/4879c0d72718cea60c09ee7143aa393e65f2ea91/InfinityCosmos/ForMathlib/InfinityCosmos/Isofibrations.lean#L70"}, "metadata": {"blame_email_hash": "eaaeec08515d", "blame_date": "2024-12-03T11:33:30-05:00", "inclusion_date": "2026-01-09T23:09:15.507182+00:00"}, "id": "d6572ff068f577cf0e8622737b34f1963775ee7962e59ec47fc4844f1dcc07d7"} --agent-strategy {"name": "rfl", "args": {}}
[2026-01-12 18:02:28] [INFO] Arguments parsed: repo_path=/root/repo, output_path=/root/repo/result.json
[2026-01-12 18:02:28] [INFO] Strategy spec: {"name": "rfl", "args": {}}...
[2026-01-12 18:02:28] [INFO] Loading sorry data...
[2026-01-12 18:02:28] [INFO] Parsing sorry from JSON string...
[2026-01-12 18:02:28] [INFO] Sorry data parsed from JSON string
[2026-01-12 18:02:28] [INFO] Creating strategy from spec...
[2026-01-12 18:02:28] [INFO] Parsing strategy spec (length: 27 chars)
[2026-01-12 18:02:28] [INFO] Strategy name: rfl
[2026-01-12 18:02:28] [INFO] Strategy args: {}
[2026-01-12 18:02:28] [INFO] Pass@k value: 1
[2026-01-12 18:02:28] [INFO] Creating strategy: rfl
[2026-01-12 18:02:28] [INFO] Strategies created: ['RflStrategy']
[2026-01-12 18:02:28] [INFO] Pass@k value: 1
[2026-01-12 18:02:28] [INFO] Creating Sorry object...
[2026-01-12 18:02:28] [INFO] Sorry object created: id=d6572ff068f577cf0e8622737b34f1963775ee7962e59ec47fc4844f1dcc07d7
[2026-01-12 18:02:28] [INFO] Sorry location: InfinityCosmos/ForMathlib/InfinityCosmos/Isofibrations.lean:70
[2026-01-12 18:02:28] [INFO] Context before sorry (lines 65-70):
[2026-01-12 18:02:28] [INFO]   65: 
[2026-01-12 18:02:28] [INFO]   66: @[simp]
[2026-01-12 18:02:28] [INFO]   67: lemma toTerminalIsofibration_map (A : K) : (toTerminalIsofibration A).1 = terminal.from A := rfl
[2026-01-12 18:02:28] [INFO]   68: 
[2026-01-12 18:02:28] [INFO]   69: theorem binary_prod_map_fibrant {X Y X' Y' : K} {f : X ↠ Y} {g : X' ↠ Y'} :
[2026-01-12 18:02:28] [INFO]   70:     IsIsofibration (prod.map f.1 g.1) := by sorry
[2026-01-12 18:02:28] [INFO] Sorry line:     IsIsofibration (prod.map f.1 g.1) := by sorry
[2026-01-12 18:02:28] [INFO] Sorry goal: K : Type u
inst✝¹ : Category.{v, u} K
inst✝ : InfinityCosmos K
X Y X' Y' : K
f : X ↠ Y
g : X' ↠ Y'
⊢...
[2026-01-12 18:02:28] [INFO] ========================================
[2026-01-12 18:02:28] [INFO] Trying strategy: RflStrategy (up to 1 attempts)
[2026-01-12 18:02:28] [INFO] --------------------
[2026-01-12 18:02:28] [INFO] Strategy RflStrategy, attempt 1/1
[2026-01-12 18:02:28] [INFO] Starting proof generation...
[2026-01-12 18:02:28] [INFO] Repository path: /root/repo
[2026-01-12 18:02:28] [INFO] Proof generation completed
[2026-01-12 18:02:28] [INFO] Generated proof:
[2026-01-12 18:02:28] [INFO] rfl
[2026-01-12 18:02:28] [INFO] Proof length: 3 chars
[2026-01-12 18:02:28] [INFO] Starting proof verification...
[2026-01-12 18:02:28] [INFO] Verifying at: InfinityCosmos/ForMathlib/InfinityCosmos/Isofibrations.lean:70
[2026-01-12 18:02:28] [INFO] Using LEAN INTERACT verify
[2026-01-12 18:02:28] [INFO] Checking file
[2026-01-12 18:04:24] [INFO] Cannot build modified file <error line="70" column="44">
<code_line>    IsIsofibration (prod.map f.1 g.1) := by rfl</code_line>
<message>error: Tactic `rfl` failed: The left-hand side</message>
</error>
  Y ⨯ Y'
is not definitionally equal to the right-hand side
  prod.map ↑f ↑g

K : Type u
inst✝¹ : Category.{v, u} K
inst✝ : InfinityCosmos K
X Y X' Y' : K
f : X ↠ Y
g : X' ↠ Y'
⊢ IsIsofibration (prod.map ↑f ↑g)
[2026-01-12 18:04:24] [INFO] Proof verification completed
[2026-01-12 18:04:24] [INFO] Strategy RflStrategy attempt 1: verified=False
[2026-01-12 18:04:24] [INFO] Verification message: Cannot build modified file: <error line="70" column="44">
<code_line>    IsIsofibration (prod.map f.1 g.1) := by rfl</code_line>
<message>error: Tactic `rfl` failed: The left-hand side</message>
</error>
  Y ⨯ Y'
is not definitionally equal to the right-hand side
  prod.map ↑f ↑g

K : Type u
inst✝¹ : Category.{v, u} K
inst✝ : InfinityCosmos K
X Y X' Y' : K
f : X ↠ Y
g : X' ↠ Y'
⊢ IsIsofibration (prod.map ↑f ↑g)

[2026-01-12 18:04:24] [INFO] Attempt 1 failed verification, continuing...
[2026-01-12 18:04:24] [INFO] ========================================
[2026-01-12 18:04:24] [INFO] Pass@k completed. Total results: 1
[2026-01-12 18:04:24] [INFO] FAILED: All 1 strategies x 1 attempts
[2026-01-12 18:04:24] [INFO] Writing results to file: /root/repo/result.json
[2026-01-12 18:04:24] [INFO] Result file written successfully
[2026-01-12 18:04:24] [INFO] Results exported to: /root/repo/result.json
[2026-01-12 18:04:24] [INFO] run_morphcloud_local.py completed successfully

[2026-01-12 18:04:39] [process_single_sorry] Downloading result file...
[2026-01-12 18:04:46] [process_single_sorry] Downloaded result to intermediate_experiment_outputs_full_reservoir_3_months/rfl/2026-01-12_15-54-17_rfl/individual/d6572ff068f577cf0e8622737b34f1963775ee7962e59ec47fc4844f1dcc07d7.json
[2026-01-12 18:04:49] [process_single_sorry] Instance context closed successfully
[2026-01-12 18:04:49] [process_single_sorry] Parsing result file...
[2026-01-12 18:04:49] [process_single_sorry] Successfully parsed result (list format, 1 results)
