[2026-01-12 18:14:24] [process_single_sorry] Starting for sorry d82c68258229079152dd3990950f6f1ddf9fad870cae5e009db1e9c561785000
[2026-01-12 18:14:24] [process_single_sorry] Using snapshot: snapshot_ninosyj6
[2026-01-12 18:14:24] [process_single_sorry] Repository: https://github.com/lean-dojo/LeanMillenniumPrizeProblems@aca048ef73ce1156156cce5845945b902aa66698
[2026-01-12 18:14:24] [process_single_sorry] Instance name: LeanMillenniumPrizeProblems_aca048ef73ce_rfl_d82c68258229079152dd3990950f6f1ddf9fad870cae5e009db1e9c561785000
[2026-01-12 18:14:24] [process_single_sorry] Starting attempt 1/3
[2026-01-12 18:14:24] [process_single_sorry] Starting instance from snapshot...
[2026-01-12 18:14:25] [process_single_sorry] Instance started successfully: morphvm_n9m1sjxf
[2026-01-12 18:14:25] [process_single_sorry] Creating .env file...
[2026-01-12 18:14:33] [process_single_sorry] .env file created (exit_code: 0)
[2026-01-12 18:14:33] [process_single_sorry] Executing agent command...
[2026-01-12 18:16:52] [process_single_sorry] Agent command completed (exit_code: 0)
[2026-01-12 18:16:52] [process_single_sorry] STDOUT:

Results JSON:
[
  {
    "sorry": {
      "repo": {
        "remote": "https://github.com/lean-dojo/LeanMillenniumPrizeProblems",
        "branch": "main",
        "commit": "aca048ef73ce1156156cce5845945b902aa66698",
        "lean_version": "v4.18.0-rc1"
      },
      "location": {
        "path": "Problems/RiemannHypothesis/Millennium.lean",
        "start_line": 122,
        "start_column": 0,
        "end_line": 122,
        "end_column": 5
      },
      "debug_info": {
        "goal": "n : ℕ\nhn : n > 0\n⊢ deriv riemannZeta (-2 * ↑n) ≠ 0",
        "url": "https://github.com/lean-dojo/LeanMillenniumPrizeProblems/blob/aca048ef73ce1156156cce5845945b902aa66698/Problems/RiemannHypothesis/Millennium.lean#L122"
      },
      "metadata": {
        "blame_email_hash": "91e2e741ca6f",
        "blame_date": "2025-03-25T13:29:05-07:00",
        "inclusion_date": "2026-01-10T14:16:40.616571+00:00"
      },
      "id": "d82c68258229079152dd3990950f6f1ddf9fad870cae5e009db1e9c561785000"
    },
    "proof": null,
    "proof_verified": false,
    "feedback": null,
    "verification_message": "All 1 attempts failed (1 strategies x 1 attempts each)",
    "success": true,
    "error_type": null,
    "error_message": null,
    "strategy_name": "all_failed_k=1",
    "proof_attempts": [
      "rfl"
    ]
  }
]

[2026-01-12 18:16:52] [process_single_sorry] STDERR:
None of PyTorch, TensorFlow >= 2.0, or Flax have been found. Models won't be available and only tokenizers, configuration and file/data utilities can be used.
[2026-01-12 18:15:11] [INFO] ================================================================================
[2026-01-12 18:15:11] [INFO] Starting run_morphcloud_local.py
[2026-01-12 18:15:11] [INFO] ================================================================================
[2026-01-12 18:15:11] [INFO] Environment loaded
[2026-01-12 18:15:11] [INFO] Full command: /root/SorryDB/sorrydb/cli/run_morphcloud_local.py --repo-path /root/repo --sorry-json {"repo": {"remote": "https://github.com/lean-dojo/LeanMillenniumPrizeProblems", "branch": "main", "commit": "aca048ef73ce1156156cce5845945b902aa66698", "lean_version": "v4.18.0-rc1"}, "location": {"path": "Problems/RiemannHypothesis/Millennium.lean", "start_line": 122, "start_column": 0, "end_line": 122, "end_column": 5}, "debug_info": {"goal": "n : \u2115\nhn : n > 0\n\u22a2 deriv riemannZeta (-2 * \u2191n) \u2260 0", "url": "https://github.com/lean-dojo/LeanMillenniumPrizeProblems/blob/aca048ef73ce1156156cce5845945b902aa66698/Problems/RiemannHypothesis/Millennium.lean#L122"}, "metadata": {"blame_email_hash": "91e2e741ca6f", "blame_date": "2025-03-25T13:29:05-07:00", "inclusion_date": "2026-01-10T14:16:40.616571+00:00"}, "id": "d82c68258229079152dd3990950f6f1ddf9fad870cae5e009db1e9c561785000"} --agent-strategy {"name": "rfl", "args": {}}
[2026-01-12 18:15:11] [INFO] Arguments parsed: repo_path=/root/repo, output_path=/root/repo/result.json
[2026-01-12 18:15:11] [INFO] Strategy spec: {"name": "rfl", "args": {}}...
[2026-01-12 18:15:11] [INFO] Loading sorry data...
[2026-01-12 18:15:11] [INFO] Parsing sorry from JSON string...
[2026-01-12 18:15:11] [INFO] Sorry data parsed from JSON string
[2026-01-12 18:15:11] [INFO] Creating strategy from spec...
[2026-01-12 18:15:11] [INFO] Parsing strategy spec (length: 27 chars)
[2026-01-12 18:15:11] [INFO] Strategy name: rfl
[2026-01-12 18:15:11] [INFO] Strategy args: {}
[2026-01-12 18:15:11] [INFO] Pass@k value: 1
[2026-01-12 18:15:11] [INFO] Creating strategy: rfl
[2026-01-12 18:15:11] [INFO] Strategies created: ['RflStrategy']
[2026-01-12 18:15:11] [INFO] Pass@k value: 1
[2026-01-12 18:15:11] [INFO] Creating Sorry object...
[2026-01-12 18:15:11] [INFO] Sorry object created: id=d82c68258229079152dd3990950f6f1ddf9fad870cae5e009db1e9c561785000
[2026-01-12 18:15:11] [INFO] Sorry location: Problems/RiemannHypothesis/Millennium.lean:122
[2026-01-12 18:15:11] [INFO] Context before sorry (lines 117-122):
[2026-01-12 18:15:11] [INFO]   117: 
[2026-01-12 18:15:11] [INFO]   118: /-- All trivial zeros of the Riemann zeta function (those at s = -2n for positive integers n)
[2026-01-12 18:15:11] [INFO]   119:     are simple zeros, meaning that ζ'(-2n) ≠ 0. -/
[2026-01-12 18:15:11] [INFO]   120: theorem trivial_zeros_are_simple (n : ℕ) (hn : n > 0) :
[2026-01-12 18:15:11] [INFO]   121:   deriv riemannZeta (-2 * ↑n) ≠ 0 :=
[2026-01-12 18:15:11] [INFO]   122: sorry
[2026-01-12 18:15:11] [INFO] Sorry line: sorry
[2026-01-12 18:15:11] [INFO] Sorry goal: n : ℕ
hn : n > 0
⊢ deriv riemannZeta (-2 * ↑n) ≠ 0...
[2026-01-12 18:15:11] [INFO] ========================================
[2026-01-12 18:15:11] [INFO] Trying strategy: RflStrategy (up to 1 attempts)
[2026-01-12 18:15:11] [INFO] --------------------
[2026-01-12 18:15:11] [INFO] Strategy RflStrategy, attempt 1/1
[2026-01-12 18:15:11] [INFO] Starting proof generation...
[2026-01-12 18:15:11] [INFO] Repository path: /root/repo
[2026-01-12 18:15:11] [INFO] Proof generation completed
[2026-01-12 18:15:11] [INFO] Generated proof:
[2026-01-12 18:15:11] [INFO] rfl
[2026-01-12 18:15:11] [INFO] Proof length: 3 chars
[2026-01-12 18:15:11] [INFO] Starting proof verification...
[2026-01-12 18:15:11] [INFO] Verifying at: Problems/RiemannHypothesis/Millennium.lean:122
[2026-01-12 18:15:11] [INFO] Using LEAN INTERACT verify
[2026-01-12 18:15:11] [INFO] Checking file
[2026-01-12 18:16:50] [INFO] Cannot build modified file <error line="122" column="0">
<code_line>rfl</code_line>
<message>error: type mismatch</message>
</error>
  rfl
has type
  ?m.5425 = ?m.5425 : Prop
but is expected to have type
  deriv riemannZeta (-2 * ↑n) ≠ 0 : Prop
[2026-01-12 18:16:50] [INFO] Proof verification completed
[2026-01-12 18:16:50] [INFO] Strategy RflStrategy attempt 1: verified=False
[2026-01-12 18:16:50] [INFO] Verification message: Cannot build modified file: <error line="122" column="0">
<code_line>rfl</code_line>
<message>error: type mismatch</message>
</error>
  rfl
has type
  ?m.5425 = ?m.5425 : Prop
but is expected to have type
  deriv riemannZeta (-2 * ↑n) ≠ 0 : Prop

[2026-01-12 18:16:50] [INFO] Attempt 1 failed verification, continuing...
[2026-01-12 18:16:50] [INFO] ========================================
[2026-01-12 18:16:50] [INFO] Pass@k completed. Total results: 1
[2026-01-12 18:16:50] [INFO] FAILED: All 1 strategies x 1 attempts
[2026-01-12 18:16:50] [INFO] Writing results to file: /root/repo/result.json
[2026-01-12 18:16:50] [INFO] Result file written successfully
[2026-01-12 18:16:50] [INFO] Results exported to: /root/repo/result.json
[2026-01-12 18:16:50] [INFO] run_morphcloud_local.py completed successfully

[2026-01-12 18:16:52] [process_single_sorry] Downloading result file...
[2026-01-12 18:16:53] [process_single_sorry] Downloaded result to intermediate_experiment_outputs_full_reservoir_3_months/rfl/2026-01-12_15-54-17_rfl/individual/d82c68258229079152dd3990950f6f1ddf9fad870cae5e009db1e9c561785000.json
[2026-01-12 18:16:56] [process_single_sorry] Instance context closed successfully
[2026-01-12 18:16:56] [process_single_sorry] Parsing result file...
[2026-01-12 18:16:56] [process_single_sorry] Successfully parsed result (list format, 1 results)
