[2026-01-12 18:12:47] [process_single_sorry] Starting for sorry e9e8b8ab22b3987c965e34282c802e88bc978a0708d707a6daf4ab6fc362dd9f
[2026-01-12 18:12:47] [process_single_sorry] Using snapshot: snapshot_vgom4ltq
[2026-01-12 18:12:47] [process_single_sorry] Repository: https://github.com/knowsys/Formale-Systeme-in-LEAN@ba05b7c08b42f31c9886795e9462fd5f82628bb7
[2026-01-12 18:12:47] [process_single_sorry] Instance name: Formale-Systeme-in-LEAN_ba05b7c08b42_rfl_e9e8b8ab22b3987c965e34282c802e88bc978a0708d707a6daf4ab6fc362dd9f
[2026-01-12 18:12:47] [process_single_sorry] Starting attempt 1/3
[2026-01-12 18:12:47] [process_single_sorry] Starting instance from snapshot...
[2026-01-12 18:12:58] [process_single_sorry] Instance started successfully: morphvm_2ufyoogd
[2026-01-12 18:12:58] [process_single_sorry] Creating .env file...
[2026-01-12 18:12:59] [process_single_sorry] .env file created (exit_code: 0)
[2026-01-12 18:12:59] [process_single_sorry] Executing agent command...
[2026-01-12 18:14:36] [process_single_sorry] Agent command completed (exit_code: 0)
[2026-01-12 18:14:36] [process_single_sorry] STDOUT:

Results JSON:
[
  {
    "sorry": {
      "repo": {
        "remote": "https://github.com/knowsys/Formale-Systeme-in-LEAN",
        "branch": "main",
        "commit": "ba05b7c08b42f31c9886795e9462fd5f82628bb7",
        "lean_version": "v4.24.0"
      },
      "location": {
        "path": "FormaleSystemeInLean/Chomsky/ContextFree/ContextFreeDerivation.lean",
        "start_line": 656,
        "start_column": 80,
        "end_line": 656,
        "end_column": 85
      },
      "debug_info": {
        "goal": "α nt : Type\nG : ContextFreeGrammar α nt\nu v : Word ({ x // x ∈ G.V } ⊕ { x // x ∈ G.Z })\ncfd : ContextFreeGrammar.ContextFreeDerivation α nt G u v\nu' : Word ({ x // x ∈ G.V } ⊕ { x // x ∈ G.Z })\ndstep : G.ContextFreeDerivationStep u\nderivation : ContextFreeGrammar.ContextFreeDerivation α nt G u' v\nsound : dstep.result = u'\nh_exhaustive :\n  ContextFreeGrammar.ContextFreeDerivation.exhaustiveCondition α nt G u v\n    (ContextFreeGrammar.ContextFreeDerivation.step α nt G u u' v dstep derivation sound)\nh_starts_in_1 :\n  ContextFreeGrammar.ContextFreeDerivation.startsIn1Condition α nt G u v\n    (ContextFreeGrammar.ContextFreeDerivation.step α nt G u u' v dstep derivation sound)\nh_constructor : cfd = ContextFreeGrammar.ContextFreeDerivation.step α nt G u u' v dstep derivation sound\n⊢ u ≠ v",
        "url": "https://github.com/knowsys/Formale-Systeme-in-LEAN/blob/ba05b7c08b42f31c9886795e9462fd5f82628bb7/FormaleSystemeInLean/Chomsky/ContextFree/ContextFreeDerivation.lean#L656"
      },
      "metadata": {
        "blame_email_hash": "aec9bd29b56a",
        "blame_date": "2024-07-16T17:04:31+02:00",
        "inclusion_date": "2026-01-10T14:08:07.173266+00:00"
      },
      "id": "e9e8b8ab22b3987c965e34282c802e88bc978a0708d707a6daf4ab6fc362dd9f"
    },
    "proof": null,
    "proof_verified": false,
    "feedback": null,
    "verification_message": "All 1 attempts failed (1 strategies x 1 attempts each)",
    "success": true,
    "error_type": null,
    "error_message": null,
    "strategy_name": "all_failed_k=1",
    "proof_attempts": [
      "rfl"
    ]
  }
]

[2026-01-12 18:14:36] [process_single_sorry] STDERR:
None of PyTorch, TensorFlow >= 2.0, or Flax have been found. Models won't be available and only tokenizers, configuration and file/data utilities can be used.
[2026-01-12 18:13:27] [INFO] ================================================================================
[2026-01-12 18:13:27] [INFO] Starting run_morphcloud_local.py
[2026-01-12 18:13:27] [INFO] ================================================================================
[2026-01-12 18:13:27] [INFO] Environment loaded
[2026-01-12 18:13:27] [INFO] Full command: /root/SorryDB/sorrydb/cli/run_morphcloud_local.py --repo-path /root/repo --sorry-json {"repo": {"remote": "https://github.com/knowsys/Formale-Systeme-in-LEAN", "branch": "main", "commit": "ba05b7c08b42f31c9886795e9462fd5f82628bb7", "lean_version": "v4.24.0"}, "location": {"path": "FormaleSystemeInLean/Chomsky/ContextFree/ContextFreeDerivation.lean", "start_line": 656, "start_column": 80, "end_line": 656, "end_column": 85}, "debug_info": {"goal": "\u03b1 nt : Type\nG : ContextFreeGrammar \u03b1 nt\nu v : Word ({ x // x \u2208 G.V } \u2295 { x // x \u2208 G.Z })\ncfd : ContextFreeGrammar.ContextFreeDerivation \u03b1 nt G u v\nu' : Word ({ x // x \u2208 G.V } \u2295 { x // x \u2208 G.Z })\ndstep : G.ContextFreeDerivationStep u\nderivation : ContextFreeGrammar.ContextFreeDerivation \u03b1 nt G u' v\nsound : dstep.result = u'\nh_exhaustive :\n  ContextFreeGrammar.ContextFreeDerivation.exhaustiveCondition \u03b1 nt G u v\n    (ContextFreeGrammar.ContextFreeDerivation.step \u03b1 nt G u u' v dstep derivation sound)\nh_starts_in_1 :\n  ContextFreeGrammar.ContextFreeDerivation.startsIn1Condition \u03b1 nt G u v\n    (ContextFreeGrammar.ContextFreeDerivation.step \u03b1 nt G u u' v dstep derivation sound)\nh_constructor : cfd = ContextFreeGrammar.ContextFreeDerivation.step \u03b1 nt G u u' v dstep derivation sound\n\u22a2 u \u2260 v", "url": "https://github.com/knowsys/Formale-Systeme-in-LEAN/blob/ba05b7c08b42f31c9886795e9462fd5f82628bb7/FormaleSystemeInLean/Chomsky/ContextFree/ContextFreeDerivation.lean#L656"}, "metadata": {"blame_email_hash": "aec9bd29b56a", "blame_date": "2024-07-16T17:04:31+02:00", "inclusion_date": "2026-01-10T14:08:07.173266+00:00"}, "id": "e9e8b8ab22b3987c965e34282c802e88bc978a0708d707a6daf4ab6fc362dd9f"} --agent-strategy {"name": "rfl", "args": {}}
[2026-01-12 18:13:27] [INFO] Arguments parsed: repo_path=/root/repo, output_path=/root/repo/result.json
[2026-01-12 18:13:27] [INFO] Strategy spec: {"name": "rfl", "args": {}}...
[2026-01-12 18:13:27] [INFO] Loading sorry data...
[2026-01-12 18:13:27] [INFO] Parsing sorry from JSON string...
[2026-01-12 18:13:27] [INFO] Sorry data parsed from JSON string
[2026-01-12 18:13:27] [INFO] Creating strategy from spec...
[2026-01-12 18:13:27] [INFO] Parsing strategy spec (length: 27 chars)
[2026-01-12 18:13:27] [INFO] Strategy name: rfl
[2026-01-12 18:13:27] [INFO] Strategy args: {}
[2026-01-12 18:13:27] [INFO] Pass@k value: 1
[2026-01-12 18:13:27] [INFO] Creating strategy: rfl
[2026-01-12 18:13:27] [INFO] Strategies created: ['RflStrategy']
[2026-01-12 18:13:27] [INFO] Pass@k value: 1
[2026-01-12 18:13:27] [INFO] Creating Sorry object...
[2026-01-12 18:13:27] [INFO] Sorry object created: id=e9e8b8ab22b3987c965e34282c802e88bc978a0708d707a6daf4ab6fc362dd9f
[2026-01-12 18:13:27] [INFO] Sorry location: FormaleSystemeInLean/Chomsky/ContextFree/ContextFreeDerivation.lean:656
[2026-01-12 18:13:27] [INFO] Context before sorry (lines 651-656):
[2026-01-12 18:13:27] [INFO]   651:   (h_starts_in_1 : cfd.startsIn1Condition) :
[2026-01-12 18:13:27] [INFO]   652:   DerivationTree G :=
[2026-01-12 18:13:27] [INFO]   653:     match h_constructor : cfd with
[2026-01-12 18:13:27] [INFO]   654:     | .same h_same => sorry
[2026-01-12 18:13:27] [INFO]   655:     | @ContextFreeDerivation.step _ _ _ _ u' _ dstep derivation sound => by
[2026-01-12 18:13:27] [INFO]   656:       exact ((ContextFreeDerivation.collectDerivationTreeNodes cfd h_exhaustive sorry)[0]'sorry).fst
[2026-01-12 18:13:27] [INFO] Sorry line:       exact ((ContextFreeDerivation.collectDerivationTreeNodes cfd h_exhaustive sorry)[0]'sorry).fst
[2026-01-12 18:13:27] [INFO] Sorry goal: α nt : Type
G : ContextFreeGrammar α nt
u v : Word ({ x // x ∈ G.V } ⊕ { x // x ∈ G.Z })
cfd : Conte...
[2026-01-12 18:13:27] [INFO] ========================================
[2026-01-12 18:13:27] [INFO] Trying strategy: RflStrategy (up to 1 attempts)
[2026-01-12 18:13:27] [INFO] --------------------
[2026-01-12 18:13:27] [INFO] Strategy RflStrategy, attempt 1/1
[2026-01-12 18:13:27] [INFO] Starting proof generation...
[2026-01-12 18:13:27] [INFO] Repository path: /root/repo
[2026-01-12 18:13:27] [INFO] Proof generation completed
[2026-01-12 18:13:27] [INFO] Generated proof:
[2026-01-12 18:13:27] [INFO] rfl
[2026-01-12 18:13:27] [INFO] Proof length: 3 chars
[2026-01-12 18:13:27] [INFO] Starting proof verification...
[2026-01-12 18:13:27] [INFO] Verifying at: FormaleSystemeInLean/Chomsky/ContextFree/ContextFreeDerivation.lean:656
[2026-01-12 18:13:27] [INFO] Using LEAN INTERACT verify
[2026-01-12 18:13:27] [INFO] Checking file
[2026-01-12 18:14:34] [INFO] Cannot build modified file <error line="656" column="80">
<code_line>      exact ((ContextFreeDerivation.collectDerivationTreeNodes cfd h_exhaustive rfl)[0]'sorry).fst</code_line>
<message>error: Application type mismatch: The argument</message>
</error>
  rfl
has type
  ?m.159 = ?m.159
but is expected to have type
  u ≠ v
in the application
  cfd.collectDerivationTreeNodes h_exhaustive ⋯
[2026-01-12 18:14:34] [INFO] Proof verification completed
[2026-01-12 18:14:34] [INFO] Strategy RflStrategy attempt 1: verified=False
[2026-01-12 18:14:34] [INFO] Verification message: Cannot build modified file: <error line="656" column="80">
<code_line>      exact ((ContextFreeDerivation.collectDerivationTreeNodes cfd h_exhaustive rfl)[0]'sorry).fst</code_line>
<message>error: Application type mismatch: The argument</message>
</error>
  rfl
has type
  ?m.159 = ?m.159
but is expected to have type
  u ≠ v
in the application
  cfd.collectDerivationTreeNodes h_exhaustive ⋯

[2026-01-12 18:14:34] [INFO] Attempt 1 failed verification, continuing...
[2026-01-12 18:14:34] [INFO] ========================================
[2026-01-12 18:14:34] [INFO] Pass@k completed. Total results: 1
[2026-01-12 18:14:34] [INFO] FAILED: All 1 strategies x 1 attempts
[2026-01-12 18:14:34] [INFO] Writing results to file: /root/repo/result.json
[2026-01-12 18:14:34] [INFO] Result file written successfully
[2026-01-12 18:14:34] [INFO] Results exported to: /root/repo/result.json
[2026-01-12 18:14:34] [INFO] run_morphcloud_local.py completed successfully

[2026-01-12 18:14:36] [process_single_sorry] Downloading result file...
[2026-01-12 18:14:36] [process_single_sorry] Downloaded result to intermediate_experiment_outputs_full_reservoir_3_months/rfl/2026-01-12_15-54-17_rfl/individual/e9e8b8ab22b3987c965e34282c802e88bc978a0708d707a6daf4ab6fc362dd9f.json
[2026-01-12 18:14:39] [process_single_sorry] Instance context closed successfully
[2026-01-12 18:14:39] [process_single_sorry] Parsing result file...
[2026-01-12 18:14:39] [process_single_sorry] Successfully parsed result (list format, 1 results)
