[2026-01-13 04:13:12] [process_single_sorry] Starting for sorry 103115e237037a4748a8f6646b66ab44383e9f8da0f1a9076a1301e43d789fee
[2026-01-13 04:13:12] [process_single_sorry] Using snapshot: snapshot_0nk1xatd
[2026-01-13 04:13:12] [process_single_sorry] Repository: https://github.com/lean-dojo/LeanMillenniumPrizeProblems@aca048ef73ce1156156cce5845945b902aa66698
[2026-01-13 04:13:12] [process_single_sorry] Instance name: LeanMillenniumPrizeProblems_aca048ef73ce_multi_tactic_103115e237037a4748a8f6646b66ab44383e9f8da0f1a9076a1301e43d789fee
[2026-01-13 04:13:12] [process_single_sorry] Starting attempt 1/3
[2026-01-13 04:13:12] [process_single_sorry] Starting instance from snapshot...
[2026-01-13 04:13:12] [process_single_sorry] Instance started successfully: morphvm_g7zydgv7
[2026-01-13 04:13:12] [process_single_sorry] Creating .env file...
[2026-01-13 04:13:16] [process_single_sorry] .env file created (exit_code: 0)
[2026-01-13 04:13:16] [process_single_sorry] Executing agent command...
[2026-01-13 04:14:07] [process_single_sorry] Agent command completed (exit_code: 0)
[2026-01-13 04:14:07] [process_single_sorry] STDOUT:

Results JSON:
[
  {
    "sorry": {
      "repo": {
        "remote": "https://github.com/lean-dojo/LeanMillenniumPrizeProblems",
        "branch": "main",
        "commit": "aca048ef73ce1156156cce5845945b902aa66698",
        "lean_version": "v4.18.0-rc1"
      },
      "location": {
        "path": "Problems/Poincare/Millennium.lean",
        "start_line": 123,
        "start_column": 2,
        "end_line": 123,
        "end_column": 7
      },
      "debug_info": {
        "goal": "n : ℕ\nM : Type u_1\ninst✝⁴ : TopologicalSpace M\ninst✝³ : T2Space M\ninst✝² : ChartedSpace (EuclideanSpace ℝ (Fin n)) M\ninst✝¹ : CompactSpace M\ninst✝ : ConnectedSpace M\nh : Nonempty (M ≃ ↑(sphere 0 1))\n⊢ Nonempty (M ≃ₜ ↑(sphere 0 1))",
        "url": "https://github.com/lean-dojo/LeanMillenniumPrizeProblems/blob/aca048ef73ce1156156cce5845945b902aa66698/Problems/Poincare/Millennium.lean#L123"
      },
      "metadata": {
        "blame_email_hash": "91e2e741ca6f",
        "blame_date": "2025-03-15T14:36:52-07:00",
        "inclusion_date": "2026-01-10T14:16:40.616571+00:00"
      },
      "id": "103115e237037a4748a8f6646b66ab44383e9f8da0f1a9076a1301e43d789fee"
    },
    "proof": null,
    "proof_verified": false,
    "feedback": null,
    "verification_message": "All 11 attempts failed (11 strategies x 1 attempts each)",
    "success": true,
    "error_type": null,
    "error_message": null,
    "strategy_name": "all_failed_k=1",
    "proof_attempts": [
      "rfl",
      "simp",
      "simp_all",
      "exact?",
      "grind",
      "ring",
      "norm_num",
      "omega",
      "linarith",
      "nlinarith",
      "aesop"
    ]
  }
]

[2026-01-13 04:14:07] [process_single_sorry] STDERR:
None of PyTorch, TensorFlow >= 2.0, or Flax have been found. Models won't be available and only tokenizers, configuration and file/data utilities can be used.
[2026-01-13 04:13:26] [INFO] ================================================================================
[2026-01-13 04:13:26] [INFO] Starting run_morphcloud_local.py
[2026-01-13 04:13:26] [INFO] ================================================================================
[2026-01-13 04:13:26] [INFO] Environment loaded
[2026-01-13 04:13:26] [INFO] Full command: /root/SorryDB/sorrydb/cli/run_morphcloud_local.py --repo-path /root/repo --sorry-json {"repo": {"remote": "https://github.com/lean-dojo/LeanMillenniumPrizeProblems", "branch": "main", "commit": "aca048ef73ce1156156cce5845945b902aa66698", "lean_version": "v4.18.0-rc1"}, "location": {"path": "Problems/Poincare/Millennium.lean", "start_line": 123, "start_column": 2, "end_line": 123, "end_column": 7}, "debug_info": {"goal": "n : \u2115\nM : Type u_1\ninst\u271d\u2074 : TopologicalSpace M\ninst\u271d\u00b3 : T2Space M\ninst\u271d\u00b2 : ChartedSpace (EuclideanSpace \u211d (Fin n)) M\ninst\u271d\u00b9 : CompactSpace M\ninst\u271d : ConnectedSpace M\nh : Nonempty (M \u2243 \u2191(sphere 0 1))\n\u22a2 Nonempty (M \u2243\u209c \u2191(sphere 0 1))", "url": "https://github.com/lean-dojo/LeanMillenniumPrizeProblems/blob/aca048ef73ce1156156cce5845945b902aa66698/Problems/Poincare/Millennium.lean#L123"}, "metadata": {"blame_email_hash": "91e2e741ca6f", "blame_date": "2025-03-15T14:36:52-07:00", "inclusion_date": "2026-01-10T14:16:40.616571+00:00"}, "id": "103115e237037a4748a8f6646b66ab44383e9f8da0f1a9076a1301e43d789fee"} --agent-strategy {"name": "multi_tactic", "args": {}}
[2026-01-13 04:13:26] [INFO] Arguments parsed: repo_path=/root/repo, output_path=/root/repo/result.json
[2026-01-13 04:13:26] [INFO] Strategy spec: {"name": "multi_tactic", "args": {}}...
[2026-01-13 04:13:26] [INFO] Loading sorry data...
[2026-01-13 04:13:26] [INFO] Parsing sorry from JSON string...
[2026-01-13 04:13:26] [INFO] Sorry data parsed from JSON string
[2026-01-13 04:13:26] [INFO] Creating strategy from spec...
[2026-01-13 04:13:26] [INFO] Parsing strategy spec (length: 36 chars)
[2026-01-13 04:13:26] [INFO] Strategy name: multi_tactic
[2026-01-13 04:13:26] [INFO] Strategy args: {}
[2026-01-13 04:13:26] [INFO] Pass@k value: 1
[2026-01-13 04:13:26] [INFO] Creating strategy: multi_tactic
[2026-01-13 04:13:26] [INFO] Creating multi_tactic strategy with tactics: ['rfl', 'simp', 'simp_all', 'exact?', 'grind', 'ring', 'norm_num', 'omega', 'linarith', 'nlinarith', 'aesop']
[2026-01-13 04:13:26] [INFO] Strategies created: ['rfl', 'simp', 'simp_all', 'exact?', 'grind', 'ring', 'norm_num', 'omega', 'linarith', 'nlinarith', 'aesop']
[2026-01-13 04:13:26] [INFO] Pass@k value: 1
[2026-01-13 04:13:26] [INFO] Creating Sorry object...
[2026-01-13 04:13:26] [INFO] Sorry object created: id=103115e237037a4748a8f6646b66ab44383e9f8da0f1a9076a1301e43d789fee
[2026-01-13 04:13:26] [INFO] Sorry location: Problems/Poincare/Millennium.lean:123
[2026-01-13 04:13:26] [INFO] Context before sorry (lines 118-123):
[2026-01-13 04:13:26] [INFO]   118:     [ConnectedSpace M]              -- M is connected
[2026-01-13 04:13:26] [INFO]   119:     (h : Nonempty (M ≃ sphere (0 : EuclideanSpace ℝ (Fin (n+1))) 1)) :
[2026-01-13 04:13:26] [INFO]   120:     -- M is homotopy equivalent to the n-sphere (≃ₕ represents homotopy equivalence)
[2026-01-13 04:13:26] [INFO]   121:     Nonempty (M ≃ₜ sphere (0 : EuclideanSpace ℝ (Fin (n+1))) 1) :=
[2026-01-13 04:13:26] [INFO]   122:     -- M is homeomorphic to the n-sphere (≃ₜ represents homeomorphism)
[2026-01-13 04:13:26] [INFO]   123:   sorry -- This has been proven for all n ≥ 1
[2026-01-13 04:13:26] [INFO] Sorry line:   sorry -- This has been proven for all n ≥ 1
[2026-01-13 04:13:26] [INFO] Sorry goal: n : ℕ
M : Type u_1
inst✝⁴ : TopologicalSpace M
inst✝³ : T2Space M
inst✝² : ChartedSpace (EuclideanSp...
[2026-01-13 04:13:26] [INFO] ========================================
[2026-01-13 04:13:26] [INFO] Trying strategy: rfl (up to 1 attempts)
[2026-01-13 04:13:26] [INFO] --------------------
[2026-01-13 04:13:26] [INFO] Strategy rfl, attempt 1/1
[2026-01-13 04:13:26] [INFO] Starting proof generation...
[2026-01-13 04:13:26] [INFO] Repository path: /root/repo
[2026-01-13 04:13:26] [INFO] Proof generation completed
[2026-01-13 04:13:26] [INFO] Generated proof:
[2026-01-13 04:13:26] [INFO] rfl
[2026-01-13 04:13:26] [INFO] Proof length: 3 chars
[2026-01-13 04:13:26] [INFO] Starting proof verification...
[2026-01-13 04:13:26] [INFO] Verifying at: Problems/Poincare/Millennium.lean:123
[2026-01-13 04:13:26] [INFO] Using LEAN INTERACT verify
[2026-01-13 04:13:26] [INFO] Checking file
[2026-01-13 04:13:38] [INFO] Cannot build modified file <error line="123" column="2">
<code_line>  rfl -- This has been proven for all n ≥ 1</code_line>
<message>error: type mismatch</message>
</error>
  rfl
has type
  ?m.4132 = ?m.4132 : Prop
but is expected to have type
  Nonempty (M ≃ₜ ↑(sphere 0 1)) : Prop
[2026-01-13 04:13:38] [INFO] Proof verification completed
[2026-01-13 04:13:38] [INFO] Strategy rfl attempt 1: verified=False
[2026-01-13 04:13:38] [INFO] Verification message: Cannot build modified file: <error line="123" column="2">
<code_line>  rfl -- This has been proven for all n ≥ 1</code_line>
<message>error: type mismatch</message>
</error>
  rfl
has type
  ?m.4132 = ?m.4132 : Prop
but is expected to have type
  Nonempty (M ≃ₜ ↑(sphere 0 1)) : Prop

[2026-01-13 04:13:38] [INFO] Attempt 1 failed verification, continuing...
[2026-01-13 04:13:38] [INFO] ========================================
[2026-01-13 04:13:38] [INFO] Trying strategy: simp (up to 1 attempts)
[2026-01-13 04:13:38] [INFO] --------------------
[2026-01-13 04:13:38] [INFO] Strategy simp, attempt 1/1
[2026-01-13 04:13:38] [INFO] Starting proof generation...
[2026-01-13 04:13:38] [INFO] Repository path: /root/repo
[2026-01-13 04:13:38] [INFO] Proof generation completed
[2026-01-13 04:13:38] [INFO] Generated proof:
[2026-01-13 04:13:38] [INFO] simp
[2026-01-13 04:13:38] [INFO] Proof length: 4 chars
[2026-01-13 04:13:38] [INFO] Starting proof verification...
[2026-01-13 04:13:38] [INFO] Verifying at: Problems/Poincare/Millennium.lean:123
[2026-01-13 04:13:38] [INFO] Using LEAN INTERACT verify
[2026-01-13 04:13:38] [INFO] Checking file
[2026-01-13 04:13:41] [INFO] Cannot build modified file <error line="123" column="2">
<code_line>  simp -- This has been proven for all n ≥ 1</code_line>
<message>error: unknown identifier 'simp'</message>
</error>
[2026-01-13 04:13:41] [INFO] Proof verification completed
[2026-01-13 04:13:41] [INFO] Strategy simp attempt 1: verified=False
[2026-01-13 04:13:41] [INFO] Verification message: Cannot build modified file: <error line="123" column="2">
<code_line>  simp -- This has been proven for all n ≥ 1</code_line>
<message>error: unknown identifier 'simp'</message>
</error>

[2026-01-13 04:13:41] [INFO] Attempt 1 failed verification, continuing...
[2026-01-13 04:13:41] [INFO] ========================================
[2026-01-13 04:13:41] [INFO] Trying strategy: simp_all (up to 1 attempts)
[2026-01-13 04:13:41] [INFO] --------------------
[2026-01-13 04:13:41] [INFO] Strategy simp_all, attempt 1/1
[2026-01-13 04:13:41] [INFO] Starting proof generation...
[2026-01-13 04:13:41] [INFO] Repository path: /root/repo
[2026-01-13 04:13:41] [INFO] Proof generation completed
[2026-01-13 04:13:41] [INFO] Generated proof:
[2026-01-13 04:13:41] [INFO] simp_all
[2026-01-13 04:13:41] [INFO] Proof length: 8 chars
[2026-01-13 04:13:41] [INFO] Starting proof verification...
[2026-01-13 04:13:41] [INFO] Verifying at: Problems/Poincare/Millennium.lean:123
[2026-01-13 04:13:41] [INFO] Using LEAN INTERACT verify
[2026-01-13 04:13:41] [INFO] Checking file
[2026-01-13 04:13:45] [INFO] Cannot build modified file <error line="123" column="2">
<code_line>  simp_all -- This has been proven for all n ≥ 1</code_line>
<message>error: unknown identifier 'simp_all'</message>
</error>
[2026-01-13 04:13:45] [INFO] Proof verification completed
[2026-01-13 04:13:45] [INFO] Strategy simp_all attempt 1: verified=False
[2026-01-13 04:13:45] [INFO] Verification message: Cannot build modified file: <error line="123" column="2">
<code_line>  simp_all -- This has been proven for all n ≥ 1</code_line>
<message>error: unknown identifier 'simp_all'</message>
</error>

[2026-01-13 04:13:45] [INFO] Attempt 1 failed verification, continuing...
[2026-01-13 04:13:45] [INFO] ========================================
[2026-01-13 04:13:45] [INFO] Trying strategy: exact? (up to 1 attempts)
[2026-01-13 04:13:45] [INFO] --------------------
[2026-01-13 04:13:45] [INFO] Strategy exact?, attempt 1/1
[2026-01-13 04:13:45] [INFO] Starting proof generation...
[2026-01-13 04:13:45] [INFO] Repository path: /root/repo
[2026-01-13 04:13:45] [INFO] Proof generation completed
[2026-01-13 04:13:45] [INFO] Generated proof:
[2026-01-13 04:13:45] [INFO] exact?
[2026-01-13 04:13:45] [INFO] Proof length: 6 chars
[2026-01-13 04:13:45] [INFO] Starting proof verification...
[2026-01-13 04:13:45] [INFO] Verifying at: Problems/Poincare/Millennium.lean:123
[2026-01-13 04:13:45] [INFO] Using LEAN INTERACT verify
[2026-01-13 04:13:45] [INFO] Checking file
[2026-01-13 04:13:48] [INFO] Cannot build modified file <error line="123" column="2">
<code_line>  exact? -- This has been proven for all n ≥ 1</code_line>
<message>error: unknown identifier 'exact?'</message>
</error>
[2026-01-13 04:13:48] [INFO] Proof verification completed
[2026-01-13 04:13:48] [INFO] Strategy exact? attempt 1: verified=False
[2026-01-13 04:13:48] [INFO] Verification message: Cannot build modified file: <error line="123" column="2">
<code_line>  exact? -- This has been proven for all n ≥ 1</code_line>
<message>error: unknown identifier 'exact?'</message>
</error>

[2026-01-13 04:13:48] [INFO] Attempt 1 failed verification, continuing...
[2026-01-13 04:13:48] [INFO] ========================================
[2026-01-13 04:13:48] [INFO] Trying strategy: grind (up to 1 attempts)
[2026-01-13 04:13:48] [INFO] --------------------
[2026-01-13 04:13:48] [INFO] Strategy grind, attempt 1/1
[2026-01-13 04:13:48] [INFO] Starting proof generation...
[2026-01-13 04:13:48] [INFO] Repository path: /root/repo
[2026-01-13 04:13:48] [INFO] Proof generation completed
[2026-01-13 04:13:48] [INFO] Generated proof:
[2026-01-13 04:13:48] [INFO] grind
[2026-01-13 04:13:48] [INFO] Proof length: 5 chars
[2026-01-13 04:13:48] [INFO] Starting proof verification...
[2026-01-13 04:13:48] [INFO] Verifying at: Problems/Poincare/Millennium.lean:123
[2026-01-13 04:13:48] [INFO] Using LEAN INTERACT verify
[2026-01-13 04:13:48] [INFO] Checking file
[2026-01-13 04:13:51] [INFO] Cannot build modified file <error line="123" column="2">
<code_line>  grind -- This has been proven for all n ≥ 1</code_line>
<message>error: unknown identifier 'grind'</message>
</error>
[2026-01-13 04:13:51] [INFO] Proof verification completed
[2026-01-13 04:13:51] [INFO] Strategy grind attempt 1: verified=False
[2026-01-13 04:13:51] [INFO] Verification message: Cannot build modified file: <error line="123" column="2">
<code_line>  grind -- This has been proven for all n ≥ 1</code_line>
<message>error: unknown identifier 'grind'</message>
</error>

[2026-01-13 04:13:51] [INFO] Attempt 1 failed verification, continuing...
[2026-01-13 04:13:51] [INFO] ========================================
[2026-01-13 04:13:51] [INFO] Trying strategy: ring (up to 1 attempts)
[2026-01-13 04:13:51] [INFO] --------------------
[2026-01-13 04:13:51] [INFO] Strategy ring, attempt 1/1
[2026-01-13 04:13:51] [INFO] Starting proof generation...
[2026-01-13 04:13:51] [INFO] Repository path: /root/repo
[2026-01-13 04:13:51] [INFO] Proof generation completed
[2026-01-13 04:13:51] [INFO] Generated proof:
[2026-01-13 04:13:51] [INFO] ring
[2026-01-13 04:13:51] [INFO] Proof length: 4 chars
[2026-01-13 04:13:51] [INFO] Starting proof verification...
[2026-01-13 04:13:51] [INFO] Verifying at: Problems/Poincare/Millennium.lean:123
[2026-01-13 04:13:51] [INFO] Using LEAN INTERACT verify
[2026-01-13 04:13:51] [INFO] Checking file
[2026-01-13 04:13:54] [INFO] Cannot build modified file <error line="123" column="2">
<code_line>  ring -- This has been proven for all n ≥ 1</code_line>
<message>error: unknown identifier 'ring'</message>
</error>
[2026-01-13 04:13:54] [INFO] Proof verification completed
[2026-01-13 04:13:54] [INFO] Strategy ring attempt 1: verified=False
[2026-01-13 04:13:54] [INFO] Verification message: Cannot build modified file: <error line="123" column="2">
<code_line>  ring -- This has been proven for all n ≥ 1</code_line>
<message>error: unknown identifier 'ring'</message>
</error>

[2026-01-13 04:13:54] [INFO] Attempt 1 failed verification, continuing...
[2026-01-13 04:13:54] [INFO] ========================================
[2026-01-13 04:13:54] [INFO] Trying strategy: norm_num (up to 1 attempts)
[2026-01-13 04:13:54] [INFO] --------------------
[2026-01-13 04:13:54] [INFO] Strategy norm_num, attempt 1/1
[2026-01-13 04:13:54] [INFO] Starting proof generation...
[2026-01-13 04:13:54] [INFO] Repository path: /root/repo
[2026-01-13 04:13:54] [INFO] Proof generation completed
[2026-01-13 04:13:54] [INFO] Generated proof:
[2026-01-13 04:13:54] [INFO] norm_num
[2026-01-13 04:13:54] [INFO] Proof length: 8 chars
[2026-01-13 04:13:54] [INFO] Starting proof verification...
[2026-01-13 04:13:54] [INFO] Verifying at: Problems/Poincare/Millennium.lean:123
[2026-01-13 04:13:54] [INFO] Using LEAN INTERACT verify
[2026-01-13 04:13:54] [INFO] Checking file
[2026-01-13 04:13:56] [INFO] Cannot build modified file <error line="123" column="2">
<code_line>  norm_num -- This has been proven for all n ≥ 1</code_line>
<message>error: type mismatch</message>
</error>
  norm_num
has type
  Lean.ParserDescr : Type
but is expected to have type
  Nonempty (M ≃ₜ ↑(sphere 0 1)) : Prop
[2026-01-13 04:13:56] [INFO] Proof verification completed
[2026-01-13 04:13:56] [INFO] Strategy norm_num attempt 1: verified=False
[2026-01-13 04:13:56] [INFO] Verification message: Cannot build modified file: <error line="123" column="2">
<code_line>  norm_num -- This has been proven for all n ≥ 1</code_line>
<message>error: type mismatch</message>
</error>
  norm_num
has type
  Lean.ParserDescr : Type
but is expected to have type
  Nonempty (M ≃ₜ ↑(sphere 0 1)) : Prop

[2026-01-13 04:13:56] [INFO] Attempt 1 failed verification, continuing...
[2026-01-13 04:13:56] [INFO] ========================================
[2026-01-13 04:13:56] [INFO] Trying strategy: omega (up to 1 attempts)
[2026-01-13 04:13:56] [INFO] --------------------
[2026-01-13 04:13:56] [INFO] Strategy omega, attempt 1/1
[2026-01-13 04:13:56] [INFO] Starting proof generation...
[2026-01-13 04:13:56] [INFO] Repository path: /root/repo
[2026-01-13 04:13:56] [INFO] Proof generation completed
[2026-01-13 04:13:56] [INFO] Generated proof:
[2026-01-13 04:13:56] [INFO] omega
[2026-01-13 04:13:56] [INFO] Proof length: 5 chars
[2026-01-13 04:13:56] [INFO] Starting proof verification...
[2026-01-13 04:13:56] [INFO] Verifying at: Problems/Poincare/Millennium.lean:123
[2026-01-13 04:13:56] [INFO] Using LEAN INTERACT verify
[2026-01-13 04:13:56] [INFO] Checking file
[2026-01-13 04:13:59] [INFO] Cannot build modified file <error line="123" column="2">
<code_line>  omega -- This has been proven for all n ≥ 1</code_line>
<message>error: unknown identifier 'omega'</message>
</error>
[2026-01-13 04:13:59] [INFO] Proof verification completed
[2026-01-13 04:13:59] [INFO] Strategy omega attempt 1: verified=False
[2026-01-13 04:13:59] [INFO] Verification message: Cannot build modified file: <error line="123" column="2">
<code_line>  omega -- This has been proven for all n ≥ 1</code_line>
<message>error: unknown identifier 'omega'</message>
</error>

[2026-01-13 04:13:59] [INFO] Attempt 1 failed verification, continuing...
[2026-01-13 04:13:59] [INFO] ========================================
[2026-01-13 04:13:59] [INFO] Trying strategy: linarith (up to 1 attempts)
[2026-01-13 04:13:59] [INFO] --------------------
[2026-01-13 04:13:59] [INFO] Strategy linarith, attempt 1/1
[2026-01-13 04:13:59] [INFO] Starting proof generation...
[2026-01-13 04:13:59] [INFO] Repository path: /root/repo
[2026-01-13 04:13:59] [INFO] Proof generation completed
[2026-01-13 04:13:59] [INFO] Generated proof:
[2026-01-13 04:13:59] [INFO] linarith
[2026-01-13 04:13:59] [INFO] Proof length: 8 chars
[2026-01-13 04:13:59] [INFO] Starting proof verification...
[2026-01-13 04:13:59] [INFO] Verifying at: Problems/Poincare/Millennium.lean:123
[2026-01-13 04:13:59] [INFO] Using LEAN INTERACT verify
[2026-01-13 04:13:59] [INFO] Checking file
[2026-01-13 04:14:02] [INFO] Cannot build modified file <error line="123" column="2">
<code_line>  linarith -- This has been proven for all n ≥ 1</code_line>
<message>error: type mismatch</message>
</error>
  linarith
has type
  Lean.ParserDescr : Type
but is expected to have type
  Nonempty (M ≃ₜ ↑(sphere 0 1)) : Prop
[2026-01-13 04:14:02] [INFO] Proof verification completed
[2026-01-13 04:14:02] [INFO] Strategy linarith attempt 1: verified=False
[2026-01-13 04:14:02] [INFO] Verification message: Cannot build modified file: <error line="123" column="2">
<code_line>  linarith -- This has been proven for all n ≥ 1</code_line>
<message>error: type mismatch</message>
</error>
  linarith
has type
  Lean.ParserDescr : Type
but is expected to have type
  Nonempty (M ≃ₜ ↑(sphere 0 1)) : Prop

[2026-01-13 04:14:02] [INFO] Attempt 1 failed verification, continuing...
[2026-01-13 04:14:02] [INFO] ========================================
[2026-01-13 04:14:02] [INFO] Trying strategy: nlinarith (up to 1 attempts)
[2026-01-13 04:14:02] [INFO] --------------------
[2026-01-13 04:14:02] [INFO] Strategy nlinarith, attempt 1/1
[2026-01-13 04:14:02] [INFO] Starting proof generation...
[2026-01-13 04:14:02] [INFO] Repository path: /root/repo
[2026-01-13 04:14:02] [INFO] Proof generation completed
[2026-01-13 04:14:02] [INFO] Generated proof:
[2026-01-13 04:14:02] [INFO] nlinarith
[2026-01-13 04:14:02] [INFO] Proof length: 9 chars
[2026-01-13 04:14:02] [INFO] Starting proof verification...
[2026-01-13 04:14:02] [INFO] Verifying at: Problems/Poincare/Millennium.lean:123
[2026-01-13 04:14:02] [INFO] Using LEAN INTERACT verify
[2026-01-13 04:14:02] [INFO] Checking file
[2026-01-13 04:14:04] [INFO] Cannot build modified file <error line="123" column="2">
<code_line>  nlinarith -- This has been proven for all n ≥ 1</code_line>
<message>error: type mismatch</message>
</error>
  nlinarith
has type
  Lean.ParserDescr : Type
but is expected to have type
  Nonempty (M ≃ₜ ↑(sphere 0 1)) : Prop
[2026-01-13 04:14:04] [INFO] Proof verification completed
[2026-01-13 04:14:04] [INFO] Strategy nlinarith attempt 1: verified=False
[2026-01-13 04:14:04] [INFO] Verification message: Cannot build modified file: <error line="123" column="2">
<code_line>  nlinarith -- This has been proven for all n ≥ 1</code_line>
<message>error: type mismatch</message>
</error>
  nlinarith
has type
  Lean.ParserDescr : Type
but is expected to have type
  Nonempty (M ≃ₜ ↑(sphere 0 1)) : Prop

[2026-01-13 04:14:04] [INFO] Attempt 1 failed verification, continuing...
[2026-01-13 04:14:04] [INFO] ========================================
[2026-01-13 04:14:04] [INFO] Trying strategy: aesop (up to 1 attempts)
[2026-01-13 04:14:04] [INFO] --------------------
[2026-01-13 04:14:04] [INFO] Strategy aesop, attempt 1/1
[2026-01-13 04:14:04] [INFO] Starting proof generation...
[2026-01-13 04:14:04] [INFO] Repository path: /root/repo
[2026-01-13 04:14:04] [INFO] Proof generation completed
[2026-01-13 04:14:04] [INFO] Generated proof:
[2026-01-13 04:14:04] [INFO] aesop
[2026-01-13 04:14:04] [INFO] Proof length: 5 chars
[2026-01-13 04:14:04] [INFO] Starting proof verification...
[2026-01-13 04:14:04] [INFO] Verifying at: Problems/Poincare/Millennium.lean:123
[2026-01-13 04:14:04] [INFO] Using LEAN INTERACT verify
[2026-01-13 04:14:04] [INFO] Checking file
[2026-01-13 04:14:07] [INFO] Cannot build modified file <error line="123" column="2">
<code_line>  aesop -- This has been proven for all n ≥ 1</code_line>
<message>error: unknown identifier 'aesop'</message>
</error>
[2026-01-13 04:14:07] [INFO] Proof verification completed
[2026-01-13 04:14:07] [INFO] Strategy aesop attempt 1: verified=False
[2026-01-13 04:14:07] [INFO] Verification message: Cannot build modified file: <error line="123" column="2">
<code_line>  aesop -- This has been proven for all n ≥ 1</code_line>
<message>error: unknown identifier 'aesop'</message>
</error>

[2026-01-13 04:14:07] [INFO] Attempt 1 failed verification, continuing...
[2026-01-13 04:14:07] [INFO] ========================================
[2026-01-13 04:14:07] [INFO] Pass@k completed. Total results: 1
[2026-01-13 04:14:07] [INFO] FAILED: All 11 strategies x 1 attempts
[2026-01-13 04:14:07] [INFO] Writing results to file: /root/repo/result.json
[2026-01-13 04:14:07] [INFO] Result file written successfully
[2026-01-13 04:14:07] [INFO] Results exported to: /root/repo/result.json
[2026-01-13 04:14:07] [INFO] run_morphcloud_local.py completed successfully

[2026-01-13 04:14:07] [process_single_sorry] Downloading result file...
[2026-01-13 04:14:08] [process_single_sorry] Downloaded result to intermediate_experiment_outputs_full_reservoir_3_months/multi_tactic/2026-01-13_01-27-45_multi_tactic/individual/103115e237037a4748a8f6646b66ab44383e9f8da0f1a9076a1301e43d789fee.json
[2026-01-13 04:14:10] [process_single_sorry] Instance context closed successfully
[2026-01-13 04:14:10] [process_single_sorry] Parsing result file...
[2026-01-13 04:14:10] [process_single_sorry] Successfully parsed result (list format, 1 results)
