[2026-01-13 03:40:33] [process_single_sorry] Starting for sorry 775c29ab8190040d51d59bc0e81555c4e05fc3a4765b3c7ea45a06d6d5b170bf
[2026-01-13 03:40:33] [process_single_sorry] Using snapshot: snapshot_r1em20my
[2026-01-13 03:40:33] [process_single_sorry] Repository: https://github.com/google-deepmind/formal-conjectures@2d387cc191243cd74dcfdb3d4e281ead4c1ec4a2
[2026-01-13 03:40:33] [process_single_sorry] Instance name: formal-conjectures_2d387cc19124_multi_tactic_775c29ab8190040d51d59bc0e81555c4e05fc3a4765b3c7ea45a06d6d5b170bf
[2026-01-13 03:40:33] [process_single_sorry] Starting attempt 1/3
[2026-01-13 03:40:33] [process_single_sorry] Starting instance from snapshot...
[2026-01-13 03:40:34] [process_single_sorry] Instance started successfully: morphvm_qzj5zfkd
[2026-01-13 03:40:34] [process_single_sorry] Creating .env file...
[2026-01-13 03:40:40] [process_single_sorry] .env file created (exit_code: 0)
[2026-01-13 03:40:40] [process_single_sorry] Executing agent command...
[2026-01-13 03:44:16] [process_single_sorry] Agent command completed (exit_code: 0)
[2026-01-13 03:44:16] [process_single_sorry] STDOUT:

Results JSON:
[
  {
    "sorry": {
      "repo": {
        "remote": "https://github.com/google-deepmind/formal-conjectures",
        "branch": "main",
        "commit": "2d387cc191243cd74dcfdb3d4e281ead4c1ec4a2",
        "lean_version": "v4.22.0"
      },
      "location": {
        "path": "FormalConjectures/ErdosProblems/566.lean",
        "start_line": 58,
        "start_column": 2,
        "end_line": 58,
        "end_column": 7
      },
      "debug_info": {
        "goal": "⊢ sorry ↔\n    ∀ (p : ℕ) (G : SimpleGraph (Fin p)),\n      (∀ (S : Finset (Fin p)), 2 ≤ S.card → (induce (↑S) G).edgeSet.ncard ≤ 2 * S.card - 3) →\n        ∃ c > 0,\n          ∀ (n : ℕ) (H : SimpleGraph (Fin n)) [inst : DecidableRel H.Adj],\n            (∀ (v : Fin n), 0 < H.degree v) → ↑(G.sizeRamsey H) ≤ c * ↑H.edgeSet.ncard",
        "url": "https://github.com/google-deepmind/formal-conjectures/blob/2d387cc191243cd74dcfdb3d4e281ead4c1ec4a2/FormalConjectures/ErdosProblems/566.lean#L58"
      },
      "metadata": {
        "blame_email_hash": "f8f37fe53ddd",
        "blame_date": "2026-01-08T22:05:49+05:30",
        "inclusion_date": "2026-01-10T02:06:02.109141+00:00"
      },
      "id": "775c29ab8190040d51d59bc0e81555c4e05fc3a4765b3c7ea45a06d6d5b170bf"
    },
    "proof": null,
    "proof_verified": false,
    "feedback": null,
    "verification_message": "All 11 attempts failed (11 strategies x 1 attempts each)",
    "success": true,
    "error_type": null,
    "error_message": null,
    "strategy_name": "all_failed_k=1",
    "proof_attempts": [
      "rfl",
      "simp",
      "simp_all",
      "exact?",
      "grind",
      "ring",
      "norm_num",
      "omega",
      "linarith",
      "nlinarith",
      "aesop"
    ]
  }
]

[2026-01-13 03:44:16] [process_single_sorry] STDERR:
None of PyTorch, TensorFlow >= 2.0, or Flax have been found. Models won't be available and only tokenizers, configuration and file/data utilities can be used.
[2026-01-13 03:40:55] [INFO] ================================================================================
[2026-01-13 03:40:55] [INFO] Starting run_morphcloud_local.py
[2026-01-13 03:40:55] [INFO] ================================================================================
[2026-01-13 03:40:55] [INFO] Environment loaded
[2026-01-13 03:40:55] [INFO] Full command: /root/SorryDB/sorrydb/cli/run_morphcloud_local.py --repo-path /root/repo --sorry-json {"repo": {"remote": "https://github.com/google-deepmind/formal-conjectures", "branch": "main", "commit": "2d387cc191243cd74dcfdb3d4e281ead4c1ec4a2", "lean_version": "v4.22.0"}, "location": {"path": "FormalConjectures/ErdosProblems/566.lean", "start_line": 58, "start_column": 2, "end_line": 58, "end_column": 7}, "debug_info": {"goal": "\u22a2 sorry \u2194\n    \u2200 (p : \u2115) (G : SimpleGraph (Fin p)),\n      (\u2200 (S : Finset (Fin p)), 2 \u2264 S.card \u2192 (induce (\u2191S) G).edgeSet.ncard \u2264 2 * S.card - 3) \u2192\n        \u2203 c > 0,\n          \u2200 (n : \u2115) (H : SimpleGraph (Fin n)) [inst : DecidableRel H.Adj],\n            (\u2200 (v : Fin n), 0 < H.degree v) \u2192 \u2191(G.sizeRamsey H) \u2264 c * \u2191H.edgeSet.ncard", "url": "https://github.com/google-deepmind/formal-conjectures/blob/2d387cc191243cd74dcfdb3d4e281ead4c1ec4a2/FormalConjectures/ErdosProblems/566.lean#L58"}, "metadata": {"blame_email_hash": "f8f37fe53ddd", "blame_date": "2026-01-08T22:05:49+05:30", "inclusion_date": "2026-01-10T02:06:02.109141+00:00"}, "id": "775c29ab8190040d51d59bc0e81555c4e05fc3a4765b3c7ea45a06d6d5b170bf"} --agent-strategy {"name": "multi_tactic", "args": {}}
[2026-01-13 03:40:55] [INFO] Arguments parsed: repo_path=/root/repo, output_path=/root/repo/result.json
[2026-01-13 03:40:55] [INFO] Strategy spec: {"name": "multi_tactic", "args": {}}...
[2026-01-13 03:40:55] [INFO] Loading sorry data...
[2026-01-13 03:40:55] [INFO] Parsing sorry from JSON string...
[2026-01-13 03:40:55] [INFO] Sorry data parsed from JSON string
[2026-01-13 03:40:55] [INFO] Creating strategy from spec...
[2026-01-13 03:40:55] [INFO] Parsing strategy spec (length: 36 chars)
[2026-01-13 03:40:55] [INFO] Strategy name: multi_tactic
[2026-01-13 03:40:55] [INFO] Strategy args: {}
[2026-01-13 03:40:55] [INFO] Pass@k value: 1
[2026-01-13 03:40:55] [INFO] Creating strategy: multi_tactic
[2026-01-13 03:40:55] [INFO] Creating multi_tactic strategy with tactics: ['rfl', 'simp', 'simp_all', 'exact?', 'grind', 'ring', 'norm_num', 'omega', 'linarith', 'nlinarith', 'aesop']
[2026-01-13 03:40:55] [INFO] Strategies created: ['rfl', 'simp', 'simp_all', 'exact?', 'grind', 'ring', 'norm_num', 'omega', 'linarith', 'nlinarith', 'aesop']
[2026-01-13 03:40:55] [INFO] Pass@k value: 1
[2026-01-13 03:40:55] [INFO] Creating Sorry object...
[2026-01-13 03:40:55] [INFO] Sorry object created: id=775c29ab8190040d51d59bc0e81555c4e05fc3a4765b3c7ea45a06d6d5b170bf
[2026-01-13 03:40:55] [INFO] Sorry location: FormalConjectures/ErdosProblems/566.lean:58
[2026-01-13 03:40:55] [INFO] Context before sorry (lines 53-58):
[2026-01-13 03:40:55] [INFO]   53:       ∃ c > (0 : ℝ), ∀ (n : ℕ) (H : SimpleGraph (Fin n)) [DecidableRel H.Adj],
[2026-01-13 03:40:55] [INFO]   54:         -- H has no isolated vertices
[2026-01-13 03:40:55] [INFO]   55:         (∀ v, 0 < H.degree v) →
[2026-01-13 03:40:55] [INFO]   56:         -- r̂(G,H) ≤ c · m
[2026-01-13 03:40:55] [INFO]   57:         (sizeRamsey G H : ℝ) ≤ c * H.edgeSet.ncard := by
[2026-01-13 03:40:55] [INFO]   58:   sorry
[2026-01-13 03:40:55] [INFO] Sorry line:   sorry
[2026-01-13 03:40:55] [INFO] Sorry goal: ⊢ sorry ↔
    ∀ (p : ℕ) (G : SimpleGraph (Fin p)),
      (∀ (S : Finset (Fin p)), 2 ≤ S.card → (indu...
[2026-01-13 03:40:55] [INFO] ========================================
[2026-01-13 03:40:55] [INFO] Trying strategy: rfl (up to 1 attempts)
[2026-01-13 03:40:55] [INFO] --------------------
[2026-01-13 03:40:55] [INFO] Strategy rfl, attempt 1/1
[2026-01-13 03:40:55] [INFO] Starting proof generation...
[2026-01-13 03:40:55] [INFO] Repository path: /root/repo
[2026-01-13 03:40:55] [INFO] Proof generation completed
[2026-01-13 03:40:55] [INFO] Generated proof:
[2026-01-13 03:40:55] [INFO] rfl
[2026-01-13 03:40:55] [INFO] Proof length: 3 chars
[2026-01-13 03:40:55] [INFO] Starting proof verification...
[2026-01-13 03:40:55] [INFO] Verifying at: FormalConjectures/ErdosProblems/566.lean:58
[2026-01-13 03:40:55] [INFO] Using LEAN INTERACT verify
[2026-01-13 03:40:55] [INFO] Checking file
[2026-01-13 03:41:42] [INFO] Cannot build modified file <error line="58" column="2">
<code_line>  rfl</code_line>
<message>error: tactic 'rfl' failed, the left-hand side</message>
</error>
  sorry
is not definitionally equal to the right-hand side
  ∀ (p : ℕ) (G : SimpleGraph (Fin p)),
    (∀ (S : Finset (Fin p)), 2 ≤ S.card → (induce (↑S) G).edgeSet.ncard ≤ 2 * S.card - 3) →
      ∃ c > 0,
        ∀ (n : ℕ) (H : SimpleGraph (Fin n)) [inst : DecidableRel H.Adj],
          (∀ (v : Fin n), 0 < H.degree v) → ↑(G.sizeRamsey H) ≤ c * ↑H.edgeSet.ncard
⊢ sorry ↔
    ∀ (p : ℕ) (G : SimpleGraph (Fin p)),
      (∀ (S : Finset (Fin p)), 2 ≤ S.card → (induce (↑S) G).edgeSet.ncard ≤ 2 * S.card - 3) →
        ∃ c > 0,
          ∀ (n : ℕ) (H : SimpleGraph (Fin n)) [inst : DecidableRel H.Adj],
            (∀ (v : Fin n), 0 < H.degree v) → ↑(G.sizeRamsey H) ≤ c * ↑H.edgeSet.ncard
[2026-01-13 03:41:42] [INFO] Proof verification completed
[2026-01-13 03:41:42] [INFO] Strategy rfl attempt 1: verified=False
[2026-01-13 03:41:42] [INFO] Verification message: Cannot build modified file: <error line="58" column="2">
<code_line>  rfl</code_line>
<message>error: tactic 'rfl' failed, the left-hand side</message>
</error>
  sorry
is not definitionally equal to the right-hand side
  ∀ (p : ℕ) (G : SimpleGraph (Fin p)),
    (∀ (S : Finset (Fin p)), 2 ≤ S.card → (induce (↑S) G).edgeSet.ncard ≤ 2 * S.card - 3) →
      ∃ c > 0,
        ∀ (n : ℕ) (H : SimpleGraph (Fin n)) [inst : DecidableRel H.Adj],
          (∀ (v : Fin n), 0 < H.degree v) → ↑(G.sizeRamsey H) ≤ c * ↑H.edgeSet.ncard
⊢ sorry ↔
    ∀ (p : ℕ) (G : SimpleGraph (Fin p)),
      (∀ (S : Finset (Fin p)), 2 ≤ S.card → (induce (↑S) G).edgeSet.ncard ≤ 2 * S.card - 3) →
        ∃ c > 0,
          ∀ (n : ℕ) (H : SimpleGraph (Fin n)) [inst : DecidableRel H.Adj],
            (∀ (v : Fin n), 0 < H.degree v) → ↑(G.sizeRamsey H) ≤ c * ↑H.edgeSet.ncard

[2026-01-13 03:41:42] [INFO] Attempt 1 failed verification, continuing...
[2026-01-13 03:41:42] [INFO] ========================================
[2026-01-13 03:41:42] [INFO] Trying strategy: simp (up to 1 attempts)
[2026-01-13 03:41:42] [INFO] --------------------
[2026-01-13 03:41:42] [INFO] Strategy simp, attempt 1/1
[2026-01-13 03:41:42] [INFO] Starting proof generation...
[2026-01-13 03:41:42] [INFO] Repository path: /root/repo
[2026-01-13 03:41:42] [INFO] Proof generation completed
[2026-01-13 03:41:42] [INFO] Generated proof:
[2026-01-13 03:41:42] [INFO] simp
[2026-01-13 03:41:42] [INFO] Proof length: 4 chars
[2026-01-13 03:41:42] [INFO] Starting proof verification...
[2026-01-13 03:41:42] [INFO] Verifying at: FormalConjectures/ErdosProblems/566.lean:58
[2026-01-13 03:41:42] [INFO] Using LEAN INTERACT verify
[2026-01-13 03:41:42] [INFO] Checking file
[2026-01-13 03:41:58] [INFO] Cannot build modified file <error line="57" column="54">
<code_line>        (sizeRamsey G H : ℝ) ≤ c * H.edgeSet.ncard := by</code_line>
<message>error: unsolved goals</message>
</error>
⊢ sorry ↔
    ∀ (p : ℕ) (G : SimpleGraph (Fin p)),
      (∀ (S : Finset (Fin p)), 2 ≤ S.card → (induce (↑S) G).edgeSet.ncard ≤ 2 * S.card - 3) →
        ∃ c,
          0 < c ∧
            ∀ (n : ℕ) (H : SimpleGraph (Fin n)) [inst : DecidableRel H.Adj],
              (∀ (v : Fin n), 0 < H.degree v) → ↑(G.sizeRamsey H) ≤ c * ↑H.edgeSet.ncard
[2026-01-13 03:41:58] [INFO] Proof verification completed
[2026-01-13 03:41:58] [INFO] Strategy simp attempt 1: verified=False
[2026-01-13 03:41:58] [INFO] Verification message: Cannot build modified file: <error line="57" column="54">
<code_line>        (sizeRamsey G H : ℝ) ≤ c * H.edgeSet.ncard := by</code_line>
<message>error: unsolved goals</message>
</error>
⊢ sorry ↔
    ∀ (p : ℕ) (G : SimpleGraph (Fin p)),
      (∀ (S : Finset (Fin p)), 2 ≤ S.card → (induce (↑S) G).edgeSet.ncard ≤ 2 * S.card - 3) →
        ∃ c,
          0 < c ∧
            ∀ (n : ℕ) (H : SimpleGraph (Fin n)) [inst : DecidableRel H.Adj],
              (∀ (v : Fin n), 0 < H.degree v) → ↑(G.sizeRamsey H) ≤ c * ↑H.edgeSet.ncard

[2026-01-13 03:41:58] [INFO] Attempt 1 failed verification, continuing...
[2026-01-13 03:41:58] [INFO] ========================================
[2026-01-13 03:41:58] [INFO] Trying strategy: simp_all (up to 1 attempts)
[2026-01-13 03:41:58] [INFO] --------------------
[2026-01-13 03:41:58] [INFO] Strategy simp_all, attempt 1/1
[2026-01-13 03:41:58] [INFO] Starting proof generation...
[2026-01-13 03:41:58] [INFO] Repository path: /root/repo
[2026-01-13 03:41:58] [INFO] Proof generation completed
[2026-01-13 03:41:58] [INFO] Generated proof:
[2026-01-13 03:41:58] [INFO] simp_all
[2026-01-13 03:41:58] [INFO] Proof length: 8 chars
[2026-01-13 03:41:58] [INFO] Starting proof verification...
[2026-01-13 03:41:58] [INFO] Verifying at: FormalConjectures/ErdosProblems/566.lean:58
[2026-01-13 03:41:58] [INFO] Using LEAN INTERACT verify
[2026-01-13 03:41:58] [INFO] Checking file
[2026-01-13 03:42:14] [INFO] Cannot build modified file <error line="57" column="54">
<code_line>        (sizeRamsey G H : ℝ) ≤ c * H.edgeSet.ncard := by</code_line>
<message>error: unsolved goals</message>
</error>
⊢ sorry ↔
    ∀ (p : ℕ) (G : SimpleGraph (Fin p)),
      (∀ (S : Finset (Fin p)), 2 ≤ S.card → (induce (↑S) G).edgeSet.ncard ≤ 2 * S.card - 3) →
        ∃ c,
          0 < c ∧
            ∀ (n : ℕ) (H : SimpleGraph (Fin n)) [inst : DecidableRel H.Adj],
              (∀ (v : Fin n), 0 < H.degree v) → ↑(G.sizeRamsey H) ≤ c * ↑H.edgeSet.ncard
[2026-01-13 03:42:14] [INFO] Proof verification completed
[2026-01-13 03:42:14] [INFO] Strategy simp_all attempt 1: verified=False
[2026-01-13 03:42:14] [INFO] Verification message: Cannot build modified file: <error line="57" column="54">
<code_line>        (sizeRamsey G H : ℝ) ≤ c * H.edgeSet.ncard := by</code_line>
<message>error: unsolved goals</message>
</error>
⊢ sorry ↔
    ∀ (p : ℕ) (G : SimpleGraph (Fin p)),
      (∀ (S : Finset (Fin p)), 2 ≤ S.card → (induce (↑S) G).edgeSet.ncard ≤ 2 * S.card - 3) →
        ∃ c,
          0 < c ∧
            ∀ (n : ℕ) (H : SimpleGraph (Fin n)) [inst : DecidableRel H.Adj],
              (∀ (v : Fin n), 0 < H.degree v) → ↑(G.sizeRamsey H) ≤ c * ↑H.edgeSet.ncard

[2026-01-13 03:42:14] [INFO] Attempt 1 failed verification, continuing...
[2026-01-13 03:42:14] [INFO] ========================================
[2026-01-13 03:42:14] [INFO] Trying strategy: exact? (up to 1 attempts)
[2026-01-13 03:42:14] [INFO] --------------------
[2026-01-13 03:42:14] [INFO] Strategy exact?, attempt 1/1
[2026-01-13 03:42:14] [INFO] Starting proof generation...
[2026-01-13 03:42:14] [INFO] Repository path: /root/repo
[2026-01-13 03:42:14] [INFO] Proof generation completed
[2026-01-13 03:42:14] [INFO] Generated proof:
[2026-01-13 03:42:14] [INFO] exact?
[2026-01-13 03:42:14] [INFO] Proof length: 6 chars
[2026-01-13 03:42:14] [INFO] Starting proof verification...
[2026-01-13 03:42:14] [INFO] Verifying at: FormalConjectures/ErdosProblems/566.lean:58
[2026-01-13 03:42:14] [INFO] Using LEAN INTERACT verify
[2026-01-13 03:42:14] [INFO] Checking file
[2026-01-13 03:43:10] [INFO] Cannot build modified file <error line="58" column="2">
<code_line>  exact?</code_line>
<message>error: `exact?` could not close the goal. Try `apply?` to see partial suggestions.</message>
</error>
[2026-01-13 03:43:10] [INFO] Proof verification completed
[2026-01-13 03:43:10] [INFO] Strategy exact? attempt 1: verified=False
[2026-01-13 03:43:10] [INFO] Verification message: Cannot build modified file: <error line="58" column="2">
<code_line>  exact?</code_line>
<message>error: `exact?` could not close the goal. Try `apply?` to see partial suggestions.</message>
</error>

[2026-01-13 03:43:10] [INFO] Attempt 1 failed verification, continuing...
[2026-01-13 03:43:10] [INFO] ========================================
[2026-01-13 03:43:10] [INFO] Trying strategy: grind (up to 1 attempts)
[2026-01-13 03:43:10] [INFO] --------------------
[2026-01-13 03:43:10] [INFO] Strategy grind, attempt 1/1
[2026-01-13 03:43:10] [INFO] Starting proof generation...
[2026-01-13 03:43:10] [INFO] Repository path: /root/repo
[2026-01-13 03:43:10] [INFO] Proof generation completed
[2026-01-13 03:43:10] [INFO] Generated proof:
[2026-01-13 03:43:10] [INFO] grind
[2026-01-13 03:43:10] [INFO] Proof length: 5 chars
[2026-01-13 03:43:10] [INFO] Starting proof verification...
[2026-01-13 03:43:10] [INFO] Verifying at: FormalConjectures/ErdosProblems/566.lean:58
[2026-01-13 03:43:10] [INFO] Using LEAN INTERACT verify
[2026-01-13 03:43:10] [INFO] Checking file
[2026-01-13 03:43:19] [INFO] Cannot build modified file <error line="58" column="2">
<code_line>  grind</code_line>
<message>error: `grind` failed</message>
</error>
case grind.1
h :
  sorry =
    ∃ x x_1,
      (∀ (x_2 : Finset (Fin x)),
          x_2.card ≤ 1 ∨
            ((edgeSetEmbedding { x_3 // x_3 ∈ ↑x_2 })
                  (SimpleGraph.comap (⇑(Function.Embedding.subtype fun x_3 => x_3 ∈ ↑x_2)) x_1)).ncard ≤
              2 * x_2.card - 3) ∧
        ∀ (a : ℝ),
          0 < a →
            ∃ x_2 x_3,
              (∃ x, ∀ (x_4 : Fin x_2), ¬x_3.degree x_4 = 0) ∧
                ¬↑(x_1.sizeRamsey x_3) ≤ a * ↑((edgeSetEmbedding (Fin x_2)) x_3).ncard
left : sorry
w : ℕ
w_1 : SimpleGraph (Fin w)
left_1 :
  ∀ (x : Finset (Fin w)),
    x.card ≤ 1 ∨
      ((edgeSetEmbedding { x_1 // x_1 ∈ ↑x })
            (SimpleGraph.comap (⇑(Function.Embedding.subtype fun x_1 => x_1 ∈ ↑x)) w_1)).ncard ≤
        2 * x.card - 3
right_1 :
  ∀ (a : ℝ),
    0 < a →
      ∃ x x_1,
        (∃ x_2, ∀ (x_3 : Fin x), ¬x_1.degree x_3 = 0) ∧
          ¬↑(w_1.sizeRamsey x_1) ≤ a * ↑((edgeSetEmbedding (Fin x)) x_1).ncard
w_2 : ℕ
w_3 : SimpleGraph (Fin w_2)
left_2 :
  ∀ (x : Finset (Fin w_2)),
    x.card ≤ 1 ∨
      ((edgeSetEmbedding { x_1 // x_1 ∈ ↑x })
            (SimpleGraph.comap (⇑(Function.Embedding.subtype fun x_1 => x_1 ∈ ↑x)) w_3)).ncard ≤
        2 * x.card - 3
right_2 :
  ∀ (a : ℝ),
    0 < a →
      ∃ x x_1,
        (∃ x_2, ∀ (x_3 : Fin x), ¬x_1.degree x_3 = 0) ∧
          ¬↑(w_3.sizeRamsey x_1) ≤ a * ↑((edgeSetEmbedding (Fin x)) x_1).ncard
⊢ False
[grind] Goal diagnostics
  [facts] Asserted facts
    [prop] sorry =
          ∃ x x_1,
            (∀ (x_2 : Finset (Fin x)),
                x_2.card ≤ 1 ∨
                  ((edgeSetEmbedding { x_3 // x_3 ∈ ↑x_2 })
                        (SimpleGraph.comap (⇑(Function.Embedding.subtype fun x_3 => x_3 ∈ ↑x_2)) x_1)).ncard ≤
                    2 * x_2.card - 3) ∧
              ∀ (a : ℝ),
                0 < a →
                  ∃ x_2 x_3,
                    (∃ x, ∀ (x_4 : Fin x_2), ¬x_3.degree x_4 = 0) ∧
                      ¬↑(x_1.sizeRamsey x_3) ≤ a * ↑((edgeSetEmbedding (Fin x_2)) x_3).ncard
    [prop] sorry
    [prop] ∀ (x : Finset (Fin w)),
          x.card ≤ 1 ∨
            ((edgeSetEmbedding { x_1 // x_1 ∈ ↑x })
                  (SimpleGraph.comap (⇑(Function.Embedding.subtype fun x_1 => x_1 ∈ ↑x)) w_1)).ncard ≤
              2 * x.card - 3
    [prop] ∀ (a : ℝ),
          0 < a →
            ∃ x x_1,
              (∃ x_2, ∀ (x_3 : Fin x), ¬x_1.degree x_3 = 0) ∧
                ¬↑(w_1.sizeRamsey x_1) ≤ a * ↑((edgeSetEmbedding (Fin x)) x_1).ncard
    [prop] ∀ (x : Finset (Fin w_2)),
          x.card ≤ 1 ∨
            ((edgeSetEmbedding { x_1 // x_1 ∈ ↑x })
                  (SimpleGraph.comap (⇑(Function.Embedding.subtype fun x_1 => x_1 ∈ ↑x)) w_3)).ncard ≤
              2 * x.card - 3
    [prop] ∀ (a : ℝ),
          0 < a →
            ∃ x x_1,
              (∃ x_2, ∀ (x_3 : Fin x), ¬x_1.degree x_3 = 0) ∧
                ¬↑(w_3.sizeRamsey x_1) ≤ a * ↑((edgeSetEmbedding (Fin x)) x_1).ncard
  [eqc] True propositions
    [prop] ∃ x x_1,
          (∀ (x_2 : Finset (Fin x)),
              x_2.card ≤ 1 ∨
                ((edgeSetEmbedding { x_3 // x_3 ∈ ↑x_2 })
                      (SimpleGraph.comap (⇑(Function.Embedding.subtype fun x_3 => x_3 ∈ ↑x_2)) x_1)).ncard ≤
                  2 * x_2.card - 3) ∧
            ∀ (a : ℝ),
              0 < a →
                ∃ x_2 x_3,
                  (∃ x, ∀ (x_4 : Fin x_2), ¬x_3.degree x_4 = 0) ∧
                    ¬↑(x_1.sizeRamsey x_3) ≤ a * ↑((edgeSetEmbedding (Fin x_2)) x_3).ncard
    [prop] sorry =
          ∃ x x_1,
            (∀ (x_2 : Finset (Fin x)),
                x_2.card ≤ 1 ∨
                  ((edgeSetEmbedding { x_3 // x_3 ∈ ↑x_2 })
                        (SimpleGraph.comap (⇑(Function.Embedding.subtype fun x_3 => x_3 ∈ ↑x_2)) x_1)).ncard ≤
                    2 * x_2.card - 3) ∧
              ∀ (a : ℝ),
                0 < a →
                  ∃ x_2 x_3,
                    (∃ x, ∀ (x_4 : Fin x_2), ¬x_3.degree x_4 = 0) ∧
                      ¬↑(x_1.sizeRamsey x_3) ≤ a * ↑((edgeSetEmbedding (Fin x_2)) x_3).ncard
    [prop] sorry
    [prop] ∀ (a : ℝ),
          0 < a →
            ∃ x x_1,
              (∃ x_2, ∀ (x_3 : Fin x), ¬x_1.degree x_3 = 0) ∧
                ¬↑(w_3.sizeRamsey x_1) ≤ a * ↑((edgeSetEmbedding (Fin x)) x_1).ncard
    [prop] ∀ (x : Finset (Fin w_2)),
          x.card ≤ 1 ∨
            ((edgeSetEmbedding { x_1 // x_1 ∈ ↑x })
                  (SimpleGraph.comap (⇑(Function.Embedding.subtype fun x_1 => x_1 ∈ ↑x)) w_3)).ncard ≤
              2 * x.card - 3
    [prop] ∀ (a : ℝ),
          0 < a →
            ∃ x x_1,
              (∃ x_2, ∀ (x_3 : Fin x), ¬x_1.degree x_3 = 0) ∧
                ¬↑(w_1.sizeRamsey x_1) ≤ a * ↑((edgeSetEmbedding (Fin x)) x_1).ncard
    [prop] ∀ (x : Finset (Fin w)),
          x.card ≤ 1 ∨
            ((edgeSetEmbedding { x_1 // x_1 ∈ ↑x })
                  (SimpleGraph.comap (⇑(Function.Embedding.subtype fun x_1 => x_1 ∈ ↑x)) w_1)).ncard ≤
              2 * x.card - 3
  [cases] Case analyses
    [cases] [1/2]: sorry =
          ∃ x x_1,
            (∀ (x_2 : Finset (Fin x)),
                x_2.card ≤ 1 ∨
                  ((edgeSetEmbedding { x_3 // x_3 ∈ ↑x_2 })
                        (SimpleGraph.comap (⇑(Function.Embedding.subtype fun x_3 => x_3 ∈ ↑x_2)) x_1)).ncard ≤
                    2 * x_2.card - 3) ∧
              ∀ (a : ℝ),
                0 < a →
                  ∃ x_2 x_3,
                    (∃ x, ∀ (x_4 : Fin x_2), ¬x_3.degree x_4 = 0) ∧
                      ¬↑(x_1.sizeRamsey x_3) ≤ a * ↑((edgeSetEmbedding (Fin x_2)) x_3).ncard
      [cases] source: Initial goal
    [cases] [1/1]: ∃ x x_1,
          (∀ (x_2 : Finset (Fin x)),
              x_2.card ≤ 1 ∨
                ((edgeSetEmbedding { x_3 // x_3 ∈ ↑x_2 })
                      (SimpleGraph.comap (⇑(Function.Embedding.subtype fun x_3 => x_3 ∈ ↑x_2)) x_1)).ncard ≤
                  2 * x_2.card - 3) ∧
            ∀ (a : ℝ),
              0 < a →
                ∃ x_2 x_3,
                  (∃ x, ∀ (x_4 : Fin x_2), ¬x_3.degree x_4 = 0) ∧
                    ¬↑(x_1.sizeRamsey x_3) ≤ a * ↑((edgeSetEmbedding (Fin x_2)) x_3).ncard
      [cases] source: Initial goal
  [ematch] E-matching patterns
    [thm] left_1: [@Finset.card `[Fin w] #0]
    [thm] left_1: [@Finset.card `[Fin w] #0]
    [thm] right_1: [@LT.lt `[ℝ] `[Real.instLT] `[0] #1]
    [thm] right_1: [@LT.lt `[ℝ] `[Real.instLT] `[0] #1]
    [thm] left_2: [@Finset.card `[Fin w_2] #0]
    [thm] left_2: [@Finset.card `[Fin w_2] #0]
    [thm] right_2: [@LT.lt `[ℝ] `[Real.instLT] `[0] #1]
    [thm] right_2: [@LT.lt `[ℝ] `[Real.instLT] `[0] #1]
  [cutsat] Assignment satisfying linear constraints
    [assign] w_2 := 3
    [assign] w := 2
[2026-01-13 03:43:19] [INFO] Proof verification completed
[2026-01-13 03:43:19] [INFO] Strategy grind attempt 1: verified=False
[2026-01-13 03:43:19] [INFO] Verification message: Cannot build modified file: <error line="58" column="2">
<code_line>  grind</code_line>
<message>error: `grind` failed</message>
</error>
case grind.1
h :
  sorry =
    ∃ x x_1,
      (∀ (x_2 : Finset (Fin x)),
          x_2.card ≤ 1 ∨
            ((edgeSetEmbedding { x_3 // x_3 ∈ ↑x_2 })
                  (SimpleGraph.comap (⇑(Function.Embedding.subtype fun x_3 => x_3 ∈ ↑x_2)) x_1)).ncard ≤
              2 * x_2.card - 3) ∧
        ∀ (a : ℝ),
          0 < a →
            ∃ x_2 x_3,
              (∃ x, ∀ (x_4 : Fin x_2), ¬x_3.degree x_4 = 0) ∧
                ¬↑(x_1.sizeRamsey x_3) ≤ a * ↑((edgeSetEmbedding (Fin x_2)) x_3).ncard
left : sorry
w : ℕ
w_1 : SimpleGraph (Fin w)
left_1 :
  ∀ (x : Finset (Fin w)),
    x.card ≤ 1 ∨
      ((edgeSetEmbedding { x_1 // x_1 ∈ ↑x })
            (SimpleGraph.comap (⇑(Function.Embedding.subtype fun x_1 => x_1 ∈ ↑x)) w_1)).ncard ≤
        2 * x.card - 3
right_1 :
  ∀ (a : ℝ),
    0 < a →
      ∃ x x_1,
        (∃ x_2, ∀ (x_3 : Fin x), ¬x_1.degree x_3 = 0) ∧
          ¬↑(w_1.sizeRamsey x_1) ≤ a * ↑((edgeSetEmbedding (Fin x)) x_1).ncard
w_2 : ℕ
w_3 : SimpleGraph (Fin w_2)
left_2 :
  ∀ (x : Finset (Fin w_2)),
    x.card ≤ 1 ∨
      ((edgeSetEmbedding { x_1 // x_1 ∈ ↑x })
            (SimpleGraph.comap (⇑(Function.Embedding.subtype fun x_1 => x_1 ∈ ↑x)) w_3)).ncard ≤
        2 * x.card - 3
right_2 :
  ∀ (a : ℝ),
    0 < a →
      ∃ x x_1,
        (∃ x_2, ∀ (x_3 : Fin x), ¬x_1.degree x_3 = 0) ∧
          ¬↑(w_3.sizeRamsey x_1) ≤ a * ↑((edgeSetEmbedding (Fin x)) x_1).ncard
⊢ False
[grind] Goal diagnostics
  [facts] Asserted facts
    [prop] sorry =
          ∃ x x_1,
            (∀ (x_2 : Finset (Fin x)),
                x_2.card ≤ 1 ∨
                  ((edgeSetEmbedding { x_3 // x_3 ∈ ↑x_2 })
                        (SimpleGraph.comap (⇑(Function.Embedding.subtype fun x_3 => x_3 ∈ ↑x_2)) x_1)).ncard ≤
                    2 * x_2.card - 3) ∧
              ∀ (a : ℝ),
                0 < a →
                  ∃ x_2 x_3,
                    (∃ x, ∀ (x_4 : Fin x_2), ¬x_3.degree x_4 = 0) ∧
                      ¬↑(x_1.sizeRamsey x_3) ≤ a * ↑((edgeSetEmbedding (Fin x_2)) x_3).ncard
    [prop] sorry
    [prop] ∀ (x : Finset (Fin w)),
          x.card ≤ 1 ∨
            ((edgeSetEmbedding { x_1 // x_1 ∈ ↑x })
                  (SimpleGraph.comap (⇑(Function.Embedding.subtype fun x_1 => x_1 ∈ ↑x)) w_1)).ncard ≤
              2 * x.card - 3
    [prop] ∀ (a : ℝ),
          0 < a →
            ∃ x x_1,
              (∃ x_2, ∀ (x_3 : Fin x), ¬x_1.degree x_3 = 0) ∧
                ¬↑(w_1.sizeRamsey x_1) ≤ a * ↑((edgeSetEmbedding (Fin x)) x_1).ncard
    [prop] ∀ (x : Finset (Fin w_2)),
          x.card ≤ 1 ∨
            ((edgeSetEmbedding { x_1 // x_1 ∈ ↑x })
                  (SimpleGraph.comap (⇑(Function.Embedding.subtype fun x_1 => x_1 ∈ ↑x)) w_3)).ncard ≤
              2 * x.card - 3
    [prop] ∀ (a : ℝ),
          0 < a →
            ∃ x x_1,
              (∃ x_2, ∀ (x_3 : Fin x), ¬x_1.degree x_3 = 0) ∧
                ¬↑(w_3.sizeRamsey x_1) ≤ a * ↑((edgeSetEmbedding (Fin x)) x_1).ncard
  [eqc] True propositions
    [prop] ∃ x x_1,
          (∀ (x_2 : Finset (Fin x)),
              x_2.card ≤ 1 ∨
                ((edgeSetEmbedding { x_3 // x_3 ∈ ↑x_2 })
                      (SimpleGraph.comap (⇑(Function.Embedding.subtype fun x_3 => x_3 ∈ ↑x_2)) x_1)).ncard ≤
                  2 * x_2.card - 3) ∧
            ∀ (a : ℝ),
              0 < a →
                ∃ x_2 x_3,
                  (∃ x, ∀ (x_4 : Fin x_2), ¬x_3.degree x_4 = 0) ∧
                    ¬↑(x_1.sizeRamsey x_3) ≤ a * ↑((edgeSetEmbedding (Fin x_2)) x_3).ncard
    [prop] sorry =
          ∃ x x_1,
            (∀ (x_2 : Finset (Fin x)),
                x_2.card ≤ 1 ∨
                  ((edgeSetEmbedding { x_3 // x_3 ∈ ↑x_2 })
                        (SimpleGraph.comap (⇑(Function.Embedding.subtype fun x_3 => x_3 ∈ ↑x_2)) x_1)).ncard ≤
                    2 * x_2.card - 3) ∧
              ∀ (a : ℝ),
                0 < a →
                  ∃ x_2 x_3,
                    (∃ x, ∀ (x_4 : Fin x_2), ¬x_3.degree x_4 = 0) ∧
                      ¬↑(x_1.sizeRamsey x_3) ≤ a * ↑((edgeSetEmbedding (Fin x_2)) x_3).ncard
    [prop] sorry
    [prop] ∀ (a : ℝ),
          0 < a →
            ∃ x x_1,
              (∃ x_2, ∀ (x_3 : Fin x), ¬x_1.degree x_3 = 0) ∧
                ¬↑(w_3.sizeRamsey x_1) ≤ a * ↑((edgeSetEmbedding (Fin x)) x_1).ncard
    [prop] ∀ (x : Finset (Fin w_2)),
          x.card ≤ 1 ∨
            ((edgeSetEmbedding { x_1 // x_1 ∈ ↑x })
                  (SimpleGraph.comap (⇑(Function.Embedding.subtype fun x_1 => x_1 ∈ ↑x)) w_3)).ncard ≤
              2 * x.card - 3
    [prop] ∀ (a : ℝ),
          0 < a →
            ∃ x x_1,
              (∃ x_2, ∀ (x_3 : Fin x), ¬x_1.degree x_3 = 0) ∧
                ¬↑(w_1.sizeRamsey x_1) ≤ a * ↑((edgeSetEmbedding (Fin x)) x_1).ncard
    [prop] ∀ (x : Finset (Fin w)),
          x.card ≤ 1 ∨
            ((edgeSetEmbedding { x_1 // x_1 ∈ ↑x })
                  (SimpleGraph.comap (⇑(Function.Embedding.subtype fun x_1 => x_1 ∈ ↑x)) w_1)).ncard ≤
              2 * x.card - 3
  [cases] Case analyses
    [cases] [1/2]: sorry =
          ∃ x x_1,
            (∀ (x_2 : Finset (Fin x)),
                x_2.card ≤ 1 ∨
                  ((edgeSetEmbedding { x_3 // x_3 ∈ ↑x_2 })
                        (SimpleGraph.comap (⇑(Function.Embedding.subtype fun x_3 => x_3 ∈ ↑x_2)) x_1)).ncard ≤
                    2 * x_2.card - 3) ∧
              ∀ (a : ℝ),
                0 < a →
                  ∃ x_2 x_3,
                    (∃ x, ∀ (x_4 : Fin x_2), ¬x_3.degree x_4 = 0) ∧
                      ¬↑(x_1.sizeRamsey x_3) ≤ a * ↑((edgeSetEmbedding (Fin x_2)) x_3).ncard
      [cases] source: Initial goal
    [cases] [1/1]: ∃ x x_1,
          (∀ (x_2 : Finset (Fin x)),
              x_2.card ≤ 1 ∨
                ((edgeSetEmbedding { x_3 // x_3 ∈ ↑x_2 })
                      (SimpleGraph.comap (⇑(Function.Embedding.subtype fun x_3 => x_3 ∈ ↑x_2)) x_1)).ncard ≤
                  2 * x_2.card - 3) ∧
            ∀ (a : ℝ),
              0 < a →
                ∃ x_2 x_3,
                  (∃ x, ∀ (x_4 : Fin x_2), ¬x_3.degree x_4 = 0) ∧
                    ¬↑(x_1.sizeRamsey x_3) ≤ a * ↑((edgeSetEmbedding (Fin x_2)) x_3).ncard
      [cases] source: Initial goal
  [ematch] E-matching patterns
    [thm] left_1: [@Finset.card `[Fin w] #0]
    [thm] left_1: [@Finset.card `[Fin w] #0]
    [thm] right_1: [@LT.lt `[ℝ] `[Real.instLT] `[0] #1]
    [thm] right_1: [@LT.lt `[ℝ] `[Real.instLT] `[0] #1]
    [thm] left_2: [@Finset.card `[Fin w_2] #0]
    [thm] left_2: [@Finset.card `[Fin w_2] #0]
    [thm] right_2: [@LT.lt `[ℝ] `[Real.instLT] `[0] #1]
    [thm] right_2: [@LT.lt `[ℝ] `[Real.instLT] `[0] #1]
  [cutsat] Assignment satisfying linear constraints
    [assign] w_2 := 3
    [assign] w := 2

[2026-01-13 03:43:19] [INFO] Attempt 1 failed verification, continuing...
[2026-01-13 03:43:19] [INFO] ========================================
[2026-01-13 03:43:19] [INFO] Trying strategy: ring (up to 1 attempts)
[2026-01-13 03:43:19] [INFO] --------------------
[2026-01-13 03:43:19] [INFO] Strategy ring, attempt 1/1
[2026-01-13 03:43:19] [INFO] Starting proof generation...
[2026-01-13 03:43:19] [INFO] Repository path: /root/repo
[2026-01-13 03:43:19] [INFO] Proof generation completed
[2026-01-13 03:43:19] [INFO] Generated proof:
[2026-01-13 03:43:19] [INFO] ring
[2026-01-13 03:43:19] [INFO] Proof length: 4 chars
[2026-01-13 03:43:19] [INFO] Starting proof verification...
[2026-01-13 03:43:19] [INFO] Verifying at: FormalConjectures/ErdosProblems/566.lean:58
[2026-01-13 03:43:19] [INFO] Using LEAN INTERACT verify
[2026-01-13 03:43:19] [INFO] Checking file
[2026-01-13 03:43:27] [INFO] Cannot build modified file Try this: ring_nf
<error line="57" column="54">
<code_line>        (sizeRamsey G H : ℝ) ≤ c * H.edgeSet.ncard := by</code_line>
<message>error: unsolved goals</message>
</error>
⊢ sorry ↔
    ∀ (p : ℕ) (G : SimpleGraph (Fin p)),
      (∀ (S : Finset (Fin p)), 2 ≤ S.card → (induce (↑S) G).edgeSet.ncard ≤ S.card * 2 - 3) →
        ∃ c > 0,
          ∀ (n : ℕ) (H : SimpleGraph (Fin n)) [inst : DecidableRel H.Adj],
            (∀ (v : Fin n), 0 < H.degree v) → ↑(G.sizeRamsey H) ≤ c * ↑H.edgeSet.ncard
[2026-01-13 03:43:27] [INFO] Proof verification completed
[2026-01-13 03:43:27] [INFO] Strategy ring attempt 1: verified=False
[2026-01-13 03:43:27] [INFO] Verification message: Cannot build modified file: Try this: ring_nf
<error line="57" column="54">
<code_line>        (sizeRamsey G H : ℝ) ≤ c * H.edgeSet.ncard := by</code_line>
<message>error: unsolved goals</message>
</error>
⊢ sorry ↔
    ∀ (p : ℕ) (G : SimpleGraph (Fin p)),
      (∀ (S : Finset (Fin p)), 2 ≤ S.card → (induce (↑S) G).edgeSet.ncard ≤ S.card * 2 - 3) →
        ∃ c > 0,
          ∀ (n : ℕ) (H : SimpleGraph (Fin n)) [inst : DecidableRel H.Adj],
            (∀ (v : Fin n), 0 < H.degree v) → ↑(G.sizeRamsey H) ≤ c * ↑H.edgeSet.ncard

[2026-01-13 03:43:27] [INFO] Attempt 1 failed verification, continuing...
[2026-01-13 03:43:27] [INFO] ========================================
[2026-01-13 03:43:27] [INFO] Trying strategy: norm_num (up to 1 attempts)
[2026-01-13 03:43:27] [INFO] --------------------
[2026-01-13 03:43:27] [INFO] Strategy norm_num, attempt 1/1
[2026-01-13 03:43:27] [INFO] Starting proof generation...
[2026-01-13 03:43:27] [INFO] Repository path: /root/repo
[2026-01-13 03:43:27] [INFO] Proof generation completed
[2026-01-13 03:43:27] [INFO] Generated proof:
[2026-01-13 03:43:27] [INFO] norm_num
[2026-01-13 03:43:27] [INFO] Proof length: 8 chars
[2026-01-13 03:43:27] [INFO] Starting proof verification...
[2026-01-13 03:43:27] [INFO] Verifying at: FormalConjectures/ErdosProblems/566.lean:58
[2026-01-13 03:43:27] [INFO] Using LEAN INTERACT verify
[2026-01-13 03:43:27] [INFO] Checking file
[2026-01-13 03:43:37] [INFO] Cannot build modified file <error line="57" column="54">
<code_line>        (sizeRamsey G H : ℝ) ≤ c * H.edgeSet.ncard := by</code_line>
<message>error: unsolved goals</message>
</error>
⊢ sorry ↔
    ∀ (p : ℕ) (G : SimpleGraph (Fin p)),
      (∀ (S : Finset (Fin p)), 2 ≤ S.card → (induce (↑S) G).edgeSet.ncard ≤ 2 * S.card - 3) →
        ∃ c,
          0 < c ∧
            ∀ (n : ℕ) (H : SimpleGraph (Fin n)) [inst : DecidableRel H.Adj],
              (∀ (v : Fin n), 0 < H.degree v) → ↑(G.sizeRamsey H) ≤ c * ↑H.edgeSet.ncard
[2026-01-13 03:43:37] [INFO] Proof verification completed
[2026-01-13 03:43:37] [INFO] Strategy norm_num attempt 1: verified=False
[2026-01-13 03:43:37] [INFO] Verification message: Cannot build modified file: <error line="57" column="54">
<code_line>        (sizeRamsey G H : ℝ) ≤ c * H.edgeSet.ncard := by</code_line>
<message>error: unsolved goals</message>
</error>
⊢ sorry ↔
    ∀ (p : ℕ) (G : SimpleGraph (Fin p)),
      (∀ (S : Finset (Fin p)), 2 ≤ S.card → (induce (↑S) G).edgeSet.ncard ≤ 2 * S.card - 3) →
        ∃ c,
          0 < c ∧
            ∀ (n : ℕ) (H : SimpleGraph (Fin n)) [inst : DecidableRel H.Adj],
              (∀ (v : Fin n), 0 < H.degree v) → ↑(G.sizeRamsey H) ≤ c * ↑H.edgeSet.ncard

[2026-01-13 03:43:37] [INFO] Attempt 1 failed verification, continuing...
[2026-01-13 03:43:37] [INFO] ========================================
[2026-01-13 03:43:37] [INFO] Trying strategy: omega (up to 1 attempts)
[2026-01-13 03:43:37] [INFO] --------------------
[2026-01-13 03:43:37] [INFO] Strategy omega, attempt 1/1
[2026-01-13 03:43:37] [INFO] Starting proof generation...
[2026-01-13 03:43:37] [INFO] Repository path: /root/repo
[2026-01-13 03:43:37] [INFO] Proof generation completed
[2026-01-13 03:43:37] [INFO] Generated proof:
[2026-01-13 03:43:37] [INFO] omega
[2026-01-13 03:43:37] [INFO] Proof length: 5 chars
[2026-01-13 03:43:37] [INFO] Starting proof verification...
[2026-01-13 03:43:37] [INFO] Verifying at: FormalConjectures/ErdosProblems/566.lean:58
[2026-01-13 03:43:37] [INFO] Using LEAN INTERACT verify
[2026-01-13 03:43:37] [INFO] Checking file
[2026-01-13 03:43:43] [INFO] Cannot build modified file <error line="58" column="2">
<code_line>  omega</code_line>
<message>error: omega could not prove the goal:</message>
</error>
No usable constraints found. You may need to unfold definitions so `omega` can see linear arithmetic facts about `Nat` and `Int`, which may also involve multiplication, division, and modular remainder by constants.
[2026-01-13 03:43:43] [INFO] Proof verification completed
[2026-01-13 03:43:43] [INFO] Strategy omega attempt 1: verified=False
[2026-01-13 03:43:43] [INFO] Verification message: Cannot build modified file: <error line="58" column="2">
<code_line>  omega</code_line>
<message>error: omega could not prove the goal:</message>
</error>
No usable constraints found. You may need to unfold definitions so `omega` can see linear arithmetic facts about `Nat` and `Int`, which may also involve multiplication, division, and modular remainder by constants.

[2026-01-13 03:43:43] [INFO] Attempt 1 failed verification, continuing...
[2026-01-13 03:43:43] [INFO] ========================================
[2026-01-13 03:43:43] [INFO] Trying strategy: linarith (up to 1 attempts)
[2026-01-13 03:43:43] [INFO] --------------------
[2026-01-13 03:43:43] [INFO] Strategy linarith, attempt 1/1
[2026-01-13 03:43:43] [INFO] Starting proof generation...
[2026-01-13 03:43:43] [INFO] Repository path: /root/repo
[2026-01-13 03:43:43] [INFO] Proof generation completed
[2026-01-13 03:43:43] [INFO] Generated proof:
[2026-01-13 03:43:43] [INFO] linarith
[2026-01-13 03:43:43] [INFO] Proof length: 8 chars
[2026-01-13 03:43:43] [INFO] Starting proof verification...
[2026-01-13 03:43:43] [INFO] Verifying at: FormalConjectures/ErdosProblems/566.lean:58
[2026-01-13 03:43:43] [INFO] Using LEAN INTERACT verify
[2026-01-13 03:43:43] [INFO] Checking file
[2026-01-13 03:43:49] [INFO] Cannot build modified file <error line="58" column="2">
<code_line>  linarith</code_line>
<message>error: linarith failed to find a contradiction</message>
</error>
⊢ False
failed
[2026-01-13 03:43:49] [INFO] Proof verification completed
[2026-01-13 03:43:49] [INFO] Strategy linarith attempt 1: verified=False
[2026-01-13 03:43:49] [INFO] Verification message: Cannot build modified file: <error line="58" column="2">
<code_line>  linarith</code_line>
<message>error: linarith failed to find a contradiction</message>
</error>
⊢ False
failed

[2026-01-13 03:43:49] [INFO] Attempt 1 failed verification, continuing...
[2026-01-13 03:43:49] [INFO] ========================================
[2026-01-13 03:43:49] [INFO] Trying strategy: nlinarith (up to 1 attempts)
[2026-01-13 03:43:49] [INFO] --------------------
[2026-01-13 03:43:49] [INFO] Strategy nlinarith, attempt 1/1
[2026-01-13 03:43:49] [INFO] Starting proof generation...
[2026-01-13 03:43:49] [INFO] Repository path: /root/repo
[2026-01-13 03:43:49] [INFO] Proof generation completed
[2026-01-13 03:43:49] [INFO] Generated proof:
[2026-01-13 03:43:49] [INFO] nlinarith
[2026-01-13 03:43:49] [INFO] Proof length: 9 chars
[2026-01-13 03:43:49] [INFO] Starting proof verification...
[2026-01-13 03:43:49] [INFO] Verifying at: FormalConjectures/ErdosProblems/566.lean:58
[2026-01-13 03:43:49] [INFO] Using LEAN INTERACT verify
[2026-01-13 03:43:49] [INFO] Checking file
[2026-01-13 03:43:56] [INFO] Cannot build modified file <error line="58" column="2">
<code_line>  nlinarith</code_line>
<message>error: linarith failed to find a contradiction</message>
</error>
⊢ False
failed
[2026-01-13 03:43:56] [INFO] Proof verification completed
[2026-01-13 03:43:56] [INFO] Strategy nlinarith attempt 1: verified=False
[2026-01-13 03:43:56] [INFO] Verification message: Cannot build modified file: <error line="58" column="2">
<code_line>  nlinarith</code_line>
<message>error: linarith failed to find a contradiction</message>
</error>
⊢ False
failed

[2026-01-13 03:43:56] [INFO] Attempt 1 failed verification, continuing...
[2026-01-13 03:43:56] [INFO] ========================================
[2026-01-13 03:43:56] [INFO] Trying strategy: aesop (up to 1 attempts)
[2026-01-13 03:43:56] [INFO] --------------------
[2026-01-13 03:43:56] [INFO] Strategy aesop, attempt 1/1
[2026-01-13 03:43:56] [INFO] Starting proof generation...
[2026-01-13 03:43:56] [INFO] Repository path: /root/repo
[2026-01-13 03:43:56] [INFO] Proof generation completed
[2026-01-13 03:43:56] [INFO] Generated proof:
[2026-01-13 03:43:56] [INFO] aesop
[2026-01-13 03:43:56] [INFO] Proof length: 5 chars
[2026-01-13 03:43:56] [INFO] Starting proof verification...
[2026-01-13 03:43:56] [INFO] Verifying at: FormalConjectures/ErdosProblems/566.lean:58
[2026-01-13 03:43:56] [INFO] Using LEAN INTERACT verify
[2026-01-13 03:43:56] [INFO] Checking file
[2026-01-13 03:44:11] [INFO] Cannot build modified file <error line="57" column="54">
<code_line>        (sizeRamsey G H : ℝ) ≤ c * H.edgeSet.ncard := by</code_line>
<message>error: unsolved goals</message>
</error>
case mp
a : sorry
p : ℕ
G : SimpleGraph (Fin p)
a_1 : ∀ (S : Finset (Fin p)), 2 ≤ S.card → (induce (↑S) G).edgeSet.ncard ≤ 2 * S.card - 3
⊢ ∃ c,
    0 < c ∧
      ∀ (n : ℕ) (H : SimpleGraph (Fin n)) [inst : DecidableRel H.Adj],
        (∀ (v : Fin n), 0 < H.degree v) → ↑(G.sizeRamsey H) ≤ c * ↑H.edgeSet.ncard

case mpr
a :
  ∀ (p : ℕ) (G : SimpleGraph (Fin p)),
    (∀ (S : Finset (Fin p)), 2 ≤ S.card → (induce (↑S) G).edgeSet.ncard ≤ 2 * S.card - 3) →
      ∃ c,
        0 < c ∧
          ∀ (n : ℕ) (H : SimpleGraph (Fin n)) [inst : DecidableRel H.Adj],
            (∀ (v : Fin n), 0 < H.degree v) → ↑(G.sizeRamsey H) ≤ c * ↑H.edgeSet.ncard
⊢ sorry
[2026-01-13 03:44:11] [INFO] Proof verification completed
[2026-01-13 03:44:11] [INFO] Strategy aesop attempt 1: verified=False
[2026-01-13 03:44:11] [INFO] Verification message: Cannot build modified file: <error line="57" column="54">
<code_line>        (sizeRamsey G H : ℝ) ≤ c * H.edgeSet.ncard := by</code_line>
<message>error: unsolved goals</message>
</error>
case mp
a : sorry
p : ℕ
G : SimpleGraph (Fin p)
a_1 : ∀ (S : Finset (Fin p)), 2 ≤ S.card → (induce (↑S) G).edgeSet.ncard ≤ 2 * S.card - 3
⊢ ∃ c,
    0 < c ∧
      ∀ (n : ℕ) (H : SimpleGraph (Fin n)) [inst : DecidableRel H.Adj],
        (∀ (v : Fin n), 0 < H.degree v) → ↑(G.sizeRamsey H) ≤ c * ↑H.edgeSet.ncard

case mpr
a :
  ∀ (p : ℕ) (G : SimpleGraph (Fin p)),
    (∀ (S : Finset (Fin p)), 2 ≤ S.card → (induce (↑S) G).edgeSet.ncard ≤ 2 * S.card - 3) →
      ∃ c,
        0 < c ∧
          ∀ (n : ℕ) (H : SimpleGraph (Fin n)) [inst : DecidableRel H.Adj],
            (∀ (v : Fin n), 0 < H.degree v) → ↑(G.sizeRamsey H) ≤ c * ↑H.edgeSet.ncard
⊢ sorry

[2026-01-13 03:44:11] [INFO] Attempt 1 failed verification, continuing...
[2026-01-13 03:44:11] [INFO] ========================================
[2026-01-13 03:44:11] [INFO] Pass@k completed. Total results: 1
[2026-01-13 03:44:11] [INFO] FAILED: All 11 strategies x 1 attempts
[2026-01-13 03:44:11] [INFO] Writing results to file: /root/repo/result.json
[2026-01-13 03:44:11] [INFO] Result file written successfully
[2026-01-13 03:44:11] [INFO] Results exported to: /root/repo/result.json
[2026-01-13 03:44:11] [INFO] run_morphcloud_local.py completed successfully

[2026-01-13 03:44:16] [process_single_sorry] Downloading result file...
[2026-01-13 03:44:17] [process_single_sorry] Downloaded result to intermediate_experiment_outputs_full_reservoir_3_months/multi_tactic/2026-01-13_01-27-45_multi_tactic/individual/775c29ab8190040d51d59bc0e81555c4e05fc3a4765b3c7ea45a06d6d5b170bf.json
[2026-01-13 03:44:20] [process_single_sorry] Instance context closed successfully
[2026-01-13 03:44:20] [process_single_sorry] Parsing result file...
[2026-01-13 03:44:20] [process_single_sorry] Successfully parsed result (list format, 1 results)
