[2026-01-13 06:01:18] [process_single_sorry] Starting for sorry ba7163c3f8c46a87dca214bec3d507c72e1adc66c03dae8692f12ea3e93e0e22
[2026-01-13 06:01:18] [process_single_sorry] Using snapshot: snapshot_370yv58t
[2026-01-13 06:01:18] [process_single_sorry] Repository: https://github.com/thefundamentaltheor3m/Sphere-Packing-Lean@c51fb6a165e3faf4def1861304d5ba2904ef99f8
[2026-01-13 06:01:18] [process_single_sorry] Instance name: Sphere-Packing-Lean_c51fb6a165e3_multi_tactic_ba7163c3f8c46a87dca214bec3d507c72e1adc66c03dae8692f12ea3e93e0e22
[2026-01-13 06:01:18] [process_single_sorry] Starting attempt 1/3
[2026-01-13 06:01:18] [process_single_sorry] Starting instance from snapshot...
[2026-01-13 06:01:18] [process_single_sorry] Instance started successfully: morphvm_6njur1fh
[2026-01-13 06:01:18] [process_single_sorry] Creating .env file...
[2026-01-13 06:01:21] [process_single_sorry] .env file created (exit_code: 0)
[2026-01-13 06:01:21] [process_single_sorry] Executing agent command...
[2026-01-13 06:03:17] [process_single_sorry] Agent command completed (exit_code: 0)
[2026-01-13 06:03:17] [process_single_sorry] STDOUT:

Results JSON:
[
  {
    "sorry": {
      "repo": {
        "remote": "https://github.com/thefundamentaltheor3m/Sphere-Packing-Lean",
        "branch": "theta-mdiff",
        "commit": "c51fb6a165e3faf4def1861304d5ba2904ef99f8",
        "lean_version": "v4.27.0-rc1"
      },
      "location": {
        "path": "SpherePacking/ModularForms/FG.lean",
        "start_line": 38,
        "start_column": 66,
        "end_line": 38,
        "end_column": 71
      },
      "debug_info": {
        "goal": "t : ℝ\nht : 0 < t\n⊢ ↑(FmodGReal t) = Function.resToImagAxis F t / Function.resToImagAxis G t",
        "url": "https://github.com/thefundamentaltheor3m/Sphere-Packing-Lean/blob/c51fb6a165e3faf4def1861304d5ba2904ef99f8/SpherePacking/ModularForms/FG.lean#L38"
      },
      "metadata": {
        "blame_email_hash": "27aa337c76c6",
        "blame_date": "2026-01-04T21:52:22+09:00",
        "inclusion_date": "2026-01-11T05:35:44.866548+00:00"
      },
      "id": "ba7163c3f8c46a87dca214bec3d507c72e1adc66c03dae8692f12ea3e93e0e22"
    },
    "proof": null,
    "proof_verified": false,
    "feedback": null,
    "verification_message": "All 11 attempts failed (11 strategies x 1 attempts each)",
    "success": true,
    "error_type": null,
    "error_message": null,
    "strategy_name": "all_failed_k=1",
    "proof_attempts": [
      "rfl",
      "simp",
      "simp_all",
      "exact?",
      "grind",
      "ring",
      "norm_num",
      "omega",
      "linarith",
      "nlinarith",
      "aesop"
    ]
  }
]

[2026-01-13 06:03:17] [process_single_sorry] STDERR:
None of PyTorch, TensorFlow >= 2.0, or Flax have been found. Models won't be available and only tokenizers, configuration and file/data utilities can be used.
[2026-01-13 06:01:34] [INFO] ================================================================================
[2026-01-13 06:01:34] [INFO] Starting run_morphcloud_local.py
[2026-01-13 06:01:34] [INFO] ================================================================================
[2026-01-13 06:01:34] [INFO] Environment loaded
[2026-01-13 06:01:34] [INFO] Full command: /root/SorryDB/sorrydb/cli/run_morphcloud_local.py --repo-path /root/repo --sorry-json {"repo": {"remote": "https://github.com/thefundamentaltheor3m/Sphere-Packing-Lean", "branch": "theta-mdiff", "commit": "c51fb6a165e3faf4def1861304d5ba2904ef99f8", "lean_version": "v4.27.0-rc1"}, "location": {"path": "SpherePacking/ModularForms/FG.lean", "start_line": 38, "start_column": 66, "end_line": 38, "end_column": 71}, "debug_info": {"goal": "t : \u211d\nht : 0 < t\n\u22a2 \u2191(FmodGReal t) = Function.resToImagAxis F t / Function.resToImagAxis G t", "url": "https://github.com/thefundamentaltheor3m/Sphere-Packing-Lean/blob/c51fb6a165e3faf4def1861304d5ba2904ef99f8/SpherePacking/ModularForms/FG.lean#L38"}, "metadata": {"blame_email_hash": "27aa337c76c6", "blame_date": "2026-01-04T21:52:22+09:00", "inclusion_date": "2026-01-11T05:35:44.866548+00:00"}, "id": "ba7163c3f8c46a87dca214bec3d507c72e1adc66c03dae8692f12ea3e93e0e22"} --agent-strategy {"name": "multi_tactic", "args": {}}
[2026-01-13 06:01:34] [INFO] Arguments parsed: repo_path=/root/repo, output_path=/root/repo/result.json
[2026-01-13 06:01:34] [INFO] Strategy spec: {"name": "multi_tactic", "args": {}}...
[2026-01-13 06:01:34] [INFO] Loading sorry data...
[2026-01-13 06:01:34] [INFO] Parsing sorry from JSON string...
[2026-01-13 06:01:34] [INFO] Sorry data parsed from JSON string
[2026-01-13 06:01:34] [INFO] Creating strategy from spec...
[2026-01-13 06:01:34] [INFO] Parsing strategy spec (length: 36 chars)
[2026-01-13 06:01:34] [INFO] Strategy name: multi_tactic
[2026-01-13 06:01:34] [INFO] Strategy args: {}
[2026-01-13 06:01:34] [INFO] Pass@k value: 1
[2026-01-13 06:01:34] [INFO] Creating strategy: multi_tactic
[2026-01-13 06:01:34] [INFO] Creating multi_tactic strategy with tactics: ['rfl', 'simp', 'simp_all', 'exact?', 'grind', 'ring', 'norm_num', 'omega', 'linarith', 'nlinarith', 'aesop']
[2026-01-13 06:01:34] [INFO] Strategies created: ['rfl', 'simp', 'simp_all', 'exact?', 'grind', 'ring', 'norm_num', 'omega', 'linarith', 'nlinarith', 'aesop']
[2026-01-13 06:01:34] [INFO] Pass@k value: 1
[2026-01-13 06:01:34] [INFO] Creating Sorry object...
[2026-01-13 06:01:34] [INFO] Sorry object created: id=ba7163c3f8c46a87dca214bec3d507c72e1adc66c03dae8692f12ea3e93e0e22
[2026-01-13 06:01:34] [INFO] Sorry location: SpherePacking/ModularForms/FG.lean:38
[2026-01-13 06:01:34] [INFO] Context before sorry (lines 33-38):
[2026-01-13 06:01:34] [INFO]   33: theorem F_eq_FReal {t : ℝ} (ht : 0 < t) : F.resToImagAxis t = FReal t := by sorry
[2026-01-13 06:01:34] [INFO]   34: 
[2026-01-13 06:01:34] [INFO]   35: theorem G_eq_GReal {t : ℝ} (ht : 0 < t) : G.resToImagAxis t = GReal t := by sorry
[2026-01-13 06:01:34] [INFO]   36: 
[2026-01-13 06:01:34] [INFO]   37: theorem FmodG_eq_FmodGReal {t : ℝ} (ht : 0 < t) :
[2026-01-13 06:01:34] [INFO]   38:     FmodGReal t = (F.resToImagAxis t) / (G.resToImagAxis t) := by sorry
[2026-01-13 06:01:34] [INFO] Sorry line:     FmodGReal t = (F.resToImagAxis t) / (G.resToImagAxis t) := by sorry
[2026-01-13 06:01:34] [INFO] Sorry goal: t : ℝ
ht : 0 < t
⊢ ↑(FmodGReal t) = Function.resToImagAxis F t / Function.resToImagAxis G t...
[2026-01-13 06:01:34] [INFO] ========================================
[2026-01-13 06:01:34] [INFO] Trying strategy: rfl (up to 1 attempts)
[2026-01-13 06:01:34] [INFO] --------------------
[2026-01-13 06:01:34] [INFO] Strategy rfl, attempt 1/1
[2026-01-13 06:01:34] [INFO] Starting proof generation...
[2026-01-13 06:01:34] [INFO] Repository path: /root/repo
[2026-01-13 06:01:34] [INFO] Proof generation completed
[2026-01-13 06:01:34] [INFO] Generated proof:
[2026-01-13 06:01:34] [INFO] rfl
[2026-01-13 06:01:34] [INFO] Proof length: 3 chars
[2026-01-13 06:01:34] [INFO] Starting proof verification...
[2026-01-13 06:01:34] [INFO] Verifying at: SpherePacking/ModularForms/FG.lean:38
[2026-01-13 06:01:34] [INFO] Using LEAN INTERACT verify
[2026-01-13 06:01:34] [INFO] Checking file
[2026-01-13 06:01:58] [INFO] Cannot build modified file <error line="38" column="66">
<code_line>    FmodGReal t = (F.resToImagAxis t) / (G.resToImagAxis t) := by rfl</code_line>
<message>error: Tactic `rfl` failed: The left-hand side</message>
</error>
  ↑(FmodGReal t)
is not definitionally equal to the right-hand side
  Function.resToImagAxis F t / Function.resToImagAxis G t

t : ℝ
ht : 0 < t
⊢ ↑(FmodGReal t) = Function.resToImagAxis F t / Function.resToImagAxis G t
[2026-01-13 06:01:58] [INFO] Proof verification completed
[2026-01-13 06:01:58] [INFO] Strategy rfl attempt 1: verified=False
[2026-01-13 06:01:58] [INFO] Verification message: Cannot build modified file: <error line="38" column="66">
<code_line>    FmodGReal t = (F.resToImagAxis t) / (G.resToImagAxis t) := by rfl</code_line>
<message>error: Tactic `rfl` failed: The left-hand side</message>
</error>
  ↑(FmodGReal t)
is not definitionally equal to the right-hand side
  Function.resToImagAxis F t / Function.resToImagAxis G t

t : ℝ
ht : 0 < t
⊢ ↑(FmodGReal t) = Function.resToImagAxis F t / Function.resToImagAxis G t

[2026-01-13 06:01:58] [INFO] Attempt 1 failed verification, continuing...
[2026-01-13 06:01:58] [INFO] ========================================
[2026-01-13 06:01:58] [INFO] Trying strategy: simp (up to 1 attempts)
[2026-01-13 06:01:58] [INFO] --------------------
[2026-01-13 06:01:58] [INFO] Strategy simp, attempt 1/1
[2026-01-13 06:01:58] [INFO] Starting proof generation...
[2026-01-13 06:01:58] [INFO] Repository path: /root/repo
[2026-01-13 06:01:58] [INFO] Proof generation completed
[2026-01-13 06:01:58] [INFO] Generated proof:
[2026-01-13 06:01:58] [INFO] simp
[2026-01-13 06:01:58] [INFO] Proof length: 4 chars
[2026-01-13 06:01:58] [INFO] Starting proof verification...
[2026-01-13 06:01:58] [INFO] Verifying at: SpherePacking/ModularForms/FG.lean:38
[2026-01-13 06:01:58] [INFO] Using LEAN INTERACT verify
[2026-01-13 06:01:58] [INFO] Checking file
[2026-01-13 06:02:04] [INFO] Cannot build modified file <error line="38" column="63">
<code_line>    FmodGReal t = (F.resToImagAxis t) / (G.resToImagAxis t) := by simp</code_line>
<message>error: unsolved goals</message>
</error>
t : ℝ
ht : 0 < t
⊢ ↑(FmodGReal t) = ResToImagAxis F t / ResToImagAxis G t
[2026-01-13 06:02:04] [INFO] Proof verification completed
[2026-01-13 06:02:04] [INFO] Strategy simp attempt 1: verified=False
[2026-01-13 06:02:04] [INFO] Verification message: Cannot build modified file: <error line="38" column="63">
<code_line>    FmodGReal t = (F.resToImagAxis t) / (G.resToImagAxis t) := by simp</code_line>
<message>error: unsolved goals</message>
</error>
t : ℝ
ht : 0 < t
⊢ ↑(FmodGReal t) = ResToImagAxis F t / ResToImagAxis G t

[2026-01-13 06:02:04] [INFO] Attempt 1 failed verification, continuing...
[2026-01-13 06:02:04] [INFO] ========================================
[2026-01-13 06:02:04] [INFO] Trying strategy: simp_all (up to 1 attempts)
[2026-01-13 06:02:04] [INFO] --------------------
[2026-01-13 06:02:04] [INFO] Strategy simp_all, attempt 1/1
[2026-01-13 06:02:04] [INFO] Starting proof generation...
[2026-01-13 06:02:04] [INFO] Repository path: /root/repo
[2026-01-13 06:02:04] [INFO] Proof generation completed
[2026-01-13 06:02:04] [INFO] Generated proof:
[2026-01-13 06:02:04] [INFO] simp_all
[2026-01-13 06:02:04] [INFO] Proof length: 8 chars
[2026-01-13 06:02:04] [INFO] Starting proof verification...
[2026-01-13 06:02:04] [INFO] Verifying at: SpherePacking/ModularForms/FG.lean:38
[2026-01-13 06:02:04] [INFO] Using LEAN INTERACT verify
[2026-01-13 06:02:04] [INFO] Checking file
[2026-01-13 06:02:11] [INFO] Cannot build modified file <error line="38" column="63">
<code_line>    FmodGReal t = (F.resToImagAxis t) / (G.resToImagAxis t) := by simp_all</code_line>
<message>error: unsolved goals</message>
</error>
t : ℝ
ht : 0 < t
⊢ ↑(FmodGReal t) = ResToImagAxis F t / ResToImagAxis G t
[2026-01-13 06:02:11] [INFO] Proof verification completed
[2026-01-13 06:02:11] [INFO] Strategy simp_all attempt 1: verified=False
[2026-01-13 06:02:11] [INFO] Verification message: Cannot build modified file: <error line="38" column="63">
<code_line>    FmodGReal t = (F.resToImagAxis t) / (G.resToImagAxis t) := by simp_all</code_line>
<message>error: unsolved goals</message>
</error>
t : ℝ
ht : 0 < t
⊢ ↑(FmodGReal t) = ResToImagAxis F t / ResToImagAxis G t

[2026-01-13 06:02:11] [INFO] Attempt 1 failed verification, continuing...
[2026-01-13 06:02:11] [INFO] ========================================
[2026-01-13 06:02:11] [INFO] Trying strategy: exact? (up to 1 attempts)
[2026-01-13 06:02:11] [INFO] --------------------
[2026-01-13 06:02:11] [INFO] Strategy exact?, attempt 1/1
[2026-01-13 06:02:11] [INFO] Starting proof generation...
[2026-01-13 06:02:11] [INFO] Repository path: /root/repo
[2026-01-13 06:02:11] [INFO] Proof generation completed
[2026-01-13 06:02:11] [INFO] Generated proof:
[2026-01-13 06:02:11] [INFO] exact?
[2026-01-13 06:02:11] [INFO] Proof length: 6 chars
[2026-01-13 06:02:11] [INFO] Starting proof verification...
[2026-01-13 06:02:11] [INFO] Verifying at: SpherePacking/ModularForms/FG.lean:38
[2026-01-13 06:02:11] [INFO] Using LEAN INTERACT verify
[2026-01-13 06:02:11] [INFO] Checking file
[2026-01-13 06:02:28] [INFO] Cannot build modified file <error line="38" column="66">
<code_line>    FmodGReal t = (F.resToImagAxis t) / (G.resToImagAxis t) := by exact?</code_line>
<message>error: `exact?` could not close the goal. Try `apply?` to see partial suggestions.</message>
</error>
[2026-01-13 06:02:28] [INFO] Proof verification completed
[2026-01-13 06:02:28] [INFO] Strategy exact? attempt 1: verified=False
[2026-01-13 06:02:28] [INFO] Verification message: Cannot build modified file: <error line="38" column="66">
<code_line>    FmodGReal t = (F.resToImagAxis t) / (G.resToImagAxis t) := by exact?</code_line>
<message>error: `exact?` could not close the goal. Try `apply?` to see partial suggestions.</message>
</error>

[2026-01-13 06:02:28] [INFO] Attempt 1 failed verification, continuing...
[2026-01-13 06:02:28] [INFO] ========================================
[2026-01-13 06:02:28] [INFO] Trying strategy: grind (up to 1 attempts)
[2026-01-13 06:02:28] [INFO] --------------------
[2026-01-13 06:02:28] [INFO] Strategy grind, attempt 1/1
[2026-01-13 06:02:28] [INFO] Starting proof generation...
[2026-01-13 06:02:28] [INFO] Repository path: /root/repo
[2026-01-13 06:02:28] [INFO] Proof generation completed
[2026-01-13 06:02:28] [INFO] Generated proof:
[2026-01-13 06:02:28] [INFO] grind
[2026-01-13 06:02:28] [INFO] Proof length: 5 chars
[2026-01-13 06:02:28] [INFO] Starting proof verification...
[2026-01-13 06:02:28] [INFO] Verifying at: SpherePacking/ModularForms/FG.lean:38
[2026-01-13 06:02:28] [INFO] Using LEAN INTERACT verify
[2026-01-13 06:02:28] [INFO] Checking file
[2026-01-13 06:02:35] [INFO] Cannot build modified file <error line="38" column="66">
<code_line>    FmodGReal t = (F.resToImagAxis t) / (G.resToImagAxis t) := by grind</code_line>
<message>error: `grind` failed</message>
</error>
case grind.1
t : ℝ
ht : 0 < t
h : ¬↑(FmodGReal t) = Function.resToImagAxis F t * (Function.resToImagAxis G t)⁻¹
h_1 : Function.resToImagAxis G t = 0
⊢ False
[grind] Goal diagnostics
  [facts] Asserted facts
    [prop] 0 < t
    [prop] ¬↑(FmodGReal t) = Function.resToImagAxis F t * (Function.resToImagAxis G t)⁻¹
    [prop] if Function.resToImagAxis G t = 0 then (Function.resToImagAxis G t)⁻¹ = 0
        else Function.resToImagAxis G t * (Function.resToImagAxis G t)⁻¹ = 1
    [prop] Function.resToImagAxis G t = 0
  [eqc] True propositions
    [prop] Function.resToImagAxis G t = 0
    [prop] (Function.resToImagAxis G t)⁻¹ = 0
    [prop] 0 < t
    [prop] if Function.resToImagAxis G t = 0 then (Function.resToImagAxis G t)⁻¹ = 0
        else Function.resToImagAxis G t * (Function.resToImagAxis G t)⁻¹ = 1
  [eqc] False propositions
    [prop] ↑(FmodGReal t) = Function.resToImagAxis F t * (Function.resToImagAxis G t)⁻¹
  [eqc] Equivalence classes
    [eqc] {Function.resToImagAxis G t,
        (Function.resToImagAxis G t)⁻¹,
        0,
        Function.resToImagAxis F t * (Function.resToImagAxis G t)⁻¹}
  [cases] Case analyses
    [cases] [1/2]: if Function.resToImagAxis G t = 0 then (Function.resToImagAxis G t)⁻¹ = 0
        else Function.resToImagAxis G t * (Function.resToImagAxis G t)⁻¹ = 1
      [cases] source: Initial goal
  [linarith] Linarith assignment for `ℝ`
    [assign] t := 1
    [assign] FmodGReal t := 6
  [ring] Ring `ℂ`
    [basis] Basis
      [_] (Function.resToImagAxis G t)⁻¹ = 0
[2026-01-13 06:02:35] [INFO] Proof verification completed
[2026-01-13 06:02:35] [INFO] Strategy grind attempt 1: verified=False
[2026-01-13 06:02:35] [INFO] Verification message: Cannot build modified file: <error line="38" column="66">
<code_line>    FmodGReal t = (F.resToImagAxis t) / (G.resToImagAxis t) := by grind</code_line>
<message>error: `grind` failed</message>
</error>
case grind.1
t : ℝ
ht : 0 < t
h : ¬↑(FmodGReal t) = Function.resToImagAxis F t * (Function.resToImagAxis G t)⁻¹
h_1 : Function.resToImagAxis G t = 0
⊢ False
[grind] Goal diagnostics
  [facts] Asserted facts
    [prop] 0 < t
    [prop] ¬↑(FmodGReal t) = Function.resToImagAxis F t * (Function.resToImagAxis G t)⁻¹
    [prop] if Function.resToImagAxis G t = 0 then (Function.resToImagAxis G t)⁻¹ = 0
        else Function.resToImagAxis G t * (Function.resToImagAxis G t)⁻¹ = 1
    [prop] Function.resToImagAxis G t = 0
  [eqc] True propositions
    [prop] Function.resToImagAxis G t = 0
    [prop] (Function.resToImagAxis G t)⁻¹ = 0
    [prop] 0 < t
    [prop] if Function.resToImagAxis G t = 0 then (Function.resToImagAxis G t)⁻¹ = 0
        else Function.resToImagAxis G t * (Function.resToImagAxis G t)⁻¹ = 1
  [eqc] False propositions
    [prop] ↑(FmodGReal t) = Function.resToImagAxis F t * (Function.resToImagAxis G t)⁻¹
  [eqc] Equivalence classes
    [eqc] {Function.resToImagAxis G t,
        (Function.resToImagAxis G t)⁻¹,
        0,
        Function.resToImagAxis F t * (Function.resToImagAxis G t)⁻¹}
  [cases] Case analyses
    [cases] [1/2]: if Function.resToImagAxis G t = 0 then (Function.resToImagAxis G t)⁻¹ = 0
        else Function.resToImagAxis G t * (Function.resToImagAxis G t)⁻¹ = 1
      [cases] source: Initial goal
  [linarith] Linarith assignment for `ℝ`
    [assign] t := 1
    [assign] FmodGReal t := 6
  [ring] Ring `ℂ`
    [basis] Basis
      [_] (Function.resToImagAxis G t)⁻¹ = 0

[2026-01-13 06:02:35] [INFO] Attempt 1 failed verification, continuing...
[2026-01-13 06:02:35] [INFO] ========================================
[2026-01-13 06:02:35] [INFO] Trying strategy: ring (up to 1 attempts)
[2026-01-13 06:02:35] [INFO] --------------------
[2026-01-13 06:02:35] [INFO] Strategy ring, attempt 1/1
[2026-01-13 06:02:35] [INFO] Starting proof generation...
[2026-01-13 06:02:35] [INFO] Repository path: /root/repo
[2026-01-13 06:02:35] [INFO] Proof generation completed
[2026-01-13 06:02:35] [INFO] Generated proof:
[2026-01-13 06:02:35] [INFO] ring
[2026-01-13 06:02:35] [INFO] Proof length: 4 chars
[2026-01-13 06:02:35] [INFO] Starting proof verification...
[2026-01-13 06:02:35] [INFO] Verifying at: SpherePacking/ModularForms/FG.lean:38
[2026-01-13 06:02:35] [INFO] Using LEAN INTERACT verify
[2026-01-13 06:02:35] [INFO] Checking file
[2026-01-13 06:02:41] [INFO] Cannot build modified file Try this:
  [apply] ring_nf
  
  The `ring` tactic failed to close the goal. Use `ring_nf` to obtain a normal form.
    
  Note that `ring` works primarily in *commutative* rings. If you have a noncommutative ring, abelian group or module, consider using `noncomm_ring`, `abel` or `module` instead.
<error line="38" column="63">
<code_line>    FmodGReal t = (F.resToImagAxis t) / (G.resToImagAxis t) := by ring</code_line>
<message>error: unsolved goals</message>
</error>
t : ℝ
ht : 0 < t
⊢ ↑(FmodGReal t) = Function.resToImagAxis F t * (Function.resToImagAxis G t)⁻¹
[2026-01-13 06:02:41] [INFO] Proof verification completed
[2026-01-13 06:02:41] [INFO] Strategy ring attempt 1: verified=False
[2026-01-13 06:02:41] [INFO] Verification message: Cannot build modified file: Try this:
  [apply] ring_nf
  
  The `ring` tactic failed to close the goal. Use `ring_nf` to obtain a normal form.
    
  Note that `ring` works primarily in *commutative* rings. If you have a noncommutative ring, abelian group or module, consider using `noncomm_ring`, `abel` or `module` instead.
<error line="38" column="63">
<code_line>    FmodGReal t = (F.resToImagAxis t) / (G.resToImagAxis t) := by ring</code_line>
<message>error: unsolved goals</message>
</error>
t : ℝ
ht : 0 < t
⊢ ↑(FmodGReal t) = Function.resToImagAxis F t * (Function.resToImagAxis G t)⁻¹

[2026-01-13 06:02:41] [INFO] Attempt 1 failed verification, continuing...
[2026-01-13 06:02:41] [INFO] ========================================
[2026-01-13 06:02:41] [INFO] Trying strategy: norm_num (up to 1 attempts)
[2026-01-13 06:02:41] [INFO] --------------------
[2026-01-13 06:02:41] [INFO] Strategy norm_num, attempt 1/1
[2026-01-13 06:02:41] [INFO] Starting proof generation...
[2026-01-13 06:02:41] [INFO] Repository path: /root/repo
[2026-01-13 06:02:41] [INFO] Proof generation completed
[2026-01-13 06:02:41] [INFO] Generated proof:
[2026-01-13 06:02:41] [INFO] norm_num
[2026-01-13 06:02:41] [INFO] Proof length: 8 chars
[2026-01-13 06:02:41] [INFO] Starting proof verification...
[2026-01-13 06:02:41] [INFO] Verifying at: SpherePacking/ModularForms/FG.lean:38
[2026-01-13 06:02:41] [INFO] Using LEAN INTERACT verify
[2026-01-13 06:02:41] [INFO] Checking file
[2026-01-13 06:02:48] [INFO] Cannot build modified file <error line="38" column="63">
<code_line>    FmodGReal t = (F.resToImagAxis t) / (G.resToImagAxis t) := by norm_num</code_line>
<message>error: unsolved goals</message>
</error>
t : ℝ
ht : 0 < t
⊢ ↑(FmodGReal t) = ResToImagAxis F t / ResToImagAxis G t
[2026-01-13 06:02:48] [INFO] Proof verification completed
[2026-01-13 06:02:48] [INFO] Strategy norm_num attempt 1: verified=False
[2026-01-13 06:02:48] [INFO] Verification message: Cannot build modified file: <error line="38" column="63">
<code_line>    FmodGReal t = (F.resToImagAxis t) / (G.resToImagAxis t) := by norm_num</code_line>
<message>error: unsolved goals</message>
</error>
t : ℝ
ht : 0 < t
⊢ ↑(FmodGReal t) = ResToImagAxis F t / ResToImagAxis G t

[2026-01-13 06:02:48] [INFO] Attempt 1 failed verification, continuing...
[2026-01-13 06:02:48] [INFO] ========================================
[2026-01-13 06:02:48] [INFO] Trying strategy: omega (up to 1 attempts)
[2026-01-13 06:02:48] [INFO] --------------------
[2026-01-13 06:02:48] [INFO] Strategy omega, attempt 1/1
[2026-01-13 06:02:48] [INFO] Starting proof generation...
[2026-01-13 06:02:48] [INFO] Repository path: /root/repo
[2026-01-13 06:02:48] [INFO] Proof generation completed
[2026-01-13 06:02:48] [INFO] Generated proof:
[2026-01-13 06:02:48] [INFO] omega
[2026-01-13 06:02:48] [INFO] Proof length: 5 chars
[2026-01-13 06:02:48] [INFO] Starting proof verification...
[2026-01-13 06:02:48] [INFO] Verifying at: SpherePacking/ModularForms/FG.lean:38
[2026-01-13 06:02:48] [INFO] Using LEAN INTERACT verify
[2026-01-13 06:02:48] [INFO] Checking file
[2026-01-13 06:02:55] [INFO] Cannot build modified file <error line="38" column="66">
<code_line>    FmodGReal t = (F.resToImagAxis t) / (G.resToImagAxis t) := by omega</code_line>
<message>error: omega could not prove the goal:</message>
</error>
No usable constraints found. You may need to unfold definitions so `omega` can see linear arithmetic facts about `Nat` and `Int`, which may also involve multiplication, division, and modular remainder by constants.
[2026-01-13 06:02:55] [INFO] Proof verification completed
[2026-01-13 06:02:55] [INFO] Strategy omega attempt 1: verified=False
[2026-01-13 06:02:55] [INFO] Verification message: Cannot build modified file: <error line="38" column="66">
<code_line>    FmodGReal t = (F.resToImagAxis t) / (G.resToImagAxis t) := by omega</code_line>
<message>error: omega could not prove the goal:</message>
</error>
No usable constraints found. You may need to unfold definitions so `omega` can see linear arithmetic facts about `Nat` and `Int`, which may also involve multiplication, division, and modular remainder by constants.

[2026-01-13 06:02:55] [INFO] Attempt 1 failed verification, continuing...
[2026-01-13 06:02:55] [INFO] ========================================
[2026-01-13 06:02:55] [INFO] Trying strategy: linarith (up to 1 attempts)
[2026-01-13 06:02:55] [INFO] --------------------
[2026-01-13 06:02:55] [INFO] Strategy linarith, attempt 1/1
[2026-01-13 06:02:55] [INFO] Starting proof generation...
[2026-01-13 06:02:55] [INFO] Repository path: /root/repo
[2026-01-13 06:02:55] [INFO] Proof generation completed
[2026-01-13 06:02:55] [INFO] Generated proof:
[2026-01-13 06:02:55] [INFO] linarith
[2026-01-13 06:02:55] [INFO] Proof length: 8 chars
[2026-01-13 06:02:55] [INFO] Starting proof verification...
[2026-01-13 06:02:55] [INFO] Verifying at: SpherePacking/ModularForms/FG.lean:38
[2026-01-13 06:02:55] [INFO] Using LEAN INTERACT verify
[2026-01-13 06:02:55] [INFO] Checking file
[2026-01-13 06:03:01] [INFO] Cannot build modified file <error line="38" column="66">
<code_line>    FmodGReal t = (F.resToImagAxis t) / (G.resToImagAxis t) := by linarith</code_line>
<message>error: linarith failed to find a contradiction</message>
</error>
t : ℝ
ht : 0 < t
⊢ False
failed
[2026-01-13 06:03:01] [INFO] Proof verification completed
[2026-01-13 06:03:01] [INFO] Strategy linarith attempt 1: verified=False
[2026-01-13 06:03:01] [INFO] Verification message: Cannot build modified file: <error line="38" column="66">
<code_line>    FmodGReal t = (F.resToImagAxis t) / (G.resToImagAxis t) := by linarith</code_line>
<message>error: linarith failed to find a contradiction</message>
</error>
t : ℝ
ht : 0 < t
⊢ False
failed

[2026-01-13 06:03:01] [INFO] Attempt 1 failed verification, continuing...
[2026-01-13 06:03:01] [INFO] ========================================
[2026-01-13 06:03:01] [INFO] Trying strategy: nlinarith (up to 1 attempts)
[2026-01-13 06:03:01] [INFO] --------------------
[2026-01-13 06:03:01] [INFO] Strategy nlinarith, attempt 1/1
[2026-01-13 06:03:01] [INFO] Starting proof generation...
[2026-01-13 06:03:01] [INFO] Repository path: /root/repo
[2026-01-13 06:03:01] [INFO] Proof generation completed
[2026-01-13 06:03:01] [INFO] Generated proof:
[2026-01-13 06:03:01] [INFO] nlinarith
[2026-01-13 06:03:01] [INFO] Proof length: 9 chars
[2026-01-13 06:03:01] [INFO] Starting proof verification...
[2026-01-13 06:03:01] [INFO] Verifying at: SpherePacking/ModularForms/FG.lean:38
[2026-01-13 06:03:01] [INFO] Using LEAN INTERACT verify
[2026-01-13 06:03:01] [INFO] Checking file
[2026-01-13 06:03:08] [INFO] Cannot build modified file <error line="38" column="66">
<code_line>    FmodGReal t = (F.resToImagAxis t) / (G.resToImagAxis t) := by nlinarith</code_line>
<message>error: linarith failed to find a contradiction</message>
</error>
t : ℝ
ht : 0 < t
⊢ False
failed
[2026-01-13 06:03:08] [INFO] Proof verification completed
[2026-01-13 06:03:08] [INFO] Strategy nlinarith attempt 1: verified=False
[2026-01-13 06:03:08] [INFO] Verification message: Cannot build modified file: <error line="38" column="66">
<code_line>    FmodGReal t = (F.resToImagAxis t) / (G.resToImagAxis t) := by nlinarith</code_line>
<message>error: linarith failed to find a contradiction</message>
</error>
t : ℝ
ht : 0 < t
⊢ False
failed

[2026-01-13 06:03:08] [INFO] Attempt 1 failed verification, continuing...
[2026-01-13 06:03:08] [INFO] ========================================
[2026-01-13 06:03:08] [INFO] Trying strategy: aesop (up to 1 attempts)
[2026-01-13 06:03:08] [INFO] --------------------
[2026-01-13 06:03:08] [INFO] Strategy aesop, attempt 1/1
[2026-01-13 06:03:08] [INFO] Starting proof generation...
[2026-01-13 06:03:08] [INFO] Repository path: /root/repo
[2026-01-13 06:03:08] [INFO] Proof generation completed
[2026-01-13 06:03:08] [INFO] Generated proof:
[2026-01-13 06:03:08] [INFO] aesop
[2026-01-13 06:03:08] [INFO] Proof length: 5 chars
[2026-01-13 06:03:08] [INFO] Starting proof verification...
[2026-01-13 06:03:08] [INFO] Verifying at: SpherePacking/ModularForms/FG.lean:38
[2026-01-13 06:03:08] [INFO] Using LEAN INTERACT verify
[2026-01-13 06:03:08] [INFO] Checking file
[2026-01-13 06:03:16] [INFO] Cannot build modified file <error line="38" column="63">
<code_line>    FmodGReal t = (F.resToImagAxis t) / (G.resToImagAxis t) := by aesop</code_line>
<message>error: unsolved goals</message>
</error>
t : ℝ
ht : 0 < t
⊢ ↑(FmodGReal t) = ResToImagAxis F t / ResToImagAxis G t
[2026-01-13 06:03:16] [INFO] Proof verification completed
[2026-01-13 06:03:16] [INFO] Strategy aesop attempt 1: verified=False
[2026-01-13 06:03:16] [INFO] Verification message: Cannot build modified file: <error line="38" column="63">
<code_line>    FmodGReal t = (F.resToImagAxis t) / (G.resToImagAxis t) := by aesop</code_line>
<message>error: unsolved goals</message>
</error>
t : ℝ
ht : 0 < t
⊢ ↑(FmodGReal t) = ResToImagAxis F t / ResToImagAxis G t

[2026-01-13 06:03:16] [INFO] Attempt 1 failed verification, continuing...
[2026-01-13 06:03:16] [INFO] ========================================
[2026-01-13 06:03:16] [INFO] Pass@k completed. Total results: 1
[2026-01-13 06:03:16] [INFO] FAILED: All 11 strategies x 1 attempts
[2026-01-13 06:03:16] [INFO] Writing results to file: /root/repo/result.json
[2026-01-13 06:03:16] [INFO] Result file written successfully
[2026-01-13 06:03:16] [INFO] Results exported to: /root/repo/result.json
[2026-01-13 06:03:16] [INFO] run_morphcloud_local.py completed successfully

[2026-01-13 06:03:17] [process_single_sorry] Downloading result file...
[2026-01-13 06:03:17] [process_single_sorry] Downloaded result to intermediate_experiment_outputs_full_reservoir_3_months/multi_tactic/2026-01-13_01-27-45_multi_tactic/individual/ba7163c3f8c46a87dca214bec3d507c72e1adc66c03dae8692f12ea3e93e0e22.json
[2026-01-13 06:03:19] [process_single_sorry] Instance context closed successfully
[2026-01-13 06:03:19] [process_single_sorry] Parsing result file...
[2026-01-13 06:03:19] [process_single_sorry] Successfully parsed result (list format, 1 results)
