[2026-01-13 01:27:51] [process_single_sorry] Starting for sorry cc6e9edc63dcf9ef93d30c0ac484d21b98855cdf9cc52fbc5668e6e49904d45d
[2026-01-13 01:27:51] [process_single_sorry] Using snapshot: snapshot_f529gbm4
[2026-01-13 01:27:51] [process_single_sorry] Repository: https://github.com/AlexKontorovich/PrimeNumberTheoremAnd@ddcb6542f2b62883c8642d3db4ecc115afcce33e
[2026-01-13 01:27:51] [process_single_sorry] Instance name: PrimeNumberTheoremAnd_ddcb6542f2b6_multi_tactic_cc6e9edc63dcf9ef93d30c0ac484d21b98855cdf9cc52fbc5668e6e49904d45d
[2026-01-13 01:27:51] [process_single_sorry] Starting attempt 1/3
[2026-01-13 01:27:51] [process_single_sorry] Starting instance from snapshot...
[2026-01-13 01:27:52] [process_single_sorry] Instance started successfully: morphvm_lxpy2n7y
[2026-01-13 01:27:52] [process_single_sorry] Creating .env file...
[2026-01-13 01:28:02] [process_single_sorry] .env file created (exit_code: 0)
[2026-01-13 01:28:02] [process_single_sorry] Executing agent command...
[2026-01-13 01:31:20] [process_single_sorry] Agent command completed (exit_code: 0)
[2026-01-13 01:31:20] [process_single_sorry] STDOUT:

Results JSON:
[
  {
    "sorry": {
      "repo": {
        "remote": "https://github.com/AlexKontorovich/PrimeNumberTheoremAnd",
        "branch": "More-FKS",
        "commit": "ddcb6542f2b62883c8642d3db4ecc115afcce33e",
        "lean_version": "v4.26.0"
      },
      "location": {
        "path": "PrimeNumberTheoremAnd/FioriKadiriSwidinsky.lean",
        "start_line": 276,
        "start_column": 151,
        "end_line": 276,
        "end_column": 156
      },
      "debug_info": {
        "goal": "I : FKS.Inputs\nσ₁ T x✝ : ℝ\nhσ_1 : σ₁ ∈ Set.Icc 0.5 1\nhT : T > FKS.Inputs.T₀ I\nx : ℝ\n⊢ FKS.riemannZeta.Sigma T x 0 σ₁ ≤ FKS.ε₂ I x σ₁ T",
        "url": "https://github.com/AlexKontorovich/PrimeNumberTheoremAnd/blob/ddcb6542f2b62883c8642d3db4ecc115afcce33e/PrimeNumberTheoremAnd/FioriKadiriSwidinsky.lean#L276"
      },
      "metadata": {
        "blame_email_hash": "d7f0e4a42bbb",
        "blame_date": "2026-01-07T20:41:59-08:00",
        "inclusion_date": "2026-01-08T16:02:15.154672+00:00"
      },
      "id": "cc6e9edc63dcf9ef93d30c0ac484d21b98855cdf9cc52fbc5668e6e49904d45d"
    },
    "proof": null,
    "proof_verified": false,
    "feedback": null,
    "verification_message": "All 11 attempts failed (11 strategies x 1 attempts each)",
    "success": true,
    "error_type": null,
    "error_message": null,
    "strategy_name": "all_failed_k=1",
    "proof_attempts": [
      "rfl",
      "simp",
      "simp_all",
      "exact?",
      "grind",
      "ring",
      "norm_num",
      "omega",
      "linarith",
      "nlinarith",
      "aesop"
    ]
  }
]

[2026-01-13 01:31:20] [process_single_sorry] STDERR:
None of PyTorch, TensorFlow >= 2.0, or Flax have been found. Models won't be available and only tokenizers, configuration and file/data utilities can be used.
[2026-01-13 01:28:29] [INFO] ================================================================================
[2026-01-13 01:28:29] [INFO] Starting run_morphcloud_local.py
[2026-01-13 01:28:29] [INFO] ================================================================================
[2026-01-13 01:28:29] [INFO] Environment loaded
[2026-01-13 01:28:29] [INFO] Full command: /root/SorryDB/sorrydb/cli/run_morphcloud_local.py --repo-path /root/repo --sorry-json {"repo": {"remote": "https://github.com/AlexKontorovich/PrimeNumberTheoremAnd", "branch": "More-FKS", "commit": "ddcb6542f2b62883c8642d3db4ecc115afcce33e", "lean_version": "v4.26.0"}, "location": {"path": "PrimeNumberTheoremAnd/FioriKadiriSwidinsky.lean", "start_line": 276, "start_column": 151, "end_line": 276, "end_column": 156}, "debug_info": {"goal": "I : FKS.Inputs\n\u03c3\u2081 T x\u271d : \u211d\nh\u03c3_1 : \u03c3\u2081 \u2208 Set.Icc 0.5 1\nhT : T > FKS.Inputs.T\u2080 I\nx : \u211d\n\u22a2 FKS.riemannZeta.Sigma T x 0 \u03c3\u2081 \u2264 FKS.\u03b5\u2082 I x \u03c3\u2081 T", "url": "https://github.com/AlexKontorovich/PrimeNumberTheoremAnd/blob/ddcb6542f2b62883c8642d3db4ecc115afcce33e/PrimeNumberTheoremAnd/FioriKadiriSwidinsky.lean#L276"}, "metadata": {"blame_email_hash": "d7f0e4a42bbb", "blame_date": "2026-01-07T20:41:59-08:00", "inclusion_date": "2026-01-08T16:02:15.154672+00:00"}, "id": "cc6e9edc63dcf9ef93d30c0ac484d21b98855cdf9cc52fbc5668e6e49904d45d"} --agent-strategy {"name": "multi_tactic", "args": {}}
[2026-01-13 01:28:29] [INFO] Arguments parsed: repo_path=/root/repo, output_path=/root/repo/result.json
[2026-01-13 01:28:29] [INFO] Strategy spec: {"name": "multi_tactic", "args": {}}...
[2026-01-13 01:28:29] [INFO] Loading sorry data...
[2026-01-13 01:28:29] [INFO] Parsing sorry from JSON string...
[2026-01-13 01:28:29] [INFO] Sorry data parsed from JSON string
[2026-01-13 01:28:29] [INFO] Creating strategy from spec...
[2026-01-13 01:28:29] [INFO] Parsing strategy spec (length: 36 chars)
[2026-01-13 01:28:29] [INFO] Strategy name: multi_tactic
[2026-01-13 01:28:29] [INFO] Strategy args: {}
[2026-01-13 01:28:29] [INFO] Pass@k value: 1
[2026-01-13 01:28:29] [INFO] Creating strategy: multi_tactic
[2026-01-13 01:28:29] [INFO] Creating multi_tactic strategy with tactics: ['rfl', 'simp', 'simp_all', 'exact?', 'grind', 'ring', 'norm_num', 'omega', 'linarith', 'nlinarith', 'aesop']
[2026-01-13 01:28:29] [INFO] Strategies created: ['rfl', 'simp', 'simp_all', 'exact?', 'grind', 'ring', 'norm_num', 'omega', 'linarith', 'nlinarith', 'aesop']
[2026-01-13 01:28:29] [INFO] Pass@k value: 1
[2026-01-13 01:28:29] [INFO] Creating Sorry object...
[2026-01-13 01:28:29] [INFO] Sorry object created: id=cc6e9edc63dcf9ef93d30c0ac484d21b98855cdf9cc52fbc5668e6e49904d45d
[2026-01-13 01:28:29] [INFO] Sorry location: PrimeNumberTheoremAnd/FioriKadiriSwidinsky.lean:276
[2026-01-13 01:28:29] [INFO] Context before sorry (lines 271-276):
[2026-01-13 01:28:29] [INFO]   271: 
[2026-01-13 01:28:29] [INFO]   272: @[blueprint
[2026-01-13 01:28:29] [INFO]   273:   "fks-proposition-3-6"
[2026-01-13 01:28:29] [INFO]   274:   (title := "FKS Proposition 3.6")
[2026-01-13 01:28:29] [INFO]   275:   (statement := /-- Let $\sigma_1 \in (1/2,1)$ and let $(T_0,S_0)$ be taken from Table 1.  Then $\Sigma_0^{\sigma_1} ≤ 2 x^{-1/2} (S_0 + B_1(T_0,T)) + (x_1^{\sigma_1-1} - x^{-1/2}) B_1(H_0,T)$.-/)]
[2026-01-13 01:28:29] [INFO]   276: theorem proposition_3_6 (I : Inputs) {σ₁ T x : ℝ} (hσ_1 : σ₁ ∈ Set.Icc 0.5 1) (hT : T > I.T₀) (x : ℝ) : riemannZeta.Sigma T x 0 σ₁ ≤ ε₂ I x σ₁ T := by sorry
[2026-01-13 01:28:29] [INFO] Sorry line: theorem proposition_3_6 (I : Inputs) {σ₁ T x : ℝ} (hσ_1 : σ₁ ∈ Set.Icc 0.5 1) (hT : T > I.T₀) (x : ℝ) : riemannZeta.Sigma T x 0 σ₁ ≤ ε₂ I x σ₁ T := by sorry
[2026-01-13 01:28:29] [INFO] Sorry goal: I : FKS.Inputs
σ₁ T x✝ : ℝ
hσ_1 : σ₁ ∈ Set.Icc 0.5 1
hT : T > FKS.Inputs.T₀ I
x : ℝ
⊢ FKS.riemannZet...
[2026-01-13 01:28:29] [INFO] ========================================
[2026-01-13 01:28:29] [INFO] Trying strategy: rfl (up to 1 attempts)
[2026-01-13 01:28:29] [INFO] --------------------
[2026-01-13 01:28:29] [INFO] Strategy rfl, attempt 1/1
[2026-01-13 01:28:29] [INFO] Starting proof generation...
[2026-01-13 01:28:29] [INFO] Repository path: /root/repo
[2026-01-13 01:28:29] [INFO] Proof generation completed
[2026-01-13 01:28:29] [INFO] Generated proof:
[2026-01-13 01:28:29] [INFO] rfl
[2026-01-13 01:28:29] [INFO] Proof length: 3 chars
[2026-01-13 01:28:29] [INFO] Starting proof verification...
[2026-01-13 01:28:29] [INFO] Verifying at: PrimeNumberTheoremAnd/FioriKadiriSwidinsky.lean:276
[2026-01-13 01:28:29] [INFO] Using LEAN INTERACT verify
[2026-01-13 01:28:29] [INFO] Checking file
[2026-01-13 01:29:35] [INFO] Cannot build modified file <error line="276" column="151">
<code_line>theorem proposition_3_6 (I : Inputs) {σ₁ T x : ℝ} (hσ_1 : σ₁ ∈ Set.Icc 0.5 1) (hT : T > I.T₀) (x : ℝ) : riemannZeta.Sigma T x 0 σ₁ ≤ ε₂ I x σ₁ T := by rfl</code_line>
<message>error: Tactic `rfl` failed: The left-hand side</message>
</error>
  riemannZeta.Sigma T x 0 σ₁
is not definitionally equal to the right-hand side
  ε₂ I x σ₁ T

I : Inputs
σ₁ T x✝ : ℝ
hσ_1 : σ₁ ∈ Set.Icc 0.5 1
hT : T > I.T₀
x : ℝ
⊢ riemannZeta.Sigma T x 0 σ₁ ≤ ε₂ I x σ₁ T
[2026-01-13 01:29:35] [INFO] Proof verification completed
[2026-01-13 01:29:35] [INFO] Strategy rfl attempt 1: verified=False
[2026-01-13 01:29:35] [INFO] Verification message: Cannot build modified file: <error line="276" column="151">
<code_line>theorem proposition_3_6 (I : Inputs) {σ₁ T x : ℝ} (hσ_1 : σ₁ ∈ Set.Icc 0.5 1) (hT : T > I.T₀) (x : ℝ) : riemannZeta.Sigma T x 0 σ₁ ≤ ε₂ I x σ₁ T := by rfl</code_line>
<message>error: Tactic `rfl` failed: The left-hand side</message>
</error>
  riemannZeta.Sigma T x 0 σ₁
is not definitionally equal to the right-hand side
  ε₂ I x σ₁ T

I : Inputs
σ₁ T x✝ : ℝ
hσ_1 : σ₁ ∈ Set.Icc 0.5 1
hT : T > I.T₀
x : ℝ
⊢ riemannZeta.Sigma T x 0 σ₁ ≤ ε₂ I x σ₁ T

[2026-01-13 01:29:35] [INFO] Attempt 1 failed verification, continuing...
[2026-01-13 01:29:35] [INFO] ========================================
[2026-01-13 01:29:35] [INFO] Trying strategy: simp (up to 1 attempts)
[2026-01-13 01:29:35] [INFO] --------------------
[2026-01-13 01:29:35] [INFO] Strategy simp, attempt 1/1
[2026-01-13 01:29:35] [INFO] Starting proof generation...
[2026-01-13 01:29:35] [INFO] Repository path: /root/repo
[2026-01-13 01:29:35] [INFO] Proof generation completed
[2026-01-13 01:29:35] [INFO] Generated proof:
[2026-01-13 01:29:35] [INFO] simp
[2026-01-13 01:29:35] [INFO] Proof length: 4 chars
[2026-01-13 01:29:35] [INFO] Starting proof verification...
[2026-01-13 01:29:35] [INFO] Verifying at: PrimeNumberTheoremAnd/FioriKadiriSwidinsky.lean:276
[2026-01-13 01:29:35] [INFO] Using LEAN INTERACT verify
[2026-01-13 01:29:35] [INFO] Checking file
[2026-01-13 01:29:41] [INFO] Cannot build modified file <error line="276" column="151">
<code_line>theorem proposition_3_6 (I : Inputs) {σ₁ T x : ℝ} (hσ_1 : σ₁ ∈ Set.Icc 0.5 1) (hT : T > I.T₀) (x : ℝ) : riemannZeta.Sigma T x 0 σ₁ ≤ ε₂ I x σ₁ T := by simp</code_line>
<message>error: `simp` made no progress</message>
</error>
[2026-01-13 01:29:41] [INFO] Proof verification completed
[2026-01-13 01:29:41] [INFO] Strategy simp attempt 1: verified=False
[2026-01-13 01:29:41] [INFO] Verification message: Cannot build modified file: <error line="276" column="151">
<code_line>theorem proposition_3_6 (I : Inputs) {σ₁ T x : ℝ} (hσ_1 : σ₁ ∈ Set.Icc 0.5 1) (hT : T > I.T₀) (x : ℝ) : riemannZeta.Sigma T x 0 σ₁ ≤ ε₂ I x σ₁ T := by simp</code_line>
<message>error: `simp` made no progress</message>
</error>

[2026-01-13 01:29:41] [INFO] Attempt 1 failed verification, continuing...
[2026-01-13 01:29:41] [INFO] ========================================
[2026-01-13 01:29:41] [INFO] Trying strategy: simp_all (up to 1 attempts)
[2026-01-13 01:29:41] [INFO] --------------------
[2026-01-13 01:29:41] [INFO] Strategy simp_all, attempt 1/1
[2026-01-13 01:29:41] [INFO] Starting proof generation...
[2026-01-13 01:29:41] [INFO] Repository path: /root/repo
[2026-01-13 01:29:41] [INFO] Proof generation completed
[2026-01-13 01:29:41] [INFO] Generated proof:
[2026-01-13 01:29:41] [INFO] simp_all
[2026-01-13 01:29:41] [INFO] Proof length: 8 chars
[2026-01-13 01:29:41] [INFO] Starting proof verification...
[2026-01-13 01:29:41] [INFO] Verifying at: PrimeNumberTheoremAnd/FioriKadiriSwidinsky.lean:276
[2026-01-13 01:29:41] [INFO] Using LEAN INTERACT verify
[2026-01-13 01:29:41] [INFO] Checking file
[2026-01-13 01:29:47] [INFO] Cannot build modified file <error line="276" column="148">
<code_line>theorem proposition_3_6 (I : Inputs) {σ₁ T x : ℝ} (hσ_1 : σ₁ ∈ Set.Icc 0.5 1) (hT : T > I.T₀) (x : ℝ) : riemannZeta.Sigma T x 0 σ₁ ≤ ε₂ I x σ₁ T := by simp_all</code_line>
<message>error: unsolved goals</message>
</error>
I : Inputs
σ₁ T x✝ x : ℝ
hσ_1 : 0.5 ≤ σ₁ ∧ σ₁ ≤ 1
hT : I.T₀ < T
⊢ riemannZeta.Sigma T x 0 σ₁ ≤ ε₂ I x σ₁ T
[2026-01-13 01:29:47] [INFO] Proof verification completed
[2026-01-13 01:29:47] [INFO] Strategy simp_all attempt 1: verified=False
[2026-01-13 01:29:47] [INFO] Verification message: Cannot build modified file: <error line="276" column="148">
<code_line>theorem proposition_3_6 (I : Inputs) {σ₁ T x : ℝ} (hσ_1 : σ₁ ∈ Set.Icc 0.5 1) (hT : T > I.T₀) (x : ℝ) : riemannZeta.Sigma T x 0 σ₁ ≤ ε₂ I x σ₁ T := by simp_all</code_line>
<message>error: unsolved goals</message>
</error>
I : Inputs
σ₁ T x✝ x : ℝ
hσ_1 : 0.5 ≤ σ₁ ∧ σ₁ ≤ 1
hT : I.T₀ < T
⊢ riemannZeta.Sigma T x 0 σ₁ ≤ ε₂ I x σ₁ T

[2026-01-13 01:29:47] [INFO] Attempt 1 failed verification, continuing...
[2026-01-13 01:29:47] [INFO] ========================================
[2026-01-13 01:29:47] [INFO] Trying strategy: exact? (up to 1 attempts)
[2026-01-13 01:29:47] [INFO] --------------------
[2026-01-13 01:29:47] [INFO] Strategy exact?, attempt 1/1
[2026-01-13 01:29:47] [INFO] Starting proof generation...
[2026-01-13 01:29:47] [INFO] Repository path: /root/repo
[2026-01-13 01:29:47] [INFO] Proof generation completed
[2026-01-13 01:29:47] [INFO] Generated proof:
[2026-01-13 01:29:47] [INFO] exact?
[2026-01-13 01:29:47] [INFO] Proof length: 6 chars
[2026-01-13 01:29:47] [INFO] Starting proof verification...
[2026-01-13 01:29:47] [INFO] Verifying at: PrimeNumberTheoremAnd/FioriKadiriSwidinsky.lean:276
[2026-01-13 01:29:47] [INFO] Using LEAN INTERACT verify
[2026-01-13 01:29:47] [INFO] Checking file
[2026-01-13 01:30:27] [INFO] Cannot build modified file <error line="276" column="151">
<code_line>theorem proposition_3_6 (I : Inputs) {σ₁ T x : ℝ} (hσ_1 : σ₁ ∈ Set.Icc 0.5 1) (hT : T > I.T₀) (x : ℝ) : riemannZeta.Sigma T x 0 σ₁ ≤ ε₂ I x σ₁ T := by exact?</code_line>
<message>error: `exact?` could not close the goal. Try `apply?` to see partial suggestions.</message>
</error>
[2026-01-13 01:30:27] [INFO] Proof verification completed
[2026-01-13 01:30:27] [INFO] Strategy exact? attempt 1: verified=False
[2026-01-13 01:30:27] [INFO] Verification message: Cannot build modified file: <error line="276" column="151">
<code_line>theorem proposition_3_6 (I : Inputs) {σ₁ T x : ℝ} (hσ_1 : σ₁ ∈ Set.Icc 0.5 1) (hT : T > I.T₀) (x : ℝ) : riemannZeta.Sigma T x 0 σ₁ ≤ ε₂ I x σ₁ T := by exact?</code_line>
<message>error: `exact?` could not close the goal. Try `apply?` to see partial suggestions.</message>
</error>

[2026-01-13 01:30:27] [INFO] Attempt 1 failed verification, continuing...
[2026-01-13 01:30:27] [INFO] ========================================
[2026-01-13 01:30:27] [INFO] Trying strategy: grind (up to 1 attempts)
[2026-01-13 01:30:27] [INFO] --------------------
[2026-01-13 01:30:27] [INFO] Strategy grind, attempt 1/1
[2026-01-13 01:30:27] [INFO] Starting proof generation...
[2026-01-13 01:30:27] [INFO] Repository path: /root/repo
[2026-01-13 01:30:27] [INFO] Proof generation completed
[2026-01-13 01:30:27] [INFO] Generated proof:
[2026-01-13 01:30:27] [INFO] grind
[2026-01-13 01:30:27] [INFO] Proof length: 5 chars
[2026-01-13 01:30:27] [INFO] Starting proof verification...
[2026-01-13 01:30:27] [INFO] Verifying at: PrimeNumberTheoremAnd/FioriKadiriSwidinsky.lean:276
[2026-01-13 01:30:27] [INFO] Using LEAN INTERACT verify
[2026-01-13 01:30:27] [INFO] Checking file
[2026-01-13 01:30:33] [INFO] Cannot build modified file <error line="276" column="151">
<code_line>theorem proposition_3_6 (I : Inputs) {σ₁ T x : ℝ} (hσ_1 : σ₁ ∈ Set.Icc 0.5 1) (hT : T > I.T₀) (x : ℝ) : riemannZeta.Sigma T x 0 σ₁ ≤ ε₂ I x σ₁ T := by grind</code_line>
<message>error: `grind` failed</message>
</error>
case grind
I : Inputs
σ₁ T x : ℝ
hσ_1 : σ₁ ∈ Set.Icc 0.5 1
hT : I.T₀ < T
x_1 : ℝ
h : ¬riemannZeta.Sigma T x_1 0 σ₁ ≤ ε₂ I x_1 σ₁ T
⊢ False
[grind] Goal diagnostics
  [facts] Asserted facts
    [prop] σ₁ ∈ Set.Icc 0.5 1
    [prop] I.T₀ < T
    [prop] ¬riemannZeta.Sigma T x_1 0 σ₁ ≤ ε₂ I x_1 σ₁ T
    [prop] (σ₁ ∈ Set.Icc 0.5 1) = (0.5 ≤ σ₁ ∧ σ₁ ≤ 1)
  [eqc] True propositions
    [prop] I.T₀ < T
    [prop] σ₁ ∈ Set.Icc 0.5 1
    [prop] 0.5 ≤ σ₁ ∧ σ₁ ≤ 1
    [prop] (σ₁ ∈ Set.Icc 0.5 1) = (0.5 ≤ σ₁ ∧ σ₁ ≤ 1)
    [prop] σ₁ ≤ 1
    [prop] 0.5 ≤ σ₁
  [eqc] False propositions
    [prop] riemannZeta.Sigma T x_1 0 σ₁ ≤ ε₂ I x_1 σ₁ T
  [ematch] E-matching patterns
    [thm] Set.mem_Icc: [@Membership.mem #4 _ _ (@Set.Icc _ #3 #2 #1) #0]
    [thm] Multiset.notMem_zero: [@Membership.mem #1 _ _ (@OfNat.ofNat _ `[0] _) #0]
    [thm] Multiset.mem_add: [@Membership.mem #3 _ _ (@HAdd.hAdd _ _ _ _ #1 #0) #2]
    [thm] Angle.coe_pi_add_coe_pi: [@HAdd.hAdd `[Angle] `[Angle] `[Angle] `[instHAdd] `[↑π] `[↑π]]
  [linarith] Linarith assignment for `ℝ`
    [assign] σ₁ := 0
    [assign] T := 1
    [assign] x_1 := 9
    [assign] π := 4
    [assign] I.T₀ := 0
    [assign] riemannZeta.Sigma T x_1 0 σ₁ := 0
    [assign] ε₂ I x_1 σ₁ T := -1
    [assign] 0.5 := -1
[grind] Diagnostics
  [thm] E-Matching instances
    [thm] Set.mem_Icc ↦ 1
[2026-01-13 01:30:33] [INFO] Proof verification completed
[2026-01-13 01:30:33] [INFO] Strategy grind attempt 1: verified=False
[2026-01-13 01:30:33] [INFO] Verification message: Cannot build modified file: <error line="276" column="151">
<code_line>theorem proposition_3_6 (I : Inputs) {σ₁ T x : ℝ} (hσ_1 : σ₁ ∈ Set.Icc 0.5 1) (hT : T > I.T₀) (x : ℝ) : riemannZeta.Sigma T x 0 σ₁ ≤ ε₂ I x σ₁ T := by grind</code_line>
<message>error: `grind` failed</message>
</error>
case grind
I : Inputs
σ₁ T x : ℝ
hσ_1 : σ₁ ∈ Set.Icc 0.5 1
hT : I.T₀ < T
x_1 : ℝ
h : ¬riemannZeta.Sigma T x_1 0 σ₁ ≤ ε₂ I x_1 σ₁ T
⊢ False
[grind] Goal diagnostics
  [facts] Asserted facts
    [prop] σ₁ ∈ Set.Icc 0.5 1
    [prop] I.T₀ < T
    [prop] ¬riemannZeta.Sigma T x_1 0 σ₁ ≤ ε₂ I x_1 σ₁ T
    [prop] (σ₁ ∈ Set.Icc 0.5 1) = (0.5 ≤ σ₁ ∧ σ₁ ≤ 1)
  [eqc] True propositions
    [prop] I.T₀ < T
    [prop] σ₁ ∈ Set.Icc 0.5 1
    [prop] 0.5 ≤ σ₁ ∧ σ₁ ≤ 1
    [prop] (σ₁ ∈ Set.Icc 0.5 1) = (0.5 ≤ σ₁ ∧ σ₁ ≤ 1)
    [prop] σ₁ ≤ 1
    [prop] 0.5 ≤ σ₁
  [eqc] False propositions
    [prop] riemannZeta.Sigma T x_1 0 σ₁ ≤ ε₂ I x_1 σ₁ T
  [ematch] E-matching patterns
    [thm] Set.mem_Icc: [@Membership.mem #4 _ _ (@Set.Icc _ #3 #2 #1) #0]
    [thm] Multiset.notMem_zero: [@Membership.mem #1 _ _ (@OfNat.ofNat _ `[0] _) #0]
    [thm] Multiset.mem_add: [@Membership.mem #3 _ _ (@HAdd.hAdd _ _ _ _ #1 #0) #2]
    [thm] Angle.coe_pi_add_coe_pi: [@HAdd.hAdd `[Angle] `[Angle] `[Angle] `[instHAdd] `[↑π] `[↑π]]
  [linarith] Linarith assignment for `ℝ`
    [assign] σ₁ := 0
    [assign] T := 1
    [assign] x_1 := 9
    [assign] π := 4
    [assign] I.T₀ := 0
    [assign] riemannZeta.Sigma T x_1 0 σ₁ := 0
    [assign] ε₂ I x_1 σ₁ T := -1
    [assign] 0.5 := -1
[grind] Diagnostics
  [thm] E-Matching instances
    [thm] Set.mem_Icc ↦ 1

[2026-01-13 01:30:33] [INFO] Attempt 1 failed verification, continuing...
[2026-01-13 01:30:33] [INFO] ========================================
[2026-01-13 01:30:33] [INFO] Trying strategy: ring (up to 1 attempts)
[2026-01-13 01:30:33] [INFO] --------------------
[2026-01-13 01:30:33] [INFO] Strategy ring, attempt 1/1
[2026-01-13 01:30:33] [INFO] Starting proof generation...
[2026-01-13 01:30:33] [INFO] Repository path: /root/repo
[2026-01-13 01:30:33] [INFO] Proof generation completed
[2026-01-13 01:30:33] [INFO] Generated proof:
[2026-01-13 01:30:33] [INFO] ring
[2026-01-13 01:30:33] [INFO] Proof length: 4 chars
[2026-01-13 01:30:33] [INFO] Starting proof verification...
[2026-01-13 01:30:33] [INFO] Verifying at: PrimeNumberTheoremAnd/FioriKadiriSwidinsky.lean:276
[2026-01-13 01:30:33] [INFO] Using LEAN INTERACT verify
[2026-01-13 01:30:33] [INFO] Checking file
[2026-01-13 01:30:39] [INFO] Cannot build modified file Try this:
  [apply] ring_nf
  
  The `ring` tactic failed to close the goal. Use `ring_nf` to obtain a normal form.
    
  Note that `ring` works primarily in *commutative* rings. If you have a noncommutative ring, abelian group or module, consider using `noncomm_ring`, `abel` or `module` instead.
<error line="276" column="148">
<code_line>theorem proposition_3_6 (I : Inputs) {σ₁ T x : ℝ} (hσ_1 : σ₁ ∈ Set.Icc 0.5 1) (hT : T > I.T₀) (x : ℝ) : riemannZeta.Sigma T x 0 σ₁ ≤ ε₂ I x σ₁ T := by ring</code_line>
<message>error: unsolved goals</message>
</error>
I : Inputs
σ₁ T x✝ : ℝ
hσ_1 : σ₁ ∈ Set.Icc 0.5 1
hT : T > I.T₀
x : ℝ
⊢ riemannZeta.Sigma T x 0 σ₁ ≤ ε₂ I x σ₁ T
[2026-01-13 01:30:39] [INFO] Proof verification completed
[2026-01-13 01:30:39] [INFO] Strategy ring attempt 1: verified=False
[2026-01-13 01:30:39] [INFO] Verification message: Cannot build modified file: Try this:
  [apply] ring_nf
  
  The `ring` tactic failed to close the goal. Use `ring_nf` to obtain a normal form.
    
  Note that `ring` works primarily in *commutative* rings. If you have a noncommutative ring, abelian group or module, consider using `noncomm_ring`, `abel` or `module` instead.
<error line="276" column="148">
<code_line>theorem proposition_3_6 (I : Inputs) {σ₁ T x : ℝ} (hσ_1 : σ₁ ∈ Set.Icc 0.5 1) (hT : T > I.T₀) (x : ℝ) : riemannZeta.Sigma T x 0 σ₁ ≤ ε₂ I x σ₁ T := by ring</code_line>
<message>error: unsolved goals</message>
</error>
I : Inputs
σ₁ T x✝ : ℝ
hσ_1 : σ₁ ∈ Set.Icc 0.5 1
hT : T > I.T₀
x : ℝ
⊢ riemannZeta.Sigma T x 0 σ₁ ≤ ε₂ I x σ₁ T

[2026-01-13 01:30:39] [INFO] Attempt 1 failed verification, continuing...
[2026-01-13 01:30:39] [INFO] ========================================
[2026-01-13 01:30:39] [INFO] Trying strategy: norm_num (up to 1 attempts)
[2026-01-13 01:30:39] [INFO] --------------------
[2026-01-13 01:30:39] [INFO] Strategy norm_num, attempt 1/1
[2026-01-13 01:30:39] [INFO] Starting proof generation...
[2026-01-13 01:30:39] [INFO] Repository path: /root/repo
[2026-01-13 01:30:39] [INFO] Proof generation completed
[2026-01-13 01:30:39] [INFO] Generated proof:
[2026-01-13 01:30:39] [INFO] norm_num
[2026-01-13 01:30:39] [INFO] Proof length: 8 chars
[2026-01-13 01:30:39] [INFO] Starting proof verification...
[2026-01-13 01:30:39] [INFO] Verifying at: PrimeNumberTheoremAnd/FioriKadiriSwidinsky.lean:276
[2026-01-13 01:30:39] [INFO] Using LEAN INTERACT verify
[2026-01-13 01:30:39] [INFO] Checking file
[2026-01-13 01:30:45] [INFO] Cannot build modified file <error line="276" column="148">
<code_line>theorem proposition_3_6 (I : Inputs) {σ₁ T x : ℝ} (hσ_1 : σ₁ ∈ Set.Icc 0.5 1) (hT : T > I.T₀) (x : ℝ) : riemannZeta.Sigma T x 0 σ₁ ≤ ε₂ I x σ₁ T := by norm_num</code_line>
<message>error: unsolved goals</message>
</error>
I : Inputs
σ₁ T x✝ : ℝ
hσ_1 : σ₁ ∈ Set.Icc 0.5 1
hT : T > I.T₀
x : ℝ
⊢ riemannZeta.Sigma T x 0 σ₁ ≤ ε₂ I x σ₁ T
[2026-01-13 01:30:45] [INFO] Proof verification completed
[2026-01-13 01:30:45] [INFO] Strategy norm_num attempt 1: verified=False
[2026-01-13 01:30:45] [INFO] Verification message: Cannot build modified file: <error line="276" column="148">
<code_line>theorem proposition_3_6 (I : Inputs) {σ₁ T x : ℝ} (hσ_1 : σ₁ ∈ Set.Icc 0.5 1) (hT : T > I.T₀) (x : ℝ) : riemannZeta.Sigma T x 0 σ₁ ≤ ε₂ I x σ₁ T := by norm_num</code_line>
<message>error: unsolved goals</message>
</error>
I : Inputs
σ₁ T x✝ : ℝ
hσ_1 : σ₁ ∈ Set.Icc 0.5 1
hT : T > I.T₀
x : ℝ
⊢ riemannZeta.Sigma T x 0 σ₁ ≤ ε₂ I x σ₁ T

[2026-01-13 01:30:45] [INFO] Attempt 1 failed verification, continuing...
[2026-01-13 01:30:45] [INFO] ========================================
[2026-01-13 01:30:45] [INFO] Trying strategy: omega (up to 1 attempts)
[2026-01-13 01:30:45] [INFO] --------------------
[2026-01-13 01:30:45] [INFO] Strategy omega, attempt 1/1
[2026-01-13 01:30:45] [INFO] Starting proof generation...
[2026-01-13 01:30:45] [INFO] Repository path: /root/repo
[2026-01-13 01:30:45] [INFO] Proof generation completed
[2026-01-13 01:30:45] [INFO] Generated proof:
[2026-01-13 01:30:45] [INFO] omega
[2026-01-13 01:30:45] [INFO] Proof length: 5 chars
[2026-01-13 01:30:45] [INFO] Starting proof verification...
[2026-01-13 01:30:45] [INFO] Verifying at: PrimeNumberTheoremAnd/FioriKadiriSwidinsky.lean:276
[2026-01-13 01:30:45] [INFO] Using LEAN INTERACT verify
[2026-01-13 01:30:45] [INFO] Checking file
[2026-01-13 01:30:52] [INFO] Cannot build modified file <error line="276" column="151">
<code_line>theorem proposition_3_6 (I : Inputs) {σ₁ T x : ℝ} (hσ_1 : σ₁ ∈ Set.Icc 0.5 1) (hT : T > I.T₀) (x : ℝ) : riemannZeta.Sigma T x 0 σ₁ ≤ ε₂ I x σ₁ T := by omega</code_line>
<message>error: omega could not prove the goal:</message>
</error>
No usable constraints found. You may need to unfold definitions so `omega` can see linear arithmetic facts about `Nat` and `Int`, which may also involve multiplication, division, and modular remainder by constants.
[2026-01-13 01:30:52] [INFO] Proof verification completed
[2026-01-13 01:30:52] [INFO] Strategy omega attempt 1: verified=False
[2026-01-13 01:30:52] [INFO] Verification message: Cannot build modified file: <error line="276" column="151">
<code_line>theorem proposition_3_6 (I : Inputs) {σ₁ T x : ℝ} (hσ_1 : σ₁ ∈ Set.Icc 0.5 1) (hT : T > I.T₀) (x : ℝ) : riemannZeta.Sigma T x 0 σ₁ ≤ ε₂ I x σ₁ T := by omega</code_line>
<message>error: omega could not prove the goal:</message>
</error>
No usable constraints found. You may need to unfold definitions so `omega` can see linear arithmetic facts about `Nat` and `Int`, which may also involve multiplication, division, and modular remainder by constants.

[2026-01-13 01:30:52] [INFO] Attempt 1 failed verification, continuing...
[2026-01-13 01:30:52] [INFO] ========================================
[2026-01-13 01:30:52] [INFO] Trying strategy: linarith (up to 1 attempts)
[2026-01-13 01:30:52] [INFO] --------------------
[2026-01-13 01:30:52] [INFO] Strategy linarith, attempt 1/1
[2026-01-13 01:30:52] [INFO] Starting proof generation...
[2026-01-13 01:30:52] [INFO] Repository path: /root/repo
[2026-01-13 01:30:52] [INFO] Proof generation completed
[2026-01-13 01:30:52] [INFO] Generated proof:
[2026-01-13 01:30:52] [INFO] linarith
[2026-01-13 01:30:52] [INFO] Proof length: 8 chars
[2026-01-13 01:30:52] [INFO] Starting proof verification...
[2026-01-13 01:30:52] [INFO] Verifying at: PrimeNumberTheoremAnd/FioriKadiriSwidinsky.lean:276
[2026-01-13 01:30:52] [INFO] Using LEAN INTERACT verify
[2026-01-13 01:30:52] [INFO] Checking file
[2026-01-13 01:31:02] [INFO] Cannot build modified file <error line="276" column="151">
<code_line>theorem proposition_3_6 (I : Inputs) {σ₁ T x : ℝ} (hσ_1 : σ₁ ∈ Set.Icc 0.5 1) (hT : T > I.T₀) (x : ℝ) : riemannZeta.Sigma T x 0 σ₁ ≤ ε₂ I x σ₁ T := by linarith</code_line>
<message>error: linarith failed to find a contradiction</message>
</error>
case h
I : Inputs
σ₁ T x✝ : ℝ
hσ_1 : σ₁ ∈ Set.Icc 0.5 1
hT : T > I.T₀
x : ℝ
a✝ : ε₂ I x σ₁ T < riemannZeta.Sigma T x 0 σ₁
⊢ False
failed
[2026-01-13 01:31:02] [INFO] Proof verification completed
[2026-01-13 01:31:02] [INFO] Strategy linarith attempt 1: verified=False
[2026-01-13 01:31:02] [INFO] Verification message: Cannot build modified file: <error line="276" column="151">
<code_line>theorem proposition_3_6 (I : Inputs) {σ₁ T x : ℝ} (hσ_1 : σ₁ ∈ Set.Icc 0.5 1) (hT : T > I.T₀) (x : ℝ) : riemannZeta.Sigma T x 0 σ₁ ≤ ε₂ I x σ₁ T := by linarith</code_line>
<message>error: linarith failed to find a contradiction</message>
</error>
case h
I : Inputs
σ₁ T x✝ : ℝ
hσ_1 : σ₁ ∈ Set.Icc 0.5 1
hT : T > I.T₀
x : ℝ
a✝ : ε₂ I x σ₁ T < riemannZeta.Sigma T x 0 σ₁
⊢ False
failed

[2026-01-13 01:31:02] [INFO] Attempt 1 failed verification, continuing...
[2026-01-13 01:31:02] [INFO] ========================================
[2026-01-13 01:31:02] [INFO] Trying strategy: nlinarith (up to 1 attempts)
[2026-01-13 01:31:02] [INFO] --------------------
[2026-01-13 01:31:02] [INFO] Strategy nlinarith, attempt 1/1
[2026-01-13 01:31:02] [INFO] Starting proof generation...
[2026-01-13 01:31:02] [INFO] Repository path: /root/repo
[2026-01-13 01:31:02] [INFO] Proof generation completed
[2026-01-13 01:31:02] [INFO] Generated proof:
[2026-01-13 01:31:02] [INFO] nlinarith
[2026-01-13 01:31:02] [INFO] Proof length: 9 chars
[2026-01-13 01:31:02] [INFO] Starting proof verification...
[2026-01-13 01:31:02] [INFO] Verifying at: PrimeNumberTheoremAnd/FioriKadiriSwidinsky.lean:276
[2026-01-13 01:31:02] [INFO] Using LEAN INTERACT verify
[2026-01-13 01:31:02] [INFO] Checking file
[2026-01-13 01:31:11] [INFO] Cannot build modified file <error line="276" column="151">
<code_line>theorem proposition_3_6 (I : Inputs) {σ₁ T x : ℝ} (hσ_1 : σ₁ ∈ Set.Icc 0.5 1) (hT : T > I.T₀) (x : ℝ) : riemannZeta.Sigma T x 0 σ₁ ≤ ε₂ I x σ₁ T := by nlinarith</code_line>
<message>error: linarith failed to find a contradiction</message>
</error>
case h
I : Inputs
σ₁ T x✝ : ℝ
hσ_1 : σ₁ ∈ Set.Icc 0.5 1
hT : T > I.T₀
x : ℝ
a✝ : ε₂ I x σ₁ T < riemannZeta.Sigma T x 0 σ₁
⊢ False
failed
[2026-01-13 01:31:11] [INFO] Proof verification completed
[2026-01-13 01:31:11] [INFO] Strategy nlinarith attempt 1: verified=False
[2026-01-13 01:31:11] [INFO] Verification message: Cannot build modified file: <error line="276" column="151">
<code_line>theorem proposition_3_6 (I : Inputs) {σ₁ T x : ℝ} (hσ_1 : σ₁ ∈ Set.Icc 0.5 1) (hT : T > I.T₀) (x : ℝ) : riemannZeta.Sigma T x 0 σ₁ ≤ ε₂ I x σ₁ T := by nlinarith</code_line>
<message>error: linarith failed to find a contradiction</message>
</error>
case h
I : Inputs
σ₁ T x✝ : ℝ
hσ_1 : σ₁ ∈ Set.Icc 0.5 1
hT : T > I.T₀
x : ℝ
a✝ : ε₂ I x σ₁ T < riemannZeta.Sigma T x 0 σ₁
⊢ False
failed

[2026-01-13 01:31:11] [INFO] Attempt 1 failed verification, continuing...
[2026-01-13 01:31:11] [INFO] ========================================
[2026-01-13 01:31:11] [INFO] Trying strategy: aesop (up to 1 attempts)
[2026-01-13 01:31:11] [INFO] --------------------
[2026-01-13 01:31:11] [INFO] Strategy aesop, attempt 1/1
[2026-01-13 01:31:11] [INFO] Starting proof generation...
[2026-01-13 01:31:11] [INFO] Repository path: /root/repo
[2026-01-13 01:31:11] [INFO] Proof generation completed
[2026-01-13 01:31:11] [INFO] Generated proof:
[2026-01-13 01:31:11] [INFO] aesop
[2026-01-13 01:31:11] [INFO] Proof length: 5 chars
[2026-01-13 01:31:11] [INFO] Starting proof verification...
[2026-01-13 01:31:11] [INFO] Verifying at: PrimeNumberTheoremAnd/FioriKadiriSwidinsky.lean:276
[2026-01-13 01:31:11] [INFO] Using LEAN INTERACT verify
[2026-01-13 01:31:11] [INFO] Checking file
[2026-01-13 01:31:18] [INFO] Cannot build modified file <error line="276" column="148">
<code_line>theorem proposition_3_6 (I : Inputs) {σ₁ T x : ℝ} (hσ_1 : σ₁ ∈ Set.Icc 0.5 1) (hT : T > I.T₀) (x : ℝ) : riemannZeta.Sigma T x 0 σ₁ ≤ ε₂ I x σ₁ T := by aesop</code_line>
<message>error: unsolved goals</message>
</error>
I : Inputs
σ₁ T x_1 x : ℝ
hT : I.T₀ < T
left : 0.5 ≤ σ₁
right : σ₁ ≤ 1
⊢ riemannZeta.Sigma T x 0 σ₁ ≤ ε₂ I x σ₁ T
[2026-01-13 01:31:18] [INFO] Proof verification completed
[2026-01-13 01:31:18] [INFO] Strategy aesop attempt 1: verified=False
[2026-01-13 01:31:18] [INFO] Verification message: Cannot build modified file: <error line="276" column="148">
<code_line>theorem proposition_3_6 (I : Inputs) {σ₁ T x : ℝ} (hσ_1 : σ₁ ∈ Set.Icc 0.5 1) (hT : T > I.T₀) (x : ℝ) : riemannZeta.Sigma T x 0 σ₁ ≤ ε₂ I x σ₁ T := by aesop</code_line>
<message>error: unsolved goals</message>
</error>
I : Inputs
σ₁ T x_1 x : ℝ
hT : I.T₀ < T
left : 0.5 ≤ σ₁
right : σ₁ ≤ 1
⊢ riemannZeta.Sigma T x 0 σ₁ ≤ ε₂ I x σ₁ T

[2026-01-13 01:31:18] [INFO] Attempt 1 failed verification, continuing...
[2026-01-13 01:31:18] [INFO] ========================================
[2026-01-13 01:31:18] [INFO] Pass@k completed. Total results: 1
[2026-01-13 01:31:18] [INFO] FAILED: All 11 strategies x 1 attempts
[2026-01-13 01:31:18] [INFO] Writing results to file: /root/repo/result.json
[2026-01-13 01:31:18] [INFO] Result file written successfully
[2026-01-13 01:31:18] [INFO] Results exported to: /root/repo/result.json
[2026-01-13 01:31:18] [INFO] run_morphcloud_local.py completed successfully

[2026-01-13 01:31:20] [process_single_sorry] Downloading result file...
[2026-01-13 01:31:21] [process_single_sorry] Downloaded result to intermediate_experiment_outputs_full_reservoir_3_months/multi_tactic/2026-01-13_01-27-45_multi_tactic/individual/cc6e9edc63dcf9ef93d30c0ac484d21b98855cdf9cc52fbc5668e6e49904d45d.json
[2026-01-13 01:31:23] [process_single_sorry] Instance context closed successfully
[2026-01-13 01:31:23] [process_single_sorry] Parsing result file...
[2026-01-13 01:31:23] [process_single_sorry] Successfully parsed result (list format, 1 results)
