[2026-01-06 17:10:08] [process_single_sorry] Starting for sorry 234627fb7d06392d945c93892a9e2664af998814c775dd54dece00bbf37ee44f
[2026-01-06 17:10:08] [process_single_sorry] Using snapshot: snapshot_0wzw8t2w
[2026-01-06 17:10:08] [process_single_sorry] Repository: https://github.com/jsm28/IMOLean@a63bb319da8d9a74c8eba2e0c2637f8a5683cb0c
[2026-01-06 17:10:08] [process_single_sorry] Instance name: IMOLean_a63bb319da8d_rfl_234627fb7d06392d945c93892a9e2664af998814c775dd54dece00bbf37ee44f
[2026-01-06 17:10:08] [process_single_sorry] Starting attempt 1/3
[2026-01-06 17:10:08] [process_single_sorry] Starting instance from snapshot...
[2026-01-06 17:10:42] [process_single_sorry] Instance started successfully: morphvm_kllns9rc
[2026-01-06 17:10:42] [process_single_sorry] Creating .env file...
[2026-01-06 17:12:51] [process_single_sorry] Retryable error on attempt 1/3: TimeoutError: 
[2026-01-06 17:12:51] [process_single_sorry] Waiting 2 seconds before retry...
[2026-01-06 17:12:58] [process_single_sorry] Starting attempt 2/3
[2026-01-06 17:12:58] [process_single_sorry] Starting instance from snapshot...
[2026-01-06 17:13:22] [process_single_sorry] Retryable error on attempt 2/3: ReadError: 
[2026-01-06 17:13:22] [process_single_sorry] Waiting 2 seconds before retry...
[2026-01-06 17:13:28] [process_single_sorry] Starting attempt 3/3
[2026-01-06 17:13:28] [process_single_sorry] Starting instance from snapshot...
[2026-01-06 17:13:43] [process_single_sorry] Instance started successfully: morphvm_1tvn24uo
[2026-01-06 17:13:43] [process_single_sorry] Creating .env file...
[2026-01-06 17:15:48] [process_single_sorry] Retryable error on attempt 3/3: TimeoutError: 
[2026-01-06 17:15:48] [process_single_sorry] All 3 attempts exhausted
