[2025-12-17 12:54:55] [process_single_sorry] Starting for sorry ce9c0b75971bf702ef500035dbea9e86a1932b2171ac389d7b7982e6a5a8b5e3
[2025-12-17 12:54:55] [process_single_sorry] Using snapshot: snapshot_91mq4ops
[2025-12-17 12:54:55] [process_single_sorry] Repository: https://github.com/ImperialCollegeLondon/FLT@03ad046f3be75e71332fcfae02c06ec717e054b1
[2025-12-17 12:54:55] [process_single_sorry] Instance name: FLT_03ad046f3be7_rfl_ce9c0b75971bf702ef500035dbea9e86a1932b2171ac389d7b7982e6a5a8b5e3
[2025-12-17 12:54:55] [process_single_sorry] Starting attempt 1/3
[2025-12-17 12:54:55] [process_single_sorry] Starting instance from snapshot...
[2025-12-17 12:55:02] [process_single_sorry] Instance started successfully: morphvm_4f6ditpv
[2025-12-17 12:55:02] [process_single_sorry] Creating .env file...
[2025-12-17 12:56:36] [process_single_sorry] .env file created (exit_code: 0)
[2025-12-17 12:56:36] [process_single_sorry] Executing agent command...
[2025-12-17 12:59:25] [process_single_sorry] Agent command completed (exit_code: 0)
[2025-12-17 12:59:25] [process_single_sorry] STDOUT:
rfl

Result JSON:
{
  "sorry": {
    "repo": {
      "remote": "https://github.com/ImperialCollegeLondon/FLT",
      "branch": "auto-update-lean/patch-master",
      "commit": "03ad046f3be75e71332fcfae02c06ec717e054b1",
      "lean_version": "v4.27.0-rc1"
    },
    "location": {
      "path": "FLT/GaloisRepresentation/Automorphic.lean",
      "start_line": 95,
      "start_column": 40,
      "end_line": 95,
      "end_column": 45
    },
    "debug_info": {
      "goal": "F : Type u_1\nE : Type u_2\nD : Type u_3\ninst\u271d\u2075 : Field F\ninst\u271d\u2074 : Field E\ninst\u271d\u00b3 : Algebra F E\ninst\u271d\u00b2 : Ring D\ninst\u271d\u00b9 : Algebra F D\ninst\u271d : IsQuaternionAlgebra F D\n\u22a2 IsQuaternionAlgebra E (TensorProduct F E D)",
      "url": "https://github.com/ImperialCollegeLondon/FLT/blob/03ad046f3be75e71332fcfae02c06ec717e054b1/FLT/GaloisRepresentation/Automorphic.lean#L95"
    },
    "metadata": {
      "blame_email_hash": "c7989443bd81",
      "blame_date": "2025-10-28T15:07:57+00:00",
      "inclusion_date": "2025-12-16T00:01:16.484515+00:00"
    },
    "id": "ce9c0b75971bf702ef500035dbea9e86a1932b2171ac389d7b7982e6a5a8b5e3"
  },
  "proof": "rfl",
  "proof_verified": false,
  "feedback": null,
  "verification_message": "Cannot build modified file: Build timeout (exceeded 120 seconds)\n",
  "success": true,
  "error_type": null,
  "error_message": null
}

[2025-12-17 12:59:25] [process_single_sorry] STDERR:
None of PyTorch, TensorFlow >= 2.0, or Flax have been found. Models won't be available and only tokenizers, configuration and file/data utilities can be used.
[2025-12-17 12:57:15] [INFO] ================================================================================
[2025-12-17 12:57:15] [INFO] Starting run_morphcloud_local.py
[2025-12-17 12:57:15] [INFO] ================================================================================
[2025-12-17 12:57:15] [WARNING] python-dotenv could not parse statement starting at line 14
[2025-12-17 12:57:15] [WARNING] python-dotenv could not parse statement starting at line 17
[2025-12-17 12:57:15] [WARNING] python-dotenv could not parse statement starting at line 18
[2025-12-17 12:57:15] [INFO] Environment loaded
[2025-12-17 12:57:15] [INFO] Arguments parsed: repo_path=/root/repo, output_path=/root/repo/result.json
[2025-12-17 12:57:15] [INFO] Strategy spec: {"name": "rfl", "args": {}}...
[2025-12-17 12:57:15] [INFO] Loading sorry data...
[2025-12-17 12:57:15] [INFO] Parsing sorry from JSON string...
[2025-12-17 12:57:15] [INFO] Sorry data parsed from JSON string
[2025-12-17 12:57:15] [INFO] Creating strategy from spec...
[2025-12-17 12:57:15] [INFO] Parsing strategy spec (length: 27 chars)
[2025-12-17 12:57:15] [INFO] Strategy name: rfl
[2025-12-17 12:57:15] [INFO] Strategy args: {}
[2025-12-17 12:57:15] [INFO] Creating strategy: rfl
[2025-12-17 12:57:15] [INFO] Strategy created: RflStrategy
[2025-12-17 12:57:15] [INFO] Creating Sorry object...
[2025-12-17 12:57:15] [INFO] Sorry object created: id=ce9c0b75971bf702ef500035dbea9e86a1932b2171ac389d7b7982e6a5a8b5e3
[2025-12-17 12:57:15] [INFO] Sorry location: FLT/GaloisRepresentation/Automorphic.lean:95
[2025-12-17 12:57:15] [INFO] Sorry goal: F : Type u_1
E : Type u_2
D : Type u_3
inst✝⁵ : Field F
inst✝⁴ : Field E
inst✝³ : Algebra F E
inst✝²...
[2025-12-17 12:57:15] [INFO] Starting agent proof generation...
[2025-12-17 12:57:15] [INFO] Repository path: /root/repo
[2025-12-17 12:57:15] [INFO] Agent proof generation completed
[2025-12-17 12:57:15] [INFO] Generated proof:
[2025-12-17 12:57:15] [INFO] Proof length: 3 chars
[2025-12-17 12:57:15] [INFO] Starting proof verification...
[2025-12-17 12:57:15] [INFO] Verifying at: FLT/GaloisRepresentation/Automorphic.lean:95
[2025-12-17 12:57:15] [INFO] Using LEAN INTERACT verify
[2025-12-17 12:57:15] [INFO] Checking file
[2025-12-17 12:59:16] [INFO] Cannot build modified file Build timeout (exceeded 120 seconds)
[2025-12-17 12:59:16] [INFO] Proof verification completed
[2025-12-17 12:59:16] [INFO] Proof verified: False
[2025-12-17 12:59:16] [INFO] Verification message: Cannot build modified file: Build timeout (exceeded 120 seconds)

[2025-12-17 12:59:16] [INFO] Creating result object...
[2025-12-17 12:59:16] [INFO] Result object created
[2025-12-17 12:59:16] [INFO] Serializing result to JSON...
[2025-12-17 12:59:16] [INFO] Result JSON size: 1382 chars
[2025-12-17 12:59:16] [INFO] Writing result to file: /root/repo/result.json
[2025-12-17 12:59:16] [INFO] Result file written successfully
[2025-12-17 12:59:16] [INFO] Result exported to: /root/repo/result.json
[2025-12-17 12:59:16] [INFO] run_morphcloud_local.py completed successfully

[2025-12-17 12:59:25] [process_single_sorry] Downloading result file...
[2025-12-17 12:59:39] [process_single_sorry] Downloaded result to outputs/simple/2025-12-17_12-30-58_rfl/individual/ce9c0b75971bf702ef500035dbea9e86a1932b2171ac389d7b7982e6a5a8b5e3.json
[2025-12-17 12:59:42] [process_single_sorry] Instance context closed successfully
[2025-12-17 12:59:42] [process_single_sorry] Parsing result file...
[2025-12-17 12:59:42] [process_single_sorry] Successfully parsed result (dict format)
