[2025-12-17 12:54:55] [process_single_sorry] Starting for sorry dcc5cc888afca7b770573ecbfc9d188b437648ae81972c2b7c434e320c373255
[2025-12-17 12:54:55] [process_single_sorry] Using snapshot: snapshot_fitbccno
[2025-12-17 12:54:55] [process_single_sorry] Repository: https://github.com/dwrensha/compfiles@84fdd60d2dc228fa6723931f05d022be3eff3751
[2025-12-17 12:54:55] [process_single_sorry] Instance name: compfiles_84fdd60d2dc2_rfl_dcc5cc888afca7b770573ecbfc9d188b437648ae81972c2b7c434e320c373255
[2025-12-17 12:54:55] [process_single_sorry] Starting attempt 1/3
[2025-12-17 12:54:55] [process_single_sorry] Starting instance from snapshot...
[2025-12-17 12:55:02] [process_single_sorry] Instance started successfully: morphvm_42aqqrmh
[2025-12-17 12:55:02] [process_single_sorry] Creating .env file...
[2025-12-17 12:55:18] [process_single_sorry] .env file created (exit_code: 0)
[2025-12-17 12:55:18] [process_single_sorry] Executing agent command...
[2025-12-17 12:55:56] [process_single_sorry] Agent command completed (exit_code: 0)
[2025-12-17 12:55:56] [process_single_sorry] STDOUT:
rfl

Result JSON:
{
  "sorry": {
    "repo": {
      "remote": "https://github.com/dwrensha/compfiles",
      "branch": "main",
      "commit": "84fdd60d2dc228fa6723931f05d022be3eff3751",
      "lean_version": "v4.24.0-rc1"
    },
    "location": {
      "path": "Compfiles/Imo1988P3.lean",
      "start_line": 38,
      "start_column": 2,
      "end_line": 38,
      "end_column": 7
    },
    "debug_info": {
      "goal": "f : \u2115+ \u2192 \u2115+\nh\u2080 : f 1 = 1\nh\u2081 : f 3 = 3\nh\u2082 : \u2200 (n : \u2115+), f (2 * n) = f n\nh\u2083 : \u2200 (n : \u2115+), f (4 * n + 1) + f n = 2 * f (2 * n + 1)\nh\u2084 : \u2200 (n : \u2115+), f (4 * n + 3) + 2 * f n = 3 * f (2 * n + 1)\nA : Finset \u2191{n | n \u2264 1988 \u2227 f n = n}\n\u22a2 A.card = Imo1988P3.solution",
      "url": "https://github.com/dwrensha/compfiles/blob/84fdd60d2dc228fa6723931f05d022be3eff3751/Compfiles/Imo1988P3.lean#L38"
    },
    "metadata": {
      "blame_email_hash": "acdd9d7e744e",
      "blame_date": "2025-09-17T12:37:38-04:00",
      "inclusion_date": "2025-10-06T10:31:08.559168+00:00"
    },
    "id": "dcc5cc888afca7b770573ecbfc9d188b437648ae81972c2b7c434e320c373255"
  },
  "proof": "rfl",
  "proof_verified": false,
  "feedback": null,
  "verification_message": "Cannot build modified file: \u256d\u2500 Error at line 38:2\n\u2502    rfl\n\u2502   ^^^\n\u2570\u2500 error: Tactic `rfl` failed: The left-hand side\n  A.card\nis not definitionally equal to the right-hand side\n  solution\n\nf : \u2115+ \u2192 \u2115+\nh\u2080 : f 1 = 1\nh\u2081 : f 3 = 3\nh\u2082 : \u2200 (n : \u2115+), f (2 * n) = f n\nh\u2083 : \u2200 (n : \u2115+), f (4 * n + 1) + f n = 2 * f (2 * n + 1)\nh\u2084 : \u2200 (n : \u2115+), f (4 * n + 3) + 2 * f n = 3 * f (2 * n + 1)\nA : Finset \u2191{n | n \u2264 1988 \u2227 f n = n}\n\u22a2 A.card = solution\n",
  "success": true,
  "error_type": null,
  "error_message": null
}

[2025-12-17 12:55:56] [process_single_sorry] STDERR:
None of PyTorch, TensorFlow >= 2.0, or Flax have been found. Models won't be available and only tokenizers, configuration and file/data utilities can be used.
[2025-12-17 12:55:35] [INFO] ================================================================================
[2025-12-17 12:55:35] [INFO] Starting run_morphcloud_local.py
[2025-12-17 12:55:35] [INFO] ================================================================================
[2025-12-17 12:55:35] [WARNING] python-dotenv could not parse statement starting at line 14
[2025-12-17 12:55:35] [WARNING] python-dotenv could not parse statement starting at line 17
[2025-12-17 12:55:35] [WARNING] python-dotenv could not parse statement starting at line 18
[2025-12-17 12:55:35] [INFO] Environment loaded
[2025-12-17 12:55:35] [INFO] Arguments parsed: repo_path=/root/repo, output_path=/root/repo/result.json
[2025-12-17 12:55:35] [INFO] Strategy spec: {"name": "rfl", "args": {}}...
[2025-12-17 12:55:35] [INFO] Loading sorry data...
[2025-12-17 12:55:35] [INFO] Parsing sorry from JSON string...
[2025-12-17 12:55:35] [INFO] Sorry data parsed from JSON string
[2025-12-17 12:55:35] [INFO] Creating strategy from spec...
[2025-12-17 12:55:35] [INFO] Parsing strategy spec (length: 27 chars)
[2025-12-17 12:55:35] [INFO] Strategy name: rfl
[2025-12-17 12:55:35] [INFO] Strategy args: {}
[2025-12-17 12:55:35] [INFO] Creating strategy: rfl
[2025-12-17 12:55:35] [INFO] Strategy created: RflStrategy
[2025-12-17 12:55:35] [INFO] Creating Sorry object...
[2025-12-17 12:55:35] [INFO] Sorry object created: id=dcc5cc888afca7b770573ecbfc9d188b437648ae81972c2b7c434e320c373255
[2025-12-17 12:55:35] [INFO] Sorry location: Compfiles/Imo1988P3.lean:38
[2025-12-17 12:55:35] [INFO] Sorry goal: f : ℕ+ → ℕ+
h₀ : f 1 = 1
h₁ : f 3 = 3
h₂ : ∀ (n : ℕ+), f (2 * n) = f n
h₃ : ∀ (n : ℕ+), f (4 * n + 1...
[2025-12-17 12:55:35] [INFO] Starting agent proof generation...
[2025-12-17 12:55:35] [INFO] Repository path: /root/repo
[2025-12-17 12:55:35] [INFO] Agent proof generation completed
[2025-12-17 12:55:35] [INFO] Generated proof:
[2025-12-17 12:55:35] [INFO] Proof length: 3 chars
[2025-12-17 12:55:35] [INFO] Starting proof verification...
[2025-12-17 12:55:35] [INFO] Verifying at: Compfiles/Imo1988P3.lean:38
[2025-12-17 12:55:35] [INFO] Using LEAN INTERACT verify
[2025-12-17 12:55:35] [INFO] Checking file
[2025-12-17 12:55:55] [INFO] Cannot build modified file ╭─ Error at line 38:2
│    rfl
│   ^^^
╰─ error: Tactic `rfl` failed: The left-hand side
  A.card
is not definitionally equal to the right-hand side
  solution

f : ℕ+ → ℕ+
h₀ : f 1 = 1
h₁ : f 3 = 3
h₂ : ∀ (n : ℕ+), f (2 * n) = f n
h₃ : ∀ (n : ℕ+), f (4 * n + 1) + f n = 2 * f (2 * n + 1)
h₄ : ∀ (n : ℕ+), f (4 * n + 3) + 2 * f n = 3 * f (2 * n + 1)
A : Finset ↑{n | n ≤ 1988 ∧ f n = n}
⊢ A.card = solution
[2025-12-17 12:55:55] [INFO] Proof verification completed
[2025-12-17 12:55:55] [INFO] Proof verified: False
[2025-12-17 12:55:55] [INFO] Verification message: Cannot build modified file: ╭─ Error at line 38:2
│    rfl
│   ^^^
╰─ error: Tactic `rfl` failed: The left-hand side
  A.card
is not definitionally equal to the right-hand side
  solution

f : ℕ+ → ℕ+
h₀ : f 1 = 1
h₁ : f 3 = 3
h₂ : ∀ (n : ℕ+), f (2 * n) = f n
h₃ : ∀ (n : ℕ+), f (4 * n + 1) + f n = 2 * f (2 * n + 1)
h₄ : ∀ (n : ℕ+), f (4 * n + 3) + 2 * f n = 3 * f (2 * n + 1)
A : Finset ↑{n | n ≤ 1988 ∧ f n = n}
⊢ A.card = solution

[2025-12-17 12:55:55] [INFO] Creating result object...
[2025-12-17 12:55:55] [INFO] Result object created
[2025-12-17 12:55:55] [INFO] Serializing result to JSON...
[2025-12-17 12:55:55] [INFO] Result JSON size: 1887 chars
[2025-12-17 12:55:55] [INFO] Writing result to file: /root/repo/result.json
[2025-12-17 12:55:55] [INFO] Result file written successfully
[2025-12-17 12:55:55] [INFO] Result exported to: /root/repo/result.json
[2025-12-17 12:55:55] [INFO] run_morphcloud_local.py completed successfully

[2025-12-17 12:55:56] [process_single_sorry] Downloading result file...
[2025-12-17 12:55:56] [process_single_sorry] Downloaded result to outputs/simple/2025-12-17_12-30-58_rfl/individual/dcc5cc888afca7b770573ecbfc9d188b437648ae81972c2b7c434e320c373255.json
[2025-12-17 12:55:58] [process_single_sorry] Instance context closed successfully
[2025-12-17 12:55:58] [process_single_sorry] Parsing result file...
[2025-12-17 12:55:58] [process_single_sorry] Successfully parsed result (dict format)
