[2026-05-12 10:26:49] [process_single_sorry] Starting for sorry a0f328a1d44eb0ce27b9bc81ac97a186e9f67ba8b365b4b52097c1f434993983
[2026-05-12 10:26:49] [process_single_sorry] Using snapshot: snapshot_b7m9qs5a
[2026-05-12 10:26:49] [process_single_sorry] Repository: https://github.com/m4lvin/lean4-pdl@6f9009d2561a5d7528f84992efbffb948820719c
[2026-05-12 10:26:49] [process_single_sorry] Instance name: lean4-pdl_6f9009d2561a_aristotle_collect_a0f328a1d44eb0ce27b9bc81ac97a186e9f67ba8b365b4b52097c1f434993983
[2026-05-12 10:26:49] [process_single_sorry] Starting attempt 1/4
[2026-05-12 10:26:49] [process_single_sorry] Starting instance from snapshot...
[2026-05-12 10:26:49] [process_single_sorry] Instance started successfully: morphvm_51jdgphz
[2026-05-12 10:26:49] [process_single_sorry] Creating .env file...
[2026-05-12 10:26:49] [process_single_sorry] Copying GCP credentials from goedel_vertex_key.json...
[2026-05-12 10:26:58] [process_single_sorry] GCP key file uploaded successfully
[2026-05-12 10:26:58] [process_single_sorry] .env file created (exit_code: 0)
[2026-05-12 10:26:58] [process_single_sorry] Copying projects file from outputs/aristotle_v2/2026-05-06_08-17-08_aristotle_submit/aristotle_projects.json...
[2026-05-12 10:26:59] [process_single_sorry] Projects file uploaded successfully
[2026-05-12 10:26:59] [process_single_sorry] Executing agent command with concurrent polling...
[2026-05-12 10:41:15] [poll] Result file detected at /root/repo/result.json
[2026-05-12 10:41:15] [process_single_sorry] Result file detected via polling (aexec still running)
[2026-05-12 10:41:16] [process_single_sorry] Downloaded run.log to intermediate_experiment_outputs_full_reservoir_3_months/aristotle/2026-05-12_09-52-29_aristotle_collect/logs/remote_morph_logs/a0f328a1d44eb0ce27b9bc81ac97a186e9f67ba8b365b4b52097c1f434993983_attempt_1_run.log
[2026-05-12 10:41:16] [process_single_sorry] Downloading result file...
[2026-05-12 10:41:16] [process_single_sorry] Downloaded result to intermediate_experiment_outputs_full_reservoir_3_months/aristotle/2026-05-12_09-52-29_aristotle_collect/individual/a0f328a1d44eb0ce27b9bc81ac97a186e9f67ba8b365b4b52097c1f434993983.json
[2026-05-12 10:41:20] [process_single_sorry] Instance context closed successfully
[2026-05-12 10:41:20] [process_single_sorry] Parsing result file...
[2026-05-12 10:41:20] [process_single_sorry] Successfully parsed result (list format, 1 results)
