[2025-12-17 13:02:18] [process_single_sorry] Starting for sorry 7798e4c308068e19a48867e705281155e8a961f88bae1a0d2f2bf05caa356e50
[2025-12-17 13:02:18] [process_single_sorry] Using snapshot: snapshot_hcq0ulfi
[2025-12-17 13:02:18] [process_single_sorry] Repository: https://github.com/dwrensha/compfiles@54e2692f53004e900064c6f6e8e5a38b2754b0ad
[2025-12-17 13:02:18] [process_single_sorry] Instance name: compfiles_54e2692f5300_rfl_7798e4c308068e19a48867e705281155e8a961f88bae1a0d2f2bf05caa356e50
[2025-12-17 13:02:18] [process_single_sorry] Starting attempt 1/3
[2025-12-17 13:02:18] [process_single_sorry] Starting instance from snapshot...
[2025-12-17 13:02:24] [process_single_sorry] Instance started successfully: morphvm_pszvibip
[2025-12-17 13:02:24] [process_single_sorry] Creating .env file...
[2025-12-17 13:02:33] [process_single_sorry] .env file created (exit_code: 0)
[2025-12-17 13:02:33] [process_single_sorry] Executing agent command...
[2025-12-17 13:03:08] [process_single_sorry] Agent command completed (exit_code: 0)
[2025-12-17 13:03:08] [process_single_sorry] STDOUT:
rfl

Result JSON:
{
  "sorry": {
    "repo": {
      "remote": "https://github.com/dwrensha/compfiles",
      "branch": "main",
      "commit": "54e2692f53004e900064c6f6e8e5a38b2754b0ad",
      "lean_version": "v4.24.0-rc1"
    },
    "location": {
      "path": "Compfiles/Imo2025P3.lean",
      "start_line": 37,
      "start_column": 2,
      "end_line": 37,
      "end_column": 7
    },
    "debug_info": {
      "goal": "\u22a2 IsLeast {c | is_valid_c c} answer",
      "url": "https://github.com/dwrensha/compfiles/blob/54e2692f53004e900064c6f6e8e5a38b2754b0ad/Compfiles/Imo2025P3.lean#L37"
    },
    "metadata": {
      "blame_email_hash": "a8cae0732ec0",
      "blame_date": "2025-09-14T14:53:31+03:00",
      "inclusion_date": "2025-09-19T03:11:14.409941+00:00"
    },
    "id": "7798e4c308068e19a48867e705281155e8a961f88bae1a0d2f2bf05caa356e50"
  },
  "proof": "rfl",
  "proof_verified": false,
  "feedback": null,
  "verification_message": "Cannot build modified file: \u256d\u2500 Error at line 37:2\n\u2502    rfl\n\u2502   ^^^\n\u2570\u2500 error: Tactic `rfl` failed: The left-hand side\n  {c | is_valid_c c}\nis not definitionally equal to the right-hand side\n  answer\n\n\u22a2 IsLeast {c | is_valid_c c} answer\n",
  "success": true,
  "error_type": null,
  "error_message": null
}

[2025-12-17 13:03:08] [process_single_sorry] STDERR:
None of PyTorch, TensorFlow >= 2.0, or Flax have been found. Models won't be available and only tokenizers, configuration and file/data utilities can be used.
[2025-12-17 13:02:52] [INFO] ================================================================================
[2025-12-17 13:02:52] [INFO] Starting run_morphcloud_local.py
[2025-12-17 13:02:52] [INFO] ================================================================================
[2025-12-17 13:02:52] [WARNING] python-dotenv could not parse statement starting at line 14
[2025-12-17 13:02:52] [WARNING] python-dotenv could not parse statement starting at line 17
[2025-12-17 13:02:52] [WARNING] python-dotenv could not parse statement starting at line 18
[2025-12-17 13:02:52] [INFO] Environment loaded
[2025-12-17 13:02:52] [INFO] Arguments parsed: repo_path=/root/repo, output_path=/root/repo/result.json
[2025-12-17 13:02:52] [INFO] Strategy spec: {"name": "rfl", "args": {}}...
[2025-12-17 13:02:52] [INFO] Loading sorry data...
[2025-12-17 13:02:52] [INFO] Parsing sorry from JSON string...
[2025-12-17 13:02:52] [INFO] Sorry data parsed from JSON string
[2025-12-17 13:02:52] [INFO] Creating strategy from spec...
[2025-12-17 13:02:52] [INFO] Parsing strategy spec (length: 27 chars)
[2025-12-17 13:02:52] [INFO] Strategy name: rfl
[2025-12-17 13:02:52] [INFO] Strategy args: {}
[2025-12-17 13:02:52] [INFO] Creating strategy: rfl
[2025-12-17 13:02:52] [INFO] Strategy created: RflStrategy
[2025-12-17 13:02:52] [INFO] Creating Sorry object...
[2025-12-17 13:02:52] [INFO] Sorry object created: id=7798e4c308068e19a48867e705281155e8a961f88bae1a0d2f2bf05caa356e50
[2025-12-17 13:02:52] [INFO] Sorry location: Compfiles/Imo2025P3.lean:37
[2025-12-17 13:02:52] [INFO] Sorry goal: ⊢ IsLeast {c | is_valid_c c} answer...
[2025-12-17 13:02:52] [INFO] Starting agent proof generation...
[2025-12-17 13:02:52] [INFO] Repository path: /root/repo
[2025-12-17 13:02:52] [INFO] Agent proof generation completed
[2025-12-17 13:02:52] [INFO] Generated proof:
[2025-12-17 13:02:52] [INFO] Proof length: 3 chars
[2025-12-17 13:02:52] [INFO] Starting proof verification...
[2025-12-17 13:02:52] [INFO] Verifying at: Compfiles/Imo2025P3.lean:37
[2025-12-17 13:02:52] [INFO] Using LEAN INTERACT verify
[2025-12-17 13:02:52] [INFO] Checking file
[2025-12-17 13:03:07] [INFO] Cannot build modified file ╭─ Error at line 37:2
│    rfl
│   ^^^
╰─ error: Tactic `rfl` failed: The left-hand side
  {c | is_valid_c c}
is not definitionally equal to the right-hand side
  answer

⊢ IsLeast {c | is_valid_c c} answer
[2025-12-17 13:03:07] [INFO] Proof verification completed
[2025-12-17 13:03:07] [INFO] Proof verified: False
[2025-12-17 13:03:07] [INFO] Verification message: Cannot build modified file: ╭─ Error at line 37:2
│    rfl
│   ^^^
╰─ error: Tactic `rfl` failed: The left-hand side
  {c | is_valid_c c}
is not definitionally equal to the right-hand side
  answer

⊢ IsLeast {c | is_valid_c c} answer

[2025-12-17 13:03:07] [INFO] Creating result object...
[2025-12-17 13:03:07] [INFO] Result object created
[2025-12-17 13:03:07] [INFO] Serializing result to JSON...
[2025-12-17 13:03:07] [INFO] Result JSON size: 1283 chars
[2025-12-17 13:03:07] [INFO] Writing result to file: /root/repo/result.json
[2025-12-17 13:03:07] [INFO] Result file written successfully
[2025-12-17 13:03:07] [INFO] Result exported to: /root/repo/result.json
[2025-12-17 13:03:07] [INFO] run_morphcloud_local.py completed successfully

[2025-12-17 13:03:08] [process_single_sorry] Downloading result file...
[2025-12-17 13:03:08] [process_single_sorry] Downloaded result to outputs/simple/2025-12-17_12-30-58_rfl/individual/7798e4c308068e19a48867e705281155e8a961f88bae1a0d2f2bf05caa356e50.json
[2025-12-17 13:03:10] [process_single_sorry] Instance context closed successfully
[2025-12-17 13:03:10] [process_single_sorry] Parsing result file...
[2025-12-17 13:03:10] [process_single_sorry] Successfully parsed result (dict format)
