[2025-12-17 12:54:55] [process_single_sorry] Starting for sorry d15323edc797dd8337d7b6c400b379f40c17233f2a9400bd169beea4e5fff959
[2025-12-17 12:54:55] [process_single_sorry] Using snapshot: snapshot_6a7jgrj6
[2025-12-17 12:54:55] [process_single_sorry] Repository: https://github.com/YaelDillies/LeanCamCombi@34daaaac92e24dcedf36f3d059764534daa7999d
[2025-12-17 12:54:55] [process_single_sorry] Instance name: LeanCamCombi_34daaaac92e2_rfl_d15323edc797dd8337d7b6c400b379f40c17233f2a9400bd169beea4e5fff959
[2025-12-17 12:54:55] [process_single_sorry] Starting attempt 1/3
[2025-12-17 12:54:55] [process_single_sorry] Starting instance from snapshot...
[2025-12-17 12:55:02] [process_single_sorry] Instance started successfully: morphvm_4o6lenq8
[2025-12-17 12:55:02] [process_single_sorry] Creating .env file...
[2025-12-17 12:56:25] [process_single_sorry] .env file created (exit_code: 0)
[2025-12-17 12:56:25] [process_single_sorry] Executing agent command...
[2025-12-17 12:59:25] [process_single_sorry] Agent command completed (exit_code: 0)
[2025-12-17 12:59:25] [process_single_sorry] STDOUT:
rfl

Result JSON:
{
  "sorry": {
    "repo": {
      "remote": "https://github.com/YaelDillies/LeanCamCombi",
      "branch": "master",
      "commit": "34daaaac92e24dcedf36f3d059764534daa7999d",
      "lean_version": "v4.26.0"
    },
    "location": {
      "path": "LeanCamCombi/Mathlib/Probability/Distributions/Bernoulli.lean",
      "start_line": 138,
      "start_column": 18,
      "end_line": 138,
      "end_column": 23
    },
    "debug_info": {
      "goal": "\u03b9 : Type u_1\n\u03a9 : Type u_2\nm : MeasurableSpace \u03a9\nX : \u03a9 \u2192 Set \u03b9\nu : Set \u03b9\np : \u2191unitInterval\nP : Measure \u03a9\nhX : @ProbabilityTheory.IsBernoulliOn \u03b9 \u03a9 m X u p P\n\u22a2 AEMeasurable (fun \u03c9 => u \\ X \u03c9) P",
      "url": "https://github.com/YaelDillies/LeanCamCombi/blob/34daaaac92e24dcedf36f3d059764534daa7999d/LeanCamCombi/Mathlib/Probability/Distributions/Bernoulli.lean#L138"
    },
    "metadata": {
      "blame_email_hash": "97e8591fe714",
      "blame_date": "2025-11-25T11:17:41+01:00",
      "inclusion_date": "2025-12-16T13:10:49.739423+00:00"
    },
    "id": "d15323edc797dd8337d7b6c400b379f40c17233f2a9400bd169beea4e5fff959"
  },
  "proof": "rfl",
  "proof_verified": false,
  "feedback": null,
  "verification_message": "Cannot build modified file: Build timeout (exceeded 120 seconds)\n",
  "success": true,
  "error_type": null,
  "error_message": null
}

[2025-12-17 12:59:25] [process_single_sorry] STDERR:
None of PyTorch, TensorFlow >= 2.0, or Flax have been found. Models won't be available and only tokenizers, configuration and file/data utilities can be used.
[2025-12-17 12:57:18] [INFO] ================================================================================
[2025-12-17 12:57:18] [INFO] Starting run_morphcloud_local.py
[2025-12-17 12:57:18] [INFO] ================================================================================
[2025-12-17 12:57:18] [WARNING] python-dotenv could not parse statement starting at line 14
[2025-12-17 12:57:18] [WARNING] python-dotenv could not parse statement starting at line 17
[2025-12-17 12:57:18] [WARNING] python-dotenv could not parse statement starting at line 18
[2025-12-17 12:57:18] [INFO] Environment loaded
[2025-12-17 12:57:18] [INFO] Arguments parsed: repo_path=/root/repo, output_path=/root/repo/result.json
[2025-12-17 12:57:18] [INFO] Strategy spec: {"name": "rfl", "args": {}}...
[2025-12-17 12:57:18] [INFO] Loading sorry data...
[2025-12-17 12:57:18] [INFO] Parsing sorry from JSON string...
[2025-12-17 12:57:18] [INFO] Sorry data parsed from JSON string
[2025-12-17 12:57:18] [INFO] Creating strategy from spec...
[2025-12-17 12:57:18] [INFO] Parsing strategy spec (length: 27 chars)
[2025-12-17 12:57:18] [INFO] Strategy name: rfl
[2025-12-17 12:57:18] [INFO] Strategy args: {}
[2025-12-17 12:57:18] [INFO] Creating strategy: rfl
[2025-12-17 12:57:18] [INFO] Strategy created: RflStrategy
[2025-12-17 12:57:18] [INFO] Creating Sorry object...
[2025-12-17 12:57:18] [INFO] Sorry object created: id=d15323edc797dd8337d7b6c400b379f40c17233f2a9400bd169beea4e5fff959
[2025-12-17 12:57:18] [INFO] Sorry location: LeanCamCombi/Mathlib/Probability/Distributions/Bernoulli.lean:138
[2025-12-17 12:57:18] [INFO] Sorry goal: ι : Type u_1
Ω : Type u_2
m : MeasurableSpace Ω
X : Ω → Set ι
u : Set ι
p : ↑unitInterval
P : Measur...
[2025-12-17 12:57:18] [INFO] Starting agent proof generation...
[2025-12-17 12:57:18] [INFO] Repository path: /root/repo
[2025-12-17 12:57:18] [INFO] Agent proof generation completed
[2025-12-17 12:57:18] [INFO] Generated proof:
[2025-12-17 12:57:18] [INFO] Proof length: 3 chars
[2025-12-17 12:57:18] [INFO] Starting proof verification...
[2025-12-17 12:57:18] [INFO] Verifying at: LeanCamCombi/Mathlib/Probability/Distributions/Bernoulli.lean:138
[2025-12-17 12:57:18] [INFO] Using LEAN INTERACT verify
[2025-12-17 12:57:18] [INFO] Checking file
[2025-12-17 12:59:18] [INFO] Cannot build modified file Build timeout (exceeded 120 seconds)
[2025-12-17 12:59:18] [INFO] Proof verification completed
[2025-12-17 12:59:18] [INFO] Proof verified: False
[2025-12-17 12:59:18] [INFO] Verification message: Cannot build modified file: Build timeout (exceeded 120 seconds)

[2025-12-17 12:59:18] [INFO] Creating result object...
[2025-12-17 12:59:18] [INFO] Result object created
[2025-12-17 12:59:18] [INFO] Serializing result to JSON...
[2025-12-17 12:59:18] [INFO] Result JSON size: 1389 chars
[2025-12-17 12:59:18] [INFO] Writing result to file: /root/repo/result.json
[2025-12-17 12:59:18] [INFO] Result file written successfully
[2025-12-17 12:59:18] [INFO] Result exported to: /root/repo/result.json
[2025-12-17 12:59:18] [INFO] run_morphcloud_local.py completed successfully

[2025-12-17 12:59:25] [process_single_sorry] Downloading result file...
[2025-12-17 12:59:55] [process_single_sorry] Downloaded result to outputs/simple/2025-12-17_12-30-58_rfl/individual/d15323edc797dd8337d7b6c400b379f40c17233f2a9400bd169beea4e5fff959.json
[2025-12-17 12:59:57] [process_single_sorry] Instance context closed successfully
[2025-12-17 12:59:57] [process_single_sorry] Parsing result file...
[2025-12-17 12:59:57] [process_single_sorry] Successfully parsed result (dict format)
