[2025-12-17 12:59:57] [process_single_sorry] Starting for sorry e55109fe0996143f59457edb70750f506ddebd543a75fff7dd860d2687998f47
[2025-12-17 12:59:57] [process_single_sorry] Using snapshot: snapshot_f336hctc
[2025-12-17 12:59:57] [process_single_sorry] Repository: https://github.com/mo271/FormalBook@73462987858e2753800e29e6766e2ff8e46b561a
[2025-12-17 12:59:57] [process_single_sorry] Instance name: FormalBook_73462987858e_rfl_e55109fe0996143f59457edb70750f506ddebd543a75fff7dd860d2687998f47
[2025-12-17 12:59:57] [process_single_sorry] Starting attempt 1/3
[2025-12-17 12:59:57] [process_single_sorry] Starting instance from snapshot...
[2025-12-17 13:00:09] [process_single_sorry] Instance started successfully: morphvm_46g5ib9f
[2025-12-17 13:00:09] [process_single_sorry] Creating .env file...
[2025-12-17 13:01:05] [process_single_sorry] .env file created (exit_code: 0)
[2025-12-17 13:01:05] [process_single_sorry] Executing agent command...
[2025-12-17 13:03:27] [process_single_sorry] Agent command completed (exit_code: 0)
[2025-12-17 13:03:27] [process_single_sorry] STDOUT:
rfl

Result JSON:
{
  "sorry": {
    "repo": {
      "remote": "https://github.com/mo271/FormalBook",
      "branch": "simplify_blueprint_ci",
      "commit": "73462987858e2753800e29e6766e2ff8e46b561a",
      "lean_version": "v4.23.0-rc2"
    },
    "location": {
      "path": "FormalBook/Chapter_06.lean",
      "start_line": 90,
      "start_column": 4,
      "end_line": 90,
      "end_column": 9
    },
    "debug_info": {
      "goal": "q n : \u2115\nlamb : \u2102\na : \u211d := \u22ef\nb : \u211d := \u22ef\nh : lamb \u2208 primitiveRoots n \u2102\nh_lamb : lamb \u2260 1\nh_a_lt_one : \u2016a\u2016 < 1\nh_ineq : \u2016eval (\u2191q) (X - C lamb)\u2016 ^ 2 > (\u2191q - 1) ^ 2\nthis\u271d : 0 \u2264 (\u2191q - 1) ^ 2\ng : \u2191q - 1 < \u221a(\u2016eval (\u2191q) (X - C lamb)\u2016 ^ 2)\nthis : \u221a((\u2191q - 1) ^ 2) = \u2191q - 1\n\u22a2 0 \u2264 \u2016eval (\u2191q) (X - C lamb)\u2016",
      "url": "https://github.com/mo271/FormalBook/blob/73462987858e2753800e29e6766e2ff8e46b561a/FormalBook/Chapter_06.lean#L90"
    },
    "metadata": {
      "blame_email_hash": "ef3bc37f67e8",
      "blame_date": "2025-08-31T10:16:06+02:00",
      "inclusion_date": "2025-12-16T06:53:03.891113+00:00"
    },
    "id": "e55109fe0996143f59457edb70750f506ddebd543a75fff7dd860d2687998f47"
  },
  "proof": "rfl",
  "proof_verified": false,
  "feedback": null,
  "verification_message": "Cannot build modified file: \u256d\u2500 Error at line 90:4\n\u2502    \u00b7 rfl\n\u2502     ^^^\n\u2570\u2500 error: Tactic `rfl` failed: The left-hand side\n  0\nis not definitionally equal to the right-hand side\n  \u2016eval (\u2191q) (X - C lamb)\u2016\n\nq n : \u2115\nlamb : \u2102\na : \u211d := \u22ef\nb : \u211d := \u22ef\nh : lamb \u2208 primitiveRoots n \u2102\nh_lamb : lamb \u2260 1\nh_a_lt_one : \u2016a\u2016 < 1\nh_ineq : \u2016eval (\u2191q) (X - C lamb)\u2016 ^ 2 > (\u2191q - 1) ^ 2\nthis\u271d : 0 \u2264 (\u2191q - 1) ^ 2\ng : \u2191q - 1 < \u221a(\u2016eval (\u2191q) (X - C lamb)\u2016 ^ 2)\nthis : \u221a((\u2191q - 1) ^ 2) = \u2191q - 1\n\u22a2 0 \u2264 \u2016eval (\u2191q) (X - C lamb)\u2016\n  ge_iff_le\n\nHint: Omit it from the simp argument list.\n  simp only [g\u0335e\u0335_\u0335i\u0335f\u0335f\u0335_\u0335l\u0335e\u0335,\u0335 \u0335add_right_inj]\n\nNote: This linter can be disabled with `set_option linter.unusedSimpArgs false`\n\nNote: This linter can be disabled with `set_option linter.deprecated false`\n\nNote: This linter can be disabled with `set_option linter.deprecated false`\n  ge_iff_le\n\nHint: Omit it from the simp argument list.\n  simp only [g\u0335e\u0335_\u0335i\u0335f\u0335f\u0335_\u0335l\u0335e\u0335,\u0335 \u0335add_le_iff_nonpos_left, nonpos_iff_eq_zero, Fintype.card_ne_zero,\n       \u0332 \u0332add_tsub_cancel_right]\n\nNote: This linter can be disabled with `set_option linter.unusedSimpArgs false`\n  add_le_iff_nonpos_left\n\nHint: Omit it from the simp argument list.\n  simp only [ge_iff_le, a\u0335d\u0335d\u0335_\u0335l\u0335e\u0335_\u0335i\u0335f\u0335f\u0335_\u0335n\u0335o\u0335n\u0335p\u0335o\u0335s\u0335_\u0335l\u0335e\u0335f\u0335t\u0335,\u0335 \u0335nonpos_iff_eq_zero, Fintype.card_ne_zero, add_tsub_cancel_right]\n\nNote: This linter can be disabled with `set_option linter.unusedSimpArgs false`\n  nonpos_iff_eq_zero\n\nHint: Omit it from the simp argument list.\n  simp only [ge_iff_le, add_le_iff_nonpos_left, n\u0335o\u0335n\u0335p\u0335o\u0335s\u0335_\u0335i\u0335f\u0335f\u0335_\u0335e\u0335q\u0335_\u0335z\u0335e\u0335r\u0335o\u0335,\u0335 \u0335Fintype.card_ne_zero, add_tsub_cancel_right]\n\nNote: This linter can be disabled with `set_option linter.unusedSimpArgs false`\n  Fintype.card_ne_zero\n\nHint: Omit it from the simp argument list.\n  simp only [ge_iff_le, add_le_iff_nonpos_left, nonpos_iff_eq_zero, F\u0335i\u0335n\u0335t\u0335y\u0335p\u0335e\u0335.\u0335c\u0335a\u0335r\u0335d\u0335_\u0335n\u0335e\u0335_\u0335z\u0335e\u0335r\u0335o\u0335,\u0335add_tsub_cancel_right]\n\nNote: This linter can be disabled with `set_option linter.unusedSimpArgs false`\n  center_toSubsemiring\n\nHint: Omit it from the simp argument list.\n  simp only [\u0335c\u0335e\u0335n\u0335t\u0335e\u0335r\u0335_\u0335t\u0335o\u0335S\u0335u\u0335b\u0335s\u0335e\u0335m\u0335i\u0335r\u0335i\u0335n\u0335g\u0335,\u0335 \u0335S\u0335u\u0335b\u0335s\u0335e\u0335m\u0335i\u0335r\u0335i\u0335n\u0335g\u0335.\u0335c\u0335e\u0335n\u0335t\u0335e\u0335r\u0335_\u0335t\u0335o\u0335S\u0335u\u0335b\u0335m\u0335o\u0335n\u0335o\u0335i\u0335d\u0335,\u0335[\u0332S\u0332u\u0332b\u0332s\u0332e\u0332m\u0332i\u0332r\u0332i\u0332n\u0332g\u0332.\u0332c\u0332e\u0332n\u0332t\u0332e\u0332r\u0332_\u0332t\u0332o\u0332S\u0332u\u0332b\u0332m\u0332o\u0332n\u0332o\u0332i\u0332d\u0332,\u0332 ge_iff_le, add_le_iff_nonpos_left,\n  \u0332  \u0332 \u0332 \u0332 \u0332 \u0332nonpos_iff_eq_zero, Fintype.card_ne_zero, add_tsub_cancel_right]\n\nNote: This linter can be disabled with `set_option linter.unusedSimpArgs false`\n  Subsemiring.center_toSubmonoid\n\nHint: Omit it from the simp argument list.\n  simp only [center_toSubsemiring, S\u0335u\u0335b\u0335s\u0335e\u0335m\u0335i\u0335r\u0335i\u0335n\u0335g\u0335.\u0335c\u0335e\u0335n\u0335t\u0335e\u0335r\u0335_\u0335t\u0335o\u0335S\u0335u\u0335b\u0335m\u0335o\u0335n\u0335o\u0335i\u0335d\u0335,\u0335 \u0335ge_iff_le, add_le_iff_nonpos_left, nonpos_iff_eq_zero,\n  \u0332  \u0332 \u0332 \u0332 \u0332 \u0332Fintype.card_ne_zero, add_tsub_cancel_right]\n\nNote: This linter can be disabled with `set_option linter.unusedSimpArgs false`\n  ge_iff_le\n\nHint: Omit it from the simp argument list.\n  simp only [center_toSubsemiring, Subsemiring.center_toSubmonoid, g\u0335e\u0335_\u0335i\u0335f\u0335f\u0335_\u0335l\u0335e\u0335,\u0335\n  \u0335 \u0335 \u0335 \u0335 \u0335 \u0335 \u0335add_le_iff_nonpos_left,\n  \u0332  \u0332 \u0332 \u0332 \u0332 \u0332nonpos_iff_eq_zero, Fintype.card_ne_zero, add_tsub_cancel_right]\n\nNote: This linter can be disabled with `set_option linter.unusedSimpArgs false`\n  add_le_iff_nonpos_left\n\nHint: Omit it from the simp argument list.\n  simp only [center_toSubsemiring, Subsemiring.center_toSubmonoid, ge_iff_le, a\u0335d\u0335d\u0335_\u0335l\u0335e\u0335_\u0335i\u0335f\u0335f\u0335_\u0335n\u0335o\u0335n\u0335p\u0335o\u0335s\u0335_\u0335l\u0335e\u0335f\u0335t\u0335,\u0335 \u0335nonpos_iff_eq_zero,\n  \u0332  \u0332 \u0332 \u0332 \u0332 \u0332Fintype.card_ne_zero, add_tsub_cancel_right]\n\nNote: This linter can be disabled with `set_option linter.unusedSimpArgs false`\n  nonpos_iff_eq_zero\n\nHint: Omit it from the simp argument list.\n  simp only [center_toSubsemiring, Subsemiring.center_toSubmonoid, ge_iff_le,\n        add_le_iff_nonpos_left, n\u0335o\u0335n\u0335p\u0335o\u0335s\u0335_\u0335i\u0335f\u0335f\u0335_\u0335e\u0335q\u0335_\u0335z\u0335e\u0335r\u0335o\u0335,\u0335 \u0335Fintype.card_ne_zero, add_tsub_cancel_right]\n\nNote: This linter can be disabled with `set_option linter.unusedSimpArgs false`\n  Fintype.card_ne_zero\n\nHint: Omit it from the simp argument list.\n  simp only [center_toSubsemiring, Subsemiring.center_toSubmonoid, ge_iff_le,\n        add_le_iff_nonpos_left, nonpos_iff_eq_zero, F\u0335i\u0335n\u0335t\u0335y\u0335p\u0335e\u0335.\u0335c\u0335ar\u0335d_\u0335n\u0335e\u0335_\u0335z\u0335e\u0335r\u0335o\u0335,\u0335 \u0335a\u0335dd\u0335_tsub_cancel_right]\n\nNote: This linter can be disabled with `set_option linter.unusedSimpArgs false`\n  IsUnit.mul_iff\n\nHint: Omit it from the simp argument list.\n  simp only [eval_mul, eval_sub, eval_pow, eval_X, eval_one,\u0335 \u0335I\u0335s\u0335U\u0335n\u0335i\u0335t\u0335.\u0335m\u0335u\u0335l\u0335_\u0335i\u0335f\u0335f\u0335] at this\n\nNote: This linter can be disabled with `set_option linter.unusedSimpArgs false`\n",
  "success": true,
  "error_type": null,
  "error_message": null
}

[2025-12-17 13:03:27] [process_single_sorry] STDERR:
None of PyTorch, TensorFlow >= 2.0, or Flax have been found. Models won't be available and only tokenizers, configuration and file/data utilities can be used.
[2025-12-17 13:01:46] [INFO] ================================================================================
[2025-12-17 13:01:46] [INFO] Starting run_morphcloud_local.py
[2025-12-17 13:01:46] [INFO] ================================================================================
[2025-12-17 13:01:46] [WARNING] python-dotenv could not parse statement starting at line 14
[2025-12-17 13:01:46] [WARNING] python-dotenv could not parse statement starting at line 17
[2025-12-17 13:01:46] [WARNING] python-dotenv could not parse statement starting at line 18
[2025-12-17 13:01:46] [INFO] Environment loaded
[2025-12-17 13:01:46] [INFO] Arguments parsed: repo_path=/root/repo, output_path=/root/repo/result.json
[2025-12-17 13:01:46] [INFO] Strategy spec: {"name": "rfl", "args": {}}...
[2025-12-17 13:01:46] [INFO] Loading sorry data...
[2025-12-17 13:01:46] [INFO] Parsing sorry from JSON string...
[2025-12-17 13:01:46] [INFO] Sorry data parsed from JSON string
[2025-12-17 13:01:46] [INFO] Creating strategy from spec...
[2025-12-17 13:01:46] [INFO] Parsing strategy spec (length: 27 chars)
[2025-12-17 13:01:46] [INFO] Strategy name: rfl
[2025-12-17 13:01:46] [INFO] Strategy args: {}
[2025-12-17 13:01:46] [INFO] Creating strategy: rfl
[2025-12-17 13:01:46] [INFO] Strategy created: RflStrategy
[2025-12-17 13:01:46] [INFO] Creating Sorry object...
[2025-12-17 13:01:46] [INFO] Sorry object created: id=e55109fe0996143f59457edb70750f506ddebd543a75fff7dd860d2687998f47
[2025-12-17 13:01:46] [INFO] Sorry location: FormalBook/Chapter_06.lean:90
[2025-12-17 13:01:46] [INFO] Sorry goal: q n : ℕ
lamb : ℂ
a : ℝ := ⋯
b : ℝ := ⋯
h : lamb ∈ primitiveRoots n ℂ
h_lamb : lamb ≠ 1
h_a_lt_one : ...
[2025-12-17 13:01:46] [INFO] Starting agent proof generation...
[2025-12-17 13:01:46] [INFO] Repository path: /root/repo
[2025-12-17 13:01:46] [INFO] Agent proof generation completed
[2025-12-17 13:01:46] [INFO] Generated proof:
[2025-12-17 13:01:46] [INFO] Proof length: 3 chars
[2025-12-17 13:01:46] [INFO] Starting proof verification...
[2025-12-17 13:01:46] [INFO] Verifying at: FormalBook/Chapter_06.lean:90
[2025-12-17 13:01:46] [INFO] Using LEAN INTERACT verify
[2025-12-17 13:01:46] [INFO] Checking file
[2025-12-17 13:03:24] [INFO] Cannot build modified file ╭─ Error at line 90:4
│    · rfl
│     ^^^
╰─ error: Tactic `rfl` failed: The left-hand side
  0
is not definitionally equal to the right-hand side
  ‖eval (↑q) (X - C lamb)‖

q n : ℕ
lamb : ℂ
a : ℝ := ⋯
b : ℝ := ⋯
h : lamb ∈ primitiveRoots n ℂ
h_lamb : lamb ≠ 1
h_a_lt_one : ‖a‖ < 1
h_ineq : ‖eval (↑q) (X - C lamb)‖ ^ 2 > (↑q - 1) ^ 2
this✝ : 0 ≤ (↑q - 1) ^ 2
g : ↑q - 1 < √(‖eval (↑q) (X - C lamb)‖ ^ 2)
this : √((↑q - 1) ^ 2) = ↑q - 1
⊢ 0 ≤ ‖eval (↑q) (X - C lamb)‖
  ge_iff_le

Hint: Omit it from the simp argument list.
  simp only [g̵e̵_̵i̵f̵f̵_̵l̵e̵,̵ ̵add_right_inj]

Note: This linter can be disabled with `set_option linter.unusedSimpArgs false`

Note: This linter can be disabled with `set_option linter.deprecated false`

Note: This linter can be disabled with `set_option linter.deprecated false`
  ge_iff_le

Hint: Omit it from the simp argument list.
  simp only [g̵e̵_̵i̵f̵f̵_̵l̵e̵,̵ ̵add_le_iff_nonpos_left, nonpos_iff_eq_zero, Fintype.card_ne_zero,
       ̲ ̲add_tsub_cancel_right]

Note: This linter can be disabled with `set_option linter.unusedSimpArgs false`
  add_le_iff_nonpos_left

Hint: Omit it from the simp argument list.
  simp only [ge_iff_le, a̵d̵d̵_̵l̵e̵_̵i̵f̵f̵_̵n̵o̵n̵p̵o̵s̵_̵l̵e̵f̵t̵,̵ ̵nonpos_iff_eq_zero, Fintype.card_ne_zero, add_tsub_cancel_right]

Note: This linter can be disabled with `set_option linter.unusedSimpArgs false`
  nonpos_iff_eq_zero

Hint: Omit it from the simp argument list.
  simp only [ge_iff_le, add_le_iff_nonpos_left, n̵o̵n̵p̵o̵s̵_̵i̵f̵f̵_̵e̵q̵_̵z̵e̵r̵o̵,̵ ̵Fintype.card_ne_zero, add_tsub_cancel_right]

Note: This linter can be disabled with `set_option linter.unusedSimpArgs false`
  Fintype.card_ne_zero

Hint: Omit it from the simp argument list.
  simp only [ge_iff_le, add_le_iff_nonpos_left, nonpos_iff_eq_zero, F̵i̵n̵t̵y̵p̵e̵.̵c̵a̵r̵d̵_̵n̵e̵_̵z̵e̵r̵o̵,̵add_tsub_cancel_right]

Note: This linter can be disabled with `set_option linter.unusedSimpArgs false`
  center_toSubsemiring

Hint: Omit it from the simp argument list.
  simp only [̵c̵e̵n̵t̵e̵r̵_̵t̵o̵S̵u̵b̵s̵e̵m̵i̵r̵i̵n̵g̵,̵ ̵S̵u̵b̵s̵e̵m̵i̵r̵i̵n̵g̵.̵c̵e̵n̵t̵e̵r̵_̵t̵o̵S̵u̵b̵m̵o̵n̵o̵i̵d̵,̵[̲S̲u̲b̲s̲e̲m̲i̲r̲i̲n̲g̲.̲c̲e̲n̲t̲e̲r̲_̲t̲o̲S̲u̲b̲m̲o̲n̲o̲i̲d̲,̲ ge_iff_le, add_le_iff_nonpos_left,
  ̲  ̲ ̲ ̲ ̲ ̲nonpos_iff_eq_zero, Fintype.card_ne_zero, add_tsub_cancel_right]

Note: This linter can be disabled with `set_option linter.unusedSimpArgs false`
  Subsemiring.center_toSubmonoid

Hint: Omit it from the simp argument list.
  simp only [center_toSubsemiring, S̵u̵b̵s̵e̵m̵i̵r̵i̵n̵g̵.̵c̵e̵n̵t̵e̵r̵_̵t̵o̵S̵u̵b̵m̵o̵n̵o̵i̵d̵,̵ ̵ge_iff_le, add_le_iff_nonpos_left, nonpos_iff_eq_zero,
  ̲  ̲ ̲ ̲ ̲ ̲Fintype.card_ne_zero, add_tsub_cancel_right]

Note: This linter can be disabled with `set_option linter.unusedSimpArgs false`
  ge_iff_le

Hint: Omit it from the simp argument list.
  simp only [center_toSubsemiring, Subsemiring.center_toSubmonoid, g̵e̵_̵i̵f̵f̵_̵l̵e̵,̵
  ̵ ̵ ̵ ̵ ̵ ̵ ̵add_le_iff_nonpos_left,
  ̲  ̲ ̲ ̲ ̲ ̲nonpos_iff_eq_zero, Fintype.card_ne_zero, add_tsub_cancel_right]

Note: This linter can be disabled with `set_option linter.unusedSimpArgs false`
  add_le_iff_nonpos_left

Hint: Omit it from the simp argument list.
  simp only [center_toSubsemiring, Subsemiring.center_toSubmonoid, ge_iff_le, a̵d̵d̵_̵l̵e̵_̵i̵f̵f̵_̵n̵o̵n̵p̵o̵s̵_̵l̵e̵f̵t̵,̵ ̵nonpos_iff_eq_zero,
  ̲  ̲ ̲ ̲ ̲ ̲Fintype.card_ne_zero, add_tsub_cancel_right]

Note: This linter can be disabled with `set_option linter.unusedSimpArgs false`
  nonpos_iff_eq_zero

Hint: Omit it from the simp argument list.
  simp only [center_toSubsemiring, Subsemiring.center_toSubmonoid, ge_iff_le,
        add_le_iff_nonpos_left, n̵o̵n̵p̵o̵s̵_̵i̵f̵f̵_̵e̵q̵_̵z̵e̵r̵o̵,̵ ̵Fintype.card_ne_zero, add_tsub_cancel_right]

Note: This linter can be disabled with `set_option linter.unusedSimpArgs false`
  Fintype.card_ne_zero

Hint: Omit it from the simp argument list.
  simp only [center_toSubsemiring, Subsemiring.center_toSubmonoid, ge_iff_le,
        add_le_iff_nonpos_left, nonpos_iff_eq_zero, F̵i̵n̵t̵y̵p̵e̵.̵c̵ar̵d_̵n̵e̵_̵z̵e̵r̵o̵,̵ ̵a̵dd̵_tsub_cancel_right]

Note: This linter can be disabled with `set_option linter.unusedSimpArgs false`
  IsUnit.mul_iff

Hint: Omit it from the simp argument list.
  simp only [eval_mul, eval_sub, eval_pow, eval_X, eval_one,̵ ̵I̵s̵U̵n̵i̵t̵.̵m̵u̵l̵_̵i̵f̵f̵] at this

Note: This linter can be disabled with `set_option linter.unusedSimpArgs false`
[2025-12-17 13:03:24] [INFO] Proof verification completed
[2025-12-17 13:03:24] [INFO] Proof verified: False
[2025-12-17 13:03:24] [INFO] Verification message: Cannot build modified file: ╭─ Error at line 90:4
│    · rfl
│     ^^^
╰─ error: Tactic `rfl` failed: The left-hand side
  0
is not definitionally equal to the right-hand side
  ‖eval (↑q) (X - C lamb)‖

q n : ℕ
lamb : ℂ
a : ℝ := ⋯
b : ℝ := ⋯
h : lamb ∈ primitiveRoots n ℂ
h_lamb : lamb ≠ 1
h_a_lt_one : ‖a‖ < 1
h_ineq : ‖eval (↑q) (X - C lamb)‖ ^ 2 > (↑q - 1) ^ 2
this✝ : 0 ≤ (↑q - 1) ^ 2
g : ↑q - 1 < √(‖eval (↑q) (X - C lamb)‖ ^ 2)
this : √((↑q - 1) ^ 2) = ↑q - 1
⊢ 0 ≤ ‖eval (↑q) (X - C lamb)‖
  ge_iff_le

Hint: Omit it from the simp argument list.
  simp only [g̵e̵_̵i̵f̵f̵_̵l̵e̵,̵ ̵add_right_inj]

Note: This linter can be disabled with `set_option linter.unusedSimpArgs false`

Note: This linter can be disabled with `set_option linter.deprecated false`

Note: This linter can be disabled with `set_option linter.deprecated false`
  ge_iff_le

Hint: Omit it from the simp argument list.
  simp only [g̵e̵_̵i̵f̵f̵_̵l̵e̵,̵ ̵add_le_iff_nonpos_left, nonpos_iff_eq_zero, Fintype.card_ne_zero,
       ̲ ̲add_tsub_cancel_right]

Note: This linter can be disabled with `set_option linter.unusedSimpArgs false`
  add_le_iff_nonpos_left

Hint: Omit it from the simp argument list.
  simp only [ge_iff_le, a̵d̵d̵_̵l̵e̵_̵i̵f̵f̵_̵n̵o̵n̵p̵o̵s̵_̵l̵e̵f̵t̵,̵ ̵nonpos_iff_eq_zero, Fintype.card_ne_zero, add_tsub_cancel_right]

Note: This linter can be disabled with `set_option linter.unusedSimpArgs false`
  nonpos_iff_eq_zero

Hint: Omit it from the simp argument list.
  simp only [ge_iff_le, add_le_iff_nonpos_left, n̵o̵n̵p̵o̵s̵_̵i̵f̵f̵_̵e̵q̵_̵z̵e̵r̵o̵,̵ ̵Fintype.card_ne_zero, add_tsub_cancel_right]

Note: This linter can be disabled with `set_option linter.unusedSimpArgs false`
  Fintype.card_ne_zero

Hint: Omit it from the simp argument list.
  simp only [ge_iff_le, add_le_iff_nonpos_left, nonpos_iff_eq_zero, F̵i̵n̵t̵y̵p̵e̵.̵c̵a̵r̵d̵_̵n̵e̵_̵z̵e̵r̵o̵,̵add_tsub_cancel_right]

Note: This linter can be disabled with `set_option linter.unusedSimpArgs false`
  center_toSubsemiring

Hint: Omit it from the simp argument list.
  simp only [̵c̵e̵n̵t̵e̵r̵_̵t̵o̵S̵u̵b̵s̵e̵m̵i̵r̵i̵n̵g̵,̵ ̵S̵u̵b̵s̵e̵m̵i̵r̵i̵n̵g̵.̵c̵e̵n̵t̵e̵r̵_̵t̵o̵S̵u̵b̵m̵o̵n̵o̵i̵d̵,̵[̲S̲u̲b̲s̲e̲m̲i̲r̲i̲n̲g̲.̲c̲e̲n̲t̲e̲r̲_̲t̲o̲S̲u̲b̲m̲o̲n̲o̲i̲d̲,̲ ge_iff_le, add_le_iff_nonpos_left,
  ̲  ̲ ̲ ̲ ̲ ̲nonpos_iff_eq_zero, Fintype.card_ne_zero, add_tsub_cancel_right]

Note: This linter can be disabled with `set_option linter.unusedSimpArgs false`
  Subsemiring.center_toSubmonoid

Hint: Omit it from the simp argument list.
  simp only [center_toSubsemiring, S̵u̵b̵s̵e̵m̵i̵r̵i̵n̵g̵.̵c̵e̵n̵t̵e̵r̵_̵t̵o̵S̵u̵b̵m̵o̵n̵o̵i̵d̵,̵ ̵ge_iff_le, add_le_iff_nonpos_left, nonpos_iff_eq_zero,
  ̲  ̲ ̲ ̲ ̲ ̲Fintype.card_ne_zero, add_tsub_cancel_right]

Note: This linter can be disabled with `set_option linter.unusedSimpArgs false`
  ge_iff_le

Hint: Omit it from the simp argument list.
  simp only [center_toSubsemiring, Subsemiring.center_toSubmonoid, g̵e̵_̵i̵f̵f̵_̵l̵e̵,̵
  ̵ ̵ ̵ ̵ ̵ ̵ ̵add_le_iff_nonpos_left,
  ̲  ̲ ̲ ̲ ̲ ̲nonpos_iff_eq_zero, Fintype.card_ne_zero, add_tsub_cancel_right]

Note: This linter can be disabled with `set_option linter.unusedSimpArgs false`
  add_le_iff_nonpos_left

Hint: Omit it from the simp argument list.
  simp only [center_toSubsemiring, Subsemiring.center_toSubmonoid, ge_iff_le, a̵d̵d̵_̵l̵e̵_̵i̵f̵f̵_̵n̵o̵n̵p̵o̵s̵_̵l̵e̵f̵t̵,̵ ̵nonpos_iff_eq_zero,
  ̲  ̲ ̲ ̲ ̲ ̲Fintype.card_ne_zero, add_tsub_cancel_right]

Note: This linter can be disabled with `set_option linter.unusedSimpArgs false`
  nonpos_iff_eq_zero

Hint: Omit it from the simp argument list.
  simp only [center_toSubsemiring, Subsemiring.center_toSubmonoid, ge_iff_le,
        add_le_iff_nonpos_left, n̵o̵n̵p̵o̵s̵_̵i̵f̵f̵_̵e̵q̵_̵z̵e̵r̵o̵,̵ ̵Fintype.card_ne_zero, add_tsub_cancel_right]

Note: This linter can be disabled with `set_option linter.unusedSimpArgs false`
  Fintype.card_ne_zero

Hint: Omit it from the simp argument list.
  simp only [center_toSubsemiring, Subsemiring.center_toSubmonoid, ge_iff_le,
        add_le_iff_nonpos_left, nonpos_iff_eq_zero, F̵i̵n̵t̵y̵p̵e̵.̵c̵ar̵d_̵n̵e̵_̵z̵e̵r̵o̵,̵ ̵a̵dd̵_tsub_cancel_right]

Note: This linter can be disabled with `set_option linter.unusedSimpArgs false`
  IsUnit.mul_iff

Hint: Omit it from the simp argument list.
  simp only [eval_mul, eval_sub, eval_pow, eval_X, eval_one,̵ ̵I̵s̵U̵n̵i̵t̵.̵m̵u̵l̵_̵i̵f̵f̵] at this

Note: This linter can be disabled with `set_option linter.unusedSimpArgs false`

[2025-12-17 13:03:24] [INFO] Creating result object...
[2025-12-17 13:03:24] [INFO] Result object created
[2025-12-17 13:03:24] [INFO] Serializing result to JSON...
[2025-12-17 13:03:24] [INFO] Result JSON size: 7801 chars
[2025-12-17 13:03:24] [INFO] Writing result to file: /root/repo/result.json
[2025-12-17 13:03:24] [INFO] Result file written successfully
[2025-12-17 13:03:24] [INFO] Result exported to: /root/repo/result.json
[2025-12-17 13:03:24] [INFO] run_morphcloud_local.py completed successfully

[2025-12-17 13:03:27] [process_single_sorry] Downloading result file...
[2025-12-17 13:03:28] [process_single_sorry] Downloaded result to outputs/simple/2025-12-17_12-30-58_rfl/individual/e55109fe0996143f59457edb70750f506ddebd543a75fff7dd860d2687998f47.json
[2025-12-17 13:03:29] [process_single_sorry] Instance context closed successfully
[2025-12-17 13:03:29] [process_single_sorry] Parsing result file...
[2025-12-17 13:03:29] [process_single_sorry] Successfully parsed result (dict format)
