[2026-01-10 14:55:49] [process_single_sorry] Starting for sorry 1561df1c15e907541615d1ca33250ac83ce7ba4e9892761339328e9191d55b66
[2026-01-10 14:55:49] [process_single_sorry] Using snapshot: snapshot_dalqitsn
[2026-01-10 14:55:49] [process_single_sorry] Repository: https://github.com/Beneficial-AI-Foundation/curve25519-dalek-lean-verify@4c18ecf91b898d45f48ca6cb615a549e781a7b27
[2026-01-10 14:55:49] [process_single_sorry] Instance name: curve25519-dalek-lean-verify_4c18ecf91b89_rfl_1561df1c15e907541615d1ca33250ac83ce7ba4e9892761339328e9191d55b66
[2026-01-10 14:55:49] [process_single_sorry] Starting attempt 1/3
[2026-01-10 14:55:49] [process_single_sorry] Starting instance from snapshot...
[2026-01-10 14:55:49] [process_single_sorry] Instance started successfully: morphvm_kn20sgy3
[2026-01-10 14:55:49] [process_single_sorry] Creating .env file...
[2026-01-10 14:55:57] [process_single_sorry] .env file created (exit_code: 0)
[2026-01-10 14:55:57] [process_single_sorry] Executing agent command...
[2026-01-10 15:02:46] [process_single_sorry] Agent command completed (exit_code: 0)
[2026-01-10 15:02:46] [process_single_sorry] STDOUT:

Results JSON:
[
  {
    "sorry": {
      "repo": {
        "remote": "https://github.com/Beneficial-AI-Foundation/curve25519-dalek-lean-verify",
        "branch": "quark_scripts",
        "commit": "4c18ecf91b898d45f48ca6cb615a549e781a7b27",
        "lean_version": "v4.24.0"
      },
      "location": {
        "path": "Curve25519Dalek/Specs/Backend/Serial/U64/Field/FieldElement51/FromBytes.lean",
        "start_line": 227,
        "start_column": 2,
        "end_line": 227,
        "end_column": 7
      },
      "debug_info": {
        "goal": "bytes : Aeneas.Std.Array U8 32#usize\n⊢ ∃ result, from_bytes bytes = ok result ∧ Field51_as_Nat result ≡ U8x32_as_Nat bytes % 2 ^ 255 [MOD p]",
        "url": "https://github.com/Beneficial-AI-Foundation/curve25519-dalek-lean-verify/blob/4c18ecf91b898d45f48ca6cb615a549e781a7b27/Curve25519Dalek/Specs/Backend/Serial/U64/Field/FieldElement51/FromBytes.lean#L227"
      },
      "metadata": {
        "blame_email_hash": "910b101445d2",
        "blame_date": "2025-10-24T12:56:53+01:00",
        "inclusion_date": "2025-12-29T14:59:15.333426+00:00"
      },
      "id": "1561df1c15e907541615d1ca33250ac83ce7ba4e9892761339328e9191d55b66"
    },
    "proof": null,
    "proof_verified": false,
    "feedback": null,
    "verification_message": "All 1 attempts failed (1 strategies x 1 attempts each)",
    "success": true,
    "error_type": null,
    "error_message": null,
    "strategy_name": "all_failed_k=1",
    "proof_attempts": [
      "rfl"
    ]
  }
]

[2026-01-10 15:02:46] [process_single_sorry] STDERR:
None of PyTorch, TensorFlow >= 2.0, or Flax have been found. Models won't be available and only tokenizers, configuration and file/data utilities can be used.
[2026-01-10 14:56:44] [INFO] ================================================================================
[2026-01-10 14:56:44] [INFO] Starting run_morphcloud_local.py
[2026-01-10 14:56:44] [INFO] ================================================================================
[2026-01-10 14:56:44] [INFO] Environment loaded
[2026-01-10 14:56:44] [INFO] Full command: /root/SorryDB/sorrydb/cli/run_morphcloud_local.py --repo-path /root/repo --sorry-json {"repo": {"remote": "https://github.com/Beneficial-AI-Foundation/curve25519-dalek-lean-verify", "branch": "quark_scripts", "commit": "4c18ecf91b898d45f48ca6cb615a549e781a7b27", "lean_version": "v4.24.0"}, "location": {"path": "Curve25519Dalek/Specs/Backend/Serial/U64/Field/FieldElement51/FromBytes.lean", "start_line": 227, "start_column": 2, "end_line": 227, "end_column": 7}, "debug_info": {"goal": "bytes : Aeneas.Std.Array U8 32#usize\n\u22a2 \u2203 result, from_bytes bytes = ok result \u2227 Field51_as_Nat result \u2261 U8x32_as_Nat bytes % 2 ^ 255 [MOD p]", "url": "https://github.com/Beneficial-AI-Foundation/curve25519-dalek-lean-verify/blob/4c18ecf91b898d45f48ca6cb615a549e781a7b27/Curve25519Dalek/Specs/Backend/Serial/U64/Field/FieldElement51/FromBytes.lean#L227"}, "metadata": {"blame_email_hash": "910b101445d2", "blame_date": "2025-10-24T12:56:53+01:00", "inclusion_date": "2025-12-29T14:59:15.333426+00:00"}, "id": "1561df1c15e907541615d1ca33250ac83ce7ba4e9892761339328e9191d55b66"} --agent-strategy {"name": "rfl", "args": {}}
[2026-01-10 14:56:44] [INFO] Arguments parsed: repo_path=/root/repo, output_path=/root/repo/result.json
[2026-01-10 14:56:44] [INFO] Strategy spec: {"name": "rfl", "args": {}}...
[2026-01-10 14:56:44] [INFO] Loading sorry data...
[2026-01-10 14:56:44] [INFO] Parsing sorry from JSON string...
[2026-01-10 14:56:44] [INFO] Sorry data parsed from JSON string
[2026-01-10 14:56:44] [INFO] Creating strategy from spec...
[2026-01-10 14:56:44] [INFO] Parsing strategy spec (length: 27 chars)
[2026-01-10 14:56:44] [INFO] Strategy name: rfl
[2026-01-10 14:56:44] [INFO] Strategy args: {}
[2026-01-10 14:56:44] [INFO] Pass@k value: 1
[2026-01-10 14:56:44] [INFO] Creating strategy: rfl
[2026-01-10 14:56:44] [INFO] Strategies created: ['RflStrategy']
[2026-01-10 14:56:44] [INFO] Pass@k value: 1
[2026-01-10 14:56:44] [INFO] Creating Sorry object...
[2026-01-10 14:56:44] [INFO] Sorry object created: id=1561df1c15e907541615d1ca33250ac83ce7ba4e9892761339328e9191d55b66
[2026-01-10 14:56:44] [INFO] Sorry location: Curve25519Dalek/Specs/Backend/Serial/U64/Field/FieldElement51/FromBytes.lean:227
[2026-01-10 14:56:44] [INFO] Context before sorry (lines 222-227):
[2026-01-10 14:56:44] [INFO]   222: -/
[2026-01-10 14:56:44] [INFO]   223: @[progress]
[2026-01-10 14:56:44] [INFO]   224: theorem from_bytes_spec (bytes : Array U8 32#usize) :
[2026-01-10 14:56:44] [INFO]   225:     ∃ result, from_bytes bytes = ok result ∧
[2026-01-10 14:56:44] [INFO]   226:     Field51_as_Nat result ≡ (U8x32_as_Nat bytes % 2^255) [MOD p] := by
[2026-01-10 14:56:44] [INFO]   227:   sorry
[2026-01-10 14:56:44] [INFO] Sorry line:   sorry
[2026-01-10 14:56:44] [INFO] Sorry goal: bytes : Aeneas.Std.Array U8 32#usize
⊢ ∃ result, from_bytes bytes = ok result ∧ Field51_as_Nat resul...
[2026-01-10 14:56:44] [INFO] ========================================
[2026-01-10 14:56:44] [INFO] Trying strategy: RflStrategy (up to 1 attempts)
[2026-01-10 14:56:44] [INFO] --------------------
[2026-01-10 14:56:44] [INFO] Strategy RflStrategy, attempt 1/1
[2026-01-10 14:56:44] [INFO] Starting proof generation...
[2026-01-10 14:56:44] [INFO] Repository path: /root/repo
[2026-01-10 14:56:44] [INFO] Proof generation completed
[2026-01-10 14:56:44] [INFO] Generated proof:
[2026-01-10 14:56:44] [INFO] rfl
[2026-01-10 14:56:44] [INFO] Proof length: 3 chars
[2026-01-10 14:56:44] [INFO] Starting proof verification...
[2026-01-10 14:56:44] [INFO] Verifying at: Curve25519Dalek/Specs/Backend/Serial/U64/Field/FieldElement51/FromBytes.lean:227
[2026-01-10 14:56:44] [INFO] Using LEAN INTERACT verify
[2026-01-10 14:56:44] [INFO] Checking file
[2026-01-10 15:02:44] [INFO] Cannot build modified file Build timeout (exceeded 360 seconds)
[2026-01-10 15:02:44] [INFO] Proof verification completed
[2026-01-10 15:02:44] [INFO] Strategy RflStrategy attempt 1: verified=False
[2026-01-10 15:02:44] [INFO] Verification message: Cannot build modified file: Build timeout (exceeded 360 seconds)

[2026-01-10 15:02:44] [INFO] Attempt 1 failed verification, continuing...
[2026-01-10 15:02:44] [INFO] ========================================
[2026-01-10 15:02:44] [INFO] Pass@k completed. Total results: 1
[2026-01-10 15:02:44] [INFO] FAILED: All 1 strategies x 1 attempts
[2026-01-10 15:02:44] [INFO] Writing results to file: /root/repo/result.json
[2026-01-10 15:02:44] [INFO] Result file written successfully
[2026-01-10 15:02:44] [INFO] Results exported to: /root/repo/result.json
[2026-01-10 15:02:44] [INFO] run_morphcloud_local.py completed successfully

[2026-01-10 15:02:46] [process_single_sorry] Downloading result file...
[2026-01-10 15:02:46] [process_single_sorry] Downloaded result to intermediate_experiment_outputs_full_reservoir/rfl/2026-01-10_14-19-01_rfl/individual/1561df1c15e907541615d1ca33250ac83ce7ba4e9892761339328e9191d55b66.json
[2026-01-10 15:02:50] [process_single_sorry] Instance context closed successfully
[2026-01-10 15:02:50] [process_single_sorry] Parsing result file...
[2026-01-10 15:02:50] [process_single_sorry] Successfully parsed result (list format, 1 results)
