[2026-01-10 16:15:42] [process_single_sorry] Starting for sorry 18329f2217e8df3a379058346d48a8b68d22f182371f38d072b3b2ffb6f9713b
[2026-01-10 16:15:42] [process_single_sorry] Using snapshot: snapshot_unoif4xr
[2026-01-10 16:15:42] [process_single_sorry] Repository: https://github.com/FredRaj3/SemicircleLaw@7fc9d820929d1a9aeb198677f577dc41f2d0fefd
[2026-01-10 16:15:42] [process_single_sorry] Instance name: SemicircleLaw_7fc9d820929d_rfl_18329f2217e8df3a379058346d48a8b68d22f182371f38d072b3b2ffb6f9713b
[2026-01-10 16:15:42] [process_single_sorry] Starting attempt 1/3
[2026-01-10 16:15:42] [process_single_sorry] Starting instance from snapshot...
[2026-01-10 16:15:44] [process_single_sorry] Instance started successfully: morphvm_gcffpc3g
[2026-01-10 16:15:44] [process_single_sorry] Creating .env file...
[2026-01-10 16:15:49] [process_single_sorry] .env file created (exit_code: 0)
[2026-01-10 16:15:49] [process_single_sorry] Executing agent command...
[2026-01-10 16:16:30] [process_single_sorry] Agent command completed (exit_code: 0)
[2026-01-10 16:16:30] [process_single_sorry] STDOUT:

Results JSON:
[
  {
    "sorry": {
      "repo": {
        "remote": "https://github.com/FredRaj3/SemicircleLaw",
        "branch": "main",
        "commit": "7fc9d820929d1a9aeb198677f577dc41f2d0fefd",
        "lean_version": "v4.24.0"
      },
      "location": {
        "path": "SemicircleLaw/RandomMatrix/WignerMatrix.lean",
        "start_line": 190,
        "start_column": 2,
        "end_line": 190,
        "end_column": 7
      },
      "debug_info": {
        "goal": "n✝ : ℕ\nμ ν : Measure ℝ\ninst✝² : IsProbabilityMeasure μ\ninst✝¹ : IsProbabilityMeasure ν\nhμ_moments : ∀ (k : ℕ), Integrable (fun x => x ^ k) μ\nhν_moments : ∀ (k : ℕ), Integrable (fun x => x ^ k) ν\nhμ_mean : integral μ id = 0\nhν_mean : integral ν id = 0\nhμ_var : ∫ (x : ℝ), x ^ 2 ∂μ = 1\nΩ : Type u_1\ninst✝ : MeasurableSpace Ω\nP : Measure Ω\nX : Ω → Matrix (Fin n✝) (Fin n✝) ℝ\nn : ℕ\n⊢ IsProbabilityMeasure (Measure.pi (wignerMeasureDist μ ν n))",
        "url": "https://github.com/FredRaj3/SemicircleLaw/blob/7fc9d820929d1a9aeb198677f577dc41f2d0fefd/SemicircleLaw/RandomMatrix/WignerMatrix.lean#L190"
      },
      "metadata": {
        "blame_email_hash": "2df9b5cdbb92",
        "blame_date": "2025-09-16T16:07:27+02:00",
        "inclusion_date": "2025-12-29T16:08:36.434531+00:00"
      },
      "id": "18329f2217e8df3a379058346d48a8b68d22f182371f38d072b3b2ffb6f9713b"
    },
    "proof": null,
    "proof_verified": false,
    "feedback": null,
    "verification_message": "All 1 attempts failed (1 strategies x 1 attempts each)",
    "success": true,
    "error_type": null,
    "error_message": null,
    "strategy_name": "all_failed_k=1",
    "proof_attempts": [
      "rfl"
    ]
  }
]

[2026-01-10 16:16:30] [process_single_sorry] STDERR:
None of PyTorch, TensorFlow >= 2.0, or Flax have been found. Models won't be available and only tokenizers, configuration and file/data utilities can be used.
[2026-01-10 16:16:03] [INFO] ================================================================================
[2026-01-10 16:16:03] [INFO] Starting run_morphcloud_local.py
[2026-01-10 16:16:03] [INFO] ================================================================================
[2026-01-10 16:16:03] [INFO] Environment loaded
[2026-01-10 16:16:03] [INFO] Full command: /root/SorryDB/sorrydb/cli/run_morphcloud_local.py --repo-path /root/repo --sorry-json {"repo": {"remote": "https://github.com/FredRaj3/SemicircleLaw", "branch": "main", "commit": "7fc9d820929d1a9aeb198677f577dc41f2d0fefd", "lean_version": "v4.24.0"}, "location": {"path": "SemicircleLaw/RandomMatrix/WignerMatrix.lean", "start_line": 190, "start_column": 2, "end_line": 190, "end_column": 7}, "debug_info": {"goal": "n\u271d : \u2115\n\u03bc \u03bd : Measure \u211d\ninst\u271d\u00b2 : IsProbabilityMeasure \u03bc\ninst\u271d\u00b9 : IsProbabilityMeasure \u03bd\nh\u03bc_moments : \u2200 (k : \u2115), Integrable (fun x => x ^ k) \u03bc\nh\u03bd_moments : \u2200 (k : \u2115), Integrable (fun x => x ^ k) \u03bd\nh\u03bc_mean : integral \u03bc id = 0\nh\u03bd_mean : integral \u03bd id = 0\nh\u03bc_var : \u222b (x : \u211d), x ^ 2 \u2202\u03bc = 1\n\u03a9 : Type u_1\ninst\u271d : MeasurableSpace \u03a9\nP : Measure \u03a9\nX : \u03a9 \u2192 Matrix (Fin n\u271d) (Fin n\u271d) \u211d\nn : \u2115\n\u22a2 IsProbabilityMeasure (Measure.pi (wignerMeasureDist \u03bc \u03bd n))", "url": "https://github.com/FredRaj3/SemicircleLaw/blob/7fc9d820929d1a9aeb198677f577dc41f2d0fefd/SemicircleLaw/RandomMatrix/WignerMatrix.lean#L190"}, "metadata": {"blame_email_hash": "2df9b5cdbb92", "blame_date": "2025-09-16T16:07:27+02:00", "inclusion_date": "2025-12-29T16:08:36.434531+00:00"}, "id": "18329f2217e8df3a379058346d48a8b68d22f182371f38d072b3b2ffb6f9713b"} --agent-strategy {"name": "rfl", "args": {}}
[2026-01-10 16:16:03] [INFO] Arguments parsed: repo_path=/root/repo, output_path=/root/repo/result.json
[2026-01-10 16:16:03] [INFO] Strategy spec: {"name": "rfl", "args": {}}...
[2026-01-10 16:16:03] [INFO] Loading sorry data...
[2026-01-10 16:16:03] [INFO] Parsing sorry from JSON string...
[2026-01-10 16:16:03] [INFO] Sorry data parsed from JSON string
[2026-01-10 16:16:03] [INFO] Creating strategy from spec...
[2026-01-10 16:16:03] [INFO] Parsing strategy spec (length: 27 chars)
[2026-01-10 16:16:03] [INFO] Strategy name: rfl
[2026-01-10 16:16:03] [INFO] Strategy args: {}
[2026-01-10 16:16:03] [INFO] Pass@k value: 1
[2026-01-10 16:16:03] [INFO] Creating strategy: rfl
[2026-01-10 16:16:03] [INFO] Strategies created: ['RflStrategy']
[2026-01-10 16:16:03] [INFO] Pass@k value: 1
[2026-01-10 16:16:03] [INFO] Creating Sorry object...
[2026-01-10 16:16:03] [INFO] Sorry object created: id=18329f2217e8df3a379058346d48a8b68d22f182371f38d072b3b2ffb6f9713b
[2026-01-10 16:16:03] [INFO] Sorry location: SemicircleLaw/RandomMatrix/WignerMatrix.lean:190
[2026-01-10 16:16:03] [INFO] Context before sorry (lines 185-190):
[2026-01-10 16:16:03] [INFO]   185:   Measure.pi (wignerMeasureDist μ ν n)
[2026-01-10 16:16:03] [INFO]   186: 
[2026-01-10 16:16:03] [INFO]   187: instance instIsProbabilityMeasure (n : ℕ) : IsProbabilityMeasure (WignerMeasure μ ν n) := by
[2026-01-10 16:16:03] [INFO]   188:   rw[WignerMeasure]
[2026-01-10 16:16:03] [INFO]   189:   --apply MeasureTheory.Measure.pi.instIsProbabilityMeasure
[2026-01-10 16:16:03] [INFO]   190:   sorry
[2026-01-10 16:16:03] [INFO] Sorry line:   sorry
[2026-01-10 16:16:03] [INFO] Sorry goal: n✝ : ℕ
μ ν : Measure ℝ
inst✝² : IsProbabilityMeasure μ
inst✝¹ : IsProbabilityMeasure ν
hμ_moments : ...
[2026-01-10 16:16:03] [INFO] ========================================
[2026-01-10 16:16:03] [INFO] Trying strategy: RflStrategy (up to 1 attempts)
[2026-01-10 16:16:03] [INFO] --------------------
[2026-01-10 16:16:03] [INFO] Strategy RflStrategy, attempt 1/1
[2026-01-10 16:16:03] [INFO] Starting proof generation...
[2026-01-10 16:16:03] [INFO] Repository path: /root/repo
[2026-01-10 16:16:03] [INFO] Proof generation completed
[2026-01-10 16:16:03] [INFO] Generated proof:
[2026-01-10 16:16:03] [INFO] rfl
[2026-01-10 16:16:03] [INFO] Proof length: 3 chars
[2026-01-10 16:16:03] [INFO] Starting proof verification...
[2026-01-10 16:16:03] [INFO] Verifying at: SemicircleLaw/RandomMatrix/WignerMatrix.lean:190
[2026-01-10 16:16:03] [INFO] Using LEAN INTERACT verify
[2026-01-10 16:16:03] [INFO] Checking file
[2026-01-10 16:16:29] [INFO] Cannot build modified file isWignerMatrix.{u_1} {Ω : Type u_1} [MeasurableSpace Ω] (k : ℕ) (μ ν : Measure ℝ) (X : Ω → Matrix (Fin k) (Fin k) ℝ)
  (P : Measure Ω) : Prop
  [IsProbabilityMeasure μ]
  [IsProbabilityMeasure ν]
consider restructuring your `variable` declarations so that the variables are not in scope or explicitly omit them:
  omit [IsProbabilityMeasure μ] [IsProbabilityMeasure ν] in theorem ...

Note: This linter can be disabled with `set_option linter.unusedSectionVars false`
  [IsProbabilityMeasure μ]
  [IsProbabilityMeasure ν]
consider restructuring your `variable` declarations so that the variables are not in scope or explicitly omit them:
  omit [IsProbabilityMeasure μ] [IsProbabilityMeasure ν] in theorem ...

Note: This linter can be disabled with `set_option linter.unusedSectionVars false`

Note: This linter can be disabled with `set_option linter.unusedTactic false`
  [IsProbabilityMeasure μ]
  [IsProbabilityMeasure ν]
consider restructuring your `variable` declarations so that the variables are not in scope or explicitly omit them:
  omit [IsProbabilityMeasure μ] [IsProbabilityMeasure ν] in theorem ...

Note: This linter can be disabled with `set_option linter.unusedSectionVars false`
  [IsProbabilityMeasure μ]
  [IsProbabilityMeasure ν]
consider restructuring your `variable` declarations so that the variables are not in scope or explicitly omit them:
  omit [IsProbabilityMeasure μ] [IsProbabilityMeasure ν] in theorem ...

Note: This linter can be disabled with `set_option linter.unusedSectionVars false`
  [IsProbabilityMeasure μ]
  [IsProbabilityMeasure ν]
consider restructuring your `variable` declarations so that the variables are not in scope or explicitly omit them:
  omit [IsProbabilityMeasure μ] [IsProbabilityMeasure ν] in theorem ...

Note: This linter can be disabled with `set_option linter.unusedSectionVars false`
<error line="190" column="2">
<code_line>  rfl</code_line>
<message>error: Tactic `rfl` failed: The left-hand side</message>
</error>
  instMeasurableSpaceWignerSpace n
is not definitionally equal to the right-hand side
  Measure.pi (wignerMeasureDist μ ν n)

n✝ : ℕ
μ ν : Measure ℝ
inst✝² : IsProbabilityMeasure μ
inst✝¹ : IsProbabilityMeasure ν
hμ_moments : ∀ (k : ℕ), Integrable (fun x => x ^ k) μ
hν_moments : ∀ (k : ℕ), Integrable (fun x => x ^ k) ν
hμ_mean : integral μ id = 0
hν_mean : integral ν id = 0
hμ_var : ∫ (x : ℝ), x ^ 2 ∂μ = 1
Ω : Type u_1
inst✝ : MeasurableSpace Ω
P : Measure Ω
X : Ω → Matrix (Fin n✝) (Fin n✝) ℝ
n : ℕ
⊢ IsProbabilityMeasure (Measure.pi (wignerMeasureDist μ ν n))
(wignerMatrixMap n ω ^ k).trace : ℝ
[2026-01-10 16:16:29] [INFO] Proof verification completed
[2026-01-10 16:16:29] [INFO] Strategy RflStrategy attempt 1: verified=False
[2026-01-10 16:16:29] [INFO] Verification message: Cannot build modified file: isWignerMatrix.{u_1} {Ω : Type u_1} [MeasurableSpace Ω] (k : ℕ) (μ ν : Measure ℝ) (X : Ω → Matrix (Fin k) (Fin k) ℝ)
  (P : Measure Ω) : Prop
  [IsProbabilityMeasure μ]
  [IsProbabilityMeasure ν]
consider restructuring your `variable` declarations so that the variables are not in scope or explicitly omit them:
  omit [IsProbabilityMeasure μ] [IsProbabilityMeasure ν] in theorem ...

Note: This linter can be disabled with `set_option linter.unusedSectionVars false`
  [IsProbabilityMeasure μ]
  [IsProbabilityMeasure ν]
consider restructuring your `variable` declarations so that the variables are not in scope or explicitly omit them:
  omit [IsProbabilityMeasure μ] [IsProbabilityMeasure ν] in theorem ...

Note: This linter can be disabled with `set_option linter.unusedSectionVars false`

Note: This linter can be disabled with `set_option linter.unusedTactic false`
  [IsProbabilityMeasure μ]
  [IsProbabilityMeasure ν]
consider restructuring your `variable` declarations so that the variables are not in scope or explicitly omit them:
  omit [IsProbabilityMeasure μ] [IsProbabilityMeasure ν] in theorem ...

Note: This linter can be disabled with `set_option linter.unusedSectionVars false`
  [IsProbabilityMeasure μ]
  [IsProbabilityMeasure ν]
consider restructuring your `variable` declarations so that the variables are not in scope or explicitly omit them:
  omit [IsProbabilityMeasure μ] [IsProbabilityMeasure ν] in theorem ...

Note: This linter can be disabled with `set_option linter.unusedSectionVars false`
  [IsProbabilityMeasure μ]
  [IsProbabilityMeasure ν]
consider restructuring your `variable` declarations so that the variables are not in scope or explicitly omit them:
  omit [IsProbabilityMeasure μ] [IsProbabilityMeasure ν] in theorem ...

Note: This linter can be disabled with `set_option linter.unusedSectionVars false`
<error line="190" column="2">
<code_line>  rfl</code_line>
<message>error: Tactic `rfl` failed: The left-hand side</message>
</error>
  instMeasurableSpaceWignerSpace n
is not definitionally equal to the right-hand side
  Measure.pi (wignerMeasureDist μ ν n)

n✝ : ℕ
μ ν : Measure ℝ
inst✝² : IsProbabilityMeasure μ
inst✝¹ : IsProbabilityMeasure ν
hμ_moments : ∀ (k : ℕ), Integrable (fun x => x ^ k) μ
hν_moments : ∀ (k : ℕ), Integrable (fun x => x ^ k) ν
hμ_mean : integral μ id = 0
hν_mean : integral ν id = 0
hμ_var : ∫ (x : ℝ), x ^ 2 ∂μ = 1
Ω : Type u_1
inst✝ : MeasurableSpace Ω
P : Measure Ω
X : Ω → Matrix (Fin n✝) (Fin n✝) ℝ
n : ℕ
⊢ IsProbabilityMeasure (Measure.pi (wignerMeasureDist μ ν n))
(wignerMatrixMap n ω ^ k).trace : ℝ

[2026-01-10 16:16:29] [INFO] Attempt 1 failed verification, continuing...
[2026-01-10 16:16:29] [INFO] ========================================
[2026-01-10 16:16:29] [INFO] Pass@k completed. Total results: 1
[2026-01-10 16:16:29] [INFO] FAILED: All 1 strategies x 1 attempts
[2026-01-10 16:16:29] [INFO] Writing results to file: /root/repo/result.json
[2026-01-10 16:16:29] [INFO] Result file written successfully
[2026-01-10 16:16:29] [INFO] Results exported to: /root/repo/result.json
[2026-01-10 16:16:29] [INFO] run_morphcloud_local.py completed successfully

[2026-01-10 16:16:30] [process_single_sorry] Downloading result file...
[2026-01-10 16:16:30] [process_single_sorry] Downloaded result to intermediate_experiment_outputs_full_reservoir/rfl/2026-01-10_14-19-01_rfl/individual/18329f2217e8df3a379058346d48a8b68d22f182371f38d072b3b2ffb6f9713b.json
[2026-01-10 16:16:32] [process_single_sorry] Instance context closed successfully
[2026-01-10 16:16:32] [process_single_sorry] Parsing result file...
[2026-01-10 16:16:32] [process_single_sorry] Successfully parsed result (list format, 1 results)
