[2026-01-10 16:09:33] [process_single_sorry] Starting for sorry 351209988d84cb95d2240c44a23f67980a3a70db5e19c406088c9f66faf8c8c6
[2026-01-10 16:09:33] [process_single_sorry] Using snapshot: snapshot_nziw4nul
[2026-01-10 16:09:33] [process_single_sorry] Repository: https://github.com/vihdzp/combinatorial-games@fda8348ac7eaa8d3dbd3cb0871b96380410f68ac
[2026-01-10 16:09:33] [process_single_sorry] Instance name: combinatorial-games_fda8348ac7ea_rfl_351209988d84cb95d2240c44a23f67980a3a70db5e19c406088c9f66faf8c8c6
[2026-01-10 16:09:33] [process_single_sorry] Starting attempt 1/3
[2026-01-10 16:09:33] [process_single_sorry] Starting instance from snapshot...
[2026-01-10 16:09:36] [process_single_sorry] Instance started successfully: morphvm_jzhdqccu
[2026-01-10 16:09:36] [process_single_sorry] Creating .env file...
[2026-01-10 16:09:44] [process_single_sorry] .env file created (exit_code: 0)
[2026-01-10 16:09:44] [process_single_sorry] Executing agent command...
[2026-01-10 16:12:39] [process_single_sorry] Agent command completed (exit_code: 0)
[2026-01-10 16:12:39] [process_single_sorry] STDOUT:

Results JSON:
[
  {
    "sorry": {
      "repo": {
        "remote": "https://github.com/vihdzp/combinatorial-games",
        "branch": "vi.st",
        "commit": "fda8348ac7eaa8d3dbd3cb0871b96380410f68ac",
        "lean_version": "v4.27.0-rc1"
      },
      "location": {
        "path": "CombinatorialGames/Surreal/HahnSeries/Surreal.lean",
        "start_line": 614,
        "start_column": 2,
        "end_line": 614,
        "end_column": 7
      },
      "debug_info": {
        "goal": "x : SurrealHahnSeries\no : Ordinal.{u_1}\nhx : x.length = o + 1\n⊢ @SurrealHahnSeries.toSurreal x = @SurrealHahnSeries.toSurreal (x.truncIdx o) + x.term o",
        "url": "https://github.com/vihdzp/combinatorial-games/blob/fda8348ac7eaa8d3dbd3cb0871b96380410f68ac/CombinatorialGames/Surreal/HahnSeries/Surreal.lean#L614"
      },
      "metadata": {
        "blame_email_hash": "e50bdf9225ac",
        "blame_date": "2025-12-22T16:42:04-06:00",
        "inclusion_date": "2025-12-30T18:37:38.978564+00:00"
      },
      "id": "351209988d84cb95d2240c44a23f67980a3a70db5e19c406088c9f66faf8c8c6"
    },
    "proof": null,
    "proof_verified": false,
    "feedback": null,
    "verification_message": "All 1 attempts failed (1 strategies x 1 attempts each)",
    "success": true,
    "error_type": null,
    "error_message": null,
    "strategy_name": "all_failed_k=1",
    "proof_attempts": [
      "rfl"
    ]
  }
]

[2026-01-10 16:12:39] [process_single_sorry] STDERR:
None of PyTorch, TensorFlow >= 2.0, or Flax have been found. Models won't be available and only tokenizers, configuration and file/data utilities can be used.
[2026-01-10 16:10:27] [INFO] ================================================================================
[2026-01-10 16:10:27] [INFO] Starting run_morphcloud_local.py
[2026-01-10 16:10:27] [INFO] ================================================================================
[2026-01-10 16:10:27] [INFO] Environment loaded
[2026-01-10 16:10:27] [INFO] Full command: /root/SorryDB/sorrydb/cli/run_morphcloud_local.py --repo-path /root/repo --sorry-json {"repo": {"remote": "https://github.com/vihdzp/combinatorial-games", "branch": "vi.st", "commit": "fda8348ac7eaa8d3dbd3cb0871b96380410f68ac", "lean_version": "v4.27.0-rc1"}, "location": {"path": "CombinatorialGames/Surreal/HahnSeries/Surreal.lean", "start_line": 614, "start_column": 2, "end_line": 614, "end_column": 7}, "debug_info": {"goal": "x : SurrealHahnSeries\no : Ordinal.{u_1}\nhx : x.length = o + 1\n\u22a2 @SurrealHahnSeries.toSurreal x = @SurrealHahnSeries.toSurreal (x.truncIdx o) + x.term o", "url": "https://github.com/vihdzp/combinatorial-games/blob/fda8348ac7eaa8d3dbd3cb0871b96380410f68ac/CombinatorialGames/Surreal/HahnSeries/Surreal.lean#L614"}, "metadata": {"blame_email_hash": "e50bdf9225ac", "blame_date": "2025-12-22T16:42:04-06:00", "inclusion_date": "2025-12-30T18:37:38.978564+00:00"}, "id": "351209988d84cb95d2240c44a23f67980a3a70db5e19c406088c9f66faf8c8c6"} --agent-strategy {"name": "rfl", "args": {}}
[2026-01-10 16:10:27] [INFO] Arguments parsed: repo_path=/root/repo, output_path=/root/repo/result.json
[2026-01-10 16:10:27] [INFO] Strategy spec: {"name": "rfl", "args": {}}...
[2026-01-10 16:10:27] [INFO] Loading sorry data...
[2026-01-10 16:10:27] [INFO] Parsing sorry from JSON string...
[2026-01-10 16:10:27] [INFO] Sorry data parsed from JSON string
[2026-01-10 16:10:27] [INFO] Creating strategy from spec...
[2026-01-10 16:10:27] [INFO] Parsing strategy spec (length: 27 chars)
[2026-01-10 16:10:27] [INFO] Strategy name: rfl
[2026-01-10 16:10:27] [INFO] Strategy args: {}
[2026-01-10 16:10:27] [INFO] Pass@k value: 1
[2026-01-10 16:10:27] [INFO] Creating strategy: rfl
[2026-01-10 16:10:27] [INFO] Strategies created: ['RflStrategy']
[2026-01-10 16:10:27] [INFO] Pass@k value: 1
[2026-01-10 16:10:27] [INFO] Creating Sorry object...
[2026-01-10 16:10:27] [INFO] Sorry object created: id=351209988d84cb95d2240c44a23f67980a3a70db5e19c406088c9f66faf8c8c6
[2026-01-10 16:10:27] [INFO] Sorry location: CombinatorialGames/Surreal/HahnSeries/Surreal.lean:614
[2026-01-10 16:10:27] [INFO] Context before sorry (lines 609-614):
[2026-01-10 16:10:27] [INFO]   609:   congr <;> aesop
[2026-01-10 16:10:27] [INFO]   610: 
[2026-01-10 16:10:27] [INFO]   611: -- Do I need this?
[2026-01-10 16:10:27] [INFO]   612: theorem toSurreal_eq_of_succ {x : SurrealHahnSeries} {o : Ordinal} (hx : x.length = o + 1) :
[2026-01-10 16:10:27] [INFO]   613:     toSurreal x = toSurreal (x.truncIdx o) + x.term o := by
[2026-01-10 16:10:27] [INFO]   614:   sorry
[2026-01-10 16:10:27] [INFO] Sorry line:   sorry
[2026-01-10 16:10:27] [INFO] Sorry goal: x : SurrealHahnSeries
o : Ordinal.{u_1}
hx : x.length = o + 1
⊢ @SurrealHahnSeries.toSurreal x = @Su...
[2026-01-10 16:10:27] [INFO] ========================================
[2026-01-10 16:10:27] [INFO] Trying strategy: RflStrategy (up to 1 attempts)
[2026-01-10 16:10:27] [INFO] --------------------
[2026-01-10 16:10:27] [INFO] Strategy RflStrategy, attempt 1/1
[2026-01-10 16:10:27] [INFO] Starting proof generation...
[2026-01-10 16:10:27] [INFO] Repository path: /root/repo
[2026-01-10 16:10:27] [INFO] Proof generation completed
[2026-01-10 16:10:27] [INFO] Generated proof:
[2026-01-10 16:10:27] [INFO] rfl
[2026-01-10 16:10:27] [INFO] Proof length: 3 chars
[2026-01-10 16:10:27] [INFO] Starting proof verification...
[2026-01-10 16:10:27] [INFO] Verifying at: CombinatorialGames/Surreal/HahnSeries/Surreal.lean:614
[2026-01-10 16:10:27] [INFO] Using LEAN INTERACT verify
[2026-01-10 16:10:27] [INFO] Checking file
[2026-01-10 16:12:38] [INFO] Cannot build modified file <error line="614" column="2">
<code_line>  rfl</code_line>
<message>error: Tactic `rfl` failed: The left-hand side</message>
</error>
  ↑x
is not definitionally equal to the right-hand side
  ↑(x.truncIdx o) + x.term o

x : SurrealHahnSeries
o : Ordinal.{u_1}
hx : x.length = o + 1
⊢ ↑x = ↑(x.truncIdx o) + x.term o
[2026-01-10 16:12:38] [INFO] Proof verification completed
[2026-01-10 16:12:38] [INFO] Strategy RflStrategy attempt 1: verified=False
[2026-01-10 16:12:38] [INFO] Verification message: Cannot build modified file: <error line="614" column="2">
<code_line>  rfl</code_line>
<message>error: Tactic `rfl` failed: The left-hand side</message>
</error>
  ↑x
is not definitionally equal to the right-hand side
  ↑(x.truncIdx o) + x.term o

x : SurrealHahnSeries
o : Ordinal.{u_1}
hx : x.length = o + 1
⊢ ↑x = ↑(x.truncIdx o) + x.term o

[2026-01-10 16:12:38] [INFO] Attempt 1 failed verification, continuing...
[2026-01-10 16:12:38] [INFO] ========================================
[2026-01-10 16:12:38] [INFO] Pass@k completed. Total results: 1
[2026-01-10 16:12:38] [INFO] FAILED: All 1 strategies x 1 attempts
[2026-01-10 16:12:38] [INFO] Writing results to file: /root/repo/result.json
[2026-01-10 16:12:38] [INFO] Result file written successfully
[2026-01-10 16:12:38] [INFO] Results exported to: /root/repo/result.json
[2026-01-10 16:12:38] [INFO] run_morphcloud_local.py completed successfully

[2026-01-10 16:12:39] [process_single_sorry] Downloading result file...
[2026-01-10 16:12:40] [process_single_sorry] Downloaded result to intermediate_experiment_outputs_full_reservoir/rfl/2026-01-10_14-19-01_rfl/individual/351209988d84cb95d2240c44a23f67980a3a70db5e19c406088c9f66faf8c8c6.json
[2026-01-10 16:12:43] [process_single_sorry] Instance context closed successfully
[2026-01-10 16:12:43] [process_single_sorry] Parsing result file...
[2026-01-10 16:12:43] [process_single_sorry] Successfully parsed result (list format, 1 results)
