[2026-01-10 16:16:14] [process_single_sorry] Starting for sorry 3f5e23a5c104d99283d4463fa32431e865a67d956c09951fe1f23c5be852f186
[2026-01-10 16:16:14] [process_single_sorry] Using snapshot: snapshot_3pwmpwii
[2026-01-10 16:16:14] [process_single_sorry] Repository: https://github.com/Verified-zkEVM/clean@66631c4e4bd37ba3bf3acb5fcc125fc2558f6c70
[2026-01-10 16:16:14] [process_single_sorry] Instance name: clean_66631c4e4bd3_rfl_3f5e23a5c104d99283d4463fa32431e865a67d956c09951fe1f23c5be852f186
[2026-01-10 16:16:14] [process_single_sorry] Starting attempt 1/3
[2026-01-10 16:16:14] [process_single_sorry] Starting instance from snapshot...
[2026-01-10 16:16:15] [process_single_sorry] Instance started successfully: morphvm_xjv4s30v
[2026-01-10 16:16:15] [process_single_sorry] Creating .env file...
[2026-01-10 16:16:35] [process_single_sorry] .env file created (exit_code: 0)
[2026-01-10 16:16:35] [process_single_sorry] Executing agent command...
[2026-01-10 16:19:22] [process_single_sorry] Agent command completed (exit_code: 0)
[2026-01-10 16:19:22] [process_single_sorry] STDOUT:

Results JSON:
[
  {
    "sorry": {
      "repo": {
        "remote": "https://github.com/Verified-zkEVM/clean",
        "branch": "if-else",
        "commit": "66631c4e4bd37ba3bf3acb5fcc125fc2558f6c70",
        "lean_version": "v4.24.0"
      },
      "location": {
        "path": "Clean/Utils/Test/TestCircuitProofStart.lean",
        "start_line": 64,
        "start_column": 2,
        "end_line": 64,
        "end_column": 7
      },
      "debug_info": {
        "goal": "F : Type\ninst✝² : Field F\nInput Output : TypeMap\ninst✝¹ : ProvableType Input\ninst✝ : ProvableType Output\nn : ℕ\nk : Fin n\ncircuit : ℕ → Fin n → ElaboratedCircuit F Input Output\nAssumptions : Input F → Prop\nSpec : ℕ → Fin n → Input F → Output F → Prop\ni₀ : ℕ\nenv : Environment F\ninput_var : Var Input F\ninput : Input F\nh_input : eval env input_var = input\nh_assumptions : Assumptions input\nh_holds : ConstraintsHold.Soundness env (ElaboratedCircuit.main input_var i₀).2\n⊢ Spec n k input (eval env (ElaboratedCircuit.output input_var i₀))",
        "url": "https://github.com/Verified-zkEVM/clean/blob/66631c4e4bd37ba3bf3acb5fcc125fc2558f6c70/Clean/Utils/Test/TestCircuitProofStart.lean#L64"
      },
      "metadata": {
        "blame_email_hash": "57adedd38fb4",
        "blame_date": "2025-07-21T12:01:01+01:00",
        "inclusion_date": "2025-12-29T23:45:18.901876+00:00"
      },
      "id": "3f5e23a5c104d99283d4463fa32431e865a67d956c09951fe1f23c5be852f186"
    },
    "proof": null,
    "proof_verified": false,
    "feedback": null,
    "verification_message": "All 1 attempts failed (1 strategies x 1 attempts each)",
    "success": true,
    "error_type": null,
    "error_message": null,
    "strategy_name": "all_failed_k=1",
    "proof_attempts": [
      "rfl"
    ]
  }
]

[2026-01-10 16:19:22] [process_single_sorry] STDERR:
None of PyTorch, TensorFlow >= 2.0, or Flax have been found. Models won't be available and only tokenizers, configuration and file/data utilities can be used.
[2026-01-10 16:17:28] [INFO] ================================================================================
[2026-01-10 16:17:28] [INFO] Starting run_morphcloud_local.py
[2026-01-10 16:17:28] [INFO] ================================================================================
[2026-01-10 16:17:28] [INFO] Environment loaded
[2026-01-10 16:17:28] [INFO] Full command: /root/SorryDB/sorrydb/cli/run_morphcloud_local.py --repo-path /root/repo --sorry-json {"repo": {"remote": "https://github.com/Verified-zkEVM/clean", "branch": "if-else", "commit": "66631c4e4bd37ba3bf3acb5fcc125fc2558f6c70", "lean_version": "v4.24.0"}, "location": {"path": "Clean/Utils/Test/TestCircuitProofStart.lean", "start_line": 64, "start_column": 2, "end_line": 64, "end_column": 7}, "debug_info": {"goal": "F : Type\ninst\u271d\u00b2 : Field F\nInput Output : TypeMap\ninst\u271d\u00b9 : ProvableType Input\ninst\u271d : ProvableType Output\nn : \u2115\nk : Fin n\ncircuit : \u2115 \u2192 Fin n \u2192 ElaboratedCircuit F Input Output\nAssumptions : Input F \u2192 Prop\nSpec : \u2115 \u2192 Fin n \u2192 Input F \u2192 Output F \u2192 Prop\ni\u2080 : \u2115\nenv : Environment F\ninput_var : Var Input F\ninput : Input F\nh_input : eval env input_var = input\nh_assumptions : Assumptions input\nh_holds : ConstraintsHold.Soundness env (ElaboratedCircuit.main input_var i\u2080).2\n\u22a2 Spec n k input (eval env (ElaboratedCircuit.output input_var i\u2080))", "url": "https://github.com/Verified-zkEVM/clean/blob/66631c4e4bd37ba3bf3acb5fcc125fc2558f6c70/Clean/Utils/Test/TestCircuitProofStart.lean#L64"}, "metadata": {"blame_email_hash": "57adedd38fb4", "blame_date": "2025-07-21T12:01:01+01:00", "inclusion_date": "2025-12-29T23:45:18.901876+00:00"}, "id": "3f5e23a5c104d99283d4463fa32431e865a67d956c09951fe1f23c5be852f186"} --agent-strategy {"name": "rfl", "args": {}}
[2026-01-10 16:17:28] [INFO] Arguments parsed: repo_path=/root/repo, output_path=/root/repo/result.json
[2026-01-10 16:17:28] [INFO] Strategy spec: {"name": "rfl", "args": {}}...
[2026-01-10 16:17:28] [INFO] Loading sorry data...
[2026-01-10 16:17:28] [INFO] Parsing sorry from JSON string...
[2026-01-10 16:17:28] [INFO] Sorry data parsed from JSON string
[2026-01-10 16:17:28] [INFO] Creating strategy from spec...
[2026-01-10 16:17:28] [INFO] Parsing strategy spec (length: 27 chars)
[2026-01-10 16:17:28] [INFO] Strategy name: rfl
[2026-01-10 16:17:28] [INFO] Strategy args: {}
[2026-01-10 16:17:28] [INFO] Pass@k value: 1
[2026-01-10 16:17:28] [INFO] Creating strategy: rfl
[2026-01-10 16:17:28] [INFO] Strategies created: ['RflStrategy']
[2026-01-10 16:17:28] [INFO] Pass@k value: 1
[2026-01-10 16:17:28] [INFO] Creating Sorry object...
[2026-01-10 16:17:28] [INFO] Sorry object created: id=3f5e23a5c104d99283d4463fa32431e865a67d956c09951fe1f23c5be852f186
[2026-01-10 16:17:28] [INFO] Sorry location: Clean/Utils/Test/TestCircuitProofStart.lean:64
[2026-01-10 16:17:28] [INFO] Context before sorry (lines 59-64):
[2026-01-10 16:17:28] [INFO]   59:     (n : ℕ) (k : Fin n) (circuit : ℕ → Fin n → ElaboratedCircuit F Input Output)
[2026-01-10 16:17:28] [INFO]   60:     (Assumptions : Input F → Prop) (Spec : ℕ → Fin n → Input F → Output F → Prop) :
[2026-01-10 16:17:28] [INFO]   61:     Soundness F (circuit n k) Assumptions (Spec n k) := by
[2026-01-10 16:17:28] [INFO]   62:   circuit_proof_start
[2026-01-10 16:17:28] [INFO]   63:   -- n and k are introduced first, then standard parameters
[2026-01-10 16:17:28] [INFO]   64:   sorry
[2026-01-10 16:17:28] [INFO] Sorry line:   sorry
[2026-01-10 16:17:28] [INFO] Sorry goal: F : Type
inst✝² : Field F
Input Output : TypeMap
inst✝¹ : ProvableType Input
inst✝ : ProvableType Ou...
[2026-01-10 16:17:28] [INFO] ========================================
[2026-01-10 16:17:28] [INFO] Trying strategy: RflStrategy (up to 1 attempts)
[2026-01-10 16:17:28] [INFO] --------------------
[2026-01-10 16:17:28] [INFO] Strategy RflStrategy, attempt 1/1
[2026-01-10 16:17:28] [INFO] Starting proof generation...
[2026-01-10 16:17:28] [INFO] Repository path: /root/repo
[2026-01-10 16:17:28] [INFO] Proof generation completed
[2026-01-10 16:17:28] [INFO] Generated proof:
[2026-01-10 16:17:28] [INFO] rfl
[2026-01-10 16:17:28] [INFO] Proof length: 3 chars
[2026-01-10 16:17:28] [INFO] Starting proof verification...
[2026-01-10 16:17:28] [INFO] Verifying at: Clean/Utils/Test/TestCircuitProofStart.lean:64
[2026-01-10 16:17:28] [INFO] Using LEAN INTERACT verify
[2026-01-10 16:17:28] [INFO] Checking file
[2026-01-10 16:19:14] [INFO] Cannot build modified file <error line="64" column="2">
<code_line>  rfl</code_line>
<message>error: Tactic `rfl` failed: The left-hand side</message>
</error>
  input
is not definitionally equal to the right-hand side
  eval env (ElaboratedCircuit.output input_var i₀)

F : Type
inst✝² : Field F
Input Output : TypeMap
inst✝¹ : ProvableType Input
inst✝ : ProvableType Output
n : ℕ
k : Fin n
circuit : ℕ → Fin n → ElaboratedCircuit F Input Output
Assumptions : Input F → Prop
Spec : ℕ → Fin n → Input F → Output F → Prop
i₀ : ℕ
env : Environment F
input_var : Var Input F
input : Input F
h_input : eval env input_var = input
h_assumptions : Assumptions input
h_holds : ConstraintsHold.Soundness env (ElaboratedCircuit.main input_var i₀).2
⊢ Spec n k input (eval env (ElaboratedCircuit.output input_var i₀))
[2026-01-10 16:19:14] [INFO] Proof verification completed
[2026-01-10 16:19:14] [INFO] Strategy RflStrategy attempt 1: verified=False
[2026-01-10 16:19:14] [INFO] Verification message: Cannot build modified file: <error line="64" column="2">
<code_line>  rfl</code_line>
<message>error: Tactic `rfl` failed: The left-hand side</message>
</error>
  input
is not definitionally equal to the right-hand side
  eval env (ElaboratedCircuit.output input_var i₀)

F : Type
inst✝² : Field F
Input Output : TypeMap
inst✝¹ : ProvableType Input
inst✝ : ProvableType Output
n : ℕ
k : Fin n
circuit : ℕ → Fin n → ElaboratedCircuit F Input Output
Assumptions : Input F → Prop
Spec : ℕ → Fin n → Input F → Output F → Prop
i₀ : ℕ
env : Environment F
input_var : Var Input F
input : Input F
h_input : eval env input_var = input
h_assumptions : Assumptions input
h_holds : ConstraintsHold.Soundness env (ElaboratedCircuit.main input_var i₀).2
⊢ Spec n k input (eval env (ElaboratedCircuit.output input_var i₀))

[2026-01-10 16:19:14] [INFO] Attempt 1 failed verification, continuing...
[2026-01-10 16:19:14] [INFO] ========================================
[2026-01-10 16:19:14] [INFO] Pass@k completed. Total results: 1
[2026-01-10 16:19:14] [INFO] FAILED: All 1 strategies x 1 attempts
[2026-01-10 16:19:14] [INFO] Writing results to file: /root/repo/result.json
[2026-01-10 16:19:14] [INFO] Result file written successfully
[2026-01-10 16:19:14] [INFO] Results exported to: /root/repo/result.json
[2026-01-10 16:19:14] [INFO] run_morphcloud_local.py completed successfully

[2026-01-10 16:19:22] [process_single_sorry] Downloading result file...
[2026-01-10 16:19:23] [process_single_sorry] Downloaded result to intermediate_experiment_outputs_full_reservoir/rfl/2026-01-10_14-19-01_rfl/individual/3f5e23a5c104d99283d4463fa32431e865a67d956c09951fe1f23c5be852f186.json
[2026-01-10 16:19:27] [process_single_sorry] Instance context closed successfully
[2026-01-10 16:19:27] [process_single_sorry] Parsing result file...
[2026-01-10 16:19:27] [process_single_sorry] Successfully parsed result (list format, 1 results)
