[2026-01-10 15:24:52] [process_single_sorry] Starting for sorry 3fc26f37fbca68c18f3a871d2153ba332bfe0e13445bb6da74cc568ee01cb47e
[2026-01-10 15:24:52] [process_single_sorry] Using snapshot: snapshot_4fxga5dq
[2026-01-10 15:24:52] [process_single_sorry] Repository: https://github.com/Verified-zkEVM/VCV-io@eee7f23d73a113216fcca26bbedd25e658dd8a2f
[2026-01-10 15:24:52] [process_single_sorry] Instance name: VCV-io_eee7f23d73a1_rfl_3fc26f37fbca68c18f3a871d2153ba332bfe0e13445bb6da74cc568ee01cb47e
[2026-01-10 15:24:52] [process_single_sorry] Starting attempt 1/3
[2026-01-10 15:24:52] [process_single_sorry] Starting instance from snapshot...
[2026-01-10 15:24:52] [process_single_sorry] Instance started successfully: morphvm_os1naz1b
[2026-01-10 15:24:52] [process_single_sorry] Creating .env file...
[2026-01-10 15:24:55] [process_single_sorry] .env file created (exit_code: 0)
[2026-01-10 15:24:55] [process_single_sorry] Executing agent command...
[2026-01-10 15:25:26] [process_single_sorry] Agent command completed (exit_code: 0)
[2026-01-10 15:25:26] [process_single_sorry] STDOUT:

Results JSON:
[
  {
    "sorry": {
      "repo": {
        "remote": "https://github.com/Verified-zkEVM/VCV-io",
        "branch": "upstream-pfun",
        "commit": "eee7f23d73a113216fcca26bbedd25e658dd8a2f",
        "lean_version": "v4.24.0"
      },
      "location": {
        "path": "VCVio/EvalDist/Monad/Basic.lean",
        "start_line": 161,
        "start_column": 62,
        "end_line": 161,
        "end_column": 67
      },
      "debug_info": {
        "goal": "α β : Type u\nm : Type u → Type v\ninst✝³ : Monad m\ninst✝² : HasEvalSPMF m\ninst✝¹ : HasEvalFinset m\nmx : m α\nmy : α → m β\ninst✝ : DecidableEq α\ny : β\n⊢ (Function.support fun x => Pr[=x | mx] * Pr[=y | my x]) ⊆ ↑(finSupport mx)",
        "url": "https://github.com/Verified-zkEVM/VCV-io/blob/eee7f23d73a113216fcca26bbedd25e658dd8a2f/VCVio/EvalDist/Monad/Basic.lean#L161"
      },
      "metadata": {
        "blame_email_hash": "0c5d39c5ece3",
        "blame_date": "2025-09-29T03:33:19-05:00",
        "inclusion_date": "2025-12-29T23:26:34.423297+00:00"
      },
      "id": "3fc26f37fbca68c18f3a871d2153ba332bfe0e13445bb6da74cc568ee01cb47e"
    },
    "proof": null,
    "proof_verified": false,
    "feedback": null,
    "verification_message": "All 1 attempts failed (1 strategies x 1 attempts each)",
    "success": true,
    "error_type": null,
    "error_message": null,
    "strategy_name": "all_failed_k=1",
    "proof_attempts": [
      "rfl"
    ]
  }
]

[2026-01-10 15:25:26] [process_single_sorry] STDERR:
None of PyTorch, TensorFlow >= 2.0, or Flax have been found. Models won't be available and only tokenizers, configuration and file/data utilities can be used.
[2026-01-10 15:25:08] [INFO] ================================================================================
[2026-01-10 15:25:08] [INFO] Starting run_morphcloud_local.py
[2026-01-10 15:25:08] [INFO] ================================================================================
[2026-01-10 15:25:08] [INFO] Environment loaded
[2026-01-10 15:25:08] [INFO] Full command: /root/SorryDB/sorrydb/cli/run_morphcloud_local.py --repo-path /root/repo --sorry-json {"repo": {"remote": "https://github.com/Verified-zkEVM/VCV-io", "branch": "upstream-pfun", "commit": "eee7f23d73a113216fcca26bbedd25e658dd8a2f", "lean_version": "v4.24.0"}, "location": {"path": "VCVio/EvalDist/Monad/Basic.lean", "start_line": 161, "start_column": 62, "end_line": 161, "end_column": 67}, "debug_info": {"goal": "\u03b1 \u03b2 : Type u\nm : Type u \u2192 Type v\ninst\u271d\u00b3 : Monad m\ninst\u271d\u00b2 : HasEvalSPMF m\ninst\u271d\u00b9 : HasEvalFinset m\nmx : m \u03b1\nmy : \u03b1 \u2192 m \u03b2\ninst\u271d : DecidableEq \u03b1\ny : \u03b2\n\u22a2 (Function.support fun x => Pr[=x | mx] * Pr[=y | my x]) \u2286 \u2191(finSupport mx)", "url": "https://github.com/Verified-zkEVM/VCV-io/blob/eee7f23d73a113216fcca26bbedd25e658dd8a2f/VCVio/EvalDist/Monad/Basic.lean#L161"}, "metadata": {"blame_email_hash": "0c5d39c5ece3", "blame_date": "2025-09-29T03:33:19-05:00", "inclusion_date": "2025-12-29T23:26:34.423297+00:00"}, "id": "3fc26f37fbca68c18f3a871d2153ba332bfe0e13445bb6da74cc568ee01cb47e"} --agent-strategy {"name": "rfl", "args": {}}
[2026-01-10 15:25:08] [INFO] Arguments parsed: repo_path=/root/repo, output_path=/root/repo/result.json
[2026-01-10 15:25:08] [INFO] Strategy spec: {"name": "rfl", "args": {}}...
[2026-01-10 15:25:08] [INFO] Loading sorry data...
[2026-01-10 15:25:08] [INFO] Parsing sorry from JSON string...
[2026-01-10 15:25:08] [INFO] Sorry data parsed from JSON string
[2026-01-10 15:25:08] [INFO] Creating strategy from spec...
[2026-01-10 15:25:08] [INFO] Parsing strategy spec (length: 27 chars)
[2026-01-10 15:25:08] [INFO] Strategy name: rfl
[2026-01-10 15:25:08] [INFO] Strategy args: {}
[2026-01-10 15:25:08] [INFO] Pass@k value: 1
[2026-01-10 15:25:08] [INFO] Creating strategy: rfl
[2026-01-10 15:25:08] [INFO] Strategies created: ['RflStrategy']
[2026-01-10 15:25:08] [INFO] Pass@k value: 1
[2026-01-10 15:25:08] [INFO] Creating Sorry object...
[2026-01-10 15:25:08] [INFO] Sorry object created: id=3fc26f37fbca68c18f3a871d2153ba332bfe0e13445bb6da74cc568ee01cb47e
[2026-01-10 15:25:08] [INFO] Sorry location: VCVio/EvalDist/Monad/Basic.lean:161
[2026-01-10 15:25:08] [INFO] Context before sorry (lines 156-161):
[2026-01-10 15:25:08] [INFO]   156:   (probEvent_bind_eq_tsum mx my q).trans (tsum_fintype _)
[2026-01-10 15:25:08] [INFO]   157: 
[2026-01-10 15:25:08] [INFO]   158: lemma probOutput_bind_eq_sum_finSupport [HasEvalSPMF m] [HasEvalFinset m]
[2026-01-10 15:25:08] [INFO]   159:     (mx : m α) (my : α → m β) [DecidableEq α] (y : β) :
[2026-01-10 15:25:08] [INFO]   160:     Pr[= y | mx >>= my] = ∑ x ∈ finSupport mx, Pr[= x | mx] * Pr[= y | my x] :=
[2026-01-10 15:25:08] [INFO]   161:   (probOutput_bind_eq_tsum mx my y).trans (tsum_eq_sum' <| by sorry)
[2026-01-10 15:25:08] [INFO] Sorry line:   (probOutput_bind_eq_tsum mx my y).trans (tsum_eq_sum' <| by sorry)
[2026-01-10 15:25:08] [INFO] Sorry goal: α β : Type u
m : Type u → Type v
inst✝³ : Monad m
inst✝² : HasEvalSPMF m
inst✝¹ : HasEvalFinset m
mx...
[2026-01-10 15:25:08] [INFO] ========================================
[2026-01-10 15:25:08] [INFO] Trying strategy: RflStrategy (up to 1 attempts)
[2026-01-10 15:25:08] [INFO] --------------------
[2026-01-10 15:25:08] [INFO] Strategy RflStrategy, attempt 1/1
[2026-01-10 15:25:08] [INFO] Starting proof generation...
[2026-01-10 15:25:08] [INFO] Repository path: /root/repo
[2026-01-10 15:25:08] [INFO] Proof generation completed
[2026-01-10 15:25:08] [INFO] Generated proof:
[2026-01-10 15:25:08] [INFO] rfl
[2026-01-10 15:25:08] [INFO] Proof length: 3 chars
[2026-01-10 15:25:08] [INFO] Starting proof verification...
[2026-01-10 15:25:08] [INFO] Verifying at: VCVio/EvalDist/Monad/Basic.lean:161
[2026-01-10 15:25:08] [INFO] Using LEAN INTERACT verify
[2026-01-10 15:25:08] [INFO] Checking file
[2026-01-10 15:25:25] [INFO] Cannot build modified file <error line="161" column="62">
<code_line>  (probOutput_bind_eq_tsum mx my y).trans (tsum_eq_sum' <| by rfl)</code_line>
<message>error: Tactic `rfl` failed: The left-hand side</message>
</error>
  Function.support fun x => Pr[=x | mx] * Pr[=y | my x]
is not definitionally equal to the right-hand side
  ↑(finSupport mx)

α β : Type u
m : Type u → Type v
inst✝³ : Monad m
inst✝² : HasEvalSPMF m
inst✝¹ : HasEvalFinset m
mx : m α
my : α → m β
inst✝ : DecidableEq α
y : β
⊢ (Function.support fun x => Pr[=x | mx] * Pr[=y | my x]) ⊆ ↑(finSupport mx)
[2026-01-10 15:25:25] [INFO] Proof verification completed
[2026-01-10 15:25:25] [INFO] Strategy RflStrategy attempt 1: verified=False
[2026-01-10 15:25:25] [INFO] Verification message: Cannot build modified file: <error line="161" column="62">
<code_line>  (probOutput_bind_eq_tsum mx my y).trans (tsum_eq_sum' <| by rfl)</code_line>
<message>error: Tactic `rfl` failed: The left-hand side</message>
</error>
  Function.support fun x => Pr[=x | mx] * Pr[=y | my x]
is not definitionally equal to the right-hand side
  ↑(finSupport mx)

α β : Type u
m : Type u → Type v
inst✝³ : Monad m
inst✝² : HasEvalSPMF m
inst✝¹ : HasEvalFinset m
mx : m α
my : α → m β
inst✝ : DecidableEq α
y : β
⊢ (Function.support fun x => Pr[=x | mx] * Pr[=y | my x]) ⊆ ↑(finSupport mx)

[2026-01-10 15:25:25] [INFO] Attempt 1 failed verification, continuing...
[2026-01-10 15:25:25] [INFO] ========================================
[2026-01-10 15:25:25] [INFO] Pass@k completed. Total results: 1
[2026-01-10 15:25:25] [INFO] FAILED: All 1 strategies x 1 attempts
[2026-01-10 15:25:25] [INFO] Writing results to file: /root/repo/result.json
[2026-01-10 15:25:25] [INFO] Result file written successfully
[2026-01-10 15:25:25] [INFO] Results exported to: /root/repo/result.json
[2026-01-10 15:25:25] [INFO] run_morphcloud_local.py completed successfully

[2026-01-10 15:25:26] [process_single_sorry] Downloading result file...
[2026-01-10 15:25:27] [process_single_sorry] Downloaded result to intermediate_experiment_outputs_full_reservoir/rfl/2026-01-10_14-19-01_rfl/individual/3fc26f37fbca68c18f3a871d2153ba332bfe0e13445bb6da74cc568ee01cb47e.json
[2026-01-10 15:25:28] [process_single_sorry] Instance context closed successfully
[2026-01-10 15:25:28] [process_single_sorry] Parsing result file...
[2026-01-10 15:25:28] [process_single_sorry] Successfully parsed result (list format, 1 results)
