[2026-01-10 14:48:12] [process_single_sorry] Starting for sorry 47aa1611adec3fc91d0bfa67d1efc4490488d585fcc1d3cfd7223b26f4d01a13
[2026-01-10 14:48:12] [process_single_sorry] Using snapshot: snapshot_ofx3xgy9
[2026-01-10 14:48:12] [process_single_sorry] Repository: https://github.com/AlexKontorovich/PrimeNumberTheoremAnd@653f1fd8f4ccbf3fc22f7933a51fca5fea0a93cf
[2026-01-10 14:48:12] [process_single_sorry] Instance name: PrimeNumberTheoremAnd_653f1fd8f4cc_rfl_47aa1611adec3fc91d0bfa67d1efc4490488d585fcc1d3cfd7223b26f4d01a13
[2026-01-10 14:48:12] [process_single_sorry] Starting attempt 1/3
[2026-01-10 14:48:12] [process_single_sorry] Starting instance from snapshot...
[2026-01-10 14:48:13] [process_single_sorry] Instance started successfully: morphvm_sjhhh13b
[2026-01-10 14:48:13] [process_single_sorry] Creating .env file...
[2026-01-10 14:48:31] [process_single_sorry] .env file created (exit_code: 0)
[2026-01-10 14:48:31] [process_single_sorry] Executing agent command...
[2026-01-10 14:53:03] [process_single_sorry] Agent command completed (exit_code: 0)
[2026-01-10 14:53:03] [process_single_sorry] STDOUT:

Results JSON:
[
  {
    "sorry": {
      "repo": {
        "remote": "https://github.com/AlexKontorovich/PrimeNumberTheoremAnd",
        "branch": "main",
        "commit": "653f1fd8f4ccbf3fc22f7933a51fca5fea0a93cf",
        "lean_version": "v4.26.0"
      },
      "location": {
        "path": "PrimeNumberTheoremAnd/PrimarySummary.lean",
        "start_line": 48,
        "start_column": 51,
        "end_line": 48,
        "end_column": 56
      },
      "debug_info": {
        "goal": "⊢ Eψ.classicalBound 121.096 (3 / 2) 2 5.5666305 2",
        "url": "https://github.com/AlexKontorovich/PrimeNumberTheoremAnd/blob/653f1fd8f4ccbf3fc22f7933a51fca5fea0a93cf/PrimeNumberTheoremAnd/PrimarySummary.lean#L48"
      },
      "metadata": {
        "blame_email_hash": "d7f0e4a42bbb",
        "blame_date": "2025-11-30T12:46:56-08:00",
        "inclusion_date": "2025-12-29T14:36:34.379527+00:00"
      },
      "id": "47aa1611adec3fc91d0bfa67d1efc4490488d585fcc1d3cfd7223b26f4d01a13"
    },
    "proof": null,
    "proof_verified": false,
    "feedback": null,
    "verification_message": "All 1 attempts failed (1 strategies x 1 attempts each)",
    "success": true,
    "error_type": null,
    "error_message": null,
    "strategy_name": "all_failed_k=1",
    "proof_attempts": [
      "rfl"
    ]
  }
]

[2026-01-10 14:53:03] [process_single_sorry] STDERR:
None of PyTorch, TensorFlow >= 2.0, or Flax have been found. Models won't be available and only tokenizers, configuration and file/data utilities can be used.
[2026-01-10 14:49:33] [INFO] ================================================================================
[2026-01-10 14:49:33] [INFO] Starting run_morphcloud_local.py
[2026-01-10 14:49:33] [INFO] ================================================================================
[2026-01-10 14:49:33] [INFO] Environment loaded
[2026-01-10 14:49:33] [INFO] Full command: /root/SorryDB/sorrydb/cli/run_morphcloud_local.py --repo-path /root/repo --sorry-json {"repo": {"remote": "https://github.com/AlexKontorovich/PrimeNumberTheoremAnd", "branch": "main", "commit": "653f1fd8f4ccbf3fc22f7933a51fca5fea0a93cf", "lean_version": "v4.26.0"}, "location": {"path": "PrimeNumberTheoremAnd/PrimarySummary.lean", "start_line": 48, "start_column": 51, "end_line": 48, "end_column": 56}, "debug_info": {"goal": "\u22a2 E\u03c8.classicalBound 121.096 (3 / 2) 2 5.5666305 2", "url": "https://github.com/AlexKontorovich/PrimeNumberTheoremAnd/blob/653f1fd8f4ccbf3fc22f7933a51fca5fea0a93cf/PrimeNumberTheoremAnd/PrimarySummary.lean#L48"}, "metadata": {"blame_email_hash": "d7f0e4a42bbb", "blame_date": "2025-11-30T12:46:56-08:00", "inclusion_date": "2025-12-29T14:36:34.379527+00:00"}, "id": "47aa1611adec3fc91d0bfa67d1efc4490488d585fcc1d3cfd7223b26f4d01a13"} --agent-strategy {"name": "rfl", "args": {}}
[2026-01-10 14:49:33] [INFO] Arguments parsed: repo_path=/root/repo, output_path=/root/repo/result.json
[2026-01-10 14:49:33] [INFO] Strategy spec: {"name": "rfl", "args": {}}...
[2026-01-10 14:49:33] [INFO] Loading sorry data...
[2026-01-10 14:49:33] [INFO] Parsing sorry from JSON string...
[2026-01-10 14:49:33] [INFO] Sorry data parsed from JSON string
[2026-01-10 14:49:33] [INFO] Creating strategy from spec...
[2026-01-10 14:49:33] [INFO] Parsing strategy spec (length: 27 chars)
[2026-01-10 14:49:33] [INFO] Strategy name: rfl
[2026-01-10 14:49:33] [INFO] Strategy args: {}
[2026-01-10 14:49:33] [INFO] Pass@k value: 1
[2026-01-10 14:49:33] [INFO] Creating strategy: rfl
[2026-01-10 14:49:33] [INFO] Strategies created: ['RflStrategy']
[2026-01-10 14:49:33] [INFO] Pass@k value: 1
[2026-01-10 14:49:33] [INFO] Creating Sorry object...
[2026-01-10 14:49:33] [INFO] Sorry object created: id=47aa1611adec3fc91d0bfa67d1efc4490488d585fcc1d3cfd7223b26f4d01a13
[2026-01-10 14:49:33] [INFO] Sorry location: PrimeNumberTheoremAnd/PrimarySummary.lean:48
[2026-01-10 14:49:33] [INFO] Context before sorry (lines 43-48):
[2026-01-10 14:49:33] [INFO]   43: For all x > 2 we have $E_ψ(x) \leq 121.096 (\log x/R)^{3/2} \exp(-2 \sqrt{\log x/R})$ with $R = 5.5666305$.
[2026-01-10 14:49:33] [INFO]   44: \end{theorem}
[2026-01-10 14:49:33] [INFO]   45: %%-/
[2026-01-10 14:49:33] [INFO]   46: 
[2026-01-10 14:49:33] [INFO]   47: theorem FKS_corollary_1_3 :
[2026-01-10 14:49:33] [INFO]   48:   Eψ.classicalBound 121.096 (3/2) 2 5.5666305 2 := sorry
[2026-01-10 14:49:33] [INFO] Sorry line:   Eψ.classicalBound 121.096 (3/2) 2 5.5666305 2 := sorry
[2026-01-10 14:49:33] [INFO] Sorry goal: ⊢ Eψ.classicalBound 121.096 (3 / 2) 2 5.5666305 2...
[2026-01-10 14:49:33] [INFO] ========================================
[2026-01-10 14:49:33] [INFO] Trying strategy: RflStrategy (up to 1 attempts)
[2026-01-10 14:49:33] [INFO] --------------------
[2026-01-10 14:49:33] [INFO] Strategy RflStrategy, attempt 1/1
[2026-01-10 14:49:33] [INFO] Starting proof generation...
[2026-01-10 14:49:33] [INFO] Repository path: /root/repo
[2026-01-10 14:49:33] [INFO] Proof generation completed
[2026-01-10 14:49:33] [INFO] Generated proof:
[2026-01-10 14:49:33] [INFO] rfl
[2026-01-10 14:49:33] [INFO] Proof length: 3 chars
[2026-01-10 14:49:33] [INFO] Starting proof verification...
[2026-01-10 14:49:33] [INFO] Verifying at: PrimeNumberTheoremAnd/PrimarySummary.lean:48
[2026-01-10 14:49:33] [INFO] Using LEAN INTERACT verify
[2026-01-10 14:49:33] [INFO] Checking file
[2026-01-10 14:53:01] [INFO] Cannot build modified file <error line="47" column="0">
<code_line>theorem FKS_corollary_1_3 :</code_line>
<message>error: Not a definitional equality: the conclusion should be an equality, but is</message>
</error>
  Real.wrapped✝.1 (Eψ x) (admissible_bound 121.096 (3 / 2) 2 5.5666305 x)
<error line="48" column="51">
<code_line>  Eψ.classicalBound 121.096 (3/2) 2 5.5666305 2 := rfl</code_line>
<message>error: Type mismatch</message>
</error>
  rfl
has type
  ?m.18 = ?m.18
but is expected to have type
  Eψ.classicalBound 121.096 (3 / 2) 2 5.5666305 2
[2026-01-10 14:53:01] [INFO] Proof verification completed
[2026-01-10 14:53:01] [INFO] Strategy RflStrategy attempt 1: verified=False
[2026-01-10 14:53:01] [INFO] Verification message: Cannot build modified file: <error line="47" column="0">
<code_line>theorem FKS_corollary_1_3 :</code_line>
<message>error: Not a definitional equality: the conclusion should be an equality, but is</message>
</error>
  Real.wrapped✝.1 (Eψ x) (admissible_bound 121.096 (3 / 2) 2 5.5666305 x)
<error line="48" column="51">
<code_line>  Eψ.classicalBound 121.096 (3/2) 2 5.5666305 2 := rfl</code_line>
<message>error: Type mismatch</message>
</error>
  rfl
has type
  ?m.18 = ?m.18
but is expected to have type
  Eψ.classicalBound 121.096 (3 / 2) 2 5.5666305 2

[2026-01-10 14:53:01] [INFO] Attempt 1 failed verification, continuing...
[2026-01-10 14:53:01] [INFO] ========================================
[2026-01-10 14:53:01] [INFO] Pass@k completed. Total results: 1
[2026-01-10 14:53:01] [INFO] FAILED: All 1 strategies x 1 attempts
[2026-01-10 14:53:01] [INFO] Writing results to file: /root/repo/result.json
[2026-01-10 14:53:01] [INFO] Result file written successfully
[2026-01-10 14:53:01] [INFO] Results exported to: /root/repo/result.json
[2026-01-10 14:53:01] [INFO] run_morphcloud_local.py completed successfully

[2026-01-10 14:53:03] [process_single_sorry] Downloading result file...
[2026-01-10 14:53:13] [process_single_sorry] Downloaded result to intermediate_experiment_outputs_full_reservoir/rfl/2026-01-10_14-19-01_rfl/individual/47aa1611adec3fc91d0bfa67d1efc4490488d585fcc1d3cfd7223b26f4d01a13.json
[2026-01-10 14:53:15] [process_single_sorry] Instance context closed successfully
[2026-01-10 14:53:15] [process_single_sorry] Parsing result file...
[2026-01-10 14:53:15] [process_single_sorry] Successfully parsed result (list format, 1 results)
