[2026-01-10 14:59:42] [process_single_sorry] Starting for sorry 49a1b6e1769ccd545c855998956ee2648cdb71454f040ff2210642fa9f98ecb8
[2026-01-10 14:59:42] [process_single_sorry] Using snapshot: snapshot_6dp3e0k3
[2026-01-10 14:59:42] [process_single_sorry] Repository: https://github.com/ImperialCollegeLondon/FLT@03ad046f3be75e71332fcfae02c06ec717e054b1
[2026-01-10 14:59:42] [process_single_sorry] Instance name: FLT_03ad046f3be7_rfl_49a1b6e1769ccd545c855998956ee2648cdb71454f040ff2210642fa9f98ecb8
[2026-01-10 14:59:42] [process_single_sorry] Starting attempt 1/3
[2026-01-10 14:59:42] [process_single_sorry] Starting instance from snapshot...
[2026-01-10 14:59:43] [process_single_sorry] Instance started successfully: morphvm_2h2m4h2q
[2026-01-10 14:59:43] [process_single_sorry] Creating .env file...
[2026-01-10 14:59:53] [process_single_sorry] .env file created (exit_code: 0)
[2026-01-10 14:59:53] [process_single_sorry] Executing agent command...
[2026-01-10 15:04:19] [process_single_sorry] Agent command completed (exit_code: 0)
[2026-01-10 15:04:19] [process_single_sorry] STDOUT:

Results JSON:
[
  {
    "sorry": {
      "repo": {
        "remote": "https://github.com/ImperialCollegeLondon/FLT",
        "branch": "auto-update-lean/patch-master",
        "commit": "03ad046f3be75e71332fcfae02c06ec717e054b1",
        "lean_version": "v4.27.0-rc1"
      },
      "location": {
        "path": "FLT/Data/HurwitzRatHat.lean",
        "start_line": 62,
        "start_column": 2,
        "end_line": 62,
        "end_column": 7
      },
      "debug_info": {
        "goal": "z : HurwitzRatHat\nвҠў failed to pretty print expression (use 'set_option pp.rawOnError true' for raw representation)",
        "url": "https://github.com/ImperialCollegeLondon/FLT/blob/03ad046f3be75e71332fcfae02c06ec717e054b1/FLT/Data/HurwitzRatHat.lean#L62"
      },
      "metadata": {
        "blame_email_hash": "c7989443bd81",
        "blame_date": "2025-10-22T12:09:36+01:00",
        "inclusion_date": "2025-12-29T16:49:04.297460+00:00"
      },
      "id": "49a1b6e1769ccd545c855998956ee2648cdb71454f040ff2210642fa9f98ecb8"
    },
    "proof": null,
    "proof_verified": false,
    "feedback": null,
    "verification_message": "All 1 attempts failed (1 strategies x 1 attempts each)",
    "success": true,
    "error_type": null,
    "error_message": null,
    "strategy_name": "all_failed_k=1",
    "proof_attempts": [
      "rfl"
    ]
  }
]

[2026-01-10 15:04:19] [process_single_sorry] STDERR:
None of PyTorch, TensorFlow >= 2.0, or Flax have been found. Models won't be available and only tokenizers, configuration and file/data utilities can be used.
[2026-01-10 15:00:43] [INFO] ================================================================================
[2026-01-10 15:00:43] [INFO] Starting run_morphcloud_local.py
[2026-01-10 15:00:43] [INFO] ================================================================================
[2026-01-10 15:00:43] [INFO] Environment loaded
[2026-01-10 15:00:43] [INFO] Full command: /root/SorryDB/sorrydb/cli/run_morphcloud_local.py --repo-path /root/repo --sorry-json {"repo": {"remote": "https://github.com/ImperialCollegeLondon/FLT", "branch": "auto-update-lean/patch-master", "commit": "03ad046f3be75e71332fcfae02c06ec717e054b1", "lean_version": "v4.27.0-rc1"}, "location": {"path": "FLT/Data/HurwitzRatHat.lean", "start_line": 62, "start_column": 2, "end_line": 62, "end_column": 7}, "debug_info": {"goal": "z : HurwitzRatHat\n\u22a2 failed to pretty print expression (use 'set_option pp.rawOnError true' for raw representation)", "url": "https://github.com/ImperialCollegeLondon/FLT/blob/03ad046f3be75e71332fcfae02c06ec717e054b1/FLT/Data/HurwitzRatHat.lean#L62"}, "metadata": {"blame_email_hash": "c7989443bd81", "blame_date": "2025-10-22T12:09:36+01:00", "inclusion_date": "2025-12-29T16:49:04.297460+00:00"}, "id": "49a1b6e1769ccd545c855998956ee2648cdb71454f040ff2210642fa9f98ecb8"} --agent-strategy {"name": "rfl", "args": {}}
[2026-01-10 15:00:43] [INFO] Arguments parsed: repo_path=/root/repo, output_path=/root/repo/result.json
[2026-01-10 15:00:43] [INFO] Strategy spec: {"name": "rfl", "args": {}}...
[2026-01-10 15:00:43] [INFO] Loading sorry data...
[2026-01-10 15:00:43] [INFO] Parsing sorry from JSON string...
[2026-01-10 15:00:43] [INFO] Sorry data parsed from JSON string
[2026-01-10 15:00:43] [INFO] Creating strategy from spec...
[2026-01-10 15:00:43] [INFO] Parsing strategy spec (length: 27 chars)
[2026-01-10 15:00:43] [INFO] Strategy name: rfl
[2026-01-10 15:00:43] [INFO] Strategy args: {}
[2026-01-10 15:00:43] [INFO] Pass@k value: 1
[2026-01-10 15:00:43] [INFO] Creating strategy: rfl
[2026-01-10 15:00:43] [INFO] Strategies created: ['RflStrategy']
[2026-01-10 15:00:43] [INFO] Pass@k value: 1
[2026-01-10 15:00:43] [INFO] Creating Sorry object...
[2026-01-10 15:00:43] [INFO] Sorry object created: id=49a1b6e1769ccd545c855998956ee2648cdb71454f040ff2210642fa9f98ecb8
[2026-01-10 15:00:43] [INFO] Sorry location: FLT/Data/HurwitzRatHat.lean:62
[2026-01-10 15:00:43] [INFO] Context before sorry (lines 57-62):
[2026-01-10 15:00:43] [INFO]   57: lemma injective_zHat :
[2026-01-10 15:00:43] [INFO]   58:     Function.Injective jвӮӮ := sorry -- flatness
[2026-01-10 15:00:43] [INFO]   59: 
[2026-01-10 15:00:43] [INFO]   60: -- should I rearrange tensors? Not sure if D^ should be (в„ҡ вҠ— рқ“һ) вҠ— в„Өhat or в„ҡ вҠ— (рқ“һ вҠ— Zhat)
[2026-01-10 15:00:43] [INFO]   61: lemma canonicalForm (z : D^) : вҲғ (N : в„•+) (z' : рқ“һ^), z = jвӮҒ ((NвҒ»В№ : в„ҡ) вҠ—вӮң 1 : D) * jвӮӮ z' := by
[2026-01-10 15:00:43] [INFO]   62:   sorry
[2026-01-10 15:00:43] [INFO] Sorry line:   sorry
[2026-01-10 15:00:43] [INFO] Sorry goal: z : HurwitzRatHat
вҠў failed to pretty print expression (use 'set_option pp.rawOnError true' for raw r...
[2026-01-10 15:00:43] [INFO] ========================================
[2026-01-10 15:00:43] [INFO] Trying strategy: RflStrategy (up to 1 attempts)
[2026-01-10 15:00:43] [INFO] --------------------
[2026-01-10 15:00:43] [INFO] Strategy RflStrategy, attempt 1/1
[2026-01-10 15:00:43] [INFO] Starting proof generation...
[2026-01-10 15:00:43] [INFO] Repository path: /root/repo
[2026-01-10 15:00:43] [INFO] Proof generation completed
[2026-01-10 15:00:43] [INFO] Generated proof:
[2026-01-10 15:00:43] [INFO] rfl
[2026-01-10 15:00:43] [INFO] Proof length: 3 chars
[2026-01-10 15:00:43] [INFO] Starting proof verification...
[2026-01-10 15:00:43] [INFO] Verifying at: FLT/Data/HurwitzRatHat.lean:62
[2026-01-10 15:00:43] [INFO] Using LEAN INTERACT verify
[2026-01-10 15:00:43] [INFO] Checking file
[2026-01-10 15:04:08] [INFO] Cannot build modified file <error line="62" column="2">
<code_line>  rfl</code_line>
<message>error: Tactic `rfl` failed: The left-hand side</message>
</error>
  в„•+
is not definitionally equal to the right-hand side
  fun N => вҲғ z', z = jвӮҒ ((вҶ‘вҶ‘N)вҒ»В№ вҠ—вӮң[в„Ө] 1) * jвӮӮ z'

z : D^
вҠў вҲғ N z', z = jвӮҒ ((вҶ‘вҶ‘N)вҒ»В№ вҠ—вӮң[в„Ө] 1) * jвӮӮ z'
[2026-01-10 15:04:08] [INFO] Proof verification completed
[2026-01-10 15:04:08] [INFO] Strategy RflStrategy attempt 1: verified=False
[2026-01-10 15:04:08] [INFO] Verification message: Cannot build modified file: <error line="62" column="2">
<code_line>  rfl</code_line>
<message>error: Tactic `rfl` failed: The left-hand side</message>
</error>
  в„•+
is not definitionally equal to the right-hand side
  fun N => вҲғ z', z = jвӮҒ ((вҶ‘вҶ‘N)вҒ»В№ вҠ—вӮң[в„Ө] 1) * jвӮӮ z'

z : D^
вҠў вҲғ N z', z = jвӮҒ ((вҶ‘вҶ‘N)вҒ»В№ вҠ—вӮң[в„Ө] 1) * jвӮӮ z'

[2026-01-10 15:04:08] [INFO] Attempt 1 failed verification, continuing...
[2026-01-10 15:04:08] [INFO] ========================================
[2026-01-10 15:04:08] [INFO] Pass@k completed. Total results: 1
[2026-01-10 15:04:08] [INFO] FAILED: All 1 strategies x 1 attempts
[2026-01-10 15:04:08] [INFO] Writing results to file: /root/repo/result.json
[2026-01-10 15:04:09] [INFO] Result file written successfully
[2026-01-10 15:04:09] [INFO] Results exported to: /root/repo/result.json
[2026-01-10 15:04:09] [INFO] run_morphcloud_local.py completed successfully

[2026-01-10 15:04:19] [process_single_sorry] Downloading result file...
[2026-01-10 15:04:34] [process_single_sorry] Downloaded result to intermediate_experiment_outputs_full_reservoir/rfl/2026-01-10_14-19-01_rfl/individual/49a1b6e1769ccd545c855998956ee2648cdb71454f040ff2210642fa9f98ecb8.json
[2026-01-10 15:04:37] [process_single_sorry] Instance context closed successfully
[2026-01-10 15:04:37] [process_single_sorry] Parsing result file...
[2026-01-10 15:04:37] [process_single_sorry] Successfully parsed result (list format, 1 results)
