[2026-01-10 15:59:47] [process_single_sorry] Starting for sorry 4af3b63a27055413df269715199c638d677d34b4f79888b5458f07bd2538a4f9
[2026-01-10 15:59:47] [process_single_sorry] Using snapshot: snapshot_qgb2jacj
[2026-01-10 15:59:47] [process_single_sorry] Repository: https://github.com/m4lvin/lean4-pdl@6f9009d2561a5d7528f84992efbffb948820719c
[2026-01-10 15:59:47] [process_single_sorry] Instance name: lean4-pdl_6f9009d2561a_rfl_4af3b63a27055413df269715199c638d677d34b4f79888b5458f07bd2538a4f9
[2026-01-10 15:59:47] [process_single_sorry] Starting attempt 1/3
[2026-01-10 15:59:47] [process_single_sorry] Starting instance from snapshot...
[2026-01-10 15:59:47] [process_single_sorry] Instance started successfully: morphvm_l4lf15yw
[2026-01-10 15:59:47] [process_single_sorry] Creating .env file...
[2026-01-10 15:59:49] [process_single_sorry] .env file created (exit_code: 0)
[2026-01-10 15:59:49] [process_single_sorry] Executing agent command...
[2026-01-10 16:00:43] [process_single_sorry] Agent command completed (exit_code: 0)
[2026-01-10 16:00:43] [process_single_sorry] STDOUT:

Results JSON:
[
  {
    "sorry": {
      "repo": {
        "remote": "https://github.com/m4lvin/lean4-pdl",
        "branch": "simp-suggestion-incomplete",
        "commit": "6f9009d2561a5d7528f84992efbffb948820719c",
        "lean_version": "v4.27.0-rc1"
      },
      "location": {
        "path": "Pdl/PartInterpolation.lean",
        "start_line": 621,
        "start_column": 4,
        "end_line": 621,
        "end_column": 9
      },
      "debug_info": {
        "goal": "k : Typ\nHist✝ : List Sequent\nX✝ : Sequent\nHist : List Sequent\nX : Sequent\n⊢ 1 < 1",
        "url": "https://github.com/m4lvin/lean4-pdl/blob/6f9009d2561a5d7528f84992efbffb948820719c/Pdl/PartInterpolation.lean#L621"
      },
      "metadata": {
        "blame_email_hash": "f9cc4b9ec8ec",
        "blame_date": "2025-09-28T19:12:45+02:00",
        "inclusion_date": "2025-12-30T16:27:55.182108+00:00"
      },
      "id": "4af3b63a27055413df269715199c638d677d34b4f79888b5458f07bd2538a4f9"
    },
    "proof": null,
    "proof_verified": false,
    "feedback": null,
    "verification_message": "All 1 attempts failed (1 strategies x 1 attempts each)",
    "success": true,
    "error_type": null,
    "error_message": null,
    "strategy_name": "all_failed_k=1",
    "proof_attempts": [
      "rfl"
    ]
  }
]

[2026-01-10 16:00:43] [process_single_sorry] STDERR:
None of PyTorch, TensorFlow >= 2.0, or Flax have been found. Models won't be available and only tokenizers, configuration and file/data utilities can be used.
[2026-01-10 16:00:00] [INFO] ================================================================================
[2026-01-10 16:00:00] [INFO] Starting run_morphcloud_local.py
[2026-01-10 16:00:00] [INFO] ================================================================================
[2026-01-10 16:00:00] [INFO] Environment loaded
[2026-01-10 16:00:00] [INFO] Full command: /root/SorryDB/sorrydb/cli/run_morphcloud_local.py --repo-path /root/repo --sorry-json {"repo": {"remote": "https://github.com/m4lvin/lean4-pdl", "branch": "simp-suggestion-incomplete", "commit": "6f9009d2561a5d7528f84992efbffb948820719c", "lean_version": "v4.27.0-rc1"}, "location": {"path": "Pdl/PartInterpolation.lean", "start_line": 621, "start_column": 4, "end_line": 621, "end_column": 9}, "debug_info": {"goal": "k : Typ\nHist\u271d : List Sequent\nX\u271d : Sequent\nHist : List Sequent\nX : Sequent\n\u22a2 1 < 1", "url": "https://github.com/m4lvin/lean4-pdl/blob/6f9009d2561a5d7528f84992efbffb948820719c/Pdl/PartInterpolation.lean#L621"}, "metadata": {"blame_email_hash": "f9cc4b9ec8ec", "blame_date": "2025-09-28T19:12:45+02:00", "inclusion_date": "2025-12-30T16:27:55.182108+00:00"}, "id": "4af3b63a27055413df269715199c638d677d34b4f79888b5458f07bd2538a4f9"} --agent-strategy {"name": "rfl", "args": {}}
[2026-01-10 16:00:00] [INFO] Arguments parsed: repo_path=/root/repo, output_path=/root/repo/result.json
[2026-01-10 16:00:00] [INFO] Strategy spec: {"name": "rfl", "args": {}}...
[2026-01-10 16:00:00] [INFO] Loading sorry data...
[2026-01-10 16:00:00] [INFO] Parsing sorry from JSON string...
[2026-01-10 16:00:00] [INFO] Sorry data parsed from JSON string
[2026-01-10 16:00:00] [INFO] Creating strategy from spec...
[2026-01-10 16:00:00] [INFO] Parsing strategy spec (length: 27 chars)
[2026-01-10 16:00:00] [INFO] Strategy name: rfl
[2026-01-10 16:00:00] [INFO] Strategy args: {}
[2026-01-10 16:00:00] [INFO] Pass@k value: 1
[2026-01-10 16:00:00] [INFO] Creating strategy: rfl
[2026-01-10 16:00:00] [INFO] Strategies created: ['RflStrategy']
[2026-01-10 16:00:00] [INFO] Pass@k value: 1
[2026-01-10 16:00:00] [INFO] Creating Sorry object...
[2026-01-10 16:00:00] [INFO] Sorry object created: id=4af3b63a27055413df269715199c638d677d34b4f79888b5458f07bd2538a4f9
[2026-01-10 16:00:00] [INFO] Sorry location: Pdl/PartInterpolation.lean:621
[2026-01-10 16:00:00] [INFO] Context before sorry (lines 616-621):
[2026-01-10 16:00:00] [INFO]   616:       sorry
[2026-01-10 16:00:00] [INFO]   617: termination_by
[2026-01-10 16:00:00] [INFO]   618:   1 -- O.o ... see remark after Def 7.31 ;-)
[2026-01-10 16:00:00] [INFO]   619: decreasing_by
[2026-01-10 16:00:00] [INFO]   620:   · sorry
[2026-01-10 16:00:00] [INFO]   621:   · sorry
[2026-01-10 16:00:00] [INFO] Sorry line:   · sorry
[2026-01-10 16:00:00] [INFO] Sorry goal: k : Typ
Hist✝ : List Sequent
X✝ : Sequent
Hist : List Sequent
X : Sequent
⊢ 1 < 1...
[2026-01-10 16:00:00] [INFO] ========================================
[2026-01-10 16:00:00] [INFO] Trying strategy: RflStrategy (up to 1 attempts)
[2026-01-10 16:00:00] [INFO] --------------------
[2026-01-10 16:00:00] [INFO] Strategy RflStrategy, attempt 1/1
[2026-01-10 16:00:00] [INFO] Starting proof generation...
[2026-01-10 16:00:00] [INFO] Repository path: /root/repo
[2026-01-10 16:00:00] [INFO] Proof generation completed
[2026-01-10 16:00:00] [INFO] Generated proof:
[2026-01-10 16:00:00] [INFO] rfl
[2026-01-10 16:00:00] [INFO] Proof length: 3 chars
[2026-01-10 16:00:00] [INFO] Starting proof verification...
[2026-01-10 16:00:00] [INFO] Verifying at: Pdl/PartInterpolation.lean:621
[2026-01-10 16:00:00] [INFO] Using LEAN INTERACT verify
[2026-01-10 16:00:00] [INFO] Checking file
[2026-01-10 16:00:38] [INFO] Cannot build modified file <error line="621" column="4">
<code_line>  · rfl</code_line>
<message>error: Tactic `rfl` failed: No `[refl]` lemma registered for relation</message>
</error>
  LT.lt

Hint: Add the `[refl]` attribute to reflexivity lemmas for `LT.lt` to use this tactic

k : Typ
Hist✝ : List Sequent
X✝ : Sequent
Hist : List Sequent
X : Sequent
⊢ 1 < 1
[2026-01-10 16:00:38] [INFO] Proof verification completed
[2026-01-10 16:00:38] [INFO] Strategy RflStrategy attempt 1: verified=False
[2026-01-10 16:00:38] [INFO] Verification message: Cannot build modified file: <error line="621" column="4">
<code_line>  · rfl</code_line>
<message>error: Tactic `rfl` failed: No `[refl]` lemma registered for relation</message>
</error>
  LT.lt

Hint: Add the `[refl]` attribute to reflexivity lemmas for `LT.lt` to use this tactic

k : Typ
Hist✝ : List Sequent
X✝ : Sequent
Hist : List Sequent
X : Sequent
⊢ 1 < 1

[2026-01-10 16:00:38] [INFO] Attempt 1 failed verification, continuing...
[2026-01-10 16:00:38] [INFO] ========================================
[2026-01-10 16:00:38] [INFO] Pass@k completed. Total results: 1
[2026-01-10 16:00:38] [INFO] FAILED: All 1 strategies x 1 attempts
[2026-01-10 16:00:38] [INFO] Writing results to file: /root/repo/result.json
[2026-01-10 16:00:38] [INFO] Result file written successfully
[2026-01-10 16:00:38] [INFO] Results exported to: /root/repo/result.json
[2026-01-10 16:00:38] [INFO] run_morphcloud_local.py completed successfully

[2026-01-10 16:00:43] [process_single_sorry] Downloading result file...
[2026-01-10 16:00:45] [process_single_sorry] Downloaded result to intermediate_experiment_outputs_full_reservoir/rfl/2026-01-10_14-19-01_rfl/individual/4af3b63a27055413df269715199c638d677d34b4f79888b5458f07bd2538a4f9.json
[2026-01-10 16:00:48] [process_single_sorry] Instance context closed successfully
[2026-01-10 16:00:48] [process_single_sorry] Parsing result file...
[2026-01-10 16:00:48] [process_single_sorry] Successfully parsed result (list format, 1 results)
