[2026-01-10 16:09:36] [process_single_sorry] Starting for sorry 60a44632c982025b2955a3c90121ee0fd68a950570a61ee3bcb3c359b2ff954b
[2026-01-10 16:09:36] [process_single_sorry] Using snapshot: snapshot_nziw4nul
[2026-01-10 16:09:36] [process_single_sorry] Repository: https://github.com/vihdzp/combinatorial-games@fda8348ac7eaa8d3dbd3cb0871b96380410f68ac
[2026-01-10 16:09:36] [process_single_sorry] Instance name: combinatorial-games_fda8348ac7ea_rfl_60a44632c982025b2955a3c90121ee0fd68a950570a61ee3bcb3c359b2ff954b
[2026-01-10 16:09:36] [process_single_sorry] Starting attempt 1/3
[2026-01-10 16:09:36] [process_single_sorry] Starting instance from snapshot...
[2026-01-10 16:09:38] [process_single_sorry] Instance started successfully: morphvm_3hptpkea
[2026-01-10 16:09:38] [process_single_sorry] Creating .env file...
[2026-01-10 16:09:44] [process_single_sorry] .env file created (exit_code: 0)
[2026-01-10 16:09:44] [process_single_sorry] Executing agent command...
[2026-01-10 16:10:35] [process_single_sorry] Agent command completed (exit_code: 0)
[2026-01-10 16:10:35] [process_single_sorry] STDOUT:

Results JSON:
[
  {
    "sorry": {
      "repo": {
        "remote": "https://github.com/vihdzp/combinatorial-games",
        "branch": "vi.st",
        "commit": "fda8348ac7eaa8d3dbd3cb0871b96380410f68ac",
        "lean_version": "v4.27.0-rc1"
      },
      "location": {
        "path": "CombinatorialGames/Surreal/HahnSeries/Surreal.lean",
        "start_line": 623,
        "start_column": 2,
        "end_line": 623,
        "end_column": 7
      },
      "debug_info": {
        "goal": "x : SurrealHahnSeries\ni : Ordinal.{u_1}\n⊢ ↑(@SurrealHahnSeries.toSurreal x - @SurrealHahnSeries.toSurreal (x.truncIdx i)).leadingCoeff = x.term i",
        "url": "https://github.com/vihdzp/combinatorial-games/blob/fda8348ac7eaa8d3dbd3cb0871b96380410f68ac/CombinatorialGames/Surreal/HahnSeries/Surreal.lean#L623"
      },
      "metadata": {
        "blame_email_hash": "e50bdf9225ac",
        "blame_date": "2025-12-22T16:42:04-06:00",
        "inclusion_date": "2025-12-30T18:37:38.978564+00:00"
      },
      "id": "60a44632c982025b2955a3c90121ee0fd68a950570a61ee3bcb3c359b2ff954b"
    },
    "proof": null,
    "proof_verified": false,
    "feedback": null,
    "verification_message": "All 1 attempts failed (1 strategies x 1 attempts each)",
    "success": true,
    "error_type": null,
    "error_message": null,
    "strategy_name": "all_failed_k=1",
    "proof_attempts": [
      "rfl"
    ]
  }
]

[2026-01-10 16:10:35] [process_single_sorry] STDERR:
None of PyTorch, TensorFlow >= 2.0, or Flax have been found. Models won't be available and only tokenizers, configuration and file/data utilities can be used.
[2026-01-10 16:09:55] [INFO] ================================================================================
[2026-01-10 16:09:55] [INFO] Starting run_morphcloud_local.py
[2026-01-10 16:09:55] [INFO] ================================================================================
[2026-01-10 16:09:55] [INFO] Environment loaded
[2026-01-10 16:09:55] [INFO] Full command: /root/SorryDB/sorrydb/cli/run_morphcloud_local.py --repo-path /root/repo --sorry-json {"repo": {"remote": "https://github.com/vihdzp/combinatorial-games", "branch": "vi.st", "commit": "fda8348ac7eaa8d3dbd3cb0871b96380410f68ac", "lean_version": "v4.27.0-rc1"}, "location": {"path": "CombinatorialGames/Surreal/HahnSeries/Surreal.lean", "start_line": 623, "start_column": 2, "end_line": 623, "end_column": 7}, "debug_info": {"goal": "x : SurrealHahnSeries\ni : Ordinal.{u_1}\n\u22a2 \u2191(@SurrealHahnSeries.toSurreal x - @SurrealHahnSeries.toSurreal (x.truncIdx i)).leadingCoeff = x.term i", "url": "https://github.com/vihdzp/combinatorial-games/blob/fda8348ac7eaa8d3dbd3cb0871b96380410f68ac/CombinatorialGames/Surreal/HahnSeries/Surreal.lean#L623"}, "metadata": {"blame_email_hash": "e50bdf9225ac", "blame_date": "2025-12-22T16:42:04-06:00", "inclusion_date": "2025-12-30T18:37:38.978564+00:00"}, "id": "60a44632c982025b2955a3c90121ee0fd68a950570a61ee3bcb3c359b2ff954b"} --agent-strategy {"name": "rfl", "args": {}}
[2026-01-10 16:09:55] [INFO] Arguments parsed: repo_path=/root/repo, output_path=/root/repo/result.json
[2026-01-10 16:09:55] [INFO] Strategy spec: {"name": "rfl", "args": {}}...
[2026-01-10 16:09:55] [INFO] Loading sorry data...
[2026-01-10 16:09:55] [INFO] Parsing sorry from JSON string...
[2026-01-10 16:09:55] [INFO] Sorry data parsed from JSON string
[2026-01-10 16:09:55] [INFO] Creating strategy from spec...
[2026-01-10 16:09:55] [INFO] Parsing strategy spec (length: 27 chars)
[2026-01-10 16:09:55] [INFO] Strategy name: rfl
[2026-01-10 16:09:55] [INFO] Strategy args: {}
[2026-01-10 16:09:55] [INFO] Pass@k value: 1
[2026-01-10 16:09:55] [INFO] Creating strategy: rfl
[2026-01-10 16:09:55] [INFO] Strategies created: ['RflStrategy']
[2026-01-10 16:09:55] [INFO] Pass@k value: 1
[2026-01-10 16:09:55] [INFO] Creating Sorry object...
[2026-01-10 16:09:55] [INFO] Sorry object created: id=60a44632c982025b2955a3c90121ee0fd68a950570a61ee3bcb3c359b2ff954b
[2026-01-10 16:09:55] [INFO] Sorry location: CombinatorialGames/Surreal/HahnSeries/Surreal.lean:623
[2026-01-10 16:09:55] [INFO] Context before sorry (lines 618-623):
[2026-01-10 16:09:55] [INFO]   618:       ArchimedeanClass.mk (ω^ (x.exp ⟨i, hi⟩).1) := by
[2026-01-10 16:09:55] [INFO]   619:   sorry
[2026-01-10 16:09:55] [INFO]   620: 
[2026-01-10 16:09:55] [INFO]   621: theorem leadingTerm_sub_truncIdx {x : SurrealHahnSeries} {i : Ordinal} :
[2026-01-10 16:09:55] [INFO]   622:     Surreal.leadingCoeff (x - x.truncIdx i) = x.term i := by
[2026-01-10 16:09:55] [INFO]   623:   sorry
[2026-01-10 16:09:55] [INFO] Sorry line:   sorry
[2026-01-10 16:09:55] [INFO] Sorry goal: x : SurrealHahnSeries
i : Ordinal.{u_1}
⊢ ↑(@SurrealHahnSeries.toSurreal x - @SurrealHahnSeries.toSu...
[2026-01-10 16:09:55] [INFO] ========================================
[2026-01-10 16:09:55] [INFO] Trying strategy: RflStrategy (up to 1 attempts)
[2026-01-10 16:09:55] [INFO] --------------------
[2026-01-10 16:09:55] [INFO] Strategy RflStrategy, attempt 1/1
[2026-01-10 16:09:55] [INFO] Starting proof generation...
[2026-01-10 16:09:55] [INFO] Repository path: /root/repo
[2026-01-10 16:09:55] [INFO] Proof generation completed
[2026-01-10 16:09:55] [INFO] Generated proof:
[2026-01-10 16:09:55] [INFO] rfl
[2026-01-10 16:09:55] [INFO] Proof length: 3 chars
[2026-01-10 16:09:55] [INFO] Starting proof verification...
[2026-01-10 16:09:55] [INFO] Verifying at: CombinatorialGames/Surreal/HahnSeries/Surreal.lean:623
[2026-01-10 16:09:55] [INFO] Using LEAN INTERACT verify
[2026-01-10 16:09:55] [INFO] Checking file
[2026-01-10 16:10:34] [INFO] Cannot build modified file <error line="623" column="2">
<code_line>  rfl</code_line>
<message>error: Tactic `rfl` failed: The left-hand side</message>
</error>
  ↑(↑x - ↑(x.truncIdx i)).leadingCoeff
is not definitionally equal to the right-hand side
  x.term i

x : SurrealHahnSeries
i : Ordinal.{u_1}
⊢ ↑(↑x - ↑(x.truncIdx i)).leadingCoeff = x.term i
[2026-01-10 16:10:34] [INFO] Proof verification completed
[2026-01-10 16:10:34] [INFO] Strategy RflStrategy attempt 1: verified=False
[2026-01-10 16:10:34] [INFO] Verification message: Cannot build modified file: <error line="623" column="2">
<code_line>  rfl</code_line>
<message>error: Tactic `rfl` failed: The left-hand side</message>
</error>
  ↑(↑x - ↑(x.truncIdx i)).leadingCoeff
is not definitionally equal to the right-hand side
  x.term i

x : SurrealHahnSeries
i : Ordinal.{u_1}
⊢ ↑(↑x - ↑(x.truncIdx i)).leadingCoeff = x.term i

[2026-01-10 16:10:34] [INFO] Attempt 1 failed verification, continuing...
[2026-01-10 16:10:34] [INFO] ========================================
[2026-01-10 16:10:34] [INFO] Pass@k completed. Total results: 1
[2026-01-10 16:10:34] [INFO] FAILED: All 1 strategies x 1 attempts
[2026-01-10 16:10:34] [INFO] Writing results to file: /root/repo/result.json
[2026-01-10 16:10:34] [INFO] Result file written successfully
[2026-01-10 16:10:34] [INFO] Results exported to: /root/repo/result.json
[2026-01-10 16:10:34] [INFO] run_morphcloud_local.py completed successfully

[2026-01-10 16:10:35] [process_single_sorry] Downloading result file...
[2026-01-10 16:10:37] [process_single_sorry] Downloaded result to intermediate_experiment_outputs_full_reservoir/rfl/2026-01-10_14-19-01_rfl/individual/60a44632c982025b2955a3c90121ee0fd68a950570a61ee3bcb3c359b2ff954b.json
[2026-01-10 16:10:39] [process_single_sorry] Instance context closed successfully
[2026-01-10 16:10:39] [process_single_sorry] Parsing result file...
[2026-01-10 16:10:39] [process_single_sorry] Successfully parsed result (list format, 1 results)
