[2026-01-10 15:04:39] [process_single_sorry] Starting for sorry 93dc6a532525066bb37d011a6b2736bb7682fa18d621c08b6d5d04023e8c525f
[2026-01-10 15:04:39] [process_single_sorry] Using snapshot: snapshot_herhk9xy
[2026-01-10 15:04:39] [process_single_sorry] Repository: https://github.com/PatrickMassot/GlimpseOfLean@38ee6e4afd371b18d831ae09244fcd223a1bc535
[2026-01-10 15:04:39] [process_single_sorry] Instance name: GlimpseOfLean_38ee6e4afd37_rfl_93dc6a532525066bb37d011a6b2736bb7682fa18d621c08b6d5d04023e8c525f
[2026-01-10 15:04:39] [process_single_sorry] Starting attempt 1/3
[2026-01-10 15:04:39] [process_single_sorry] Starting instance from snapshot...
[2026-01-10 15:04:52] [process_single_sorry] Instance started successfully: morphvm_2y0eb1f2
[2026-01-10 15:04:52] [process_single_sorry] Creating .env file...
[2026-01-10 15:04:52] [process_single_sorry] .env file created (exit_code: 0)
[2026-01-10 15:04:52] [process_single_sorry] Executing agent command...
[2026-01-10 15:05:16] [process_single_sorry] Agent command completed (exit_code: 0)
[2026-01-10 15:05:16] [process_single_sorry] STDOUT:

Results JSON:
[
  {
    "sorry": {
      "repo": {
        "remote": "https://github.com/PatrickMassot/GlimpseOfLean",
        "branch": "master",
        "commit": "38ee6e4afd371b18d831ae09244fcd223a1bc535",
        "lean_version": "v4.22.0"
      },
      "location": {
        "path": "GlimpseOfLean/Exercises/Topics/RingTheory.lean",
        "start_line": 74,
        "start_column": 4,
        "end_line": 74,
        "end_column": 9
      },
      "debug_info": {
        "goal": "R : Type u_1\nS : Type u_2\ninst✝² : CommRing R\ninst✝¹ : CommRing S\nT : Type u_3\ninst✝ : CommRing T\ng : S →+* T\nf : R →+* S\n⊢ ∀ (x y : R), g (f (x + y)) = g (f x) + g (f y)",
        "url": "https://github.com/PatrickMassot/GlimpseOfLean/blob/38ee6e4afd371b18d831ae09244fcd223a1bc535/GlimpseOfLean/Exercises/Topics/RingTheory.lean#L74"
      },
      "metadata": {
        "blame_email_hash": "c28576c1d1dd",
        "blame_date": "2025-04-20T11:35:58+02:00",
        "inclusion_date": "2025-12-29T17:37:45.814119+00:00"
      },
      "id": "93dc6a532525066bb37d011a6b2736bb7682fa18d621c08b6d5d04023e8c525f"
    },
    "proof": null,
    "proof_verified": false,
    "feedback": null,
    "verification_message": "All 1 attempts failed (1 strategies x 1 attempts each)",
    "success": true,
    "error_type": null,
    "error_message": null,
    "strategy_name": "all_failed_k=1",
    "proof_attempts": [
      "rfl"
    ]
  }
]

[2026-01-10 15:05:16] [process_single_sorry] STDERR:
None of PyTorch, TensorFlow >= 2.0, or Flax have been found. Models won't be available and only tokenizers, configuration and file/data utilities can be used.
[2026-01-10 15:05:02] [INFO] ================================================================================
[2026-01-10 15:05:02] [INFO] Starting run_morphcloud_local.py
[2026-01-10 15:05:02] [INFO] ================================================================================
[2026-01-10 15:05:02] [INFO] Environment loaded
[2026-01-10 15:05:02] [INFO] Full command: /root/SorryDB/sorrydb/cli/run_morphcloud_local.py --repo-path /root/repo --sorry-json {"repo": {"remote": "https://github.com/PatrickMassot/GlimpseOfLean", "branch": "master", "commit": "38ee6e4afd371b18d831ae09244fcd223a1bc535", "lean_version": "v4.22.0"}, "location": {"path": "GlimpseOfLean/Exercises/Topics/RingTheory.lean", "start_line": 74, "start_column": 4, "end_line": 74, "end_column": 9}, "debug_info": {"goal": "R : Type u_1\nS : Type u_2\ninst\u271d\u00b2 : CommRing R\ninst\u271d\u00b9 : CommRing S\nT : Type u_3\ninst\u271d : CommRing T\ng : S \u2192+* T\nf : R \u2192+* S\n\u22a2 \u2200 (x y : R), g (f (x + y)) = g (f x) + g (f y)", "url": "https://github.com/PatrickMassot/GlimpseOfLean/blob/38ee6e4afd371b18d831ae09244fcd223a1bc535/GlimpseOfLean/Exercises/Topics/RingTheory.lean#L74"}, "metadata": {"blame_email_hash": "c28576c1d1dd", "blame_date": "2025-04-20T11:35:58+02:00", "inclusion_date": "2025-12-29T17:37:45.814119+00:00"}, "id": "93dc6a532525066bb37d011a6b2736bb7682fa18d621c08b6d5d04023e8c525f"} --agent-strategy {"name": "rfl", "args": {}}
[2026-01-10 15:05:02] [INFO] Arguments parsed: repo_path=/root/repo, output_path=/root/repo/result.json
[2026-01-10 15:05:02] [INFO] Strategy spec: {"name": "rfl", "args": {}}...
[2026-01-10 15:05:02] [INFO] Loading sorry data...
[2026-01-10 15:05:02] [INFO] Parsing sorry from JSON string...
[2026-01-10 15:05:02] [INFO] Sorry data parsed from JSON string
[2026-01-10 15:05:02] [INFO] Creating strategy from spec...
[2026-01-10 15:05:02] [INFO] Parsing strategy spec (length: 27 chars)
[2026-01-10 15:05:02] [INFO] Strategy name: rfl
[2026-01-10 15:05:02] [INFO] Strategy args: {}
[2026-01-10 15:05:02] [INFO] Pass@k value: 1
[2026-01-10 15:05:02] [INFO] Creating strategy: rfl
[2026-01-10 15:05:02] [INFO] Strategies created: ['RflStrategy']
[2026-01-10 15:05:02] [INFO] Pass@k value: 1
[2026-01-10 15:05:02] [INFO] Creating Sorry object...
[2026-01-10 15:05:02] [INFO] Sorry object created: id=93dc6a532525066bb37d011a6b2736bb7682fa18d621c08b6d5d04023e8c525f
[2026-01-10 15:05:02] [INFO] Sorry location: GlimpseOfLean/Exercises/Topics/RingTheory.lean:74
[2026-01-10 15:05:02] [INFO] Context before sorry (lines 69-74):
[2026-01-10 15:05:02] [INFO]   69:   map_mul' := by
[2026-01-10 15:05:02] [INFO]   70:     sorry
[2026-01-10 15:05:02] [INFO]   71:   map_zero' := by
[2026-01-10 15:05:02] [INFO]   72:     sorry
[2026-01-10 15:05:02] [INFO]   73:   map_add' := by
[2026-01-10 15:05:02] [INFO]   74:     sorry
[2026-01-10 15:05:02] [INFO] Sorry line:     sorry
[2026-01-10 15:05:02] [INFO] Sorry goal: R : Type u_1
S : Type u_2
inst✝² : CommRing R
inst✝¹ : CommRing S
T : Type u_3
inst✝ : CommRing T
g ...
[2026-01-10 15:05:02] [INFO] ========================================
[2026-01-10 15:05:02] [INFO] Trying strategy: RflStrategy (up to 1 attempts)
[2026-01-10 15:05:02] [INFO] --------------------
[2026-01-10 15:05:02] [INFO] Strategy RflStrategy, attempt 1/1
[2026-01-10 15:05:02] [INFO] Starting proof generation...
[2026-01-10 15:05:02] [INFO] Repository path: /root/repo
[2026-01-10 15:05:02] [INFO] Proof generation completed
[2026-01-10 15:05:02] [INFO] Generated proof:
[2026-01-10 15:05:02] [INFO] rfl
[2026-01-10 15:05:02] [INFO] Proof length: 3 chars
[2026-01-10 15:05:02] [INFO] Starting proof verification...
[2026-01-10 15:05:02] [INFO] Verifying at: GlimpseOfLean/Exercises/Topics/RingTheory.lean:74
[2026-01-10 15:05:02] [INFO] Using LEAN INTERACT verify
[2026-01-10 15:05:02] [INFO] Checking file
[2026-01-10 15:05:15] [INFO] Cannot build modified file <error line="74" column="4">
<code_line>    rfl</code_line>
<message>error: tactic 'rfl' failed, expected goal to be a binary relation</message>
</error>
R : Type u_1
S : Type u_2
inst✝² : CommRing R
inst✝¹ : CommRing S
T : Type u_3
inst✝ : CommRing T
g : S →+* T
f : R →+* S
⊢ ∀ (x y : R), g (f (x + y)) = g (f x) + g (f y)
Finset.mem_insert_of_mem.{u_1} {α : Type u_1} [DecidableEq α] {s : Finset α} {a b : α} (h : a ∈ s) : a ∈ insert b s
Finset.mem_insert_self.{u_1} {α : Type u_1} [DecidableEq α] (a : α) (s : Finset α) : a ∈ insert a s
[2026-01-10 15:05:15] [INFO] Proof verification completed
[2026-01-10 15:05:15] [INFO] Strategy RflStrategy attempt 1: verified=False
[2026-01-10 15:05:15] [INFO] Verification message: Cannot build modified file: <error line="74" column="4">
<code_line>    rfl</code_line>
<message>error: tactic 'rfl' failed, expected goal to be a binary relation</message>
</error>
R : Type u_1
S : Type u_2
inst✝² : CommRing R
inst✝¹ : CommRing S
T : Type u_3
inst✝ : CommRing T
g : S →+* T
f : R →+* S
⊢ ∀ (x y : R), g (f (x + y)) = g (f x) + g (f y)
Finset.mem_insert_of_mem.{u_1} {α : Type u_1} [DecidableEq α] {s : Finset α} {a b : α} (h : a ∈ s) : a ∈ insert b s
Finset.mem_insert_self.{u_1} {α : Type u_1} [DecidableEq α] (a : α) (s : Finset α) : a ∈ insert a s

[2026-01-10 15:05:15] [INFO] Attempt 1 failed verification, continuing...
[2026-01-10 15:05:15] [INFO] ========================================
[2026-01-10 15:05:15] [INFO] Pass@k completed. Total results: 1
[2026-01-10 15:05:15] [INFO] FAILED: All 1 strategies x 1 attempts
[2026-01-10 15:05:15] [INFO] Writing results to file: /root/repo/result.json
[2026-01-10 15:05:15] [INFO] Result file written successfully
[2026-01-10 15:05:15] [INFO] Results exported to: /root/repo/result.json
[2026-01-10 15:05:15] [INFO] run_morphcloud_local.py completed successfully

[2026-01-10 15:05:16] [process_single_sorry] Downloading result file...
[2026-01-10 15:05:18] [process_single_sorry] Downloaded result to intermediate_experiment_outputs_full_reservoir/rfl/2026-01-10_14-19-01_rfl/individual/93dc6a532525066bb37d011a6b2736bb7682fa18d621c08b6d5d04023e8c525f.json
[2026-01-10 15:05:20] [process_single_sorry] Instance context closed successfully
[2026-01-10 15:05:20] [process_single_sorry] Parsing result file...
[2026-01-10 15:05:20] [process_single_sorry] Successfully parsed result (list format, 1 results)
