[2026-01-10 15:58:18] [process_single_sorry] Starting for sorry 943f1948e3292d8b4ba0294b7dd21c5c4938d5cb422a6ad0b1fca59e48344e30
[2026-01-10 15:58:18] [process_single_sorry] Using snapshot: snapshot_qgb2jacj
[2026-01-10 15:58:18] [process_single_sorry] Repository: https://github.com/m4lvin/lean4-pdl@6f9009d2561a5d7528f84992efbffb948820719c
[2026-01-10 15:58:18] [process_single_sorry] Instance name: lean4-pdl_6f9009d2561a_rfl_943f1948e3292d8b4ba0294b7dd21c5c4938d5cb422a6ad0b1fca59e48344e30
[2026-01-10 15:58:18] [process_single_sorry] Starting attempt 1/3
[2026-01-10 15:58:18] [process_single_sorry] Starting instance from snapshot...
[2026-01-10 15:58:18] [process_single_sorry] Instance started successfully: morphvm_ijf5ptg5
[2026-01-10 15:58:18] [process_single_sorry] Creating .env file...
[2026-01-10 15:58:29] [process_single_sorry] .env file created (exit_code: 0)
[2026-01-10 15:58:29] [process_single_sorry] Executing agent command...
[2026-01-10 16:00:43] [process_single_sorry] Agent command completed (exit_code: 0)
[2026-01-10 16:00:43] [process_single_sorry] STDOUT:

Results JSON:
[
  {
    "sorry": {
      "repo": {
        "remote": "https://github.com/m4lvin/lean4-pdl",
        "branch": "simp-suggestion-incomplete",
        "commit": "6f9009d2561a5d7528f84992efbffb948820719c",
        "lean_version": "v4.27.0-rc1"
      },
      "location": {
        "path": "Pdl/PartInterpolation.lean",
        "start_line": 715,
        "start_column": 10,
        "end_line": 715,
        "end_column": 15
      },
      "debug_info": {
        "goal": "case none.refine_2\nHist : History\nL R : List Formula\nnlf : NegLoadFormula\nnbas : ¬Sequent.basic (L, R, some (Sum.inl nlf))\nlt : LocalTableau (L, R, some (Sum.inl nlf))\nnrep : ¬rep Hist (L, R, some (Sum.inl nlf))\nnext : (Y : Sequent) → Y ∈ endNodesOf lt → Tableau ((L, R, some (Sum.inl nlf)) :: Hist) Y\nLY RY : List Formula\nYf_in : Sequent.flip (LY, RY, none) ∈ endNodesOf lt.flip\nY_in : (LY, RY, none) ∈ endNodesOf (⋯ ▸ lt)\n⊢ PathIn.loc ⋯ PathIn.nil = ⋯ ▸ PathIn.loc ⋯ PathIn.nil",
        "url": "https://github.com/m4lvin/lean4-pdl/blob/6f9009d2561a5d7528f84992efbffb948820719c/Pdl/PartInterpolation.lean#L715"
      },
      "metadata": {
        "blame_email_hash": "f9cc4b9ec8ec",
        "blame_date": "2025-11-18T21:48:45+01:00",
        "inclusion_date": "2025-12-30T16:27:55.182108+00:00"
      },
      "id": "943f1948e3292d8b4ba0294b7dd21c5c4938d5cb422a6ad0b1fca59e48344e30"
    },
    "proof": null,
    "proof_verified": false,
    "feedback": null,
    "verification_message": "All 1 attempts failed (1 strategies x 1 attempts each)",
    "success": true,
    "error_type": null,
    "error_message": null,
    "strategy_name": "all_failed_k=1",
    "proof_attempts": [
      "rfl"
    ]
  }
]

[2026-01-10 16:00:43] [process_single_sorry] STDERR:
None of PyTorch, TensorFlow >= 2.0, or Flax have been found. Models won't be available and only tokenizers, configuration and file/data utilities can be used.
[2026-01-10 15:59:06] [INFO] ================================================================================
[2026-01-10 15:59:06] [INFO] Starting run_morphcloud_local.py
[2026-01-10 15:59:06] [INFO] ================================================================================
[2026-01-10 15:59:06] [INFO] Environment loaded
[2026-01-10 15:59:06] [INFO] Full command: /root/SorryDB/sorrydb/cli/run_morphcloud_local.py --repo-path /root/repo --sorry-json {"repo": {"remote": "https://github.com/m4lvin/lean4-pdl", "branch": "simp-suggestion-incomplete", "commit": "6f9009d2561a5d7528f84992efbffb948820719c", "lean_version": "v4.27.0-rc1"}, "location": {"path": "Pdl/PartInterpolation.lean", "start_line": 715, "start_column": 10, "end_line": 715, "end_column": 15}, "debug_info": {"goal": "case none.refine_2\nHist : History\nL R : List Formula\nnlf : NegLoadFormula\nnbas : \u00acSequent.basic (L, R, some (Sum.inl nlf))\nlt : LocalTableau (L, R, some (Sum.inl nlf))\nnrep : \u00acrep Hist (L, R, some (Sum.inl nlf))\nnext : (Y : Sequent) \u2192 Y \u2208 endNodesOf lt \u2192 Tableau ((L, R, some (Sum.inl nlf)) :: Hist) Y\nLY RY : List Formula\nYf_in : Sequent.flip (LY, RY, none) \u2208 endNodesOf lt.flip\nY_in : (LY, RY, none) \u2208 endNodesOf (\u22ef \u25b8 lt)\n\u22a2 PathIn.loc \u22ef PathIn.nil = \u22ef \u25b8 PathIn.loc \u22ef PathIn.nil", "url": "https://github.com/m4lvin/lean4-pdl/blob/6f9009d2561a5d7528f84992efbffb948820719c/Pdl/PartInterpolation.lean#L715"}, "metadata": {"blame_email_hash": "f9cc4b9ec8ec", "blame_date": "2025-11-18T21:48:45+01:00", "inclusion_date": "2025-12-30T16:27:55.182108+00:00"}, "id": "943f1948e3292d8b4ba0294b7dd21c5c4938d5cb422a6ad0b1fca59e48344e30"} --agent-strategy {"name": "rfl", "args": {}}
[2026-01-10 15:59:06] [INFO] Arguments parsed: repo_path=/root/repo, output_path=/root/repo/result.json
[2026-01-10 15:59:06] [INFO] Strategy spec: {"name": "rfl", "args": {}}...
[2026-01-10 15:59:06] [INFO] Loading sorry data...
[2026-01-10 15:59:06] [INFO] Parsing sorry from JSON string...
[2026-01-10 15:59:06] [INFO] Sorry data parsed from JSON string
[2026-01-10 15:59:06] [INFO] Creating strategy from spec...
[2026-01-10 15:59:06] [INFO] Parsing strategy spec (length: 27 chars)
[2026-01-10 15:59:06] [INFO] Strategy name: rfl
[2026-01-10 15:59:06] [INFO] Strategy args: {}
[2026-01-10 15:59:06] [INFO] Pass@k value: 1
[2026-01-10 15:59:06] [INFO] Creating strategy: rfl
[2026-01-10 15:59:06] [INFO] Strategies created: ['RflStrategy']
[2026-01-10 15:59:06] [INFO] Pass@k value: 1
[2026-01-10 15:59:06] [INFO] Creating Sorry object...
[2026-01-10 15:59:06] [INFO] Sorry object created: id=943f1948e3292d8b4ba0294b7dd21c5c4938d5cb422a6ad0b1fca59e48344e30
[2026-01-10 15:59:06] [INFO] Sorry location: Pdl/PartInterpolation.lean:715
[2026-01-10 15:59:06] [INFO] Context before sorry (lines 710-715):
[2026-01-10 15:59:06] [INFO]   710:           simp [Sequent.isLoaded] at e_in
[2026-01-10 15:59:06] [INFO]   711:           subst e_in
[2026-01-10 15:59:06] [INFO]   712:           unfold PathIn.flip; simp
[2026-01-10 15:59:06] [INFO]   713:           unfold PathIn.flip; simp
[2026-01-10 15:59:06] [INFO]   714:           -- TODO: Lemma about .loc .nil and cast?
[2026-01-10 15:59:06] [INFO]   715:           sorry
[2026-01-10 15:59:06] [INFO] Sorry line:           sorry
[2026-01-10 15:59:06] [INFO] Sorry goal: case none.refine_2
Hist : History
L R : List Formula
nlf : NegLoadFormula
nbas : ¬Sequent.basic (L, ...
[2026-01-10 15:59:06] [INFO] ========================================
[2026-01-10 15:59:06] [INFO] Trying strategy: RflStrategy (up to 1 attempts)
[2026-01-10 15:59:06] [INFO] --------------------
[2026-01-10 15:59:06] [INFO] Strategy RflStrategy, attempt 1/1
[2026-01-10 15:59:06] [INFO] Starting proof generation...
[2026-01-10 15:59:06] [INFO] Repository path: /root/repo
[2026-01-10 15:59:06] [INFO] Proof generation completed
[2026-01-10 15:59:06] [INFO] Generated proof:
[2026-01-10 15:59:06] [INFO] rfl
[2026-01-10 15:59:06] [INFO] Proof length: 3 chars
[2026-01-10 15:59:06] [INFO] Starting proof verification...
[2026-01-10 15:59:06] [INFO] Verifying at: Pdl/PartInterpolation.lean:715
[2026-01-10 15:59:06] [INFO] Using LEAN INTERACT verify
[2026-01-10 15:59:06] [INFO] Checking file
[2026-01-10 16:00:37] [INFO] Cannot build modified file <error line="715" column="10">
<code_line>          rfl</code_line>
<message>error: Tactic `rfl` failed: The left-hand side</message>
</error>
  PathIn.loc ⋯ PathIn.nil
is not definitionally equal to the right-hand side
  ⋯ ▸ PathIn.loc ⋯ PathIn.nil

case none.refine_2
Hist : History
L R : List Formula
nlf : NegLoadFormula
nbas : ¬Sequent.basic (L, R, some (Sum.inl nlf))
lt : LocalTableau (L, R, some (Sum.inl nlf))
nrep : ¬rep Hist (L, R, some (Sum.inl nlf))
next : (Y : Sequent) → Y ∈ endNodesOf lt → Tableau ((L, R, some (Sum.inl nlf)) :: Hist) Y
LY RY : List Formula
Yf_in : Sequent.flip (LY, RY, none) ∈ endNodesOf lt.flip
Y_in : (LY, RY, none) ∈ endNodesOf (⋯ ▸ lt)
⊢ PathIn.loc ⋯ PathIn.nil = ⋯ ▸ PathIn.loc ⋯ PathIn.nil
[2026-01-10 16:00:37] [INFO] Proof verification completed
[2026-01-10 16:00:37] [INFO] Strategy RflStrategy attempt 1: verified=False
[2026-01-10 16:00:37] [INFO] Verification message: Cannot build modified file: <error line="715" column="10">
<code_line>          rfl</code_line>
<message>error: Tactic `rfl` failed: The left-hand side</message>
</error>
  PathIn.loc ⋯ PathIn.nil
is not definitionally equal to the right-hand side
  ⋯ ▸ PathIn.loc ⋯ PathIn.nil

case none.refine_2
Hist : History
L R : List Formula
nlf : NegLoadFormula
nbas : ¬Sequent.basic (L, R, some (Sum.inl nlf))
lt : LocalTableau (L, R, some (Sum.inl nlf))
nrep : ¬rep Hist (L, R, some (Sum.inl nlf))
next : (Y : Sequent) → Y ∈ endNodesOf lt → Tableau ((L, R, some (Sum.inl nlf)) :: Hist) Y
LY RY : List Formula
Yf_in : Sequent.flip (LY, RY, none) ∈ endNodesOf lt.flip
Y_in : (LY, RY, none) ∈ endNodesOf (⋯ ▸ lt)
⊢ PathIn.loc ⋯ PathIn.nil = ⋯ ▸ PathIn.loc ⋯ PathIn.nil

[2026-01-10 16:00:37] [INFO] Attempt 1 failed verification, continuing...
[2026-01-10 16:00:37] [INFO] ========================================
[2026-01-10 16:00:37] [INFO] Pass@k completed. Total results: 1
[2026-01-10 16:00:37] [INFO] FAILED: All 1 strategies x 1 attempts
[2026-01-10 16:00:37] [INFO] Writing results to file: /root/repo/result.json
[2026-01-10 16:00:37] [INFO] Result file written successfully
[2026-01-10 16:00:37] [INFO] Results exported to: /root/repo/result.json
[2026-01-10 16:00:37] [INFO] run_morphcloud_local.py completed successfully

[2026-01-10 16:00:43] [process_single_sorry] Downloading result file...
[2026-01-10 16:00:43] [process_single_sorry] Downloaded result to intermediate_experiment_outputs_full_reservoir/rfl/2026-01-10_14-19-01_rfl/individual/943f1948e3292d8b4ba0294b7dd21c5c4938d5cb422a6ad0b1fca59e48344e30.json
[2026-01-10 16:00:45] [process_single_sorry] Instance context closed successfully
[2026-01-10 16:00:45] [process_single_sorry] Parsing result file...
[2026-01-10 16:00:45] [process_single_sorry] Successfully parsed result (list format, 1 results)
