[2026-01-10 16:17:56] [process_single_sorry] Starting for sorry a24324799e96971d6022160cd79ce16ee13e28b93a1b49ebdb4196352d012d26
[2026-01-10 16:17:56] [process_single_sorry] Using snapshot: snapshot_qtmdgdo6
[2026-01-10 16:17:56] [process_single_sorry] Repository: https://github.com/google-deepmind/formal-conjectures@bb9707a10433cc4302b5557b28ca2abc10bd8a63
[2026-01-10 16:17:56] [process_single_sorry] Instance name: formal-conjectures_bb9707a10433_rfl_a24324799e96971d6022160cd79ce16ee13e28b93a1b49ebdb4196352d012d26
[2026-01-10 16:17:56] [process_single_sorry] Starting attempt 1/3
[2026-01-10 16:17:56] [process_single_sorry] Starting instance from snapshot...
[2026-01-10 16:17:56] [process_single_sorry] Instance started successfully: morphvm_xmyfa7gz
[2026-01-10 16:17:56] [process_single_sorry] Creating .env file...
[2026-01-10 16:18:00] [process_single_sorry] .env file created (exit_code: 0)
[2026-01-10 16:18:00] [process_single_sorry] Executing agent command...
[2026-01-10 16:18:48] [process_single_sorry] Agent command completed (exit_code: 0)
[2026-01-10 16:18:48] [process_single_sorry] STDOUT:

Results JSON:
[
  {
    "sorry": {
      "repo": {
        "remote": "https://github.com/google-deepmind/formal-conjectures",
        "branch": "more_erdos_124",
        "commit": "bb9707a10433cc4302b5557b28ca2abc10bd8a63",
        "lean_version": "v4.22.0"
      },
      "location": {
        "path": "FormalConjectures/ErdosProblems/1101.lean",
        "start_line": 64,
        "start_column": 2,
        "end_line": 64,
        "end_column": 7
      },
      "debug_info": {
        "goal": "⊢ ∃ u, Erdos1101.IsGood u ∧ (fun n => Real.log ↑(u n)) =o[atTop] fun n => ↑n",
        "url": "https://github.com/google-deepmind/formal-conjectures/blob/bb9707a10433cc4302b5557b28ca2abc10bd8a63/FormalConjectures/ErdosProblems/1101.lean#L64"
      },
      "metadata": {
        "blame_email_hash": "1bfa6c60d937",
        "blame_date": "2025-12-26T05:23:06-08:00",
        "inclusion_date": "2025-12-30T05:28:41.051224+00:00"
      },
      "id": "a24324799e96971d6022160cd79ce16ee13e28b93a1b49ebdb4196352d012d26"
    },
    "proof": null,
    "proof_verified": false,
    "feedback": null,
    "verification_message": "All 1 attempts failed (1 strategies x 1 attempts each)",
    "success": true,
    "error_type": null,
    "error_message": null,
    "strategy_name": "all_failed_k=1",
    "proof_attempts": [
      "rfl"
    ]
  }
]

[2026-01-10 16:18:48] [process_single_sorry] STDERR:
None of PyTorch, TensorFlow >= 2.0, or Flax have been found. Models won't be available and only tokenizers, configuration and file/data utilities can be used.
[2026-01-10 16:18:16] [INFO] ================================================================================
[2026-01-10 16:18:16] [INFO] Starting run_morphcloud_local.py
[2026-01-10 16:18:16] [INFO] ================================================================================
[2026-01-10 16:18:16] [INFO] Environment loaded
[2026-01-10 16:18:16] [INFO] Full command: /root/SorryDB/sorrydb/cli/run_morphcloud_local.py --repo-path /root/repo --sorry-json {"repo": {"remote": "https://github.com/google-deepmind/formal-conjectures", "branch": "more_erdos_124", "commit": "bb9707a10433cc4302b5557b28ca2abc10bd8a63", "lean_version": "v4.22.0"}, "location": {"path": "FormalConjectures/ErdosProblems/1101.lean", "start_line": 64, "start_column": 2, "end_line": 64, "end_column": 7}, "debug_info": {"goal": "\u22a2 \u2203 u, Erdos1101.IsGood u \u2227 (fun n => Real.log \u2191(u n)) =o[atTop] fun n => \u2191n", "url": "https://github.com/google-deepmind/formal-conjectures/blob/bb9707a10433cc4302b5557b28ca2abc10bd8a63/FormalConjectures/ErdosProblems/1101.lean#L64"}, "metadata": {"blame_email_hash": "1bfa6c60d937", "blame_date": "2025-12-26T05:23:06-08:00", "inclusion_date": "2025-12-30T05:28:41.051224+00:00"}, "id": "a24324799e96971d6022160cd79ce16ee13e28b93a1b49ebdb4196352d012d26"} --agent-strategy {"name": "rfl", "args": {}}
[2026-01-10 16:18:16] [INFO] Arguments parsed: repo_path=/root/repo, output_path=/root/repo/result.json
[2026-01-10 16:18:16] [INFO] Strategy spec: {"name": "rfl", "args": {}}...
[2026-01-10 16:18:16] [INFO] Loading sorry data...
[2026-01-10 16:18:16] [INFO] Parsing sorry from JSON string...
[2026-01-10 16:18:16] [INFO] Sorry data parsed from JSON string
[2026-01-10 16:18:16] [INFO] Creating strategy from spec...
[2026-01-10 16:18:16] [INFO] Parsing strategy spec (length: 27 chars)
[2026-01-10 16:18:16] [INFO] Strategy name: rfl
[2026-01-10 16:18:16] [INFO] Strategy args: {}
[2026-01-10 16:18:16] [INFO] Pass@k value: 1
[2026-01-10 16:18:16] [INFO] Creating strategy: rfl
[2026-01-10 16:18:16] [INFO] Strategies created: ['RflStrategy']
[2026-01-10 16:18:16] [INFO] Pass@k value: 1
[2026-01-10 16:18:16] [INFO] Creating Sorry object...
[2026-01-10 16:18:16] [INFO] Sorry object created: id=a24324799e96971d6022160cd79ce16ee13e28b93a1b49ebdb4196352d012d26
[2026-01-10 16:18:16] [INFO] Sorry location: FormalConjectures/ErdosProblems/1101.lean:64
[2026-01-10 16:18:16] [INFO] Context before sorry (lines 59-64):
[2026-01-10 16:18:16] [INFO]   59:   sorry
[2026-01-10 16:18:16] [INFO]   60: 
[2026-01-10 16:18:16] [INFO]   61: /-- 2. There is a good sequence with sub-exponential growth. -/
[2026-01-10 16:18:16] [INFO]   62: @[category research open, AMS 11]
[2026-01-10 16:18:16] [INFO]   63: theorem erdos_1101.subexponential : ∃ u, IsGood u ∧ (fun n => Real.log (u n : ℝ)) =o[atTop] (fun n => (n : ℝ)) :=
[2026-01-10 16:18:16] [INFO]   64:   sorry
[2026-01-10 16:18:16] [INFO] Sorry line:   sorry
[2026-01-10 16:18:16] [INFO] Sorry goal: ⊢ ∃ u, Erdos1101.IsGood u ∧ (fun n => Real.log ↑(u n)) =o[atTop] fun n => ↑n...
[2026-01-10 16:18:16] [INFO] ========================================
[2026-01-10 16:18:16] [INFO] Trying strategy: RflStrategy (up to 1 attempts)
[2026-01-10 16:18:16] [INFO] --------------------
[2026-01-10 16:18:16] [INFO] Strategy RflStrategy, attempt 1/1
[2026-01-10 16:18:16] [INFO] Starting proof generation...
[2026-01-10 16:18:16] [INFO] Repository path: /root/repo
[2026-01-10 16:18:16] [INFO] Proof generation completed
[2026-01-10 16:18:16] [INFO] Generated proof:
[2026-01-10 16:18:16] [INFO] rfl
[2026-01-10 16:18:16] [INFO] Proof length: 3 chars
[2026-01-10 16:18:16] [INFO] Starting proof verification...
[2026-01-10 16:18:16] [INFO] Verifying at: FormalConjectures/ErdosProblems/1101.lean:64
[2026-01-10 16:18:16] [INFO] Using LEAN INTERACT verify
[2026-01-10 16:18:16] [INFO] Checking file
[2026-01-10 16:18:47] [INFO] Cannot build modified file <error line="61" column="0">
<code_line>/-- 2. There is a good sequence with sub-exponential growth. -/</code_line>
<message>error: Not a definitional equality: the conclusion should be an equality, but is</message>
</error>
  ∃ u, IsGood u ∧ (fun n => Real.log ↑(u n)) =o[atTop] fun n => ↑n
<error line="64" column="2">
<code_line>  rfl</code_line>
<message>error: type mismatch</message>
</error>
  rfl
has type
  ?m.2311 = ?m.2311 : Prop
but is expected to have type
  ∃ u, IsGood u ∧ (fun n => Real.log ↑(u n)) =o[atTop] fun n => ↑n : Prop
[2026-01-10 16:18:47] [INFO] Proof verification completed
[2026-01-10 16:18:47] [INFO] Strategy RflStrategy attempt 1: verified=False
[2026-01-10 16:18:47] [INFO] Verification message: Cannot build modified file: <error line="61" column="0">
<code_line>/-- 2. There is a good sequence with sub-exponential growth. -/</code_line>
<message>error: Not a definitional equality: the conclusion should be an equality, but is</message>
</error>
  ∃ u, IsGood u ∧ (fun n => Real.log ↑(u n)) =o[atTop] fun n => ↑n
<error line="64" column="2">
<code_line>  rfl</code_line>
<message>error: type mismatch</message>
</error>
  rfl
has type
  ?m.2311 = ?m.2311 : Prop
but is expected to have type
  ∃ u, IsGood u ∧ (fun n => Real.log ↑(u n)) =o[atTop] fun n => ↑n : Prop

[2026-01-10 16:18:47] [INFO] Attempt 1 failed verification, continuing...
[2026-01-10 16:18:47] [INFO] ========================================
[2026-01-10 16:18:47] [INFO] Pass@k completed. Total results: 1
[2026-01-10 16:18:47] [INFO] FAILED: All 1 strategies x 1 attempts
[2026-01-10 16:18:47] [INFO] Writing results to file: /root/repo/result.json
[2026-01-10 16:18:47] [INFO] Result file written successfully
[2026-01-10 16:18:47] [INFO] Results exported to: /root/repo/result.json
[2026-01-10 16:18:47] [INFO] run_morphcloud_local.py completed successfully

[2026-01-10 16:18:48] [process_single_sorry] Downloading result file...
[2026-01-10 16:18:48] [process_single_sorry] Downloaded result to intermediate_experiment_outputs_full_reservoir/rfl/2026-01-10_14-19-01_rfl/individual/a24324799e96971d6022160cd79ce16ee13e28b93a1b49ebdb4196352d012d26.json
[2026-01-10 16:18:50] [process_single_sorry] Instance context closed successfully
[2026-01-10 16:18:50] [process_single_sorry] Parsing result file...
[2026-01-10 16:18:50] [process_single_sorry] Successfully parsed result (list format, 1 results)
