[2026-01-10 16:19:33] [process_single_sorry] Starting for sorry a2e263e50c4816d94f5232ef2409c7fdec94778d96a4d5da2687f7f952eb151e
[2026-01-10 16:19:33] [process_single_sorry] Using snapshot: snapshot_o4i84a9u
[2026-01-10 16:19:33] [process_single_sorry] Repository: https://github.com/google-deepmind/formal-conjectures@a9131a023c26564cacf3e4c78ee7ab8401cf7aab
[2026-01-10 16:19:33] [process_single_sorry] Instance name: formal-conjectures_a9131a023c26_rfl_a2e263e50c4816d94f5232ef2409c7fdec94778d96a4d5da2687f7f952eb151e
[2026-01-10 16:19:33] [process_single_sorry] Starting attempt 1/3
[2026-01-10 16:19:33] [process_single_sorry] Starting instance from snapshot...
[2026-01-10 16:19:39] [process_single_sorry] Instance started successfully: morphvm_94oivt5r
[2026-01-10 16:19:39] [process_single_sorry] Creating .env file...
[2026-01-10 16:19:45] [process_single_sorry] .env file created (exit_code: 0)
[2026-01-10 16:19:45] [process_single_sorry] Executing agent command...
[2026-01-10 16:22:08] [process_single_sorry] Agent command completed (exit_code: 0)
[2026-01-10 16:22:08] [process_single_sorry] STDOUT:

Results JSON:
[
  {
    "sorry": {
      "repo": {
        "remote": "https://github.com/google-deepmind/formal-conjectures",
        "branch": "vc_dim_rn",
        "commit": "a9131a023c26564cacf3e4c78ee7ab8401cf7aab",
        "lean_version": "v4.22.0"
      },
      "location": {
        "path": "FormalConjectures/Wikipedia/Catalan.lean",
        "start_line": 65,
        "start_column": 2,
        "end_line": 65,
        "end_column": 7
      },
      "debug_info": {
        "goal": "p : ℕ\nhp : Nat.Prime p\nhodd : Odd p\nx y : ℤ\n⊢ x ^ 2 - 2 = y ^ p ↔ (x = 1 ∨ x = -1) ∧ y = -1",
        "url": "https://github.com/google-deepmind/formal-conjectures/blob/a9131a023c26564cacf3e4c78ee7ab8401cf7aab/FormalConjectures/Wikipedia/Catalan.lean#L65"
      },
      "metadata": {
        "blame_email_hash": "f8f37fe53ddd",
        "blame_date": "2025-12-22T23:25:19+05:30",
        "inclusion_date": "2025-12-30T06:09:31.010352+00:00"
      },
      "id": "a2e263e50c4816d94f5232ef2409c7fdec94778d96a4d5da2687f7f952eb151e"
    },
    "proof": null,
    "proof_verified": false,
    "feedback": null,
    "verification_message": "All 1 attempts failed (1 strategies x 1 attempts each)",
    "success": true,
    "error_type": null,
    "error_message": null,
    "strategy_name": "all_failed_k=1",
    "proof_attempts": [
      "rfl"
    ]
  }
]

[2026-01-10 16:22:08] [process_single_sorry] STDERR:
None of PyTorch, TensorFlow >= 2.0, or Flax have been found. Models won't be available and only tokenizers, configuration and file/data utilities can be used.
[2026-01-10 16:20:21] [INFO] ================================================================================
[2026-01-10 16:20:21] [INFO] Starting run_morphcloud_local.py
[2026-01-10 16:20:21] [INFO] ================================================================================
[2026-01-10 16:20:21] [INFO] Environment loaded
[2026-01-10 16:20:21] [INFO] Full command: /root/SorryDB/sorrydb/cli/run_morphcloud_local.py --repo-path /root/repo --sorry-json {"repo": {"remote": "https://github.com/google-deepmind/formal-conjectures", "branch": "vc_dim_rn", "commit": "a9131a023c26564cacf3e4c78ee7ab8401cf7aab", "lean_version": "v4.22.0"}, "location": {"path": "FormalConjectures/Wikipedia/Catalan.lean", "start_line": 65, "start_column": 2, "end_line": 65, "end_column": 7}, "debug_info": {"goal": "p : \u2115\nhp : Nat.Prime p\nhodd : Odd p\nx y : \u2124\n\u22a2 x ^ 2 - 2 = y ^ p \u2194 (x = 1 \u2228 x = -1) \u2227 y = -1", "url": "https://github.com/google-deepmind/formal-conjectures/blob/a9131a023c26564cacf3e4c78ee7ab8401cf7aab/FormalConjectures/Wikipedia/Catalan.lean#L65"}, "metadata": {"blame_email_hash": "f8f37fe53ddd", "blame_date": "2025-12-22T23:25:19+05:30", "inclusion_date": "2025-12-30T06:09:31.010352+00:00"}, "id": "a2e263e50c4816d94f5232ef2409c7fdec94778d96a4d5da2687f7f952eb151e"} --agent-strategy {"name": "rfl", "args": {}}
[2026-01-10 16:20:21] [INFO] Arguments parsed: repo_path=/root/repo, output_path=/root/repo/result.json
[2026-01-10 16:20:21] [INFO] Strategy spec: {"name": "rfl", "args": {}}...
[2026-01-10 16:20:21] [INFO] Loading sorry data...
[2026-01-10 16:20:21] [INFO] Parsing sorry from JSON string...
[2026-01-10 16:20:21] [INFO] Sorry data parsed from JSON string
[2026-01-10 16:20:21] [INFO] Creating strategy from spec...
[2026-01-10 16:20:21] [INFO] Parsing strategy spec (length: 27 chars)
[2026-01-10 16:20:21] [INFO] Strategy name: rfl
[2026-01-10 16:20:21] [INFO] Strategy args: {}
[2026-01-10 16:20:21] [INFO] Pass@k value: 1
[2026-01-10 16:20:21] [INFO] Creating strategy: rfl
[2026-01-10 16:20:21] [INFO] Strategies created: ['RflStrategy']
[2026-01-10 16:20:21] [INFO] Pass@k value: 1
[2026-01-10 16:20:21] [INFO] Creating Sorry object...
[2026-01-10 16:20:21] [INFO] Sorry object created: id=a2e263e50c4816d94f5232ef2409c7fdec94778d96a4d5da2687f7f952eb151e
[2026-01-10 16:20:21] [INFO] Sorry location: FormalConjectures/Wikipedia/Catalan.lean:65
[2026-01-10 16:20:21] [INFO] Context before sorry (lines 60-65):
[2026-01-10 16:20:21] [INFO]   60: [arXiv:2507.12397](https://arxiv.org/abs/2507.12397)
[2026-01-10 16:20:21] [INFO]   61: -/
[2026-01-10 16:20:21] [INFO]   62: @[category research open, AMS 11]
[2026-01-10 16:20:21] [INFO]   63: theorem lebesgue_nagell (p : ℕ) (hp : p.Prime) (hodd : Odd p) (x y : ℤ) :
[2026-01-10 16:20:21] [INFO]   64:     x ^ 2 - 2 = y ^ p ↔ (x = 1 ∨ x = -1) ∧ y = -1 := by
[2026-01-10 16:20:21] [INFO]   65:   sorry
[2026-01-10 16:20:21] [INFO] Sorry line:   sorry
[2026-01-10 16:20:21] [INFO] Sorry goal: p : ℕ
hp : Nat.Prime p
hodd : Odd p
x y : ℤ
⊢ x ^ 2 - 2 = y ^ p ↔ (x = 1 ∨ x = -1) ∧ y = -1...
[2026-01-10 16:20:21] [INFO] ========================================
[2026-01-10 16:20:21] [INFO] Trying strategy: RflStrategy (up to 1 attempts)
[2026-01-10 16:20:21] [INFO] --------------------
[2026-01-10 16:20:21] [INFO] Strategy RflStrategy, attempt 1/1
[2026-01-10 16:20:21] [INFO] Starting proof generation...
[2026-01-10 16:20:21] [INFO] Repository path: /root/repo
[2026-01-10 16:20:21] [INFO] Proof generation completed
[2026-01-10 16:20:21] [INFO] Generated proof:
[2026-01-10 16:20:21] [INFO] rfl
[2026-01-10 16:20:21] [INFO] Proof length: 3 chars
[2026-01-10 16:20:21] [INFO] Starting proof verification...
[2026-01-10 16:20:21] [INFO] Verifying at: FormalConjectures/Wikipedia/Catalan.lean:65
[2026-01-10 16:20:21] [INFO] Using LEAN INTERACT verify
[2026-01-10 16:20:21] [INFO] Checking file
[2026-01-10 16:22:04] [INFO] Cannot build modified file <error line="65" column="2">
<code_line>  rfl</code_line>
<message>error: tactic 'rfl' failed, the left-hand side</message>
</error>
  x ^ 2 - 2 = y ^ p
is not definitionally equal to the right-hand side
  (x = 1 ∨ x = -1) ∧ y = -1
p : ℕ
hp : Nat.Prime p
hodd : Odd p
x y : ℤ
⊢ x ^ 2 - 2 = y ^ p ↔ (x = 1 ∨ x = -1) ∧ y = -1
[2026-01-10 16:22:04] [INFO] Proof verification completed
[2026-01-10 16:22:04] [INFO] Strategy RflStrategy attempt 1: verified=False
[2026-01-10 16:22:04] [INFO] Verification message: Cannot build modified file: <error line="65" column="2">
<code_line>  rfl</code_line>
<message>error: tactic 'rfl' failed, the left-hand side</message>
</error>
  x ^ 2 - 2 = y ^ p
is not definitionally equal to the right-hand side
  (x = 1 ∨ x = -1) ∧ y = -1
p : ℕ
hp : Nat.Prime p
hodd : Odd p
x y : ℤ
⊢ x ^ 2 - 2 = y ^ p ↔ (x = 1 ∨ x = -1) ∧ y = -1

[2026-01-10 16:22:04] [INFO] Attempt 1 failed verification, continuing...
[2026-01-10 16:22:04] [INFO] ========================================
[2026-01-10 16:22:04] [INFO] Pass@k completed. Total results: 1
[2026-01-10 16:22:04] [INFO] FAILED: All 1 strategies x 1 attempts
[2026-01-10 16:22:04] [INFO] Writing results to file: /root/repo/result.json
[2026-01-10 16:22:04] [INFO] Result file written successfully
[2026-01-10 16:22:05] [INFO] Results exported to: /root/repo/result.json
[2026-01-10 16:22:05] [INFO] run_morphcloud_local.py completed successfully

[2026-01-10 16:22:08] [process_single_sorry] Downloading result file...
[2026-01-10 16:22:08] [process_single_sorry] Downloaded result to intermediate_experiment_outputs_full_reservoir/rfl/2026-01-10_14-19-01_rfl/individual/a2e263e50c4816d94f5232ef2409c7fdec94778d96a4d5da2687f7f952eb151e.json
[2026-01-10 16:22:10] [process_single_sorry] Instance context closed successfully
[2026-01-10 16:22:10] [process_single_sorry] Parsing result file...
[2026-01-10 16:22:10] [process_single_sorry] Successfully parsed result (list format, 1 results)
