[2026-01-10 16:05:43] [process_single_sorry] Starting for sorry a35d678393aace4c5063e3b6bcb6abc542f9f5fcbfbcda4825edf906599c2030
[2026-01-10 16:05:43] [process_single_sorry] Using snapshot: snapshot_eu2x9rlr
[2026-01-10 16:05:43] [process_single_sorry] Repository: https://github.com/siddhartha-gadgil/LeanLion@56951aea7f2dbbb5c6826b81b329dae4586f4244
[2026-01-10 16:05:43] [process_single_sorry] Instance name: LeanLion_56951aea7f2d_rfl_a35d678393aace4c5063e3b6bcb6abc542f9f5fcbfbcda4825edf906599c2030
[2026-01-10 16:05:43] [process_single_sorry] Starting attempt 1/3
[2026-01-10 16:05:43] [process_single_sorry] Starting instance from snapshot...
[2026-01-10 16:05:47] [process_single_sorry] Instance started successfully: morphvm_z4ajpi8t
[2026-01-10 16:05:47] [process_single_sorry] Creating .env file...
[2026-01-10 16:05:50] [process_single_sorry] .env file created (exit_code: 0)
[2026-01-10 16:05:50] [process_single_sorry] Executing agent command...
[2026-01-10 16:06:35] [process_single_sorry] Agent command completed (exit_code: 0)
[2026-01-10 16:06:35] [process_single_sorry] STDOUT:

Results JSON:
[
  {
    "sorry": {
      "repo": {
        "remote": "https://github.com/siddhartha-gadgil/LeanLion",
        "branch": "main",
        "commit": "56951aea7f2dbbb5c6826b81b329dae4586f4244",
        "lean_version": "v4.22.0"
      },
      "location": {
        "path": "LeanLion/DraftTacticIntro.lean",
        "start_line": 55,
        "start_column": 2,
        "end_line": 55,
        "end_column": 7
      },
      "debug_info": {
        "goal": "case h.h.h.h\n⊢ 2 ≤ 0",
        "url": "https://github.com/siddhartha-gadgil/LeanLion/blob/56951aea7f2dbbb5c6826b81b329dae4586f4244/LeanLion/DraftTacticIntro.lean#L55"
      },
      "metadata": {
        "blame_email_hash": "7b8d77610b35",
        "blame_date": "2024-09-02T13:26:32+05:30",
        "inclusion_date": "2025-12-30T17:51:14.287575+00:00"
      },
      "id": "a35d678393aace4c5063e3b6bcb6abc542f9f5fcbfbcda4825edf906599c2030"
    },
    "proof": null,
    "proof_verified": false,
    "feedback": null,
    "verification_message": "All 1 attempts failed (1 strategies x 1 attempts each)",
    "success": true,
    "error_type": null,
    "error_message": null,
    "strategy_name": "all_failed_k=1",
    "proof_attempts": [
      "rfl"
    ]
  }
]

[2026-01-10 16:06:35] [process_single_sorry] STDERR:
None of PyTorch, TensorFlow >= 2.0, or Flax have been found. Models won't be available and only tokenizers, configuration and file/data utilities can be used.
[2026-01-10 16:06:02] [INFO] ================================================================================
[2026-01-10 16:06:02] [INFO] Starting run_morphcloud_local.py
[2026-01-10 16:06:02] [INFO] ================================================================================
[2026-01-10 16:06:02] [INFO] Environment loaded
[2026-01-10 16:06:02] [INFO] Full command: /root/SorryDB/sorrydb/cli/run_morphcloud_local.py --repo-path /root/repo --sorry-json {"repo": {"remote": "https://github.com/siddhartha-gadgil/LeanLion", "branch": "main", "commit": "56951aea7f2dbbb5c6826b81b329dae4586f4244", "lean_version": "v4.22.0"}, "location": {"path": "LeanLion/DraftTacticIntro.lean", "start_line": 55, "start_column": 2, "end_line": 55, "end_column": 7}, "debug_info": {"goal": "case h.h.h.h\n\u22a2 2 \u2264 0", "url": "https://github.com/siddhartha-gadgil/LeanLion/blob/56951aea7f2dbbb5c6826b81b329dae4586f4244/LeanLion/DraftTacticIntro.lean#L55"}, "metadata": {"blame_email_hash": "7b8d77610b35", "blame_date": "2024-09-02T13:26:32+05:30", "inclusion_date": "2025-12-30T17:51:14.287575+00:00"}, "id": "a35d678393aace4c5063e3b6bcb6abc542f9f5fcbfbcda4825edf906599c2030"} --agent-strategy {"name": "rfl", "args": {}}
[2026-01-10 16:06:02] [INFO] Arguments parsed: repo_path=/root/repo, output_path=/root/repo/result.json
[2026-01-10 16:06:02] [INFO] Strategy spec: {"name": "rfl", "args": {}}...
[2026-01-10 16:06:02] [INFO] Loading sorry data...
[2026-01-10 16:06:02] [INFO] Parsing sorry from JSON string...
[2026-01-10 16:06:02] [INFO] Sorry data parsed from JSON string
[2026-01-10 16:06:02] [INFO] Creating strategy from spec...
[2026-01-10 16:06:02] [INFO] Parsing strategy spec (length: 27 chars)
[2026-01-10 16:06:02] [INFO] Strategy name: rfl
[2026-01-10 16:06:02] [INFO] Strategy args: {}
[2026-01-10 16:06:02] [INFO] Pass@k value: 1
[2026-01-10 16:06:02] [INFO] Creating strategy: rfl
[2026-01-10 16:06:02] [INFO] Strategies created: ['RflStrategy']
[2026-01-10 16:06:02] [INFO] Pass@k value: 1
[2026-01-10 16:06:02] [INFO] Creating Sorry object...
[2026-01-10 16:06:02] [INFO] Sorry object created: id=a35d678393aace4c5063e3b6bcb6abc542f9f5fcbfbcda4825edf906599c2030
[2026-01-10 16:06:02] [INFO] Sorry location: LeanLion/DraftTacticIntro.lean:55
[2026-01-10 16:06:02] [INFO] Context before sorry (lines 50-55):
[2026-01-10 16:06:02] [INFO]   50:   apply Nat.le_step
[2026-01-10 16:06:02] [INFO]   51:   apply Nat.le_refl
[2026-01-10 16:06:02] [INFO]   52: 
[2026-01-10 16:06:02] [INFO]   53: example : 2 ≤ 4 := by
[2026-01-10 16:06:02] [INFO]   54:   repeat (apply Nat.le_step)
[2026-01-10 16:06:02] [INFO]   55:   sorry
[2026-01-10 16:06:02] [INFO] Sorry line:   sorry
[2026-01-10 16:06:02] [INFO] Sorry goal: case h.h.h.h
⊢ 2 ≤ 0...
[2026-01-10 16:06:02] [INFO] ========================================
[2026-01-10 16:06:02] [INFO] Trying strategy: RflStrategy (up to 1 attempts)
[2026-01-10 16:06:02] [INFO] --------------------
[2026-01-10 16:06:02] [INFO] Strategy RflStrategy, attempt 1/1
[2026-01-10 16:06:02] [INFO] Starting proof generation...
[2026-01-10 16:06:02] [INFO] Repository path: /root/repo
[2026-01-10 16:06:02] [INFO] Proof generation completed
[2026-01-10 16:06:02] [INFO] Generated proof:
[2026-01-10 16:06:02] [INFO] rfl
[2026-01-10 16:06:02] [INFO] Proof length: 3 chars
[2026-01-10 16:06:02] [INFO] Starting proof verification...
[2026-01-10 16:06:02] [INFO] Verifying at: LeanLion/DraftTacticIntro.lean:55
[2026-01-10 16:06:02] [INFO] Using LEAN INTERACT verify
[2026-01-10 16:06:02] [INFO] Checking file
[2026-01-10 16:06:34] [INFO] Cannot build modified file Syntax: 2 +
  4 is { raw := Lean.Syntax.node
           (Lean.SourceInfo.none)
           `«term_+_»
           #[Lean.Syntax.node
               (Lean.SourceInfo.none)
               `num
               #[Lean.Syntax.atom
                   (Lean.SourceInfo.original "".toSubstring { byteIdx := 1444 } " ".toSubstring { byteIdx := 1445 })
                   "2"],
             Lean.Syntax.atom
               (Lean.SourceInfo.original "".toSubstring { byteIdx := 1446 } " ".toSubstring { byteIdx := 1447 })
               "+",
             Lean.Syntax.node
               (Lean.SourceInfo.none)
               `num
               #[Lean.Syntax.atom
                   (Lean.SourceInfo.original "".toSubstring { byteIdx := 1448 } "".toSubstring { byteIdx := 1449 })
                   "4"]] }
Expression: 2 +
  4 is Lean.Expr.app
  (Lean.Expr.app
    (Lean.Expr.app
      (Lean.Expr.app
        (Lean.Expr.app
          (Lean.Expr.app
            (Lean.Expr.const
              `HAdd.hAdd
              [Lean.Level.mvar (Lean.Name.mkNum `_uniq 2274),
               Lean.Level.mvar (Lean.Name.mkNum `_uniq 2273),
               Lean.Level.mvar (Lean.Name.mkNum `_uniq 2272)])
            (Lean.Expr.mvar (Lean.Name.mkNum `_uniq 2331)))
          (Lean.Expr.mvar (Lean.Name.mkNum `_uniq 2332)))
        (Lean.Expr.mvar (Lean.Name.mkNum `_uniq 2333)))
      (Lean.Expr.mvar (Lean.Name.mkNum `_uniq 2334)))
    (Lean.Expr.app
      (Lean.Expr.app
        (Lean.Expr.app (Lean.Expr.const `OfNat.ofNat [Lean.Level.zero]) (Lean.Expr.mvar (Lean.Name.mkNum `_uniq 2277)))
        (Lean.Expr.lit (Lean.Literal.natVal 2)))
      (Lean.Expr.mvar (Lean.Name.mkNum `_uniq 2278))))
  (Lean.Expr.app
    (Lean.Expr.app
      (Lean.Expr.app
        (Lean.Expr.const `OfNat.ofNat [Lean.Level.mvar (Lean.Name.mkNum `_uniq 2289)])
        (Lean.Expr.mvar (Lean.Name.mkNum `_uniq 2288)))
      (Lean.Expr.lit (Lean.Literal.natVal 4)))
    (Lean.Expr.mvar (Lean.Name.mkNum `_uniq 2290)))
Reduced: 6 is Lean.Expr.lit (Lean.Literal.natVal 6)
Syntax: Nat →
  Nat is { raw := Lean.Syntax.node
           (Lean.SourceInfo.none)
           `Lean.Parser.Term.arrow
           #[Lean.Syntax.ident
               (Lean.SourceInfo.original "".toSubstring { byteIdx := 1479 } " ".toSubstring { byteIdx := 1482 })
               "Nat".toSubstring
               `Nat
               [],
             Lean.Syntax.atom
               (Lean.SourceInfo.original "".toSubstring { byteIdx := 1483 } " ".toSubstring { byteIdx := 1486 })
               "→",
             Lean.Syntax.ident
               (Lean.SourceInfo.original "".toSubstring { byteIdx := 1487 } "".toSubstring { byteIdx := 1490 })
               "Nat".toSubstring
               `Nat
               []] }
Expression: ℕ →
  ℕ is Lean.Expr.forallE
  (Lean.Name.mkNum `a._@.LeanLion.tmphlduci_t._hyg 354)
  (Lean.Expr.const `Nat [])
  (Lean.Expr.const `Nat [])
  (Lean.BinderInfo.default)
Reduced: ℕ →
  ℕ is Lean.Expr.forallE
  (Lean.Name.mkNum `a._@.LeanLion.tmphlduci_t._hyg 354)
  (Lean.Expr.const `Nat [])
  (Lean.Expr.const `Nat [])
  (Lean.BinderInfo.default)
<error line="55" column="2">
<code_line>  rfl</code_line>
<message>error: tactic 'rfl' failed, the left-hand side</message>
</error>
  2
is not definitionally equal to the right-hand side
  0
case h.h.h.h
⊢ 2 ≤ 0
theorem eg₁ : 2 ≤ 4 :=
Nat.succ_le_succ (Nat.succ_le_succ (Nat.zero_le 2))
@[reducible] def Lean.Elab.Tactic.TacticM : Type → Type :=
ReaderT Tactic.Context (StateRefT' IO.RealWorld Tactic.State TermElabM)
sorryAx.{u} (α : Sort u) (synthetic : Bool) : α
Message: "This is a bad proof"
Nat.le (n : ℕ) : ℕ → Prop
Inequality: x ≤ y
Lean.Elab.runTactic (mvarId : MVarId) (tacticCode : Syntax) (ctx : Term.Context := { }) (s : Term.State := { }) :
  MetaM (List MVarId × Term.State)
[2026-01-10 16:06:34] [INFO] Proof verification completed
[2026-01-10 16:06:34] [INFO] Strategy RflStrategy attempt 1: verified=False
[2026-01-10 16:06:34] [INFO] Verification message: Cannot build modified file: Syntax: 2 +
  4 is { raw := Lean.Syntax.node
           (Lean.SourceInfo.none)
           `«term_+_»
           #[Lean.Syntax.node
               (Lean.SourceInfo.none)
               `num
               #[Lean.Syntax.atom
                   (Lean.SourceInfo.original "".toSubstring { byteIdx := 1444 } " ".toSubstring { byteIdx := 1445 })
                   "2"],
             Lean.Syntax.atom
               (Lean.SourceInfo.original "".toSubstring { byteIdx := 1446 } " ".toSubstring { byteIdx := 1447 })
               "+",
             Lean.Syntax.node
               (Lean.SourceInfo.none)
               `num
               #[Lean.Syntax.atom
                   (Lean.SourceInfo.original "".toSubstring { byteIdx := 1448 } "".toSubstring { byteIdx := 1449 })
                   "4"]] }
Expression: 2 +
  4 is Lean.Expr.app
  (Lean.Expr.app
    (Lean.Expr.app
      (Lean.Expr.app
        (Lean.Expr.app
          (Lean.Expr.app
            (Lean.Expr.const
              `HAdd.hAdd
              [Lean.Level.mvar (Lean.Name.mkNum `_uniq 2274),
               Lean.Level.mvar (Lean.Name.mkNum `_uniq 2273),
               Lean.Level.mvar (Lean.Name.mkNum `_uniq 2272)])
            (Lean.Expr.mvar (Lean.Name.mkNum `_uniq 2331)))
          (Lean.Expr.mvar (Lean.Name.mkNum `_uniq 2332)))
        (Lean.Expr.mvar (Lean.Name.mkNum `_uniq 2333)))
      (Lean.Expr.mvar (Lean.Name.mkNum `_uniq 2334)))
    (Lean.Expr.app
      (Lean.Expr.app
        (Lean.Expr.app (Lean.Expr.const `OfNat.ofNat [Lean.Level.zero]) (Lean.Expr.mvar (Lean.Name.mkNum `_uniq 2277)))
        (Lean.Expr.lit (Lean.Literal.natVal 2)))
      (Lean.Expr.mvar (Lean.Name.mkNum `_uniq 2278))))
  (Lean.Expr.app
    (Lean.Expr.app
      (Lean.Expr.app
        (Lean.Expr.const `OfNat.ofNat [Lean.Level.mvar (Lean.Name.mkNum `_uniq 2289)])
        (Lean.Expr.mvar (Lean.Name.mkNum `_uniq 2288)))
      (Lean.Expr.lit (Lean.Literal.natVal 4)))
    (Lean.Expr.mvar (Lean.Name.mkNum `_uniq 2290)))
Reduced: 6 is Lean.Expr.lit (Lean.Literal.natVal 6)
Syntax: Nat →
  Nat is { raw := Lean.Syntax.node
           (Lean.SourceInfo.none)
           `Lean.Parser.Term.arrow
           #[Lean.Syntax.ident
               (Lean.SourceInfo.original "".toSubstring { byteIdx := 1479 } " ".toSubstring { byteIdx := 1482 })
               "Nat".toSubstring
               `Nat
               [],
             Lean.Syntax.atom
               (Lean.SourceInfo.original "".toSubstring { byteIdx := 1483 } " ".toSubstring { byteIdx := 1486 })
               "→",
             Lean.Syntax.ident
               (Lean.SourceInfo.original "".toSubstring { byteIdx := 1487 } "".toSubstring { byteIdx := 1490 })
               "Nat".toSubstring
               `Nat
               []] }
Expression: ℕ →
  ℕ is Lean.Expr.forallE
  (Lean.Name.mkNum `a._@.LeanLion.tmphlduci_t._hyg 354)
  (Lean.Expr.const `Nat [])
  (Lean.Expr.const `Nat [])
  (Lean.BinderInfo.default)
Reduced: ℕ →
  ℕ is Lean.Expr.forallE
  (Lean.Name.mkNum `a._@.LeanLion.tmphlduci_t._hyg 354)
  (Lean.Expr.const `Nat [])
  (Lean.Expr.const `Nat [])
  (Lean.BinderInfo.default)
<error line="55" column="2">
<code_line>  rfl</code_line>
<message>error: tactic 'rfl' failed, the left-hand side</message>
</error>
  2
is not definitionally equal to the right-hand side
  0
case h.h.h.h
⊢ 2 ≤ 0
theorem eg₁ : 2 ≤ 4 :=
Nat.succ_le_succ (Nat.succ_le_succ (Nat.zero_le 2))
@[reducible] def Lean.Elab.Tactic.TacticM : Type → Type :=
ReaderT Tactic.Context (StateRefT' IO.RealWorld Tactic.State TermElabM)
sorryAx.{u} (α : Sort u) (synthetic : Bool) : α
Message: "This is a bad proof"
Nat.le (n : ℕ) : ℕ → Prop
Inequality: x ≤ y
Lean.Elab.runTactic (mvarId : MVarId) (tacticCode : Syntax) (ctx : Term.Context := { }) (s : Term.State := { }) :
  MetaM (List MVarId × Term.State)

[2026-01-10 16:06:34] [INFO] Attempt 1 failed verification, continuing...
[2026-01-10 16:06:34] [INFO] ========================================
[2026-01-10 16:06:34] [INFO] Pass@k completed. Total results: 1
[2026-01-10 16:06:34] [INFO] FAILED: All 1 strategies x 1 attempts
[2026-01-10 16:06:34] [INFO] Writing results to file: /root/repo/result.json
[2026-01-10 16:06:34] [INFO] Result file written successfully
[2026-01-10 16:06:34] [INFO] Results exported to: /root/repo/result.json
[2026-01-10 16:06:34] [INFO] run_morphcloud_local.py completed successfully

[2026-01-10 16:06:35] [process_single_sorry] Downloading result file...
[2026-01-10 16:06:35] [process_single_sorry] Downloaded result to intermediate_experiment_outputs_full_reservoir/rfl/2026-01-10_14-19-01_rfl/individual/a35d678393aace4c5063e3b6bcb6abc542f9f5fcbfbcda4825edf906599c2030.json
[2026-01-10 16:06:37] [process_single_sorry] Instance context closed successfully
[2026-01-10 16:06:37] [process_single_sorry] Parsing result file...
[2026-01-10 16:06:37] [process_single_sorry] Successfully parsed result (list format, 1 results)
