[2026-01-10 15:52:55] [process_single_sorry] Starting for sorry a4d1d17411c121eb8930463b70597488a8b9a6c1880a79a22b3f49bb6eab65aa
[2026-01-10 15:52:55] [process_single_sorry] Using snapshot: snapshot_gcl236a6
[2026-01-10 15:52:55] [process_single_sorry] Repository: https://github.com/kbuzzard/ClassFieldTheory@0c58039684da5f50b937f288501fa0ff877ddb7a
[2026-01-10 15:52:55] [process_single_sorry] Instance name: ClassFieldTheory_0c58039684da_rfl_a4d1d17411c121eb8930463b70597488a8b9a6c1880a79a22b3f49bb6eab65aa
[2026-01-10 15:52:55] [process_single_sorry] Starting attempt 1/3
[2026-01-10 15:52:55] [process_single_sorry] Starting instance from snapshot...
[2026-01-10 15:52:59] [process_single_sorry] Instance started successfully: morphvm_ppi95niv
[2026-01-10 15:52:59] [process_single_sorry] Creating .env file...
[2026-01-10 15:53:03] [process_single_sorry] .env file created (exit_code: 0)
[2026-01-10 15:53:03] [process_single_sorry] Executing agent command...
[2026-01-10 15:57:03] [process_single_sorry] Agent command completed (exit_code: 0)
[2026-01-10 15:57:03] [process_single_sorry] STDOUT:

Results JSON:
[
  {
    "sorry": {
      "repo": {
        "remote": "https://github.com/kbuzzard/ClassFieldTheory",
        "branch": "main",
        "commit": "0c58039684da5f50b937f288501fa0ff877ddb7a",
        "lean_version": "v4.27.0-rc1"
      },
      "location": {
        "path": "ClassFieldTheory/IsNonarchimedeanLocalField/Basic.lean",
        "start_line": 62,
        "start_column": 18,
        "end_line": 62,
        "end_column": 23
      },
      "debug_info": {
        "goal": "p : ℕ\ninst✝ : Fact (Nat.Prime p)\ns✝ : Set ℚ_[p]\nx✝ : ℚ_[p]\n⊢ s✝ ∈ nhds x✝ ↔ ∃ γ, (fun x => x✝ + x) '' {z | (valuation ℚ_[p]) z < ↑γ} ⊆ s✝",
        "url": "https://github.com/kbuzzard/ClassFieldTheory/blob/0c58039684da5f50b937f288501fa0ff877ddb7a/ClassFieldTheory/IsNonarchimedeanLocalField/Basic.lean#L62"
      },
      "metadata": {
        "blame_email_hash": "70d921b187bb",
        "blame_date": "2025-07-25T14:16:12+01:00",
        "inclusion_date": "2025-12-30T07:16:54.358154+00:00"
      },
      "id": "a4d1d17411c121eb8930463b70597488a8b9a6c1880a79a22b3f49bb6eab65aa"
    },
    "proof": null,
    "proof_verified": false,
    "feedback": null,
    "verification_message": "All 1 attempts failed (1 strategies x 1 attempts each)",
    "success": true,
    "error_type": null,
    "error_message": null,
    "strategy_name": "all_failed_k=1",
    "proof_attempts": [
      "rfl"
    ]
  }
]

[2026-01-10 15:57:03] [process_single_sorry] STDERR:
None of PyTorch, TensorFlow >= 2.0, or Flax have been found. Models won't be available and only tokenizers, configuration and file/data utilities can be used.
[2026-01-10 15:53:41] [INFO] ================================================================================
[2026-01-10 15:53:41] [INFO] Starting run_morphcloud_local.py
[2026-01-10 15:53:41] [INFO] ================================================================================
[2026-01-10 15:53:41] [INFO] Environment loaded
[2026-01-10 15:53:41] [INFO] Full command: /root/SorryDB/sorrydb/cli/run_morphcloud_local.py --repo-path /root/repo --sorry-json {"repo": {"remote": "https://github.com/kbuzzard/ClassFieldTheory", "branch": "main", "commit": "0c58039684da5f50b937f288501fa0ff877ddb7a", "lean_version": "v4.27.0-rc1"}, "location": {"path": "ClassFieldTheory/IsNonarchimedeanLocalField/Basic.lean", "start_line": 62, "start_column": 18, "end_line": 62, "end_column": 23}, "debug_info": {"goal": "p : \u2115\ninst\u271d : Fact (Nat.Prime p)\ns\u271d : Set \u211a_[p]\nx\u271d : \u211a_[p]\n\u22a2 s\u271d \u2208 nhds x\u271d \u2194 \u2203 \u03b3, (fun x => x\u271d + x) '' {z | (valuation \u211a_[p]) z < \u2191\u03b3} \u2286 s\u271d", "url": "https://github.com/kbuzzard/ClassFieldTheory/blob/0c58039684da5f50b937f288501fa0ff877ddb7a/ClassFieldTheory/IsNonarchimedeanLocalField/Basic.lean#L62"}, "metadata": {"blame_email_hash": "70d921b187bb", "blame_date": "2025-07-25T14:16:12+01:00", "inclusion_date": "2025-12-30T07:16:54.358154+00:00"}, "id": "a4d1d17411c121eb8930463b70597488a8b9a6c1880a79a22b3f49bb6eab65aa"} --agent-strategy {"name": "rfl", "args": {}}
[2026-01-10 15:53:41] [INFO] Arguments parsed: repo_path=/root/repo, output_path=/root/repo/result.json
[2026-01-10 15:53:41] [INFO] Strategy spec: {"name": "rfl", "args": {}}...
[2026-01-10 15:53:41] [INFO] Loading sorry data...
[2026-01-10 15:53:41] [INFO] Parsing sorry from JSON string...
[2026-01-10 15:53:41] [INFO] Sorry data parsed from JSON string
[2026-01-10 15:53:41] [INFO] Creating strategy from spec...
[2026-01-10 15:53:41] [INFO] Parsing strategy spec (length: 27 chars)
[2026-01-10 15:53:41] [INFO] Strategy name: rfl
[2026-01-10 15:53:41] [INFO] Strategy args: {}
[2026-01-10 15:53:41] [INFO] Pass@k value: 1
[2026-01-10 15:53:41] [INFO] Creating strategy: rfl
[2026-01-10 15:53:41] [INFO] Strategies created: ['RflStrategy']
[2026-01-10 15:53:41] [INFO] Pass@k value: 1
[2026-01-10 15:53:41] [INFO] Creating Sorry object...
[2026-01-10 15:53:41] [INFO] Sorry object created: id=a4d1d17411c121eb8930463b70597488a8b9a6c1880a79a22b3f49bb6eab65aa
[2026-01-10 15:53:41] [INFO] Sorry location: ClassFieldTheory/IsNonarchimedeanLocalField/Basic.lean:62
[2026-01-10 15:53:41] [INFO] Context before sorry (lines 57-62):
[2026-01-10 15:53:41] [INFO]   57: variable (p : ℕ) [Fact p.Prime]
[2026-01-10 15:53:41] [INFO]   58: 
[2026-01-10 15:53:41] [INFO]   59: instance : LocallyCompactSpace ℚ_[p] := inferInstance
[2026-01-10 15:53:41] [INFO]   60: 
[2026-01-10 15:53:41] [INFO]   61: instance : IsNonarchimedeanLocalField ℚ_[p] where
[2026-01-10 15:53:41] [INFO]   62:   mem_nhds_iff := sorry
[2026-01-10 15:53:41] [INFO] Sorry line:   mem_nhds_iff := sorry
[2026-01-10 15:53:41] [INFO] Sorry goal: p : ℕ
inst✝ : Fact (Nat.Prime p)
s✝ : Set ℚ_[p]
x✝ : ℚ_[p]
⊢ s✝ ∈ nhds x✝ ↔ ∃ γ, (fun x => x✝ + x) '...
[2026-01-10 15:53:41] [INFO] ========================================
[2026-01-10 15:53:41] [INFO] Trying strategy: RflStrategy (up to 1 attempts)
[2026-01-10 15:53:41] [INFO] --------------------
[2026-01-10 15:53:41] [INFO] Strategy RflStrategy, attempt 1/1
[2026-01-10 15:53:41] [INFO] Starting proof generation...
[2026-01-10 15:53:41] [INFO] Repository path: /root/repo
[2026-01-10 15:53:41] [INFO] Proof generation completed
[2026-01-10 15:53:41] [INFO] Generated proof:
[2026-01-10 15:53:41] [INFO] rfl
[2026-01-10 15:53:41] [INFO] Proof length: 3 chars
[2026-01-10 15:53:41] [INFO] Starting proof verification...
[2026-01-10 15:53:41] [INFO] Verifying at: ClassFieldTheory/IsNonarchimedeanLocalField/Basic.lean:62
[2026-01-10 15:53:41] [INFO] Using LEAN INTERACT verify
[2026-01-10 15:53:41] [INFO] Checking file
[2026-01-10 15:57:02] [INFO] Cannot build modified file <error line="62" column="18">
<code_line>  mem_nhds_iff := rfl</code_line>
<message>error: Type mismatch</message>
</error>
  rfl
has type
  ?m.10 = ?m.10
but is expected to have type
  s✝ ∈ nhds x✝ ↔ ∃ γ, (fun x => x✝ + x) '' {z | (valuation ℚ_[p]) z < ↑γ} ⊆ s✝
the following variables have been introduced by the implicit lambda feature
  s✝ : Set ℚ_[p]
  x✝ : ℚ_[p]
you can disable implicit lambdas using `@` or writing a lambda expression with `{}` or `[]` binder annotations.
[2026-01-10 15:57:02] [INFO] Proof verification completed
[2026-01-10 15:57:02] [INFO] Strategy RflStrategy attempt 1: verified=False
[2026-01-10 15:57:02] [INFO] Verification message: Cannot build modified file: <error line="62" column="18">
<code_line>  mem_nhds_iff := rfl</code_line>
<message>error: Type mismatch</message>
</error>
  rfl
has type
  ?m.10 = ?m.10
but is expected to have type
  s✝ ∈ nhds x✝ ↔ ∃ γ, (fun x => x✝ + x) '' {z | (valuation ℚ_[p]) z < ↑γ} ⊆ s✝
the following variables have been introduced by the implicit lambda feature
  s✝ : Set ℚ_[p]
  x✝ : ℚ_[p]
you can disable implicit lambdas using `@` or writing a lambda expression with `{}` or `[]` binder annotations.

[2026-01-10 15:57:02] [INFO] Attempt 1 failed verification, continuing...
[2026-01-10 15:57:02] [INFO] ========================================
[2026-01-10 15:57:02] [INFO] Pass@k completed. Total results: 1
[2026-01-10 15:57:02] [INFO] FAILED: All 1 strategies x 1 attempts
[2026-01-10 15:57:02] [INFO] Writing results to file: /root/repo/result.json
[2026-01-10 15:57:02] [INFO] Result file written successfully
[2026-01-10 15:57:02] [INFO] Results exported to: /root/repo/result.json
[2026-01-10 15:57:02] [INFO] run_morphcloud_local.py completed successfully

[2026-01-10 15:57:03] [process_single_sorry] Downloading result file...
[2026-01-10 15:57:03] [process_single_sorry] Downloaded result to intermediate_experiment_outputs_full_reservoir/rfl/2026-01-10_14-19-01_rfl/individual/a4d1d17411c121eb8930463b70597488a8b9a6c1880a79a22b3f49bb6eab65aa.json
[2026-01-10 15:57:06] [process_single_sorry] Instance context closed successfully
[2026-01-10 15:57:06] [process_single_sorry] Parsing result file...
[2026-01-10 15:57:06] [process_single_sorry] Successfully parsed result (list format, 1 results)
