[2026-01-10 16:14:03] [process_single_sorry] Starting for sorry bbfac43c156af66640c93f9ed3872707dbc5e2c0159a4bc60702cc46af0a83df
[2026-01-10 16:14:03] [process_single_sorry] Using snapshot: snapshot_l4i4cb42
[2026-01-10 16:14:03] [process_single_sorry] Repository: https://github.com/RemyDegenne/brownian-motion@b0b7e11d4d90cc07aa198d440acf05e21ec9bde1
[2026-01-10 16:14:03] [process_single_sorry] Instance name: brownian-motion_b0b7e11d4d90_rfl_bbfac43c156af66640c93f9ed3872707dbc5e2c0159a4bc60702cc46af0a83df
[2026-01-10 16:14:03] [process_single_sorry] Starting attempt 1/3
[2026-01-10 16:14:03] [process_single_sorry] Starting instance from snapshot...
[2026-01-10 16:14:03] [process_single_sorry] Instance started successfully: morphvm_ejw12n7u
[2026-01-10 16:14:03] [process_single_sorry] Creating .env file...
[2026-01-10 16:14:06] [process_single_sorry] .env file created (exit_code: 0)
[2026-01-10 16:14:06] [process_single_sorry] Executing agent command...
[2026-01-10 16:14:46] [process_single_sorry] Agent command completed (exit_code: 0)
[2026-01-10 16:14:46] [process_single_sorry] STDOUT:

Results JSON:
[
  {
    "sorry": {
      "repo": {
        "remote": "https://github.com/RemyDegenne/brownian-motion",
        "branch": "blueprint",
        "commit": "b0b7e11d4d90cc07aa198d440acf05e21ec9bde1",
        "lean_version": "v4.25.0"
      },
      "location": {
        "path": "BrownianMotion/StochasticIntegral/UniformIntegrable.lean",
        "start_line": 158,
        "start_column": 2,
        "end_line": 158,
        "end_column": 7
      },
      "debug_info": {
        "goal": "Ω : Type u_3\nmΩ : MeasurableSpace Ω\nμ : Measure Ω\nι : Type u_6\ninst✝⁶ : LinearOrder ι\ninst✝⁵ : OrderBot ι\ninst✝⁴ : Countable ι\ninst✝³ : TopologicalSpace ι\ninst✝² : OrderTopology ι\ninst✝¹ : FirstCountableTopology ι\nX : ι → Ω → ℝ\n𝓕 : Filtration ι mΩ\ninst✝ : SigmaFiniteFiltration μ 𝓕\nhX : Submartingale X 𝓕 μ\nτ : ℕ → Ω → WithTop ι\nhτ : ∀ (i : ℕ), IsStoppingTime 𝓕 (τ i)\nn : ι\nhτ_le : ∀ (i : ℕ) (ω : Ω), τ i ω ≤ ↑n\n⊢ UniformIntegrable (fun i => stoppedValue X (τ i)) 1 μ",
        "url": "https://github.com/RemyDegenne/brownian-motion/blob/b0b7e11d4d90cc07aa198d440acf05e21ec9bde1/BrownianMotion/StochasticIntegral/UniformIntegrable.lean#L158"
      },
      "metadata": {
        "blame_email_hash": "79f017e03c8d",
        "blame_date": "2025-11-16T12:28:09+01:00",
        "inclusion_date": "2025-12-29T17:52:56.436853+00:00"
      },
      "id": "bbfac43c156af66640c93f9ed3872707dbc5e2c0159a4bc60702cc46af0a83df"
    },
    "proof": null,
    "proof_verified": false,
    "feedback": null,
    "verification_message": "All 1 attempts failed (1 strategies x 1 attempts each)",
    "success": true,
    "error_type": null,
    "error_message": null,
    "strategy_name": "all_failed_k=1",
    "proof_attempts": [
      "rfl"
    ]
  }
]

[2026-01-10 16:14:46] [process_single_sorry] STDERR:
None of PyTorch, TensorFlow >= 2.0, or Flax have been found. Models won't be available and only tokenizers, configuration and file/data utilities can be used.
[2026-01-10 16:14:20] [INFO] ================================================================================
[2026-01-10 16:14:20] [INFO] Starting run_morphcloud_local.py
[2026-01-10 16:14:20] [INFO] ================================================================================
[2026-01-10 16:14:20] [INFO] Environment loaded
[2026-01-10 16:14:20] [INFO] Full command: /root/SorryDB/sorrydb/cli/run_morphcloud_local.py --repo-path /root/repo --sorry-json {"repo": {"remote": "https://github.com/RemyDegenne/brownian-motion", "branch": "blueprint", "commit": "b0b7e11d4d90cc07aa198d440acf05e21ec9bde1", "lean_version": "v4.25.0"}, "location": {"path": "BrownianMotion/StochasticIntegral/UniformIntegrable.lean", "start_line": 158, "start_column": 2, "end_line": 158, "end_column": 7}, "debug_info": {"goal": "\u03a9 : Type u_3\nm\u03a9 : MeasurableSpace \u03a9\n\u03bc : Measure \u03a9\n\u03b9 : Type u_6\ninst\u271d\u2076 : LinearOrder \u03b9\ninst\u271d\u2075 : OrderBot \u03b9\ninst\u271d\u2074 : Countable \u03b9\ninst\u271d\u00b3 : TopologicalSpace \u03b9\ninst\u271d\u00b2 : OrderTopology \u03b9\ninst\u271d\u00b9 : FirstCountableTopology \u03b9\nX : \u03b9 \u2192 \u03a9 \u2192 \u211d\n\ud835\udcd5 : Filtration \u03b9 m\u03a9\ninst\u271d : SigmaFiniteFiltration \u03bc \ud835\udcd5\nhX : Submartingale X \ud835\udcd5 \u03bc\n\u03c4 : \u2115 \u2192 \u03a9 \u2192 WithTop \u03b9\nh\u03c4 : \u2200 (i : \u2115), IsStoppingTime \ud835\udcd5 (\u03c4 i)\nn : \u03b9\nh\u03c4_le : \u2200 (i : \u2115) (\u03c9 : \u03a9), \u03c4 i \u03c9 \u2264 \u2191n\n\u22a2 UniformIntegrable (fun i => stoppedValue X (\u03c4 i)) 1 \u03bc", "url": "https://github.com/RemyDegenne/brownian-motion/blob/b0b7e11d4d90cc07aa198d440acf05e21ec9bde1/BrownianMotion/StochasticIntegral/UniformIntegrable.lean#L158"}, "metadata": {"blame_email_hash": "79f017e03c8d", "blame_date": "2025-11-16T12:28:09+01:00", "inclusion_date": "2025-12-29T17:52:56.436853+00:00"}, "id": "bbfac43c156af66640c93f9ed3872707dbc5e2c0159a4bc60702cc46af0a83df"} --agent-strategy {"name": "rfl", "args": {}}
[2026-01-10 16:14:20] [INFO] Arguments parsed: repo_path=/root/repo, output_path=/root/repo/result.json
[2026-01-10 16:14:20] [INFO] Strategy spec: {"name": "rfl", "args": {}}...
[2026-01-10 16:14:20] [INFO] Loading sorry data...
[2026-01-10 16:14:20] [INFO] Parsing sorry from JSON string...
[2026-01-10 16:14:20] [INFO] Sorry data parsed from JSON string
[2026-01-10 16:14:20] [INFO] Creating strategy from spec...
[2026-01-10 16:14:20] [INFO] Parsing strategy spec (length: 27 chars)
[2026-01-10 16:14:20] [INFO] Strategy name: rfl
[2026-01-10 16:14:20] [INFO] Strategy args: {}
[2026-01-10 16:14:20] [INFO] Pass@k value: 1
[2026-01-10 16:14:20] [INFO] Creating strategy: rfl
[2026-01-10 16:14:20] [INFO] Strategies created: ['RflStrategy']
[2026-01-10 16:14:20] [INFO] Pass@k value: 1
[2026-01-10 16:14:20] [INFO] Creating Sorry object...
[2026-01-10 16:14:20] [INFO] Sorry object created: id=bbfac43c156af66640c93f9ed3872707dbc5e2c0159a4bc60702cc46af0a83df
[2026-01-10 16:14:20] [INFO] Sorry location: BrownianMotion/StochasticIntegral/UniformIntegrable.lean:158
[2026-01-10 16:14:20] [INFO] Context before sorry (lines 153-158):
[2026-01-10 16:14:20] [INFO]   153: lemma Submartingale.uniformIntegrable_stoppedValue {X : ι → Ω → ℝ} {𝓕 : Filtration ι mΩ}
[2026-01-10 16:14:20] [INFO]   154:     [SigmaFiniteFiltration μ 𝓕]
[2026-01-10 16:14:20] [INFO]   155:     (hX : Submartingale X 𝓕 μ) (τ : ℕ → Ω → WithTop ι) (hτ : ∀ i, IsStoppingTime 𝓕 (τ i))
[2026-01-10 16:14:20] [INFO]   156:     {n : ι} (hτ_le : ∀ i ω, τ i ω ≤ n) :
[2026-01-10 16:14:20] [INFO]   157:     UniformIntegrable (fun i ↦ stoppedValue X (τ i)) 1 μ :=
[2026-01-10 16:14:20] [INFO]   158:   sorry
[2026-01-10 16:14:20] [INFO] Sorry line:   sorry
[2026-01-10 16:14:20] [INFO] Sorry goal: Ω : Type u_3
mΩ : MeasurableSpace Ω
μ : Measure Ω
ι : Type u_6
inst✝⁶ : LinearOrder ι
inst✝⁵ : Order...
[2026-01-10 16:14:20] [INFO] ========================================
[2026-01-10 16:14:20] [INFO] Trying strategy: RflStrategy (up to 1 attempts)
[2026-01-10 16:14:20] [INFO] --------------------
[2026-01-10 16:14:20] [INFO] Strategy RflStrategy, attempt 1/1
[2026-01-10 16:14:20] [INFO] Starting proof generation...
[2026-01-10 16:14:20] [INFO] Repository path: /root/repo
[2026-01-10 16:14:20] [INFO] Proof generation completed
[2026-01-10 16:14:20] [INFO] Generated proof:
[2026-01-10 16:14:20] [INFO] rfl
[2026-01-10 16:14:20] [INFO] Proof length: 3 chars
[2026-01-10 16:14:20] [INFO] Starting proof verification...
[2026-01-10 16:14:20] [INFO] Verifying at: BrownianMotion/StochasticIntegral/UniformIntegrable.lean:158
[2026-01-10 16:14:20] [INFO] Using LEAN INTERACT verify
[2026-01-10 16:14:20] [INFO] Checking file
[2026-01-10 16:14:45] [INFO] Cannot build modified file <error line="153" column="0">
<code_line>lemma Submartingale.uniformIntegrable_stoppedValue {X : ι → Ω → ℝ} {𝓕 : Filtration ι mΩ}</code_line>
<message>error: Not a definitional equality: the conclusion should be an equality, but is</message>
</error>
  (∀ (i : ℕ), AEStronglyMeasurable ((fun i => stoppedValue X (τ i)) i) μ) ∧
    UnifIntegrable (fun i => stoppedValue X (τ i)) 1 μ ∧
      ∃ C, ∀ (i : ℕ), eLpNorm ((fun i => stoppedValue X (τ i)) i) 1 μ ≤ ↑C
<error line="158" column="2">
<code_line>  rfl</code_line>
<message>error: Type mismatch</message>
</error>
  rfl
has type
  ?m.54 = ?m.54
but is expected to have type
  UniformIntegrable (fun i => stoppedValue X (τ i)) 1 μ
[2026-01-10 16:14:45] [INFO] Proof verification completed
[2026-01-10 16:14:45] [INFO] Strategy RflStrategy attempt 1: verified=False
[2026-01-10 16:14:45] [INFO] Verification message: Cannot build modified file: <error line="153" column="0">
<code_line>lemma Submartingale.uniformIntegrable_stoppedValue {X : ι → Ω → ℝ} {𝓕 : Filtration ι mΩ}</code_line>
<message>error: Not a definitional equality: the conclusion should be an equality, but is</message>
</error>
  (∀ (i : ℕ), AEStronglyMeasurable ((fun i => stoppedValue X (τ i)) i) μ) ∧
    UnifIntegrable (fun i => stoppedValue X (τ i)) 1 μ ∧
      ∃ C, ∀ (i : ℕ), eLpNorm ((fun i => stoppedValue X (τ i)) i) 1 μ ≤ ↑C
<error line="158" column="2">
<code_line>  rfl</code_line>
<message>error: Type mismatch</message>
</error>
  rfl
has type
  ?m.54 = ?m.54
but is expected to have type
  UniformIntegrable (fun i => stoppedValue X (τ i)) 1 μ

[2026-01-10 16:14:45] [INFO] Attempt 1 failed verification, continuing...
[2026-01-10 16:14:45] [INFO] ========================================
[2026-01-10 16:14:45] [INFO] Pass@k completed. Total results: 1
[2026-01-10 16:14:45] [INFO] FAILED: All 1 strategies x 1 attempts
[2026-01-10 16:14:45] [INFO] Writing results to file: /root/repo/result.json
[2026-01-10 16:14:45] [INFO] Result file written successfully
[2026-01-10 16:14:45] [INFO] Results exported to: /root/repo/result.json
[2026-01-10 16:14:45] [INFO] run_morphcloud_local.py completed successfully

[2026-01-10 16:14:46] [process_single_sorry] Downloading result file...
[2026-01-10 16:14:47] [process_single_sorry] Downloaded result to intermediate_experiment_outputs_full_reservoir/rfl/2026-01-10_14-19-01_rfl/individual/bbfac43c156af66640c93f9ed3872707dbc5e2c0159a4bc60702cc46af0a83df.json
[2026-01-10 16:14:48] [process_single_sorry] Instance context closed successfully
[2026-01-10 16:14:48] [process_single_sorry] Parsing result file...
[2026-01-10 16:14:48] [process_single_sorry] Successfully parsed result (list format, 1 results)
