[2026-01-10 15:49:03] [process_single_sorry] Starting for sorry cf06c2bd6d6aba30fd266d75fced7a18626bfef8bc3506476207258b60e7c514
[2026-01-10 15:49:03] [process_single_sorry] Using snapshot: snapshot_pnfp19ni
[2026-01-10 15:49:03] [process_single_sorry] Repository: https://github.com/jcreedcmu/Noperthedron@a8c1562a4a0f56335e61c4ecacbd0069f0bba443
[2026-01-10 15:49:03] [process_single_sorry] Instance name: Noperthedron_a8c1562a4a0f_rfl_cf06c2bd6d6aba30fd266d75fced7a18626bfef8bc3506476207258b60e7c514
[2026-01-10 15:49:03] [process_single_sorry] Starting attempt 1/3
[2026-01-10 15:49:03] [process_single_sorry] Starting instance from snapshot...
[2026-01-10 15:49:07] [process_single_sorry] Instance started successfully: morphvm_7swoqcll
[2026-01-10 15:49:07] [process_single_sorry] Creating .env file...
[2026-01-10 15:49:11] [process_single_sorry] .env file created (exit_code: 0)
[2026-01-10 15:49:11] [process_single_sorry] Executing agent command...
[2026-01-10 15:50:12] [process_single_sorry] Agent command completed (exit_code: 0)
[2026-01-10 15:50:12] [process_single_sorry] STDOUT:

Results JSON:
[
  {
    "sorry": {
      "repo": {
        "remote": "https://github.com/jcreedcmu/Noperthedron",
        "branch": "main",
        "commit": "a8c1562a4a0f56335e61c4ecacbd0069f0bba443",
        "lean_version": "v4.27.0-rc1"
      },
      "location": {
        "path": "Noperthedron/Local/Coss.lean",
        "start_line": 30,
        "start_column": 4,
        "end_line": 30,
        "end_column": 9
      },
      "debug_info": {
        "goal": "case hc\nε θ θ_ φ φ_ : ℝ\nP Q : Euc(3)\nhP : ‖P‖ ≤ 1\nhQ : ‖Q‖ ≤ 1\nhε : 0 < ε\nhθ : |θ - θ_| ≤ ε\nhφ : |φ - φ_| ≤ ε\nM : Euc(3) →L[ℝ] Euc(2) := ⋯\nM_ : Euc(3) →L[ℝ] Euc(2) := ⋯\nhd : ‖M P‖ * ‖M (P - Q)‖ ≠ 0\n⊢ 0 ≤ inner ℝ (M P) (M (P - Q))",
        "url": "https://github.com/jcreedcmu/Noperthedron/blob/a8c1562a4a0f56335e61c4ecacbd0069f0bba443/Noperthedron/Local/Coss.lean#L30"
      },
      "metadata": {
        "blame_email_hash": "acdd9d7e744e",
        "blame_date": "2025-12-29T20:36:17-05:00",
        "inclusion_date": "2025-12-30T07:04:50.666467+00:00"
      },
      "id": "cf06c2bd6d6aba30fd266d75fced7a18626bfef8bc3506476207258b60e7c514"
    },
    "proof": null,
    "proof_verified": false,
    "feedback": null,
    "verification_message": "All 1 attempts failed (1 strategies x 1 attempts each)",
    "success": true,
    "error_type": null,
    "error_message": null,
    "strategy_name": "all_failed_k=1",
    "proof_attempts": [
      "rfl"
    ]
  }
]

[2026-01-10 15:50:12] [process_single_sorry] STDERR:
None of PyTorch, TensorFlow >= 2.0, or Flax have been found. Models won't be available and only tokenizers, configuration and file/data utilities can be used.
[2026-01-10 15:49:28] [INFO] ================================================================================
[2026-01-10 15:49:28] [INFO] Starting run_morphcloud_local.py
[2026-01-10 15:49:28] [INFO] ================================================================================
[2026-01-10 15:49:28] [INFO] Environment loaded
[2026-01-10 15:49:28] [INFO] Full command: /root/SorryDB/sorrydb/cli/run_morphcloud_local.py --repo-path /root/repo --sorry-json {"repo": {"remote": "https://github.com/jcreedcmu/Noperthedron", "branch": "main", "commit": "a8c1562a4a0f56335e61c4ecacbd0069f0bba443", "lean_version": "v4.27.0-rc1"}, "location": {"path": "Noperthedron/Local/Coss.lean", "start_line": 30, "start_column": 4, "end_line": 30, "end_column": 9}, "debug_info": {"goal": "case hc\n\u03b5 \u03b8 \u03b8_ \u03c6 \u03c6_ : \u211d\nP Q : Euc(3)\nhP : \u2016P\u2016 \u2264 1\nhQ : \u2016Q\u2016 \u2264 1\nh\u03b5 : 0 < \u03b5\nh\u03b8 : |\u03b8 - \u03b8_| \u2264 \u03b5\nh\u03c6 : |\u03c6 - \u03c6_| \u2264 \u03b5\nM : Euc(3) \u2192L[\u211d] Euc(2) := \u22ef\nM_ : Euc(3) \u2192L[\u211d] Euc(2) := \u22ef\nhd : \u2016M P\u2016 * \u2016M (P - Q)\u2016 \u2260 0\n\u22a2 0 \u2264 inner \u211d (M P) (M (P - Q))", "url": "https://github.com/jcreedcmu/Noperthedron/blob/a8c1562a4a0f56335e61c4ecacbd0069f0bba443/Noperthedron/Local/Coss.lean#L30"}, "metadata": {"blame_email_hash": "acdd9d7e744e", "blame_date": "2025-12-29T20:36:17-05:00", "inclusion_date": "2025-12-30T07:04:50.666467+00:00"}, "id": "cf06c2bd6d6aba30fd266d75fced7a18626bfef8bc3506476207258b60e7c514"} --agent-strategy {"name": "rfl", "args": {}}
[2026-01-10 15:49:28] [INFO] Arguments parsed: repo_path=/root/repo, output_path=/root/repo/result.json
[2026-01-10 15:49:28] [INFO] Strategy spec: {"name": "rfl", "args": {}}...
[2026-01-10 15:49:28] [INFO] Loading sorry data...
[2026-01-10 15:49:28] [INFO] Parsing sorry from JSON string...
[2026-01-10 15:49:28] [INFO] Sorry data parsed from JSON string
[2026-01-10 15:49:28] [INFO] Creating strategy from spec...
[2026-01-10 15:49:28] [INFO] Parsing strategy spec (length: 27 chars)
[2026-01-10 15:49:28] [INFO] Strategy name: rfl
[2026-01-10 15:49:28] [INFO] Strategy args: {}
[2026-01-10 15:49:28] [INFO] Pass@k value: 1
[2026-01-10 15:49:28] [INFO] Creating strategy: rfl
[2026-01-10 15:49:28] [INFO] Strategies created: ['RflStrategy']
[2026-01-10 15:49:28] [INFO] Pass@k value: 1
[2026-01-10 15:49:28] [INFO] Creating Sorry object...
[2026-01-10 15:49:28] [INFO] Sorry object created: id=cf06c2bd6d6aba30fd266d75fced7a18626bfef8bc3506476207258b60e7c514
[2026-01-10 15:49:28] [INFO] Sorry location: Noperthedron/Local/Coss.lean:30
[2026-01-10 15:49:28] [INFO] Context before sorry (lines 25-30):
[2026-01-10 15:49:28] [INFO]   25:   -- than the one of the righthand side, and that the factors in the denominator
[2026-01-10 15:49:28] [INFO]   26:   -- are smaller.
[2026-01-10 15:49:28] [INFO]   27:   apply div_le_div₀
[2026-01-10 15:49:28] [INFO]   28:   · -- 0 ≤ ⟪M P, M (P - Q)⟫
[2026-01-10 15:49:28] [INFO]   29:     -- do we need to add this as a hypothesis?
[2026-01-10 15:49:28] [INFO]   30:     sorry
[2026-01-10 15:49:28] [INFO] Sorry line:     sorry
[2026-01-10 15:49:28] [INFO] Sorry goal: case hc
ε θ θ_ φ φ_ : ℝ
P Q : Euc(3)
hP : ‖P‖ ≤ 1
hQ : ‖Q‖ ≤ 1
hε : 0 < ε
hθ : |θ - θ_| ≤ ε
hφ : |φ ...
[2026-01-10 15:49:28] [INFO] ========================================
[2026-01-10 15:49:28] [INFO] Trying strategy: RflStrategy (up to 1 attempts)
[2026-01-10 15:49:28] [INFO] --------------------
[2026-01-10 15:49:28] [INFO] Strategy RflStrategy, attempt 1/1
[2026-01-10 15:49:28] [INFO] Starting proof generation...
[2026-01-10 15:49:28] [INFO] Repository path: /root/repo
[2026-01-10 15:49:28] [INFO] Proof generation completed
[2026-01-10 15:49:28] [INFO] Generated proof:
[2026-01-10 15:49:28] [INFO] rfl
[2026-01-10 15:49:28] [INFO] Proof length: 3 chars
[2026-01-10 15:49:28] [INFO] Starting proof verification...
[2026-01-10 15:49:28] [INFO] Verifying at: Noperthedron/Local/Coss.lean:30
[2026-01-10 15:49:28] [INFO] Using LEAN INTERACT verify
[2026-01-10 15:49:28] [INFO] Checking file
[2026-01-10 15:50:11] [INFO] Cannot build modified file <error line="30" column="4">
<code_line>    rfl</code_line>
<message>error: Tactic `rfl` failed: The left-hand side</message>
</error>
  0
is not definitionally equal to the right-hand side
  ⟪M P, M (P - Q)⟫

case hc
ε θ θ_ φ φ_ : ℝ
P Q : Euc(3)
hP : ‖P‖ ≤ 1
hQ : ‖Q‖ ≤ 1
hε : 0 < ε
hθ : |θ - θ_| ≤ ε
hφ : |φ - φ_| ≤ ε
M : Euc(3) →L[ℝ] Euc(2) := ⋯
M_ : Euc(3) →L[ℝ] Euc(2) := ⋯
hd : ‖M P‖ * ‖M (P - Q)‖ ≠ 0
⊢ 0 ≤ ⟪M P, M (P - Q)⟫
[2026-01-10 15:50:11] [INFO] Proof verification completed
[2026-01-10 15:50:11] [INFO] Strategy RflStrategy attempt 1: verified=False
[2026-01-10 15:50:11] [INFO] Verification message: Cannot build modified file: <error line="30" column="4">
<code_line>    rfl</code_line>
<message>error: Tactic `rfl` failed: The left-hand side</message>
</error>
  0
is not definitionally equal to the right-hand side
  ⟪M P, M (P - Q)⟫

case hc
ε θ θ_ φ φ_ : ℝ
P Q : Euc(3)
hP : ‖P‖ ≤ 1
hQ : ‖Q‖ ≤ 1
hε : 0 < ε
hθ : |θ - θ_| ≤ ε
hφ : |φ - φ_| ≤ ε
M : Euc(3) →L[ℝ] Euc(2) := ⋯
M_ : Euc(3) →L[ℝ] Euc(2) := ⋯
hd : ‖M P‖ * ‖M (P - Q)‖ ≠ 0
⊢ 0 ≤ ⟪M P, M (P - Q)⟫

[2026-01-10 15:50:11] [INFO] Attempt 1 failed verification, continuing...
[2026-01-10 15:50:11] [INFO] ========================================
[2026-01-10 15:50:11] [INFO] Pass@k completed. Total results: 1
[2026-01-10 15:50:11] [INFO] FAILED: All 1 strategies x 1 attempts
[2026-01-10 15:50:11] [INFO] Writing results to file: /root/repo/result.json
[2026-01-10 15:50:11] [INFO] Result file written successfully
[2026-01-10 15:50:11] [INFO] Results exported to: /root/repo/result.json
[2026-01-10 15:50:11] [INFO] run_morphcloud_local.py completed successfully

[2026-01-10 15:50:12] [process_single_sorry] Downloading result file...
[2026-01-10 15:50:16] [process_single_sorry] Downloaded result to intermediate_experiment_outputs_full_reservoir/rfl/2026-01-10_14-19-01_rfl/individual/cf06c2bd6d6aba30fd266d75fced7a18626bfef8bc3506476207258b60e7c514.json
[2026-01-10 15:50:17] [process_single_sorry] Instance context closed successfully
[2026-01-10 15:50:17] [process_single_sorry] Parsing result file...
[2026-01-10 15:50:17] [process_single_sorry] Successfully parsed result (list format, 1 results)
