[2026-01-10 16:14:27] [process_single_sorry] Starting for sorry d29d7cd7f57f9eeb015233a07ce9c11ab32d2c5fcef1aff067185884c9706e96
[2026-01-10 16:14:27] [process_single_sorry] Using snapshot: snapshot_uaj3ff4f
[2026-01-10 16:14:27] [process_single_sorry] Repository: https://github.com/Verified-zkEVM/clean@c46e15cd240981fd5ec2625948ae2760e8e04800
[2026-01-10 16:14:27] [process_single_sorry] Instance name: clean_c46e15cd2409_rfl_d29d7cd7f57f9eeb015233a07ce9c11ab32d2c5fcef1aff067185884c9706e96
[2026-01-10 16:14:27] [process_single_sorry] Starting attempt 1/3
[2026-01-10 16:14:27] [process_single_sorry] Starting instance from snapshot...
[2026-01-10 16:14:29] [process_single_sorry] Instance started successfully: morphvm_8tom3evn
[2026-01-10 16:14:29] [process_single_sorry] Creating .env file...
[2026-01-10 16:14:48] [process_single_sorry] .env file created (exit_code: 0)
[2026-01-10 16:14:48] [process_single_sorry] Executing agent command...
[2026-01-10 16:16:55] [process_single_sorry] Agent command completed (exit_code: 0)
[2026-01-10 16:16:55] [process_single_sorry] STDOUT:

Results JSON:
[
  {
    "sorry": {
      "repo": {
        "remote": "https://github.com/Verified-zkEVM/clean",
        "branch": "binius",
        "commit": "c46e15cd240981fd5ec2625948ae2760e8e04800",
        "lean_version": "v4.24.0"
      },
      "location": {
        "path": "Clean/Circomlib/CompConstant.lean",
        "start_line": 113,
        "start_column": 4,
        "end_line": 113,
        "end_column": 9
      },
      "debug_info": {
        "goal": "p : ‚Ąē\ninst‚úĚ¬≤ : Fact (Nat.Prime p)\ninst‚úĚ¬Ļ : Fact (p < 2 ^ 254)\ninst‚úĚ : Fact (p > 2 ^ 253)\nc : ‚Ąē\n‚äĘ ‚ąÄ (offset : ‚Ąē) (env : Environment (F p)) (input_var : Var (fields 254) (F p)) (input : fields 254 (F p)),\n    Vector.map (Expression.eval env) input_var = input ‚Üí\n      (‚ąÄ (i : ‚Ąē) (x : i < 254), input[i] = 0 ‚ą® input[i] = 1) ‚Üí\n        Vector.map (Expression.eval env) (Vector.mapRange 127 fun i => var { index := offset + i }) =\n              Vector.map (Expression.eval env)\n                (Vector.ofFn fun i =>\n                  if (c >>> (‚ÜĎi * 2 + 1) &&& 1 == 0 && c >>> (‚ÜĎi * 2) &&& 1 == 0) = true then\n                    -Expression.const ‚ÜĎ(2 ^ 128 - 2 ^ ‚ÜĎi) * input_var[‚ÜĎi * 2 + 1] * input_var[‚ÜĎi * 2] +\n                        Expression.const ‚ÜĎ(2 ^ 128 - 2 ^ ‚ÜĎi) * input_var[‚ÜĎi * 2 + 1] +\n                      Expression.const ‚ÜĎ(2 ^ 128 - 2 ^ ‚ÜĎi) * input_var[‚ÜĎi * 2]\n                  else\n                    if (c >>> (‚ÜĎi * 2 + 1) &&& 1 == 0 && c >>> (‚ÜĎi * 2) &&& 1 == 1) = true then\n                      Expression.const ‚ÜĎ(2 ^ ‚ÜĎi) * input_var[‚ÜĎi * 2 + 1] * input_var[‚ÜĎi * 2] -\n                              Expression.const ‚ÜĎ(2 ^ ‚ÜĎi) * input_var[‚ÜĎi * 2] +\n                            Expression.const ‚ÜĎ(2 ^ 128 - 2 ^ ‚ÜĎi) * input_var[‚ÜĎi * 2 + 1] -\n                          Expression.const ‚ÜĎ(2 ^ ‚ÜĎi) * input_var[‚ÜĎi * 2 + 1] +\n                        Expression.const ‚ÜĎ(2 ^ ‚ÜĎi)\n                    else\n                      if (c >>> (‚ÜĎi * 2 + 1) &&& 1 == 1 && c >>> (‚ÜĎi * 2) &&& 1 == 0) = true then\n                        Expression.const ‚ÜĎ(2 ^ 128 - 2 ^ ‚ÜĎi) * input_var[‚ÜĎi * 2 + 1] * input_var[‚ÜĎi * 2] -\n                            Expression.const ‚ÜĎ(2 ^ ‚ÜĎi) * input_var[‚ÜĎi * 2 + 1] +\n                          Expression.const ‚ÜĎ(2 ^ ‚ÜĎi)\n                      else\n                        -Expression.const ‚ÜĎ(2 ^ ‚ÜĎi) * input_var[‚ÜĎi * 2 + 1] * input_var[‚ÜĎi * 2] +\n                          Expression.const ‚ÜĎ(2 ^ ‚ÜĎi)) ‚ąß\n            env.get (offset + 127) =\n                Expression.eval env (Vector.mapRange 127 fun i => var { index := offset + i }).sum ‚ąß\n              (Num2Bits.circuit 135 (Circomlib.CompConstant.main._proof_5 p inst‚úĚ)).Spec (env.get (offset + 127))\n                  (Vector.map (Expression.eval env)\n                    (ElaboratedCircuit.output (var { index := offset + 127 }) (offset + 127 + 1))) ‚ąß\n                env.get\n                    (offset + 127 + 1 + ElaboratedCircuit.localLength (fields 135) (var { index := offset + 127 })) =\n                  Expression.eval env\n                    (ElaboratedCircuit.output (var { index := offset + 127 }) (offset + 127 + 1))[127] ‚Üí\n          env.get (offset + 127 + 1 + ElaboratedCircuit.localLength (fields 135) (var { index := offset + 127 })) =\n            if fromBits (Vector.map ZMod.val input) > c then 1 else 0",
        "url": "https://github.com/Verified-zkEVM/clean/blob/c46e15cd240981fd5ec2625948ae2760e8e04800/Clean/Circomlib/CompConstant.lean#L113"
      },
      "metadata": {
        "blame_email_hash": "0130f16e5d6d",
        "blame_date": "2025-07-02T18:58:47+02:00",
        "inclusion_date": "2025-12-29T23:29:27.660356+00:00"
      },
      "id": "d29d7cd7f57f9eeb015233a07ce9c11ab32d2c5fcef1aff067185884c9706e96"
    },
    "proof": null,
    "proof_verified": false,
    "feedback": null,
    "verification_message": "All 1 attempts failed (1 strategies x 1 attempts each)",
    "success": true,
    "error_type": null,
    "error_message": null,
    "strategy_name": "all_failed_k=1",
    "proof_attempts": [
      "rfl"
    ]
  }
]

[2026-01-10 16:16:55] [process_single_sorry] STDERR:
None of PyTorch, TensorFlow >= 2.0, or Flax have been found. Models won't be available and only tokenizers, configuration and file/data utilities can be used.
[2026-01-10 16:15:22] [INFO] ================================================================================
[2026-01-10 16:15:22] [INFO] Starting run_morphcloud_local.py
[2026-01-10 16:15:22] [INFO] ================================================================================
[2026-01-10 16:15:22] [INFO] Environment loaded
[2026-01-10 16:15:22] [INFO] Full command: /root/SorryDB/sorrydb/cli/run_morphcloud_local.py --repo-path /root/repo --sorry-json {"repo": {"remote": "https://github.com/Verified-zkEVM/clean", "branch": "binius", "commit": "c46e15cd240981fd5ec2625948ae2760e8e04800", "lean_version": "v4.24.0"}, "location": {"path": "Clean/Circomlib/CompConstant.lean", "start_line": 113, "start_column": 4, "end_line": 113, "end_column": 9}, "debug_info": {"goal": "p : \u2115\ninst\u271d\u00b2 : Fact (Nat.Prime p)\ninst\u271d\u00b9 : Fact (p < 2 ^ 254)\ninst\u271d : Fact (p > 2 ^ 253)\nc : \u2115\n\u22a2 \u2200 (offset : \u2115) (env : Environment (F p)) (input_var : Var (fields 254) (F p)) (input : fields 254 (F p)),\n    Vector.map (Expression.eval env) input_var = input \u2192\n      (\u2200 (i : \u2115) (x : i < 254), input[i] = 0 \u2228 input[i] = 1) \u2192\n        Vector.map (Expression.eval env) (Vector.mapRange 127 fun i => var { index := offset + i }) =\n              Vector.map (Expression.eval env)\n                (Vector.ofFn fun i =>\n                  if (c >>> (\u2191i * 2 + 1) &&& 1 == 0 && c >>> (\u2191i * 2) &&& 1 == 0) = true then\n                    -Expression.const \u2191(2 ^ 128 - 2 ^ \u2191i) * input_var[\u2191i * 2 + 1] * input_var[\u2191i * 2] +\n                        Expression.const \u2191(2 ^ 128 - 2 ^ \u2191i) * input_var[\u2191i * 2 + 1] +\n                      Expression.const \u2191(2 ^ 128 - 2 ^ \u2191i) * input_var[\u2191i * 2]\n                  else\n                    if (c >>> (\u2191i * 2 + 1) &&& 1 == 0 && c >>> (\u2191i * 2) &&& 1 == 1) = true then\n                      Expression.const \u2191(2 ^ \u2191i) * input_var[\u2191i * 2 + 1] * input_var[\u2191i * 2] -\n                              Expression.const \u2191(2 ^ \u2191i) * input_var[\u2191i * 2] +\n                            Expression.const \u2191(2 ^ 128 - 2 ^ \u2191i) * input_var[\u2191i * 2 + 1] -\n                          Expression.const \u2191(2 ^ \u2191i) * input_var[\u2191i * 2 + 1] +\n                        Expression.const \u2191(2 ^ \u2191i)\n                    else\n                      if (c >>> (\u2191i * 2 + 1) &&& 1 == 1 && c >>> (\u2191i * 2) &&& 1 == 0) = true then\n                        Expression.const \u2191(2 ^ 128 - 2 ^ \u2191i) * input_var[\u2191i * 2 + 1] * input_var[\u2191i * 2] -\n                            Expression.const \u2191(2 ^ \u2191i) * input_var[\u2191i * 2 + 1] +\n                          Expression.const \u2191(2 ^ \u2191i)\n                      else\n                        -Expression.const \u2191(2 ^ \u2191i) * input_var[\u2191i * 2 + 1] * input_var[\u2191i * 2] +\n                          Expression.const \u2191(2 ^ \u2191i)) \u2227\n            env.get (offset + 127) =\n                Expression.eval env (Vector.mapRange 127 fun i => var { index := offset + i }).sum \u2227\n              (Num2Bits.circuit 135 (Circomlib.CompConstant.main._proof_5 p inst\u271d)).Spec (env.get (offset + 127))\n                  (Vector.map (Expression.eval env)\n                    (ElaboratedCircuit.output (var { index := offset + 127 }) (offset + 127 + 1))) \u2227\n                env.get\n                    (offset + 127 + 1 + ElaboratedCircuit.localLength (fields 135) (var { index := offset + 127 })) =\n                  Expression.eval env\n                    (ElaboratedCircuit.output (var { index := offset + 127 }) (offset + 127 + 1))[127] \u2192\n          env.get (offset + 127 + 1 + ElaboratedCircuit.localLength (fields 135) (var { index := offset + 127 })) =\n            if fromBits (Vector.map ZMod.val input) > c then 1 else 0", "url": "https://github.com/Verified-zkEVM/clean/blob/c46e15cd240981fd5ec2625948ae2760e8e04800/Clean/Circomlib/CompConstant.lean#L113"}, "metadata": {"blame_email_hash": "0130f16e5d6d", "blame_date": "2025-07-02T18:58:47+02:00", "inclusion_date": "2025-12-29T23:29:27.660356+00:00"}, "id": "d29d7cd7f57f9eeb015233a07ce9c11ab32d2c5fcef1aff067185884c9706e96"} --agent-strategy {"name": "rfl", "args": {}}
[2026-01-10 16:15:22] [INFO] Arguments parsed: repo_path=/root/repo, output_path=/root/repo/result.json
[2026-01-10 16:15:22] [INFO] Strategy spec: {"name": "rfl", "args": {}}...
[2026-01-10 16:15:22] [INFO] Loading sorry data...
[2026-01-10 16:15:22] [INFO] Parsing sorry from JSON string...
[2026-01-10 16:15:22] [INFO] Sorry data parsed from JSON string
[2026-01-10 16:15:22] [INFO] Creating strategy from spec...
[2026-01-10 16:15:22] [INFO] Parsing strategy spec (length: 27 chars)
[2026-01-10 16:15:22] [INFO] Strategy name: rfl
[2026-01-10 16:15:22] [INFO] Strategy args: {}
[2026-01-10 16:15:22] [INFO] Pass@k value: 1
[2026-01-10 16:15:22] [INFO] Creating strategy: rfl
[2026-01-10 16:15:22] [INFO] Strategies created: ['RflStrategy']
[2026-01-10 16:15:22] [INFO] Pass@k value: 1
[2026-01-10 16:15:22] [INFO] Creating Sorry object...
[2026-01-10 16:15:22] [INFO] Sorry object created: id=d29d7cd7f57f9eeb015233a07ce9c11ab32d2c5fcef1aff067185884c9706e96
[2026-01-10 16:15:22] [INFO] Sorry location: Clean/Circomlib/CompConstant.lean:113
[2026-01-10 16:15:22] [INFO] Context before sorry (lines 108-113):
[2026-01-10 16:15:22] [INFO]   108:   Spec bits output :=
[2026-01-10 16:15:22] [INFO]   109:     output = if fromBits (bits.map ZMod.val) > c then 1 else 0
[2026-01-10 16:15:22] [INFO]   110: 
[2026-01-10 16:15:22] [INFO]   111:   soundness := by
[2026-01-10 16:15:22] [INFO]   112:     simp only [circuit_norm, main]
[2026-01-10 16:15:22] [INFO]   113:     sorry
[2026-01-10 16:15:22] [INFO] Sorry line:     sorry
[2026-01-10 16:15:22] [INFO] Sorry goal: p : ‚Ąē
inst‚úĚ¬≤ : Fact (Nat.Prime p)
inst‚úĚ¬Ļ : Fact (p < 2 ^ 254)
inst‚úĚ : Fact (p > 2 ^ 253)
c : ‚Ąē
‚äĘ ‚ąÄ (...
[2026-01-10 16:15:22] [INFO] ========================================
[2026-01-10 16:15:22] [INFO] Trying strategy: RflStrategy (up to 1 attempts)
[2026-01-10 16:15:22] [INFO] --------------------
[2026-01-10 16:15:22] [INFO] Strategy RflStrategy, attempt 1/1
[2026-01-10 16:15:22] [INFO] Starting proof generation...
[2026-01-10 16:15:22] [INFO] Repository path: /root/repo
[2026-01-10 16:15:22] [INFO] Proof generation completed
[2026-01-10 16:15:22] [INFO] Generated proof:
[2026-01-10 16:15:22] [INFO] rfl
[2026-01-10 16:15:22] [INFO] Proof length: 3 chars
[2026-01-10 16:15:22] [INFO] Starting proof verification...
[2026-01-10 16:15:22] [INFO] Verifying at: Clean/Circomlib/CompConstant.lean:113
[2026-01-10 16:15:22] [INFO] Using LEAN INTERACT verify
[2026-01-10 16:15:22] [INFO] Checking file
[2026-01-10 16:16:52] [INFO] Cannot build modified file <error line="113" column="4">
<code_line>    rfl</code_line>
<message>error: Tactic `rfl` failed: Expected the goal to be a binary relation</message>
</error>

Hint: Reflexivity tactics can only be used on goals of the form `x ~ x` or `R x x`

p : ‚Ąē
inst‚úĚ¬≤ : Fact (Nat.Prime p)
inst‚úĚ¬Ļ : Fact (p < 2 ^ 254)
inst‚úĚ : Fact (p > 2 ^ 253)
c : ‚Ąē
‚äĘ ‚ąÄ (offset : ‚Ąē) (env : Environment (F p)) (input_var : Var (fields 254) (F p)) (input : fields 254 (F p)),
    Vector.map (Expression.eval env) input_var = input ‚Üí
      (‚ąÄ (i : ‚Ąē) (x : i < 254), input[i] = 0 ‚ą® input[i] = 1) ‚Üí
        Vector.map (Expression.eval env) (Vector.mapRange 127 fun i => var { index := offset + i }) =
              Vector.map (Expression.eval env)
                (Vector.ofFn fun i =>
                  if (c >>> (‚ÜĎi * 2 + 1) &&& 1 == 0 && c >>> (‚ÜĎi * 2) &&& 1 == 0) = true then
                    -Expression.const ‚ÜĎ(2 ^ 128 - 2 ^ ‚ÜĎi) * input_var[‚ÜĎi * 2 + 1] * input_var[‚ÜĎi * 2] +
                        Expression.const ‚ÜĎ(2 ^ 128 - 2 ^ ‚ÜĎi) * input_var[‚ÜĎi * 2 + 1] +
                      Expression.const ‚ÜĎ(2 ^ 128 - 2 ^ ‚ÜĎi) * input_var[‚ÜĎi * 2]
                  else
                    if (c >>> (‚ÜĎi * 2 + 1) &&& 1 == 0 && c >>> (‚ÜĎi * 2) &&& 1 == 1) = true then
                      Expression.const ‚ÜĎ(2 ^ ‚ÜĎi) * input_var[‚ÜĎi * 2 + 1] * input_var[‚ÜĎi * 2] -
                              Expression.const ‚ÜĎ(2 ^ ‚ÜĎi) * input_var[‚ÜĎi * 2] +
                            Expression.const ‚ÜĎ(2 ^ 128 - 2 ^ ‚ÜĎi) * input_var[‚ÜĎi * 2 + 1] -
                          Expression.const ‚ÜĎ(2 ^ ‚ÜĎi) * input_var[‚ÜĎi * 2 + 1] +
                        Expression.const ‚ÜĎ(2 ^ ‚ÜĎi)
                    else
                      if (c >>> (‚ÜĎi * 2 + 1) &&& 1 == 1 && c >>> (‚ÜĎi * 2) &&& 1 == 0) = true then
                        Expression.const ‚ÜĎ(2 ^ 128 - 2 ^ ‚ÜĎi) * input_var[‚ÜĎi * 2 + 1] * input_var[‚ÜĎi * 2] -
                            Expression.const ‚ÜĎ(2 ^ ‚ÜĎi) * input_var[‚ÜĎi * 2 + 1] +
                          Expression.const ‚ÜĎ(2 ^ ‚ÜĎi)
                      else
                        -Expression.const ‚ÜĎ(2 ^ ‚ÜĎi) * input_var[‚ÜĎi * 2 + 1] * input_var[‚ÜĎi * 2] +
                          Expression.const ‚ÜĎ(2 ^ ‚ÜĎi)) ‚ąß
            env.get (offset + 127) =
                Expression.eval env (Vector.mapRange 127 fun i => var { index := offset + i }).sum ‚ąß
              (Num2Bits.circuit 135 ‚čĮ).Spec (env.get (offset + 127))
                  (Vector.map (Expression.eval env)
                    (ElaboratedCircuit.output (var { index := offset + 127 }) (offset + 127 + 1))) ‚ąß
                env.get
                    (offset + 127 + 1 + ElaboratedCircuit.localLength (fields 135) (var { index := offset + 127 })) =
                  Expression.eval env
                    (ElaboratedCircuit.output (var { index := offset + 127 }) (offset + 127 + 1))[127] ‚Üí
          env.get (offset + 127 + 1 + ElaboratedCircuit.localLength (fields 135) (var { index := offset + 127 })) =
            if fromBits (Vector.map ZMod.val input) > c then 1 else 0
[2026-01-10 16:16:52] [INFO] Proof verification completed
[2026-01-10 16:16:52] [INFO] Strategy RflStrategy attempt 1: verified=False
[2026-01-10 16:16:52] [INFO] Verification message: Cannot build modified file: <error line="113" column="4">
<code_line>    rfl</code_line>
<message>error: Tactic `rfl` failed: Expected the goal to be a binary relation</message>
</error>

Hint: Reflexivity tactics can only be used on goals of the form `x ~ x` or `R x x`

p : ‚Ąē
inst‚úĚ¬≤ : Fact (Nat.Prime p)
inst‚úĚ¬Ļ : Fact (p < 2 ^ 254)
inst‚úĚ : Fact (p > 2 ^ 253)
c : ‚Ąē
‚äĘ ‚ąÄ (offset : ‚Ąē) (env : Environment (F p)) (input_var : Var (fields 254) (F p)) (input : fields 254 (F p)),
    Vector.map (Expression.eval env) input_var = input ‚Üí
      (‚ąÄ (i : ‚Ąē) (x : i < 254), input[i] = 0 ‚ą® input[i] = 1) ‚Üí
        Vector.map (Expression.eval env) (Vector.mapRange 127 fun i => var { index := offset + i }) =
              Vector.map (Expression.eval env)
                (Vector.ofFn fun i =>
                  if (c >>> (‚ÜĎi * 2 + 1) &&& 1 == 0 && c >>> (‚ÜĎi * 2) &&& 1 == 0) = true then
                    -Expression.const ‚ÜĎ(2 ^ 128 - 2 ^ ‚ÜĎi) * input_var[‚ÜĎi * 2 + 1] * input_var[‚ÜĎi * 2] +
                        Expression.const ‚ÜĎ(2 ^ 128 - 2 ^ ‚ÜĎi) * input_var[‚ÜĎi * 2 + 1] +
                      Expression.const ‚ÜĎ(2 ^ 128 - 2 ^ ‚ÜĎi) * input_var[‚ÜĎi * 2]
                  else
                    if (c >>> (‚ÜĎi * 2 + 1) &&& 1 == 0 && c >>> (‚ÜĎi * 2) &&& 1 == 1) = true then
                      Expression.const ‚ÜĎ(2 ^ ‚ÜĎi) * input_var[‚ÜĎi * 2 + 1] * input_var[‚ÜĎi * 2] -
                              Expression.const ‚ÜĎ(2 ^ ‚ÜĎi) * input_var[‚ÜĎi * 2] +
                            Expression.const ‚ÜĎ(2 ^ 128 - 2 ^ ‚ÜĎi) * input_var[‚ÜĎi * 2 + 1] -
                          Expression.const ‚ÜĎ(2 ^ ‚ÜĎi) * input_var[‚ÜĎi * 2 + 1] +
                        Expression.const ‚ÜĎ(2 ^ ‚ÜĎi)
                    else
                      if (c >>> (‚ÜĎi * 2 + 1) &&& 1 == 1 && c >>> (‚ÜĎi * 2) &&& 1 == 0) = true then
                        Expression.const ‚ÜĎ(2 ^ 128 - 2 ^ ‚ÜĎi) * input_var[‚ÜĎi * 2 + 1] * input_var[‚ÜĎi * 2] -
                            Expression.const ‚ÜĎ(2 ^ ‚ÜĎi) * input_var[‚ÜĎi * 2 + 1] +
                          Expression.const ‚ÜĎ(2 ^ ‚ÜĎi)
                      else
                        -Expression.const ‚ÜĎ(2 ^ ‚ÜĎi) * input_var[‚ÜĎi * 2 + 1] * input_var[‚ÜĎi * 2] +
                          Expression.const ‚ÜĎ(2 ^ ‚ÜĎi)) ‚ąß
            env.get (offset + 127) =
                Expression.eval env (Vector.mapRange 127 fun i => var { index := offset + i }).sum ‚ąß
              (Num2Bits.circuit 135 ‚čĮ).Spec (env.get (offset + 127))
                  (Vector.map (Expression.eval env)
                    (ElaboratedCircuit.output (var { index := offset + 127 }) (offset + 127 + 1))) ‚ąß
                env.get
                    (offset + 127 + 1 + ElaboratedCircuit.localLength (fields 135) (var { index := offset + 127 })) =
                  Expression.eval env
                    (ElaboratedCircuit.output (var { index := offset + 127 }) (offset + 127 + 1))[127] ‚Üí
          env.get (offset + 127 + 1 + ElaboratedCircuit.localLength (fields 135) (var { index := offset + 127 })) =
            if fromBits (Vector.map ZMod.val input) > c then 1 else 0

[2026-01-10 16:16:52] [INFO] Attempt 1 failed verification, continuing...
[2026-01-10 16:16:52] [INFO] ========================================
[2026-01-10 16:16:52] [INFO] Pass@k completed. Total results: 1
[2026-01-10 16:16:52] [INFO] FAILED: All 1 strategies x 1 attempts
[2026-01-10 16:16:52] [INFO] Writing results to file: /root/repo/result.json
[2026-01-10 16:16:52] [INFO] Result file written successfully
[2026-01-10 16:16:52] [INFO] Results exported to: /root/repo/result.json
[2026-01-10 16:16:52] [INFO] run_morphcloud_local.py completed successfully

[2026-01-10 16:16:55] [process_single_sorry] Downloading result file...
[2026-01-10 16:16:56] [process_single_sorry] Downloaded result to intermediate_experiment_outputs_full_reservoir/rfl/2026-01-10_14-19-01_rfl/individual/d29d7cd7f57f9eeb015233a07ce9c11ab32d2c5fcef1aff067185884c9706e96.json
[2026-01-10 16:16:59] [process_single_sorry] Instance context closed successfully
[2026-01-10 16:16:59] [process_single_sorry] Parsing result file...
[2026-01-10 16:16:59] [process_single_sorry] Successfully parsed result (list format, 1 results)
