[2026-01-10 15:15:47] [process_single_sorry] Starting for sorry d919c5d0f5ba235d3f1a3bb86aa66562744f3cd280097952acb0ed540a3f60bd
[2026-01-10 15:15:47] [process_single_sorry] Using snapshot: snapshot_x0p2peza
[2026-01-10 15:15:47] [process_single_sorry] Repository: https://github.com/RemyDegenne/lean-bandits@c5a75a403f3e361e803359c50ab020c612d58aae
[2026-01-10 15:15:47] [process_single_sorry] Instance name: lean-bandits_c5a75a403f3e_rfl_d919c5d0f5ba235d3f1a3bb86aa66562744f3cd280097952acb0ed540a3f60bd
[2026-01-10 15:15:47] [process_single_sorry] Starting attempt 1/3
[2026-01-10 15:15:47] [process_single_sorry] Starting instance from snapshot...
[2026-01-10 15:15:51] [process_single_sorry] Instance started successfully: morphvm_j1erxi5a
[2026-01-10 15:15:51] [process_single_sorry] Creating .env file...
[2026-01-10 15:15:58] [process_single_sorry] .env file created (exit_code: 0)
[2026-01-10 15:15:58] [process_single_sorry] Executing agent command...
[2026-01-10 15:20:11] [process_single_sorry] Agent command completed (exit_code: 0)
[2026-01-10 15:20:11] [process_single_sorry] STDOUT:

Results JSON:
[
  {
    "sorry": {
      "repo": {
        "remote": "https://github.com/RemyDegenne/lean-bandits",
        "branch": "main",
        "commit": "c5a75a403f3e361e803359c50ab020c612d58aae",
        "lean_version": "v4.27.0-rc1"
      },
      "location": {
        "path": "LeanBandits/SequentialLearning/FiniteActions.lean",
        "start_line": 159,
        "start_column": 2,
        "end_line": 159,
        "end_column": 7
      },
      "debug_info": {
        "goal": "α : Type u_1\ninst✝ : DecidableEq α\na : α\nm : ℕ\n⊢ @Learning.stepsUntil α ℝ inst✝ a m = leastGE (fun n h => ↑(@Learning.pullCount α ℝ inst✝ a (n + 1) h)) ↑m",
        "url": "https://github.com/RemyDegenne/lean-bandits/blob/c5a75a403f3e361e803359c50ab020c612d58aae/LeanBandits/SequentialLearning/FiniteActions.lean#L159"
      },
      "metadata": {
        "blame_email_hash": "d765cd676b3d",
        "blame_date": "2025-12-29T13:49:31+01:00",
        "inclusion_date": "2025-12-29T18:22:47.709512+00:00"
      },
      "id": "d919c5d0f5ba235d3f1a3bb86aa66562744f3cd280097952acb0ed540a3f60bd"
    },
    "proof": null,
    "proof_verified": false,
    "feedback": null,
    "verification_message": "All 1 attempts failed (1 strategies x 1 attempts each)",
    "success": true,
    "error_type": null,
    "error_message": null,
    "strategy_name": "all_failed_k=1",
    "proof_attempts": [
      "rfl"
    ]
  }
]

[2026-01-10 15:20:11] [process_single_sorry] STDERR:
None of PyTorch, TensorFlow >= 2.0, or Flax have been found. Models won't be available and only tokenizers, configuration and file/data utilities can be used.
[2026-01-10 15:16:38] [INFO] ================================================================================
[2026-01-10 15:16:38] [INFO] Starting run_morphcloud_local.py
[2026-01-10 15:16:38] [INFO] ================================================================================
[2026-01-10 15:16:38] [INFO] Environment loaded
[2026-01-10 15:16:38] [INFO] Full command: /root/SorryDB/sorrydb/cli/run_morphcloud_local.py --repo-path /root/repo --sorry-json {"repo": {"remote": "https://github.com/RemyDegenne/lean-bandits", "branch": "main", "commit": "c5a75a403f3e361e803359c50ab020c612d58aae", "lean_version": "v4.27.0-rc1"}, "location": {"path": "LeanBandits/SequentialLearning/FiniteActions.lean", "start_line": 159, "start_column": 2, "end_line": 159, "end_column": 7}, "debug_info": {"goal": "\u03b1 : Type u_1\ninst\u271d : DecidableEq \u03b1\na : \u03b1\nm : \u2115\n\u22a2 @Learning.stepsUntil \u03b1 \u211d inst\u271d a m = leastGE (fun n h => \u2191(@Learning.pullCount \u03b1 \u211d inst\u271d a (n + 1) h)) \u2191m", "url": "https://github.com/RemyDegenne/lean-bandits/blob/c5a75a403f3e361e803359c50ab020c612d58aae/LeanBandits/SequentialLearning/FiniteActions.lean#L159"}, "metadata": {"blame_email_hash": "d765cd676b3d", "blame_date": "2025-12-29T13:49:31+01:00", "inclusion_date": "2025-12-29T18:22:47.709512+00:00"}, "id": "d919c5d0f5ba235d3f1a3bb86aa66562744f3cd280097952acb0ed540a3f60bd"} --agent-strategy {"name": "rfl", "args": {}}
[2026-01-10 15:16:38] [INFO] Arguments parsed: repo_path=/root/repo, output_path=/root/repo/result.json
[2026-01-10 15:16:38] [INFO] Strategy spec: {"name": "rfl", "args": {}}...
[2026-01-10 15:16:38] [INFO] Loading sorry data...
[2026-01-10 15:16:38] [INFO] Parsing sorry from JSON string...
[2026-01-10 15:16:38] [INFO] Sorry data parsed from JSON string
[2026-01-10 15:16:38] [INFO] Creating strategy from spec...
[2026-01-10 15:16:38] [INFO] Parsing strategy spec (length: 27 chars)
[2026-01-10 15:16:38] [INFO] Strategy name: rfl
[2026-01-10 15:16:38] [INFO] Strategy args: {}
[2026-01-10 15:16:38] [INFO] Pass@k value: 1
[2026-01-10 15:16:38] [INFO] Creating strategy: rfl
[2026-01-10 15:16:38] [INFO] Strategies created: ['RflStrategy']
[2026-01-10 15:16:38] [INFO] Pass@k value: 1
[2026-01-10 15:16:38] [INFO] Creating Sorry object...
[2026-01-10 15:16:38] [INFO] Sorry object created: id=d919c5d0f5ba235d3f1a3bb86aa66562744f3cd280097952acb0ed540a3f60bd
[2026-01-10 15:16:38] [INFO] Sorry location: LeanBandits/SequentialLearning/FiniteActions.lean:159
[2026-01-10 15:16:38] [INFO] Context before sorry (lines 154-159):
[2026-01-10 15:16:38] [INFO]   154:   simpa [stepsUntil_eq_top_iff]
[2026-01-10 15:16:38] [INFO]   155: 
[2026-01-10 15:16:38] [INFO]   156: -- todo: this is in ℝ because of the limited def of leastGE
[2026-01-10 15:16:38] [INFO]   157: lemma stepsUntil_eq_leastGE (a : α) (m : ℕ) :
[2026-01-10 15:16:38] [INFO]   158:     stepsUntil a m = leastGE (fun n (h : ℕ → α × ℝ) ↦ pullCount a (n + 1) h) m := by
[2026-01-10 15:16:38] [INFO]   159:   sorry
[2026-01-10 15:16:38] [INFO] Sorry line:   sorry
[2026-01-10 15:16:38] [INFO] Sorry goal: α : Type u_1
inst✝ : DecidableEq α
a : α
m : ℕ
⊢ @Learning.stepsUntil α ℝ inst✝ a m = leastGE (fun n...
[2026-01-10 15:16:38] [INFO] ========================================
[2026-01-10 15:16:38] [INFO] Trying strategy: RflStrategy (up to 1 attempts)
[2026-01-10 15:16:38] [INFO] --------------------
[2026-01-10 15:16:38] [INFO] Strategy RflStrategy, attempt 1/1
[2026-01-10 15:16:38] [INFO] Starting proof generation...
[2026-01-10 15:16:38] [INFO] Repository path: /root/repo
[2026-01-10 15:16:38] [INFO] Proof generation completed
[2026-01-10 15:16:38] [INFO] Generated proof:
[2026-01-10 15:16:38] [INFO] rfl
[2026-01-10 15:16:38] [INFO] Proof length: 3 chars
[2026-01-10 15:16:38] [INFO] Starting proof verification...
[2026-01-10 15:16:38] [INFO] Verifying at: LeanBandits/SequentialLearning/FiniteActions.lean:159
[2026-01-10 15:16:38] [INFO] Using LEAN INTERACT verify
[2026-01-10 15:16:38] [INFO] Checking file
[2026-01-10 15:20:11] [INFO] Cannot build modified file <error line="159" column="2">
<code_line>  rfl</code_line>
<message>error: Tactic `rfl` failed: The left-hand side</message>
</error>
  stepsUntil a m
is not definitionally equal to the right-hand side
  leastGE (fun n h => ↑(pullCount a (n + 1) h)) ↑m

α : Type u_1
inst✝ : DecidableEq α
a : α
m : ℕ
⊢ stepsUntil a m = leastGE (fun n h => ↑(pullCount a (n + 1) h)) ↑m
[2026-01-10 15:20:11] [INFO] Proof verification completed
[2026-01-10 15:20:11] [INFO] Strategy RflStrategy attempt 1: verified=False
[2026-01-10 15:20:11] [INFO] Verification message: Cannot build modified file: <error line="159" column="2">
<code_line>  rfl</code_line>
<message>error: Tactic `rfl` failed: The left-hand side</message>
</error>
  stepsUntil a m
is not definitionally equal to the right-hand side
  leastGE (fun n h => ↑(pullCount a (n + 1) h)) ↑m

α : Type u_1
inst✝ : DecidableEq α
a : α
m : ℕ
⊢ stepsUntil a m = leastGE (fun n h => ↑(pullCount a (n + 1) h)) ↑m

[2026-01-10 15:20:11] [INFO] Attempt 1 failed verification, continuing...
[2026-01-10 15:20:11] [INFO] ========================================
[2026-01-10 15:20:11] [INFO] Pass@k completed. Total results: 1
[2026-01-10 15:20:11] [INFO] FAILED: All 1 strategies x 1 attempts
[2026-01-10 15:20:11] [INFO] Writing results to file: /root/repo/result.json
[2026-01-10 15:20:11] [INFO] Result file written successfully
[2026-01-10 15:20:11] [INFO] Results exported to: /root/repo/result.json
[2026-01-10 15:20:11] [INFO] run_morphcloud_local.py completed successfully

[2026-01-10 15:20:11] [process_single_sorry] Downloading result file...
[2026-01-10 15:20:12] [process_single_sorry] Downloaded result to intermediate_experiment_outputs_full_reservoir/rfl/2026-01-10_14-19-01_rfl/individual/d919c5d0f5ba235d3f1a3bb86aa66562744f3cd280097952acb0ed540a3f60bd.json
[2026-01-10 15:20:14] [process_single_sorry] Instance context closed successfully
[2026-01-10 15:20:14] [process_single_sorry] Parsing result file...
[2026-01-10 15:20:14] [process_single_sorry] Successfully parsed result (list format, 1 results)
