[2026-01-06 17:10:08] [process_single_sorry] Starting for sorry 09a5aa8ce9463ee9064ddd5d322ab90cd202cb8fc3dede886e54880b18286e07
[2026-01-06 17:10:08] [process_single_sorry] Using snapshot: snapshot_g66bzeq2
[2026-01-06 17:10:08] [process_single_sorry] Repository: https://github.com/pitmonticone/ItaLean2025@4ee9104bc4b3d6d3623b6115653f6a8a04239215
[2026-01-06 17:10:08] [process_single_sorry] Instance name: ItaLean2025_4ee9104bc4b3_rfl_09a5aa8ce9463ee9064ddd5d322ab90cd202cb8fc3dede886e54880b18286e07
[2026-01-06 17:10:08] [process_single_sorry] Starting attempt 1/3
[2026-01-06 17:10:08] [process_single_sorry] Starting instance from snapshot...
[2026-01-06 17:13:08] [process_single_sorry] Retryable error on attempt 1/3: ConnectError: TLS/SSL connection has been closed (EOF) (_ssl.c:992)
[2026-01-06 17:13:08] [process_single_sorry] Waiting 2 seconds before retry...
[2026-01-06 17:13:16] [process_single_sorry] Starting attempt 2/3
[2026-01-06 17:13:16] [process_single_sorry] Starting instance from snapshot...
[2026-01-06 17:13:35] [process_single_sorry] Instance started successfully: morphvm_t498n5st
[2026-01-06 17:13:35] [process_single_sorry] Creating .env file...
[2026-01-06 17:15:12] [process_single_sorry] .env file created (exit_code: 0)
[2026-01-06 17:15:12] [process_single_sorry] Executing agent command...
[2026-01-06 17:17:43] [process_single_sorry] Agent command completed (exit_code: 0)
[2026-01-06 17:17:43] [process_single_sorry] STDOUT:

Result JSON:
{
  "sorry": {
    "repo": {
      "remote": "https://github.com/pitmonticone/ItaLean2025",
      "branch": "main",
      "commit": "4ee9104bc4b3d6d3623b6115653f6a8a04239215",
      "lean_version": "v4.26.0-rc2"
    },
    "location": {
      "path": "ItaLean/Analysis.lean",
      "start_line": 26,
      "start_column": 78,
      "end_line": 26,
      "end_column": 83
    },
    "debug_info": {
      "goal": "α : Type u_1\nβ : Type u_2\nf : α → β\nF G : Filter α\nh : F ≤ G\n⊢ map f F ≤ map f G",
      "url": "https://github.com/pitmonticone/ItaLean2025/blob/4ee9104bc4b3d6d3623b6115653f6a8a04239215/ItaLean/Analysis.lean#L26"
    },
    "metadata": {
      "blame_email_hash": "0a3759cf16cc",
      "blame_date": "2025-12-10T09:44:36+01:00",
      "inclusion_date": "2025-12-30T17:22:34.295964+00:00"
    },
    "id": "09a5aa8ce9463ee9064ddd5d322ab90cd202cb8fc3dede886e54880b18286e07"
  },
  "proof": "rfl",
  "proof_verified": false,
  "feedback": null,
  "verification_message": "Cannot build modified file: Build timeout (exceeded 120 seconds)\n",
  "success": true,
  "error_type": null,
  "error_message": null
}

[2026-01-06 17:17:43] [process_single_sorry] STDERR:
None of PyTorch, TensorFlow >= 2.0, or Flax have been found. Models won't be available and only tokenizers, configuration and file/data utilities can be used.
[2026-01-06 17:15:41] [INFO] ================================================================================
[2026-01-06 17:15:41] [INFO] Starting run_morphcloud_local.py
[2026-01-06 17:15:41] [INFO] ================================================================================
[2026-01-06 17:15:41] [INFO] Environment loaded
[2026-01-06 17:15:41] [INFO] Full command: /root/SorryDB/sorrydb/cli/run_morphcloud_local.py --repo-path /root/repo --sorry-json {"repo": {"remote": "https://github.com/pitmonticone/ItaLean2025", "branch": "main", "commit": "4ee9104bc4b3d6d3623b6115653f6a8a04239215", "lean_version": "v4.26.0-rc2"}, "location": {"path": "ItaLean/Analysis.lean", "start_line": 26, "start_column": 78, "end_line": 26, "end_column": 83}, "debug_info": {"goal": "\u03b1 : Type u_1\n\u03b2 : Type u_2\nf : \u03b1 \u2192 \u03b2\nF G : Filter \u03b1\nh : F \u2264 G\n\u22a2 map f F \u2264 map f G", "url": "https://github.com/pitmonticone/ItaLean2025/blob/4ee9104bc4b3d6d3623b6115653f6a8a04239215/ItaLean/Analysis.lean#L26"}, "metadata": {"blame_email_hash": "0a3759cf16cc", "blame_date": "2025-12-10T09:44:36+01:00", "inclusion_date": "2025-12-30T17:22:34.295964+00:00"}, "id": "09a5aa8ce9463ee9064ddd5d322ab90cd202cb8fc3dede886e54880b18286e07"} --agent-strategy {"name": "rfl", "args": {}}
[2026-01-06 17:15:41] [INFO] Arguments parsed: repo_path=/root/repo, output_path=/root/repo/result.json
[2026-01-06 17:15:41] [INFO] Strategy spec: {"name": "rfl", "args": {}}...
[2026-01-06 17:15:41] [INFO] Loading sorry data...
[2026-01-06 17:15:41] [INFO] Parsing sorry from JSON string...
[2026-01-06 17:15:41] [INFO] Sorry data parsed from JSON string
[2026-01-06 17:15:41] [INFO] Creating strategy from spec...
[2026-01-06 17:15:41] [INFO] Parsing strategy spec (length: 27 chars)
[2026-01-06 17:15:41] [INFO] Strategy name: rfl
[2026-01-06 17:15:41] [INFO] Strategy args: {}
[2026-01-06 17:15:41] [INFO] Creating strategy: rfl
[2026-01-06 17:15:41] [INFO] Strategy created: RflStrategy
[2026-01-06 17:15:41] [INFO] Creating Sorry object...
[2026-01-06 17:15:41] [INFO] Sorry object created: id=09a5aa8ce9463ee9064ddd5d322ab90cd202cb8fc3dede886e54880b18286e07
[2026-01-06 17:15:41] [INFO] Sorry location: ItaLean/Analysis.lean:26
[2026-01-06 17:15:41] [INFO] Context before sorry (lines 21-26):
[2026-01-06 17:15:41] [INFO]   21: section Filter
[2026-01-06 17:15:41] [INFO]   22: 
[2026-01-06 17:15:41] [INFO]   23: open Filter Topology
[2026-01-06 17:15:41] [INFO]   24: variable {α β γ : Type*}
[2026-01-06 17:15:41] [INFO]   25: 
[2026-01-06 17:15:41] [INFO]   26: lemma mono (f : α → β) {F G : Filter α} (h : F ≤ G) : F.map f ≤ G.map f := by sorry
[2026-01-06 17:15:41] [INFO] Sorry line: lemma mono (f : α → β) {F G : Filter α} (h : F ≤ G) : F.map f ≤ G.map f := by sorry
[2026-01-06 17:15:41] [INFO] Sorry goal: α : Type u_1
β : Type u_2
f : α → β
F G : Filter α
h : F ≤ G
⊢ map f F ≤ map f G...
[2026-01-06 17:15:41] [INFO] Starting agent proof generation...
[2026-01-06 17:15:41] [INFO] Repository path: /root/repo
[2026-01-06 17:15:41] [INFO] Agent proof generation completed
[2026-01-06 17:15:41] [INFO] Generated proof:
[2026-01-06 17:15:41] [INFO] rfl
[2026-01-06 17:15:41] [INFO] Proof length: 3 chars
[2026-01-06 17:15:41] [INFO] Starting proof verification...
[2026-01-06 17:15:41] [INFO] Verifying at: ItaLean/Analysis.lean:26
[2026-01-06 17:15:41] [INFO] Using LEAN INTERACT verify
[2026-01-06 17:15:41] [INFO] Checking file
[2026-01-06 17:17:41] [INFO] Cannot build modified file Build timeout (exceeded 120 seconds)
[2026-01-06 17:17:41] [INFO] Proof verification completed
[2026-01-06 17:17:41] [INFO] Proof verified: False
[2026-01-06 17:17:41] [INFO] Verification message: Cannot build modified file: Build timeout (exceeded 120 seconds)

[2026-01-06 17:17:41] [INFO] Creating result object...
[2026-01-06 17:17:41] [INFO] Result object created
[2026-01-06 17:17:41] [INFO] Writing result to file: /root/repo/result.json
[2026-01-06 17:17:41] [INFO] Result file written successfully
[2026-01-06 17:17:41] [INFO] Result exported to: /root/repo/result.json
[2026-01-06 17:17:41] [INFO] run_morphcloud_local.py completed successfully

[2026-01-06 17:17:43] [process_single_sorry] Downloading result file...
[2026-01-06 17:17:43] [process_single_sorry] Downloaded result to intermediate_experiment_outputs_full_reservoir/rfl/2026-01-06_17-03-32_rfl/individual/09a5aa8ce9463ee9064ddd5d322ab90cd202cb8fc3dede886e54880b18286e07.json
[2026-01-06 17:17:45] [process_single_sorry] Instance context closed successfully
[2026-01-06 17:17:45] [process_single_sorry] Parsing result file...
[2026-01-06 17:17:45] [process_single_sorry] Successfully parsed result (dict format)
