[2026-01-06 17:10:08] [process_single_sorry] Starting for sorry d6f78bbb13c86da2537206adae03cc5ebb02b8d06f726f81adea6a55709876fb
[2026-01-06 17:10:08] [process_single_sorry] Using snapshot: snapshot_ie5aepks
[2026-01-06 17:10:08] [process_single_sorry] Repository: https://github.com/Ivan-Sergeyev/seymour@cd8eea36e3ea843d9bc2b773d63e8c8bbfbd2b4c
[2026-01-06 17:10:08] [process_single_sorry] Instance name: seymour_cd8eea36e3ea_rfl_d6f78bbb13c86da2537206adae03cc5ebb02b8d06f726f81adea6a55709876fb
[2026-01-06 17:10:08] [process_single_sorry] Starting attempt 1/3
[2026-01-06 17:10:08] [process_single_sorry] Starting instance from snapshot...
[2026-01-06 17:10:14] [process_single_sorry] Instance started successfully: morphvm_mmbnd68d
[2026-01-06 17:10:14] [process_single_sorry] Creating .env file...
[2026-01-06 17:11:45] [process_single_sorry] .env file created (exit_code: 0)
[2026-01-06 17:11:45] [process_single_sorry] Executing agent command...
[2026-01-06 17:13:01] [process_single_sorry] Agent command completed (exit_code: 0)
[2026-01-06 17:13:01] [process_single_sorry] STDOUT:

Result JSON:
{
  "sorry": {
    "repo": {
      "remote": "https://github.com/Ivan-Sergeyev/seymour",
      "branch": "thesis",
      "commit": "cd8eea36e3ea843d9bc2b773d63e8c8bbfbd2b4c",
      "lean_version": "v4.18.0"
    },
    "location": {
      "path": "Seymour/Results/EasyDirection.lean",
      "start_line": 25,
      "start_column": 20,
      "end_line": 25,
      "end_column": 25
    },
    "debug_info": {
      "goal": "case cographic\nα : Type u_1\ninst✝ : DecidableEq α\nM M✝ : Matroid α\nhM : M✝.IsCographic\n⊢ M✝.IsRegular",
      "url": "https://github.com/Ivan-Sergeyev/seymour/blob/cd8eea36e3ea843d9bc2b773d63e8c8bbfbd2b4c/Seymour/Results/EasyDirection.lean#L25"
    },
    "metadata": {
      "blame_email_hash": "a853c166ca8e",
      "blame_date": "2025-05-17T15:49:08+02:00",
      "inclusion_date": "2025-12-29T17:27:29.679393+00:00"
    },
    "id": "d6f78bbb13c86da2537206adae03cc5ebb02b8d06f726f81adea6a55709876fb"
  },
  "proof": "rfl",
  "proof_verified": false,
  "feedback": null,
  "verification_message": "Cannot build modified file: <error line=\"25\" column=\"20\">\n<code_line>  | cographic hM => rfl</code_line>\n<message>error: tactic 'rfl' failed, the left-hand side</message>\n</error>\n  α\nis not definitionally equal to the right-hand side\n  M✝\ncase cographic\nα : Type u_1\ninst✝ : DecidableEq α\nM M✝ : Matroid α\nhM : M✝.IsCographic\n⊢ M✝.IsRegular\n",
  "success": true,
  "error_type": null,
  "error_message": null
}

[2026-01-06 17:13:01] [process_single_sorry] STDERR:
None of PyTorch, TensorFlow >= 2.0, or Flax have been found. Models won't be available and only tokenizers, configuration and file/data utilities can be used.
[2026-01-06 17:12:30] [INFO] ================================================================================
[2026-01-06 17:12:30] [INFO] Starting run_morphcloud_local.py
[2026-01-06 17:12:30] [INFO] ================================================================================
[2026-01-06 17:12:30] [INFO] Environment loaded
[2026-01-06 17:12:30] [INFO] Full command: /root/SorryDB/sorrydb/cli/run_morphcloud_local.py --repo-path /root/repo --sorry-json {"repo": {"remote": "https://github.com/Ivan-Sergeyev/seymour", "branch": "thesis", "commit": "cd8eea36e3ea843d9bc2b773d63e8c8bbfbd2b4c", "lean_version": "v4.18.0"}, "location": {"path": "Seymour/Results/EasyDirection.lean", "start_line": 25, "start_column": 20, "end_line": 25, "end_column": 25}, "debug_info": {"goal": "case cographic\n\u03b1 : Type u_1\ninst\u271d : DecidableEq \u03b1\nM M\u271d : Matroid \u03b1\nhM : M\u271d.IsCographic\n\u22a2 M\u271d.IsRegular", "url": "https://github.com/Ivan-Sergeyev/seymour/blob/cd8eea36e3ea843d9bc2b773d63e8c8bbfbd2b4c/Seymour/Results/EasyDirection.lean#L25"}, "metadata": {"blame_email_hash": "a853c166ca8e", "blame_date": "2025-05-17T15:49:08+02:00", "inclusion_date": "2025-12-29T17:27:29.679393+00:00"}, "id": "d6f78bbb13c86da2537206adae03cc5ebb02b8d06f726f81adea6a55709876fb"} --agent-strategy {"name": "rfl", "args": {}}
[2026-01-06 17:12:30] [INFO] Arguments parsed: repo_path=/root/repo, output_path=/root/repo/result.json
[2026-01-06 17:12:30] [INFO] Strategy spec: {"name": "rfl", "args": {}}...
[2026-01-06 17:12:30] [INFO] Loading sorry data...
[2026-01-06 17:12:30] [INFO] Parsing sorry from JSON string...
[2026-01-06 17:12:30] [INFO] Sorry data parsed from JSON string
[2026-01-06 17:12:30] [INFO] Creating strategy from spec...
[2026-01-06 17:12:30] [INFO] Parsing strategy spec (length: 27 chars)
[2026-01-06 17:12:30] [INFO] Strategy name: rfl
[2026-01-06 17:12:30] [INFO] Strategy args: {}
[2026-01-06 17:12:30] [INFO] Creating strategy: rfl
[2026-01-06 17:12:30] [INFO] Strategy created: RflStrategy
[2026-01-06 17:12:30] [INFO] Creating Sorry object...
[2026-01-06 17:12:30] [INFO] Sorry object created: id=d6f78bbb13c86da2537206adae03cc5ebb02b8d06f726f81adea6a55709876fb
[2026-01-06 17:12:30] [INFO] Sorry location: Seymour/Results/EasyDirection.lean:25
[2026-01-06 17:12:30] [INFO] Context before sorry (lines 20-25):
[2026-01-06 17:12:30] [INFO]   20: 
[2026-01-06 17:12:30] [INFO]   21: /-- Corollary of the easy direction of the Seymour's theorem. -/
[2026-01-06 17:12:30] [INFO]   22: theorem Matroid.IsGood.isRegular {M : Matroid α} (hM : M.IsGood) : M.IsRegular := by
[2026-01-06 17:12:30] [INFO]   23:   induction hM with
[2026-01-06 17:12:30] [INFO]   24:   | graphic hM => exact hM.isRegular
[2026-01-06 17:12:30] [INFO]   25:   | cographic hM => sorry
[2026-01-06 17:12:30] [INFO] Sorry line:   | cographic hM => sorry
[2026-01-06 17:12:30] [INFO] Sorry goal: case cographic
α : Type u_1
inst✝ : DecidableEq α
M M✝ : Matroid α
hM : M✝.IsCographic
⊢ M✝.IsRegula...
[2026-01-06 17:12:30] [INFO] Starting agent proof generation...
[2026-01-06 17:12:30] [INFO] Repository path: /root/repo
[2026-01-06 17:12:30] [INFO] Agent proof generation completed
[2026-01-06 17:12:30] [INFO] Generated proof:
[2026-01-06 17:12:30] [INFO] rfl
[2026-01-06 17:12:30] [INFO] Proof length: 3 chars
[2026-01-06 17:12:30] [INFO] Starting proof verification...
[2026-01-06 17:12:30] [INFO] Verifying at: Seymour/Results/EasyDirection.lean:25
[2026-01-06 17:12:30] [INFO] Using LEAN INTERACT verify
[2026-01-06 17:12:30] [INFO] Checking file
[2026-01-06 17:12:55] [INFO] Cannot build modified file <error line="25" column="20">
<code_line>  | cographic hM => rfl</code_line>
<message>error: tactic 'rfl' failed, the left-hand side</message>
</error>
  α
is not definitionally equal to the right-hand side
  M✝
case cographic
α : Type u_1
inst✝ : DecidableEq α
M M✝ : Matroid α
hM : M✝.IsCographic
⊢ M✝.IsRegular
[2026-01-06 17:12:56] [INFO] Proof verification completed
[2026-01-06 17:12:56] [INFO] Proof verified: False
[2026-01-06 17:12:56] [INFO] Verification message: Cannot build modified file: <error line="25" column="20">
<code_line>  | cographic hM => rfl</code_line>
<message>error: tactic 'rfl' failed, the left-hand side</message>
</error>
  α
is not definitionally equal to the right-hand side
  M✝
case cographic
α : Type u_1
inst✝ : DecidableEq α
M M✝ : Matroid α
hM : M✝.IsCographic
⊢ M✝.IsRegular

[2026-01-06 17:12:56] [INFO] Creating result object...
[2026-01-06 17:12:56] [INFO] Result object created
[2026-01-06 17:12:56] [INFO] Writing result to file: /root/repo/result.json
[2026-01-06 17:12:56] [INFO] Result file written successfully
[2026-01-06 17:12:56] [INFO] Result exported to: /root/repo/result.json
[2026-01-06 17:12:56] [INFO] run_morphcloud_local.py completed successfully

[2026-01-06 17:13:01] [process_single_sorry] Downloading result file...
[2026-01-06 17:13:13] [process_single_sorry] Downloaded result to intermediate_experiment_outputs_full_reservoir/rfl/2026-01-06_17-03-32_rfl/individual/d6f78bbb13c86da2537206adae03cc5ebb02b8d06f726f81adea6a55709876fb.json
[2026-01-06 17:13:16] [process_single_sorry] Instance context closed successfully
[2026-01-06 17:13:16] [process_single_sorry] Parsing result file...
[2026-01-06 17:13:16] [process_single_sorry] Successfully parsed result (dict format)
