[2026-05-05 18:24:42] [process_single_sorry] Starting for sorry 03cf1cb22c0abdbf99884507dd5bed4039fbc8a7c8a568338d35ebc125bfec16
[2026-05-05 18:24:42] [process_single_sorry] Using snapshot: snapshot_yc5e0dh3
[2026-05-05 18:24:42] [process_single_sorry] Repository: https://github.com/YaelDillies/LeanCamCombi@34daaaac92e24dcedf36f3d059764534daa7999d
[2026-05-05 18:24:42] [process_single_sorry] Instance name: LeanCamCombi_34daaaac92e2_aristotle_collect_03cf1cb22c0abdbf99884507dd5bed4039fbc8a7c8a568338d35ebc125bfec16
[2026-05-05 18:24:42] [process_single_sorry] Starting attempt 1/4
[2026-05-05 18:24:42] [process_single_sorry] Starting instance from snapshot...
[2026-05-05 18:24:43] [process_single_sorry] Instance started successfully: morphvm_qw8pesig
[2026-05-05 18:24:43] [process_single_sorry] Creating .env file...
[2026-05-05 18:24:43] [process_single_sorry] Copying GCP credentials from goedel_vertex_key.json...
[2026-05-05 18:24:49] [process_single_sorry] GCP key file uploaded successfully
[2026-05-05 18:24:50] [process_single_sorry] .env file created (exit_code: 0)
[2026-05-05 18:24:50] [process_single_sorry] Copying projects file from intermediate_experiment_outputs_full_reservoir_3_months/aristotle_aggregated_after_status_rerun/aristotle_projects.json...
[2026-05-05 18:24:51] [process_single_sorry] Projects file uploaded successfully
[2026-05-05 18:24:51] [process_single_sorry] Executing agent command with concurrent polling...
[2026-05-05 18:36:20] [poll] Result file detected at /root/repo/result.json
[2026-05-05 18:36:20] [process_single_sorry] Result file detected via polling (aexec still running)
[2026-05-05 18:36:20] [process_single_sorry] Downloaded run.log to intermediate_experiment_outputs_full_reservoir_3_months/aristotle/2026-05-05_15-48-55_aristotle_collect/logs/remote_morph_logs/03cf1cb22c0abdbf99884507dd5bed4039fbc8a7c8a568338d35ebc125bfec16_attempt_1_run.log
[2026-05-05 18:36:20] [process_single_sorry] Downloading result file...
[2026-05-05 18:36:21] [process_single_sorry] Downloaded result to intermediate_experiment_outputs_full_reservoir_3_months/aristotle/2026-05-05_15-48-55_aristotle_collect/individual/03cf1cb22c0abdbf99884507dd5bed4039fbc8a7c8a568338d35ebc125bfec16.json
[2026-05-05 18:36:25] [process_single_sorry] Instance context closed successfully
[2026-05-05 18:36:25] [process_single_sorry] Parsing result file...
[2026-05-05 18:36:25] [process_single_sorry] Successfully parsed result (list format, 1 results)
