[2026-05-05 20:45:07] [process_single_sorry] Starting for sorry 0f8872578a8dba23c6f003b7f3743da616340f5f4ce2ee33f0ae3d91dde09f13
[2026-05-05 20:45:07] [process_single_sorry] Using snapshot: snapshot_e4jrsyg6
[2026-05-05 20:45:07] [process_single_sorry] Repository: https://github.com/pitmonticone/ItaLean2025@4ee9104bc4b3d6d3623b6115653f6a8a04239215
[2026-05-05 20:45:07] [process_single_sorry] Instance name: ItaLean2025_4ee9104bc4b3_aristotle_collect_0f8872578a8dba23c6f003b7f3743da616340f5f4ce2ee33f0ae3d91dde09f13
[2026-05-05 20:45:07] [process_single_sorry] Starting attempt 1/4
[2026-05-05 20:45:07] [process_single_sorry] Starting instance from snapshot...
[2026-05-05 20:45:07] [process_single_sorry] Instance started successfully: morphvm_so4j3g7i
[2026-05-05 20:45:07] [process_single_sorry] Creating .env file...
[2026-05-05 20:45:07] [process_single_sorry] Copying GCP credentials from goedel_vertex_key.json...
[2026-05-05 20:45:12] [process_single_sorry] GCP key file uploaded successfully
[2026-05-05 20:45:13] [process_single_sorry] .env file created (exit_code: 0)
[2026-05-05 20:45:13] [process_single_sorry] Copying projects file from intermediate_experiment_outputs_full_reservoir_3_months/aristotle_aggregated_after_status_rerun/aristotle_projects.json...
[2026-05-05 20:45:14] [process_single_sorry] Projects file uploaded successfully
[2026-05-05 20:45:14] [process_single_sorry] Executing agent command with concurrent polling...
[2026-05-05 20:57:31] [poll] Result file detected at /root/repo/result.json
[2026-05-05 20:57:31] [process_single_sorry] Result file detected via polling (aexec still running)
[2026-05-05 20:57:40] [process_single_sorry] Downloaded run.log to intermediate_experiment_outputs_full_reservoir_3_months/aristotle/2026-05-05_15-48-55_aristotle_collect/logs/remote_morph_logs/0f8872578a8dba23c6f003b7f3743da616340f5f4ce2ee33f0ae3d91dde09f13_attempt_1_run.log
[2026-05-05 20:57:40] [process_single_sorry] Downloading result file...
[2026-05-05 20:57:46] [process_single_sorry] Downloaded result to intermediate_experiment_outputs_full_reservoir_3_months/aristotle/2026-05-05_15-48-55_aristotle_collect/individual/0f8872578a8dba23c6f003b7f3743da616340f5f4ce2ee33f0ae3d91dde09f13.json
[2026-05-05 20:57:49] [process_single_sorry] Instance context closed successfully
[2026-05-05 20:57:49] [process_single_sorry] Parsing result file...
[2026-05-05 20:57:49] [process_single_sorry] Successfully parsed result (list format, 1 results)
