[2026-05-05 17:28:11] [process_single_sorry] Starting for sorry 2d3f22b72703894392d36d4b883464a839e20cd3e055614d7d42dd8a0d6d197e
[2026-05-05 17:28:11] [process_single_sorry] Using snapshot: snapshot_r68idr2j
[2026-05-05 17:28:11] [process_single_sorry] Repository: https://github.com/Paul-Lez/PersistentDecomp@c36471055817ef5332e27b4f99654257f45c68d1
[2026-05-05 17:28:11] [process_single_sorry] Instance name: PersistentDecomp_c36471055817_aristotle_collect_2d3f22b72703894392d36d4b883464a839e20cd3e055614d7d42dd8a0d6d197e
[2026-05-05 17:28:11] [process_single_sorry] Starting attempt 1/4
[2026-05-05 17:28:11] [process_single_sorry] Starting instance from snapshot...
[2026-05-05 17:28:11] [process_single_sorry] Instance started successfully: morphvm_ot1cr29i
[2026-05-05 17:28:11] [process_single_sorry] Creating .env file...
[2026-05-05 17:28:11] [process_single_sorry] Copying GCP credentials from goedel_vertex_key.json...
[2026-05-05 17:28:16] [process_single_sorry] GCP key file uploaded successfully
[2026-05-05 17:28:18] [process_single_sorry] .env file created (exit_code: 0)
[2026-05-05 17:28:18] [process_single_sorry] Copying projects file from intermediate_experiment_outputs_full_reservoir_3_months/aristotle_aggregated_after_status_rerun/aristotle_projects.json...
[2026-05-05 17:28:19] [process_single_sorry] Projects file uploaded successfully
[2026-05-05 17:28:19] [process_single_sorry] Executing agent command with concurrent polling...
[2026-05-05 17:44:04] [poll] Result file detected at /root/repo/result.json
[2026-05-05 17:44:04] [process_single_sorry] Result file detected via polling (aexec still running)
[2026-05-05 17:44:04] [process_single_sorry] Downloaded run.log to intermediate_experiment_outputs_full_reservoir_3_months/aristotle/2026-05-05_15-48-55_aristotle_collect/logs/remote_morph_logs/2d3f22b72703894392d36d4b883464a839e20cd3e055614d7d42dd8a0d6d197e_attempt_1_run.log
[2026-05-05 17:44:04] [process_single_sorry] Downloading result file...
[2026-05-05 17:44:05] [process_single_sorry] Downloaded result to intermediate_experiment_outputs_full_reservoir_3_months/aristotle/2026-05-05_15-48-55_aristotle_collect/individual/2d3f22b72703894392d36d4b883464a839e20cd3e055614d7d42dd8a0d6d197e.json
[2026-05-05 17:44:07] [process_single_sorry] Instance context closed successfully
[2026-05-05 17:44:07] [process_single_sorry] Parsing result file...
[2026-05-05 17:44:07] [process_single_sorry] Successfully parsed result (list format, 1 results)
