[2026-05-05 17:31:15] [process_single_sorry] Starting for sorry 4e59025376eb033336e3ff2c399fb60ed8c99744e198e691eddefdf2df9e11ae
[2026-05-05 17:31:15] [process_single_sorry] Using snapshot: snapshot_sgatoyif
[2026-05-05 17:31:15] [process_single_sorry] Repository: https://github.com/RemyDegenne/CLT@07a49e97b1c745d306d301200a97c48eeb299205
[2026-05-05 17:31:15] [process_single_sorry] Instance name: CLT_07a49e97b1c7_aristotle_collect_4e59025376eb033336e3ff2c399fb60ed8c99744e198e691eddefdf2df9e11ae
[2026-05-05 17:31:15] [process_single_sorry] Starting attempt 1/4
[2026-05-05 17:31:15] [process_single_sorry] Starting instance from snapshot...
[2026-05-05 17:31:15] [process_single_sorry] Instance started successfully: morphvm_diavzcy9
[2026-05-05 17:31:15] [process_single_sorry] Creating .env file...
[2026-05-05 17:31:15] [process_single_sorry] Copying GCP credentials from goedel_vertex_key.json...
[2026-05-05 17:31:20] [process_single_sorry] GCP key file uploaded successfully
[2026-05-05 17:31:21] [process_single_sorry] .env file created (exit_code: 0)
[2026-05-05 17:31:21] [process_single_sorry] Copying projects file from intermediate_experiment_outputs_full_reservoir_3_months/aristotle_aggregated_after_status_rerun/aristotle_projects.json...
[2026-05-05 17:31:22] [process_single_sorry] Projects file uploaded successfully
[2026-05-05 17:31:22] [process_single_sorry] Executing agent command with concurrent polling...
[2026-05-05 17:53:55] [poll] Result file detected at /root/repo/result.json
[2026-05-05 17:53:55] [process_single_sorry] Result file detected via polling (aexec still running)
[2026-05-05 17:53:56] [process_single_sorry] Downloaded run.log to intermediate_experiment_outputs_full_reservoir_3_months/aristotle/2026-05-05_15-48-55_aristotle_collect/logs/remote_morph_logs/4e59025376eb033336e3ff2c399fb60ed8c99744e198e691eddefdf2df9e11ae_attempt_1_run.log
[2026-05-05 17:53:56] [process_single_sorry] Downloading result file...
[2026-05-05 17:53:56] [process_single_sorry] Downloaded result to intermediate_experiment_outputs_full_reservoir_3_months/aristotle/2026-05-05_15-48-55_aristotle_collect/individual/4e59025376eb033336e3ff2c399fb60ed8c99744e198e691eddefdf2df9e11ae.json
[2026-05-05 17:54:00] [process_single_sorry] Instance context closed successfully
[2026-05-05 17:54:00] [process_single_sorry] Parsing result file...
[2026-05-05 17:54:00] [process_single_sorry] Successfully parsed result (list format, 1 results)
