[2026-05-05 17:47:27] [process_single_sorry] Starting for sorry 51b2625b27dd0b10e794868c55870003e3cab5ade79f586b0ae53cebba26c1b3
[2026-05-05 17:47:27] [process_single_sorry] Using snapshot: snapshot_30zlmegf
[2026-05-05 17:47:27] [process_single_sorry] Repository: https://github.com/VCA-EPFL/graphiti@3285ca701a33477bbd2a3ac954584439d80db747
[2026-05-05 17:47:27] [process_single_sorry] Instance name: graphiti_3285ca701a33_aristotle_collect_51b2625b27dd0b10e794868c55870003e3cab5ade79f586b0ae53cebba26c1b3
[2026-05-05 17:47:27] [process_single_sorry] Starting attempt 1/4
[2026-05-05 17:47:27] [process_single_sorry] Starting instance from snapshot...
[2026-05-05 17:47:27] [process_single_sorry] Instance started successfully: morphvm_x407th7m
[2026-05-05 17:47:27] [process_single_sorry] Creating .env file...
[2026-05-05 17:47:27] [process_single_sorry] Copying GCP credentials from goedel_vertex_key.json...
[2026-05-05 17:47:32] [process_single_sorry] GCP key file uploaded successfully
[2026-05-05 17:47:32] [process_single_sorry] .env file created (exit_code: 0)
[2026-05-05 17:47:32] [process_single_sorry] Copying projects file from intermediate_experiment_outputs_full_reservoir_3_months/aristotle_aggregated_after_status_rerun/aristotle_projects.json...
[2026-05-05 17:47:33] [process_single_sorry] Projects file uploaded successfully
[2026-05-05 17:47:33] [process_single_sorry] Executing agent command with concurrent polling...
[2026-05-05 17:59:58] [poll] Result file detected at /root/repo/result.json
[2026-05-05 17:59:58] [process_single_sorry] Result file detected via polling (aexec still running)
[2026-05-05 17:59:58] [process_single_sorry] Downloaded run.log to intermediate_experiment_outputs_full_reservoir_3_months/aristotle/2026-05-05_15-48-55_aristotle_collect/logs/remote_morph_logs/51b2625b27dd0b10e794868c55870003e3cab5ade79f586b0ae53cebba26c1b3_attempt_1_run.log
[2026-05-05 17:59:58] [process_single_sorry] Downloading result file...
[2026-05-05 17:59:58] [process_single_sorry] Downloaded result to intermediate_experiment_outputs_full_reservoir_3_months/aristotle/2026-05-05_15-48-55_aristotle_collect/individual/51b2625b27dd0b10e794868c55870003e3cab5ade79f586b0ae53cebba26c1b3.json
[2026-05-05 18:00:02] [process_single_sorry] Instance context closed successfully
[2026-05-05 18:00:02] [process_single_sorry] Parsing result file...
[2026-05-05 18:00:02] [process_single_sorry] Successfully parsed result (list format, 1 results)
