[2026-05-05 17:43:38] [process_single_sorry] Starting for sorry 5d812cee307a5dd6a4bdee52d764ec9c6caf1c4e2e54ef8ed72a59c7377166ec
[2026-05-05 17:43:38] [process_single_sorry] Using snapshot: snapshot_htqo2kmn
[2026-05-05 17:43:38] [process_single_sorry] Repository: https://github.com/Timeroot/Lean-QuantumInfo@6099da24305d6ca71df680ccada8f91d026cb604
[2026-05-05 17:43:38] [process_single_sorry] Instance name: Lean-QuantumInfo_6099da24305d_aristotle_collect_5d812cee307a5dd6a4bdee52d764ec9c6caf1c4e2e54ef8ed72a59c7377166ec
[2026-05-05 17:43:38] [process_single_sorry] Starting attempt 1/4
[2026-05-05 17:43:38] [process_single_sorry] Starting instance from snapshot...
[2026-05-05 17:43:38] [process_single_sorry] Instance started successfully: morphvm_6y7gmhya
[2026-05-05 17:43:38] [process_single_sorry] Creating .env file...
[2026-05-05 17:43:38] [process_single_sorry] Copying GCP credentials from goedel_vertex_key.json...
[2026-05-05 17:43:47] [process_single_sorry] GCP key file uploaded successfully
[2026-05-05 17:43:48] [process_single_sorry] .env file created (exit_code: 0)
[2026-05-05 17:43:48] [process_single_sorry] Copying projects file from intermediate_experiment_outputs_full_reservoir_3_months/aristotle_aggregated_after_status_rerun/aristotle_projects.json...
[2026-05-05 17:43:50] [process_single_sorry] Projects file uploaded successfully
[2026-05-05 17:43:50] [process_single_sorry] Executing agent command with concurrent polling...
[2026-05-05 17:57:01] [poll] Result file detected at /root/repo/result.json
[2026-05-05 17:57:01] [process_single_sorry] Result file detected via polling (aexec still running)
[2026-05-05 17:57:02] [process_single_sorry] Downloaded run.log to intermediate_experiment_outputs_full_reservoir_3_months/aristotle/2026-05-05_15-48-55_aristotle_collect/logs/remote_morph_logs/5d812cee307a5dd6a4bdee52d764ec9c6caf1c4e2e54ef8ed72a59c7377166ec_attempt_1_run.log
[2026-05-05 17:57:02] [process_single_sorry] Downloading result file...
[2026-05-05 17:57:02] [process_single_sorry] Downloaded result to intermediate_experiment_outputs_full_reservoir_3_months/aristotle/2026-05-05_15-48-55_aristotle_collect/individual/5d812cee307a5dd6a4bdee52d764ec9c6caf1c4e2e54ef8ed72a59c7377166ec.json
[2026-05-05 17:57:05] [process_single_sorry] Instance context closed successfully
[2026-05-05 17:57:05] [process_single_sorry] Parsing result file...
[2026-05-05 17:57:05] [process_single_sorry] Successfully parsed result (list format, 1 results)
