[2026-05-05 17:54:00] [process_single_sorry] Starting for sorry 8dc2b91210a7689378a597bf8db5b60494fbb67ee508e85a1e7ee7b384a893c3
[2026-05-05 17:54:00] [process_single_sorry] Using snapshot: snapshot_pl4bpf9z
[2026-05-05 17:54:00] [process_single_sorry] Repository: https://github.com/Verified-zkEVM/ArkLib@f04465d1faac1b46505a53fa5af90cfa223ad823
[2026-05-05 17:54:00] [process_single_sorry] Instance name: ArkLib_f04465d1faac_aristotle_collect_8dc2b91210a7689378a597bf8db5b60494fbb67ee508e85a1e7ee7b384a893c3
[2026-05-05 17:54:00] [process_single_sorry] Starting attempt 1/4
[2026-05-05 17:54:00] [process_single_sorry] Starting instance from snapshot...
[2026-05-05 17:54:01] [process_single_sorry] Instance started successfully: morphvm_6jg4icuv
[2026-05-05 17:54:01] [process_single_sorry] Creating .env file...
[2026-05-05 17:54:01] [process_single_sorry] Copying GCP credentials from goedel_vertex_key.json...
[2026-05-05 17:54:10] [process_single_sorry] GCP key file uploaded successfully
[2026-05-05 17:54:11] [process_single_sorry] .env file created (exit_code: 0)
[2026-05-05 17:54:11] [process_single_sorry] Copying projects file from intermediate_experiment_outputs_full_reservoir_3_months/aristotle_aggregated_after_status_rerun/aristotle_projects.json...
[2026-05-05 17:54:12] [process_single_sorry] Projects file uploaded successfully
[2026-05-05 17:54:12] [process_single_sorry] Executing agent command with concurrent polling...
[2026-05-05 18:12:38] [poll] Result file detected at /root/repo/result.json
[2026-05-05 18:12:38] [process_single_sorry] Result file detected via polling (aexec still running)
[2026-05-05 18:12:43] [process_single_sorry] Downloaded run.log to intermediate_experiment_outputs_full_reservoir_3_months/aristotle/2026-05-05_15-48-55_aristotle_collect/logs/remote_morph_logs/8dc2b91210a7689378a597bf8db5b60494fbb67ee508e85a1e7ee7b384a893c3_attempt_1_run.log
[2026-05-05 18:12:43] [process_single_sorry] Downloading result file...
[2026-05-05 18:12:54] [process_single_sorry] Downloaded result to intermediate_experiment_outputs_full_reservoir_3_months/aristotle/2026-05-05_15-48-55_aristotle_collect/individual/8dc2b91210a7689378a597bf8db5b60494fbb67ee508e85a1e7ee7b384a893c3.json
[2026-05-05 18:12:58] [process_single_sorry] Instance context closed successfully
[2026-05-05 18:12:58] [process_single_sorry] Parsing result file...
[2026-05-05 18:12:58] [process_single_sorry] Successfully parsed result (list format, 1 results)
