[2026-05-05 18:42:38] [process_single_sorry] Starting for sorry 8e35c2804822a0206da570983b4de0c91ca50f266a74c1b38c340356d60e03b2
[2026-05-05 18:42:38] [process_single_sorry] Using snapshot: snapshot_7zs9ph4j
[2026-05-05 18:42:38] [process_single_sorry] Repository: https://github.com/apnelson1/Matroid@3d4d082a70e17cc7ed1db37a316b7525e8f5f437
[2026-05-05 18:42:38] [process_single_sorry] Instance name: Matroid_3d4d082a70e1_aristotle_collect_8e35c2804822a0206da570983b4de0c91ca50f266a74c1b38c340356d60e03b2
[2026-05-05 18:42:38] [process_single_sorry] Starting attempt 1/4
[2026-05-05 18:42:38] [process_single_sorry] Starting instance from snapshot...
[2026-05-05 18:42:38] [process_single_sorry] Instance started successfully: morphvm_9bsauozz
[2026-05-05 18:42:38] [process_single_sorry] Creating .env file...
[2026-05-05 18:42:38] [process_single_sorry] Copying GCP credentials from goedel_vertex_key.json...
[2026-05-05 18:42:42] [process_single_sorry] GCP key file uploaded successfully
[2026-05-05 18:42:43] [process_single_sorry] .env file created (exit_code: 0)
[2026-05-05 18:42:43] [process_single_sorry] Copying projects file from intermediate_experiment_outputs_full_reservoir_3_months/aristotle_aggregated_after_status_rerun/aristotle_projects.json...
[2026-05-05 18:42:44] [process_single_sorry] Projects file uploaded successfully
[2026-05-05 18:42:44] [process_single_sorry] Executing agent command with concurrent polling...
[2026-05-05 18:57:08] [poll] Result file detected at /root/repo/result.json
[2026-05-05 18:57:08] [process_single_sorry] Result file detected via polling (aexec still running)
[2026-05-05 18:57:08] [process_single_sorry] Downloaded run.log to intermediate_experiment_outputs_full_reservoir_3_months/aristotle/2026-05-05_15-48-55_aristotle_collect/logs/remote_morph_logs/8e35c2804822a0206da570983b4de0c91ca50f266a74c1b38c340356d60e03b2_attempt_1_run.log
[2026-05-05 18:57:08] [process_single_sorry] Downloading result file...
[2026-05-05 18:57:08] [process_single_sorry] Downloaded result to intermediate_experiment_outputs_full_reservoir_3_months/aristotle/2026-05-05_15-48-55_aristotle_collect/individual/8e35c2804822a0206da570983b4de0c91ca50f266a74c1b38c340356d60e03b2.json
[2026-05-05 18:57:13] [process_single_sorry] Instance context closed successfully
[2026-05-05 18:57:13] [process_single_sorry] Parsing result file...
[2026-05-05 18:57:13] [process_single_sorry] Successfully parsed result (list format, 1 results)
