[2026-05-05 21:39:48] [process_single_sorry] Starting for sorry 91800842227bc99f1e74501ca190d447e77c3782f2395309bf1d1b086a0967fb
[2026-05-05 21:39:48] [process_single_sorry] Using snapshot: snapshot_qjrdlr68
[2026-05-05 21:39:48] [process_single_sorry] Repository: https://github.com/Clap-lang/clap-lean@025e765b56422a3da558fce043d95cc0cbf45038
[2026-05-05 21:39:48] [process_single_sorry] Instance name: clap-lean_025e765b5642_aristotle_collect_91800842227bc99f1e74501ca190d447e77c3782f2395309bf1d1b086a0967fb
[2026-05-05 21:39:48] [process_single_sorry] Starting attempt 1/4
[2026-05-05 21:39:48] [process_single_sorry] Starting instance from snapshot...
[2026-05-05 21:39:51] [process_single_sorry] Instance started successfully: morphvm_rh515ljl
[2026-05-05 21:39:51] [process_single_sorry] Creating .env file...
[2026-05-05 21:39:51] [process_single_sorry] Copying GCP credentials from goedel_vertex_key.json...
[2026-05-05 21:39:58] [process_single_sorry] GCP key file uploaded successfully
[2026-05-05 21:39:59] [process_single_sorry] .env file created (exit_code: 0)
[2026-05-05 21:39:59] [process_single_sorry] Copying projects file from intermediate_experiment_outputs_full_reservoir_3_months/aristotle_aggregated_after_status_rerun/aristotle_projects.json...
[2026-05-05 21:39:59] [process_single_sorry] Projects file uploaded successfully
[2026-05-05 21:39:59] [process_single_sorry] Executing agent command with concurrent polling...
[2026-05-05 21:51:17] [poll] Result file detected at /root/repo/result.json
[2026-05-05 21:51:17] [process_single_sorry] Result file detected via polling (aexec still running)
[2026-05-05 21:51:17] [process_single_sorry] Downloaded run.log to intermediate_experiment_outputs_full_reservoir_3_months/aristotle/2026-05-05_15-48-55_aristotle_collect/logs/remote_morph_logs/91800842227bc99f1e74501ca190d447e77c3782f2395309bf1d1b086a0967fb_attempt_1_run.log
[2026-05-05 21:51:17] [process_single_sorry] Downloading result file...
[2026-05-05 21:51:18] [process_single_sorry] Downloaded result to intermediate_experiment_outputs_full_reservoir_3_months/aristotle/2026-05-05_15-48-55_aristotle_collect/individual/91800842227bc99f1e74501ca190d447e77c3782f2395309bf1d1b086a0967fb.json
[2026-05-05 21:51:21] [process_single_sorry] Instance context closed successfully
[2026-05-05 21:51:21] [process_single_sorry] Parsing result file...
[2026-05-05 21:51:21] [process_single_sorry] Successfully parsed result (list format, 1 results)
