[2026-05-05 16:45:33] [process_single_sorry] Starting for sorry bd461ed93430d58485ec02d7f122b07e160bd56332d35789392bad88913bec82
[2026-05-05 16:45:33] [process_single_sorry] Using snapshot: snapshot_9blozqaz
[2026-05-05 16:45:33] [process_single_sorry] Repository: https://github.com/Bergschaf/lean-banach-tarski@1c6bf6edb1dff258a7967a51986f7139bf89a51b
[2026-05-05 16:45:33] [process_single_sorry] Instance name: lean-banach-tarski_1c6bf6edb1df_aristotle_collect_bd461ed93430d58485ec02d7f122b07e160bd56332d35789392bad88913bec82
[2026-05-05 16:45:33] [process_single_sorry] Starting attempt 1/4
[2026-05-05 16:45:33] [process_single_sorry] Starting instance from snapshot...
[2026-05-05 16:45:37] [process_single_sorry] Instance started successfully: morphvm_czppnkox
[2026-05-05 16:45:37] [process_single_sorry] Creating .env file...
[2026-05-05 16:45:37] [process_single_sorry] Copying GCP credentials from goedel_vertex_key.json...
[2026-05-05 16:45:49] [process_single_sorry] GCP key file uploaded successfully
[2026-05-05 16:45:50] [process_single_sorry] .env file created (exit_code: 0)
[2026-05-05 16:45:50] [process_single_sorry] Copying projects file from intermediate_experiment_outputs_full_reservoir_3_months/aristotle_aggregated_after_status_rerun/aristotle_projects.json...
[2026-05-05 16:45:50] [process_single_sorry] Projects file uploaded successfully
[2026-05-05 16:45:50] [process_single_sorry] Executing agent command with concurrent polling...
[2026-05-05 17:01:23] [poll] Result file detected at /root/repo/result.json
[2026-05-05 17:01:23] [process_single_sorry] Result file detected via polling (aexec still running)
[2026-05-05 17:01:23] [process_single_sorry] Downloaded run.log to intermediate_experiment_outputs_full_reservoir_3_months/aristotle/2026-05-05_15-48-55_aristotle_collect/logs/remote_morph_logs/bd461ed93430d58485ec02d7f122b07e160bd56332d35789392bad88913bec82_attempt_1_run.log
[2026-05-05 17:01:23] [process_single_sorry] Downloading result file...
[2026-05-05 17:01:24] [process_single_sorry] Downloaded result to intermediate_experiment_outputs_full_reservoir_3_months/aristotle/2026-05-05_15-48-55_aristotle_collect/individual/bd461ed93430d58485ec02d7f122b07e160bd56332d35789392bad88913bec82.json
[2026-05-05 17:01:28] [process_single_sorry] Instance context closed successfully
[2026-05-05 17:01:28] [process_single_sorry] Parsing result file...
[2026-05-05 17:01:28] [process_single_sorry] Successfully parsed result (list format, 1 results)
