[2026-05-05 20:39:31] [process_single_sorry] Starting for sorry c86decd97004f8de7218a0cb3643f62bd7e1224dd35a7db828867b3dc24b180b
[2026-05-05 20:39:31] [process_single_sorry] Using snapshot: snapshot_halt6wmg
[2026-05-05 20:39:31] [process_single_sorry] Repository: https://github.com/peabrainiac/lean-catdg@b583ce5eab44bf8d0dcde6ee5986df0658af8419
[2026-05-05 20:39:31] [process_single_sorry] Instance name: lean-catdg_b583ce5eab44_aristotle_collect_c86decd97004f8de7218a0cb3643f62bd7e1224dd35a7db828867b3dc24b180b
[2026-05-05 20:39:31] [process_single_sorry] Starting attempt 1/4
[2026-05-05 20:39:31] [process_single_sorry] Starting instance from snapshot...
[2026-05-05 20:39:32] [process_single_sorry] Instance started successfully: morphvm_iuwpk6my
[2026-05-05 20:39:32] [process_single_sorry] Creating .env file...
[2026-05-05 20:39:32] [process_single_sorry] Copying GCP credentials from goedel_vertex_key.json...
[2026-05-05 20:39:37] [process_single_sorry] GCP key file uploaded successfully
[2026-05-05 20:39:37] [process_single_sorry] .env file created (exit_code: 0)
[2026-05-05 20:39:37] [process_single_sorry] Copying projects file from intermediate_experiment_outputs_full_reservoir_3_months/aristotle_aggregated_after_status_rerun/aristotle_projects.json...
[2026-05-05 20:39:37] [process_single_sorry] Projects file uploaded successfully
[2026-05-05 20:39:37] [process_single_sorry] Executing agent command with concurrent polling...
[2026-05-05 20:46:46] [poll] Result file detected at /root/repo/result.json
[2026-05-05 20:46:46] [process_single_sorry] Result file detected via polling (aexec still running)
[2026-05-05 20:46:47] [process_single_sorry] Downloaded run.log to intermediate_experiment_outputs_full_reservoir_3_months/aristotle/2026-05-05_15-48-55_aristotle_collect/logs/remote_morph_logs/c86decd97004f8de7218a0cb3643f62bd7e1224dd35a7db828867b3dc24b180b_attempt_1_run.log
[2026-05-05 20:46:47] [process_single_sorry] Downloading result file...
[2026-05-05 20:46:48] [process_single_sorry] Downloaded result to intermediate_experiment_outputs_full_reservoir_3_months/aristotle/2026-05-05_15-48-55_aristotle_collect/individual/c86decd97004f8de7218a0cb3643f62bd7e1224dd35a7db828867b3dc24b180b.json
[2026-05-05 20:46:52] [process_single_sorry] Instance context closed successfully
[2026-05-05 20:46:52] [process_single_sorry] Parsing result file...
[2026-05-05 20:46:52] [process_single_sorry] Successfully parsed result (list format, 1 results)
