[2026-05-05 18:50:09] [process_single_sorry] Starting for sorry ddc2623611d6e9762f6402a67259ab91a7fbbe97016005e2ee819690339c0e74
[2026-05-05 18:50:09] [process_single_sorry] Using snapshot: snapshot_bcvylx9v
[2026-05-05 18:50:09] [process_single_sorry] Repository: https://github.com/arademaker/fad@ac40e4faf3b1252bc943676314449c22b5af3c9d
[2026-05-05 18:50:09] [process_single_sorry] Instance name: fad_ac40e4faf3b1_aristotle_collect_ddc2623611d6e9762f6402a67259ab91a7fbbe97016005e2ee819690339c0e74
[2026-05-05 18:50:09] [process_single_sorry] Starting attempt 1/4
[2026-05-05 18:50:09] [process_single_sorry] Starting instance from snapshot...
[2026-05-05 18:50:10] [process_single_sorry] Instance started successfully: morphvm_omsf8iex
[2026-05-05 18:50:10] [process_single_sorry] Creating .env file...
[2026-05-05 18:50:10] [process_single_sorry] Copying GCP credentials from goedel_vertex_key.json...
[2026-05-05 18:50:12] [process_single_sorry] GCP key file uploaded successfully
[2026-05-05 18:50:12] [process_single_sorry] .env file created (exit_code: 0)
[2026-05-05 18:50:12] [process_single_sorry] Copying projects file from intermediate_experiment_outputs_full_reservoir_3_months/aristotle_aggregated_after_status_rerun/aristotle_projects.json...
[2026-05-05 18:50:13] [process_single_sorry] Projects file uploaded successfully
[2026-05-05 18:50:13] [process_single_sorry] Executing agent command with concurrent polling...
[2026-05-05 19:01:23] [poll] Result file detected at /root/repo/result.json
[2026-05-05 19:01:23] [process_single_sorry] Result file detected via polling (aexec still running)
[2026-05-05 19:01:23] [process_single_sorry] Downloaded run.log to intermediate_experiment_outputs_full_reservoir_3_months/aristotle/2026-05-05_15-48-55_aristotle_collect/logs/remote_morph_logs/ddc2623611d6e9762f6402a67259ab91a7fbbe97016005e2ee819690339c0e74_attempt_1_run.log
[2026-05-05 19:01:23] [process_single_sorry] Downloading result file...
[2026-05-05 19:01:23] [process_single_sorry] Downloaded result to intermediate_experiment_outputs_full_reservoir_3_months/aristotle/2026-05-05_15-48-55_aristotle_collect/individual/ddc2623611d6e9762f6402a67259ab91a7fbbe97016005e2ee819690339c0e74.json
[2026-05-05 19:01:28] [process_single_sorry] Instance context closed successfully
[2026-05-05 19:01:28] [process_single_sorry] Parsing result file...
[2026-05-05 19:01:28] [process_single_sorry] Successfully parsed result (list format, 1 results)
